no change     /oak/stanford/orgs/kipac/users/delon/miniconda3/condabin/conda
no change     /oak/stanford/orgs/kipac/users/delon/miniconda3/bin/conda
no change     /oak/stanford/orgs/kipac/users/delon/miniconda3/bin/conda-env
no change     /oak/stanford/orgs/kipac/users/delon/miniconda3/bin/activate
no change     /oak/stanford/orgs/kipac/users/delon/miniconda3/bin/deactivate
no change     /oak/stanford/orgs/kipac/users/delon/miniconda3/etc/profile.d/conda.sh
no change     /oak/stanford/orgs/kipac/users/delon/miniconda3/etc/fish/conf.d/conda.fish
no change     /oak/stanford/orgs/kipac/users/delon/miniconda3/shell/condabin/Conda.psm1
no change     /oak/stanford/orgs/kipac/users/delon/miniconda3/shell/condabin/conda-hook.ps1
no change     /oak/stanford/orgs/kipac/users/delon/miniconda3/lib/python3.10/site-packages/xontrib/conda.xsh
no change     /oak/stanford/orgs/kipac/users/delon/miniconda3/etc/profile.d/conda.csh
no change     /home/users/delon/.bashrc
No action taken.
16
2058203
2058203
redshift 3.0
3962846
3962846
redshift 2.3038301302700224
6017895
6017895
redshift 1.7288182306888356
leftlog10 13.0
sumN 72510.0
N [2.7299e+04 1.7886e+04 1.1497e+04 7.0100e+03 4.0840e+03 2.2970e+03
 1.2930e+03 6.4000e+02 2.9600e+02 1.2700e+02 6.0000e+01 1.2000e+01
 5.0000e+00 3.0000e+00 0.0000e+00 1.0000e+00 0.0000e+00 0.0000e+00
 0.0000e+00 0.0000e+00 0.0000e+00 0.0000e+00 0.0000e+00 0.0000e+00
 0.0000e+00]
edges [13.  13.1 13.2 13.3 13.4 13.5 13.6 13.7 13.8 13.9 14.  14.1 14.2 14.3
 14.4 14.5 14.6 14.7 14.8 14.9 15.  15.1 15.2 15.3 15.4 15.5]
after adaptive [2.7299e+04 1.7886e+04 1.1497e+04 7.0100e+03 4.0840e+03 2.2970e+03
 1.2930e+03 6.4000e+02 2.9600e+02 1.2700e+02 6.0000e+01 2.1000e+01]
6943649
6943649
redshift 1.4800111104497748
leftlog10 13.0
sumN 115760.0
N [3.9959e+04 2.7662e+04 1.8545e+04 1.2023e+04 7.5370e+03 4.5340e+03
 2.5720e+03 1.4780e+03 8.0500e+02 3.5800e+02 1.7400e+02 8.5000e+01
 1.6000e+01 7.0000e+00 3.0000e+00 1.0000e+00 1.0000e+00 0.0000e+00
 0.0000e+00 0.0000e+00 0.0000e+00 0.0000e+00 0.0000e+00 0.0000e+00
 0.0000e+00 0.0000e+00]
edges [13.  13.1 13.2 13.3 13.4 13.5 13.6 13.7 13.8 13.9 14.  14.1 14.2 14.3
 14.4 14.5 14.6 14.7 14.8 14.9 15.  15.1 15.2 15.3 15.4 15.5 15.6]
after adaptive [3.9959e+04 2.7662e+04 1.8545e+04 1.2023e+04 7.5370e+03 4.5340e+03
 2.5720e+03 1.4780e+03 8.0500e+02 3.5800e+02 1.7400e+02 8.5000e+01
 2.8000e+01]
8400203
8400203
redshift 1.0483786059144884
leftlog10 13.0
sumN 233315.0
N [7.0547e+04 5.1790e+04 3.6608e+04 2.5656e+04 1.7647e+04 1.1857e+04
 7.7080e+03 4.9740e+03 2.9430e+03 1.7480e+03 9.3700e+02 4.9100e+02
 2.4700e+02 1.0300e+02 4.2000e+01 9.0000e+00 4.0000e+00 4.0000e+00
 0.0000e+00 0.0000e+00 0.0000e+00 0.0000e+00 0.0000e+00 0.0000e+00
 0.0000e+00 0.0000e+00 0.0000e+00]
edges [13.  13.1 13.2 13.3 13.4 13.5 13.6 13.7 13.8 13.9 14.  14.1 14.2 14.3
 14.4 14.5 14.6 14.7 14.8 14.9 15.  15.1 15.2 15.3 15.4 15.5 15.6 15.7]
after adaptive [7.0547e+04 5.1790e+04 3.6608e+04 2.5656e+04 1.7647e+04 1.1857e+04
 7.7080e+03 4.9740e+03 2.9430e+03 1.7480e+03 9.3700e+02 4.9100e+02
 2.4700e+02 1.0300e+02 5.9000e+01]
8670100
8670100
redshift 0.9527626709887815
leftlog10 13.0
sumN 267222.0
N [7.8425e+04 5.8055e+04 4.1684e+04 2.9723e+04 2.0709e+04 1.4186e+04
 9.4590e+03 6.1890e+03 3.8540e+03 2.3020e+03 1.3020e+03 6.6800e+02
 3.7600e+02 1.8500e+02 7.0000e+01 2.2000e+01 8.0000e+00 3.0000e+00
 2.0000e+00 0.0000e+00 0.0000e+00 0.0000e+00 0.0000e+00 0.0000e+00
 0.0000e+00 0.0000e+00 0.0000e+00 0.0000e+00]
edges [13.  13.1 13.2 13.3 13.4 13.5 13.6 13.7 13.8 13.9 14.  14.1 14.2 14.3
 14.4 14.5 14.6 14.7 14.8 14.9 15.  15.1 15.2 15.3 15.4 15.5 15.6 15.7
 15.8]
after adaptive [7.8425e+04 5.8055e+04 4.1684e+04 2.9723e+04 2.0709e+04 1.4186e+04
 9.4590e+03 6.1890e+03 3.8540e+03 2.3020e+03 1.3020e+03 6.6800e+02
 3.7600e+02 1.8500e+02 7.0000e+01 3.5000e+01]
8907465
8907465
redshift 0.8616115226306804
leftlog10 13.0
sumN 302077.0
N [8.6074e+04 6.4440e+04 4.6719e+04 3.3919e+04 2.3799e+04 1.6864e+04
 1.1340e+04 7.3720e+03 4.9340e+03 2.9270e+03 1.7620e+03 9.5100e+02
 5.3100e+02 2.6400e+02 1.1600e+02 3.9000e+01 1.7000e+01 5.0000e+00
 4.0000e+00 0.0000e+00 0.0000e+00 0.0000e+00 0.0000e+00 0.0000e+00
 0.0000e+00 0.0000e+00 0.0000e+00 0.0000e+00]
edges [13.  13.1 13.2 13.3 13.4 13.5 13.6 13.7 13.8 13.9 14.  14.1 14.2 14.3
 14.4 14.5 14.6 14.7 14.8 14.9 15.  15.1 15.2 15.3 15.4 15.5 15.6 15.7
 15.8]
after adaptive [8.6074e+04 6.4440e+04 4.6719e+04 3.3919e+04 2.3799e+04 1.6864e+04
 1.1340e+04 7.3720e+03 4.9340e+03 2.9270e+03 1.7620e+03 9.5100e+02
 5.3100e+02 2.6400e+02 1.1600e+02 3.9000e+01 2.6000e+01]
9108569
9108569
redshift 0.7747142266416549
leftlog10 13.0
sumN 337281.0
N [9.3530e+04 7.0679e+04 5.1599e+04 3.8087e+04 2.7092e+04 1.9384e+04
 1.3484e+04 8.7910e+03 5.9190e+03 3.7220e+03 2.2900e+03 1.2850e+03
 7.3200e+02 3.9400e+02 1.7500e+02 7.6000e+01 3.0000e+01 6.0000e+00
 3.0000e+00 3.0000e+00 0.0000e+00 0.0000e+00 0.0000e+00 0.0000e+00
 0.0000e+00 0.0000e+00 0.0000e+00 0.0000e+00 0.0000e+00]
edges [13.  13.1 13.2 13.3 13.4 13.5 13.6 13.7 13.8 13.9 14.  14.1 14.2 14.3
 14.4 14.5 14.6 14.7 14.8 14.9 15.  15.1 15.2 15.3 15.4 15.5 15.6 15.7
 15.8 15.9]
after adaptive [9.3530e+04 7.0679e+04 5.1599e+04 3.8087e+04 2.7092e+04 1.9384e+04
 1.3484e+04 8.7910e+03 5.9190e+03 3.7220e+03 2.2900e+03 1.2850e+03
 7.3200e+02 3.9400e+02 1.7500e+02 7.6000e+01 4.2000e+01]
9274381
9274381
redshift 0.691872750866662
leftlog10 13.0
sumN 372506.0
N [1.0033e+05 7.6673e+04 5.6689e+04 4.2309e+04 3.0361e+04 2.2011e+04
 1.5491e+04 1.0422e+04 7.0940e+03 4.5980e+03 2.8170e+03 1.7370e+03
 9.4200e+02 5.6300e+02 2.8600e+02 1.0800e+02 5.0000e+01 1.7000e+01
 4.0000e+00 3.0000e+00 1.0000e+00 0.0000e+00 0.0000e+00 0.0000e+00
 0.0000e+00 0.0000e+00 0.0000e+00 0.0000e+00 0.0000e+00 0.0000e+00]
edges [13.  13.1 13.2 13.3 13.4 13.5 13.6 13.7 13.8 13.9 14.  14.1 14.2 14.3
 14.4 14.5 14.6 14.7 14.8 14.9 15.  15.1 15.2 15.3 15.4 15.5 15.6 15.7
 15.8 15.9 16. ]
after adaptive [1.0033e+05 7.6673e+04 5.6689e+04 4.2309e+04 3.0361e+04 2.2011e+04
 1.5491e+04 1.0422e+04 7.0940e+03 4.5980e+03 2.8170e+03 1.7370e+03
 9.4200e+02 5.6300e+02 2.8600e+02 1.0800e+02 5.0000e+01 2.5000e+01]
9410907
9410907
redshift 0.6128980229096033
leftlog10 13.0
sumN 407504.0
N [1.06987e+05 8.25400e+04 6.14590e+04 4.61400e+04 3.38620e+04 2.45760e+04
 1.76630e+04 1.22280e+04 8.24500e+03 5.38100e+03 3.58200e+03 2.14600e+03
 1.26600e+03 7.16000e+02 4.11000e+02 1.81000e+02 7.70000e+01 2.80000e+01
 1.00000e+01 5.00000e+00 1.00000e+00 0.00000e+00 0.00000e+00 0.00000e+00
 0.00000e+00 0.00000e+00 0.00000e+00 0.00000e+00 0.00000e+00 0.00000e+00]
edges [13.  13.1 13.2 13.3 13.4 13.5 13.6 13.7 13.8 13.9 14.  14.1 14.2 14.3
 14.4 14.5 14.6 14.7 14.8 14.9 15.  15.1 15.2 15.3 15.4 15.5 15.6 15.7
 15.8 15.9 16. ]
after adaptive [1.06987e+05 8.25400e+04 6.14590e+04 4.61400e+04 3.38620e+04 2.45760e+04
 1.76630e+04 1.22280e+04 8.24500e+03 5.38100e+03 3.58200e+03 2.14600e+03
 1.26600e+03 7.16000e+02 4.11000e+02 1.81000e+02 7.70000e+01 4.40000e+01]
9521432
9521432
redshift 0.5376099391106464
leftlog10 13.0
sumN 441785.0
N [1.12936e+05 8.82720e+04 6.59730e+04 5.00020e+04 3.71600e+04 2.72370e+04
 1.97010e+04 1.40830e+04 9.56500e+03 6.37100e+03 4.26600e+03 2.69400e+03
 1.58800e+03 9.28000e+02 5.49000e+02 2.71000e+02 1.09000e+02 5.10000e+01
 1.90000e+01 7.00000e+00 3.00000e+00 0.00000e+00 0.00000e+00 0.00000e+00
 0.00000e+00 0.00000e+00 0.00000e+00 0.00000e+00 0.00000e+00 0.00000e+00]
edges [13.  13.1 13.2 13.3 13.4 13.5 13.6 13.7 13.8 13.9 14.  14.1 14.2 14.3
 14.4 14.5 14.6 14.7 14.8 14.9 15.  15.1 15.2 15.3 15.4 15.5 15.6 15.7
 15.8 15.9 16. ]
after adaptive [1.12936e+05 8.82720e+04 6.59730e+04 5.00020e+04 3.71600e+04 2.72370e+04
 1.97010e+04 1.40830e+04 9.56500e+03 6.37100e+03 4.26600e+03 2.69400e+03
 1.58800e+03 9.28000e+02 5.49000e+02 2.71000e+02 1.09000e+02 5.10000e+01
 2.90000e+01]
9665712
9665712
redshift 0.3974131088528914
leftlog10 13.0
sumN 508077.0
N [1.25269e+05 9.72020e+04 7.50150e+04 5.72900e+04 4.31680e+04 3.23470e+04
 2.39110e+04 1.73590e+04 1.24760e+04 8.70300e+03 5.81100e+03 3.82700e+03
 2.40700e+03 1.52400e+03 8.38000e+02 4.86000e+02 2.55000e+02 1.15000e+02
 4.50000e+01 1.40000e+01 1.10000e+01 3.00000e+00 1.00000e+00 0.00000e+00
 0.00000e+00 0.00000e+00 0.00000e+00 0.00000e+00 0.00000e+00 0.00000e+00
 0.00000e+00 0.00000e+00]
edges [13.  13.1 13.2 13.3 13.4 13.5 13.6 13.7 13.8 13.9 14.  14.1 14.2 14.3
 14.4 14.5 14.6 14.7 14.8 14.9 15.  15.1 15.2 15.3 15.4 15.5 15.6 15.7
 15.8 15.9 16.  16.1 16.2]
after adaptive [1.25269e+05 9.72020e+04 7.50150e+04 5.72900e+04 4.31680e+04 3.23470e+04
 2.39110e+04 1.73590e+04 1.24760e+04 8.70300e+03 5.81100e+03 3.82700e+03
 2.40700e+03 1.52400e+03 8.38000e+02 4.86000e+02 2.55000e+02 1.15000e+02
 4.50000e+01 2.90000e+01]
9734113
9734113
redshift 0.26999931420037027
leftlog10 13.0
sumN 568999.0
N [1.34279e+05 1.06123e+05 8.23750e+04 6.43960e+04 4.87230e+04 3.75010e+04
 2.76600e+04 2.07610e+04 1.51630e+04 1.08580e+04 7.54800e+03 5.19400e+03
 3.34900e+03 2.15300e+03 1.33300e+03 7.68000e+02 4.24000e+02 2.18000e+02
 1.02000e+02 4.30000e+01 1.30000e+01 1.20000e+01 1.00000e+00 2.00000e+00
 0.00000e+00 0.00000e+00 0.00000e+00 0.00000e+00 0.00000e+00 0.00000e+00
 0.00000e+00 0.00000e+00 0.00000e+00]
edges [13.  13.1 13.2 13.3 13.4 13.5 13.6 13.7 13.8 13.9 14.  14.1 14.2 14.3
 14.4 14.5 14.6 14.7 14.8 14.9 15.  15.1 15.2 15.3 15.4 15.5 15.6 15.7
 15.8 15.9 16.  16.1 16.2 16.3]
after adaptive [1.34279e+05 1.06123e+05 8.23750e+04 6.43960e+04 4.87230e+04 3.75010e+04
 2.76600e+04 2.07610e+04 1.51630e+04 1.08580e+04 7.54800e+03 5.19400e+03
 3.34900e+03 2.15300e+03 1.33300e+03 7.68000e+02 4.24000e+02 2.18000e+02
 1.02000e+02 4.30000e+01 2.80000e+01]
9742289
9742289
redshift 0.15420262488760939
leftlog10 13.0
sumN 624571.0
N [1.41651e+05 1.13859e+05 8.90550e+04 7.02520e+04 5.42940e+04 4.17490e+04
 3.15700e+04 2.38010e+04 1.76680e+04 1.31320e+04 9.22400e+03 6.55300e+03
 4.44500e+03 2.92000e+03 1.88700e+03 1.16600e+03 6.42000e+02 3.62000e+02
 2.00000e+02 8.80000e+01 2.80000e+01 1.50000e+01 7.00000e+00 1.00000e+00
 2.00000e+00 0.00000e+00 0.00000e+00 0.00000e+00 0.00000e+00 0.00000e+00
 0.00000e+00 0.00000e+00 0.00000e+00 0.00000e+00]
edges [13.  13.1 13.2 13.3 13.4 13.5 13.6 13.7 13.8 13.9 14.  14.1 14.2 14.3
 14.4 14.5 14.6 14.7 14.8 14.9 15.  15.1 15.2 15.3 15.4 15.5 15.6 15.7
 15.8 15.9 16.  16.1 16.2 16.3 16.4]
after adaptive [1.41651e+05 1.13859e+05 8.90550e+04 7.02520e+04 5.42940e+04 4.17490e+04
 3.15700e+04 2.38010e+04 1.76680e+04 1.31320e+04 9.22400e+03 6.55300e+03
 4.44500e+03 2.92000e+03 1.88700e+03 1.16600e+03 6.42000e+02 3.62000e+02
 2.00000e+02 8.80000e+01 2.80000e+01 2.50000e+01]
9709019
9709019
redshift 0.04896461947234987
leftlog10 13.0
sumN 674825.0
N [1.48492e+05 1.20026e+05 9.51760e+04 7.54220e+04 5.83990e+04 4.57600e+04
 3.52170e+04 2.66570e+04 2.01330e+04 1.51460e+04 1.10450e+04 7.82900e+03
 5.49900e+03 3.88800e+03 2.44400e+03 1.60600e+03 9.61000e+02 5.56000e+02
 3.05000e+02 1.58000e+02 6.20000e+01 2.50000e+01 1.10000e+01 5.00000e+00
 1.00000e+00 2.00000e+00 0.00000e+00 0.00000e+00 0.00000e+00 0.00000e+00
 0.00000e+00 0.00000e+00 0.00000e+00 0.00000e+00 0.00000e+00]
edges [13.  13.1 13.2 13.3 13.4 13.5 13.6 13.7 13.8 13.9 14.  14.1 14.2 14.3
 14.4 14.5 14.6 14.7 14.8 14.9 15.  15.1 15.2 15.3 15.4 15.5 15.6 15.7
 15.8 15.9 16.  16.1 16.2 16.3 16.4 16.5]
after adaptive [1.48492e+05 1.20026e+05 9.51760e+04 7.54220e+04 5.83990e+04 4.57600e+04
 3.52170e+04 2.66570e+04 2.01330e+04 1.51460e+04 1.10450e+04 7.82900e+03
 5.49900e+03 3.88800e+03 2.44400e+03 1.60600e+03 9.61000e+02 5.56000e+02
 3.05000e+02 1.58000e+02 6.20000e+01 4.40000e+01]
9681057
9681057
redshift 0.0
leftlog10 13.0
sumN 697878.0
N [1.51620e+05 1.22842e+05 9.74760e+04 7.76240e+04 6.05950e+04 4.75150e+04
 3.69150e+04 2.80290e+04 2.12790e+04 1.61420e+04 1.18190e+04 8.60600e+03
 5.98000e+03 4.28400e+03 2.82100e+03 1.82700e+03 1.14000e+03 6.33000e+02
 3.83000e+02 1.97000e+02 9.30000e+01 3.70000e+01 1.10000e+01 4.00000e+00
 4.00000e+00 2.00000e+00 0.00000e+00 0.00000e+00 0.00000e+00 0.00000e+00
 0.00000e+00 0.00000e+00 0.00000e+00 0.00000e+00 0.00000e+00]
edges [13.  13.1 13.2 13.3 13.4 13.5 13.6 13.7 13.8 13.9 14.  14.1 14.2 14.3
 14.4 14.5 14.6 14.7 14.8 14.9 15.  15.1 15.2 15.3 15.4 15.5 15.6 15.7
 15.8 15.9 16.  16.1 16.2 16.3 16.4 16.5]
after adaptive [1.51620e+05 1.22842e+05 9.74760e+04 7.76240e+04 6.05950e+04 4.75150e+04
 3.69150e+04 2.80290e+04 2.12790e+04 1.61420e+04 1.18190e+04 8.60600e+03
 5.98000e+03 4.28400e+03 2.82100e+03 1.82700e+03 1.14000e+03 6.33000e+02
 3.83000e+02 1.97000e+02 9.30000e+01 3.70000e+01 2.10000e+01]
