no change     /oak/stanford/orgs/kipac/users/delon/miniconda3/condabin/conda
no change     /oak/stanford/orgs/kipac/users/delon/miniconda3/bin/conda
no change     /oak/stanford/orgs/kipac/users/delon/miniconda3/bin/conda-env
no change     /oak/stanford/orgs/kipac/users/delon/miniconda3/bin/activate
no change     /oak/stanford/orgs/kipac/users/delon/miniconda3/bin/deactivate
no change     /oak/stanford/orgs/kipac/users/delon/miniconda3/etc/profile.d/conda.sh
no change     /oak/stanford/orgs/kipac/users/delon/miniconda3/etc/fish/conf.d/conda.fish
no change     /oak/stanford/orgs/kipac/users/delon/miniconda3/shell/condabin/Conda.psm1
no change     /oak/stanford/orgs/kipac/users/delon/miniconda3/shell/condabin/conda-hook.ps1
no change     /oak/stanford/orgs/kipac/users/delon/miniconda3/lib/python3.10/site-packages/xontrib/conda.xsh
no change     /oak/stanford/orgs/kipac/users/delon/miniconda3/etc/profile.d/conda.csh
no change     /home/users/delon/.bashrc
No action taken.
16



redshift 3.0
skipping redshift 3.0



redshift 2.3038301302700224
leftlog10 13.1
sumN 90610.0
N [3.4374e+04 2.2649e+04 1.4179e+04 8.6490e+03 5.0390e+03 2.9200e+03
 1.4790e+03 7.2800e+02 3.4000e+02 1.4100e+02 8.3000e+01 2.5000e+01
 4.0000e+00 0.0000e+00 0.0000e+00 0.0000e+00 0.0000e+00 0.0000e+00
 0.0000e+00 0.0000e+00 0.0000e+00 0.0000e+00]
edges [13.1 13.2 13.3 13.4 13.5 13.6 13.7 13.8 13.9 14.  14.1 14.2 14.3 14.4
 14.5 14.6 14.7 14.8 14.9 15.  15.1 15.2 15.3]
after adaptive [3.4374e+04 2.2649e+04 1.4179e+04 8.6490e+03 5.0390e+03 2.9200e+03
 1.4790e+03 7.2800e+02 3.4000e+02 1.4100e+02 8.3000e+01 2.9000e+01]



redshift 1.7288182306888356
leftlog10 13.1
sumN 210150.0
N [6.8117e+04 4.8695e+04 3.2925e+04 2.2845e+04 1.4817e+04 9.5960e+03
 5.8020e+03 3.5080e+03 1.9480e+03 1.0140e+03 4.6600e+02 2.4200e+02
 1.1600e+02 3.7000e+01 1.6000e+01 4.0000e+00 2.0000e+00 0.0000e+00
 0.0000e+00 0.0000e+00 0.0000e+00 0.0000e+00 0.0000e+00 0.0000e+00
 0.0000e+00 0.0000e+00]
edges [13.1 13.2 13.3 13.4 13.5 13.6 13.7 13.8 13.9 14.  14.1 14.2 14.3 14.4
 14.5 14.6 14.7 14.8 14.9 15.  15.1 15.2 15.3 15.4 15.5 15.6 15.7]
after adaptive [6.8117e+04 4.8695e+04 3.2925e+04 2.2845e+04 1.4817e+04 9.5960e+03
 5.8020e+03 3.5080e+03 1.9480e+03 1.0140e+03 4.6600e+02 2.4200e+02
 1.1600e+02 3.7000e+01 2.2000e+01]



redshift 1.4800111104497748
leftlog10 13.1
sumN 286573.0
N [8.6590e+04 6.4092e+04 4.4361e+04 3.1844e+04 2.1831e+04 1.4657e+04
 9.4340e+03 5.9850e+03 3.6460e+03 2.0230e+03 1.0810e+03 5.2000e+02
 3.0500e+02 1.3100e+02 5.3000e+01 1.1000e+01 7.0000e+00 2.0000e+00
 0.0000e+00 0.0000e+00 0.0000e+00 0.0000e+00 0.0000e+00 0.0000e+00
 0.0000e+00 0.0000e+00 0.0000e+00]
edges [13.1 13.2 13.3 13.4 13.5 13.6 13.7 13.8 13.9 14.  14.1 14.2 14.3 14.4
 14.5 14.6 14.7 14.8 14.9 15.  15.1 15.2 15.3 15.4 15.5 15.6 15.7 15.8]
after adaptive [8.6590e+04 6.4092e+04 4.4361e+04 3.1844e+04 2.1831e+04 1.4657e+04
 9.4340e+03 5.9850e+03 3.6460e+03 2.0230e+03 1.0810e+03 5.2000e+02
 3.0500e+02 1.3100e+02 5.3000e+01 2.0000e+01]



redshift 1.0483786059144884
leftlog10 13.1
sumN 453025.0
N [1.21424e+05 9.28520e+04 6.88720e+04 5.11830e+04 3.75270e+04 2.69470e+04
 1.88690e+04 1.30380e+04 8.73400e+03 5.68800e+03 3.44000e+03 2.10300e+03
 1.12500e+03 6.41000e+02 3.41000e+02 1.49000e+02 6.50000e+01 1.90000e+01
 5.00000e+00 3.00000e+00 0.00000e+00 0.00000e+00 0.00000e+00 0.00000e+00
 0.00000e+00 0.00000e+00 0.00000e+00 0.00000e+00 0.00000e+00]
edges [13.1 13.2 13.3 13.4 13.5 13.6 13.7 13.8 13.9 14.  14.1 14.2 14.3 14.4
 14.5 14.6 14.7 14.8 14.9 15.  15.1 15.2 15.3 15.4 15.5 15.6 15.7 15.8
 15.9 16. ]
after adaptive [1.21424e+05 9.28520e+04 6.88720e+04 5.11830e+04 3.75270e+04 2.69470e+04
 1.88690e+04 1.30380e+04 8.73400e+03 5.68800e+03 3.44000e+03 2.10300e+03
 1.12500e+03 6.41000e+02 3.41000e+02 1.49000e+02 6.50000e+01 2.70000e+01]



redshift 0.9527626709887815
leftlog10 13.1
sumN 494830.0
N [1.29284e+05 9.93900e+04 7.47120e+04 5.59430e+04 4.13270e+04 3.03360e+04
 2.14300e+04 1.49790e+04 1.03460e+04 6.77600e+03 4.40500e+03 2.65700e+03
 1.52000e+03 8.66000e+02 4.71000e+02 2.32000e+02 1.03000e+02 3.60000e+01
 1.30000e+01 2.00000e+00 2.00000e+00 0.00000e+00 0.00000e+00 0.00000e+00
 0.00000e+00 0.00000e+00 0.00000e+00 0.00000e+00 0.00000e+00 0.00000e+00]
edges [13.1 13.2 13.3 13.4 13.5 13.6 13.7 13.8 13.9 14.  14.1 14.2 14.3 14.4
 14.5 14.6 14.7 14.8 14.9 15.  15.1 15.2 15.3 15.4 15.5 15.6 15.7 15.8
 15.9 16.  16.1]
after adaptive [1.29284e+05 9.93900e+04 7.47120e+04 5.59430e+04 4.13270e+04 3.03360e+04
 2.14300e+04 1.49790e+04 1.03460e+04 6.77600e+03 4.40500e+03 2.65700e+03
 1.52000e+03 8.66000e+02 4.71000e+02 2.32000e+02 1.03000e+02 5.30000e+01]



redshift 0.8616115226306804
leftlog10 13.1
sumN 535222.0
N [1.36078e+05 1.05550e+05 8.00710e+04 6.03970e+04 4.53520e+04 3.33850e+04
 2.42890e+04 1.70300e+04 1.19590e+04 8.17000e+03 5.25000e+03 3.30300e+03
 1.98700e+03 1.20100e+03 6.03000e+02 3.48000e+02 1.47000e+02 7.20000e+01
 1.90000e+01 8.00000e+00 2.00000e+00 1.00000e+00 0.00000e+00 0.00000e+00
 0.00000e+00 0.00000e+00 0.00000e+00 0.00000e+00 0.00000e+00 0.00000e+00
 0.00000e+00]
edges [13.1 13.2 13.3 13.4 13.5 13.6 13.7 13.8 13.9 14.  14.1 14.2 14.3 14.4
 14.5 14.6 14.7 14.8 14.9 15.  15.1 15.2 15.3 15.4 15.5 15.6 15.7 15.8
 15.9 16.  16.1 16.2]
after adaptive [1.36078e+05 1.05550e+05 8.00710e+04 6.03970e+04 4.53520e+04 3.33850e+04
 2.42890e+04 1.70300e+04 1.19590e+04 8.17000e+03 5.25000e+03 3.30300e+03
 1.98700e+03 1.20100e+03 6.03000e+02 3.48000e+02 1.47000e+02 7.20000e+01
 3.00000e+01]



redshift 0.7747142266416549
leftlog10 13.1
sumN 574778.0
N [1.42291e+05 1.11840e+05 8.47340e+04 6.48140e+04 4.92280e+04 3.68120e+04
 2.67830e+04 1.92270e+04 1.35730e+04 9.33900e+03 6.37100e+03 4.07800e+03
 2.54200e+03 1.45700e+03 8.28000e+02 4.79000e+02 2.14000e+02 1.04000e+02
 4.40000e+01 1.50000e+01 4.00000e+00 1.00000e+00 0.00000e+00 0.00000e+00
 0.00000e+00 0.00000e+00 0.00000e+00 0.00000e+00 0.00000e+00 0.00000e+00
 0.00000e+00]
edges [13.1 13.2 13.3 13.4 13.5 13.6 13.7 13.8 13.9 14.  14.1 14.2 14.3 14.4
 14.5 14.6 14.7 14.8 14.9 15.  15.1 15.2 15.3 15.4 15.5 15.6 15.7 15.8
 15.9 16.  16.1 16.2]
after adaptive [1.42291e+05 1.11840e+05 8.47340e+04 6.48140e+04 4.92280e+04 3.68120e+04
 2.67830e+04 1.92270e+04 1.35730e+04 9.33900e+03 6.37100e+03 4.07800e+03
 2.54200e+03 1.45700e+03 8.28000e+02 4.79000e+02 2.14000e+02 1.04000e+02
 4.40000e+01 2.00000e+01]



redshift 0.691872750866662
leftlog10 13.1
sumN 611855.0
N [1.48016e+05 1.16605e+05 8.92180e+04 6.92760e+04 5.25140e+04 3.98620e+04
 2.94640e+04 2.12890e+04 1.54330e+04 1.05960e+04 7.48700e+03 4.83100e+03
 3.15400e+03 1.83700e+03 1.09400e+03 6.19000e+02 3.12000e+02 1.43000e+02
 6.50000e+01 2.80000e+01 1.00000e+01 1.00000e+00 1.00000e+00 0.00000e+00
 0.00000e+00 0.00000e+00 0.00000e+00 0.00000e+00 0.00000e+00 0.00000e+00
 0.00000e+00 0.00000e+00]
edges [13.1 13.2 13.3 13.4 13.5 13.6 13.7 13.8 13.9 14.  14.1 14.2 14.3 14.4
 14.5 14.6 14.7 14.8 14.9 15.  15.1 15.2 15.3 15.4 15.5 15.6 15.7 15.8
 15.9 16.  16.1 16.2 16.3]
after adaptive [1.48016e+05 1.16605e+05 8.92180e+04 6.92760e+04 5.25140e+04 3.98620e+04
 2.94640e+04 2.12890e+04 1.54330e+04 1.05960e+04 7.48700e+03 4.83100e+03
 3.15400e+03 1.83700e+03 1.09400e+03 6.19000e+02 3.12000e+02 1.43000e+02
 6.50000e+01 4.00000e+01]



redshift 0.6128980229096033
leftlog10 13.1
sumN 647267.0
N [1.53189e+05 1.21129e+05 9.34590e+04 7.29500e+04 5.57900e+04 4.28720e+04
 3.21070e+04 2.33070e+04 1.70990e+04 1.20890e+04 8.56800e+03 5.68300e+03
 3.68600e+03 2.34900e+03 1.40600e+03 7.69000e+02 4.62000e+02 1.93000e+02
 9.70000e+01 4.20000e+01 1.60000e+01 4.00000e+00 1.00000e+00 0.00000e+00
 0.00000e+00 0.00000e+00 0.00000e+00 0.00000e+00 0.00000e+00 0.00000e+00
 0.00000e+00 0.00000e+00]
edges [13.1 13.2 13.3 13.4 13.5 13.6 13.7 13.8 13.9 14.  14.1 14.2 14.3 14.4
 14.5 14.6 14.7 14.8 14.9 15.  15.1 15.2 15.3 15.4 15.5 15.6 15.7 15.8
 15.9 16.  16.1 16.2 16.3]
after adaptive [1.53189e+05 1.21129e+05 9.34590e+04 7.29500e+04 5.57900e+04 4.28720e+04
 3.21070e+04 2.33070e+04 1.70990e+04 1.20890e+04 8.56800e+03 5.68300e+03
 3.68600e+03 2.34900e+03 1.40600e+03 7.69000e+02 4.62000e+02 1.93000e+02
 9.70000e+01 4.20000e+01 2.10000e+01]



redshift 0.5376099391106464
leftlog10 13.1
sumN 680757.0
N [1.57912e+05 1.25341e+05 9.71010e+04 7.68530e+04 5.87270e+04 4.55850e+04
 3.40880e+04 2.56390e+04 1.87320e+04 1.35470e+04 9.59200e+03 6.62500e+03
 4.30600e+03 2.84200e+03 1.75400e+03 1.01100e+03 5.95000e+02 2.83000e+02
 1.31000e+02 5.80000e+01 2.50000e+01 9.00000e+00 1.00000e+00 0.00000e+00
 0.00000e+00 0.00000e+00 0.00000e+00 0.00000e+00 0.00000e+00 0.00000e+00
 0.00000e+00 0.00000e+00]
edges [13.1 13.2 13.3 13.4 13.5 13.6 13.7 13.8 13.9 14.  14.1 14.2 14.3 14.4
 14.5 14.6 14.7 14.8 14.9 15.  15.1 15.2 15.3 15.4 15.5 15.6 15.7 15.8
 15.9 16.  16.1 16.2 16.3]
after adaptive [1.57912e+05 1.25341e+05 9.71010e+04 7.68530e+04 5.87270e+04 4.55850e+04
 3.40880e+04 2.56390e+04 1.87320e+04 1.35470e+04 9.59200e+03 6.62500e+03
 4.30600e+03 2.84200e+03 1.75400e+03 1.01100e+03 5.95000e+02 2.83000e+02
 1.31000e+02 5.80000e+01 3.50000e+01]



redshift 0.3974131088528914
leftlog10 13.1
sumN 741048.0
N [1.64799e+05 1.32768e+05 1.03597e+05 8.26420e+04 6.47570e+04 5.01190e+04
 3.87300e+04 2.94970e+04 2.19690e+04 1.61990e+04 1.19480e+04 8.44000e+03
 5.80900e+03 3.74700e+03 2.54500e+03 1.58400e+03 9.14000e+02 5.28000e+02
 2.54000e+02 1.19000e+02 5.20000e+01 2.20000e+01 8.00000e+00 1.00000e+00
 0.00000e+00 0.00000e+00 0.00000e+00 0.00000e+00 0.00000e+00 0.00000e+00
 0.00000e+00 0.00000e+00 0.00000e+00]
edges [13.1 13.2 13.3 13.4 13.5 13.6 13.7 13.8 13.9 14.  14.1 14.2 14.3 14.4
 14.5 14.6 14.7 14.8 14.9 15.  15.1 15.2 15.3 15.4 15.5 15.6 15.7 15.8
 15.9 16.  16.1 16.2 16.3 16.4]
after adaptive [1.64799e+05 1.32768e+05 1.03597e+05 8.26420e+04 6.47570e+04 5.01190e+04
 3.87300e+04 2.94970e+04 2.19690e+04 1.61990e+04 1.19480e+04 8.44000e+03
 5.80900e+03 3.74700e+03 2.54500e+03 1.58400e+03 9.14000e+02 5.28000e+02
 2.54000e+02 1.19000e+02 5.20000e+01 3.10000e+01]



redshift 0.26999931420037027
leftlog10 13.1
sumN 792816.0
N [1.70266e+05 1.38303e+05 1.09081e+05 8.72550e+04 6.94900e+04 5.44410e+04
 4.21130e+04 3.28540e+04 2.52230e+04 1.86370e+04 1.40230e+04 1.02070e+04
 7.24700e+03 5.12400e+03 3.29200e+03 2.18000e+03 1.40900e+03 7.81000e+02
 4.62000e+02 2.37000e+02 1.27000e+02 4.00000e+01 1.70000e+01 6.00000e+00
 1.00000e+00 0.00000e+00 0.00000e+00 0.00000e+00 0.00000e+00 0.00000e+00
 0.00000e+00 0.00000e+00 0.00000e+00 0.00000e+00]
edges [13.1 13.2 13.3 13.4 13.5 13.6 13.7 13.8 13.9 14.  14.1 14.2 14.3 14.4
 14.5 14.6 14.7 14.8 14.9 15.  15.1 15.2 15.3 15.4 15.5 15.6 15.7 15.8
 15.9 16.  16.1 16.2 16.3 16.4 16.5]
after adaptive [1.70266e+05 1.38303e+05 1.09081e+05 8.72550e+04 6.94900e+04 5.44410e+04
 4.21130e+04 3.28540e+04 2.52230e+04 1.86370e+04 1.40230e+04 1.02070e+04
 7.24700e+03 5.12400e+03 3.29200e+03 2.18000e+03 1.40900e+03 7.81000e+02
 4.62000e+02 2.37000e+02 1.27000e+02 4.00000e+01 2.40000e+01]



redshift 0.15420262488760939
leftlog10 13.1
sumN 836032.0
N [1.74490e+05 1.42232e+05 1.12787e+05 9.13580e+04 7.28690e+04 5.81270e+04
 4.52930e+04 3.54330e+04 2.76000e+04 2.11230e+04 1.60730e+04 1.20990e+04
 8.54700e+03 6.23600e+03 4.35300e+03 2.85100e+03 1.96300e+03 1.14800e+03
 6.87000e+02 3.96000e+02 2.18000e+02 9.50000e+01 3.10000e+01 1.60000e+01
 6.00000e+00 1.00000e+00 0.00000e+00 0.00000e+00 0.00000e+00 0.00000e+00
 0.00000e+00 0.00000e+00 0.00000e+00 0.00000e+00 0.00000e+00]
edges [13.1 13.2 13.3 13.4 13.5 13.6 13.7 13.8 13.9 14.  14.1 14.2 14.3 14.4
 14.5 14.6 14.7 14.8 14.9 15.  15.1 15.2 15.3 15.4 15.5 15.6 15.7 15.8
 15.9 16.  16.1 16.2 16.3 16.4 16.5 16.6]
after adaptive [1.74490e+05 1.42232e+05 1.12787e+05 9.13580e+04 7.28690e+04 5.81270e+04
 4.52930e+04 3.54330e+04 2.76000e+04 2.11230e+04 1.60730e+04 1.20990e+04
 8.54700e+03 6.23600e+03 4.35300e+03 2.85100e+03 1.96300e+03 1.14800e+03
 6.87000e+02 3.96000e+02 2.18000e+02 9.50000e+01 3.10000e+01 2.30000e+01]



redshift 0.04896461947234987
leftlog10 13.1
sumN 870500.0
N [1.76223e+05 1.44973e+05 1.15663e+05 9.41040e+04 7.55480e+04 6.08330e+04
 4.80010e+04 3.80900e+04 3.00080e+04 2.30590e+04 1.78810e+04 1.35750e+04
 1.00700e+04 7.20800e+03 5.29900e+03 3.64300e+03 2.51200e+03 1.61100e+03
 9.86000e+02 5.83000e+02 3.36000e+02 1.71000e+02 7.10000e+01 3.60000e+01
 1.10000e+01 5.00000e+00 0.00000e+00 0.00000e+00 0.00000e+00 0.00000e+00
 0.00000e+00 0.00000e+00 0.00000e+00 0.00000e+00 0.00000e+00]
edges [13.1 13.2 13.3 13.4 13.5 13.6 13.7 13.8 13.9 14.  14.1 14.2 14.3 14.4
 14.5 14.6 14.7 14.8 14.9 15.  15.1 15.2 15.3 15.4 15.5 15.6 15.7 15.8
 15.9 16.  16.1 16.2 16.3 16.4 16.5 16.6]
after adaptive [1.76223e+05 1.44973e+05 1.15663e+05 9.41040e+04 7.55480e+04 6.08330e+04
 4.80010e+04 3.80900e+04 3.00080e+04 2.30590e+04 1.78810e+04 1.35750e+04
 1.00700e+04 7.20800e+03 5.29900e+03 3.64300e+03 2.51200e+03 1.61100e+03
 9.86000e+02 5.83000e+02 3.36000e+02 1.71000e+02 7.10000e+01 5.20000e+01]



redshift 0.0
leftlog10 13.1
sumN 885100.0
N [1.76737e+05 1.46085e+05 1.16660e+05 9.52780e+04 7.67140e+04 6.20660e+04
 4.91500e+04 3.90310e+04 3.09800e+04 2.38180e+04 1.86510e+04 1.44300e+04
 1.06730e+04 7.78000e+03 5.76400e+03 4.02700e+03 2.74800e+03 1.84800e+03
 1.20000e+03 6.53000e+02 4.18000e+02 2.13000e+02 9.70000e+01 5.20000e+01
 1.70000e+01 1.00000e+01 0.00000e+00 0.00000e+00 0.00000e+00 0.00000e+00
 0.00000e+00 0.00000e+00 0.00000e+00 0.00000e+00 0.00000e+00]
edges [13.1 13.2 13.3 13.4 13.5 13.6 13.7 13.8 13.9 14.  14.1 14.2 14.3 14.4
 14.5 14.6 14.7 14.8 14.9 15.  15.1 15.2 15.3 15.4 15.5 15.6 15.7 15.8
 15.9 16.  16.1 16.2 16.3 16.4 16.5 16.6]
after adaptive [1.76737e+05 1.46085e+05 1.16660e+05 9.52780e+04 7.67140e+04 6.20660e+04
 4.91500e+04 3.90310e+04 3.09800e+04 2.38180e+04 1.86510e+04 1.44300e+04
 1.06730e+04 7.78000e+03 5.76400e+03 4.02700e+03 2.74800e+03 1.84800e+03
 1.20000e+03 6.53000e+02 4.18000e+02 2.13000e+02 9.70000e+01 5.20000e+01
 2.70000e+01]
