[0 : output] Output to be read-from/written-into folder '/scratch/users/delon/chains', with prefix 'DESIY1_BBN_ThetaS_vary_mnu'
[0 : camb] `camb` module loaded successfully from /oak/stanford/orgs/kipac/users/delon/cobaya_cosmo/code/CAMB/camb
[0 : bao.desi_2024_bao_all] Initialized.
[3 : bao.desi_2024_bao_all] Initialized.
[1 : bao.desi_2024_bao_all] Initialized.
[0 : minimize] Initializing
[1 : prior] Reference values or pdfs for some parameters were not provided. Sampling from the prior instead for those parameters.
[0 : prior] Reference values or pdfs for some parameters were not provided. Sampling from the prior instead for those parameters.
[7 : bao.desi_2024_bao_all] Initialized.
[5 : bao.desi_2024_bao_all] Initialized.
[0 : minimize] Run 1/1 will start from random initial point:
[0 : minimize] {'logA': 2.492073769821807, 'ns': 0.9676632598788141, 'theta_MC_100': 1.039903775169224, 'ombh2': 0.021871594769944484, 'omch2': 0.11985597159230993, 'mnu': 0.057377599583695524}
[0 : prior] *WARNING* There are unbounded parameters (['theta_MC_100', 'ombh2']). Prior bounds are given at 0.9999995 confidence level. Beware of likelihood modes at the edge of the prior
[1 : minimize] Run 1/1 will start from random initial point:
[1 : minimize] {'logA': 2.0256189018224364, 'ns': 0.9693524035514876, 'theta_MC_100': 1.0406225639923397, 'ombh2': 0.021848794150210408, 'omch2': 0.12128011845118088, 'mnu': 0.01287092133945206}
[4 : bao.desi_2024_bao_all] Initialized.
[2 : bao.desi_2024_bao_all] Initialized.
[6 : bao.desi_2024_bao_all] Initialized.
[2 : prior] Reference values or pdfs for some parameters were not provided. Sampling from the prior instead for those parameters.
[3 : prior] Reference values or pdfs for some parameters were not provided. Sampling from the prior instead for those parameters.
[4 : prior] Reference values or pdfs for some parameters were not provided. Sampling from the prior instead for those parameters.
[6 : prior] Reference values or pdfs for some parameters were not provided. Sampling from the prior instead for those parameters.
[5 : prior] Reference values or pdfs for some parameters were not provided. Sampling from the prior instead for those parameters.
[7 : prior] Reference values or pdfs for some parameters were not provided. Sampling from the prior instead for those parameters.
[5 : minimize] Run 1/1 will start from random initial point:
[5 : minimize] {'logA': 2.5274027378248807, 'ns': 0.9666675104548352, 'theta_MC_100': 1.0407303572375826, 'ombh2': 0.021665956353257975, 'omch2': 0.12167872468686658, 'mnu': 0.10389159120856166}
[3 : minimize] Run 1/1 will start from random initial point:
[3 : minimize] {'logA': 2.12754206216501, 'ns': 0.9611368262100308, 'theta_MC_100': 1.040471844957623, 'ombh2': 0.02259117933128681, 'omch2': 0.12609976780223367, 'mnu': 0.03661399465148263}
[7 : minimize] Run 1/1 will start from random initial point:
[7 : minimize] {'logA': 1.854154537854475, 'ns': 0.9613728834487215, 'theta_MC_100': 1.0408191792795205, 'ombh2': 0.022941125398303005, 'omch2': 0.12365162740288381, 'mnu': 0.02033637661276684}
[2 : minimize] Run 1/1 will start from random initial point:
[2 : minimize] {'logA': 2.0324948772499223, 'ns': 0.9627147958344644, 'theta_MC_100': 1.040935478467671, 'ombh2': 0.021492874703576012, 'omch2': 0.12147881581262844, 'mnu': 0.19524202498541088}
[6 : minimize] Run 1/1 will start from random initial point:
[6 : minimize] {'logA': 2.3313225239129216, 'ns': 0.9692195239209577, 'theta_MC_100': 1.0415125482162568, 'ombh2': 0.022992364556513205, 'omch2': 0.11672330779063549, 'mnu': 0.0545522709541231}
[4 : minimize] Run 1/1 will start from random initial point:
[4 : minimize] {'logA': 3.5979647278739026, 'ns': 0.9700657037204192, 'theta_MC_100': 1.0416577398711, 'ombh2': 0.02276840455264261, 'omch2': 0.11865745835838207, 'mnu': 0.009101312238093294}
[1 : minimize] Starting run 1/1
[2 : minimize] Starting run 1/1
[3 : minimize] Starting run 1/1
[4 : minimize] Starting run 1/1
[5 : minimize] Starting run 1/1
[6 : minimize] Starting run 1/1
[7 : minimize] Starting run 1/1
[0 : minimize] Starting run 1/1
[4 : minimize] Run 1/1 converged.
[6 : minimize] Run 1/1 converged.
[1 : minimize] Run 1/1 converged.
[2 : minimize] Run 1/1 converged.
[5 : minimize] Run 1/1 converged.
[7 : minimize] Run 1/1 converged.
[0 : minimize] Run 1/1 converged.
[3 : minimize] Run 1/1 converged.
[0 : minimize] Finished successfully!
[0 : minimize] *WARNING* Modest spread in minima: [-5.301194787651225, -5.056253850956205, -5.324002161305846, -5.319768857398953, -5.1159298374832325, -5.325290157900312, -5.324959613383945, -5.312231214759203]
[0 : minimize] -log(posterior) minimized to -5.32529
[0 : minimize] Parameter values at minimum:
   weight  minuslogpost     logA        ns  theta_MC_100     ombh2     omch2       mnu            As         H0    omegam  omegamh2  omega_de       YHe       Y_p     DHBBN  chi2__BAO  minuslogprior  minuslogprior__0      chi2  chi2__bao.desi_2024_bao_all
0     1.0      -5.32529  2.52759  0.966494        1.0411  0.022181  0.116761  0.019446  1.252329e-09  68.771855  0.294217  0.139152  0.705707  0.245775  0.247106  2.482475   12.74012      -11.69535         -11.69535  12.74012                     12.74012
[0 : minimize] Full set of minima:
{'0': (-5.301194787651225, True), '1': (-5.056253850956205, True), '2': (-5.324002161305846, True), '3': (-5.319768857398953, True), '4': (-5.1159298374832325, True), '5': (-5.325290157900312, True), '6': (-5.324959613383945, True), '7': (-5.312231214759203, True)}
