Curr: Box57_1400, Prev: Box62_1400
alist [1.0, 0.953321, 0.866399, 0.787402, 0.715608, 0.65036, 0.620002, 0.591061, 0.563471, 0.537169, 0.512095, 0.488191, 0.403224, 0.366459]
python -u fit_individ_iter.py Box57_1400 1.000000 Box62_1400 1.000000
prev {'d': 0.4417674774313092, 'e': 0.3652872635994763, 'f': 1.719323528438847, 'g': 1.206306029000285}
Starting ML Fit
Box57_1400
       message: Optimization terminated successfully.
       success: True
        status: 0
           fun: 88.62723454167711
             x: [ 4.154e-01  3.288e-01  1.781e+00  1.195e+00]
           nit: 144
          nfev: 251
 final_simplex: (array([[ 4.154e-01,  3.288e-01,  1.781e+00,  1.195e+00],
                       [ 4.154e-01,  3.289e-01,  1.781e+00,  1.195e+00],
                       ...,
                       [ 4.154e-01,  3.288e-01,  1.781e+00,  1.195e+00],
                       [ 4.154e-01,  3.289e-01,  1.782e+00,  1.195e+00]]), array([ 8.863e+01,  8.863e+01,  8.863e+01,  8.863e+01,
                        8.863e+01]))
   param_names: ['d', 'e', 'f', 'g']
[0.41540894 0.32879968 1.78149448 1.19501153]
{'d': 0.4154089442909624, 'e': 0.32879968022299455, 'f': 1.781494478063221, 'g': 1.1950115262863106}
Previous:  {'d': 0.4417674774313092, 'e': 0.3652872635994763, 'f': 1.719323528438847, 'g': 1.206306029000285}
python -u fit_individ_iter.py Box57_1400 0.953321 Box57_1400 1.000000
prev {'d': 0.4154089442909624, 'e': 0.32879968022299455, 'f': 1.781494478063221, 'g': 1.1950115262863106}
Starting ML Fit
Box57_1400
       message: Optimization terminated successfully.
       success: True
        status: 0
           fun: 90.5607072530215
             x: [ 4.024e-01  2.911e-01  1.832e+00  1.206e+00]
           nit: 139
          nfev: 233
 final_simplex: (array([[ 4.024e-01,  2.911e-01,  1.832e+00,  1.206e+00],
                       [ 4.024e-01,  2.910e-01,  1.832e+00,  1.206e+00],
                       ...,
                       [ 4.024e-01,  2.911e-01,  1.832e+00,  1.206e+00],
                       [ 4.024e-01,  2.912e-01,  1.832e+00,  1.206e+00]]), array([ 9.056e+01,  9.056e+01,  9.056e+01,  9.056e+01,
                        9.056e+01]))
   param_names: ['d', 'e', 'f', 'g']
[0.40243362 0.29110029 1.83240938 1.20633216]
{'d': 0.40243361734844585, 'e': 0.2911002874817087, 'f': 1.8324093803454788, 'g': 1.2063321599789114}
Previous:  {'d': 0.4154089442909624, 'e': 0.32879968022299455, 'f': 1.781494478063221, 'g': 1.1950115262863106}
python -u fit_individ_iter.py Box57_1400 0.866399 Box57_1400 0.953321
prev {'d': 0.40243361734844585, 'e': 0.2911002874817087, 'f': 1.8324093803454788, 'g': 1.2063321599789114}
Starting ML Fit
Box57_1400
       message: Optimization terminated successfully.
       success: True
        status: 0
           fun: 79.61116232147607
             x: [ 3.895e-01  2.815e-01  1.845e+00  1.207e+00]
           nit: 106
          nfev: 184
 final_simplex: (array([[ 3.895e-01,  2.815e-01,  1.845e+00,  1.207e+00],
                       [ 3.895e-01,  2.815e-01,  1.845e+00,  1.207e+00],
                       ...,
                       [ 3.895e-01,  2.814e-01,  1.845e+00,  1.207e+00],
                       [ 3.895e-01,  2.815e-01,  1.845e+00,  1.207e+00]]), array([ 7.961e+01,  7.961e+01,  7.961e+01,  7.961e+01,
                        7.961e+01]))
   param_names: ['d', 'e', 'f', 'g']
[0.38947234 0.28149764 1.84500113 1.20709913]
{'d': 0.38947234179487666, 'e': 0.28149763820537477, 'f': 1.845001130709317, 'g': 1.2070991294247464}
Previous:  {'d': 0.40243361734844585, 'e': 0.2911002874817087, 'f': 1.8324093803454788, 'g': 1.2063321599789114}
python -u fit_individ_iter.py Box57_1400 0.787402 Box57_1400 0.866399
prev {'d': 0.38947234179487666, 'e': 0.28149763820537477, 'f': 1.845001130709317, 'g': 1.2070991294247464}
Starting ML Fit
Box57_1400
       message: Optimization terminated successfully.
       success: True
        status: 0
           fun: 82.91336891290854
             x: [ 3.758e-01  2.681e-01  1.865e+00  1.208e+00]
           nit: 122
          nfev: 208
 final_simplex: (array([[ 3.758e-01,  2.681e-01,  1.865e+00,  1.208e+00],
                       [ 3.758e-01,  2.680e-01,  1.865e+00,  1.208e+00],
                       ...,
                       [ 3.758e-01,  2.682e-01,  1.865e+00,  1.208e+00],
                       [ 3.758e-01,  2.681e-01,  1.865e+00,  1.209e+00]]), array([ 8.291e+01,  8.291e+01,  8.291e+01,  8.291e+01,
                        8.291e+01]))
   param_names: ['d', 'e', 'f', 'g']
[0.37582501 0.26807623 1.86529206 1.20848202]
{'d': 0.3758250057958281, 'e': 0.26807622691964433, 'f': 1.865292062778054, 'g': 1.2084820200871622}
Previous:  {'d': 0.38947234179487666, 'e': 0.28149763820537477, 'f': 1.845001130709317, 'g': 1.2070991294247464}
python -u fit_individ_iter.py Box57_1400 0.715608 Box57_1400 0.787402
prev {'d': 0.3758250057958281, 'e': 0.26807622691964433, 'f': 1.865292062778054, 'g': 1.2084820200871622}
Starting ML Fit
Box57_1400
       message: Optimization terminated successfully.
       success: True
        status: 0
           fun: 69.50264037592244
             x: [ 3.688e-01  2.751e-01  1.858e+00  1.206e+00]
           nit: 152
          nfev: 257
 final_simplex: (array([[ 3.688e-01,  2.751e-01,  1.858e+00,  1.206e+00],
                       [ 3.688e-01,  2.751e-01,  1.858e+00,  1.206e+00],
                       ...,
                       [ 3.689e-01,  2.752e-01,  1.858e+00,  1.206e+00],
                       [ 3.688e-01,  2.752e-01,  1.858e+00,  1.206e+00]]), array([ 6.950e+01,  6.950e+01,  6.950e+01,  6.950e+01,
                        6.950e+01]))
   param_names: ['d', 'e', 'f', 'g']
[0.36883561 0.27513821 1.85783707 1.20592281]
{'d': 0.36883561219572986, 'e': 0.27513820950033213, 'f': 1.857837067888531, 'g': 1.2059228131570126}
Previous:  {'d': 0.3758250057958281, 'e': 0.26807622691964433, 'f': 1.865292062778054, 'g': 1.2084820200871622}
python -u fit_individ_iter.py Box57_1400 0.650360 Box57_1400 0.715608
prev {'d': 0.36883561219572986, 'e': 0.27513820950033213, 'f': 1.857837067888531, 'g': 1.2059228131570126}
Starting ML Fit
Box57_1400
       message: Optimization terminated successfully.
       success: True
        status: 0
           fun: 66.08042857324494
             x: [ 3.550e-01  2.591e-01  1.887e+00  1.208e+00]
           nit: 190
          nfev: 320
 final_simplex: (array([[ 3.550e-01,  2.591e-01,  1.887e+00,  1.208e+00],
                       [ 3.550e-01,  2.591e-01,  1.887e+00,  1.208e+00],
                       ...,
                       [ 3.550e-01,  2.591e-01,  1.887e+00,  1.208e+00],
                       [ 3.550e-01,  2.590e-01,  1.887e+00,  1.208e+00]]), array([ 6.608e+01,  6.608e+01,  6.608e+01,  6.608e+01,
                        6.608e+01]))
   param_names: ['d', 'e', 'f', 'g']
[0.35497403 0.2590664  1.8873028  1.20757452]
{'d': 0.35497403060062716, 'e': 0.2590663999744707, 'f': 1.8873027996717298, 'g': 1.2075745213905693}
Previous:  {'d': 0.36883561219572986, 'e': 0.27513820950033213, 'f': 1.857837067888531, 'g': 1.2059228131570126}
python -u fit_individ_iter.py Box57_1400 0.620002 Box57_1400 0.650360
prev {'d': 0.35497403060062716, 'e': 0.2590663999744707, 'f': 1.8873027996717298, 'g': 1.2075745213905693}
Starting ML Fit
Box57_1400
       message: Optimization terminated successfully.
       success: True
        status: 0
           fun: 57.54046075793016
             x: [ 3.492e-01  2.539e-01  1.896e+00  1.208e+00]
           nit: 101
          nfev: 173
 final_simplex: (array([[ 3.492e-01,  2.539e-01,  1.896e+00,  1.208e+00],
                       [ 3.493e-01,  2.540e-01,  1.896e+00,  1.208e+00],
                       ...,
                       [ 3.492e-01,  2.539e-01,  1.896e+00,  1.208e+00],
                       [ 3.492e-01,  2.539e-01,  1.896e+00,  1.208e+00]]), array([ 5.754e+01,  5.754e+01,  5.754e+01,  5.754e+01,
                        5.754e+01]))
   param_names: ['d', 'e', 'f', 'g']
[0.3492454  0.25393808 1.89639137 1.207716  ]
{'d': 0.349245404174813, 'e': 0.25393807501796023, 'f': 1.8963913671726527, 'g': 1.207715999580659}
Previous:  {'d': 0.35497403060062716, 'e': 0.2590663999744707, 'f': 1.8873027996717298, 'g': 1.2075745213905693}
python -u fit_individ_iter.py Box57_1400 0.591061 Box57_1400 0.620002
prev {'d': 0.349245404174813, 'e': 0.25393807501796023, 'f': 1.8963913671726527, 'g': 1.207715999580659}
Starting ML Fit
Box57_1400
       message: Optimization terminated successfully.
       success: True
        status: 0
           fun: 60.02931965089605
             x: [ 3.468e-01  2.598e-01  1.884e+00  1.205e+00]
           nit: 114
          nfev: 197
 final_simplex: (array([[ 3.468e-01,  2.598e-01,  1.884e+00,  1.205e+00],
                       [ 3.468e-01,  2.598e-01,  1.884e+00,  1.205e+00],
                       ...,
                       [ 3.468e-01,  2.597e-01,  1.884e+00,  1.205e+00],
                       [ 3.468e-01,  2.597e-01,  1.884e+00,  1.205e+00]]), array([ 6.003e+01,  6.003e+01,  6.003e+01,  6.003e+01,
                        6.003e+01]))
   param_names: ['d', 'e', 'f', 'g']
[0.34678128 0.25978134 1.88430153 1.20515607]
{'d': 0.3467812802203045, 'e': 0.2597813369441865, 'f': 1.8843015284796154, 'g': 1.2051560660783969}
Previous:  {'d': 0.349245404174813, 'e': 0.25393807501796023, 'f': 1.8963913671726527, 'g': 1.207715999580659}
python -u fit_individ_iter.py Box57_1400 0.563471 Box57_1400 0.591061
prev {'d': 0.3467812802203045, 'e': 0.2597813369441865, 'f': 1.8843015284796154, 'g': 1.2051560660783969}
Starting ML Fit
Box57_1400
       message: Optimization terminated successfully.
       success: True
        status: 0
           fun: 54.94645848944296
             x: [ 3.454e-01  2.693e-01  1.865e+00  1.201e+00]
           nit: 123
          nfev: 217
 final_simplex: (array([[ 3.454e-01,  2.693e-01,  1.865e+00,  1.201e+00],
                       [ 3.454e-01,  2.693e-01,  1.865e+00,  1.201e+00],
                       ...,
                       [ 3.454e-01,  2.693e-01,  1.865e+00,  1.201e+00],
                       [ 3.454e-01,  2.694e-01,  1.865e+00,  1.201e+00]]), array([ 5.495e+01,  5.495e+01,  5.495e+01,  5.495e+01,
                        5.495e+01]))
   param_names: ['d', 'e', 'f', 'g']
[0.34541143 0.26933382 1.86532888 1.2013701 ]
{'d': 0.3454114332549513, 'e': 0.2693338195900713, 'f': 1.8653288766354292, 'g': 1.20137009547155}
Previous:  {'d': 0.3467812802203045, 'e': 0.2597813369441865, 'f': 1.8843015284796154, 'g': 1.2051560660783969}
python -u fit_individ_iter.py Box57_1400 0.537169 Box57_1400 0.563471
prev {'d': 0.3454114332549513, 'e': 0.2693338195900713, 'f': 1.8653288766354292, 'g': 1.20137009547155}
Starting ML Fit
Box57_1400
       message: Optimization terminated successfully.
       success: True
        status: 0
           fun: 50.50306215923292
             x: [ 3.417e-01  2.769e-01  1.851e+00  1.196e+00]
           nit: 136
          nfev: 231
 final_simplex: (array([[ 3.417e-01,  2.769e-01,  1.851e+00,  1.196e+00],
                       [ 3.417e-01,  2.768e-01,  1.851e+00,  1.196e+00],
                       ...,
                       [ 3.417e-01,  2.768e-01,  1.851e+00,  1.196e+00],
                       [ 3.417e-01,  2.769e-01,  1.851e+00,  1.196e+00]]), array([ 5.050e+01,  5.050e+01,  5.050e+01,  5.050e+01,
                        5.050e+01]))
   param_names: ['d', 'e', 'f', 'g']
[0.34174676 0.27688486 1.8505535  1.19561759]
{'d': 0.34174675648472275, 'e': 0.27688486494585807, 'f': 1.8505534955898626, 'g': 1.1956175911579143}
Previous:  {'d': 0.3454114332549513, 'e': 0.2693338195900713, 'f': 1.8653288766354292, 'g': 1.20137009547155}
python -u fit_individ_iter.py Box57_1400 0.512095 Box57_1400 0.537169
prev {'d': 0.34174675648472275, 'e': 0.27688486494585807, 'f': 1.8505534955898626, 'g': 1.1956175911579143}
Starting ML Fit
Box57_1400
       message: Optimization terminated successfully.
       success: True
        status: 0
           fun: 51.32060590860168
             x: [ 3.369e-01  2.801e-01  1.847e+00  1.192e+00]
           nit: 96
          nfev: 168
 final_simplex: (array([[ 3.369e-01,  2.801e-01,  1.847e+00,  1.192e+00],
                       [ 3.369e-01,  2.801e-01,  1.847e+00,  1.192e+00],
                       ...,
                       [ 3.369e-01,  2.801e-01,  1.847e+00,  1.192e+00],
                       [ 3.369e-01,  2.800e-01,  1.847e+00,  1.192e+00]]), array([ 5.132e+01,  5.132e+01,  5.132e+01,  5.132e+01,
                        5.132e+01]))
   param_names: ['d', 'e', 'f', 'g']
[0.33688382 0.2800976  1.84729758 1.19230306]
{'d': 0.33688381932315165, 'e': 0.28009760118156923, 'f': 1.8472975772485911, 'g': 1.1923030598812876}
Previous:  {'d': 0.34174675648472275, 'e': 0.27688486494585807, 'f': 1.8505534955898626, 'g': 1.1956175911579143}
python -u fit_individ_iter.py Box57_1400 0.488191 Box57_1400 0.512095
prev {'d': 0.33688381932315165, 'e': 0.28009760118156923, 'f': 1.8472975772485911, 'g': 1.1923030598812876}
Starting ML Fit
Box57_1400
       message: Optimization terminated successfully.
       success: True
        status: 0
           fun: 47.52708181355906
             x: [ 3.284e-01  2.750e-01  1.865e+00  1.191e+00]
           nit: 89
          nfev: 157
 final_simplex: (array([[ 3.284e-01,  2.750e-01,  1.865e+00,  1.191e+00],
                       [ 3.284e-01,  2.751e-01,  1.865e+00,  1.191e+00],
                       ...,
                       [ 3.284e-01,  2.751e-01,  1.865e+00,  1.191e+00],
                       [ 3.284e-01,  2.749e-01,  1.865e+00,  1.191e+00]]), array([ 4.753e+01,  4.753e+01,  4.753e+01,  4.753e+01,
                        4.753e+01]))
   param_names: ['d', 'e', 'f', 'g']
[0.32839614 0.27501054 1.86512862 1.19068156]
{'d': 0.328396142941702, 'e': 0.27501054060935787, 'f': 1.8651286187945333, 'g': 1.1906815608607908}
Previous:  {'d': 0.33688381932315165, 'e': 0.28009760118156923, 'f': 1.8472975772485911, 'g': 1.1923030598812876}
python -u fit_individ_iter.py Box57_1400 0.403224 Box57_1400 0.488191
prev {'d': 0.328396142941702, 'e': 0.27501054060935787, 'f': 1.8651286187945333, 'g': 1.1906815608607908}
Starting ML Fit
Box57_1400
       message: Optimization terminated successfully.
       success: True
        status: 0
           fun: 42.250773977020835
             x: [ 3.118e-01  2.694e-01  1.888e+00  1.192e+00]
           nit: 133
          nfev: 228
 final_simplex: (array([[ 3.118e-01,  2.694e-01,  1.888e+00,  1.192e+00],
                       [ 3.118e-01,  2.693e-01,  1.888e+00,  1.192e+00],
                       ...,
                       [ 3.118e-01,  2.694e-01,  1.888e+00,  1.192e+00],
                       [ 3.118e-01,  2.693e-01,  1.888e+00,  1.192e+00]]), array([ 4.225e+01,  4.225e+01,  4.225e+01,  4.225e+01,
                        4.225e+01]))
   param_names: ['d', 'e', 'f', 'g']
[0.31183302 0.26938366 1.88825324 1.19210291]
{'d': 0.3118330212404676, 'e': 0.2693836563773437, 'f': 1.8882532389805395, 'g': 1.1921029099772324}
Previous:  {'d': 0.328396142941702, 'e': 0.27501054060935787, 'f': 1.8651286187945333, 'g': 1.1906815608607908}
python -u fit_individ_iter.py Box57_1400 0.366459 Box57_1400 0.403224
prev {'d': 0.3118330212404676, 'e': 0.2693836563773437, 'f': 1.8882532389805395, 'g': 1.1921029099772324}
Starting ML Fit
Box57_1400
       message: Optimization terminated successfully.
       success: True
        status: 0
           fun: 23.43547970730855
             x: [ 3.427e-01  2.616e-01  1.894e+00  1.221e+00]
           nit: 135
          nfev: 226
 final_simplex: (array([[ 3.427e-01,  2.616e-01,  1.894e+00,  1.221e+00],
                       [ 3.427e-01,  2.615e-01,  1.894e+00,  1.221e+00],
                       ...,
                       [ 3.427e-01,  2.615e-01,  1.894e+00,  1.221e+00],
                       [ 3.427e-01,  2.615e-01,  1.894e+00,  1.221e+00]]), array([ 2.344e+01,  2.344e+01,  2.344e+01,  2.344e+01,
                        2.344e+01]))
   param_names: ['d', 'e', 'f', 'g']
[0.34269374 0.26156119 1.89407943 1.220645  ]
{'d': 0.3426937405326465, 'e': 0.2615611927433983, 'f': 1.8940794347008492, 'g': 1.2206450014820316}
Previous:  {'d': 0.3118330212404676, 'e': 0.2693836563773437, 'f': 1.8882532389805395, 'g': 1.1921029099772324}
