Curr: Box38_1400, Prev: Box53_1400
alist [1.0, 0.953321, 0.866399, 0.787402, 0.715608, 0.65036, 0.620002, 0.591061, 0.563471, 0.537169, 0.512095, 0.488191, 0.403224, 0.366459]
python -u fit_individ_iter.py Box38_1400 1.000000 Box53_1400 1.000000
Setting dictionary
Computing sigma spline
Initializing CLASS
Computing Sigma from CLASS
Spline Made
prev {'d': 0.5315896204645152, 'e': 1.1349812881253376, 'f': 2.349906752335934, 'g': 1.2904845035411152}
Starting ML Fit
Box38_1400
       message: Optimization terminated successfully.
       success: True
        status: 0
           fun: 8668.539222676387
             x: [ 5.279e-01  1.122e+00  2.350e+00  1.224e+00]
           nit: 120
          nfev: 205
 final_simplex: (array([[ 5.279e-01,  1.122e+00,  2.350e+00,  1.224e+00],
                       [ 5.279e-01,  1.122e+00,  2.350e+00,  1.224e+00],
                       ...,
                       [ 5.279e-01,  1.122e+00,  2.350e+00,  1.224e+00],
                       [ 5.279e-01,  1.122e+00,  2.350e+00,  1.224e+00]]), array([ 8.669e+03,  8.669e+03,  8.669e+03,  8.669e+03,
                        8.669e+03]))
   param_names: ['d', 'e', 'f', 'g']
[0.52794318 1.12198591 2.34985798 1.22412971]
{'d': 0.527943183727438, 'e': 1.1219859126502514, 'f': 2.3498579845120062, 'g': 1.2241297100549726}
Previous:  {'d': 0.5315896204645152, 'e': 1.1349812881253376, 'f': 2.349906752335934, 'g': 1.2904845035411152}
python -u fit_individ_iter.py Box38_1400 0.953321 Box38_1400 1.000000
Setting dictionary
Computing sigma spline
Initializing CLASS
Computing Sigma from CLASS
Spline Made
prev {'d': 0.527943183727438, 'e': 1.1219859126502514, 'f': 2.3498579845120062, 'g': 1.2241297100549726}
Starting ML Fit
Box38_1400
       message: Optimization terminated successfully.
       success: True
        status: 0
           fun: 8490.43661713538
             x: [ 5.175e-01  1.090e+00  2.350e+00  1.223e+00]
           nit: 140
          nfev: 235
 final_simplex: (array([[ 5.175e-01,  1.090e+00,  2.350e+00,  1.223e+00],
                       [ 5.175e-01,  1.090e+00,  2.350e+00,  1.223e+00],
                       ...,
                       [ 5.175e-01,  1.090e+00,  2.350e+00,  1.223e+00],
                       [ 5.175e-01,  1.090e+00,  2.350e+00,  1.223e+00]]), array([ 8.490e+03,  8.490e+03,  8.490e+03,  8.490e+03,
                        8.490e+03]))
   param_names: ['d', 'e', 'f', 'g']
[0.51745508 1.09007203 2.35018769 1.22334644]
{'d': 0.5174550780813638, 'e': 1.0900720334924345, 'f': 2.350187692399488, 'g': 1.2233464375394776}
Previous:  {'d': 0.527943183727438, 'e': 1.1219859126502514, 'f': 2.3498579845120062, 'g': 1.2241297100549726}
python -u fit_individ_iter.py Box38_1400 0.866399 Box38_1400 0.953321
Setting dictionary
Computing sigma spline
Initializing CLASS
Computing Sigma from CLASS
Spline Made
prev {'d': 0.5174550780813638, 'e': 1.0900720334924345, 'f': 2.350187692399488, 'g': 1.2233464375394776}
Starting ML Fit
Box38_1400
       message: Optimization terminated successfully.
       success: True
        status: 0
           fun: 17209.340044551485
             x: [ 4.969e-01  1.055e+00  2.351e+00  1.231e+00]
           nit: 123
          nfev: 222
 final_simplex: (array([[ 4.969e-01,  1.055e+00,  2.351e+00,  1.231e+00],
                       [ 4.969e-01,  1.055e+00,  2.351e+00,  1.231e+00],
                       ...,
                       [ 4.969e-01,  1.055e+00,  2.351e+00,  1.231e+00],
                       [ 4.969e-01,  1.055e+00,  2.351e+00,  1.231e+00]]), array([ 1.721e+04,  1.721e+04,  1.721e+04,  1.721e+04,
                        1.721e+04]))
   param_names: ['d', 'e', 'f', 'g']
[0.49686551 1.05540369 2.35107343 1.2306222 ]
{'d': 0.4968655110184391, 'e': 1.0554036856487532, 'f': 2.3510734349803117, 'g': 1.2306222013291113}
Previous:  {'d': 0.5174550780813638, 'e': 1.0900720334924345, 'f': 2.350187692399488, 'g': 1.2233464375394776}
python -u fit_individ_iter.py Box38_1400 0.787402 Box38_1400 0.866399
Setting dictionary
Computing sigma spline
Initializing CLASS
Computing Sigma from CLASS
Spline Made
prev {'d': 0.4968655110184391, 'e': 1.0554036856487532, 'f': 2.3510734349803117, 'g': 1.2306222013291113}
Starting ML Fit
Box38_1400
       message: Optimization terminated successfully.
       success: True
        status: 0
           fun: 17454.556610059404
             x: [ 4.811e-01  1.018e+00  2.353e+00  1.232e+00]
           nit: 124
          nfev: 212
 final_simplex: (array([[ 4.811e-01,  1.018e+00,  2.353e+00,  1.232e+00],
                       [ 4.811e-01,  1.018e+00,  2.353e+00,  1.232e+00],
                       ...,
                       [ 4.811e-01,  1.018e+00,  2.353e+00,  1.232e+00],
                       [ 4.811e-01,  1.018e+00,  2.353e+00,  1.232e+00]]), array([ 1.745e+04,  1.745e+04,  1.745e+04,  1.745e+04,
                        1.745e+04]))
   param_names: ['d', 'e', 'f', 'g']
[0.4811218  1.01768816 2.35282051 1.23192108]
{'d': 0.4811217986560221, 'e': 1.0176881562248994, 'f': 2.352820513603631, 'g': 1.2319210808972603}
Previous:  {'d': 0.4968655110184391, 'e': 1.0554036856487532, 'f': 2.3510734349803117, 'g': 1.2306222013291113}
python -u fit_individ_iter.py Box38_1400 0.715608 Box38_1400 0.787402
Setting dictionary
Computing sigma spline
Initializing CLASS
Computing Sigma from CLASS
Spline Made
prev {'d': 0.4811217986560221, 'e': 1.0176881562248994, 'f': 2.352820513603631, 'g': 1.2319210808972603}
Starting ML Fit
Box38_1400
       message: Optimization terminated successfully.
       success: True
        status: 0
           fun: 13803.360611549931
             x: [ 4.650e-01  9.839e-01  2.355e+00  1.234e+00]
           nit: 110
          nfev: 192
 final_simplex: (array([[ 4.650e-01,  9.839e-01,  2.355e+00,  1.234e+00],
                       [ 4.650e-01,  9.839e-01,  2.355e+00,  1.234e+00],
                       ...,
                       [ 4.650e-01,  9.839e-01,  2.355e+00,  1.234e+00],
                       [ 4.650e-01,  9.839e-01,  2.355e+00,  1.234e+00]]), array([ 1.380e+04,  1.380e+04,  1.380e+04,  1.380e+04,
                        1.380e+04]))
   param_names: ['d', 'e', 'f', 'g']
[0.46495797 0.98387848 2.35489897 1.23421253]
{'d': 0.4649579717493849, 'e': 0.983878478481676, 'f': 2.354898967238501, 'g': 1.2342125282741558}
Previous:  {'d': 0.4811217986560221, 'e': 1.0176881562248994, 'f': 2.352820513603631, 'g': 1.2319210808972603}
python -u fit_individ_iter.py Box38_1400 0.650360 Box38_1400 0.715608
Setting dictionary
Computing sigma spline
Initializing CLASS
Computing Sigma from CLASS
Spline Made
prev {'d': 0.4649579717493849, 'e': 0.983878478481676, 'f': 2.354898967238501, 'g': 1.2342125282741558}
Starting ML Fit
Box38_1400
       message: Optimization terminated successfully.
       success: True
        status: 0
           fun: 7677.451189888097
             x: [ 4.541e-01  9.754e-01  2.355e+00  1.241e+00]
           nit: 103
          nfev: 179
 final_simplex: (array([[ 4.541e-01,  9.754e-01,  2.355e+00,  1.241e+00],
                       [ 4.541e-01,  9.754e-01,  2.355e+00,  1.241e+00],
                       ...,
                       [ 4.540e-01,  9.754e-01,  2.355e+00,  1.241e+00],
                       [ 4.541e-01,  9.754e-01,  2.355e+00,  1.241e+00]]), array([ 7.677e+03,  7.677e+03,  7.677e+03,  7.677e+03,
                        7.677e+03]))
   param_names: ['d', 'e', 'f', 'g']
[0.45405242 0.97541123 2.35491503 1.24050267]
{'d': 0.45405241560299964, 'e': 0.9754112299781004, 'f': 2.3549150336816753, 'g': 1.24050266572411}
Previous:  {'d': 0.4649579717493849, 'e': 0.983878478481676, 'f': 2.354898967238501, 'g': 1.2342125282741558}
python -u fit_individ_iter.py Box38_1400 0.620002 Box38_1400 0.650360
Setting dictionary
Computing sigma spline
Initializing CLASS
Computing Sigma from CLASS
Spline Made
prev {'d': 0.45405241560299964, 'e': 0.9754112299781004, 'f': 2.3549150336816753, 'g': 1.24050266572411}
Starting ML Fit
Box38_1400
       message: Optimization terminated successfully.
       success: True
        status: 0
           fun: 8595.428556140887
             x: [ 4.486e-01  9.691e-01  2.356e+00  1.244e+00]
           nit: 99
          nfev: 177
 final_simplex: (array([[ 4.486e-01,  9.691e-01,  2.356e+00,  1.244e+00],
                       [ 4.486e-01,  9.692e-01,  2.356e+00,  1.244e+00],
                       ...,
                       [ 4.486e-01,  9.691e-01,  2.356e+00,  1.244e+00],
                       [ 4.486e-01,  9.691e-01,  2.356e+00,  1.244e+00]]), array([ 8.595e+03,  8.595e+03,  8.595e+03,  8.595e+03,
                        8.595e+03]))
   param_names: ['d', 'e', 'f', 'g']
[0.44864765 0.96913157 2.35552388 1.24374641]
{'d': 0.4486476489138301, 'e': 0.9691315662311658, 'f': 2.3555238842228743, 'g': 1.2437464125463398}
Previous:  {'d': 0.45405241560299964, 'e': 0.9754112299781004, 'f': 2.3549150336816753, 'g': 1.24050266572411}
python -u fit_individ_iter.py Box38_1400 0.591061 Box38_1400 0.620002
Setting dictionary
Computing sigma spline
Initializing CLASS
Computing Sigma from CLASS
Spline Made
prev {'d': 0.4486476489138301, 'e': 0.9691315662311658, 'f': 2.3555238842228743, 'g': 1.2437464125463398}
Starting ML Fit
Box38_1400
       message: Optimization terminated successfully.
       success: True
        status: 0
           fun: 7194.265080439107
             x: [ 4.412e-01  9.713e-01  2.355e+00  1.242e+00]
           nit: 92
          nfev: 166
 final_simplex: (array([[ 4.412e-01,  9.713e-01,  2.355e+00,  1.242e+00],
                       [ 4.412e-01,  9.713e-01,  2.355e+00,  1.242e+00],
                       ...,
                       [ 4.412e-01,  9.713e-01,  2.355e+00,  1.242e+00],
                       [ 4.412e-01,  9.713e-01,  2.355e+00,  1.242e+00]]), array([ 7.194e+03,  7.194e+03,  7.194e+03,  7.194e+03,
                        7.194e+03]))
   param_names: ['d', 'e', 'f', 'g']
[0.44122308 0.9712943  2.35489657 1.24243059]
{'d': 0.4412230756786789, 'e': 0.9712943022287153, 'f': 2.354896574148121, 'g': 1.2424305928563828}
Previous:  {'d': 0.4486476489138301, 'e': 0.9691315662311658, 'f': 2.3555238842228743, 'g': 1.2437464125463398}
python -u fit_individ_iter.py Box38_1400 0.563471 Box38_1400 0.591061
Setting dictionary
Computing sigma spline
Initializing CLASS
Computing Sigma from CLASS
Spline Made
prev {'d': 0.4412230756786789, 'e': 0.9712943022287153, 'f': 2.354896574148121, 'g': 1.2424305928563828}
Starting ML Fit
Box38_1400
       message: Optimization terminated successfully.
       success: True
        status: 0
           fun: 8759.237651439385
             x: [ 4.375e-01  9.826e-01  2.353e+00  1.245e+00]
           nit: 89
          nfev: 156
 final_simplex: (array([[ 4.375e-01,  9.826e-01,  2.353e+00,  1.245e+00],
                       [ 4.375e-01,  9.826e-01,  2.353e+00,  1.245e+00],
                       ...,
                       [ 4.375e-01,  9.827e-01,  2.353e+00,  1.245e+00],
                       [ 4.375e-01,  9.826e-01,  2.353e+00,  1.245e+00]]), array([ 8.759e+03,  8.759e+03,  8.759e+03,  8.759e+03,
                        8.759e+03]))
   param_names: ['d', 'e', 'f', 'g']
[0.43752257 0.9826332  2.35292531 1.24493196]
{'d': 0.43752257482210766, 'e': 0.9826332040345216, 'f': 2.3529253091756432, 'g': 1.2449319571391984}
Previous:  {'d': 0.4412230756786789, 'e': 0.9712943022287153, 'f': 2.354896574148121, 'g': 1.2424305928563828}
python -u fit_individ_iter.py Box38_1400 0.537169 Box38_1400 0.563471
Setting dictionary
Computing sigma spline
Initializing CLASS
Computing Sigma from CLASS
Spline Made
prev {'d': 0.43752257482210766, 'e': 0.9826332040345216, 'f': 2.3529253091756432, 'g': 1.2449319571391984}
Starting ML Fit
Box38_1400
       message: Optimization terminated successfully.
       success: True
        status: 0
           fun: 14704.614078046296
             x: [ 4.313e-01  9.714e-01  2.355e+00  1.245e+00]
           nit: 102
          nfev: 181
 final_simplex: (array([[ 4.313e-01,  9.714e-01,  2.355e+00,  1.245e+00],
                       [ 4.313e-01,  9.714e-01,  2.355e+00,  1.245e+00],
                       ...,
                       [ 4.313e-01,  9.714e-01,  2.355e+00,  1.245e+00],
                       [ 4.313e-01,  9.714e-01,  2.355e+00,  1.245e+00]]), array([ 1.470e+04,  1.470e+04,  1.470e+04,  1.470e+04,
                        1.470e+04]))
   param_names: ['d', 'e', 'f', 'g']
[0.43126983 0.9714272  2.35540554 1.24450915]
{'d': 0.431269826750066, 'e': 0.9714271985016341, 'f': 2.3554055435104058, 'g': 1.2445091528542047}
Previous:  {'d': 0.43752257482210766, 'e': 0.9826332040345216, 'f': 2.3529253091756432, 'g': 1.2449319571391984}
python -u fit_individ_iter.py Box38_1400 0.512095 Box38_1400 0.537169
Setting dictionary
Computing sigma spline
Initializing CLASS
Computing Sigma from CLASS
Spline Made
prev {'d': 0.431269826750066, 'e': 0.9714271985016341, 'f': 2.3554055435104058, 'g': 1.2445091528542047}
Starting ML Fit
Box38_1400
       message: Optimization terminated successfully.
       success: True
        status: 0
           fun: 6687.64273842611
             x: [ 4.244e-01  9.714e-01  2.355e+00  1.242e+00]
           nit: 85
          nfev: 155
 final_simplex: (array([[ 4.244e-01,  9.714e-01,  2.355e+00,  1.242e+00],
                       [ 4.244e-01,  9.714e-01,  2.355e+00,  1.242e+00],
                       ...,
                       [ 4.244e-01,  9.714e-01,  2.355e+00,  1.242e+00],
                       [ 4.244e-01,  9.714e-01,  2.355e+00,  1.242e+00]]), array([ 6.688e+03,  6.688e+03,  6.688e+03,  6.688e+03,
                        6.688e+03]))
   param_names: ['d', 'e', 'f', 'g']
[0.4244176  0.97143138 2.35521651 1.2417267 ]
{'d': 0.4244176017711895, 'e': 0.9714313773623464, 'f': 2.3552165106036065, 'g': 1.2417266962417126}
Previous:  {'d': 0.431269826750066, 'e': 0.9714271985016341, 'f': 2.3554055435104058, 'g': 1.2445091528542047}
python -u fit_individ_iter.py Box38_1400 0.488191 Box38_1400 0.512095
Setting dictionary
Computing sigma spline
Initializing CLASS
Computing Sigma from CLASS
Spline Made
prev {'d': 0.4244176017711895, 'e': 0.9714313773623464, 'f': 2.3552165106036065, 'g': 1.2417266962417126}
Starting ML Fit
Box38_1400
       message: Optimization terminated successfully.
       success: True
        status: 0
           fun: 4314.027855098758
             x: [ 4.197e-01  9.687e-01  2.356e+00  1.244e+00]
           nit: 99
          nfev: 178
 final_simplex: (array([[ 4.197e-01,  9.687e-01,  2.356e+00,  1.244e+00],
                       [ 4.197e-01,  9.687e-01,  2.356e+00,  1.244e+00],
                       ...,
                       [ 4.197e-01,  9.687e-01,  2.356e+00,  1.244e+00],
                       [ 4.197e-01,  9.687e-01,  2.356e+00,  1.244e+00]]), array([ 4.314e+03,  4.314e+03,  4.314e+03,  4.314e+03,
                        4.314e+03]))
   param_names: ['d', 'e', 'f', 'g']
[0.41965889 0.96866597 2.35557252 1.24421211]
{'d': 0.41965888516890104, 'e': 0.968665967791475, 'f': 2.3555725230202498, 'g': 1.2442121084604199}
Previous:  {'d': 0.4244176017711895, 'e': 0.9714313773623464, 'f': 2.3552165106036065, 'g': 1.2417266962417126}
python -u fit_individ_iter.py Box38_1400 0.403224 Box38_1400 0.488191
Setting dictionary
Computing sigma spline
Initializing CLASS
Computing Sigma from CLASS
Spline Made
prev {'d': 0.41965888516890104, 'e': 0.968665967791475, 'f': 2.3555725230202498, 'g': 1.2442121084604199}
Starting ML Fit
Box38_1400
       message: Optimization terminated successfully.
       success: True
        status: 0
           fun: 3607.073445010363
             x: [ 4.093e-01  9.828e-01  2.352e+00  1.251e+00]
           nit: 103
          nfev: 181
 final_simplex: (array([[ 4.093e-01,  9.828e-01,  2.352e+00,  1.251e+00],
                       [ 4.093e-01,  9.827e-01,  2.352e+00,  1.251e+00],
                       ...,
                       [ 4.093e-01,  9.828e-01,  2.352e+00,  1.251e+00],
                       [ 4.093e-01,  9.827e-01,  2.352e+00,  1.251e+00]]), array([ 3.607e+03,  3.607e+03,  3.607e+03,  3.607e+03,
                        3.607e+03]))
   param_names: ['d', 'e', 'f', 'g']
[0.40925827 0.98276657 2.3518718  1.25125828]
{'d': 0.4092582681484144, 'e': 0.9827665686300089, 'f': 2.3518717976731374, 'g': 1.2512582779308203}
Previous:  {'d': 0.41965888516890104, 'e': 0.968665967791475, 'f': 2.3555725230202498, 'g': 1.2442121084604199}
python -u fit_individ_iter.py Box38_1400 0.366459 Box38_1400 0.403224
Setting dictionary
Computing sigma spline
Initializing CLASS
Computing Sigma from CLASS
Spline Made
prev {'d': 0.4092582681484144, 'e': 0.9827665686300089, 'f': 2.3518717976731374, 'g': 1.2512582779308203}
Starting ML Fit
Box38_1400
       message: Optimization terminated successfully.
       success: True
        status: 0
           fun: 5287.339438915118
             x: [ 4.006e-01  9.914e-01  2.349e+00  1.250e+00]
           nit: 77
          nfev: 143
 final_simplex: (array([[ 4.006e-01,  9.914e-01,  2.349e+00,  1.250e+00],
                       [ 4.006e-01,  9.914e-01,  2.349e+00,  1.250e+00],
                       ...,
                       [ 4.006e-01,  9.914e-01,  2.349e+00,  1.250e+00],
                       [ 4.006e-01,  9.914e-01,  2.349e+00,  1.250e+00]]), array([ 5.287e+03,  5.287e+03,  5.287e+03,  5.287e+03,
                        5.287e+03]))
   param_names: ['d', 'e', 'f', 'g']
[0.40055971 0.99139178 2.3492808  1.24983412]
{'d': 0.40055971246193406, 'e': 0.9913917771841589, 'f': 2.34928079519884, 'g': 1.24983412242474}
Previous:  {'d': 0.4092582681484144, 'e': 0.9827665686300089, 'f': 2.3518717976731374, 'g': 1.2512582779308203}
