Curr: Box_n50_21_1400, Prev: Box_n50_0_1400
alist [1.0, 0.953321, 0.866399, 0.787402, 0.715608, 0.65036, 0.620002, 0.591061, 0.563471, 0.537169, 0.512095, 0.488191, 0.403224, 0.366459]
python -u fit_individ_iter.py Box_n50_21_1400 1.000000 Box_n50_0_1400 1.000000
Setting dictionary
Computing sigma spline
Initializing CLASS
Computing Sigma from CLASS
Spline Made
prev {'d': 0.5409393828872678, 'e': 1.2000000028373095, 'f': 2.3446555682156593, 'g': 1.2825851022666925}
Starting ML Fit
Box_n50_21_1400
       message: Optimization terminated successfully.
       success: True
        status: 0
           fun: 9737.800520899083
             x: [ 5.268e-01  1.103e+00  2.347e+00  1.298e+00]
           nit: 107
          nfev: 190
 final_simplex: (array([[ 5.268e-01,  1.103e+00,  2.347e+00,  1.298e+00],
                       [ 5.268e-01,  1.103e+00,  2.347e+00,  1.298e+00],
                       ...,
                       [ 5.268e-01,  1.103e+00,  2.347e+00,  1.298e+00],
                       [ 5.268e-01,  1.103e+00,  2.347e+00,  1.298e+00]]), array([ 9.738e+03,  9.738e+03,  9.738e+03,  9.738e+03,
                        9.738e+03]))
   param_names: ['d', 'e', 'f', 'g']
[0.52684147 1.10326068 2.34729927 1.29842104]
{'d': 0.526841473756561, 'e': 1.1032606841999526, 'f': 2.3472992658413054, 'g': 1.2984210371706393}
Previous:  {'d': 0.5409393828872678, 'e': 1.2000000028373095, 'f': 2.3446555682156593, 'g': 1.2825851022666925}
python -u fit_individ_iter.py Box_n50_21_1400 0.953321 Box_n50_21_1400 1.000000
Setting dictionary
Computing sigma spline
Initializing CLASS
Computing Sigma from CLASS
Spline Made
prev {'d': 0.526841473756561, 'e': 1.1032606841999526, 'f': 2.3472992658413054, 'g': 1.2984210371706393}
Starting ML Fit
Box_n50_21_1400
       message: Optimization terminated successfully.
       success: True
        status: 0
           fun: 10373.426564920774
             x: [ 5.139e-01  1.023e+00  2.349e+00  1.305e+00]
           nit: 94
          nfev: 164
 final_simplex: (array([[ 5.139e-01,  1.023e+00,  2.349e+00,  1.305e+00],
                       [ 5.139e-01,  1.023e+00,  2.349e+00,  1.305e+00],
                       ...,
                       [ 5.139e-01,  1.023e+00,  2.349e+00,  1.305e+00],
                       [ 5.139e-01,  1.023e+00,  2.349e+00,  1.305e+00]]), array([ 1.037e+04,  1.037e+04,  1.037e+04,  1.037e+04,
                        1.037e+04]))
   param_names: ['d', 'e', 'f', 'g']
[0.51392796 1.02254386 2.34938349 1.30453239]
{'d': 0.5139279584696979, 'e': 1.0225438602061958, 'f': 2.3493834903272615, 'g': 1.3045323930337296}
Previous:  {'d': 0.526841473756561, 'e': 1.1032606841999526, 'f': 2.3472992658413054, 'g': 1.2984210371706393}
python -u fit_individ_iter.py Box_n50_21_1400 0.866399 Box_n50_21_1400 0.953321
Setting dictionary
Computing sigma spline
Initializing CLASS
Computing Sigma from CLASS
Spline Made
prev {'d': 0.5139279584696979, 'e': 1.0225438602061958, 'f': 2.3493834903272615, 'g': 1.3045323930337296}
Starting ML Fit
Box_n50_21_1400
       message: Optimization terminated successfully.
       success: True
        status: 0
           fun: 9774.551056880124
             x: [ 4.920e-01  9.261e-01  2.354e+00  1.315e+00]
           nit: 115
          nfev: 204
 final_simplex: (array([[ 4.920e-01,  9.261e-01,  2.354e+00,  1.315e+00],
                       [ 4.920e-01,  9.260e-01,  2.354e+00,  1.315e+00],
                       ...,
                       [ 4.920e-01,  9.260e-01,  2.354e+00,  1.315e+00],
                       [ 4.920e-01,  9.260e-01,  2.354e+00,  1.315e+00]]), array([ 9.775e+03,  9.775e+03,  9.775e+03,  9.775e+03,
                        9.775e+03]))
   param_names: ['d', 'e', 'f', 'g']
[0.49204957 0.92605565 2.35393203 1.3146481 ]
{'d': 0.4920495690503106, 'e': 0.9260556463336812, 'f': 2.353932025354092, 'g': 1.3146481013261309}
Previous:  {'d': 0.5139279584696979, 'e': 1.0225438602061958, 'f': 2.3493834903272615, 'g': 1.3045323930337296}
python -u fit_individ_iter.py Box_n50_21_1400 0.787402 Box_n50_21_1400 0.866399
Setting dictionary
Computing sigma spline
Initializing CLASS
Computing Sigma from CLASS
Spline Made
prev {'d': 0.4920495690503106, 'e': 0.9260556463336812, 'f': 2.353932025354092, 'g': 1.3146481013261309}
Starting ML Fit
Box_n50_21_1400
       message: Optimization terminated successfully.
       success: True
        status: 0
           fun: 10422.606879874565
             x: [ 4.743e-01  8.465e-01  2.358e+00  1.320e+00]
           nit: 96
          nfev: 172
 final_simplex: (array([[ 4.743e-01,  8.465e-01,  2.358e+00,  1.320e+00],
                       [ 4.743e-01,  8.465e-01,  2.358e+00,  1.320e+00],
                       ...,
                       [ 4.743e-01,  8.465e-01,  2.358e+00,  1.320e+00],
                       [ 4.743e-01,  8.465e-01,  2.358e+00,  1.320e+00]]), array([ 1.042e+04,  1.042e+04,  1.042e+04,  1.042e+04,
                        1.042e+04]))
   param_names: ['d', 'e', 'f', 'g']
[0.47430632 0.84652207 2.35846386 1.31993456]
{'d': 0.47430632088055136, 'e': 0.8465220667786792, 'f': 2.3584638563532563, 'g': 1.3199345637858093}
Previous:  {'d': 0.4920495690503106, 'e': 0.9260556463336812, 'f': 2.353932025354092, 'g': 1.3146481013261309}
python -u fit_individ_iter.py Box_n50_21_1400 0.715608 Box_n50_21_1400 0.787402
Setting dictionary
Computing sigma spline
Initializing CLASS
Computing Sigma from CLASS
Spline Made
prev {'d': 0.47430632088055136, 'e': 0.8465220667786792, 'f': 2.3584638563532563, 'g': 1.3199345637858093}
Starting ML Fit
Box_n50_21_1400
       message: Optimization terminated successfully.
       success: True
        status: 0
           fun: 15195.09835878746
             x: [ 4.616e-01  8.441e-01  2.356e+00  1.318e+00]
           nit: 113
          nfev: 197
 final_simplex: (array([[ 4.616e-01,  8.441e-01,  2.356e+00,  1.318e+00],
                       [ 4.616e-01,  8.441e-01,  2.356e+00,  1.318e+00],
                       ...,
                       [ 4.616e-01,  8.441e-01,  2.356e+00,  1.318e+00],
                       [ 4.616e-01,  8.441e-01,  2.356e+00,  1.318e+00]]), array([ 1.520e+04,  1.520e+04,  1.520e+04,  1.520e+04,
                        1.520e+04]))
   param_names: ['d', 'e', 'f', 'g']
[0.46161119 0.84409634 2.35628959 1.31778766]
{'d': 0.46161118815680413, 'e': 0.8440963352306525, 'f': 2.3562895921577445, 'g': 1.3177876618759568}
Previous:  {'d': 0.47430632088055136, 'e': 0.8465220667786792, 'f': 2.3584638563532563, 'g': 1.3199345637858093}
python -u fit_individ_iter.py Box_n50_21_1400 0.650360 Box_n50_21_1400 0.715608
Setting dictionary
Computing sigma spline
Initializing CLASS
Computing Sigma from CLASS
Spline Made
prev {'d': 0.46161118815680413, 'e': 0.8440963352306525, 'f': 2.3562895921577445, 'g': 1.3177876618759568}
Starting ML Fit
Box_n50_21_1400
       message: Optimization terminated successfully.
       success: True
        status: 0
           fun: 6895.94747551408
             x: [ 4.507e-01  8.473e-01  2.354e+00  1.309e+00]
           nit: 101
          nfev: 184
 final_simplex: (array([[ 4.507e-01,  8.473e-01,  2.354e+00,  1.309e+00],
                       [ 4.507e-01,  8.473e-01,  2.354e+00,  1.309e+00],
                       ...,
                       [ 4.507e-01,  8.473e-01,  2.354e+00,  1.309e+00],
                       [ 4.507e-01,  8.473e-01,  2.354e+00,  1.309e+00]]), array([ 6.896e+03,  6.896e+03,  6.896e+03,  6.896e+03,
                        6.896e+03]))
   param_names: ['d', 'e', 'f', 'g']
[0.4507116  0.84727016 2.35373151 1.30904865]
{'d': 0.4507115990117248, 'e': 0.8472701598212798, 'f': 2.353731507344311, 'g': 1.3090486544268034}
Previous:  {'d': 0.46161118815680413, 'e': 0.8440963352306525, 'f': 2.3562895921577445, 'g': 1.3177876618759568}
python -u fit_individ_iter.py Box_n50_21_1400 0.620002 Box_n50_21_1400 0.650360
Setting dictionary
Computing sigma spline
Initializing CLASS
Computing Sigma from CLASS
Spline Made
prev {'d': 0.4507115990117248, 'e': 0.8472701598212798, 'f': 2.353731507344311, 'g': 1.3090486544268034}
Starting ML Fit
Box_n50_21_1400
       message: Optimization terminated successfully.
       success: True
        status: 0
           fun: 9759.81432800838
             x: [ 4.444e-01  8.563e-01  2.351e+00  1.303e+00]
           nit: 99
          nfev: 172
 final_simplex: (array([[ 4.444e-01,  8.563e-01,  2.351e+00,  1.303e+00],
                       [ 4.444e-01,  8.563e-01,  2.351e+00,  1.303e+00],
                       ...,
                       [ 4.444e-01,  8.563e-01,  2.351e+00,  1.303e+00],
                       [ 4.444e-01,  8.563e-01,  2.351e+00,  1.303e+00]]), array([ 9.760e+03,  9.760e+03,  9.760e+03,  9.760e+03,
                        9.760e+03]))
   param_names: ['d', 'e', 'f', 'g']
[0.44440042 0.85626547 2.35067901 1.30321774]
{'d': 0.44440042151197195, 'e': 0.8562654736985087, 'f': 2.35067900705997, 'g': 1.3032177393560243}
Previous:  {'d': 0.4507115990117248, 'e': 0.8472701598212798, 'f': 2.353731507344311, 'g': 1.3090486544268034}
python -u fit_individ_iter.py Box_n50_21_1400 0.591061 Box_n50_21_1400 0.620002
Setting dictionary
Computing sigma spline
Initializing CLASS
Computing Sigma from CLASS
Spline Made
prev {'d': 0.44440042151197195, 'e': 0.8562654736985087, 'f': 2.35067900705997, 'g': 1.3032177393560243}
Starting ML Fit
Box_n50_21_1400
       message: Optimization terminated successfully.
       success: True
        status: 0
           fun: 10942.417827625282
             x: [ 4.375e-01  8.487e-01  2.350e+00  1.298e+00]
           nit: 105
          nfev: 188
 final_simplex: (array([[ 4.375e-01,  8.487e-01,  2.350e+00,  1.298e+00],
                       [ 4.375e-01,  8.487e-01,  2.350e+00,  1.298e+00],
                       ...,
                       [ 4.375e-01,  8.487e-01,  2.350e+00,  1.298e+00],
                       [ 4.375e-01,  8.487e-01,  2.350e+00,  1.298e+00]]), array([ 1.094e+04,  1.094e+04,  1.094e+04,  1.094e+04,
                        1.094e+04]))
   param_names: ['d', 'e', 'f', 'g']
[0.43751751 0.84871135 2.35016656 1.29844229]
{'d': 0.43751750895798025, 'e': 0.8487113531975206, 'f': 2.350166564151463, 'g': 1.298442294609619}
Previous:  {'d': 0.44440042151197195, 'e': 0.8562654736985087, 'f': 2.35067900705997, 'g': 1.3032177393560243}
python -u fit_individ_iter.py Box_n50_21_1400 0.563471 Box_n50_21_1400 0.591061
Setting dictionary
Computing sigma spline
Initializing CLASS
Computing Sigma from CLASS
Spline Made
prev {'d': 0.43751750895798025, 'e': 0.8487113531975206, 'f': 2.350166564151463, 'g': 1.298442294609619}
Starting ML Fit
Box_n50_21_1400
       message: Optimization terminated successfully.
       success: True
        status: 0
           fun: 6300.420361791917
             x: [ 4.336e-01  8.520e-01  2.349e+00  1.294e+00]
           nit: 87
          nfev: 159
 final_simplex: (array([[ 4.336e-01,  8.520e-01,  2.349e+00,  1.294e+00],
                       [ 4.336e-01,  8.520e-01,  2.349e+00,  1.294e+00],
                       ...,
                       [ 4.336e-01,  8.520e-01,  2.349e+00,  1.294e+00],
                       [ 4.336e-01,  8.520e-01,  2.349e+00,  1.294e+00]]), array([ 6.300e+03,  6.300e+03,  6.300e+03,  6.300e+03,
                        6.300e+03]))
   param_names: ['d', 'e', 'f', 'g']
[0.43358657 0.85203265 2.34860669 1.29433232]
{'d': 0.4335865717140249, 'e': 0.8520326487927566, 'f': 2.3486066924544335, 'g': 1.294332324641558}
Previous:  {'d': 0.43751750895798025, 'e': 0.8487113531975206, 'f': 2.350166564151463, 'g': 1.298442294609619}
python -u fit_individ_iter.py Box_n50_21_1400 0.537169 Box_n50_21_1400 0.563471
Setting dictionary
Computing sigma spline
Initializing CLASS
Computing Sigma from CLASS
Spline Made
prev {'d': 0.4335865717140249, 'e': 0.8520326487927566, 'f': 2.3486066924544335, 'g': 1.294332324641558}
Starting ML Fit
Box_n50_21_1400
       message: Optimization terminated successfully.
       success: True
        status: 0
           fun: 4800.122013355973
             x: [ 4.292e-01  8.627e-01  2.346e+00  1.290e+00]
           nit: 69
          nfev: 129
 final_simplex: (array([[ 4.292e-01,  8.627e-01,  2.346e+00,  1.290e+00],
                       [ 4.292e-01,  8.627e-01,  2.346e+00,  1.290e+00],
                       ...,
                       [ 4.292e-01,  8.627e-01,  2.346e+00,  1.290e+00],
                       [ 4.292e-01,  8.627e-01,  2.346e+00,  1.290e+00]]), array([ 4.800e+03,  4.800e+03,  4.800e+03,  4.800e+03,
                        4.800e+03]))
   param_names: ['d', 'e', 'f', 'g']
[0.42916797 0.86269227 2.34599894 1.2897892 ]
{'d': 0.42916797006450835, 'e': 0.8626922742523311, 'f': 2.3459989435338264, 'g': 1.289789195545421}
Previous:  {'d': 0.4335865717140249, 'e': 0.8520326487927566, 'f': 2.3486066924544335, 'g': 1.294332324641558}
python -u fit_individ_iter.py Box_n50_21_1400 0.512095 Box_n50_21_1400 0.537169
Setting dictionary
Computing sigma spline
Initializing CLASS
Computing Sigma from CLASS
Spline Made
prev {'d': 0.42916797006450835, 'e': 0.8626922742523311, 'f': 2.3459989435338264, 'g': 1.289789195545421}
Starting ML Fit
Box_n50_21_1400
       message: Optimization terminated successfully.
       success: True
        status: 0
           fun: 6329.702176520583
             x: [ 4.221e-01  8.530e-01  2.347e+00  1.288e+00]
           nit: 100
          nfev: 171
 final_simplex: (array([[ 4.221e-01,  8.530e-01,  2.347e+00,  1.288e+00],
                       [ 4.221e-01,  8.530e-01,  2.347e+00,  1.288e+00],
                       ...,
                       [ 4.221e-01,  8.530e-01,  2.347e+00,  1.288e+00],
                       [ 4.221e-01,  8.530e-01,  2.347e+00,  1.288e+00]]), array([ 6.330e+03,  6.330e+03,  6.330e+03,  6.330e+03,
                        6.330e+03]))
   param_names: ['d', 'e', 'f', 'g']
[0.42212019 0.85299026 2.34743711 1.28755257]
{'d': 0.422120193938458, 'e': 0.8529902617483069, 'f': 2.347437110382927, 'g': 1.2875525723034729}
Previous:  {'d': 0.42916797006450835, 'e': 0.8626922742523311, 'f': 2.3459989435338264, 'g': 1.289789195545421}
python -u fit_individ_iter.py Box_n50_21_1400 0.488191 Box_n50_21_1400 0.512095
Setting dictionary
Computing sigma spline
Initializing CLASS
Computing Sigma from CLASS
Spline Made
prev {'d': 0.422120193938458, 'e': 0.8529902617483069, 'f': 2.347437110382927, 'g': 1.2875525723034729}
Starting ML Fit
Box_n50_21_1400
       message: Optimization terminated successfully.
       success: True
        status: 0
           fun: 5569.974360071477
             x: [ 4.146e-01  8.433e-01  2.349e+00  1.279e+00]
           nit: 110
          nfev: 193
 final_simplex: (array([[ 4.146e-01,  8.433e-01,  2.349e+00,  1.279e+00],
                       [ 4.146e-01,  8.433e-01,  2.349e+00,  1.279e+00],
                       ...,
                       [ 4.146e-01,  8.434e-01,  2.349e+00,  1.279e+00],
                       [ 4.146e-01,  8.433e-01,  2.349e+00,  1.279e+00]]), array([ 5.570e+03,  5.570e+03,  5.570e+03,  5.570e+03,
                        5.570e+03]))
   param_names: ['d', 'e', 'f', 'g']
[0.41464703 0.84333446 2.34917814 1.27925784]
{'d': 0.41464703021869603, 'e': 0.8433344581284771, 'f': 2.349178139507399, 'g': 1.2792578355394204}
Previous:  {'d': 0.422120193938458, 'e': 0.8529902617483069, 'f': 2.347437110382927, 'g': 1.2875525723034729}
python -u fit_individ_iter.py Box_n50_21_1400 0.403224 Box_n50_21_1400 0.488191
Setting dictionary
Computing sigma spline
Initializing CLASS
Computing Sigma from CLASS
Spline Made
prev {'d': 0.41464703021869603, 'e': 0.8433344581284771, 'f': 2.349178139507399, 'g': 1.2792578355394204}
Starting ML Fit
Box_n50_21_1400
       message: Optimization terminated successfully.
       success: True
        status: 0
           fun: 3778.691685920247
             x: [ 4.000e-01  8.434e-01  2.349e+00  1.273e+00]
           nit: 108
          nfev: 192
 final_simplex: (array([[ 4.000e-01,  8.434e-01,  2.349e+00,  1.273e+00],
                       [ 4.000e-01,  8.434e-01,  2.349e+00,  1.273e+00],
                       ...,
                       [ 4.000e-01,  8.434e-01,  2.349e+00,  1.273e+00],
                       [ 4.000e-01,  8.434e-01,  2.349e+00,  1.273e+00]]), array([ 3.779e+03,  3.779e+03,  3.779e+03,  3.779e+03,
                        3.779e+03]))
   param_names: ['d', 'e', 'f', 'g']
[0.39996537 0.8434058  2.34934579 1.27252695]
{'d': 0.39996536540052763, 'e': 0.8434057960909156, 'f': 2.349345787303983, 'g': 1.27252694774708}
Previous:  {'d': 0.41464703021869603, 'e': 0.8433344581284771, 'f': 2.349178139507399, 'g': 1.2792578355394204}
python -u fit_individ_iter.py Box_n50_21_1400 0.366459 Box_n50_21_1400 0.403224
Setting dictionary
Computing sigma spline
Initializing CLASS
Computing Sigma from CLASS
Spline Made
prev {'d': 0.39996536540052763, 'e': 0.8434057960909156, 'f': 2.349345787303983, 'g': 1.27252694774708}
Starting ML Fit
Box_n50_21_1400
       message: Optimization terminated successfully.
       success: True
        status: 0
           fun: 3678.428864498351
             x: [ 3.902e-01  8.460e-01  2.349e+00  1.266e+00]
           nit: 87
          nfev: 153
 final_simplex: (array([[ 3.902e-01,  8.460e-01,  2.349e+00,  1.266e+00],
                       [ 3.902e-01,  8.460e-01,  2.349e+00,  1.266e+00],
                       ...,
                       [ 3.902e-01,  8.460e-01,  2.349e+00,  1.266e+00],
                       [ 3.902e-01,  8.460e-01,  2.349e+00,  1.266e+00]]), array([ 3.678e+03,  3.678e+03,  3.678e+03,  3.678e+03,
                        3.678e+03]))
   param_names: ['d', 'e', 'f', 'g']
[0.39019631 0.84599714 2.34850571 1.26630483]
{'d': 0.39019630859586435, 'e': 0.8459971384777698, 'f': 2.3485057110523706, 'g': 1.266304833862907}
Previous:  {'d': 0.39996536540052763, 'e': 0.8434057960909156, 'f': 2.349345787303983, 'g': 1.27252694774708}
