Curr: Box88_1400, Prev: Box66_1400
alist [1.0, 0.953321, 0.866399, 0.787402, 0.715608, 0.65036, 0.620002, 0.591061, 0.563471, 0.537169, 0.512095, 0.488191, 0.403224, 0.366459]
python -u fit_individ_iter.py Box88_1400 1.000000 Box66_1400 1.000000
prev {'d': 0.47863815322086445, 'e': 0.4246021993825758, 'f': 1.641850724120403, 'g': 1.189762659900015}
Starting ML Fit
Box88_1400
       message: Optimization terminated successfully.
       success: True
        status: 0
           fun: 144.41290258206698
             x: [ 4.707e-01  4.085e-01  1.616e+00  1.198e+00]
           nit: 113
          nfev: 203
 final_simplex: (array([[ 4.707e-01,  4.085e-01,  1.616e+00,  1.198e+00],
                       [ 4.707e-01,  4.085e-01,  1.616e+00,  1.198e+00],
                       ...,
                       [ 4.707e-01,  4.085e-01,  1.616e+00,  1.198e+00],
                       [ 4.707e-01,  4.085e-01,  1.616e+00,  1.198e+00]]), array([ 1.444e+02,  1.444e+02,  1.444e+02,  1.444e+02,
                        1.444e+02]))
   param_names: ['d', 'e', 'f', 'g']
[0.47065449 0.40848293 1.61637822 1.1982296 ]
{'d': 0.4706544860568156, 'e': 0.40848293174155154, 'f': 1.6163782202938934, 'g': 1.198229599835646}
Previous:  {'d': 0.47863815322086445, 'e': 0.4246021993825758, 'f': 1.641850724120403, 'g': 1.189762659900015}
python -u fit_individ_iter.py Box88_1400 0.953321 Box88_1400 1.000000
prev {'d': 0.4706544860568156, 'e': 0.40848293174155154, 'f': 1.6163782202938934, 'g': 1.198229599835646}
Starting ML Fit
Box88_1400
       message: Optimization terminated successfully.
       success: True
        status: 0
           fun: 144.72706006031527
             x: [ 4.618e-01  3.943e-01  1.614e+00  1.198e+00]
           nit: 107
          nfev: 187
 final_simplex: (array([[ 4.618e-01,  3.943e-01,  1.614e+00,  1.198e+00],
                       [ 4.618e-01,  3.942e-01,  1.614e+00,  1.198e+00],
                       ...,
                       [ 4.618e-01,  3.943e-01,  1.614e+00,  1.198e+00],
                       [ 4.618e-01,  3.943e-01,  1.614e+00,  1.198e+00]]), array([ 1.447e+02,  1.447e+02,  1.447e+02,  1.447e+02,
                        1.447e+02]))
   param_names: ['d', 'e', 'f', 'g']
[0.4618325  0.39427157 1.61426396 1.19812974]
{'d': 0.4618324952326807, 'e': 0.3942715669776522, 'f': 1.614263962641357, 'g': 1.1981297397872273}
Previous:  {'d': 0.4706544860568156, 'e': 0.40848293174155154, 'f': 1.6163782202938934, 'g': 1.198229599835646}
python -u fit_individ_iter.py Box88_1400 0.866399 Box88_1400 0.953321
prev {'d': 0.4618324952326807, 'e': 0.3942715669776522, 'f': 1.614263962641357, 'g': 1.1981297397872273}
Starting ML Fit
Box88_1400
       message: Optimization terminated successfully.
       success: True
        status: 0
           fun: 147.28645583193605
             x: [ 4.441e-01  3.488e-01  1.646e+00  1.211e+00]
           nit: 161
          nfev: 275
 final_simplex: (array([[ 4.441e-01,  3.488e-01,  1.646e+00,  1.211e+00],
                       [ 4.441e-01,  3.488e-01,  1.646e+00,  1.211e+00],
                       ...,
                       [ 4.441e-01,  3.489e-01,  1.646e+00,  1.211e+00],
                       [ 4.441e-01,  3.489e-01,  1.646e+00,  1.211e+00]]), array([ 1.473e+02,  1.473e+02,  1.473e+02,  1.473e+02,
                        1.473e+02]))
   param_names: ['d', 'e', 'f', 'g']
[0.44410363 0.34881967 1.64629775 1.21139627]
{'d': 0.4441036335145691, 'e': 0.3488196673307099, 'f': 1.646297749767712, 'g': 1.2113962719453393}
Previous:  {'d': 0.4618324952326807, 'e': 0.3942715669776522, 'f': 1.614263962641357, 'g': 1.1981297397872273}
python -u fit_individ_iter.py Box88_1400 0.787402 Box88_1400 0.866399
prev {'d': 0.4441036335145691, 'e': 0.3488196673307099, 'f': 1.646297749767712, 'g': 1.2113962719453393}
Starting ML Fit
Box88_1400
       message: Optimization terminated successfully.
       success: True
        status: 0
           fun: 138.94259521066377
             x: [ 4.281e-01  3.214e-01  1.650e+00  1.212e+00]
           nit: 121
          nfev: 206
 final_simplex: (array([[ 4.281e-01,  3.214e-01,  1.650e+00,  1.212e+00],
                       [ 4.281e-01,  3.215e-01,  1.650e+00,  1.212e+00],
                       ...,
                       [ 4.281e-01,  3.214e-01,  1.650e+00,  1.212e+00],
                       [ 4.281e-01,  3.215e-01,  1.650e+00,  1.212e+00]]), array([ 1.389e+02,  1.389e+02,  1.389e+02,  1.389e+02,
                        1.389e+02]))
   param_names: ['d', 'e', 'f', 'g']
[0.42811386 0.32142688 1.65010482 1.21201894]
{'d': 0.4281138634791199, 'e': 0.321426879422289, 'f': 1.6501048244889656, 'g': 1.2120189389212852}
Previous:  {'d': 0.4441036335145691, 'e': 0.3488196673307099, 'f': 1.646297749767712, 'g': 1.2113962719453393}
python -u fit_individ_iter.py Box88_1400 0.715608 Box88_1400 0.787402
prev {'d': 0.4281138634791199, 'e': 0.321426879422289, 'f': 1.6501048244889656, 'g': 1.2120189389212852}
Starting ML Fit
Box88_1400
       message: Optimization terminated successfully.
       success: True
        status: 0
           fun: 130.89786731038592
             x: [ 4.128e-01  2.962e-01  1.653e+00  1.209e+00]
           nit: 140
          nfev: 234
 final_simplex: (array([[ 4.128e-01,  2.962e-01,  1.653e+00,  1.209e+00],
                       [ 4.128e-01,  2.963e-01,  1.653e+00,  1.209e+00],
                       ...,
                       [ 4.128e-01,  2.963e-01,  1.653e+00,  1.209e+00],
                       [ 4.128e-01,  2.962e-01,  1.653e+00,  1.209e+00]]), array([ 1.309e+02,  1.309e+02,  1.309e+02,  1.309e+02,
                        1.309e+02]))
   param_names: ['d', 'e', 'f', 'g']
[0.41277219 0.2961973  1.65320035 1.20919329]
{'d': 0.41277219497213, 'e': 0.29619729695628716, 'f': 1.6532003521339373, 'g': 1.2091932877409375}
Previous:  {'d': 0.4281138634791199, 'e': 0.321426879422289, 'f': 1.6501048244889656, 'g': 1.2120189389212852}
python -u fit_individ_iter.py Box88_1400 0.650360 Box88_1400 0.715608
prev {'d': 0.41277219497213, 'e': 0.29619729695628716, 'f': 1.6532003521339373, 'g': 1.2091932877409375}
Starting ML Fit
Box88_1400
       message: Optimization terminated successfully.
       success: True
        status: 0
           fun: 133.2376708714484
             x: [ 3.985e-01  2.699e-01  1.662e+00  1.211e+00]
           nit: 134
          nfev: 231
 final_simplex: (array([[ 3.985e-01,  2.699e-01,  1.662e+00,  1.211e+00],
                       [ 3.985e-01,  2.698e-01,  1.662e+00,  1.211e+00],
                       ...,
                       [ 3.985e-01,  2.698e-01,  1.662e+00,  1.211e+00],
                       [ 3.985e-01,  2.699e-01,  1.662e+00,  1.211e+00]]), array([ 1.332e+02,  1.332e+02,  1.332e+02,  1.332e+02,
                        1.332e+02]))
   param_names: ['d', 'e', 'f', 'g']
[0.39853198 0.26989715 1.66204079 1.21067348]
{'d': 0.39853198138524426, 'e': 0.2698971458719689, 'f': 1.6620407855539983, 'g': 1.2106734807455146}
Previous:  {'d': 0.41277219497213, 'e': 0.29619729695628716, 'f': 1.6532003521339373, 'g': 1.2091932877409375}
python -u fit_individ_iter.py Box88_1400 0.620002 Box88_1400 0.650360
prev {'d': 0.39853198138524426, 'e': 0.2698971458719689, 'f': 1.6620407855539983, 'g': 1.2106734807455146}
Starting ML Fit
Box88_1400
       message: Optimization terminated successfully.
       success: True
        status: 0
           fun: 124.92683359791306
             x: [ 3.903e-01  2.458e-01  1.676e+00  1.216e+00]
           nit: 159
          nfev: 265
 final_simplex: (array([[ 3.903e-01,  2.458e-01,  1.676e+00,  1.216e+00],
                       [ 3.903e-01,  2.459e-01,  1.676e+00,  1.216e+00],
                       ...,
                       [ 3.903e-01,  2.459e-01,  1.676e+00,  1.216e+00],
                       [ 3.903e-01,  2.459e-01,  1.676e+00,  1.216e+00]]), array([ 1.249e+02,  1.249e+02,  1.249e+02,  1.249e+02,
                        1.249e+02]))
   param_names: ['d', 'e', 'f', 'g']
[0.39030649 0.24582209 1.67573161 1.21608299]
{'d': 0.39030649215047053, 'e': 0.24582208904754033, 'f': 1.675731614512418, 'g': 1.216082994802811}
Previous:  {'d': 0.39853198138524426, 'e': 0.2698971458719689, 'f': 1.6620407855539983, 'g': 1.2106734807455146}
python -u fit_individ_iter.py Box88_1400 0.591061 Box88_1400 0.620002
prev {'d': 0.39030649215047053, 'e': 0.24582208904754033, 'f': 1.675731614512418, 'g': 1.216082994802811}
Starting ML Fit
Box88_1400
       message: Optimization terminated successfully.
       success: True
        status: 0
           fun: 123.79853536433595
             x: [ 3.824e-01  2.226e-01  1.691e+00  1.222e+00]
           nit: 135
          nfev: 237
 final_simplex: (array([[ 3.824e-01,  2.226e-01,  1.691e+00,  1.222e+00],
                       [ 3.823e-01,  2.226e-01,  1.691e+00,  1.222e+00],
                       ...,
                       [ 3.823e-01,  2.226e-01,  1.691e+00,  1.222e+00],
                       [ 3.824e-01,  2.227e-01,  1.691e+00,  1.222e+00]]), array([ 1.238e+02,  1.238e+02,  1.238e+02,  1.238e+02,
                        1.238e+02]))
   param_names: ['d', 'e', 'f', 'g']
[0.38235454 0.22262925 1.69126809 1.22200726]
{'d': 0.38235453582890566, 'e': 0.22262924984545165, 'f': 1.6912680867551781, 'g': 1.2220072602878451}
Previous:  {'d': 0.39030649215047053, 'e': 0.24582208904754033, 'f': 1.675731614512418, 'g': 1.216082994802811}
python -u fit_individ_iter.py Box88_1400 0.563471 Box88_1400 0.591061
prev {'d': 0.38235453582890566, 'e': 0.22262924984545165, 'f': 1.6912680867551781, 'g': 1.2220072602878451}
Starting ML Fit
Box88_1400
       message: Optimization terminated successfully.
       success: True
        status: 0
           fun: 116.70351338136189
             x: [ 3.724e-01  1.908e-01  1.722e+00  1.233e+00]
           nit: 135
          nfev: 234
 final_simplex: (array([[ 3.724e-01,  1.908e-01,  1.722e+00,  1.233e+00],
                       [ 3.724e-01,  1.908e-01,  1.722e+00,  1.233e+00],
                       ...,
                       [ 3.723e-01,  1.907e-01,  1.722e+00,  1.233e+00],
                       [ 3.724e-01,  1.908e-01,  1.722e+00,  1.233e+00]]), array([ 1.167e+02,  1.167e+02,  1.167e+02,  1.167e+02,
                        1.167e+02]))
   param_names: ['d', 'e', 'f', 'g']
[0.37236722 0.19078615 1.72211183 1.23344154]
{'d': 0.37236721673026973, 'e': 0.19078614979406686, 'f': 1.7221118311003982, 'g': 1.2334415418192957}
Previous:  {'d': 0.38235453582890566, 'e': 0.22262924984545165, 'f': 1.6912680867551781, 'g': 1.2220072602878451}
python -u fit_individ_iter.py Box88_1400 0.537169 Box88_1400 0.563471
prev {'d': 0.37236721673026973, 'e': 0.19078614979406686, 'f': 1.7221118311003982, 'g': 1.2334415418192957}
Starting ML Fit
Box88_1400
       message: Optimization terminated successfully.
       success: True
        status: 0
           fun: 108.76265029459873
             x: [ 3.638e-01  1.706e-01  1.737e+00  1.237e+00]
           nit: 171
          nfev: 282
 final_simplex: (array([[ 3.638e-01,  1.706e-01,  1.737e+00,  1.237e+00],
                       [ 3.638e-01,  1.706e-01,  1.737e+00,  1.237e+00],
                       ...,
                       [ 3.638e-01,  1.706e-01,  1.737e+00,  1.237e+00],
                       [ 3.638e-01,  1.706e-01,  1.737e+00,  1.237e+00]]), array([ 1.088e+02,  1.088e+02,  1.088e+02,  1.088e+02,
                        1.088e+02]))
   param_names: ['d', 'e', 'f', 'g']
[0.36382212 0.17058856 1.73718721 1.23701434]
{'d': 0.36382211815816895, 'e': 0.17058856008221449, 'f': 1.737187205679522, 'g': 1.2370143422596773}
Previous:  {'d': 0.37236721673026973, 'e': 0.19078614979406686, 'f': 1.7221118311003982, 'g': 1.2334415418192957}
python -u fit_individ_iter.py Box88_1400 0.512095 Box88_1400 0.537169
prev {'d': 0.36382211815816895, 'e': 0.17058856008221449, 'f': 1.737187205679522, 'g': 1.2370143422596773}
Starting ML Fit
Box88_1400
       message: Optimization terminated successfully.
       success: True
        status: 0
           fun: 98.17850276012096
             x: [ 3.518e-01  1.385e-01  1.755e+00  1.244e+00]
           nit: 129
          nfev: 223
 final_simplex: (array([[ 3.518e-01,  1.385e-01,  1.755e+00,  1.244e+00],
                       [ 3.518e-01,  1.385e-01,  1.755e+00,  1.244e+00],
                       ...,
                       [ 3.519e-01,  1.385e-01,  1.755e+00,  1.244e+00],
                       [ 3.518e-01,  1.385e-01,  1.755e+00,  1.244e+00]]), array([ 9.818e+01,  9.818e+01,  9.818e+01,  9.818e+01,
                        9.818e+01]))
   param_names: ['d', 'e', 'f', 'g']
[0.35184657 0.13850346 1.75532582 1.24403234]
{'d': 0.35184657059466284, 'e': 0.13850346068950214, 'f': 1.7553258232635347, 'g': 1.2440323445004182}
Previous:  {'d': 0.36382211815816895, 'e': 0.17058856008221449, 'f': 1.737187205679522, 'g': 1.2370143422596773}
python -u fit_individ_iter.py Box88_1400 0.488191 Box88_1400 0.512095
prev {'d': 0.35184657059466284, 'e': 0.13850346068950214, 'f': 1.7553258232635347, 'g': 1.2440323445004182}
Starting ML Fit
Box88_1400
       message: Optimization terminated successfully.
       success: True
        status: 0
           fun: 109.49944441843205
             x: [ 3.363e-01  1.034e-01  1.761e+00  1.247e+00]
           nit: 121
          nfev: 214
 final_simplex: (array([[ 3.363e-01,  1.034e-01,  1.761e+00,  1.247e+00],
                       [ 3.363e-01,  1.034e-01,  1.761e+00,  1.247e+00],
                       ...,
                       [ 3.363e-01,  1.033e-01,  1.761e+00,  1.247e+00],
                       [ 3.363e-01,  1.034e-01,  1.761e+00,  1.247e+00]]), array([ 1.095e+02,  1.095e+02,  1.095e+02,  1.095e+02,
                        1.095e+02]))
   param_names: ['d', 'e', 'f', 'g']
[0.33630041 0.10341113 1.76083073 1.24688792]
{'d': 0.33630041277410533, 'e': 0.10341113094677444, 'f': 1.7608307295134447, 'g': 1.2468879244541045}
Previous:  {'d': 0.35184657059466284, 'e': 0.13850346068950214, 'f': 1.7553258232635347, 'g': 1.2440323445004182}
python -u fit_individ_iter.py Box88_1400 0.403224 Box88_1400 0.488191
prev {'d': 0.33630041277410533, 'e': 0.10341113094677444, 'f': 1.7608307295134447, 'g': 1.2468879244541045}
Starting ML Fit
Box88_1400
       message: Optimization terminated successfully.
       success: True
        status: 0
           fun: 81.74942660556825
             x: [ 3.105e-01  7.670e-02  1.785e+00  1.237e+00]
           nit: 188
          nfev: 315
 final_simplex: (array([[ 3.105e-01,  7.670e-02,  1.785e+00,  1.237e+00],
                       [ 3.105e-01,  7.665e-02,  1.785e+00,  1.237e+00],
                       ...,
                       [ 3.105e-01,  7.662e-02,  1.785e+00,  1.237e+00],
                       [ 3.105e-01,  7.669e-02,  1.785e+00,  1.237e+00]]), array([ 8.175e+01,  8.175e+01,  8.175e+01,  8.175e+01,
                        8.175e+01]))
   param_names: ['d', 'e', 'f', 'g']
[0.31049399 0.07669833 1.78460519 1.2372455 ]
{'d': 0.31049398892893937, 'e': 0.07669832909455893, 'f': 1.7846051858126701, 'g': 1.2372454957720476}
Previous:  {'d': 0.33630041277410533, 'e': 0.10341113094677444, 'f': 1.7608307295134447, 'g': 1.2468879244541045}
python -u fit_individ_iter.py Box88_1400 0.366459 Box88_1400 0.403224
prev {'d': 0.31049398892893937, 'e': 0.07669832909455893, 'f': 1.7846051858126701, 'g': 1.2372454957720476}
Starting ML Fit
Box88_1400
       message: Optimization terminated successfully.
       success: True
        status: 0
           fun: 78.13384171635921
             x: [ 2.788e-01  3.411e-02  1.813e+00  1.244e+00]
           nit: 275
          nfev: 457
 final_simplex: (array([[ 2.788e-01,  3.411e-02,  1.813e+00,  1.244e+00],
                       [ 2.787e-01,  3.407e-02,  1.813e+00,  1.244e+00],
                       ...,
                       [ 2.787e-01,  3.407e-02,  1.813e+00,  1.244e+00],
                       [ 2.787e-01,  3.407e-02,  1.813e+00,  1.244e+00]]), array([ 7.813e+01,  7.813e+01,  7.813e+01,  7.813e+01,
                        7.813e+01]))
   param_names: ['d', 'e', 'f', 'g']
[0.27877571 0.03410849 1.81266775 1.24366377]
{'d': 0.278775709861383, 'e': 0.03410848601675173, 'f': 1.8126677523958978, 'g': 1.2436637712449707}
Previous:  {'d': 0.31049398892893937, 'e': 0.07669832909455893, 'f': 1.7846051858126701, 'g': 1.2372454957720476}
