Curr: Box_n50_27_1400, Prev: Box_n50_13_1400
alist [1.0, 0.953321, 0.866399, 0.787402, 0.715608, 0.65036, 0.620002, 0.591061, 0.563471, 0.537169, 0.512095, 0.488191, 0.403224, 0.366459]
python -u fit_individ_iter.py Box_n50_27_1400 1.000000 Box_n50_13_1400 1.000000
prev {'d': 0.43389960117926263, 'e': 0.30544407844003607, 'f': 1.65902512819757, 'g': 1.2054398928949488}
Starting ML Fit
Box_n50_27_1400
       message: Optimization terminated successfully.
       success: True
        status: 0
           fun: 112.99285702692808
             x: [ 4.277e-01  3.062e-01  1.658e+00  1.184e+00]
           nit: 68
          nfev: 118
 final_simplex: (array([[ 4.277e-01,  3.062e-01,  1.658e+00,  1.184e+00],
                       [ 4.277e-01,  3.062e-01,  1.658e+00,  1.184e+00],
                       ...,
                       [ 4.277e-01,  3.062e-01,  1.658e+00,  1.184e+00],
                       [ 4.277e-01,  3.062e-01,  1.658e+00,  1.184e+00]]), array([ 1.130e+02,  1.130e+02,  1.130e+02,  1.130e+02,
                        1.130e+02]))
   param_names: ['d', 'e', 'f', 'g']
[0.42774943 0.30622782 1.65815547 1.18425022]
{'d': 0.42774943395627274, 'e': 0.30622782081613753, 'f': 1.6581554663623093, 'g': 1.1842502215051267}
Previous:  {'d': 0.43389960117926263, 'e': 0.30544407844003607, 'f': 1.65902512819757, 'g': 1.2054398928949488}
python -u fit_individ_iter.py Box_n50_27_1400 0.953321 Box_n50_27_1400 1.000000
prev {'d': 0.42774943395627274, 'e': 0.30622782081613753, 'f': 1.6581554663623093, 'g': 1.1842502215051267}
Starting ML Fit
Box_n50_27_1400
       message: Optimization terminated successfully.
       success: True
        status: 0
           fun: 118.00640863483673
             x: [ 4.201e-01  3.064e-01  1.658e+00  1.180e+00]
           nit: 63
          nfev: 111
 final_simplex: (array([[ 4.201e-01,  3.064e-01,  1.658e+00,  1.180e+00],
                       [ 4.201e-01,  3.064e-01,  1.658e+00,  1.180e+00],
                       ...,
                       [ 4.201e-01,  3.065e-01,  1.658e+00,  1.180e+00],
                       [ 4.201e-01,  3.064e-01,  1.658e+00,  1.180e+00]]), array([ 1.180e+02,  1.180e+02,  1.180e+02,  1.180e+02,
                        1.180e+02]))
   param_names: ['d', 'e', 'f', 'g']
[0.42007232 0.30640708 1.65814341 1.17966503]
{'d': 0.4200723166057595, 'e': 0.3064070844383897, 'f': 1.6581434116115292, 'g': 1.1796650264508979}
Previous:  {'d': 0.42774943395627274, 'e': 0.30622782081613753, 'f': 1.6581554663623093, 'g': 1.1842502215051267}
python -u fit_individ_iter.py Box_n50_27_1400 0.866399 Box_n50_27_1400 0.953321
prev {'d': 0.4200723166057595, 'e': 0.3064070844383897, 'f': 1.6581434116115292, 'g': 1.1796650264508979}
Starting ML Fit
Box_n50_27_1400
       message: Optimization terminated successfully.
       success: True
        status: 0
           fun: 107.6628837888817
             x: [ 4.069e-01  3.057e-01  1.659e+00  1.176e+00]
           nit: 83
          nfev: 142
 final_simplex: (array([[ 4.069e-01,  3.057e-01,  1.659e+00,  1.176e+00],
                       [ 4.069e-01,  3.058e-01,  1.659e+00,  1.176e+00],
                       ...,
                       [ 4.069e-01,  3.057e-01,  1.659e+00,  1.176e+00],
                       [ 4.069e-01,  3.058e-01,  1.659e+00,  1.176e+00]]), array([ 1.077e+02,  1.077e+02,  1.077e+02,  1.077e+02,
                        1.077e+02]))
   param_names: ['d', 'e', 'f', 'g']
[0.40688855 0.30568873 1.65922752 1.17628053]
{'d': 0.4068885539929013, 'e': 0.3056887272453968, 'f': 1.6592275170061241, 'g': 1.1762805347075116}
Previous:  {'d': 0.4200723166057595, 'e': 0.3064070844383897, 'f': 1.6581434116115292, 'g': 1.1796650264508979}
python -u fit_individ_iter.py Box_n50_27_1400 0.787402 Box_n50_27_1400 0.866399
prev {'d': 0.4068885539929013, 'e': 0.3056887272453968, 'f': 1.6592275170061241, 'g': 1.1762805347075116}
Starting ML Fit
Box_n50_27_1400
       message: Optimization terminated successfully.
       success: True
        status: 0
           fun: 98.12433602888143
             x: [ 3.935e-01  3.047e-01  1.660e+00  1.169e+00]
           nit: 70
          nfev: 124
 final_simplex: (array([[ 3.935e-01,  3.047e-01,  1.660e+00,  1.169e+00],
                       [ 3.936e-01,  3.048e-01,  1.661e+00,  1.169e+00],
                       ...,
                       [ 3.936e-01,  3.048e-01,  1.660e+00,  1.169e+00],
                       [ 3.935e-01,  3.047e-01,  1.660e+00,  1.169e+00]]), array([ 9.812e+01,  9.812e+01,  9.812e+01,  9.812e+01,
                        9.812e+01]))
   param_names: ['d', 'e', 'f', 'g']
[0.39354634 0.30471048 1.66043636 1.16884274]
{'d': 0.3935463406724613, 'e': 0.30471048376656484, 'f': 1.6604363567488614, 'g': 1.168842740015731}
Previous:  {'d': 0.4068885539929013, 'e': 0.3056887272453968, 'f': 1.6592275170061241, 'g': 1.1762805347075116}
python -u fit_individ_iter.py Box_n50_27_1400 0.715608 Box_n50_27_1400 0.787402
prev {'d': 0.3935463406724613, 'e': 0.30471048376656484, 'f': 1.6604363567488614, 'g': 1.168842740015731}
Starting ML Fit
Box_n50_27_1400
       message: Optimization terminated successfully.
       success: True
        status: 0
           fun: 102.55357616963666
             x: [ 3.827e-01  3.037e-01  1.662e+00  1.167e+00]
           nit: 73
          nfev: 131
 final_simplex: (array([[ 3.827e-01,  3.037e-01,  1.662e+00,  1.167e+00],
                       [ 3.827e-01,  3.037e-01,  1.662e+00,  1.167e+00],
                       ...,
                       [ 3.827e-01,  3.038e-01,  1.662e+00,  1.167e+00],
                       [ 3.827e-01,  3.038e-01,  1.662e+00,  1.167e+00]]), array([ 1.026e+02,  1.026e+02,  1.026e+02,  1.026e+02,
                        1.026e+02]))
   param_names: ['d', 'e', 'f', 'g']
[0.3827375  0.3037033  1.66200696 1.16668616]
{'d': 0.382737504749014, 'e': 0.3037032960042604, 'f': 1.6620069635899897, 'g': 1.1666861625443015}
Previous:  {'d': 0.3935463406724613, 'e': 0.30471048376656484, 'f': 1.6604363567488614, 'g': 1.168842740015731}
python -u fit_individ_iter.py Box_n50_27_1400 0.650360 Box_n50_27_1400 0.715608
prev {'d': 0.382737504749014, 'e': 0.3037032960042604, 'f': 1.6620069635899897, 'g': 1.1666861625443015}
Starting ML Fit
Box_n50_27_1400
       message: Optimization terminated successfully.
       success: True
        status: 0
           fun: 94.49276171610921
             x: [ 3.728e-01  3.028e-01  1.664e+00  1.164e+00]
           nit: 91
          nfev: 152
 final_simplex: (array([[ 3.728e-01,  3.028e-01,  1.664e+00,  1.164e+00],
                       [ 3.728e-01,  3.028e-01,  1.664e+00,  1.163e+00],
                       ...,
                       [ 3.728e-01,  3.027e-01,  1.664e+00,  1.164e+00],
                       [ 3.728e-01,  3.028e-01,  1.664e+00,  1.163e+00]]), array([ 9.449e+01,  9.449e+01,  9.449e+01,  9.449e+01,
                        9.449e+01]))
   param_names: ['d', 'e', 'f', 'g']
[0.37283825 0.30275446 1.66353241 1.16350851]
{'d': 0.37283825166226325, 'e': 0.3027544633728999, 'f': 1.6635324109189855, 'g': 1.1635085129985971}
Previous:  {'d': 0.382737504749014, 'e': 0.3037032960042604, 'f': 1.6620069635899897, 'g': 1.1666861625443015}
python -u fit_individ_iter.py Box_n50_27_1400 0.620002 Box_n50_27_1400 0.650360
prev {'d': 0.37283825166226325, 'e': 0.3027544633728999, 'f': 1.6635324109189855, 'g': 1.1635085129985971}
Starting ML Fit
Box_n50_27_1400
       message: Optimization terminated successfully.
       success: True
        status: 0
           fun: 90.7954947288243
             x: [ 3.679e-01  3.017e-01  1.665e+00  1.161e+00]
           nit: 59
          nfev: 108
 final_simplex: (array([[ 3.679e-01,  3.017e-01,  1.665e+00,  1.161e+00],
                       [ 3.679e-01,  3.016e-01,  1.665e+00,  1.161e+00],
                       ...,
                       [ 3.679e-01,  3.017e-01,  1.665e+00,  1.161e+00],
                       [ 3.679e-01,  3.017e-01,  1.665e+00,  1.161e+00]]), array([ 9.080e+01,  9.080e+01,  9.080e+01,  9.080e+01,
                        9.080e+01]))
   param_names: ['d', 'e', 'f', 'g']
[0.36789894 0.30168674 1.66542475 1.16114017]
{'d': 0.36789893700365733, 'e': 0.3016867419822876, 'f': 1.665424745501992, 'g': 1.1611401679954925}
Previous:  {'d': 0.37283825166226325, 'e': 0.3027544633728999, 'f': 1.6635324109189855, 'g': 1.1635085129985971}
python -u fit_individ_iter.py Box_n50_27_1400 0.591061 Box_n50_27_1400 0.620002
prev {'d': 0.36789893700365733, 'e': 0.3016867419822876, 'f': 1.665424745501992, 'g': 1.1611401679954925}
Starting ML Fit
Box_n50_27_1400
       message: Optimization terminated successfully.
       success: True
        status: 0
           fun: 88.39194779272282
             x: [ 3.628e-01  3.006e-01  1.667e+00  1.158e+00]
           nit: 56
          nfev: 105
 final_simplex: (array([[ 3.628e-01,  3.006e-01,  1.667e+00,  1.158e+00],
                       [ 3.628e-01,  3.007e-01,  1.667e+00,  1.158e+00],
                       ...,
                       [ 3.628e-01,  3.007e-01,  1.667e+00,  1.158e+00],
                       [ 3.628e-01,  3.006e-01,  1.667e+00,  1.158e+00]]), array([ 8.839e+01,  8.839e+01,  8.839e+01,  8.839e+01,
                        8.839e+01]))
   param_names: ['d', 'e', 'f', 'g']
[0.36279021 0.3006497  1.66714501 1.15788247]
{'d': 0.3627902070318366, 'e': 0.30064969644861295, 'f': 1.6671450101272767, 'g': 1.1578824707742026}
Previous:  {'d': 0.36789893700365733, 'e': 0.3016867419822876, 'f': 1.665424745501992, 'g': 1.1611401679954925}
python -u fit_individ_iter.py Box_n50_27_1400 0.563471 Box_n50_27_1400 0.591061
prev {'d': 0.3627902070318366, 'e': 0.30064969644861295, 'f': 1.6671450101272767, 'g': 1.1578824707742026}
Starting ML Fit
Box_n50_27_1400
       message: Optimization terminated successfully.
       success: True
        status: 0
           fun: 83.01806410649614
             x: [ 3.585e-01  2.996e-01  1.669e+00  1.157e+00]
           nit: 58
          nfev: 106
 final_simplex: (array([[ 3.585e-01,  2.996e-01,  1.669e+00,  1.157e+00],
                       [ 3.585e-01,  2.996e-01,  1.669e+00,  1.157e+00],
                       ...,
                       [ 3.585e-01,  2.997e-01,  1.669e+00,  1.157e+00],
                       [ 3.585e-01,  2.997e-01,  1.669e+00,  1.157e+00]]), array([ 8.302e+01,  8.302e+01,  8.302e+01,  8.302e+01,
                        8.302e+01]))
   param_names: ['d', 'e', 'f', 'g']
[0.35849064 0.29963838 1.66893309 1.15668925]
{'d': 0.3584906403789551, 'e': 0.29963838497949247, 'f': 1.66893308833557, 'g': 1.1566892456271607}
Previous:  {'d': 0.3627902070318366, 'e': 0.30064969644861295, 'f': 1.6671450101272767, 'g': 1.1578824707742026}
python -u fit_individ_iter.py Box_n50_27_1400 0.537169 Box_n50_27_1400 0.563471
prev {'d': 0.3584906403789551, 'e': 0.29963838497949247, 'f': 1.66893308833557, 'g': 1.1566892456271607}
Starting ML Fit
Box_n50_27_1400
       message: Optimization terminated successfully.
       success: True
        status: 0
           fun: 83.05570272156211
             x: [ 3.549e-01  2.988e-01  1.670e+00  1.156e+00]
           nit: 55
          nfev: 103
 final_simplex: (array([[ 3.549e-01,  2.988e-01,  1.670e+00,  1.156e+00],
                       [ 3.550e-01,  2.989e-01,  1.670e+00,  1.156e+00],
                       ...,
                       [ 3.549e-01,  2.989e-01,  1.670e+00,  1.156e+00],
                       [ 3.550e-01,  2.989e-01,  1.670e+00,  1.156e+00]]), array([ 8.306e+01,  8.306e+01,  8.306e+01,  8.306e+01,
                        8.306e+01]))
   param_names: ['d', 'e', 'f', 'g']
[0.35494211 0.2988341  1.67031954 1.15585414]
{'d': 0.35494211286807253, 'e': 0.29883409700368835, 'f': 1.6703195412339906, 'g': 1.1558541355023264}
Previous:  {'d': 0.3584906403789551, 'e': 0.29963838497949247, 'f': 1.66893308833557, 'g': 1.1566892456271607}
python -u fit_individ_iter.py Box_n50_27_1400 0.512095 Box_n50_27_1400 0.537169
prev {'d': 0.35494211286807253, 'e': 0.29883409700368835, 'f': 1.6703195412339906, 'g': 1.1558541355023264}
Starting ML Fit
Box_n50_27_1400
       message: Optimization terminated successfully.
       success: True
        status: 0
           fun: 80.57115092096464
             x: [ 3.512e-01  2.980e-01  1.672e+00  1.154e+00]
           nit: 61
          nfev: 110
 final_simplex: (array([[ 3.512e-01,  2.980e-01,  1.672e+00,  1.154e+00],
                       [ 3.512e-01,  2.979e-01,  1.672e+00,  1.154e+00],
                       ...,
                       [ 3.512e-01,  2.979e-01,  1.672e+00,  1.154e+00],
                       [ 3.512e-01,  2.980e-01,  1.672e+00,  1.154e+00]]), array([ 8.057e+01,  8.057e+01,  8.057e+01,  8.057e+01,
                        8.057e+01]))
   param_names: ['d', 'e', 'f', 'g']
[0.35123469 0.29801387 1.67192306 1.15392916]
{'d': 0.35123469197737506, 'e': 0.29801387335555174, 'f': 1.6719230648239893, 'g': 1.1539291616830347}
Previous:  {'d': 0.35494211286807253, 'e': 0.29883409700368835, 'f': 1.6703195412339906, 'g': 1.1558541355023264}
python -u fit_individ_iter.py Box_n50_27_1400 0.488191 Box_n50_27_1400 0.512095
prev {'d': 0.35123469197737506, 'e': 0.29801387335555174, 'f': 1.6719230648239893, 'g': 1.1539291616830347}
Starting ML Fit
Box_n50_27_1400
       message: Optimization terminated successfully.
       success: True
        status: 0
           fun: 86.01411531926627
             x: [ 3.492e-01  2.975e-01  1.673e+00  1.155e+00]
           nit: 54
          nfev: 99
 final_simplex: (array([[ 3.492e-01,  2.975e-01,  1.673e+00,  1.155e+00],
                       [ 3.492e-01,  2.976e-01,  1.673e+00,  1.155e+00],
                       ...,
                       [ 3.492e-01,  2.975e-01,  1.673e+00,  1.155e+00],
                       [ 3.492e-01,  2.976e-01,  1.673e+00,  1.155e+00]]), array([ 8.601e+01,  8.601e+01,  8.601e+01,  8.601e+01,
                        8.601e+01]))
   param_names: ['d', 'e', 'f', 'g']
[0.34922882 0.29753651 1.67289666 1.15546384]
{'d': 0.34922882204762795, 'e': 0.29753651278029636, 'f': 1.6728966646663688, 'g': 1.1554638384548839}
Previous:  {'d': 0.35123469197737506, 'e': 0.29801387335555174, 'f': 1.6719230648239893, 'g': 1.1539291616830347}
python -u fit_individ_iter.py Box_n50_27_1400 0.403224 Box_n50_27_1400 0.488191
prev {'d': 0.34922882204762795, 'e': 0.29753651278029636, 'f': 1.6728966646663688, 'g': 1.1554638384548839}
Starting ML Fit
Box_n50_27_1400
       message: Optimization terminated successfully.
       success: True
        status: 0
           fun: 73.41419221288388
             x: [ 3.373e-01  2.970e-01  1.674e+00  1.150e+00]
           nit: 101
          nfev: 173
 final_simplex: (array([[ 3.373e-01,  2.970e-01,  1.674e+00,  1.150e+00],
                       [ 3.373e-01,  2.969e-01,  1.674e+00,  1.150e+00],
                       ...,
                       [ 3.373e-01,  2.969e-01,  1.674e+00,  1.150e+00],
                       [ 3.373e-01,  2.970e-01,  1.674e+00,  1.150e+00]]), array([ 7.341e+01,  7.341e+01,  7.341e+01,  7.341e+01,
                        7.341e+01]))
   param_names: ['d', 'e', 'f', 'g']
[0.33733155 0.29695969 1.67446668 1.14984935]
{'d': 0.33733154940911364, 'e': 0.29695969285285606, 'f': 1.6744666764364171, 'g': 1.1498493502761704}
Previous:  {'d': 0.34922882204762795, 'e': 0.29753651278029636, 'f': 1.6728966646663688, 'g': 1.1554638384548839}
python -u fit_individ_iter.py Box_n50_27_1400 0.366459 Box_n50_27_1400 0.403224
prev {'d': 0.33733154940911364, 'e': 0.29695969285285606, 'f': 1.6744666764364171, 'g': 1.1498493502761704}
Starting ML Fit
Box_n50_27_1400
       message: Optimization terminated successfully.
       success: True
        status: 0
           fun: 57.070706525572426
             x: [ 3.352e-01  2.967e-01  1.675e+00  1.151e+00]
           nit: 80
          nfev: 143
 final_simplex: (array([[ 3.352e-01,  2.967e-01,  1.675e+00,  1.151e+00],
                       [ 3.352e-01,  2.967e-01,  1.675e+00,  1.151e+00],
                       ...,
                       [ 3.352e-01,  2.968e-01,  1.675e+00,  1.151e+00],
                       [ 3.352e-01,  2.967e-01,  1.675e+00,  1.151e+00]]), array([ 5.707e+01,  5.707e+01,  5.707e+01,  5.707e+01,
                        5.707e+01]))
   param_names: ['d', 'e', 'f', 'g']
[0.33522966 0.29671935 1.67521759 1.15107019]
{'d': 0.335229663881877, 'e': 0.2967193546727849, 'f': 1.6752175891129393, 'g': 1.1510701866814683}
Previous:  {'d': 0.33733154940911364, 'e': 0.29695969285285606, 'f': 1.6744666764364171, 'g': 1.1498493502761704}
