Curr: Box34_1400, Prev: Box_n50_27_1400
alist [1.0, 0.953321, 0.866399, 0.787402, 0.715608, 0.65036, 0.620002, 0.591061, 0.563471, 0.537169, 0.512095, 0.488191, 0.403224, 0.366459]
python -u fit_individ_iter.py Box34_1400 1.000000 Box_n50_27_1400 1.000000
prev {'d': 0.5292644243799183, 'e': 1.1831683406602997, 'f': 2.2489561036205394, 'g': 1.2537569471680348}
Starting ML Fit
Box34_1400
       message: Optimization terminated successfully.
       success: True
        status: 0
           fun: 10288.049044886555
             x: [ 5.451e-01  1.216e+00  2.247e+00  1.275e+00]
           nit: 99
          nfev: 172
 final_simplex: (array([[ 5.451e-01,  1.216e+00,  2.247e+00,  1.275e+00],
                       [ 5.451e-01,  1.216e+00,  2.247e+00,  1.275e+00],
                       ...,
                       [ 5.451e-01,  1.216e+00,  2.247e+00,  1.275e+00],
                       [ 5.451e-01,  1.216e+00,  2.247e+00,  1.275e+00]]), array([ 1.029e+04,  1.029e+04,  1.029e+04,  1.029e+04,
                        1.029e+04]))
   param_names: ['d', 'e', 'f', 'g']
[0.54505423 1.21610873 2.24745491 1.2753025 ]
{'d': 0.5450542317293166, 'e': 1.2161087297852093, 'f': 2.2474549057654682, 'g': 1.275302503862857}
Previous:  {'d': 0.5292644243799183, 'e': 1.1831683406602997, 'f': 2.2489561036205394, 'g': 1.2537569471680348}
python -u fit_individ_iter.py Box34_1400 0.953321 Box34_1400 1.000000
prev {'d': 0.5450542317293166, 'e': 1.2161087297852093, 'f': 2.2474549057654682, 'g': 1.275302503862857}
Starting ML Fit
Box34_1400
       message: Optimization terminated successfully.
       success: True
        status: 0
           fun: 11275.930767716985
             x: [ 5.353e-01  1.230e+00  2.248e+00  1.268e+00]
           nit: 91
          nfev: 163
 final_simplex: (array([[ 5.353e-01,  1.230e+00,  2.248e+00,  1.268e+00],
                       [ 5.353e-01,  1.230e+00,  2.248e+00,  1.268e+00],
                       ...,
                       [ 5.353e-01,  1.230e+00,  2.248e+00,  1.268e+00],
                       [ 5.353e-01,  1.230e+00,  2.248e+00,  1.268e+00]]), array([ 1.128e+04,  1.128e+04,  1.128e+04,  1.128e+04,
                        1.128e+04]))
   param_names: ['d', 'e', 'f', 'g']
[0.53527688 1.22998356 2.24788415 1.26830573]
{'d': 0.5352768789055761, 'e': 1.2299835639319454, 'f': 2.2478841527907654, 'g': 1.2683057270131655}
Previous:  {'d': 0.5450542317293166, 'e': 1.2161087297852093, 'f': 2.2474549057654682, 'g': 1.275302503862857}
python -u fit_individ_iter.py Box34_1400 0.866399 Box34_1400 0.953321
prev {'d': 0.5352768789055761, 'e': 1.2299835639319454, 'f': 2.2478841527907654, 'g': 1.2683057270131655}
Starting ML Fit
Box34_1400
       message: Optimization terminated successfully.
       success: True
        status: 0
           fun: 5638.624149457236
             x: [ 5.142e-01  1.233e+00  2.249e+00  1.263e+00]
           nit: 109
          nfev: 192
 final_simplex: (array([[ 5.142e-01,  1.233e+00,  2.249e+00,  1.263e+00],
                       [ 5.142e-01,  1.233e+00,  2.249e+00,  1.263e+00],
                       ...,
                       [ 5.142e-01,  1.233e+00,  2.249e+00,  1.263e+00],
                       [ 5.142e-01,  1.233e+00,  2.249e+00,  1.263e+00]]), array([ 5.639e+03,  5.639e+03,  5.639e+03,  5.639e+03,
                        5.639e+03]))
   param_names: ['d', 'e', 'f', 'g']
[0.51420543 1.23253255 2.2490259  1.26349847]
{'d': 0.5142054320392613, 'e': 1.2325325501726865, 'f': 2.249025899329687, 'g': 1.2634984651813874}
Previous:  {'d': 0.5352768789055761, 'e': 1.2299835639319454, 'f': 2.2478841527907654, 'g': 1.2683057270131655}
python -u fit_individ_iter.py Box34_1400 0.787402 Box34_1400 0.866399
prev {'d': 0.5142054320392613, 'e': 1.2325325501726865, 'f': 2.249025899329687, 'g': 1.2634984651813874}
Starting ML Fit
Box34_1400
       message: Optimization terminated successfully.
       success: True
        status: 0
           fun: 7443.155492335766
             x: [ 4.962e-01  1.236e+00  2.250e+00  1.261e+00]
           nit: 100
          nfev: 183
 final_simplex: (array([[ 4.962e-01,  1.236e+00,  2.250e+00,  1.261e+00],
                       [ 4.962e-01,  1.236e+00,  2.250e+00,  1.261e+00],
                       ...,
                       [ 4.962e-01,  1.236e+00,  2.250e+00,  1.261e+00],
                       [ 4.962e-01,  1.236e+00,  2.250e+00,  1.261e+00]]), array([ 7.443e+03,  7.443e+03,  7.443e+03,  7.443e+03,
                        7.443e+03]))
   param_names: ['d', 'e', 'f', 'g']
[0.49617642 1.23556078 2.24971313 1.26061037]
{'d': 0.49617642315693966, 'e': 1.2355607761575813, 'f': 2.249713132204997, 'g': 1.2606103743010317}
Previous:  {'d': 0.5142054320392613, 'e': 1.2325325501726865, 'f': 2.249025899329687, 'g': 1.2634984651813874}
python -u fit_individ_iter.py Box34_1400 0.715608 Box34_1400 0.787402
prev {'d': 0.49617642315693966, 'e': 1.2355607761575813, 'f': 2.249713132204997, 'g': 1.2606103743010317}
Starting ML Fit
Box34_1400
       message: Optimization terminated successfully.
       success: True
        status: 0
           fun: 7694.37257241812
             x: [ 4.805e-01  1.236e+00  2.250e+00  1.255e+00]
           nit: 112
          nfev: 194
 final_simplex: (array([[ 4.805e-01,  1.236e+00,  2.250e+00,  1.255e+00],
                       [ 4.805e-01,  1.236e+00,  2.250e+00,  1.255e+00],
                       ...,
                       [ 4.805e-01,  1.236e+00,  2.250e+00,  1.255e+00],
                       [ 4.805e-01,  1.236e+00,  2.250e+00,  1.255e+00]]), array([ 7.694e+03,  7.694e+03,  7.694e+03,  7.694e+03,
                        7.694e+03]))
   param_names: ['d', 'e', 'f', 'g']
[0.48052705 1.23570488 2.25026776 1.25503506]
{'d': 0.4805270501915271, 'e': 1.235704882171222, 'f': 2.2502677554952664, 'g': 1.2550350598403013}
Previous:  {'d': 0.49617642315693966, 'e': 1.2355607761575813, 'f': 2.249713132204997, 'g': 1.2606103743010317}
python -u fit_individ_iter.py Box34_1400 0.650360 Box34_1400 0.715608
prev {'d': 0.4805270501915271, 'e': 1.235704882171222, 'f': 2.2502677554952664, 'g': 1.2550350598403013}
Starting ML Fit
Box34_1400
       message: Optimization terminated successfully.
       success: True
        status: 0
           fun: 8873.971937006347
             x: [ 4.649e-01  1.216e+00  2.254e+00  1.253e+00]
           nit: 95
          nfev: 165
 final_simplex: (array([[ 4.649e-01,  1.216e+00,  2.254e+00,  1.253e+00],
                       [ 4.649e-01,  1.216e+00,  2.254e+00,  1.253e+00],
                       ...,
                       [ 4.649e-01,  1.216e+00,  2.254e+00,  1.253e+00],
                       [ 4.649e-01,  1.216e+00,  2.254e+00,  1.253e+00]]), array([ 8.874e+03,  8.874e+03,  8.874e+03,  8.874e+03,
                        8.874e+03]))
   param_names: ['d', 'e', 'f', 'g']
[0.46487131 1.21600402 2.25375456 1.25268694]
{'d': 0.4648713130496629, 'e': 1.2160040188985004, 'f': 2.25375456428217, 'g': 1.2526869378393788}
Previous:  {'d': 0.4805270501915271, 'e': 1.235704882171222, 'f': 2.2502677554952664, 'g': 1.2550350598403013}
python -u fit_individ_iter.py Box34_1400 0.620002 Box34_1400 0.650360
prev {'d': 0.4648713130496629, 'e': 1.2160040188985004, 'f': 2.25375456428217, 'g': 1.2526869378393788}
Starting ML Fit
Box34_1400
       message: Optimization terminated successfully.
       success: True
        status: 0
           fun: 12828.451848227642
             x: [ 4.594e-01  1.203e+00  2.257e+00  1.255e+00]
           nit: 74
          nfev: 138
 final_simplex: (array([[ 4.594e-01,  1.203e+00,  2.257e+00,  1.255e+00],
                       [ 4.594e-01,  1.203e+00,  2.257e+00,  1.255e+00],
                       ...,
                       [ 4.594e-01,  1.203e+00,  2.257e+00,  1.255e+00],
                       [ 4.594e-01,  1.203e+00,  2.257e+00,  1.255e+00]]), array([ 1.283e+04,  1.283e+04,  1.283e+04,  1.283e+04,
                        1.283e+04]))
   param_names: ['d', 'e', 'f', 'g']
[0.45938529 1.20327401 2.25665882 1.25505274]
{'d': 0.45938529299134445, 'e': 1.20327400620863, 'f': 2.2566588151432447, 'g': 1.255052742177182}
Previous:  {'d': 0.4648713130496629, 'e': 1.2160040188985004, 'f': 2.25375456428217, 'g': 1.2526869378393788}
python -u fit_individ_iter.py Box34_1400 0.591061 Box34_1400 0.620002
prev {'d': 0.45938529299134445, 'e': 1.20327400620863, 'f': 2.2566588151432447, 'g': 1.255052742177182}
Starting ML Fit
Box34_1400
       message: Optimization terminated successfully.
       success: True
        status: 0
           fun: 8987.893147443081
             x: [ 4.547e-01  1.198e+00  2.258e+00  1.253e+00]
           nit: 88
          nfev: 159
 final_simplex: (array([[ 4.547e-01,  1.198e+00,  2.258e+00,  1.253e+00],
                       [ 4.547e-01,  1.198e+00,  2.258e+00,  1.253e+00],
                       ...,
                       [ 4.547e-01,  1.198e+00,  2.258e+00,  1.253e+00],
                       [ 4.547e-01,  1.198e+00,  2.258e+00,  1.253e+00]]), array([ 8.988e+03,  8.988e+03,  8.988e+03,  8.988e+03,
                        8.988e+03]))
   param_names: ['d', 'e', 'f', 'g']
[0.45466634 1.19801836 2.25815047 1.2529316 ]
{'d': 0.4546663360066962, 'e': 1.198018359022318, 'f': 2.2581504727785866, 'g': 1.2529315995688683}
Previous:  {'d': 0.45938529299134445, 'e': 1.20327400620863, 'f': 2.2566588151432447, 'g': 1.255052742177182}
python -u fit_individ_iter.py Box34_1400 0.563471 Box34_1400 0.591061
prev {'d': 0.4546663360066962, 'e': 1.198018359022318, 'f': 2.2581504727785866, 'g': 1.2529315995688683}
Starting ML Fit
Box34_1400
       message: Optimization terminated successfully.
       success: True
        status: 0
           fun: 7559.6815056719615
             x: [ 4.491e-01  1.205e+00  2.258e+00  1.251e+00]
           nit: 76
          nfev: 141
 final_simplex: (array([[ 4.491e-01,  1.205e+00,  2.258e+00,  1.251e+00],
                       [ 4.491e-01,  1.205e+00,  2.258e+00,  1.251e+00],
                       ...,
                       [ 4.491e-01,  1.205e+00,  2.258e+00,  1.251e+00],
                       [ 4.491e-01,  1.205e+00,  2.258e+00,  1.251e+00]]), array([ 7.560e+03,  7.560e+03,  7.560e+03,  7.560e+03,
                        7.560e+03]))
   param_names: ['d', 'e', 'f', 'g']
[0.44907458 1.20476666 2.2575078  1.25098682]
{'d': 0.4490745838894203, 'e': 1.2047666554762873, 'f': 2.257507803825379, 'g': 1.2509868189004223}
Previous:  {'d': 0.4546663360066962, 'e': 1.198018359022318, 'f': 2.2581504727785866, 'g': 1.2529315995688683}
python -u fit_individ_iter.py Box34_1400 0.537169 Box34_1400 0.563471
prev {'d': 0.4490745838894203, 'e': 1.2047666554762873, 'f': 2.257507803825379, 'g': 1.2509868189004223}
Starting ML Fit
Box34_1400
       message: Optimization terminated successfully.
       success: True
        status: 0
           fun: 8566.83598082833
             x: [ 4.453e-01  1.212e+00  2.257e+00  1.247e+00]
           nit: 96
          nfev: 172
 final_simplex: (array([[ 4.453e-01,  1.212e+00,  2.257e+00,  1.247e+00],
                       [ 4.453e-01,  1.212e+00,  2.257e+00,  1.247e+00],
                       ...,
                       [ 4.453e-01,  1.212e+00,  2.257e+00,  1.247e+00],
                       [ 4.453e-01,  1.212e+00,  2.257e+00,  1.247e+00]]), array([ 8.567e+03,  8.567e+03,  8.567e+03,  8.567e+03,
                        8.567e+03]))
   param_names: ['d', 'e', 'f', 'g']
[0.44531819 1.21171905 2.25683824 1.24689408]
{'d': 0.44531818948616897, 'e': 1.211719049726204, 'f': 2.256838240954614, 'g': 1.246894077809939}
Previous:  {'d': 0.4490745838894203, 'e': 1.2047666554762873, 'f': 2.257507803825379, 'g': 1.2509868189004223}
python -u fit_individ_iter.py Box34_1400 0.512095 Box34_1400 0.537169
prev {'d': 0.44531818948616897, 'e': 1.211719049726204, 'f': 2.256838240954614, 'g': 1.246894077809939}
Starting ML Fit
Box34_1400
       message: Optimization terminated successfully.
       success: True
        status: 0
           fun: 5684.1748421066395
             x: [ 4.390e-01  1.216e+00  2.256e+00  1.242e+00]
           nit: 86
          nfev: 158
 final_simplex: (array([[ 4.390e-01,  1.216e+00,  2.256e+00,  1.242e+00],
                       [ 4.390e-01,  1.216e+00,  2.256e+00,  1.242e+00],
                       ...,
                       [ 4.390e-01,  1.216e+00,  2.256e+00,  1.242e+00],
                       [ 4.390e-01,  1.216e+00,  2.256e+00,  1.242e+00]]), array([ 5.684e+03,  5.684e+03,  5.684e+03,  5.684e+03,
                        5.684e+03]))
   param_names: ['d', 'e', 'f', 'g']
[0.43898791 1.21559103 2.25632664 1.24234866]
{'d': 0.4389879089561399, 'e': 1.2155910271789803, 'f': 2.256326637890594, 'g': 1.2423486611709031}
Previous:  {'d': 0.44531818948616897, 'e': 1.211719049726204, 'f': 2.256838240954614, 'g': 1.246894077809939}
python -u fit_individ_iter.py Box34_1400 0.488191 Box34_1400 0.512095
prev {'d': 0.4389879089561399, 'e': 1.2155910271789803, 'f': 2.256326637890594, 'g': 1.2423486611709031}
Starting ML Fit
Box34_1400
       message: Optimization terminated successfully.
       success: True
        status: 0
           fun: 8894.188677713617
             x: [ 4.359e-01  1.229e+00  2.254e+00  1.246e+00]
           nit: 80
          nfev: 144
 final_simplex: (array([[ 4.359e-01,  1.229e+00,  2.254e+00,  1.246e+00],
                       [ 4.359e-01,  1.229e+00,  2.254e+00,  1.246e+00],
                       ...,
                       [ 4.359e-01,  1.229e+00,  2.254e+00,  1.246e+00],
                       [ 4.360e-01,  1.229e+00,  2.254e+00,  1.246e+00]]), array([ 8.894e+03,  8.894e+03,  8.894e+03,  8.894e+03,
                        8.894e+03]))
   param_names: ['d', 'e', 'f', 'g']
[0.4359489  1.22919715 2.2536934  1.24602587]
{'d': 0.435948900959998, 'e': 1.2291971491807443, 'f': 2.253693396568896, 'g': 1.246025873170805}
Previous:  {'d': 0.4389879089561399, 'e': 1.2155910271789803, 'f': 2.256326637890594, 'g': 1.2423486611709031}
python -u fit_individ_iter.py Box34_1400 0.403224 Box34_1400 0.488191
prev {'d': 0.435948900959998, 'e': 1.2291971491807443, 'f': 2.253693396568896, 'g': 1.246025873170805}
Starting ML Fit
Box34_1400
       message: Optimization terminated successfully.
       success: True
        status: 0
           fun: 4395.4872819779575
             x: [ 4.134e-01  1.232e+00  2.254e+00  1.227e+00]
           nit: 89
          nfev: 156
 final_simplex: (array([[ 4.134e-01,  1.232e+00,  2.254e+00,  1.227e+00],
                       [ 4.134e-01,  1.232e+00,  2.254e+00,  1.227e+00],
                       ...,
                       [ 4.134e-01,  1.232e+00,  2.254e+00,  1.227e+00],
                       [ 4.134e-01,  1.232e+00,  2.254e+00,  1.227e+00]]), array([ 4.395e+03,  4.395e+03,  4.395e+03,  4.395e+03,
                        4.395e+03]))
   param_names: ['d', 'e', 'f', 'g']
[0.41344756 1.23226563 2.25357731 1.22728277]
{'d': 0.41344755780400233, 'e': 1.2322656339883626, 'f': 2.253577312499242, 'g': 1.2272827695831654}
Previous:  {'d': 0.435948900959998, 'e': 1.2291971491807443, 'f': 2.253693396568896, 'g': 1.246025873170805}
python -u fit_individ_iter.py Box34_1400 0.366459 Box34_1400 0.403224
prev {'d': 0.41344755780400233, 'e': 1.2322656339883626, 'f': 2.253577312499242, 'g': 1.2272827695831654}
Starting ML Fit
Box34_1400
       message: Optimization terminated successfully.
       success: True
        status: 0
           fun: 3820.5428807132653
             x: [ 4.010e-01  1.233e+00  2.254e+00  1.220e+00]
           nit: 80
          nfev: 148
 final_simplex: (array([[ 4.010e-01,  1.233e+00,  2.254e+00,  1.220e+00],
                       [ 4.010e-01,  1.233e+00,  2.254e+00,  1.220e+00],
                       ...,
                       [ 4.010e-01,  1.233e+00,  2.254e+00,  1.220e+00],
                       [ 4.010e-01,  1.233e+00,  2.254e+00,  1.220e+00]]), array([ 3.821e+03,  3.821e+03,  3.821e+03,  3.821e+03,
                        3.821e+03]))
   param_names: ['d', 'e', 'f', 'g']
[0.40103656 1.23320015 2.25360834 1.21963808]
{'d': 0.40103655779448494, 'e': 1.2332001477150247, 'f': 2.253608335099104, 'g': 1.2196380804161653}
Previous:  {'d': 0.41344755780400233, 'e': 1.2322656339883626, 'f': 2.253577312499242, 'g': 1.2272827695831654}
