Curr: Box_n50_35_1400, Prev: Box_n50_0_1400
alist [1.0, 0.953321, 0.866399, 0.787402, 0.715608, 0.65036, 0.620002, 0.591061, 0.563471, 0.537169, 0.512095, 0.488191, 0.403224, 0.366459]
python -u fit_individ_iter.py Box_n50_35_1400 1.000000 Box_n50_0_1400 1.000000
prev {'d': 0.5325091909557191, 'e': 1.1, 'f': 2.2600428905523633, 'g': 1.2727440440771383}
Starting ML Fit
Box_n50_35_1400
       message: Optimization terminated successfully.
       success: True
        status: 0
           fun: 6587.602514223664
             x: [ 5.488e-01  1.088e+00  2.261e+00  1.287e+00]
           nit: 98
          nfev: 170
 final_simplex: (array([[ 5.488e-01,  1.088e+00,  2.261e+00,  1.287e+00],
                       [ 5.488e-01,  1.088e+00,  2.261e+00,  1.287e+00],
                       ...,
                       [ 5.488e-01,  1.088e+00,  2.261e+00,  1.287e+00],
                       [ 5.488e-01,  1.088e+00,  2.261e+00,  1.287e+00]]), array([ 6.588e+03,  6.588e+03,  6.588e+03,  6.588e+03,
                        6.588e+03]))
   param_names: ['d', 'e', 'f', 'g']
[0.54882827 1.08759646 2.26116957 1.28711683]
{'d': 0.548828274077177, 'e': 1.0875964603901367, 'f': 2.261169566470099, 'g': 1.2871168252817426}
Previous:  {'d': 0.5325091909557191, 'e': 1.1, 'f': 2.2600428905523633, 'g': 1.2727440440771383}
python -u fit_individ_iter.py Box_n50_35_1400 0.953321 Box_n50_35_1400 1.000000
prev {'d': 0.548828274077177, 'e': 1.0875964603901367, 'f': 2.261169566470099, 'g': 1.2871168252817426}
Starting ML Fit
Box_n50_35_1400
       message: Optimization terminated successfully.
       success: True
        status: 0
           fun: 8666.665674282061
             x: [ 5.418e-01  1.085e+00  2.263e+00  1.288e+00]
           nit: 85
          nfev: 151
 final_simplex: (array([[ 5.418e-01,  1.085e+00,  2.263e+00,  1.288e+00],
                       [ 5.418e-01,  1.085e+00,  2.263e+00,  1.288e+00],
                       ...,
                       [ 5.418e-01,  1.085e+00,  2.263e+00,  1.288e+00],
                       [ 5.418e-01,  1.085e+00,  2.263e+00,  1.288e+00]]), array([ 8.667e+03,  8.667e+03,  8.667e+03,  8.667e+03,
                        8.667e+03]))
   param_names: ['d', 'e', 'f', 'g']
[0.54178384 1.08488044 2.26289308 1.28766417]
{'d': 0.5417838361223442, 'e': 1.0848804359908937, 'f': 2.262893075522757, 'g': 1.2876641728933391}
Previous:  {'d': 0.548828274077177, 'e': 1.0875964603901367, 'f': 2.261169566470099, 'g': 1.2871168252817426}
python -u fit_individ_iter.py Box_n50_35_1400 0.866399 Box_n50_35_1400 0.953321
prev {'d': 0.5417838361223442, 'e': 1.0848804359908937, 'f': 2.262893075522757, 'g': 1.2876641728933391}
Starting ML Fit
Box_n50_35_1400
       message: Optimization terminated successfully.
       success: True
        status: 0
           fun: 10787.835300304932
             x: [ 5.258e-01  1.046e+00  2.266e+00  1.288e+00]
           nit: 95
          nfev: 166
 final_simplex: (array([[ 5.258e-01,  1.046e+00,  2.266e+00,  1.288e+00],
                       [ 5.258e-01,  1.046e+00,  2.266e+00,  1.288e+00],
                       ...,
                       [ 5.258e-01,  1.046e+00,  2.266e+00,  1.288e+00],
                       [ 5.258e-01,  1.046e+00,  2.266e+00,  1.288e+00]]), array([ 1.079e+04,  1.079e+04,  1.079e+04,  1.079e+04,
                        1.079e+04]))
   param_names: ['d', 'e', 'f', 'g']
[0.52581059 1.04638806 2.26605556 1.28778869]
{'d': 0.5258105923748323, 'e': 1.0463880583769036, 'f': 2.2660555552661896, 'g': 1.2877886914262064}
Previous:  {'d': 0.5417838361223442, 'e': 1.0848804359908937, 'f': 2.262893075522757, 'g': 1.2876641728933391}
python -u fit_individ_iter.py Box_n50_35_1400 0.787402 Box_n50_35_1400 0.866399
prev {'d': 0.5258105923748323, 'e': 1.0463880583769036, 'f': 2.2660555552661896, 'g': 1.2877886914262064}
Starting ML Fit
Box_n50_35_1400
       message: Optimization terminated successfully.
       success: True
        status: 0
           fun: 10466.937232962096
             x: [ 5.104e-01  1.019e+00  2.269e+00  1.288e+00]
           nit: 98
          nfev: 177
 final_simplex: (array([[ 5.104e-01,  1.019e+00,  2.269e+00,  1.288e+00],
                       [ 5.104e-01,  1.019e+00,  2.269e+00,  1.288e+00],
                       ...,
                       [ 5.104e-01,  1.019e+00,  2.269e+00,  1.288e+00],
                       [ 5.104e-01,  1.019e+00,  2.269e+00,  1.288e+00]]), array([ 1.047e+04,  1.047e+04,  1.047e+04,  1.047e+04,
                        1.047e+04]))
   param_names: ['d', 'e', 'f', 'g']
[0.51041423 1.01860013 2.2690254  1.28825301]
{'d': 0.5104142311238533, 'e': 1.0186001346675573, 'f': 2.2690253965975895, 'g': 1.2882530107923278}
Previous:  {'d': 0.5258105923748323, 'e': 1.0463880583769036, 'f': 2.2660555552661896, 'g': 1.2877886914262064}
python -u fit_individ_iter.py Box_n50_35_1400 0.715608 Box_n50_35_1400 0.787402
prev {'d': 0.5104142311238533, 'e': 1.0186001346675573, 'f': 2.2690253965975895, 'g': 1.2882530107923278}
Starting ML Fit
Box_n50_35_1400
       message: Optimization terminated successfully.
       success: True
        status: 0
           fun: 7405.372018387027
             x: [ 4.961e-01  1.013e+00  2.270e+00  1.285e+00]
           nit: 117
          nfev: 208
 final_simplex: (array([[ 4.961e-01,  1.013e+00,  2.270e+00,  1.285e+00],
                       [ 4.961e-01,  1.013e+00,  2.270e+00,  1.285e+00],
                       ...,
                       [ 4.961e-01,  1.013e+00,  2.270e+00,  1.285e+00],
                       [ 4.961e-01,  1.013e+00,  2.270e+00,  1.285e+00]]), array([ 7.405e+03,  7.405e+03,  7.405e+03,  7.405e+03,
                        7.405e+03]))
   param_names: ['d', 'e', 'f', 'g']
[0.49606337 1.01306455 2.26969027 1.28528572]
{'d': 0.4960633742356908, 'e': 1.0130645510830831, 'f': 2.2696902719492833, 'g': 1.285285719479522}
Previous:  {'d': 0.5104142311238533, 'e': 1.0186001346675573, 'f': 2.2690253965975895, 'g': 1.2882530107923278}
python -u fit_individ_iter.py Box_n50_35_1400 0.650360 Box_n50_35_1400 0.715608
prev {'d': 0.4960633742356908, 'e': 1.0130645510830831, 'f': 2.2696902719492833, 'g': 1.285285719479522}
Starting ML Fit
Box_n50_35_1400
       message: Optimization terminated successfully.
       success: True
        status: 0
           fun: 10816.381683168212
             x: [ 4.845e-01  1.010e+00  2.271e+00  1.286e+00]
           nit: 115
          nfev: 203
 final_simplex: (array([[ 4.845e-01,  1.010e+00,  2.271e+00,  1.286e+00],
                       [ 4.845e-01,  1.010e+00,  2.271e+00,  1.286e+00],
                       ...,
                       [ 4.845e-01,  1.010e+00,  2.271e+00,  1.286e+00],
                       [ 4.845e-01,  1.010e+00,  2.271e+00,  1.286e+00]]), array([ 1.082e+04,  1.082e+04,  1.082e+04,  1.082e+04,
                        1.082e+04]))
   param_names: ['d', 'e', 'f', 'g']
[0.48450425 1.00970433 2.2706649  1.28600706]
{'d': 0.48450424720820734, 'e': 1.0097043265482268, 'f': 2.27066490121877, 'g': 1.28600705523796}
Previous:  {'d': 0.4960633742356908, 'e': 1.0130645510830831, 'f': 2.2696902719492833, 'g': 1.285285719479522}
python -u fit_individ_iter.py Box_n50_35_1400 0.620002 Box_n50_35_1400 0.650360
prev {'d': 0.48450424720820734, 'e': 1.0097043265482268, 'f': 2.27066490121877, 'g': 1.28600705523796}
Starting ML Fit
Box_n50_35_1400
       message: Optimization terminated successfully.
       success: True
        status: 0
           fun: 8499.098208242258
             x: [ 4.795e-01  1.012e+00  2.271e+00  1.286e+00]
           nit: 94
          nfev: 165
 final_simplex: (array([[ 4.795e-01,  1.012e+00,  2.271e+00,  1.286e+00],
                       [ 4.795e-01,  1.012e+00,  2.271e+00,  1.286e+00],
                       ...,
                       [ 4.795e-01,  1.012e+00,  2.271e+00,  1.286e+00],
                       [ 4.795e-01,  1.012e+00,  2.271e+00,  1.286e+00]]), array([ 8.499e+03,  8.499e+03,  8.499e+03,  8.499e+03,
                        8.499e+03]))
   param_names: ['d', 'e', 'f', 'g']
[0.47948279 1.01230449 2.27133198 1.2859602 ]
{'d': 0.4794827872035147, 'e': 1.012304492396504, 'f': 2.2713319813356945, 'g': 1.2859601992804768}
Previous:  {'d': 0.48450424720820734, 'e': 1.0097043265482268, 'f': 2.27066490121877, 'g': 1.28600705523796}
python -u fit_individ_iter.py Box_n50_35_1400 0.591061 Box_n50_35_1400 0.620002
prev {'d': 0.4794827872035147, 'e': 1.012304492396504, 'f': 2.2713319813356945, 'g': 1.2859601992804768}
Starting ML Fit
Box_n50_35_1400
       message: Optimization terminated successfully.
       success: True
        status: 0
           fun: 15323.637841136495
             x: [ 4.745e-01  1.017e+00  2.272e+00  1.285e+00]
           nit: 85
          nfev: 155
 final_simplex: (array([[ 4.745e-01,  1.017e+00,  2.272e+00,  1.285e+00],
                       [ 4.745e-01,  1.017e+00,  2.272e+00,  1.285e+00],
                       ...,
                       [ 4.745e-01,  1.017e+00,  2.272e+00,  1.285e+00],
                       [ 4.745e-01,  1.017e+00,  2.272e+00,  1.285e+00]]), array([ 1.532e+04,  1.532e+04,  1.532e+04,  1.532e+04,
                        1.532e+04]))
   param_names: ['d', 'e', 'f', 'g']
[0.47446324 1.01723813 2.2719309  1.28471612]
{'d': 0.4744632432626893, 'e': 1.0172381278386284, 'f': 2.2719308964034766, 'g': 1.2847161234160929}
Previous:  {'d': 0.4794827872035147, 'e': 1.012304492396504, 'f': 2.2713319813356945, 'g': 1.2859601992804768}
python -u fit_individ_iter.py Box_n50_35_1400 0.563471 Box_n50_35_1400 0.591061
prev {'d': 0.4744632432626893, 'e': 1.0172381278386284, 'f': 2.2719308964034766, 'g': 1.2847161234160929}
Starting ML Fit
Box_n50_35_1400
       message: Optimization terminated successfully.
       success: True
        status: 0
           fun: 21001.47489566612
             x: [ 4.675e-01  1.009e+00  2.274e+00  1.285e+00]
           nit: 81
          nfev: 148
 final_simplex: (array([[ 4.675e-01,  1.009e+00,  2.274e+00,  1.285e+00],
                       [ 4.675e-01,  1.009e+00,  2.274e+00,  1.285e+00],
                       ...,
                       [ 4.675e-01,  1.009e+00,  2.274e+00,  1.285e+00],
                       [ 4.675e-01,  1.009e+00,  2.274e+00,  1.285e+00]]), array([ 2.100e+04,  2.100e+04,  2.100e+04,  2.100e+04,
                        2.100e+04]))
   param_names: ['d', 'e', 'f', 'g']
[0.46753814 1.00880258 2.27442588 1.28537786]
{'d': 0.4675381447526762, 'e': 1.0088025820772635, 'f': 2.2744258843802365, 'g': 1.2853778582368907}
Previous:  {'d': 0.4744632432626893, 'e': 1.0172381278386284, 'f': 2.2719308964034766, 'g': 1.2847161234160929}
python -u fit_individ_iter.py Box_n50_35_1400 0.537169 Box_n50_35_1400 0.563471
prev {'d': 0.4675381447526762, 'e': 1.0088025820772635, 'f': 2.2744258843802365, 'g': 1.2853778582368907}
Starting ML Fit
Box_n50_35_1400
       message: Optimization terminated successfully.
       success: True
        status: 0
           fun: 14374.853305286266
             x: [ 4.624e-01  9.945e-01  2.277e+00  1.282e+00]
           nit: 90
          nfev: 162
 final_simplex: (array([[ 4.624e-01,  9.945e-01,  2.277e+00,  1.282e+00],
                       [ 4.624e-01,  9.945e-01,  2.277e+00,  1.282e+00],
                       ...,
                       [ 4.624e-01,  9.945e-01,  2.277e+00,  1.282e+00],
                       [ 4.624e-01,  9.945e-01,  2.277e+00,  1.282e+00]]), array([ 1.437e+04,  1.437e+04,  1.437e+04,  1.437e+04,
                        1.437e+04]))
   param_names: ['d', 'e', 'f', 'g']
[0.46244156 0.99449753 2.27738362 1.28233509]
{'d': 0.4624415553470874, 'e': 0.994497527496673, 'f': 2.277383622794572, 'g': 1.2823350927399986}
Previous:  {'d': 0.4675381447526762, 'e': 1.0088025820772635, 'f': 2.2744258843802365, 'g': 1.2853778582368907}
python -u fit_individ_iter.py Box_n50_35_1400 0.512095 Box_n50_35_1400 0.537169
prev {'d': 0.4624415553470874, 'e': 0.994497527496673, 'f': 2.277383622794572, 'g': 1.2823350927399986}
Starting ML Fit
Box_n50_35_1400
       message: Optimization terminated successfully.
       success: True
        status: 0
           fun: 9053.80747590751
             x: [ 4.552e-01  9.742e-01  2.281e+00  1.282e+00]
           nit: 86
          nfev: 157
 final_simplex: (array([[ 4.552e-01,  9.742e-01,  2.281e+00,  1.282e+00],
                       [ 4.552e-01,  9.742e-01,  2.281e+00,  1.282e+00],
                       ...,
                       [ 4.552e-01,  9.742e-01,  2.281e+00,  1.282e+00],
                       [ 4.552e-01,  9.742e-01,  2.281e+00,  1.282e+00]]), array([ 9.054e+03,  9.054e+03,  9.054e+03,  9.054e+03,
                        9.054e+03]))
   param_names: ['d', 'e', 'f', 'g']
[0.45522026 0.97419707 2.28135853 1.28220213]
{'d': 0.4552202629955933, 'e': 0.9741970694123404, 'f': 2.2813585327160295, 'g': 1.282202131257709}
Previous:  {'d': 0.4624415553470874, 'e': 0.994497527496673, 'f': 2.277383622794572, 'g': 1.2823350927399986}
python -u fit_individ_iter.py Box_n50_35_1400 0.488191 Box_n50_35_1400 0.512095
prev {'d': 0.4552202629955933, 'e': 0.9741970694123404, 'f': 2.2813585327160295, 'g': 1.282202131257709}
Starting ML Fit
Box_n50_35_1400
       message: Optimization terminated successfully.
       success: True
        status: 0
           fun: 9734.55143146042
             x: [ 4.502e-01  9.537e-01  2.286e+00  1.285e+00]
           nit: 86
          nfev: 155
 final_simplex: (array([[ 4.502e-01,  9.537e-01,  2.286e+00,  1.285e+00],
                       [ 4.502e-01,  9.537e-01,  2.286e+00,  1.285e+00],
                       ...,
                       [ 4.502e-01,  9.537e-01,  2.286e+00,  1.285e+00],
                       [ 4.502e-01,  9.537e-01,  2.286e+00,  1.285e+00]]), array([ 9.735e+03,  9.735e+03,  9.735e+03,  9.735e+03,
                        9.735e+03]))
   param_names: ['d', 'e', 'f', 'g']
[0.450212   0.95366941 2.28599889 1.28512795]
{'d': 0.45021200031602127, 'e': 0.9536694095048295, 'f': 2.2859988945665872, 'g': 1.2851279507079405}
Previous:  {'d': 0.4552202629955933, 'e': 0.9741970694123404, 'f': 2.2813585327160295, 'g': 1.282202131257709}
python -u fit_individ_iter.py Box_n50_35_1400 0.403224 Box_n50_35_1400 0.488191
prev {'d': 0.45021200031602127, 'e': 0.9536694095048295, 'f': 2.2859988945665872, 'g': 1.2851279507079405}
Starting ML Fit
Box_n50_35_1400
       message: Optimization terminated successfully.
       success: True
        status: 0
           fun: 6095.729369163756
             x: [ 4.338e-01  9.515e-01  2.287e+00  1.278e+00]
           nit: 107
          nfev: 188
 final_simplex: (array([[ 4.338e-01,  9.515e-01,  2.287e+00,  1.278e+00],
                       [ 4.338e-01,  9.515e-01,  2.287e+00,  1.278e+00],
                       ...,
                       [ 4.338e-01,  9.515e-01,  2.287e+00,  1.278e+00],
                       [ 4.338e-01,  9.515e-01,  2.287e+00,  1.278e+00]]), array([ 6.096e+03,  6.096e+03,  6.096e+03,  6.096e+03,
                        6.096e+03]))
   param_names: ['d', 'e', 'f', 'g']
[0.43383411 0.95150927 2.28707718 1.27805171]
{'d': 0.4338341060505845, 'e': 0.9515092747744754, 'f': 2.28707718120294, 'g': 1.2780517053466613}
Previous:  {'d': 0.45021200031602127, 'e': 0.9536694095048295, 'f': 2.2859988945665872, 'g': 1.2851279507079405}
python -u fit_individ_iter.py Box_n50_35_1400 0.366459 Box_n50_35_1400 0.403224
prev {'d': 0.4338341060505845, 'e': 0.9515092747744754, 'f': 2.28707718120294, 'g': 1.2780517053466613}
Starting ML Fit
Box_n50_35_1400
       message: Optimization terminated successfully.
       success: True
        status: 0
           fun: 7742.205037307137
             x: [ 4.249e-01  9.542e-01  2.287e+00  1.274e+00]
           nit: 89
          nfev: 159
 final_simplex: (array([[ 4.249e-01,  9.542e-01,  2.287e+00,  1.274e+00],
                       [ 4.249e-01,  9.542e-01,  2.287e+00,  1.274e+00],
                       ...,
                       [ 4.249e-01,  9.542e-01,  2.287e+00,  1.274e+00],
                       [ 4.249e-01,  9.542e-01,  2.287e+00,  1.274e+00]]), array([ 7.742e+03,  7.742e+03,  7.742e+03,  7.742e+03,
                        7.742e+03]))
   param_names: ['d', 'e', 'f', 'g']
[0.42485625 0.95419385 2.28675493 1.27366556]
{'d': 0.42485624513688847, 'e': 0.9541938455558278, 'f': 2.2867549298731484, 'g': 1.273665563700708}
Previous:  {'d': 0.4338341060505845, 'e': 0.9515092747744754, 'f': 2.28707718120294, 'g': 1.2780517053466613}
