Curr: Box8_1400 , Prev: Box3_1400 
alist [1.0, 0.953321, 0.866399, 0.787402, 0.715608, 0.65036, 0.620002, 0.591061, 0.563471, 0.537169, 0.512095, 0.488191, 0.403224, 0.366459]
python -u fit_individ_iter.py Box8_1400 1.000000 Box3_1400 1.000000
prev {'d': 0.423621672731213, 'e': 0.3148491948544197, 'f': 1.63651068673231, 'g': 1.1945216648068637}
Starting ML Fit
Box8_1400
       message: Optimization terminated successfully.
       success: True
        status: 0
           fun: 111.31319111120098
             x: [ 3.890e-01  1.627e-01  1.715e+00  1.271e+00]
           nit: 165
          nfev: 279
 final_simplex: (array([[ 3.890e-01,  1.627e-01,  1.715e+00,  1.271e+00],
                       [ 3.890e-01,  1.628e-01,  1.715e+00,  1.271e+00],
                       ...,
                       [ 3.890e-01,  1.628e-01,  1.715e+00,  1.271e+00],
                       [ 3.890e-01,  1.628e-01,  1.715e+00,  1.271e+00]]), array([ 1.113e+02,  1.113e+02,  1.113e+02,  1.113e+02,
                        1.113e+02]))
   param_names: ['d', 'e', 'f', 'g']
[0.38900672 0.1627407  1.71477882 1.27080541]
{'d': 0.3890067162826415, 'e': 0.16274069689777787, 'f': 1.7147788151910173, 'g': 1.2708054068815566}
Previous:  {'d': 0.423621672731213, 'e': 0.3148491948544197, 'f': 1.63651068673231, 'g': 1.1945216648068637}
python -u fit_individ_iter.py Box8_1400 0.953321 Box8_1400 1.000000
prev {'d': 0.3890067162826415, 'e': 0.16274069689777787, 'f': 1.7147788151910173, 'g': 1.2708054068815566}
Starting ML Fit
Box8_1400
       message: Optimization terminated successfully.
       success: True
        status: 0
           fun: 117.398262801616
             x: [ 3.770e-01  1.364e-01  1.715e+00  1.274e+00]
           nit: 114
          nfev: 195
 final_simplex: (array([[ 3.770e-01,  1.364e-01,  1.715e+00,  1.274e+00],
                       [ 3.771e-01,  1.364e-01,  1.715e+00,  1.274e+00],
                       ...,
                       [ 3.770e-01,  1.364e-01,  1.715e+00,  1.274e+00],
                       [ 3.770e-01,  1.363e-01,  1.715e+00,  1.274e+00]]), array([ 1.174e+02,  1.174e+02,  1.174e+02,  1.174e+02,
                        1.174e+02]))
   param_names: ['d', 'e', 'f', 'g']
[0.37703351 0.13639697 1.71538158 1.273707  ]
{'d': 0.3770335101234966, 'e': 0.1363969663115301, 'f': 1.7153815810659918, 'g': 1.2737070032743016}
Previous:  {'d': 0.3890067162826415, 'e': 0.16274069689777787, 'f': 1.7147788151910173, 'g': 1.2708054068815566}
python -u fit_individ_iter.py Box8_1400 0.866399 Box8_1400 0.953321
prev {'d': 0.3770335101234966, 'e': 0.1363969663115301, 'f': 1.7153815810659918, 'g': 1.2737070032743016}
Starting ML Fit
Box8_1400
       message: Optimization terminated successfully.
       success: True
        status: 0
           fun: 104.407574275461
             x: [ 3.631e-01  1.185e-01  1.722e+00  1.272e+00]
           nit: 156
          nfev: 276
 final_simplex: (array([[ 3.631e-01,  1.185e-01,  1.722e+00,  1.272e+00],
                       [ 3.631e-01,  1.185e-01,  1.722e+00,  1.272e+00],
                       ...,
                       [ 3.631e-01,  1.186e-01,  1.722e+00,  1.272e+00],
                       [ 3.631e-01,  1.185e-01,  1.722e+00,  1.272e+00]]), array([ 1.044e+02,  1.044e+02,  1.044e+02,  1.044e+02,
                        1.044e+02]))
   param_names: ['d', 'e', 'f', 'g']
[0.36305983 0.11848844 1.72172873 1.27234386]
{'d': 0.3630598268502072, 'e': 0.11848844141742888, 'f': 1.7217287329200794, 'g': 1.272343858265524}
Previous:  {'d': 0.3770335101234966, 'e': 0.1363969663115301, 'f': 1.7153815810659918, 'g': 1.2737070032743016}
python -u fit_individ_iter.py Box8_1400 0.787402 Box8_1400 0.866399
prev {'d': 0.3630598268502072, 'e': 0.11848844141742888, 'f': 1.7217287329200794, 'g': 1.272343858265524}
Starting ML Fit
Box8_1400
       message: Optimization terminated successfully.
       success: True
        status: 0
           fun: 108.08711235396476
             x: [ 3.586e-01  1.287e-01  1.727e+00  1.262e+00]
           nit: 130
          nfev: 229
 final_simplex: (array([[ 3.586e-01,  1.287e-01,  1.727e+00,  1.262e+00],
                       [ 3.586e-01,  1.287e-01,  1.727e+00,  1.262e+00],
                       ...,
                       [ 3.586e-01,  1.288e-01,  1.727e+00,  1.262e+00],
                       [ 3.586e-01,  1.287e-01,  1.727e+00,  1.262e+00]]), array([ 1.081e+02,  1.081e+02,  1.081e+02,  1.081e+02,
                        1.081e+02]))
   param_names: ['d', 'e', 'f', 'g']
[0.35858096 0.12871361 1.72705361 1.26183413]
{'d': 0.35858095608956764, 'e': 0.1287136116879761, 'f': 1.7270536068959113, 'g': 1.261834133085005}
Previous:  {'d': 0.3630598268502072, 'e': 0.11848844141742888, 'f': 1.7217287329200794, 'g': 1.272343858265524}
python -u fit_individ_iter.py Box8_1400 0.715608 Box8_1400 0.787402
prev {'d': 0.35858095608956764, 'e': 0.1287136116879761, 'f': 1.7270536068959113, 'g': 1.261834133085005}
Starting ML Fit
Box8_1400
       message: Optimization terminated successfully.
       success: True
        status: 0
           fun: 106.28688743394646
             x: [ 3.398e-01  9.165e-02  1.771e+00  1.274e+00]
           nit: 144
          nfev: 246
 final_simplex: (array([[ 3.398e-01,  9.165e-02,  1.771e+00,  1.274e+00],
                       [ 3.398e-01,  9.167e-02,  1.771e+00,  1.274e+00],
                       ...,
                       [ 3.398e-01,  9.165e-02,  1.771e+00,  1.274e+00],
                       [ 3.398e-01,  9.173e-02,  1.771e+00,  1.274e+00]]), array([ 1.063e+02,  1.063e+02,  1.063e+02,  1.063e+02,
                        1.063e+02]))
   param_names: ['d', 'e', 'f', 'g']
[0.33979477 0.09165125 1.7714251  1.27414321]
{'d': 0.339794769371484, 'e': 0.09165124813360065, 'f': 1.7714250954401718, 'g': 1.2741432063325129}
Previous:  {'d': 0.35858095608956764, 'e': 0.1287136116879761, 'f': 1.7270536068959113, 'g': 1.261834133085005}
python -u fit_individ_iter.py Box8_1400 0.650360 Box8_1400 0.715608
prev {'d': 0.339794769371484, 'e': 0.09165124813360065, 'f': 1.7714250954401718, 'g': 1.2741432063325129}
Starting ML Fit
Box8_1400
       message: Optimization terminated successfully.
       success: True
        status: 0
           fun: 91.82410692772143
             x: [ 3.317e-01  8.592e-02  1.781e+00  1.269e+00]
           nit: 174
          nfev: 295
 final_simplex: (array([[ 3.317e-01,  8.592e-02,  1.781e+00,  1.269e+00],
                       [ 3.317e-01,  8.594e-02,  1.781e+00,  1.269e+00],
                       ...,
                       [ 3.316e-01,  8.589e-02,  1.781e+00,  1.269e+00],
                       [ 3.316e-01,  8.583e-02,  1.781e+00,  1.269e+00]]), array([ 9.182e+01,  9.182e+01,  9.182e+01,  9.182e+01,
                        9.182e+01]))
   param_names: ['d', 'e', 'f', 'g']
[0.33166102 0.08591895 1.78120064 1.26852577]
{'d': 0.3316610237304394, 'e': 0.08591895132107633, 'f': 1.7812006406899488, 'g': 1.2685257726744328}
Previous:  {'d': 0.339794769371484, 'e': 0.09165124813360065, 'f': 1.7714250954401718, 'g': 1.2741432063325129}
python -u fit_individ_iter.py Box8_1400 0.620002 Box8_1400 0.650360
prev {'d': 0.3316610237304394, 'e': 0.08591895132107633, 'f': 1.7812006406899488, 'g': 1.2685257726744328}
Starting ML Fit
Box8_1400
       message: Optimization terminated successfully.
       success: True
        status: 0
           fun: 89.41673161807579
             x: [ 3.066e-01  4.531e-02  1.796e+00  1.277e+00]
           nit: 191
          nfev: 317
 final_simplex: (array([[ 3.066e-01,  4.531e-02,  1.796e+00,  1.277e+00],
                       [ 3.066e-01,  4.537e-02,  1.796e+00,  1.277e+00],
                       ...,
                       [ 3.066e-01,  4.536e-02,  1.796e+00,  1.277e+00],
                       [ 3.066e-01,  4.534e-02,  1.796e+00,  1.277e+00]]), array([ 8.942e+01,  8.942e+01,  8.942e+01,  8.942e+01,
                        8.942e+01]))
   param_names: ['d', 'e', 'f', 'g']
[0.30657853 0.04531125 1.79576577 1.27663482]
{'d': 0.3065785340745748, 'e': 0.045311246751301756, 'f': 1.7957657749459366, 'g': 1.276634820813075}
Previous:  {'d': 0.3316610237304394, 'e': 0.08591895132107633, 'f': 1.7812006406899488, 'g': 1.2685257726744328}
python -u fit_individ_iter.py Box8_1400 0.591061 Box8_1400 0.620002
prev {'d': 0.3065785340745748, 'e': 0.045311246751301756, 'f': 1.7957657749459366, 'g': 1.276634820813075}
Starting ML Fit
Box8_1400
       message: Optimization terminated successfully.
       success: True
        status: 0
           fun: 86.28859987380892
             x: [ 3.093e-01  5.302e-02  1.794e+00  1.270e+00]
           nit: 134
          nfev: 224
 final_simplex: (array([[ 3.093e-01,  5.302e-02,  1.794e+00,  1.270e+00],
                       [ 3.093e-01,  5.302e-02,  1.793e+00,  1.270e+00],
                       ...,
                       [ 3.093e-01,  5.304e-02,  1.794e+00,  1.270e+00],
                       [ 3.093e-01,  5.300e-02,  1.794e+00,  1.270e+00]]), array([ 8.629e+01,  8.629e+01,  8.629e+01,  8.629e+01,
                        8.629e+01]))
   param_names: ['d', 'e', 'f', 'g']
[0.30929254 0.0530197  1.79356957 1.27002624]
{'d': 0.30929253906997917, 'e': 0.05301970297442955, 'f': 1.7935695746510938, 'g': 1.2700262368013422}
Previous:  {'d': 0.3065785340745748, 'e': 0.045311246751301756, 'f': 1.7957657749459366, 'g': 1.276634820813075}
python -u fit_individ_iter.py Box8_1400 0.563471 Box8_1400 0.591061
prev {'d': 0.30929253906997917, 'e': 0.05301970297442955, 'f': 1.7935695746510938, 'g': 1.2700262368013422}
Starting ML Fit
Box8_1400
       message: Optimization terminated successfully.
       success: True
        status: 0
           fun: 83.42618407723519
             x: [ 3.142e-01  6.623e-02  1.791e+00  1.261e+00]
           nit: 129
          nfev: 221
 final_simplex: (array([[ 3.142e-01,  6.623e-02,  1.791e+00,  1.261e+00],
                       [ 3.143e-01,  6.630e-02,  1.791e+00,  1.261e+00],
                       ...,
                       [ 3.143e-01,  6.625e-02,  1.791e+00,  1.261e+00],
                       [ 3.142e-01,  6.623e-02,  1.791e+00,  1.261e+00]]), array([ 8.343e+01,  8.343e+01,  8.343e+01,  8.343e+01,
                        8.343e+01]))
   param_names: ['d', 'e', 'f', 'g']
[0.31424831 0.06623486 1.79060516 1.26130332]
{'d': 0.3142483125668484, 'e': 0.06623485517170026, 'f': 1.7906051571568646, 'g': 1.261303316909164}
Previous:  {'d': 0.30929253906997917, 'e': 0.05301970297442955, 'f': 1.7935695746510938, 'g': 1.2700262368013422}
python -u fit_individ_iter.py Box8_1400 0.537169 Box8_1400 0.563471
prev {'d': 0.3142483125668484, 'e': 0.06623485517170026, 'f': 1.7906051571568646, 'g': 1.261303316909164}
Starting ML Fit
Box8_1400
       message: Optimization terminated successfully.
       success: True
        status: 0
           fun: 84.20516771497074
             x: [ 3.134e-01  7.054e-02  1.798e+00  1.256e+00]
           nit: 88
          nfev: 150
 final_simplex: (array([[ 3.134e-01,  7.054e-02,  1.798e+00,  1.256e+00],
                       [ 3.134e-01,  7.056e-02,  1.798e+00,  1.256e+00],
                       ...,
                       [ 3.133e-01,  7.051e-02,  1.798e+00,  1.256e+00],
                       [ 3.134e-01,  7.055e-02,  1.797e+00,  1.256e+00]]), array([ 8.421e+01,  8.421e+01,  8.421e+01,  8.421e+01,
                        8.421e+01]))
   param_names: ['d', 'e', 'f', 'g']
[0.31335321 0.07053544 1.79751577 1.25634249]
{'d': 0.31335321134166016, 'e': 0.07053543507562007, 'f': 1.7975157664749095, 'g': 1.2563424947995872}
Previous:  {'d': 0.3142483125668484, 'e': 0.06623485517170026, 'f': 1.7906051571568646, 'g': 1.261303316909164}
python -u fit_individ_iter.py Box8_1400 0.512095 Box8_1400 0.537169
prev {'d': 0.31335321134166016, 'e': 0.07053543507562007, 'f': 1.7975157664749095, 'g': 1.2563424947995872}
Starting ML Fit
Box8_1400
       message: Optimization terminated successfully.
       success: True
        status: 0
           fun: 78.14361038119233
             x: [ 3.122e-01  7.338e-02  1.813e+00  1.255e+00]
           nit: 54
          nfev: 106
 final_simplex: (array([[ 3.122e-01,  7.338e-02,  1.813e+00,  1.255e+00],
                       [ 3.122e-01,  7.339e-02,  1.813e+00,  1.255e+00],
                       ...,
                       [ 3.122e-01,  7.343e-02,  1.813e+00,  1.255e+00],
                       [ 3.122e-01,  7.341e-02,  1.813e+00,  1.255e+00]]), array([ 7.814e+01,  7.814e+01,  7.814e+01,  7.814e+01,
                        7.814e+01]))
   param_names: ['d', 'e', 'f', 'g']
[0.31215761 0.07338271 1.81325626 1.25513878]
{'d': 0.3121576107486186, 'e': 0.07338270544457975, 'f': 1.8132562575032258, 'g': 1.255138776257441}
Previous:  {'d': 0.31335321134166016, 'e': 0.07053543507562007, 'f': 1.7975157664749095, 'g': 1.2563424947995872}
python -u fit_individ_iter.py Box8_1400 0.488191 Box8_1400 0.512095
prev {'d': 0.3121576107486186, 'e': 0.07338270544457975, 'f': 1.8132562575032258, 'g': 1.255138776257441}
Starting ML Fit
Box8_1400
       message: Optimization terminated successfully.
       success: True
        status: 0
           fun: 66.97665858788645
             x: [ 3.123e-01  8.001e-02  1.812e+00  1.248e+00]
           nit: 109
          nfev: 184
 final_simplex: (array([[ 3.123e-01,  8.001e-02,  1.812e+00,  1.248e+00],
                       [ 3.123e-01,  8.000e-02,  1.812e+00,  1.248e+00],
                       ...,
                       [ 3.123e-01,  8.000e-02,  1.812e+00,  1.248e+00],
                       [ 3.123e-01,  8.000e-02,  1.812e+00,  1.248e+00]]), array([ 6.698e+01,  6.698e+01,  6.698e+01,  6.698e+01,
                        6.698e+01]))
   param_names: ['d', 'e', 'f', 'g']
[0.31226207 0.0800112  1.81175092 1.2482802 ]
{'d': 0.31226206717226934, 'e': 0.08001120260617753, 'f': 1.8117509246512558, 'g': 1.2482801963716357}
Previous:  {'d': 0.3121576107486186, 'e': 0.07338270544457975, 'f': 1.8132562575032258, 'g': 1.255138776257441}
python -u fit_individ_iter.py Box8_1400 0.403224 Box8_1400 0.488191
prev {'d': 0.31226206717226934, 'e': 0.08001120260617753, 'f': 1.8117509246512558, 'g': 1.2482801963716357}
Starting ML Fit
Box8_1400
       message: Optimization terminated successfully.
       success: True
        status: 0
           fun: 56.95297425428056
             x: [ 3.202e-01  1.225e-01  1.755e+00  1.220e+00]
           nit: 129
          nfev: 228
 final_simplex: (array([[ 3.202e-01,  1.225e-01,  1.755e+00,  1.220e+00],
                       [ 3.201e-01,  1.224e-01,  1.755e+00,  1.220e+00],
                       ...,
                       [ 3.202e-01,  1.225e-01,  1.755e+00,  1.220e+00],
                       [ 3.202e-01,  1.225e-01,  1.755e+00,  1.220e+00]]), array([ 5.695e+01,  5.695e+01,  5.695e+01,  5.695e+01,
                        5.695e+01]))
   param_names: ['d', 'e', 'f', 'g']
[0.32015644 0.12246887 1.75466967 1.21951671]
{'d': 0.32015643922602266, 'e': 0.12246886985006877, 'f': 1.7546696729483506, 'g': 1.219516705607083}
Previous:  {'d': 0.31226206717226934, 'e': 0.08001120260617753, 'f': 1.8117509246512558, 'g': 1.2482801963716357}
python -u fit_individ_iter.py Box8_1400 0.366459 Box8_1400 0.403224
prev {'d': 0.32015643922602266, 'e': 0.12246886985006877, 'f': 1.7546696729483506, 'g': 1.219516705607083}
Starting ML Fit
Box8_1400
       message: Optimization terminated successfully.
       success: True
        status: 0
           fun: 48.80764805794532
             x: [ 3.235e-01  1.437e-01  1.722e+00  1.207e+00]
           nit: 135
          nfev: 236
 final_simplex: (array([[ 3.235e-01,  1.437e-01,  1.722e+00,  1.207e+00],
                       [ 3.235e-01,  1.437e-01,  1.722e+00,  1.207e+00],
                       ...,
                       [ 3.236e-01,  1.437e-01,  1.722e+00,  1.207e+00],
                       [ 3.235e-01,  1.436e-01,  1.721e+00,  1.207e+00]]), array([ 4.881e+01,  4.881e+01,  4.881e+01,  4.881e+01,
                        4.881e+01]))
   param_names: ['d', 'e', 'f', 'g']
[0.32353172 0.14365068 1.72151918 1.20696447]
{'d': 0.3235317215927909, 'e': 0.1436506824099506, 'f': 1.721519175175528, 'g': 1.2069644686469019}
Previous:  {'d': 0.32015643922602266, 'e': 0.12246886985006877, 'f': 1.7546696729483506, 'g': 1.219516705607083}
