Curr: Box_n50_21_1400, Prev: Box_n50_0_1400
alist [1.0, 0.953321, 0.866399, 0.787402, 0.715608, 0.65036, 0.620002, 0.591061, 0.563471, 0.537169, 0.512095, 0.488191, 0.403224, 0.366459]
python -u fit_individ_iter.py Box_n50_21_1400 1.000000 Box_n50_0_1400 1.000000
prev {'d': 0.5325091909557191, 'e': 1.1, 'f': 2.2600428905523633, 'g': 1.2727440440771383}
Starting ML Fit
Box_n50_21_1400
       message: Optimization terminated successfully.
       success: True
        status: 0
           fun: 8216.630681986053
             x: [ 5.194e-01  1.018e+00  2.263e+00  1.288e+00]
           nit: 93
          nfev: 163
 final_simplex: (array([[ 5.194e-01,  1.018e+00,  2.263e+00,  1.288e+00],
                       [ 5.194e-01,  1.018e+00,  2.263e+00,  1.288e+00],
                       ...,
                       [ 5.194e-01,  1.018e+00,  2.263e+00,  1.288e+00],
                       [ 5.194e-01,  1.018e+00,  2.263e+00,  1.288e+00]]), array([ 8.217e+03,  8.217e+03,  8.217e+03,  8.217e+03,
                        8.217e+03]))
   param_names: ['d', 'e', 'f', 'g']
[0.51943771 1.01845642 2.26344502 1.2884716 ]
{'d': 0.5194377143676757, 'e': 1.0184564200469168, 'f': 2.2634450223043805, 'g': 1.288471602719918}
Previous:  {'d': 0.5325091909557191, 'e': 1.1, 'f': 2.2600428905523633, 'g': 1.2727440440771383}
python -u fit_individ_iter.py Box_n50_21_1400 0.953321 Box_n50_21_1400 1.000000
prev {'d': 0.5194377143676757, 'e': 1.0184564200469168, 'f': 2.2634450223043805, 'g': 1.288471602719918}
Starting ML Fit
Box_n50_21_1400
       message: Optimization terminated successfully.
       success: True
        status: 0
           fun: 8582.298781123649
             x: [ 5.069e-01  9.497e-01  2.266e+00  1.293e+00]
           nit: 109
          nfev: 188
 final_simplex: (array([[ 5.069e-01,  9.497e-01,  2.266e+00,  1.293e+00],
                       [ 5.069e-01,  9.497e-01,  2.266e+00,  1.293e+00],
                       ...,
                       [ 5.069e-01,  9.497e-01,  2.266e+00,  1.293e+00],
                       [ 5.069e-01,  9.497e-01,  2.266e+00,  1.293e+00]]), array([ 8.582e+03,  8.582e+03,  8.582e+03,  8.582e+03,
                        8.582e+03]))
   param_names: ['d', 'e', 'f', 'g']
[0.50688714 0.9496693  2.26623891 1.29297596]
{'d': 0.5068871418289549, 'e': 0.9496692997535594, 'f': 2.266238908888872, 'g': 1.2929759581904987}
Previous:  {'d': 0.5194377143676757, 'e': 1.0184564200469168, 'f': 2.2634450223043805, 'g': 1.288471602719918}
python -u fit_individ_iter.py Box_n50_21_1400 0.866399 Box_n50_21_1400 0.953321
prev {'d': 0.5068871418289549, 'e': 0.9496692997535594, 'f': 2.266238908888872, 'g': 1.2929759581904987}
Starting ML Fit
Box_n50_21_1400
       message: Optimization terminated successfully.
       success: True
        status: 0
           fun: 7512.691525701105
             x: [ 4.854e-01  8.648e-01  2.271e+00  1.301e+00]
           nit: 128
          nfev: 228
 final_simplex: (array([[ 4.854e-01,  8.648e-01,  2.271e+00,  1.301e+00],
                       [ 4.854e-01,  8.648e-01,  2.271e+00,  1.301e+00],
                       ...,
                       [ 4.854e-01,  8.648e-01,  2.271e+00,  1.301e+00],
                       [ 4.854e-01,  8.648e-01,  2.271e+00,  1.301e+00]]), array([ 7.513e+03,  7.513e+03,  7.513e+03,  7.513e+03,
                        7.513e+03]))
   param_names: ['d', 'e', 'f', 'g']
[0.48543566 0.8648267  2.27132009 1.3010197 ]
{'d': 0.4854356575605703, 'e': 0.8648266962516827, 'f': 2.27132009274493, 'g': 1.3010197024130554}
Previous:  {'d': 0.5068871418289549, 'e': 0.9496692997535594, 'f': 2.266238908888872, 'g': 1.2929759581904987}
python -u fit_individ_iter.py Box_n50_21_1400 0.787402 Box_n50_21_1400 0.866399
prev {'d': 0.4854356575605703, 'e': 0.8648266962516827, 'f': 2.27132009274493, 'g': 1.3010197024130554}
Starting ML Fit
Box_n50_21_1400
       message: Optimization terminated successfully.
       success: True
        status: 0
           fun: 8559.982762988702
             x: [ 4.677e-01  7.957e-01  2.276e+00  1.305e+00]
           nit: 114
          nfev: 195
 final_simplex: (array([[ 4.677e-01,  7.957e-01,  2.276e+00,  1.305e+00],
                       [ 4.677e-01,  7.957e-01,  2.276e+00,  1.305e+00],
                       ...,
                       [ 4.677e-01,  7.957e-01,  2.276e+00,  1.305e+00],
                       [ 4.677e-01,  7.956e-01,  2.276e+00,  1.305e+00]]), array([ 8.560e+03,  8.560e+03,  8.560e+03,  8.560e+03,
                        8.560e+03]))
   param_names: ['d', 'e', 'f', 'g']
[0.46770856 0.79567635 2.27598654 1.30511107]
{'d': 0.46770855937738615, 'e': 0.7956763524540386, 'f': 2.2759865429194965, 'g': 1.305111070841701}
Previous:  {'d': 0.4854356575605703, 'e': 0.8648266962516827, 'f': 2.27132009274493, 'g': 1.3010197024130554}
python -u fit_individ_iter.py Box_n50_21_1400 0.715608 Box_n50_21_1400 0.787402
prev {'d': 0.46770855937738615, 'e': 0.7956763524540386, 'f': 2.2759865429194965, 'g': 1.305111070841701}
Starting ML Fit
Box_n50_21_1400
       message: Optimization terminated successfully.
       success: True
        status: 0
           fun: 11836.096921982758
             x: [ 4.553e-01  7.969e-01  2.274e+00  1.302e+00]
           nit: 111
          nfev: 193
 final_simplex: (array([[ 4.553e-01,  7.969e-01,  2.274e+00,  1.302e+00],
                       [ 4.553e-01,  7.969e-01,  2.274e+00,  1.302e+00],
                       ...,
                       [ 4.553e-01,  7.969e-01,  2.274e+00,  1.302e+00],
                       [ 4.553e-01,  7.969e-01,  2.274e+00,  1.302e+00]]), array([ 1.184e+04,  1.184e+04,  1.184e+04,  1.184e+04,
                        1.184e+04]))
   param_names: ['d', 'e', 'f', 'g']
[0.45534327 0.79692512 2.27395523 1.30223189]
{'d': 0.45534326599579356, 'e': 0.7969251162169388, 'f': 2.2739552319773453, 'g': 1.3022318883136292}
Previous:  {'d': 0.46770855937738615, 'e': 0.7956763524540386, 'f': 2.2759865429194965, 'g': 1.305111070841701}
python -u fit_individ_iter.py Box_n50_21_1400 0.650360 Box_n50_21_1400 0.715608
prev {'d': 0.45534326599579356, 'e': 0.7969251162169388, 'f': 2.2739552319773453, 'g': 1.3022318883136292}
Starting ML Fit
Box_n50_21_1400
       message: Optimization terminated successfully.
       success: True
        status: 0
           fun: 6296.550632596247
             x: [ 4.447e-01  8.026e-01  2.271e+00  1.293e+00]
           nit: 132
          nfev: 223
 final_simplex: (array([[ 4.447e-01,  8.026e-01,  2.271e+00,  1.293e+00],
                       [ 4.447e-01,  8.026e-01,  2.271e+00,  1.293e+00],
                       ...,
                       [ 4.447e-01,  8.026e-01,  2.271e+00,  1.293e+00],
                       [ 4.447e-01,  8.027e-01,  2.271e+00,  1.293e+00]]), array([ 6.297e+03,  6.297e+03,  6.297e+03,  6.297e+03,
                        6.297e+03]))
   param_names: ['d', 'e', 'f', 'g']
[0.44471116 0.80264465 2.27140336 1.29347859]
{'d': 0.44471116451454984, 'e': 0.8026446456574098, 'f': 2.271403364088336, 'g': 1.2934785858113875}
Previous:  {'d': 0.45534326599579356, 'e': 0.7969251162169388, 'f': 2.2739552319773453, 'g': 1.3022318883136292}
python -u fit_individ_iter.py Box_n50_21_1400 0.620002 Box_n50_21_1400 0.650360
prev {'d': 0.44471116451454984, 'e': 0.8026446456574098, 'f': 2.271403364088336, 'g': 1.2934785858113875}
Starting ML Fit
Box_n50_21_1400
       message: Optimization terminated successfully.
       success: True
        status: 0
           fun: 8014.667333429224
             x: [ 4.388e-01  8.131e-01  2.268e+00  1.288e+00]
           nit: 94
          nfev: 173
 final_simplex: (array([[ 4.388e-01,  8.131e-01,  2.268e+00,  1.288e+00],
                       [ 4.388e-01,  8.131e-01,  2.268e+00,  1.288e+00],
                       ...,
                       [ 4.388e-01,  8.131e-01,  2.268e+00,  1.288e+00],
                       [ 4.388e-01,  8.131e-01,  2.268e+00,  1.288e+00]]), array([ 8.015e+03,  8.015e+03,  8.015e+03,  8.015e+03,
                        8.015e+03]))
   param_names: ['d', 'e', 'f', 'g']
[0.43882072 0.81310827 2.2683996  1.28795678]
{'d': 0.43882072053160304, 'e': 0.813108269303538, 'f': 2.2683995971084485, 'g': 1.2879567797156328}
Previous:  {'d': 0.44471116451454984, 'e': 0.8026446456574098, 'f': 2.271403364088336, 'g': 1.2934785858113875}
python -u fit_individ_iter.py Box_n50_21_1400 0.591061 Box_n50_21_1400 0.620002
prev {'d': 0.43882072053160304, 'e': 0.813108269303538, 'f': 2.2683995971084485, 'g': 1.2879567797156328}
Starting ML Fit
Box_n50_21_1400
       message: Optimization terminated successfully.
       success: True
        status: 0
           fun: 10043.826355539275
             x: [ 4.324e-01  8.083e-01  2.268e+00  1.283e+00]
           nit: 100
          nfev: 175
 final_simplex: (array([[ 4.324e-01,  8.083e-01,  2.268e+00,  1.283e+00],
                       [ 4.323e-01,  8.083e-01,  2.268e+00,  1.283e+00],
                       ...,
                       [ 4.324e-01,  8.083e-01,  2.268e+00,  1.283e+00],
                       [ 4.323e-01,  8.082e-01,  2.268e+00,  1.283e+00]]), array([ 1.004e+04,  1.004e+04,  1.004e+04,  1.004e+04,
                        1.004e+04]))
   param_names: ['d', 'e', 'f', 'g']
[0.43235027 0.80829987 2.26779963 1.28344328]
{'d': 0.43235027251647684, 'e': 0.8082998690246304, 'f': 2.267799629783865, 'g': 1.2834432846573636}
Previous:  {'d': 0.43882072053160304, 'e': 0.813108269303538, 'f': 2.2683995971084485, 'g': 1.2879567797156328}
python -u fit_individ_iter.py Box_n50_21_1400 0.563471 Box_n50_21_1400 0.591061
prev {'d': 0.43235027251647684, 'e': 0.8082998690246304, 'f': 2.267799629783865, 'g': 1.2834432846573636}
Starting ML Fit
Box_n50_21_1400
       message: Optimization terminated successfully.
       success: True
        status: 0
           fun: 6523.936861194017
             x: [ 4.287e-01  8.140e-01  2.266e+00  1.279e+00]
           nit: 93
          nfev: 166
 final_simplex: (array([[ 4.287e-01,  8.140e-01,  2.266e+00,  1.279e+00],
                       [ 4.287e-01,  8.140e-01,  2.266e+00,  1.279e+00],
                       ...,
                       [ 4.287e-01,  8.140e-01,  2.266e+00,  1.279e+00],
                       [ 4.287e-01,  8.139e-01,  2.266e+00,  1.279e+00]]), array([ 6.524e+03,  6.524e+03,  6.524e+03,  6.524e+03,
                        6.524e+03]))
   param_names: ['d', 'e', 'f', 'g']
[0.42866439 0.81395495 2.26604973 1.27913494]
{'d': 0.42866439178349947, 'e': 0.8139549535468921, 'f': 2.26604972857503, 'g': 1.2791349446218416}
Previous:  {'d': 0.43235027251647684, 'e': 0.8082998690246304, 'f': 2.267799629783865, 'g': 1.2834432846573636}
python -u fit_individ_iter.py Box_n50_21_1400 0.537169 Box_n50_21_1400 0.563471
prev {'d': 0.42866439178349947, 'e': 0.8139549535468921, 'f': 2.26604972857503, 'g': 1.2791349446218416}
Starting ML Fit
Box_n50_21_1400
       message: Optimization terminated successfully.
       success: True
        status: 0
           fun: 4238.091810566227
             x: [ 4.245e-01  8.265e-01  2.263e+00  1.275e+00]
           nit: 87
          nfev: 157
 final_simplex: (array([[ 4.245e-01,  8.265e-01,  2.263e+00,  1.275e+00],
                       [ 4.245e-01,  8.265e-01,  2.263e+00,  1.275e+00],
                       ...,
                       [ 4.245e-01,  8.265e-01,  2.263e+00,  1.275e+00],
                       [ 4.245e-01,  8.266e-01,  2.263e+00,  1.275e+00]]), array([ 4.238e+03,  4.238e+03,  4.238e+03,  4.238e+03,
                        4.238e+03]))
   param_names: ['d', 'e', 'f', 'g']
[0.42453971 0.82652055 2.26321089 1.27463424]
{'d': 0.42453971045382244, 'e': 0.8265205517233609, 'f': 2.263210889885466, 'g': 1.2746342442928404}
Previous:  {'d': 0.42866439178349947, 'e': 0.8139549535468921, 'f': 2.26604972857503, 'g': 1.2791349446218416}
python -u fit_individ_iter.py Box_n50_21_1400 0.512095 Box_n50_21_1400 0.537169
prev {'d': 0.42453971045382244, 'e': 0.8265205517233609, 'f': 2.263210889885466, 'g': 1.2746342442928404}
Starting ML Fit
Box_n50_21_1400
       message: Optimization terminated successfully.
       success: True
        status: 0
           fun: 5879.630963672996
             x: [ 4.179e-01  8.197e-01  2.264e+00  1.272e+00]
           nit: 101
          nfev: 182
 final_simplex: (array([[ 4.179e-01,  8.197e-01,  2.264e+00,  1.272e+00],
                       [ 4.179e-01,  8.197e-01,  2.264e+00,  1.272e+00],
                       ...,
                       [ 4.179e-01,  8.198e-01,  2.264e+00,  1.272e+00],
                       [ 4.179e-01,  8.197e-01,  2.264e+00,  1.272e+00]]), array([ 5.880e+03,  5.880e+03,  5.880e+03,  5.880e+03,
                        5.880e+03]))
   param_names: ['d', 'e', 'f', 'g']
[0.4179467  0.8197364  2.26427515 1.27228766]
{'d': 0.4179466952471023, 'e': 0.8197364020061854, 'f': 2.2642751538150008, 'g': 1.2722876599302348}
Previous:  {'d': 0.42453971045382244, 'e': 0.8265205517233609, 'f': 2.263210889885466, 'g': 1.2746342442928404}
python -u fit_individ_iter.py Box_n50_21_1400 0.488191 Box_n50_21_1400 0.512095
prev {'d': 0.4179466952471023, 'e': 0.8197364020061854, 'f': 2.2642751538150008, 'g': 1.2722876599302348}
Starting ML Fit
Box_n50_21_1400
       message: Optimization terminated successfully.
       success: True
        status: 0
           fun: 4800.3662185857975
             x: [ 4.109e-01  8.127e-01  2.266e+00  1.264e+00]
           nit: 78
          nfev: 143
 final_simplex: (array([[ 4.109e-01,  8.127e-01,  2.266e+00,  1.264e+00],
                       [ 4.109e-01,  8.127e-01,  2.266e+00,  1.264e+00],
                       ...,
                       [ 4.109e-01,  8.127e-01,  2.266e+00,  1.264e+00],
                       [ 4.109e-01,  8.127e-01,  2.266e+00,  1.264e+00]]), array([ 4.800e+03,  4.800e+03,  4.800e+03,  4.800e+03,
                        4.800e+03]))
   param_names: ['d', 'e', 'f', 'g']
[0.41092456 0.81265736 2.26567907 1.26443616]
{'d': 0.41092455759658275, 'e': 0.8126573645300826, 'f': 2.265679073199471, 'g': 1.2644361630389112}
Previous:  {'d': 0.4179466952471023, 'e': 0.8197364020061854, 'f': 2.2642751538150008, 'g': 1.2722876599302348}
python -u fit_individ_iter.py Box_n50_21_1400 0.403224 Box_n50_21_1400 0.488191
prev {'d': 0.41092455759658275, 'e': 0.8126573645300826, 'f': 2.265679073199471, 'g': 1.2644361630389112}
Starting ML Fit
Box_n50_21_1400
       message: Optimization terminated successfully.
       success: True
        status: 0
           fun: 3428.7656401389404
             x: [ 3.985e-01  8.136e-01  2.266e+00  1.260e+00]
           nit: 104
          nfev: 178
 final_simplex: (array([[ 3.985e-01,  8.136e-01,  2.266e+00,  1.260e+00],
                       [ 3.985e-01,  8.137e-01,  2.266e+00,  1.260e+00],
                       ...,
                       [ 3.985e-01,  8.136e-01,  2.266e+00,  1.260e+00],
                       [ 3.985e-01,  8.137e-01,  2.266e+00,  1.260e+00]]), array([ 3.429e+03,  3.429e+03,  3.429e+03,  3.429e+03,
                        3.429e+03]))
   param_names: ['d', 'e', 'f', 'g']
[0.39848637 0.81363681 2.26553438 1.26035545]
{'d': 0.3984863677414374, 'e': 0.8136368072675252, 'f': 2.2655343790867004, 'g': 1.2603554509690764}
Previous:  {'d': 0.41092455759658275, 'e': 0.8126573645300826, 'f': 2.265679073199471, 'g': 1.2644361630389112}
python -u fit_individ_iter.py Box_n50_21_1400 0.366459 Box_n50_21_1400 0.403224
prev {'d': 0.3984863677414374, 'e': 0.8136368072675252, 'f': 2.2655343790867004, 'g': 1.2603554509690764}
Starting ML Fit
Box_n50_21_1400
       message: Optimization terminated successfully.
       success: True
        status: 0
           fun: 3503.997783772104
             x: [ 3.895e-01  8.168e-01  2.264e+00  1.254e+00]
           nit: 88
          nfev: 156
 final_simplex: (array([[ 3.895e-01,  8.168e-01,  2.264e+00,  1.254e+00],
                       [ 3.895e-01,  8.168e-01,  2.265e+00,  1.254e+00],
                       ...,
                       [ 3.895e-01,  8.168e-01,  2.265e+00,  1.254e+00],
                       [ 3.895e-01,  8.168e-01,  2.265e+00,  1.254e+00]]), array([ 3.504e+03,  3.504e+03,  3.504e+03,  3.504e+03,
                        3.504e+03]))
   param_names: ['d', 'e', 'f', 'g']
[0.38948245 0.81677312 2.26449082 1.2544639 ]
{'d': 0.3894824469690946, 'e': 0.8167731179591409, 'f': 2.2644908155768517, 'g': 1.254463896243306}
Previous:  {'d': 0.3984863677414374, 'e': 0.8136368072675252, 'f': 2.2655343790867004, 'g': 1.2603554509690764}
