Curr: Box19_1400, Prev: Box25_1400
alist [1.0, 0.953321, 0.866399, 0.787402, 0.715608, 0.65036, 0.620002, 0.591061, 0.563471, 0.537169, 0.512095, 0.488191, 0.403224, 0.366459]
python -u fit_individ_iter.py Box19_1400 1.000000 Box25_1400 1.000000
prev {'d': 0.5202126784388281, 'e': 1.1593182879254027, 'f': 2.259617409722695, 'g': 1.2664294814480141}
Starting ML Fit
Box19_1400
       message: Optimization terminated successfully.
       success: True
        status: 0
           fun: 8469.9531035486
             x: [ 5.165e-01  1.161e+00  2.261e+00  1.233e+00]
           nit: 106
          nfev: 185
 final_simplex: (array([[ 5.165e-01,  1.161e+00,  2.261e+00,  1.233e+00],
                       [ 5.165e-01,  1.161e+00,  2.261e+00,  1.233e+00],
                       ...,
                       [ 5.165e-01,  1.161e+00,  2.261e+00,  1.233e+00],
                       [ 5.165e-01,  1.161e+00,  2.261e+00,  1.233e+00]]), array([ 8.470e+03,  8.470e+03,  8.470e+03,  8.470e+03,
                        8.470e+03]))
   param_names: ['d', 'e', 'f', 'g']
[0.51652173 1.16138032 2.26052735 1.23259115]
{'d': 0.5165217316220277, 'e': 1.161380322143185, 'f': 2.2605273454888652, 'g': 1.2325911519213486}
Previous:  {'d': 0.5202126784388281, 'e': 1.1593182879254027, 'f': 2.259617409722695, 'g': 1.2664294814480141}
python -u fit_individ_iter.py Box19_1400 0.953321 Box19_1400 1.000000
prev {'d': 0.5165217316220277, 'e': 1.161380322143185, 'f': 2.2605273454888652, 'g': 1.2325911519213486}
Starting ML Fit
Box19_1400
       message: Optimization terminated successfully.
       success: True
        status: 0
           fun: 6743.121581116036
             x: [ 5.098e-01  1.172e+00  2.260e+00  1.231e+00]
           nit: 73
          nfev: 134
 final_simplex: (array([[ 5.098e-01,  1.172e+00,  2.260e+00,  1.231e+00],
                       [ 5.098e-01,  1.172e+00,  2.260e+00,  1.231e+00],
                       ...,
                       [ 5.098e-01,  1.172e+00,  2.260e+00,  1.231e+00],
                       [ 5.098e-01,  1.172e+00,  2.260e+00,  1.231e+00]]), array([ 6.743e+03,  6.743e+03,  6.743e+03,  6.743e+03,
                        6.743e+03]))
   param_names: ['d', 'e', 'f', 'g']
[0.50983001 1.17174438 2.26015555 1.2314219 ]
{'d': 0.5098300083336864, 'e': 1.1717443763626605, 'f': 2.2601555452315925, 'g': 1.2314218958052563}
Previous:  {'d': 0.5165217316220277, 'e': 1.161380322143185, 'f': 2.2605273454888652, 'g': 1.2325911519213486}
python -u fit_individ_iter.py Box19_1400 0.866399 Box19_1400 0.953321
prev {'d': 0.5098300083336864, 'e': 1.1717443763626605, 'f': 2.2601555452315925, 'g': 1.2314218958052563}
Starting ML Fit
Box19_1400
       message: Optimization terminated successfully.
       success: True
        status: 0
           fun: 7803.178817208649
             x: [ 4.947e-01  1.182e+00  2.260e+00  1.229e+00]
           nit: 101
          nfev: 174
 final_simplex: (array([[ 4.947e-01,  1.182e+00,  2.260e+00,  1.229e+00],
                       [ 4.947e-01,  1.182e+00,  2.260e+00,  1.229e+00],
                       ...,
                       [ 4.947e-01,  1.182e+00,  2.260e+00,  1.229e+00],
                       [ 4.947e-01,  1.182e+00,  2.260e+00,  1.229e+00]]), array([ 7.803e+03,  7.803e+03,  7.803e+03,  7.803e+03,
                        7.803e+03]))
   param_names: ['d', 'e', 'f', 'g']
[0.49468951 1.1815564  2.25959885 1.22908569]
{'d': 0.494689506305823, 'e': 1.181556396523649, 'f': 2.2595988505916345, 'g': 1.2290856874058704}
Previous:  {'d': 0.5098300083336864, 'e': 1.1717443763626605, 'f': 2.2601555452315925, 'g': 1.2314218958052563}
python -u fit_individ_iter.py Box19_1400 0.787402 Box19_1400 0.866399
prev {'d': 0.494689506305823, 'e': 1.181556396523649, 'f': 2.2595988505916345, 'g': 1.2290856874058704}
Starting ML Fit
Box19_1400
       message: Optimization terminated successfully.
       success: True
        status: 0
           fun: 5781.797468679983
             x: [ 4.801e-01  1.185e+00  2.260e+00  1.229e+00]
           nit: 110
          nfev: 193
 final_simplex: (array([[ 4.801e-01,  1.185e+00,  2.260e+00,  1.229e+00],
                       [ 4.801e-01,  1.185e+00,  2.260e+00,  1.229e+00],
                       ...,
                       [ 4.801e-01,  1.185e+00,  2.260e+00,  1.229e+00],
                       [ 4.801e-01,  1.185e+00,  2.260e+00,  1.229e+00]]), array([ 5.782e+03,  5.782e+03,  5.782e+03,  5.782e+03,
                        5.782e+03]))
   param_names: ['d', 'e', 'f', 'g']
[0.48006068 1.18510214 2.26002407 1.22878646]
{'d': 0.48006067617603765, 'e': 1.1851021380786868, 'f': 2.260024072021, 'g': 1.2287864579581949}
Previous:  {'d': 0.494689506305823, 'e': 1.181556396523649, 'f': 2.2595988505916345, 'g': 1.2290856874058704}
python -u fit_individ_iter.py Box19_1400 0.715608 Box19_1400 0.787402
prev {'d': 0.48006067617603765, 'e': 1.1851021380786868, 'f': 2.260024072021, 'g': 1.2287864579581949}
Starting ML Fit
Box19_1400
       message: Optimization terminated successfully.
       success: True
        status: 0
           fun: 4879.503690717363
             x: [ 4.666e-01  1.189e+00  2.260e+00  1.228e+00]
           nit: 95
          nfev: 173
 final_simplex: (array([[ 4.666e-01,  1.189e+00,  2.260e+00,  1.228e+00],
                       [ 4.666e-01,  1.189e+00,  2.260e+00,  1.228e+00],
                       ...,
                       [ 4.666e-01,  1.189e+00,  2.260e+00,  1.228e+00],
                       [ 4.666e-01,  1.189e+00,  2.260e+00,  1.228e+00]]), array([ 4.880e+03,  4.880e+03,  4.880e+03,  4.880e+03,
                        4.880e+03]))
   param_names: ['d', 'e', 'f', 'g']
[0.46661509 1.18936945 2.25972831 1.22799438]
{'d': 0.4666150869737455, 'e': 1.189369447111903, 'f': 2.259728313391894, 'g': 1.2279943758150704}
Previous:  {'d': 0.48006067617603765, 'e': 1.1851021380786868, 'f': 2.260024072021, 'g': 1.2287864579581949}
python -u fit_individ_iter.py Box19_1400 0.650360 Box19_1400 0.715608
prev {'d': 0.4666150869737455, 'e': 1.189369447111903, 'f': 2.259728313391894, 'g': 1.2279943758150704}
Starting ML Fit
Box19_1400
       message: Optimization terminated successfully.
       success: True
        status: 0
           fun: 3912.5495137462353
             x: [ 4.545e-01  1.189e+00  2.260e+00  1.225e+00]
           nit: 86
          nfev: 156
 final_simplex: (array([[ 4.545e-01,  1.189e+00,  2.260e+00,  1.225e+00],
                       [ 4.545e-01,  1.189e+00,  2.260e+00,  1.225e+00],
                       ...,
                       [ 4.545e-01,  1.189e+00,  2.260e+00,  1.225e+00],
                       [ 4.545e-01,  1.189e+00,  2.260e+00,  1.225e+00]]), array([ 3.913e+03,  3.913e+03,  3.913e+03,  3.913e+03,
                        3.913e+03]))
   param_names: ['d', 'e', 'f', 'g']
[0.45450677 1.18902313 2.26034173 1.22529702]
{'d': 0.45450677475364964, 'e': 1.1890231257154453, 'f': 2.260341733689157, 'g': 1.2252970233768208}
Previous:  {'d': 0.4666150869737455, 'e': 1.189369447111903, 'f': 2.259728313391894, 'g': 1.2279943758150704}
python -u fit_individ_iter.py Box19_1400 0.620002 Box19_1400 0.650360
prev {'d': 0.45450677475364964, 'e': 1.1890231257154453, 'f': 2.260341733689157, 'g': 1.2252970233768208}
Starting ML Fit
Box19_1400
       message: Optimization terminated successfully.
       success: True
        status: 0
           fun: 5372.58377524101
             x: [ 4.494e-01  1.185e+00  2.262e+00  1.228e+00]
           nit: 71
          nfev: 133
 final_simplex: (array([[ 4.494e-01,  1.185e+00,  2.262e+00,  1.228e+00],
                       [ 4.494e-01,  1.185e+00,  2.262e+00,  1.228e+00],
                       ...,
                       [ 4.494e-01,  1.185e+00,  2.262e+00,  1.228e+00],
                       [ 4.494e-01,  1.185e+00,  2.262e+00,  1.228e+00]]), array([ 5.373e+03,  5.373e+03,  5.373e+03,  5.373e+03,
                        5.373e+03]))
   param_names: ['d', 'e', 'f', 'g']
[0.44942044 1.18475771 2.26176534 1.22835596]
{'d': 0.44942043655991054, 'e': 1.1847577133342608, 'f': 2.2617653423792765, 'g': 1.2283559581616394}
Previous:  {'d': 0.45450677475364964, 'e': 1.1890231257154453, 'f': 2.260341733689157, 'g': 1.2252970233768208}
python -u fit_individ_iter.py Box19_1400 0.591061 Box19_1400 0.620002
prev {'d': 0.44942043655991054, 'e': 1.1847577133342608, 'f': 2.2617653423792765, 'g': 1.2283559581616394}
Starting ML Fit
Box19_1400
       message: Optimization terminated successfully.
       success: True
        status: 0
           fun: 3260.3478060616735
             x: [ 4.433e-01  1.182e+00  2.263e+00  1.224e+00]
           nit: 81
          nfev: 148
 final_simplex: (array([[ 4.433e-01,  1.182e+00,  2.263e+00,  1.224e+00],
                       [ 4.433e-01,  1.182e+00,  2.263e+00,  1.224e+00],
                       ...,
                       [ 4.433e-01,  1.182e+00,  2.263e+00,  1.224e+00],
                       [ 4.433e-01,  1.182e+00,  2.263e+00,  1.224e+00]]), array([ 3.260e+03,  3.260e+03,  3.260e+03,  3.260e+03,
                        3.260e+03]))
   param_names: ['d', 'e', 'f', 'g']
[0.44333362 1.18203961 2.26269626 1.22428767]
{'d': 0.4433336165620755, 'e': 1.182039609985011, 'f': 2.262696260132433, 'g': 1.2242876711819997}
Previous:  {'d': 0.44942043655991054, 'e': 1.1847577133342608, 'f': 2.2617653423792765, 'g': 1.2283559581616394}
python -u fit_individ_iter.py Box19_1400 0.563471 Box19_1400 0.591061
prev {'d': 0.4433336165620755, 'e': 1.182039609985011, 'f': 2.262696260132433, 'g': 1.2242876711819997}
Starting ML Fit
Box19_1400
       message: Optimization terminated successfully.
       success: True
        status: 0
           fun: 2852.6763090128966
             x: [ 4.412e-01  1.184e+00  2.262e+00  1.226e+00]
           nit: 82
          nfev: 147
 final_simplex: (array([[ 4.412e-01,  1.184e+00,  2.262e+00,  1.226e+00],
                       [ 4.412e-01,  1.184e+00,  2.262e+00,  1.226e+00],
                       ...,
                       [ 4.412e-01,  1.184e+00,  2.262e+00,  1.226e+00],
                       [ 4.412e-01,  1.184e+00,  2.262e+00,  1.226e+00]]), array([ 2.853e+03,  2.853e+03,  2.853e+03,  2.853e+03,
                        2.853e+03]))
   param_names: ['d', 'e', 'f', 'g']
[0.44121867 1.18357283 2.26233725 1.2263811 ]
{'d': 0.44121866880068145, 'e': 1.1835728270085668, 'f': 2.26233724612984, 'g': 1.2263811012543617}
Previous:  {'d': 0.4433336165620755, 'e': 1.182039609985011, 'f': 2.262696260132433, 'g': 1.2242876711819997}
python -u fit_individ_iter.py Box19_1400 0.537169 Box19_1400 0.563471
prev {'d': 0.44121866880068145, 'e': 1.1835728270085668, 'f': 2.26233724612984, 'g': 1.2263811012543617}
Starting ML Fit
Box19_1400
       message: Optimization terminated successfully.
       success: True
        status: 0
           fun: 3543.092173193569
             x: [ 4.344e-01  1.184e+00  2.263e+00  1.223e+00]
           nit: 79
          nfev: 143
 final_simplex: (array([[ 4.344e-01,  1.184e+00,  2.263e+00,  1.223e+00],
                       [ 4.344e-01,  1.184e+00,  2.263e+00,  1.223e+00],
                       ...,
                       [ 4.344e-01,  1.184e+00,  2.263e+00,  1.223e+00],
                       [ 4.344e-01,  1.184e+00,  2.263e+00,  1.223e+00]]), array([ 3.543e+03,  3.543e+03,  3.543e+03,  3.543e+03,
                        3.543e+03]))
   param_names: ['d', 'e', 'f', 'g']
[0.43439361 1.18364425 2.26253794 1.22332524]
{'d': 0.4343936051067362, 'e': 1.1836442537454952, 'f': 2.262537937342701, 'g': 1.2233252432205637}
Previous:  {'d': 0.44121866880068145, 'e': 1.1835728270085668, 'f': 2.26233724612984, 'g': 1.2263811012543617}
python -u fit_individ_iter.py Box19_1400 0.512095 Box19_1400 0.537169
prev {'d': 0.4343936051067362, 'e': 1.1836442537454952, 'f': 2.262537937342701, 'g': 1.2233252432205637}
Starting ML Fit
Box19_1400
       message: Optimization terminated successfully.
       success: True
        status: 0
           fun: 4764.088659915761
             x: [ 4.282e-01  1.186e+00  2.262e+00  1.222e+00]
           nit: 82
          nfev: 149
 final_simplex: (array([[ 4.282e-01,  1.186e+00,  2.262e+00,  1.222e+00],
                       [ 4.282e-01,  1.186e+00,  2.262e+00,  1.222e+00],
                       ...,
                       [ 4.282e-01,  1.186e+00,  2.262e+00,  1.222e+00],
                       [ 4.282e-01,  1.186e+00,  2.262e+00,  1.222e+00]]), array([ 4.764e+03,  4.764e+03,  4.764e+03,  4.764e+03,
                        4.764e+03]))
   param_names: ['d', 'e', 'f', 'g']
[0.42817853 1.18557213 2.26198756 1.22182712]
{'d': 0.4281785301954839, 'e': 1.1855721262586807, 'f': 2.2619875560899247, 'g': 1.2218271171059478}
Previous:  {'d': 0.4343936051067362, 'e': 1.1836442537454952, 'f': 2.262537937342701, 'g': 1.2233252432205637}
python -u fit_individ_iter.py Box19_1400 0.488191 Box19_1400 0.512095
prev {'d': 0.4281785301954839, 'e': 1.1855721262586807, 'f': 2.2619875560899247, 'g': 1.2218271171059478}
Starting ML Fit
Box19_1400
       message: Optimization terminated successfully.
       success: True
        status: 0
           fun: 2975.1667280431107
             x: [ 4.240e-01  1.186e+00  2.262e+00  1.219e+00]
           nit: 72
          nfev: 132
 final_simplex: (array([[ 4.240e-01,  1.186e+00,  2.262e+00,  1.219e+00],
                       [ 4.240e-01,  1.186e+00,  2.262e+00,  1.219e+00],
                       ...,
                       [ 4.240e-01,  1.186e+00,  2.262e+00,  1.219e+00],
                       [ 4.240e-01,  1.186e+00,  2.262e+00,  1.219e+00]]), array([ 2.975e+03,  2.975e+03,  2.975e+03,  2.975e+03,
                        2.975e+03]))
   param_names: ['d', 'e', 'f', 'g']
[0.42402193 1.18601388 2.26196272 1.21931035]
{'d': 0.42402192714396664, 'e': 1.1860138823367392, 'f': 2.2619627248226424, 'g': 1.2193103489528325}
Previous:  {'d': 0.4281785301954839, 'e': 1.1855721262586807, 'f': 2.2619875560899247, 'g': 1.2218271171059478}
python -u fit_individ_iter.py Box19_1400 0.403224 Box19_1400 0.488191
prev {'d': 0.42402192714396664, 'e': 1.1860138823367392, 'f': 2.2619627248226424, 'g': 1.2193103489528325}
Starting ML Fit
Box19_1400
       message: Optimization terminated successfully.
       success: True
        status: 0
           fun: 1463.632442892744
             x: [ 4.011e-01  1.188e+00  2.262e+00  1.211e+00]
           nit: 102
          nfev: 180
 final_simplex: (array([[ 4.011e-01,  1.188e+00,  2.262e+00,  1.211e+00],
                       [ 4.011e-01,  1.188e+00,  2.262e+00,  1.211e+00],
                       ...,
                       [ 4.011e-01,  1.188e+00,  2.262e+00,  1.211e+00],
                       [ 4.011e-01,  1.188e+00,  2.262e+00,  1.211e+00]]), array([ 1.464e+03,  1.464e+03,  1.464e+03,  1.464e+03,
                        1.464e+03]))
   param_names: ['d', 'e', 'f', 'g']
[0.40107089 1.1877129  2.26180963 1.21141644]
{'d': 0.4010708918400822, 'e': 1.1877129040716405, 'f': 2.261809632463538, 'g': 1.2114164372886904}
Previous:  {'d': 0.42402192714396664, 'e': 1.1860138823367392, 'f': 2.2619627248226424, 'g': 1.2193103489528325}
python -u fit_individ_iter.py Box19_1400 0.366459 Box19_1400 0.403224
prev {'d': 0.4010708918400822, 'e': 1.1877129040716405, 'f': 2.261809632463538, 'g': 1.2114164372886904}
Starting ML Fit
Box19_1400
       message: Optimization terminated successfully.
       success: True
        status: 0
           fun: 2091.9340940855213
             x: [ 4.054e-01  1.188e+00  2.262e+00  1.218e+00]
           nit: 87
          nfev: 153
 final_simplex: (array([[ 4.054e-01,  1.188e+00,  2.262e+00,  1.218e+00],
                       [ 4.054e-01,  1.188e+00,  2.262e+00,  1.218e+00],
                       ...,
                       [ 4.054e-01,  1.188e+00,  2.262e+00,  1.218e+00],
                       [ 4.054e-01,  1.188e+00,  2.262e+00,  1.218e+00]]), array([ 2.092e+03,  2.092e+03,  2.092e+03,  2.092e+03,
                        2.092e+03]))
   param_names: ['d', 'e', 'f', 'g']
[0.40537754 1.18770431 2.26167789 1.21761906]
{'d': 0.4053775435504181, 'e': 1.1877043093512225, 'f': 2.261677892871136, 'g': 1.2176190635568855}
Previous:  {'d': 0.4010708918400822, 'e': 1.1877129040716405, 'f': 2.261809632463538, 'g': 1.2114164372886904}
