Curr: Box11_1400, Prev: Box2_1400 
alist [1.0, 0.953321, 0.866399, 0.787402, 0.715608, 0.65036, 0.620002, 0.591061, 0.563471, 0.537169, 0.512095, 0.488191, 0.403224, 0.366459]
python -u fit_individ_iter.py Box11_1400 1.000000 Box2_1400 1.000000
prev {'d': 0.4342910732202374, 'e': 0.40841188302009124, 'f': 1.7042137847822505, 'g': 1.1820033175582694}
Starting ML Fit
Box11_1400
       message: Optimization terminated successfully.
       success: True
        status: 0
           fun: 118.9297326395651
             x: [ 4.248e-01  3.661e-01  1.786e+00  1.200e+00]
           nit: 107
          nfev: 191
 final_simplex: (array([[ 4.248e-01,  3.661e-01,  1.786e+00,  1.200e+00],
                       [ 4.248e-01,  3.661e-01,  1.786e+00,  1.200e+00],
                       ...,
                       [ 4.248e-01,  3.660e-01,  1.786e+00,  1.200e+00],
                       [ 4.248e-01,  3.661e-01,  1.786e+00,  1.200e+00]]), array([ 1.189e+02,  1.189e+02,  1.189e+02,  1.189e+02,
                        1.189e+02]))
   param_names: ['d', 'e', 'f', 'g']
[0.42478128 0.36605504 1.78573739 1.19977686]
{'d': 0.42478127887467887, 'e': 0.3660550443316263, 'f': 1.785737386213416, 'g': 1.1997768591715507}
Previous:  {'d': 0.4342910732202374, 'e': 0.40841188302009124, 'f': 1.7042137847822505, 'g': 1.1820033175582694}
python -u fit_individ_iter.py Box11_1400 0.953321 Box11_1400 1.000000
prev {'d': 0.42478127887467887, 'e': 0.3660550443316263, 'f': 1.785737386213416, 'g': 1.1997768591715507}
Starting ML Fit
Box11_1400
       message: Optimization terminated successfully.
       success: True
        status: 0
           fun: 120.40322669045678
             x: [ 4.173e-01  3.527e-01  1.818e+00  1.208e+00]
           nit: 140
          nfev: 243
 final_simplex: (array([[ 4.173e-01,  3.527e-01,  1.818e+00,  1.208e+00],
                       [ 4.173e-01,  3.527e-01,  1.818e+00,  1.208e+00],
                       ...,
                       [ 4.173e-01,  3.527e-01,  1.818e+00,  1.208e+00],
                       [ 4.173e-01,  3.528e-01,  1.818e+00,  1.208e+00]]), array([ 1.204e+02,  1.204e+02,  1.204e+02,  1.204e+02,
                        1.204e+02]))
   param_names: ['d', 'e', 'f', 'g']
[0.41733115 0.35271702 1.81847151 1.20768648]
{'d': 0.4173311542955435, 'e': 0.3527170213689843, 'f': 1.8184715057973972, 'g': 1.2076864758232508}
Previous:  {'d': 0.42478127887467887, 'e': 0.3660550443316263, 'f': 1.785737386213416, 'g': 1.1997768591715507}
python -u fit_individ_iter.py Box11_1400 0.866399 Box11_1400 0.953321
prev {'d': 0.4173311542955435, 'e': 0.3527170213689843, 'f': 1.8184715057973972, 'g': 1.2076864758232508}
Starting ML Fit
Box11_1400
       message: Optimization terminated successfully.
       success: True
        status: 0
           fun: 115.16339933504588
             x: [ 4.052e-01  3.533e-01  1.832e+00  1.208e+00]
           nit: 105
          nfev: 191
 final_simplex: (array([[ 4.052e-01,  3.533e-01,  1.832e+00,  1.208e+00],
                       [ 4.052e-01,  3.532e-01,  1.832e+00,  1.208e+00],
                       ...,
                       [ 4.052e-01,  3.533e-01,  1.832e+00,  1.208e+00],
                       [ 4.052e-01,  3.533e-01,  1.832e+00,  1.208e+00]]), array([ 1.152e+02,  1.152e+02,  1.152e+02,  1.152e+02,
                        1.152e+02]))
   param_names: ['d', 'e', 'f', 'g']
[0.40520078 0.35325054 1.83167025 1.20836902]
{'d': 0.40520078157622974, 'e': 0.3532505382167999, 'f': 1.8316702451443743, 'g': 1.208369019702201}
Previous:  {'d': 0.4173311542955435, 'e': 0.3527170213689843, 'f': 1.8184715057973972, 'g': 1.2076864758232508}
python -u fit_individ_iter.py Box11_1400 0.787402 Box11_1400 0.866399
prev {'d': 0.40520078157622974, 'e': 0.3532505382167999, 'f': 1.8316702451443743, 'g': 1.208369019702201}
Starting ML Fit
Box11_1400
       message: Optimization terminated successfully.
       success: True
        status: 0
           fun: 107.58512578279345
             x: [ 3.967e-01  3.748e-01  1.819e+00  1.200e+00]
           nit: 69
          nfev: 126
 final_simplex: (array([[ 3.967e-01,  3.748e-01,  1.819e+00,  1.200e+00],
                       [ 3.967e-01,  3.748e-01,  1.819e+00,  1.200e+00],
                       ...,
                       [ 3.967e-01,  3.747e-01,  1.819e+00,  1.200e+00],
                       [ 3.967e-01,  3.747e-01,  1.819e+00,  1.200e+00]]), array([ 1.076e+02,  1.076e+02,  1.076e+02,  1.076e+02,
                        1.076e+02]))
   param_names: ['d', 'e', 'f', 'g']
[0.39669723 0.3747542  1.8186743  1.20029302]
{'d': 0.39669722863440415, 'e': 0.3747542024531103, 'f': 1.8186742977995185, 'g': 1.2002930155274267}
Previous:  {'d': 0.40520078157622974, 'e': 0.3532505382167999, 'f': 1.8316702451443743, 'g': 1.208369019702201}
python -u fit_individ_iter.py Box11_1400 0.715608 Box11_1400 0.787402
prev {'d': 0.39669722863440415, 'e': 0.3747542024531103, 'f': 1.8186742977995185, 'g': 1.2002930155274267}
Starting ML Fit
Box11_1400
       message: Optimization terminated successfully.
       success: True
        status: 0
           fun: 95.73820242399024
             x: [ 3.885e-01  3.944e-01  1.801e+00  1.190e+00]
           nit: 135
          nfev: 238
 final_simplex: (array([[ 3.885e-01,  3.944e-01,  1.801e+00,  1.190e+00],
                       [ 3.885e-01,  3.945e-01,  1.801e+00,  1.190e+00],
                       ...,
                       [ 3.885e-01,  3.944e-01,  1.801e+00,  1.190e+00],
                       [ 3.885e-01,  3.945e-01,  1.801e+00,  1.190e+00]]), array([ 9.574e+01,  9.574e+01,  9.574e+01,  9.574e+01,
                        9.574e+01]))
   param_names: ['d', 'e', 'f', 'g']
[0.38850092 0.39444459 1.80091337 1.1904009 ]
{'d': 0.3885009199731233, 'e': 0.3944445916046072, 'f': 1.8009133701778672, 'g': 1.1904008958755343}
Previous:  {'d': 0.39669722863440415, 'e': 0.3747542024531103, 'f': 1.8186742977995185, 'g': 1.2002930155274267}
python -u fit_individ_iter.py Box11_1400 0.650360 Box11_1400 0.715608
prev {'d': 0.3885009199731233, 'e': 0.3944445916046072, 'f': 1.8009133701778672, 'g': 1.1904008958755343}
Starting ML Fit
Box11_1400
       message: Optimization terminated successfully.
       success: True
        status: 0
           fun: 90.35778223035227
             x: [ 3.782e-01  3.880e-01  1.825e+00  1.190e+00]
           nit: 130
          nfev: 220
 final_simplex: (array([[ 3.782e-01,  3.880e-01,  1.825e+00,  1.190e+00],
                       [ 3.782e-01,  3.879e-01,  1.825e+00,  1.190e+00],
                       ...,
                       [ 3.782e-01,  3.880e-01,  1.825e+00,  1.190e+00],
                       [ 3.781e-01,  3.879e-01,  1.825e+00,  1.190e+00]]), array([ 9.036e+01,  9.036e+01,  9.036e+01,  9.036e+01,
                        9.036e+01]))
   param_names: ['d', 'e', 'f', 'g']
[0.37815829 0.38796448 1.82502479 1.19017467]
{'d': 0.37815829035822934, 'e': 0.38796447570600323, 'f': 1.8250247914920745, 'g': 1.1901746712453116}
Previous:  {'d': 0.3885009199731233, 'e': 0.3944445916046072, 'f': 1.8009133701778672, 'g': 1.1904008958755343}
python -u fit_individ_iter.py Box11_1400 0.620002 Box11_1400 0.650360
prev {'d': 0.37815829035822934, 'e': 0.38796447570600323, 'f': 1.8250247914920745, 'g': 1.1901746712453116}
Starting ML Fit
Box11_1400
       message: Optimization terminated successfully.
       success: True
        status: 0
           fun: 93.30077617712693
             x: [ 3.735e-01  3.862e-01  1.835e+00  1.189e+00]
           nit: 115
          nfev: 197
 final_simplex: (array([[ 3.735e-01,  3.862e-01,  1.835e+00,  1.189e+00],
                       [ 3.735e-01,  3.862e-01,  1.835e+00,  1.189e+00],
                       ...,
                       [ 3.735e-01,  3.862e-01,  1.835e+00,  1.189e+00],
                       [ 3.735e-01,  3.863e-01,  1.836e+00,  1.189e+00]]), array([ 9.330e+01,  9.330e+01,  9.330e+01,  9.330e+01,
                        9.330e+01]))
   param_names: ['d', 'e', 'f', 'g']
[0.37347872 0.38621066 1.83547013 1.1889867 ]
{'d': 0.3734787172530096, 'e': 0.3862106619383302, 'f': 1.8354701289518256, 'g': 1.1889867041321072}
Previous:  {'d': 0.37815829035822934, 'e': 0.38796447570600323, 'f': 1.8250247914920745, 'g': 1.1901746712453116}
python -u fit_individ_iter.py Box11_1400 0.591061 Box11_1400 0.620002
prev {'d': 0.3734787172530096, 'e': 0.3862106619383302, 'f': 1.8354701289518256, 'g': 1.1889867041321072}
Starting ML Fit
Box11_1400
       message: Optimization terminated successfully.
       success: True
        status: 0
           fun: 91.6372074320113
             x: [ 3.684e-01  3.747e-01  1.861e+00  1.193e+00]
           nit: 93
          nfev: 161
 final_simplex: (array([[ 3.684e-01,  3.747e-01,  1.861e+00,  1.193e+00],
                       [ 3.684e-01,  3.746e-01,  1.861e+00,  1.193e+00],
                       ...,
                       [ 3.684e-01,  3.746e-01,  1.860e+00,  1.193e+00],
                       [ 3.684e-01,  3.746e-01,  1.861e+00,  1.193e+00]]), array([ 9.164e+01,  9.164e+01,  9.164e+01,  9.164e+01,
                        9.164e+01]))
   param_names: ['d', 'e', 'f', 'g']
[0.36838301 0.37465324 1.8605539  1.19330495]
{'d': 0.3683830106899801, 'e': 0.3746532382982277, 'f': 1.8605539035191379, 'g': 1.1933049453464997}
Previous:  {'d': 0.3734787172530096, 'e': 0.3862106619383302, 'f': 1.8354701289518256, 'g': 1.1889867041321072}
python -u fit_individ_iter.py Box11_1400 0.563471 Box11_1400 0.591061
prev {'d': 0.3683830106899801, 'e': 0.3746532382982277, 'f': 1.8605539035191379, 'g': 1.1933049453464997}
Starting ML Fit
Box11_1400
       message: Optimization terminated successfully.
       success: True
        status: 0
           fun: 83.34308924011079
             x: [ 3.643e-01  3.639e-01  1.884e+00  1.197e+00]
           nit: 114
          nfev: 203
 final_simplex: (array([[ 3.643e-01,  3.639e-01,  1.884e+00,  1.197e+00],
                       [ 3.643e-01,  3.639e-01,  1.884e+00,  1.197e+00],
                       ...,
                       [ 3.643e-01,  3.639e-01,  1.884e+00,  1.197e+00],
                       [ 3.643e-01,  3.639e-01,  1.884e+00,  1.197e+00]]), array([ 8.334e+01,  8.334e+01,  8.334e+01,  8.334e+01,
                        8.334e+01]))
   param_names: ['d', 'e', 'f', 'g']
[0.36429853 0.36385234 1.88403305 1.19721176]
{'d': 0.36429852728836176, 'e': 0.3638523380044282, 'f': 1.8840330539148726, 'g': 1.1972117586061441}
Previous:  {'d': 0.3683830106899801, 'e': 0.3746532382982277, 'f': 1.8605539035191379, 'g': 1.1933049453464997}
python -u fit_individ_iter.py Box11_1400 0.537169 Box11_1400 0.563471
prev {'d': 0.36429852728836176, 'e': 0.3638523380044282, 'f': 1.8840330539148726, 'g': 1.1972117586061441}
Starting ML Fit
Box11_1400
       message: Optimization terminated successfully.
       success: True
        status: 0
           fun: 71.73439432270887
             x: [ 3.625e-01  3.718e-01  1.876e+00  1.194e+00]
           nit: 93
          nfev: 161
 final_simplex: (array([[ 3.625e-01,  3.718e-01,  1.876e+00,  1.194e+00],
                       [ 3.625e-01,  3.719e-01,  1.876e+00,  1.194e+00],
                       ...,
                       [ 3.625e-01,  3.717e-01,  1.876e+00,  1.194e+00],
                       [ 3.625e-01,  3.718e-01,  1.876e+00,  1.194e+00]]), array([ 7.173e+01,  7.173e+01,  7.173e+01,  7.173e+01,
                        7.173e+01]))
   param_names: ['d', 'e', 'f', 'g']
[0.36251182 0.37178896 1.87599583 1.19417726]
{'d': 0.36251182269119997, 'e': 0.3717889610090871, 'f': 1.8759958286937188, 'g': 1.1941772560175736}
Previous:  {'d': 0.36429852728836176, 'e': 0.3638523380044282, 'f': 1.8840330539148726, 'g': 1.1972117586061441}
python -u fit_individ_iter.py Box11_1400 0.512095 Box11_1400 0.537169
prev {'d': 0.36251182269119997, 'e': 0.3717889610090871, 'f': 1.8759958286937188, 'g': 1.1941772560175736}
Starting ML Fit
Box11_1400
       message: Optimization terminated successfully.
       success: True
        status: 0
           fun: 70.44124644575227
             x: [ 3.570e-01  3.677e-01  1.891e+00  1.192e+00]
           nit: 96
          nfev: 168
 final_simplex: (array([[ 3.570e-01,  3.677e-01,  1.891e+00,  1.192e+00],
                       [ 3.570e-01,  3.678e-01,  1.891e+00,  1.192e+00],
                       ...,
                       [ 3.570e-01,  3.678e-01,  1.891e+00,  1.192e+00],
                       [ 3.570e-01,  3.678e-01,  1.891e+00,  1.192e+00]]), array([ 7.044e+01,  7.044e+01,  7.044e+01,  7.044e+01,
                        7.044e+01]))
   param_names: ['d', 'e', 'f', 'g']
[0.35700489 0.36773211 1.89082767 1.19214225]
{'d': 0.35700488959223253, 'e': 0.36773211337110734, 'f': 1.8908276674876987, 'g': 1.1921422480861006}
Previous:  {'d': 0.36251182269119997, 'e': 0.3717889610090871, 'f': 1.8759958286937188, 'g': 1.1941772560175736}
python -u fit_individ_iter.py Box11_1400 0.488191 Box11_1400 0.512095
prev {'d': 0.35700488959223253, 'e': 0.36773211337110734, 'f': 1.8908276674876987, 'g': 1.1921422480861006}
Starting ML Fit
Box11_1400
       message: Optimization terminated successfully.
       success: True
        status: 0
           fun: 63.05581613096523
             x: [ 3.504e-01  3.494e-01  1.932e+00  1.196e+00]
           nit: 118
          nfev: 204
 final_simplex: (array([[ 3.504e-01,  3.494e-01,  1.932e+00,  1.196e+00],
                       [ 3.504e-01,  3.494e-01,  1.932e+00,  1.196e+00],
                       ...,
                       [ 3.504e-01,  3.494e-01,  1.932e+00,  1.196e+00],
                       [ 3.504e-01,  3.493e-01,  1.932e+00,  1.196e+00]]), array([ 6.306e+01,  6.306e+01,  6.306e+01,  6.306e+01,
                        6.306e+01]))
   param_names: ['d', 'e', 'f', 'g']
[0.35036223 0.34937457 1.93163287 1.19623604]
{'d': 0.35036223064700556, 'e': 0.3493745741305246, 'f': 1.9316328708375576, 'g': 1.1962360376899597}
Previous:  {'d': 0.35700488959223253, 'e': 0.36773211337110734, 'f': 1.8908276674876987, 'g': 1.1921422480861006}
python -u fit_individ_iter.py Box11_1400 0.403224 Box11_1400 0.488191
prev {'d': 0.35036223064700556, 'e': 0.3493745741305246, 'f': 1.9316328708375576, 'g': 1.1962360376899597}
Starting ML Fit
Box11_1400
       message: Optimization terminated successfully.
       success: True
        status: 0
           fun: 51.23534166075304
             x: [ 3.356e-01  3.384e-01  1.962e+00  1.192e+00]
           nit: 114
          nfev: 202
 final_simplex: (array([[ 3.356e-01,  3.384e-01,  1.962e+00,  1.192e+00],
                       [ 3.356e-01,  3.384e-01,  1.962e+00,  1.192e+00],
                       ...,
                       [ 3.356e-01,  3.385e-01,  1.962e+00,  1.192e+00],
                       [ 3.356e-01,  3.385e-01,  1.962e+00,  1.192e+00]]), array([ 5.124e+01,  5.124e+01,  5.124e+01,  5.124e+01,
                        5.124e+01]))
   param_names: ['d', 'e', 'f', 'g']
[0.33559699 0.33843097 1.96194249 1.19151893]
{'d': 0.3355969947421723, 'e': 0.3384309661542466, 'f': 1.9619424913274552, 'g': 1.1915189341921362}
Previous:  {'d': 0.35036223064700556, 'e': 0.3493745741305246, 'f': 1.9316328708375576, 'g': 1.1962360376899597}
python -u fit_individ_iter.py Box11_1400 0.366459 Box11_1400 0.403224
prev {'d': 0.3355969947421723, 'e': 0.3384309661542466, 'f': 1.9619424913274552, 'g': 1.1915189341921362}
Starting ML Fit
Box11_1400
       message: Optimization terminated successfully.
       success: True
        status: 0
           fun: 41.97796015551175
             x: [ 3.370e-01  3.441e-01  1.944e+00  1.191e+00]
           nit: 106
          nfev: 185
 final_simplex: (array([[ 3.370e-01,  3.441e-01,  1.944e+00,  1.191e+00],
                       [ 3.370e-01,  3.440e-01,  1.944e+00,  1.191e+00],
                       ...,
                       [ 3.370e-01,  3.440e-01,  1.944e+00,  1.191e+00],
                       [ 3.370e-01,  3.440e-01,  1.944e+00,  1.191e+00]]), array([ 4.198e+01,  4.198e+01,  4.198e+01,  4.198e+01,
                        4.198e+01]))
   param_names: ['d', 'e', 'f', 'g']
[0.33704511 0.34406573 1.94406646 1.19092047]
{'d': 0.33704511078749183, 'e': 0.3440657326412141, 'f': 1.9440664598111939, 'g': 1.1909204651181722}
Previous:  {'d': 0.3355969947421723, 'e': 0.3384309661542466, 'f': 1.9619424913274552, 'g': 1.1915189341921362}
