Curr: Box42_1400, Prev: Box_n50_31_1400
alist [1.0, 0.953321, 0.866399, 0.787402, 0.715608, 0.65036, 0.620002, 0.591061, 0.563471, 0.537169, 0.512095, 0.488191, 0.403224, 0.366459]
python -u fit_individ_iter.py Box42_1400 1.000000 Box_n50_31_1400 1.000000
Setting dictionary
Computing sigma spline
Initializing CLASS
Computing Sigma from CLASS
Spline Made
prev {'d': 0.5408972459472341, 'e': 1.2739294192128996, 'f': 2.3404163655722163, 'g': 1.2593814577313251}
Starting ML Fit
Box42_1400
       message: Optimization terminated successfully.
       success: True
        status: 0
           fun: 7064.9658998659725
             x: [ 5.205e-01  1.314e+00  2.338e+00  1.290e+00]
           nit: 125
          nfev: 212
 final_simplex: (array([[ 5.205e-01,  1.314e+00,  2.338e+00,  1.290e+00],
                       [ 5.205e-01,  1.314e+00,  2.338e+00,  1.290e+00],
                       ...,
                       [ 5.205e-01,  1.314e+00,  2.338e+00,  1.290e+00],
                       [ 5.205e-01,  1.314e+00,  2.338e+00,  1.290e+00]]), array([ 7.065e+03,  7.065e+03,  7.065e+03,  7.065e+03,
                        7.065e+03]))
   param_names: ['d', 'e', 'f', 'g']
[0.52050991 1.31386876 2.33765616 1.29016499]
{'d': 0.5205099091423868, 'e': 1.3138687631607564, 'f': 2.337656156166545, 'g': 1.2901649924852987}
Previous:  {'d': 0.5408972459472341, 'e': 1.2739294192128996, 'f': 2.3404163655722163, 'g': 1.2593814577313251}
python -u fit_individ_iter.py Box42_1400 0.953321 Box42_1400 1.000000
Setting dictionary
Computing sigma spline
Initializing CLASS
Computing Sigma from CLASS
Spline Made
prev {'d': 0.5205099091423868, 'e': 1.3138687631607564, 'f': 2.337656156166545, 'g': 1.2901649924852987}
Starting ML Fit
Box42_1400
       message: Optimization terminated successfully.
       success: True
        status: 0
           fun: 6001.075460483444
             x: [ 5.163e-01  1.352e+00  2.335e+00  1.287e+00]
           nit: 80
          nfev: 150
 final_simplex: (array([[ 5.163e-01,  1.352e+00,  2.335e+00,  1.287e+00],
                       [ 5.163e-01,  1.351e+00,  2.335e+00,  1.287e+00],
                       ...,
                       [ 5.163e-01,  1.351e+00,  2.335e+00,  1.287e+00],
                       [ 5.163e-01,  1.351e+00,  2.335e+00,  1.287e+00]]), array([ 6.001e+03,  6.001e+03,  6.001e+03,  6.001e+03,
                        6.001e+03]))
   param_names: ['d', 'e', 'f', 'g']
[0.5163158  1.35150347 2.33532364 1.28698055]
{'d': 0.5163158037736392, 'e': 1.3515034694494636, 'f': 2.335323635526122, 'g': 1.2869805536631251}
Previous:  {'d': 0.5205099091423868, 'e': 1.3138687631607564, 'f': 2.337656156166545, 'g': 1.2901649924852987}
python -u fit_individ_iter.py Box42_1400 0.866399 Box42_1400 0.953321
Setting dictionary
Computing sigma spline
Initializing CLASS
Computing Sigma from CLASS
Spline Made
prev {'d': 0.5163158037736392, 'e': 1.3515034694494636, 'f': 2.335323635526122, 'g': 1.2869805536631251}
Starting ML Fit
Box42_1400
       message: Optimization terminated successfully.
       success: True
        status: 0
           fun: 4899.821221795772
             x: [ 5.069e-01  1.390e+00  2.331e+00  1.280e+00]
           nit: 81
          nfev: 148
 final_simplex: (array([[ 5.069e-01,  1.390e+00,  2.331e+00,  1.280e+00],
                       [ 5.069e-01,  1.390e+00,  2.331e+00,  1.280e+00],
                       ...,
                       [ 5.069e-01,  1.390e+00,  2.331e+00,  1.280e+00],
                       [ 5.069e-01,  1.390e+00,  2.331e+00,  1.280e+00]]), array([ 4.900e+03,  4.900e+03,  4.900e+03,  4.900e+03,
                        4.900e+03]))
   param_names: ['d', 'e', 'f', 'g']
[0.50689395 1.38977558 2.33142109 1.27966803]
{'d': 0.5068939492952267, 'e': 1.3897755787216322, 'f': 2.3314210942675695, 'g': 1.2796680309721942}
Previous:  {'d': 0.5163158037736392, 'e': 1.3515034694494636, 'f': 2.335323635526122, 'g': 1.2869805536631251}
python -u fit_individ_iter.py Box42_1400 0.787402 Box42_1400 0.866399
Setting dictionary
Computing sigma spline
Initializing CLASS
Computing Sigma from CLASS
Spline Made
prev {'d': 0.5068939492952267, 'e': 1.3897755787216322, 'f': 2.3314210942675695, 'g': 1.2796680309721942}
Starting ML Fit
Box42_1400
       message: Optimization terminated successfully.
       success: True
        status: 0
           fun: 5742.660411781627
             x: [ 4.979e-01  1.424e+00  2.327e+00  1.274e+00]
           nit: 103
          nfev: 179
 final_simplex: (array([[ 4.979e-01,  1.424e+00,  2.327e+00,  1.274e+00],
                       [ 4.979e-01,  1.424e+00,  2.327e+00,  1.274e+00],
                       ...,
                       [ 4.979e-01,  1.424e+00,  2.327e+00,  1.274e+00],
                       [ 4.979e-01,  1.424e+00,  2.327e+00,  1.274e+00]]), array([ 5.743e+03,  5.743e+03,  5.743e+03,  5.743e+03,
                        5.743e+03]))
   param_names: ['d', 'e', 'f', 'g']
[0.49790603 1.42402722 2.32710301 1.27369086]
{'d': 0.4979060327509853, 'e': 1.4240272175737922, 'f': 2.3271030072127292, 'g': 1.2736908606806687}
Previous:  {'d': 0.5068939492952267, 'e': 1.3897755787216322, 'f': 2.3314210942675695, 'g': 1.2796680309721942}
python -u fit_individ_iter.py Box42_1400 0.715608 Box42_1400 0.787402
Setting dictionary
Computing sigma spline
Initializing CLASS
Computing Sigma from CLASS
Spline Made
prev {'d': 0.4979060327509853, 'e': 1.4240272175737922, 'f': 2.3271030072127292, 'g': 1.2736908606806687}
Starting ML Fit
Box42_1400
       message: Optimization terminated successfully.
       success: True
        status: 0
           fun: 6186.76301484794
             x: [ 4.890e-01  1.453e+00  2.323e+00  1.268e+00]
           nit: 94
          nfev: 169
 final_simplex: (array([[ 4.890e-01,  1.453e+00,  2.323e+00,  1.268e+00],
                       [ 4.890e-01,  1.453e+00,  2.323e+00,  1.268e+00],
                       ...,
                       [ 4.890e-01,  1.453e+00,  2.323e+00,  1.268e+00],
                       [ 4.890e-01,  1.453e+00,  2.323e+00,  1.268e+00]]), array([ 6.187e+03,  6.187e+03,  6.187e+03,  6.187e+03,
                        6.187e+03]))
   param_names: ['d', 'e', 'f', 'g']
[0.48903233 1.45257981 2.32253479 1.26752341]
{'d': 0.4890323347537802, 'e': 1.452579812947331, 'f': 2.322534793702575, 'g': 1.2675234124402883}
Previous:  {'d': 0.4979060327509853, 'e': 1.4240272175737922, 'f': 2.3271030072127292, 'g': 1.2736908606806687}
python -u fit_individ_iter.py Box42_1400 0.650360 Box42_1400 0.715608
Setting dictionary
Computing sigma spline
Initializing CLASS
Computing Sigma from CLASS
Spline Made
prev {'d': 0.4890323347537802, 'e': 1.452579812947331, 'f': 2.322534793702575, 'g': 1.2675234124402883}
Starting ML Fit
Box42_1400
       message: Optimization terminated successfully.
       success: True
        status: 0
           fun: 4221.273734590186
             x: [ 4.818e-01  1.466e+00  2.320e+00  1.264e+00]
           nit: 88
          nfev: 158
 final_simplex: (array([[ 4.818e-01,  1.466e+00,  2.320e+00,  1.264e+00],
                       [ 4.818e-01,  1.466e+00,  2.320e+00,  1.264e+00],
                       ...,
                       [ 4.818e-01,  1.466e+00,  2.320e+00,  1.264e+00],
                       [ 4.818e-01,  1.466e+00,  2.320e+00,  1.264e+00]]), array([ 4.221e+03,  4.221e+03,  4.221e+03,  4.221e+03,
                        4.221e+03]))
   param_names: ['d', 'e', 'f', 'g']
[0.48177684 1.46550657 2.32008984 1.26433139]
{'d': 0.4817768427648606, 'e': 1.465506569524298, 'f': 2.320089839684906, 'g': 1.2643313898177369}
Previous:  {'d': 0.4890323347537802, 'e': 1.452579812947331, 'f': 2.322534793702575, 'g': 1.2675234124402883}
python -u fit_individ_iter.py Box42_1400 0.620002 Box42_1400 0.650360
Setting dictionary
Computing sigma spline
Initializing CLASS
Computing Sigma from CLASS
Spline Made
prev {'d': 0.4817768427648606, 'e': 1.465506569524298, 'f': 2.320089839684906, 'g': 1.2643313898177369}
Starting ML Fit
Box42_1400
       message: Optimization terminated successfully.
       success: True
        status: 0
           fun: 2195.647028707873
             x: [ 4.756e-01  1.471e+00  2.319e+00  1.261e+00]
           nit: 72
          nfev: 136
 final_simplex: (array([[ 4.756e-01,  1.471e+00,  2.319e+00,  1.261e+00],
                       [ 4.756e-01,  1.471e+00,  2.319e+00,  1.261e+00],
                       ...,
                       [ 4.756e-01,  1.471e+00,  2.319e+00,  1.261e+00],
                       [ 4.756e-01,  1.471e+00,  2.319e+00,  1.261e+00]]), array([ 2.196e+03,  2.196e+03,  2.196e+03,  2.196e+03,
                        2.196e+03]))
   param_names: ['d', 'e', 'f', 'g']
[0.47558354 1.47071077 2.31890648 1.26081855]
{'d': 0.4755835360539383, 'e': 1.4707107713640473, 'f': 2.3189064760088822, 'g': 1.2608185523185826}
Previous:  {'d': 0.4817768427648606, 'e': 1.465506569524298, 'f': 2.320089839684906, 'g': 1.2643313898177369}
python -u fit_individ_iter.py Box42_1400 0.591061 Box42_1400 0.620002
Setting dictionary
Computing sigma spline
Initializing CLASS
Computing Sigma from CLASS
Spline Made
prev {'d': 0.4755835360539383, 'e': 1.4707107713640473, 'f': 2.3189064760088822, 'g': 1.2608185523185826}
Starting ML Fit
Box42_1400
       message: Optimization terminated successfully.
       success: True
        status: 0
           fun: 2858.0149051127664
             x: [ 4.717e-01  1.476e+00  2.318e+00  1.259e+00]
           nit: 99
          nfev: 170
 final_simplex: (array([[ 4.717e-01,  1.476e+00,  2.318e+00,  1.259e+00],
                       [ 4.717e-01,  1.476e+00,  2.318e+00,  1.259e+00],
                       ...,
                       [ 4.717e-01,  1.476e+00,  2.318e+00,  1.259e+00],
                       [ 4.717e-01,  1.476e+00,  2.318e+00,  1.259e+00]]), array([ 2.858e+03,  2.858e+03,  2.858e+03,  2.858e+03,
                        2.858e+03]))
   param_names: ['d', 'e', 'f', 'g']
[0.4716863  1.47595088 2.31758213 1.25912177]
{'d': 0.47168629754201286, 'e': 1.4759508807678223, 'f': 2.3175821291056398, 'g': 1.25912177218237}
Previous:  {'d': 0.4755835360539383, 'e': 1.4707107713640473, 'f': 2.3189064760088822, 'g': 1.2608185523185826}
python -u fit_individ_iter.py Box42_1400 0.563471 Box42_1400 0.591061
Setting dictionary
Computing sigma spline
Initializing CLASS
Computing Sigma from CLASS
Spline Made
prev {'d': 0.47168629754201286, 'e': 1.4759508807678223, 'f': 2.3175821291056398, 'g': 1.25912177218237}
Starting ML Fit
Box42_1400
       message: Optimization terminated successfully.
       success: True
        status: 0
           fun: 2749.491519415699
             x: [ 4.677e-01  1.482e+00  2.316e+00  1.257e+00]
           nit: 70
          nfev: 134
 final_simplex: (array([[ 4.677e-01,  1.482e+00,  2.316e+00,  1.257e+00],
                       [ 4.677e-01,  1.482e+00,  2.316e+00,  1.257e+00],
                       ...,
                       [ 4.677e-01,  1.482e+00,  2.316e+00,  1.257e+00],
                       [ 4.677e-01,  1.482e+00,  2.316e+00,  1.257e+00]]), array([ 2.749e+03,  2.749e+03,  2.749e+03,  2.749e+03,
                        2.749e+03]))
   param_names: ['d', 'e', 'f', 'g']
[0.46766974 1.48170682 2.31607445 1.25663567]
{'d': 0.46766973827920366, 'e': 1.4817068222267893, 'f': 2.3160744455587734, 'g': 1.256635671489306}
Previous:  {'d': 0.47168629754201286, 'e': 1.4759508807678223, 'f': 2.3175821291056398, 'g': 1.25912177218237}
python -u fit_individ_iter.py Box42_1400 0.537169 Box42_1400 0.563471
Setting dictionary
Computing sigma spline
Initializing CLASS
Computing Sigma from CLASS
Spline Made
prev {'d': 0.46766973827920366, 'e': 1.4817068222267893, 'f': 2.3160744455587734, 'g': 1.256635671489306}
Starting ML Fit
Box42_1400
       message: Optimization terminated successfully.
       success: True
        status: 0
           fun: 1507.3613040612904
             x: [ 4.611e-01  1.482e+00  2.316e+00  1.252e+00]
           nit: 88
          nfev: 158
 final_simplex: (array([[ 4.611e-01,  1.482e+00,  2.316e+00,  1.252e+00],
                       [ 4.611e-01,  1.482e+00,  2.316e+00,  1.252e+00],
                       ...,
                       [ 4.611e-01,  1.482e+00,  2.316e+00,  1.252e+00],
                       [ 4.611e-01,  1.482e+00,  2.316e+00,  1.252e+00]]), array([ 1.507e+03,  1.507e+03,  1.507e+03,  1.507e+03,
                        1.507e+03]))
   param_names: ['d', 'e', 'f', 'g']
[0.46111813 1.48228099 2.31591801 1.25212516]
{'d': 0.46111812520903545, 'e': 1.482280993495813, 'f': 2.3159180085110824, 'g': 1.2521251621543619}
Previous:  {'d': 0.46766973827920366, 'e': 1.4817068222267893, 'f': 2.3160744455587734, 'g': 1.256635671489306}
python -u fit_individ_iter.py Box42_1400 0.512095 Box42_1400 0.537169
Setting dictionary
Computing sigma spline
Initializing CLASS
Computing Sigma from CLASS
Spline Made
prev {'d': 0.46111812520903545, 'e': 1.482280993495813, 'f': 2.3159180085110824, 'g': 1.2521251621543619}
Starting ML Fit
Box42_1400
       message: Optimization terminated successfully.
       success: True
        status: 0
           fun: 1944.6910463648621
             x: [ 4.556e-01  1.481e+00  2.316e+00  1.250e+00]
           nit: 82
          nfev: 146
 final_simplex: (array([[ 4.556e-01,  1.481e+00,  2.316e+00,  1.250e+00],
                       [ 4.556e-01,  1.481e+00,  2.316e+00,  1.250e+00],
                       ...,
                       [ 4.556e-01,  1.481e+00,  2.316e+00,  1.250e+00],
                       [ 4.556e-01,  1.481e+00,  2.316e+00,  1.250e+00]]), array([ 1.945e+03,  1.945e+03,  1.945e+03,  1.945e+03,
                        1.945e+03]))
   param_names: ['d', 'e', 'f', 'g']
[0.45561589 1.4808781  2.31648076 1.25005132]
{'d': 0.45561589239016287, 'e': 1.4808781001028772, 'f': 2.3164807647896324, 'g': 1.250051319019362}
Previous:  {'d': 0.46111812520903545, 'e': 1.482280993495813, 'f': 2.3159180085110824, 'g': 1.2521251621543619}
python -u fit_individ_iter.py Box42_1400 0.488191 Box42_1400 0.512095
Setting dictionary
Computing sigma spline
Initializing CLASS
Computing Sigma from CLASS
Spline Made
prev {'d': 0.45561589239016287, 'e': 1.4808781001028772, 'f': 2.3164807647896324, 'g': 1.250051319019362}
Starting ML Fit
Box42_1400
       message: Optimization terminated successfully.
       success: True
        status: 0
           fun: 1013.1059759199071
             x: [ 4.578e-01  1.484e+00  2.315e+00  1.253e+00]
           nit: 71
          nfev: 129
 final_simplex: (array([[ 4.578e-01,  1.484e+00,  2.315e+00,  1.253e+00],
                       [ 4.578e-01,  1.484e+00,  2.315e+00,  1.253e+00],
                       ...,
                       [ 4.578e-01,  1.484e+00,  2.315e+00,  1.253e+00],
                       [ 4.578e-01,  1.484e+00,  2.315e+00,  1.253e+00]]), array([ 1.013e+03,  1.013e+03,  1.013e+03,  1.013e+03,
                        1.013e+03]))
   param_names: ['d', 'e', 'f', 'g']
[0.45776593 1.48434201 2.31508963 1.25271205]
{'d': 0.45776592926446524, 'e': 1.4843420055583425, 'f': 2.3150896291262093, 'g': 1.2527120545163934}
Previous:  {'d': 0.45561589239016287, 'e': 1.4808781001028772, 'f': 2.3164807647896324, 'g': 1.250051319019362}
python -u fit_individ_iter.py Box42_1400 0.403224 Box42_1400 0.488191
Setting dictionary
Computing sigma spline
Initializing CLASS
Computing Sigma from CLASS
Spline Made
prev {'d': 0.45776592926446524, 'e': 1.4843420055583425, 'f': 2.3150896291262093, 'g': 1.2527120545163934}
Starting ML Fit
Box42_1400
       message: Optimization terminated successfully.
       success: True
        status: 0
           fun: 1693.4011042878371
             x: [ 4.449e-01  1.486e+00  2.315e+00  1.249e+00]
           nit: 101
          nfev: 175
 final_simplex: (array([[ 4.449e-01,  1.486e+00,  2.315e+00,  1.249e+00],
                       [ 4.449e-01,  1.486e+00,  2.315e+00,  1.249e+00],
                       ...,
                       [ 4.449e-01,  1.486e+00,  2.315e+00,  1.249e+00],
                       [ 4.449e-01,  1.486e+00,  2.315e+00,  1.249e+00]]), array([ 1.693e+03,  1.693e+03,  1.693e+03,  1.693e+03,
                        1.693e+03]))
   param_names: ['d', 'e', 'f', 'g']
[0.44489652 1.48564139 2.31481481 1.24856565]
{'d': 0.4448965245263117, 'e': 1.4856413942709936, 'f': 2.3148148143032543, 'g': 1.2485656458210068}
Previous:  {'d': 0.45776592926446524, 'e': 1.4843420055583425, 'f': 2.3150896291262093, 'g': 1.2527120545163934}
python -u fit_individ_iter.py Box42_1400 0.366459 Box42_1400 0.403224
Setting dictionary
Computing sigma spline
Initializing CLASS
Computing Sigma from CLASS
Spline Made
prev {'d': 0.4448965245263117, 'e': 1.4856413942709936, 'f': 2.3148148143032543, 'g': 1.2485656458210068}
Starting ML Fit
Box42_1400
       message: Optimization terminated successfully.
       success: True
        status: 0
           fun: 1304.6073621169492
             x: [ 4.339e-01  1.486e+00  2.315e+00  1.245e+00]
           nit: 90
          nfev: 164
 final_simplex: (array([[ 4.339e-01,  1.486e+00,  2.315e+00,  1.245e+00],
                       [ 4.339e-01,  1.486e+00,  2.315e+00,  1.245e+00],
                       ...,
                       [ 4.339e-01,  1.486e+00,  2.315e+00,  1.245e+00],
                       [ 4.339e-01,  1.486e+00,  2.315e+00,  1.245e+00]]), array([ 1.305e+03,  1.305e+03,  1.305e+03,  1.305e+03,
                        1.305e+03]))
   param_names: ['d', 'e', 'f', 'g']
[0.43387592 1.48581491 2.3150579  1.24485756]
{'d': 0.4338759211112553, 'e': 1.4858149083184111, 'f': 2.3150578955313033, 'g': 1.244857556834859}
Previous:  {'d': 0.4448965245263117, 'e': 1.4856413942709936, 'f': 2.3148148143032543, 'g': 1.2485656458210068}
