Curr: Box_n50_32_1400, Prev: Box_n50_43_1400
alist [1.0, 0.953321, 0.866399, 0.787402, 0.715608, 0.65036, 0.620002, 0.591061, 0.563471, 0.537169, 0.512095, 0.488191, 0.403224, 0.366459]
python -u fit_individ_iter.py Box_n50_32_1400 1.000000 Box_n50_43_1400 1.000000
prev {'d': 0.44242053171747164, 'e': 0.3802857542436967, 'f': 1.6030430078610864, 'g': 1.1710708659808482}
Starting ML Fit
Box_n50_32_1400
       message: Optimization terminated successfully.
       success: True
        status: 0
           fun: 103.53206318807543
             x: [ 4.309e-01  3.473e-01  1.670e+00  1.161e+00]
           nit: 129
          nfev: 223
 final_simplex: (array([[ 4.309e-01,  3.473e-01,  1.670e+00,  1.161e+00],
                       [ 4.309e-01,  3.473e-01,  1.671e+00,  1.161e+00],
                       ...,
                       [ 4.309e-01,  3.474e-01,  1.671e+00,  1.161e+00],
                       [ 4.309e-01,  3.473e-01,  1.671e+00,  1.161e+00]]), array([ 1.035e+02,  1.035e+02,  1.035e+02,  1.035e+02,
                        1.035e+02]))
   param_names: ['d', 'e', 'f', 'g']
[0.43090466 0.3472929  1.67047371 1.16051612]
{'d': 0.43090466036449504, 'e': 0.34729289919749523, 'f': 1.6704737129899225, 'g': 1.1605161198147251}
Previous:  {'d': 0.44242053171747164, 'e': 0.3802857542436967, 'f': 1.6030430078610864, 'g': 1.1710708659808482}
python -u fit_individ_iter.py Box_n50_32_1400 0.953321 Box_n50_32_1400 1.000000
prev {'d': 0.43090466036449504, 'e': 0.34729289919749523, 'f': 1.6704737129899225, 'g': 1.1605161198147251}
Starting ML Fit
Box_n50_32_1400
       message: Optimization terminated successfully.
       success: True
        status: 0
           fun: 101.48589535192002
             x: [ 4.230e-01  3.341e-01  1.694e+00  1.167e+00]
           nit: 135
          nfev: 235
 final_simplex: (array([[ 4.230e-01,  3.341e-01,  1.694e+00,  1.167e+00],
                       [ 4.230e-01,  3.340e-01,  1.694e+00,  1.167e+00],
                       ...,
                       [ 4.230e-01,  3.341e-01,  1.694e+00,  1.167e+00],
                       [ 4.230e-01,  3.341e-01,  1.694e+00,  1.167e+00]]), array([ 1.015e+02,  1.015e+02,  1.015e+02,  1.015e+02,
                        1.015e+02]))
   param_names: ['d', 'e', 'f', 'g']
[0.42299614 0.3341161  1.69413301 1.16659824]
{'d': 0.42299614109413275, 'e': 0.3341161041128229, 'f': 1.6941330149530587, 'g': 1.1665982432923434}
Previous:  {'d': 0.43090466036449504, 'e': 0.34729289919749523, 'f': 1.6704737129899225, 'g': 1.1605161198147251}
python -u fit_individ_iter.py Box_n50_32_1400 0.866399 Box_n50_32_1400 0.953321
prev {'d': 0.42299614109413275, 'e': 0.3341161041128229, 'f': 1.6941330149530587, 'g': 1.1665982432923434}
Starting ML Fit
Box_n50_32_1400
       message: Optimization terminated successfully.
       success: True
        status: 0
           fun: 96.8564597881397
             x: [ 4.123e-01  3.405e-01  1.691e+00  1.164e+00]
           nit: 126
          nfev: 218
 final_simplex: (array([[ 4.123e-01,  3.405e-01,  1.691e+00,  1.164e+00],
                       [ 4.123e-01,  3.405e-01,  1.691e+00,  1.164e+00],
                       ...,
                       [ 4.123e-01,  3.405e-01,  1.691e+00,  1.164e+00],
                       [ 4.123e-01,  3.406e-01,  1.691e+00,  1.164e+00]]), array([ 9.686e+01,  9.686e+01,  9.686e+01,  9.686e+01,
                        9.686e+01]))
   param_names: ['d', 'e', 'f', 'g']
[0.41233708 0.34047244 1.69112023 1.16395988]
{'d': 0.41233707792757235, 'e': 0.34047243790008536, 'f': 1.6911202346491625, 'g': 1.1639598805328841}
Previous:  {'d': 0.42299614109413275, 'e': 0.3341161041128229, 'f': 1.6941330149530587, 'g': 1.1665982432923434}
python -u fit_individ_iter.py Box_n50_32_1400 0.787402 Box_n50_32_1400 0.866399
prev {'d': 0.41233707792757235, 'e': 0.34047243790008536, 'f': 1.6911202346491625, 'g': 1.1639598805328841}
Starting ML Fit
Box_n50_32_1400
       message: Optimization terminated successfully.
       success: True
        status: 0
           fun: 93.07792124897948
             x: [ 4.007e-01  3.274e-01  1.725e+00  1.174e+00]
           nit: 135
          nfev: 222
 final_simplex: (array([[ 4.007e-01,  3.274e-01,  1.725e+00,  1.174e+00],
                       [ 4.007e-01,  3.274e-01,  1.725e+00,  1.174e+00],
                       ...,
                       [ 4.007e-01,  3.273e-01,  1.725e+00,  1.174e+00],
                       [ 4.007e-01,  3.274e-01,  1.725e+00,  1.174e+00]]), array([ 9.308e+01,  9.308e+01,  9.308e+01,  9.308e+01,
                        9.308e+01]))
   param_names: ['d', 'e', 'f', 'g']
[0.40074133 0.32737357 1.72529096 1.17393018]
{'d': 0.40074133331537526, 'e': 0.3273735688017412, 'f': 1.7252909586893943, 'g': 1.1739301775519617}
Previous:  {'d': 0.41233707792757235, 'e': 0.34047243790008536, 'f': 1.6911202346491625, 'g': 1.1639598805328841}
python -u fit_individ_iter.py Box_n50_32_1400 0.715608 Box_n50_32_1400 0.787402
prev {'d': 0.40074133331537526, 'e': 0.3273735688017412, 'f': 1.7252909586893943, 'g': 1.1739301775519617}
Starting ML Fit
Box_n50_32_1400
       message: Optimization terminated successfully.
       success: True
        status: 0
           fun: 91.99648206204803
             x: [ 3.844e-01  2.896e-01  1.795e+00  1.189e+00]
           nit: 152
          nfev: 259
 final_simplex: (array([[ 3.844e-01,  2.896e-01,  1.795e+00,  1.189e+00],
                       [ 3.844e-01,  2.895e-01,  1.795e+00,  1.189e+00],
                       ...,
                       [ 3.844e-01,  2.895e-01,  1.795e+00,  1.189e+00],
                       [ 3.844e-01,  2.896e-01,  1.795e+00,  1.189e+00]]), array([ 9.200e+01,  9.200e+01,  9.200e+01,  9.200e+01,
                        9.200e+01]))
   param_names: ['d', 'e', 'f', 'g']
[0.38438267 0.28958853 1.79474518 1.18920656]
{'d': 0.3843826734014219, 'e': 0.2895885309712108, 'f': 1.7947451785322466, 'g': 1.1892065588630993}
Previous:  {'d': 0.40074133331537526, 'e': 0.3273735688017412, 'f': 1.7252909586893943, 'g': 1.1739301775519617}
python -u fit_individ_iter.py Box_n50_32_1400 0.650360 Box_n50_32_1400 0.715608
prev {'d': 0.3843826734014219, 'e': 0.2895885309712108, 'f': 1.7947451785322466, 'g': 1.1892065588630993}
Starting ML Fit
Box_n50_32_1400
       message: Optimization terminated successfully.
       success: True
        status: 0
           fun: 86.32715998745161
             x: [ 3.732e-01  2.766e-01  1.830e+00  1.195e+00]
           nit: 143
          nfev: 246
 final_simplex: (array([[ 3.732e-01,  2.766e-01,  1.830e+00,  1.195e+00],
                       [ 3.732e-01,  2.765e-01,  1.830e+00,  1.195e+00],
                       ...,
                       [ 3.732e-01,  2.765e-01,  1.830e+00,  1.195e+00],
                       [ 3.732e-01,  2.766e-01,  1.830e+00,  1.195e+00]]), array([ 8.633e+01,  8.633e+01,  8.633e+01,  8.633e+01,
                        8.633e+01]))
   param_names: ['d', 'e', 'f', 'g']
[0.37322575 0.27657594 1.82991029 1.19502125]
{'d': 0.3732257529357207, 'e': 0.27657594009034936, 'f': 1.8299102911546736, 'g': 1.1950212540189886}
Previous:  {'d': 0.3843826734014219, 'e': 0.2895885309712108, 'f': 1.7947451785322466, 'g': 1.1892065588630993}
python -u fit_individ_iter.py Box_n50_32_1400 0.620002 Box_n50_32_1400 0.650360
prev {'d': 0.3732257529357207, 'e': 0.27657594009034936, 'f': 1.8299102911546736, 'g': 1.1950212540189886}
Starting ML Fit
Box_n50_32_1400
       message: Optimization terminated successfully.
       success: True
        status: 0
           fun: 82.2601700580143
             x: [ 3.668e-01  2.658e-01  1.855e+00  1.200e+00]
           nit: 140
          nfev: 239
 final_simplex: (array([[ 3.668e-01,  2.658e-01,  1.855e+00,  1.200e+00],
                       [ 3.668e-01,  2.657e-01,  1.854e+00,  1.200e+00],
                       ...,
                       [ 3.668e-01,  2.658e-01,  1.854e+00,  1.200e+00],
                       [ 3.668e-01,  2.658e-01,  1.855e+00,  1.200e+00]]), array([ 8.226e+01,  8.226e+01,  8.226e+01,  8.226e+01,
                        8.226e+01]))
   param_names: ['d', 'e', 'f', 'g']
[0.36683239 0.265784   1.85451571 1.19996733]
{'d': 0.3668323884604489, 'e': 0.2657839966179165, 'f': 1.8545157074828178, 'g': 1.1999673320394435}
Previous:  {'d': 0.3732257529357207, 'e': 0.27657594009034936, 'f': 1.8299102911546736, 'g': 1.1950212540189886}
python -u fit_individ_iter.py Box_n50_32_1400 0.591061 Box_n50_32_1400 0.620002
prev {'d': 0.3668323884604489, 'e': 0.2657839966179165, 'f': 1.8545157074828178, 'g': 1.1999673320394435}
Starting ML Fit
Box_n50_32_1400
       message: Optimization terminated successfully.
       success: True
        status: 0
           fun: 79.11655704546783
             x: [ 3.597e-01  2.502e-01  1.886e+00  1.206e+00]
           nit: 82
          nfev: 147
 final_simplex: (array([[ 3.597e-01,  2.502e-01,  1.886e+00,  1.206e+00],
                       [ 3.598e-01,  2.503e-01,  1.886e+00,  1.206e+00],
                       ...,
                       [ 3.598e-01,  2.503e-01,  1.886e+00,  1.206e+00],
                       [ 3.598e-01,  2.503e-01,  1.886e+00,  1.206e+00]]), array([ 7.912e+01,  7.912e+01,  7.912e+01,  7.912e+01,
                        7.912e+01]))
   param_names: ['d', 'e', 'f', 'g']
[0.35974204 0.2502054  1.88635324 1.20590704]
{'d': 0.3597420448964626, 'e': 0.2502053962887201, 'f': 1.8863532393493667, 'g': 1.2059070431672692}
Previous:  {'d': 0.3668323884604489, 'e': 0.2657839966179165, 'f': 1.8545157074828178, 'g': 1.1999673320394435}
python -u fit_individ_iter.py Box_n50_32_1400 0.563471 Box_n50_32_1400 0.591061
prev {'d': 0.3597420448964626, 'e': 0.2502053962887201, 'f': 1.8863532393493667, 'g': 1.2059070431672692}
Starting ML Fit
Box_n50_32_1400
       message: Optimization terminated successfully.
       success: True
        status: 0
           fun: 74.5739578039671
             x: [ 3.584e-01  2.594e-01  1.876e+00  1.204e+00]
           nit: 88
          nfev: 153
 final_simplex: (array([[ 3.584e-01,  2.594e-01,  1.876e+00,  1.204e+00],
                       [ 3.584e-01,  2.593e-01,  1.876e+00,  1.204e+00],
                       ...,
                       [ 3.584e-01,  2.593e-01,  1.876e+00,  1.204e+00],
                       [ 3.584e-01,  2.593e-01,  1.876e+00,  1.204e+00]]), array([ 7.457e+01,  7.457e+01,  7.457e+01,  7.457e+01,
                        7.457e+01]))
   param_names: ['d', 'e', 'f', 'g']
[0.35837921 0.2593656  1.87578451 1.20358698]
{'d': 0.358379211394137, 'e': 0.25936559634633566, 'f': 1.8757845103946003, 'g': 1.2035869812084221}
Previous:  {'d': 0.3597420448964626, 'e': 0.2502053962887201, 'f': 1.8863532393493667, 'g': 1.2059070431672692}
python -u fit_individ_iter.py Box_n50_32_1400 0.537169 Box_n50_32_1400 0.563471
prev {'d': 0.358379211394137, 'e': 0.25936559634633566, 'f': 1.8757845103946003, 'g': 1.2035869812084221}
Starting ML Fit
Box_n50_32_1400
       message: Optimization terminated successfully.
       success: True
        status: 0
           fun: 71.03380026777849
             x: [ 3.579e-01  2.755e-01  1.853e+00  1.197e+00]
           nit: 114
          nfev: 203
 final_simplex: (array([[ 3.579e-01,  2.755e-01,  1.853e+00,  1.197e+00],
                       [ 3.579e-01,  2.755e-01,  1.853e+00,  1.197e+00],
                       ...,
                       [ 3.579e-01,  2.755e-01,  1.853e+00,  1.197e+00],
                       [ 3.579e-01,  2.756e-01,  1.853e+00,  1.197e+00]]), array([ 7.103e+01,  7.103e+01,  7.103e+01,  7.103e+01,
                        7.103e+01]))
   param_names: ['d', 'e', 'f', 'g']
[0.35789687 0.27549316 1.85336755 1.19705768]
{'d': 0.35789686857707836, 'e': 0.2754931581699339, 'f': 1.8533675474882687, 'g': 1.1970576751411286}
Previous:  {'d': 0.358379211394137, 'e': 0.25936559634633566, 'f': 1.8757845103946003, 'g': 1.2035869812084221}
python -u fit_individ_iter.py Box_n50_32_1400 0.512095 Box_n50_32_1400 0.537169
prev {'d': 0.35789686857707836, 'e': 0.2754931581699339, 'f': 1.8533675474882687, 'g': 1.1970576751411286}
Starting ML Fit
Box_n50_32_1400
       message: Optimization terminated successfully.
       success: True
        status: 0
           fun: 66.58953344562009
             x: [ 3.526e-01  2.747e-01  1.862e+00  1.195e+00]
           nit: 129
          nfev: 227
 final_simplex: (array([[ 3.526e-01,  2.747e-01,  1.862e+00,  1.195e+00],
                       [ 3.525e-01,  2.746e-01,  1.862e+00,  1.195e+00],
                       ...,
                       [ 3.525e-01,  2.746e-01,  1.862e+00,  1.195e+00],
                       [ 3.526e-01,  2.747e-01,  1.862e+00,  1.195e+00]]), array([ 6.659e+01,  6.659e+01,  6.659e+01,  6.659e+01,
                        6.659e+01]))
   param_names: ['d', 'e', 'f', 'g']
[0.35255398 0.27466477 1.86196147 1.19496105]
{'d': 0.35255397950016926, 'e': 0.2746647702324086, 'f': 1.8619614689582662, 'g': 1.194961047439158}
Previous:  {'d': 0.35789686857707836, 'e': 0.2754931581699339, 'f': 1.8533675474882687, 'g': 1.1970576751411286}
python -u fit_individ_iter.py Box_n50_32_1400 0.488191 Box_n50_32_1400 0.512095
prev {'d': 0.35255397950016926, 'e': 0.2746647702324086, 'f': 1.8619614689582662, 'g': 1.194961047439158}
Starting ML Fit
Box_n50_32_1400
       message: Optimization terminated successfully.
       success: True
        status: 0
           fun: 64.7561955194129
             x: [ 3.500e-01  2.728e-01  1.870e+00  1.197e+00]
           nit: 99
          nfev: 174
 final_simplex: (array([[ 3.500e-01,  2.728e-01,  1.870e+00,  1.197e+00],
                       [ 3.500e-01,  2.727e-01,  1.870e+00,  1.197e+00],
                       ...,
                       [ 3.500e-01,  2.728e-01,  1.870e+00,  1.197e+00],
                       [ 3.500e-01,  2.727e-01,  1.870e+00,  1.197e+00]]), array([ 6.476e+01,  6.476e+01,  6.476e+01,  6.476e+01,
                        6.476e+01]))
   param_names: ['d', 'e', 'f', 'g']
[0.34998358 0.27279685 1.86997629 1.19725118]
{'d': 0.349983579936293, 'e': 0.27279685278311316, 'f': 1.8699762933272832, 'g': 1.1972511818533849}
Previous:  {'d': 0.35255397950016926, 'e': 0.2746647702324086, 'f': 1.8619614689582662, 'g': 1.194961047439158}
python -u fit_individ_iter.py Box_n50_32_1400 0.403224 Box_n50_32_1400 0.488191
prev {'d': 0.349983579936293, 'e': 0.27279685278311316, 'f': 1.8699762933272832, 'g': 1.1972511818533849}
Starting ML Fit
Box_n50_32_1400
       message: Optimization terminated successfully.
       success: True
        status: 0
           fun: 52.34376257198603
             x: [ 3.359e-01  2.687e-01  1.887e+00  1.197e+00]
           nit: 119
          nfev: 211
 final_simplex: (array([[ 3.359e-01,  2.687e-01,  1.887e+00,  1.197e+00],
                       [ 3.359e-01,  2.688e-01,  1.887e+00,  1.197e+00],
                       ...,
                       [ 3.358e-01,  2.687e-01,  1.887e+00,  1.197e+00],
                       [ 3.359e-01,  2.688e-01,  1.887e+00,  1.197e+00]]), array([ 5.234e+01,  5.234e+01,  5.234e+01,  5.234e+01,
                        5.234e+01]))
   param_names: ['d', 'e', 'f', 'g']
[0.33585213 0.26869281 1.88709677 1.19655367]
{'d': 0.335852134593453, 'e': 0.26869280940304113, 'f': 1.8870967710535447, 'g': 1.1965536661463072}
Previous:  {'d': 0.349983579936293, 'e': 0.27279685278311316, 'f': 1.8699762933272832, 'g': 1.1972511818533849}
python -u fit_individ_iter.py Box_n50_32_1400 0.366459 Box_n50_32_1400 0.403224
prev {'d': 0.335852134593453, 'e': 0.26869280940304113, 'f': 1.8870967710535447, 'g': 1.1965536661463072}
Starting ML Fit
Box_n50_32_1400
       message: Optimization terminated successfully.
       success: True
        status: 0
           fun: 42.59807288516343
             x: [ 3.266e-01  2.612e-01  1.909e+00  1.196e+00]
           nit: 117
          nfev: 199
 final_simplex: (array([[ 3.266e-01,  2.612e-01,  1.909e+00,  1.196e+00],
                       [ 3.266e-01,  2.611e-01,  1.909e+00,  1.196e+00],
                       ...,
                       [ 3.266e-01,  2.612e-01,  1.909e+00,  1.196e+00],
                       [ 3.266e-01,  2.611e-01,  1.909e+00,  1.196e+00]]), array([ 4.260e+01,  4.260e+01,  4.260e+01,  4.260e+01,
                        4.260e+01]))
   param_names: ['d', 'e', 'f', 'g']
[0.32660467 0.26117757 1.90924597 1.19603167]
{'d': 0.3266046749987914, 'e': 0.26117756615633914, 'f': 1.9092459698345157, 'g': 1.1960316673483224}
Previous:  {'d': 0.335852134593453, 'e': 0.26869280940304113, 'f': 1.8870967710535447, 'g': 1.1965536661463072}
