Curr: Box_n50_8_1400, Prev: Box93_1400
alist [1.0, 0.953321, 0.866399, 0.787402, 0.715608, 0.65036, 0.620002, 0.591061, 0.563471, 0.537169, 0.512095, 0.488191, 0.403224, 0.366459]
python -u fit_individ_iter.py Box_n50_8_1400 1.000000 Box93_1400 1.000000
prev {'d': 0.5379865601701275, 'e': 1.1317066249591008, 'f': 2.262254748967233, 'g': 1.2924449526613704}
Starting ML Fit
Box_n50_8_1400
       message: Optimization terminated successfully.
       success: True
        status: 0
           fun: 16417.20896908123
             x: [ 5.247e-01  1.073e+00  2.266e+00  1.285e+00]
           nit: 100
          nfev: 177
 final_simplex: (array([[ 5.247e-01,  1.073e+00,  2.266e+00,  1.285e+00],
                       [ 5.247e-01,  1.073e+00,  2.266e+00,  1.285e+00],
                       ...,
                       [ 5.247e-01,  1.073e+00,  2.266e+00,  1.285e+00],
                       [ 5.247e-01,  1.073e+00,  2.266e+00,  1.285e+00]]), array([ 1.642e+04,  1.642e+04,  1.642e+04,  1.642e+04,
                        1.642e+04]))
   param_names: ['d', 'e', 'f', 'g']
[0.52468071 1.07325886 2.26587228 1.2851955 ]
{'d': 0.5246807112999907, 'e': 1.0732588608166378, 'f': 2.2658722769871265, 'g': 1.2851955014070842}
Previous:  {'d': 0.5379865601701275, 'e': 1.1317066249591008, 'f': 2.262254748967233, 'g': 1.2924449526613704}
python -u fit_individ_iter.py Box_n50_8_1400 0.953321 Box_n50_8_1400 1.000000
prev {'d': 0.5246807112999907, 'e': 1.0732588608166378, 'f': 2.2658722769871265, 'g': 1.2851955014070842}
Starting ML Fit
Box_n50_8_1400
       message: Optimization terminated successfully.
       success: True
        status: 0
           fun: 15246.935653638313
             x: [ 5.126e-01  1.011e+00  2.269e+00  1.289e+00]
           nit: 96
          nfev: 172
 final_simplex: (array([[ 5.126e-01,  1.011e+00,  2.269e+00,  1.289e+00],
                       [ 5.126e-01,  1.011e+00,  2.269e+00,  1.289e+00],
                       ...,
                       [ 5.126e-01,  1.011e+00,  2.269e+00,  1.289e+00],
                       [ 5.126e-01,  1.011e+00,  2.269e+00,  1.289e+00]]), array([ 1.525e+04,  1.525e+04,  1.525e+04,  1.525e+04,
                        1.525e+04]))
   param_names: ['d', 'e', 'f', 'g']
[0.51258646 1.01052224 2.26880426 1.28879049]
{'d': 0.5125864610686546, 'e': 1.010522243834243, 'f': 2.268804260574985, 'g': 1.2887904910345656}
Previous:  {'d': 0.5246807112999907, 'e': 1.0732588608166378, 'f': 2.2658722769871265, 'g': 1.2851955014070842}
python -u fit_individ_iter.py Box_n50_8_1400 0.866399 Box_n50_8_1400 0.953321
prev {'d': 0.5125864610686546, 'e': 1.010522243834243, 'f': 2.268804260574985, 'g': 1.2887904910345656}
Starting ML Fit
Box_n50_8_1400
       message: Optimization terminated successfully.
       success: True
        status: 0
           fun: 15382.150317855405
             x: [ 4.951e-01  9.562e-01  2.274e+00  1.288e+00]
           nit: 98
          nfev: 172
 final_simplex: (array([[ 4.951e-01,  9.562e-01,  2.274e+00,  1.288e+00],
                       [ 4.951e-01,  9.563e-01,  2.274e+00,  1.288e+00],
                       ...,
                       [ 4.951e-01,  9.563e-01,  2.274e+00,  1.288e+00],
                       [ 4.951e-01,  9.562e-01,  2.274e+00,  1.288e+00]]), array([ 1.538e+04,  1.538e+04,  1.538e+04,  1.538e+04,
                        1.538e+04]))
   param_names: ['d', 'e', 'f', 'g']
[0.49513806 0.95624446 2.27373868 1.28844744]
{'d': 0.49513805947671896, 'e': 0.9562444615393011, 'f': 2.273738677291877, 'g': 1.28844743535084}
Previous:  {'d': 0.5125864610686546, 'e': 1.010522243834243, 'f': 2.268804260574985, 'g': 1.2887904910345656}
python -u fit_individ_iter.py Box_n50_8_1400 0.787402 Box_n50_8_1400 0.866399
prev {'d': 0.49513805947671896, 'e': 0.9562444615393011, 'f': 2.273738677291877, 'g': 1.28844743535084}
Starting ML Fit
Box_n50_8_1400
       message: Optimization terminated successfully.
       success: True
        status: 0
           fun: 9464.313779431921
             x: [ 4.804e-01  9.290e-01  2.278e+00  1.290e+00]
           nit: 118
          nfev: 205
 final_simplex: (array([[ 4.804e-01,  9.290e-01,  2.278e+00,  1.290e+00],
                       [ 4.804e-01,  9.290e-01,  2.278e+00,  1.290e+00],
                       ...,
                       [ 4.804e-01,  9.290e-01,  2.278e+00,  1.290e+00],
                       [ 4.804e-01,  9.290e-01,  2.278e+00,  1.290e+00]]), array([ 9.464e+03,  9.464e+03,  9.464e+03,  9.464e+03,
                        9.464e+03]))
   param_names: ['d', 'e', 'f', 'g']
[0.48039914 0.92896115 2.27756708 1.29021808]
{'d': 0.48039914380868354, 'e': 0.9289611490746243, 'f': 2.2775670815118807, 'g': 1.2902180849471496}
Previous:  {'d': 0.49513805947671896, 'e': 0.9562444615393011, 'f': 2.273738677291877, 'g': 1.28844743535084}
python -u fit_individ_iter.py Box_n50_8_1400 0.715608 Box_n50_8_1400 0.787402
prev {'d': 0.48039914380868354, 'e': 0.9289611490746243, 'f': 2.2775670815118807, 'g': 1.2902180849471496}
Starting ML Fit
Box_n50_8_1400
       message: Optimization terminated successfully.
       success: True
        status: 0
           fun: 6025.085310395342
             x: [ 4.684e-01  9.231e-01  2.279e+00  1.288e+00]
           nit: 129
          nfev: 226
 final_simplex: (array([[ 4.684e-01,  9.231e-01,  2.279e+00,  1.288e+00],
                       [ 4.684e-01,  9.231e-01,  2.279e+00,  1.288e+00],
                       ...,
                       [ 4.684e-01,  9.231e-01,  2.279e+00,  1.288e+00],
                       [ 4.684e-01,  9.231e-01,  2.279e+00,  1.288e+00]]), array([ 6.025e+03,  6.025e+03,  6.025e+03,  6.025e+03,
                        6.025e+03]))
   param_names: ['d', 'e', 'f', 'g']
[0.46843594 0.92311992 2.27929843 1.28783844]
{'d': 0.4684359440924881, 'e': 0.9231199223837887, 'f': 2.2792984324948673, 'g': 1.2878384440366166}
Previous:  {'d': 0.48039914380868354, 'e': 0.9289611490746243, 'f': 2.2775670815118807, 'g': 1.2902180849471496}
python -u fit_individ_iter.py Box_n50_8_1400 0.650360 Box_n50_8_1400 0.715608
prev {'d': 0.4684359440924881, 'e': 0.9231199223837887, 'f': 2.2792984324948673, 'g': 1.2878384440366166}
Starting ML Fit
Box_n50_8_1400
       message: Optimization terminated successfully.
       success: True
        status: 0
           fun: 6943.272608712077
             x: [ 4.558e-01  9.220e-01  2.281e+00  1.280e+00]
           nit: 130
          nfev: 229
 final_simplex: (array([[ 4.558e-01,  9.220e-01,  2.281e+00,  1.280e+00],
                       [ 4.558e-01,  9.220e-01,  2.281e+00,  1.280e+00],
                       ...,
                       [ 4.558e-01,  9.220e-01,  2.281e+00,  1.280e+00],
                       [ 4.558e-01,  9.220e-01,  2.281e+00,  1.280e+00]]), array([ 6.943e+03,  6.943e+03,  6.943e+03,  6.943e+03,
                        6.943e+03]))
   param_names: ['d', 'e', 'f', 'g']
[0.4558009  0.92198282 2.28100422 1.27998522]
{'d': 0.45580089966712617, 'e': 0.9219828212707257, 'f': 2.2810042211273736, 'g': 1.2799852245152132}
Previous:  {'d': 0.4684359440924881, 'e': 0.9231199223837887, 'f': 2.2792984324948673, 'g': 1.2878384440366166}
python -u fit_individ_iter.py Box_n50_8_1400 0.620002 Box_n50_8_1400 0.650360
prev {'d': 0.45580089966712617, 'e': 0.9219828212707257, 'f': 2.2810042211273736, 'g': 1.2799852245152132}
Starting ML Fit
Box_n50_8_1400
       message: Optimization terminated successfully.
       success: True
        status: 0
           fun: 8739.112382557647
             x: [ 4.471e-01  9.032e-01  2.285e+00  1.276e+00]
           nit: 95
          nfev: 171
 final_simplex: (array([[ 4.471e-01,  9.032e-01,  2.285e+00,  1.276e+00],
                       [ 4.471e-01,  9.032e-01,  2.285e+00,  1.276e+00],
                       ...,
                       [ 4.471e-01,  9.032e-01,  2.285e+00,  1.276e+00],
                       [ 4.471e-01,  9.032e-01,  2.285e+00,  1.276e+00]]), array([ 8.739e+03,  8.739e+03,  8.739e+03,  8.739e+03,
                        8.739e+03]))
   param_names: ['d', 'e', 'f', 'g']
[0.44706603 0.9032131  2.28460948 1.2761369 ]
{'d': 0.4470660267616713, 'e': 0.9032131008092795, 'f': 2.2846094849483176, 'g': 1.2761369019809647}
Previous:  {'d': 0.45580089966712617, 'e': 0.9219828212707257, 'f': 2.2810042211273736, 'g': 1.2799852245152132}
python -u fit_individ_iter.py Box_n50_8_1400 0.591061 Box_n50_8_1400 0.620002
prev {'d': 0.4470660267616713, 'e': 0.9032131008092795, 'f': 2.2846094849483176, 'g': 1.2761369019809647}
Starting ML Fit
Box_n50_8_1400
       message: Optimization terminated successfully.
       success: True
        status: 0
           fun: 8252.044776251054
             x: [ 4.408e-01  8.941e-01  2.287e+00  1.275e+00]
           nit: 92
          nfev: 167
 final_simplex: (array([[ 4.408e-01,  8.941e-01,  2.287e+00,  1.275e+00],
                       [ 4.408e-01,  8.941e-01,  2.287e+00,  1.275e+00],
                       ...,
                       [ 4.408e-01,  8.941e-01,  2.287e+00,  1.275e+00],
                       [ 4.408e-01,  8.941e-01,  2.287e+00,  1.275e+00]]), array([ 8.252e+03,  8.252e+03,  8.252e+03,  8.252e+03,
                        8.252e+03]))
   param_names: ['d', 'e', 'f', 'g']
[0.4408294  0.89411454 2.28715066 1.27484705]
{'d': 0.4408293992712492, 'e': 0.8941145406730024, 'f': 2.2871506562787562, 'g': 1.2748470455418264}
Previous:  {'d': 0.4470660267616713, 'e': 0.9032131008092795, 'f': 2.2846094849483176, 'g': 1.2761369019809647}
python -u fit_individ_iter.py Box_n50_8_1400 0.563471 Box_n50_8_1400 0.591061
prev {'d': 0.4408293992712492, 'e': 0.8941145406730024, 'f': 2.2871506562787562, 'g': 1.2748470455418264}
Starting ML Fit
Box_n50_8_1400
       message: Optimization terminated successfully.
       success: True
        status: 0
           fun: 6487.848677429812
             x: [ 4.369e-01  8.862e-01  2.289e+00  1.275e+00]
           nit: 94
          nfev: 164
 final_simplex: (array([[ 4.369e-01,  8.862e-01,  2.289e+00,  1.275e+00],
                       [ 4.369e-01,  8.862e-01,  2.289e+00,  1.275e+00],
                       ...,
                       [ 4.369e-01,  8.862e-01,  2.289e+00,  1.275e+00],
                       [ 4.369e-01,  8.862e-01,  2.289e+00,  1.275e+00]]), array([ 6.488e+03,  6.488e+03,  6.488e+03,  6.488e+03,
                        6.488e+03]))
   param_names: ['d', 'e', 'f', 'g']
[0.43693993 0.88618775 2.28906581 1.27459448]
{'d': 0.4369399278098347, 'e': 0.8861877513070435, 'f': 2.2890658079222, 'g': 1.2745944820428303}
Previous:  {'d': 0.4408293992712492, 'e': 0.8941145406730024, 'f': 2.2871506562787562, 'g': 1.2748470455418264}
python -u fit_individ_iter.py Box_n50_8_1400 0.537169 Box_n50_8_1400 0.563471
prev {'d': 0.4369399278098347, 'e': 0.8861877513070435, 'f': 2.2890658079222, 'g': 1.2745944820428303}
Starting ML Fit
Box_n50_8_1400
       message: Optimization terminated successfully.
       success: True
        status: 0
           fun: 3186.701350959668
             x: [ 4.313e-01  8.749e-01  2.291e+00  1.273e+00]
           nit: 85
          nfev: 152
 final_simplex: (array([[ 4.313e-01,  8.749e-01,  2.291e+00,  1.273e+00],
                       [ 4.313e-01,  8.749e-01,  2.291e+00,  1.273e+00],
                       ...,
                       [ 4.313e-01,  8.749e-01,  2.291e+00,  1.273e+00],
                       [ 4.313e-01,  8.749e-01,  2.291e+00,  1.273e+00]]), array([ 3.187e+03,  3.187e+03,  3.187e+03,  3.187e+03,
                        3.187e+03]))
   param_names: ['d', 'e', 'f', 'g']
[0.43127139 0.87492866 2.29074692 1.27281992]
{'d': 0.4312713883556736, 'e': 0.8749286601462696, 'f': 2.290746918479321, 'g': 1.2728199240725522}
Previous:  {'d': 0.4369399278098347, 'e': 0.8861877513070435, 'f': 2.2890658079222, 'g': 1.2745944820428303}
python -u fit_individ_iter.py Box_n50_8_1400 0.512095 Box_n50_8_1400 0.537169
prev {'d': 0.4312713883556736, 'e': 0.8749286601462696, 'f': 2.290746918479321, 'g': 1.2728199240725522}
Starting ML Fit
Box_n50_8_1400
       message: Optimization terminated successfully.
       success: True
        status: 0
           fun: 3289.1458040847447
             x: [ 4.245e-01  8.602e-01  2.293e+00  1.268e+00]
           nit: 94
          nfev: 166
 final_simplex: (array([[ 4.245e-01,  8.602e-01,  2.293e+00,  1.268e+00],
                       [ 4.245e-01,  8.603e-01,  2.293e+00,  1.268e+00],
                       ...,
                       [ 4.245e-01,  8.602e-01,  2.293e+00,  1.268e+00],
                       [ 4.245e-01,  8.602e-01,  2.293e+00,  1.268e+00]]), array([ 3.289e+03,  3.289e+03,  3.289e+03,  3.289e+03,
                        3.289e+03]))
   param_names: ['d', 'e', 'f', 'g']
[0.42450066 0.86023555 2.29319786 1.2684455 ]
{'d': 0.4245006637991696, 'e': 0.8602355506963718, 'f': 2.2931978608137986, 'g': 1.2684454997048313}
Previous:  {'d': 0.4312713883556736, 'e': 0.8749286601462696, 'f': 2.290746918479321, 'g': 1.2728199240725522}
python -u fit_individ_iter.py Box_n50_8_1400 0.488191 Box_n50_8_1400 0.512095
prev {'d': 0.4245006637991696, 'e': 0.8602355506963718, 'f': 2.2931978608137986, 'g': 1.2684454997048313}
Starting ML Fit
Box_n50_8_1400
       message: Optimization terminated successfully.
       success: True
        status: 0
           fun: 3804.895827848555
             x: [ 4.202e-01  8.489e-01  2.295e+00  1.267e+00]
           nit: 92
          nfev: 163
 final_simplex: (array([[ 4.202e-01,  8.489e-01,  2.295e+00,  1.267e+00],
                       [ 4.202e-01,  8.489e-01,  2.295e+00,  1.267e+00],
                       ...,
                       [ 4.202e-01,  8.489e-01,  2.295e+00,  1.267e+00],
                       [ 4.202e-01,  8.489e-01,  2.295e+00,  1.267e+00]]), array([ 3.805e+03,  3.805e+03,  3.805e+03,  3.805e+03,
                        3.805e+03]))
   param_names: ['d', 'e', 'f', 'g']
[0.42021002 0.84893776 2.29504379 1.26704115]
{'d': 0.420210019539799, 'e': 0.8489377599788124, 'f': 2.295043785658109, 'g': 1.2670411453796098}
Previous:  {'d': 0.4245006637991696, 'e': 0.8602355506963718, 'f': 2.2931978608137986, 'g': 1.2684454997048313}
python -u fit_individ_iter.py Box_n50_8_1400 0.403224 Box_n50_8_1400 0.488191
prev {'d': 0.420210019539799, 'e': 0.8489377599788124, 'f': 2.295043785658109, 'g': 1.2670411453796098}
Starting ML Fit
Box_n50_8_1400
       message: Optimization terminated successfully.
       success: True
        status: 0
           fun: 2169.492908372633
             x: [ 4.029e-01  8.505e-01  2.295e+00  1.254e+00]
           nit: 89
          nfev: 163
 final_simplex: (array([[ 4.029e-01,  8.505e-01,  2.295e+00,  1.254e+00],
                       [ 4.029e-01,  8.504e-01,  2.295e+00,  1.254e+00],
                       ...,
                       [ 4.029e-01,  8.505e-01,  2.295e+00,  1.254e+00],
                       [ 4.029e-01,  8.505e-01,  2.295e+00,  1.254e+00]]), array([ 2.169e+03,  2.169e+03,  2.169e+03,  2.169e+03,
                        2.169e+03]))
   param_names: ['d', 'e', 'f', 'g']
[0.40289744 0.85048796 2.29503154 1.25391014]
{'d': 0.4028974388177279, 'e': 0.8504879626691465, 'f': 2.2950315359800704, 'g': 1.253910141407644}
Previous:  {'d': 0.420210019539799, 'e': 0.8489377599788124, 'f': 2.295043785658109, 'g': 1.2670411453796098}
python -u fit_individ_iter.py Box_n50_8_1400 0.366459 Box_n50_8_1400 0.403224
prev {'d': 0.4028974388177279, 'e': 0.8504879626691465, 'f': 2.2950315359800704, 'g': 1.253910141407644}
Starting ML Fit
Box_n50_8_1400
       message: Optimization terminated successfully.
       success: True
        status: 0
           fun: 5925.812234828673
             x: [ 3.932e-01  8.560e-01  2.294e+00  1.246e+00]
           nit: 109
          nfev: 193
 final_simplex: (array([[ 3.932e-01,  8.560e-01,  2.294e+00,  1.246e+00],
                       [ 3.932e-01,  8.560e-01,  2.294e+00,  1.246e+00],
                       ...,
                       [ 3.932e-01,  8.559e-01,  2.294e+00,  1.246e+00],
                       [ 3.932e-01,  8.559e-01,  2.294e+00,  1.246e+00]]), array([ 5.926e+03,  5.926e+03,  5.926e+03,  5.926e+03,
                        5.926e+03]))
   param_names: ['d', 'e', 'f', 'g']
[0.39315486 0.85595284 2.2935591  1.24637067]
{'d': 0.3931548625306289, 'e': 0.8559528351216548, 'f': 2.2935590969585244, 'g': 1.2463706669942112}
Previous:  {'d': 0.4028974388177279, 'e': 0.8504879626691465, 'f': 2.2950315359800704, 'g': 1.253910141407644}
