Curr: Box67_1400, Prev: Box_n50_29_1400
alist [1.0, 0.953321, 0.866399, 0.787402, 0.715608, 0.65036, 0.620002, 0.591061, 0.563471, 0.537169, 0.512095, 0.488191, 0.403224, 0.366459]
python -u fit_individ_iter.py Box67_1400 1.000000 Box_n50_29_1400 1.000000
prev {'d': 0.44352214349329233, 'e': 0.36456105010482703, 'f': 1.6914615455581234, 'g': 1.2066414038407114}
Starting ML Fit
Box67_1400
       message: Optimization terminated successfully.
       success: True
        status: 0
           fun: 98.10990413609893
             x: [ 4.191e-01  3.081e-01  1.757e+00  1.229e+00]
           nit: 128
          nfev: 218
 final_simplex: (array([[ 4.191e-01,  3.081e-01,  1.757e+00,  1.229e+00],
                       [ 4.191e-01,  3.080e-01,  1.757e+00,  1.229e+00],
                       ...,
                       [ 4.191e-01,  3.080e-01,  1.757e+00,  1.229e+00],
                       [ 4.191e-01,  3.081e-01,  1.757e+00,  1.229e+00]]), array([ 9.811e+01,  9.811e+01,  9.811e+01,  9.811e+01,
                        9.811e+01]))
   param_names: ['d', 'e', 'f', 'g']
[0.41908597 0.30808547 1.75723527 1.22865786]
{'d': 0.41908596553532285, 'e': 0.3080854669461821, 'f': 1.7572352703192575, 'g': 1.2286578562161377}
Previous:  {'d': 0.44352214349329233, 'e': 0.36456105010482703, 'f': 1.6914615455581234, 'g': 1.2066414038407114}
python -u fit_individ_iter.py Box67_1400 0.953321 Box67_1400 1.000000
prev {'d': 0.41908596553532285, 'e': 0.3080854669461821, 'f': 1.7572352703192575, 'g': 1.2286578562161377}
Starting ML Fit
Box67_1400
       message: Optimization terminated successfully.
       success: True
        status: 0
           fun: 93.68468954653926
             x: [ 4.107e-01  2.899e-01  1.777e+00  1.233e+00]
           nit: 161
          nfev: 281
 final_simplex: (array([[ 4.107e-01,  2.899e-01,  1.777e+00,  1.233e+00],
                       [ 4.107e-01,  2.899e-01,  1.778e+00,  1.233e+00],
                       ...,
                       [ 4.107e-01,  2.899e-01,  1.777e+00,  1.233e+00],
                       [ 4.106e-01,  2.898e-01,  1.777e+00,  1.233e+00]]), array([ 9.368e+01,  9.368e+01,  9.368e+01,  9.368e+01,
                        9.368e+01]))
   param_names: ['d', 'e', 'f', 'g']
[0.41065604 0.28990764 1.77748603 1.23347697]
{'d': 0.41065604112973386, 'e': 0.28990763944756553, 'f': 1.7774860318164865, 'g': 1.2334769689625522}
Previous:  {'d': 0.41908596553532285, 'e': 0.3080854669461821, 'f': 1.7572352703192575, 'g': 1.2286578562161377}
python -u fit_individ_iter.py Box67_1400 0.866399 Box67_1400 0.953321
prev {'d': 0.41065604112973386, 'e': 0.28990763944756553, 'f': 1.7774860318164865, 'g': 1.2334769689625522}
Starting ML Fit
Box67_1400
       message: Optimization terminated successfully.
       success: True
        status: 0
           fun: 92.01458957262524
             x: [ 3.998e-01  2.794e-01  1.803e+00  1.240e+00]
           nit: 141
          nfev: 237
 final_simplex: (array([[ 3.998e-01,  2.794e-01,  1.803e+00,  1.240e+00],
                       [ 3.998e-01,  2.794e-01,  1.803e+00,  1.240e+00],
                       ...,
                       [ 3.998e-01,  2.794e-01,  1.803e+00,  1.240e+00],
                       [ 3.998e-01,  2.794e-01,  1.803e+00,  1.240e+00]]), array([ 9.201e+01,  9.201e+01,  9.201e+01,  9.201e+01,
                        9.201e+01]))
   param_names: ['d', 'e', 'f', 'g']
[0.39980098 0.2794256  1.80270862 1.24033832]
{'d': 0.39980098227256, 'e': 0.2794255982023096, 'f': 1.8027086235069825, 'g': 1.240338322427728}
Previous:  {'d': 0.41065604112973386, 'e': 0.28990763944756553, 'f': 1.7774860318164865, 'g': 1.2334769689625522}
python -u fit_individ_iter.py Box67_1400 0.787402 Box67_1400 0.866399
prev {'d': 0.39980098227256, 'e': 0.2794255982023096, 'f': 1.8027086235069825, 'g': 1.240338322427728}
Starting ML Fit
Box67_1400
       message: Optimization terminated successfully.
       success: True
        status: 0
           fun: 88.19493504896317
             x: [ 3.849e-01  2.515e-01  1.846e+00  1.247e+00]
           nit: 147
          nfev: 250
 final_simplex: (array([[ 3.849e-01,  2.515e-01,  1.846e+00,  1.247e+00],
                       [ 3.849e-01,  2.515e-01,  1.846e+00,  1.247e+00],
                       ...,
                       [ 3.849e-01,  2.515e-01,  1.846e+00,  1.247e+00],
                       [ 3.849e-01,  2.515e-01,  1.846e+00,  1.247e+00]]), array([ 8.819e+01,  8.819e+01,  8.819e+01,  8.819e+01,
                        8.819e+01]))
   param_names: ['d', 'e', 'f', 'g']
[0.38487889 0.25145451 1.84584546 1.24661495]
{'d': 0.384878889420191, 'e': 0.2514545126538137, 'f': 1.8458454611909332, 'g': 1.246614954522701}
Previous:  {'d': 0.39980098227256, 'e': 0.2794255982023096, 'f': 1.8027086235069825, 'g': 1.240338322427728}
python -u fit_individ_iter.py Box67_1400 0.715608 Box67_1400 0.787402
prev {'d': 0.384878889420191, 'e': 0.2514545126538137, 'f': 1.8458454611909332, 'g': 1.246614954522701}
Starting ML Fit
Box67_1400
       message: Optimization terminated successfully.
       success: True
        status: 0
           fun: 84.14190784449157
             x: [ 3.670e-01  2.094e-01  1.897e+00  1.255e+00]
           nit: 148
          nfev: 251
 final_simplex: (array([[ 3.670e-01,  2.094e-01,  1.897e+00,  1.255e+00],
                       [ 3.670e-01,  2.094e-01,  1.897e+00,  1.255e+00],
                       ...,
                       [ 3.670e-01,  2.093e-01,  1.897e+00,  1.255e+00],
                       [ 3.670e-01,  2.095e-01,  1.897e+00,  1.255e+00]]), array([ 8.414e+01,  8.414e+01,  8.414e+01,  8.414e+01,
                        8.414e+01]))
   param_names: ['d', 'e', 'f', 'g']
[0.3669666  0.20940404 1.89724342 1.25532581]
{'d': 0.36696659614845933, 'e': 0.20940404336083618, 'f': 1.8972434211063427, 'g': 1.255325812474793}
Previous:  {'d': 0.384878889420191, 'e': 0.2514545126538137, 'f': 1.8458454611909332, 'g': 1.246614954522701}
python -u fit_individ_iter.py Box67_1400 0.650360 Box67_1400 0.715608
prev {'d': 0.36696659614845933, 'e': 0.20940404336083618, 'f': 1.8972434211063427, 'g': 1.255325812474793}
Starting ML Fit
Box67_1400
       message: Optimization terminated successfully.
       success: True
        status: 0
           fun: 73.5500456862152
             x: [ 3.531e-01  1.850e-01  1.922e+00  1.257e+00]
           nit: 183
          nfev: 317
 final_simplex: (array([[ 3.531e-01,  1.850e-01,  1.922e+00,  1.257e+00],
                       [ 3.531e-01,  1.850e-01,  1.922e+00,  1.257e+00],
                       ...,
                       [ 3.531e-01,  1.850e-01,  1.922e+00,  1.257e+00],
                       [ 3.531e-01,  1.850e-01,  1.922e+00,  1.257e+00]]), array([ 7.355e+01,  7.355e+01,  7.355e+01,  7.355e+01,
                        7.355e+01]))
   param_names: ['d', 'e', 'f', 'g']
[0.35310831 0.18499531 1.92186987 1.25689022]
{'d': 0.3531083108521802, 'e': 0.18499531058693747, 'f': 1.921869865539956, 'g': 1.256890223651189}
Previous:  {'d': 0.36696659614845933, 'e': 0.20940404336083618, 'f': 1.8972434211063427, 'g': 1.255325812474793}
python -u fit_individ_iter.py Box67_1400 0.620002 Box67_1400 0.650360
prev {'d': 0.3531083108521802, 'e': 0.18499531058693747, 'f': 1.921869865539956, 'g': 1.256890223651189}
Starting ML Fit
Box67_1400
       message: Optimization terminated successfully.
       success: True
        status: 0
           fun: 71.97948497826688
             x: [ 3.446e-01  1.678e-01  1.944e+00  1.259e+00]
           nit: 148
          nfev: 256
 final_simplex: (array([[ 3.446e-01,  1.678e-01,  1.944e+00,  1.259e+00],
                       [ 3.446e-01,  1.678e-01,  1.944e+00,  1.259e+00],
                       ...,
                       [ 3.446e-01,  1.678e-01,  1.944e+00,  1.259e+00],
                       [ 3.446e-01,  1.677e-01,  1.944e+00,  1.259e+00]]), array([ 7.198e+01,  7.198e+01,  7.198e+01,  7.198e+01,
                        7.198e+01]))
   param_names: ['d', 'e', 'f', 'g']
[0.34456329 0.16778459 1.94421988 1.25900741]
{'d': 0.3445632933478975, 'e': 0.1677845898108512, 'f': 1.944219882673553, 'g': 1.2590074146136552}
Previous:  {'d': 0.3531083108521802, 'e': 0.18499531058693747, 'f': 1.921869865539956, 'g': 1.256890223651189}
python -u fit_individ_iter.py Box67_1400 0.591061 Box67_1400 0.620002
prev {'d': 0.3445632933478975, 'e': 0.1677845898108512, 'f': 1.944219882673553, 'g': 1.2590074146136552}
Starting ML Fit
Box67_1400
       message: Optimization terminated successfully.
       success: True
        status: 0
           fun: 66.34887894094267
             x: [ 3.456e-01  1.839e-01  1.929e+00  1.252e+00]
           nit: 102
          nfev: 181
 final_simplex: (array([[ 3.456e-01,  1.839e-01,  1.929e+00,  1.252e+00],
                       [ 3.456e-01,  1.839e-01,  1.929e+00,  1.252e+00],
                       ...,
                       [ 3.456e-01,  1.839e-01,  1.929e+00,  1.252e+00],
                       [ 3.456e-01,  1.839e-01,  1.929e+00,  1.252e+00]]), array([ 6.635e+01,  6.635e+01,  6.635e+01,  6.635e+01,
                        6.635e+01]))
   param_names: ['d', 'e', 'f', 'g']
[0.34562659 0.18390361 1.92903788 1.25249798]
{'d': 0.3456265940841592, 'e': 0.18390361239240302, 'f': 1.92903787884275, 'g': 1.2524979752061367}
Previous:  {'d': 0.3445632933478975, 'e': 0.1677845898108512, 'f': 1.944219882673553, 'g': 1.2590074146136552}
python -u fit_individ_iter.py Box67_1400 0.563471 Box67_1400 0.591061
prev {'d': 0.3456265940841592, 'e': 0.18390361239240302, 'f': 1.92903787884275, 'g': 1.2524979752061367}
Starting ML Fit
Box67_1400
       message: Optimization terminated successfully.
       success: True
        status: 0
           fun: 66.26390368441153
             x: [ 3.443e-01  1.903e-01  1.932e+00  1.251e+00]
           nit: 78
          nfev: 143
 final_simplex: (array([[ 3.443e-01,  1.903e-01,  1.932e+00,  1.251e+00],
                       [ 3.443e-01,  1.903e-01,  1.932e+00,  1.251e+00],
                       ...,
                       [ 3.443e-01,  1.903e-01,  1.932e+00,  1.251e+00],
                       [ 3.443e-01,  1.903e-01,  1.932e+00,  1.251e+00]]), array([ 6.626e+01,  6.626e+01,  6.626e+01,  6.626e+01,
                        6.626e+01]))
   param_names: ['d', 'e', 'f', 'g']
[0.34425771 0.19027777 1.93183746 1.25073543]
{'d': 0.3442577083426047, 'e': 0.19027776817528963, 'f': 1.9318374569229877, 'g': 1.2507354280029221}
Previous:  {'d': 0.3456265940841592, 'e': 0.18390361239240302, 'f': 1.92903787884275, 'g': 1.2524979752061367}
python -u fit_individ_iter.py Box67_1400 0.537169 Box67_1400 0.563471
prev {'d': 0.3442577083426047, 'e': 0.19027776817528963, 'f': 1.9318374569229877, 'g': 1.2507354280029221}
Starting ML Fit
Box67_1400
       message: Optimization terminated successfully.
       success: True
        status: 0
           fun: 66.46984083834501
             x: [ 3.432e-01  2.027e-01  1.926e+00  1.245e+00]
           nit: 85
          nfev: 146
 final_simplex: (array([[ 3.432e-01,  2.027e-01,  1.926e+00,  1.245e+00],
                       [ 3.432e-01,  2.027e-01,  1.926e+00,  1.245e+00],
                       ...,
                       [ 3.432e-01,  2.027e-01,  1.926e+00,  1.245e+00],
                       [ 3.432e-01,  2.027e-01,  1.926e+00,  1.245e+00]]), array([ 6.647e+01,  6.647e+01,  6.647e+01,  6.647e+01,
                        6.647e+01]))
   param_names: ['d', 'e', 'f', 'g']
[0.34324145 0.20274896 1.9259832  1.24451743]
{'d': 0.34324145386055205, 'e': 0.20274895909622603, 'f': 1.9259832045077077, 'g': 1.2445174313357144}
Previous:  {'d': 0.3442577083426047, 'e': 0.19027776817528963, 'f': 1.9318374569229877, 'g': 1.2507354280029221}
python -u fit_individ_iter.py Box67_1400 0.512095 Box67_1400 0.537169
prev {'d': 0.34324145386055205, 'e': 0.20274895909622603, 'f': 1.9259832045077077, 'g': 1.2445174313357144}
Starting ML Fit
Box67_1400
       message: Optimization terminated successfully.
       success: True
        status: 0
           fun: 59.561005484131634
             x: [ 3.359e-01  1.934e-01  1.950e+00  1.244e+00]
           nit: 123
          nfev: 213
 final_simplex: (array([[ 3.359e-01,  1.934e-01,  1.950e+00,  1.244e+00],
                       [ 3.359e-01,  1.935e-01,  1.950e+00,  1.244e+00],
                       ...,
                       [ 3.359e-01,  1.934e-01,  1.950e+00,  1.244e+00],
                       [ 3.358e-01,  1.934e-01,  1.950e+00,  1.244e+00]]), array([ 5.956e+01,  5.956e+01,  5.956e+01,  5.956e+01,
                        5.956e+01]))
   param_names: ['d', 'e', 'f', 'g']
[0.33586415 0.19344803 1.95030176 1.24403816]
{'d': 0.33586415269725256, 'e': 0.19344802851185683, 'f': 1.9503017610513445, 'g': 1.244038160965093}
Previous:  {'d': 0.34324145386055205, 'e': 0.20274895909622603, 'f': 1.9259832045077077, 'g': 1.2445174313357144}
python -u fit_individ_iter.py Box67_1400 0.488191 Box67_1400 0.512095
prev {'d': 0.33586415269725256, 'e': 0.19344802851185683, 'f': 1.9503017610513445, 'g': 1.244038160965093}
Starting ML Fit
Box67_1400
       message: Optimization terminated successfully.
       success: True
        status: 0
           fun: 60.437631925757124
             x: [ 3.245e-01  1.694e-01  1.996e+00  1.248e+00]
           nit: 125
          nfev: 207
 final_simplex: (array([[ 3.245e-01,  1.694e-01,  1.996e+00,  1.248e+00],
                       [ 3.245e-01,  1.694e-01,  1.996e+00,  1.248e+00],
                       ...,
                       [ 3.245e-01,  1.694e-01,  1.996e+00,  1.248e+00],
                       [ 3.245e-01,  1.694e-01,  1.996e+00,  1.248e+00]]), array([ 6.044e+01,  6.044e+01,  6.044e+01,  6.044e+01,
                        6.044e+01]))
   param_names: ['d', 'e', 'f', 'g']
[0.32448208 0.16936665 1.99581228 1.24783631]
{'d': 0.3244820803776194, 'e': 0.16936664529044898, 'f': 1.995812275729996, 'g': 1.2478363118920544}
Previous:  {'d': 0.33586415269725256, 'e': 0.19344802851185683, 'f': 1.9503017610513445, 'g': 1.244038160965093}
python -u fit_individ_iter.py Box67_1400 0.403224 Box67_1400 0.488191
prev {'d': 0.3244820803776194, 'e': 0.16936664529044898, 'f': 1.995812275729996, 'g': 1.2478363118920544}
Starting ML Fit
Box67_1400
       message: Optimization terminated successfully.
       success: True
        status: 0
           fun: 43.78300858757653
             x: [ 3.071e-01  1.630e-01  2.016e+00  1.236e+00]
           nit: 166
          nfev: 285
 final_simplex: (array([[ 3.071e-01,  1.630e-01,  2.016e+00,  1.236e+00],
                       [ 3.071e-01,  1.630e-01,  2.016e+00,  1.236e+00],
                       ...,
                       [ 3.071e-01,  1.630e-01,  2.016e+00,  1.236e+00],
                       [ 3.071e-01,  1.629e-01,  2.016e+00,  1.236e+00]]), array([ 4.378e+01,  4.378e+01,  4.378e+01,  4.378e+01,
                        4.378e+01]))
   param_names: ['d', 'e', 'f', 'g']
[0.30712866 0.16296499 2.01583454 1.23606001]
{'d': 0.3071286557501658, 'e': 0.16296499334612544, 'f': 2.0158345433165135, 'g': 1.2360600135671245}
Previous:  {'d': 0.3244820803776194, 'e': 0.16936664529044898, 'f': 1.995812275729996, 'g': 1.2478363118920544}
python -u fit_individ_iter.py Box67_1400 0.366459 Box67_1400 0.403224
prev {'d': 0.3071286557501658, 'e': 0.16296499334612544, 'f': 2.0158345433165135, 'g': 1.2360600135671245}
Starting ML Fit
Box67_1400
       message: Optimization terminated successfully.
       success: True
        status: 0
           fun: 33.73650515797259
             x: [ 3.012e-01  1.674e-01  2.011e+00  1.231e+00]
           nit: 95
          nfev: 173
 final_simplex: (array([[ 3.012e-01,  1.674e-01,  2.011e+00,  1.231e+00],
                       [ 3.012e-01,  1.674e-01,  2.011e+00,  1.231e+00],
                       ...,
                       [ 3.012e-01,  1.674e-01,  2.011e+00,  1.231e+00],
                       [ 3.012e-01,  1.673e-01,  2.011e+00,  1.231e+00]]), array([ 3.374e+01,  3.374e+01,  3.374e+01,  3.374e+01,
                        3.374e+01]))
   param_names: ['d', 'e', 'f', 'g']
[0.30119022 0.16740713 2.01063881 1.23053578]
{'d': 0.30119021970187665, 'e': 0.16740713070607394, 'f': 2.010638808240638, 'g': 1.2305357785204336}
Previous:  {'d': 0.3071286557501658, 'e': 0.16296499334612544, 'f': 2.0158345433165135, 'g': 1.2360600135671245}
