Curr: Box6_1400 , Prev: Box91_1400
alist [1.0, 0.953321, 0.866399, 0.787402, 0.715608, 0.65036, 0.620002, 0.591061, 0.563471, 0.537169, 0.512095, 0.488191, 0.403224, 0.366459]
python -u fit_individ_iter.py Box6_1400 1.000000 Box91_1400 1.000000
Setting dictionary
Computing sigma spline
Initializing CLASS
Computing Sigma from CLASS
Spline Made
prev {'d': 0.5350752378702078, 'e': 1.0013652655047913, 'f': 2.3467552757490173, 'g': 1.3280475946413817}
Starting ML Fit
Box6_1400
       message: Optimization terminated successfully.
       success: True
        status: 0
           fun: 8643.360836218992
             x: [ 5.322e-01  9.801e-01  2.344e+00  1.340e+00]
           nit: 80
          nfev: 143
 final_simplex: (array([[ 5.322e-01,  9.801e-01,  2.344e+00,  1.340e+00],
                       [ 5.322e-01,  9.801e-01,  2.344e+00,  1.340e+00],
                       ...,
                       [ 5.322e-01,  9.801e-01,  2.344e+00,  1.340e+00],
                       [ 5.322e-01,  9.801e-01,  2.344e+00,  1.340e+00]]), array([ 8.643e+03,  8.643e+03,  8.643e+03,  8.643e+03,
                        8.643e+03]))
   param_names: ['d', 'e', 'f', 'g']
[0.53218805 0.98010451 2.34389739 1.3402193 ]
{'d': 0.5321880502182516, 'e': 0.9801045083675264, 'f': 2.3438973898636584, 'g': 1.340219300987626}
Previous:  {'d': 0.5350752378702078, 'e': 1.0013652655047913, 'f': 2.3467552757490173, 'g': 1.3280475946413817}
python -u fit_individ_iter.py Box6_1400 0.953321 Box6_1400 1.000000
Setting dictionary
Computing sigma spline
Initializing CLASS
Computing Sigma from CLASS
Spline Made
prev {'d': 0.5321880502182516, 'e': 0.9801045083675264, 'f': 2.3438973898636584, 'g': 1.340219300987626}
Starting ML Fit
Box6_1400
       message: Optimization terminated successfully.
       success: True
        status: 0
           fun: 8895.832792629331
             x: [ 5.215e-01  9.477e-01  2.341e+00  1.340e+00]
           nit: 106
          nfev: 186
 final_simplex: (array([[ 5.215e-01,  9.477e-01,  2.341e+00,  1.340e+00],
                       [ 5.215e-01,  9.477e-01,  2.341e+00,  1.340e+00],
                       ...,
                       [ 5.215e-01,  9.477e-01,  2.341e+00,  1.340e+00],
                       [ 5.215e-01,  9.477e-01,  2.341e+00,  1.340e+00]]), array([ 8.896e+03,  8.896e+03,  8.896e+03,  8.896e+03,
                        8.896e+03]))
   param_names: ['d', 'e', 'f', 'g']
[0.52154052 0.94773077 2.34106689 1.3398549 ]
{'d': 0.5215405152849721, 'e': 0.9477307744307202, 'f': 2.3410668899454485, 'g': 1.3398548964912929}
Previous:  {'d': 0.5321880502182516, 'e': 0.9801045083675264, 'f': 2.3438973898636584, 'g': 1.340219300987626}
python -u fit_individ_iter.py Box6_1400 0.866399 Box6_1400 0.953321
Setting dictionary
Computing sigma spline
Initializing CLASS
Computing Sigma from CLASS
Spline Made
prev {'d': 0.5215405152849721, 'e': 0.9477307744307202, 'f': 2.3410668899454485, 'g': 1.3398548964912929}
Starting ML Fit
Box6_1400
       message: Optimization terminated successfully.
       success: True
        status: 0
           fun: 8668.12200654788
             x: [ 5.028e-01  9.056e-01  2.338e+00  1.336e+00]
           nit: 123
          nfev: 213
 final_simplex: (array([[ 5.028e-01,  9.056e-01,  2.338e+00,  1.336e+00],
                       [ 5.028e-01,  9.055e-01,  2.338e+00,  1.336e+00],
                       ...,
                       [ 5.028e-01,  9.056e-01,  2.338e+00,  1.336e+00],
                       [ 5.028e-01,  9.055e-01,  2.338e+00,  1.336e+00]]), array([ 8.668e+03,  8.668e+03,  8.668e+03,  8.668e+03,
                        8.668e+03]))
   param_names: ['d', 'e', 'f', 'g']
[0.50278816 0.90555003 2.33816899 1.33602571]
{'d': 0.5027881550178099, 'e': 0.9055500254007224, 'f': 2.3381689911446597, 'g': 1.3360257117173806}
Previous:  {'d': 0.5215405152849721, 'e': 0.9477307744307202, 'f': 2.3410668899454485, 'g': 1.3398548964912929}
python -u fit_individ_iter.py Box6_1400 0.787402 Box6_1400 0.866399
Setting dictionary
Computing sigma spline
Initializing CLASS
Computing Sigma from CLASS
Spline Made
prev {'d': 0.5027881550178099, 'e': 0.9055500254007224, 'f': 2.3381689911446597, 'g': 1.3360257117173806}
Starting ML Fit
Box6_1400
       message: Optimization terminated successfully.
       success: True
        status: 0
           fun: 7200.5628764359835
             x: [ 4.880e-01  9.044e-01  2.337e+00  1.334e+00]
           nit: 111
          nfev: 190
 final_simplex: (array([[ 4.880e-01,  9.044e-01,  2.337e+00,  1.334e+00],
                       [ 4.880e-01,  9.044e-01,  2.337e+00,  1.334e+00],
                       ...,
                       [ 4.880e-01,  9.044e-01,  2.337e+00,  1.334e+00],
                       [ 4.880e-01,  9.044e-01,  2.337e+00,  1.334e+00]]), array([ 7.201e+03,  7.201e+03,  7.201e+03,  7.201e+03,
                        7.201e+03]))
   param_names: ['d', 'e', 'f', 'g']
[0.4880146  0.90441323 2.33714863 1.33444168]
{'d': 0.48801460328012025, 'e': 0.9044132290483216, 'f': 2.3371486341387007, 'g': 1.3344416835927406}
Previous:  {'d': 0.5027881550178099, 'e': 0.9055500254007224, 'f': 2.3381689911446597, 'g': 1.3360257117173806}
python -u fit_individ_iter.py Box6_1400 0.715608 Box6_1400 0.787402
Setting dictionary
Computing sigma spline
Initializing CLASS
Computing Sigma from CLASS
Spline Made
prev {'d': 0.48801460328012025, 'e': 0.9044132290483216, 'f': 2.3371486341387007, 'g': 1.3344416835927406}
Starting ML Fit
Box6_1400
       message: Optimization terminated successfully.
       success: True
        status: 0
           fun: 8719.370802847763
             x: [ 4.744e-01  8.942e-01  2.339e+00  1.329e+00]
           nit: 97
          nfev: 175
 final_simplex: (array([[ 4.744e-01,  8.942e-01,  2.339e+00,  1.329e+00],
                       [ 4.744e-01,  8.942e-01,  2.339e+00,  1.329e+00],
                       ...,
                       [ 4.744e-01,  8.942e-01,  2.339e+00,  1.329e+00],
                       [ 4.744e-01,  8.942e-01,  2.339e+00,  1.329e+00]]), array([ 8.719e+03,  8.719e+03,  8.719e+03,  8.719e+03,
                        8.719e+03]))
   param_names: ['d', 'e', 'f', 'g']
[0.47443243 0.89422661 2.33887916 1.32872804]
{'d': 0.4744324347690383, 'e': 0.8942266081434531, 'f': 2.3388791632105743, 'g': 1.3287280411391347}
Previous:  {'d': 0.48801460328012025, 'e': 0.9044132290483216, 'f': 2.3371486341387007, 'g': 1.3344416835927406}
python -u fit_individ_iter.py Box6_1400 0.650360 Box6_1400 0.715608
Setting dictionary
Computing sigma spline
Initializing CLASS
Computing Sigma from CLASS
Spline Made
prev {'d': 0.4744324347690383, 'e': 0.8942266081434531, 'f': 2.3388791632105743, 'g': 1.3287280411391347}
Starting ML Fit
Box6_1400
       message: Optimization terminated successfully.
       success: True
        status: 0
           fun: 7295.035020510677
             x: [ 4.645e-01  9.053e-01  2.338e+00  1.324e+00]
           nit: 104
          nfev: 182
 final_simplex: (array([[ 4.645e-01,  9.053e-01,  2.338e+00,  1.324e+00],
                       [ 4.645e-01,  9.053e-01,  2.338e+00,  1.324e+00],
                       ...,
                       [ 4.645e-01,  9.053e-01,  2.338e+00,  1.324e+00],
                       [ 4.645e-01,  9.053e-01,  2.338e+00,  1.324e+00]]), array([ 7.295e+03,  7.295e+03,  7.295e+03,  7.295e+03,
                        7.295e+03]))
   param_names: ['d', 'e', 'f', 'g']
[0.4645153  0.90528979 2.33795629 1.32435998]
{'d': 0.46451529635795213, 'e': 0.9052897881525586, 'f': 2.3379562883656746, 'g': 1.324359975111181}
Previous:  {'d': 0.4744324347690383, 'e': 0.8942266081434531, 'f': 2.3388791632105743, 'g': 1.3287280411391347}
python -u fit_individ_iter.py Box6_1400 0.620002 Box6_1400 0.650360
Setting dictionary
Computing sigma spline
Initializing CLASS
Computing Sigma from CLASS
Spline Made
prev {'d': 0.46451529635795213, 'e': 0.9052897881525586, 'f': 2.3379562883656746, 'g': 1.324359975111181}
Starting ML Fit
Box6_1400
       message: Optimization terminated successfully.
       success: True
        status: 0
           fun: 6380.216300812832
             x: [ 4.599e-01  9.121e-01  2.336e+00  1.319e+00]
           nit: 91
          nfev: 165
 final_simplex: (array([[ 4.599e-01,  9.121e-01,  2.336e+00,  1.319e+00],
                       [ 4.599e-01,  9.121e-01,  2.336e+00,  1.319e+00],
                       ...,
                       [ 4.599e-01,  9.121e-01,  2.336e+00,  1.319e+00],
                       [ 4.599e-01,  9.121e-01,  2.336e+00,  1.319e+00]]), array([ 6.380e+03,  6.380e+03,  6.380e+03,  6.380e+03,
                        6.380e+03]))
   param_names: ['d', 'e', 'f', 'g']
[0.45992232 0.91212213 2.33645202 1.3193421 ]
{'d': 0.4599223153798102, 'e': 0.9121221287004784, 'f': 2.3364520218073803, 'g': 1.319342096360741}
Previous:  {'d': 0.46451529635795213, 'e': 0.9052897881525586, 'f': 2.3379562883656746, 'g': 1.324359975111181}
python -u fit_individ_iter.py Box6_1400 0.591061 Box6_1400 0.620002
Setting dictionary
Computing sigma spline
Initializing CLASS
Computing Sigma from CLASS
Spline Made
prev {'d': 0.4599223153798102, 'e': 0.9121221287004784, 'f': 2.3364520218073803, 'g': 1.319342096360741}
Starting ML Fit
Box6_1400
       message: Optimization terminated successfully.
       success: True
        status: 0
           fun: 6561.394788541034
             x: [ 4.542e-01  9.071e-01  2.337e+00  1.318e+00]
           nit: 88
          nfev: 165
 final_simplex: (array([[ 4.542e-01,  9.071e-01,  2.337e+00,  1.318e+00],
                       [ 4.542e-01,  9.071e-01,  2.337e+00,  1.318e+00],
                       ...,
                       [ 4.542e-01,  9.071e-01,  2.336e+00,  1.318e+00],
                       [ 4.542e-01,  9.071e-01,  2.336e+00,  1.318e+00]]), array([ 6.561e+03,  6.561e+03,  6.561e+03,  6.561e+03,
                        6.561e+03]))
   param_names: ['d', 'e', 'f', 'g']
[0.45419639 0.90707259 2.33650305 1.31787142]
{'d': 0.4541963859464324, 'e': 0.90707259068661, 'f': 2.3365030516841827, 'g': 1.3178714174555437}
Previous:  {'d': 0.4599223153798102, 'e': 0.9121221287004784, 'f': 2.3364520218073803, 'g': 1.319342096360741}
python -u fit_individ_iter.py Box6_1400 0.563471 Box6_1400 0.591061
Setting dictionary
Computing sigma spline
Initializing CLASS
Computing Sigma from CLASS
Spline Made
prev {'d': 0.4541963859464324, 'e': 0.90707259068661, 'f': 2.3365030516841827, 'g': 1.3178714174555437}
Starting ML Fit
Box6_1400
       message: Optimization terminated successfully.
       success: True
        status: 0
           fun: 6750.826903176158
             x: [ 4.491e-01  9.014e-01  2.336e+00  1.311e+00]
           nit: 99
          nfev: 174
 final_simplex: (array([[ 4.491e-01,  9.014e-01,  2.336e+00,  1.311e+00],
                       [ 4.491e-01,  9.014e-01,  2.336e+00,  1.311e+00],
                       ...,
                       [ 4.491e-01,  9.014e-01,  2.336e+00,  1.311e+00],
                       [ 4.491e-01,  9.014e-01,  2.336e+00,  1.311e+00]]), array([ 6.751e+03,  6.751e+03,  6.751e+03,  6.751e+03,
                        6.751e+03]))
   param_names: ['d', 'e', 'f', 'g']
[0.44911943 0.90140367 2.33647205 1.31112091]
{'d': 0.44911943233678897, 'e': 0.9014036660845285, 'f': 2.3364720491345716, 'g': 1.311120909315361}
Previous:  {'d': 0.4541963859464324, 'e': 0.90707259068661, 'f': 2.3365030516841827, 'g': 1.3178714174555437}
python -u fit_individ_iter.py Box6_1400 0.537169 Box6_1400 0.563471
Setting dictionary
Computing sigma spline
Initializing CLASS
Computing Sigma from CLASS
Spline Made
prev {'d': 0.44911943233678897, 'e': 0.9014036660845285, 'f': 2.3364720491345716, 'g': 1.311120909315361}
Starting ML Fit
Box6_1400
       message: Optimization terminated successfully.
       success: True
        status: 0
           fun: 7443.0380565959795
             x: [ 4.427e-01  8.772e-01  2.339e+00  1.309e+00]
           nit: 91
          nfev: 162
 final_simplex: (array([[ 4.427e-01,  8.772e-01,  2.339e+00,  1.309e+00],
                       [ 4.427e-01,  8.772e-01,  2.339e+00,  1.309e+00],
                       ...,
                       [ 4.427e-01,  8.772e-01,  2.339e+00,  1.309e+00],
                       [ 4.427e-01,  8.772e-01,  2.339e+00,  1.309e+00]]), array([ 7.443e+03,  7.443e+03,  7.443e+03,  7.443e+03,
                        7.443e+03]))
   param_names: ['d', 'e', 'f', 'g']
[0.44266061 0.87719526 2.33893063 1.30946983]
{'d': 0.4426606085440393, 'e': 0.8771952558193482, 'f': 2.338930626377656, 'g': 1.3094698330672396}
Previous:  {'d': 0.44911943233678897, 'e': 0.9014036660845285, 'f': 2.3364720491345716, 'g': 1.311120909315361}
python -u fit_individ_iter.py Box6_1400 0.512095 Box6_1400 0.537169
Setting dictionary
Computing sigma spline
Initializing CLASS
Computing Sigma from CLASS
Spline Made
prev {'d': 0.4426606085440393, 'e': 0.8771952558193482, 'f': 2.338930626377656, 'g': 1.3094698330672396}
Starting ML Fit
Box6_1400
       message: Optimization terminated successfully.
       success: True
        status: 0
           fun: 5885.320653004563
             x: [ 4.377e-01  8.618e-01  2.341e+00  1.308e+00]
           nit: 93
          nfev: 160
 final_simplex: (array([[ 4.377e-01,  8.618e-01,  2.341e+00,  1.308e+00],
                       [ 4.377e-01,  8.619e-01,  2.341e+00,  1.308e+00],
                       ...,
                       [ 4.377e-01,  8.619e-01,  2.341e+00,  1.308e+00],
                       [ 4.377e-01,  8.619e-01,  2.341e+00,  1.308e+00]]), array([ 5.885e+03,  5.885e+03,  5.885e+03,  5.885e+03,
                        5.885e+03]))
   param_names: ['d', 'e', 'f', 'g']
[0.43769306 0.86184875 2.34059661 1.30817115]
{'d': 0.4376930609182542, 'e': 0.8618487469805495, 'f': 2.3405966094559894, 'g': 1.3081711457486245}
Previous:  {'d': 0.4426606085440393, 'e': 0.8771952558193482, 'f': 2.338930626377656, 'g': 1.3094698330672396}
python -u fit_individ_iter.py Box6_1400 0.488191 Box6_1400 0.512095
Setting dictionary
Computing sigma spline
Initializing CLASS
Computing Sigma from CLASS
Spline Made
prev {'d': 0.4376930609182542, 'e': 0.8618487469805495, 'f': 2.3405966094559894, 'g': 1.3081711457486245}
Starting ML Fit
Box6_1400
       message: Optimization terminated successfully.
       success: True
        status: 0
           fun: 6855.49806872236
             x: [ 4.349e-01  8.572e-01  2.341e+00  1.308e+00]
           nit: 80
          nfev: 142
 final_simplex: (array([[ 4.349e-01,  8.572e-01,  2.341e+00,  1.308e+00],
                       [ 4.349e-01,  8.573e-01,  2.341e+00,  1.308e+00],
                       ...,
                       [ 4.349e-01,  8.573e-01,  2.341e+00,  1.308e+00],
                       [ 4.349e-01,  8.572e-01,  2.341e+00,  1.308e+00]]), array([ 6.855e+03,  6.855e+03,  6.855e+03,  6.855e+03,
                        6.855e+03]))
   param_names: ['d', 'e', 'f', 'g']
[0.43493432 0.85723253 2.34109942 1.30786392]
{'d': 0.4349343203937117, 'e': 0.8572325271770087, 'f': 2.3410994194878625, 'g': 1.3078639228145184}
Previous:  {'d': 0.4376930609182542, 'e': 0.8618487469805495, 'f': 2.3405966094559894, 'g': 1.3081711457486245}
python -u fit_individ_iter.py Box6_1400 0.403224 Box6_1400 0.488191
Setting dictionary
Computing sigma spline
Initializing CLASS
Computing Sigma from CLASS
Spline Made
prev {'d': 0.4349343203937117, 'e': 0.8572325271770087, 'f': 2.3410994194878625, 'g': 1.3078639228145184}
Starting ML Fit
Box6_1400
       message: Optimization terminated successfully.
       success: True
        status: 0
           fun: 5173.436832877143
             x: [ 4.148e-01  8.419e-01  2.345e+00  1.292e+00]
           nit: 123
          nfev: 219
 final_simplex: (array([[ 4.148e-01,  8.419e-01,  2.345e+00,  1.292e+00],
                       [ 4.148e-01,  8.419e-01,  2.345e+00,  1.292e+00],
                       ...,
                       [ 4.148e-01,  8.419e-01,  2.345e+00,  1.292e+00],
                       [ 4.148e-01,  8.418e-01,  2.345e+00,  1.292e+00]]), array([ 5.173e+03,  5.173e+03,  5.173e+03,  5.173e+03,
                        5.173e+03]))
   param_names: ['d', 'e', 'f', 'g']
[0.41475253 0.84186359 2.34455276 1.29202906]
{'d': 0.41475253056854117, 'e': 0.8418635880143164, 'f': 2.344552763778644, 'g': 1.292029060460222}
Previous:  {'d': 0.4349343203937117, 'e': 0.8572325271770087, 'f': 2.3410994194878625, 'g': 1.3078639228145184}
python -u fit_individ_iter.py Box6_1400 0.366459 Box6_1400 0.403224
Setting dictionary
Computing sigma spline
Initializing CLASS
Computing Sigma from CLASS
Spline Made
prev {'d': 0.41475253056854117, 'e': 0.8418635880143164, 'f': 2.344552763778644, 'g': 1.292029060460222}
Starting ML Fit
Box6_1400
       message: Optimization terminated successfully.
       success: True
        status: 0
           fun: 3516.5849626301288
             x: [ 4.063e-01  8.267e-01  2.348e+00  1.287e+00]
           nit: 82
          nfev: 146
 final_simplex: (array([[ 4.063e-01,  8.267e-01,  2.348e+00,  1.287e+00],
                       [ 4.063e-01,  8.267e-01,  2.348e+00,  1.287e+00],
                       ...,
                       [ 4.063e-01,  8.267e-01,  2.348e+00,  1.287e+00],
                       [ 4.064e-01,  8.267e-01,  2.348e+00,  1.287e+00]]), array([ 3.517e+03,  3.517e+03,  3.517e+03,  3.517e+03,
                        3.517e+03]))
   param_names: ['d', 'e', 'f', 'g']
[0.40634729 0.82668793 2.34832552 1.28688709]
{'d': 0.40634728728991065, 'e': 0.8266879297076403, 'f': 2.3483255216073795, 'g': 1.2868870884245773}
Previous:  {'d': 0.41475253056854117, 'e': 0.8418635880143164, 'f': 2.344552763778644, 'g': 1.292029060460222}
