Curr: Box_n50_32_1400, Prev: Box_n50_43_1400
alist [1.0, 0.953321, 0.866399, 0.787402, 0.715608, 0.65036, 0.620002, 0.591061, 0.563471, 0.537169, 0.512095, 0.488191, 0.403224, 0.366459]
python -u fit_individ_iter.py Box_n50_32_1400 1.000000 Box_n50_43_1400 1.000000
prev {'d': 0.5373874431247232, 'e': 1.1771620406889678, 'f': 2.253060829923548, 'g': 1.2735718626741441}
Starting ML Fit
Box_n50_32_1400
       message: Optimization terminated successfully.
       success: True
        status: 0
           fun: 4612.487421444969
             x: [ 5.278e-01  1.173e+00  2.254e+00  1.239e+00]
           nit: 101
          nfev: 177
 final_simplex: (array([[ 5.278e-01,  1.173e+00,  2.254e+00,  1.239e+00],
                       [ 5.278e-01,  1.173e+00,  2.254e+00,  1.239e+00],
                       ...,
                       [ 5.278e-01,  1.173e+00,  2.254e+00,  1.239e+00],
                       [ 5.278e-01,  1.173e+00,  2.254e+00,  1.239e+00]]), array([ 4.612e+03,  4.612e+03,  4.612e+03,  4.612e+03,
                        4.612e+03]))
   param_names: ['d', 'e', 'f', 'g']
[0.52780993 1.1727269  2.25408613 1.23863599]
{'d': 0.5278099326406481, 'e': 1.1727268970569713, 'f': 2.2540861330311066, 'g': 1.2386359858695388}
Previous:  {'d': 0.5373874431247232, 'e': 1.1771620406889678, 'f': 2.253060829923548, 'g': 1.2735718626741441}
python -u fit_individ_iter.py Box_n50_32_1400 0.953321 Box_n50_32_1400 1.000000
prev {'d': 0.5278099326406481, 'e': 1.1727268970569713, 'f': 2.2540861330311066, 'g': 1.2386359858695388}
Starting ML Fit
Box_n50_32_1400
       message: Optimization terminated successfully.
       success: True
        status: 0
           fun: 5449.117274735965
             x: [ 5.200e-01  1.172e+00  2.254e+00  1.237e+00]
           nit: 96
          nfev: 168
 final_simplex: (array([[ 5.200e-01,  1.172e+00,  2.254e+00,  1.237e+00],
                       [ 5.200e-01,  1.172e+00,  2.254e+00,  1.237e+00],
                       ...,
                       [ 5.200e-01,  1.172e+00,  2.254e+00,  1.237e+00],
                       [ 5.200e-01,  1.172e+00,  2.254e+00,  1.237e+00]]), array([ 5.449e+03,  5.449e+03,  5.449e+03,  5.449e+03,
                        5.449e+03]))
   param_names: ['d', 'e', 'f', 'g']
[0.5199656  1.17233568 2.2537164  1.23717883]
{'d': 0.51996560485877, 'e': 1.1723356782872079, 'f': 2.253716402209817, 'g': 1.2371788343722316}
Previous:  {'d': 0.5278099326406481, 'e': 1.1727268970569713, 'f': 2.2540861330311066, 'g': 1.2386359858695388}
python -u fit_individ_iter.py Box_n50_32_1400 0.866399 Box_n50_32_1400 0.953321
prev {'d': 0.51996560485877, 'e': 1.1723356782872079, 'f': 2.253716402209817, 'g': 1.2371788343722316}
Starting ML Fit
Box_n50_32_1400
       message: Optimization terminated successfully.
       success: True
        status: 0
           fun: 4915.577756356646
             x: [ 5.060e-01  1.184e+00  2.252e+00  1.237e+00]
           nit: 120
          nfev: 206
 final_simplex: (array([[ 5.060e-01,  1.184e+00,  2.252e+00,  1.237e+00],
                       [ 5.060e-01,  1.184e+00,  2.252e+00,  1.237e+00],
                       ...,
                       [ 5.060e-01,  1.184e+00,  2.252e+00,  1.237e+00],
                       [ 5.060e-01,  1.184e+00,  2.252e+00,  1.237e+00]]), array([ 4.916e+03,  4.916e+03,  4.916e+03,  4.916e+03,
                        4.916e+03]))
   param_names: ['d', 'e', 'f', 'g']
[0.50601477 1.18443127 2.251811   1.23698316]
{'d': 0.5060147727512452, 'e': 1.1844312686318668, 'f': 2.2518110019306414, 'g': 1.2369831623225644}
Previous:  {'d': 0.51996560485877, 'e': 1.1723356782872079, 'f': 2.253716402209817, 'g': 1.2371788343722316}
python -u fit_individ_iter.py Box_n50_32_1400 0.787402 Box_n50_32_1400 0.866399
prev {'d': 0.5060147727512452, 'e': 1.1844312686318668, 'f': 2.2518110019306414, 'g': 1.2369831623225644}
Starting ML Fit
Box_n50_32_1400
       message: Optimization terminated successfully.
       success: True
        status: 0
           fun: 4209.502641982835
             x: [ 4.931e-01  1.189e+00  2.251e+00  1.238e+00]
           nit: 105
          nfev: 178
 final_simplex: (array([[ 4.931e-01,  1.189e+00,  2.251e+00,  1.238e+00],
                       [ 4.931e-01,  1.189e+00,  2.251e+00,  1.238e+00],
                       ...,
                       [ 4.931e-01,  1.189e+00,  2.251e+00,  1.238e+00],
                       [ 4.931e-01,  1.189e+00,  2.251e+00,  1.238e+00]]), array([ 4.210e+03,  4.210e+03,  4.210e+03,  4.210e+03,
                        4.210e+03]))
   param_names: ['d', 'e', 'f', 'g']
[0.49312678 1.18861369 2.25143022 1.23828968]
{'d': 0.4931267842005036, 'e': 1.188613693186229, 'f': 2.2514302185472763, 'g': 1.2382896775197003}
Previous:  {'d': 0.5060147727512452, 'e': 1.1844312686318668, 'f': 2.2518110019306414, 'g': 1.2369831623225644}
python -u fit_individ_iter.py Box_n50_32_1400 0.715608 Box_n50_32_1400 0.787402
prev {'d': 0.4931267842005036, 'e': 1.188613693186229, 'f': 2.2514302185472763, 'g': 1.2382896775197003}
Starting ML Fit
Box_n50_32_1400
       message: Optimization terminated successfully.
       success: True
        status: 0
           fun: 5708.363404369213
             x: [ 4.777e-01  1.177e+00  2.254e+00  1.236e+00]
           nit: 93
          nfev: 168
 final_simplex: (array([[ 4.777e-01,  1.177e+00,  2.254e+00,  1.236e+00],
                       [ 4.777e-01,  1.177e+00,  2.254e+00,  1.236e+00],
                       ...,
                       [ 4.777e-01,  1.177e+00,  2.254e+00,  1.236e+00],
                       [ 4.777e-01,  1.177e+00,  2.254e+00,  1.236e+00]]), array([ 5.708e+03,  5.708e+03,  5.708e+03,  5.708e+03,
                        5.708e+03]))
   param_names: ['d', 'e', 'f', 'g']
[0.47765936 1.17656772 2.25440307 1.23570006]
{'d': 0.47765935561923034, 'e': 1.1765677192945607, 'f': 2.2544030721095702, 'g': 1.2357000576829844}
Previous:  {'d': 0.4931267842005036, 'e': 1.188613693186229, 'f': 2.2514302185472763, 'g': 1.2382896775197003}
python -u fit_individ_iter.py Box_n50_32_1400 0.650360 Box_n50_32_1400 0.715608
prev {'d': 0.47765935561923034, 'e': 1.1765677192945607, 'f': 2.2544030721095702, 'g': 1.2357000576829844}
Starting ML Fit
Box_n50_32_1400
       message: Optimization terminated successfully.
       success: True
        status: 0
           fun: 5064.932817415611
             x: [ 4.647e-01  1.173e+00  2.256e+00  1.235e+00]
           nit: 96
          nfev: 162
 final_simplex: (array([[ 4.647e-01,  1.173e+00,  2.256e+00,  1.235e+00],
                       [ 4.647e-01,  1.173e+00,  2.256e+00,  1.235e+00],
                       ...,
                       [ 4.647e-01,  1.173e+00,  2.256e+00,  1.235e+00],
                       [ 4.647e-01,  1.173e+00,  2.256e+00,  1.235e+00]]), array([ 5.065e+03,  5.065e+03,  5.065e+03,  5.065e+03,
                        5.065e+03]))
   param_names: ['d', 'e', 'f', 'g']
[0.46473641 1.17276183 2.25580057 1.23493903]
{'d': 0.4647364137370675, 'e': 1.1727618303434777, 'f': 2.255800566051274, 'g': 1.234939029941711}
Previous:  {'d': 0.47765935561923034, 'e': 1.1765677192945607, 'f': 2.2544030721095702, 'g': 1.2357000576829844}
python -u fit_individ_iter.py Box_n50_32_1400 0.620002 Box_n50_32_1400 0.650360
prev {'d': 0.4647364137370675, 'e': 1.1727618303434777, 'f': 2.255800566051274, 'g': 1.234939029941711}
Starting ML Fit
Box_n50_32_1400
       message: Optimization terminated successfully.
       success: True
        status: 0
           fun: 4423.849173692112
             x: [ 4.584e-01  1.167e+00  2.257e+00  1.235e+00]
           nit: 92
          nfev: 167
 final_simplex: (array([[ 4.584e-01,  1.167e+00,  2.257e+00,  1.235e+00],
                       [ 4.584e-01,  1.167e+00,  2.257e+00,  1.235e+00],
                       ...,
                       [ 4.584e-01,  1.167e+00,  2.257e+00,  1.235e+00],
                       [ 4.584e-01,  1.167e+00,  2.257e+00,  1.235e+00]]), array([ 4.424e+03,  4.424e+03,  4.424e+03,  4.424e+03,
                        4.424e+03]))
   param_names: ['d', 'e', 'f', 'g']
[0.45836752 1.16724978 2.25721703 1.2345879 ]
{'d': 0.458367515181204, 'e': 1.1672497812856533, 'f': 2.257217025465577, 'g': 1.2345878991268717}
Previous:  {'d': 0.4647364137370675, 'e': 1.1727618303434777, 'f': 2.255800566051274, 'g': 1.234939029941711}
python -u fit_individ_iter.py Box_n50_32_1400 0.591061 Box_n50_32_1400 0.620002
prev {'d': 0.458367515181204, 'e': 1.1672497812856533, 'f': 2.257217025465577, 'g': 1.2345878991268717}
Starting ML Fit
Box_n50_32_1400
       message: Optimization terminated successfully.
       success: True
        status: 0
           fun: 4721.189324592034
             x: [ 4.527e-01  1.161e+00  2.259e+00  1.233e+00]
           nit: 81
          nfev: 144
 final_simplex: (array([[ 4.527e-01,  1.161e+00,  2.259e+00,  1.233e+00],
                       [ 4.527e-01,  1.161e+00,  2.259e+00,  1.233e+00],
                       ...,
                       [ 4.527e-01,  1.161e+00,  2.259e+00,  1.233e+00],
                       [ 4.527e-01,  1.161e+00,  2.259e+00,  1.233e+00]]), array([ 4.721e+03,  4.721e+03,  4.721e+03,  4.721e+03,
                        4.721e+03]))
   param_names: ['d', 'e', 'f', 'g']
[0.45266247 1.16074387 2.25924993 1.23344888]
{'d': 0.45266246743650346, 'e': 1.1607438660828746, 'f': 2.2592499326115973, 'g': 1.2334488797008545}
Previous:  {'d': 0.458367515181204, 'e': 1.1672497812856533, 'f': 2.257217025465577, 'g': 1.2345878991268717}
python -u fit_individ_iter.py Box_n50_32_1400 0.563471 Box_n50_32_1400 0.591061
prev {'d': 0.45266246743650346, 'e': 1.1607438660828746, 'f': 2.2592499326115973, 'g': 1.2334488797008545}
Starting ML Fit
Box_n50_32_1400
       message: Optimization terminated successfully.
       success: True
        status: 0
           fun: 3242.054679688321
             x: [ 4.498e-01  1.161e+00  2.259e+00  1.235e+00]
           nit: 73
          nfev: 132
 final_simplex: (array([[ 4.498e-01,  1.161e+00,  2.259e+00,  1.235e+00],
                       [ 4.498e-01,  1.161e+00,  2.259e+00,  1.235e+00],
                       ...,
                       [ 4.498e-01,  1.161e+00,  2.259e+00,  1.235e+00],
                       [ 4.498e-01,  1.161e+00,  2.259e+00,  1.235e+00]]), array([ 3.242e+03,  3.242e+03,  3.242e+03,  3.242e+03,
                        3.242e+03]))
   param_names: ['d', 'e', 'f', 'g']
[0.44983219 1.16085689 2.25934505 1.23518909]
{'d': 0.44983219041014244, 'e': 1.1608568852265044, 'f': 2.2593450483538557, 'g': 1.235189089863793}
Previous:  {'d': 0.45266246743650346, 'e': 1.1607438660828746, 'f': 2.2592499326115973, 'g': 1.2334488797008545}
python -u fit_individ_iter.py Box_n50_32_1400 0.537169 Box_n50_32_1400 0.563471
prev {'d': 0.44983219041014244, 'e': 1.1608568852265044, 'f': 2.2593450483538557, 'g': 1.235189089863793}
Starting ML Fit
Box_n50_32_1400
       message: Optimization terminated successfully.
       success: True
        status: 0
           fun: 3765.0653289243805
             x: [ 4.454e-01  1.167e+00  2.258e+00  1.233e+00]
           nit: 90
          nfev: 158
 final_simplex: (array([[ 4.454e-01,  1.167e+00,  2.258e+00,  1.233e+00],
                       [ 4.454e-01,  1.167e+00,  2.258e+00,  1.233e+00],
                       ...,
                       [ 4.454e-01,  1.167e+00,  2.258e+00,  1.233e+00],
                       [ 4.454e-01,  1.167e+00,  2.258e+00,  1.233e+00]]), array([ 3.765e+03,  3.765e+03,  3.765e+03,  3.765e+03,
                        3.765e+03]))
   param_names: ['d', 'e', 'f', 'g']
[0.4453828  1.16662873 2.25804655 1.23322082]
{'d': 0.4453827962844307, 'e': 1.166628731139926, 'f': 2.258046549255547, 'g': 1.2332208198625094}
Previous:  {'d': 0.44983219041014244, 'e': 1.1608568852265044, 'f': 2.2593450483538557, 'g': 1.235189089863793}
python -u fit_individ_iter.py Box_n50_32_1400 0.512095 Box_n50_32_1400 0.537169
prev {'d': 0.4453827962844307, 'e': 1.166628731139926, 'f': 2.258046549255547, 'g': 1.2332208198625094}
Starting ML Fit
Box_n50_32_1400
       message: Optimization terminated successfully.
       success: True
        status: 0
           fun: 1961.7192128902223
             x: [ 4.381e-01  1.170e+00  2.257e+00  1.231e+00]
           nit: 94
          nfev: 169
 final_simplex: (array([[ 4.381e-01,  1.170e+00,  2.257e+00,  1.231e+00],
                       [ 4.381e-01,  1.170e+00,  2.257e+00,  1.231e+00],
                       ...,
                       [ 4.381e-01,  1.170e+00,  2.257e+00,  1.231e+00],
                       [ 4.381e-01,  1.170e+00,  2.257e+00,  1.231e+00]]), array([ 1.962e+03,  1.962e+03,  1.962e+03,  1.962e+03,
                        1.962e+03]))
   param_names: ['d', 'e', 'f', 'g']
[0.43805658 1.17004544 2.25740373 1.2310668 ]
{'d': 0.43805658488849075, 'e': 1.170045436073901, 'f': 2.2574037322224396, 'g': 1.2310667991206632}
Previous:  {'d': 0.4453827962844307, 'e': 1.166628731139926, 'f': 2.258046549255547, 'g': 1.2332208198625094}
python -u fit_individ_iter.py Box_n50_32_1400 0.488191 Box_n50_32_1400 0.512095
prev {'d': 0.43805658488849075, 'e': 1.170045436073901, 'f': 2.2574037322224396, 'g': 1.2310667991206632}
Starting ML Fit
Box_n50_32_1400
       message: Optimization terminated successfully.
       success: True
        status: 0
           fun: 3063.4014064100174
             x: [ 4.351e-01  1.171e+00  2.257e+00  1.230e+00]
           nit: 85
          nfev: 156
 final_simplex: (array([[ 4.351e-01,  1.171e+00,  2.257e+00,  1.230e+00],
                       [ 4.351e-01,  1.171e+00,  2.257e+00,  1.230e+00],
                       ...,
                       [ 4.351e-01,  1.171e+00,  2.257e+00,  1.230e+00],
                       [ 4.351e-01,  1.171e+00,  2.257e+00,  1.230e+00]]), array([ 3.063e+03,  3.063e+03,  3.063e+03,  3.063e+03,
                        3.063e+03]))
   param_names: ['d', 'e', 'f', 'g']
[0.43509231 1.17149677 2.2571787  1.23022901]
{'d': 0.4350923096060575, 'e': 1.171496772922219, 'f': 2.2571787024568506, 'g': 1.230229013387334}
Previous:  {'d': 0.43805658488849075, 'e': 1.170045436073901, 'f': 2.2574037322224396, 'g': 1.2310667991206632}
python -u fit_individ_iter.py Box_n50_32_1400 0.403224 Box_n50_32_1400 0.488191
prev {'d': 0.4350923096060575, 'e': 1.171496772922219, 'f': 2.2571787024568506, 'g': 1.230229013387334}
Starting ML Fit
Box_n50_32_1400
       message: Optimization terminated successfully.
       success: True
        status: 0
           fun: 2674.666986915856
             x: [ 4.163e-01  1.172e+00  2.258e+00  1.229e+00]
           nit: 121
          nfev: 209
 final_simplex: (array([[ 4.163e-01,  1.172e+00,  2.258e+00,  1.229e+00],
                       [ 4.163e-01,  1.172e+00,  2.258e+00,  1.229e+00],
                       ...,
                       [ 4.163e-01,  1.172e+00,  2.258e+00,  1.229e+00],
                       [ 4.163e-01,  1.172e+00,  2.258e+00,  1.229e+00]]), array([ 2.675e+03,  2.675e+03,  2.675e+03,  2.675e+03,
                        2.675e+03]))
   param_names: ['d', 'e', 'f', 'g']
[0.41627856 1.1720817  2.25756335 1.22867825]
{'d': 0.4162785622475823, 'e': 1.1720817000118078, 'f': 2.2575633507209356, 'g': 1.2286782534206573}
Previous:  {'d': 0.4350923096060575, 'e': 1.171496772922219, 'f': 2.2571787024568506, 'g': 1.230229013387334}
python -u fit_individ_iter.py Box_n50_32_1400 0.366459 Box_n50_32_1400 0.403224
prev {'d': 0.4162785622475823, 'e': 1.1720817000118078, 'f': 2.2575633507209356, 'g': 1.2286782534206573}
Starting ML Fit
Box_n50_32_1400
       message: Optimization terminated successfully.
       success: True
        status: 0
           fun: 1537.4664835669766
             x: [ 4.053e-01  1.171e+00  2.258e+00  1.224e+00]
           nit: 82
          nfev: 147
 final_simplex: (array([[ 4.053e-01,  1.171e+00,  2.258e+00,  1.224e+00],
                       [ 4.053e-01,  1.171e+00,  2.258e+00,  1.224e+00],
                       ...,
                       [ 4.054e-01,  1.171e+00,  2.258e+00,  1.224e+00],
                       [ 4.053e-01,  1.171e+00,  2.258e+00,  1.224e+00]]), array([ 1.537e+03,  1.537e+03,  1.537e+03,  1.537e+03,
                        1.537e+03]))
   param_names: ['d', 'e', 'f', 'g']
[0.40534587 1.17090027 2.25845785 1.22416422]
{'d': 0.40534586697282254, 'e': 1.1709002683655936, 'f': 2.258457853622335, 'g': 1.2241642152637933}
Previous:  {'d': 0.4162785622475823, 'e': 1.1720817000118078, 'f': 2.2575633507209356, 'g': 1.2286782534206573}
