Curr: Box_n50_12_1400, Prev: Box_n50_11_1400
alist [1.0, 0.953321, 0.866399, 0.787402, 0.715608, 0.65036, 0.620002, 0.591061, 0.563471, 0.537169, 0.512095, 0.488191, 0.403224, 0.366459]
python -u fit_individ_iter.py Box_n50_12_1400 1.000000 Box_n50_11_1400 1.000000
prev {'d': 0.4446180924200171, 'e': 0.33703415919592605, 'f': 1.6932587903947818, 'g': 1.214454761250347}
Starting ML Fit
Box_n50_12_1400
       message: Optimization terminated successfully.
       success: True
        status: 0
           fun: 116.71243183956125
             x: [ 4.492e-01  3.782e-01  1.666e+00  1.199e+00]
           nit: 125
          nfev: 219
 final_simplex: (array([[ 4.492e-01,  3.782e-01,  1.666e+00,  1.199e+00],
                       [ 4.492e-01,  3.782e-01,  1.666e+00,  1.199e+00],
                       ...,
                       [ 4.492e-01,  3.782e-01,  1.666e+00,  1.199e+00],
                       [ 4.492e-01,  3.781e-01,  1.666e+00,  1.199e+00]]), array([ 1.167e+02,  1.167e+02,  1.167e+02,  1.167e+02,
                        1.167e+02]))
   param_names: ['d', 'e', 'f', 'g']
[0.4492158  0.37817534 1.66636712 1.19926019]
{'d': 0.4492158029204509, 'e': 0.3781753410497744, 'f': 1.6663671190273064, 'g': 1.1992601860523202}
Previous:  {'d': 0.4446180924200171, 'e': 0.33703415919592605, 'f': 1.6932587903947818, 'g': 1.214454761250347}
python -u fit_individ_iter.py Box_n50_12_1400 0.953321 Box_n50_12_1400 1.000000
prev {'d': 0.4492158029204509, 'e': 0.3781753410497744, 'f': 1.6663671190273064, 'g': 1.1992601860523202}
Starting ML Fit
Box_n50_12_1400
       message: Optimization terminated successfully.
       success: True
        status: 0
           fun: 108.64431530564168
             x: [ 4.463e-01  4.093e-01  1.656e+00  1.191e+00]
           nit: 101
          nfev: 173
 final_simplex: (array([[ 4.463e-01,  4.093e-01,  1.656e+00,  1.191e+00],
                       [ 4.463e-01,  4.094e-01,  1.656e+00,  1.191e+00],
                       ...,
                       [ 4.463e-01,  4.093e-01,  1.656e+00,  1.191e+00],
                       [ 4.463e-01,  4.094e-01,  1.656e+00,  1.191e+00]]), array([ 1.086e+02,  1.086e+02,  1.086e+02,  1.086e+02,
                        1.086e+02]))
   param_names: ['d', 'e', 'f', 'g']
[0.44629375 0.40933022 1.65601235 1.19113789]
{'d': 0.4462937493091386, 'e': 0.4093302223098406, 'f': 1.6560123508018416, 'g': 1.1911378905025067}
Previous:  {'d': 0.4492158029204509, 'e': 0.3781753410497744, 'f': 1.6663671190273064, 'g': 1.1992601860523202}
python -u fit_individ_iter.py Box_n50_12_1400 0.866399 Box_n50_12_1400 0.953321
prev {'d': 0.4462937493091386, 'e': 0.4093302223098406, 'f': 1.6560123508018416, 'g': 1.1911378905025067}
Starting ML Fit
Box_n50_12_1400
       message: Optimization terminated successfully.
       success: True
        status: 0
           fun: 107.52725909450388
             x: [ 4.311e-01  3.972e-01  1.706e+00  1.201e+00]
           nit: 121
          nfev: 211
 final_simplex: (array([[ 4.311e-01,  3.972e-01,  1.706e+00,  1.201e+00],
                       [ 4.311e-01,  3.972e-01,  1.706e+00,  1.201e+00],
                       ...,
                       [ 4.311e-01,  3.973e-01,  1.706e+00,  1.201e+00],
                       [ 4.311e-01,  3.972e-01,  1.706e+00,  1.201e+00]]), array([ 1.075e+02,  1.075e+02,  1.075e+02,  1.075e+02,
                        1.075e+02]))
   param_names: ['d', 'e', 'f', 'g']
[0.43113258 0.39717815 1.70560896 1.20136783]
{'d': 0.4311325768250611, 'e': 0.39717815482796903, 'f': 1.7056089638986427, 'g': 1.2013678297054327}
Previous:  {'d': 0.4462937493091386, 'e': 0.4093302223098406, 'f': 1.6560123508018416, 'g': 1.1911378905025067}
python -u fit_individ_iter.py Box_n50_12_1400 0.787402 Box_n50_12_1400 0.866399
prev {'d': 0.4311325768250611, 'e': 0.39717815482796903, 'f': 1.7056089638986427, 'g': 1.2013678297054327}
Starting ML Fit
Box_n50_12_1400
       message: Optimization terminated successfully.
       success: True
        status: 0
           fun: 94.08890808950446
             x: [ 4.183e-01  3.929e-01  1.737e+00  1.205e+00]
           nit: 137
          nfev: 240
 final_simplex: (array([[ 4.183e-01,  3.929e-01,  1.737e+00,  1.205e+00],
                       [ 4.183e-01,  3.930e-01,  1.737e+00,  1.205e+00],
                       ...,
                       [ 4.183e-01,  3.930e-01,  1.737e+00,  1.205e+00],
                       [ 4.183e-01,  3.929e-01,  1.737e+00,  1.205e+00]]), array([ 9.409e+01,  9.409e+01,  9.409e+01,  9.409e+01,
                        9.409e+01]))
   param_names: ['d', 'e', 'f', 'g']
[0.41829667 0.39291331 1.73680778 1.20512743]
{'d': 0.41829666662373965, 'e': 0.39291331316401623, 'f': 1.7368077788989496, 'g': 1.2051274327566286}
Previous:  {'d': 0.4311325768250611, 'e': 0.39717815482796903, 'f': 1.7056089638986427, 'g': 1.2013678297054327}
python -u fit_individ_iter.py Box_n50_12_1400 0.715608 Box_n50_12_1400 0.787402
prev {'d': 0.41829666662373965, 'e': 0.39291331316401623, 'f': 1.7368077788989496, 'g': 1.2051274327566286}
Starting ML Fit
Box_n50_12_1400
       message: Optimization terminated successfully.
       success: True
        status: 0
           fun: 101.83127919848529
             x: [ 4.078e-01  3.931e-01  1.751e+00  1.207e+00]
           nit: 118
          nfev: 210
 final_simplex: (array([[ 4.078e-01,  3.931e-01,  1.751e+00,  1.207e+00],
                       [ 4.078e-01,  3.930e-01,  1.751e+00,  1.207e+00],
                       ...,
                       [ 4.078e-01,  3.931e-01,  1.751e+00,  1.207e+00],
                       [ 4.078e-01,  3.931e-01,  1.751e+00,  1.207e+00]]), array([ 1.018e+02,  1.018e+02,  1.018e+02,  1.018e+02,
                        1.018e+02]))
   param_names: ['d', 'e', 'f', 'g']
[0.4077846  0.39311493 1.75114583 1.20735431]
{'d': 0.40778460268093825, 'e': 0.3931149337429421, 'f': 1.7511458264856588, 'g': 1.2073543104558224}
Previous:  {'d': 0.41829666662373965, 'e': 0.39291331316401623, 'f': 1.7368077788989496, 'g': 1.2051274327566286}
python -u fit_individ_iter.py Box_n50_12_1400 0.650360 Box_n50_12_1400 0.715608
prev {'d': 0.40778460268093825, 'e': 0.3931149337429421, 'f': 1.7511458264856588, 'g': 1.2073543104558224}
Starting ML Fit
Box_n50_12_1400
       message: Optimization terminated successfully.
       success: True
        status: 0
           fun: 99.94071547793423
             x: [ 3.971e-01  3.846e-01  1.783e+00  1.212e+00]
           nit: 153
          nfev: 258
 final_simplex: (array([[ 3.971e-01,  3.846e-01,  1.783e+00,  1.212e+00],
                       [ 3.971e-01,  3.845e-01,  1.783e+00,  1.212e+00],
                       ...,
                       [ 3.971e-01,  3.845e-01,  1.783e+00,  1.212e+00],
                       [ 3.971e-01,  3.845e-01,  1.783e+00,  1.212e+00]]), array([ 9.994e+01,  9.994e+01,  9.994e+01,  9.994e+01,
                        9.994e+01]))
   param_names: ['d', 'e', 'f', 'g']
[0.39714538 0.38456176 1.78308138 1.21175873]
{'d': 0.39714537956431334, 'e': 0.3845617629522289, 'f': 1.7830813775250949, 'g': 1.211758726568102}
Previous:  {'d': 0.40778460268093825, 'e': 0.3931149337429421, 'f': 1.7511458264856588, 'g': 1.2073543104558224}
python -u fit_individ_iter.py Box_n50_12_1400 0.620002 Box_n50_12_1400 0.650360
prev {'d': 0.39714537956431334, 'e': 0.3845617629522289, 'f': 1.7830813775250949, 'g': 1.211758726568102}
Starting ML Fit
Box_n50_12_1400
       message: Optimization terminated successfully.
       success: True
        status: 0
           fun: 101.49283124029202
             x: [ 3.919e-01  3.809e-01  1.803e+00  1.214e+00]
           nit: 105
          nfev: 184
 final_simplex: (array([[ 3.919e-01,  3.809e-01,  1.803e+00,  1.214e+00],
                       [ 3.919e-01,  3.808e-01,  1.803e+00,  1.214e+00],
                       ...,
                       [ 3.919e-01,  3.808e-01,  1.803e+00,  1.214e+00],
                       [ 3.919e-01,  3.809e-01,  1.803e+00,  1.214e+00]]), array([ 1.015e+02,  1.015e+02,  1.015e+02,  1.015e+02,
                        1.015e+02]))
   param_names: ['d', 'e', 'f', 'g']
[0.39186137 0.38086602 1.80284234 1.21352711]
{'d': 0.3918613679818222, 'e': 0.3808660209911609, 'f': 1.8028423401891192, 'g': 1.2135271128840328}
Previous:  {'d': 0.39714537956431334, 'e': 0.3845617629522289, 'f': 1.7830813775250949, 'g': 1.211758726568102}
python -u fit_individ_iter.py Box_n50_12_1400 0.591061 Box_n50_12_1400 0.620002
prev {'d': 0.3918613679818222, 'e': 0.3808660209911609, 'f': 1.8028423401891192, 'g': 1.2135271128840328}
Starting ML Fit
Box_n50_12_1400
       message: Optimization terminated successfully.
       success: True
        status: 0
           fun: 94.8922047904098
             x: [ 3.883e-01  3.937e-01  1.793e+00  1.207e+00]
           nit: 101
          nfev: 173
 final_simplex: (array([[ 3.883e-01,  3.937e-01,  1.793e+00,  1.207e+00],
                       [ 3.883e-01,  3.936e-01,  1.793e+00,  1.207e+00],
                       ...,
                       [ 3.883e-01,  3.937e-01,  1.793e+00,  1.207e+00],
                       [ 3.883e-01,  3.937e-01,  1.793e+00,  1.207e+00]]), array([ 9.489e+01,  9.489e+01,  9.489e+01,  9.489e+01,
                        9.489e+01]))
   param_names: ['d', 'e', 'f', 'g']
[0.3882678  0.39365122 1.79322496 1.20714509]
{'d': 0.3882678039059333, 'e': 0.393651221670786, 'f': 1.793224955242891, 'g': 1.207145088819702}
Previous:  {'d': 0.3918613679818222, 'e': 0.3808660209911609, 'f': 1.8028423401891192, 'g': 1.2135271128840328}
python -u fit_individ_iter.py Box_n50_12_1400 0.563471 Box_n50_12_1400 0.591061
prev {'d': 0.3882678039059333, 'e': 0.393651221670786, 'f': 1.793224955242891, 'g': 1.207145088819702}
Starting ML Fit
Box_n50_12_1400
       message: Optimization terminated successfully.
       success: True
        status: 0
           fun: 82.78221947828294
             x: [ 3.843e-01  4.039e-01  1.786e+00  1.201e+00]
           nit: 90
          nfev: 158
 final_simplex: (array([[ 3.843e-01,  4.039e-01,  1.786e+00,  1.201e+00],
                       [ 3.843e-01,  4.038e-01,  1.786e+00,  1.201e+00],
                       ...,
                       [ 3.843e-01,  4.040e-01,  1.786e+00,  1.201e+00],
                       [ 3.843e-01,  4.039e-01,  1.786e+00,  1.201e+00]]), array([ 8.278e+01,  8.278e+01,  8.278e+01,  8.278e+01,
                        8.278e+01]))
   param_names: ['d', 'e', 'f', 'g']
[0.38430461 0.40391789 1.78591741 1.20106077]
{'d': 0.38430460692465235, 'e': 0.40391788925009553, 'f': 1.7859174061444325, 'g': 1.20106076955621}
Previous:  {'d': 0.3882678039059333, 'e': 0.393651221670786, 'f': 1.793224955242891, 'g': 1.207145088819702}
python -u fit_individ_iter.py Box_n50_12_1400 0.537169 Box_n50_12_1400 0.563471
prev {'d': 0.38430460692465235, 'e': 0.40391788925009553, 'f': 1.7859174061444325, 'g': 1.20106076955621}
Starting ML Fit
Box_n50_12_1400
       message: Optimization terminated successfully.
       success: True
        status: 0
           fun: 86.02202878107772
             x: [ 3.798e-01  3.963e-01  1.804e+00  1.204e+00]
           nit: 90
          nfev: 156
 final_simplex: (array([[ 3.798e-01,  3.963e-01,  1.804e+00,  1.204e+00],
                       [ 3.798e-01,  3.963e-01,  1.804e+00,  1.204e+00],
                       ...,
                       [ 3.798e-01,  3.963e-01,  1.805e+00,  1.204e+00],
                       [ 3.798e-01,  3.962e-01,  1.804e+00,  1.204e+00]]), array([ 8.602e+01,  8.602e+01,  8.602e+01,  8.602e+01,
                        8.602e+01]))
   param_names: ['d', 'e', 'f', 'g']
[0.37984353 0.39625816 1.80444438 1.20359781]
{'d': 0.3798435298803202, 'e': 0.39625815959268484, 'f': 1.8044443843690638, 'g': 1.2035978091750439}
Previous:  {'d': 0.38430460692465235, 'e': 0.40391788925009553, 'f': 1.7859174061444325, 'g': 1.20106076955621}
python -u fit_individ_iter.py Box_n50_12_1400 0.512095 Box_n50_12_1400 0.537169
prev {'d': 0.3798435298803202, 'e': 0.39625815959268484, 'f': 1.8044443843690638, 'g': 1.2035978091750439}
Starting ML Fit
Box_n50_12_1400
       message: Optimization terminated successfully.
       success: True
        status: 0
           fun: 77.76254868860366
             x: [ 3.778e-01  4.048e-01  1.790e+00  1.200e+00]
           nit: 99
          nfev: 172
 final_simplex: (array([[ 3.778e-01,  4.048e-01,  1.790e+00,  1.200e+00],
                       [ 3.778e-01,  4.048e-01,  1.790e+00,  1.200e+00],
                       ...,
                       [ 3.778e-01,  4.047e-01,  1.790e+00,  1.200e+00],
                       [ 3.778e-01,  4.049e-01,  1.790e+00,  1.200e+00]]), array([ 7.776e+01,  7.776e+01,  7.776e+01,  7.776e+01,
                        7.776e+01]))
   param_names: ['d', 'e', 'f', 'g']
[0.37778846 0.40478942 1.79003743 1.19999261]
{'d': 0.37778845711719583, 'e': 0.40478942397300677, 'f': 1.790037427301214, 'g': 1.1999926080349148}
Previous:  {'d': 0.3798435298803202, 'e': 0.39625815959268484, 'f': 1.8044443843690638, 'g': 1.2035978091750439}
python -u fit_individ_iter.py Box_n50_12_1400 0.488191 Box_n50_12_1400 0.512095
prev {'d': 0.37778845711719583, 'e': 0.40478942397300677, 'f': 1.790037427301214, 'g': 1.1999926080349148}
Starting ML Fit
Box_n50_12_1400
       message: Optimization terminated successfully.
       success: True
        status: 0
           fun: 70.60077727108424
             x: [ 3.757e-01  4.136e-01  1.775e+00  1.195e+00]
           nit: 90
          nfev: 158
 final_simplex: (array([[ 3.757e-01,  4.136e-01,  1.775e+00,  1.195e+00],
                       [ 3.757e-01,  4.136e-01,  1.775e+00,  1.195e+00],
                       ...,
                       [ 3.757e-01,  4.137e-01,  1.775e+00,  1.195e+00],
                       [ 3.757e-01,  4.136e-01,  1.775e+00,  1.195e+00]]), array([ 7.060e+01,  7.060e+01,  7.060e+01,  7.060e+01,
                        7.060e+01]))
   param_names: ['d', 'e', 'f', 'g']
[0.37570179 0.41361818 1.77475187 1.1953534 ]
{'d': 0.37570179469413506, 'e': 0.4136181802821497, 'f': 1.7747518692730115, 'g': 1.195353397410436}
Previous:  {'d': 0.37778845711719583, 'e': 0.40478942397300677, 'f': 1.790037427301214, 'g': 1.1999926080349148}
python -u fit_individ_iter.py Box_n50_12_1400 0.403224 Box_n50_12_1400 0.488191
prev {'d': 0.37570179469413506, 'e': 0.4136181802821497, 'f': 1.7747518692730115, 'g': 1.195353397410436}
Starting ML Fit
Box_n50_12_1400
       message: Optimization terminated successfully.
       success: True
        status: 0
           fun: 60.21766553229811
             x: [ 3.683e-01  4.185e-01  1.769e+00  1.194e+00]
           nit: 122
          nfev: 209
 final_simplex: (array([[ 3.683e-01,  4.185e-01,  1.769e+00,  1.194e+00],
                       [ 3.683e-01,  4.184e-01,  1.769e+00,  1.194e+00],
                       ...,
                       [ 3.683e-01,  4.184e-01,  1.769e+00,  1.194e+00],
                       [ 3.683e-01,  4.185e-01,  1.769e+00,  1.194e+00]]), array([ 6.022e+01,  6.022e+01,  6.022e+01,  6.022e+01,
                        6.022e+01]))
   param_names: ['d', 'e', 'f', 'g']
[0.36829311 0.41845632 1.76889378 1.19363993]
{'d': 0.36829311040227614, 'e': 0.4184563186072328, 'f': 1.768893777858675, 'g': 1.1936399349033802}
Previous:  {'d': 0.37570179469413506, 'e': 0.4136181802821497, 'f': 1.7747518692730115, 'g': 1.195353397410436}
python -u fit_individ_iter.py Box_n50_12_1400 0.366459 Box_n50_12_1400 0.403224
prev {'d': 0.36829311040227614, 'e': 0.4184563186072328, 'f': 1.768893777858675, 'g': 1.1936399349033802}
Starting ML Fit
Box_n50_12_1400
       message: Optimization terminated successfully.
       success: True
        status: 0
           fun: 49.81765148674992
             x: [ 3.609e-01  4.148e-01  1.784e+00  1.192e+00]
           nit: 87
          nfev: 157
 final_simplex: (array([[ 3.609e-01,  4.148e-01,  1.784e+00,  1.192e+00],
                       [ 3.609e-01,  4.149e-01,  1.784e+00,  1.192e+00],
                       ...,
                       [ 3.609e-01,  4.148e-01,  1.784e+00,  1.192e+00],
                       [ 3.609e-01,  4.148e-01,  1.784e+00,  1.192e+00]]), array([ 4.982e+01,  4.982e+01,  4.982e+01,  4.982e+01,
                        4.982e+01]))
   param_names: ['d', 'e', 'f', 'g']
[0.36094184 0.4148038  1.7839772  1.19230345]
{'d': 0.3609418414871452, 'e': 0.41480379894717395, 'f': 1.7839772039381956, 'g': 1.1923034486764381}
Previous:  {'d': 0.36829311040227614, 'e': 0.4184563186072328, 'f': 1.768893777858675, 'g': 1.1936399349033802}
