Curr: Box_n50_17_1400, Prev: Box_n50_4_1400
alist [1.0, 0.953321, 0.866399, 0.787402, 0.715608, 0.65036, 0.620002, 0.591061, 0.563471, 0.537169, 0.512095, 0.488191, 0.403224, 0.366459]
python -u fit_individ_iter.py Box_n50_17_1400 1.000000 Box_n50_4_1400 1.000000
Setting dictionary
Computing sigma spline
Initializing CLASS
Computing Sigma from CLASS
Spline Made
prev {'d': 0.5316821875382054, 'e': 1.203668183252322, 'f': 2.342988634308071, 'g': 1.2950469017493}
Starting ML Fit
Box_n50_17_1400
       message: Optimization terminated successfully.
       success: True
        status: 0
           fun: 11149.789680734577
             x: [ 5.266e-01  1.092e+00  2.342e+00  1.296e+00]
           nit: 101
          nfev: 177
 final_simplex: (array([[ 5.266e-01,  1.092e+00,  2.342e+00,  1.296e+00],
                       [ 5.266e-01,  1.092e+00,  2.342e+00,  1.296e+00],
                       ...,
                       [ 5.266e-01,  1.092e+00,  2.342e+00,  1.296e+00],
                       [ 5.266e-01,  1.092e+00,  2.342e+00,  1.296e+00]]), array([ 1.115e+04,  1.115e+04,  1.115e+04,  1.115e+04,
                        1.115e+04]))
   param_names: ['d', 'e', 'f', 'g']
[0.52658605 1.09224933 2.34247229 1.29622066]
{'d': 0.5265860541424837, 'e': 1.0922493256612402, 'f': 2.342472285388351, 'g': 1.296220664493143}
Previous:  {'d': 0.5316821875382054, 'e': 1.203668183252322, 'f': 2.342988634308071, 'g': 1.2950469017493}
python -u fit_individ_iter.py Box_n50_17_1400 0.953321 Box_n50_17_1400 1.000000
Setting dictionary
Computing sigma spline
Initializing CLASS
Computing Sigma from CLASS
Spline Made
prev {'d': 0.5265860541424837, 'e': 1.0922493256612402, 'f': 2.342472285388351, 'g': 1.296220664493143}
Starting ML Fit
Box_n50_17_1400
       message: Optimization terminated successfully.
       success: True
        status: 0
           fun: 12821.624235664018
             x: [ 5.136e-01  9.720e-01  2.344e+00  1.310e+00]
           nit: 97
          nfev: 177
 final_simplex: (array([[ 5.136e-01,  9.720e-01,  2.344e+00,  1.310e+00],
                       [ 5.136e-01,  9.720e-01,  2.344e+00,  1.310e+00],
                       ...,
                       [ 5.136e-01,  9.720e-01,  2.344e+00,  1.310e+00],
                       [ 5.136e-01,  9.720e-01,  2.344e+00,  1.310e+00]]), array([ 1.282e+04,  1.282e+04,  1.282e+04,  1.282e+04,
                        1.282e+04]))
   param_names: ['d', 'e', 'f', 'g']
[0.51363426 0.9720121  2.34365243 1.31004295]
{'d': 0.5136342648805169, 'e': 0.9720121022928652, 'f': 2.3436524305886897, 'g': 1.310042953120869}
Previous:  {'d': 0.5265860541424837, 'e': 1.0922493256612402, 'f': 2.342472285388351, 'g': 1.296220664493143}
python -u fit_individ_iter.py Box_n50_17_1400 0.866399 Box_n50_17_1400 0.953321
Setting dictionary
Computing sigma spline
Initializing CLASS
Computing Sigma from CLASS
Spline Made
prev {'d': 0.5136342648805169, 'e': 0.9720121022928652, 'f': 2.3436524305886897, 'g': 1.310042953120869}
Starting ML Fit
Box_n50_17_1400
       message: Optimization terminated successfully.
       success: True
        status: 0
           fun: 7717.105557716046
             x: [ 4.975e-01  9.251e-01  2.344e+00  1.312e+00]
           nit: 96
          nfev: 172
 final_simplex: (array([[ 4.975e-01,  9.251e-01,  2.344e+00,  1.312e+00],
                       [ 4.975e-01,  9.251e-01,  2.344e+00,  1.312e+00],
                       ...,
                       [ 4.975e-01,  9.251e-01,  2.344e+00,  1.312e+00],
                       [ 4.975e-01,  9.252e-01,  2.344e+00,  1.312e+00]]), array([ 7.717e+03,  7.717e+03,  7.717e+03,  7.717e+03,
                        7.717e+03]))
   param_names: ['d', 'e', 'f', 'g']
[0.49753696 0.92510819 2.34424563 1.31226011]
{'d': 0.4975369625264071, 'e': 0.9251081889054591, 'f': 2.3442456288052265, 'g': 1.312260110122878}
Previous:  {'d': 0.5136342648805169, 'e': 0.9720121022928652, 'f': 2.3436524305886897, 'g': 1.310042953120869}
python -u fit_individ_iter.py Box_n50_17_1400 0.787402 Box_n50_17_1400 0.866399
Setting dictionary
Computing sigma spline
Initializing CLASS
Computing Sigma from CLASS
Spline Made
prev {'d': 0.4975369625264071, 'e': 0.9251081889054591, 'f': 2.3442456288052265, 'g': 1.312260110122878}
Starting ML Fit
Box_n50_17_1400
       message: Optimization terminated successfully.
       success: True
        status: 0
           fun: 6189.645172161675
             x: [ 4.844e-01  9.084e-01  2.344e+00  1.311e+00]
           nit: 104
          nfev: 182
 final_simplex: (array([[ 4.844e-01,  9.084e-01,  2.344e+00,  1.311e+00],
                       [ 4.844e-01,  9.084e-01,  2.344e+00,  1.311e+00],
                       ...,
                       [ 4.844e-01,  9.084e-01,  2.344e+00,  1.311e+00],
                       [ 4.844e-01,  9.084e-01,  2.344e+00,  1.311e+00]]), array([ 6.190e+03,  6.190e+03,  6.190e+03,  6.190e+03,
                        6.190e+03]))
   param_names: ['d', 'e', 'f', 'g']
[0.48441582 0.90837735 2.3440767  1.31076958]
{'d': 0.4844158197925861, 'e': 0.9083773510872981, 'f': 2.3440767000106053, 'g': 1.3107695822590832}
Previous:  {'d': 0.4975369625264071, 'e': 0.9251081889054591, 'f': 2.3442456288052265, 'g': 1.312260110122878}
python -u fit_individ_iter.py Box_n50_17_1400 0.715608 Box_n50_17_1400 0.787402
Setting dictionary
Computing sigma spline
Initializing CLASS
Computing Sigma from CLASS
Spline Made
prev {'d': 0.4844158197925861, 'e': 0.9083773510872981, 'f': 2.3440767000106053, 'g': 1.3107695822590832}
Starting ML Fit
Box_n50_17_1400
       message: Optimization terminated successfully.
       success: True
        status: 0
           fun: 8019.079837191099
             x: [ 4.718e-01  8.896e-01  2.345e+00  1.310e+00]
           nit: 111
          nfev: 191
 final_simplex: (array([[ 4.718e-01,  8.896e-01,  2.345e+00,  1.310e+00],
                       [ 4.718e-01,  8.896e-01,  2.345e+00,  1.310e+00],
                       ...,
                       [ 4.718e-01,  8.896e-01,  2.345e+00,  1.310e+00],
                       [ 4.718e-01,  8.896e-01,  2.345e+00,  1.310e+00]]), array([ 8.019e+03,  8.019e+03,  8.019e+03,  8.019e+03,
                        8.019e+03]))
   param_names: ['d', 'e', 'f', 'g']
[0.4718137  0.88959539 2.34487291 1.30985661]
{'d': 0.47181370049467175, 'e': 0.8895953877543248, 'f': 2.344872911178562, 'g': 1.3098566145619173}
Previous:  {'d': 0.4844158197925861, 'e': 0.9083773510872981, 'f': 2.3440767000106053, 'g': 1.3107695822590832}
python -u fit_individ_iter.py Box_n50_17_1400 0.650360 Box_n50_17_1400 0.715608
Setting dictionary
Computing sigma spline
Initializing CLASS
Computing Sigma from CLASS
Spline Made
prev {'d': 0.47181370049467175, 'e': 0.8895953877543248, 'f': 2.344872911178562, 'g': 1.3098566145619173}
Starting ML Fit
Box_n50_17_1400
       message: Optimization terminated successfully.
       success: True
        status: 0
           fun: 7168.81953497944
             x: [ 4.576e-01  8.732e-01  2.346e+00  1.303e+00]
           nit: 105
          nfev: 185
 final_simplex: (array([[ 4.576e-01,  8.732e-01,  2.346e+00,  1.303e+00],
                       [ 4.576e-01,  8.733e-01,  2.346e+00,  1.303e+00],
                       ...,
                       [ 4.576e-01,  8.732e-01,  2.346e+00,  1.303e+00],
                       [ 4.576e-01,  8.733e-01,  2.346e+00,  1.303e+00]]), array([ 7.169e+03,  7.169e+03,  7.169e+03,  7.169e+03,
                        7.169e+03]))
   param_names: ['d', 'e', 'f', 'g']
[0.45758184 0.87324092 2.34584531 1.30267381]
{'d': 0.4575818406887033, 'e': 0.8732409229852744, 'f': 2.3458453118329503, 'g': 1.3026738091749004}
Previous:  {'d': 0.47181370049467175, 'e': 0.8895953877543248, 'f': 2.344872911178562, 'g': 1.3098566145619173}
python -u fit_individ_iter.py Box_n50_17_1400 0.620002 Box_n50_17_1400 0.650360
Setting dictionary
Computing sigma spline
Initializing CLASS
Computing Sigma from CLASS
Spline Made
prev {'d': 0.4575818406887033, 'e': 0.8732409229852744, 'f': 2.3458453118329503, 'g': 1.3026738091749004}
Starting ML Fit
Box_n50_17_1400
       message: Optimization terminated successfully.
       success: True
        status: 0
           fun: 6304.459545737031
             x: [ 4.510e-01  8.590e-01  2.347e+00  1.299e+00]
           nit: 85
          nfev: 158
 final_simplex: (array([[ 4.510e-01,  8.590e-01,  2.347e+00,  1.299e+00],
                       [ 4.509e-01,  8.590e-01,  2.347e+00,  1.299e+00],
                       ...,
                       [ 4.509e-01,  8.590e-01,  2.347e+00,  1.299e+00],
                       [ 4.509e-01,  8.590e-01,  2.347e+00,  1.299e+00]]), array([ 6.304e+03,  6.304e+03,  6.304e+03,  6.304e+03,
                        6.304e+03]))
   param_names: ['d', 'e', 'f', 'g']
[0.45095224 0.85903412 2.34662547 1.29946372]
{'d': 0.45095223713968074, 'e': 0.8590341161939976, 'f': 2.346625474222347, 'g': 1.29946372230103}
Previous:  {'d': 0.4575818406887033, 'e': 0.8732409229852744, 'f': 2.3458453118329503, 'g': 1.3026738091749004}
python -u fit_individ_iter.py Box_n50_17_1400 0.591061 Box_n50_17_1400 0.620002
Setting dictionary
Computing sigma spline
Initializing CLASS
Computing Sigma from CLASS
Spline Made
prev {'d': 0.45095223713968074, 'e': 0.8590341161939976, 'f': 2.346625474222347, 'g': 1.29946372230103}
Starting ML Fit
Box_n50_17_1400
       message: Optimization terminated successfully.
       success: True
        status: 0
           fun: 6739.089558647108
             x: [ 4.445e-01  8.431e-01  2.347e+00  1.297e+00]
           nit: 97
          nfev: 170
 final_simplex: (array([[ 4.445e-01,  8.431e-01,  2.347e+00,  1.297e+00],
                       [ 4.445e-01,  8.431e-01,  2.347e+00,  1.297e+00],
                       ...,
                       [ 4.445e-01,  8.431e-01,  2.347e+00,  1.297e+00],
                       [ 4.445e-01,  8.430e-01,  2.347e+00,  1.297e+00]]), array([ 6.739e+03,  6.739e+03,  6.739e+03,  6.739e+03,
                        6.739e+03]))
   param_names: ['d', 'e', 'f', 'g']
[0.44447837 0.84307267 2.3472534  1.29695001]
{'d': 0.4444783712147996, 'e': 0.843072668238921, 'f': 2.347253399664541, 'g': 1.296950011174355}
Previous:  {'d': 0.45095223713968074, 'e': 0.8590341161939976, 'f': 2.346625474222347, 'g': 1.29946372230103}
python -u fit_individ_iter.py Box_n50_17_1400 0.563471 Box_n50_17_1400 0.591061
Setting dictionary
Computing sigma spline
Initializing CLASS
Computing Sigma from CLASS
Spline Made
prev {'d': 0.4444783712147996, 'e': 0.843072668238921, 'f': 2.347253399664541, 'g': 1.296950011174355}
Starting ML Fit
Box_n50_17_1400
       message: Optimization terminated successfully.
       success: True
        status: 0
           fun: 5684.307017778544
             x: [ 4.397e-01  8.313e-01  2.348e+00  1.296e+00]
           nit: 90
          nfev: 164
 final_simplex: (array([[ 4.397e-01,  8.313e-01,  2.348e+00,  1.296e+00],
                       [ 4.397e-01,  8.313e-01,  2.348e+00,  1.296e+00],
                       ...,
                       [ 4.397e-01,  8.313e-01,  2.348e+00,  1.296e+00],
                       [ 4.397e-01,  8.313e-01,  2.348e+00,  1.296e+00]]), array([ 5.684e+03,  5.684e+03,  5.684e+03,  5.684e+03,
                        5.684e+03]))
   param_names: ['d', 'e', 'f', 'g']
[0.43967983 0.83131708 2.34776146 1.29603018]
{'d': 0.4396798281919214, 'e': 0.8313170794646425, 'f': 2.3477614605958883, 'g': 1.296030175613388}
Previous:  {'d': 0.4444783712147996, 'e': 0.843072668238921, 'f': 2.347253399664541, 'g': 1.296950011174355}
python -u fit_individ_iter.py Box_n50_17_1400 0.537169 Box_n50_17_1400 0.563471
Setting dictionary
Computing sigma spline
Initializing CLASS
Computing Sigma from CLASS
Spline Made
prev {'d': 0.4396798281919214, 'e': 0.8313170794646425, 'f': 2.3477614605958883, 'g': 1.296030175613388}
Starting ML Fit
Box_n50_17_1400
       message: Optimization terminated successfully.
       success: True
        status: 0
           fun: 3141.763776680807
             x: [ 4.352e-01  8.420e-01  2.345e+00  1.291e+00]
           nit: 103
          nfev: 176
 final_simplex: (array([[ 4.352e-01,  8.420e-01,  2.345e+00,  1.291e+00],
                       [ 4.352e-01,  8.420e-01,  2.345e+00,  1.291e+00],
                       ...,
                       [ 4.352e-01,  8.420e-01,  2.345e+00,  1.291e+00],
                       [ 4.352e-01,  8.420e-01,  2.345e+00,  1.291e+00]]), array([ 3.142e+03,  3.142e+03,  3.142e+03,  3.142e+03,
                        3.142e+03]))
   param_names: ['d', 'e', 'f', 'g']
[0.43523272 0.841961   2.34530446 1.29087735]
{'d': 0.43523271660290563, 'e': 0.8419610029707437, 'f': 2.3453044563648136, 'g': 1.2908773549128427}
Previous:  {'d': 0.4396798281919214, 'e': 0.8313170794646425, 'f': 2.3477614605958883, 'g': 1.296030175613388}
python -u fit_individ_iter.py Box_n50_17_1400 0.512095 Box_n50_17_1400 0.537169
Setting dictionary
Computing sigma spline
Initializing CLASS
Computing Sigma from CLASS
Spline Made
prev {'d': 0.43523271660290563, 'e': 0.8419610029707437, 'f': 2.3453044563648136, 'g': 1.2908773549128427}
Starting ML Fit
Box_n50_17_1400
       message: Optimization terminated successfully.
       success: True
        status: 0
           fun: 3035.6156464249293
             x: [ 4.327e-01  8.639e-01  2.341e+00  1.287e+00]
           nit: 65
          nfev: 124
 final_simplex: (array([[ 4.327e-01,  8.639e-01,  2.341e+00,  1.287e+00],
                       [ 4.327e-01,  8.639e-01,  2.341e+00,  1.287e+00],
                       ...,
                       [ 4.327e-01,  8.639e-01,  2.341e+00,  1.287e+00],
                       [ 4.327e-01,  8.639e-01,  2.341e+00,  1.287e+00]]), array([ 3.036e+03,  3.036e+03,  3.036e+03,  3.036e+03,
                        3.036e+03]))
   param_names: ['d', 'e', 'f', 'g']
[0.43267493 0.86390256 2.34141846 1.2867915 ]
{'d': 0.4326749313508784, 'e': 0.8639025566532641, 'f': 2.3414184597904724, 'g': 1.2867915001609607}
Previous:  {'d': 0.43523271660290563, 'e': 0.8419610029707437, 'f': 2.3453044563648136, 'g': 1.2908773549128427}
python -u fit_individ_iter.py Box_n50_17_1400 0.488191 Box_n50_17_1400 0.512095
Setting dictionary
Computing sigma spline
Initializing CLASS
Computing Sigma from CLASS
Spline Made
prev {'d': 0.4326749313508784, 'e': 0.8639025566532641, 'f': 2.3414184597904724, 'g': 1.2867915001609607}
Starting ML Fit
Box_n50_17_1400
       message: Optimization terminated successfully.
       success: True
        status: 0
           fun: 2797.7039767274923
             x: [ 4.273e-01  8.676e-01  2.341e+00  1.282e+00]
           nit: 96
          nfev: 169
 final_simplex: (array([[ 4.273e-01,  8.676e-01,  2.341e+00,  1.282e+00],
                       [ 4.273e-01,  8.677e-01,  2.341e+00,  1.282e+00],
                       ...,
                       [ 4.273e-01,  8.677e-01,  2.341e+00,  1.282e+00],
                       [ 4.273e-01,  8.677e-01,  2.341e+00,  1.282e+00]]), array([ 2.798e+03,  2.798e+03,  2.798e+03,  2.798e+03,
                        2.798e+03]))
   param_names: ['d', 'e', 'f', 'g']
[0.42731475 0.86764708 2.34076123 1.28153722]
{'d': 0.42731475082521514, 'e': 0.8676470787849929, 'f': 2.340761227920469, 'g': 1.2815372179371918}
Previous:  {'d': 0.4326749313508784, 'e': 0.8639025566532641, 'f': 2.3414184597904724, 'g': 1.2867915001609607}
python -u fit_individ_iter.py Box_n50_17_1400 0.403224 Box_n50_17_1400 0.488191
Setting dictionary
Computing sigma spline
Initializing CLASS
Computing Sigma from CLASS
Spline Made
prev {'d': 0.42731475082521514, 'e': 0.8676470787849929, 'f': 2.340761227920469, 'g': 1.2815372179371918}
Starting ML Fit
Box_n50_17_1400
       message: Optimization terminated successfully.
       success: True
        status: 0
           fun: 2609.0549134210887
             x: [ 4.066e-01  8.683e-01  2.341e+00  1.264e+00]
           nit: 95
          nfev: 165
 final_simplex: (array([[ 4.066e-01,  8.683e-01,  2.341e+00,  1.264e+00],
                       [ 4.066e-01,  8.684e-01,  2.341e+00,  1.264e+00],
                       ...,
                       [ 4.066e-01,  8.683e-01,  2.341e+00,  1.264e+00],
                       [ 4.066e-01,  8.684e-01,  2.341e+00,  1.264e+00]]), array([ 2.609e+03,  2.609e+03,  2.609e+03,  2.609e+03,
                        2.609e+03]))
   param_names: ['d', 'e', 'f', 'g']
[0.40659965 0.86832001 2.3407512  1.2638838 ]
{'d': 0.406599652291898, 'e': 0.8683200080494671, 'f': 2.340751200793159, 'g': 1.2638837986356175}
Previous:  {'d': 0.42731475082521514, 'e': 0.8676470787849929, 'f': 2.340761227920469, 'g': 1.2815372179371918}
python -u fit_individ_iter.py Box_n50_17_1400 0.366459 Box_n50_17_1400 0.403224
Setting dictionary
Computing sigma spline
Initializing CLASS
Computing Sigma from CLASS
Spline Made
prev {'d': 0.406599652291898, 'e': 0.8683200080494671, 'f': 2.340751200793159, 'g': 1.2638837986356175}
Starting ML Fit
Box_n50_17_1400
       message: Optimization terminated successfully.
       success: True
        status: 0
           fun: 6127.771529613235
             x: [ 3.963e-01  8.691e-01  2.340e+00  1.257e+00]
           nit: 99
          nfev: 170
 final_simplex: (array([[ 3.963e-01,  8.691e-01,  2.340e+00,  1.257e+00],
                       [ 3.963e-01,  8.690e-01,  2.340e+00,  1.257e+00],
                       ...,
                       [ 3.963e-01,  8.690e-01,  2.340e+00,  1.257e+00],
                       [ 3.963e-01,  8.690e-01,  2.340e+00,  1.257e+00]]), array([ 6.128e+03,  6.128e+03,  6.128e+03,  6.128e+03,
                        6.128e+03]))
   param_names: ['d', 'e', 'f', 'g']
[0.39633691 0.86905194 2.34036334 1.25705314]
{'d': 0.3963369060998825, 'e': 0.8690519384618204, 'f': 2.3403633365190144, 'g': 1.2570531381132257}
Previous:  {'d': 0.406599652291898, 'e': 0.8683200080494671, 'f': 2.340751200793159, 'g': 1.2638837986356175}
