Curr: Box59_1400, Prev: Box49_1400
alist [1.0, 0.953321, 0.866399, 0.787402, 0.715608, 0.65036, 0.620002, 0.591061, 0.563471, 0.537169, 0.512095, 0.488191, 0.403224, 0.366459]
python -u fit_individ_iter.py Box59_1400 1.000000 Box49_1400 1.000000
prev {'d': 0.41561750763753, 'e': 0.35703799143683446, 'f': 1.8022389692796885, 'g': 1.138434521093606}
Starting ML Fit
Box59_1400
       message: Optimization terminated successfully.
       success: True
        status: 0
           fun: 89.13567993847153
             x: [ 4.423e-01  3.802e-01  1.754e+00  1.130e+00]
           nit: 80
          nfev: 143
 final_simplex: (array([[ 4.423e-01,  3.802e-01,  1.754e+00,  1.130e+00],
                       [ 4.423e-01,  3.802e-01,  1.754e+00,  1.130e+00],
                       ...,
                       [ 4.423e-01,  3.801e-01,  1.754e+00,  1.130e+00],
                       [ 4.423e-01,  3.802e-01,  1.754e+00,  1.130e+00]]), array([ 8.914e+01,  8.914e+01,  8.914e+01,  8.914e+01,
                        8.914e+01]))
   param_names: ['d', 'e', 'f', 'g']
[0.44234189 0.38022314 1.75379497 1.12979691]
{'d': 0.442341885248717, 'e': 0.3802231386373339, 'f': 1.753794969878152, 'g': 1.1297969059039885}
Previous:  {'d': 0.41561750763753, 'e': 0.35703799143683446, 'f': 1.8022389692796885, 'g': 1.138434521093606}
python -u fit_individ_iter.py Box59_1400 0.953321 Box59_1400 1.000000
prev {'d': 0.442341885248717, 'e': 0.3802231386373339, 'f': 1.753794969878152, 'g': 1.1297969059039885}
Starting ML Fit
Box59_1400
       message: Optimization terminated successfully.
       success: True
        status: 0
           fun: 90.21654583923274
             x: [ 4.452e-01  4.028e-01  1.708e+00  1.123e+00]
           nit: 94
          nfev: 166
 final_simplex: (array([[ 4.452e-01,  4.028e-01,  1.708e+00,  1.123e+00],
                       [ 4.452e-01,  4.028e-01,  1.708e+00,  1.123e+00],
                       ...,
                       [ 4.452e-01,  4.029e-01,  1.708e+00,  1.123e+00],
                       [ 4.452e-01,  4.027e-01,  1.708e+00,  1.123e+00]]), array([ 9.022e+01,  9.022e+01,  9.022e+01,  9.022e+01,
                        9.022e+01]))
   param_names: ['d', 'e', 'f', 'g']
[0.44521121 0.40281876 1.7081325  1.12304268]
{'d': 0.445211209328473, 'e': 0.40281875541097023, 'f': 1.7081324972035508, 'g': 1.123042675412637}
Previous:  {'d': 0.442341885248717, 'e': 0.3802231386373339, 'f': 1.753794969878152, 'g': 1.1297969059039885}
python -u fit_individ_iter.py Box59_1400 0.866399 Box59_1400 0.953321
prev {'d': 0.445211209328473, 'e': 0.40281875541097023, 'f': 1.7081324972035508, 'g': 1.123042675412637}
Starting ML Fit
Box59_1400
       message: Optimization terminated successfully.
       success: True
        status: 0
           fun: 78.17707059044844
             x: [ 4.335e-01  4.125e-01  1.695e+00  1.118e+00]
           nit: 134
          nfev: 232
 final_simplex: (array([[ 4.335e-01,  4.125e-01,  1.695e+00,  1.118e+00],
                       [ 4.335e-01,  4.124e-01,  1.695e+00,  1.118e+00],
                       ...,
                       [ 4.336e-01,  4.125e-01,  1.695e+00,  1.118e+00],
                       [ 4.335e-01,  4.125e-01,  1.695e+00,  1.118e+00]]), array([ 7.818e+01,  7.818e+01,  7.818e+01,  7.818e+01,
                        7.818e+01]))
   param_names: ['d', 'e', 'f', 'g']
[0.43354217 0.41245834 1.69465091 1.11753122]
{'d': 0.43354216658246514, 'e': 0.4124583413845492, 'f': 1.6946509126688327, 'g': 1.117531220596524}
Previous:  {'d': 0.445211209328473, 'e': 0.40281875541097023, 'f': 1.7081324972035508, 'g': 1.123042675412637}
python -u fit_individ_iter.py Box59_1400 0.787402 Box59_1400 0.866399
prev {'d': 0.43354216658246514, 'e': 0.4124583413845492, 'f': 1.6946509126688327, 'g': 1.117531220596524}
Starting ML Fit
Box59_1400
       message: Optimization terminated successfully.
       success: True
        status: 0
           fun: 67.32198927873574
             x: [ 4.232e-01  4.133e-01  1.701e+00  1.119e+00]
           nit: 106
          nfev: 189
 final_simplex: (array([[ 4.232e-01,  4.133e-01,  1.701e+00,  1.119e+00],
                       [ 4.232e-01,  4.133e-01,  1.701e+00,  1.119e+00],
                       ...,
                       [ 4.232e-01,  4.134e-01,  1.701e+00,  1.119e+00],
                       [ 4.232e-01,  4.133e-01,  1.701e+00,  1.119e+00]]), array([ 6.732e+01,  6.732e+01,  6.732e+01,  6.732e+01,
                        6.732e+01]))
   param_names: ['d', 'e', 'f', 'g']
[0.42315223 0.41329077 1.70134011 1.11852743]
{'d': 0.42315222557046495, 'e': 0.41329076738989484, 'f': 1.7013401097168033, 'g': 1.1185274259180729}
Previous:  {'d': 0.43354216658246514, 'e': 0.4124583413845492, 'f': 1.6946509126688327, 'g': 1.117531220596524}
python -u fit_individ_iter.py Box59_1400 0.715608 Box59_1400 0.787402
prev {'d': 0.42315222557046495, 'e': 0.41329076738989484, 'f': 1.7013401097168033, 'g': 1.1185274259180729}
Starting ML Fit
Box59_1400
       message: Optimization terminated successfully.
       success: True
        status: 0
           fun: 64.56233317338135
             x: [ 4.086e-01  4.085e-01  1.724e+00  1.120e+00]
           nit: 111
          nfev: 191
 final_simplex: (array([[ 4.086e-01,  4.085e-01,  1.724e+00,  1.120e+00],
                       [ 4.086e-01,  4.085e-01,  1.724e+00,  1.120e+00],
                       ...,
                       [ 4.086e-01,  4.085e-01,  1.724e+00,  1.120e+00],
                       [ 4.087e-01,  4.086e-01,  1.724e+00,  1.120e+00]]), array([ 6.456e+01,  6.456e+01,  6.456e+01,  6.456e+01,
                        6.456e+01]))
   param_names: ['d', 'e', 'f', 'g']
[0.40863387 0.40845219 1.72383108 1.12004187]
{'d': 0.4086338664595687, 'e': 0.4084521913519079, 'f': 1.7238310834957293, 'g': 1.120041873197366}
Previous:  {'d': 0.42315222557046495, 'e': 0.41329076738989484, 'f': 1.7013401097168033, 'g': 1.1185274259180729}
python -u fit_individ_iter.py Box59_1400 0.650360 Box59_1400 0.715608
prev {'d': 0.4086338664595687, 'e': 0.4084521913519079, 'f': 1.7238310834957293, 'g': 1.120041873197366}
Starting ML Fit
Box59_1400
       message: Optimization terminated successfully.
       success: True
        status: 0
           fun: 60.11473253694518
             x: [ 4.005e-01  4.005e-01  1.752e+00  1.128e+00]
           nit: 122
          nfev: 200
 final_simplex: (array([[ 4.005e-01,  4.005e-01,  1.752e+00,  1.128e+00],
                       [ 4.005e-01,  4.004e-01,  1.752e+00,  1.128e+00],
                       ...,
                       [ 4.005e-01,  4.005e-01,  1.752e+00,  1.128e+00],
                       [ 4.005e-01,  4.005e-01,  1.752e+00,  1.128e+00]]), array([ 6.011e+01,  6.011e+01,  6.011e+01,  6.011e+01,
                        6.011e+01]))
   param_names: ['d', 'e', 'f', 'g']
[0.40047702 0.40045076 1.75235372 1.12831383]
{'d': 0.40047701600601765, 'e': 0.40045076375137034, 'f': 1.75235372076271, 'g': 1.1283138337403598}
Previous:  {'d': 0.4086338664595687, 'e': 0.4084521913519079, 'f': 1.7238310834957293, 'g': 1.120041873197366}
python -u fit_individ_iter.py Box59_1400 0.620002 Box59_1400 0.650360
prev {'d': 0.40047701600601765, 'e': 0.40045076375137034, 'f': 1.75235372076271, 'g': 1.1283138337403598}
Starting ML Fit
Box59_1400
       message: Optimization terminated successfully.
       success: True
        status: 0
           fun: 55.289576807349654
             x: [ 3.948e-01  3.989e-01  1.761e+00  1.129e+00]
           nit: 105
          nfev: 183
 final_simplex: (array([[ 3.948e-01,  3.989e-01,  1.761e+00,  1.129e+00],
                       [ 3.947e-01,  3.989e-01,  1.761e+00,  1.129e+00],
                       ...,
                       [ 3.948e-01,  3.990e-01,  1.761e+00,  1.129e+00],
                       [ 3.947e-01,  3.989e-01,  1.761e+00,  1.129e+00]]), array([ 5.529e+01,  5.529e+01,  5.529e+01,  5.529e+01,
                        5.529e+01]))
   param_names: ['d', 'e', 'f', 'g']
[0.39475015 0.3989364  1.76116757 1.12934032]
{'d': 0.39475015292702004, 'e': 0.39893639781130663, 'f': 1.7611675736120422, 'g': 1.1293403244746139}
Previous:  {'d': 0.40047701600601765, 'e': 0.40045076375137034, 'f': 1.75235372076271, 'g': 1.1283138337403598}
python -u fit_individ_iter.py Box59_1400 0.591061 Box59_1400 0.620002
prev {'d': 0.39475015292702004, 'e': 0.39893639781130663, 'f': 1.7611675736120422, 'g': 1.1293403244746139}
Starting ML Fit
Box59_1400
       message: Optimization terminated successfully.
       success: True
        status: 0
           fun: 53.24275280698757
             x: [ 3.901e-01  3.945e-01  1.777e+00  1.133e+00]
           nit: 98
          nfev: 170
 final_simplex: (array([[ 3.901e-01,  3.945e-01,  1.777e+00,  1.133e+00],
                       [ 3.901e-01,  3.946e-01,  1.777e+00,  1.133e+00],
                       ...,
                       [ 3.901e-01,  3.945e-01,  1.777e+00,  1.133e+00],
                       [ 3.901e-01,  3.946e-01,  1.777e+00,  1.133e+00]]), array([ 5.324e+01,  5.324e+01,  5.324e+01,  5.324e+01,
                        5.324e+01]))
   param_names: ['d', 'e', 'f', 'g']
[0.39006673 0.39452435 1.77662576 1.13337721]
{'d': 0.3900667308546558, 'e': 0.39452435424221777, 'f': 1.7766257633389415, 'g': 1.133377206396782}
Previous:  {'d': 0.39475015292702004, 'e': 0.39893639781130663, 'f': 1.7611675736120422, 'g': 1.1293403244746139}
python -u fit_individ_iter.py Box59_1400 0.563471 Box59_1400 0.591061
prev {'d': 0.3900667308546558, 'e': 0.39452435424221777, 'f': 1.7766257633389415, 'g': 1.133377206396782}
Starting ML Fit
Box59_1400
       message: Optimization terminated successfully.
       success: True
        status: 0
           fun: 49.45988827509767
             x: [ 3.855e-01  3.935e-01  1.782e+00  1.133e+00]
           nit: 88
          nfev: 155
 final_simplex: (array([[ 3.855e-01,  3.935e-01,  1.782e+00,  1.133e+00],
                       [ 3.855e-01,  3.935e-01,  1.782e+00,  1.133e+00],
                       ...,
                       [ 3.855e-01,  3.935e-01,  1.782e+00,  1.133e+00],
                       [ 3.855e-01,  3.935e-01,  1.782e+00,  1.133e+00]]), array([ 4.946e+01,  4.946e+01,  4.946e+01,  4.946e+01,
                        4.946e+01]))
   param_names: ['d', 'e', 'f', 'g']
[0.38552347 0.39353894 1.78179661 1.13341657]
{'d': 0.38552346802219006, 'e': 0.39353893640714077, 'f': 1.7817966114521195, 'g': 1.1334165724240868}
Previous:  {'d': 0.3900667308546558, 'e': 0.39452435424221777, 'f': 1.7766257633389415, 'g': 1.133377206396782}
python -u fit_individ_iter.py Box59_1400 0.537169 Box59_1400 0.563471
prev {'d': 0.38552346802219006, 'e': 0.39353893640714077, 'f': 1.7817966114521195, 'g': 1.1334165724240868}
Starting ML Fit
Box59_1400
       message: Optimization terminated successfully.
       success: True
        status: 0
           fun: 44.32356792015631
             x: [ 3.814e-01  3.924e-01  1.787e+00  1.135e+00]
           nit: 93
          nfev: 164
 final_simplex: (array([[ 3.814e-01,  3.924e-01,  1.787e+00,  1.135e+00],
                       [ 3.814e-01,  3.924e-01,  1.787e+00,  1.135e+00],
                       ...,
                       [ 3.814e-01,  3.925e-01,  1.787e+00,  1.135e+00],
                       [ 3.814e-01,  3.924e-01,  1.787e+00,  1.135e+00]]), array([ 4.432e+01,  4.432e+01,  4.432e+01,  4.432e+01,
                        4.432e+01]))
   param_names: ['d', 'e', 'f', 'g']
[0.38138222 0.39244323 1.78712815 1.13485675]
{'d': 0.3813822158647839, 'e': 0.3924432342650881, 'f': 1.7871281464689002, 'g': 1.1348567524071504}
Previous:  {'d': 0.38552346802219006, 'e': 0.39353893640714077, 'f': 1.7817966114521195, 'g': 1.1334165724240868}
python -u fit_individ_iter.py Box59_1400 0.512095 Box59_1400 0.537169
prev {'d': 0.3813822158647839, 'e': 0.3924432342650881, 'f': 1.7871281464689002, 'g': 1.1348567524071504}
Starting ML Fit
Box59_1400
       message: Optimization terminated successfully.
       success: True
        status: 0
           fun: 39.98898608531023
             x: [ 3.838e-01  3.949e-01  1.778e+00  1.138e+00]
           nit: 106
          nfev: 177
 final_simplex: (array([[ 3.838e-01,  3.949e-01,  1.778e+00,  1.138e+00],
                       [ 3.838e-01,  3.949e-01,  1.778e+00,  1.138e+00],
                       ...,
                       [ 3.838e-01,  3.949e-01,  1.778e+00,  1.138e+00],
                       [ 3.838e-01,  3.949e-01,  1.778e+00,  1.138e+00]]), array([ 3.999e+01,  3.999e+01,  3.999e+01,  3.999e+01,
                        3.999e+01]))
   param_names: ['d', 'e', 'f', 'g']
[0.38380268 0.39492635 1.77776536 1.13805601]
{'d': 0.38380267553511205, 'e': 0.3949263508397642, 'f': 1.7777653633931796, 'g': 1.138056011918418}
Previous:  {'d': 0.3813822158647839, 'e': 0.3924432342650881, 'f': 1.7871281464689002, 'g': 1.1348567524071504}
python -u fit_individ_iter.py Box59_1400 0.488191 Box59_1400 0.512095
prev {'d': 0.38380267553511205, 'e': 0.3949263508397642, 'f': 1.7777653633931796, 'g': 1.138056011918418}
Starting ML Fit
Box59_1400
       message: Optimization terminated successfully.
       success: True
        status: 0
           fun: 37.34942847499008
             x: [ 3.763e-01  4.001e-01  1.764e+00  1.133e+00]
           nit: 106
          nfev: 176
 final_simplex: (array([[ 3.763e-01,  4.001e-01,  1.764e+00,  1.133e+00],
                       [ 3.764e-01,  4.002e-01,  1.764e+00,  1.133e+00],
                       ...,
                       [ 3.763e-01,  4.001e-01,  1.763e+00,  1.133e+00],
                       [ 3.764e-01,  4.002e-01,  1.764e+00,  1.133e+00]]), array([ 3.735e+01,  3.735e+01,  3.735e+01,  3.735e+01,
                        3.735e+01]))
   param_names: ['d', 'e', 'f', 'g']
[0.37633296 0.40011339 1.76357676 1.13298746]
{'d': 0.3763329605895549, 'e': 0.40011339476897567, 'f': 1.7635767617006977, 'g': 1.1329874567941096}
Previous:  {'d': 0.38380267553511205, 'e': 0.3949263508397642, 'f': 1.7777653633931796, 'g': 1.138056011918418}
python -u fit_individ_iter.py Box59_1400 0.403224 Box59_1400 0.488191
prev {'d': 0.3763329605895549, 'e': 0.40011339476897567, 'f': 1.7635767617006977, 'g': 1.1329874567941096}
Starting ML Fit
Box59_1400
       message: Optimization terminated successfully.
       success: True
        status: 0
           fun: 26.085572546897758
             x: [ 3.552e-01  4.032e-01  1.762e+00  1.130e+00]
           nit: 101
          nfev: 176
 final_simplex: (array([[ 3.552e-01,  4.032e-01,  1.762e+00,  1.130e+00],
                       [ 3.552e-01,  4.032e-01,  1.762e+00,  1.130e+00],
                       ...,
                       [ 3.552e-01,  4.033e-01,  1.762e+00,  1.130e+00],
                       [ 3.552e-01,  4.033e-01,  1.762e+00,  1.130e+00]]), array([ 2.609e+01,  2.609e+01,  2.609e+01,  2.609e+01,
                        2.609e+01]))
   param_names: ['d', 'e', 'f', 'g']
[0.35521875 0.40323048 1.7616493  1.13015677]
{'d': 0.3552187461162145, 'e': 0.40323047982849697, 'f': 1.7616492980047922, 'g': 1.1301567725803734}
Previous:  {'d': 0.3763329605895549, 'e': 0.40011339476897567, 'f': 1.7635767617006977, 'g': 1.1329874567941096}
python -u fit_individ_iter.py Box59_1400 0.366459 Box59_1400 0.403224
prev {'d': 0.3552187461162145, 'e': 0.40323047982849697, 'f': 1.7616492980047922, 'g': 1.1301567725803734}
Starting ML Fit
Box59_1400
       message: Optimization terminated successfully.
       success: True
        status: 0
           fun: 22.26489624860992
             x: [ 3.851e-01  3.976e-01  1.766e+00  1.154e+00]
           nit: 99
          nfev: 173
 final_simplex: (array([[ 3.851e-01,  3.976e-01,  1.766e+00,  1.154e+00],
                       [ 3.851e-01,  3.977e-01,  1.766e+00,  1.154e+00],
                       ...,
                       [ 3.851e-01,  3.976e-01,  1.766e+00,  1.154e+00],
                       [ 3.851e-01,  3.976e-01,  1.766e+00,  1.154e+00]]), array([ 2.226e+01,  2.226e+01,  2.226e+01,  2.226e+01,
                        2.226e+01]))
   param_names: ['d', 'e', 'f', 'g']
[0.38506059 0.39764579 1.76599632 1.15355444]
{'d': 0.3850605916423372, 'e': 0.3976457901215963, 'f': 1.7659963201397428, 'g': 1.1535544395193607}
Previous:  {'d': 0.3552187461162145, 'e': 0.40323047982849697, 'f': 1.7616492980047922, 'g': 1.1301567725803734}
