Curr: Box_n50_20_1400, Prev: Box_n50_46_1400
alist [1.0, 0.953321, 0.866399, 0.787402, 0.715608, 0.65036, 0.620002, 0.591061, 0.563471, 0.537169, 0.512095, 0.488191, 0.403224, 0.366459]
python -u fit_individ_iter.py Box_n50_20_1400 1.000000 Box_n50_46_1400 1.000000
prev {'d': 0.4429663426387235, 'e': 0.30529210936459034, 'f': 1.660858423362467, 'g': 1.2165218193563865}
Starting ML Fit
Box_n50_20_1400
       message: Optimization terminated successfully.
       success: True
        status: 0
           fun: 107.47736173059322
             x: [ 4.370e-01  3.069e-01  1.659e+00  1.188e+00]
           nit: 58
          nfev: 106
 final_simplex: (array([[ 4.370e-01,  3.069e-01,  1.659e+00,  1.188e+00],
                       [ 4.370e-01,  3.068e-01,  1.659e+00,  1.188e+00],
                       ...,
                       [ 4.370e-01,  3.068e-01,  1.659e+00,  1.188e+00],
                       [ 4.370e-01,  3.069e-01,  1.659e+00,  1.188e+00]]), array([ 1.075e+02,  1.075e+02,  1.075e+02,  1.075e+02,
                        1.075e+02]))
   param_names: ['d', 'e', 'f', 'g']
[0.43704398 0.30690278 1.65897149 1.18809701]
{'d': 0.4370439750988919, 'e': 0.30690277645331415, 'f': 1.6589714866028722, 'g': 1.1880970074879151}
Previous:  {'d': 0.4429663426387235, 'e': 0.30529210936459034, 'f': 1.660858423362467, 'g': 1.2165218193563865}
python -u fit_individ_iter.py Box_n50_20_1400 0.953321 Box_n50_20_1400 1.000000
prev {'d': 0.4370439750988919, 'e': 0.30690277645331415, 'f': 1.6589714866028722, 'g': 1.1880970074879151}
Starting ML Fit
Box_n50_20_1400
       message: Optimization terminated successfully.
       success: True
        status: 0
           fun: 105.19529471346982
             x: [ 4.308e-01  3.088e-01  1.657e+00  1.186e+00]
           nit: 60
          nfev: 110
 final_simplex: (array([[ 4.308e-01,  3.088e-01,  1.657e+00,  1.186e+00],
                       [ 4.308e-01,  3.088e-01,  1.657e+00,  1.186e+00],
                       ...,
                       [ 4.308e-01,  3.088e-01,  1.657e+00,  1.186e+00],
                       [ 4.308e-01,  3.088e-01,  1.657e+00,  1.186e+00]]), array([ 1.052e+02,  1.052e+02,  1.052e+02,  1.052e+02,
                        1.052e+02]))
   param_names: ['d', 'e', 'f', 'g']
[0.43081761 0.30879756 1.65661545 1.18563438]
{'d': 0.4308176080507521, 'e': 0.30879755755308086, 'f': 1.6566154461097642, 'g': 1.1856343788646795}
Previous:  {'d': 0.4370439750988919, 'e': 0.30690277645331415, 'f': 1.6589714866028722, 'g': 1.1880970074879151}
python -u fit_individ_iter.py Box_n50_20_1400 0.866399 Box_n50_20_1400 0.953321
prev {'d': 0.4308176080507521, 'e': 0.30879755755308086, 'f': 1.6566154461097642, 'g': 1.1856343788646795}
Starting ML Fit
Box_n50_20_1400
       message: Optimization terminated successfully.
       success: True
        status: 0
           fun: 103.92989132212637
             x: [ 4.188e-01  3.106e-01  1.654e+00  1.182e+00]
           nit: 77
          nfev: 137
 final_simplex: (array([[ 4.188e-01,  3.106e-01,  1.654e+00,  1.182e+00],
                       [ 4.188e-01,  3.107e-01,  1.654e+00,  1.182e+00],
                       ...,
                       [ 4.188e-01,  3.106e-01,  1.654e+00,  1.182e+00],
                       [ 4.188e-01,  3.107e-01,  1.654e+00,  1.181e+00]]), array([ 1.039e+02,  1.039e+02,  1.039e+02,  1.039e+02,
                        1.039e+02]))
   param_names: ['d', 'e', 'f', 'g']
[0.41880938 0.31064085 1.65422264 1.1815565 ]
{'d': 0.4188093832035717, 'e': 0.31064084932767566, 'f': 1.6542226376635327, 'g': 1.1815565003721744}
Previous:  {'d': 0.4308176080507521, 'e': 0.30879755755308086, 'f': 1.6566154461097642, 'g': 1.1856343788646795}
python -u fit_individ_iter.py Box_n50_20_1400 0.787402 Box_n50_20_1400 0.866399
prev {'d': 0.4188093832035717, 'e': 0.31064084932767566, 'f': 1.6542226376635327, 'g': 1.1815565003721744}
Starting ML Fit
Box_n50_20_1400
       message: Optimization terminated successfully.
       success: True
        status: 0
           fun: 101.40360321692329
             x: [ 4.077e-01  3.121e-01  1.652e+00  1.177e+00]
           nit: 100
          nfev: 173
 final_simplex: (array([[ 4.077e-01,  3.121e-01,  1.652e+00,  1.177e+00],
                       [ 4.077e-01,  3.121e-01,  1.652e+00,  1.177e+00],
                       ...,
                       [ 4.077e-01,  3.121e-01,  1.652e+00,  1.177e+00],
                       [ 4.077e-01,  3.121e-01,  1.652e+00,  1.177e+00]]), array([ 1.014e+02,  1.014e+02,  1.014e+02,  1.014e+02,
                        1.014e+02]))
   param_names: ['d', 'e', 'f', 'g']
[0.40774734 0.31210562 1.65223923 1.17729291]
{'d': 0.4077473370885648, 'e': 0.312105619246665, 'f': 1.652239230606355, 'g': 1.1772929123972706}
Previous:  {'d': 0.4188093832035717, 'e': 0.31064084932767566, 'f': 1.6542226376635327, 'g': 1.1815565003721744}
python -u fit_individ_iter.py Box_n50_20_1400 0.715608 Box_n50_20_1400 0.787402
prev {'d': 0.4077473370885648, 'e': 0.312105619246665, 'f': 1.652239230606355, 'g': 1.1772929123972706}
Starting ML Fit
Box_n50_20_1400
       message: Optimization terminated successfully.
       success: True
        status: 0
           fun: 92.03347841480408
             x: [ 3.966e-01  3.128e-01  1.651e+00  1.171e+00]
           nit: 76
          nfev: 132
 final_simplex: (array([[ 3.966e-01,  3.128e-01,  1.651e+00,  1.171e+00],
                       [ 3.966e-01,  3.129e-01,  1.651e+00,  1.171e+00],
                       ...,
                       [ 3.966e-01,  3.128e-01,  1.651e+00,  1.171e+00],
                       [ 3.966e-01,  3.129e-01,  1.651e+00,  1.171e+00]]), array([ 9.203e+01,  9.203e+01,  9.203e+01,  9.203e+01,
                        9.203e+01]))
   param_names: ['d', 'e', 'f', 'g']
[0.39662767 0.31282979 1.65132702 1.17093445]
{'d': 0.39662767436768054, 'e': 0.3128297929895877, 'f': 1.6513270164016527, 'g': 1.1709344509139714}
Previous:  {'d': 0.4077473370885648, 'e': 0.312105619246665, 'f': 1.652239230606355, 'g': 1.1772929123972706}
python -u fit_individ_iter.py Box_n50_20_1400 0.650360 Box_n50_20_1400 0.715608
prev {'d': 0.39662767436768054, 'e': 0.3128297929895877, 'f': 1.6513270164016527, 'g': 1.1709344509139714}
Starting ML Fit
Box_n50_20_1400
       message: Optimization terminated successfully.
       success: True
        status: 0
           fun: 86.71610168279784
             x: [ 3.871e-01  3.133e-01  1.651e+00  1.168e+00]
           nit: 75
          nfev: 133
 final_simplex: (array([[ 3.871e-01,  3.133e-01,  1.651e+00,  1.168e+00],
                       [ 3.871e-01,  3.132e-01,  1.651e+00,  1.168e+00],
                       ...,
                       [ 3.871e-01,  3.133e-01,  1.651e+00,  1.168e+00],
                       [ 3.871e-01,  3.132e-01,  1.651e+00,  1.168e+00]]), array([ 8.672e+01,  8.672e+01,  8.672e+01,  8.672e+01,
                        8.672e+01]))
   param_names: ['d', 'e', 'f', 'g']
[0.38714273 0.3132681  1.6506308  1.16807415]
{'d': 0.38714273398776367, 'e': 0.31326810089175416, 'f': 1.6506308018880897, 'g': 1.1680741482752597}
Previous:  {'d': 0.39662767436768054, 'e': 0.3128297929895877, 'f': 1.6513270164016527, 'g': 1.1709344509139714}
python -u fit_individ_iter.py Box_n50_20_1400 0.620002 Box_n50_20_1400 0.650360
prev {'d': 0.38714273398776367, 'e': 0.31326810089175416, 'f': 1.6506308018880897, 'g': 1.1680741482752597}
Starting ML Fit
Box_n50_20_1400
       message: Optimization terminated successfully.
       success: True
        status: 0
           fun: 82.04305614670035
             x: [ 3.832e-01  3.136e-01  1.650e+00  1.167e+00]
           nit: 52
          nfev: 99
 final_simplex: (array([[ 3.832e-01,  3.136e-01,  1.650e+00,  1.167e+00],
                       [ 3.832e-01,  3.137e-01,  1.650e+00,  1.167e+00],
                       ...,
                       [ 3.832e-01,  3.135e-01,  1.650e+00,  1.167e+00],
                       [ 3.832e-01,  3.136e-01,  1.650e+00,  1.167e+00]]), array([ 8.204e+01,  8.204e+01,  8.204e+01,  8.204e+01,
                        8.204e+01]))
   param_names: ['d', 'e', 'f', 'g']
[0.38321011 0.31363217 1.65016208 1.16678514]
{'d': 0.3832101080595948, 'e': 0.31363216656783127, 'f': 1.6501620811391078, 'g': 1.1667851400030544}
Previous:  {'d': 0.38714273398776367, 'e': 0.31326810089175416, 'f': 1.6506308018880897, 'g': 1.1680741482752597}
python -u fit_individ_iter.py Box_n50_20_1400 0.591061 Box_n50_20_1400 0.620002
prev {'d': 0.3832101080595948, 'e': 0.31363216656783127, 'f': 1.6501620811391078, 'g': 1.1667851400030544}
Starting ML Fit
Box_n50_20_1400
       message: Optimization terminated successfully.
       success: True
        status: 0
           fun: 81.63701313934715
             x: [ 3.784e-01  3.136e-01  1.650e+00  1.164e+00]
           nit: 70
          nfev: 127
 final_simplex: (array([[ 3.784e-01,  3.136e-01,  1.650e+00,  1.164e+00],
                       [ 3.784e-01,  3.135e-01,  1.650e+00,  1.164e+00],
                       ...,
                       [ 3.784e-01,  3.136e-01,  1.650e+00,  1.164e+00],
                       [ 3.784e-01,  3.135e-01,  1.650e+00,  1.164e+00]]), array([ 8.164e+01,  8.164e+01,  8.164e+01,  8.164e+01,
                        8.164e+01]))
   param_names: ['d', 'e', 'f', 'g']
[0.37837335 0.31359385 1.65039173 1.1640435 ]
{'d': 0.37837335323653204, 'e': 0.31359384955953995, 'f': 1.6503917322251194, 'g': 1.164043497106214}
Previous:  {'d': 0.3832101080595948, 'e': 0.31363216656783127, 'f': 1.6501620811391078, 'g': 1.1667851400030544}
python -u fit_individ_iter.py Box_n50_20_1400 0.563471 Box_n50_20_1400 0.591061
prev {'d': 0.37837335323653204, 'e': 0.31359384955953995, 'f': 1.6503917322251194, 'g': 1.164043497106214}
Starting ML Fit
Box_n50_20_1400
       message: Optimization terminated successfully.
       success: True
        status: 0
           fun: 78.72843359098547
             x: [ 3.750e-01  3.135e-01  1.651e+00  1.164e+00]
           nit: 63
          nfev: 118
 final_simplex: (array([[ 3.750e-01,  3.135e-01,  1.651e+00,  1.164e+00],
                       [ 3.750e-01,  3.135e-01,  1.651e+00,  1.164e+00],
                       ...,
                       [ 3.750e-01,  3.135e-01,  1.651e+00,  1.164e+00],
                       [ 3.750e-01,  3.136e-01,  1.651e+00,  1.164e+00]]), array([ 7.873e+01,  7.873e+01,  7.873e+01,  7.873e+01,
                        7.873e+01]))
   param_names: ['d', 'e', 'f', 'g']
[0.37503269 0.31354011 1.65069316 1.16361701]
{'d': 0.37503269168105824, 'e': 0.313540114751607, 'f': 1.6506931553823923, 'g': 1.163617009438933}
Previous:  {'d': 0.37837335323653204, 'e': 0.31359384955953995, 'f': 1.6503917322251194, 'g': 1.164043497106214}
python -u fit_individ_iter.py Box_n50_20_1400 0.537169 Box_n50_20_1400 0.563471
prev {'d': 0.37503269168105824, 'e': 0.313540114751607, 'f': 1.6506931553823923, 'g': 1.163617009438933}
Starting ML Fit
Box_n50_20_1400
       message: Optimization terminated successfully.
       success: True
        status: 0
           fun: 75.52600635903721
             x: [ 3.716e-01  3.134e-01  1.651e+00  1.163e+00]
           nit: 55
          nfev: 101
 final_simplex: (array([[ 3.716e-01,  3.134e-01,  1.651e+00,  1.163e+00],
                       [ 3.716e-01,  3.135e-01,  1.651e+00,  1.163e+00],
                       ...,
                       [ 3.716e-01,  3.134e-01,  1.651e+00,  1.163e+00],
                       [ 3.716e-01,  3.135e-01,  1.651e+00,  1.163e+00]]), array([ 7.553e+01,  7.553e+01,  7.553e+01,  7.553e+01,
                        7.553e+01]))
   param_names: ['d', 'e', 'f', 'g']
[0.37160516 0.31343757 1.65119023 1.16272046]
{'d': 0.3716051608700096, 'e': 0.3134375677663917, 'f': 1.6511902281186135, 'g': 1.1627204593758873}
Previous:  {'d': 0.37503269168105824, 'e': 0.313540114751607, 'f': 1.6506931553823923, 'g': 1.163617009438933}
python -u fit_individ_iter.py Box_n50_20_1400 0.512095 Box_n50_20_1400 0.537169
prev {'d': 0.3716051608700096, 'e': 0.3134375677663917, 'f': 1.6511902281186135, 'g': 1.1627204593758873}
Starting ML Fit
Box_n50_20_1400
       message: Optimization terminated successfully.
       success: True
        status: 0
           fun: 79.3991920112228
             x: [ 3.676e-01  3.133e-01  1.652e+00  1.161e+00]
           nit: 75
          nfev: 133
 final_simplex: (array([[ 3.676e-01,  3.133e-01,  1.652e+00,  1.161e+00],
                       [ 3.676e-01,  3.133e-01,  1.652e+00,  1.161e+00],
                       ...,
                       [ 3.676e-01,  3.132e-01,  1.652e+00,  1.161e+00],
                       [ 3.676e-01,  3.133e-01,  1.652e+00,  1.161e+00]]), array([ 7.940e+01,  7.940e+01,  7.940e+01,  7.940e+01,
                        7.940e+01]))
   param_names: ['d', 'e', 'f', 'g']
[0.36759727 0.3132535  1.65165043 1.16052925]
{'d': 0.36759726695797523, 'e': 0.31325349907890515, 'f': 1.6516504325287764, 'g': 1.1605292545051795}
Previous:  {'d': 0.3716051608700096, 'e': 0.3134375677663917, 'f': 1.6511902281186135, 'g': 1.1627204593758873}
python -u fit_individ_iter.py Box_n50_20_1400 0.488191 Box_n50_20_1400 0.512095
prev {'d': 0.36759726695797523, 'e': 0.31325349907890515, 'f': 1.6516504325287764, 'g': 1.1605292545051795}
Starting ML Fit
Box_n50_20_1400
       message: Optimization terminated successfully.
       success: True
        status: 0
           fun: 71.21880218861399
             x: [ 3.632e-01  3.130e-01  1.652e+00  1.158e+00]
           nit: 55
          nfev: 102
 final_simplex: (array([[ 3.632e-01,  3.130e-01,  1.652e+00,  1.158e+00],
                       [ 3.632e-01,  3.129e-01,  1.652e+00,  1.158e+00],
                       ...,
                       [ 3.632e-01,  3.130e-01,  1.652e+00,  1.158e+00],
                       [ 3.632e-01,  3.129e-01,  1.653e+00,  1.158e+00]]), array([ 7.122e+01,  7.122e+01,  7.122e+01,  7.122e+01,
                        7.122e+01]))
   param_names: ['d', 'e', 'f', 'g']
[0.36319278 0.31296206 1.65245556 1.15761441]
{'d': 0.36319278369320146, 'e': 0.31296205510342623, 'f': 1.6524555573325292, 'g': 1.1576144095733656}
Previous:  {'d': 0.36759726695797523, 'e': 0.31325349907890515, 'f': 1.6516504325287764, 'g': 1.1605292545051795}
python -u fit_individ_iter.py Box_n50_20_1400 0.403224 Box_n50_20_1400 0.488191
prev {'d': 0.36319278369320146, 'e': 0.31296205510342623, 'f': 1.6524555573325292, 'g': 1.1576144095733656}
Starting ML Fit
Box_n50_20_1400
       message: Optimization terminated successfully.
       success: True
        status: 0
           fun: 56.672966884989215
             x: [ 3.582e-01  3.129e-01  1.653e+00  1.161e+00]
           nit: 68
          nfev: 123
 final_simplex: (array([[ 3.582e-01,  3.129e-01,  1.653e+00,  1.161e+00],
                       [ 3.582e-01,  3.129e-01,  1.653e+00,  1.161e+00],
                       ...,
                       [ 3.582e-01,  3.129e-01,  1.653e+00,  1.161e+00],
                       [ 3.582e-01,  3.128e-01,  1.653e+00,  1.161e+00]]), array([ 5.667e+01,  5.667e+01,  5.667e+01,  5.667e+01,
                        5.667e+01]))
   param_names: ['d', 'e', 'f', 'g']
[0.3581921  0.31288129 1.65265672 1.16095311]
{'d': 0.3581921041229194, 'e': 0.3128812870775559, 'f': 1.6526567225388376, 'g': 1.1609531090208396}
Previous:  {'d': 0.36319278369320146, 'e': 0.31296205510342623, 'f': 1.6524555573325292, 'g': 1.1576144095733656}
python -u fit_individ_iter.py Box_n50_20_1400 0.366459 Box_n50_20_1400 0.403224
prev {'d': 0.3581921041229194, 'e': 0.3128812870775559, 'f': 1.6526567225388376, 'g': 1.1609531090208396}
Starting ML Fit
Box_n50_20_1400
       message: Optimization terminated successfully.
       success: True
        status: 0
           fun: 47.81594024874833
             x: [ 3.579e-01  3.129e-01  1.653e+00  1.164e+00]
           nit: 59
          nfev: 109
 final_simplex: (array([[ 3.579e-01,  3.129e-01,  1.653e+00,  1.164e+00],
                       [ 3.579e-01,  3.128e-01,  1.653e+00,  1.164e+00],
                       ...,
                       [ 3.579e-01,  3.128e-01,  1.653e+00,  1.164e+00],
                       [ 3.579e-01,  3.129e-01,  1.653e+00,  1.164e+00]]), array([ 4.782e+01,  4.782e+01,  4.782e+01,  4.782e+01,
                        4.782e+01]))
   param_names: ['d', 'e', 'f', 'g']
[0.35793795 0.31287736 1.65273572 1.1638159 ]
{'d': 0.357937949426412, 'e': 0.3128773557632132, 'f': 1.6527357180812516, 'g': 1.1638159043411438}
Previous:  {'d': 0.3581921041229194, 'e': 0.3128812870775559, 'f': 1.6526567225388376, 'g': 1.1609531090208396}
