Curr: Box54_1400, Prev: Box49_1400
alist [1.0, 0.953321, 0.866399, 0.787402, 0.715608, 0.65036, 0.620002, 0.591061, 0.563471, 0.537169, 0.512095, 0.488191, 0.403224, 0.366459]
python -u fit_individ_iter.py Box54_1400 1.000000 Box49_1400 1.000000
prev {'d': 0.41561750763753, 'e': 0.35703799143683446, 'f': 1.8022389692796885, 'g': 1.138434521093606}
Starting ML Fit
Box54_1400
       message: Optimization terminated successfully.
       success: True
        status: 0
           fun: 89.4418673029655
             x: [ 4.123e-01  3.661e-01  1.781e+00  1.156e+00]
           nit: 152
          nfev: 264
 final_simplex: (array([[ 4.123e-01,  3.661e-01,  1.781e+00,  1.156e+00],
                       [ 4.123e-01,  3.661e-01,  1.781e+00,  1.156e+00],
                       ...,
                       [ 4.123e-01,  3.661e-01,  1.781e+00,  1.156e+00],
                       [ 4.123e-01,  3.662e-01,  1.781e+00,  1.156e+00]]), array([ 8.944e+01,  8.944e+01,  8.944e+01,  8.944e+01,
                        8.944e+01]))
   param_names: ['d', 'e', 'f', 'g']
[0.41229511 0.36609613 1.78070413 1.15569548]
{'d': 0.4122951136220738, 'e': 0.36609612723740803, 'f': 1.7807041254798377, 'g': 1.1556954838979743}
Previous:  {'d': 0.41561750763753, 'e': 0.35703799143683446, 'f': 1.8022389692796885, 'g': 1.138434521093606}
python -u fit_individ_iter.py Box54_1400 0.953321 Box54_1400 1.000000
prev {'d': 0.4122951136220738, 'e': 0.36609612723740803, 'f': 1.7807041254798377, 'g': 1.1556954838979743}
Starting ML Fit
Box54_1400
       message: Optimization terminated successfully.
       success: True
        status: 0
           fun: 82.95728484333011
             x: [ 4.071e-01  3.783e-01  1.756e+00  1.149e+00]
           nit: 111
          nfev: 192
 final_simplex: (array([[ 4.071e-01,  3.783e-01,  1.756e+00,  1.149e+00],
                       [ 4.071e-01,  3.783e-01,  1.756e+00,  1.149e+00],
                       ...,
                       [ 4.071e-01,  3.783e-01,  1.756e+00,  1.149e+00],
                       [ 4.071e-01,  3.782e-01,  1.756e+00,  1.149e+00]]), array([ 8.296e+01,  8.296e+01,  8.296e+01,  8.296e+01,
                        8.296e+01]))
   param_names: ['d', 'e', 'f', 'g']
[0.40713427 0.37825417 1.75640654 1.14884956]
{'d': 0.4071342704665064, 'e': 0.37825416793459554, 'f': 1.7564065384321532, 'g': 1.148849564499067}
Previous:  {'d': 0.4122951136220738, 'e': 0.36609612723740803, 'f': 1.7807041254798377, 'g': 1.1556954838979743}
python -u fit_individ_iter.py Box54_1400 0.866399 Box54_1400 0.953321
prev {'d': 0.4071342704665064, 'e': 0.37825416793459554, 'f': 1.7564065384321532, 'g': 1.148849564499067}
Starting ML Fit
Box54_1400
       message: Optimization terminated successfully.
       success: True
        status: 0
           fun: 87.42385763303348
             x: [ 3.915e-01  3.760e-01  1.773e+00  1.150e+00]
           nit: 132
          nfev: 227
 final_simplex: (array([[ 3.915e-01,  3.760e-01,  1.773e+00,  1.150e+00],
                       [ 3.915e-01,  3.760e-01,  1.773e+00,  1.150e+00],
                       ...,
                       [ 3.915e-01,  3.759e-01,  1.773e+00,  1.150e+00],
                       [ 3.916e-01,  3.760e-01,  1.772e+00,  1.150e+00]]), array([ 8.742e+01,  8.742e+01,  8.742e+01,  8.742e+01,
                        8.742e+01]))
   param_names: ['d', 'e', 'f', 'g']
[0.39154832 0.37597906 1.772563   1.14961684]
{'d': 0.39154832400912665, 'e': 0.37597906073064763, 'f': 1.772562997943532, 'g': 1.1496168396367787}
Previous:  {'d': 0.4071342704665064, 'e': 0.37825416793459554, 'f': 1.7564065384321532, 'g': 1.148849564499067}
python -u fit_individ_iter.py Box54_1400 0.787402 Box54_1400 0.866399
prev {'d': 0.39154832400912665, 'e': 0.37597906073064763, 'f': 1.772562997943532, 'g': 1.1496168396367787}
Starting ML Fit
Box54_1400
       message: Optimization terminated successfully.
       success: True
        status: 0
           fun: 78.57888600429688
             x: [ 3.742e-01  3.580e-01  1.820e+00  1.156e+00]
           nit: 135
          nfev: 231
 final_simplex: (array([[ 3.742e-01,  3.580e-01,  1.820e+00,  1.156e+00],
                       [ 3.741e-01,  3.580e-01,  1.820e+00,  1.156e+00],
                       ...,
                       [ 3.742e-01,  3.580e-01,  1.820e+00,  1.156e+00],
                       [ 3.742e-01,  3.581e-01,  1.820e+00,  1.156e+00]]), array([ 7.858e+01,  7.858e+01,  7.858e+01,  7.858e+01,
                        7.858e+01]))
   param_names: ['d', 'e', 'f', 'g']
[0.37415376 0.35802216 1.82026489 1.15592997]
{'d': 0.3741537563512616, 'e': 0.358022155231816, 'f': 1.820264890271283, 'g': 1.1559299657246223}
Previous:  {'d': 0.39154832400912665, 'e': 0.37597906073064763, 'f': 1.772562997943532, 'g': 1.1496168396367787}
python -u fit_individ_iter.py Box54_1400 0.715608 Box54_1400 0.787402
prev {'d': 0.3741537563512616, 'e': 0.358022155231816, 'f': 1.820264890271283, 'g': 1.1559299657246223}
Starting ML Fit
Box54_1400
       message: Optimization terminated successfully.
       success: True
        status: 0
           fun: 72.44297593667002
             x: [ 3.601e-01  3.423e-01  1.866e+00  1.165e+00]
           nit: 136
          nfev: 230
 final_simplex: (array([[ 3.601e-01,  3.423e-01,  1.866e+00,  1.165e+00],
                       [ 3.601e-01,  3.424e-01,  1.866e+00,  1.165e+00],
                       ...,
                       [ 3.601e-01,  3.423e-01,  1.866e+00,  1.165e+00],
                       [ 3.601e-01,  3.424e-01,  1.866e+00,  1.165e+00]]), array([ 7.244e+01,  7.244e+01,  7.244e+01,  7.244e+01,
                        7.244e+01]))
   param_names: ['d', 'e', 'f', 'g']
[0.36008297 0.34227066 1.86577395 1.16451826]
{'d': 0.3600829727768294, 'e': 0.3422706565228161, 'f': 1.8657739547073948, 'g': 1.1645182647189984}
Previous:  {'d': 0.3741537563512616, 'e': 0.358022155231816, 'f': 1.820264890271283, 'g': 1.1559299657246223}
python -u fit_individ_iter.py Box54_1400 0.650360 Box54_1400 0.715608
prev {'d': 0.3600829727768294, 'e': 0.3422706565228161, 'f': 1.8657739547073948, 'g': 1.1645182647189984}
Starting ML Fit
Box54_1400
       message: Optimization terminated successfully.
       success: True
        status: 0
           fun: 69.67295003511511
             x: [ 3.466e-01  3.230e-01  1.916e+00  1.175e+00]
           nit: 135
          nfev: 225
 final_simplex: (array([[ 3.466e-01,  3.230e-01,  1.916e+00,  1.175e+00],
                       [ 3.466e-01,  3.229e-01,  1.916e+00,  1.175e+00],
                       ...,
                       [ 3.466e-01,  3.229e-01,  1.916e+00,  1.175e+00],
                       [ 3.466e-01,  3.229e-01,  1.916e+00,  1.175e+00]]), array([ 6.967e+01,  6.967e+01,  6.967e+01,  6.967e+01,
                        6.967e+01]))
   param_names: ['d', 'e', 'f', 'g']
[0.34660287 0.32295713 1.91639125 1.17457933]
{'d': 0.34660287380524135, 'e': 0.32295713026833905, 'f': 1.9163912525799711, 'g': 1.174579330597001}
Previous:  {'d': 0.3600829727768294, 'e': 0.3422706565228161, 'f': 1.8657739547073948, 'g': 1.1645182647189984}
python -u fit_individ_iter.py Box54_1400 0.620002 Box54_1400 0.650360
prev {'d': 0.34660287380524135, 'e': 0.32295713026833905, 'f': 1.9163912525799711, 'g': 1.174579330597001}
Starting ML Fit
Box54_1400
       message: Optimization terminated successfully.
       success: True
        status: 0
           fun: 65.0480037775544
             x: [ 3.372e-01  3.067e-01  1.958e+00  1.180e+00]
           nit: 115
          nfev: 209
 final_simplex: (array([[ 3.372e-01,  3.067e-01,  1.958e+00,  1.180e+00],
                       [ 3.372e-01,  3.067e-01,  1.958e+00,  1.180e+00],
                       ...,
                       [ 3.372e-01,  3.067e-01,  1.958e+00,  1.180e+00],
                       [ 3.372e-01,  3.068e-01,  1.958e+00,  1.180e+00]]), array([ 6.505e+01,  6.505e+01,  6.505e+01,  6.505e+01,
                        6.505e+01]))
   param_names: ['d', 'e', 'f', 'g']
[0.33718703 0.30673675 1.95803514 1.17969999]
{'d': 0.3371870347264533, 'e': 0.3067367465238417, 'f': 1.9580351397030697, 'g': 1.1796999862775546}
Previous:  {'d': 0.34660287380524135, 'e': 0.32295713026833905, 'f': 1.9163912525799711, 'g': 1.174579330597001}
python -u fit_individ_iter.py Box54_1400 0.591061 Box54_1400 0.620002
prev {'d': 0.3371870347264533, 'e': 0.3067367465238417, 'f': 1.9580351397030697, 'g': 1.1796999862775546}
Starting ML Fit
Box54_1400
       message: Optimization terminated successfully.
       success: True
        status: 0
           fun: 62.50958495025894
             x: [ 3.291e-01  2.889e-01  2.002e+00  1.187e+00]
           nit: 123
          nfev: 216
 final_simplex: (array([[ 3.291e-01,  2.889e-01,  2.002e+00,  1.187e+00],
                       [ 3.291e-01,  2.890e-01,  2.002e+00,  1.187e+00],
                       ...,
                       [ 3.291e-01,  2.889e-01,  2.002e+00,  1.187e+00],
                       [ 3.291e-01,  2.890e-01,  2.002e+00,  1.187e+00]]), array([ 6.251e+01,  6.251e+01,  6.251e+01,  6.251e+01,
                        6.251e+01]))
   param_names: ['d', 'e', 'f', 'g']
[0.32908946 0.28891064 2.00152442 1.18698141]
{'d': 0.32908945961002367, 'e': 0.2889106378840506, 'f': 2.001524423287336, 'g': 1.1869814056711947}
Previous:  {'d': 0.3371870347264533, 'e': 0.3067367465238417, 'f': 1.9580351397030697, 'g': 1.1796999862775546}
python -u fit_individ_iter.py Box54_1400 0.563471 Box54_1400 0.591061
prev {'d': 0.32908945961002367, 'e': 0.2889106378840506, 'f': 2.001524423287336, 'g': 1.1869814056711947}
Starting ML Fit
Box54_1400
       message: Optimization terminated successfully.
       success: True
        status: 0
           fun: 58.593720982721045
             x: [ 3.179e-01  2.666e-01  2.055e+00  1.193e+00]
           nit: 114
          nfev: 195
 final_simplex: (array([[ 3.179e-01,  2.666e-01,  2.055e+00,  1.193e+00],
                       [ 3.179e-01,  2.665e-01,  2.055e+00,  1.193e+00],
                       ...,
                       [ 3.179e-01,  2.665e-01,  2.055e+00,  1.193e+00],
                       [ 3.179e-01,  2.665e-01,  2.055e+00,  1.193e+00]]), array([ 5.859e+01,  5.859e+01,  5.859e+01,  5.859e+01,
                        5.859e+01]))
   param_names: ['d', 'e', 'f', 'g']
[0.31794181 0.26656777 2.05481597 1.19327734]
{'d': 0.3179418053186627, 'e': 0.2665677681573866, 'f': 2.0548159706416746, 'g': 1.193277337624083}
Previous:  {'d': 0.32908945961002367, 'e': 0.2889106378840506, 'f': 2.001524423287336, 'g': 1.1869814056711947}
python -u fit_individ_iter.py Box54_1400 0.537169 Box54_1400 0.563471
prev {'d': 0.3179418053186627, 'e': 0.2665677681573866, 'f': 2.0548159706416746, 'g': 1.193277337624083}
Starting ML Fit
Box54_1400
       message: Optimization terminated successfully.
       success: True
        status: 0
           fun: 50.66870260257866
             x: [ 3.118e-01  2.517e-01  2.091e+00  1.200e+00]
           nit: 87
          nfev: 158
 final_simplex: (array([[ 3.118e-01,  2.517e-01,  2.091e+00,  1.200e+00],
                       [ 3.118e-01,  2.517e-01,  2.091e+00,  1.200e+00],
                       ...,
                       [ 3.118e-01,  2.517e-01,  2.091e+00,  1.200e+00],
                       [ 3.118e-01,  2.517e-01,  2.091e+00,  1.200e+00]]), array([ 5.067e+01,  5.067e+01,  5.067e+01,  5.067e+01,
                        5.067e+01]))
   param_names: ['d', 'e', 'f', 'g']
[0.31175948 0.25166894 2.09127396 1.20049055]
{'d': 0.31175947656449254, 'e': 0.25166894424500896, 'f': 2.091273956642849, 'g': 1.2004905489680489}
Previous:  {'d': 0.3179418053186627, 'e': 0.2665677681573866, 'f': 2.0548159706416746, 'g': 1.193277337624083}
python -u fit_individ_iter.py Box54_1400 0.512095 Box54_1400 0.537169
prev {'d': 0.31175947656449254, 'e': 0.25166894424500896, 'f': 2.091273956642849, 'g': 1.2004905489680489}
Starting ML Fit
Box54_1400
       message: Optimization terminated successfully.
       success: True
        status: 0
           fun: 48.72170192035894
             x: [ 2.983e-01  2.320e-01  2.140e+00  1.202e+00]
           nit: 141
          nfev: 246
 final_simplex: (array([[ 2.983e-01,  2.320e-01,  2.140e+00,  1.202e+00],
                       [ 2.984e-01,  2.321e-01,  2.140e+00,  1.202e+00],
                       ...,
                       [ 2.984e-01,  2.320e-01,  2.140e+00,  1.202e+00],
                       [ 2.983e-01,  2.320e-01,  2.140e+00,  1.202e+00]]), array([ 4.872e+01,  4.872e+01,  4.872e+01,  4.872e+01,
                        4.872e+01]))
   param_names: ['d', 'e', 'f', 'g']
[0.29834698 0.2319804  2.13979983 1.20245533]
{'d': 0.2983469804240819, 'e': 0.2319803958986352, 'f': 2.139799827436665, 'g': 1.2024553334694925}
Previous:  {'d': 0.31175947656449254, 'e': 0.25166894424500896, 'f': 2.091273956642849, 'g': 1.2004905489680489}
python -u fit_individ_iter.py Box54_1400 0.488191 Box54_1400 0.512095
prev {'d': 0.2983469804240819, 'e': 0.2319803958986352, 'f': 2.139799827436665, 'g': 1.2024553334694925}
Starting ML Fit
Box54_1400
       message: Optimization terminated successfully.
       success: True
        status: 0
           fun: 41.46331994563633
             x: [ 3.050e-01  2.236e-01  2.155e+00  1.219e+00]
           nit: 101
          nfev: 179
 final_simplex: (array([[ 3.050e-01,  2.236e-01,  2.155e+00,  1.219e+00],
                       [ 3.050e-01,  2.237e-01,  2.155e+00,  1.219e+00],
                       ...,
                       [ 3.050e-01,  2.236e-01,  2.155e+00,  1.219e+00],
                       [ 3.050e-01,  2.237e-01,  2.155e+00,  1.219e+00]]), array([ 4.146e+01,  4.146e+01,  4.146e+01,  4.146e+01,
                        4.146e+01]))
   param_names: ['d', 'e', 'f', 'g']
[0.30501432 0.22360712 2.15523361 1.21878125]
{'d': 0.30501432478495966, 'e': 0.22360711561358942, 'f': 2.1552336069721107, 'g': 1.2187812497115489}
Previous:  {'d': 0.2983469804240819, 'e': 0.2319803958986352, 'f': 2.139799827436665, 'g': 1.2024553334694925}
python -u fit_individ_iter.py Box54_1400 0.403224 Box54_1400 0.488191
prev {'d': 0.30501432478495966, 'e': 0.22360711561358942, 'f': 2.1552336069721107, 'g': 1.2187812497115489}
Starting ML Fit
Box54_1400
       message: Optimization terminated successfully.
       success: True
        status: 0
           fun: 30.437697019978444
             x: [ 2.802e-01  2.273e-01  2.156e+00  1.204e+00]
           nit: 130
          nfev: 218
 final_simplex: (array([[ 2.802e-01,  2.273e-01,  2.156e+00,  1.204e+00],
                       [ 2.802e-01,  2.273e-01,  2.156e+00,  1.204e+00],
                       ...,
                       [ 2.802e-01,  2.273e-01,  2.156e+00,  1.204e+00],
                       [ 2.802e-01,  2.273e-01,  2.156e+00,  1.204e+00]]), array([ 3.044e+01,  3.044e+01,  3.044e+01,  3.044e+01,
                        3.044e+01]))
   param_names: ['d', 'e', 'f', 'g']
[0.28023648 0.22732275 2.15614412 1.20436834]
{'d': 0.28023648071070617, 'e': 0.22732275241609173, 'f': 2.1561441163987856, 'g': 1.2043683442446804}
Previous:  {'d': 0.30501432478495966, 'e': 0.22360711561358942, 'f': 2.1552336069721107, 'g': 1.2187812497115489}
python -u fit_individ_iter.py Box54_1400 0.366459 Box54_1400 0.403224
prev {'d': 0.28023648071070617, 'e': 0.22732275241609173, 'f': 2.1561441163987856, 'g': 1.2043683442446804}
Starting ML Fit
Box54_1400
       message: Optimization terminated successfully.
       success: True
        status: 0
           fun: 17.586686682461615
             x: [ 2.791e-01  2.276e-01  2.156e+00  1.206e+00]
           nit: 95
          nfev: 169
 final_simplex: (array([[ 2.791e-01,  2.276e-01,  2.156e+00,  1.206e+00],
                       [ 2.790e-01,  2.275e-01,  2.156e+00,  1.206e+00],
                       ...,
                       [ 2.791e-01,  2.276e-01,  2.156e+00,  1.206e+00],
                       [ 2.790e-01,  2.275e-01,  2.156e+00,  1.206e+00]]), array([ 1.759e+01,  1.759e+01,  1.759e+01,  1.759e+01,
                        1.759e+01]))
   param_names: ['d', 'e', 'f', 'g']
[0.2790526  0.22759183 2.15598476 1.20573769]
{'d': 0.27905259821507394, 'e': 0.22759182633312958, 'f': 2.1559847588798795, 'g': 1.205737688627126}
Previous:  {'d': 0.28023648071070617, 'e': 0.22732275241609173, 'f': 2.1561441163987856, 'g': 1.2043683442446804}
