Curr: Box49_1400, Prev: Box47_1400
alist [1.0, 0.953321, 0.866399, 0.787402, 0.715608, 0.65036, 0.620002, 0.591061, 0.563471, 0.537169, 0.512095, 0.488191, 0.403224, 0.366459]
python -u fit_individ_iter.py Box49_1400 1.000000 Box47_1400 1.000000
prev {'d': 0.48964089817821466, 'e': 1.1546981646166394, 'f': 2.261338436293877, 'g': 1.1851723630241964}
Starting ML Fit
Box49_1400
       message: Optimization terminated successfully.
       success: True
        status: 0
           fun: 6026.266842221592
             x: [ 5.021e-01  1.158e+00  2.260e+00  1.187e+00]
           nit: 124
          nfev: 207
 final_simplex: (array([[ 5.021e-01,  1.158e+00,  2.260e+00,  1.187e+00],
                       [ 5.021e-01,  1.158e+00,  2.260e+00,  1.187e+00],
                       ...,
                       [ 5.021e-01,  1.158e+00,  2.260e+00,  1.187e+00],
                       [ 5.021e-01,  1.158e+00,  2.260e+00,  1.187e+00]]), array([ 6.026e+03,  6.026e+03,  6.026e+03,  6.026e+03,
                        6.026e+03]))
   param_names: ['d', 'e', 'f', 'g']
[0.50208951 1.15784067 2.26018883 1.186808  ]
{'d': 0.5020895147485794, 'e': 1.1578406742831162, 'f': 2.260188831258361, 'g': 1.186807995636158}
Previous:  {'d': 0.48964089817821466, 'e': 1.1546981646166394, 'f': 2.261338436293877, 'g': 1.1851723630241964}
python -u fit_individ_iter.py Box49_1400 0.953321 Box49_1400 1.000000
prev {'d': 0.5020895147485794, 'e': 1.1578406742831162, 'f': 2.260188831258361, 'g': 1.186807995636158}
Starting ML Fit
Box49_1400
       message: Optimization terminated successfully.
       success: True
        status: 0
           fun: 6196.900312429743
             x: [ 4.946e-01  1.157e+00  2.260e+00  1.187e+00]
           nit: 81
          nfev: 149
 final_simplex: (array([[ 4.946e-01,  1.157e+00,  2.260e+00,  1.187e+00],
                       [ 4.946e-01,  1.157e+00,  2.260e+00,  1.187e+00],
                       ...,
                       [ 4.946e-01,  1.157e+00,  2.260e+00,  1.187e+00],
                       [ 4.946e-01,  1.157e+00,  2.260e+00,  1.187e+00]]), array([ 6.197e+03,  6.197e+03,  6.197e+03,  6.197e+03,
                        6.197e+03]))
   param_names: ['d', 'e', 'f', 'g']
[0.49457887 1.1574118  2.26046099 1.18680728]
{'d': 0.494578866788977, 'e': 1.1574118021269104, 'f': 2.2604609906275304, 'g': 1.1868072789000312}
Previous:  {'d': 0.5020895147485794, 'e': 1.1578406742831162, 'f': 2.260188831258361, 'g': 1.186807995636158}
python -u fit_individ_iter.py Box49_1400 0.866399 Box49_1400 0.953321
prev {'d': 0.494578866788977, 'e': 1.1574118021269104, 'f': 2.2604609906275304, 'g': 1.1868072789000312}
Starting ML Fit
Box49_1400
       message: Optimization terminated successfully.
       success: True
        status: 0
           fun: 4687.738762455543
             x: [ 4.791e-01  1.158e+00  2.261e+00  1.187e+00]
           nit: 104
          nfev: 186
 final_simplex: (array([[ 4.791e-01,  1.158e+00,  2.261e+00,  1.187e+00],
                       [ 4.791e-01,  1.158e+00,  2.261e+00,  1.187e+00],
                       ...,
                       [ 4.791e-01,  1.158e+00,  2.261e+00,  1.187e+00],
                       [ 4.791e-01,  1.158e+00,  2.261e+00,  1.187e+00]]), array([ 4.688e+03,  4.688e+03,  4.688e+03,  4.688e+03,
                        4.688e+03]))
   param_names: ['d', 'e', 'f', 'g']
[0.4790738  1.15776504 2.26066967 1.18700471]
{'d': 0.47907380403271527, 'e': 1.1577650440887006, 'f': 2.260669665582567, 'g': 1.1870047073651455}
Previous:  {'d': 0.494578866788977, 'e': 1.1574118021269104, 'f': 2.2604609906275304, 'g': 1.1868072789000312}
python -u fit_individ_iter.py Box49_1400 0.787402 Box49_1400 0.866399
prev {'d': 0.47907380403271527, 'e': 1.1577650440887006, 'f': 2.260669665582567, 'g': 1.1870047073651455}
Starting ML Fit
Box49_1400
       message: Optimization terminated successfully.
       success: True
        status: 0
           fun: 3097.0585202793413
             x: [ 4.626e-01  1.157e+00  2.261e+00  1.186e+00]
           nit: 100
          nfev: 175
 final_simplex: (array([[ 4.626e-01,  1.157e+00,  2.261e+00,  1.186e+00],
                       [ 4.626e-01,  1.157e+00,  2.261e+00,  1.186e+00],
                       ...,
                       [ 4.626e-01,  1.157e+00,  2.261e+00,  1.186e+00],
                       [ 4.626e-01,  1.157e+00,  2.261e+00,  1.186e+00]]), array([ 3.097e+03,  3.097e+03,  3.097e+03,  3.097e+03,
                        3.097e+03]))
   param_names: ['d', 'e', 'f', 'g']
[0.46257925 1.15735863 2.26124565 1.18623046]
{'d': 0.46257925432538183, 'e': 1.157358631412425, 'f': 2.2612456498412854, 'g': 1.186230460531824}
Previous:  {'d': 0.47907380403271527, 'e': 1.1577650440887006, 'f': 2.260669665582567, 'g': 1.1870047073651455}
python -u fit_individ_iter.py Box49_1400 0.715608 Box49_1400 0.787402
prev {'d': 0.46257925432538183, 'e': 1.157358631412425, 'f': 2.2612456498412854, 'g': 1.186230460531824}
Starting ML Fit
Box49_1400
       message: Optimization terminated successfully.
       success: True
        status: 0
           fun: 1473.042694917846
             x: [ 4.495e-01  1.158e+00  2.261e+00  1.186e+00]
           nit: 108
          nfev: 184
 final_simplex: (array([[ 4.495e-01,  1.158e+00,  2.261e+00,  1.186e+00],
                       [ 4.495e-01,  1.158e+00,  2.261e+00,  1.186e+00],
                       ...,
                       [ 4.495e-01,  1.158e+00,  2.261e+00,  1.186e+00],
                       [ 4.495e-01,  1.158e+00,  2.261e+00,  1.186e+00]]), array([ 1.473e+03,  1.473e+03,  1.473e+03,  1.473e+03,
                        1.473e+03]))
   param_names: ['d', 'e', 'f', 'g']
[0.44949772 1.15797542 2.26130304 1.18644332]
{'d': 0.4494977238210985, 'e': 1.1579754206475026, 'f': 2.2613030360616753, 'g': 1.1864433153955556}
Previous:  {'d': 0.46257925432538183, 'e': 1.157358631412425, 'f': 2.2612456498412854, 'g': 1.186230460531824}
python -u fit_individ_iter.py Box49_1400 0.650360 Box49_1400 0.715608
prev {'d': 0.4494977238210985, 'e': 1.1579754206475026, 'f': 2.2613030360616753, 'g': 1.1864433153955556}
Starting ML Fit
Box49_1400
       message: Optimization terminated successfully.
       success: True
        status: 0
           fun: 2541.5747726449094
             x: [ 4.417e-01  1.161e+00  2.260e+00  1.191e+00]
           nit: 89
          nfev: 161
 final_simplex: (array([[ 4.417e-01,  1.161e+00,  2.260e+00,  1.191e+00],
                       [ 4.417e-01,  1.161e+00,  2.260e+00,  1.191e+00],
                       ...,
                       [ 4.417e-01,  1.161e+00,  2.260e+00,  1.191e+00],
                       [ 4.417e-01,  1.161e+00,  2.260e+00,  1.191e+00]]), array([ 2.542e+03,  2.542e+03,  2.542e+03,  2.542e+03,
                        2.542e+03]))
   param_names: ['d', 'e', 'f', 'g']
[0.44169633 1.16065029 2.26049932 1.19119002]
{'d': 0.4416963283522484, 'e': 1.160650292796443, 'f': 2.2604993240116156, 'g': 1.1911900165797287}
Previous:  {'d': 0.4494977238210985, 'e': 1.1579754206475026, 'f': 2.2613030360616753, 'g': 1.1864433153955556}
python -u fit_individ_iter.py Box49_1400 0.620002 Box49_1400 0.650360
prev {'d': 0.4416963283522484, 'e': 1.160650292796443, 'f': 2.2604993240116156, 'g': 1.1911900165797287}
Starting ML Fit
Box49_1400
       message: Optimization terminated successfully.
       success: True
        status: 0
           fun: 1635.6022610200516
             x: [ 4.315e-01  1.163e+00  2.260e+00  1.187e+00]
           nit: 92
          nfev: 166
 final_simplex: (array([[ 4.315e-01,  1.163e+00,  2.260e+00,  1.187e+00],
                       [ 4.315e-01,  1.163e+00,  2.260e+00,  1.187e+00],
                       ...,
                       [ 4.315e-01,  1.163e+00,  2.260e+00,  1.187e+00],
                       [ 4.315e-01,  1.163e+00,  2.260e+00,  1.187e+00]]), array([ 1.636e+03,  1.636e+03,  1.636e+03,  1.636e+03,
                        1.636e+03]))
   param_names: ['d', 'e', 'f', 'g']
[0.4314816  1.16254524 2.25998828 1.18737648]
{'d': 0.4314816044231622, 'e': 1.1625452407019479, 'f': 2.259988275173114, 'g': 1.1873764774976383}
Previous:  {'d': 0.4416963283522484, 'e': 1.160650292796443, 'f': 2.2604993240116156, 'g': 1.1911900165797287}
python -u fit_individ_iter.py Box49_1400 0.591061 Box49_1400 0.620002
prev {'d': 0.4314816044231622, 'e': 1.1625452407019479, 'f': 2.259988275173114, 'g': 1.1873764774976383}
Starting ML Fit
Box49_1400
       message: Optimization terminated successfully.
       success: True
        status: 0
           fun: 2494.8003669685577
             x: [ 4.248e-01  1.164e+00  2.260e+00  1.187e+00]
           nit: 75
          nfev: 134
 final_simplex: (array([[ 4.248e-01,  1.164e+00,  2.260e+00,  1.187e+00],
                       [ 4.248e-01,  1.164e+00,  2.260e+00,  1.187e+00],
                       ...,
                       [ 4.248e-01,  1.164e+00,  2.260e+00,  1.187e+00],
                       [ 4.248e-01,  1.164e+00,  2.260e+00,  1.187e+00]]), array([ 2.495e+03,  2.495e+03,  2.495e+03,  2.495e+03,
                        2.495e+03]))
   param_names: ['d', 'e', 'f', 'g']
[0.42482715 1.16399277 2.2596005  1.18737269]
{'d': 0.4248271531175694, 'e': 1.1639927746488214, 'f': 2.2596005008472146, 'g': 1.1873726899907013}
Previous:  {'d': 0.4314816044231622, 'e': 1.1625452407019479, 'f': 2.259988275173114, 'g': 1.1873764774976383}
python -u fit_individ_iter.py Box49_1400 0.563471 Box49_1400 0.591061
prev {'d': 0.4248271531175694, 'e': 1.1639927746488214, 'f': 2.2596005008472146, 'g': 1.1873726899907013}
Starting ML Fit
Box49_1400
       message: Optimization terminated successfully.
       success: True
        status: 0
           fun: 3767.9882744862593
             x: [ 4.200e-01  1.166e+00  2.259e+00  1.187e+00]
           nit: 80
          nfev: 145
 final_simplex: (array([[ 4.200e-01,  1.166e+00,  2.259e+00,  1.187e+00],
                       [ 4.200e-01,  1.166e+00,  2.259e+00,  1.187e+00],
                       ...,
                       [ 4.200e-01,  1.166e+00,  2.259e+00,  1.187e+00],
                       [ 4.200e-01,  1.166e+00,  2.259e+00,  1.187e+00]]), array([ 3.768e+03,  3.768e+03,  3.768e+03,  3.768e+03,
                        3.768e+03]))
   param_names: ['d', 'e', 'f', 'g']
[0.419964   1.16598819 2.25889584 1.18741054]
{'d': 0.41996400457601823, 'e': 1.1659881934161596, 'f': 2.258895839565838, 'g': 1.1874105398093273}
Previous:  {'d': 0.4248271531175694, 'e': 1.1639927746488214, 'f': 2.2596005008472146, 'g': 1.1873726899907013}
python -u fit_individ_iter.py Box49_1400 0.537169 Box49_1400 0.563471
prev {'d': 0.41996400457601823, 'e': 1.1659881934161596, 'f': 2.258895839565838, 'g': 1.1874105398093273}
Starting ML Fit
Box49_1400
       message: Optimization terminated successfully.
       success: True
        status: 0
           fun: 1630.9808174817613
             x: [ 4.072e-01  1.168e+00  2.259e+00  1.182e+00]
           nit: 80
          nfev: 144
 final_simplex: (array([[ 4.072e-01,  1.168e+00,  2.259e+00,  1.182e+00],
                       [ 4.072e-01,  1.168e+00,  2.259e+00,  1.182e+00],
                       ...,
                       [ 4.072e-01,  1.168e+00,  2.259e+00,  1.182e+00],
                       [ 4.072e-01,  1.168e+00,  2.259e+00,  1.182e+00]]), array([ 1.631e+03,  1.631e+03,  1.631e+03,  1.631e+03,
                        1.631e+03]))
   param_names: ['d', 'e', 'f', 'g']
[0.40722184 1.16772529 2.25852735 1.18204019]
{'d': 0.4072218449708719, 'e': 1.1677252899917885, 'f': 2.25852734696123, 'g': 1.1820401903699251}
Previous:  {'d': 0.41996400457601823, 'e': 1.1659881934161596, 'f': 2.258895839565838, 'g': 1.1874105398093273}
python -u fit_individ_iter.py Box49_1400 0.512095 Box49_1400 0.537169
prev {'d': 0.4072218449708719, 'e': 1.1677252899917885, 'f': 2.25852734696123, 'g': 1.1820401903699251}
Starting ML Fit
Box49_1400
       message: Optimization terminated successfully.
       success: True
        status: 0
           fun: 1287.149140797035
             x: [ 4.035e-01  1.168e+00  2.259e+00  1.183e+00]
           nit: 78
          nfev: 145
 final_simplex: (array([[ 4.035e-01,  1.168e+00,  2.259e+00,  1.183e+00],
                       [ 4.035e-01,  1.168e+00,  2.259e+00,  1.183e+00],
                       ...,
                       [ 4.035e-01,  1.168e+00,  2.259e+00,  1.183e+00],
                       [ 4.035e-01,  1.168e+00,  2.259e+00,  1.183e+00]]), array([ 1.287e+03,  1.287e+03,  1.287e+03,  1.287e+03,
                        1.287e+03]))
   param_names: ['d', 'e', 'f', 'g']
[0.40350057 1.16790661 2.25859265 1.18336589]
{'d': 0.4035005683377987, 'e': 1.1679066081173939, 'f': 2.2585926505856206, 'g': 1.183365892619335}
Previous:  {'d': 0.4072218449708719, 'e': 1.1677252899917885, 'f': 2.25852734696123, 'g': 1.1820401903699251}
python -u fit_individ_iter.py Box49_1400 0.488191 Box49_1400 0.512095
prev {'d': 0.4035005683377987, 'e': 1.1679066081173939, 'f': 2.2585926505856206, 'g': 1.183365892619335}
Starting ML Fit
Box49_1400
       message: Optimization terminated successfully.
       success: True
        status: 0
           fun: 762.8074422782043
             x: [ 3.948e-01  1.168e+00  2.259e+00  1.182e+00]
           nit: 85
          nfev: 154
 final_simplex: (array([[ 3.948e-01,  1.168e+00,  2.259e+00,  1.182e+00],
                       [ 3.948e-01,  1.168e+00,  2.259e+00,  1.182e+00],
                       ...,
                       [ 3.948e-01,  1.168e+00,  2.259e+00,  1.182e+00],
                       [ 3.948e-01,  1.168e+00,  2.259e+00,  1.182e+00]]), array([ 7.628e+02,  7.628e+02,  7.628e+02,  7.628e+02,
                        7.628e+02]))
   param_names: ['d', 'e', 'f', 'g']
[0.39476866 1.16786403 2.25895907 1.1816439 ]
{'d': 0.39476865629118657, 'e': 1.1678640260925697, 'f': 2.2589590652952083, 'g': 1.1816439016477382}
Previous:  {'d': 0.4035005683377987, 'e': 1.1679066081173939, 'f': 2.2585926505856206, 'g': 1.183365892619335}
python -u fit_individ_iter.py Box49_1400 0.403224 Box49_1400 0.488191
prev {'d': 0.39476865629118657, 'e': 1.1678640260925697, 'f': 2.2589590652952083, 'g': 1.1816439016477382}
Starting ML Fit
Box49_1400
       message: Optimization terminated successfully.
       success: True
        status: 0
           fun: 297.5543057841105
             x: [ 3.840e-01  1.169e+00  2.259e+00  1.189e+00]
           nit: 115
          nfev: 196
 final_simplex: (array([[ 3.840e-01,  1.169e+00,  2.259e+00,  1.189e+00],
                       [ 3.840e-01,  1.169e+00,  2.259e+00,  1.189e+00],
                       ...,
                       [ 3.840e-01,  1.169e+00,  2.259e+00,  1.189e+00],
                       [ 3.840e-01,  1.169e+00,  2.259e+00,  1.189e+00]]), array([ 2.976e+02,  2.976e+02,  2.976e+02,  2.976e+02,
                        2.976e+02]))
   param_names: ['d', 'e', 'f', 'g']
[0.38396469 1.16866237 2.258807   1.18943821]
{'d': 0.3839646863913672, 'e': 1.1686623698015648, 'f': 2.25880700170854, 'g': 1.189438210077475}
Previous:  {'d': 0.39476865629118657, 'e': 1.1678640260925697, 'f': 2.2589590652952083, 'g': 1.1816439016477382}
python -u fit_individ_iter.py Box49_1400 0.366459 Box49_1400 0.403224
prev {'d': 0.3839646863913672, 'e': 1.1686623698015648, 'f': 2.25880700170854, 'g': 1.189438210077475}
Starting ML Fit
Box49_1400
       message: Optimization terminated successfully.
       success: True
        status: 0
           fun: 249.92629379606626
             x: [ 3.775e-01  1.169e+00  2.259e+00  1.192e+00]
           nit: 110
          nfev: 188
 final_simplex: (array([[ 3.775e-01,  1.169e+00,  2.259e+00,  1.192e+00],
                       [ 3.775e-01,  1.169e+00,  2.259e+00,  1.192e+00],
                       ...,
                       [ 3.775e-01,  1.169e+00,  2.259e+00,  1.192e+00],
                       [ 3.776e-01,  1.169e+00,  2.259e+00,  1.192e+00]]), array([ 2.499e+02,  2.499e+02,  2.499e+02,  2.499e+02,
                        2.499e+02]))
   param_names: ['d', 'e', 'f', 'g']
[0.3775421  1.16913701 2.25868702 1.19211037]
{'d': 0.3775420976302917, 'e': 1.1691370095678337, 'f': 2.25868701751147, 'g': 1.1921103730634641}
Previous:  {'d': 0.3839646863913672, 'e': 1.1686623698015648, 'f': 2.25880700170854, 'g': 1.189438210077475}
