Curr: Box_n50_23_1400, Prev: Box23_1400
alist [1.0, 0.953321, 0.866399, 0.787402, 0.715608, 0.65036, 0.620002, 0.591061, 0.563471, 0.537169, 0.512095, 0.488191, 0.403224, 0.366459]
python -u fit_individ_iter.py Box_n50_23_1400 1.000000 Box23_1400 1.000000
Setting dictionary
Computing sigma spline
Initializing CLASS
Computing Sigma from CLASS
Spline Made
prev {'d': 0.5417602001149157, 'e': 1.1398186223047013, 'f': 2.3421406348856024, 'g': 1.2667031498664163}
Starting ML Fit
Box_n50_23_1400
       message: Optimization terminated successfully.
       success: True
        status: 0
           fun: 5347.976370335709
             x: [ 5.626e-01  1.135e+00  2.342e+00  1.267e+00]
           nit: 117
          nfev: 203
 final_simplex: (array([[ 5.626e-01,  1.135e+00,  2.342e+00,  1.267e+00],
                       [ 5.626e-01,  1.135e+00,  2.342e+00,  1.267e+00],
                       ...,
                       [ 5.626e-01,  1.135e+00,  2.342e+00,  1.267e+00],
                       [ 5.626e-01,  1.135e+00,  2.342e+00,  1.267e+00]]), array([ 5.348e+03,  5.348e+03,  5.348e+03,  5.348e+03,
                        5.348e+03]))
   param_names: ['d', 'e', 'f', 'g']
[0.56263275 1.13546022 2.34222353 1.2666049 ]
{'d': 0.5626327531700732, 'e': 1.1354602239630776, 'f': 2.3422235345067106, 'g': 1.2666048974598343}
Previous:  {'d': 0.5417602001149157, 'e': 1.1398186223047013, 'f': 2.3421406348856024, 'g': 1.2667031498664163}
python -u fit_individ_iter.py Box_n50_23_1400 0.953321 Box_n50_23_1400 1.000000
Setting dictionary
Computing sigma spline
Initializing CLASS
Computing Sigma from CLASS
Spline Made
prev {'d': 0.5626327531700732, 'e': 1.1354602239630776, 'f': 2.3422235345067106, 'g': 1.2666048974598343}
Starting ML Fit
Box_n50_23_1400
       message: Optimization terminated successfully.
       success: True
        status: 0
           fun: 3713.6089898522087
             x: [ 5.537e-01  1.130e+00  2.342e+00  1.267e+00]
           nit: 105
          nfev: 181
 final_simplex: (array([[ 5.537e-01,  1.130e+00,  2.342e+00,  1.267e+00],
                       [ 5.537e-01,  1.130e+00,  2.342e+00,  1.267e+00],
                       ...,
                       [ 5.537e-01,  1.130e+00,  2.342e+00,  1.267e+00],
                       [ 5.537e-01,  1.130e+00,  2.342e+00,  1.267e+00]]), array([ 3.714e+03,  3.714e+03,  3.714e+03,  3.714e+03,
                        3.714e+03]))
   param_names: ['d', 'e', 'f', 'g']
[0.55372574 1.13038141 2.34215331 1.26672926]
{'d': 0.5537257356979621, 'e': 1.130381406289179, 'f': 2.3421533075087413, 'g': 1.2667292619019677}
Previous:  {'d': 0.5626327531700732, 'e': 1.1354602239630776, 'f': 2.3422235345067106, 'g': 1.2666048974598343}
python -u fit_individ_iter.py Box_n50_23_1400 0.866399 Box_n50_23_1400 0.953321
Setting dictionary
Computing sigma spline
Initializing CLASS
Computing Sigma from CLASS
Spline Made
prev {'d': 0.5537257356979621, 'e': 1.130381406289179, 'f': 2.3421533075087413, 'g': 1.2667292619019677}
Starting ML Fit
Box_n50_23_1400
       message: Optimization terminated successfully.
       success: True
        status: 0
           fun: 6553.814061925933
             x: [ 5.350e-01  1.118e+00  2.343e+00  1.264e+00]
           nit: 104
          nfev: 183
 final_simplex: (array([[ 5.350e-01,  1.118e+00,  2.343e+00,  1.264e+00],
                       [ 5.350e-01,  1.118e+00,  2.343e+00,  1.264e+00],
                       ...,
                       [ 5.350e-01,  1.118e+00,  2.343e+00,  1.264e+00],
                       [ 5.350e-01,  1.118e+00,  2.343e+00,  1.264e+00]]), array([ 6.554e+03,  6.554e+03,  6.554e+03,  6.554e+03,
                        6.554e+03]))
   param_names: ['d', 'e', 'f', 'g']
[0.53498463 1.1180628  2.34258953 1.26396503]
{'d': 0.5349846291527697, 'e': 1.1180627958978313, 'f': 2.3425895287398104, 'g': 1.2639650262838265}
Previous:  {'d': 0.5537257356979621, 'e': 1.130381406289179, 'f': 2.3421533075087413, 'g': 1.2667292619019677}
python -u fit_individ_iter.py Box_n50_23_1400 0.787402 Box_n50_23_1400 0.866399
Setting dictionary
Computing sigma spline
Initializing CLASS
Computing Sigma from CLASS
Spline Made
prev {'d': 0.5349846291527697, 'e': 1.1180627958978313, 'f': 2.3425895287398104, 'g': 1.2639650262838265}
Starting ML Fit
Box_n50_23_1400
       message: Optimization terminated successfully.
       success: True
        status: 0
           fun: 7412.710006884919
             x: [ 5.213e-01  1.114e+00  2.343e+00  1.264e+00]
           nit: 107
          nfev: 187
 final_simplex: (array([[ 5.213e-01,  1.114e+00,  2.343e+00,  1.264e+00],
                       [ 5.213e-01,  1.114e+00,  2.343e+00,  1.264e+00],
                       ...,
                       [ 5.213e-01,  1.114e+00,  2.343e+00,  1.264e+00],
                       [ 5.213e-01,  1.114e+00,  2.343e+00,  1.264e+00]]), array([ 7.413e+03,  7.413e+03,  7.413e+03,  7.413e+03,
                        7.413e+03]))
   param_names: ['d', 'e', 'f', 'g']
[0.52129107 1.1136085  2.34278799 1.26420277]
{'d': 0.5212910673898314, 'e': 1.1136085017610298, 'f': 2.3427879947908754, 'g': 1.2642027704159922}
Previous:  {'d': 0.5349846291527697, 'e': 1.1180627958978313, 'f': 2.3425895287398104, 'g': 1.2639650262838265}
python -u fit_individ_iter.py Box_n50_23_1400 0.715608 Box_n50_23_1400 0.787402
Setting dictionary
Computing sigma spline
Initializing CLASS
Computing Sigma from CLASS
Spline Made
prev {'d': 0.5212910673898314, 'e': 1.1136085017610298, 'f': 2.3427879947908754, 'g': 1.2642027704159922}
Starting ML Fit
Box_n50_23_1400
       message: Optimization terminated successfully.
       success: True
        status: 0
           fun: 5763.3052730320405
             x: [ 5.063e-01  1.101e+00  2.344e+00  1.263e+00]
           nit: 90
          nfev: 167
 final_simplex: (array([[ 5.063e-01,  1.101e+00,  2.344e+00,  1.263e+00],
                       [ 5.063e-01,  1.101e+00,  2.344e+00,  1.263e+00],
                       ...,
                       [ 5.063e-01,  1.101e+00,  2.344e+00,  1.263e+00],
                       [ 5.063e-01,  1.101e+00,  2.344e+00,  1.263e+00]]), array([ 5.763e+03,  5.763e+03,  5.763e+03,  5.763e+03,
                        5.763e+03]))
   param_names: ['d', 'e', 'f', 'g']
[0.50627926 1.10062055 2.34439418 1.26258509]
{'d': 0.5062792572499868, 'e': 1.1006205458540976, 'f': 2.3443941807546356, 'g': 1.2625850934649454}
Previous:  {'d': 0.5212910673898314, 'e': 1.1136085017610298, 'f': 2.3427879947908754, 'g': 1.2642027704159922}
python -u fit_individ_iter.py Box_n50_23_1400 0.650360 Box_n50_23_1400 0.715608
Setting dictionary
Computing sigma spline
Initializing CLASS
Computing Sigma from CLASS
Spline Made
prev {'d': 0.5062792572499868, 'e': 1.1006205458540976, 'f': 2.3443941807546356, 'g': 1.2625850934649454}
Starting ML Fit
Box_n50_23_1400
       message: Optimization terminated successfully.
       success: True
        status: 0
           fun: 4215.427199804949
             x: [ 4.946e-01  1.108e+00  2.344e+00  1.261e+00]
           nit: 90
          nfev: 164
 final_simplex: (array([[ 4.946e-01,  1.108e+00,  2.344e+00,  1.261e+00],
                       [ 4.946e-01,  1.108e+00,  2.344e+00,  1.261e+00],
                       ...,
                       [ 4.946e-01,  1.108e+00,  2.344e+00,  1.261e+00],
                       [ 4.946e-01,  1.108e+00,  2.344e+00,  1.261e+00]]), array([ 4.215e+03,  4.215e+03,  4.215e+03,  4.215e+03,
                        4.215e+03]))
   param_names: ['d', 'e', 'f', 'g']
[0.4946349  1.10753254 2.34369878 1.26070225]
{'d': 0.4946348985787623, 'e': 1.1075325446314508, 'f': 2.3436987840659715, 'g': 1.2607022476089442}
Previous:  {'d': 0.5062792572499868, 'e': 1.1006205458540976, 'f': 2.3443941807546356, 'g': 1.2625850934649454}
python -u fit_individ_iter.py Box_n50_23_1400 0.620002 Box_n50_23_1400 0.650360
Setting dictionary
Computing sigma spline
Initializing CLASS
Computing Sigma from CLASS
Spline Made
prev {'d': 0.4946348985787623, 'e': 1.1075325446314508, 'f': 2.3436987840659715, 'g': 1.2607022476089442}
Starting ML Fit
Box_n50_23_1400
       message: Optimization terminated successfully.
       success: True
        status: 0
           fun: 5350.261203898652
             x: [ 4.884e-01  1.113e+00  2.344e+00  1.257e+00]
           nit: 104
          nfev: 187
 final_simplex: (array([[ 4.884e-01,  1.113e+00,  2.344e+00,  1.257e+00],
                       [ 4.884e-01,  1.113e+00,  2.344e+00,  1.257e+00],
                       ...,
                       [ 4.884e-01,  1.112e+00,  2.344e+00,  1.257e+00],
                       [ 4.884e-01,  1.113e+00,  2.344e+00,  1.257e+00]]), array([ 5.350e+03,  5.350e+03,  5.350e+03,  5.350e+03,
                        5.350e+03]))
   param_names: ['d', 'e', 'f', 'g']
[0.48840181 1.11250446 2.34358903 1.25716803]
{'d': 0.4884018125758064, 'e': 1.1125044643446036, 'f': 2.343589029288185, 'g': 1.257168026378471}
Previous:  {'d': 0.4946348985787623, 'e': 1.1075325446314508, 'f': 2.3436987840659715, 'g': 1.2607022476089442}
python -u fit_individ_iter.py Box_n50_23_1400 0.591061 Box_n50_23_1400 0.620002
Setting dictionary
Computing sigma spline
Initializing CLASS
Computing Sigma from CLASS
Spline Made
prev {'d': 0.4884018125758064, 'e': 1.1125044643446036, 'f': 2.343589029288185, 'g': 1.257168026378471}
Starting ML Fit
Box_n50_23_1400
       message: Optimization terminated successfully.
       success: True
        status: 0
           fun: 9186.524325773593
             x: [ 4.830e-01  1.117e+00  2.344e+00  1.257e+00]
           nit: 80
          nfev: 148
 final_simplex: (array([[ 4.830e-01,  1.117e+00,  2.344e+00,  1.257e+00],
                       [ 4.830e-01,  1.117e+00,  2.344e+00,  1.257e+00],
                       ...,
                       [ 4.830e-01,  1.117e+00,  2.344e+00,  1.257e+00],
                       [ 4.830e-01,  1.117e+00,  2.344e+00,  1.257e+00]]), array([ 9.187e+03,  9.187e+03,  9.187e+03,  9.187e+03,
                        9.187e+03]))
   param_names: ['d', 'e', 'f', 'g']
[0.48304197 1.11653547 2.34392162 1.25657393]
{'d': 0.4830419652205559, 'e': 1.1165354740296842, 'f': 2.3439216198831945, 'g': 1.256573933893318}
Previous:  {'d': 0.4884018125758064, 'e': 1.1125044643446036, 'f': 2.343589029288185, 'g': 1.257168026378471}
python -u fit_individ_iter.py Box_n50_23_1400 0.563471 Box_n50_23_1400 0.591061
Setting dictionary
Computing sigma spline
Initializing CLASS
Computing Sigma from CLASS
Spline Made
prev {'d': 0.4830419652205559, 'e': 1.1165354740296842, 'f': 2.3439216198831945, 'g': 1.256573933893318}
Starting ML Fit
Box_n50_23_1400
       message: Optimization terminated successfully.
       success: True
        status: 0
           fun: 4740.460522500011
             x: [ 4.775e-01  1.122e+00  2.344e+00  1.251e+00]
           nit: 70
          nfev: 131
 final_simplex: (array([[ 4.775e-01,  1.122e+00,  2.344e+00,  1.251e+00],
                       [ 4.775e-01,  1.122e+00,  2.344e+00,  1.251e+00],
                       ...,
                       [ 4.775e-01,  1.122e+00,  2.344e+00,  1.251e+00],
                       [ 4.775e-01,  1.122e+00,  2.344e+00,  1.251e+00]]), array([ 4.740e+03,  4.740e+03,  4.740e+03,  4.740e+03,
                        4.740e+03]))
   param_names: ['d', 'e', 'f', 'g']
[0.4775451  1.12222468 2.34373856 1.25134828]
{'d': 0.4775450993379824, 'e': 1.1222246807916623, 'f': 2.3437385585540635, 'g': 1.2513482820635031}
Previous:  {'d': 0.4830419652205559, 'e': 1.1165354740296842, 'f': 2.3439216198831945, 'g': 1.256573933893318}
python -u fit_individ_iter.py Box_n50_23_1400 0.537169 Box_n50_23_1400 0.563471
Setting dictionary
Computing sigma spline
Initializing CLASS
Computing Sigma from CLASS
Spline Made
prev {'d': 0.4775450993379824, 'e': 1.1222246807916623, 'f': 2.3437385585540635, 'g': 1.2513482820635031}
Starting ML Fit
Box_n50_23_1400
       message: Optimization terminated successfully.
       success: True
        status: 0
           fun: 4610.825150295901
             x: [ 4.718e-01  1.125e+00  2.344e+00  1.248e+00]
           nit: 89
          nfev: 156
 final_simplex: (array([[ 4.718e-01,  1.125e+00,  2.344e+00,  1.248e+00],
                       [ 4.718e-01,  1.125e+00,  2.344e+00,  1.248e+00],
                       ...,
                       [ 4.718e-01,  1.125e+00,  2.344e+00,  1.248e+00],
                       [ 4.718e-01,  1.125e+00,  2.344e+00,  1.248e+00]]), array([ 4.611e+03,  4.611e+03,  4.611e+03,  4.611e+03,
                        4.611e+03]))
   param_names: ['d', 'e', 'f', 'g']
[0.47184198 1.12509128 2.34399476 1.24841086]
{'d': 0.47184198310147246, 'e': 1.1250912825634491, 'f': 2.34399476336565, 'g': 1.2484108639789044}
Previous:  {'d': 0.4775450993379824, 'e': 1.1222246807916623, 'f': 2.3437385585540635, 'g': 1.2513482820635031}
python -u fit_individ_iter.py Box_n50_23_1400 0.512095 Box_n50_23_1400 0.537169
Setting dictionary
Computing sigma spline
Initializing CLASS
Computing Sigma from CLASS
Spline Made
prev {'d': 0.47184198310147246, 'e': 1.1250912825634491, 'f': 2.34399476336565, 'g': 1.2484108639789044}
Starting ML Fit
Box_n50_23_1400
       message: Optimization terminated successfully.
       success: True
        status: 0
           fun: 4873.977203403031
             x: [ 4.681e-01  1.141e+00  2.341e+00  1.247e+00]
           nit: 77
          nfev: 136
 final_simplex: (array([[ 4.681e-01,  1.141e+00,  2.341e+00,  1.247e+00],
                       [ 4.681e-01,  1.141e+00,  2.341e+00,  1.247e+00],
                       ...,
                       [ 4.681e-01,  1.141e+00,  2.341e+00,  1.247e+00],
                       [ 4.681e-01,  1.141e+00,  2.341e+00,  1.247e+00]]), array([ 4.874e+03,  4.874e+03,  4.874e+03,  4.874e+03,
                        4.874e+03]))
   param_names: ['d', 'e', 'f', 'g']
[0.46809843 1.14112823 2.3413826  1.24729119]
{'d': 0.4680984288243172, 'e': 1.141128227255169, 'f': 2.341382597593399, 'g': 1.247291192658927}
Previous:  {'d': 0.47184198310147246, 'e': 1.1250912825634491, 'f': 2.34399476336565, 'g': 1.2484108639789044}
python -u fit_individ_iter.py Box_n50_23_1400 0.488191 Box_n50_23_1400 0.512095
Setting dictionary
Computing sigma spline
Initializing CLASS
Computing Sigma from CLASS
Spline Made
prev {'d': 0.4680984288243172, 'e': 1.141128227255169, 'f': 2.341382597593399, 'g': 1.247291192658927}
Starting ML Fit
Box_n50_23_1400
       message: Optimization terminated successfully.
       success: True
        status: 0
           fun: 4872.633471344178
             x: [ 4.614e-01  1.143e+00  2.342e+00  1.242e+00]
           nit: 77
          nfev: 143
 final_simplex: (array([[ 4.614e-01,  1.143e+00,  2.342e+00,  1.242e+00],
                       [ 4.614e-01,  1.143e+00,  2.342e+00,  1.242e+00],
                       ...,
                       [ 4.614e-01,  1.143e+00,  2.342e+00,  1.242e+00],
                       [ 4.614e-01,  1.143e+00,  2.342e+00,  1.242e+00]]), array([ 4.873e+03,  4.873e+03,  4.873e+03,  4.873e+03,
                        4.873e+03]))
   param_names: ['d', 'e', 'f', 'g']
[0.46142007 1.14332442 2.34163636 1.24169725]
{'d': 0.4614200677541036, 'e': 1.1433244204846305, 'f': 2.3416363636171598, 'g': 1.2416972535072832}
Previous:  {'d': 0.4680984288243172, 'e': 1.141128227255169, 'f': 2.341382597593399, 'g': 1.247291192658927}
python -u fit_individ_iter.py Box_n50_23_1400 0.403224 Box_n50_23_1400 0.488191
Setting dictionary
Computing sigma spline
Initializing CLASS
Computing Sigma from CLASS
Spline Made
prev {'d': 0.4614200677541036, 'e': 1.1433244204846305, 'f': 2.3416363636171598, 'g': 1.2416972535072832}
Starting ML Fit
Box_n50_23_1400
       message: Optimization terminated successfully.
       success: True
        status: 0
           fun: 4166.853247423035
             x: [ 4.420e-01  1.151e+00  2.341e+00  1.230e+00]
           nit: 105
          nfev: 186
 final_simplex: (array([[ 4.420e-01,  1.151e+00,  2.341e+00,  1.230e+00],
                       [ 4.420e-01,  1.151e+00,  2.341e+00,  1.230e+00],
                       ...,
                       [ 4.420e-01,  1.151e+00,  2.341e+00,  1.230e+00],
                       [ 4.420e-01,  1.151e+00,  2.341e+00,  1.230e+00]]), array([ 4.167e+03,  4.167e+03,  4.167e+03,  4.167e+03,
                        4.167e+03]))
   param_names: ['d', 'e', 'f', 'g']
[0.44196797 1.15126804 2.3405674  1.22981159]
{'d': 0.4419679689582672, 'e': 1.1512680366671997, 'f': 2.340567398292703, 'g': 1.2298115867841015}
Previous:  {'d': 0.4614200677541036, 'e': 1.1433244204846305, 'f': 2.3416363636171598, 'g': 1.2416972535072832}
python -u fit_individ_iter.py Box_n50_23_1400 0.366459 Box_n50_23_1400 0.403224
Setting dictionary
Computing sigma spline
Initializing CLASS
Computing Sigma from CLASS
Spline Made
prev {'d': 0.4419679689582672, 'e': 1.1512680366671997, 'f': 2.340567398292703, 'g': 1.2298115867841015}
Starting ML Fit
Box_n50_23_1400
       message: Optimization terminated successfully.
       success: True
        status: 0
           fun: 2656.903880108651
             x: [ 4.330e-01  1.154e+00  2.340e+00  1.224e+00]
           nit: 81
          nfev: 150
 final_simplex: (array([[ 4.330e-01,  1.154e+00,  2.340e+00,  1.224e+00],
                       [ 4.330e-01,  1.154e+00,  2.340e+00,  1.224e+00],
                       ...,
                       [ 4.330e-01,  1.154e+00,  2.340e+00,  1.224e+00],
                       [ 4.330e-01,  1.154e+00,  2.340e+00,  1.224e+00]]), array([ 2.657e+03,  2.657e+03,  2.657e+03,  2.657e+03,
                        2.657e+03]))
   param_names: ['d', 'e', 'f', 'g']
[0.43302797 1.15423488 2.34035386 1.22376232]
{'d': 0.4330279650717816, 'e': 1.1542348825666302, 'f': 2.3403538597035864, 'g': 1.2237623162680191}
Previous:  {'d': 0.4419679689582672, 'e': 1.1512680366671997, 'f': 2.340567398292703, 'g': 1.2298115867841015}
