Curr: Box76_1400, Prev: Box25_1400
alist [1.0, 0.953321, 0.866399, 0.787402, 0.715608, 0.65036, 0.620002, 0.591061, 0.563471, 0.537169, 0.512095, 0.488191, 0.403224, 0.366459]
python -u fit_individ_iter.py Box76_1400 1.000000 Box25_1400 1.000000
prev {'d': 0.4321940292938967, 'e': 0.36947528596411416, 'f': 1.7394652792720273, 'g': 1.200731223732764}
Starting ML Fit
Box76_1400
       message: Optimization terminated successfully.
       success: True
        status: 0
           fun: 122.88479636459536
             x: [ 4.579e-01  4.362e-01  1.657e+00  1.178e+00]
           nit: 135
          nfev: 237
 final_simplex: (array([[ 4.579e-01,  4.362e-01,  1.657e+00,  1.178e+00],
                       [ 4.579e-01,  4.361e-01,  1.657e+00,  1.178e+00],
                       ...,
                       [ 4.579e-01,  4.362e-01,  1.657e+00,  1.178e+00],
                       [ 4.579e-01,  4.362e-01,  1.657e+00,  1.178e+00]]), array([ 1.229e+02,  1.229e+02,  1.229e+02,  1.229e+02,
                        1.229e+02]))
   param_names: ['d', 'e', 'f', 'g']
[0.45788853 0.43622093 1.65694303 1.17808132]
{'d': 0.4578885257851354, 'e': 0.4362209272939575, 'f': 1.6569430334881787, 'g': 1.1780813169140918}
Previous:  {'d': 0.4321940292938967, 'e': 0.36947528596411416, 'f': 1.7394652792720273, 'g': 1.200731223732764}
python -u fit_individ_iter.py Box76_1400 0.953321 Box76_1400 1.000000
prev {'d': 0.4578885257851354, 'e': 0.4362209272939575, 'f': 1.6569430334881787, 'g': 1.1780813169140918}
Starting ML Fit
Box76_1400
       message: Optimization terminated successfully.
       success: True
        status: 0
           fun: 120.3199505464094
             x: [ 4.519e-01  4.551e-01  1.653e+00  1.170e+00]
           nit: 75
          nfev: 130
 final_simplex: (array([[ 4.519e-01,  4.551e-01,  1.653e+00,  1.170e+00],
                       [ 4.519e-01,  4.551e-01,  1.653e+00,  1.170e+00],
                       ...,
                       [ 4.519e-01,  4.551e-01,  1.653e+00,  1.170e+00],
                       [ 4.519e-01,  4.551e-01,  1.653e+00,  1.170e+00]]), array([ 1.203e+02,  1.203e+02,  1.203e+02,  1.203e+02,
                        1.203e+02]))
   param_names: ['d', 'e', 'f', 'g']
[0.45188701 0.45513642 1.65278268 1.17018657]
{'d': 0.45188701034338885, 'e': 0.45513642251401776, 'f': 1.6527826841858306, 'g': 1.1701865748763132}
Previous:  {'d': 0.4578885257851354, 'e': 0.4362209272939575, 'f': 1.6569430334881787, 'g': 1.1780813169140918}
python -u fit_individ_iter.py Box76_1400 0.866399 Box76_1400 0.953321
prev {'d': 0.45188701034338885, 'e': 0.45513642251401776, 'f': 1.6527826841858306, 'g': 1.1701865748763132}
Starting ML Fit
Box76_1400
       message: Optimization terminated successfully.
       success: True
        status: 0
           fun: 113.44850811228423
             x: [ 4.391e-01  4.508e-01  1.681e+00  1.178e+00]
           nit: 148
          nfev: 251
 final_simplex: (array([[ 4.391e-01,  4.508e-01,  1.681e+00,  1.178e+00],
                       [ 4.391e-01,  4.509e-01,  1.681e+00,  1.178e+00],
                       ...,
                       [ 4.390e-01,  4.508e-01,  1.681e+00,  1.178e+00],
                       [ 4.391e-01,  4.509e-01,  1.681e+00,  1.178e+00]]), array([ 1.134e+02,  1.134e+02,  1.134e+02,  1.134e+02,
                        1.134e+02]))
   param_names: ['d', 'e', 'f', 'g']
[0.43905099 0.45084125 1.68075118 1.17790769]
{'d': 0.43905098848284546, 'e': 0.45084124541051646, 'f': 1.6807511768687915, 'g': 1.1779076922236036}
Previous:  {'d': 0.45188701034338885, 'e': 0.45513642251401776, 'f': 1.6527826841858306, 'g': 1.1701865748763132}
python -u fit_individ_iter.py Box76_1400 0.787402 Box76_1400 0.866399
prev {'d': 0.43905098848284546, 'e': 0.45084124541051646, 'f': 1.6807511768687915, 'g': 1.1779076922236036}
Starting ML Fit
Box76_1400
       message: Optimization terminated successfully.
       success: True
        status: 0
           fun: 105.78514726178068
             x: [ 4.267e-01  4.517e-01  1.695e+00  1.178e+00]
           nit: 124
          nfev: 214
 final_simplex: (array([[ 4.267e-01,  4.517e-01,  1.695e+00,  1.178e+00],
                       [ 4.267e-01,  4.517e-01,  1.695e+00,  1.178e+00],
                       ...,
                       [ 4.267e-01,  4.517e-01,  1.695e+00,  1.178e+00],
                       [ 4.267e-01,  4.517e-01,  1.695e+00,  1.178e+00]]), array([ 1.058e+02,  1.058e+02,  1.058e+02,  1.058e+02,
                        1.058e+02]))
   param_names: ['d', 'e', 'f', 'g']
[0.42671276 0.45173513 1.69526406 1.17767498]
{'d': 0.42671275522665786, 'e': 0.4517351273719161, 'f': 1.6952640558810879, 'g': 1.177674981887781}
Previous:  {'d': 0.43905098848284546, 'e': 0.45084124541051646, 'f': 1.6807511768687915, 'g': 1.1779076922236036}
python -u fit_individ_iter.py Box76_1400 0.715608 Box76_1400 0.787402
prev {'d': 0.42671275522665786, 'e': 0.4517351273719161, 'f': 1.6952640558810879, 'g': 1.177674981887781}
Starting ML Fit
Box76_1400
       message: Optimization terminated successfully.
       success: True
        status: 0
           fun: 104.58446431035783
             x: [ 4.177e-01  4.579e-01  1.699e+00  1.180e+00]
           nit: 138
          nfev: 241
 final_simplex: (array([[ 4.177e-01,  4.579e-01,  1.699e+00,  1.180e+00],
                       [ 4.177e-01,  4.579e-01,  1.699e+00,  1.180e+00],
                       ...,
                       [ 4.177e-01,  4.579e-01,  1.699e+00,  1.180e+00],
                       [ 4.177e-01,  4.580e-01,  1.700e+00,  1.180e+00]]), array([ 1.046e+02,  1.046e+02,  1.046e+02,  1.046e+02,
                        1.046e+02]))
   param_names: ['d', 'e', 'f', 'g']
[0.41768007 0.45792556 1.69943941 1.17993171]
{'d': 0.41768006892632276, 'e': 0.4579255561732947, 'f': 1.6994394067613574, 'g': 1.1799317076800115}
Previous:  {'d': 0.42671275522665786, 'e': 0.4517351273719161, 'f': 1.6952640558810879, 'g': 1.177674981887781}
python -u fit_individ_iter.py Box76_1400 0.650360 Box76_1400 0.715608
prev {'d': 0.41768006892632276, 'e': 0.4579255561732947, 'f': 1.6994394067613574, 'g': 1.1799317076800115}
Starting ML Fit
Box76_1400
       message: Optimization terminated successfully.
       success: True
        status: 0
           fun: 98.7850016035666
             x: [ 4.061e-01  4.422e-01  1.741e+00  1.188e+00]
           nit: 123
          nfev: 204
 final_simplex: (array([[ 4.061e-01,  4.422e-01,  1.741e+00,  1.188e+00],
                       [ 4.061e-01,  4.421e-01,  1.741e+00,  1.188e+00],
                       ...,
                       [ 4.061e-01,  4.421e-01,  1.741e+00,  1.188e+00],
                       [ 4.061e-01,  4.421e-01,  1.741e+00,  1.188e+00]]), array([ 9.879e+01,  9.879e+01,  9.879e+01,  9.879e+01,
                        9.879e+01]))
   param_names: ['d', 'e', 'f', 'g']
[0.4060868  0.44216119 1.74141818 1.18766192]
{'d': 0.40608680039667344, 'e': 0.44216119180127256, 'f': 1.7414181818777474, 'g': 1.1876619239259516}
Previous:  {'d': 0.41768006892632276, 'e': 0.4579255561732947, 'f': 1.6994394067613574, 'g': 1.1799317076800115}
python -u fit_individ_iter.py Box76_1400 0.620002 Box76_1400 0.650360
prev {'d': 0.40608680039667344, 'e': 0.44216119180127256, 'f': 1.7414181818777474, 'g': 1.1876619239259516}
Starting ML Fit
Box76_1400
       message: Optimization terminated successfully.
       success: True
        status: 0
           fun: 101.38996235903748
             x: [ 4.039e-01  4.498e-01  1.736e+00  1.189e+00]
           nit: 87
          nfev: 159
 final_simplex: (array([[ 4.039e-01,  4.498e-01,  1.736e+00,  1.189e+00],
                       [ 4.039e-01,  4.497e-01,  1.736e+00,  1.189e+00],
                       ...,
                       [ 4.039e-01,  4.497e-01,  1.736e+00,  1.189e+00],
                       [ 4.039e-01,  4.497e-01,  1.736e+00,  1.189e+00]]), array([ 1.014e+02,  1.014e+02,  1.014e+02,  1.014e+02,
                        1.014e+02]))
   param_names: ['d', 'e', 'f', 'g']
[0.40393641 0.44978487 1.73611265 1.18868155]
{'d': 0.4039364141562618, 'e': 0.4497848658834211, 'f': 1.7361126519947758, 'g': 1.1886815457112543}
Previous:  {'d': 0.40608680039667344, 'e': 0.44216119180127256, 'f': 1.7414181818777474, 'g': 1.1876619239259516}
python -u fit_individ_iter.py Box76_1400 0.591061 Box76_1400 0.620002
prev {'d': 0.4039364141562618, 'e': 0.4497848658834211, 'f': 1.7361126519947758, 'g': 1.1886815457112543}
Starting ML Fit
Box76_1400
       message: Optimization terminated successfully.
       success: True
        status: 0
           fun: 91.08625049817726
             x: [ 3.990e-01  4.503e-01  1.748e+00  1.189e+00]
           nit: 126
          nfev: 206
 final_simplex: (array([[ 3.990e-01,  4.503e-01,  1.748e+00,  1.189e+00],
                       [ 3.990e-01,  4.504e-01,  1.748e+00,  1.189e+00],
                       ...,
                       [ 3.990e-01,  4.504e-01,  1.748e+00,  1.189e+00],
                       [ 3.990e-01,  4.504e-01,  1.748e+00,  1.189e+00]]), array([ 9.109e+01,  9.109e+01,  9.109e+01,  9.109e+01,
                        9.109e+01]))
   param_names: ['d', 'e', 'f', 'g']
[0.39896516 0.45030185 1.74829479 1.18880865]
{'d': 0.3989651627278578, 'e': 0.4503018493624592, 'f': 1.7482947921876137, 'g': 1.1888086540355043}
Previous:  {'d': 0.4039364141562618, 'e': 0.4497848658834211, 'f': 1.7361126519947758, 'g': 1.1886815457112543}
python -u fit_individ_iter.py Box76_1400 0.563471 Box76_1400 0.591061
prev {'d': 0.3989651627278578, 'e': 0.4503018493624592, 'f': 1.7482947921876137, 'g': 1.1888086540355043}
Starting ML Fit
Box76_1400
       message: Optimization terminated successfully.
       success: True
        status: 0
           fun: 84.38645318796473
             x: [ 3.960e-01  4.585e-01  1.741e+00  1.187e+00]
           nit: 118
          nfev: 209
 final_simplex: (array([[ 3.960e-01,  4.585e-01,  1.741e+00,  1.187e+00],
                       [ 3.960e-01,  4.586e-01,  1.741e+00,  1.187e+00],
                       ...,
                       [ 3.960e-01,  4.585e-01,  1.741e+00,  1.187e+00],
                       [ 3.960e-01,  4.586e-01,  1.741e+00,  1.187e+00]]), array([ 8.439e+01,  8.439e+01,  8.439e+01,  8.439e+01,
                        8.439e+01]))
   param_names: ['d', 'e', 'f', 'g']
[0.39599465 0.45854035 1.74138113 1.18676377]
{'d': 0.3959946549284312, 'e': 0.4585403532953508, 'f': 1.7413811329750961, 'g': 1.1867637704650944}
Previous:  {'d': 0.3989651627278578, 'e': 0.4503018493624592, 'f': 1.7482947921876137, 'g': 1.1888086540355043}
python -u fit_individ_iter.py Box76_1400 0.537169 Box76_1400 0.563471
prev {'d': 0.3959946549284312, 'e': 0.4585403532953508, 'f': 1.7413811329750961, 'g': 1.1867637704650944}
Starting ML Fit
Box76_1400
       message: Optimization terminated successfully.
       success: True
        status: 0
           fun: 78.659231623663
             x: [ 3.939e-01  4.664e-01  1.737e+00  1.186e+00]
           nit: 98
          nfev: 176
 final_simplex: (array([[ 3.939e-01,  4.664e-01,  1.737e+00,  1.186e+00],
                       [ 3.939e-01,  4.665e-01,  1.737e+00,  1.186e+00],
                       ...,
                       [ 3.939e-01,  4.664e-01,  1.737e+00,  1.186e+00],
                       [ 3.939e-01,  4.664e-01,  1.737e+00,  1.186e+00]]), array([ 7.866e+01,  7.866e+01,  7.866e+01,  7.866e+01,
                        7.866e+01]))
   param_names: ['d', 'e', 'f', 'g']
[0.3938787  0.46641689 1.73724522 1.18609572]
{'d': 0.39387869506657847, 'e': 0.46641688697444184, 'f': 1.7372452182469407, 'g': 1.1860957155729053}
Previous:  {'d': 0.3959946549284312, 'e': 0.4585403532953508, 'f': 1.7413811329750961, 'g': 1.1867637704650944}
python -u fit_individ_iter.py Box76_1400 0.512095 Box76_1400 0.537169
prev {'d': 0.39387869506657847, 'e': 0.46641688697444184, 'f': 1.7372452182469407, 'g': 1.1860957155729053}
Starting ML Fit
Box76_1400
       message: Optimization terminated successfully.
       success: True
        status: 0
           fun: 81.73374742951403
             x: [ 3.899e-01  4.630e-01  1.757e+00  1.190e+00]
           nit: 102
          nfev: 174
 final_simplex: (array([[ 3.899e-01,  4.630e-01,  1.757e+00,  1.190e+00],
                       [ 3.899e-01,  4.630e-01,  1.757e+00,  1.190e+00],
                       ...,
                       [ 3.899e-01,  4.630e-01,  1.757e+00,  1.190e+00],
                       [ 3.899e-01,  4.631e-01,  1.757e+00,  1.190e+00]]), array([ 8.173e+01,  8.173e+01,  8.173e+01,  8.173e+01,
                        8.173e+01]))
   param_names: ['d', 'e', 'f', 'g']
[0.3898891  0.46300447 1.75719498 1.18957797]
{'d': 0.38988910253175546, 'e': 0.4630044734328113, 'f': 1.7571949812400152, 'g': 1.1895779701864613}
Previous:  {'d': 0.39387869506657847, 'e': 0.46641688697444184, 'f': 1.7372452182469407, 'g': 1.1860957155729053}
python -u fit_individ_iter.py Box76_1400 0.488191 Box76_1400 0.512095
prev {'d': 0.38988910253175546, 'e': 0.4630044734328113, 'f': 1.7571949812400152, 'g': 1.1895779701864613}
Starting ML Fit
Box76_1400
       message: Optimization terminated successfully.
       success: True
        status: 0
           fun: 73.40490930762195
             x: [ 3.889e-01  4.683e-01  1.753e+00  1.190e+00]
           nit: 105
          nfev: 185
 final_simplex: (array([[ 3.889e-01,  4.683e-01,  1.753e+00,  1.190e+00],
                       [ 3.889e-01,  4.683e-01,  1.753e+00,  1.190e+00],
                       ...,
                       [ 3.889e-01,  4.682e-01,  1.753e+00,  1.190e+00],
                       [ 3.889e-01,  4.682e-01,  1.753e+00,  1.190e+00]]), array([ 7.340e+01,  7.340e+01,  7.340e+01,  7.340e+01,
                        7.340e+01]))
   param_names: ['d', 'e', 'f', 'g']
[0.38885557 0.46825034 1.75290915 1.18972399]
{'d': 0.38885556866098864, 'e': 0.46825034217728945, 'f': 1.7529091492062296, 'g': 1.1897239860907314}
Previous:  {'d': 0.38988910253175546, 'e': 0.4630044734328113, 'f': 1.7571949812400152, 'g': 1.1895779701864613}
python -u fit_individ_iter.py Box76_1400 0.403224 Box76_1400 0.488191
prev {'d': 0.38885556866098864, 'e': 0.46825034217728945, 'f': 1.7529091492062296, 'g': 1.1897239860907314}
Starting ML Fit
Box76_1400
       message: Optimization terminated successfully.
       success: True
        status: 0
           fun: 59.14505499302495
             x: [ 3.838e-01  4.696e-01  1.755e+00  1.193e+00]
           nit: 120
          nfev: 207
 final_simplex: (array([[ 3.838e-01,  4.696e-01,  1.755e+00,  1.193e+00],
                       [ 3.837e-01,  4.696e-01,  1.755e+00,  1.193e+00],
                       ...,
                       [ 3.837e-01,  4.696e-01,  1.755e+00,  1.193e+00],
                       [ 3.838e-01,  4.696e-01,  1.755e+00,  1.193e+00]]), array([ 5.915e+01,  5.915e+01,  5.915e+01,  5.915e+01,
                        5.915e+01]))
   param_names: ['d', 'e', 'f', 'g']
[0.38375913 0.46964521 1.75539669 1.19326515]
{'d': 0.38375912527171185, 'e': 0.46964521011450466, 'f': 1.7553966945638422, 'g': 1.1932651538399517}
Previous:  {'d': 0.38885556866098864, 'e': 0.46825034217728945, 'f': 1.7529091492062296, 'g': 1.1897239860907314}
python -u fit_individ_iter.py Box76_1400 0.366459 Box76_1400 0.403224
prev {'d': 0.38375912527171185, 'e': 0.46964521011450466, 'f': 1.7553966945638422, 'g': 1.1932651538399517}
Starting ML Fit
Box76_1400
       message: Optimization terminated successfully.
       success: True
        status: 0
           fun: 56.65599031886298
             x: [ 3.846e-01  4.692e-01  1.760e+00  1.198e+00]
           nit: 86
          nfev: 155
 final_simplex: (array([[ 3.846e-01,  4.692e-01,  1.760e+00,  1.198e+00],
                       [ 3.846e-01,  4.692e-01,  1.760e+00,  1.198e+00],
                       ...,
                       [ 3.846e-01,  4.693e-01,  1.760e+00,  1.198e+00],
                       [ 3.846e-01,  4.692e-01,  1.760e+00,  1.198e+00]]), array([ 5.666e+01,  5.666e+01,  5.666e+01,  5.666e+01,
                        5.666e+01]))
   param_names: ['d', 'e', 'f', 'g']
[0.3846258  0.46919506 1.75975089 1.19758224]
{'d': 0.3846258002163939, 'e': 0.4691950616788483, 'f': 1.7597508918289064, 'g': 1.197582239186612}
Previous:  {'d': 0.38375912527171185, 'e': 0.46964521011450466, 'f': 1.7553966945638422, 'g': 1.1932651538399517}
