Curr: Box_n50_17_1400, Prev: Box_n50_4_1400
alist [1.0, 0.953321, 0.866399, 0.787402, 0.715608, 0.65036, 0.620002, 0.591061, 0.563471, 0.537169, 0.512095, 0.488191, 0.403224, 0.366459]
python -u fit_individ_iter.py Box_n50_17_1400 1.000000 Box_n50_4_1400 1.000000
prev {'d': 0.5267633123269274, 'e': 1.1480499176217973, 'f': 2.2552480928315006, 'g': 1.2810957802833112}
Starting ML Fit
Box_n50_17_1400
       message: Optimization terminated successfully.
       success: True
        status: 0
           fun: 8310.668295980842
             x: [ 5.197e-01  1.048e+00  2.257e+00  1.282e+00]
           nit: 108
          nfev: 191
 final_simplex: (array([[ 5.197e-01,  1.048e+00,  2.257e+00,  1.282e+00],
                       [ 5.197e-01,  1.048e+00,  2.257e+00,  1.282e+00],
                       ...,
                       [ 5.197e-01,  1.048e+00,  2.257e+00,  1.282e+00],
                       [ 5.197e-01,  1.048e+00,  2.257e+00,  1.282e+00]]), array([ 8.311e+03,  8.311e+03,  8.311e+03,  8.311e+03,
                        8.311e+03]))
   param_names: ['d', 'e', 'f', 'g']
[0.51974743 1.04823063 2.25662898 1.28192908]
{'d': 0.5197474279657202, 'e': 1.0482306315177197, 'f': 2.2566289788290756, 'g': 1.281929080935933}
Previous:  {'d': 0.5267633123269274, 'e': 1.1480499176217973, 'f': 2.2552480928315006, 'g': 1.2810957802833112}
python -u fit_individ_iter.py Box_n50_17_1400 0.953321 Box_n50_17_1400 1.000000
prev {'d': 0.5197474279657202, 'e': 1.0482306315177197, 'f': 2.2566289788290756, 'g': 1.281929080935933}
Starting ML Fit
Box_n50_17_1400
       message: Optimization terminated successfully.
       success: True
        status: 0
           fun: 10261.69748663183
             x: [ 5.073e-01  9.406e-01  2.260e+00  1.294e+00]
           nit: 115
          nfev: 204
 final_simplex: (array([[ 5.073e-01,  9.406e-01,  2.260e+00,  1.294e+00],
                       [ 5.073e-01,  9.406e-01,  2.260e+00,  1.294e+00],
                       ...,
                       [ 5.073e-01,  9.406e-01,  2.260e+00,  1.294e+00],
                       [ 5.073e-01,  9.406e-01,  2.260e+00,  1.294e+00]]), array([ 1.026e+04,  1.026e+04,  1.026e+04,  1.026e+04,
                        1.026e+04]))
   param_names: ['d', 'e', 'f', 'g']
[0.50728582 0.94059535 2.25952831 1.29371886]
{'d': 0.5072858184103803, 'e': 0.940595349756434, 'f': 2.2595283125912777, 'g': 1.293718856141745}
Previous:  {'d': 0.5197474279657202, 'e': 1.0482306315177197, 'f': 2.2566289788290756, 'g': 1.281929080935933}
python -u fit_individ_iter.py Box_n50_17_1400 0.866399 Box_n50_17_1400 0.953321
prev {'d': 0.5072858184103803, 'e': 0.940595349756434, 'f': 2.2595283125912777, 'g': 1.293718856141745}
Starting ML Fit
Box_n50_17_1400
       message: Optimization terminated successfully.
       success: True
        status: 0
           fun: 5846.490261501546
             x: [ 4.913e-01  8.980e-01  2.261e+00  1.296e+00]
           nit: 137
          nfev: 243
 final_simplex: (array([[ 4.913e-01,  8.980e-01,  2.261e+00,  1.296e+00],
                       [ 4.913e-01,  8.980e-01,  2.261e+00,  1.296e+00],
                       ...,
                       [ 4.913e-01,  8.980e-01,  2.261e+00,  1.296e+00],
                       [ 4.913e-01,  8.980e-01,  2.261e+00,  1.296e+00]]), array([ 5.846e+03,  5.846e+03,  5.846e+03,  5.846e+03,
                        5.846e+03]))
   param_names: ['d', 'e', 'f', 'g']
[0.4913437  0.89797682 2.26102087 1.29647463]
{'d': 0.491343700185913, 'e': 0.8979768155158083, 'f': 2.261020865762151, 'g': 1.2964746324184762}
Previous:  {'d': 0.5072858184103803, 'e': 0.940595349756434, 'f': 2.2595283125912777, 'g': 1.293718856141745}
python -u fit_individ_iter.py Box_n50_17_1400 0.787402 Box_n50_17_1400 0.866399
prev {'d': 0.491343700185913, 'e': 0.8979768155158083, 'f': 2.261020865762151, 'g': 1.2964746324184762}
Starting ML Fit
Box_n50_17_1400
       message: Optimization terminated successfully.
       success: True
        status: 0
           fun: 5564.842473664265
             x: [ 4.783e-01  8.839e-01  2.261e+00  1.295e+00]
           nit: 103
          nfev: 183
 final_simplex: (array([[ 4.783e-01,  8.839e-01,  2.261e+00,  1.295e+00],
                       [ 4.783e-01,  8.840e-01,  2.261e+00,  1.295e+00],
                       ...,
                       [ 4.783e-01,  8.840e-01,  2.261e+00,  1.295e+00],
                       [ 4.783e-01,  8.840e-01,  2.261e+00,  1.295e+00]]), array([ 5.565e+03,  5.565e+03,  5.565e+03,  5.565e+03,
                        5.565e+03]))
   param_names: ['d', 'e', 'f', 'g']
[0.47831494 0.88393176 2.26134319 1.29510731]
{'d': 0.47831493551372317, 'e': 0.8839317553410446, 'f': 2.2613431898400815, 'g': 1.2951073075925104}
Previous:  {'d': 0.491343700185913, 'e': 0.8979768155158083, 'f': 2.261020865762151, 'g': 1.2964746324184762}
python -u fit_individ_iter.py Box_n50_17_1400 0.715608 Box_n50_17_1400 0.787402
prev {'d': 0.47831493551372317, 'e': 0.8839317553410446, 'f': 2.2613431898400815, 'g': 1.2951073075925104}
Starting ML Fit
Box_n50_17_1400
       message: Optimization terminated successfully.
       success: True
        status: 0
           fun: 8216.430118897959
             x: [ 4.659e-01  8.668e-01  2.263e+00  1.294e+00]
           nit: 97
          nfev: 173
 final_simplex: (array([[ 4.659e-01,  8.668e-01,  2.263e+00,  1.294e+00],
                       [ 4.659e-01,  8.668e-01,  2.263e+00,  1.294e+00],
                       ...,
                       [ 4.659e-01,  8.668e-01,  2.263e+00,  1.294e+00],
                       [ 4.659e-01,  8.668e-01,  2.263e+00,  1.294e+00]]), array([ 8.216e+03,  8.216e+03,  8.216e+03,  8.216e+03,
                        8.216e+03]))
   param_names: ['d', 'e', 'f', 'g']
[0.46594278 0.86675728 2.26262533 1.29374782]
{'d': 0.46594278355807933, 'e': 0.8667572823713172, 'f': 2.262625328610726, 'g': 1.2937478171426908}
Previous:  {'d': 0.47831493551372317, 'e': 0.8839317553410446, 'f': 2.2613431898400815, 'g': 1.2951073075925104}
python -u fit_individ_iter.py Box_n50_17_1400 0.650360 Box_n50_17_1400 0.715608
prev {'d': 0.46594278355807933, 'e': 0.8667572823713172, 'f': 2.262625328610726, 'g': 1.2937478171426908}
Starting ML Fit
Box_n50_17_1400
       message: Optimization terminated successfully.
       success: True
        status: 0
           fun: 6784.290859765828
             x: [ 4.521e-01  8.530e-01  2.264e+00  1.286e+00]
           nit: 105
          nfev: 181
 final_simplex: (array([[ 4.521e-01,  8.530e-01,  2.264e+00,  1.286e+00],
                       [ 4.520e-01,  8.529e-01,  2.264e+00,  1.286e+00],
                       ...,
                       [ 4.521e-01,  8.529e-01,  2.264e+00,  1.286e+00],
                       [ 4.520e-01,  8.529e-01,  2.264e+00,  1.286e+00]]), array([ 6.784e+03,  6.784e+03,  6.784e+03,  6.784e+03,
                        6.784e+03]))
   param_names: ['d', 'e', 'f', 'g']
[0.45205028 0.85295896 2.26395109 1.28646665]
{'d': 0.4520502763688633, 'e': 0.8529589632517025, 'f': 2.263951085122206, 'g': 1.2864666513053673}
Previous:  {'d': 0.46594278355807933, 'e': 0.8667572823713172, 'f': 2.262625328610726, 'g': 1.2937478171426908}
python -u fit_individ_iter.py Box_n50_17_1400 0.620002 Box_n50_17_1400 0.650360
prev {'d': 0.4520502763688633, 'e': 0.8529589632517025, 'f': 2.263951085122206, 'g': 1.2864666513053673}
Starting ML Fit
Box_n50_17_1400
       message: Optimization terminated successfully.
       success: True
        status: 0
           fun: 6250.3419340663595
             x: [ 4.457e-01  8.406e-01  2.265e+00  1.283e+00]
           nit: 93
          nfev: 165
 final_simplex: (array([[ 4.457e-01,  8.406e-01,  2.265e+00,  1.283e+00],
                       [ 4.457e-01,  8.405e-01,  2.265e+00,  1.283e+00],
                       ...,
                       [ 4.457e-01,  8.406e-01,  2.265e+00,  1.283e+00],
                       [ 4.457e-01,  8.405e-01,  2.265e+00,  1.283e+00]]), array([ 6.250e+03,  6.250e+03,  6.250e+03,  6.250e+03,
                        6.250e+03]))
   param_names: ['d', 'e', 'f', 'g']
[0.44572577 0.84056679 2.2650481  1.28338637]
{'d': 0.44572577346369024, 'e': 0.8405667914228647, 'f': 2.2650481044244124, 'g': 1.283386365765209}
Previous:  {'d': 0.4520502763688633, 'e': 0.8529589632517025, 'f': 2.263951085122206, 'g': 1.2864666513053673}
python -u fit_individ_iter.py Box_n50_17_1400 0.591061 Box_n50_17_1400 0.620002
prev {'d': 0.44572577346369024, 'e': 0.8405667914228647, 'f': 2.2650481044244124, 'g': 1.283386365765209}
Starting ML Fit
Box_n50_17_1400
       message: Optimization terminated successfully.
       success: True
        status: 0
           fun: 6074.714652152119
             x: [ 4.395e-01  8.273e-01  2.266e+00  1.280e+00]
           nit: 89
          nfev: 157
 final_simplex: (array([[ 4.395e-01,  8.273e-01,  2.266e+00,  1.280e+00],
                       [ 4.395e-01,  8.273e-01,  2.266e+00,  1.280e+00],
                       ...,
                       [ 4.395e-01,  8.273e-01,  2.266e+00,  1.280e+00],
                       [ 4.395e-01,  8.272e-01,  2.266e+00,  1.280e+00]]), array([ 6.075e+03,  6.075e+03,  6.075e+03,  6.075e+03,
                        6.075e+03]))
   param_names: ['d', 'e', 'f', 'g']
[0.4395081  0.82728077 2.26577462 1.28049267]
{'d': 0.43950810326378587, 'e': 0.8272807720922861, 'f': 2.2657746209481937, 'g': 1.2804926735473796}
Previous:  {'d': 0.44572577346369024, 'e': 0.8405667914228647, 'f': 2.2650481044244124, 'g': 1.283386365765209}
python -u fit_individ_iter.py Box_n50_17_1400 0.563471 Box_n50_17_1400 0.591061
prev {'d': 0.43950810326378587, 'e': 0.8272807720922861, 'f': 2.2657746209481937, 'g': 1.2804926735473796}
Starting ML Fit
Box_n50_17_1400
       message: Optimization terminated successfully.
       success: True
        status: 0
           fun: 4529.833360821924
             x: [ 4.349e-01  8.155e-01  2.267e+00  1.280e+00]
           nit: 98
          nfev: 179
 final_simplex: (array([[ 4.349e-01,  8.155e-01,  2.267e+00,  1.280e+00],
                       [ 4.349e-01,  8.156e-01,  2.267e+00,  1.280e+00],
                       ...,
                       [ 4.349e-01,  8.156e-01,  2.267e+00,  1.280e+00],
                       [ 4.349e-01,  8.156e-01,  2.267e+00,  1.280e+00]]), array([ 4.530e+03,  4.530e+03,  4.530e+03,  4.530e+03,
                        4.530e+03]))
   param_names: ['d', 'e', 'f', 'g']
[0.43492119 0.81551572 2.26671689 1.28003067]
{'d': 0.4349211938251397, 'e': 0.8155157235926099, 'f': 2.2667168885997735, 'g': 1.2800306660520993}
Previous:  {'d': 0.43950810326378587, 'e': 0.8272807720922861, 'f': 2.2657746209481937, 'g': 1.2804926735473796}
python -u fit_individ_iter.py Box_n50_17_1400 0.537169 Box_n50_17_1400 0.563471
prev {'d': 0.4349211938251397, 'e': 0.8155157235926099, 'f': 2.2667168885997735, 'g': 1.2800306660520993}
Starting ML Fit
Box_n50_17_1400
       message: Optimization terminated successfully.
       success: True
        status: 0
           fun: 2489.1705262367636
             x: [ 4.307e-01  8.253e-01  2.265e+00  1.276e+00]
           nit: 79
          nfev: 141
 final_simplex: (array([[ 4.307e-01,  8.253e-01,  2.265e+00,  1.276e+00],
                       [ 4.307e-01,  8.253e-01,  2.265e+00,  1.276e+00],
                       ...,
                       [ 4.307e-01,  8.253e-01,  2.265e+00,  1.276e+00],
                       [ 4.307e-01,  8.253e-01,  2.265e+00,  1.276e+00]]), array([ 2.489e+03,  2.489e+03,  2.489e+03,  2.489e+03,
                        2.489e+03]))
   param_names: ['d', 'e', 'f', 'g']
[0.4307377  0.82529857 2.26461882 1.2757488 ]
{'d': 0.43073769732613004, 'e': 0.8252985704152387, 'f': 2.26461882009224, 'g': 1.275748795739961}
Previous:  {'d': 0.4349211938251397, 'e': 0.8155157235926099, 'f': 2.2667168885997735, 'g': 1.2800306660520993}
python -u fit_individ_iter.py Box_n50_17_1400 0.512095 Box_n50_17_1400 0.537169
prev {'d': 0.43073769732613004, 'e': 0.8252985704152387, 'f': 2.26461882009224, 'g': 1.275748795739961}
Starting ML Fit
Box_n50_17_1400
       message: Optimization terminated successfully.
       success: True
        status: 0
           fun: 3382.574590637614
             x: [ 4.284e-01  8.467e-01  2.261e+00  1.272e+00]
           nit: 85
          nfev: 147
 final_simplex: (array([[ 4.284e-01,  8.467e-01,  2.261e+00,  1.272e+00],
                       [ 4.284e-01,  8.467e-01,  2.261e+00,  1.272e+00],
                       ...,
                       [ 4.284e-01,  8.466e-01,  2.261e+00,  1.272e+00],
                       [ 4.284e-01,  8.467e-01,  2.261e+00,  1.272e+00]]), array([ 3.383e+03,  3.383e+03,  3.383e+03,  3.383e+03,
                        3.383e+03]))
   param_names: ['d', 'e', 'f', 'g']
[0.42844104 0.84673463 2.26087831 1.27195328]
{'d': 0.428441038314165, 'e': 0.8467346282341077, 'f': 2.260878309701166, 'g': 1.271953281789353}
Previous:  {'d': 0.43073769732613004, 'e': 0.8252985704152387, 'f': 2.26461882009224, 'g': 1.275748795739961}
python -u fit_individ_iter.py Box_n50_17_1400 0.488191 Box_n50_17_1400 0.512095
prev {'d': 0.428441038314165, 'e': 0.8467346282341077, 'f': 2.260878309701166, 'g': 1.271953281789353}
Starting ML Fit
Box_n50_17_1400
       message: Optimization terminated successfully.
       success: True
        status: 0
           fun: 2785.550012947793
             x: [ 4.235e-01  8.504e-01  2.260e+00  1.267e+00]
           nit: 96
          nfev: 173
 final_simplex: (array([[ 4.235e-01,  8.504e-01,  2.260e+00,  1.267e+00],
                       [ 4.235e-01,  8.505e-01,  2.260e+00,  1.267e+00],
                       ...,
                       [ 4.235e-01,  8.504e-01,  2.260e+00,  1.267e+00],
                       [ 4.235e-01,  8.504e-01,  2.260e+00,  1.267e+00]]), array([ 2.786e+03,  2.786e+03,  2.786e+03,  2.786e+03,
                        2.786e+03]))
   param_names: ['d', 'e', 'f', 'g']
[0.42349255 0.85043904 2.2604441  1.26734101]
{'d': 0.4234925450946828, 'e': 0.8504390363302797, 'f': 2.260444104070354, 'g': 1.2673410099623166}
Previous:  {'d': 0.428441038314165, 'e': 0.8467346282341077, 'f': 2.260878309701166, 'g': 1.271953281789353}
python -u fit_individ_iter.py Box_n50_17_1400 0.403224 Box_n50_17_1400 0.488191
prev {'d': 0.4234925450946828, 'e': 0.8504390363302797, 'f': 2.260444104070354, 'g': 1.2673410099623166}
Starting ML Fit
Box_n50_17_1400
       message: Optimization terminated successfully.
       success: True
        status: 0
           fun: 2524.9778462738645
             x: [ 4.047e-01  8.535e-01  2.260e+00  1.252e+00]
           nit: 122
          nfev: 206
 final_simplex: (array([[ 4.047e-01,  8.535e-01,  2.260e+00,  1.252e+00],
                       [ 4.047e-01,  8.535e-01,  2.260e+00,  1.252e+00],
                       ...,
                       [ 4.047e-01,  8.536e-01,  2.260e+00,  1.252e+00],
                       [ 4.047e-01,  8.535e-01,  2.260e+00,  1.252e+00]]), array([ 2.525e+03,  2.525e+03,  2.525e+03,  2.525e+03,
                        2.525e+03]))
   param_names: ['d', 'e', 'f', 'g']
[0.4047312  0.85349968 2.2598744  1.25178962]
{'d': 0.4047311985833738, 'e': 0.8534996751775763, 'f': 2.2598743979556253, 'g': 1.251789617309226}
Previous:  {'d': 0.4234925450946828, 'e': 0.8504390363302797, 'f': 2.260444104070354, 'g': 1.2673410099623166}
python -u fit_individ_iter.py Box_n50_17_1400 0.366459 Box_n50_17_1400 0.403224
prev {'d': 0.4047311985833738, 'e': 0.8534996751775763, 'f': 2.2598743979556253, 'g': 1.251789617309226}
Starting ML Fit
Box_n50_17_1400
       message: Optimization terminated successfully.
       success: True
        status: 0
           fun: 5061.1877404327915
             x: [ 3.959e-01  8.560e-01  2.259e+00  1.246e+00]
           nit: 108
          nfev: 185
 final_simplex: (array([[ 3.959e-01,  8.560e-01,  2.259e+00,  1.246e+00],
                       [ 3.959e-01,  8.560e-01,  2.259e+00,  1.246e+00],
                       ...,
                       [ 3.959e-01,  8.560e-01,  2.259e+00,  1.246e+00],
                       [ 3.959e-01,  8.560e-01,  2.259e+00,  1.246e+00]]), array([ 5.061e+03,  5.061e+03,  5.061e+03,  5.061e+03,
                        5.061e+03]))
   param_names: ['d', 'e', 'f', 'g']
[0.3958823  0.85601111 2.25899562 1.24613309]
{'d': 0.3958823042771821, 'e': 0.8560111085223876, 'f': 2.2589956151210546, 'g': 1.2461330928872707}
Previous:  {'d': 0.4047311985833738, 'e': 0.8534996751775763, 'f': 2.2598743979556253, 'g': 1.251789617309226}
