Curr: Box40_1400, Prev: Box_n50_8_1400
alist [1.0, 0.953321, 0.866399, 0.787402, 0.715608, 0.65036, 0.620002, 0.591061, 0.563471, 0.537169, 0.512095, 0.488191, 0.403224, 0.366459]
python -u fit_individ_iter.py Box40_1400 1.000000 Box_n50_8_1400 1.000000
prev {'d': 0.5246807112999907, 'e': 1.0732588608166378, 'f': 2.2658722769871265, 'g': 1.2851955014070842}
Starting ML Fit
Box40_1400
       message: Optimization terminated successfully.
       success: True
        status: 0
           fun: 8016.065601116178
             x: [ 5.126e-01  1.073e+00  2.266e+00  1.265e+00]
           nit: 105
          nfev: 182
 final_simplex: (array([[ 5.126e-01,  1.073e+00,  2.266e+00,  1.265e+00],
                       [ 5.126e-01,  1.073e+00,  2.266e+00,  1.265e+00],
                       ...,
                       [ 5.126e-01,  1.073e+00,  2.266e+00,  1.265e+00],
                       [ 5.126e-01,  1.073e+00,  2.266e+00,  1.265e+00]]), array([ 8.016e+03,  8.016e+03,  8.016e+03,  8.016e+03,
                        8.016e+03]))
   param_names: ['d', 'e', 'f', 'g']
[0.51255593 1.07341963 2.2658748  1.26493301]
{'d': 0.5125559312256494, 'e': 1.073419633290806, 'f': 2.2658747998942737, 'g': 1.2649330050636054}
Previous:  {'d': 0.5246807112999907, 'e': 1.0732588608166378, 'f': 2.2658722769871265, 'g': 1.2851955014070842}
python -u fit_individ_iter.py Box40_1400 0.953321 Box40_1400 1.000000
prev {'d': 0.5125559312256494, 'e': 1.073419633290806, 'f': 2.2658747998942737, 'g': 1.2649330050636054}
Starting ML Fit
Box40_1400
       message: Optimization terminated successfully.
       success: True
        status: 0
           fun: 6691.260821730204
             x: [ 5.014e-01  1.077e+00  2.265e+00  1.263e+00]
           nit: 89
          nfev: 162
 final_simplex: (array([[ 5.014e-01,  1.077e+00,  2.265e+00,  1.263e+00],
                       [ 5.014e-01,  1.077e+00,  2.265e+00,  1.263e+00],
                       ...,
                       [ 5.014e-01,  1.077e+00,  2.265e+00,  1.263e+00],
                       [ 5.014e-01,  1.077e+00,  2.265e+00,  1.263e+00]]), array([ 6.691e+03,  6.691e+03,  6.691e+03,  6.691e+03,
                        6.691e+03]))
   param_names: ['d', 'e', 'f', 'g']
[0.5014195  1.07662816 2.26540307 1.26329133]
{'d': 0.5014195037425613, 'e': 1.0766281583600943, 'f': 2.2654030728093653, 'g': 1.2632913326862911}
Previous:  {'d': 0.5125559312256494, 'e': 1.073419633290806, 'f': 2.2658747998942737, 'g': 1.2649330050636054}
python -u fit_individ_iter.py Box40_1400 0.866399 Box40_1400 0.953321
prev {'d': 0.5014195037425613, 'e': 1.0766281583600943, 'f': 2.2654030728093653, 'g': 1.2632913326862911}
Starting ML Fit
Box40_1400
       message: Optimization terminated successfully.
       success: True
        status: 0
           fun: 8791.587725761088
             x: [ 4.859e-01  1.081e+00  2.264e+00  1.265e+00]
           nit: 109
          nfev: 191
 final_simplex: (array([[ 4.859e-01,  1.081e+00,  2.264e+00,  1.265e+00],
                       [ 4.859e-01,  1.081e+00,  2.264e+00,  1.265e+00],
                       ...,
                       [ 4.859e-01,  1.081e+00,  2.264e+00,  1.265e+00],
                       [ 4.859e-01,  1.081e+00,  2.264e+00,  1.265e+00]]), array([ 8.792e+03,  8.792e+03,  8.792e+03,  8.792e+03,
                        8.792e+03]))
   param_names: ['d', 'e', 'f', 'g']
[0.4859213  1.08078691 2.26411439 1.26475161]
{'d': 0.48592129541354995, 'e': 1.0807869068936038, 'f': 2.264114392540492, 'g': 1.264751610335758}
Previous:  {'d': 0.5014195037425613, 'e': 1.0766281583600943, 'f': 2.2654030728093653, 'g': 1.2632913326862911}
python -u fit_individ_iter.py Box40_1400 0.787402 Box40_1400 0.866399
prev {'d': 0.48592129541354995, 'e': 1.0807869068936038, 'f': 2.264114392540492, 'g': 1.264751610335758}
Starting ML Fit
Box40_1400
       message: Optimization terminated successfully.
       success: True
        status: 0
           fun: 14680.627646704992
             x: [ 4.702e-01  1.065e+00  2.266e+00  1.259e+00]
           nit: 114
          nfev: 203
 final_simplex: (array([[ 4.702e-01,  1.065e+00,  2.266e+00,  1.259e+00],
                       [ 4.702e-01,  1.065e+00,  2.266e+00,  1.259e+00],
                       ...,
                       [ 4.702e-01,  1.065e+00,  2.266e+00,  1.259e+00],
                       [ 4.702e-01,  1.065e+00,  2.266e+00,  1.259e+00]]), array([ 1.468e+04,  1.468e+04,  1.468e+04,  1.468e+04,
                        1.468e+04]))
   param_names: ['d', 'e', 'f', 'g']
[0.47016323 1.06496273 2.26600622 1.25903334]
{'d': 0.4701632338442341, 'e': 1.0649627346768615, 'f': 2.2660062205113434, 'g': 1.2590333440907928}
Previous:  {'d': 0.48592129541354995, 'e': 1.0807869068936038, 'f': 2.264114392540492, 'g': 1.264751610335758}
python -u fit_individ_iter.py Box40_1400 0.715608 Box40_1400 0.787402
prev {'d': 0.4701632338442341, 'e': 1.0649627346768615, 'f': 2.2660062205113434, 'g': 1.2590333440907928}
Starting ML Fit
Box40_1400
       message: Optimization terminated successfully.
       success: True
        status: 0
           fun: 11157.717102706187
             x: [ 4.539e-01  1.053e+00  2.268e+00  1.256e+00]
           nit: 104
          nfev: 187
 final_simplex: (array([[ 4.539e-01,  1.053e+00,  2.268e+00,  1.256e+00],
                       [ 4.539e-01,  1.053e+00,  2.268e+00,  1.256e+00],
                       ...,
                       [ 4.539e-01,  1.053e+00,  2.268e+00,  1.256e+00],
                       [ 4.539e-01,  1.053e+00,  2.268e+00,  1.256e+00]]), array([ 1.116e+04,  1.116e+04,  1.116e+04,  1.116e+04,
                        1.116e+04]))
   param_names: ['d', 'e', 'f', 'g']
[0.45390278 1.05267416 2.26787678 1.25566513]
{'d': 0.45390278295658404, 'e': 1.0526741565205937, 'f': 2.2678767830386644, 'g': 1.2556651316024965}
Previous:  {'d': 0.4701632338442341, 'e': 1.0649627346768615, 'f': 2.2660062205113434, 'g': 1.2590333440907928}
python -u fit_individ_iter.py Box40_1400 0.650360 Box40_1400 0.715608
prev {'d': 0.45390278295658404, 'e': 1.0526741565205937, 'f': 2.2678767830386644, 'g': 1.2556651316024965}
Starting ML Fit
Box40_1400
       message: Optimization terminated successfully.
       success: True
        status: 0
           fun: 11161.518665132899
             x: [ 4.415e-01  1.043e+00  2.269e+00  1.248e+00]
           nit: 88
          nfev: 155
 final_simplex: (array([[ 4.415e-01,  1.043e+00,  2.269e+00,  1.248e+00],
                       [ 4.415e-01,  1.043e+00,  2.269e+00,  1.248e+00],
                       ...,
                       [ 4.415e-01,  1.043e+00,  2.269e+00,  1.248e+00],
                       [ 4.415e-01,  1.043e+00,  2.269e+00,  1.248e+00]]), array([ 1.116e+04,  1.116e+04,  1.116e+04,  1.116e+04,
                        1.116e+04]))
   param_names: ['d', 'e', 'f', 'g']
[0.44150098 1.04328412 2.26921389 1.24809466]
{'d': 0.44150098279109923, 'e': 1.0432841157966626, 'f': 2.269213894732353, 'g': 1.248094662145855}
Previous:  {'d': 0.45390278295658404, 'e': 1.0526741565205937, 'f': 2.2678767830386644, 'g': 1.2556651316024965}
python -u fit_individ_iter.py Box40_1400 0.620002 Box40_1400 0.650360
prev {'d': 0.44150098279109923, 'e': 1.0432841157966626, 'f': 2.269213894732353, 'g': 1.248094662145855}
Starting ML Fit
Box40_1400
       message: Optimization terminated successfully.
       success: True
        status: 0
           fun: 9651.132240509805
             x: [ 4.361e-01  1.042e+00  2.269e+00  1.248e+00]
           nit: 85
          nfev: 158
 final_simplex: (array([[ 4.361e-01,  1.042e+00,  2.269e+00,  1.248e+00],
                       [ 4.361e-01,  1.042e+00,  2.269e+00,  1.248e+00],
                       ...,
                       [ 4.361e-01,  1.042e+00,  2.269e+00,  1.248e+00],
                       [ 4.361e-01,  1.042e+00,  2.269e+00,  1.248e+00]]), array([ 9.651e+03,  9.651e+03,  9.651e+03,  9.651e+03,
                        9.651e+03]))
   param_names: ['d', 'e', 'f', 'g']
[0.43611923 1.04169979 2.26887593 1.24845841]
{'d': 0.43611923013038034, 'e': 1.0416997896859126, 'f': 2.268875925129138, 'g': 1.2484584063767887}
Previous:  {'d': 0.44150098279109923, 'e': 1.0432841157966626, 'f': 2.269213894732353, 'g': 1.248094662145855}
python -u fit_individ_iter.py Box40_1400 0.591061 Box40_1400 0.620002
prev {'d': 0.43611923013038034, 'e': 1.0416997896859126, 'f': 2.268875925129138, 'g': 1.2484584063767887}
Starting ML Fit
Box40_1400
       message: Optimization terminated successfully.
       success: True
        status: 0
           fun: 6269.741382982398
             x: [ 4.302e-01  1.042e+00  2.268e+00  1.245e+00]
           nit: 85
          nfev: 150
 final_simplex: (array([[ 4.302e-01,  1.042e+00,  2.268e+00,  1.245e+00],
                       [ 4.302e-01,  1.042e+00,  2.268e+00,  1.245e+00],
                       ...,
                       [ 4.302e-01,  1.042e+00,  2.268e+00,  1.245e+00],
                       [ 4.302e-01,  1.042e+00,  2.268e+00,  1.245e+00]]), array([ 6.270e+03,  6.270e+03,  6.270e+03,  6.270e+03,
                        6.270e+03]))
   param_names: ['d', 'e', 'f', 'g']
[0.43017485 1.04237044 2.26833324 1.24460869]
{'d': 0.4301748524158462, 'e': 1.0423704431731502, 'f': 2.2683332364881528, 'g': 1.2446086868736708}
Previous:  {'d': 0.43611923013038034, 'e': 1.0416997896859126, 'f': 2.268875925129138, 'g': 1.2484584063767887}
python -u fit_individ_iter.py Box40_1400 0.563471 Box40_1400 0.591061
prev {'d': 0.4301748524158462, 'e': 1.0423704431731502, 'f': 2.2683332364881528, 'g': 1.2446086868736708}
Starting ML Fit
Box40_1400
       message: Optimization terminated successfully.
       success: True
        status: 0
           fun: 8692.607341216984
             x: [ 4.238e-01  1.039e+00  2.269e+00  1.244e+00]
           nit: 89
          nfev: 157
 final_simplex: (array([[ 4.238e-01,  1.039e+00,  2.269e+00,  1.244e+00],
                       [ 4.238e-01,  1.039e+00,  2.269e+00,  1.244e+00],
                       ...,
                       [ 4.238e-01,  1.039e+00,  2.269e+00,  1.244e+00],
                       [ 4.238e-01,  1.039e+00,  2.269e+00,  1.244e+00]]), array([ 8.693e+03,  8.693e+03,  8.693e+03,  8.693e+03,
                        8.693e+03]))
   param_names: ['d', 'e', 'f', 'g']
[0.42377194 1.03933803 2.2687419  1.24359976]
{'d': 0.42377193728952456, 'e': 1.0393380279979454, 'f': 2.268741899166507, 'g': 1.2435997596628785}
Previous:  {'d': 0.4301748524158462, 'e': 1.0423704431731502, 'f': 2.2683332364881528, 'g': 1.2446086868736708}
python -u fit_individ_iter.py Box40_1400 0.537169 Box40_1400 0.563471
prev {'d': 0.42377193728952456, 'e': 1.0393380279979454, 'f': 2.268741899166507, 'g': 1.2435997596628785}
Starting ML Fit
Box40_1400
       message: Optimization terminated successfully.
       success: True
        status: 0
           fun: 9653.70119430634
             x: [ 4.229e-01  1.043e+00  2.267e+00  1.243e+00]
           nit: 87
          nfev: 152
 final_simplex: (array([[ 4.229e-01,  1.043e+00,  2.267e+00,  1.243e+00],
                       [ 4.229e-01,  1.043e+00,  2.267e+00,  1.243e+00],
                       ...,
                       [ 4.229e-01,  1.043e+00,  2.267e+00,  1.243e+00],
                       [ 4.230e-01,  1.043e+00,  2.267e+00,  1.243e+00]]), array([ 9.654e+03,  9.654e+03,  9.654e+03,  9.654e+03,
                        9.654e+03]))
   param_names: ['d', 'e', 'f', 'g']
[0.42294777 1.04319287 2.26747797 1.24345417]
{'d': 0.42294777279853607, 'e': 1.0431928652069327, 'f': 2.267477967935314, 'g': 1.24345417257978}
Previous:  {'d': 0.42377193728952456, 'e': 1.0393380279979454, 'f': 2.268741899166507, 'g': 1.2435997596628785}
python -u fit_individ_iter.py Box40_1400 0.512095 Box40_1400 0.537169
prev {'d': 0.42294777279853607, 'e': 1.0431928652069327, 'f': 2.267477967935314, 'g': 1.24345417257978}
Starting ML Fit
Box40_1400
       message: Optimization terminated successfully.
       success: True
        status: 0
           fun: 6119.43775357566
             x: [ 4.196e-01  1.047e+00  2.266e+00  1.242e+00]
           nit: 78
          nfev: 143
 final_simplex: (array([[ 4.196e-01,  1.047e+00,  2.266e+00,  1.242e+00],
                       [ 4.196e-01,  1.047e+00,  2.266e+00,  1.242e+00],
                       ...,
                       [ 4.196e-01,  1.047e+00,  2.266e+00,  1.242e+00],
                       [ 4.196e-01,  1.047e+00,  2.266e+00,  1.242e+00]]), array([ 6.119e+03,  6.119e+03,  6.119e+03,  6.119e+03,
                        6.119e+03]))
   param_names: ['d', 'e', 'f', 'g']
[0.41955893 1.04686131 2.26630087 1.24208901]
{'d': 0.4195589333752932, 'e': 1.046861311548954, 'f': 2.2663008713441357, 'g': 1.2420890144348176}
Previous:  {'d': 0.42294777279853607, 'e': 1.0431928652069327, 'f': 2.267477967935314, 'g': 1.24345417257978}
python -u fit_individ_iter.py Box40_1400 0.488191 Box40_1400 0.512095
prev {'d': 0.4195589333752932, 'e': 1.046861311548954, 'f': 2.2663008713441357, 'g': 1.2420890144348176}
Starting ML Fit
Box40_1400
       message: Optimization terminated successfully.
       success: True
        status: 0
           fun: 7007.864627676743
             x: [ 4.189e-01  1.048e+00  2.266e+00  1.241e+00]
           nit: 78
          nfev: 141
 final_simplex: (array([[ 4.189e-01,  1.048e+00,  2.266e+00,  1.241e+00],
                       [ 4.189e-01,  1.048e+00,  2.266e+00,  1.241e+00],
                       ...,
                       [ 4.189e-01,  1.048e+00,  2.266e+00,  1.241e+00],
                       [ 4.189e-01,  1.048e+00,  2.266e+00,  1.241e+00]]), array([ 7.008e+03,  7.008e+03,  7.008e+03,  7.008e+03,
                        7.008e+03]))
   param_names: ['d', 'e', 'f', 'g']
[0.41885654 1.04802507 2.26591216 1.24066564]
{'d': 0.41885653999931355, 'e': 1.0480250723975124, 'f': 2.265912157187213, 'g': 1.2406656442058677}
Previous:  {'d': 0.4195589333752932, 'e': 1.046861311548954, 'f': 2.2663008713441357, 'g': 1.2420890144348176}
python -u fit_individ_iter.py Box40_1400 0.403224 Box40_1400 0.488191
prev {'d': 0.41885653999931355, 'e': 1.0480250723975124, 'f': 2.265912157187213, 'g': 1.2406656442058677}
Starting ML Fit
Box40_1400
       message: Optimization terminated successfully.
       success: True
        status: 0
           fun: 5729.930855055911
             x: [ 4.032e-01  1.051e+00  2.265e+00  1.234e+00]
           nit: 110
          nfev: 190
 final_simplex: (array([[ 4.032e-01,  1.051e+00,  2.265e+00,  1.234e+00],
                       [ 4.032e-01,  1.051e+00,  2.265e+00,  1.234e+00],
                       ...,
                       [ 4.032e-01,  1.051e+00,  2.265e+00,  1.234e+00],
                       [ 4.031e-01,  1.051e+00,  2.265e+00,  1.234e+00]]), array([ 5.730e+03,  5.730e+03,  5.730e+03,  5.730e+03,
                        5.730e+03]))
   param_names: ['d', 'e', 'f', 'g']
[0.40315411 1.05118817 2.26517557 1.23424336]
{'d': 0.40315411079039415, 'e': 1.0511881714984708, 'f': 2.26517556834976, 'g': 1.2342433623543378}
Previous:  {'d': 0.41885653999931355, 'e': 1.0480250723975124, 'f': 2.265912157187213, 'g': 1.2406656442058677}
python -u fit_individ_iter.py Box40_1400 0.366459 Box40_1400 0.403224
prev {'d': 0.40315411079039415, 'e': 1.0511881714984708, 'f': 2.26517556834976, 'g': 1.2342433623543378}
Starting ML Fit
Box40_1400
       message: Optimization terminated successfully.
       success: True
        status: 0
           fun: 2107.2866339661155
             x: [ 3.949e-01  1.053e+00  2.265e+00  1.227e+00]
           nit: 76
          nfev: 140
 final_simplex: (array([[ 3.949e-01,  1.053e+00,  2.265e+00,  1.227e+00],
                       [ 3.949e-01,  1.053e+00,  2.265e+00,  1.227e+00],
                       ...,
                       [ 3.949e-01,  1.053e+00,  2.265e+00,  1.227e+00],
                       [ 3.949e-01,  1.053e+00,  2.265e+00,  1.227e+00]]), array([ 2.107e+03,  2.107e+03,  2.107e+03,  2.107e+03,
                        2.107e+03]))
   param_names: ['d', 'e', 'f', 'g']
[0.39490139 1.05317834 2.26457624 1.22687458]
{'d': 0.3949013895272429, 'e': 1.0531783369792191, 'f': 2.264576239567967, 'g': 1.2268745810795718}
Previous:  {'d': 0.40315411079039415, 'e': 1.0511881714984708, 'f': 2.26517556834976, 'g': 1.2342433623543378}
