Curr: Box_n50_37_1400, Prev: Box_n50_33_1400
alist [1.0, 0.953321, 0.866399, 0.787402, 0.715608, 0.65036, 0.620002, 0.591061, 0.563471, 0.537169, 0.512095, 0.488191, 0.403224, 0.366459]
python -u fit_individ_iter.py Box_n50_37_1400 1.000000 Box_n50_33_1400 1.000000
prev {'d': 0.5511969546970149, 'e': 1.1014128011845705, 'f': 2.2607285414510776, 'g': 1.294916241480146}
Starting ML Fit
Box_n50_37_1400
       message: Optimization terminated successfully.
       success: True
        status: 0
           fun: 3654.282205723974
             x: [ 5.476e-01  1.112e+00  2.260e+00  1.287e+00]
           nit: 77
          nfev: 142
 final_simplex: (array([[ 5.476e-01,  1.112e+00,  2.260e+00,  1.287e+00],
                       [ 5.476e-01,  1.112e+00,  2.260e+00,  1.287e+00],
                       ...,
                       [ 5.476e-01,  1.112e+00,  2.260e+00,  1.287e+00],
                       [ 5.476e-01,  1.112e+00,  2.260e+00,  1.287e+00]]), array([ 3.654e+03,  3.654e+03,  3.654e+03,  3.654e+03,
                        3.654e+03]))
   param_names: ['d', 'e', 'f', 'g']
[0.54756714 1.11186163 2.26011853 1.28655877]
{'d': 0.5475671375718189, 'e': 1.1118616267572234, 'f': 2.2601185280536162, 'g': 1.2865587715022595}
Previous:  {'d': 0.5511969546970149, 'e': 1.1014128011845705, 'f': 2.2607285414510776, 'g': 1.294916241480146}
python -u fit_individ_iter.py Box_n50_37_1400 0.953321 Box_n50_37_1400 1.000000
prev {'d': 0.5475671375718189, 'e': 1.1118616267572234, 'f': 2.2601185280536162, 'g': 1.2865587715022595}
Starting ML Fit
Box_n50_37_1400
       message: Optimization terminated successfully.
       success: True
        status: 0
           fun: 7239.143001345597
             x: [ 5.379e-01  1.109e+00  2.261e+00  1.287e+00]
           nit: 100
          nfev: 177
 final_simplex: (array([[ 5.379e-01,  1.109e+00,  2.261e+00,  1.287e+00],
                       [ 5.379e-01,  1.109e+00,  2.261e+00,  1.287e+00],
                       ...,
                       [ 5.379e-01,  1.109e+00,  2.261e+00,  1.287e+00],
                       [ 5.379e-01,  1.109e+00,  2.261e+00,  1.287e+00]]), array([ 7.239e+03,  7.239e+03,  7.239e+03,  7.239e+03,
                        7.239e+03]))
   param_names: ['d', 'e', 'f', 'g']
[0.53794606 1.10905532 2.26056349 1.28722205]
{'d': 0.5379460577985274, 'e': 1.1090553233522855, 'f': 2.2605634871758062, 'g': 1.2872220474631706}
Previous:  {'d': 0.5475671375718189, 'e': 1.1118616267572234, 'f': 2.2601185280536162, 'g': 1.2865587715022595}
python -u fit_individ_iter.py Box_n50_37_1400 0.866399 Box_n50_37_1400 0.953321
prev {'d': 0.5379460577985274, 'e': 1.1090553233522855, 'f': 2.2605634871758062, 'g': 1.2872220474631706}
Starting ML Fit
Box_n50_37_1400
       message: Optimization terminated successfully.
       success: True
        status: 0
           fun: 5704.016049189241
             x: [ 5.206e-01  1.088e+00  2.263e+00  1.287e+00]
           nit: 105
          nfev: 184
 final_simplex: (array([[ 5.206e-01,  1.088e+00,  2.263e+00,  1.287e+00],
                       [ 5.206e-01,  1.088e+00,  2.263e+00,  1.287e+00],
                       ...,
                       [ 5.206e-01,  1.088e+00,  2.263e+00,  1.287e+00],
                       [ 5.206e-01,  1.088e+00,  2.263e+00,  1.287e+00]]), array([ 5.704e+03,  5.704e+03,  5.704e+03,  5.704e+03,
                        5.704e+03]))
   param_names: ['d', 'e', 'f', 'g']
[0.52056824 1.08798998 2.26294812 1.28658942]
{'d': 0.520568239353721, 'e': 1.087989984834679, 'f': 2.2629481215504885, 'g': 1.2865894192894936}
Previous:  {'d': 0.5379460577985274, 'e': 1.1090553233522855, 'f': 2.2605634871758062, 'g': 1.2872220474631706}
python -u fit_individ_iter.py Box_n50_37_1400 0.787402 Box_n50_37_1400 0.866399
prev {'d': 0.520568239353721, 'e': 1.087989984834679, 'f': 2.2629481215504885, 'g': 1.2865894192894936}
Starting ML Fit
Box_n50_37_1400
       message: Optimization terminated successfully.
       success: True
        status: 0
           fun: 7869.144411100113
             x: [ 5.063e-01  1.087e+00  2.264e+00  1.285e+00]
           nit: 93
          nfev: 167
 final_simplex: (array([[ 5.063e-01,  1.087e+00,  2.264e+00,  1.285e+00],
                       [ 5.063e-01,  1.087e+00,  2.264e+00,  1.285e+00],
                       ...,
                       [ 5.063e-01,  1.087e+00,  2.264e+00,  1.285e+00],
                       [ 5.063e-01,  1.087e+00,  2.264e+00,  1.285e+00]]), array([ 7.869e+03,  7.869e+03,  7.869e+03,  7.869e+03,
                        7.869e+03]))
   param_names: ['d', 'e', 'f', 'g']
[0.5062724  1.08732262 2.26382857 1.28541243]
{'d': 0.5062723992168375, 'e': 1.0873226167197605, 'f': 2.2638285727783973, 'g': 1.2854124322580367}
Previous:  {'d': 0.520568239353721, 'e': 1.087989984834679, 'f': 2.2629481215504885, 'g': 1.2865894192894936}
python -u fit_individ_iter.py Box_n50_37_1400 0.715608 Box_n50_37_1400 0.787402
prev {'d': 0.5062723992168375, 'e': 1.0873226167197605, 'f': 2.2638285727783973, 'g': 1.2854124322580367}
Starting ML Fit
Box_n50_37_1400
       message: Optimization terminated successfully.
       success: True
        status: 0
           fun: 6971.398821325437
             x: [ 4.902e-01  1.078e+00  2.265e+00  1.281e+00]
           nit: 114
          nfev: 200
 final_simplex: (array([[ 4.902e-01,  1.078e+00,  2.265e+00,  1.281e+00],
                       [ 4.902e-01,  1.078e+00,  2.265e+00,  1.281e+00],
                       ...,
                       [ 4.902e-01,  1.078e+00,  2.265e+00,  1.281e+00],
                       [ 4.902e-01,  1.078e+00,  2.265e+00,  1.281e+00]]), array([ 6.971e+03,  6.971e+03,  6.971e+03,  6.971e+03,
                        6.971e+03]))
   param_names: ['d', 'e', 'f', 'g']
[0.49018173 1.0778315  2.26532916 1.28101397]
{'d': 0.49018173461739933, 'e': 1.0778315037264068, 'f': 2.26532915964703, 'g': 1.281013969978576}
Previous:  {'d': 0.5062723992168375, 'e': 1.0873226167197605, 'f': 2.2638285727783973, 'g': 1.2854124322580367}
python -u fit_individ_iter.py Box_n50_37_1400 0.650360 Box_n50_37_1400 0.715608
prev {'d': 0.49018173461739933, 'e': 1.0778315037264068, 'f': 2.26532915964703, 'g': 1.281013969978576}
Starting ML Fit
Box_n50_37_1400
       message: Optimization terminated successfully.
       success: True
        status: 0
           fun: 5292.961861493807
             x: [ 4.753e-01  1.065e+00  2.267e+00  1.277e+00]
           nit: 111
          nfev: 195
 final_simplex: (array([[ 4.753e-01,  1.065e+00,  2.267e+00,  1.277e+00],
                       [ 4.753e-01,  1.065e+00,  2.267e+00,  1.277e+00],
                       ...,
                       [ 4.753e-01,  1.066e+00,  2.267e+00,  1.277e+00],
                       [ 4.753e-01,  1.066e+00,  2.267e+00,  1.277e+00]]), array([ 5.293e+03,  5.293e+03,  5.293e+03,  5.293e+03,
                        5.293e+03]))
   param_names: ['d', 'e', 'f', 'g']
[0.47532137 1.06549512 2.26738201 1.27717432]
{'d': 0.4753213710252448, 'e': 1.06549512073948, 'f': 2.2673820069600232, 'g': 1.2771743200400796}
Previous:  {'d': 0.49018173461739933, 'e': 1.0778315037264068, 'f': 2.26532915964703, 'g': 1.281013969978576}
python -u fit_individ_iter.py Box_n50_37_1400 0.620002 Box_n50_37_1400 0.650360
prev {'d': 0.4753213710252448, 'e': 1.06549512073948, 'f': 2.2673820069600232, 'g': 1.2771743200400796}
Starting ML Fit
Box_n50_37_1400
       message: Optimization terminated successfully.
       success: True
        status: 0
           fun: 4886.501030136972
             x: [ 4.688e-01  1.055e+00  2.269e+00  1.276e+00]
           nit: 93
          nfev: 165
 final_simplex: (array([[ 4.688e-01,  1.055e+00,  2.269e+00,  1.276e+00],
                       [ 4.688e-01,  1.055e+00,  2.269e+00,  1.276e+00],
                       ...,
                       [ 4.688e-01,  1.054e+00,  2.269e+00,  1.276e+00],
                       [ 4.688e-01,  1.054e+00,  2.269e+00,  1.276e+00]]), array([ 4.887e+03,  4.887e+03,  4.887e+03,  4.887e+03,
                        4.887e+03]))
   param_names: ['d', 'e', 'f', 'g']
[0.46876299 1.05450701 2.26930953 1.27622396]
{'d': 0.4687629923442599, 'e': 1.0545070088021211, 'f': 2.269309530576695, 'g': 1.2762239617542135}
Previous:  {'d': 0.4753213710252448, 'e': 1.06549512073948, 'f': 2.2673820069600232, 'g': 1.2771743200400796}
python -u fit_individ_iter.py Box_n50_37_1400 0.591061 Box_n50_37_1400 0.620002
prev {'d': 0.4687629923442599, 'e': 1.0545070088021211, 'f': 2.269309530576695, 'g': 1.2762239617542135}
Starting ML Fit
Box_n50_37_1400
       message: Optimization terminated successfully.
       success: True
        status: 0
           fun: 5577.587062467324
             x: [ 4.599e-01  1.026e+00  2.274e+00  1.274e+00]
           nit: 88
          nfev: 162
 final_simplex: (array([[ 4.599e-01,  1.026e+00,  2.274e+00,  1.274e+00],
                       [ 4.599e-01,  1.026e+00,  2.274e+00,  1.274e+00],
                       ...,
                       [ 4.598e-01,  1.026e+00,  2.274e+00,  1.274e+00],
                       [ 4.599e-01,  1.026e+00,  2.274e+00,  1.274e+00]]), array([ 5.578e+03,  5.578e+03,  5.578e+03,  5.578e+03,
                        5.578e+03]))
   param_names: ['d', 'e', 'f', 'g']
[0.45985067 1.02566319 2.27415881 1.27356513]
{'d': 0.45985067483981257, 'e': 1.025663190846207, 'f': 2.274158808880083, 'g': 1.2735651294684582}
Previous:  {'d': 0.4687629923442599, 'e': 1.0545070088021211, 'f': 2.269309530576695, 'g': 1.2762239617542135}
python -u fit_individ_iter.py Box_n50_37_1400 0.563471 Box_n50_37_1400 0.591061
prev {'d': 0.45985067483981257, 'e': 1.025663190846207, 'f': 2.274158808880083, 'g': 1.2735651294684582}
Starting ML Fit
Box_n50_37_1400
       message: Optimization terminated successfully.
       success: True
        status: 0
           fun: 4612.814802699829
             x: [ 4.540e-01  1.012e+00  2.277e+00  1.275e+00]
           nit: 93
          nfev: 170
 final_simplex: (array([[ 4.540e-01,  1.012e+00,  2.277e+00,  1.275e+00],
                       [ 4.540e-01,  1.012e+00,  2.277e+00,  1.275e+00],
                       ...,
                       [ 4.540e-01,  1.012e+00,  2.277e+00,  1.275e+00],
                       [ 4.540e-01,  1.012e+00,  2.277e+00,  1.275e+00]]), array([ 4.613e+03,  4.613e+03,  4.613e+03,  4.613e+03,
                        4.613e+03]))
   param_names: ['d', 'e', 'f', 'g']
[0.45396515 1.01162256 2.27667951 1.27475533]
{'d': 0.45396515353318023, 'e': 1.0116225610355927, 'f': 2.276679506718798, 'g': 1.2747553304276436}
Previous:  {'d': 0.45985067483981257, 'e': 1.025663190846207, 'f': 2.274158808880083, 'g': 1.2735651294684582}
python -u fit_individ_iter.py Box_n50_37_1400 0.537169 Box_n50_37_1400 0.563471
prev {'d': 0.45396515353318023, 'e': 1.0116225610355927, 'f': 2.276679506718798, 'g': 1.2747553304276436}
Starting ML Fit
Box_n50_37_1400
       message: Optimization terminated successfully.
       success: True
        status: 0
           fun: 2240.860256056882
             x: [ 4.452e-01  9.881e-01  2.281e+00  1.270e+00]
           nit: 96
          nfev: 174
 final_simplex: (array([[ 4.452e-01,  9.881e-01,  2.281e+00,  1.270e+00],
                       [ 4.452e-01,  9.882e-01,  2.281e+00,  1.270e+00],
                       ...,
                       [ 4.452e-01,  9.881e-01,  2.281e+00,  1.270e+00],
                       [ 4.452e-01,  9.882e-01,  2.281e+00,  1.270e+00]]), array([ 2.241e+03,  2.241e+03,  2.241e+03,  2.241e+03,
                        2.241e+03]))
   param_names: ['d', 'e', 'f', 'g']
[0.44522124 0.98813804 2.28136727 1.27009464]
{'d': 0.44522124370964433, 'e': 0.9881380389704199, 'f': 2.2813672737711093, 'g': 1.2700946422533792}
Previous:  {'d': 0.45396515353318023, 'e': 1.0116225610355927, 'f': 2.276679506718798, 'g': 1.2747553304276436}
python -u fit_individ_iter.py Box_n50_37_1400 0.512095 Box_n50_37_1400 0.537169
prev {'d': 0.44522124370964433, 'e': 0.9881380389704199, 'f': 2.2813672737711093, 'g': 1.2700946422533792}
Starting ML Fit
Box_n50_37_1400
       message: Optimization terminated successfully.
       success: True
        status: 0
           fun: 8270.968653609561
             x: [ 4.397e-01  9.539e-01  2.288e+00  1.273e+00]
           nit: 78
          nfev: 146
 final_simplex: (array([[ 4.397e-01,  9.539e-01,  2.288e+00,  1.273e+00],
                       [ 4.397e-01,  9.540e-01,  2.288e+00,  1.273e+00],
                       ...,
                       [ 4.397e-01,  9.539e-01,  2.288e+00,  1.273e+00],
                       [ 4.397e-01,  9.540e-01,  2.288e+00,  1.273e+00]]), array([ 8.271e+03,  8.271e+03,  8.271e+03,  8.271e+03,
                        8.271e+03]))
   param_names: ['d', 'e', 'f', 'g']
[0.43966315 0.95392052 2.28830838 1.27296549]
{'d': 0.43966314865586564, 'e': 0.9539205212058903, 'f': 2.288308382349295, 'g': 1.272965490870225}
Previous:  {'d': 0.44522124370964433, 'e': 0.9881380389704199, 'f': 2.2813672737711093, 'g': 1.2700946422533792}
python -u fit_individ_iter.py Box_n50_37_1400 0.488191 Box_n50_37_1400 0.512095
prev {'d': 0.43966314865586564, 'e': 0.9539205212058903, 'f': 2.288308382349295, 'g': 1.272965490870225}
Starting ML Fit
Box_n50_37_1400
       message: Optimization terminated successfully.
       success: True
        status: 0
           fun: 2386.154481674208
             x: [ 4.363e-01  9.427e-01  2.291e+00  1.275e+00]
           nit: 82
          nfev: 151
 final_simplex: (array([[ 4.363e-01,  9.427e-01,  2.291e+00,  1.275e+00],
                       [ 4.363e-01,  9.427e-01,  2.291e+00,  1.275e+00],
                       ...,
                       [ 4.363e-01,  9.427e-01,  2.291e+00,  1.275e+00],
                       [ 4.363e-01,  9.426e-01,  2.291e+00,  1.275e+00]]), array([ 2.386e+03,  2.386e+03,  2.386e+03,  2.386e+03,
                        2.386e+03]))
   param_names: ['d', 'e', 'f', 'g']
[0.43628115 0.94266285 2.29090434 1.27542404]
{'d': 0.4362811494991389, 'e': 0.9426628537277677, 'f': 2.2909043374056832, 'g': 1.2754240446150884}
Previous:  {'d': 0.43966314865586564, 'e': 0.9539205212058903, 'f': 2.288308382349295, 'g': 1.272965490870225}
python -u fit_individ_iter.py Box_n50_37_1400 0.403224 Box_n50_37_1400 0.488191
prev {'d': 0.4362811494991389, 'e': 0.9426628537277677, 'f': 2.2909043374056832, 'g': 1.2754240446150884}
Starting ML Fit
Box_n50_37_1400
       message: Optimization terminated successfully.
       success: True
        status: 0
           fun: 5141.297708786926
             x: [ 4.182e-01  9.398e-01  2.292e+00  1.267e+00]
           nit: 113
          nfev: 192
 final_simplex: (array([[ 4.182e-01,  9.398e-01,  2.292e+00,  1.267e+00],
                       [ 4.182e-01,  9.398e-01,  2.292e+00,  1.267e+00],
                       ...,
                       [ 4.182e-01,  9.397e-01,  2.292e+00,  1.267e+00],
                       [ 4.182e-01,  9.398e-01,  2.292e+00,  1.267e+00]]), array([ 5.141e+03,  5.141e+03,  5.141e+03,  5.141e+03,
                        5.141e+03]))
   param_names: ['d', 'e', 'f', 'g']
[0.4181828  0.93979105 2.29245683 1.2666377 ]
{'d': 0.41818279636637934, 'e': 0.9397910541600134, 'f': 2.2924568262089133, 'g': 1.2666377007141694}
Previous:  {'d': 0.4362811494991389, 'e': 0.9426628537277677, 'f': 2.2909043374056832, 'g': 1.2754240446150884}
python -u fit_individ_iter.py Box_n50_37_1400 0.366459 Box_n50_37_1400 0.403224
prev {'d': 0.41818279636637934, 'e': 0.9397910541600134, 'f': 2.2924568262089133, 'g': 1.2666377007141694}
Starting ML Fit
Box_n50_37_1400
       message: Optimization terminated successfully.
       success: True
        status: 0
           fun: 4149.63413014182
             x: [ 3.996e-01  9.348e-01  2.295e+00  1.254e+00]
           nit: 99
          nfev: 176
 final_simplex: (array([[ 3.996e-01,  9.348e-01,  2.295e+00,  1.254e+00],
                       [ 3.997e-01,  9.348e-01,  2.295e+00,  1.254e+00],
                       ...,
                       [ 3.996e-01,  9.348e-01,  2.295e+00,  1.254e+00],
                       [ 3.996e-01,  9.348e-01,  2.295e+00,  1.254e+00]]), array([ 4.150e+03,  4.150e+03,  4.150e+03,  4.150e+03,
                        4.150e+03]))
   param_names: ['d', 'e', 'f', 'g']
[0.39964532 0.93477627 2.29470954 1.25398229]
{'d': 0.39964531700065253, 'e': 0.9347762725740437, 'f': 2.2947095417977805, 'g': 1.2539822942462409}
Previous:  {'d': 0.41818279636637934, 'e': 0.9397910541600134, 'f': 2.2924568262089133, 'g': 1.2666377007141694}
