Curr: Box_n50_37_1400, Prev: Box_n50_33_1400
alist [1.0, 0.953321, 0.866399, 0.787402, 0.715608, 0.65036, 0.620002, 0.591061, 0.563471, 0.537169, 0.512095, 0.488191, 0.403224, 0.366459]
python -u fit_individ_iter.py Box_n50_37_1400 1.000000 Box_n50_33_1400 1.000000
prev {'d': 0.4525918170561755, 'e': 0.3436194408951637, 'f': 1.6441216232181541, 'g': 1.2047085185574988}
Starting ML Fit
Box_n50_37_1400
       message: Optimization terminated successfully.
       success: True
        status: 0
           fun: 107.57223129442596
             x: [ 4.501e-01  3.571e-01  1.651e+00  1.198e+00]
           nit: 70
          nfev: 128
 final_simplex: (array([[ 4.501e-01,  3.571e-01,  1.651e+00,  1.198e+00],
                       [ 4.501e-01,  3.571e-01,  1.650e+00,  1.198e+00],
                       ...,
                       [ 4.501e-01,  3.571e-01,  1.651e+00,  1.198e+00],
                       [ 4.501e-01,  3.571e-01,  1.651e+00,  1.198e+00]]), array([ 1.076e+02,  1.076e+02,  1.076e+02,  1.076e+02,
                        1.076e+02]))
   param_names: ['d', 'e', 'f', 'g']
[0.45011109 0.35708516 1.65052589 1.19754875]
{'d': 0.4501110856664655, 'e': 0.35708516257555334, 'f': 1.6505258937763783, 'g': 1.1975487480787157}
Previous:  {'d': 0.4525918170561755, 'e': 0.3436194408951637, 'f': 1.6441216232181541, 'g': 1.2047085185574988}
python -u fit_individ_iter.py Box_n50_37_1400 0.953321 Box_n50_37_1400 1.000000
prev {'d': 0.4501110856664655, 'e': 0.35708516257555334, 'f': 1.6505258937763783, 'g': 1.1975487480787157}
Starting ML Fit
Box_n50_37_1400
       message: Optimization terminated successfully.
       success: True
        status: 0
           fun: 112.00623325067882
             x: [ 4.433e-01  3.531e-01  1.679e+00  1.205e+00]
           nit: 126
          nfev: 211
 final_simplex: (array([[ 4.433e-01,  3.531e-01,  1.679e+00,  1.205e+00],
                       [ 4.433e-01,  3.531e-01,  1.679e+00,  1.205e+00],
                       ...,
                       [ 4.433e-01,  3.531e-01,  1.679e+00,  1.205e+00],
                       [ 4.433e-01,  3.531e-01,  1.678e+00,  1.205e+00]]), array([ 1.120e+02,  1.120e+02,  1.120e+02,  1.120e+02,
                        1.120e+02]))
   param_names: ['d', 'e', 'f', 'g']
[0.44332206 0.35311415 1.67857128 1.20508179]
{'d': 0.4433220568600717, 'e': 0.35311415319630685, 'f': 1.6785712846387209, 'g': 1.2050817946393741}
Previous:  {'d': 0.4501110856664655, 'e': 0.35708516257555334, 'f': 1.6505258937763783, 'g': 1.1975487480787157}
python -u fit_individ_iter.py Box_n50_37_1400 0.866399 Box_n50_37_1400 0.953321
prev {'d': 0.4433220568600717, 'e': 0.35311415319630685, 'f': 1.6785712846387209, 'g': 1.2050817946393741}
Starting ML Fit
Box_n50_37_1400
       message: Optimization terminated successfully.
       success: True
        status: 0
           fun: 106.59090265480859
             x: [ 4.279e-01  3.357e-01  1.722e+00  1.214e+00]
           nit: 105
          nfev: 187
 final_simplex: (array([[ 4.279e-01,  3.357e-01,  1.722e+00,  1.214e+00],
                       [ 4.279e-01,  3.358e-01,  1.722e+00,  1.214e+00],
                       ...,
                       [ 4.279e-01,  3.358e-01,  1.722e+00,  1.214e+00],
                       [ 4.279e-01,  3.358e-01,  1.722e+00,  1.214e+00]]), array([ 1.066e+02,  1.066e+02,  1.066e+02,  1.066e+02,
                        1.066e+02]))
   param_names: ['d', 'e', 'f', 'g']
[0.42792861 0.33574803 1.72166202 1.21382328]
{'d': 0.42792861129640086, 'e': 0.33574803150469096, 'f': 1.72166201862512, 'g': 1.213823284323468}
Previous:  {'d': 0.4433220568600717, 'e': 0.35311415319630685, 'f': 1.6785712846387209, 'g': 1.2050817946393741}
python -u fit_individ_iter.py Box_n50_37_1400 0.787402 Box_n50_37_1400 0.866399
prev {'d': 0.42792861129640086, 'e': 0.33574803150469096, 'f': 1.72166201862512, 'g': 1.213823284323468}
Starting ML Fit
Box_n50_37_1400
       message: Optimization terminated successfully.
       success: True
        status: 0
           fun: 107.94448967047512
             x: [ 4.173e-01  3.398e-01  1.741e+00  1.217e+00]
           nit: 151
          nfev: 261
 final_simplex: (array([[ 4.173e-01,  3.398e-01,  1.741e+00,  1.217e+00],
                       [ 4.173e-01,  3.398e-01,  1.741e+00,  1.217e+00],
                       ...,
                       [ 4.173e-01,  3.399e-01,  1.741e+00,  1.217e+00],
                       [ 4.173e-01,  3.397e-01,  1.741e+00,  1.217e+00]]), array([ 1.079e+02,  1.079e+02,  1.079e+02,  1.079e+02,
                        1.079e+02]))
   param_names: ['d', 'e', 'f', 'g']
[0.41730707 0.33976359 1.74119155 1.21692711]
{'d': 0.4173070723883865, 'e': 0.3397635917919018, 'f': 1.7411915524883188, 'g': 1.2169271078134951}
Previous:  {'d': 0.42792861129640086, 'e': 0.33574803150469096, 'f': 1.72166201862512, 'g': 1.213823284323468}
python -u fit_individ_iter.py Box_n50_37_1400 0.715608 Box_n50_37_1400 0.787402
prev {'d': 0.4173070723883865, 'e': 0.3397635917919018, 'f': 1.7411915524883188, 'g': 1.2169271078134951}
Starting ML Fit
Box_n50_37_1400
       message: Optimization terminated successfully.
       success: True
        status: 0
           fun: 102.20362892971059
             x: [ 4.032e-01  3.199e-01  1.780e+00  1.223e+00]
           nit: 114
          nfev: 190
 final_simplex: (array([[ 4.032e-01,  3.199e-01,  1.780e+00,  1.223e+00],
                       [ 4.032e-01,  3.198e-01,  1.780e+00,  1.223e+00],
                       ...,
                       [ 4.032e-01,  3.199e-01,  1.780e+00,  1.223e+00],
                       [ 4.032e-01,  3.198e-01,  1.780e+00,  1.223e+00]]), array([ 1.022e+02,  1.022e+02,  1.022e+02,  1.022e+02,
                        1.022e+02]))
   param_names: ['d', 'e', 'f', 'g']
[0.40320756 0.3198557  1.78042173 1.22294384]
{'d': 0.40320756214597286, 'e': 0.3198556953909819, 'f': 1.7804217305525722, 'g': 1.2229438429784665}
Previous:  {'d': 0.4173070723883865, 'e': 0.3397635917919018, 'f': 1.7411915524883188, 'g': 1.2169271078134951}
python -u fit_individ_iter.py Box_n50_37_1400 0.650360 Box_n50_37_1400 0.715608
prev {'d': 0.40320756214597286, 'e': 0.3198556953909819, 'f': 1.7804217305525722, 'g': 1.2229438429784665}
Starting ML Fit
Box_n50_37_1400
       message: Optimization terminated successfully.
       success: True
        status: 0
           fun: 92.319665674149
             x: [ 3.903e-01  3.014e-01  1.812e+00  1.227e+00]
           nit: 151
          nfev: 264
 final_simplex: (array([[ 3.903e-01,  3.014e-01,  1.812e+00,  1.227e+00],
                       [ 3.903e-01,  3.014e-01,  1.812e+00,  1.227e+00],
                       ...,
                       [ 3.903e-01,  3.014e-01,  1.812e+00,  1.227e+00],
                       [ 3.903e-01,  3.015e-01,  1.812e+00,  1.227e+00]]), array([ 9.232e+01,  9.232e+01,  9.232e+01,  9.232e+01,
                        9.232e+01]))
   param_names: ['d', 'e', 'f', 'g']
[0.39029424 0.30141444 1.8123322  1.2269887 ]
{'d': 0.39029424215635994, 'e': 0.30141444185069516, 'f': 1.8123322044113872, 'g': 1.2269887034461984}
Previous:  {'d': 0.40320756214597286, 'e': 0.3198556953909819, 'f': 1.7804217305525722, 'g': 1.2229438429784665}
python -u fit_individ_iter.py Box_n50_37_1400 0.620002 Box_n50_37_1400 0.650360
prev {'d': 0.39029424215635994, 'e': 0.30141444185069516, 'f': 1.8123322044113872, 'g': 1.2269887034461984}
Starting ML Fit
Box_n50_37_1400
       message: Optimization terminated successfully.
       success: True
        status: 0
           fun: 89.37159468339938
             x: [ 3.834e-01  2.888e-01  1.838e+00  1.230e+00]
           nit: 114
          nfev: 200
 final_simplex: (array([[ 3.834e-01,  2.888e-01,  1.838e+00,  1.230e+00],
                       [ 3.834e-01,  2.888e-01,  1.838e+00,  1.230e+00],
                       ...,
                       [ 3.834e-01,  2.888e-01,  1.838e+00,  1.230e+00],
                       [ 3.834e-01,  2.889e-01,  1.838e+00,  1.230e+00]]), array([ 8.937e+01,  8.937e+01,  8.937e+01,  8.937e+01,
                        8.937e+01]))
   param_names: ['d', 'e', 'f', 'g']
[0.38336899 0.28881748 1.8379745  1.23031255]
{'d': 0.38336899017433645, 'e': 0.28881747998070123, 'f': 1.8379745018246978, 'g': 1.2303125508748112}
Previous:  {'d': 0.39029424215635994, 'e': 0.30141444185069516, 'f': 1.8123322044113872, 'g': 1.2269887034461984}
python -u fit_individ_iter.py Box_n50_37_1400 0.591061 Box_n50_37_1400 0.620002
prev {'d': 0.38336899017433645, 'e': 0.28881747998070123, 'f': 1.8379745018246978, 'g': 1.2303125508748112}
Starting ML Fit
Box_n50_37_1400
       message: Optimization terminated successfully.
       success: True
        status: 0
           fun: 88.64996041415596
             x: [ 3.696e-01  2.363e-01  1.901e+00  1.246e+00]
           nit: 116
          nfev: 202
 final_simplex: (array([[ 3.696e-01,  2.363e-01,  1.901e+00,  1.246e+00],
                       [ 3.696e-01,  2.363e-01,  1.901e+00,  1.246e+00],
                       ...,
                       [ 3.696e-01,  2.363e-01,  1.901e+00,  1.246e+00],
                       [ 3.696e-01,  2.364e-01,  1.901e+00,  1.246e+00]]), array([ 8.865e+01,  8.865e+01,  8.865e+01,  8.865e+01,
                        8.865e+01]))
   param_names: ['d', 'e', 'f', 'g']
[0.36959078 0.23626287 1.9013235  1.2457766 ]
{'d': 0.36959077747330316, 'e': 0.23626287044415062, 'f': 1.901323496631216, 'g': 1.2457766045100547}
Previous:  {'d': 0.38336899017433645, 'e': 0.28881747998070123, 'f': 1.8379745018246978, 'g': 1.2303125508748112}
python -u fit_individ_iter.py Box_n50_37_1400 0.563471 Box_n50_37_1400 0.591061
prev {'d': 0.36959077747330316, 'e': 0.23626287044415062, 'f': 1.901323496631216, 'g': 1.2457766045100547}
Starting ML Fit
Box_n50_37_1400
       message: Optimization terminated successfully.
       success: True
        status: 0
           fun: 84.26597256557974
             x: [ 3.627e-01  2.227e-01  1.919e+00  1.248e+00]
           nit: 127
          nfev: 220
 final_simplex: (array([[ 3.627e-01,  2.227e-01,  1.919e+00,  1.248e+00],
                       [ 3.627e-01,  2.228e-01,  1.919e+00,  1.248e+00],
                       ...,
                       [ 3.627e-01,  2.227e-01,  1.919e+00,  1.248e+00],
                       [ 3.627e-01,  2.227e-01,  1.919e+00,  1.248e+00]]), array([ 8.427e+01,  8.427e+01,  8.427e+01,  8.427e+01,
                        8.427e+01]))
   param_names: ['d', 'e', 'f', 'g']
[0.36267854 0.22270184 1.91911808 1.24833309]
{'d': 0.36267853816861784, 'e': 0.22270184417969402, 'f': 1.9191180777403503, 'g': 1.248333090573174}
Previous:  {'d': 0.36959077747330316, 'e': 0.23626287044415062, 'f': 1.901323496631216, 'g': 1.2457766045100547}
python -u fit_individ_iter.py Box_n50_37_1400 0.537169 Box_n50_37_1400 0.563471
prev {'d': 0.36267853816861784, 'e': 0.22270184417969402, 'f': 1.9191180777403503, 'g': 1.248333090573174}
Starting ML Fit
Box_n50_37_1400
       message: Optimization terminated successfully.
       success: True
        status: 0
           fun: 76.52989319485546
             x: [ 3.519e-01  1.932e-01  1.956e+00  1.255e+00]
           nit: 162
          nfev: 275
 final_simplex: (array([[ 3.519e-01,  1.932e-01,  1.956e+00,  1.255e+00],
                       [ 3.518e-01,  1.932e-01,  1.956e+00,  1.255e+00],
                       ...,
                       [ 3.519e-01,  1.932e-01,  1.957e+00,  1.255e+00],
                       [ 3.519e-01,  1.933e-01,  1.957e+00,  1.255e+00]]), array([ 7.653e+01,  7.653e+01,  7.653e+01,  7.653e+01,
                        7.653e+01]))
   param_names: ['d', 'e', 'f', 'g']
[0.35186118 0.19322118 1.95648674 1.25495185]
{'d': 0.3518611799757557, 'e': 0.19322117712096643, 'f': 1.9564867444654273, 'g': 1.2549518540046631}
Previous:  {'d': 0.36267853816861784, 'e': 0.22270184417969402, 'f': 1.9191180777403503, 'g': 1.248333090573174}
python -u fit_individ_iter.py Box_n50_37_1400 0.512095 Box_n50_37_1400 0.537169
prev {'d': 0.3518611799757557, 'e': 0.19322117712096643, 'f': 1.9564867444654273, 'g': 1.2549518540046631}
Starting ML Fit
Box_n50_37_1400
       message: Optimization terminated successfully.
       success: True
        status: 0
           fun: 82.67117472328911
             x: [ 3.349e-01  1.390e-01  2.008e+00  1.271e+00]
           nit: 152
          nfev: 260
 final_simplex: (array([[ 3.349e-01,  1.390e-01,  2.008e+00,  1.271e+00],
                       [ 3.349e-01,  1.390e-01,  2.009e+00,  1.271e+00],
                       ...,
                       [ 3.349e-01,  1.390e-01,  2.009e+00,  1.271e+00],
                       [ 3.349e-01,  1.391e-01,  2.008e+00,  1.271e+00]]), array([ 8.267e+01,  8.267e+01,  8.267e+01,  8.267e+01,
                        8.267e+01]))
   param_names: ['d', 'e', 'f', 'g']
[0.33487828 0.13898343 2.00847558 1.27068919]
{'d': 0.3348782787103236, 'e': 0.13898343151430537, 'f': 2.0084755761180224, 'g': 1.2706891912880092}
Previous:  {'d': 0.3518611799757557, 'e': 0.19322117712096643, 'f': 1.9564867444654273, 'g': 1.2549518540046631}
python -u fit_individ_iter.py Box_n50_37_1400 0.488191 Box_n50_37_1400 0.512095
prev {'d': 0.3348782787103236, 'e': 0.13898343151430537, 'f': 2.0084755761180224, 'g': 1.2706891912880092}
Starting ML Fit
Box_n50_37_1400
       message: Optimization terminated successfully.
       success: True
        status: 0
           fun: 71.75000098370133
             x: [ 3.344e-01  1.469e-01  2.003e+00  1.267e+00]
           nit: 121
          nfev: 207
 final_simplex: (array([[ 3.344e-01,  1.469e-01,  2.003e+00,  1.267e+00],
                       [ 3.344e-01,  1.470e-01,  2.003e+00,  1.267e+00],
                       ...,
                       [ 3.344e-01,  1.469e-01,  2.003e+00,  1.267e+00],
                       [ 3.344e-01,  1.470e-01,  2.003e+00,  1.267e+00]]), array([ 7.175e+01,  7.175e+01,  7.175e+01,  7.175e+01,
                        7.175e+01]))
   param_names: ['d', 'e', 'f', 'g']
[0.33440676 0.1469343  2.0029763  1.26689269]
{'d': 0.3344067612665027, 'e': 0.1469343042941757, 'f': 2.002976297149635, 'g': 1.2668926925430333}
Previous:  {'d': 0.3348782787103236, 'e': 0.13898343151430537, 'f': 2.0084755761180224, 'g': 1.2706891912880092}
python -u fit_individ_iter.py Box_n50_37_1400 0.403224 Box_n50_37_1400 0.488191
prev {'d': 0.3344067612665027, 'e': 0.1469343042941757, 'f': 2.002976297149635, 'g': 1.2668926925430333}
Starting ML Fit
Box_n50_37_1400
       message: Optimization terminated successfully.
       success: True
        status: 0
           fun: 64.07984756794527
             x: [ 3.198e-01  1.473e-01  2.013e+00  1.253e+00]
           nit: 188
          nfev: 315
 final_simplex: (array([[ 3.198e-01,  1.473e-01,  2.013e+00,  1.253e+00],
                       [ 3.198e-01,  1.473e-01,  2.013e+00,  1.253e+00],
                       ...,
                       [ 3.198e-01,  1.473e-01,  2.013e+00,  1.253e+00],
                       [ 3.198e-01,  1.472e-01,  2.013e+00,  1.253e+00]]), array([ 6.408e+01,  6.408e+01,  6.408e+01,  6.408e+01,
                        6.408e+01]))
   param_names: ['d', 'e', 'f', 'g']
[0.31983319 0.14725184 2.01281314 1.25302562]
{'d': 0.3198331911644383, 'e': 0.14725183755188667, 'f': 2.012813143952298, 'g': 1.2530256210588968}
Previous:  {'d': 0.3344067612665027, 'e': 0.1469343042941757, 'f': 2.002976297149635, 'g': 1.2668926925430333}
python -u fit_individ_iter.py Box_n50_37_1400 0.366459 Box_n50_37_1400 0.403224
prev {'d': 0.3198331911644383, 'e': 0.14725183755188667, 'f': 2.012813143952298, 'g': 1.2530256210588968}
Starting ML Fit
Box_n50_37_1400
       message: Optimization terminated successfully.
       success: True
        status: 0
           fun: 55.98552837200547
             x: [ 2.998e-01  1.233e-01  2.050e+00  1.245e+00]
           nit: 106
          nfev: 183
 final_simplex: (array([[ 2.998e-01,  1.233e-01,  2.050e+00,  1.245e+00],
                       [ 2.998e-01,  1.233e-01,  2.050e+00,  1.245e+00],
                       ...,
                       [ 2.998e-01,  1.233e-01,  2.050e+00,  1.245e+00],
                       [ 2.998e-01,  1.234e-01,  2.050e+00,  1.245e+00]]), array([ 5.599e+01,  5.599e+01,  5.599e+01,  5.599e+01,
                        5.599e+01]))
   param_names: ['d', 'e', 'f', 'g']
[0.2997846  0.12331207 2.04987755 1.24524834]
{'d': 0.2997846000397144, 'e': 0.1233120713402294, 'f': 2.049877548705011, 'g': 1.2452483432551116}
Previous:  {'d': 0.3198331911644383, 'e': 0.14725183755188667, 'f': 2.012813143952298, 'g': 1.2530256210588968}
