Curr: Box_n50_46_1400, Prev: Box_n50_33_1400
alist [1.0, 0.953321, 0.866399, 0.787402, 0.715608, 0.65036, 0.620002, 0.591061, 0.563471, 0.537169, 0.512095, 0.488191, 0.403224, 0.366459]
python -u fit_individ_iter.py Box_n50_46_1400 1.000000 Box_n50_33_1400 1.000000
Setting dictionary
Computing sigma spline
Initializing CLASS
Computing Sigma from CLASS
Spline Made
prev {'d': 0.5568688988345464, 'e': 1.1853487733644084, 'f': 2.346261242783489, 'g': 1.3061768570108985}
Starting ML Fit
Box_n50_46_1400
       message: Optimization terminated successfully.
       success: True
        status: 0
           fun: 8843.307864491268
             x: [ 5.536e-01  1.189e+00  2.347e+00  1.293e+00]
           nit: 97
          nfev: 172
 final_simplex: (array([[ 5.536e-01,  1.189e+00,  2.347e+00,  1.293e+00],
                       [ 5.536e-01,  1.189e+00,  2.347e+00,  1.293e+00],
                       ...,
                       [ 5.536e-01,  1.189e+00,  2.347e+00,  1.293e+00],
                       [ 5.536e-01,  1.189e+00,  2.347e+00,  1.293e+00]]), array([ 8.843e+03,  8.843e+03,  8.843e+03,  8.843e+03,
                        8.843e+03]))
   param_names: ['d', 'e', 'f', 'g']
[0.55358512 1.18912703 2.34729532 1.2930867 ]
{'d': 0.553585117970067, 'e': 1.1891270262172922, 'f': 2.347295316143682, 'g': 1.2930866962628884}
Previous:  {'d': 0.5568688988345464, 'e': 1.1853487733644084, 'f': 2.346261242783489, 'g': 1.3061768570108985}
python -u fit_individ_iter.py Box_n50_46_1400 0.953321 Box_n50_46_1400 1.000000
Setting dictionary
Computing sigma spline
Initializing CLASS
Computing Sigma from CLASS
Spline Made
prev {'d': 0.553585117970067, 'e': 1.1891270262172922, 'f': 2.347295316143682, 'g': 1.2930866962628884}
Starting ML Fit
Box_n50_46_1400
       message: Optimization terminated successfully.
       success: True
        status: 0
           fun: 10821.016422565519
             x: [ 5.442e-01  1.178e+00  2.349e+00  1.297e+00]
           nit: 105
          nfev: 180
 final_simplex: (array([[ 5.442e-01,  1.178e+00,  2.349e+00,  1.297e+00],
                       [ 5.442e-01,  1.178e+00,  2.349e+00,  1.297e+00],
                       ...,
                       [ 5.442e-01,  1.178e+00,  2.349e+00,  1.297e+00],
                       [ 5.442e-01,  1.178e+00,  2.349e+00,  1.297e+00]]), array([ 1.082e+04,  1.082e+04,  1.082e+04,  1.082e+04,
                        1.082e+04]))
   param_names: ['d', 'e', 'f', 'g']
[0.5441718  1.17818508 2.34947458 1.29696123]
{'d': 0.5441717997565427, 'e': 1.178185076114708, 'f': 2.3494745761702314, 'g': 1.2969612251509037}
Previous:  {'d': 0.553585117970067, 'e': 1.1891270262172922, 'f': 2.347295316143682, 'g': 1.2930866962628884}
python -u fit_individ_iter.py Box_n50_46_1400 0.866399 Box_n50_46_1400 0.953321
Setting dictionary
Computing sigma spline
Initializing CLASS
Computing Sigma from CLASS
Spline Made
prev {'d': 0.5441717997565427, 'e': 1.178185076114708, 'f': 2.3494745761702314, 'g': 1.2969612251509037}
Starting ML Fit
Box_n50_46_1400
       message: Optimization terminated successfully.
       success: True
        status: 0
           fun: 9346.340744668638
             x: [ 5.275e-01  1.188e+00  2.350e+00  1.293e+00]
           nit: 130
          nfev: 225
 final_simplex: (array([[ 5.275e-01,  1.188e+00,  2.350e+00,  1.293e+00],
                       [ 5.275e-01,  1.188e+00,  2.350e+00,  1.293e+00],
                       ...,
                       [ 5.275e-01,  1.188e+00,  2.350e+00,  1.293e+00],
                       [ 5.275e-01,  1.188e+00,  2.350e+00,  1.293e+00]]), array([ 9.346e+03,  9.346e+03,  9.346e+03,  9.346e+03,
                        9.346e+03]))
   param_names: ['d', 'e', 'f', 'g']
[0.52753776 1.18772301 2.34974225 1.29250427]
{'d': 0.5275377646210977, 'e': 1.1877230087387944, 'f': 2.3497422498198195, 'g': 1.2925042679987468}
Previous:  {'d': 0.5441717997565427, 'e': 1.178185076114708, 'f': 2.3494745761702314, 'g': 1.2969612251509037}
python -u fit_individ_iter.py Box_n50_46_1400 0.787402 Box_n50_46_1400 0.866399
Setting dictionary
Computing sigma spline
Initializing CLASS
Computing Sigma from CLASS
Spline Made
prev {'d': 0.5275377646210977, 'e': 1.1877230087387944, 'f': 2.3497422498198195, 'g': 1.2925042679987468}
Starting ML Fit
Box_n50_46_1400
       message: Optimization terminated successfully.
       success: True
        status: 0
           fun: 7469.988393929879
             x: [ 5.114e-01  1.174e+00  2.352e+00  1.294e+00]
           nit: 102
          nfev: 182
 final_simplex: (array([[ 5.114e-01,  1.174e+00,  2.352e+00,  1.294e+00],
                       [ 5.114e-01,  1.174e+00,  2.352e+00,  1.294e+00],
                       ...,
                       [ 5.114e-01,  1.174e+00,  2.352e+00,  1.294e+00],
                       [ 5.114e-01,  1.174e+00,  2.352e+00,  1.294e+00]]), array([ 7.470e+03,  7.470e+03,  7.470e+03,  7.470e+03,
                        7.470e+03]))
   param_names: ['d', 'e', 'f', 'g']
[0.51141018 1.17391521 2.35184194 1.29411668]
{'d': 0.5114101824871486, 'e': 1.1739152069103338, 'f': 2.351841944475521, 'g': 1.2941166764844902}
Previous:  {'d': 0.5275377646210977, 'e': 1.1877230087387944, 'f': 2.3497422498198195, 'g': 1.2925042679987468}
python -u fit_individ_iter.py Box_n50_46_1400 0.715608 Box_n50_46_1400 0.787402
Setting dictionary
Computing sigma spline
Initializing CLASS
Computing Sigma from CLASS
Spline Made
prev {'d': 0.5114101824871486, 'e': 1.1739152069103338, 'f': 2.351841944475521, 'g': 1.2941166764844902}
Starting ML Fit
Box_n50_46_1400
       message: Optimization terminated successfully.
       success: True
        status: 0
           fun: 8406.54357662155
             x: [ 4.975e-01  1.165e+00  2.354e+00  1.295e+00]
           nit: 96
          nfev: 169
 final_simplex: (array([[ 4.975e-01,  1.165e+00,  2.354e+00,  1.295e+00],
                       [ 4.975e-01,  1.165e+00,  2.354e+00,  1.295e+00],
                       ...,
                       [ 4.975e-01,  1.165e+00,  2.354e+00,  1.295e+00],
                       [ 4.975e-01,  1.165e+00,  2.354e+00,  1.295e+00]]), array([ 8.407e+03,  8.407e+03,  8.407e+03,  8.407e+03,
                        8.407e+03]))
   param_names: ['d', 'e', 'f', 'g']
[0.49749416 1.1652063  2.35434788 1.29452375]
{'d': 0.4974941555703147, 'e': 1.1652063048151087, 'f': 2.354347878573912, 'g': 1.2945237514524914}
Previous:  {'d': 0.5114101824871486, 'e': 1.1739152069103338, 'f': 2.351841944475521, 'g': 1.2941166764844902}
python -u fit_individ_iter.py Box_n50_46_1400 0.650360 Box_n50_46_1400 0.715608
Setting dictionary
Computing sigma spline
Initializing CLASS
Computing Sigma from CLASS
Spline Made
prev {'d': 0.4974941555703147, 'e': 1.1652063048151087, 'f': 2.354347878573912, 'g': 1.2945237514524914}
Starting ML Fit
Box_n50_46_1400
       message: Optimization terminated successfully.
       success: True
        status: 0
           fun: 7425.726211431631
             x: [ 4.846e-01  1.155e+00  2.356e+00  1.290e+00]
           nit: 98
          nfev: 176
 final_simplex: (array([[ 4.846e-01,  1.155e+00,  2.356e+00,  1.290e+00],
                       [ 4.846e-01,  1.155e+00,  2.356e+00,  1.290e+00],
                       ...,
                       [ 4.846e-01,  1.155e+00,  2.356e+00,  1.290e+00],
                       [ 4.846e-01,  1.155e+00,  2.356e+00,  1.290e+00]]), array([ 7.426e+03,  7.426e+03,  7.426e+03,  7.426e+03,
                        7.426e+03]))
   param_names: ['d', 'e', 'f', 'g']
[0.48461448 1.15483625 2.35565975 1.28981463]
{'d': 0.48461448495779086, 'e': 1.1548362477934695, 'f': 2.3556597507696884, 'g': 1.2898146306072427}
Previous:  {'d': 0.4974941555703147, 'e': 1.1652063048151087, 'f': 2.354347878573912, 'g': 1.2945237514524914}
python -u fit_individ_iter.py Box_n50_46_1400 0.620002 Box_n50_46_1400 0.650360
Setting dictionary
Computing sigma spline
Initializing CLASS
Computing Sigma from CLASS
Spline Made
prev {'d': 0.48461448495779086, 'e': 1.1548362477934695, 'f': 2.3556597507696884, 'g': 1.2898146306072427}
Starting ML Fit
Box_n50_46_1400
       message: Optimization terminated successfully.
       success: True
        status: 0
           fun: 11335.861783578339
             x: [ 4.786e-01  1.150e+00  2.357e+00  1.291e+00]
           nit: 78
          nfev: 139
 final_simplex: (array([[ 4.786e-01,  1.150e+00,  2.357e+00,  1.291e+00],
                       [ 4.786e-01,  1.150e+00,  2.357e+00,  1.291e+00],
                       ...,
                       [ 4.786e-01,  1.150e+00,  2.357e+00,  1.291e+00],
                       [ 4.786e-01,  1.150e+00,  2.357e+00,  1.291e+00]]), array([ 1.134e+04,  1.134e+04,  1.134e+04,  1.134e+04,
                        1.134e+04]))
   param_names: ['d', 'e', 'f', 'g']
[0.47862705 1.15025525 2.35693012 1.29073049]
{'d': 0.478627047397716, 'e': 1.1502552544697886, 'f': 2.3569301248353907, 'g': 1.2907304934066104}
Previous:  {'d': 0.48461448495779086, 'e': 1.1548362477934695, 'f': 2.3556597507696884, 'g': 1.2898146306072427}
python -u fit_individ_iter.py Box_n50_46_1400 0.591061 Box_n50_46_1400 0.620002
Setting dictionary
Computing sigma spline
Initializing CLASS
Computing Sigma from CLASS
Spline Made
prev {'d': 0.478627047397716, 'e': 1.1502552544697886, 'f': 2.3569301248353907, 'g': 1.2907304934066104}
Starting ML Fit
Box_n50_46_1400
       message: Optimization terminated successfully.
       success: True
        status: 0
           fun: 5381.206403359789
             x: [ 4.738e-01  1.148e+00  2.358e+00  1.288e+00]
           nit: 87
          nfev: 158
 final_simplex: (array([[ 4.738e-01,  1.148e+00,  2.358e+00,  1.288e+00],
                       [ 4.738e-01,  1.148e+00,  2.358e+00,  1.288e+00],
                       ...,
                       [ 4.738e-01,  1.148e+00,  2.358e+00,  1.288e+00],
                       [ 4.738e-01,  1.148e+00,  2.358e+00,  1.288e+00]]), array([ 5.381e+03,  5.381e+03,  5.381e+03,  5.381e+03,
                        5.381e+03]))
   param_names: ['d', 'e', 'f', 'g']
[0.47375995 1.14789259 2.35766606 1.28800622]
{'d': 0.4737599457202825, 'e': 1.147892592669881, 'f': 2.3576660624136823, 'g': 1.2880062195667936}
Previous:  {'d': 0.478627047397716, 'e': 1.1502552544697886, 'f': 2.3569301248353907, 'g': 1.2907304934066104}
python -u fit_individ_iter.py Box_n50_46_1400 0.563471 Box_n50_46_1400 0.591061
Setting dictionary
Computing sigma spline
Initializing CLASS
Computing Sigma from CLASS
Spline Made
prev {'d': 0.4737599457202825, 'e': 1.147892592669881, 'f': 2.3576660624136823, 'g': 1.2880062195667936}
Starting ML Fit
Box_n50_46_1400
       message: Optimization terminated successfully.
       success: True
        status: 0
           fun: 4583.433029983721
             x: [ 4.686e-01  1.143e+00  2.359e+00  1.286e+00]
           nit: 80
          nfev: 150
 final_simplex: (array([[ 4.686e-01,  1.143e+00,  2.359e+00,  1.286e+00],
                       [ 4.686e-01,  1.143e+00,  2.359e+00,  1.286e+00],
                       ...,
                       [ 4.686e-01,  1.143e+00,  2.359e+00,  1.286e+00],
                       [ 4.686e-01,  1.143e+00,  2.359e+00,  1.286e+00]]), array([ 4.583e+03,  4.583e+03,  4.583e+03,  4.583e+03,
                        4.583e+03]))
   param_names: ['d', 'e', 'f', 'g']
[0.46858373 1.14304111 2.35946585 1.28560441]
{'d': 0.46858372839024687, 'e': 1.143041112105306, 'f': 2.3594658493054865, 'g': 1.2856044132359326}
Previous:  {'d': 0.4737599457202825, 'e': 1.147892592669881, 'f': 2.3576660624136823, 'g': 1.2880062195667936}
python -u fit_individ_iter.py Box_n50_46_1400 0.537169 Box_n50_46_1400 0.563471
Setting dictionary
Computing sigma spline
Initializing CLASS
Computing Sigma from CLASS
Spline Made
prev {'d': 0.46858372839024687, 'e': 1.143041112105306, 'f': 2.3594658493054865, 'g': 1.2856044132359326}
Starting ML Fit
Box_n50_46_1400
       message: Optimization terminated successfully.
       success: True
        status: 0
           fun: 4073.2980764029144
             x: [ 4.614e-01  1.139e+00  2.361e+00  1.281e+00]
           nit: 96
          nfev: 175
 final_simplex: (array([[ 4.614e-01,  1.139e+00,  2.361e+00,  1.281e+00],
                       [ 4.614e-01,  1.139e+00,  2.361e+00,  1.281e+00],
                       ...,
                       [ 4.614e-01,  1.139e+00,  2.361e+00,  1.281e+00],
                       [ 4.614e-01,  1.139e+00,  2.361e+00,  1.281e+00]]), array([ 4.073e+03,  4.073e+03,  4.073e+03,  4.073e+03,
                        4.073e+03]))
   param_names: ['d', 'e', 'f', 'g']
[0.46135959 1.13921853 2.36086369 1.28092384]
{'d': 0.4613595890196044, 'e': 1.1392185269037323, 'f': 2.360863691882555, 'g': 1.28092384293157}
Previous:  {'d': 0.46858372839024687, 'e': 1.143041112105306, 'f': 2.3594658493054865, 'g': 1.2856044132359326}
python -u fit_individ_iter.py Box_n50_46_1400 0.512095 Box_n50_46_1400 0.537169
Setting dictionary
Computing sigma spline
Initializing CLASS
Computing Sigma from CLASS
Spline Made
prev {'d': 0.4613595890196044, 'e': 1.1392185269037323, 'f': 2.360863691882555, 'g': 1.28092384293157}
Starting ML Fit
Box_n50_46_1400
       message: Optimization terminated successfully.
       success: True
        status: 0
           fun: 4457.878322774386
             x: [ 4.579e-01  1.147e+00  2.361e+00  1.280e+00]
           nit: 81
          nfev: 147
 final_simplex: (array([[ 4.579e-01,  1.147e+00,  2.361e+00,  1.280e+00],
                       [ 4.579e-01,  1.147e+00,  2.361e+00,  1.280e+00],
                       ...,
                       [ 4.579e-01,  1.147e+00,  2.361e+00,  1.280e+00],
                       [ 4.579e-01,  1.147e+00,  2.361e+00,  1.280e+00]]), array([ 4.458e+03,  4.458e+03,  4.458e+03,  4.458e+03,
                        4.458e+03]))
   param_names: ['d', 'e', 'f', 'g']
[0.45789452 1.14735128 2.36052612 1.28017269]
{'d': 0.45789451938799847, 'e': 1.1473512755285407, 'f': 2.360526119940631, 'g': 1.2801726875487343}
Previous:  {'d': 0.4613595890196044, 'e': 1.1392185269037323, 'f': 2.360863691882555, 'g': 1.28092384293157}
python -u fit_individ_iter.py Box_n50_46_1400 0.488191 Box_n50_46_1400 0.512095
Setting dictionary
Computing sigma spline
Initializing CLASS
Computing Sigma from CLASS
Spline Made
prev {'d': 0.45789451938799847, 'e': 1.1473512755285407, 'f': 2.360526119940631, 'g': 1.2801726875487343}
Starting ML Fit
Box_n50_46_1400
       message: Optimization terminated successfully.
       success: True
        status: 0
           fun: 6203.119832482673
             x: [ 4.532e-01  1.145e+00  2.362e+00  1.279e+00]
           nit: 75
          nfev: 138
 final_simplex: (array([[ 4.532e-01,  1.145e+00,  2.362e+00,  1.279e+00],
                       [ 4.532e-01,  1.145e+00,  2.362e+00,  1.279e+00],
                       ...,
                       [ 4.532e-01,  1.145e+00,  2.362e+00,  1.279e+00],
                       [ 4.532e-01,  1.145e+00,  2.362e+00,  1.279e+00]]), array([ 6.203e+03,  6.203e+03,  6.203e+03,  6.203e+03,
                        6.203e+03]))
   param_names: ['d', 'e', 'f', 'g']
[0.45321141 1.14543413 2.36156934 1.27893212]
{'d': 0.45321140675659083, 'e': 1.1454341271587583, 'f': 2.361569340344163, 'g': 1.2789321190501914}
Previous:  {'d': 0.45789451938799847, 'e': 1.1473512755285407, 'f': 2.360526119940631, 'g': 1.2801726875487343}
python -u fit_individ_iter.py Box_n50_46_1400 0.403224 Box_n50_46_1400 0.488191
Setting dictionary
Computing sigma spline
Initializing CLASS
Computing Sigma from CLASS
Spline Made
prev {'d': 0.45321140675659083, 'e': 1.1454341271587583, 'f': 2.361569340344163, 'g': 1.2789321190501914}
Starting ML Fit
Box_n50_46_1400
       message: Optimization terminated successfully.
       success: True
        status: 0
           fun: 3682.1675611392657
             x: [ 4.325e-01  1.147e+00  2.362e+00  1.264e+00]
           nit: 139
          nfev: 234
 final_simplex: (array([[ 4.325e-01,  1.147e+00,  2.362e+00,  1.264e+00],
                       [ 4.325e-01,  1.147e+00,  2.362e+00,  1.264e+00],
                       ...,
                       [ 4.325e-01,  1.147e+00,  2.362e+00,  1.264e+00],
                       [ 4.325e-01,  1.147e+00,  2.362e+00,  1.264e+00]]), array([ 3.682e+03,  3.682e+03,  3.682e+03,  3.682e+03,
                        3.682e+03]))
   param_names: ['d', 'e', 'f', 'g']
[0.43249908 1.14668536 2.36201526 1.26441282]
{'d': 0.4324990846276502, 'e': 1.1466853551436271, 'f': 2.3620152560212153, 'g': 1.264412818376899}
Previous:  {'d': 0.45321140675659083, 'e': 1.1454341271587583, 'f': 2.361569340344163, 'g': 1.2789321190501914}
python -u fit_individ_iter.py Box_n50_46_1400 0.366459 Box_n50_46_1400 0.403224
Setting dictionary
Computing sigma spline
Initializing CLASS
Computing Sigma from CLASS
Spline Made
prev {'d': 0.4324990846276502, 'e': 1.1466853551436271, 'f': 2.3620152560212153, 'g': 1.264412818376899}
Starting ML Fit
Box_n50_46_1400
       message: Optimization terminated successfully.
       success: True
        status: 0
           fun: 3333.204369888833
             x: [ 4.294e-01  1.151e+00  2.361e+00  1.266e+00]
           nit: 87
          nfev: 161
 final_simplex: (array([[ 4.294e-01,  1.151e+00,  2.361e+00,  1.266e+00],
                       [ 4.294e-01,  1.151e+00,  2.361e+00,  1.266e+00],
                       ...,
                       [ 4.294e-01,  1.151e+00,  2.361e+00,  1.266e+00],
                       [ 4.294e-01,  1.151e+00,  2.361e+00,  1.266e+00]]), array([ 3.333e+03,  3.333e+03,  3.333e+03,  3.333e+03,
                        3.333e+03]))
   param_names: ['d', 'e', 'f', 'g']
[0.42943785 1.15062142 2.36130543 1.26616009]
{'d': 0.4294378498275594, 'e': 1.150621424186892, 'f': 2.3613054259463544, 'g': 1.266160087448332}
Previous:  {'d': 0.4324990846276502, 'e': 1.1466853551436271, 'f': 2.3620152560212153, 'g': 1.264412818376899}
