Curr: Box37_1400, Prev: Box_n50_47_1400
alist [1.0, 0.953321, 0.866399, 0.787402, 0.715608, 0.65036, 0.620002, 0.591061, 0.563471, 0.537169, 0.512095, 0.488191, 0.403224, 0.366459]
python -u fit_individ_iter.py Box37_1400 1.000000 Box_n50_47_1400 1.000000
prev {'d': 0.4435520420429717, 'e': 0.3500132749819189, 'f': 1.673539152172319, 'g': 1.1923030827138057}
Starting ML Fit
Box37_1400
       message: Optimization terminated successfully.
       success: True
        status: 0
           fun: 121.56391862147575
             x: [ 4.693e-01  4.060e-01  1.644e+00  1.173e+00]
           nit: 113
          nfev: 197
 final_simplex: (array([[ 4.693e-01,  4.060e-01,  1.644e+00,  1.173e+00],
                       [ 4.693e-01,  4.059e-01,  1.644e+00,  1.173e+00],
                       ...,
                       [ 4.693e-01,  4.060e-01,  1.644e+00,  1.173e+00],
                       [ 4.693e-01,  4.061e-01,  1.644e+00,  1.173e+00]]), array([ 1.216e+02,  1.216e+02,  1.216e+02,  1.216e+02,
                        1.216e+02]))
   param_names: ['d', 'e', 'f', 'g']
[0.46932425 0.40598485 1.64381946 1.17312837]
{'d': 0.4693242504692495, 'e': 0.40598485250692407, 'f': 1.6438194613745243, 'g': 1.1731283719910373}
Previous:  {'d': 0.4435520420429717, 'e': 0.3500132749819189, 'f': 1.673539152172319, 'g': 1.1923030827138057}
python -u fit_individ_iter.py Box37_1400 0.953321 Box37_1400 1.000000
prev {'d': 0.4693242504692495, 'e': 0.40598485250692407, 'f': 1.6438194613745243, 'g': 1.1731283719910373}
Starting ML Fit
Box37_1400
       message: Optimization terminated successfully.
       success: True
        status: 0
           fun: 118.81889754404766
             x: [ 4.678e-01  4.376e-01  1.652e+00  1.171e+00]
           nit: 92
          nfev: 161
 final_simplex: (array([[ 4.678e-01,  4.376e-01,  1.652e+00,  1.171e+00],
                       [ 4.678e-01,  4.376e-01,  1.653e+00,  1.171e+00],
                       ...,
                       [ 4.678e-01,  4.376e-01,  1.653e+00,  1.171e+00],
                       [ 4.678e-01,  4.375e-01,  1.653e+00,  1.171e+00]]), array([ 1.188e+02,  1.188e+02,  1.188e+02,  1.188e+02,
                        1.188e+02]))
   param_names: ['d', 'e', 'f', 'g']
[0.46777976 0.43758887 1.65248015 1.17083989]
{'d': 0.4677797648725355, 'e': 0.4375888676426223, 'f': 1.6524801504866258, 'g': 1.1708398915612053}
Previous:  {'d': 0.4693242504692495, 'e': 0.40598485250692407, 'f': 1.6438194613745243, 'g': 1.1731283719910373}
python -u fit_individ_iter.py Box37_1400 0.866399 Box37_1400 0.953321
prev {'d': 0.4677797648725355, 'e': 0.4375888676426223, 'f': 1.6524801504866258, 'g': 1.1708398915612053}
Starting ML Fit
Box37_1400
       message: Optimization terminated successfully.
       success: True
        status: 0
           fun: 121.57718115332263
             x: [ 4.595e-01  4.598e-01  1.679e+00  1.174e+00]
           nit: 106
          nfev: 184
 final_simplex: (array([[ 4.595e-01,  4.598e-01,  1.679e+00,  1.174e+00],
                       [ 4.595e-01,  4.599e-01,  1.679e+00,  1.174e+00],
                       ...,
                       [ 4.595e-01,  4.597e-01,  1.679e+00,  1.174e+00],
                       [ 4.595e-01,  4.598e-01,  1.679e+00,  1.174e+00]]), array([ 1.216e+02,  1.216e+02,  1.216e+02,  1.216e+02,
                        1.216e+02]))
   param_names: ['d', 'e', 'f', 'g']
[0.45952298 0.45983266 1.67930435 1.17408748]
{'d': 0.45952297959284105, 'e': 0.45983265632033354, 'f': 1.6793043524606777, 'g': 1.1740874809612327}
Previous:  {'d': 0.4677797648725355, 'e': 0.4375888676426223, 'f': 1.6524801504866258, 'g': 1.1708398915612053}
python -u fit_individ_iter.py Box37_1400 0.787402 Box37_1400 0.866399
prev {'d': 0.45952297959284105, 'e': 0.45983265632033354, 'f': 1.6793043524606777, 'g': 1.1740874809612327}
Starting ML Fit
Box37_1400
       message: Optimization terminated successfully.
       success: True
        status: 0
           fun: 117.30530035322178
             x: [ 4.515e-01  4.768e-01  1.705e+00  1.179e+00]
           nit: 113
          nfev: 201
 final_simplex: (array([[ 4.515e-01,  4.768e-01,  1.705e+00,  1.179e+00],
                       [ 4.515e-01,  4.768e-01,  1.705e+00,  1.179e+00],
                       ...,
                       [ 4.515e-01,  4.767e-01,  1.705e+00,  1.179e+00],
                       [ 4.515e-01,  4.767e-01,  1.705e+00,  1.179e+00]]), array([ 1.173e+02,  1.173e+02,  1.173e+02,  1.173e+02,
                        1.173e+02]))
   param_names: ['d', 'e', 'f', 'g']
[0.45148855 0.47679668 1.70465748 1.1787504 ]
{'d': 0.4514885541479845, 'e': 0.4767966819948426, 'f': 1.7046574804350587, 'g': 1.1787504002166365}
Previous:  {'d': 0.45952297959284105, 'e': 0.45983265632033354, 'f': 1.6793043524606777, 'g': 1.1740874809612327}
python -u fit_individ_iter.py Box37_1400 0.715608 Box37_1400 0.787402
prev {'d': 0.4514885541479845, 'e': 0.4767966819948426, 'f': 1.7046574804350587, 'g': 1.1787504002166365}
Starting ML Fit
Box37_1400
       message: Optimization terminated successfully.
       success: True
        status: 0
           fun: 114.51701047041999
             x: [ 4.424e-01  4.861e-01  1.742e+00  1.184e+00]
           nit: 121
          nfev: 202
 final_simplex: (array([[ 4.424e-01,  4.861e-01,  1.742e+00,  1.184e+00],
                       [ 4.424e-01,  4.860e-01,  1.742e+00,  1.184e+00],
                       ...,
                       [ 4.424e-01,  4.861e-01,  1.742e+00,  1.184e+00],
                       [ 4.424e-01,  4.861e-01,  1.742e+00,  1.184e+00]]), array([ 1.145e+02,  1.145e+02,  1.145e+02,  1.145e+02,
                        1.145e+02]))
   param_names: ['d', 'e', 'f', 'g']
[0.44243648 0.48606656 1.74227407 1.18396317]
{'d': 0.4424364847934231, 'e': 0.4860665622302266, 'f': 1.742274070202799, 'g': 1.1839631700329647}
Previous:  {'d': 0.4514885541479845, 'e': 0.4767966819948426, 'f': 1.7046574804350587, 'g': 1.1787504002166365}
python -u fit_individ_iter.py Box37_1400 0.650360 Box37_1400 0.715608
prev {'d': 0.4424364847934231, 'e': 0.4860665622302266, 'f': 1.742274070202799, 'g': 1.1839631700329647}
Starting ML Fit
Box37_1400
       message: Optimization terminated successfully.
       success: True
        status: 0
           fun: 97.4427515715593
             x: [ 4.326e-01  4.823e-01  1.779e+00  1.190e+00]
           nit: 119
          nfev: 202
 final_simplex: (array([[ 4.326e-01,  4.823e-01,  1.779e+00,  1.190e+00],
                       [ 4.326e-01,  4.822e-01,  1.779e+00,  1.190e+00],
                       ...,
                       [ 4.326e-01,  4.822e-01,  1.779e+00,  1.190e+00],
                       [ 4.326e-01,  4.823e-01,  1.779e+00,  1.190e+00]]), array([ 9.744e+01,  9.744e+01,  9.744e+01,  9.744e+01,
                        9.744e+01]))
   param_names: ['d', 'e', 'f', 'g']
[0.43257807 0.48227499 1.77910019 1.19026529]
{'d': 0.4325780702081955, 'e': 0.4822749898278638, 'f': 1.779100185315652, 'g': 1.1902652918556293}
Previous:  {'d': 0.4424364847934231, 'e': 0.4860665622302266, 'f': 1.742274070202799, 'g': 1.1839631700329647}
python -u fit_individ_iter.py Box37_1400 0.620002 Box37_1400 0.650360
prev {'d': 0.4325780702081955, 'e': 0.4822749898278638, 'f': 1.779100185315652, 'g': 1.1902652918556293}
Starting ML Fit
Box37_1400
       message: Optimization terminated successfully.
       success: True
        status: 0
           fun: 95.66679430199932
             x: [ 4.288e-01  4.841e-01  1.804e+00  1.195e+00]
           nit: 132
          nfev: 230
 final_simplex: (array([[ 4.288e-01,  4.841e-01,  1.804e+00,  1.195e+00],
                       [ 4.288e-01,  4.842e-01,  1.804e+00,  1.195e+00],
                       ...,
                       [ 4.288e-01,  4.841e-01,  1.804e+00,  1.195e+00],
                       [ 4.288e-01,  4.841e-01,  1.803e+00,  1.195e+00]]), array([ 9.567e+01,  9.567e+01,  9.567e+01,  9.567e+01,
                        9.567e+01]))
   param_names: ['d', 'e', 'f', 'g']
[0.42876456 0.48407977 1.80351103 1.19476755]
{'d': 0.42876455610139486, 'e': 0.48407977476284514, 'f': 1.8035110269012027, 'g': 1.1947675503368322}
Previous:  {'d': 0.4325780702081955, 'e': 0.4822749898278638, 'f': 1.779100185315652, 'g': 1.1902652918556293}
python -u fit_individ_iter.py Box37_1400 0.591061 Box37_1400 0.620002
prev {'d': 0.42876455610139486, 'e': 0.48407977476284514, 'f': 1.8035110269012027, 'g': 1.1947675503368322}
Starting ML Fit
Box37_1400
       message: Optimization terminated successfully.
       success: True
        status: 0
           fun: 98.05974908167556
             x: [ 4.258e-01  5.008e-01  1.804e+00  1.193e+00]
           nit: 123
          nfev: 215
 final_simplex: (array([[ 4.258e-01,  5.008e-01,  1.804e+00,  1.193e+00],
                       [ 4.258e-01,  5.009e-01,  1.804e+00,  1.193e+00],
                       ...,
                       [ 4.258e-01,  5.008e-01,  1.804e+00,  1.193e+00],
                       [ 4.258e-01,  5.008e-01,  1.804e+00,  1.193e+00]]), array([ 9.806e+01,  9.806e+01,  9.806e+01,  9.806e+01,
                        9.806e+01]))
   param_names: ['d', 'e', 'f', 'g']
[0.42575468 0.50078265 1.80417337 1.19268258]
{'d': 0.42575467649363574, 'e': 0.5007826490544873, 'f': 1.8041733743883366, 'g': 1.1926825788316289}
Previous:  {'d': 0.42876455610139486, 'e': 0.48407977476284514, 'f': 1.8035110269012027, 'g': 1.1947675503368322}
python -u fit_individ_iter.py Box37_1400 0.563471 Box37_1400 0.591061
prev {'d': 0.42575467649363574, 'e': 0.5007826490544873, 'f': 1.8041733743883366, 'g': 1.1926825788316289}
Starting ML Fit
Box37_1400
       message: Optimization terminated successfully.
       success: True
        status: 0
           fun: 93.0071303189956
             x: [ 4.208e-01  4.989e-01  1.831e+00  1.196e+00]
           nit: 104
          nfev: 179
 final_simplex: (array([[ 4.208e-01,  4.989e-01,  1.831e+00,  1.196e+00],
                       [ 4.208e-01,  4.988e-01,  1.831e+00,  1.196e+00],
                       ...,
                       [ 4.208e-01,  4.989e-01,  1.832e+00,  1.196e+00],
                       [ 4.208e-01,  4.989e-01,  1.831e+00,  1.196e+00]]), array([ 9.301e+01,  9.301e+01,  9.301e+01,  9.301e+01,
                        9.301e+01]))
   param_names: ['d', 'e', 'f', 'g']
[0.42078096 0.49889106 1.83146467 1.1960857 ]
{'d': 0.4207809640998491, 'e': 0.4988910582312962, 'f': 1.831464670910143, 'g': 1.1960857047409887}
Previous:  {'d': 0.42575467649363574, 'e': 0.5007826490544873, 'f': 1.8041733743883366, 'g': 1.1926825788316289}
python -u fit_individ_iter.py Box37_1400 0.537169 Box37_1400 0.563471
prev {'d': 0.4207809640998491, 'e': 0.4988910582312962, 'f': 1.831464670910143, 'g': 1.1960857047409887}
Starting ML Fit
Box37_1400
       message: Optimization terminated successfully.
       success: True
        status: 0
           fun: 84.82528309760852
             x: [ 4.164e-01  4.960e-01  1.861e+00  1.201e+00]
           nit: 123
          nfev: 211
 final_simplex: (array([[ 4.164e-01,  4.960e-01,  1.861e+00,  1.201e+00],
                       [ 4.164e-01,  4.961e-01,  1.861e+00,  1.201e+00],
                       ...,
                       [ 4.164e-01,  4.961e-01,  1.861e+00,  1.201e+00],
                       [ 4.164e-01,  4.960e-01,  1.861e+00,  1.201e+00]]), array([ 8.483e+01,  8.483e+01,  8.483e+01,  8.483e+01,
                        8.483e+01]))
   param_names: ['d', 'e', 'f', 'g']
[0.41635847 0.49597175 1.86141163 1.2013499 ]
{'d': 0.4163584742246539, 'e': 0.4959717495516614, 'f': 1.8614116313532896, 'g': 1.201349904119247}
Previous:  {'d': 0.4207809640998491, 'e': 0.4988910582312962, 'f': 1.831464670910143, 'g': 1.1960857047409887}
python -u fit_individ_iter.py Box37_1400 0.512095 Box37_1400 0.537169
prev {'d': 0.4163584742246539, 'e': 0.4959717495516614, 'f': 1.8614116313532896, 'g': 1.201349904119247}
Starting ML Fit
Box37_1400
       message: Optimization terminated successfully.
       success: True
        status: 0
           fun: 92.49702644484084
             x: [ 4.119e-01  4.936e-01  1.895e+00  1.207e+00]
           nit: 105
          nfev: 180
 final_simplex: (array([[ 4.119e-01,  4.936e-01,  1.895e+00,  1.207e+00],
                       [ 4.119e-01,  4.935e-01,  1.894e+00,  1.207e+00],
                       ...,
                       [ 4.119e-01,  4.936e-01,  1.895e+00,  1.207e+00],
                       [ 4.119e-01,  4.936e-01,  1.895e+00,  1.207e+00]]), array([ 9.250e+01,  9.250e+01,  9.250e+01,  9.250e+01,
                        9.250e+01]))
   param_names: ['d', 'e', 'f', 'g']
[0.41191722 0.49355865 1.89455328 1.20672434]
{'d': 0.41191721505480294, 'e': 0.493558654841786, 'f': 1.8945532755419596, 'g': 1.2067243359355442}
Previous:  {'d': 0.4163584742246539, 'e': 0.4959717495516614, 'f': 1.8614116313532896, 'g': 1.201349904119247}
python -u fit_individ_iter.py Box37_1400 0.488191 Box37_1400 0.512095
prev {'d': 0.41191721505480294, 'e': 0.493558654841786, 'f': 1.8945532755419596, 'g': 1.2067243359355442}
Starting ML Fit
Box37_1400
       message: Optimization terminated successfully.
       success: True
        status: 0
           fun: 86.69302580560792
             x: [ 4.053e-01  4.701e-01  1.955e+00  1.218e+00]
           nit: 99
          nfev: 170
 final_simplex: (array([[ 4.053e-01,  4.701e-01,  1.955e+00,  1.218e+00],
                       [ 4.053e-01,  4.700e-01,  1.955e+00,  1.218e+00],
                       ...,
                       [ 4.053e-01,  4.701e-01,  1.955e+00,  1.218e+00],
                       [ 4.053e-01,  4.701e-01,  1.955e+00,  1.218e+00]]), array([ 8.669e+01,  8.669e+01,  8.669e+01,  8.669e+01,
                        8.669e+01]))
   param_names: ['d', 'e', 'f', 'g']
[0.40529565 0.47013002 1.95544316 1.21833112]
{'d': 0.4052956488858336, 'e': 0.4701300195930179, 'f': 1.9554431551950389, 'g': 1.218331120654284}
Previous:  {'d': 0.41191721505480294, 'e': 0.493558654841786, 'f': 1.8945532755419596, 'g': 1.2067243359355442}
python -u fit_individ_iter.py Box37_1400 0.403224 Box37_1400 0.488191
prev {'d': 0.4052956488858336, 'e': 0.4701300195930179, 'f': 1.9554431551950389, 'g': 1.218331120654284}
Starting ML Fit
Box37_1400
       message: Optimization terminated successfully.
       success: True
        status: 0
           fun: 67.81085972824687
             x: [ 3.910e-01  4.736e-01  1.961e+00  1.215e+00]
           nit: 122
          nfev: 215
 final_simplex: (array([[ 3.910e-01,  4.736e-01,  1.961e+00,  1.215e+00],
                       [ 3.910e-01,  4.735e-01,  1.960e+00,  1.215e+00],
                       ...,
                       [ 3.910e-01,  4.736e-01,  1.961e+00,  1.215e+00],
                       [ 3.910e-01,  4.736e-01,  1.960e+00,  1.215e+00]]), array([ 6.781e+01,  6.781e+01,  6.781e+01,  6.781e+01,
                        6.781e+01]))
   param_names: ['d', 'e', 'f', 'g']
[0.39096281 0.47359742 1.96052331 1.21451449]
{'d': 0.39096281159194557, 'e': 0.473597423809984, 'f': 1.9605233080363664, 'g': 1.21451448896931}
Previous:  {'d': 0.4052956488858336, 'e': 0.4701300195930179, 'f': 1.9554431551950389, 'g': 1.218331120654284}
python -u fit_individ_iter.py Box37_1400 0.366459 Box37_1400 0.403224
prev {'d': 0.39096281159194557, 'e': 0.473597423809984, 'f': 1.9605233080363664, 'g': 1.21451448896931}
Starting ML Fit
Box37_1400
       message: Optimization terminated successfully.
       success: True
        status: 0
           fun: 68.9622668727723
             x: [ 3.901e-01  4.917e-01  1.923e+00  1.209e+00]
           nit: 118
          nfev: 202
 final_simplex: (array([[ 3.901e-01,  4.917e-01,  1.923e+00,  1.209e+00],
                       [ 3.901e-01,  4.916e-01,  1.923e+00,  1.209e+00],
                       ...,
                       [ 3.901e-01,  4.917e-01,  1.923e+00,  1.209e+00],
                       [ 3.901e-01,  4.917e-01,  1.923e+00,  1.209e+00]]), array([ 6.896e+01,  6.896e+01,  6.896e+01,  6.896e+01,
                        6.896e+01]))
   param_names: ['d', 'e', 'f', 'g']
[0.39008633 0.49165846 1.92289306 1.20879656]
{'d': 0.39008633454866315, 'e': 0.4916584597977664, 'f': 1.9228930648094043, 'g': 1.2087965610849176}
Previous:  {'d': 0.39096281159194557, 'e': 0.473597423809984, 'f': 1.9605233080363664, 'g': 1.21451448896931}
