Curr: Box31_1400, Prev: Box78_1400
alist [1.0, 0.953321, 0.866399, 0.787402, 0.715608, 0.65036, 0.620002, 0.591061, 0.563471, 0.537169, 0.512095, 0.488191, 0.403224, 0.366459]
python -u fit_individ_iter.py Box31_1400 1.000000 Box78_1400 1.000000
Setting dictionary
Computing sigma spline
Initializing CLASS
Computing Sigma from CLASS
Spline Made
prev {'d': 0.5276692717892424, 'e': 0.8812412509198257, 'f': 2.3371358050834203, 'g': 1.3366981551316628}
Starting ML Fit
Box31_1400
       message: Optimization terminated successfully.
       success: True
        status: 0
           fun: 21133.04921606865
             x: [ 5.130e-01  6.654e-01  2.331e+00  1.402e+00]
           nit: 106
          nfev: 190
 final_simplex: (array([[ 5.130e-01,  6.654e-01,  2.331e+00,  1.402e+00],
                       [ 5.130e-01,  6.654e-01,  2.331e+00,  1.402e+00],
                       ...,
                       [ 5.130e-01,  6.654e-01,  2.331e+00,  1.402e+00],
                       [ 5.130e-01,  6.654e-01,  2.331e+00,  1.402e+00]]), array([ 2.113e+04,  2.113e+04,  2.113e+04,  2.113e+04,
                        2.113e+04]))
   param_names: ['d', 'e', 'f', 'g']
[0.5130036  0.66542679 2.33099198 1.40199795]
{'d': 0.5130035964101445, 'e': 0.665426785979972, 'f': 2.3309919764244924, 'g': 1.4019979530046516}
Previous:  {'d': 0.5276692717892424, 'e': 0.8812412509198257, 'f': 2.3371358050834203, 'g': 1.3366981551316628}
python -u fit_individ_iter.py Box31_1400 0.953321 Box31_1400 1.000000
Setting dictionary
Computing sigma spline
Initializing CLASS
Computing Sigma from CLASS
Spline Made
prev {'d': 0.5130035964101445, 'e': 0.665426785979972, 'f': 2.3309919764244924, 'g': 1.4019979530046516}
Starting ML Fit
Box31_1400
       message: Optimization terminated successfully.
       success: True
        status: 0
           fun: 15023.509250425222
             x: [ 5.021e-01  5.777e-01  2.327e+00  1.419e+00]
           nit: 95
          nfev: 171
 final_simplex: (array([[ 5.021e-01,  5.777e-01,  2.327e+00,  1.419e+00],
                       [ 5.021e-01,  5.776e-01,  2.327e+00,  1.419e+00],
                       ...,
                       [ 5.021e-01,  5.777e-01,  2.327e+00,  1.419e+00],
                       [ 5.021e-01,  5.777e-01,  2.327e+00,  1.419e+00]]), array([ 1.502e+04,  1.502e+04,  1.502e+04,  1.502e+04,
                        1.502e+04]))
   param_names: ['d', 'e', 'f', 'g']
[0.50211789 0.57766145 2.32736365 1.41860268]
{'d': 0.5021178946170874, 'e': 0.5776614460948755, 'f': 2.3273636510343163, 'g': 1.4186026830450396}
Previous:  {'d': 0.5130035964101445, 'e': 0.665426785979972, 'f': 2.3309919764244924, 'g': 1.4019979530046516}
python -u fit_individ_iter.py Box31_1400 0.866399 Box31_1400 0.953321
Setting dictionary
Computing sigma spline
Initializing CLASS
Computing Sigma from CLASS
Spline Made
prev {'d': 0.5021178946170874, 'e': 0.5776614460948755, 'f': 2.3273636510343163, 'g': 1.4186026830450396}
Starting ML Fit
Box31_1400
       message: Optimization terminated successfully.
       success: True
        status: 0
           fun: 9080.847232996037
             x: [ 4.920e-01  5.894e-01  2.325e+00  1.412e+00]
           nit: 111
          nfev: 193
 final_simplex: (array([[ 4.920e-01,  5.894e-01,  2.325e+00,  1.412e+00],
                       [ 4.920e-01,  5.894e-01,  2.325e+00,  1.412e+00],
                       ...,
                       [ 4.920e-01,  5.894e-01,  2.325e+00,  1.412e+00],
                       [ 4.920e-01,  5.894e-01,  2.325e+00,  1.412e+00]]), array([ 9.081e+03,  9.081e+03,  9.081e+03,  9.081e+03,
                        9.081e+03]))
   param_names: ['d', 'e', 'f', 'g']
[0.49202272 0.58939346 2.32475141 1.41182866]
{'d': 0.49202271745101384, 'e': 0.5893934571091042, 'f': 2.324751406846108, 'g': 1.4118286577523196}
Previous:  {'d': 0.5021178946170874, 'e': 0.5776614460948755, 'f': 2.3273636510343163, 'g': 1.4186026830450396}
python -u fit_individ_iter.py Box31_1400 0.787402 Box31_1400 0.866399
Setting dictionary
Computing sigma spline
Initializing CLASS
Computing Sigma from CLASS
Spline Made
prev {'d': 0.49202271745101384, 'e': 0.5893934571091042, 'f': 2.324751406846108, 'g': 1.4118286577523196}
Starting ML Fit
Box31_1400
       message: Optimization terminated successfully.
       success: True
        status: 0
           fun: 9562.78964071629
             x: [ 4.830e-01  5.900e-01  2.324e+00  1.408e+00]
           nit: 120
          nfev: 208
 final_simplex: (array([[ 4.830e-01,  5.900e-01,  2.324e+00,  1.408e+00],
                       [ 4.830e-01,  5.899e-01,  2.324e+00,  1.408e+00],
                       ...,
                       [ 4.830e-01,  5.899e-01,  2.324e+00,  1.408e+00],
                       [ 4.830e-01,  5.899e-01,  2.324e+00,  1.408e+00]]), array([ 9.563e+03,  9.563e+03,  9.563e+03,  9.563e+03,
                        9.563e+03]))
   param_names: ['d', 'e', 'f', 'g']
[0.48297275 0.58995137 2.32417768 1.40803515]
{'d': 0.4829727508156965, 'e': 0.5899513651622806, 'f': 2.3241776831843977, 'g': 1.408035147952687}
Previous:  {'d': 0.49202271745101384, 'e': 0.5893934571091042, 'f': 2.324751406846108, 'g': 1.4118286577523196}
python -u fit_individ_iter.py Box31_1400 0.715608 Box31_1400 0.787402
Setting dictionary
Computing sigma spline
Initializing CLASS
Computing Sigma from CLASS
Spline Made
prev {'d': 0.4829727508156965, 'e': 0.5899513651622806, 'f': 2.3241776831843977, 'g': 1.408035147952687}
Starting ML Fit
Box31_1400
       message: Optimization terminated successfully.
       success: True
        status: 0
           fun: 9311.695242531627
             x: [ 4.755e-01  6.230e-01  2.322e+00  1.390e+00]
           nit: 103
          nfev: 185
 final_simplex: (array([[ 4.755e-01,  6.230e-01,  2.322e+00,  1.390e+00],
                       [ 4.755e-01,  6.230e-01,  2.322e+00,  1.390e+00],
                       ...,
                       [ 4.755e-01,  6.230e-01,  2.322e+00,  1.390e+00],
                       [ 4.755e-01,  6.230e-01,  2.322e+00,  1.390e+00]]), array([ 9.312e+03,  9.312e+03,  9.312e+03,  9.312e+03,
                        9.312e+03]))
   param_names: ['d', 'e', 'f', 'g']
[0.47547045 0.62296515 2.32219389 1.39014355]
{'d': 0.47547044638783087, 'e': 0.6229651455075107, 'f': 2.322193885172478, 'g': 1.3901435461678493}
Previous:  {'d': 0.4829727508156965, 'e': 0.5899513651622806, 'f': 2.3241776831843977, 'g': 1.408035147952687}
python -u fit_individ_iter.py Box31_1400 0.650360 Box31_1400 0.715608
Setting dictionary
Computing sigma spline
Initializing CLASS
Computing Sigma from CLASS
Spline Made
prev {'d': 0.47547044638783087, 'e': 0.6229651455075107, 'f': 2.322193885172478, 'g': 1.3901435461678493}
Starting ML Fit
Box31_1400
       message: Optimization terminated successfully.
       success: True
        status: 0
           fun: 6495.440625892771
             x: [ 4.721e-01  6.859e-01  2.319e+00  1.375e+00]
           nit: 102
          nfev: 174
 final_simplex: (array([[ 4.721e-01,  6.859e-01,  2.319e+00,  1.375e+00],
                       [ 4.721e-01,  6.859e-01,  2.319e+00,  1.375e+00],
                       ...,
                       [ 4.721e-01,  6.859e-01,  2.319e+00,  1.375e+00],
                       [ 4.721e-01,  6.859e-01,  2.319e+00,  1.375e+00]]), array([ 6.495e+03,  6.495e+03,  6.495e+03,  6.495e+03,
                        6.495e+03]))
   param_names: ['d', 'e', 'f', 'g']
[0.47211779 0.68592965 2.31898439 1.37526289]
{'d': 0.4721177893545634, 'e': 0.6859296543405732, 'f': 2.3189843921500755, 'g': 1.3752628925488124}
Previous:  {'d': 0.47547044638783087, 'e': 0.6229651455075107, 'f': 2.322193885172478, 'g': 1.3901435461678493}
python -u fit_individ_iter.py Box31_1400 0.620002 Box31_1400 0.650360
Setting dictionary
Computing sigma spline
Initializing CLASS
Computing Sigma from CLASS
Spline Made
prev {'d': 0.4721177893545634, 'e': 0.6859296543405732, 'f': 2.3189843921500755, 'g': 1.3752628925488124}
Starting ML Fit
Box31_1400
       message: Optimization terminated successfully.
       success: True
        status: 0
           fun: 8611.789738951202
             x: [ 4.715e-01  7.394e-01  2.317e+00  1.365e+00]
           nit: 100
          nfev: 173
 final_simplex: (array([[ 4.715e-01,  7.394e-01,  2.317e+00,  1.365e+00],
                       [ 4.715e-01,  7.394e-01,  2.317e+00,  1.365e+00],
                       ...,
                       [ 4.715e-01,  7.394e-01,  2.317e+00,  1.365e+00],
                       [ 4.715e-01,  7.394e-01,  2.317e+00,  1.365e+00]]), array([ 8.612e+03,  8.612e+03,  8.612e+03,  8.612e+03,
                        8.612e+03]))
   param_names: ['d', 'e', 'f', 'g']
[0.47152629 0.73940467 2.31679801 1.36522494]
{'d': 0.47152628617968406, 'e': 0.739404668309112, 'f': 2.316798014432133, 'g': 1.3652249391515978}
Previous:  {'d': 0.4721177893545634, 'e': 0.6859296543405732, 'f': 2.3189843921500755, 'g': 1.3752628925488124}
python -u fit_individ_iter.py Box31_1400 0.591061 Box31_1400 0.620002
Setting dictionary
Computing sigma spline
Initializing CLASS
Computing Sigma from CLASS
Spline Made
prev {'d': 0.47152628617968406, 'e': 0.739404668309112, 'f': 2.316798014432133, 'g': 1.3652249391515978}
Starting ML Fit
Box31_1400
       message: Optimization terminated successfully.
       success: True
        status: 0
           fun: 13638.924896284583
             x: [ 4.722e-01  8.011e-01  2.313e+00  1.355e+00]
           nit: 88
          nfev: 160
 final_simplex: (array([[ 4.722e-01,  8.011e-01,  2.313e+00,  1.355e+00],
                       [ 4.722e-01,  8.011e-01,  2.313e+00,  1.355e+00],
                       ...,
                       [ 4.722e-01,  8.011e-01,  2.313e+00,  1.355e+00],
                       [ 4.722e-01,  8.011e-01,  2.313e+00,  1.355e+00]]), array([ 1.364e+04,  1.364e+04,  1.364e+04,  1.364e+04,
                        1.364e+04]))
   param_names: ['d', 'e', 'f', 'g']
[0.47220091 0.80109284 2.31347548 1.35473779]
{'d': 0.47220090856395747, 'e': 0.801092844993528, 'f': 2.3134754829972835, 'g': 1.3547377934698162}
Previous:  {'d': 0.47152628617968406, 'e': 0.739404668309112, 'f': 2.316798014432133, 'g': 1.3652249391515978}
python -u fit_individ_iter.py Box31_1400 0.563471 Box31_1400 0.591061
Setting dictionary
Computing sigma spline
Initializing CLASS
Computing Sigma from CLASS
Spline Made
prev {'d': 0.47220090856395747, 'e': 0.801092844993528, 'f': 2.3134754829972835, 'g': 1.3547377934698162}
Starting ML Fit
Box31_1400
       message: Optimization terminated successfully.
       success: True
        status: 0
           fun: 9903.965601836864
             x: [ 4.708e-01  8.415e-01  2.311e+00  1.344e+00]
           nit: 83
          nfev: 148
 final_simplex: (array([[ 4.708e-01,  8.415e-01,  2.311e+00,  1.344e+00],
                       [ 4.708e-01,  8.414e-01,  2.311e+00,  1.344e+00],
                       ...,
                       [ 4.708e-01,  8.415e-01,  2.311e+00,  1.344e+00],
                       [ 4.708e-01,  8.415e-01,  2.311e+00,  1.344e+00]]), array([ 9.904e+03,  9.904e+03,  9.904e+03,  9.904e+03,
                        9.904e+03]))
   param_names: ['d', 'e', 'f', 'g']
[0.47076782 0.84146252 2.31122311 1.34371775]
{'d': 0.47076781663143297, 'e': 0.8414625244202042, 'f': 2.311223114419546, 'g': 1.343717747031654}
Previous:  {'d': 0.47220090856395747, 'e': 0.801092844993528, 'f': 2.3134754829972835, 'g': 1.3547377934698162}
python -u fit_individ_iter.py Box31_1400 0.537169 Box31_1400 0.563471
Setting dictionary
Computing sigma spline
Initializing CLASS
Computing Sigma from CLASS
Spline Made
prev {'d': 0.47076781663143297, 'e': 0.8414625244202042, 'f': 2.311223114419546, 'g': 1.343717747031654}
Starting ML Fit
Box31_1400
       message: Optimization terminated successfully.
       success: True
        status: 0
           fun: 10796.05441539486
             x: [ 4.692e-01  8.996e-01  2.305e+00  1.332e+00]
           nit: 84
          nfev: 153
 final_simplex: (array([[ 4.692e-01,  8.996e-01,  2.305e+00,  1.332e+00],
                       [ 4.692e-01,  8.996e-01,  2.305e+00,  1.332e+00],
                       ...,
                       [ 4.692e-01,  8.996e-01,  2.305e+00,  1.332e+00],
                       [ 4.692e-01,  8.996e-01,  2.305e+00,  1.332e+00]]), array([ 1.080e+04,  1.080e+04,  1.080e+04,  1.080e+04,
                        1.080e+04]))
   param_names: ['d', 'e', 'f', 'g']
[0.4691733  0.89964993 2.30519281 1.33208218]
{'d': 0.46917330473641905, 'e': 0.8996499312670834, 'f': 2.3051928110610467, 'g': 1.3320821807284853}
Previous:  {'d': 0.47076781663143297, 'e': 0.8414625244202042, 'f': 2.311223114419546, 'g': 1.343717747031654}
python -u fit_individ_iter.py Box31_1400 0.512095 Box31_1400 0.537169
Setting dictionary
Computing sigma spline
Initializing CLASS
Computing Sigma from CLASS
Spline Made
prev {'d': 0.46917330473641905, 'e': 0.8996499312670834, 'f': 2.3051928110610467, 'g': 1.3320821807284853}
Starting ML Fit
Box31_1400
       message: Optimization terminated successfully.
       success: True
        status: 0
           fun: 6260.9633878834
             x: [ 4.664e-01  9.263e-01  2.302e+00  1.323e+00]
           nit: 99
          nfev: 172
 final_simplex: (array([[ 4.664e-01,  9.263e-01,  2.302e+00,  1.323e+00],
                       [ 4.664e-01,  9.264e-01,  2.302e+00,  1.323e+00],
                       ...,
                       [ 4.664e-01,  9.264e-01,  2.302e+00,  1.323e+00],
                       [ 4.664e-01,  9.264e-01,  2.302e+00,  1.323e+00]]), array([ 6.261e+03,  6.261e+03,  6.261e+03,  6.261e+03,
                        6.261e+03]))
   param_names: ['d', 'e', 'f', 'g']
[0.46637936 0.92633944 2.301825   1.32348186]
{'d': 0.46637936454879547, 'e': 0.926339442209249, 'f': 2.301825000187592, 'g': 1.323481863481041}
Previous:  {'d': 0.46917330473641905, 'e': 0.8996499312670834, 'f': 2.3051928110610467, 'g': 1.3320821807284853}
python -u fit_individ_iter.py Box31_1400 0.488191 Box31_1400 0.512095
Setting dictionary
Computing sigma spline
Initializing CLASS
Computing Sigma from CLASS
Spline Made
prev {'d': 0.46637936454879547, 'e': 0.926339442209249, 'f': 2.301825000187592, 'g': 1.323481863481041}
Starting ML Fit
Box31_1400
       message: Optimization terminated successfully.
       success: True
        status: 0
           fun: 8256.640397265046
             x: [ 4.647e-01  9.545e-01  2.298e+00  1.317e+00]
           nit: 79
          nfev: 142
 final_simplex: (array([[ 4.647e-01,  9.545e-01,  2.298e+00,  1.317e+00],
                       [ 4.647e-01,  9.545e-01,  2.298e+00,  1.317e+00],
                       ...,
                       [ 4.647e-01,  9.545e-01,  2.298e+00,  1.317e+00],
                       [ 4.647e-01,  9.545e-01,  2.298e+00,  1.317e+00]]), array([ 8.257e+03,  8.257e+03,  8.257e+03,  8.257e+03,
                        8.257e+03]))
   param_names: ['d', 'e', 'f', 'g']
[0.46470168 0.95453891 2.29770498 1.31727843]
{'d': 0.46470168356978403, 'e': 0.9545389104699131, 'f': 2.297704978459678, 'g': 1.3172784266293238}
Previous:  {'d': 0.46637936454879547, 'e': 0.926339442209249, 'f': 2.301825000187592, 'g': 1.323481863481041}
python -u fit_individ_iter.py Box31_1400 0.403224 Box31_1400 0.488191
Setting dictionary
Computing sigma spline
Initializing CLASS
Computing Sigma from CLASS
Spline Made
prev {'d': 0.46470168356978403, 'e': 0.9545389104699131, 'f': 2.297704978459678, 'g': 1.3172784266293238}
Starting ML Fit
Box31_1400
       message: Optimization terminated successfully.
       success: True
        status: 0
           fun: 5800.367084366761
             x: [ 4.520e-01  9.927e-01  2.290e+00  1.300e+00]
           nit: 118
          nfev: 201
 final_simplex: (array([[ 4.520e-01,  9.927e-01,  2.290e+00,  1.300e+00],
                       [ 4.520e-01,  9.927e-01,  2.290e+00,  1.300e+00],
                       ...,
                       [ 4.520e-01,  9.927e-01,  2.290e+00,  1.300e+00],
                       [ 4.520e-01,  9.927e-01,  2.290e+00,  1.300e+00]]), array([ 5.800e+03,  5.800e+03,  5.800e+03,  5.800e+03,
                        5.800e+03]))
   param_names: ['d', 'e', 'f', 'g']
[0.45195828 0.992691   2.29048074 1.29962853]
{'d': 0.4519582832223256, 'e': 0.9926909981757801, 'f': 2.2904807447000346, 'g': 1.2996285348883447}
Previous:  {'d': 0.46470168356978403, 'e': 0.9545389104699131, 'f': 2.297704978459678, 'g': 1.3172784266293238}
python -u fit_individ_iter.py Box31_1400 0.366459 Box31_1400 0.403224
Setting dictionary
Computing sigma spline
Initializing CLASS
Computing Sigma from CLASS
Spline Made
prev {'d': 0.4519582832223256, 'e': 0.9926909981757801, 'f': 2.2904807447000346, 'g': 1.2996285348883447}
Starting ML Fit
Box31_1400
       message: Optimization terminated successfully.
       success: True
        status: 0
           fun: 7924.9753528697975
             x: [ 4.430e-01  1.016e+00  2.285e+00  1.286e+00]
           nit: 100
          nfev: 172
 final_simplex: (array([[ 4.430e-01,  1.016e+00,  2.285e+00,  1.286e+00],
                       [ 4.430e-01,  1.016e+00,  2.285e+00,  1.286e+00],
                       ...,
                       [ 4.430e-01,  1.016e+00,  2.285e+00,  1.286e+00],
                       [ 4.430e-01,  1.016e+00,  2.285e+00,  1.286e+00]]), array([ 7.925e+03,  7.925e+03,  7.925e+03,  7.925e+03,
                        7.925e+03]))
   param_names: ['d', 'e', 'f', 'g']
[0.44295829 1.01643874 2.28532591 1.28634126]
{'d': 0.4429582894631277, 'e': 1.0164387393833847, 'f': 2.2853259109817623, 'g': 1.286341262780652}
Previous:  {'d': 0.4519582832223256, 'e': 0.9926909981757801, 'f': 2.2904807447000346, 'g': 1.2996285348883447}
