Curr: Box_n50_39_1400, Prev: Box_n50_32_1400
alist [1.0, 0.953321, 0.866399, 0.787402, 0.715608, 0.65036, 0.620002, 0.591061, 0.563471, 0.537169, 0.512095, 0.488191, 0.403224, 0.366459]
python -u fit_individ_iter.py Box_n50_39_1400 1.000000 Box_n50_32_1400 1.000000
prev {'d': 0.43090466036449504, 'e': 0.34729289919749523, 'f': 1.6704737129899225, 'g': 1.1605161198147251}
Starting ML Fit
Box_n50_39_1400
       message: Optimization terminated successfully.
       success: True
        status: 0
           fun: 117.30685452904241
             x: [ 4.411e-01  3.067e-01  1.721e+00  1.202e+00]
           nit: 107
          nfev: 191
 final_simplex: (array([[ 4.411e-01,  3.067e-01,  1.721e+00,  1.202e+00],
                       [ 4.411e-01,  3.067e-01,  1.721e+00,  1.202e+00],
                       ...,
                       [ 4.411e-01,  3.066e-01,  1.721e+00,  1.202e+00],
                       [ 4.411e-01,  3.068e-01,  1.721e+00,  1.203e+00]]), array([ 1.173e+02,  1.173e+02,  1.173e+02,  1.173e+02,
                        1.173e+02]))
   param_names: ['d', 'e', 'f', 'g']
[0.44106178 0.30668366 1.72126788 1.20248412]
{'d': 0.4410617785182058, 'e': 0.3066836611926369, 'f': 1.7212678845323333, 'g': 1.2024841205883754}
Previous:  {'d': 0.43090466036449504, 'e': 0.34729289919749523, 'f': 1.6704737129899225, 'g': 1.1605161198147251}
python -u fit_individ_iter.py Box_n50_39_1400 0.953321 Box_n50_39_1400 1.000000
prev {'d': 0.4410617785182058, 'e': 0.3066836611926369, 'f': 1.7212678845323333, 'g': 1.2024841205883754}
Starting ML Fit
Box_n50_39_1400
       message: Optimization terminated successfully.
       success: True
        status: 0
           fun: 120.21796786205488
             x: [ 4.316e-01  2.859e-01  1.753e+00  1.212e+00]
           nit: 144
          nfev: 256
 final_simplex: (array([[ 4.316e-01,  2.859e-01,  1.753e+00,  1.212e+00],
                       [ 4.316e-01,  2.858e-01,  1.753e+00,  1.212e+00],
                       ...,
                       [ 4.316e-01,  2.858e-01,  1.752e+00,  1.212e+00],
                       [ 4.316e-01,  2.859e-01,  1.752e+00,  1.212e+00]]), array([ 1.202e+02,  1.202e+02,  1.202e+02,  1.202e+02,
                        1.202e+02]))
   param_names: ['d', 'e', 'f', 'g']
[0.4315876 0.2858544 1.7525101 1.2123261]
{'d': 0.4315875966776881, 'e': 0.2858543952427933, 'f': 1.7525100985402093, 'g': 1.2123261010324744}
Previous:  {'d': 0.4410617785182058, 'e': 0.3066836611926369, 'f': 1.7212678845323333, 'g': 1.2024841205883754}
python -u fit_individ_iter.py Box_n50_39_1400 0.866399 Box_n50_39_1400 0.953321
prev {'d': 0.4315875966776881, 'e': 0.2858543952427933, 'f': 1.7525100985402093, 'g': 1.2123261010324744}
Starting ML Fit
Box_n50_39_1400
       message: Optimization terminated successfully.
       success: True
        status: 0
           fun: 112.95034500867573
             x: [ 4.181e-01  2.699e-01  1.798e+00  1.226e+00]
           nit: 113
          nfev: 191
 final_simplex: (array([[ 4.181e-01,  2.699e-01,  1.798e+00,  1.226e+00],
                       [ 4.181e-01,  2.698e-01,  1.798e+00,  1.226e+00],
                       ...,
                       [ 4.181e-01,  2.698e-01,  1.798e+00,  1.226e+00],
                       [ 4.181e-01,  2.699e-01,  1.798e+00,  1.226e+00]]), array([ 1.130e+02,  1.130e+02,  1.130e+02,  1.130e+02,
                        1.130e+02]))
   param_names: ['d', 'e', 'f', 'g']
[0.41806793 0.26988853 1.7983982  1.22632633]
{'d': 0.41806793391184033, 'e': 0.26988853470116925, 'f': 1.798398200571346, 'g': 1.2263263263269857}
Previous:  {'d': 0.4315875966776881, 'e': 0.2858543952427933, 'f': 1.7525100985402093, 'g': 1.2123261010324744}
python -u fit_individ_iter.py Box_n50_39_1400 0.787402 Box_n50_39_1400 0.866399
prev {'d': 0.41806793391184033, 'e': 0.26988853470116925, 'f': 1.798398200571346, 'g': 1.2263263263269857}
Starting ML Fit
Box_n50_39_1400
       message: Optimization terminated successfully.
       success: True
        status: 0
           fun: 103.15845031768275
             x: [ 4.088e-01  2.847e-01  1.812e+00  1.222e+00]
           nit: 70
          nfev: 128
 final_simplex: (array([[ 4.088e-01,  2.847e-01,  1.812e+00,  1.222e+00],
                       [ 4.088e-01,  2.847e-01,  1.812e+00,  1.222e+00],
                       ...,
                       [ 4.088e-01,  2.847e-01,  1.811e+00,  1.222e+00],
                       [ 4.088e-01,  2.847e-01,  1.811e+00,  1.222e+00]]), array([ 1.032e+02,  1.032e+02,  1.032e+02,  1.032e+02,
                        1.032e+02]))
   param_names: ['d', 'e', 'f', 'g']
[0.40884064 0.28468231 1.81151061 1.22205433]
{'d': 0.4088406436021192, 'e': 0.2846823058061221, 'f': 1.811510614203866, 'g': 1.2220543276549223}
Previous:  {'d': 0.41806793391184033, 'e': 0.26988853470116925, 'f': 1.798398200571346, 'g': 1.2263263263269857}
python -u fit_individ_iter.py Box_n50_39_1400 0.715608 Box_n50_39_1400 0.787402
prev {'d': 0.4088406436021192, 'e': 0.2846823058061221, 'f': 1.811510614203866, 'g': 1.2220543276549223}
Starting ML Fit
Box_n50_39_1400
       message: Optimization terminated successfully.
       success: True
        status: 0
           fun: 103.59151583452079
             x: [ 3.963e-01  2.756e-01  1.839e+00  1.226e+00]
           nit: 177
          nfev: 298
 final_simplex: (array([[ 3.963e-01,  2.756e-01,  1.839e+00,  1.226e+00],
                       [ 3.963e-01,  2.756e-01,  1.839e+00,  1.226e+00],
                       ...,
                       [ 3.963e-01,  2.756e-01,  1.839e+00,  1.226e+00],
                       [ 3.963e-01,  2.756e-01,  1.839e+00,  1.226e+00]]), array([ 1.036e+02,  1.036e+02,  1.036e+02,  1.036e+02,
                        1.036e+02]))
   param_names: ['d', 'e', 'f', 'g']
[0.3963104  0.27555967 1.83929658 1.22555904]
{'d': 0.3963103996843985, 'e': 0.275559670666453, 'f': 1.8392965799454783, 'g': 1.2255590361207922}
Previous:  {'d': 0.4088406436021192, 'e': 0.2846823058061221, 'f': 1.811510614203866, 'g': 1.2220543276549223}
python -u fit_individ_iter.py Box_n50_39_1400 0.650360 Box_n50_39_1400 0.715608
prev {'d': 0.3963103996843985, 'e': 0.275559670666453, 'f': 1.8392965799454783, 'g': 1.2255590361207922}
Starting ML Fit
Box_n50_39_1400
       message: Optimization terminated successfully.
       success: True
        status: 0
           fun: 101.0396706924364
             x: [ 3.854e-01  2.692e-01  1.860e+00  1.227e+00]
           nit: 111
          nfev: 197
 final_simplex: (array([[ 3.854e-01,  2.692e-01,  1.860e+00,  1.227e+00],
                       [ 3.854e-01,  2.693e-01,  1.860e+00,  1.227e+00],
                       ...,
                       [ 3.854e-01,  2.692e-01,  1.860e+00,  1.227e+00],
                       [ 3.854e-01,  2.693e-01,  1.860e+00,  1.227e+00]]), array([ 1.010e+02,  1.010e+02,  1.010e+02,  1.010e+02,
                        1.010e+02]))
   param_names: ['d', 'e', 'f', 'g']
[0.38540086 0.26921277 1.85988879 1.22694745]
{'d': 0.38540085629770154, 'e': 0.2692127675997447, 'f': 1.8598887941220854, 'g': 1.2269474481686624}
Previous:  {'d': 0.3963103996843985, 'e': 0.275559670666453, 'f': 1.8392965799454783, 'g': 1.2255590361207922}
python -u fit_individ_iter.py Box_n50_39_1400 0.620002 Box_n50_39_1400 0.650360
prev {'d': 0.38540085629770154, 'e': 0.2692127675997447, 'f': 1.8598887941220854, 'g': 1.2269474481686624}
Starting ML Fit
Box_n50_39_1400
       message: Optimization terminated successfully.
       success: True
        status: 0
           fun: 98.53136287310866
             x: [ 3.771e-01  2.556e-01  1.877e+00  1.227e+00]
           nit: 144
          nfev: 253
 final_simplex: (array([[ 3.771e-01,  2.556e-01,  1.877e+00,  1.227e+00],
                       [ 3.771e-01,  2.555e-01,  1.877e+00,  1.227e+00],
                       ...,
                       [ 3.771e-01,  2.556e-01,  1.877e+00,  1.227e+00],
                       [ 3.771e-01,  2.555e-01,  1.877e+00,  1.227e+00]]), array([ 9.853e+01,  9.853e+01,  9.853e+01,  9.853e+01,
                        9.853e+01]))
   param_names: ['d', 'e', 'f', 'g']
[0.3770618  0.25558159 1.87730639 1.22675295]
{'d': 0.37706179692845765, 'e': 0.2555815920056752, 'f': 1.8773063921334137, 'g': 1.2267529496446161}
Previous:  {'d': 0.38540085629770154, 'e': 0.2692127675997447, 'f': 1.8598887941220854, 'g': 1.2269474481686624}
python -u fit_individ_iter.py Box_n50_39_1400 0.591061 Box_n50_39_1400 0.620002
prev {'d': 0.37706179692845765, 'e': 0.2555815920056752, 'f': 1.8773063921334137, 'g': 1.2267529496446161}
Starting ML Fit
Box_n50_39_1400
       message: Optimization terminated successfully.
       success: True
        status: 0
           fun: 97.577237400943
             x: [ 3.677e-01  2.333e-01  1.900e+00  1.230e+00]
           nit: 117
          nfev: 202
 final_simplex: (array([[ 3.677e-01,  2.333e-01,  1.900e+00,  1.230e+00],
                       [ 3.677e-01,  2.332e-01,  1.900e+00,  1.230e+00],
                       ...,
                       [ 3.677e-01,  2.332e-01,  1.900e+00,  1.230e+00],
                       [ 3.677e-01,  2.333e-01,  1.900e+00,  1.230e+00]]), array([ 9.758e+01,  9.758e+01,  9.758e+01,  9.758e+01,
                        9.758e+01]))
   param_names: ['d', 'e', 'f', 'g']
[0.36768333 0.23331049 1.90034449 1.23043731]
{'d': 0.3676833299118718, 'e': 0.23331048810980054, 'f': 1.9003444925622026, 'g': 1.2304373097627883}
Previous:  {'d': 0.37706179692845765, 'e': 0.2555815920056752, 'f': 1.8773063921334137, 'g': 1.2267529496446161}
python -u fit_individ_iter.py Box_n50_39_1400 0.563471 Box_n50_39_1400 0.591061
prev {'d': 0.3676833299118718, 'e': 0.23331048810980054, 'f': 1.9003444925622026, 'g': 1.2304373097627883}
Starting ML Fit
Box_n50_39_1400
       message: Optimization terminated successfully.
       success: True
        status: 0
           fun: 91.71360199110804
             x: [ 3.611e-01  2.186e-01  1.925e+00  1.237e+00]
           nit: 147
          nfev: 248
 final_simplex: (array([[ 3.611e-01,  2.186e-01,  1.925e+00,  1.237e+00],
                       [ 3.611e-01,  2.186e-01,  1.925e+00,  1.237e+00],
                       ...,
                       [ 3.611e-01,  2.186e-01,  1.925e+00,  1.237e+00],
                       [ 3.610e-01,  2.185e-01,  1.925e+00,  1.237e+00]]), array([ 9.171e+01,  9.171e+01,  9.171e+01,  9.171e+01,
                        9.171e+01]))
   param_names: ['d', 'e', 'f', 'g']
[0.36105507 0.21857448 1.92487413 1.23653512]
{'d': 0.3610550696457804, 'e': 0.21857447903404742, 'f': 1.9248741260834505, 'g': 1.2365351185337765}
Previous:  {'d': 0.3676833299118718, 'e': 0.23331048810980054, 'f': 1.9003444925622026, 'g': 1.2304373097627883}
python -u fit_individ_iter.py Box_n50_39_1400 0.537169 Box_n50_39_1400 0.563471
prev {'d': 0.3610550696457804, 'e': 0.21857447903404742, 'f': 1.9248741260834505, 'g': 1.2365351185337765}
Starting ML Fit
Box_n50_39_1400
       message: Optimization terminated successfully.
       success: True
        status: 0
           fun: 95.62243969012094
             x: [ 3.541e-01  2.065e-01  1.949e+00  1.240e+00]
           nit: 138
          nfev: 237
 final_simplex: (array([[ 3.541e-01,  2.065e-01,  1.949e+00,  1.240e+00],
                       [ 3.541e-01,  2.065e-01,  1.949e+00,  1.240e+00],
                       ...,
                       [ 3.541e-01,  2.065e-01,  1.950e+00,  1.240e+00],
                       [ 3.541e-01,  2.066e-01,  1.950e+00,  1.240e+00]]), array([ 9.562e+01,  9.562e+01,  9.562e+01,  9.562e+01,
                        9.562e+01]))
   param_names: ['d', 'e', 'f', 'g']
[0.35408734 0.20646888 1.94947274 1.23973959]
{'d': 0.3540873406183296, 'e': 0.20646888416219952, 'f': 1.949472742930293, 'g': 1.2397395869933832}
Previous:  {'d': 0.3610550696457804, 'e': 0.21857447903404742, 'f': 1.9248741260834505, 'g': 1.2365351185337765}
python -u fit_individ_iter.py Box_n50_39_1400 0.512095 Box_n50_39_1400 0.537169
prev {'d': 0.3540873406183296, 'e': 0.20646888416219952, 'f': 1.949472742930293, 'g': 1.2397395869933832}
Starting ML Fit
Box_n50_39_1400
       message: Optimization terminated successfully.
       success: True
        status: 0
           fun: 91.91131682002124
             x: [ 3.413e-01  1.702e-01  2.001e+00  1.251e+00]
           nit: 119
          nfev: 205
 final_simplex: (array([[ 3.413e-01,  1.702e-01,  2.001e+00,  1.251e+00],
                       [ 3.413e-01,  1.703e-01,  2.001e+00,  1.251e+00],
                       ...,
                       [ 3.413e-01,  1.702e-01,  2.001e+00,  1.251e+00],
                       [ 3.413e-01,  1.703e-01,  2.001e+00,  1.251e+00]]), array([ 9.191e+01,  9.191e+01,  9.191e+01,  9.191e+01,
                        9.191e+01]))
   param_names: ['d', 'e', 'f', 'g']
[0.34129651 0.17021592 2.00119764 1.2505241 ]
{'d': 0.3412965056460569, 'e': 0.17021591581168422, 'f': 2.00119764143538, 'g': 1.2505241017109514}
Previous:  {'d': 0.3540873406183296, 'e': 0.20646888416219952, 'f': 1.949472742930293, 'g': 1.2397395869933832}
python -u fit_individ_iter.py Box_n50_39_1400 0.488191 Box_n50_39_1400 0.512095
prev {'d': 0.3412965056460569, 'e': 0.17021591581168422, 'f': 2.00119764143538, 'g': 1.2505241017109514}
Starting ML Fit
Box_n50_39_1400
       message: Optimization terminated successfully.
       success: True
        status: 0
           fun: 80.08556076274145
             x: [ 3.355e-01  1.599e-01  2.022e+00  1.254e+00]
           nit: 103
          nfev: 181
 final_simplex: (array([[ 3.355e-01,  1.599e-01,  2.022e+00,  1.254e+00],
                       [ 3.355e-01,  1.599e-01,  2.022e+00,  1.254e+00],
                       ...,
                       [ 3.355e-01,  1.599e-01,  2.022e+00,  1.254e+00],
                       [ 3.355e-01,  1.600e-01,  2.022e+00,  1.254e+00]]), array([ 8.009e+01,  8.009e+01,  8.009e+01,  8.009e+01,
                        8.009e+01]))
   param_names: ['d', 'e', 'f', 'g']
[0.33547622 0.15988432 2.02164829 1.25405626]
{'d': 0.3354762157037863, 'e': 0.15988431673551143, 'f': 2.0216482865727787, 'g': 1.254056263595126}
Previous:  {'d': 0.3412965056460569, 'e': 0.17021591581168422, 'f': 2.00119764143538, 'g': 1.2505241017109514}
python -u fit_individ_iter.py Box_n50_39_1400 0.403224 Box_n50_39_1400 0.488191
prev {'d': 0.3354762157037863, 'e': 0.15988431673551143, 'f': 2.0216482865727787, 'g': 1.254056263595126}
Starting ML Fit
Box_n50_39_1400
       message: Optimization terminated successfully.
       success: True
        status: 0
           fun: 65.12224231959188
             x: [ 3.102e-01  1.271e-01  2.069e+00  1.252e+00]
           nit: 197
          nfev: 326
 final_simplex: (array([[ 3.102e-01,  1.271e-01,  2.069e+00,  1.252e+00],
                       [ 3.102e-01,  1.272e-01,  2.069e+00,  1.252e+00],
                       ...,
                       [ 3.102e-01,  1.271e-01,  2.069e+00,  1.252e+00],
                       [ 3.102e-01,  1.271e-01,  2.069e+00,  1.252e+00]]), array([ 6.512e+01,  6.512e+01,  6.512e+01,  6.512e+01,
                        6.512e+01]))
   param_names: ['d', 'e', 'f', 'g']
[0.3102244  0.12714574 2.06874005 1.25150964]
{'d': 0.3102243981012599, 'e': 0.1271457379912806, 'f': 2.0687400453443905, 'g': 1.2515096365564462}
Previous:  {'d': 0.3354762157037863, 'e': 0.15988431673551143, 'f': 2.0216482865727787, 'g': 1.254056263595126}
python -u fit_individ_iter.py Box_n50_39_1400 0.366459 Box_n50_39_1400 0.403224
prev {'d': 0.3102243981012599, 'e': 0.1271457379912806, 'f': 2.0687400453443905, 'g': 1.2515096365564462}
Starting ML Fit
Box_n50_39_1400
       message: Optimization terminated successfully.
       success: True
        status: 0
           fun: 57.39752449870789
             x: [ 2.874e-01  8.718e-02  2.119e+00  1.256e+00]
           nit: 160
          nfev: 272
 final_simplex: (array([[ 2.874e-01,  8.718e-02,  2.119e+00,  1.256e+00],
                       [ 2.874e-01,  8.715e-02,  2.118e+00,  1.256e+00],
                       ...,
                       [ 2.874e-01,  8.718e-02,  2.119e+00,  1.256e+00],
                       [ 2.874e-01,  8.723e-02,  2.119e+00,  1.256e+00]]), array([ 5.740e+01,  5.740e+01,  5.740e+01,  5.740e+01,
                        5.740e+01]))
   param_names: ['d', 'e', 'f', 'g']
[0.28743425 0.08718432 2.1185605  1.25551968]
{'d': 0.2874342456513876, 'e': 0.08718431554368493, 'f': 2.118560501768404, 'g': 1.2555196805823252}
Previous:  {'d': 0.3102243981012599, 'e': 0.1271457379912806, 'f': 2.0687400453443905, 'g': 1.2515096365564462}
