Curr: Box_n50_33_1400, Prev: Box_n50_0_1400
alist [1.0, 0.953321, 0.866399, 0.787402, 0.715608, 0.65036, 0.620002, 0.591061, 0.563471, 0.537169, 0.512095, 0.488191, 0.403224, 0.366459]
python -u fit_individ_iter.py Box_n50_33_1400 1.000000 Box_n50_0_1400 1.000000
Setting dictionary
Computing sigma spline
Initializing CLASS
Computing Sigma from CLASS
Spline Made
prev {'d': 0.5409393828872678, 'e': 1.2000000028373095, 'f': 2.3446555682156593, 'g': 1.2825851022666925}
Starting ML Fit
Box_n50_33_1400
       message: Optimization terminated successfully.
       success: True
        status: 0
           fun: 9631.405009497943
             x: [ 5.569e-01  1.185e+00  2.346e+00  1.306e+00]
           nit: 97
          nfev: 170
 final_simplex: (array([[ 5.569e-01,  1.185e+00,  2.346e+00,  1.306e+00],
                       [ 5.569e-01,  1.185e+00,  2.346e+00,  1.306e+00],
                       ...,
                       [ 5.569e-01,  1.185e+00,  2.346e+00,  1.306e+00],
                       [ 5.569e-01,  1.185e+00,  2.346e+00,  1.306e+00]]), array([ 9.631e+03,  9.631e+03,  9.631e+03,  9.631e+03,
                        9.631e+03]))
   param_names: ['d', 'e', 'f', 'g']
[0.5568689  1.18534877 2.34626124 1.30617686]
{'d': 0.5568688988345464, 'e': 1.1853487733644084, 'f': 2.346261242783489, 'g': 1.3061768570108985}
Previous:  {'d': 0.5409393828872678, 'e': 1.2000000028373095, 'f': 2.3446555682156593, 'g': 1.2825851022666925}
python -u fit_individ_iter.py Box_n50_33_1400 0.953321 Box_n50_33_1400 1.000000
Setting dictionary
Computing sigma spline
Initializing CLASS
Computing Sigma from CLASS
Spline Made
prev {'d': 0.5568688988345464, 'e': 1.1853487733644084, 'f': 2.346261242783489, 'g': 1.3061768570108985}
Starting ML Fit
Box_n50_33_1400
       message: Optimization terminated successfully.
       success: True
        status: 0
           fun: 12130.815040149862
             x: [ 5.483e-01  1.170e+00  2.350e+00  1.309e+00]
           nit: 104
          nfev: 182
 final_simplex: (array([[ 5.483e-01,  1.170e+00,  2.350e+00,  1.309e+00],
                       [ 5.483e-01,  1.170e+00,  2.350e+00,  1.309e+00],
                       ...,
                       [ 5.483e-01,  1.170e+00,  2.350e+00,  1.309e+00],
                       [ 5.483e-01,  1.170e+00,  2.350e+00,  1.309e+00]]), array([ 1.213e+04,  1.213e+04,  1.213e+04,  1.213e+04,
                        1.213e+04]))
   param_names: ['d', 'e', 'f', 'g']
[0.54828589 1.17010566 2.34969201 1.30946916]
{'d': 0.5482858943722058, 'e': 1.1701056628686701, 'f': 2.3496920101568866, 'g': 1.3094691646966912}
Previous:  {'d': 0.5568688988345464, 'e': 1.1853487733644084, 'f': 2.346261242783489, 'g': 1.3061768570108985}
python -u fit_individ_iter.py Box_n50_33_1400 0.866399 Box_n50_33_1400 0.953321
Setting dictionary
Computing sigma spline
Initializing CLASS
Computing Sigma from CLASS
Spline Made
prev {'d': 0.5482858943722058, 'e': 1.1701056628686701, 'f': 2.3496920101568866, 'g': 1.3094691646966912}
Starting ML Fit
Box_n50_33_1400
       message: Optimization terminated successfully.
       success: True
        status: 0
           fun: 12937.387619702087
             x: [ 5.329e-01  1.197e+00  2.350e+00  1.305e+00]
           nit: 110
          nfev: 189
 final_simplex: (array([[ 5.329e-01,  1.197e+00,  2.350e+00,  1.305e+00],
                       [ 5.329e-01,  1.197e+00,  2.350e+00,  1.305e+00],
                       ...,
                       [ 5.329e-01,  1.197e+00,  2.350e+00,  1.305e+00],
                       [ 5.329e-01,  1.197e+00,  2.350e+00,  1.305e+00]]), array([ 1.294e+04,  1.294e+04,  1.294e+04,  1.294e+04,
                        1.294e+04]))
   param_names: ['d', 'e', 'f', 'g']
[0.53289708 1.19667807 2.35005394 1.30481514]
{'d': 0.5328970847336059, 'e': 1.196678065516167, 'f': 2.350053939421274, 'g': 1.304815137675904}
Previous:  {'d': 0.5482858943722058, 'e': 1.1701056628686701, 'f': 2.3496920101568866, 'g': 1.3094691646966912}
python -u fit_individ_iter.py Box_n50_33_1400 0.787402 Box_n50_33_1400 0.866399
Setting dictionary
Computing sigma spline
Initializing CLASS
Computing Sigma from CLASS
Spline Made
prev {'d': 0.5328970847336059, 'e': 1.196678065516167, 'f': 2.350053939421274, 'g': 1.304815137675904}
Starting ML Fit
Box_n50_33_1400
       message: Optimization terminated successfully.
       success: True
        status: 0
           fun: 10696.933673002653
             x: [ 5.190e-01  1.208e+00  2.351e+00  1.300e+00]
           nit: 94
          nfev: 167
 final_simplex: (array([[ 5.190e-01,  1.208e+00,  2.351e+00,  1.300e+00],
                       [ 5.190e-01,  1.208e+00,  2.351e+00,  1.300e+00],
                       ...,
                       [ 5.190e-01,  1.208e+00,  2.351e+00,  1.300e+00],
                       [ 5.190e-01,  1.208e+00,  2.351e+00,  1.300e+00]]), array([ 1.070e+04,  1.070e+04,  1.070e+04,  1.070e+04,
                        1.070e+04]))
   param_names: ['d', 'e', 'f', 'g']
[0.51903912 1.20767792 2.35089266 1.30039098]
{'d': 0.5190391223020614, 'e': 1.2076779228703178, 'f': 2.350892664385219, 'g': 1.30039098040423}
Previous:  {'d': 0.5328970847336059, 'e': 1.196678065516167, 'f': 2.350053939421274, 'g': 1.304815137675904}
python -u fit_individ_iter.py Box_n50_33_1400 0.715608 Box_n50_33_1400 0.787402
Setting dictionary
Computing sigma spline
Initializing CLASS
Computing Sigma from CLASS
Spline Made
prev {'d': 0.5190391223020614, 'e': 1.2076779228703178, 'f': 2.350892664385219, 'g': 1.30039098040423}
Starting ML Fit
Box_n50_33_1400
       message: Optimization terminated successfully.
       success: True
        status: 0
           fun: 8088.3537817237575
             x: [ 5.064e-01  1.212e+00  2.352e+00  1.297e+00]
           nit: 107
          nfev: 187
 final_simplex: (array([[ 5.064e-01,  1.212e+00,  2.352e+00,  1.297e+00],
                       [ 5.064e-01,  1.212e+00,  2.352e+00,  1.297e+00],
                       ...,
                       [ 5.064e-01,  1.212e+00,  2.352e+00,  1.297e+00],
                       [ 5.064e-01,  1.212e+00,  2.352e+00,  1.297e+00]]), array([ 8.088e+03,  8.088e+03,  8.088e+03,  8.088e+03,
                        8.088e+03]))
   param_names: ['d', 'e', 'f', 'g']
[0.50641824 1.211561   2.3521431  1.29690548]
{'d': 0.5064182355916877, 'e': 1.2115609980554625, 'f': 2.3521430961732914, 'g': 1.2969054822338635}
Previous:  {'d': 0.5190391223020614, 'e': 1.2076779228703178, 'f': 2.350892664385219, 'g': 1.30039098040423}
python -u fit_individ_iter.py Box_n50_33_1400 0.650360 Box_n50_33_1400 0.715608
Setting dictionary
Computing sigma spline
Initializing CLASS
Computing Sigma from CLASS
Spline Made
prev {'d': 0.5064182355916877, 'e': 1.2115609980554625, 'f': 2.3521430961732914, 'g': 1.2969054822338635}
Starting ML Fit
Box_n50_33_1400
       message: Optimization terminated successfully.
       success: True
        status: 0
           fun: 10962.655243880212
             x: [ 4.938e-01  1.208e+00  2.355e+00  1.295e+00]
           nit: 122
          nfev: 214
 final_simplex: (array([[ 4.938e-01,  1.208e+00,  2.355e+00,  1.295e+00],
                       [ 4.938e-01,  1.208e+00,  2.355e+00,  1.295e+00],
                       ...,
                       [ 4.938e-01,  1.208e+00,  2.355e+00,  1.295e+00],
                       [ 4.938e-01,  1.208e+00,  2.355e+00,  1.295e+00]]), array([ 1.096e+04,  1.096e+04,  1.096e+04,  1.096e+04,
                        1.096e+04]))
   param_names: ['d', 'e', 'f', 'g']
[0.49380243 1.20769422 2.35457759 1.29543562]
{'d': 0.49380242860834855, 'e': 1.207694221948176, 'f': 2.354577589738353, 'g': 1.2954356185458846}
Previous:  {'d': 0.5064182355916877, 'e': 1.2115609980554625, 'f': 2.3521430961732914, 'g': 1.2969054822338635}
python -u fit_individ_iter.py Box_n50_33_1400 0.620002 Box_n50_33_1400 0.650360
Setting dictionary
Computing sigma spline
Initializing CLASS
Computing Sigma from CLASS
Spline Made
prev {'d': 0.49380242860834855, 'e': 1.207694221948176, 'f': 2.354577589738353, 'g': 1.2954356185458846}
Starting ML Fit
Box_n50_33_1400
       message: Optimization terminated successfully.
       success: True
        status: 0
           fun: 10123.02028079426
             x: [ 4.878e-01  1.206e+00  2.356e+00  1.296e+00]
           nit: 79
          nfev: 147
 final_simplex: (array([[ 4.878e-01,  1.206e+00,  2.356e+00,  1.296e+00],
                       [ 4.878e-01,  1.206e+00,  2.356e+00,  1.296e+00],
                       ...,
                       [ 4.878e-01,  1.206e+00,  2.356e+00,  1.296e+00],
                       [ 4.878e-01,  1.206e+00,  2.356e+00,  1.296e+00]]), array([ 1.012e+04,  1.012e+04,  1.012e+04,  1.012e+04,
                        1.012e+04]))
   param_names: ['d', 'e', 'f', 'g']
[0.487803   1.20624958 2.35600295 1.29630643]
{'d': 0.48780299706720726, 'e': 1.2062495839864782, 'f': 2.3560029542585883, 'g': 1.2963064273081017}
Previous:  {'d': 0.49380242860834855, 'e': 1.207694221948176, 'f': 2.354577589738353, 'g': 1.2954356185458846}
python -u fit_individ_iter.py Box_n50_33_1400 0.591061 Box_n50_33_1400 0.620002
Setting dictionary
Computing sigma spline
Initializing CLASS
Computing Sigma from CLASS
Spline Made
prev {'d': 0.48780299706720726, 'e': 1.2062495839864782, 'f': 2.3560029542585883, 'g': 1.2963064273081017}
Starting ML Fit
Box_n50_33_1400
       message: Optimization terminated successfully.
       success: True
        status: 0
           fun: 6540.455388574975
             x: [ 4.830e-01  1.199e+00  2.358e+00  1.297e+00]
           nit: 93
          nfev: 162
 final_simplex: (array([[ 4.830e-01,  1.199e+00,  2.358e+00,  1.297e+00],
                       [ 4.830e-01,  1.199e+00,  2.358e+00,  1.297e+00],
                       ...,
                       [ 4.830e-01,  1.199e+00,  2.358e+00,  1.297e+00],
                       [ 4.830e-01,  1.199e+00,  2.358e+00,  1.297e+00]]), array([ 6.540e+03,  6.540e+03,  6.540e+03,  6.540e+03,
                        6.540e+03]))
   param_names: ['d', 'e', 'f', 'g']
[0.48295468 1.19912717 2.3579416  1.29656292]
{'d': 0.4829546810041749, 'e': 1.1991271662428136, 'f': 2.357941595661402, 'g': 1.296562919373064}
Previous:  {'d': 0.48780299706720726, 'e': 1.2062495839864782, 'f': 2.3560029542585883, 'g': 1.2963064273081017}
python -u fit_individ_iter.py Box_n50_33_1400 0.563471 Box_n50_33_1400 0.591061
Setting dictionary
Computing sigma spline
Initializing CLASS
Computing Sigma from CLASS
Spline Made
prev {'d': 0.4829546810041749, 'e': 1.1991271662428136, 'f': 2.357941595661402, 'g': 1.296562919373064}
Starting ML Fit
Box_n50_33_1400
       message: Optimization terminated successfully.
       success: True
        status: 0
           fun: 8096.42119128542
             x: [ 4.768e-01  1.196e+00  2.359e+00  1.295e+00]
           nit: 85
          nfev: 154
 final_simplex: (array([[ 4.768e-01,  1.196e+00,  2.359e+00,  1.295e+00],
                       [ 4.768e-01,  1.196e+00,  2.359e+00,  1.295e+00],
                       ...,
                       [ 4.767e-01,  1.196e+00,  2.359e+00,  1.295e+00],
                       [ 4.767e-01,  1.196e+00,  2.359e+00,  1.295e+00]]), array([ 8.096e+03,  8.096e+03,  8.096e+03,  8.096e+03,
                        8.096e+03]))
   param_names: ['d', 'e', 'f', 'g']
[0.47675167 1.19602535 2.35865575 1.29511569]
{'d': 0.47675166886460274, 'e': 1.1960253462596988, 'f': 2.358655753686024, 'g': 1.2951156856291677}
Previous:  {'d': 0.4829546810041749, 'e': 1.1991271662428136, 'f': 2.357941595661402, 'g': 1.296562919373064}
python -u fit_individ_iter.py Box_n50_33_1400 0.537169 Box_n50_33_1400 0.563471
Setting dictionary
Computing sigma spline
Initializing CLASS
Computing Sigma from CLASS
Spline Made
prev {'d': 0.47675166886460274, 'e': 1.1960253462596988, 'f': 2.358655753686024, 'g': 1.2951156856291677}
Starting ML Fit
Box_n50_33_1400
       message: Optimization terminated successfully.
       success: True
        status: 0
           fun: 9205.989132332403
             x: [ 4.728e-01  1.201e+00  2.358e+00  1.296e+00]
           nit: 79
          nfev: 142
 final_simplex: (array([[ 4.728e-01,  1.201e+00,  2.358e+00,  1.296e+00],
                       [ 4.728e-01,  1.201e+00,  2.358e+00,  1.296e+00],
                       ...,
                       [ 4.728e-01,  1.201e+00,  2.358e+00,  1.296e+00],
                       [ 4.728e-01,  1.201e+00,  2.358e+00,  1.296e+00]]), array([ 9.206e+03,  9.206e+03,  9.206e+03,  9.206e+03,
                        9.206e+03]))
   param_names: ['d', 'e', 'f', 'g']
[0.4727644  1.20091745 2.35825837 1.29640354]
{'d': 0.4727643957329824, 'e': 1.2009174538149285, 'f': 2.3582583734284466, 'g': 1.296403541028401}
Previous:  {'d': 0.47675166886460274, 'e': 1.1960253462596988, 'f': 2.358655753686024, 'g': 1.2951156856291677}
python -u fit_individ_iter.py Box_n50_33_1400 0.512095 Box_n50_33_1400 0.537169
Setting dictionary
Computing sigma spline
Initializing CLASS
Computing Sigma from CLASS
Spline Made
prev {'d': 0.4727643957329824, 'e': 1.2009174538149285, 'f': 2.3582583734284466, 'g': 1.296403541028401}
Starting ML Fit
Box_n50_33_1400
       message: Optimization terminated successfully.
       success: True
        status: 0
           fun: 9711.353594051703
             x: [ 4.701e-01  1.212e+00  2.357e+00  1.294e+00]
           nit: 79
          nfev: 144
 final_simplex: (array([[ 4.701e-01,  1.212e+00,  2.357e+00,  1.294e+00],
                       [ 4.701e-01,  1.212e+00,  2.357e+00,  1.294e+00],
                       ...,
                       [ 4.701e-01,  1.212e+00,  2.357e+00,  1.294e+00],
                       [ 4.701e-01,  1.212e+00,  2.357e+00,  1.294e+00]]), array([ 9.711e+03,  9.711e+03,  9.711e+03,  9.711e+03,
                        9.711e+03]))
   param_names: ['d', 'e', 'f', 'g']
[0.47007353 1.212036   2.3568095  1.29374802]
{'d': 0.4700735305920219, 'e': 1.2120359955443871, 'f': 2.3568095032449845, 'g': 1.2937480160252437}
Previous:  {'d': 0.4727643957329824, 'e': 1.2009174538149285, 'f': 2.3582583734284466, 'g': 1.296403541028401}
python -u fit_individ_iter.py Box_n50_33_1400 0.488191 Box_n50_33_1400 0.512095
Setting dictionary
Computing sigma spline
Initializing CLASS
Computing Sigma from CLASS
Spline Made
prev {'d': 0.4700735305920219, 'e': 1.2120359955443871, 'f': 2.3568095032449845, 'g': 1.2937480160252437}
Starting ML Fit
Box_n50_33_1400
       message: Optimization terminated successfully.
       success: True
        status: 0
           fun: 12433.038371910123
             x: [ 4.640e-01  1.220e+00  2.356e+00  1.292e+00]
           nit: 102
          nfev: 177
 final_simplex: (array([[ 4.640e-01,  1.220e+00,  2.356e+00,  1.292e+00],
                       [ 4.639e-01,  1.220e+00,  2.356e+00,  1.292e+00],
                       ...,
                       [ 4.640e-01,  1.220e+00,  2.356e+00,  1.292e+00],
                       [ 4.639e-01,  1.220e+00,  2.356e+00,  1.292e+00]]), array([ 1.243e+04,  1.243e+04,  1.243e+04,  1.243e+04,
                        1.243e+04]))
   param_names: ['d', 'e', 'f', 'g']
[0.46395097 1.22019204 2.35564324 1.29195251]
{'d': 0.4639509701326632, 'e': 1.2201920384051315, 'f': 2.3556432427115226, 'g': 1.2919525068960205}
Previous:  {'d': 0.4700735305920219, 'e': 1.2120359955443871, 'f': 2.3568095032449845, 'g': 1.2937480160252437}
python -u fit_individ_iter.py Box_n50_33_1400 0.403224 Box_n50_33_1400 0.488191
Setting dictionary
Computing sigma spline
Initializing CLASS
Computing Sigma from CLASS
Spline Made
prev {'d': 0.4639509701326632, 'e': 1.2201920384051315, 'f': 2.3556432427115226, 'g': 1.2919525068960205}
Starting ML Fit
Box_n50_33_1400
       message: Optimization terminated successfully.
       success: True
        status: 0
           fun: 8437.877881209935
             x: [ 4.487e-01  1.230e+00  2.354e+00  1.281e+00]
           nit: 101
          nfev: 172
 final_simplex: (array([[ 4.487e-01,  1.230e+00,  2.354e+00,  1.281e+00],
                       [ 4.487e-01,  1.230e+00,  2.354e+00,  1.281e+00],
                       ...,
                       [ 4.487e-01,  1.230e+00,  2.354e+00,  1.281e+00],
                       [ 4.487e-01,  1.230e+00,  2.354e+00,  1.281e+00]]), array([ 8.438e+03,  8.438e+03,  8.438e+03,  8.438e+03,
                        8.438e+03]))
   param_names: ['d', 'e', 'f', 'g']
[0.4487275  1.23008563 2.35352119 1.28055147]
{'d': 0.44872750108638926, 'e': 1.2300856318791349, 'f': 2.353521189996238, 'g': 1.2805514727124532}
Previous:  {'d': 0.4639509701326632, 'e': 1.2201920384051315, 'f': 2.3556432427115226, 'g': 1.2919525068960205}
python -u fit_individ_iter.py Box_n50_33_1400 0.366459 Box_n50_33_1400 0.403224
Setting dictionary
Computing sigma spline
Initializing CLASS
Computing Sigma from CLASS
Spline Made
prev {'d': 0.44872750108638926, 'e': 1.2300856318791349, 'f': 2.353521189996238, 'g': 1.2805514727124532}
Starting ML Fit
Box_n50_33_1400
       message: Optimization terminated successfully.
       success: True
        status: 0
           fun: 1871.381971056195
             x: [ 4.390e-01  1.234e+00  2.352e+00  1.274e+00]
           nit: 88
          nfev: 156
 final_simplex: (array([[ 4.390e-01,  1.234e+00,  2.352e+00,  1.274e+00],
                       [ 4.390e-01,  1.234e+00,  2.352e+00,  1.274e+00],
                       ...,
                       [ 4.390e-01,  1.234e+00,  2.352e+00,  1.274e+00],
                       [ 4.390e-01,  1.234e+00,  2.352e+00,  1.274e+00]]), array([ 1.871e+03,  1.871e+03,  1.871e+03,  1.871e+03,
                        1.871e+03]))
   param_names: ['d', 'e', 'f', 'g']
[0.43896641 1.23435219 2.35245936 1.27433455]
{'d': 0.4389664145838552, 'e': 1.2343521873945926, 'f': 2.35245936495614, 'g': 1.27433454863983}
Previous:  {'d': 0.44872750108638926, 'e': 1.2300856318791349, 'f': 2.353521189996238, 'g': 1.2805514727124532}
