Curr: Box0_1400 , Prev: Box_n50_11_1400
alist [1.0, 0.953321, 0.866399, 0.787402, 0.715608, 0.65036, 0.620002, 0.591061, 0.563471, 0.537169, 0.512095, 0.488191, 0.403224, 0.366459]
python -u fit_individ_iter.py Box0_1400 1.000000 Box_n50_11_1400 1.000000
Setting dictionary
Computing sigma spline
Initializing CLASS
Computing Sigma from CLASS
Spline Made
prev {'d': 0.5463234907694, 'e': 1.1801404204301158, 'f': 2.345499181227143, 'g': 1.2956048081694838}
Starting ML Fit
Box0_1400
       message: Optimization terminated successfully.
       success: True
        status: 0
           fun: 16709.269818009518
             x: [ 5.237e-01  1.095e+00  2.344e+00  1.318e+00]
           nit: 113
          nfev: 193
 final_simplex: (array([[ 5.237e-01,  1.095e+00,  2.344e+00,  1.318e+00],
                       [ 5.237e-01,  1.095e+00,  2.344e+00,  1.318e+00],
                       ...,
                       [ 5.237e-01,  1.095e+00,  2.344e+00,  1.318e+00],
                       [ 5.237e-01,  1.095e+00,  2.344e+00,  1.318e+00]]), array([ 1.671e+04,  1.671e+04,  1.671e+04,  1.671e+04,
                        1.671e+04]))
   param_names: ['d', 'e', 'f', 'g']
[0.52366994 1.09547607 2.3437498  1.3182055 ]
{'d': 0.5236699448531661, 'e': 1.0954760697047752, 'f': 2.3437497954960445, 'g': 1.3182055033804292}
Previous:  {'d': 0.5463234907694, 'e': 1.1801404204301158, 'f': 2.345499181227143, 'g': 1.2956048081694838}
python -u fit_individ_iter.py Box0_1400 0.953321 Box0_1400 1.000000
Setting dictionary
Computing sigma spline
Initializing CLASS
Computing Sigma from CLASS
Spline Made
prev {'d': 0.5236699448531661, 'e': 1.0954760697047752, 'f': 2.3437497954960445, 'g': 1.3182055033804292}
Starting ML Fit
Box0_1400
       message: Optimization terminated successfully.
       success: True
        status: 0
           fun: 12452.536107985035
             x: [ 5.133e-01  1.032e+00  2.343e+00  1.326e+00]
           nit: 88
          nfev: 158
 final_simplex: (array([[ 5.133e-01,  1.032e+00,  2.343e+00,  1.326e+00],
                       [ 5.133e-01,  1.032e+00,  2.343e+00,  1.326e+00],
                       ...,
                       [ 5.133e-01,  1.032e+00,  2.343e+00,  1.326e+00],
                       [ 5.133e-01,  1.032e+00,  2.343e+00,  1.326e+00]]), array([ 1.245e+04,  1.245e+04,  1.245e+04,  1.245e+04,
                        1.245e+04]))
   param_names: ['d', 'e', 'f', 'g']
[0.51329853 1.03197775 2.34324292 1.32596896]
{'d': 0.5132985335963114, 'e': 1.0319777460440291, 'f': 2.343242917127515, 'g': 1.3259689559386827}
Previous:  {'d': 0.5236699448531661, 'e': 1.0954760697047752, 'f': 2.3437497954960445, 'g': 1.3182055033804292}
python -u fit_individ_iter.py Box0_1400 0.866399 Box0_1400 0.953321
Setting dictionary
Computing sigma spline
Initializing CLASS
Computing Sigma from CLASS
Spline Made
prev {'d': 0.5132985335963114, 'e': 1.0319777460440291, 'f': 2.343242917127515, 'g': 1.3259689559386827}
Starting ML Fit
Box0_1400
       message: Optimization terminated successfully.
       success: True
        status: 0
           fun: 13036.771041627047
             x: [ 4.954e-01  9.678e-01  2.345e+00  1.334e+00]
           nit: 112
          nfev: 191
 final_simplex: (array([[ 4.954e-01,  9.678e-01,  2.345e+00,  1.334e+00],
                       [ 4.954e-01,  9.678e-01,  2.345e+00,  1.334e+00],
                       ...,
                       [ 4.954e-01,  9.678e-01,  2.345e+00,  1.334e+00],
                       [ 4.954e-01,  9.677e-01,  2.345e+00,  1.334e+00]]), array([ 1.304e+04,  1.304e+04,  1.304e+04,  1.304e+04,
                        1.304e+04]))
   param_names: ['d', 'e', 'f', 'g']
[0.49536002 0.96778188 2.34496639 1.33360737]
{'d': 0.4953600242691207, 'e': 0.9677818839949744, 'f': 2.3449663899734094, 'g': 1.3336073661839543}
Previous:  {'d': 0.5132985335963114, 'e': 1.0319777460440291, 'f': 2.343242917127515, 'g': 1.3259689559386827}
python -u fit_individ_iter.py Box0_1400 0.787402 Box0_1400 0.866399
Setting dictionary
Computing sigma spline
Initializing CLASS
Computing Sigma from CLASS
Spline Made
prev {'d': 0.4953600242691207, 'e': 0.9677818839949744, 'f': 2.3449663899734094, 'g': 1.3336073661839543}
Starting ML Fit
Box0_1400
       message: Optimization terminated successfully.
       success: True
        status: 0
           fun: 13191.590541355323
             x: [ 4.794e-01  9.121e-01  2.346e+00  1.332e+00]
           nit: 105
          nfev: 183
 final_simplex: (array([[ 4.794e-01,  9.121e-01,  2.346e+00,  1.332e+00],
                       [ 4.794e-01,  9.121e-01,  2.346e+00,  1.332e+00],
                       ...,
                       [ 4.794e-01,  9.122e-01,  2.346e+00,  1.332e+00],
                       [ 4.794e-01,  9.121e-01,  2.346e+00,  1.332e+00]]), array([ 1.319e+04,  1.319e+04,  1.319e+04,  1.319e+04,
                        1.319e+04]))
   param_names: ['d', 'e', 'f', 'g']
[0.47943061 0.91214449 2.3458574  1.33241795]
{'d': 0.4794306111194422, 'e': 0.9121444917378221, 'f': 2.3458573986524693, 'g': 1.3324179486941423}
Previous:  {'d': 0.4953600242691207, 'e': 0.9677818839949744, 'f': 2.3449663899734094, 'g': 1.3336073661839543}
python -u fit_individ_iter.py Box0_1400 0.715608 Box0_1400 0.787402
Setting dictionary
Computing sigma spline
Initializing CLASS
Computing Sigma from CLASS
Spline Made
prev {'d': 0.4794306111194422, 'e': 0.9121444917378221, 'f': 2.3458573986524693, 'g': 1.3324179486941423}
Starting ML Fit
Box0_1400
       message: Optimization terminated successfully.
       success: True
        status: 0
           fun: 12598.81889056933
             x: [ 4.677e-01  8.859e-01  2.345e+00  1.328e+00]
           nit: 112
          nfev: 201
 final_simplex: (array([[ 4.677e-01,  8.859e-01,  2.345e+00,  1.328e+00],
                       [ 4.677e-01,  8.859e-01,  2.345e+00,  1.328e+00],
                       ...,
                       [ 4.677e-01,  8.859e-01,  2.345e+00,  1.328e+00],
                       [ 4.677e-01,  8.859e-01,  2.345e+00,  1.328e+00]]), array([ 1.260e+04,  1.260e+04,  1.260e+04,  1.260e+04,
                        1.260e+04]))
   param_names: ['d', 'e', 'f', 'g']
[0.46773914 0.88586078 2.34519597 1.32794044]
{'d': 0.4677391392806894, 'e': 0.8858607801103906, 'f': 2.3451959694677975, 'g': 1.3279404391274818}
Previous:  {'d': 0.4794306111194422, 'e': 0.9121444917378221, 'f': 2.3458573986524693, 'g': 1.3324179486941423}
python -u fit_individ_iter.py Box0_1400 0.650360 Box0_1400 0.715608
Setting dictionary
Computing sigma spline
Initializing CLASS
Computing Sigma from CLASS
Spline Made
prev {'d': 0.4677391392806894, 'e': 0.8858607801103906, 'f': 2.3451959694677975, 'g': 1.3279404391274818}
Starting ML Fit
Box0_1400
       message: Optimization terminated successfully.
       success: True
        status: 0
           fun: 8766.339552885804
             x: [ 4.584e-01  9.011e-01  2.341e+00  1.319e+00]
           nit: 111
          nfev: 190
 final_simplex: (array([[ 4.584e-01,  9.011e-01,  2.341e+00,  1.319e+00],
                       [ 4.584e-01,  9.011e-01,  2.341e+00,  1.319e+00],
                       ...,
                       [ 4.584e-01,  9.011e-01,  2.341e+00,  1.320e+00],
                       [ 4.584e-01,  9.011e-01,  2.341e+00,  1.319e+00]]), array([ 8.766e+03,  8.766e+03,  8.766e+03,  8.766e+03,
                        8.766e+03]))
   param_names: ['d', 'e', 'f', 'g']
[0.45838548 0.90110362 2.34064134 1.3194975 ]
{'d': 0.45838548315464367, 'e': 0.9011036173100033, 'f': 2.340641335574454, 'g': 1.3194975017489434}
Previous:  {'d': 0.4677391392806894, 'e': 0.8858607801103906, 'f': 2.3451959694677975, 'g': 1.3279404391274818}
python -u fit_individ_iter.py Box0_1400 0.620002 Box0_1400 0.650360
Setting dictionary
Computing sigma spline
Initializing CLASS
Computing Sigma from CLASS
Spline Made
prev {'d': 0.45838548315464367, 'e': 0.9011036173100033, 'f': 2.340641335574454, 'g': 1.3194975017489434}
Starting ML Fit
Box0_1400
       message: Optimization terminated successfully.
       success: True
        status: 0
           fun: 6669.817103227455
             x: [ 4.542e-01  9.149e-01  2.336e+00  1.312e+00]
           nit: 88
          nfev: 156
 final_simplex: (array([[ 4.542e-01,  9.149e-01,  2.336e+00,  1.312e+00],
                       [ 4.542e-01,  9.149e-01,  2.336e+00,  1.312e+00],
                       ...,
                       [ 4.542e-01,  9.149e-01,  2.336e+00,  1.312e+00],
                       [ 4.542e-01,  9.148e-01,  2.336e+00,  1.312e+00]]), array([ 6.670e+03,  6.670e+03,  6.670e+03,  6.670e+03,
                        6.670e+03]))
   param_names: ['d', 'e', 'f', 'g']
[0.4541689  0.91489244 2.33646691 1.31238792]
{'d': 0.4541689014340513, 'e': 0.9148924438931447, 'f': 2.3364669061303553, 'g': 1.3123879235311084}
Previous:  {'d': 0.45838548315464367, 'e': 0.9011036173100033, 'f': 2.340641335574454, 'g': 1.3194975017489434}
python -u fit_individ_iter.py Box0_1400 0.591061 Box0_1400 0.620002
Setting dictionary
Computing sigma spline
Initializing CLASS
Computing Sigma from CLASS
Spline Made
prev {'d': 0.4541689014340513, 'e': 0.9148924438931447, 'f': 2.3364669061303553, 'g': 1.3123879235311084}
Starting ML Fit
Box0_1400
       message: Optimization terminated successfully.
       success: True
        status: 0
           fun: 8896.425616973926
             x: [ 4.477e-01  9.156e-01  2.334e+00  1.307e+00]
           nit: 97
          nfev: 174
 final_simplex: (array([[ 4.477e-01,  9.156e-01,  2.334e+00,  1.307e+00],
                       [ 4.477e-01,  9.156e-01,  2.334e+00,  1.307e+00],
                       ...,
                       [ 4.477e-01,  9.156e-01,  2.334e+00,  1.307e+00],
                       [ 4.477e-01,  9.156e-01,  2.334e+00,  1.307e+00]]), array([ 8.896e+03,  8.896e+03,  8.896e+03,  8.896e+03,
                        8.896e+03]))
   param_names: ['d', 'e', 'f', 'g']
[0.44769485 0.91555842 2.33411037 1.30682602]
{'d': 0.44769484722160513, 'e': 0.9155584198452629, 'f': 2.334110370754939, 'g': 1.3068260240180833}
Previous:  {'d': 0.4541689014340513, 'e': 0.9148924438931447, 'f': 2.3364669061303553, 'g': 1.3123879235311084}
python -u fit_individ_iter.py Box0_1400 0.563471 Box0_1400 0.591061
Setting dictionary
Computing sigma spline
Initializing CLASS
Computing Sigma from CLASS
Spline Made
prev {'d': 0.44769484722160513, 'e': 0.9155584198452629, 'f': 2.334110370754939, 'g': 1.3068260240180833}
Starting ML Fit
Box0_1400
       message: Optimization terminated successfully.
       success: True
        status: 0
           fun: 6883.645925678192
             x: [ 4.447e-01  9.290e-01  2.330e+00  1.303e+00]
           nit: 95
          nfev: 174
 final_simplex: (array([[ 4.447e-01,  9.290e-01,  2.330e+00,  1.303e+00],
                       [ 4.447e-01,  9.290e-01,  2.330e+00,  1.303e+00],
                       ...,
                       [ 4.447e-01,  9.290e-01,  2.330e+00,  1.303e+00],
                       [ 4.447e-01,  9.290e-01,  2.330e+00,  1.303e+00]]), array([ 6.884e+03,  6.884e+03,  6.884e+03,  6.884e+03,
                        6.884e+03]))
   param_names: ['d', 'e', 'f', 'g']
[0.44467243 0.92901114 2.33001957 1.30313287]
{'d': 0.44467242603168033, 'e': 0.9290111358580608, 'f': 2.3300195703417437, 'g': 1.3031328745065691}
Previous:  {'d': 0.44769484722160513, 'e': 0.9155584198452629, 'f': 2.334110370754939, 'g': 1.3068260240180833}
python -u fit_individ_iter.py Box0_1400 0.537169 Box0_1400 0.563471
Setting dictionary
Computing sigma spline
Initializing CLASS
Computing Sigma from CLASS
Spline Made
prev {'d': 0.44467242603168033, 'e': 0.9290111358580608, 'f': 2.3300195703417437, 'g': 1.3031328745065691}
Starting ML Fit
Box0_1400
       message: Optimization terminated successfully.
       success: True
        status: 0
           fun: 10599.227038546138
             x: [ 4.402e-01  9.339e-01  2.328e+00  1.299e+00]
           nit: 94
          nfev: 166
 final_simplex: (array([[ 4.402e-01,  9.339e-01,  2.328e+00,  1.299e+00],
                       [ 4.402e-01,  9.339e-01,  2.328e+00,  1.299e+00],
                       ...,
                       [ 4.402e-01,  9.339e-01,  2.328e+00,  1.299e+00],
                       [ 4.402e-01,  9.339e-01,  2.328e+00,  1.299e+00]]), array([ 1.060e+04,  1.060e+04,  1.060e+04,  1.060e+04,
                        1.060e+04]))
   param_names: ['d', 'e', 'f', 'g']
[0.4402289  0.93393289 2.32786741 1.29892697]
{'d': 0.44022890165098433, 'e': 0.9339328910185967, 'f': 2.3278674058717117, 'g': 1.2989269659252756}
Previous:  {'d': 0.44467242603168033, 'e': 0.9290111358580608, 'f': 2.3300195703417437, 'g': 1.3031328745065691}
python -u fit_individ_iter.py Box0_1400 0.512095 Box0_1400 0.537169
Setting dictionary
Computing sigma spline
Initializing CLASS
Computing Sigma from CLASS
Spline Made
prev {'d': 0.44022890165098433, 'e': 0.9339328910185967, 'f': 2.3278674058717117, 'g': 1.2989269659252756}
Starting ML Fit
Box0_1400
       message: Optimization terminated successfully.
       success: True
        status: 0
           fun: 6519.427345276335
             x: [ 4.361e-01  9.427e-01  2.325e+00  1.294e+00]
           nit: 84
          nfev: 151
 final_simplex: (array([[ 4.361e-01,  9.427e-01,  2.325e+00,  1.294e+00],
                       [ 4.361e-01,  9.427e-01,  2.325e+00,  1.294e+00],
                       ...,
                       [ 4.361e-01,  9.427e-01,  2.325e+00,  1.294e+00],
                       [ 4.361e-01,  9.428e-01,  2.325e+00,  1.294e+00]]), array([ 6.519e+03,  6.519e+03,  6.519e+03,  6.519e+03,
                        6.519e+03]))
   param_names: ['d', 'e', 'f', 'g']
[0.4361129  0.94271701 2.32501985 1.29431988]
{'d': 0.4361129025809243, 'e': 0.9427170081805563, 'f': 2.325019850419063, 'g': 1.2943198845656114}
Previous:  {'d': 0.44022890165098433, 'e': 0.9339328910185967, 'f': 2.3278674058717117, 'g': 1.2989269659252756}
python -u fit_individ_iter.py Box0_1400 0.488191 Box0_1400 0.512095
Setting dictionary
Computing sigma spline
Initializing CLASS
Computing Sigma from CLASS
Spline Made
prev {'d': 0.4361129025809243, 'e': 0.9427170081805563, 'f': 2.325019850419063, 'g': 1.2943198845656114}
Starting ML Fit
Box0_1400
       message: Optimization terminated successfully.
       success: True
        status: 0
           fun: 6714.68954381792
             x: [ 4.309e-01  9.452e-01  2.324e+00  1.289e+00]
           nit: 92
          nfev: 163
 final_simplex: (array([[ 4.309e-01,  9.452e-01,  2.324e+00,  1.289e+00],
                       [ 4.309e-01,  9.453e-01,  2.324e+00,  1.289e+00],
                       ...,
                       [ 4.309e-01,  9.452e-01,  2.324e+00,  1.289e+00],
                       [ 4.309e-01,  9.452e-01,  2.324e+00,  1.289e+00]]), array([ 6.715e+03,  6.715e+03,  6.715e+03,  6.715e+03,
                        6.715e+03]))
   param_names: ['d', 'e', 'f', 'g']
[0.43085981 0.94523602 2.3238371  1.28936231]
{'d': 0.4308598137361292, 'e': 0.9452360163936903, 'f': 2.3238371025925866, 'g': 1.2893623082209453}
Previous:  {'d': 0.4361129025809243, 'e': 0.9427170081805563, 'f': 2.325019850419063, 'g': 1.2943198845656114}
python -u fit_individ_iter.py Box0_1400 0.403224 Box0_1400 0.488191
Setting dictionary
Computing sigma spline
Initializing CLASS
Computing Sigma from CLASS
Spline Made
prev {'d': 0.4308598137361292, 'e': 0.9452360163936903, 'f': 2.3238371025925866, 'g': 1.2893623082209453}
Starting ML Fit
Box0_1400
       message: Optimization terminated successfully.
       success: True
        status: 0
           fun: 4472.460044628788
             x: [ 4.112e-01  9.417e-01  2.325e+00  1.272e+00]
           nit: 98
          nfev: 173
 final_simplex: (array([[ 4.112e-01,  9.417e-01,  2.325e+00,  1.272e+00],
                       [ 4.112e-01,  9.417e-01,  2.325e+00,  1.272e+00],
                       ...,
                       [ 4.112e-01,  9.417e-01,  2.325e+00,  1.272e+00],
                       [ 4.112e-01,  9.417e-01,  2.325e+00,  1.272e+00]]), array([ 4.472e+03,  4.472e+03,  4.472e+03,  4.472e+03,
                        4.472e+03]))
   param_names: ['d', 'e', 'f', 'g']
[0.41121006 0.94171852 2.32516932 1.27244211]
{'d': 0.4112100623332262, 'e': 0.9417185195574993, 'f': 2.3251693158104403, 'g': 1.2724421056983939}
Previous:  {'d': 0.4308598137361292, 'e': 0.9452360163936903, 'f': 2.3238371025925866, 'g': 1.2893623082209453}
python -u fit_individ_iter.py Box0_1400 0.366459 Box0_1400 0.403224
Setting dictionary
Computing sigma spline
Initializing CLASS
Computing Sigma from CLASS
Spline Made
prev {'d': 0.4112100623332262, 'e': 0.9417185195574993, 'f': 2.3251693158104403, 'g': 1.2724421056983939}
Starting ML Fit
Box0_1400
       message: Optimization terminated successfully.
       success: True
        status: 0
           fun: 5616.883603163435
             x: [ 4.104e-01  9.388e-01  2.326e+00  1.277e+00]
           nit: 86
          nfev: 157
 final_simplex: (array([[ 4.104e-01,  9.388e-01,  2.326e+00,  1.277e+00],
                       [ 4.104e-01,  9.388e-01,  2.326e+00,  1.277e+00],
                       ...,
                       [ 4.104e-01,  9.388e-01,  2.326e+00,  1.277e+00],
                       [ 4.104e-01,  9.388e-01,  2.326e+00,  1.277e+00]]), array([ 5.617e+03,  5.617e+03,  5.617e+03,  5.617e+03,
                        5.617e+03]))
   param_names: ['d', 'e', 'f', 'g']
[0.41044486 0.93881177 2.32614773 1.276885  ]
{'d': 0.41044486343695313, 'e': 0.9388117658073065, 'f': 2.3261477257155523, 'g': 1.2768850007920993}
Previous:  {'d': 0.4112100623332262, 'e': 0.9417185195574993, 'f': 2.3251693158104403, 'g': 1.2724421056983939}
