Curr: Box42_1400, Prev: Box_n50_31_1400
alist [1.0, 0.953321, 0.866399, 0.787402, 0.715608, 0.65036, 0.620002, 0.591061, 0.563471, 0.537169, 0.512095, 0.488191, 0.403224, 0.366459]
python -u fit_individ_iter.py Box42_1400 1.000000 Box_n50_31_1400 1.000000
prev {'d': 0.42292854080663655, 'e': 0.30409000111388085, 'f': 1.6614470170734772, 'g': 1.1766403577116686}
Starting ML Fit
Box42_1400
       message: Optimization terminated successfully.
       success: True
        status: 0
           fun: 101.45958080743165
             x: [ 4.112e-01  3.065e-01  1.659e+00  1.203e+00]
           nit: 126
          nfev: 208
 final_simplex: (array([[ 4.112e-01,  3.065e-01,  1.659e+00,  1.203e+00],
                       [ 4.112e-01,  3.065e-01,  1.659e+00,  1.203e+00],
                       ...,
                       [ 4.112e-01,  3.064e-01,  1.659e+00,  1.203e+00],
                       [ 4.112e-01,  3.064e-01,  1.659e+00,  1.203e+00]]), array([ 1.015e+02,  1.015e+02,  1.015e+02,  1.015e+02,
                        1.015e+02]))
   param_names: ['d', 'e', 'f', 'g']
[0.41117893 0.306481   1.65860568 1.20277155]
{'d': 0.41117892506512743, 'e': 0.30648099601397016, 'f': 1.6586056824579831, 'g': 1.202771547306132}
Previous:  {'d': 0.42292854080663655, 'e': 0.30409000111388085, 'f': 1.6614470170734772, 'g': 1.1766403577116686}
python -u fit_individ_iter.py Box42_1400 0.953321 Box42_1400 1.000000
prev {'d': 0.41117892506512743, 'e': 0.30648099601397016, 'f': 1.6586056824579831, 'g': 1.202771547306132}
Starting ML Fit
Box42_1400
       message: Optimization terminated successfully.
       success: True
        status: 0
           fun: 98.23177574457767
             x: [ 4.070e-01  3.085e-01  1.656e+00  1.200e+00]
           nit: 61
          nfev: 115
 final_simplex: (array([[ 4.070e-01,  3.085e-01,  1.656e+00,  1.200e+00],
                       [ 4.070e-01,  3.084e-01,  1.656e+00,  1.200e+00],
                       ...,
                       [ 4.070e-01,  3.085e-01,  1.656e+00,  1.200e+00],
                       [ 4.070e-01,  3.086e-01,  1.656e+00,  1.200e+00]]), array([ 9.823e+01,  9.823e+01,  9.823e+01,  9.823e+01,
                        9.823e+01]))
   param_names: ['d', 'e', 'f', 'g']
[0.40696997 0.30849114 1.65616254 1.19965399]
{'d': 0.406969967064992, 'e': 0.3084911424160198, 'f': 1.6561625401772209, 'g': 1.1996539856567414}
Previous:  {'d': 0.41117892506512743, 'e': 0.30648099601397016, 'f': 1.6586056824579831, 'g': 1.202771547306132}
python -u fit_individ_iter.py Box42_1400 0.866399 Box42_1400 0.953321
prev {'d': 0.406969967064992, 'e': 0.3084911424160198, 'f': 1.6561625401772209, 'g': 1.1996539856567414}
Starting ML Fit
Box42_1400
       message: Optimization terminated successfully.
       success: True
        status: 0
           fun: 90.100267636909
             x: [ 3.987e-01  3.099e-01  1.654e+00  1.195e+00]
           nit: 78
          nfev: 139
 final_simplex: (array([[ 3.987e-01,  3.099e-01,  1.654e+00,  1.195e+00],
                       [ 3.987e-01,  3.098e-01,  1.654e+00,  1.195e+00],
                       ...,
                       [ 3.987e-01,  3.099e-01,  1.654e+00,  1.195e+00],
                       [ 3.987e-01,  3.099e-01,  1.654e+00,  1.195e+00]]), array([ 9.010e+01,  9.010e+01,  9.010e+01,  9.010e+01,
                        9.010e+01]))
   param_names: ['d', 'e', 'f', 'g']
[0.39867966 0.30986852 1.65438187 1.19493834]
{'d': 0.39867965911795616, 'e': 0.30986851937555415, 'f': 1.6543818714630028, 'g': 1.1949383358327843}
Previous:  {'d': 0.406969967064992, 'e': 0.3084911424160198, 'f': 1.6561625401772209, 'g': 1.1996539856567414}
python -u fit_individ_iter.py Box42_1400 0.787402 Box42_1400 0.866399
prev {'d': 0.39867965911795616, 'e': 0.30986851937555415, 'f': 1.6543818714630028, 'g': 1.1949383358327843}
Starting ML Fit
Box42_1400
       message: Optimization terminated successfully.
       success: True
        status: 0
           fun: 85.38457827695676
             x: [ 3.906e-01  3.107e-01  1.653e+00  1.190e+00]
           nit: 72
          nfev: 130
 final_simplex: (array([[ 3.906e-01,  3.107e-01,  1.653e+00,  1.190e+00],
                       [ 3.906e-01,  3.107e-01,  1.653e+00,  1.190e+00],
                       ...,
                       [ 3.906e-01,  3.107e-01,  1.653e+00,  1.190e+00],
                       [ 3.906e-01,  3.106e-01,  1.653e+00,  1.190e+00]]), array([ 8.538e+01,  8.538e+01,  8.538e+01,  8.538e+01,
                        8.538e+01]))
   param_names: ['d', 'e', 'f', 'g']
[0.39060629 0.3106635  1.65335052 1.18970483]
{'d': 0.3906062882048691, 'e': 0.3106634971648271, 'f': 1.6533505244699316, 'g': 1.1897048334992597}
Previous:  {'d': 0.39867965911795616, 'e': 0.30986851937555415, 'f': 1.6543818714630028, 'g': 1.1949383358327843}
python -u fit_individ_iter.py Box42_1400 0.715608 Box42_1400 0.787402
prev {'d': 0.3906062882048691, 'e': 0.3106634971648271, 'f': 1.6533505244699316, 'g': 1.1897048334992597}
Starting ML Fit
Box42_1400
       message: Optimization terminated successfully.
       success: True
        status: 0
           fun: 80.26419924040619
             x: [ 3.842e-01  3.113e-01  1.652e+00  1.187e+00]
           nit: 58
          nfev: 106
 final_simplex: (array([[ 3.842e-01,  3.113e-01,  1.652e+00,  1.187e+00],
                       [ 3.842e-01,  3.113e-01,  1.652e+00,  1.187e+00],
                       ...,
                       [ 3.842e-01,  3.113e-01,  1.652e+00,  1.187e+00],
                       [ 3.842e-01,  3.114e-01,  1.652e+00,  1.187e+00]]), array([ 8.026e+01,  8.026e+01,  8.026e+01,  8.026e+01,
                        8.026e+01]))
   param_names: ['d', 'e', 'f', 'g']
[0.38418565 0.31134286 1.65242534 1.1871333 ]
{'d': 0.38418565314465747, 'e': 0.31134286266134065, 'f': 1.6524253431655693, 'g': 1.1871332976332964}
Previous:  {'d': 0.3906062882048691, 'e': 0.3106634971648271, 'f': 1.6533505244699316, 'g': 1.1897048334992597}
python -u fit_individ_iter.py Box42_1400 0.650360 Box42_1400 0.715608
prev {'d': 0.38418565314465747, 'e': 0.31134286266134065, 'f': 1.6524253431655693, 'g': 1.1871332976332964}
Starting ML Fit
Box42_1400
       message: Optimization terminated successfully.
       success: True
        status: 0
           fun: 72.7487354991282
             x: [ 3.782e-01  3.115e-01  1.652e+00  1.185e+00]
           nit: 86
          nfev: 153
 final_simplex: (array([[ 3.782e-01,  3.115e-01,  1.652e+00,  1.185e+00],
                       [ 3.782e-01,  3.115e-01,  1.652e+00,  1.185e+00],
                       ...,
                       [ 3.782e-01,  3.115e-01,  1.652e+00,  1.185e+00],
                       [ 3.783e-01,  3.116e-01,  1.652e+00,  1.185e+00]]), array([ 7.275e+01,  7.275e+01,  7.275e+01,  7.275e+01,
                        7.275e+01]))
   param_names: ['d', 'e', 'f', 'g']
[0.37824221 0.31151245 1.65224005 1.18486861]
{'d': 0.37824220610621406, 'e': 0.3115124531605895, 'f': 1.6522400538906516, 'g': 1.1848686050580755}
Previous:  {'d': 0.38418565314465747, 'e': 0.31134286266134065, 'f': 1.6524253431655693, 'g': 1.1871332976332964}
python -u fit_individ_iter.py Box42_1400 0.620002 Box42_1400 0.650360
prev {'d': 0.37824220610621406, 'e': 0.3115124531605895, 'f': 1.6522400538906516, 'g': 1.1848686050580755}
Starting ML Fit
Box42_1400
       message: Optimization terminated successfully.
       success: True
        status: 0
           fun: 64.11929558377645
             x: [ 3.746e-01  3.114e-01  1.653e+00  1.182e+00]
           nit: 52
          nfev: 97
 final_simplex: (array([[ 3.746e-01,  3.114e-01,  1.653e+00,  1.182e+00],
                       [ 3.746e-01,  3.114e-01,  1.653e+00,  1.182e+00],
                       ...,
                       [ 3.746e-01,  3.114e-01,  1.653e+00,  1.182e+00],
                       [ 3.746e-01,  3.113e-01,  1.653e+00,  1.182e+00]]), array([ 6.412e+01,  6.412e+01,  6.412e+01,  6.412e+01,
                        6.412e+01]))
   param_names: ['d', 'e', 'f', 'g']
[0.37456955 0.31140804 1.65256203 1.18238705]
{'d': 0.37456955380311613, 'e': 0.311408040352797, 'f': 1.652562032977213, 'g': 1.1823870455689707}
Previous:  {'d': 0.37824220610621406, 'e': 0.3115124531605895, 'f': 1.6522400538906516, 'g': 1.1848686050580755}
python -u fit_individ_iter.py Box42_1400 0.591061 Box42_1400 0.620002
prev {'d': 0.37456955380311613, 'e': 0.311408040352797, 'f': 1.652562032977213, 'g': 1.1823870455689707}
Starting ML Fit
Box42_1400
       message: Optimization terminated successfully.
       success: True
        status: 0
           fun: 62.61188472789088
             x: [ 3.727e-01  3.113e-01  1.653e+00  1.183e+00]
           nit: 76
          nfev: 135
 final_simplex: (array([[ 3.727e-01,  3.113e-01,  1.653e+00,  1.183e+00],
                       [ 3.727e-01,  3.113e-01,  1.653e+00,  1.183e+00],
                       ...,
                       [ 3.727e-01,  3.114e-01,  1.653e+00,  1.183e+00],
                       [ 3.727e-01,  3.113e-01,  1.653e+00,  1.183e+00]]), array([ 6.261e+01,  6.261e+01,  6.261e+01,  6.261e+01,
                        6.261e+01]))
   param_names: ['d', 'e', 'f', 'g']
[0.37271838 0.31129033 1.65287127 1.18282919]
{'d': 0.3727183779777443, 'e': 0.3112903346220534, 'f': 1.6528712738295706, 'g': 1.18282919419622}
Previous:  {'d': 0.37456955380311613, 'e': 0.311408040352797, 'f': 1.652562032977213, 'g': 1.1823870455689707}
python -u fit_individ_iter.py Box42_1400 0.563471 Box42_1400 0.591061
prev {'d': 0.3727183779777443, 'e': 0.3112903346220534, 'f': 1.6528712738295706, 'g': 1.18282919419622}
Starting ML Fit
Box42_1400
       message: Optimization terminated successfully.
       success: True
        status: 0
           fun: 58.32179871817924
             x: [ 3.707e-01  3.112e-01  1.653e+00  1.183e+00]
           nit: 58
          nfev: 107
 final_simplex: (array([[ 3.707e-01,  3.112e-01,  1.653e+00,  1.183e+00],
                       [ 3.707e-01,  3.112e-01,  1.653e+00,  1.183e+00],
                       ...,
                       [ 3.707e-01,  3.112e-01,  1.653e+00,  1.183e+00],
                       [ 3.707e-01,  3.112e-01,  1.653e+00,  1.183e+00]]), array([ 5.832e+01,  5.832e+01,  5.832e+01,  5.832e+01,
                        5.832e+01]))
   param_names: ['d', 'e', 'f', 'g']
[0.37066484 0.31118223 1.65313697 1.18263162]
{'d': 0.37066483630688907, 'e': 0.311182225003195, 'f': 1.6531369659748065, 'g': 1.1826316157219041}
Previous:  {'d': 0.3727183779777443, 'e': 0.3112903346220534, 'f': 1.6528712738295706, 'g': 1.18282919419622}
python -u fit_individ_iter.py Box42_1400 0.537169 Box42_1400 0.563471
prev {'d': 0.37066483630688907, 'e': 0.311182225003195, 'f': 1.6531369659748065, 'g': 1.1826316157219041}
Starting ML Fit
Box42_1400
       message: Optimization terminated successfully.
       success: True
        status: 0
           fun: 53.281023709786055
             x: [ 3.664e-01  3.110e-01  1.654e+00  1.179e+00]
           nit: 58
          nfev: 108
 final_simplex: (array([[ 3.664e-01,  3.110e-01,  1.654e+00,  1.179e+00],
                       [ 3.664e-01,  3.110e-01,  1.654e+00,  1.179e+00],
                       ...,
                       [ 3.664e-01,  3.111e-01,  1.654e+00,  1.179e+00],
                       [ 3.664e-01,  3.110e-01,  1.654e+00,  1.179e+00]]), array([ 5.328e+01,  5.328e+01,  5.328e+01,  5.328e+01,
                        5.328e+01]))
   param_names: ['d', 'e', 'f', 'g']
[0.36643421 0.31099278 1.65353157 1.1785992 ]
{'d': 0.3664342111278498, 'e': 0.31099277827508504, 'f': 1.6535315704232691, 'g': 1.1785991973243704}
Previous:  {'d': 0.37066483630688907, 'e': 0.311182225003195, 'f': 1.6531369659748065, 'g': 1.1826316157219041}
python -u fit_individ_iter.py Box42_1400 0.512095 Box42_1400 0.537169
prev {'d': 0.3664342111278498, 'e': 0.31099277827508504, 'f': 1.6535315704232691, 'g': 1.1785991973243704}
Starting ML Fit
Box42_1400
       message: Optimization terminated successfully.
       success: True
        status: 0
           fun: 51.00015405365506
             x: [ 3.639e-01  3.107e-01  1.654e+00  1.178e+00]
           nit: 55
          nfev: 105
 final_simplex: (array([[ 3.639e-01,  3.107e-01,  1.654e+00,  1.178e+00],
                       [ 3.639e-01,  3.107e-01,  1.654e+00,  1.178e+00],
                       ...,
                       [ 3.639e-01,  3.107e-01,  1.654e+00,  1.178e+00],
                       [ 3.639e-01,  3.107e-01,  1.654e+00,  1.178e+00]]), array([ 5.100e+01,  5.100e+01,  5.100e+01,  5.100e+01,
                        5.100e+01]))
   param_names: ['d', 'e', 'f', 'g']
[0.36391429 0.31073666 1.65407936 1.1776306 ]
{'d': 0.36391429006889386, 'e': 0.3107366628675142, 'f': 1.6540793627827397, 'g': 1.1776306016195144}
Previous:  {'d': 0.3664342111278498, 'e': 0.31099277827508504, 'f': 1.6535315704232691, 'g': 1.1785991973243704}
python -u fit_individ_iter.py Box42_1400 0.488191 Box42_1400 0.512095
prev {'d': 0.36391429006889386, 'e': 0.3107366628675142, 'f': 1.6540793627827397, 'g': 1.1776306016195144}
Starting ML Fit
Box42_1400
       message: Optimization terminated successfully.
       success: True
        status: 0
           fun: 44.61370033392038
             x: [ 3.672e-01  3.107e-01  1.654e+00  1.183e+00]
           nit: 72
          nfev: 126
 final_simplex: (array([[ 3.672e-01,  3.107e-01,  1.654e+00,  1.183e+00],
                       [ 3.672e-01,  3.107e-01,  1.654e+00,  1.183e+00],
                       ...,
                       [ 3.672e-01,  3.107e-01,  1.654e+00,  1.183e+00],
                       [ 3.672e-01,  3.107e-01,  1.654e+00,  1.183e+00]]), array([ 4.461e+01,  4.461e+01,  4.461e+01,  4.461e+01,
                        4.461e+01]))
   param_names: ['d', 'e', 'f', 'g']
[0.36723046 0.31074554 1.65404591 1.18328883]
{'d': 0.3672304551357103, 'e': 0.31074553691936513, 'f': 1.6540459068807412, 'g': 1.1832888307369331}
Previous:  {'d': 0.36391429006889386, 'e': 0.3107366628675142, 'f': 1.6540793627827397, 'g': 1.1776306016195144}
python -u fit_individ_iter.py Box42_1400 0.403224 Box42_1400 0.488191
prev {'d': 0.3672304551357103, 'e': 0.31074553691936513, 'f': 1.6540459068807412, 'g': 1.1832888307369331}
Starting ML Fit
Box42_1400
       message: Optimization terminated successfully.
       success: True
        status: 0
           fun: 34.039385147880985
             x: [ 3.676e-01  3.108e-01  1.654e+00  1.188e+00]
           nit: 74
          nfev: 126
 final_simplex: (array([[ 3.676e-01,  3.108e-01,  1.654e+00,  1.188e+00],
                       [ 3.675e-01,  3.108e-01,  1.654e+00,  1.188e+00],
                       ...,
                       [ 3.676e-01,  3.108e-01,  1.654e+00,  1.188e+00],
                       [ 3.676e-01,  3.108e-01,  1.654e+00,  1.188e+00]]), array([ 3.404e+01,  3.404e+01,  3.404e+01,  3.404e+01,
                        3.404e+01]))
   param_names: ['d', 'e', 'f', 'g']
[0.36758622 0.31077954 1.65410289 1.18801208]
{'d': 0.3675862196580372, 'e': 0.3107795356243661, 'f': 1.6541028934614221, 'g': 1.188012076642281}
Previous:  {'d': 0.3672304551357103, 'e': 0.31074553691936513, 'f': 1.6540459068807412, 'g': 1.1832888307369331}
python -u fit_individ_iter.py Box42_1400 0.366459 Box42_1400 0.403224
prev {'d': 0.3675862196580372, 'e': 0.3107795356243661, 'f': 1.6541028934614221, 'g': 1.188012076642281}
Starting ML Fit
Box42_1400
       message: Optimization terminated successfully.
       success: True
        status: 0
           fun: 26.432712761480587
             x: [ 3.658e-01  3.107e-01  1.654e+00  1.189e+00]
           nit: 75
          nfev: 137
 final_simplex: (array([[ 3.658e-01,  3.107e-01,  1.654e+00,  1.189e+00],
                       [ 3.657e-01,  3.107e-01,  1.654e+00,  1.189e+00],
                       ...,
                       [ 3.658e-01,  3.108e-01,  1.654e+00,  1.189e+00],
                       [ 3.659e-01,  3.108e-01,  1.654e+00,  1.189e+00]]), array([ 2.643e+01,  2.643e+01,  2.643e+01,  2.643e+01,
                        2.643e+01]))
   param_names: ['d', 'e', 'f', 'g']
[0.36578783 0.31072019 1.65425286 1.1886076 ]
{'d': 0.3657878305135027, 'e': 0.3107201902991614, 'f': 1.654252864827344, 'g': 1.1886075973185135}
Previous:  {'d': 0.3675862196580372, 'e': 0.3107795356243661, 'f': 1.6541028934614221, 'g': 1.188012076642281}
