Curr: Box_n50_1_1400, Prev: Box_n50_35_1400
alist [1.0, 0.953321, 0.866399, 0.787402, 0.715608, 0.65036, 0.620002, 0.591061, 0.563471, 0.537169, 0.512095, 0.488191, 0.403224, 0.366459]
python -u fit_individ_iter.py Box_n50_1_1400 1.000000 Box_n50_35_1400 1.000000
prev {'d': 0.45150929979442067, 'e': 0.3385296861000431, 'f': 1.6528468419837992, 'g': 1.2018381016733128}
Starting ML Fit
Box_n50_1_1400
       message: Optimization terminated successfully.
       success: True
        status: 0
           fun: 125.14176633051339
             x: [ 4.421e-01  3.409e-01  1.665e+00  1.199e+00]
           nit: 134
          nfev: 225
 final_simplex: (array([[ 4.421e-01,  3.409e-01,  1.665e+00,  1.199e+00],
                       [ 4.421e-01,  3.409e-01,  1.665e+00,  1.199e+00],
                       ...,
                       [ 4.421e-01,  3.409e-01,  1.665e+00,  1.199e+00],
                       [ 4.421e-01,  3.409e-01,  1.665e+00,  1.199e+00]]), array([ 1.251e+02,  1.251e+02,  1.251e+02,  1.251e+02,
                        1.251e+02]))
   param_names: ['d', 'e', 'f', 'g']
[0.44214079 0.34094681 1.66462501 1.19882447]
{'d': 0.44214079227446895, 'e': 0.34094681089393697, 'f': 1.664625005912135, 'g': 1.1988244723863268}
Previous:  {'d': 0.45150929979442067, 'e': 0.3385296861000431, 'f': 1.6528468419837992, 'g': 1.2018381016733128}
python -u fit_individ_iter.py Box_n50_1_1400 0.953321 Box_n50_1_1400 1.000000
prev {'d': 0.44214079227446895, 'e': 0.34094681089393697, 'f': 1.664625005912135, 'g': 1.1988244723863268}
Starting ML Fit
Box_n50_1_1400
       message: Optimization terminated successfully.
       success: True
        status: 0
           fun: 121.51710456875196
             x: [ 4.338e-01  3.261e-01  1.688e+00  1.205e+00]
           nit: 110
          nfev: 196
 final_simplex: (array([[ 4.338e-01,  3.261e-01,  1.688e+00,  1.205e+00],
                       [ 4.338e-01,  3.262e-01,  1.688e+00,  1.205e+00],
                       ...,
                       [ 4.338e-01,  3.261e-01,  1.688e+00,  1.205e+00],
                       [ 4.338e-01,  3.261e-01,  1.688e+00,  1.205e+00]]), array([ 1.215e+02,  1.215e+02,  1.215e+02,  1.215e+02,
                        1.215e+02]))
   param_names: ['d', 'e', 'f', 'g']
[0.43379854 0.32611639 1.68788709 1.20515747]
{'d': 0.43379853705260035, 'e': 0.32611638573549684, 'f': 1.687887088220168, 'g': 1.2051574720312725}
Previous:  {'d': 0.44214079227446895, 'e': 0.34094681089393697, 'f': 1.664625005912135, 'g': 1.1988244723863268}
python -u fit_individ_iter.py Box_n50_1_1400 0.866399 Box_n50_1_1400 0.953321
prev {'d': 0.43379853705260035, 'e': 0.32611638573549684, 'f': 1.687887088220168, 'g': 1.2051574720312725}
Starting ML Fit
Box_n50_1_1400
       message: Optimization terminated successfully.
       success: True
        status: 0
           fun: 126.88868482463698
             x: [ 4.188e-01  3.091e-01  1.714e+00  1.210e+00]
           nit: 141
          nfev: 239
 final_simplex: (array([[ 4.188e-01,  3.091e-01,  1.714e+00,  1.210e+00],
                       [ 4.188e-01,  3.091e-01,  1.714e+00,  1.210e+00],
                       ...,
                       [ 4.188e-01,  3.090e-01,  1.714e+00,  1.210e+00],
                       [ 4.188e-01,  3.090e-01,  1.714e+00,  1.210e+00]]), array([ 1.269e+02,  1.269e+02,  1.269e+02,  1.269e+02,
                        1.269e+02]))
   param_names: ['d', 'e', 'f', 'g']
[0.41877681 0.30910303 1.71399324 1.20961214]
{'d': 0.4187768077244922, 'e': 0.3091030263374969, 'f': 1.7139932437016139, 'g': 1.2096121415099717}
Previous:  {'d': 0.43379853705260035, 'e': 0.32611638573549684, 'f': 1.687887088220168, 'g': 1.2051574720312725}
python -u fit_individ_iter.py Box_n50_1_1400 0.787402 Box_n50_1_1400 0.866399
prev {'d': 0.4187768077244922, 'e': 0.3091030263374969, 'f': 1.7139932437016139, 'g': 1.2096121415099717}
Starting ML Fit
Box_n50_1_1400
       message: Optimization terminated successfully.
       success: True
        status: 0
           fun: 119.94049441627314
             x: [ 4.026e-01  2.764e-01  1.756e+00  1.220e+00]
           nit: 149
          nfev: 253
 final_simplex: (array([[ 4.026e-01,  2.764e-01,  1.756e+00,  1.220e+00],
                       [ 4.026e-01,  2.763e-01,  1.756e+00,  1.220e+00],
                       ...,
                       [ 4.027e-01,  2.764e-01,  1.756e+00,  1.220e+00],
                       [ 4.026e-01,  2.763e-01,  1.756e+00,  1.220e+00]]), array([ 1.199e+02,  1.199e+02,  1.199e+02,  1.199e+02,
                        1.199e+02]))
   param_names: ['d', 'e', 'f', 'g']
[0.40264845 0.27637149 1.75616576 1.21952678]
{'d': 0.40264845484121303, 'e': 0.27637149407356143, 'f': 1.7561657640658823, 'g': 1.2195267757759884}
Previous:  {'d': 0.4187768077244922, 'e': 0.3091030263374969, 'f': 1.7139932437016139, 'g': 1.2096121415099717}
python -u fit_individ_iter.py Box_n50_1_1400 0.715608 Box_n50_1_1400 0.787402
prev {'d': 0.40264845484121303, 'e': 0.27637149407356143, 'f': 1.7561657640658823, 'g': 1.2195267757759884}
Starting ML Fit
Box_n50_1_1400
       message: Optimization terminated successfully.
       success: True
        status: 0
           fun: 114.20783975264281
             x: [ 3.928e-01  2.850e-01  1.758e+00  1.212e+00]
           nit: 115
          nfev: 202
 final_simplex: (array([[ 3.928e-01,  2.850e-01,  1.758e+00,  1.212e+00],
                       [ 3.928e-01,  2.851e-01,  1.758e+00,  1.212e+00],
                       ...,
                       [ 3.928e-01,  2.851e-01,  1.758e+00,  1.212e+00],
                       [ 3.928e-01,  2.851e-01,  1.758e+00,  1.212e+00]]), array([ 1.142e+02,  1.142e+02,  1.142e+02,  1.142e+02,
                        1.142e+02]))
   param_names: ['d', 'e', 'f', 'g']
[0.39276147 0.28500439 1.75816305 1.21188045]
{'d': 0.39276146915146193, 'e': 0.2850043936730705, 'f': 1.758163051469222, 'g': 1.21188045286579}
Previous:  {'d': 0.40264845484121303, 'e': 0.27637149407356143, 'f': 1.7561657640658823, 'g': 1.2195267757759884}
python -u fit_individ_iter.py Box_n50_1_1400 0.650360 Box_n50_1_1400 0.715608
prev {'d': 0.39276146915146193, 'e': 0.2850043936730705, 'f': 1.758163051469222, 'g': 1.21188045286579}
Starting ML Fit
Box_n50_1_1400
       message: Optimization terminated successfully.
       success: True
        status: 0
           fun: 124.17736554731962
             x: [ 3.843e-01  2.858e-01  1.764e+00  1.212e+00]
           nit: 128
          nfev: 222
 final_simplex: (array([[ 3.843e-01,  2.858e-01,  1.764e+00,  1.212e+00],
                       [ 3.843e-01,  2.858e-01,  1.764e+00,  1.212e+00],
                       ...,
                       [ 3.843e-01,  2.858e-01,  1.764e+00,  1.212e+00],
                       [ 3.843e-01,  2.858e-01,  1.764e+00,  1.212e+00]]), array([ 1.242e+02,  1.242e+02,  1.242e+02,  1.242e+02,
                        1.242e+02]))
   param_names: ['d', 'e', 'f', 'g']
[0.3843407  0.28582162 1.76428857 1.21188569]
{'d': 0.3843406994138994, 'e': 0.2858216222775711, 'f': 1.7642885746448982, 'g': 1.2118856872082513}
Previous:  {'d': 0.39276146915146193, 'e': 0.2850043936730705, 'f': 1.758163051469222, 'g': 1.21188045286579}
python -u fit_individ_iter.py Box_n50_1_1400 0.620002 Box_n50_1_1400 0.650360
prev {'d': 0.3843406994138994, 'e': 0.2858216222775711, 'f': 1.7642885746448982, 'g': 1.2118856872082513}
Starting ML Fit
Box_n50_1_1400
       message: Optimization terminated successfully.
       success: True
        status: 0
           fun: 101.80926000566143
             x: [ 3.804e-01  2.859e-01  1.778e+00  1.213e+00]
           nit: 104
          nfev: 183
 final_simplex: (array([[ 3.804e-01,  2.859e-01,  1.778e+00,  1.213e+00],
                       [ 3.804e-01,  2.860e-01,  1.778e+00,  1.213e+00],
                       ...,
                       [ 3.804e-01,  2.858e-01,  1.778e+00,  1.213e+00],
                       [ 3.804e-01,  2.859e-01,  1.778e+00,  1.213e+00]]), array([ 1.018e+02,  1.018e+02,  1.018e+02,  1.018e+02,
                        1.018e+02]))
   param_names: ['d', 'e', 'f', 'g']
[0.38042773 0.28590751 1.77784311 1.21303417]
{'d': 0.3804277299573259, 'e': 0.28590751308224027, 'f': 1.7778431079490802, 'g': 1.2130341712827226}
Previous:  {'d': 0.3843406994138994, 'e': 0.2858216222775711, 'f': 1.7642885746448982, 'g': 1.2118856872082513}
python -u fit_individ_iter.py Box_n50_1_1400 0.591061 Box_n50_1_1400 0.620002
prev {'d': 0.3804277299573259, 'e': 0.28590751308224027, 'f': 1.7778431079490802, 'g': 1.2130341712827226}
Starting ML Fit
Box_n50_1_1400
       message: Optimization terminated successfully.
       success: True
        status: 0
           fun: 102.8998914038487
             x: [ 3.750e-01  2.755e-01  1.805e+00  1.219e+00]
           nit: 121
          nfev: 209
 final_simplex: (array([[ 3.750e-01,  2.755e-01,  1.805e+00,  1.219e+00],
                       [ 3.750e-01,  2.755e-01,  1.805e+00,  1.219e+00],
                       ...,
                       [ 3.750e-01,  2.756e-01,  1.805e+00,  1.219e+00],
                       [ 3.750e-01,  2.755e-01,  1.805e+00,  1.219e+00]]), array([ 1.029e+02,  1.029e+02,  1.029e+02,  1.029e+02,
                        1.029e+02]))
   param_names: ['d', 'e', 'f', 'g']
[0.37497898 0.27552248 1.80520365 1.21884045]
{'d': 0.374978981235896, 'e': 0.27552247506383154, 'f': 1.8052036481526623, 'g': 1.2188404503365313}
Previous:  {'d': 0.3804277299573259, 'e': 0.28590751308224027, 'f': 1.7778431079490802, 'g': 1.2130341712827226}
python -u fit_individ_iter.py Box_n50_1_1400 0.563471 Box_n50_1_1400 0.591061
prev {'d': 0.374978981235896, 'e': 0.27552247506383154, 'f': 1.8052036481526623, 'g': 1.2188404503365313}
Starting ML Fit
Box_n50_1_1400
       message: Optimization terminated successfully.
       success: True
        status: 0
           fun: 99.62048080959062
             x: [ 3.693e-01  2.605e-01  1.841e+00  1.227e+00]
           nit: 144
          nfev: 249
 final_simplex: (array([[ 3.693e-01,  2.605e-01,  1.841e+00,  1.227e+00],
                       [ 3.693e-01,  2.605e-01,  1.841e+00,  1.227e+00],
                       ...,
                       [ 3.693e-01,  2.605e-01,  1.841e+00,  1.227e+00],
                       [ 3.693e-01,  2.605e-01,  1.841e+00,  1.227e+00]]), array([ 9.962e+01,  9.962e+01,  9.962e+01,  9.962e+01,
                        9.962e+01]))
   param_names: ['d', 'e', 'f', 'g']
[0.36930659 0.26046528 1.8407753  1.2267837 ]
{'d': 0.36930658692511975, 'e': 0.26046527881416326, 'f': 1.8407752974566416, 'g': 1.2267837043888061}
Previous:  {'d': 0.374978981235896, 'e': 0.27552247506383154, 'f': 1.8052036481526623, 'g': 1.2188404503365313}
python -u fit_individ_iter.py Box_n50_1_1400 0.537169 Box_n50_1_1400 0.563471
prev {'d': 0.36930658692511975, 'e': 0.26046527881416326, 'f': 1.8407752974566416, 'g': 1.2267837043888061}
Starting ML Fit
Box_n50_1_1400
       message: Optimization terminated successfully.
       success: True
        status: 0
           fun: 94.71570819658885
             x: [ 3.644e-01  2.578e-01  1.850e+00  1.225e+00]
           nit: 117
          nfev: 191
 final_simplex: (array([[ 3.644e-01,  2.578e-01,  1.850e+00,  1.225e+00],
                       [ 3.644e-01,  2.577e-01,  1.850e+00,  1.225e+00],
                       ...,
                       [ 3.644e-01,  2.578e-01,  1.850e+00,  1.225e+00],
                       [ 3.644e-01,  2.578e-01,  1.850e+00,  1.225e+00]]), array([ 9.472e+01,  9.472e+01,  9.472e+01,  9.472e+01,
                        9.472e+01]))
   param_names: ['d', 'e', 'f', 'g']
[0.36438994 0.25779438 1.8502675  1.22490917]
{'d': 0.3643899397670326, 'e': 0.2577943763235104, 'f': 1.850267501141361, 'g': 1.224909173541732}
Previous:  {'d': 0.36930658692511975, 'e': 0.26046527881416326, 'f': 1.8407752974566416, 'g': 1.2267837043888061}
python -u fit_individ_iter.py Box_n50_1_1400 0.512095 Box_n50_1_1400 0.537169
prev {'d': 0.3643899397670326, 'e': 0.2577943763235104, 'f': 1.850267501141361, 'g': 1.224909173541732}
Starting ML Fit
Box_n50_1_1400
       message: Optimization terminated successfully.
       success: True
        status: 0
           fun: 101.52624074114067
             x: [ 3.606e-01  2.591e-01  1.853e+00  1.223e+00]
           nit: 102
          nfev: 184
 final_simplex: (array([[ 3.606e-01,  2.591e-01,  1.853e+00,  1.223e+00],
                       [ 3.606e-01,  2.591e-01,  1.853e+00,  1.223e+00],
                       ...,
                       [ 3.606e-01,  2.591e-01,  1.853e+00,  1.223e+00],
                       [ 3.606e-01,  2.590e-01,  1.853e+00,  1.223e+00]]), array([ 1.015e+02,  1.015e+02,  1.015e+02,  1.015e+02,
                        1.015e+02]))
   param_names: ['d', 'e', 'f', 'g']
[0.36062415 0.25906238 1.85308748 1.2225343 ]
{'d': 0.36062415388146785, 'e': 0.2590623837472609, 'f': 1.8530874833718909, 'g': 1.2225343014087602}
Previous:  {'d': 0.3643899397670326, 'e': 0.2577943763235104, 'f': 1.850267501141361, 'g': 1.224909173541732}
python -u fit_individ_iter.py Box_n50_1_1400 0.488191 Box_n50_1_1400 0.512095
prev {'d': 0.36062415388146785, 'e': 0.2590623837472609, 'f': 1.8530874833718909, 'g': 1.2225343014087602}
Starting ML Fit
Box_n50_1_1400
       message: Optimization terminated successfully.
       success: True
        status: 0
           fun: 81.6565023069592
             x: [ 3.586e-01  2.694e-01  1.845e+00  1.217e+00]
           nit: 114
          nfev: 196
 final_simplex: (array([[ 3.586e-01,  2.694e-01,  1.845e+00,  1.217e+00],
                       [ 3.586e-01,  2.693e-01,  1.845e+00,  1.217e+00],
                       ...,
                       [ 3.586e-01,  2.693e-01,  1.845e+00,  1.217e+00],
                       [ 3.586e-01,  2.693e-01,  1.845e+00,  1.217e+00]]), array([ 8.166e+01,  8.166e+01,  8.166e+01,  8.166e+01,
                        8.166e+01]))
   param_names: ['d', 'e', 'f', 'g']
[0.35857106 0.26937962 1.84505943 1.21688499]
{'d': 0.35857106130423655, 'e': 0.26937961617879413, 'f': 1.8450594319086266, 'g': 1.2168849859018205}
Previous:  {'d': 0.36062415388146785, 'e': 0.2590623837472609, 'f': 1.8530874833718909, 'g': 1.2225343014087602}
python -u fit_individ_iter.py Box_n50_1_1400 0.403224 Box_n50_1_1400 0.488191
prev {'d': 0.35857106130423655, 'e': 0.26937961617879413, 'f': 1.8450594319086266, 'g': 1.2168849859018205}
Starting ML Fit
Box_n50_1_1400
       message: Optimization terminated successfully.
       success: True
        status: 0
           fun: 70.87689510303073
             x: [ 3.361e-01  2.339e-01  1.915e+00  1.218e+00]
           nit: 135
          nfev: 228
 final_simplex: (array([[ 3.361e-01,  2.339e-01,  1.915e+00,  1.218e+00],
                       [ 3.361e-01,  2.339e-01,  1.915e+00,  1.218e+00],
                       ...,
                       [ 3.361e-01,  2.339e-01,  1.915e+00,  1.218e+00],
                       [ 3.361e-01,  2.340e-01,  1.915e+00,  1.218e+00]]), array([ 7.088e+01,  7.088e+01,  7.088e+01,  7.088e+01,
                        7.088e+01]))
   param_names: ['d', 'e', 'f', 'g']
[0.33607114 0.23392932 1.91527494 1.21831434]
{'d': 0.336071140548729, 'e': 0.2339293214375176, 'f': 1.9152749379016112, 'g': 1.218314344514321}
Previous:  {'d': 0.35857106130423655, 'e': 0.26937961617879413, 'f': 1.8450594319086266, 'g': 1.2168849859018205}
python -u fit_individ_iter.py Box_n50_1_1400 0.366459 Box_n50_1_1400 0.403224
prev {'d': 0.336071140548729, 'e': 0.2339293214375176, 'f': 1.9152749379016112, 'g': 1.218314344514321}
Starting ML Fit
Box_n50_1_1400
       message: Optimization terminated successfully.
       success: True
        status: 0
           fun: 62.114663932307295
             x: [ 3.229e-01  1.986e-01  1.979e+00  1.229e+00]
           nit: 126
          nfev: 211
 final_simplex: (array([[ 3.229e-01,  1.986e-01,  1.979e+00,  1.229e+00],
                       [ 3.229e-01,  1.985e-01,  1.979e+00,  1.229e+00],
                       ...,
                       [ 3.229e-01,  1.986e-01,  1.979e+00,  1.229e+00],
                       [ 3.229e-01,  1.985e-01,  1.979e+00,  1.229e+00]]), array([ 6.211e+01,  6.211e+01,  6.211e+01,  6.211e+01,
                        6.211e+01]))
   param_names: ['d', 'e', 'f', 'g']
[0.32292233 0.19857002 1.9790901  1.22872769]
{'d': 0.3229223308036703, 'e': 0.19857002374678343, 'f': 1.9790900956699653, 'g': 1.2287276920043477}
Previous:  {'d': 0.336071140548729, 'e': 0.2339293214375176, 'f': 1.9152749379016112, 'g': 1.218314344514321}
