Curr: Box54_1400, Prev: Box49_1400
alist [1.0, 0.953321, 0.866399, 0.787402, 0.715608, 0.65036, 0.620002, 0.591061, 0.563471, 0.537169, 0.512095, 0.488191, 0.403224, 0.366459]
python -u fit_individ_iter.py Box54_1400 1.000000 Box49_1400 1.000000
prev {'d': 0.40987354581941465, 'e': 0.3059427081228029, 'f': 1.661471032351165, 'g': 1.115974484095028}
Starting ML Fit
Box54_1400
       message: Optimization terminated successfully.
       success: True
        status: 0
           fun: 84.79680255506065
             x: [ 4.033e-01  3.059e-01  1.662e+00  1.136e+00]
           nit: 79
          nfev: 136
 final_simplex: (array([[ 4.033e-01,  3.059e-01,  1.662e+00,  1.136e+00],
                       [ 4.033e-01,  3.058e-01,  1.662e+00,  1.136e+00],
                       ...,
                       [ 4.033e-01,  3.059e-01,  1.662e+00,  1.136e+00],
                       [ 4.033e-01,  3.059e-01,  1.662e+00,  1.136e+00]]), array([ 8.480e+01,  8.480e+01,  8.480e+01,  8.480e+01,
                        8.480e+01]))
   param_names: ['d', 'e', 'f', 'g']
[0.40331911 0.30592509 1.66156981 1.13581387]
{'d': 0.4033191103306889, 'e': 0.3059250947556374, 'f': 1.661569811495617, 'g': 1.1358138734047176}
Previous:  {'d': 0.40987354581941465, 'e': 0.3059427081228029, 'f': 1.661471032351165, 'g': 1.115974484095028}
python -u fit_individ_iter.py Box54_1400 0.953321 Box54_1400 1.000000
prev {'d': 0.4033191103306889, 'e': 0.3059250947556374, 'f': 1.661569811495617, 'g': 1.1358138734047176}
Starting ML Fit
Box54_1400
       message: Optimization terminated successfully.
       success: True
        status: 0
           fun: 78.21951365008961
             x: [ 3.964e-01  3.060e-01  1.661e+00  1.135e+00]
           nit: 70
          nfev: 127
 final_simplex: (array([[ 3.964e-01,  3.060e-01,  1.661e+00,  1.135e+00],
                       [ 3.964e-01,  3.060e-01,  1.661e+00,  1.135e+00],
                       ...,
                       [ 3.964e-01,  3.060e-01,  1.661e+00,  1.135e+00],
                       [ 3.964e-01,  3.061e-01,  1.661e+00,  1.135e+00]]), array([ 7.822e+01,  7.822e+01,  7.822e+01,  7.822e+01,
                        7.822e+01]))
   param_names: ['d', 'e', 'f', 'g']
[0.39639678 0.30598463 1.66144322 1.13463622]
{'d': 0.39639678193623024, 'e': 0.3059846257613048, 'f': 1.6614432184533823, 'g': 1.134636217440639}
Previous:  {'d': 0.4033191103306889, 'e': 0.3059250947556374, 'f': 1.661569811495617, 'g': 1.1358138734047176}
python -u fit_individ_iter.py Box54_1400 0.866399 Box54_1400 0.953321
prev {'d': 0.39639678193623024, 'e': 0.3059846257613048, 'f': 1.6614432184533823, 'g': 1.134636217440639}
Starting ML Fit
Box54_1400
       message: Optimization terminated successfully.
       success: True
        status: 0
           fun: 83.0397584962918
             x: [ 3.821e-01  3.059e-01  1.662e+00  1.133e+00]
           nit: 90
          nfev: 156
 final_simplex: (array([[ 3.821e-01,  3.059e-01,  1.662e+00,  1.133e+00],
                       [ 3.821e-01,  3.058e-01,  1.662e+00,  1.133e+00],
                       ...,
                       [ 3.821e-01,  3.059e-01,  1.662e+00,  1.133e+00],
                       [ 3.821e-01,  3.059e-01,  1.662e+00,  1.133e+00]]), array([ 8.304e+01,  8.304e+01,  8.304e+01,  8.304e+01,
                        8.304e+01]))
   param_names: ['d', 'e', 'f', 'g']
[0.38211373 0.30586982 1.66175904 1.13291224]
{'d': 0.38211372922449355, 'e': 0.3058698201865453, 'f': 1.6617590370465798, 'g': 1.1329122441030748}
Previous:  {'d': 0.39639678193623024, 'e': 0.3059846257613048, 'f': 1.6614432184533823, 'g': 1.134636217440639}
python -u fit_individ_iter.py Box54_1400 0.787402 Box54_1400 0.866399
prev {'d': 0.38211372922449355, 'e': 0.3058698201865453, 'f': 1.6617590370465798, 'g': 1.1329122441030748}
Starting ML Fit
Box54_1400
       message: Optimization terminated successfully.
       success: True
        status: 0
           fun: 74.69799157427005
             x: [ 3.687e-01  3.055e-01  1.663e+00  1.131e+00]
           nit: 75
          nfev: 129
 final_simplex: (array([[ 3.687e-01,  3.055e-01,  1.663e+00,  1.131e+00],
                       [ 3.687e-01,  3.056e-01,  1.663e+00,  1.131e+00],
                       ...,
                       [ 3.687e-01,  3.055e-01,  1.663e+00,  1.131e+00],
                       [ 3.687e-01,  3.056e-01,  1.663e+00,  1.131e+00]]), array([ 7.470e+01,  7.470e+01,  7.470e+01,  7.470e+01,
                        7.470e+01]))
   param_names: ['d', 'e', 'f', 'g']
[0.36873485 0.30554075 1.66258258 1.13077977]
{'d': 0.3687348543713951, 'e': 0.30554074781013996, 'f': 1.6625825792150462, 'g': 1.130779774665319}
Previous:  {'d': 0.38211372922449355, 'e': 0.3058698201865453, 'f': 1.6617590370465798, 'g': 1.1329122441030748}
python -u fit_individ_iter.py Box54_1400 0.715608 Box54_1400 0.787402
prev {'d': 0.3687348543713951, 'e': 0.30554074781013996, 'f': 1.6625825792150462, 'g': 1.130779774665319}
Starting ML Fit
Box54_1400
       message: Optimization terminated successfully.
       success: True
        status: 0
           fun: 68.88281653488804
             x: [ 3.588e-01  3.053e-01  1.663e+00  1.133e+00]
           nit: 77
          nfev: 133
 final_simplex: (array([[ 3.588e-01,  3.053e-01,  1.663e+00,  1.133e+00],
                       [ 3.588e-01,  3.052e-01,  1.663e+00,  1.133e+00],
                       ...,
                       [ 3.588e-01,  3.053e-01,  1.663e+00,  1.133e+00],
                       [ 3.588e-01,  3.052e-01,  1.663e+00,  1.133e+00]]), array([ 6.888e+01,  6.888e+01,  6.888e+01,  6.888e+01,
                        6.888e+01]))
   param_names: ['d', 'e', 'f', 'g']
[0.35878529 0.3052834  1.66338686 1.13264453]
{'d': 0.35878528641510704, 'e': 0.30528340195746667, 'f': 1.6633868582826072, 'g': 1.1326445266566778}
Previous:  {'d': 0.3687348543713951, 'e': 0.30554074781013996, 'f': 1.6625825792150462, 'g': 1.130779774665319}
python -u fit_individ_iter.py Box54_1400 0.650360 Box54_1400 0.715608
prev {'d': 0.35878528641510704, 'e': 0.30528340195746667, 'f': 1.6633868582826072, 'g': 1.1326445266566778}
Starting ML Fit
Box54_1400
       message: Optimization terminated successfully.
       success: True
        status: 0
           fun: 66.50325482299378
             x: [ 3.507e-01  3.049e-01  1.664e+00  1.136e+00]
           nit: 89
          nfev: 154
 final_simplex: (array([[ 3.507e-01,  3.049e-01,  1.664e+00,  1.136e+00],
                       [ 3.507e-01,  3.050e-01,  1.664e+00,  1.136e+00],
                       ...,
                       [ 3.506e-01,  3.049e-01,  1.664e+00,  1.136e+00],
                       [ 3.507e-01,  3.050e-01,  1.664e+00,  1.136e+00]]), array([ 6.650e+01,  6.650e+01,  6.650e+01,  6.650e+01,
                        6.650e+01]))
   param_names: ['d', 'e', 'f', 'g']
[0.35066531 0.304934   1.66416018 1.13609338]
{'d': 0.35066530657104467, 'e': 0.3049340027656915, 'f': 1.6641601776861519, 'g': 1.1360933784370637}
Previous:  {'d': 0.35878528641510704, 'e': 0.30528340195746667, 'f': 1.6633868582826072, 'g': 1.1326445266566778}
python -u fit_individ_iter.py Box54_1400 0.620002 Box54_1400 0.650360
prev {'d': 0.35066530657104467, 'e': 0.3049340027656915, 'f': 1.6641601776861519, 'g': 1.1360933784370637}
Starting ML Fit
Box54_1400
       message: Optimization terminated successfully.
       success: True
        status: 0
           fun: 61.927035658657694
             x: [ 3.456e-01  3.047e-01  1.665e+00  1.136e+00]
           nit: 66
          nfev: 122
 final_simplex: (array([[ 3.456e-01,  3.047e-01,  1.665e+00,  1.136e+00],
                       [ 3.456e-01,  3.047e-01,  1.665e+00,  1.136e+00],
                       ...,
                       [ 3.456e-01,  3.046e-01,  1.665e+00,  1.136e+00],
                       [ 3.456e-01,  3.046e-01,  1.665e+00,  1.136e+00]]), array([ 6.193e+01,  6.193e+01,  6.193e+01,  6.193e+01,
                        6.193e+01]))
   param_names: ['d', 'e', 'f', 'g']
[0.34563387 0.30465494 1.66476634 1.13574742]
{'d': 0.34563387153543396, 'e': 0.30465493515391767, 'f': 1.6647663404589026, 'g': 1.1357474206854354}
Previous:  {'d': 0.35066530657104467, 'e': 0.3049340027656915, 'f': 1.6641601776861519, 'g': 1.1360933784370637}
python -u fit_individ_iter.py Box54_1400 0.591061 Box54_1400 0.620002
prev {'d': 0.34563387153543396, 'e': 0.30465493515391767, 'f': 1.6647663404589026, 'g': 1.1357474206854354}
Starting ML Fit
Box54_1400
       message: Optimization terminated successfully.
       success: True
        status: 0
           fun: 59.68379077430288
             x: [ 3.428e-01  3.044e-01  1.665e+00  1.138e+00]
           nit: 66
          nfev: 119
 final_simplex: (array([[ 3.428e-01,  3.044e-01,  1.665e+00,  1.138e+00],
                       [ 3.428e-01,  3.044e-01,  1.665e+00,  1.138e+00],
                       ...,
                       [ 3.428e-01,  3.045e-01,  1.665e+00,  1.138e+00],
                       [ 3.428e-01,  3.045e-01,  1.665e+00,  1.138e+00]]), array([ 5.968e+01,  5.968e+01,  5.968e+01,  5.968e+01,
                        5.968e+01]))
   param_names: ['d', 'e', 'f', 'g']
[0.34280788 0.30440623 1.66540817 1.13787793]
{'d': 0.3428078766757356, 'e': 0.30440622821347874, 'f': 1.665408174560536, 'g': 1.1378779287389413}
Previous:  {'d': 0.34563387153543396, 'e': 0.30465493515391767, 'f': 1.6647663404589026, 'g': 1.1357474206854354}
python -u fit_individ_iter.py Box54_1400 0.563471 Box54_1400 0.591061
prev {'d': 0.3428078766757356, 'e': 0.30440622821347874, 'f': 1.665408174560536, 'g': 1.1378779287389413}
Starting ML Fit
Box54_1400
       message: Optimization terminated successfully.
       success: True
        status: 0
           fun: 56.36374417217088
             x: [ 3.382e-01  3.041e-01  1.666e+00  1.138e+00]
           nit: 72
          nfev: 128
 final_simplex: (array([[ 3.382e-01,  3.041e-01,  1.666e+00,  1.138e+00],
                       [ 3.382e-01,  3.042e-01,  1.666e+00,  1.138e+00],
                       ...,
                       [ 3.382e-01,  3.041e-01,  1.666e+00,  1.138e+00],
                       [ 3.382e-01,  3.042e-01,  1.666e+00,  1.138e+00]]), array([ 5.636e+01,  5.636e+01,  5.636e+01,  5.636e+01,
                        5.636e+01]))
   param_names: ['d', 'e', 'f', 'g']
[0.33820661 0.3041343  1.6661134  1.13803577]
{'d': 0.33820660554364945, 'e': 0.304134303334801, 'f': 1.6661134041313117, 'g': 1.1380357715323983}
Previous:  {'d': 0.3428078766757356, 'e': 0.30440622821347874, 'f': 1.665408174560536, 'g': 1.1378779287389413}
python -u fit_individ_iter.py Box54_1400 0.537169 Box54_1400 0.563471
prev {'d': 0.33820660554364945, 'e': 0.304134303334801, 'f': 1.6661134041313117, 'g': 1.1380357715323983}
Starting ML Fit
Box54_1400
       message: Optimization terminated successfully.
       success: True
        status: 0
           fun: 47.97960042140808
             x: [ 3.379e-01  3.039e-01  1.667e+00  1.142e+00]
           nit: 55
          nfev: 98
 final_simplex: (array([[ 3.379e-01,  3.039e-01,  1.667e+00,  1.142e+00],
                       [ 3.380e-01,  3.040e-01,  1.667e+00,  1.142e+00],
                       ...,
                       [ 3.380e-01,  3.039e-01,  1.667e+00,  1.142e+00],
                       [ 3.379e-01,  3.040e-01,  1.667e+00,  1.142e+00]]), array([ 4.798e+01,  4.798e+01,  4.798e+01,  4.798e+01,
                        4.798e+01]))
   param_names: ['d', 'e', 'f', 'g']
[0.33793354 0.30393934 1.66662135 1.14237379]
{'d': 0.33793354329933645, 'e': 0.30393933863676836, 'f': 1.6666213514122696, 'g': 1.142373785494545}
Previous:  {'d': 0.33820660554364945, 'e': 0.304134303334801, 'f': 1.6661134041313117, 'g': 1.1380357715323983}
python -u fit_individ_iter.py Box54_1400 0.512095 Box54_1400 0.537169
prev {'d': 0.33793354329933645, 'e': 0.30393933863676836, 'f': 1.6666213514122696, 'g': 1.142373785494545}
Starting ML Fit
Box54_1400
       message: Optimization terminated successfully.
       success: True
        status: 0
           fun: 46.666372293798325
             x: [ 3.313e-01  3.037e-01  1.667e+00  1.140e+00]
           nit: 83
          nfev: 144
 final_simplex: (array([[ 3.313e-01,  3.037e-01,  1.667e+00,  1.140e+00],
                       [ 3.313e-01,  3.038e-01,  1.667e+00,  1.140e+00],
                       ...,
                       [ 3.314e-01,  3.037e-01,  1.667e+00,  1.141e+00],
                       [ 3.313e-01,  3.038e-01,  1.667e+00,  1.140e+00]]), array([ 4.667e+01,  4.667e+01,  4.667e+01,  4.667e+01,
                        4.667e+01]))
   param_names: ['d', 'e', 'f', 'g']
[0.33131094 0.30374579 1.66722973 1.14048318]
{'d': 0.3313109352455811, 'e': 0.3037457909588419, 'f': 1.6672297341080813, 'g': 1.140483182372015}
Previous:  {'d': 0.33793354329933645, 'e': 0.30393933863676836, 'f': 1.6666213514122696, 'g': 1.142373785494545}
python -u fit_individ_iter.py Box54_1400 0.488191 Box54_1400 0.512095
prev {'d': 0.3313109352455811, 'e': 0.3037457909588419, 'f': 1.6672297341080813, 'g': 1.140483182372015}
Starting ML Fit
Box54_1400
       message: Optimization terminated successfully.
       success: True
        status: 0
           fun: 37.94928502181859
             x: [ 3.456e-01  3.037e-01  1.667e+00  1.158e+00]
           nit: 58
          nfev: 108
 final_simplex: (array([[ 3.456e-01,  3.037e-01,  1.667e+00,  1.158e+00],
                       [ 3.456e-01,  3.037e-01,  1.667e+00,  1.158e+00],
                       ...,
                       [ 3.456e-01,  3.037e-01,  1.667e+00,  1.158e+00],
                       [ 3.455e-01,  3.037e-01,  1.668e+00,  1.158e+00]]), array([ 3.795e+01,  3.795e+01,  3.795e+01,  3.795e+01,
                        3.795e+01]))
   param_names: ['d', 'e', 'f', 'g']
[0.34557695 0.30365079 1.66748165 1.15757191]
{'d': 0.3455769504265893, 'e': 0.3036507893823587, 'f': 1.6674816526245406, 'g': 1.1575719051052213}
Previous:  {'d': 0.3313109352455811, 'e': 0.3037457909588419, 'f': 1.6672297341080813, 'g': 1.140483182372015}
python -u fit_individ_iter.py Box54_1400 0.403224 Box54_1400 0.488191
prev {'d': 0.3455769504265893, 'e': 0.3036507893823587, 'f': 1.6674816526245406, 'g': 1.1575719051052213}
Starting ML Fit
Box54_1400
       message: Optimization terminated successfully.
       success: True
        status: 0
           fun: 25.884505277211886
             x: [ 3.298e-01  3.037e-01  1.667e+00  1.156e+00]
           nit: 85
          nfev: 156
 final_simplex: (array([[ 3.298e-01,  3.037e-01,  1.667e+00,  1.156e+00],
                       [ 3.297e-01,  3.036e-01,  1.667e+00,  1.156e+00],
                       ...,
                       [ 3.298e-01,  3.037e-01,  1.667e+00,  1.156e+00],
                       [ 3.297e-01,  3.037e-01,  1.667e+00,  1.156e+00]]), array([ 2.588e+01,  2.588e+01,  2.588e+01,  2.588e+01,
                        2.588e+01]))
   param_names: ['d', 'e', 'f', 'g']
[0.32979054 0.30369791 1.66749283 1.15566908]
{'d': 0.32979054051288414, 'e': 0.3036979052527783, 'f': 1.667492826477075, 'g': 1.1556690797410754}
Previous:  {'d': 0.3455769504265893, 'e': 0.3036507893823587, 'f': 1.6674816526245406, 'g': 1.1575719051052213}
python -u fit_individ_iter.py Box54_1400 0.366459 Box54_1400 0.403224
prev {'d': 0.32979054051288414, 'e': 0.3036979052527783, 'f': 1.667492826477075, 'g': 1.1556690797410754}
Starting ML Fit
Box54_1400
       message: Optimization terminated successfully.
       success: True
        status: 0
           fun: 12.995208977777544
             x: [ 3.365e-01  3.037e-01  1.668e+00  1.162e+00]
           nit: 58
          nfev: 112
 final_simplex: (array([[ 3.365e-01,  3.037e-01,  1.668e+00,  1.162e+00],
                       [ 3.366e-01,  3.037e-01,  1.667e+00,  1.162e+00],
                       ...,
                       [ 3.365e-01,  3.037e-01,  1.668e+00,  1.162e+00],
                       [ 3.366e-01,  3.037e-01,  1.668e+00,  1.162e+00]]), array([ 1.300e+01,  1.300e+01,  1.300e+01,  1.300e+01,
                        1.300e+01]))
   param_names: ['d', 'e', 'f', 'g']
[0.33653365 0.30369721 1.66750639 1.16240039]
{'d': 0.3365336488120034, 'e': 0.3036972051712542, 'f': 1.6675063902812488, 'g': 1.1624003868321906}
Previous:  {'d': 0.32979054051288414, 'e': 0.3036979052527783, 'f': 1.667492826477075, 'g': 1.1556690797410754}
