##############################


[0.302679, 0.366459, 0.403224, 0.488191, 0.512095, 0.537169, 0.563471, 0.591061, 0.620002, 0.65036, 0.715608, 0.787402, 0.866399, 0.953321, 1.0]
dict_keys([0.302679, 0.366459, 0.403224, 0.488191, 0.512095, 0.537169, 0.563471, 0.591061, 0.620002, 0.65036, 0.715608, 0.787402, 0.866399, 0.953321, 1.0])
prev {'d0': 2.251775118304734, 'd1': -0.2738794725620387, 'e0': 1.0556314457079872, 'e1': 0.014810290014811833, 'f0': 0.4061182647325671, 'f1': 0.19055321940494296, 'g0': 1.211131049004336, 'g1': 0.004723816622945359}
Starting ML Fit
Box99_1400
       message: Optimization terminated successfully.
       success: True
        status: 0
           fun: 1297.5762868773213
             x: [ 2.289e+00 -2.500e-01  1.036e+00  1.641e-02  4.044e-01
                  1.536e-01  1.202e+00  4.838e-03]
           nit: 396
          nfev: 606
 final_simplex: (array([[ 2.289e+00, -2.500e-01, ...,  1.202e+00,
                         4.838e-03],
                       [ 2.289e+00, -2.500e-01, ...,  1.202e+00,
                         4.838e-03],
                       ...,
                       [ 2.289e+00, -2.500e-01, ...,  1.202e+00,
                         4.838e-03],
                       [ 2.289e+00, -2.500e-01, ...,  1.202e+00,
                         4.838e-03]]), array([ 1.298e+03,  1.298e+03,  1.298e+03,  1.298e+03,
                        1.298e+03,  1.298e+03,  1.298e+03,  1.298e+03,
                        1.298e+03]))
   param_names: ['d0', 'd1', 'e0', 'e1', 'f0', 'f1', 'g0', 'g1']
[ 2.28856047 -0.25002372  1.03627317  0.01640509  0.40442774  0.15364163
  1.20235027  0.00483784]
{'d0': 2.288560467058965, 'd1': -0.2500237160262306, 'e0': 1.0362731694330893, 'e1': 0.016405090073588098, 'f0': 0.40442773768004203, 'f1': 0.15364162688547456, 'g0': 1.202350273627541, 'g1': 0.004837837943840812}
-------------------
{'d0': 2.288560467058965, 'd1': -0.2500237160262306, 'e0': 1.0362731694330893, 'e1': 0.016405090073588098, 'f0': 0.40442773768004203, 'f1': 0.15364162688547456, 'g0': 1.202350273627541, 'g1': 0.004837837943840812}
Previous:  {'d0': 2.251775118304734, 'd1': -0.2738794725620387, 'e0': 1.0556314457079872, 'e1': 0.014810290014811833, 'f0': 0.4061182647325671, 'f1': 0.19055321940494296, 'g0': 1.211131049004336, 'g1': 0.004723816622945359}
-------------------
