alist [1.0, 0.953321, 0.866399, 0.787402, 0.715608, 0.65036, 0.620002, 0.591061, 0.563471, 0.537169, 0.512095, 0.488191, 0.403224, 0.366459, 0.302679]
Curr: Box_n50_23_1400, Prev: Box23_1400
##############################


prev {'d': 0.4275358706388752, 'e': 0.30036578035554906, 'f': 1.6462626312769921, 'g': 1.1795752825781978}
Starting ML Fit
Box_n50_23_1400
       message: Optimization terminated successfully.
       success: True
        status: 0
           fun: 110.58086066274531
             x: [ 4.449e-01  3.009e-01  1.642e+00  1.181e+00]
           nit: 74
          nfev: 135
 final_simplex: (array([[ 4.449e-01,  3.009e-01,  1.642e+00,  1.181e+00],
                       [ 4.449e-01,  3.009e-01,  1.642e+00,  1.181e+00],
                       ...,
                       [ 4.449e-01,  3.009e-01,  1.642e+00,  1.181e+00],
                       [ 4.449e-01,  3.010e-01,  1.642e+00,  1.181e+00]]), array([ 1.106e+02,  1.106e+02,  1.106e+02,  1.106e+02,
                        1.106e+02]))
   param_names: ['d', 'e', 'f', 'g']
[0.44492552 0.30093255 1.64167029 1.18055262]
{'d': 0.4449255214527184, 'e': 0.3009325506805595, 'f': 1.641670291451299, 'g': 1.1805526153113488}
Previous:  {'d': 0.4275358706388752, 'e': 0.30036578035554906, 'f': 1.6462626312769921, 'g': 1.1795752825781978}


##############################


prev {'d': 0.4449255214527184, 'e': 0.3009325506805595, 'f': 1.641670291451299, 'g': 1.1805526153113488}
Starting ML Fit
Box_n50_23_1400
       message: Optimization terminated successfully.
       success: True
        status: 0
           fun: 104.6755686827117
             x: [ 4.381e-01  3.013e-01  1.640e+00  1.177e+00]
           nit: 77
          nfev: 138
 final_simplex: (array([[ 4.381e-01,  3.013e-01,  1.640e+00,  1.177e+00],
                       [ 4.381e-01,  3.013e-01,  1.640e+00,  1.177e+00],
                       ...,
                       [ 4.381e-01,  3.013e-01,  1.640e+00,  1.177e+00],
                       [ 4.381e-01,  3.013e-01,  1.640e+00,  1.177e+00]]), array([ 1.047e+02,  1.047e+02,  1.047e+02,  1.047e+02,
                        1.047e+02]))
   param_names: ['d', 'e', 'f', 'g']
[0.43808537 0.30134061 1.64033819 1.17668487]
{'d': 0.43808536807700615, 'e': 0.30134061488895525, 'f': 1.640338187251387, 'g': 1.176684870936623}
Previous:  {'d': 0.4449255214527184, 'e': 0.3009325506805595, 'f': 1.641670291451299, 'g': 1.1805526153113488}


##############################


prev {'d': 0.43808536807700615, 'e': 0.30134061488895525, 'f': 1.640338187251387, 'g': 1.176684870936623}
Starting ML Fit
Box_n50_23_1400
       message: Optimization terminated successfully.
       success: True
        status: 0
           fun: 106.38721817522082
             x: [ 4.251e-01  3.008e-01  1.651e+00  1.175e+00]
           nit: 88
          nfev: 159
 final_simplex: (array([[ 4.251e-01,  3.008e-01,  1.651e+00,  1.175e+00],
                       [ 4.251e-01,  3.007e-01,  1.651e+00,  1.175e+00],
                       ...,
                       [ 4.251e-01,  3.007e-01,  1.651e+00,  1.175e+00],
                       [ 4.251e-01,  3.007e-01,  1.651e+00,  1.175e+00]]), array([ 1.064e+02,  1.064e+02,  1.064e+02,  1.064e+02,
                        1.064e+02]))
   param_names: ['d', 'e', 'f', 'g']
[0.42510449 0.30075872 1.65056488 1.17507965]
{'d': 0.42510448652137955, 'e': 0.30075871564166745, 'f': 1.6505648813787133, 'g': 1.1750796469047642}
Previous:  {'d': 0.43808536807700615, 'e': 0.30134061488895525, 'f': 1.640338187251387, 'g': 1.176684870936623}


##############################


prev {'d': 0.42510448652137955, 'e': 0.30075871564166745, 'f': 1.6505648813787133, 'g': 1.1750796469047642}
Starting ML Fit
Box_n50_23_1400
       message: Optimization terminated successfully.
       success: True
        status: 0
           fun: 104.17946876395985
             x: [ 4.139e-01  3.004e-01  1.657e+00  1.174e+00]
           nit: 78
          nfev: 137
 final_simplex: (array([[ 4.139e-01,  3.004e-01,  1.657e+00,  1.174e+00],
                       [ 4.139e-01,  3.004e-01,  1.657e+00,  1.174e+00],
                       ...,
                       [ 4.139e-01,  3.004e-01,  1.657e+00,  1.174e+00],
                       [ 4.139e-01,  3.004e-01,  1.657e+00,  1.174e+00]]), array([ 1.042e+02,  1.042e+02,  1.042e+02,  1.042e+02,
                        1.042e+02]))
   param_names: ['d', 'e', 'f', 'g']
[0.41388252 0.3004488  1.65719193 1.17417609]
{'d': 0.41388251601239096, 'e': 0.30044880113681, 'f': 1.6571919307587097, 'g': 1.1741760870161921}
Previous:  {'d': 0.42510448652137955, 'e': 0.30075871564166745, 'f': 1.6505648813787133, 'g': 1.1750796469047642}


##############################


prev {'d': 0.41388251601239096, 'e': 0.30044880113681, 'f': 1.6571919307587097, 'g': 1.1741760870161921}
Starting ML Fit
Box_n50_23_1400
       message: Optimization terminated successfully.
       success: True
        status: 0
           fun: 100.05973323649245
             x: [ 4.033e-01  2.997e-01  1.670e+00  1.174e+00]
           nit: 96
          nfev: 170
 final_simplex: (array([[ 4.033e-01,  2.997e-01,  1.670e+00,  1.174e+00],
                       [ 4.033e-01,  2.997e-01,  1.670e+00,  1.174e+00],
                       ...,
                       [ 4.033e-01,  2.997e-01,  1.670e+00,  1.174e+00],
                       [ 4.033e-01,  2.997e-01,  1.670e+00,  1.174e+00]]), array([ 1.001e+02,  1.001e+02,  1.001e+02,  1.001e+02,
                        1.001e+02]))
   param_names: ['d', 'e', 'f', 'g']
[0.40328866 0.29970359 1.66950578 1.17407735]
{'d': 0.40328866117191464, 'e': 0.2997035907027068, 'f': 1.6695057837040679, 'g': 1.1740773510047693}
Previous:  {'d': 0.41388251601239096, 'e': 0.30044880113681, 'f': 1.6571919307587097, 'g': 1.1741760870161921}


##############################


prev {'d': 0.40328866117191464, 'e': 0.2997035907027068, 'f': 1.6695057837040679, 'g': 1.1740773510047693}
Starting ML Fit
Box_n50_23_1400
       message: Optimization terminated successfully.
       success: True
        status: 0
           fun: 91.08828226808822
             x: [ 3.940e-01  2.991e-01  1.681e+00  1.173e+00]
           nit: 96
          nfev: 172
 final_simplex: (array([[ 3.940e-01,  2.991e-01,  1.681e+00,  1.173e+00],
                       [ 3.940e-01,  2.991e-01,  1.681e+00,  1.173e+00],
                       ...,
                       [ 3.940e-01,  2.991e-01,  1.681e+00,  1.173e+00],
                       [ 3.940e-01,  2.990e-01,  1.681e+00,  1.173e+00]]), array([ 9.109e+01,  9.109e+01,  9.109e+01,  9.109e+01,
                        9.109e+01]))
   param_names: ['d', 'e', 'f', 'g']
[0.39396677 0.29906818 1.68091555 1.17265513]
{'d': 0.393966770702881, 'e': 0.29906818324875073, 'f': 1.6809155453216833, 'g': 1.1726551289870921}
Previous:  {'d': 0.40328866117191464, 'e': 0.2997035907027068, 'f': 1.6695057837040679, 'g': 1.1740773510047693}


##############################


prev {'d': 0.393966770702881, 'e': 0.29906818324875073, 'f': 1.6809155453216833, 'g': 1.1726551289870921}
Starting ML Fit
Box_n50_23_1400
       message: Optimization terminated successfully.
       success: True
        status: 0
           fun: 92.89452783779221
             x: [ 3.893e-01  2.984e-01  1.693e+00  1.174e+00]
           nit: 77
          nfev: 140
 final_simplex: (array([[ 3.893e-01,  2.984e-01,  1.693e+00,  1.174e+00],
                       [ 3.893e-01,  2.984e-01,  1.693e+00,  1.174e+00],
                       ...,
                       [ 3.893e-01,  2.984e-01,  1.693e+00,  1.174e+00],
                       [ 3.893e-01,  2.984e-01,  1.693e+00,  1.174e+00]]), array([ 9.289e+01,  9.289e+01,  9.289e+01,  9.289e+01,
                        9.289e+01]))
   param_names: ['d', 'e', 'f', 'g']
[0.38929083 0.29841098 1.69285616 1.17355795]
{'d': 0.38929082716536734, 'e': 0.2984109798816026, 'f': 1.6928561642782154, 'g': 1.1735579490288042}
Previous:  {'d': 0.393966770702881, 'e': 0.29906818324875073, 'f': 1.6809155453216833, 'g': 1.1726551289870921}


##############################


prev {'d': 0.38929082716536734, 'e': 0.2984109798816026, 'f': 1.6928561642782154, 'g': 1.1735579490288042}
Starting ML Fit
Box_n50_23_1400
       message: Optimization terminated successfully.
       success: True
        status: 0
           fun: 97.54199725290457
             x: [ 3.853e-01  2.977e-01  1.706e+00  1.175e+00]
           nit: 72
          nfev: 132
 final_simplex: (array([[ 3.853e-01,  2.977e-01,  1.706e+00,  1.175e+00],
                       [ 3.853e-01,  2.977e-01,  1.706e+00,  1.175e+00],
                       ...,
                       [ 3.853e-01,  2.977e-01,  1.706e+00,  1.175e+00],
                       [ 3.853e-01,  2.977e-01,  1.706e+00,  1.175e+00]]), array([ 9.754e+01,  9.754e+01,  9.754e+01,  9.754e+01,
                        9.754e+01]))
   param_names: ['d', 'e', 'f', 'g']
[0.38529257 0.29771886 1.70577592 1.17536352]
{'d': 0.38529256865824335, 'e': 0.29771886071689946, 'f': 1.7057759171170481, 'g': 1.175363524654078}
Previous:  {'d': 0.38929082716536734, 'e': 0.2984109798816026, 'f': 1.6928561642782154, 'g': 1.1735579490288042}


##############################


prev {'d': 0.38529256865824335, 'e': 0.29771886071689946, 'f': 1.7057759171170481, 'g': 1.175363524654078}
Starting ML Fit
Box_n50_23_1400
       message: Optimization terminated successfully.
       success: True
        status: 0
           fun: 86.13635498040304
             x: [ 3.810e-01  2.972e-01  1.715e+00  1.174e+00]
           nit: 61
          nfev: 110
 final_simplex: (array([[ 3.810e-01,  2.972e-01,  1.715e+00,  1.174e+00],
                       [ 3.810e-01,  2.973e-01,  1.715e+00,  1.174e+00],
                       ...,
                       [ 3.810e-01,  2.973e-01,  1.715e+00,  1.174e+00],
                       [ 3.810e-01,  2.973e-01,  1.715e+00,  1.174e+00]]), array([ 8.614e+01,  8.614e+01,  8.614e+01,  8.614e+01,
                        8.614e+01]))
   param_names: ['d', 'e', 'f', 'g']
[0.3810175  0.297228   1.71527721 1.17393064]
{'d': 0.38101750303502824, 'e': 0.2972279966085281, 'f': 1.7152772116217565, 'g': 1.1739306393130269}
Previous:  {'d': 0.38529256865824335, 'e': 0.29771886071689946, 'f': 1.7057759171170481, 'g': 1.175363524654078}


##############################


prev {'d': 0.38101750303502824, 'e': 0.2972279966085281, 'f': 1.7152772116217565, 'g': 1.1739306393130269}
Starting ML Fit
Box_n50_23_1400
       message: Optimization terminated successfully.
       success: True
        status: 0
           fun: 83.70426430299214
             x: [ 3.771e-01  2.966e-01  1.727e+00  1.174e+00]
           nit: 74
          nfev: 134
 final_simplex: (array([[ 3.771e-01,  2.966e-01,  1.727e+00,  1.174e+00],
                       [ 3.771e-01,  2.966e-01,  1.727e+00,  1.174e+00],
                       ...,
                       [ 3.771e-01,  2.966e-01,  1.727e+00,  1.174e+00],
                       [ 3.771e-01,  2.966e-01,  1.727e+00,  1.174e+00]]), array([ 8.370e+01,  8.370e+01,  8.370e+01,  8.370e+01,
                        8.370e+01]))
   param_names: ['d', 'e', 'f', 'g']
[0.377132   0.29661156 1.72727586 1.17411085]
{'d': 0.37713200230019106, 'e': 0.296611555026283, 'f': 1.7272758575559974, 'g': 1.1741108485951028}
Previous:  {'d': 0.38101750303502824, 'e': 0.2972279966085281, 'f': 1.7152772116217565, 'g': 1.1739306393130269}


##############################


prev {'d': 0.37713200230019106, 'e': 0.296611555026283, 'f': 1.7272758575559974, 'g': 1.1741108485951028}
Starting ML Fit
Box_n50_23_1400
       message: Optimization terminated successfully.
       success: True
        status: 0
           fun: 80.54538172501725
             x: [ 3.740e-01  2.966e-01  1.729e+00  1.173e+00]
           nit: 86
          nfev: 150
 final_simplex: (array([[ 3.740e-01,  2.966e-01,  1.729e+00,  1.173e+00],
                       [ 3.740e-01,  2.966e-01,  1.729e+00,  1.173e+00],
                       ...,
                       [ 3.740e-01,  2.966e-01,  1.729e+00,  1.173e+00],
                       [ 3.740e-01,  2.966e-01,  1.729e+00,  1.173e+00]]), array([ 8.055e+01,  8.055e+01,  8.055e+01,  8.055e+01,
                        8.055e+01]))
   param_names: ['d', 'e', 'f', 'g']
[0.37404993 0.29655752 1.72936537 1.17273496]
{'d': 0.3740499265867054, 'e': 0.296557522965019, 'f': 1.7293653697442148, 'g': 1.1727349596195076}
Previous:  {'d': 0.37713200230019106, 'e': 0.296611555026283, 'f': 1.7272758575559974, 'g': 1.1741108485951028}


##############################


prev {'d': 0.3740499265867054, 'e': 0.296557522965019, 'f': 1.7293653697442148, 'g': 1.1727349596195076}
Starting ML Fit
Box_n50_23_1400
       message: Optimization terminated successfully.
       success: True
        status: 0
           fun: 78.25699315101033
             x: [ 3.699e-01  2.961e-01  1.739e+00  1.172e+00]
           nit: 60
          nfev: 108
 final_simplex: (array([[ 3.699e-01,  2.961e-01,  1.739e+00,  1.172e+00],
                       [ 3.699e-01,  2.962e-01,  1.738e+00,  1.172e+00],
                       ...,
                       [ 3.699e-01,  2.961e-01,  1.739e+00,  1.172e+00],
                       [ 3.699e-01,  2.961e-01,  1.739e+00,  1.172e+00]]), array([ 7.826e+01,  7.826e+01,  7.826e+01,  7.826e+01,
                        7.826e+01]))
   param_names: ['d', 'e', 'f', 'g']
[0.36985154 0.29607999 1.73856275 1.17175405]
{'d': 0.3698515442721224, 'e': 0.29607999381846384, 'f': 1.7385627540937862, 'g': 1.1717540516646034}
Previous:  {'d': 0.3740499265867054, 'e': 0.296557522965019, 'f': 1.7293653697442148, 'g': 1.1727349596195076}


##############################


prev {'d': 0.3698515442721224, 'e': 0.29607999381846384, 'f': 1.7385627540937862, 'g': 1.1717540516646034}
Starting ML Fit
Box_n50_23_1400
       message: Optimization terminated successfully.
       success: True
        status: 0
           fun: 65.13788840563637
             x: [ 3.580e-01  2.958e-01  1.746e+00  1.164e+00]
           nit: 79
          nfev: 142
 final_simplex: (array([[ 3.580e-01,  2.958e-01,  1.746e+00,  1.164e+00],
                       [ 3.580e-01,  2.958e-01,  1.746e+00,  1.164e+00],
                       ...,
                       [ 3.580e-01,  2.958e-01,  1.746e+00,  1.164e+00],
                       [ 3.580e-01,  2.958e-01,  1.746e+00,  1.164e+00]]), array([ 6.514e+01,  6.514e+01,  6.514e+01,  6.514e+01,
                        6.514e+01]))
   param_names: ['d', 'e', 'f', 'g']
[0.35798977 0.29584492 1.74578827 1.16443472]
{'d': 0.3579897653871458, 'e': 0.2958449170455348, 'f': 1.7457882707601666, 'g': 1.1644347222313525}
Previous:  {'d': 0.3698515442721224, 'e': 0.29607999381846384, 'f': 1.7385627540937862, 'g': 1.1717540516646034}


##############################


prev {'d': 0.3579897653871458, 'e': 0.2958449170455348, 'f': 1.7457882707601666, 'g': 1.1644347222313525}
Starting ML Fit
Box_n50_23_1400
       message: Optimization terminated successfully.
       success: True
        status: 0
           fun: 55.16806216714161
             x: [ 3.541e-01  2.957e-01  1.750e+00  1.163e+00]
           nit: 70
          nfev: 124
 final_simplex: (array([[ 3.541e-01,  2.957e-01,  1.750e+00,  1.163e+00],
                       [ 3.541e-01,  2.957e-01,  1.750e+00,  1.163e+00],
                       ...,
                       [ 3.541e-01,  2.957e-01,  1.750e+00,  1.163e+00],
                       [ 3.541e-01,  2.957e-01,  1.750e+00,  1.163e+00]]), array([ 5.517e+01,  5.517e+01,  5.517e+01,  5.517e+01,
                        5.517e+01]))
   param_names: ['d', 'e', 'f', 'g']
[0.35410143 0.2957053  1.74997125 1.16283609]
{'d': 0.3541014288146006, 'e': 0.29570530098087744, 'f': 1.749971245667599, 'g': 1.162836094636302}
Previous:  {'d': 0.3579897653871458, 'e': 0.2958449170455348, 'f': 1.7457882707601666, 'g': 1.1644347222313525}


##############################


prev {'d': 0.3541014288146006, 'e': 0.29570530098087744, 'f': 1.749971245667599, 'g': 1.162836094636302}
Starting ML Fit
Box_n50_23_1400
       message: Optimization terminated successfully.
       success: True
        status: 0
           fun: 39.25778418965213
             x: [ 3.472e-01  2.956e-01  1.754e+00  1.159e+00]
           nit: 86
          nfev: 157
 final_simplex: (array([[ 3.472e-01,  2.956e-01,  1.754e+00,  1.159e+00],
                       [ 3.472e-01,  2.956e-01,  1.754e+00,  1.159e+00],
                       ...,
                       [ 3.472e-01,  2.956e-01,  1.754e+00,  1.159e+00],
                       [ 3.472e-01,  2.956e-01,  1.754e+00,  1.159e+00]]), array([ 3.926e+01,  3.926e+01,  3.926e+01,  3.926e+01,
                        3.926e+01]))
   param_names: ['d', 'e', 'f', 'g']
[0.34723233 0.29558456 1.75401246 1.15852742]
{'d': 0.347232330251542, 'e': 0.2955845644002718, 'f': 1.7540124574876677, 'g': 1.1585274187351748}
Previous:  {'d': 0.3541014288146006, 'e': 0.29570530098087744, 'f': 1.749971245667599, 'g': 1.162836094636302}


