##############################


[[0.01   0.     0.     0.     0.     0.     0.     0.    ]
 [0.     0.01   0.     0.     0.     0.     0.     0.    ]
 [0.     0.     0.001  0.     0.     0.     0.     0.    ]
 [0.     0.     0.     0.001  0.     0.     0.     0.    ]
 [0.     0.     0.     0.     0.0005 0.     0.     0.    ]
 [0.     0.     0.     0.     0.     0.0005 0.     0.    ]
 [0.     0.     0.     0.     0.     0.     0.0001 0.    ]
 [0.     0.     0.     0.     0.     0.     0.     0.0001]]
[0.302679, 0.366459, 0.403224, 0.488191, 0.512095, 0.537169, 0.563471, 0.591061, 0.620002, 0.65036, 0.715608, 0.787402, 0.866399, 0.953321, 1.0]
dict_keys([0.302679, 0.366459, 0.403224, 0.488191, 0.512095, 0.537169, 0.563471, 0.591061, 0.620002, 0.65036, 0.715608, 0.787402, 0.866399, 0.953321, 1.0])
prev {'d0': 1.9850048753071632, 'd1': -0.0002431440157293165, 'e0': 1.0575894418284548, 'e1': -0.06764672434331818, 'f0': 0.4330439014536746, 'f1': 0.14762469835367314, 'g0': 1.2430363149954662, 'g1': 0.06824061216939784}
Starting ML Fit
Box81_1400
       message: Optimization terminated successfully.
       success: True
        status: 0
           fun: 1664.9176660644707
             x: [ 2.004e+00 -2.778e-04  1.077e+00 -5.262e-02  4.138e-01
                  1.695e-01  1.237e+00  7.999e-02]
           nit: 608
          nfev: 910
 final_simplex: (array([[ 2.004e+00, -2.778e-04, ...,  1.237e+00,
                         7.999e-02],
                       [ 2.004e+00, -2.776e-04, ...,  1.237e+00,
                         7.999e-02],
                       ...,
                       [ 2.004e+00, -2.780e-04, ...,  1.237e+00,
                         7.999e-02],
                       [ 2.004e+00, -2.776e-04, ...,  1.237e+00,
                         7.996e-02]]), array([ 1.665e+03,  1.665e+03,  1.665e+03,  1.665e+03,
                        1.665e+03,  1.665e+03,  1.665e+03,  1.665e+03,
                        1.665e+03]))
   param_names: ['d0', 'd1', 'e0', 'e1', 'f0', 'f1', 'g0', 'g1']
[ 2.00412818e+00 -2.77841744e-04  1.07723324e+00 -5.26230720e-02
  4.13791627e-01  1.69487594e-01  1.23667700e+00  7.99910812e-02]
{'d0': 2.0041281836088145, 'd1': -0.0002778417444306865, 'e0': 1.0772332356919865, 'e1': -0.05262307198011833, 'f0': 0.41379162745704456, 'f1': 0.16948759433039562, 'g0': 1.2366769993154874, 'g1': 0.07999108120469617}
-------------------
{'d0': 2.0041281836088145, 'd1': -0.0002778417444306865, 'e0': 1.0772332356919865, 'e1': -0.05262307198011833, 'f0': 0.41379162745704456, 'f1': 0.16948759433039562, 'g0': 1.2366769993154874, 'g1': 0.07999108120469617}
Previous:  {'d0': 1.9850048753071632, 'd1': -0.0002431440157293165, 'e0': 1.0575894418284548, 'e1': -0.06764672434331818, 'f0': 0.4330439014536746, 'f1': 0.14762469835367314, 'g0': 1.2430363149954662, 'g1': 0.06824061216939784}
-------------------
