alist [1.0, 0.953321, 0.866399, 0.787402, 0.715608, 0.65036, 0.620002, 0.591061, 0.563471, 0.537169, 0.512095, 0.488191, 0.403224, 0.366459, 0.302679]
Curr: Box_n50_20_1400, Prev: Box_n50_46_1400
##############################


prev {'d': 2.0420990991101498, 'e': 0.9986204806389403, 'f': 0.5347213979697458, 'g': 1.2399219609443775}
Starting ML Fit
Box_n50_20_1400
       message: Optimization terminated successfully.
       success: True
        status: 0
           fun: 106.68229688184974
             x: [ 2.101e+00  9.972e-01  5.329e-01  1.234e+00]
           nit: 59
          nfev: 112
 final_simplex: (array([[ 2.101e+00,  9.972e-01,  5.329e-01,  1.234e+00],
                       [ 2.101e+00,  9.972e-01,  5.329e-01,  1.234e+00],
                       ...,
                       [ 2.101e+00,  9.972e-01,  5.329e-01,  1.234e+00],
                       [ 2.101e+00,  9.972e-01,  5.329e-01,  1.234e+00]]), array([ 1.067e+02,  1.067e+02,  1.067e+02,  1.067e+02,
                        1.067e+02]))
   param_names: ['d', 'e', 'f', 'g']
[2.10082969 0.99721758 0.5329279  1.23437867]
{'d': 2.100829686396077, 'e': 0.9972175764773229, 'f': 0.5329278976857355, 'g': 1.2343786746199576}
Previous:  {'d': 2.0420990991101498, 'e': 0.9986204806389403, 'f': 0.5347213979697458, 'g': 1.2399219609443775}


##############################


asserting exponential supression start at lower masses
prev {'d': 2.100829686396077, 'e': 0.9972175764773229, 'f': 0.5329278976857355, 'g': 1.2343786746199576}
Starting ML Fit
Box_n50_20_1400
       message: Optimization terminated successfully.
       success: True
        status: 0
           fun: 104.53649903760036
             x: [ 2.110e+00  9.929e-01  5.266e-01  1.234e+00]
           nit: 123
          nfev: 222
 final_simplex: (array([[ 2.110e+00,  9.929e-01,  5.266e-01,  1.234e+00],
                       [ 2.110e+00,  9.929e-01,  5.266e-01,  1.234e+00],
                       ...,
                       [ 2.110e+00,  9.929e-01,  5.266e-01,  1.234e+00],
                       [ 2.110e+00,  9.929e-01,  5.266e-01,  1.234e+00]]), array([ 1.045e+02,  1.045e+02,  1.045e+02,  1.045e+02,
                        1.045e+02]))
   param_names: ['d', 'e', 'f', 'g']
[2.11040849 0.99290349 0.5265816  1.23437872]
{'d': 2.1104084863304924, 'e': 0.9929034868157018, 'f': 0.5265815987035429, 'g': 1.2343787174094725}
Previous:  {'d': 2.100829686396077, 'e': 0.9972175764773229, 'f': 0.5329278976857355, 'g': 1.2343786746199576}


##############################


asserting exponential supression start at lower masses
prev {'d': 2.1104084863304924, 'e': 0.9929034868157018, 'f': 0.5265815987035429, 'g': 1.2343787174094725}
Starting ML Fit
Box_n50_20_1400
       message: Optimization terminated successfully.
       success: True
        status: 0
           fun: 102.54637354418179
             x: [ 2.127e+00  9.862e-01  5.141e-01  1.234e+00]
           nit: 103
          nfev: 190
 final_simplex: (array([[ 2.127e+00,  9.862e-01,  5.141e-01,  1.234e+00],
                       [ 2.127e+00,  9.862e-01,  5.141e-01,  1.234e+00],
                       ...,
                       [ 2.127e+00,  9.862e-01,  5.141e-01,  1.234e+00],
                       [ 2.126e+00,  9.863e-01,  5.140e-01,  1.234e+00]]), array([ 1.025e+02,  1.025e+02,  1.025e+02,  1.025e+02,
                        1.025e+02]))
   param_names: ['d', 'e', 'f', 'g']
[2.12650223 0.9861864  0.51406209 1.23437911]
{'d': 2.126502232135062, 'e': 0.9861864012332096, 'f': 0.5140620925304089, 'g': 1.234379110490638}
Previous:  {'d': 2.1104084863304924, 'e': 0.9929034868157018, 'f': 0.5265815987035429, 'g': 1.2343787174094725}


##############################


asserting exponential supression start at lower masses
prev {'d': 2.126502232135062, 'e': 0.9861864012332096, 'f': 0.5140620925304089, 'g': 1.234379110490638}
Starting ML Fit
Box_n50_20_1400
       message: Optimization terminated successfully.
       success: True
        status: 0
           fun: 97.62616561340144
             x: [ 2.145e+00  9.797e-01  5.026e-01  1.234e+00]
           nit: 130
          nfev: 228
 final_simplex: (array([[ 2.145e+00,  9.797e-01,  5.026e-01,  1.234e+00],
                       [ 2.145e+00,  9.798e-01,  5.026e-01,  1.234e+00],
                       ...,
                       [ 2.145e+00,  9.798e-01,  5.026e-01,  1.234e+00],
                       [ 2.145e+00,  9.798e-01,  5.026e-01,  1.234e+00]]), array([ 9.763e+01,  9.763e+01,  9.763e+01,  9.763e+01,
                        9.763e+01]))
   param_names: ['d', 'e', 'f', 'g']
[2.14534315 0.97972152 0.50258233 1.23437984]
{'d': 2.145343149598233, 'e': 0.9797215174607851, 'f': 0.5025823288542683, 'g': 1.2343798374225348}
Previous:  {'d': 2.126502232135062, 'e': 0.9861864012332096, 'f': 0.5140620925304089, 'g': 1.234379110490638}


##############################


asserting exponential supression start at lower masses
prev {'d': 2.145343149598233, 'e': 0.9797215174607851, 'f': 0.5025823288542683, 'g': 1.2343798374225348}
Starting ML Fit
Box_n50_20_1400
       message: Optimization terminated successfully.
       success: True
        status: 0
           fun: 90.61982322666907
             x: [ 2.175e+00  9.740e-01  4.917e-01  1.234e+00]
           nit: 107
          nfev: 193
 final_simplex: (array([[ 2.175e+00,  9.740e-01,  4.917e-01,  1.234e+00],
                       [ 2.175e+00,  9.740e-01,  4.917e-01,  1.234e+00],
                       ...,
                       [ 2.175e+00,  9.740e-01,  4.917e-01,  1.234e+00],
                       [ 2.175e+00,  9.740e-01,  4.917e-01,  1.234e+00]]), array([ 9.062e+01,  9.062e+01,  9.062e+01,  9.062e+01,
                        9.062e+01]))
   param_names: ['d', 'e', 'f', 'g']
[2.17520134 0.9739862  0.49169795 1.23438029]
{'d': 2.17520133585348, 'e': 0.9739862043901448, 'f': 0.4916979510130497, 'g': 1.2343802873437717}
Previous:  {'d': 2.145343149598233, 'e': 0.9797215174607851, 'f': 0.5025823288542683, 'g': 1.2343798374225348}


##############################


asserting exponential supression start at lower masses
prev {'d': 2.17520133585348, 'e': 0.9739862043901448, 'f': 0.4916979510130497, 'g': 1.2343802873437717}
Starting ML Fit
Box_n50_20_1400
       message: Optimization terminated successfully.
       success: True
        status: 0
           fun: 84.786683971315
             x: [ 2.195e+00  9.689e-01  4.814e-01  1.234e+00]
           nit: 177
          nfev: 311
 final_simplex: (array([[ 2.195e+00,  9.689e-01,  4.814e-01,  1.234e+00],
                       [ 2.195e+00,  9.688e-01,  4.814e-01,  1.234e+00],
                       ...,
                       [ 2.195e+00,  9.688e-01,  4.814e-01,  1.234e+00],
                       [ 2.195e+00,  9.689e-01,  4.814e-01,  1.234e+00]]), array([ 8.479e+01,  8.479e+01,  8.479e+01,  8.479e+01,
                        8.479e+01]))
   param_names: ['d', 'e', 'f', 'g']
[2.19505658 0.96885103 0.48142393 1.23438032]
{'d': 2.195056580587822, 'e': 0.9688510319736483, 'f': 0.48142393029022207, 'g': 1.2343803181452802}
Previous:  {'d': 2.17520133585348, 'e': 0.9739862043901448, 'f': 0.4916979510130497, 'g': 1.2343802873437717}


##############################


asserting exponential supression start at lower masses
prev {'d': 2.195056580587822, 'e': 0.9688510319736483, 'f': 0.48142393029022207, 'g': 1.2343803181452802}
Starting ML Fit
Box_n50_20_1400
       message: Optimization terminated successfully.
       success: True
        status: 0
           fun: 82.40630494373684
             x: [ 2.206e+00  9.659e-01  4.772e-01  1.234e+00]
           nit: 120
          nfev: 216
 final_simplex: (array([[ 2.206e+00,  9.659e-01,  4.772e-01,  1.234e+00],
                       [ 2.206e+00,  9.659e-01,  4.772e-01,  1.234e+00],
                       ...,
                       [ 2.206e+00,  9.659e-01,  4.772e-01,  1.234e+00],
                       [ 2.206e+00,  9.659e-01,  4.772e-01,  1.234e+00]]), array([ 8.241e+01,  8.241e+01,  8.241e+01,  8.241e+01,
                        8.241e+01]))
   param_names: ['d', 'e', 'f', 'g']
[2.20640187 0.96587536 0.47718624 1.2343813 ]
{'d': 2.2064018698811463, 'e': 0.9658753550129391, 'f': 0.4771862367256968, 'g': 1.2343812987747855}
Previous:  {'d': 2.195056580587822, 'e': 0.9688510319736483, 'f': 0.48142393029022207, 'g': 1.2343803181452802}


##############################


asserting exponential supression start at lower masses
prev {'d': 2.2064018698811463, 'e': 0.9658753550129391, 'f': 0.4771862367256968, 'g': 1.2343812987747855}
Starting ML Fit
Box_n50_20_1400
       message: Optimization terminated successfully.
       success: True
        status: 0
           fun: 79.72942047663766
             x: [ 2.227e+00  9.630e-01  4.724e-01  1.234e+00]
           nit: 131
          nfev: 224
 final_simplex: (array([[ 2.227e+00,  9.630e-01,  4.724e-01,  1.234e+00],
                       [ 2.227e+00,  9.629e-01,  4.724e-01,  1.234e+00],
                       ...,
                       [ 2.227e+00,  9.630e-01,  4.724e-01,  1.234e+00],
                       [ 2.227e+00,  9.630e-01,  4.724e-01,  1.234e+00]]), array([ 7.973e+01,  7.973e+01,  7.973e+01,  7.973e+01,
                        7.973e+01]))
   param_names: ['d', 'e', 'f', 'g']
[2.22686564 0.96296191 0.47236181 1.2343813 ]
{'d': 2.226865636860019, 'e': 0.962961912404011, 'f': 0.4723618080557819, 'g': 1.2343813012728249}
Previous:  {'d': 2.2064018698811463, 'e': 0.9658753550129391, 'f': 0.4771862367256968, 'g': 1.2343812987747855}


##############################


asserting exponential supression start at lower masses
prev {'d': 2.226865636860019, 'e': 0.962961912404011, 'f': 0.4723618080557819, 'g': 1.2343813012728249}
Starting ML Fit
Box_n50_20_1400
       message: Optimization terminated successfully.
       success: True
        status: 0
           fun: 75.95481536021819
             x: [ 2.237e+00  9.604e-01  4.686e-01  1.234e+00]
           nit: 115
          nfev: 199
 final_simplex: (array([[ 2.237e+00,  9.604e-01,  4.686e-01,  1.234e+00],
                       [ 2.237e+00,  9.604e-01,  4.686e-01,  1.234e+00],
                       ...,
                       [ 2.237e+00,  9.605e-01,  4.686e-01,  1.234e+00],
                       [ 2.237e+00,  9.604e-01,  4.686e-01,  1.234e+00]]), array([ 7.595e+01,  7.595e+01,  7.595e+01,  7.595e+01,
                        7.595e+01]))
   param_names: ['d', 'e', 'f', 'g']
[2.2373218  0.96044732 0.46860591 1.2343813 ]
{'d': 2.2373218016514294, 'e': 0.9604473219536851, 'f': 0.46860590588879386, 'g': 1.2343813033518796}
Previous:  {'d': 2.226865636860019, 'e': 0.962961912404011, 'f': 0.4723618080557819, 'g': 1.2343813012728249}


##############################


asserting exponential supression start at lower masses
prev {'d': 2.2373218016514294, 'e': 0.9604473219536851, 'f': 0.46860590588879386, 'g': 1.2343813033518796}
Starting ML Fit
Box_n50_20_1400
       message: Optimization terminated successfully.
       success: True
        status: 0
           fun: 72.2804375687038
             x: [ 2.252e+00  9.579e-01  4.646e-01  1.234e+00]
           nit: 124
          nfev: 214
 final_simplex: (array([[ 2.252e+00,  9.579e-01,  4.646e-01,  1.234e+00],
                       [ 2.252e+00,  9.580e-01,  4.646e-01,  1.234e+00],
                       ...,
                       [ 2.252e+00,  9.580e-01,  4.646e-01,  1.234e+00],
                       [ 2.252e+00,  9.580e-01,  4.646e-01,  1.234e+00]]), array([ 7.228e+01,  7.228e+01,  7.228e+01,  7.228e+01,
                        7.228e+01]))
   param_names: ['d', 'e', 'f', 'g']
[2.25201371 0.95792577 0.46464864 1.23438275]
{'d': 2.252013714430971, 'e': 0.9579257678905855, 'f': 0.46464864265019734, 'g': 1.2343827472030036}
Previous:  {'d': 2.2373218016514294, 'e': 0.9604473219536851, 'f': 0.46860590588879386, 'g': 1.2343813033518796}


##############################


asserting exponential supression start at lower masses
prev {'d': 2.252013714430971, 'e': 0.9579257678905855, 'f': 0.46464864265019734, 'g': 1.2343827472030036}
Starting ML Fit
Box_n50_20_1400
       message: Optimization terminated successfully.
       success: True
        status: 0
           fun: 74.78712376166882
             x: [ 2.272e+00  9.555e-01  4.602e-01  1.234e+00]
           nit: 124
          nfev: 212
 final_simplex: (array([[ 2.272e+00,  9.555e-01,  4.602e-01,  1.234e+00],
                       [ 2.272e+00,  9.555e-01,  4.602e-01,  1.234e+00],
                       ...,
                       [ 2.272e+00,  9.555e-01,  4.602e-01,  1.234e+00],
                       [ 2.272e+00,  9.555e-01,  4.602e-01,  1.234e+00]]), array([ 7.479e+01,  7.479e+01,  7.479e+01,  7.479e+01,
                        7.479e+01]))
   param_names: ['d', 'e', 'f', 'g']
[2.27165187 0.95553386 0.46022513 1.23438307]
{'d': 2.271651866982057, 'e': 0.9555338634606929, 'f': 0.46022512702211493, 'g': 1.234383069982015}
Previous:  {'d': 2.252013714430971, 'e': 0.9579257678905855, 'f': 0.46464864265019734, 'g': 1.2343827472030036}


##############################


asserting exponential supression start at lower masses
prev {'d': 2.271651866982057, 'e': 0.9555338634606929, 'f': 0.46022512702211493, 'g': 1.234383069982015}
Starting ML Fit
Box_n50_20_1400
       message: Optimization terminated successfully.
       success: True
        status: 0
           fun: 68.145703662033
             x: [ 2.299e+00  9.533e-01  4.551e-01  1.234e+00]
           nit: 91
          nfev: 166
 final_simplex: (array([[ 2.299e+00,  9.533e-01,  4.551e-01,  1.234e+00],
                       [ 2.299e+00,  9.534e-01,  4.550e-01,  1.234e+00],
                       ...,
                       [ 2.299e+00,  9.534e-01,  4.551e-01,  1.234e+00],
                       [ 2.299e+00,  9.534e-01,  4.551e-01,  1.234e+00]]), array([ 6.815e+01,  6.815e+01,  6.815e+01,  6.815e+01,
                        6.815e+01]))
   param_names: ['d', 'e', 'f', 'g']
[2.29863341 0.95333431 0.45505428 1.23438324]
{'d': 2.2986334056721374, 'e': 0.9533343082883562, 'f': 0.4550542814895914, 'g': 1.2343832377393862}
Previous:  {'d': 2.271651866982057, 'e': 0.9555338634606929, 'f': 0.46022512702211493, 'g': 1.234383069982015}


##############################


asserting exponential supression start at lower masses
prev {'d': 2.2986334056721374, 'e': 0.9533343082883562, 'f': 0.4550542814895914, 'g': 1.2343832377393862}
Starting ML Fit
Box_n50_20_1400
       message: Optimization terminated successfully.
       success: True
        status: 0
           fun: 55.434426936962936
             x: [ 2.322e+00  9.487e-01  4.442e-01  1.234e+00]
           nit: 137
          nfev: 233
 final_simplex: (array([[ 2.322e+00,  9.487e-01,  4.442e-01,  1.234e+00],
                       [ 2.322e+00,  9.487e-01,  4.442e-01,  1.234e+00],
                       ...,
                       [ 2.322e+00,  9.488e-01,  4.442e-01,  1.234e+00],
                       [ 2.322e+00,  9.487e-01,  4.442e-01,  1.234e+00]]), array([ 5.543e+01,  5.543e+01,  5.543e+01,  5.543e+01,
                        5.543e+01]))
   param_names: ['d', 'e', 'f', 'g']
[2.32207881 0.94873979 0.4442001  1.23438372]
{'d': 2.3220788126970238, 'e': 0.9487397888746489, 'f': 0.44420009692729834, 'g': 1.2343837191691085}
Previous:  {'d': 2.2986334056721374, 'e': 0.9533343082883562, 'f': 0.4550542814895914, 'g': 1.2343832377393862}


##############################


asserting exponential supression start at lower masses
prev {'d': 2.3220788126970238, 'e': 0.9487397888746489, 'f': 0.44420009692729834, 'g': 1.2343837191691085}
Starting ML Fit
Box_n50_20_1400
       message: Optimization terminated successfully.
       success: True
        status: 0
           fun: 45.16208037372538
             x: [ 2.341e+00  9.464e-01  4.388e-01  1.234e+00]
           nit: 146
          nfev: 259
 final_simplex: (array([[ 2.341e+00,  9.464e-01,  4.388e-01,  1.234e+00],
                       [ 2.342e+00,  9.464e-01,  4.388e-01,  1.234e+00],
                       ...,
                       [ 2.342e+00,  9.465e-01,  4.388e-01,  1.234e+00],
                       [ 2.341e+00,  9.465e-01,  4.388e-01,  1.234e+00]]), array([ 4.516e+01,  4.516e+01,  4.516e+01,  4.516e+01,
                        4.516e+01]))
   param_names: ['d', 'e', 'f', 'g']
[2.34148365 0.94642863 0.4388152  1.23438398]
{'d': 2.341483650933757, 'e': 0.9464286326265123, 'f': 0.43881520401069984, 'g': 1.234383975012415}
Previous:  {'d': 2.3220788126970238, 'e': 0.9487397888746489, 'f': 0.44420009692729834, 'g': 1.2343837191691085}


##############################


asserting exponential supression start at lower masses
prev {'d': 2.341483650933757, 'e': 0.9464286326265123, 'f': 0.43881520401069984, 'g': 1.234383975012415}
Starting ML Fit
Box_n50_20_1400
       message: Optimization terminated successfully.
       success: True
        status: 0
           fun: 35.23915726267809
             x: [ 2.399e+00  9.396e-01  4.236e-01  1.234e+00]
           nit: 151
          nfev: 254
 final_simplex: (array([[ 2.399e+00,  9.396e-01,  4.236e-01,  1.234e+00],
                       [ 2.399e+00,  9.396e-01,  4.236e-01,  1.234e+00],
                       ...,
                       [ 2.399e+00,  9.396e-01,  4.236e-01,  1.234e+00],
                       [ 2.399e+00,  9.396e-01,  4.236e-01,  1.234e+00]]), array([ 3.524e+01,  3.524e+01,  3.524e+01,  3.524e+01,
                        3.524e+01]))
   param_names: ['d', 'e', 'f', 'g']
[2.39887347 0.93964192 0.42356119 1.234384  ]
{'d': 2.398873473698547, 'e': 0.9396419237811672, 'f': 0.4235611927220776, 'g': 1.2343839963745695}
Previous:  {'d': 2.341483650933757, 'e': 0.9464286326265123, 'f': 0.43881520401069984, 'g': 1.234383975012415}


