alist [1.0, 0.953321, 0.866399, 0.787402, 0.715608, 0.65036, 0.620002, 0.591061, 0.563471, 0.537169, 0.512095, 0.488191, 0.403224, 0.366459, 0.302679]
Curr: Box_n50_43_1400, Prev: Box_n50_44_1400
##############################


prev {'d': 0.4336008496637178, 'e': 0.30230066468207695, 'f': 1.634545491007533, 'g': 1.182714208063192}
Starting ML Fit
Box_n50_43_1400
       message: Optimization terminated successfully.
       success: True
        status: 0
           fun: 107.81912083485608
             x: [ 4.372e-01  3.038e-01  1.633e+00  1.185e+00]
           nit: 64
          nfev: 114
 final_simplex: (array([[ 4.372e-01,  3.038e-01,  1.633e+00,  1.185e+00],
                       [ 4.372e-01,  3.038e-01,  1.632e+00,  1.185e+00],
                       ...,
                       [ 4.372e-01,  3.038e-01,  1.633e+00,  1.185e+00],
                       [ 4.372e-01,  3.038e-01,  1.633e+00,  1.185e+00]]), array([ 1.078e+02,  1.078e+02,  1.078e+02,  1.078e+02,
                        1.078e+02]))
   param_names: ['d', 'e', 'f', 'g']
[0.43717908 0.30375739 1.63255929 1.18508475]
{'d': 0.4371790756660823, 'e': 0.30375739136273006, 'f': 1.6325592934204116, 'g': 1.1850847539545493}
Previous:  {'d': 0.4336008496637178, 'e': 0.30230066468207695, 'f': 1.634545491007533, 'g': 1.182714208063192}


##############################


prev {'d': 0.4371790756660823, 'e': 0.30375739136273006, 'f': 1.6325592934204116, 'g': 1.1850847539545493}
Starting ML Fit
Box_n50_43_1400
       message: Optimization terminated successfully.
       success: True
        status: 0
           fun: 102.90293902336414
             x: [ 4.311e-01  3.050e-01  1.631e+00  1.184e+00]
           nit: 58
          nfev: 105
 final_simplex: (array([[ 4.311e-01,  3.050e-01,  1.631e+00,  1.184e+00],
                       [ 4.311e-01,  3.049e-01,  1.631e+00,  1.184e+00],
                       ...,
                       [ 4.311e-01,  3.050e-01,  1.631e+00,  1.184e+00],
                       [ 4.311e-01,  3.049e-01,  1.631e+00,  1.184e+00]]), array([ 1.029e+02,  1.029e+02,  1.029e+02,  1.029e+02,
                        1.029e+02]))
   param_names: ['d', 'e', 'f', 'g']
[0.43108771 0.30495482 1.63098827 1.18358515]
{'d': 0.431087713580218, 'e': 0.30495481867858454, 'f': 1.6309882683582464, 'g': 1.1835851482060782}
Previous:  {'d': 0.4371790756660823, 'e': 0.30375739136273006, 'f': 1.6325592934204116, 'g': 1.1850847539545493}


##############################


prev {'d': 0.431087713580218, 'e': 0.30495481867858454, 'f': 1.6309882683582464, 'g': 1.1835851482060782}
Starting ML Fit
Box_n50_43_1400
       message: Optimization terminated successfully.
       success: True
        status: 0
           fun: 99.21146537650259
             x: [ 4.188e-01  3.060e-01  1.630e+00  1.182e+00]
           nit: 73
          nfev: 128
 final_simplex: (array([[ 4.188e-01,  3.060e-01,  1.630e+00,  1.182e+00],
                       [ 4.188e-01,  3.060e-01,  1.629e+00,  1.182e+00],
                       ...,
                       [ 4.188e-01,  3.061e-01,  1.629e+00,  1.182e+00],
                       [ 4.188e-01,  3.060e-01,  1.629e+00,  1.182e+00]]), array([ 9.921e+01,  9.921e+01,  9.921e+01,  9.921e+01,
                        9.921e+01]))
   param_names: ['d', 'e', 'f', 'g']
[0.41883097 0.30601161 1.62954641 1.18191925]
{'d': 0.4188309749594237, 'e': 0.30601160893016643, 'f': 1.6295464051188187, 'g': 1.1819192470806197}
Previous:  {'d': 0.431087713580218, 'e': 0.30495481867858454, 'f': 1.6309882683582464, 'g': 1.1835851482060782}


##############################


prev {'d': 0.4188309749594237, 'e': 0.30601160893016643, 'f': 1.6295464051188187, 'g': 1.1819192470806197}
Starting ML Fit
Box_n50_43_1400
       message: Optimization terminated successfully.
       success: True
        status: 0
           fun: 88.9174812962264
             x: [ 4.063e-01  3.065e-01  1.629e+00  1.175e+00]
           nit: 81
          nfev: 148
 final_simplex: (array([[ 4.063e-01,  3.065e-01,  1.629e+00,  1.175e+00],
                       [ 4.063e-01,  3.065e-01,  1.629e+00,  1.175e+00],
                       ...,
                       [ 4.063e-01,  3.065e-01,  1.629e+00,  1.175e+00],
                       [ 4.063e-01,  3.065e-01,  1.629e+00,  1.175e+00]]), array([ 8.892e+01,  8.892e+01,  8.892e+01,  8.892e+01,
                        8.892e+01]))
   param_names: ['d', 'e', 'f', 'g']
[0.40628493 0.30653534 1.62879847 1.1751019 ]
{'d': 0.4062849260519432, 'e': 0.3065353389841291, 'f': 1.6287984747708641, 'g': 1.1751019036842765}
Previous:  {'d': 0.4188309749594237, 'e': 0.30601160893016643, 'f': 1.6295464051188187, 'g': 1.1819192470806197}


##############################


prev {'d': 0.4062849260519432, 'e': 0.3065353389841291, 'f': 1.6287984747708641, 'g': 1.1751019036842765}
Starting ML Fit
Box_n50_43_1400
       message: Optimization terminated successfully.
       success: True
        status: 0
           fun: 85.95009599482499
             x: [ 3.963e-01  3.068e-01  1.628e+00  1.174e+00]
           nit: 83
          nfev: 146
 final_simplex: (array([[ 3.963e-01,  3.068e-01,  1.628e+00,  1.174e+00],
                       [ 3.963e-01,  3.068e-01,  1.628e+00,  1.174e+00],
                       ...,
                       [ 3.963e-01,  3.068e-01,  1.628e+00,  1.174e+00],
                       [ 3.963e-01,  3.068e-01,  1.628e+00,  1.174e+00]]), array([ 8.595e+01,  8.595e+01,  8.595e+01,  8.595e+01,
                        8.595e+01]))
   param_names: ['d', 'e', 'f', 'g']
[0.39628885 0.30683356 1.62845526 1.17361095]
{'d': 0.39628884865371306, 'e': 0.30683355744201546, 'f': 1.628455260409096, 'g': 1.173610953595602}
Previous:  {'d': 0.4062849260519432, 'e': 0.3065353389841291, 'f': 1.6287984747708641, 'g': 1.1751019036842765}


##############################


prev {'d': 0.39628884865371306, 'e': 0.30683355744201546, 'f': 1.628455260409096, 'g': 1.173610953595602}
Starting ML Fit
Box_n50_43_1400
       message: Optimization terminated successfully.
       success: True
        status: 0
           fun: 89.59864656044172
             x: [ 3.869e-01  3.072e-01  1.628e+00  1.171e+00]
           nit: 68
          nfev: 124
 final_simplex: (array([[ 3.869e-01,  3.072e-01,  1.628e+00,  1.171e+00],
                       [ 3.869e-01,  3.073e-01,  1.628e+00,  1.171e+00],
                       ...,
                       [ 3.869e-01,  3.072e-01,  1.628e+00,  1.171e+00],
                       [ 3.869e-01,  3.073e-01,  1.628e+00,  1.171e+00]]), array([ 8.960e+01,  8.960e+01,  8.960e+01,  8.960e+01,
                        8.960e+01]))
   param_names: ['d', 'e', 'f', 'g']
[0.38689947 0.3072117  1.62791994 1.17132936]
{'d': 0.38689946970981903, 'e': 0.30721169945116045, 'f': 1.6279199387735204, 'g': 1.1713293620377931}
Previous:  {'d': 0.39628884865371306, 'e': 0.30683355744201546, 'f': 1.628455260409096, 'g': 1.173610953595602}


##############################


prev {'d': 0.38689946970981903, 'e': 0.30721169945116045, 'f': 1.6279199387735204, 'g': 1.1713293620377931}
Starting ML Fit
Box_n50_43_1400
       message: Optimization terminated successfully.
       success: True
        status: 0
           fun: 81.37140644859095
             x: [ 3.828e-01  3.075e-01  1.627e+00  1.170e+00]
           nit: 56
          nfev: 104
 final_simplex: (array([[ 3.828e-01,  3.075e-01,  1.627e+00,  1.170e+00],
                       [ 3.827e-01,  3.075e-01,  1.627e+00,  1.170e+00],
                       ...,
                       [ 3.827e-01,  3.075e-01,  1.627e+00,  1.170e+00],
                       [ 3.828e-01,  3.075e-01,  1.627e+00,  1.170e+00]]), array([ 8.137e+01,  8.137e+01,  8.137e+01,  8.137e+01,
                        8.137e+01]))
   param_names: ['d', 'e', 'f', 'g']
[0.3827545  0.30753541 1.62742459 1.17028549]
{'d': 0.38275449600335826, 'e': 0.30753540883695496, 'f': 1.6274245869422725, 'g': 1.1702854851497382}
Previous:  {'d': 0.38689946970981903, 'e': 0.30721169945116045, 'f': 1.6279199387735204, 'g': 1.1713293620377931}


##############################


prev {'d': 0.38275449600335826, 'e': 0.30753540883695496, 'f': 1.6274245869422725, 'g': 1.1702854851497382}
Starting ML Fit
Box_n50_43_1400
       message: Optimization terminated successfully.
       success: True
        status: 0
           fun: 80.4868386636937
             x: [ 3.792e-01  3.078e-01  1.627e+00  1.170e+00]
           nit: 56
          nfev: 105
 final_simplex: (array([[ 3.792e-01,  3.078e-01,  1.627e+00,  1.170e+00],
                       [ 3.792e-01,  3.079e-01,  1.627e+00,  1.170e+00],
                       ...,
                       [ 3.792e-01,  3.078e-01,  1.627e+00,  1.170e+00],
                       [ 3.792e-01,  3.078e-01,  1.627e+00,  1.170e+00]]), array([ 8.049e+01,  8.049e+01,  8.049e+01,  8.049e+01,
                        8.049e+01]))
   param_names: ['d', 'e', 'f', 'g']
[0.37918567 0.30779949 1.62691819 1.16958976]
{'d': 0.3791856698796986, 'e': 0.30779948779406674, 'f': 1.626918194165822, 'g': 1.1695897645686044}
Previous:  {'d': 0.38275449600335826, 'e': 0.30753540883695496, 'f': 1.6274245869422725, 'g': 1.1702854851497382}


##############################


prev {'d': 0.3791856698796986, 'e': 0.30779948779406674, 'f': 1.626918194165822, 'g': 1.1695897645686044}
Starting ML Fit
Box_n50_43_1400
       message: Optimization terminated successfully.
       success: True
        status: 0
           fun: 83.47656028732729
             x: [ 3.761e-01  3.082e-01  1.626e+00  1.170e+00]
           nit: 57
          nfev: 107
 final_simplex: (array([[ 3.761e-01,  3.082e-01,  1.626e+00,  1.170e+00],
                       [ 3.761e-01,  3.082e-01,  1.626e+00,  1.170e+00],
                       ...,
                       [ 3.761e-01,  3.082e-01,  1.626e+00,  1.169e+00],
                       [ 3.761e-01,  3.081e-01,  1.626e+00,  1.170e+00]]), array([ 8.348e+01,  8.348e+01,  8.348e+01,  8.348e+01,
                        8.348e+01]))
   param_names: ['d', 'e', 'f', 'g']
[0.37611035 0.30817882 1.62625399 1.16954769]
{'d': 0.3761103450027537, 'e': 0.3081788224289949, 'f': 1.626253992625049, 'g': 1.1695476909314173}
Previous:  {'d': 0.3791856698796986, 'e': 0.30779948779406674, 'f': 1.626918194165822, 'g': 1.1695897645686044}


##############################


prev {'d': 0.3761103450027537, 'e': 0.3081788224289949, 'f': 1.626253992625049, 'g': 1.1695476909314173}
Starting ML Fit
Box_n50_43_1400
       message: Optimization terminated successfully.
       success: True
        status: 0
           fun: 81.12411453043606
             x: [ 3.706e-01  3.083e-01  1.626e+00  1.165e+00]
           nit: 58
          nfev: 107
 final_simplex: (array([[ 3.706e-01,  3.083e-01,  1.626e+00,  1.165e+00],
                       [ 3.706e-01,  3.084e-01,  1.626e+00,  1.165e+00],
                       ...,
                       [ 3.706e-01,  3.082e-01,  1.626e+00,  1.165e+00],
                       [ 3.706e-01,  3.083e-01,  1.626e+00,  1.165e+00]]), array([ 8.112e+01,  8.112e+01,  8.112e+01,  8.112e+01,
                        8.112e+01]))
   param_names: ['d', 'e', 'f', 'g']
[0.37060702 0.30831661 1.62605932 1.16514986]
{'d': 0.3706070199781513, 'e': 0.3083166070869877, 'f': 1.6260593176021714, 'g': 1.1651498574234156}
Previous:  {'d': 0.3761103450027537, 'e': 0.3081788224289949, 'f': 1.626253992625049, 'g': 1.1695476909314173}


##############################


prev {'d': 0.3706070199781513, 'e': 0.3083166070869877, 'f': 1.6260593176021714, 'g': 1.1651498574234156}
Starting ML Fit
Box_n50_43_1400
       message: Optimization terminated successfully.
       success: True
        status: 0
           fun: 71.23016203054397
             x: [ 3.663e-01  3.083e-01  1.626e+00  1.163e+00]
           nit: 51
          nfev: 98
 final_simplex: (array([[ 3.663e-01,  3.083e-01,  1.626e+00,  1.163e+00],
                       [ 3.663e-01,  3.083e-01,  1.626e+00,  1.163e+00],
                       ...,
                       [ 3.663e-01,  3.084e-01,  1.626e+00,  1.163e+00],
                       [ 3.663e-01,  3.084e-01,  1.626e+00,  1.163e+00]]), array([ 7.123e+01,  7.123e+01,  7.123e+01,  7.123e+01,
                        7.123e+01]))
   param_names: ['d', 'e', 'f', 'g']
[0.36633569 0.3083052  1.62607418 1.16294574]
{'d': 0.3663356901891483, 'e': 0.3083052036024042, 'f': 1.6260741758090385, 'g': 1.1629457356894815}
Previous:  {'d': 0.3706070199781513, 'e': 0.3083166070869877, 'f': 1.6260593176021714, 'g': 1.1651498574234156}


##############################


prev {'d': 0.3663356901891483, 'e': 0.3083052036024042, 'f': 1.6260741758090385, 'g': 1.1629457356894815}
Starting ML Fit
Box_n50_43_1400
       message: Optimization terminated successfully.
       success: True
        status: 0
           fun: 65.13715528392254
             x: [ 3.625e-01  3.082e-01  1.626e+00  1.161e+00]
           nit: 59
          nfev: 109
 final_simplex: (array([[ 3.625e-01,  3.082e-01,  1.626e+00,  1.161e+00],
                       [ 3.625e-01,  3.082e-01,  1.626e+00,  1.161e+00],
                       ...,
                       [ 3.625e-01,  3.082e-01,  1.626e+00,  1.161e+00],
                       [ 3.625e-01,  3.081e-01,  1.626e+00,  1.161e+00]]), array([ 6.514e+01,  6.514e+01,  6.514e+01,  6.514e+01,
                        6.514e+01]))
   param_names: ['d', 'e', 'f', 'g']
[0.36247945 0.3081971  1.6263339  1.16076454]
{'d': 0.36247945190568165, 'e': 0.30819709790111316, 'f': 1.6263338966735457, 'g': 1.1607645389611871}
Previous:  {'d': 0.3663356901891483, 'e': 0.3083052036024042, 'f': 1.6260741758090385, 'g': 1.1629457356894815}


##############################


prev {'d': 0.36247945190568165, 'e': 0.30819709790111316, 'f': 1.6263338966735457, 'g': 1.1607645389611871}
Starting ML Fit
Box_n50_43_1400
       message: Optimization terminated successfully.
       success: True
        status: 0
           fun: 54.024948243876025
             x: [ 3.520e-01  3.081e-01  1.627e+00  1.159e+00]
           nit: 67
          nfev: 124
 final_simplex: (array([[ 3.520e-01,  3.081e-01,  1.627e+00,  1.159e+00],
                       [ 3.520e-01,  3.081e-01,  1.627e+00,  1.159e+00],
                       ...,
                       [ 3.520e-01,  3.080e-01,  1.627e+00,  1.159e+00],
                       [ 3.520e-01,  3.081e-01,  1.627e+00,  1.159e+00]]), array([ 5.402e+01,  5.402e+01,  5.402e+01,  5.402e+01,
                        5.402e+01]))
   param_names: ['d', 'e', 'f', 'g']
[0.35201937 0.30806913 1.62669021 1.15862868]
{'d': 0.35201936796717415, 'e': 0.30806913387054913, 'f': 1.6266902137950257, 'g': 1.158628680982249}
Previous:  {'d': 0.36247945190568165, 'e': 0.30819709790111316, 'f': 1.6263338966735457, 'g': 1.1607645389611871}


##############################


prev {'d': 0.35201936796717415, 'e': 0.30806913387054913, 'f': 1.6266902137950257, 'g': 1.158628680982249}
Starting ML Fit
Box_n50_43_1400
       message: Optimization terminated successfully.
       success: True
        status: 0
           fun: 42.13495959677361
             x: [ 3.538e-01  3.081e-01  1.627e+00  1.163e+00]
           nit: 53
          nfev: 100
 final_simplex: (array([[ 3.538e-01,  3.081e-01,  1.627e+00,  1.163e+00],
                       [ 3.539e-01,  3.081e-01,  1.627e+00,  1.163e+00],
                       ...,
                       [ 3.538e-01,  3.080e-01,  1.627e+00,  1.163e+00],
                       [ 3.538e-01,  3.081e-01,  1.627e+00,  1.163e+00]]), array([ 4.213e+01,  4.213e+01,  4.213e+01,  4.213e+01,
                        4.214e+01]))
   param_names: ['d', 'e', 'f', 'g']
[0.35381604 0.3081102  1.62669179 1.16331317]
{'d': 0.35381603774047166, 'e': 0.308110201911707, 'f': 1.626691790557944, 'g': 1.1633131742885223}
Previous:  {'d': 0.35201936796717415, 'e': 0.30806913387054913, 'f': 1.6266902137950257, 'g': 1.158628680982249}


##############################


prev {'d': 0.35381603774047166, 'e': 0.308110201911707, 'f': 1.626691790557944, 'g': 1.1633131742885223}
Starting ML Fit
Box_n50_43_1400
       message: Optimization terminated successfully.
       success: True
        status: 0
           fun: 30.159024276024404
             x: [ 3.525e-01  3.081e-01  1.627e+00  1.170e+00]
           nit: 71
          nfev: 122
 final_simplex: (array([[ 3.525e-01,  3.081e-01,  1.627e+00,  1.170e+00],
                       [ 3.525e-01,  3.081e-01,  1.627e+00,  1.170e+00],
                       ...,
                       [ 3.526e-01,  3.081e-01,  1.627e+00,  1.170e+00],
                       [ 3.524e-01,  3.080e-01,  1.627e+00,  1.170e+00]]), array([ 3.016e+01,  3.016e+01,  3.016e+01,  3.016e+01,
                        3.016e+01]))
   param_names: ['d', 'e', 'f', 'g']
[0.35250154 0.30814515 1.62670163 1.17023626]
{'d': 0.35250154161090197, 'e': 0.3081451501209119, 'f': 1.626701630920913, 'g': 1.1702362583038373}
Previous:  {'d': 0.35381603774047166, 'e': 0.308110201911707, 'f': 1.626691790557944, 'g': 1.1633131742885223}


