##############################


[0.302679, 0.366459, 0.403224, 0.488191, 0.512095, 0.537169, 0.563471, 0.591061, 0.620002, 0.65036, 0.715608, 0.787402, 0.866399, 0.953321, 1.0]
dict_keys([0.302679, 0.366459, 0.403224, 0.488191, 0.512095, 0.537169, 0.563471, 0.591061, 0.620002, 0.65036, 0.715608, 0.787402, 0.866399, 0.953321, 1.0])
prev {'d0': 2.2643953925517146, 'd1': -0.20784353483897647, 'e0': 0.9230284452779971, 'e1': 0.022548239621376642, 'f0': 0.43415112057395056, 'f1': 0.1424681998562055, 'g0': 1.2267985768156904, 'g1': 0.021483599113571422}
Starting ML Fit
Box70_1400
       message: Optimization terminated successfully.
       success: True
        status: 0
           fun: 1122.0506513746723
             x: [ 2.429e+00 -2.776e-01  9.421e-01  3.602e-02  4.130e-01
                  1.672e-01  1.236e+00  2.772e-02]
           nit: 844
          nfev: 1249
 final_simplex: (array([[ 2.429e+00, -2.776e-01, ...,  1.236e+00,
                         2.772e-02],
                       [ 2.429e+00, -2.775e-01, ...,  1.236e+00,
                         2.773e-02],
                       ...,
                       [ 2.429e+00, -2.776e-01, ...,  1.236e+00,
                         2.773e-02],
                       [ 2.429e+00, -2.775e-01, ...,  1.236e+00,
                         2.773e-02]]), array([ 1.122e+03,  1.122e+03,  1.122e+03,  1.122e+03,
                        1.122e+03,  1.122e+03,  1.122e+03,  1.122e+03,
                        1.122e+03]))
   param_names: ['d0', 'd1', 'e0', 'e1', 'f0', 'f1', 'g0', 'g1']
[ 2.42904245 -0.27756494  0.9421339   0.03602498  0.41301049  0.16719031
  1.23556634  0.02772352]
{'d0': 2.4290424520332916, 'd1': -0.2775649421411004, 'e0': 0.9421339031830612, 'e1': 0.0360249776119929, 'f0': 0.4130104941986361, 'f1': 0.16719031463991904, 'g0': 1.235566336664063, 'g1': 0.02772352088922205}
-------------------
{'d0': 2.4290424520332916, 'd1': -0.2775649421411004, 'e0': 0.9421339031830612, 'e1': 0.0360249776119929, 'f0': 0.4130104941986361, 'f1': 0.16719031463991904, 'g0': 1.235566336664063, 'g1': 0.02772352088922205}
Previous:  {'d0': 2.2643953925517146, 'd1': -0.20784353483897647, 'e0': 0.9230284452779971, 'e1': 0.022548239621376642, 'f0': 0.43415112057395056, 'f1': 0.1424681998562055, 'g0': 1.2267985768156904, 'g1': 0.021483599113571422}
-------------------
