##############################


[[0.01   0.     0.     0.     0.     0.     0.     0.    ]
 [0.     0.01   0.     0.     0.     0.     0.     0.    ]
 [0.     0.     0.001  0.     0.     0.     0.     0.    ]
 [0.     0.     0.     0.001  0.     0.     0.     0.    ]
 [0.     0.     0.     0.     0.0005 0.     0.     0.    ]
 [0.     0.     0.     0.     0.     0.0005 0.     0.    ]
 [0.     0.     0.     0.     0.     0.     0.0001 0.    ]
 [0.     0.     0.     0.     0.     0.     0.     0.0001]]
[0.302679, 0.366459, 0.403224, 0.488191, 0.512095, 0.537169, 0.563471, 0.591061, 0.620002, 0.65036, 0.715608, 0.787402, 0.866399, 0.953321, 1.0]
dict_keys([0.302679, 0.366459, 0.403224, 0.488191, 0.512095, 0.537169, 0.563471, 0.591061, 0.620002, 0.65036, 0.715608, 0.787402, 0.866399, 0.953321, 1.0])
prev {'d0': 2.0189633605608885, 'd1': 0.006761299603595962, 'e0': 0.9731774522015065, 'e1': -0.07430145795923526, 'f0': 0.4536195762690165, 'f1': 0.20345749264374938, 'g0': 1.2137774458011785, 'g1': 0.028984770239128835}
Starting ML Fit
Box_n50_15_1400
       message: Optimization terminated successfully.
       success: True
        status: 0
           fun: 1634.7787906722292
             x: [ 2.001e+00  1.560e-02  1.061e+00 -3.588e-02  4.170e-01
                  1.921e-01  1.220e+00  4.090e-02]
           nit: 641
          nfev: 958
 final_simplex: (array([[ 2.001e+00,  1.560e-02, ...,  1.220e+00,
                         4.090e-02],
                       [ 2.001e+00,  1.558e-02, ...,  1.220e+00,
                         4.087e-02],
                       ...,
                       [ 2.001e+00,  1.561e-02, ...,  1.220e+00,
                         4.089e-02],
                       [ 2.001e+00,  1.557e-02, ...,  1.220e+00,
                         4.090e-02]]), array([ 1.635e+03,  1.635e+03,  1.635e+03,  1.635e+03,
                        1.635e+03,  1.635e+03,  1.635e+03,  1.635e+03,
                        1.635e+03]))
   param_names: ['d0', 'd1', 'e0', 'e1', 'f0', 'f1', 'g0', 'g1']
[ 2.00078749  0.01559594  1.06110344 -0.03588383  0.41696145  0.19212967
  1.21980345  0.04089837]
{'d0': 2.000787491927124, 'd1': 0.015595937307964108, 'e0': 1.0611034438564144, 'e1': -0.035883828858622936, 'f0': 0.4169614461369606, 'f1': 0.19212966769697543, 'g0': 1.2198034462251601, 'g1': 0.04089837147175356}
-------------------
{'d0': 2.000787491927124, 'd1': 0.015595937307964108, 'e0': 1.0611034438564144, 'e1': -0.035883828858622936, 'f0': 0.4169614461369606, 'f1': 0.19212966769697543, 'g0': 1.2198034462251601, 'g1': 0.04089837147175356}
Previous:  {'d0': 2.0189633605608885, 'd1': 0.006761299603595962, 'e0': 0.9731774522015065, 'e1': -0.07430145795923526, 'f0': 0.4536195762690165, 'f1': 0.20345749264374938, 'g0': 1.2137774458011785, 'g1': 0.028984770239128835}
-------------------
