alist [1.0, 0.953321, 0.866399, 0.787402, 0.715608, 0.65036, 0.620002, 0.591061, 0.563471, 0.537169, 0.512095, 0.488191, 0.403224, 0.366459, 0.302679]
Curr: Box40_1400, Prev: Box_n50_8_1400
##############################


prev {'d': 2.117351196239538, 'e': 0.9975117086187015, 'f': 0.5192548396312433, 'g': 1.2459266136593938}
Starting ML Fit
Box40_1400
       message: Optimization terminated successfully.
       success: True
        status: 0
           fun: 106.80795508971936
             x: [ 2.176e+00  9.949e-01  5.109e-01  1.244e+00]
           nit: 86
          nfev: 158
 final_simplex: (array([[ 2.176e+00,  9.949e-01,  5.109e-01,  1.244e+00],
                       [ 2.176e+00,  9.949e-01,  5.109e-01,  1.244e+00],
                       ...,
                       [ 2.176e+00,  9.950e-01,  5.109e-01,  1.244e+00],
                       [ 2.176e+00,  9.949e-01,  5.109e-01,  1.244e+00]]), array([ 1.068e+02,  1.068e+02,  1.068e+02,  1.068e+02,
                        1.068e+02]))
   param_names: ['d', 'e', 'f', 'g']
[2.17564455 0.99489889 0.51092238 1.24437925]
{'d': 2.1756445525061268, 'e': 0.9948988862473436, 'f': 0.5109223808821697, 'g': 1.2443792510394496}
Previous:  {'d': 2.117351196239538, 'e': 0.9975117086187015, 'f': 0.5192548396312433, 'g': 1.2459266136593938}


##############################


asserting exponential supression start at lower masses
prev {'d': 2.1756445525061268, 'e': 0.9948988862473436, 'f': 0.5109223808821697, 'g': 1.2443792510394496}
Starting ML Fit
Box40_1400
       message: Optimization terminated successfully.
       success: True
        status: 0
           fun: 102.45266420509054
             x: [ 2.195e+00  9.921e-01  5.032e-01  1.245e+00]
           nit: 101
          nfev: 174
 final_simplex: (array([[ 2.195e+00,  9.921e-01,  5.032e-01,  1.245e+00],
                       [ 2.195e+00,  9.921e-01,  5.032e-01,  1.245e+00],
                       ...,
                       [ 2.195e+00,  9.921e-01,  5.032e-01,  1.245e+00],
                       [ 2.195e+00,  9.921e-01,  5.032e-01,  1.245e+00]]), array([ 1.025e+02,  1.025e+02,  1.025e+02,  1.025e+02,
                        1.025e+02]))
   param_names: ['d', 'e', 'f', 'g']
[2.19482937 0.99212489 0.50320528 1.24468652]
{'d': 2.194829373237525, 'e': 0.9921248907705236, 'f': 0.5032052835866538, 'g': 1.2446865159740286}
Previous:  {'d': 2.1756445525061268, 'e': 0.9948988862473436, 'f': 0.5109223808821697, 'g': 1.2443792510394496}


##############################


asserting exponential supression start at lower masses
prev {'d': 2.194829373237525, 'e': 0.9921248907705236, 'f': 0.5032052835866538, 'g': 1.2446865159740286}
Starting ML Fit
Box40_1400
       message: Optimization terminated successfully.
       success: True
        status: 0
           fun: 103.51740800982803
             x: [ 2.213e+00  9.877e-01  4.891e-01  1.247e+00]
           nit: 90
          nfev: 159
 final_simplex: (array([[ 2.213e+00,  9.877e-01,  4.891e-01,  1.247e+00],
                       [ 2.213e+00,  9.877e-01,  4.891e-01,  1.247e+00],
                       ...,
                       [ 2.213e+00,  9.877e-01,  4.891e-01,  1.247e+00],
                       [ 2.213e+00,  9.877e-01,  4.891e-01,  1.247e+00]]), array([ 1.035e+02,  1.035e+02,  1.035e+02,  1.035e+02,
                        1.035e+02]))
   param_names: ['d', 'e', 'f', 'g']
[2.21283345 0.9876782  0.48907932 1.24660305]
{'d': 2.2128334456473424, 'e': 0.9876782011444845, 'f': 0.48907932314684577, 'g': 1.2466030454811363}
Previous:  {'d': 2.194829373237525, 'e': 0.9921248907705236, 'f': 0.5032052835866538, 'g': 1.2446865159740286}


##############################


asserting exponential supression start at lower masses
prev {'d': 2.2128334456473424, 'e': 0.9876782011444845, 'f': 0.48907932314684577, 'g': 1.2466030454811363}
Starting ML Fit
Box40_1400
       message: Optimization terminated successfully.
       success: True
        status: 0
           fun: 109.64620823142279
             x: [ 2.246e+00  9.841e-01  4.761e-01  1.248e+00]
           nit: 76
          nfev: 137
 final_simplex: (array([[ 2.246e+00,  9.841e-01,  4.761e-01,  1.248e+00],
                       [ 2.246e+00,  9.841e-01,  4.761e-01,  1.248e+00],
                       ...,
                       [ 2.246e+00,  9.841e-01,  4.761e-01,  1.248e+00],
                       [ 2.246e+00,  9.841e-01,  4.761e-01,  1.248e+00]]), array([ 1.096e+02,  1.096e+02,  1.096e+02,  1.096e+02,
                        1.096e+02]))
   param_names: ['d', 'e', 'f', 'g']
[2.2459407  0.98410086 0.47610204 1.24842907]
{'d': 2.2459407017063766, 'e': 0.9841008610661541, 'f': 0.476102042505413, 'g': 1.2484290662090978}
Previous:  {'d': 2.2128334456473424, 'e': 0.9876782011444845, 'f': 0.48907932314684577, 'g': 1.2466030454811363}


##############################


asserting exponential supression start at lower masses
prev {'d': 2.2459407017063766, 'e': 0.9841008610661541, 'f': 0.476102042505413, 'g': 1.2484290662090978}
Starting ML Fit
Box40_1400
       message: Optimization terminated successfully.
       success: True
        status: 0
           fun: 100.24481350203297
             x: [ 2.285e+00  9.808e-01  4.643e-01  1.250e+00]
           nit: 106
          nfev: 183
 final_simplex: (array([[ 2.285e+00,  9.808e-01,  4.643e-01,  1.250e+00],
                       [ 2.285e+00,  9.808e-01,  4.643e-01,  1.250e+00],
                       ...,
                       [ 2.285e+00,  9.808e-01,  4.643e-01,  1.250e+00],
                       [ 2.285e+00,  9.808e-01,  4.643e-01,  1.250e+00]]), array([ 1.002e+02,  1.002e+02,  1.002e+02,  1.002e+02,
                        1.002e+02]))
   param_names: ['d', 'e', 'f', 'g']
[2.2853154  0.98082014 0.46427338 1.24991964]
{'d': 2.2853154033348217, 'e': 0.980820143644042, 'f': 0.4642733804525528, 'g': 1.2499196387349423}
Previous:  {'d': 2.2459407017063766, 'e': 0.9841008610661541, 'f': 0.476102042505413, 'g': 1.2484290662090978}


##############################


asserting exponential supression start at lower masses
prev {'d': 2.2853154033348217, 'e': 0.980820143644042, 'f': 0.4642733804525528, 'g': 1.2499196387349423}
Starting ML Fit
Box40_1400
       message: Optimization terminated successfully.
       success: True
        status: 0
           fun: 92.23184464407456
             x: [ 2.314e+00  9.776e-01  4.538e-01  1.251e+00]
           nit: 121
          nfev: 204
 final_simplex: (array([[ 2.314e+00,  9.776e-01,  4.538e-01,  1.251e+00],
                       [ 2.314e+00,  9.777e-01,  4.538e-01,  1.251e+00],
                       ...,
                       [ 2.314e+00,  9.777e-01,  4.538e-01,  1.250e+00],
                       [ 2.314e+00,  9.777e-01,  4.538e-01,  1.251e+00]]), array([ 9.223e+01,  9.223e+01,  9.223e+01,  9.223e+01,
                        9.223e+01]))
   param_names: ['d', 'e', 'f', 'g']
[2.31442603 0.97764383 0.45383604 1.2505076 ]
{'d': 2.314426034518555, 'e': 0.9776438297328258, 'f': 0.45383604104390435, 'g': 1.250507595870165}
Previous:  {'d': 2.2853154033348217, 'e': 0.980820143644042, 'f': 0.4642733804525528, 'g': 1.2499196387349423}


##############################


asserting exponential supression start at lower masses
prev {'d': 2.314426034518555, 'e': 0.9776438297328258, 'f': 0.45383604104390435, 'g': 1.250507595870165}
Starting ML Fit
Box40_1400
       message: Optimization terminated successfully.
       success: True
        status: 0
           fun: 84.83005912134476
             x: [ 2.325e+00  9.760e-01  4.496e-01  1.251e+00]
           nit: 92
          nfev: 163
 final_simplex: (array([[ 2.325e+00,  9.760e-01,  4.496e-01,  1.251e+00],
                       [ 2.325e+00,  9.760e-01,  4.496e-01,  1.251e+00],
                       ...,
                       [ 2.325e+00,  9.759e-01,  4.496e-01,  1.251e+00],
                       [ 2.325e+00,  9.760e-01,  4.496e-01,  1.251e+00]]), array([ 8.483e+01,  8.483e+01,  8.483e+01,  8.483e+01,
                        8.483e+01]))
   param_names: ['d', 'e', 'f', 'g']
[2.32473614 0.97599365 0.44959945 1.25050838]
{'d': 2.324736144892465, 'e': 0.9759936536591163, 'f': 0.4495994472900735, 'g': 1.2505083801712842}
Previous:  {'d': 2.314426034518555, 'e': 0.9776438297328258, 'f': 0.45383604104390435, 'g': 1.250507595870165}


##############################


asserting exponential supression start at lower masses
prev {'d': 2.324736144892465, 'e': 0.9759936536591163, 'f': 0.4495994472900735, 'g': 1.2505083801712842}
Starting ML Fit
Box40_1400
       message: Optimization terminated successfully.
       success: True
        status: 0
           fun: 78.23330175281863
             x: [ 2.340e+00  9.745e-01  4.455e-01  1.251e+00]
           nit: 94
          nfev: 166
 final_simplex: (array([[ 2.340e+00,  9.745e-01,  4.455e-01,  1.251e+00],
                       [ 2.340e+00,  9.744e-01,  4.455e-01,  1.251e+00],
                       ...,
                       [ 2.340e+00,  9.745e-01,  4.455e-01,  1.251e+00],
                       [ 2.340e+00,  9.745e-01,  4.455e-01,  1.251e+00]]), array([ 7.823e+01,  7.823e+01,  7.823e+01,  7.823e+01,
                        7.823e+01]))
   param_names: ['d', 'e', 'f', 'g']
[2.34006744 0.9744854  0.445506   1.25050853]
{'d': 2.3400674358212514, 'e': 0.9744854043094198, 'f': 0.44550600013602193, 'g': 1.250508534945588}
Previous:  {'d': 2.324736144892465, 'e': 0.9759936536591163, 'f': 0.4495994472900735, 'g': 1.2505083801712842}


##############################


asserting exponential supression start at lower masses
prev {'d': 2.3400674358212514, 'e': 0.9744854043094198, 'f': 0.44550600013602193, 'g': 1.250508534945588}
Starting ML Fit
Box40_1400
       message: Optimization terminated successfully.
       success: True
        status: 0
           fun: 78.94746591903163
             x: [ 2.357e+00  9.729e-01  4.410e-01  1.251e+00]
           nit: 165
          nfev: 288
 final_simplex: (array([[ 2.357e+00,  9.729e-01,  4.410e-01,  1.251e+00],
                       [ 2.357e+00,  9.729e-01,  4.410e-01,  1.251e+00],
                       ...,
                       [ 2.357e+00,  9.729e-01,  4.410e-01,  1.251e+00],
                       [ 2.357e+00,  9.728e-01,  4.410e-01,  1.251e+00]]), array([ 7.895e+01,  7.895e+01,  7.895e+01,  7.895e+01,
                        7.895e+01]))
   param_names: ['d', 'e', 'f', 'g']
[2.35662093 0.97285247 0.44102815 1.25050877]
{'d': 2.3566209295517164, 'e': 0.9728524739158, 'f': 0.44102814910652, 'g': 1.2505087669544168}
Previous:  {'d': 2.3400674358212514, 'e': 0.9744854043094198, 'f': 0.44550600013602193, 'g': 1.250508534945588}


##############################


asserting exponential supression start at lower masses
prev {'d': 2.3566209295517164, 'e': 0.9728524739158, 'f': 0.44102814910652, 'g': 1.2505087669544168}
Starting ML Fit
Box40_1400
       message: Optimization terminated successfully.
       success: True
        status: 0
           fun: 77.06869849637799
             x: [ 2.355e+00  9.714e-01  4.387e-01  1.251e+00]
           nit: 97
          nfev: 173
 final_simplex: (array([[ 2.355e+00,  9.714e-01,  4.387e-01,  1.251e+00],
                       [ 2.355e+00,  9.714e-01,  4.387e-01,  1.251e+00],
                       ...,
                       [ 2.355e+00,  9.714e-01,  4.387e-01,  1.251e+00],
                       [ 2.355e+00,  9.714e-01,  4.387e-01,  1.251e+00]]), array([ 7.707e+01,  7.707e+01,  7.707e+01,  7.707e+01,
                        7.707e+01]))
   param_names: ['d', 'e', 'f', 'g']
[2.35510646 0.97143681 0.43866167 1.25050891]
{'d': 2.355106458970673, 'e': 0.9714368138041989, 'f': 0.43866166711012755, 'g': 1.25050891335182}
Previous:  {'d': 2.3566209295517164, 'e': 0.9728524739158, 'f': 0.44102814910652, 'g': 1.2505087669544168}


##############################


asserting exponential supression start at lower masses
prev {'d': 2.355106458970673, 'e': 0.9714368138041989, 'f': 0.43866166711012755, 'g': 1.25050891335182}
Starting ML Fit
Box40_1400
       message: Optimization terminated successfully.
       success: True
        status: 0
           fun: 68.93111396412957
             x: [ 2.366e+00  9.700e-01  4.358e-01  1.251e+00]
           nit: 102
          nfev: 178
 final_simplex: (array([[ 2.366e+00,  9.700e-01,  4.358e-01,  1.251e+00],
                       [ 2.366e+00,  9.700e-01,  4.358e-01,  1.251e+00],
                       ...,
                       [ 2.366e+00,  9.700e-01,  4.358e-01,  1.251e+00],
                       [ 2.366e+00,  9.699e-01,  4.358e-01,  1.251e+00]]), array([ 6.893e+01,  6.893e+01,  6.893e+01,  6.893e+01,
                        6.893e+01]))
   param_names: ['d', 'e', 'f', 'g']
[2.36561887 0.96997536 0.43579759 1.25050969]
{'d': 2.3656188676581404, 'e': 0.9699753568701761, 'f': 0.43579759174791, 'g': 1.2505096919317849}
Previous:  {'d': 2.355106458970673, 'e': 0.9714368138041989, 'f': 0.43866166711012755, 'g': 1.25050891335182}


##############################


asserting exponential supression start at lower masses
prev {'d': 2.3656188676581404, 'e': 0.9699753568701761, 'f': 0.43579759174791, 'g': 1.2505096919317849}
Starting ML Fit
Box40_1400
       message: Optimization terminated successfully.
       success: True
        status: 0
           fun: 67.01935013312978
             x: [ 2.369e+00  9.687e-01  4.336e-01  1.251e+00]
           nit: 106
          nfev: 191
 final_simplex: (array([[ 2.369e+00,  9.687e-01,  4.336e-01,  1.251e+00],
                       [ 2.369e+00,  9.688e-01,  4.336e-01,  1.251e+00],
                       ...,
                       [ 2.369e+00,  9.688e-01,  4.336e-01,  1.251e+00],
                       [ 2.369e+00,  9.688e-01,  4.336e-01,  1.251e+00]]), array([ 6.702e+01,  6.702e+01,  6.702e+01,  6.702e+01,
                        6.702e+01]))
   param_names: ['d', 'e', 'f', 'g']
[2.36904731 0.96871426 0.43363973 1.25051012]
{'d': 2.369047310659135, 'e': 0.9687142602446337, 'f': 0.43363973192469407, 'g': 1.2505101236098102}
Previous:  {'d': 2.3656188676581404, 'e': 0.9699753568701761, 'f': 0.43579759174791, 'g': 1.2505096919317849}


##############################


asserting exponential supression start at lower masses
prev {'d': 2.369047310659135, 'e': 0.9687142602446337, 'f': 0.43363973192469407, 'g': 1.2505101236098102}
Starting ML Fit
Box40_1400
       message: Optimization terminated successfully.
       success: True
        status: 0
           fun: 50.489598756289496
             x: [ 2.401e+00  9.647e-01  4.247e-01  1.251e+00]
           nit: 176
          nfev: 298
 final_simplex: (array([[ 2.401e+00,  9.647e-01,  4.247e-01,  1.251e+00],
                       [ 2.401e+00,  9.647e-01,  4.247e-01,  1.251e+00],
                       ...,
                       [ 2.401e+00,  9.647e-01,  4.247e-01,  1.251e+00],
                       [ 2.401e+00,  9.647e-01,  4.247e-01,  1.251e+00]]), array([ 5.049e+01,  5.049e+01,  5.049e+01,  5.049e+01,
                        5.049e+01]))
   param_names: ['d', 'e', 'f', 'g']
[2.40096768 0.96471245 0.42471835 1.25051025]
{'d': 2.4009676792419317, 'e': 0.9647124546414916, 'f': 0.4247183509472736, 'g': 1.25051025460413}
Previous:  {'d': 2.369047310659135, 'e': 0.9687142602446337, 'f': 0.43363973192469407, 'g': 1.2505101236098102}


##############################


asserting exponential supression start at lower masses
prev {'d': 2.4009676792419317, 'e': 0.9647124546414916, 'f': 0.4247183509472736, 'g': 1.25051025460413}
Starting ML Fit
Box40_1400
       message: Optimization terminated successfully.
       success: True
        status: 0
           fun: 36.89735456206129
             x: [ 2.444e+00  9.614e-01  4.174e-01  1.251e+00]
           nit: 97
          nfev: 172
 final_simplex: (array([[ 2.444e+00,  9.614e-01,  4.174e-01,  1.251e+00],
                       [ 2.444e+00,  9.614e-01,  4.174e-01,  1.251e+00],
                       ...,
                       [ 2.444e+00,  9.614e-01,  4.174e-01,  1.251e+00],
                       [ 2.444e+00,  9.615e-01,  4.173e-01,  1.251e+00]]), array([ 3.690e+01,  3.690e+01,  3.690e+01,  3.690e+01,
                        3.690e+01]))
   param_names: ['d', 'e', 'f', 'g']
[2.44438408 0.96143967 0.41737146 1.2505103 ]
{'d': 2.4443840760202016, 'e': 0.9614396712070787, 'f': 0.4173714562155791, 'g': 1.2505102960992573}
Previous:  {'d': 2.4009676792419317, 'e': 0.9647124546414916, 'f': 0.4247183509472736, 'g': 1.25051025460413}


##############################


asserting exponential supression start at lower masses
prev {'d': 2.4443840760202016, 'e': 0.9614396712070787, 'f': 0.4173714562155791, 'g': 1.2505102960992573}
Starting ML Fit
Box40_1400
       message: Optimization terminated successfully.
       success: True
        status: 0
           fun: 16.297536679530456
             x: [ 2.443e+00  9.596e-01  4.137e-01  1.251e+00]
           nit: 125
          nfev: 217
 final_simplex: (array([[ 2.443e+00,  9.596e-01,  4.137e-01,  1.251e+00],
                       [ 2.443e+00,  9.597e-01,  4.137e-01,  1.251e+00],
                       ...,
                       [ 2.443e+00,  9.597e-01,  4.137e-01,  1.251e+00],
                       [ 2.443e+00,  9.597e-01,  4.137e-01,  1.251e+00]]), array([ 1.630e+01,  1.630e+01,  1.630e+01,  1.630e+01,
                        1.630e+01]))
   param_names: ['d', 'e', 'f', 'g']
[2.44322994 0.9596363  0.41372963 1.25051034]
{'d': 2.443229942351306, 'e': 0.9596363037388251, 'f': 0.4137296258318511, 'g': 1.250510339245129}
Previous:  {'d': 2.4443840760202016, 'e': 0.9614396712070787, 'f': 0.4173714562155791, 'g': 1.2505102960992573}


