##############################


[0.302679, 0.366459, 0.403224, 0.488191, 0.512095, 0.537169, 0.563471, 0.591061, 0.620002, 0.65036, 0.715608, 0.787402, 0.866399, 0.953321, 1.0]
dict_keys([0.302679, 0.366459, 0.403224, 0.488191, 0.512095, 0.537169, 0.563471, 0.591061, 0.620002, 0.65036, 0.715608, 0.787402, 0.866399, 0.953321, 1.0])
prev {'d0': 2.175253867950734, 'd1': -0.28476814452706567, 'e0': 1.023444038888236, 'e1': 0.08390747437371648, 'f0': 0.37978457550623235, 'f1': 0.15388198562065847, 'g0': 1.2280807367013957, 'g1': 0.009351718805714442}
Starting ML Fit
Box12_1400
       message: Optimization terminated successfully.
       success: True
        status: 0
           fun: 925.9128865292223
             x: [ 2.291e+00 -1.088e-01  1.066e+00  1.143e-01  3.776e-01
                  1.305e-01  1.257e+00  1.031e-02]
           nit: 580
          nfev: 859
 final_simplex: (array([[ 2.291e+00, -1.088e-01, ...,  1.257e+00,
                         1.031e-02],
                       [ 2.290e+00, -1.087e-01, ...,  1.257e+00,
                         1.031e-02],
                       ...,
                       [ 2.291e+00, -1.088e-01, ...,  1.257e+00,
                         1.031e-02],
                       [ 2.291e+00, -1.088e-01, ...,  1.257e+00,
                         1.031e-02]]), array([ 9.259e+02,  9.259e+02,  9.259e+02,  9.259e+02,
                        9.259e+02,  9.259e+02,  9.259e+02,  9.259e+02,
                        9.259e+02]))
   param_names: ['d0', 'd1', 'e0', 'e1', 'f0', 'f1', 'g0', 'g1']
[ 2.2905378  -0.10879383  1.06562997  0.1142606   0.37761969  0.13049801
  1.25670394  0.01030699]
{'d0': 2.290537800390631, 'd1': -0.10879383174823809, 'e0': 1.0656299723303482, 'e1': 0.11426060258951264, 'f0': 0.3776196941673485, 'f1': 0.13049801048239026, 'g0': 1.2567039425166797, 'g1': 0.010306985675162268}
-------------------
{'d0': 2.290537800390631, 'd1': -0.10879383174823809, 'e0': 1.0656299723303482, 'e1': 0.11426060258951264, 'f0': 0.3776196941673485, 'f1': 0.13049801048239026, 'g0': 1.2567039425166797, 'g1': 0.010306985675162268}
Previous:  {'d0': 2.175253867950734, 'd1': -0.28476814452706567, 'e0': 1.023444038888236, 'e1': 0.08390747437371648, 'f0': 0.37978457550623235, 'f1': 0.15388198562065847, 'g0': 1.2280807367013957, 'g1': 0.009351718805714442}
-------------------
