##############################


[0.302679, 0.366459, 0.403224, 0.488191, 0.512095, 0.537169, 0.563471, 0.591061, 0.620002, 0.65036, 0.715608, 0.787402, 0.866399, 0.953321, 1.0]
dict_keys([0.302679, 0.366459, 0.403224, 0.488191, 0.512095, 0.537169, 0.563471, 0.591061, 0.620002, 0.65036, 0.715608, 0.787402, 0.866399, 0.953321, 1.0])
prev {'d0': 2.2637462670323085, 'd1': -0.12029681943296072, 'e0': 0.8723198893526654, 'e1': 0.010002218421313606, 'f0': 0.493361716315005, 'f1': 0.1516777239868603, 'g0': 1.237457858805226, 'g1': 0.005793745757603151}
Starting ML Fit
Box_n50_29_1400
       message: Optimization terminated successfully.
       success: True
        status: 0
           fun: 1534.455168414201
             x: [ 2.219e+00 -1.317e-01  9.697e-01  3.674e-03  4.612e-01
                  1.556e-01  1.257e+00  1.056e-02]
           nit: 609
          nfev: 911
 final_simplex: (array([[ 2.219e+00, -1.317e-01, ...,  1.257e+00,
                         1.056e-02],
                       [ 2.219e+00, -1.318e-01, ...,  1.257e+00,
                         1.056e-02],
                       ...,
                       [ 2.219e+00, -1.317e-01, ...,  1.257e+00,
                         1.056e-02],
                       [ 2.219e+00, -1.318e-01, ...,  1.257e+00,
                         1.056e-02]]), array([ 1.534e+03,  1.534e+03,  1.534e+03,  1.534e+03,
                        1.534e+03,  1.534e+03,  1.534e+03,  1.534e+03,
                        1.534e+03]))
   param_names: ['d0', 'd1', 'e0', 'e1', 'f0', 'f1', 'g0', 'g1']
[ 2.21927745 -0.1317202   0.96971477  0.00367429  0.46115525  0.15560609
  1.25691275  0.01056013]
{'d0': 2.219277454829472, 'd1': -0.13172019815398084, 'e0': 0.9697147729077156, 'e1': 0.0036742866443738222, 'f0': 0.4611552498297711, 'f1': 0.15560609267877773, 'g0': 1.2569127528112805, 'g1': 0.010560132781514475}
-------------------
{'d0': 2.219277454829472, 'd1': -0.13172019815398084, 'e0': 0.9697147729077156, 'e1': 0.0036742866443738222, 'f0': 0.4611552498297711, 'f1': 0.15560609267877773, 'g0': 1.2569127528112805, 'g1': 0.010560132781514475}
Previous:  {'d0': 2.2637462670323085, 'd1': -0.12029681943296072, 'e0': 0.8723198893526654, 'e1': 0.010002218421313606, 'f0': 0.493361716315005, 'f1': 0.1516777239868603, 'g0': 1.237457858805226, 'g1': 0.005793745757603151}
-------------------
