##############################


[0.302679, 0.366459, 0.403224, 0.488191, 0.512095, 0.537169, 0.563471, 0.591061, 0.620002, 0.65036, 0.715608, 0.787402, 0.866399, 0.953321, 1.0]
dict_keys([0.302679, 0.366459, 0.403224, 0.488191, 0.512095, 0.537169, 0.563471, 0.591061, 0.620002, 0.65036, 0.715608, 0.787402, 0.866399, 0.953321, 1.0])
prev {'d0': 2.0460256169849687, 'd1': -0.09202899984581586, 'e0': 1.0158919780735318, 'e1': 0.05953732565852414, 'f0': 0.44309551727347607, 'f1': 0.15447685934839162, 'g0': 1.226836652182985, 'g1': -0.0019113224394321727}
Starting ML Fit
Box44_1400
       message: Optimization terminated successfully.
       success: True
        status: 0
           fun: 1660.530740764784
             x: [ 2.094e+00 -3.288e-01  1.086e+00  6.241e-02  4.162e-01
                  1.627e-01  1.252e+00  7.361e-03]
           nit: 1070
          nfev: 1593
 final_simplex: (array([[ 2.094e+00, -3.288e-01, ...,  1.252e+00,
                         7.361e-03],
                       [ 2.094e+00, -3.288e-01, ...,  1.252e+00,
                         7.358e-03],
                       ...,
                       [ 2.094e+00, -3.288e-01, ...,  1.252e+00,
                         7.364e-03],
                       [ 2.094e+00, -3.288e-01, ...,  1.252e+00,
                         7.361e-03]]), array([ 1.661e+03,  1.661e+03,  1.661e+03,  1.661e+03,
                        1.661e+03,  1.661e+03,  1.661e+03,  1.661e+03,
                        1.661e+03]))
   param_names: ['d0', 'd1', 'e0', 'e1', 'f0', 'f1', 'g0', 'g1']
[ 2.09426675 -0.3287776   1.08553358  0.06241412  0.41620692  0.16272093
  1.25178629  0.00736108]
{'d0': 2.0942667538775566, 'd1': -0.3287775954963383, 'e0': 1.0855335761835079, 'e1': 0.06241411828839377, 'f0': 0.4162069203781696, 'f1': 0.16272093117592024, 'g0': 1.2517862939801883, 'g1': 0.007361077797626349}
-------------------
{'d0': 2.0942667538775566, 'd1': -0.3287775954963383, 'e0': 1.0855335761835079, 'e1': 0.06241411828839377, 'f0': 0.4162069203781696, 'f1': 0.16272093117592024, 'g0': 1.2517862939801883, 'g1': 0.007361077797626349}
Previous:  {'d0': 2.0460256169849687, 'd1': -0.09202899984581586, 'e0': 1.0158919780735318, 'e1': 0.05953732565852414, 'f0': 0.44309551727347607, 'f1': 0.15447685934839162, 'g0': 1.226836652182985, 'g1': -0.0019113224394321727}
-------------------
