alist [1.0, 0.953321, 0.866399, 0.787402, 0.715608, 0.65036, 0.620002, 0.591061, 0.563471, 0.537169, 0.512095, 0.488191, 0.403224, 0.366459, 0.302679]
Curr: Box9_1400 , Prev: Box_n50_34_1400
##############################


prev {'d': 0.4354268676808942, 'e': 0.30298299684576363, 'f': 1.598901334928064, 'g': 1.2032473793684157}
Starting ML Fit
Box9_1400
       message: Optimization terminated successfully.
       success: True
        status: 0
           fun: 116.74726665030217
             x: [ 4.433e-01  3.033e-01  1.593e+00  1.210e+00]
           nit: 93
          nfev: 167
 final_simplex: (array([[ 4.433e-01,  3.033e-01,  1.593e+00,  1.210e+00],
                       [ 4.432e-01,  3.033e-01,  1.593e+00,  1.210e+00],
                       ...,
                       [ 4.433e-01,  3.033e-01,  1.593e+00,  1.210e+00],
                       [ 4.433e-01,  3.034e-01,  1.593e+00,  1.210e+00]]), array([ 1.167e+02,  1.167e+02,  1.167e+02,  1.167e+02,
                        1.167e+02]))
   param_names: ['d', 'e', 'f', 'g']
[0.44325253 0.30332196 1.59254318 1.20975733]
{'d': 0.44325253318536484, 'e': 0.30332196389430094, 'f': 1.5925431760997748, 'g': 1.2097573264258348}
Previous:  {'d': 0.4354268676808942, 'e': 0.30298299684576363, 'f': 1.598901334928064, 'g': 1.2032473793684157}


##############################


prev {'d': 0.44325253318536484, 'e': 0.30332196389430094, 'f': 1.5925431760997748, 'g': 1.2097573264258348}
Starting ML Fit
Box9_1400
       message: Optimization terminated successfully.
       success: True
        status: 0
           fun: 117.1424882160512
             x: [ 4.366e-01  3.028e-01  1.600e+00  1.209e+00]
           nit: 91
          nfev: 164
 final_simplex: (array([[ 4.366e-01,  3.028e-01,  1.600e+00,  1.209e+00],
                       [ 4.366e-01,  3.028e-01,  1.600e+00,  1.209e+00],
                       ...,
                       [ 4.366e-01,  3.028e-01,  1.600e+00,  1.209e+00],
                       [ 4.366e-01,  3.028e-01,  1.600e+00,  1.209e+00]]), array([ 1.171e+02,  1.171e+02,  1.171e+02,  1.171e+02,
                        1.171e+02]))
   param_names: ['d', 'e', 'f', 'g']
[0.43662613 0.30277751 1.6001109  1.20932556]
{'d': 0.436626131999781, 'e': 0.30277750650449703, 'f': 1.6001108996582991, 'g': 1.2093255581790743}
Previous:  {'d': 0.44325253318536484, 'e': 0.30332196389430094, 'f': 1.5925431760997748, 'g': 1.2097573264258348}


##############################


prev {'d': 0.436626131999781, 'e': 0.30277750650449703, 'f': 1.6001108996582991, 'g': 1.2093255581790743}
Starting ML Fit
Box9_1400
       message: Optimization terminated successfully.
       success: True
        status: 0
           fun: 110.51411243593168
             x: [ 4.244e-01  3.009e-01  1.622e+00  1.208e+00]
           nit: 95
          nfev: 163
 final_simplex: (array([[ 4.244e-01,  3.009e-01,  1.622e+00,  1.208e+00],
                       [ 4.244e-01,  3.009e-01,  1.622e+00,  1.208e+00],
                       ...,
                       [ 4.244e-01,  3.008e-01,  1.622e+00,  1.208e+00],
                       [ 4.244e-01,  3.008e-01,  1.622e+00,  1.208e+00]]), array([ 1.105e+02,  1.105e+02,  1.105e+02,  1.105e+02,
                        1.105e+02]))
   param_names: ['d', 'e', 'f', 'g']
[0.42437242 0.30087233 1.62169416 1.20770105]
{'d': 0.4243724232427877, 'e': 0.3008723259321314, 'f': 1.6216941631650572, 'g': 1.2077010516533229}
Previous:  {'d': 0.436626131999781, 'e': 0.30277750650449703, 'f': 1.6001108996582991, 'g': 1.2093255581790743}


##############################


prev {'d': 0.4243724232427877, 'e': 0.3008723259321314, 'f': 1.6216941631650572, 'g': 1.2077010516533229}
Starting ML Fit
Box9_1400
       message: Optimization terminated successfully.
       success: True
        status: 0
           fun: 118.38394798022077
             x: [ 4.133e-01  2.989e-01  1.642e+00  1.207e+00]
           nit: 92
          nfev: 157
 final_simplex: (array([[ 4.133e-01,  2.989e-01,  1.642e+00,  1.207e+00],
                       [ 4.133e-01,  2.989e-01,  1.643e+00,  1.207e+00],
                       ...,
                       [ 4.133e-01,  2.989e-01,  1.642e+00,  1.207e+00],
                       [ 4.133e-01,  2.989e-01,  1.642e+00,  1.207e+00]]), array([ 1.184e+02,  1.184e+02,  1.184e+02,  1.184e+02,
                        1.184e+02]))
   param_names: ['d', 'e', 'f', 'g']
[0.41326771 0.29890385 1.64249654 1.20741327]
{'d': 0.4132677122565306, 'e': 0.2989038456017651, 'f': 1.6424965398797964, 'g': 1.2074132719897674}
Previous:  {'d': 0.4243724232427877, 'e': 0.3008723259321314, 'f': 1.6216941631650572, 'g': 1.2077010516533229}


##############################


prev {'d': 0.4132677122565306, 'e': 0.2989038456017651, 'f': 1.6424965398797964, 'g': 1.2074132719897674}
Starting ML Fit
Box9_1400
       message: Optimization terminated successfully.
       success: True
        status: 0
           fun: 105.05656417509628
             x: [ 4.044e-01  2.971e-01  1.662e+00  1.210e+00]
           nit: 82
          nfev: 143
 final_simplex: (array([[ 4.044e-01,  2.971e-01,  1.662e+00,  1.210e+00],
                       [ 4.044e-01,  2.971e-01,  1.662e+00,  1.210e+00],
                       ...,
                       [ 4.044e-01,  2.972e-01,  1.662e+00,  1.210e+00],
                       [ 4.044e-01,  2.972e-01,  1.662e+00,  1.210e+00]]), array([ 1.051e+02,  1.051e+02,  1.051e+02,  1.051e+02,
                        1.051e+02]))
   param_names: ['d', 'e', 'f', 'g']
[0.40440582 0.29714871 1.66182251 1.21008537]
{'d': 0.4044058189838272, 'e': 0.2971487077658893, 'f': 1.6618225137677998, 'g': 1.210085365313641}
Previous:  {'d': 0.4132677122565306, 'e': 0.2989038456017651, 'f': 1.6424965398797964, 'g': 1.2074132719897674}


##############################


prev {'d': 0.4044058189838272, 'e': 0.2971487077658893, 'f': 1.6618225137677998, 'g': 1.210085365313641}
Starting ML Fit
Box9_1400
       message: Optimization terminated successfully.
       success: True
        status: 0
           fun: 98.8015337858393
             x: [ 3.956e-01  2.952e-01  1.685e+00  1.211e+00]
           nit: 99
          nfev: 180
 final_simplex: (array([[ 3.956e-01,  2.952e-01,  1.685e+00,  1.211e+00],
                       [ 3.956e-01,  2.952e-01,  1.686e+00,  1.211e+00],
                       ...,
                       [ 3.956e-01,  2.952e-01,  1.685e+00,  1.211e+00],
                       [ 3.956e-01,  2.953e-01,  1.685e+00,  1.211e+00]]), array([ 9.880e+01,  9.880e+01,  9.880e+01,  9.880e+01,
                        9.880e+01]))
   param_names: ['d', 'e', 'f', 'g']
[0.39555211 0.295216   1.68546594 1.21078127]
{'d': 0.3955521110503661, 'e': 0.2952159982817959, 'f': 1.685465941695452, 'g': 1.2107812699780367}
Previous:  {'d': 0.4044058189838272, 'e': 0.2971487077658893, 'f': 1.6618225137677998, 'g': 1.210085365313641}


##############################


prev {'d': 0.3955521110503661, 'e': 0.2952159982817959, 'f': 1.685465941695452, 'g': 1.2107812699780367}
Starting ML Fit
Box9_1400
       message: Optimization terminated successfully.
       success: True
        status: 0
           fun: 99.22447487936437
             x: [ 3.921e-01  2.936e-01  1.705e+00  1.215e+00]
           nit: 72
          nfev: 127
 final_simplex: (array([[ 3.921e-01,  2.936e-01,  1.705e+00,  1.215e+00],
                       [ 3.921e-01,  2.936e-01,  1.705e+00,  1.215e+00],
                       ...,
                       [ 3.921e-01,  2.936e-01,  1.705e+00,  1.215e+00],
                       [ 3.921e-01,  2.937e-01,  1.705e+00,  1.215e+00]]), array([ 9.922e+01,  9.922e+01,  9.922e+01,  9.922e+01,
                        9.922e+01]))
   param_names: ['d', 'e', 'f', 'g']
[0.3920693  0.29362157 1.70514968 1.21466978]
{'d': 0.3920693002578327, 'e': 0.29362156826995334, 'f': 1.7051496760942695, 'g': 1.214669782170015}
Previous:  {'d': 0.3955521110503661, 'e': 0.2952159982817959, 'f': 1.685465941695452, 'g': 1.2107812699780367}


##############################


prev {'d': 0.3920693002578327, 'e': 0.29362156826995334, 'f': 1.7051496760942695, 'g': 1.214669782170015}
Starting ML Fit
Box9_1400
       message: Optimization terminated successfully.
       success: True
        status: 0
           fun: 92.0592581612795
             x: [ 3.886e-01  2.922e-01  1.725e+00  1.218e+00]
           nit: 87
          nfev: 152
 final_simplex: (array([[ 3.886e-01,  2.922e-01,  1.725e+00,  1.218e+00],
                       [ 3.886e-01,  2.922e-01,  1.725e+00,  1.218e+00],
                       ...,
                       [ 3.886e-01,  2.922e-01,  1.725e+00,  1.218e+00],
                       [ 3.886e-01,  2.922e-01,  1.725e+00,  1.218e+00]]), array([ 9.206e+01,  9.206e+01,  9.206e+01,  9.206e+01,
                        9.206e+01]))
   param_names: ['d', 'e', 'f', 'g']
[0.38861698 0.29219063 1.72470211 1.21810043]
{'d': 0.3886169829808094, 'e': 0.2921906252911743, 'f': 1.7247021108946416, 'g': 1.2181004257511499}
Previous:  {'d': 0.3920693002578327, 'e': 0.29362156826995334, 'f': 1.7051496760942695, 'g': 1.214669782170015}


##############################


prev {'d': 0.3886169829808094, 'e': 0.2921906252911743, 'f': 1.7247021108946416, 'g': 1.2181004257511499}
Starting ML Fit
Box9_1400
       message: Optimization terminated successfully.
       success: True
        status: 0
           fun: 93.67481031538777
             x: [ 3.848e-01  2.905e-01  1.748e+00  1.220e+00]
           nit: 76
          nfev: 136
 final_simplex: (array([[ 3.848e-01,  2.905e-01,  1.748e+00,  1.220e+00],
                       [ 3.848e-01,  2.905e-01,  1.748e+00,  1.220e+00],
                       ...,
                       [ 3.848e-01,  2.905e-01,  1.748e+00,  1.220e+00],
                       [ 3.848e-01,  2.904e-01,  1.748e+00,  1.220e+00]]), array([ 9.367e+01,  9.367e+01,  9.367e+01,  9.367e+01,
                        9.367e+01]))
   param_names: ['d', 'e', 'f', 'g']
[0.38475858 0.29047599 1.74787814 1.22005287]
{'d': 0.38475858455585943, 'e': 0.2904759871530782, 'f': 1.747878135750163, 'g': 1.2200528681242924}
Previous:  {'d': 0.3886169829808094, 'e': 0.2921906252911743, 'f': 1.7247021108946416, 'g': 1.2181004257511499}


##############################


prev {'d': 0.38475858455585943, 'e': 0.2904759871530782, 'f': 1.747878135750163, 'g': 1.2200528681242924}
Starting ML Fit
Box9_1400
       message: Optimization terminated successfully.
       success: True
        status: 0
           fun: 95.6197084222027
             x: [ 3.809e-01  2.890e-01  1.768e+00  1.221e+00]
           nit: 63
          nfev: 113
 final_simplex: (array([[ 3.809e-01,  2.890e-01,  1.768e+00,  1.221e+00],
                       [ 3.809e-01,  2.890e-01,  1.768e+00,  1.221e+00],
                       ...,
                       [ 3.809e-01,  2.889e-01,  1.767e+00,  1.221e+00],
                       [ 3.809e-01,  2.890e-01,  1.768e+00,  1.221e+00]]), array([ 9.562e+01,  9.562e+01,  9.562e+01,  9.562e+01,
                        9.562e+01]))
   param_names: ['d', 'e', 'f', 'g']
[0.38087969 0.28898893 1.767564   1.22115871]
{'d': 0.3808796943363243, 'e': 0.28898893324059083, 'f': 1.7675639957267024, 'g': 1.2211587135278288}
Previous:  {'d': 0.38475858455585943, 'e': 0.2904759871530782, 'f': 1.747878135750163, 'g': 1.2200528681242924}


##############################


prev {'d': 0.3808796943363243, 'e': 0.28898893324059083, 'f': 1.7675639957267024, 'g': 1.2211587135278288}
Starting ML Fit
Box9_1400
       message: Optimization terminated successfully.
       success: True
        status: 0
           fun: 95.3212481851435
             x: [ 3.772e-01  2.874e-01  1.788e+00  1.223e+00]
           nit: 65
          nfev: 118
 final_simplex: (array([[ 3.772e-01,  2.874e-01,  1.788e+00,  1.223e+00],
                       [ 3.772e-01,  2.874e-01,  1.788e+00,  1.223e+00],
                       ...,
                       [ 3.772e-01,  2.875e-01,  1.788e+00,  1.223e+00],
                       [ 3.772e-01,  2.874e-01,  1.788e+00,  1.223e+00]]), array([ 9.532e+01,  9.532e+01,  9.532e+01,  9.532e+01,
                        9.532e+01]))
   param_names: ['d', 'e', 'f', 'g']
[0.37718728 0.28742413 1.78760705 1.22281703]
{'d': 0.377187277546219, 'e': 0.28742412620708113, 'f': 1.7876070459683027, 'g': 1.2228170258558646}
Previous:  {'d': 0.3808796943363243, 'e': 0.28898893324059083, 'f': 1.7675639957267024, 'g': 1.2211587135278288}


##############################


prev {'d': 0.377187277546219, 'e': 0.28742412620708113, 'f': 1.7876070459683027, 'g': 1.2228170258558646}
Starting ML Fit
Box9_1400
       message: Optimization terminated successfully.
       success: True
        status: 0
           fun: 86.7124599575519
             x: [ 3.740e-01  2.864e-01  1.801e+00  1.224e+00]
           nit: 67
          nfev: 121
 final_simplex: (array([[ 3.740e-01,  2.864e-01,  1.801e+00,  1.224e+00],
                       [ 3.740e-01,  2.864e-01,  1.801e+00,  1.224e+00],
                       ...,
                       [ 3.740e-01,  2.864e-01,  1.801e+00,  1.223e+00],
                       [ 3.740e-01,  2.864e-01,  1.801e+00,  1.224e+00]]), array([ 8.671e+01,  8.671e+01,  8.671e+01,  8.671e+01,
                        8.671e+01]))
   param_names: ['d', 'e', 'f', 'g']
[0.37401588 0.28640225 1.80101147 1.22351841]
{'d': 0.3740158814348612, 'e': 0.28640224685318283, 'f': 1.801011472705257, 'g': 1.2235184086032191}
Previous:  {'d': 0.377187277546219, 'e': 0.28742412620708113, 'f': 1.7876070459683027, 'g': 1.2228170258558646}


##############################


prev {'d': 0.3740158814348612, 'e': 0.28640224685318283, 'f': 1.801011472705257, 'g': 1.2235184086032191}
Starting ML Fit
Box9_1400
       message: Optimization terminated successfully.
       success: True
        status: 0
           fun: 71.08071867515787
             x: [ 3.639e-01  2.860e-01  1.808e+00  1.218e+00]
           nit: 88
          nfev: 154
 final_simplex: (array([[ 3.639e-01,  2.860e-01,  1.808e+00,  1.218e+00],
                       [ 3.639e-01,  2.861e-01,  1.808e+00,  1.218e+00],
                       ...,
                       [ 3.639e-01,  2.860e-01,  1.808e+00,  1.218e+00],
                       [ 3.639e-01,  2.861e-01,  1.808e+00,  1.218e+00]]), array([ 7.108e+01,  7.108e+01,  7.108e+01,  7.108e+01,
                        7.108e+01]))
   param_names: ['d', 'e', 'f', 'g']
[0.36387169 0.28602339 1.80820092 1.21826801]
{'d': 0.3638716881881292, 'e': 0.28602338539969846, 'f': 1.808200922758562, 'g': 1.218268005503567}
Previous:  {'d': 0.3740158814348612, 'e': 0.28640224685318283, 'f': 1.801011472705257, 'g': 1.2235184086032191}


##############################


prev {'d': 0.3638716881881292, 'e': 0.28602338539969846, 'f': 1.808200922758562, 'g': 1.218268005503567}
Starting ML Fit
Box9_1400
       message: Optimization terminated successfully.
       success: True
        status: 0
           fun: 77.0958098881116
             x: [ 3.556e-01  2.855e-01  1.820e+00  1.212e+00]
           nit: 73
          nfev: 132
 final_simplex: (array([[ 3.556e-01,  2.855e-01,  1.820e+00,  1.212e+00],
                       [ 3.556e-01,  2.854e-01,  1.820e+00,  1.212e+00],
                       ...,
                       [ 3.556e-01,  2.854e-01,  1.820e+00,  1.212e+00],
                       [ 3.556e-01,  2.854e-01,  1.820e+00,  1.212e+00]]), array([ 7.710e+01,  7.710e+01,  7.710e+01,  7.710e+01,
                        7.710e+01]))
   param_names: ['d', 'e', 'f', 'g']
[0.35563217 0.28546649 1.82032782 1.21169229]
{'d': 0.3556321674463275, 'e': 0.2854664898084809, 'f': 1.8203278168739336, 'g': 1.2116922868954418}
Previous:  {'d': 0.3638716881881292, 'e': 0.28602338539969846, 'f': 1.808200922758562, 'g': 1.218268005503567}


##############################


prev {'d': 0.3556321674463275, 'e': 0.2854664898084809, 'f': 1.8203278168739336, 'g': 1.2116922868954418}
Starting ML Fit
Box9_1400
       message: Optimization terminated successfully.
       success: True
        status: 0
           fun: 46.8541971802171
             x: [ 3.499e-01  2.854e-01  1.823e+00  1.211e+00]
           nit: 84
          nfev: 147
 final_simplex: (array([[ 3.499e-01,  2.854e-01,  1.823e+00,  1.211e+00],
                       [ 3.499e-01,  2.854e-01,  1.823e+00,  1.211e+00],
                       ...,
                       [ 3.499e-01,  2.854e-01,  1.823e+00,  1.211e+00],
                       [ 3.499e-01,  2.854e-01,  1.823e+00,  1.211e+00]]), array([ 4.685e+01,  4.685e+01,  4.685e+01,  4.685e+01,
                        4.685e+01]))
   param_names: ['d', 'e', 'f', 'g']
[0.34990513 0.28536999 1.82294334 1.21113517]
{'d': 0.3499051332453377, 'e': 0.2853699858429575, 'f': 1.8229433368198609, 'g': 1.2111351734911286}
Previous:  {'d': 0.3556321674463275, 'e': 0.2854664898084809, 'f': 1.8203278168739336, 'g': 1.2116922868954418}


