##############################


[0.302679, 0.366459, 0.403224, 0.488191, 0.512095, 0.537169, 0.563471, 0.591061, 0.620002, 0.65036, 0.715608, 0.787402, 0.866399, 0.953321, 1.0]
dict_keys([0.302679, 0.366459, 0.403224, 0.488191, 0.512095, 0.537169, 0.563471, 0.591061, 0.620002, 0.65036, 0.715608, 0.787402, 0.866399, 0.953321, 1.0])
prev {'d0': 2.0797212023891323, 'd1': -0.3188877326472964, 'e0': 1.0636628044273495, 'e1': 0.08597212355658665, 'f0': 0.4275385900897736, 'f1': 0.14956443476395725, 'g0': 1.2713177980609853, 'g1': 0.037849626417042745}
Starting ML Fit
Box_n50_23_1400
       message: Optimization terminated successfully.
       success: True
        status: 0
           fun: 1674.263237689061
             x: [ 2.075e+00 -2.294e-01  1.026e+00  1.009e-01  4.546e-01
                  1.573e-01  1.269e+00  4.145e-02]
           nit: 611
          nfev: 900
 final_simplex: (array([[ 2.075e+00, -2.294e-01, ...,  1.269e+00,
                         4.145e-02],
                       [ 2.075e+00, -2.295e-01, ...,  1.269e+00,
                         4.144e-02],
                       ...,
                       [ 2.075e+00, -2.295e-01, ...,  1.269e+00,
                         4.144e-02],
                       [ 2.075e+00, -2.294e-01, ...,  1.269e+00,
                         4.146e-02]]), array([ 1.674e+03,  1.674e+03,  1.674e+03,  1.674e+03,
                        1.674e+03,  1.674e+03,  1.674e+03,  1.674e+03,
                        1.674e+03]))
   param_names: ['d0', 'd1', 'e0', 'e1', 'f0', 'f1', 'g0', 'g1']
[ 2.07504726 -0.22943911  1.02588915  0.10092766  0.45458004  0.15727306
  1.26892704  0.04145241]
{'d0': 2.0750472562207003, 'd1': -0.22943910852249436, 'e0': 1.0258891522385278, 'e1': 0.10092766375928622, 'f0': 0.45458003737615305, 'f1': 0.15727305726565838, 'g0': 1.2689270361049032, 'g1': 0.04145241085221073}
-------------------
{'d0': 2.0750472562207003, 'd1': -0.22943910852249436, 'e0': 1.0258891522385278, 'e1': 0.10092766375928622, 'f0': 0.45458003737615305, 'f1': 0.15727305726565838, 'g0': 1.2689270361049032, 'g1': 0.04145241085221073}
Previous:  {'d0': 2.0797212023891323, 'd1': -0.3188877326472964, 'e0': 1.0636628044273495, 'e1': 0.08597212355658665, 'f0': 0.4275385900897736, 'f1': 0.14956443476395725, 'g0': 1.2713177980609853, 'g1': 0.037849626417042745}
-------------------
