##############################


[[0.01   0.     0.     0.     0.     0.     0.     0.    ]
 [0.     0.01   0.     0.     0.     0.     0.     0.    ]
 [0.     0.     0.001  0.     0.     0.     0.     0.    ]
 [0.     0.     0.     0.001  0.     0.     0.     0.    ]
 [0.     0.     0.     0.     0.0005 0.     0.     0.    ]
 [0.     0.     0.     0.     0.     0.0005 0.     0.    ]
 [0.     0.     0.     0.     0.     0.     0.0001 0.    ]
 [0.     0.     0.     0.     0.     0.     0.     0.0001]]
[0.302679, 0.366459, 0.403224, 0.488191, 0.512095, 0.537169, 0.563471, 0.591061, 0.620002, 0.65036, 0.715608, 0.787402, 0.866399, 0.953321, 1.0]
dict_keys([0.302679, 0.366459, 0.403224, 0.488191, 0.512095, 0.537169, 0.563471, 0.591061, 0.620002, 0.65036, 0.715608, 0.787402, 0.866399, 0.953321, 1.0])
prev {'d0': 2.000565905952228, 'd1': 0.006937234708958498, 'e0': 1.0753869617051395, 'e1': -0.07586158374332777, 'f0': 0.4387985241596416, 'f1': 0.22623189442823183, 'g0': 1.2294507315993397, 'g1': 0.036618195643626825}
Starting ML Fit
Box72_1400
       message: Optimization terminated successfully.
       success: True
        status: 0
           fun: 1782.963230254025
             x: [ 1.966e+00  6.618e-03  1.057e+00 -6.564e-02  4.360e-01
                  2.238e-01  1.213e+00  3.229e-02]
           nit: 575
          nfev: 877
 final_simplex: (array([[ 1.966e+00,  6.618e-03, ...,  1.213e+00,
                         3.229e-02],
                       [ 1.966e+00,  6.620e-03, ...,  1.213e+00,
                         3.230e-02],
                       ...,
                       [ 1.966e+00,  6.621e-03, ...,  1.213e+00,
                         3.228e-02],
                       [ 1.966e+00,  6.616e-03, ...,  1.213e+00,
                         3.229e-02]]), array([ 1.783e+03,  1.783e+03,  1.783e+03,  1.783e+03,
                        1.783e+03,  1.783e+03,  1.783e+03,  1.783e+03,
                        1.783e+03]))
   param_names: ['d0', 'd1', 'e0', 'e1', 'f0', 'f1', 'g0', 'g1']
[ 1.96614133  0.0066176   1.05716615 -0.06564424  0.43598618  0.22379234
  1.2132068   0.03229241]
{'d0': 1.9661413306596771, 'd1': 0.0066176048158325725, 'e0': 1.057166152391885, 'e1': -0.06564424187915949, 'f0': 0.43598618454502225, 'f1': 0.22379233566303283, 'g0': 1.2132068024765013, 'g1': 0.03229241242281429}
-------------------
{'d0': 1.9661413306596771, 'd1': 0.0066176048158325725, 'e0': 1.057166152391885, 'e1': -0.06564424187915949, 'f0': 0.43598618454502225, 'f1': 0.22379233566303283, 'g0': 1.2132068024765013, 'g1': 0.03229241242281429}
Previous:  {'d0': 2.000565905952228, 'd1': 0.006937234708958498, 'e0': 1.0753869617051395, 'e1': -0.07586158374332777, 'f0': 0.4387985241596416, 'f1': 0.22623189442823183, 'g0': 1.2294507315993397, 'g1': 0.036618195643626825}
-------------------
