##############################


[0.302679, 0.366459, 0.403224, 0.488191, 0.512095, 0.537169, 0.563471, 0.591061, 0.620002, 0.65036, 0.715608, 0.787402, 0.866399, 0.953321, 1.0]
dict_keys([0.302679, 0.366459, 0.403224, 0.488191, 0.512095, 0.537169, 0.563471, 0.591061, 0.620002, 0.65036, 0.715608, 0.787402, 0.866399, 0.953321, 1.0])
prev {'d0': 2.029152356879197, 'd1': -0.2524793306522682, 'e0': 1.0280868670518868, 'e1': 0.018450171616888292, 'f0': 0.42222350299191663, 'f1': 0.16944668600081308, 'g0': 1.2154725703434828, 'g1': -1.4029700446785259e-08}
Starting ML Fit
Box_n50_27_1400
       message: Optimization terminated successfully.
       success: True
        status: 0
           fun: 1660.3049195506326
             x: [ 2.113e+00 -3.489e-01  1.037e+00  2.840e-02  4.110e-01
                  1.800e-01  1.209e+00 -1.585e-08]
           nit: 345
          nfev: 531
 final_simplex: (array([[ 2.113e+00, -3.489e-01, ...,  1.209e+00,
                        -1.585e-08],
                       [ 2.113e+00, -3.488e-01, ...,  1.209e+00,
                        -1.585e-08],
                       ...,
                       [ 2.113e+00, -3.488e-01, ...,  1.209e+00,
                        -1.585e-08],
                       [ 2.113e+00, -3.488e-01, ...,  1.209e+00,
                        -1.585e-08]]), array([ 1.660e+03,  1.660e+03,  1.660e+03,  1.660e+03,
                        1.660e+03,  1.660e+03,  1.660e+03,  1.660e+03,
                        1.660e+03]))
   param_names: ['d0', 'd1', 'e0', 'e1', 'f0', 'f1', 'g0', 'g1']
[ 2.11313118e+00 -3.48854658e-01  1.03672489e+00  2.84009040e-02
  4.10985106e-01  1.79982469e-01  1.20938757e+00 -1.58469799e-08]
{'d0': 2.113131184727275, 'd1': -0.3488546577678501, 'e0': 1.0367248893335437, 'e1': 0.028400904036680504, 'f0': 0.4109851061714767, 'f1': 0.17998246883338231, 'g0': 1.2093875696276648, 'g1': -1.584697986203642e-08}
-------------------
{'d0': 2.113131184727275, 'd1': -0.3488546577678501, 'e0': 1.0367248893335437, 'e1': 0.028400904036680504, 'f0': 0.4109851061714767, 'f1': 0.17998246883338231, 'g0': 1.2093875696276648, 'g1': -1.584697986203642e-08}
Previous:  {'d0': 2.029152356879197, 'd1': -0.2524793306522682, 'e0': 1.0280868670518868, 'e1': 0.018450171616888292, 'f0': 0.42222350299191663, 'f1': 0.16944668600081308, 'g0': 1.2154725703434828, 'g1': -1.4029700446785259e-08}
-------------------
