##############################


[0.302679, 0.366459, 0.403224, 0.488191, 0.512095, 0.537169, 0.563471, 0.591061, 0.620002, 0.65036, 0.715608, 0.787402, 0.866399, 0.953321, 1.0]
dict_keys([0.302679, 0.366459, 0.403224, 0.488191, 0.512095, 0.537169, 0.563471, 0.591061, 0.620002, 0.65036, 0.715608, 0.787402, 0.866399, 0.953321, 1.0])
prev {'d0': 2.066065414045621, 'd1': -0.29378318803721803, 'e0': 1.0738542118487242, 'e1': 0.07766795507905498, 'f0': 0.4203836913485204, 'f1': 0.18539304188279188, 'g0': 1.2333015984453715, 'g1': -0.0012714893295803491}
Starting ML Fit
Box26_1400
       message: Optimization terminated successfully.
       success: True
        status: 0
           fun: 1869.1341530809889
             x: [ 2.090e+00 -2.541e-01  1.084e+00  1.039e-01  4.109e-01
                  1.708e-01  1.239e+00 -1.141e-03]
           nit: 310
          nfev: 489
 final_simplex: (array([[ 2.090e+00, -2.541e-01, ...,  1.239e+00,
                        -1.141e-03],
                       [ 2.090e+00, -2.542e-01, ...,  1.239e+00,
                        -1.141e-03],
                       ...,
                       [ 2.090e+00, -2.540e-01, ...,  1.239e+00,
                        -1.141e-03],
                       [ 2.090e+00, -2.541e-01, ...,  1.239e+00,
                        -1.141e-03]]), array([ 1.869e+03,  1.869e+03,  1.869e+03,  1.869e+03,
                        1.869e+03,  1.869e+03,  1.869e+03,  1.869e+03,
                        1.869e+03]))
   param_names: ['d0', 'd1', 'e0', 'e1', 'f0', 'f1', 'g0', 'g1']
[ 2.09039678e+00 -2.54077696e-01  1.08419721e+00  1.03852830e-01
  4.10902195e-01  1.70793297e-01  1.23887472e+00 -1.14098105e-03]
{'d0': 2.090396782939141, 'd1': -0.2540776956877788, 'e0': 1.0841972071908426, 'e1': 0.10385282962036693, 'f0': 0.4109021950377599, 'f1': 0.17079329724472586, 'g0': 1.2388747244984288, 'g1': -0.0011409810543021011}
-------------------
{'d0': 2.090396782939141, 'd1': -0.2540776956877788, 'e0': 1.0841972071908426, 'e1': 0.10385282962036693, 'f0': 0.4109021950377599, 'f1': 0.17079329724472586, 'g0': 1.2388747244984288, 'g1': -0.0011409810543021011}
Previous:  {'d0': 2.066065414045621, 'd1': -0.29378318803721803, 'e0': 1.0738542118487242, 'e1': 0.07766795507905498, 'f0': 0.4203836913485204, 'f1': 0.18539304188279188, 'g0': 1.2333015984453715, 'g1': -0.0012714893295803491}
-------------------
