##############################


[[0.01   0.     0.     0.     0.     0.     0.     0.    ]
 [0.     0.01   0.     0.     0.     0.     0.     0.    ]
 [0.     0.     0.001  0.     0.     0.     0.     0.    ]
 [0.     0.     0.     0.001  0.     0.     0.     0.    ]
 [0.     0.     0.     0.     0.0005 0.     0.     0.    ]
 [0.     0.     0.     0.     0.     0.0005 0.     0.    ]
 [0.     0.     0.     0.     0.     0.     0.0001 0.    ]
 [0.     0.     0.     0.     0.     0.     0.     0.0001]]
[0.302679, 0.366459, 0.403224, 0.488191, 0.512095, 0.537169, 0.563471, 0.591061, 0.620002, 0.65036, 0.715608, 0.787402, 0.866399, 0.953321, 1.0]
dict_keys([0.302679, 0.366459, 0.403224, 0.488191, 0.512095, 0.537169, 0.563471, 0.591061, 0.620002, 0.65036, 0.715608, 0.787402, 0.866399, 0.953321, 1.0])
prev {'d0': 1.9877664310056393, 'd1': 0.00491142518178296, 'e0': 1.0886640006008168, 'e1': -0.07608096809099717, 'f0': 0.43839012058518184, 'f1': 0.15428741874220991, 'g0': 1.2719606616725838, 'g1': 0.08227521519336473}
Starting ML Fit
Box58_1400
       message: Optimization terminated successfully.
       success: True
        status: 0
           fun: 1706.1045810381227
             x: [ 1.917e+00  5.168e-03  1.167e+00 -4.681e-02  4.210e-01
                  1.508e-01  1.283e+00  9.963e-02]
           nit: 488
          nfev: 742
 final_simplex: (array([[ 1.917e+00,  5.168e-03, ...,  1.283e+00,
                         9.963e-02],
                       [ 1.918e+00,  5.167e-03, ...,  1.283e+00,
                         9.962e-02],
                       ...,
                       [ 1.917e+00,  5.168e-03, ...,  1.283e+00,
                         9.963e-02],
                       [ 1.918e+00,  5.168e-03, ...,  1.283e+00,
                         9.966e-02]]), array([ 1.706e+03,  1.706e+03,  1.706e+03,  1.706e+03,
                        1.706e+03,  1.706e+03,  1.706e+03,  1.706e+03,
                        1.706e+03]))
   param_names: ['d0', 'd1', 'e0', 'e1', 'f0', 'f1', 'g0', 'g1']
[ 1.91747498  0.00516775  1.166922   -0.04681112  0.42101197  0.15075808
  1.28294186  0.09963272]
{'d0': 1.9174749828657986, 'd1': 0.005167746848640347, 'e0': 1.166922004096857, 'e1': -0.04681111948360217, 'f0': 0.4210119672650279, 'f1': 0.1507580797129173, 'g0': 1.2829418642094559, 'g1': 0.09963271610815462}
-------------------
{'d0': 1.9174749828657986, 'd1': 0.005167746848640347, 'e0': 1.166922004096857, 'e1': -0.04681111948360217, 'f0': 0.4210119672650279, 'f1': 0.1507580797129173, 'g0': 1.2829418642094559, 'g1': 0.09963271610815462}
Previous:  {'d0': 1.9877664310056393, 'd1': 0.00491142518178296, 'e0': 1.0886640006008168, 'e1': -0.07608096809099717, 'f0': 0.43839012058518184, 'f1': 0.15428741874220991, 'g0': 1.2719606616725838, 'g1': 0.08227521519336473}
-------------------
