##############################


[[1.e-03 0.e+00 0.e+00 0.e+00 0.e+00 0.e+00 0.e+00 0.e+00]
 [0.e+00 8.e-04 0.e+00 0.e+00 0.e+00 0.e+00 0.e+00 0.e+00]
 [0.e+00 0.e+00 1.e-01 0.e+00 0.e+00 0.e+00 0.e+00 0.e+00]
 [0.e+00 0.e+00 0.e+00 8.e-02 0.e+00 0.e+00 0.e+00 0.e+00]
 [0.e+00 0.e+00 0.e+00 0.e+00 5.e-02 0.e+00 0.e+00 0.e+00]
 [0.e+00 0.e+00 0.e+00 0.e+00 0.e+00 8.e-01 0.e+00 0.e+00]
 [0.e+00 0.e+00 0.e+00 0.e+00 0.e+00 0.e+00 3.e-04 0.e+00]
 [0.e+00 0.e+00 0.e+00 0.e+00 0.e+00 0.e+00 0.e+00 8.e-03]]
[0.302679, 0.366459, 0.403224, 0.488191, 0.512095, 0.537169, 0.563471, 0.591061, 0.620002, 0.65036, 0.715608, 0.787402, 0.866399, 0.953321, 1.0]
dict_keys([0.302679, 0.366459, 0.403224, 0.488191, 0.512095, 0.537169, 0.563471, 0.591061, 0.620002, 0.65036, 0.715608, 0.787402, 0.866399, 0.953321, 1.0])
prev {'d0': 2.159301448208293, 'd1': 0.13050458037966733, 'e0': 0.8827138666548471, 'e1': -0.028200154852597983, 'f0': 0.5641820129194506, 'f1': 0.17330170153279711, 'g0': 1.233439355953811, 'g1': 0.03719657750636993}
Starting ML Fit
Box_n50_38_1400
       message: Optimization terminated successfully.
       success: True
        status: 0
           fun: 1623.0728963797005
             x: [ 2.109e+00  1.309e-01  1.096e+00  5.816e-03  5.118e-01
                  1.877e-01  1.297e+00  9.940e-02]
           nit: 796
          nfev: 1171
 final_simplex: (array([[ 2.109e+00,  1.309e-01, ...,  1.297e+00,
                         9.940e-02],
                       [ 2.109e+00,  1.308e-01, ...,  1.297e+00,
                         9.939e-02],
                       ...,
                       [ 2.109e+00,  1.308e-01, ...,  1.297e+00,
                         9.937e-02],
                       [ 2.109e+00,  1.309e-01, ...,  1.297e+00,
                         9.938e-02]]), array([ 1.623e+03,  1.623e+03,  1.623e+03,  1.623e+03,
                        1.623e+03,  1.623e+03,  1.623e+03,  1.623e+03,
                        1.623e+03]))
   param_names: ['d0', 'd1', 'e0', 'e1', 'f0', 'f1', 'g0', 'g1']
[2.10867263 0.13085583 1.09578489 0.00581641 0.51176025 0.18768136
 1.29702793 0.09939859]
{'d0': 2.1086726343929154, 'd1': 0.13085582662018871, 'e0': 1.0957848858979526, 'e1': 0.00581641488980906, 'f0': 0.5117602549530522, 'f1': 0.18768135575853387, 'g0': 1.2970279336436663, 'g1': 0.09939858603547747}
-------------------
{'d0': 2.1086726343929154, 'd1': 0.13085582662018871, 'e0': 1.0957848858979526, 'e1': 0.00581641488980906, 'f0': 0.5117602549530522, 'f1': 0.18768135575853387, 'g0': 1.2970279336436663, 'g1': 0.09939858603547747}
Previous:  {'d0': 2.159301448208293, 'd1': 0.13050458037966733, 'e0': 0.8827138666548471, 'e1': -0.028200154852597983, 'f0': 0.5641820129194506, 'f1': 0.17330170153279711, 'g0': 1.233439355953811, 'g1': 0.03719657750636993}
-------------------
