##############################


[0.302679, 0.366459, 0.403224, 0.488191, 0.512095, 0.537169, 0.563471, 0.591061, 0.620002, 0.65036, 0.715608, 0.787402, 0.866399, 0.953321, 1.0]
dict_keys([0.302679, 0.366459, 0.403224, 0.488191, 0.512095, 0.537169, 0.563471, 0.591061, 0.620002, 0.65036, 0.715608, 0.787402, 0.866399, 0.953321, 1.0])
prev {'d0': 2.2022211814669372, 'd1': -0.29489216543744945, 'e0': 0.9887022397015288, 'e1': -0.018843453427281324, 'f0': 0.4225890161718303, 'f1': 0.17561865486809042, 'g0': 1.2161354135321933, 'g1': -1.7953293843549737e-07}
Starting ML Fit
Box11_1400
       message: Optimization terminated successfully.
       success: True
        status: 0
           fun: 1595.2299759531993
             x: [ 2.198e+00 -3.160e-01  9.963e-01 -9.505e-04  4.160e-01
                  1.648e-01  1.212e+00 -9.692e-08]
           nit: 727
          nfev: 1097
 final_simplex: (array([[ 2.198e+00, -3.160e-01, ...,  1.212e+00,
                        -9.692e-08],
                       [ 2.198e+00, -3.159e-01, ...,  1.212e+00,
                        -9.689e-08],
                       ...,
                       [ 2.198e+00, -3.160e-01, ...,  1.212e+00,
                        -9.707e-08],
                       [ 2.198e+00, -3.159e-01, ...,  1.212e+00,
                        -9.725e-08]]), array([ 1.595e+03,  1.595e+03,  1.595e+03,  1.595e+03,
                        1.595e+03,  1.595e+03,  1.595e+03,  1.595e+03,
                        1.595e+03]))
   param_names: ['d0', 'd1', 'e0', 'e1', 'f0', 'f1', 'g0', 'g1']
[ 2.19818706e+00 -3.16025816e-01  9.96321125e-01 -9.50544691e-04
  4.16001221e-01  1.64780981e-01  1.21225204e+00 -9.69187163e-08]
{'d0': 2.1981870617031998, 'd1': -0.3160258155160659, 'e0': 0.9963211253231652, 'e1': -0.0009505446907730971, 'f0': 0.416001220871676, 'f1': 0.16478098123742718, 'g0': 1.2122520410527744, 'g1': -9.691871627257577e-08}
-------------------
{'d0': 2.1981870617031998, 'd1': -0.3160258155160659, 'e0': 0.9963211253231652, 'e1': -0.0009505446907730971, 'f0': 0.416001220871676, 'f1': 0.16478098123742718, 'g0': 1.2122520410527744, 'g1': -9.691871627257577e-08}
Previous:  {'d0': 2.2022211814669372, 'd1': -0.29489216543744945, 'e0': 0.9887022397015288, 'e1': -0.018843453427281324, 'f0': 0.4225890161718303, 'f1': 0.17561865486809042, 'g0': 1.2161354135321933, 'g1': -1.7953293843549737e-07}
-------------------
