##############################


[[0.01   0.     0.     0.     0.     0.     0.     0.    ]
 [0.     0.01   0.     0.     0.     0.     0.     0.    ]
 [0.     0.     0.001  0.     0.     0.     0.     0.    ]
 [0.     0.     0.     0.001  0.     0.     0.     0.    ]
 [0.     0.     0.     0.     0.0005 0.     0.     0.    ]
 [0.     0.     0.     0.     0.     0.0005 0.     0.    ]
 [0.     0.     0.     0.     0.     0.     0.0001 0.    ]
 [0.     0.     0.     0.     0.     0.     0.     0.0001]]
[0.302679, 0.366459, 0.403224, 0.488191, 0.512095, 0.537169, 0.563471, 0.591061, 0.620002, 0.65036, 0.715608, 0.787402, 0.866399, 0.953321, 1.0]
dict_keys([0.302679, 0.366459, 0.403224, 0.488191, 0.512095, 0.537169, 0.563471, 0.591061, 0.620002, 0.65036, 0.715608, 0.787402, 0.866399, 0.953321, 1.0])
prev {'d0': 2.005144344652897, 'd1': 0.006887877445343709, 'e0': 1.0777857866181302, 'e1': -0.05347571527548543, 'f0': 0.42764706042992595, 'f1': 0.19790136294882166, 'g0': 1.2382704072904234, 'g1': 0.03891210715398684}
Starting ML Fit
Box30_1400
       message: Optimization terminated successfully.
       success: True
        status: 0
           fun: 1488.9805097626768
             x: [ 2.091e+00  4.696e-03  1.103e+00 -5.841e-02  4.252e-01
                  2.206e-01  1.258e+00  3.968e-02]
           nit: 560
          nfev: 835
 final_simplex: (array([[ 2.091e+00,  4.696e-03, ...,  1.258e+00,
                         3.968e-02],
                       [ 2.091e+00,  4.695e-03, ...,  1.258e+00,
                         3.968e-02],
                       ...,
                       [ 2.091e+00,  4.696e-03, ...,  1.258e+00,
                         3.968e-02],
                       [ 2.091e+00,  4.702e-03, ...,  1.258e+00,
                         3.968e-02]]), array([ 1.489e+03,  1.489e+03,  1.489e+03,  1.489e+03,
                        1.489e+03,  1.489e+03,  1.489e+03,  1.489e+03,
                        1.489e+03]))
   param_names: ['d0', 'd1', 'e0', 'e1', 'f0', 'f1', 'g0', 'g1']
[ 2.09126097  0.00469642  1.10281556 -0.05840916  0.42519063  0.22056859
  1.25750033  0.03968088]
{'d0': 2.091260965595822, 'd1': 0.004696415261061196, 'e0': 1.1028155578931593, 'e1': -0.05840915599043548, 'f0': 0.4251906284780412, 'f1': 0.22056859117367, 'g0': 1.257500329186383, 'g1': 0.03968087751023694}
-------------------
{'d0': 2.091260965595822, 'd1': 0.004696415261061196, 'e0': 1.1028155578931593, 'e1': -0.05840915599043548, 'f0': 0.4251906284780412, 'f1': 0.22056859117367, 'g0': 1.257500329186383, 'g1': 0.03968087751023694}
Previous:  {'d0': 2.005144344652897, 'd1': 0.006887877445343709, 'e0': 1.0777857866181302, 'e1': -0.05347571527548543, 'f0': 0.42764706042992595, 'f1': 0.19790136294882166, 'g0': 1.2382704072904234, 'g1': 0.03891210715398684}
-------------------
