##############################


[[0.01   0.     0.     0.     0.     0.     0.     0.    ]
 [0.     0.01   0.     0.     0.     0.     0.     0.    ]
 [0.     0.     0.001  0.     0.     0.     0.     0.    ]
 [0.     0.     0.     0.001  0.     0.     0.     0.    ]
 [0.     0.     0.     0.     0.0005 0.     0.     0.    ]
 [0.     0.     0.     0.     0.     0.0005 0.     0.    ]
 [0.     0.     0.     0.     0.     0.     0.0001 0.    ]
 [0.     0.     0.     0.     0.     0.     0.     0.0001]]
[0.302679, 0.366459, 0.403224, 0.488191, 0.512095, 0.537169, 0.563471, 0.591061, 0.620002, 0.65036, 0.715608, 0.787402, 0.866399, 0.953321, 1.0]
dict_keys([0.302679, 0.366459, 0.403224, 0.488191, 0.512095, 0.537169, 0.563471, 0.591061, 0.620002, 0.65036, 0.715608, 0.787402, 0.866399, 0.953321, 1.0])
prev {'d0': 2.116764571630239, 'd1': -0.0038527317878093814, 'e0': 1.0630364981589318, 'e1': -0.09623742062664606, 'f0': 0.4335960165187092, 'f1': 0.21084471283645173, 'g0': 1.2623151386461862, 'g1': 0.0619209173799295}
Starting ML Fit
Box40_1400
       message: Optimization terminated successfully.
       success: True
        status: 0
           fun: 1573.035327367855
             x: [ 2.150e+00 -3.975e-03  1.047e+00 -8.718e-02  4.226e-01
                  2.174e-01  1.253e+00  5.933e-02]
           nit: 560
          nfev: 851
 final_simplex: (array([[ 2.150e+00, -3.975e-03, ...,  1.253e+00,
                         5.933e-02],
                       [ 2.150e+00, -3.975e-03, ...,  1.253e+00,
                         5.934e-02],
                       ...,
                       [ 2.150e+00, -3.975e-03, ...,  1.253e+00,
                         5.934e-02],
                       [ 2.150e+00, -3.976e-03, ...,  1.253e+00,
                         5.933e-02]]), array([ 1.573e+03,  1.573e+03,  1.573e+03,  1.573e+03,
                        1.573e+03,  1.573e+03,  1.573e+03,  1.573e+03,
                        1.573e+03]))
   param_names: ['d0', 'd1', 'e0', 'e1', 'f0', 'f1', 'g0', 'g1']
[ 2.15024724 -0.00397528  1.04727122 -0.08718061  0.4226463   0.21743711
  1.25343476  0.05933076]
{'d0': 2.1502472356793545, 'd1': -0.003975277370390589, 'e0': 1.0472712217716629, 'e1': -0.08718060783283295, 'f0': 0.42264630122871116, 'f1': 0.21743711050759004, 'g0': 1.253434756453558, 'g1': 0.05933076021645403}
-------------------
{'d0': 2.1502472356793545, 'd1': -0.003975277370390589, 'e0': 1.0472712217716629, 'e1': -0.08718060783283295, 'f0': 0.42264630122871116, 'f1': 0.21743711050759004, 'g0': 1.253434756453558, 'g1': 0.05933076021645403}
Previous:  {'d0': 2.116764571630239, 'd1': -0.0038527317878093814, 'e0': 1.0630364981589318, 'e1': -0.09623742062664606, 'f0': 0.4335960165187092, 'f1': 0.21084471283645173, 'g0': 1.2623151386461862, 'g1': 0.0619209173799295}
-------------------
