alist [1.0, 0.953321, 0.866399, 0.787402, 0.715608, 0.65036, 0.620002, 0.591061, 0.563471, 0.537169, 0.512095, 0.488191, 0.403224, 0.366459, 0.302679]
Curr: Box29_1400, Prev: Box_n50_49_1400
##############################


prev {'d': 0.4415615936627828, 'e': 0.3024293914157554, 'f': 1.6344397079034252, 'g': 1.1911105494911851}
Starting ML Fit
Box29_1400
       message: Optimization terminated successfully.
       success: True
        status: 0
           fun: 102.74767277171753
             x: [ 4.461e-01  3.021e-01  1.635e+00  1.170e+00]
           nit: 79
          nfev: 140
 final_simplex: (array([[ 4.461e-01,  3.021e-01,  1.635e+00,  1.170e+00],
                       [ 4.461e-01,  3.021e-01,  1.635e+00,  1.170e+00],
                       ...,
                       [ 4.461e-01,  3.022e-01,  1.635e+00,  1.170e+00],
                       [ 4.461e-01,  3.022e-01,  1.635e+00,  1.170e+00]]), array([ 1.027e+02,  1.027e+02,  1.027e+02,  1.027e+02,
                        1.027e+02]))
   param_names: ['d', 'e', 'f', 'g']
[0.44607803 0.30212857 1.63483706 1.16995932]
{'d': 0.44607802653697104, 'e': 0.3021285656369697, 'f': 1.6348370622038706, 'g': 1.1699593239635022}
Previous:  {'d': 0.4415615936627828, 'e': 0.3024293914157554, 'f': 1.6344397079034252, 'g': 1.1911105494911851}


##############################


prev {'d': 0.44607802653697104, 'e': 0.3021285656369697, 'f': 1.6348370622038706, 'g': 1.1699593239635022}
Starting ML Fit
Box29_1400
       message: Optimization terminated successfully.
       success: True
        status: 0
           fun: 94.22678763588598
             x: [ 4.384e-01  3.016e-01  1.636e+00  1.167e+00]
           nit: 67
          nfev: 120
 final_simplex: (array([[ 4.384e-01,  3.016e-01,  1.636e+00,  1.167e+00],
                       [ 4.383e-01,  3.015e-01,  1.636e+00,  1.167e+00],
                       ...,
                       [ 4.384e-01,  3.015e-01,  1.636e+00,  1.167e+00],
                       [ 4.383e-01,  3.016e-01,  1.636e+00,  1.167e+00]]), array([ 9.423e+01,  9.423e+01,  9.423e+01,  9.423e+01,
                        9.423e+01]))
   param_names: ['d', 'e', 'f', 'g']
[0.43836165 0.30162616 1.63568588 1.16679292]
{'d': 0.4383616458982814, 'e': 0.30162616397120123, 'f': 1.635685884794253, 'g': 1.166792916741949}
Previous:  {'d': 0.44607802653697104, 'e': 0.3021285656369697, 'f': 1.6348370622038706, 'g': 1.1699593239635022}


##############################


prev {'d': 0.4383616458982814, 'e': 0.30162616397120123, 'f': 1.635685884794253, 'g': 1.166792916741949}
Starting ML Fit
Box29_1400
       message: Optimization terminated successfully.
       success: True
        status: 0
           fun: 90.46144602759276
             x: [ 4.238e-01  3.007e-01  1.637e+00  1.163e+00]
           nit: 89
          nfev: 152
 final_simplex: (array([[ 4.238e-01,  3.007e-01,  1.637e+00,  1.163e+00],
                       [ 4.238e-01,  3.007e-01,  1.637e+00,  1.163e+00],
                       ...,
                       [ 4.238e-01,  3.007e-01,  1.637e+00,  1.163e+00],
                       [ 4.237e-01,  3.006e-01,  1.637e+00,  1.163e+00]]), array([ 9.046e+01,  9.046e+01,  9.046e+01,  9.046e+01,
                        9.046e+01]))
   param_names: ['d', 'e', 'f', 'g']
[0.42375975 0.30068244 1.63715576 1.16319819]
{'d': 0.42375974797179017, 'e': 0.3006824415117987, 'f': 1.6371557557002787, 'g': 1.1631981859616491}
Previous:  {'d': 0.4383616458982814, 'e': 0.30162616397120123, 'f': 1.635685884794253, 'g': 1.166792916741949}


##############################


prev {'d': 0.42375974797179017, 'e': 0.3006824415117987, 'f': 1.6371557557002787, 'g': 1.1631981859616491}
Starting ML Fit
Box29_1400
       message: Optimization terminated successfully.
       success: True
        status: 0
           fun: 94.56801548959653
             x: [ 4.101e-01  2.993e-01  1.639e+00  1.161e+00]
           nit: 80
          nfev: 141
 final_simplex: (array([[ 4.101e-01,  2.993e-01,  1.639e+00,  1.161e+00],
                       [ 4.101e-01,  2.992e-01,  1.639e+00,  1.161e+00],
                       ...,
                       [ 4.101e-01,  2.993e-01,  1.639e+00,  1.161e+00],
                       [ 4.101e-01,  2.993e-01,  1.639e+00,  1.161e+00]]), array([ 9.457e+01,  9.457e+01,  9.457e+01,  9.457e+01,
                        9.457e+01]))
   param_names: ['d', 'e', 'f', 'g']
[0.41011299 0.29925722 1.63940102 1.16138609]
{'d': 0.4101129920307519, 'e': 0.29925722052229925, 'f': 1.6394010220427493, 'g': 1.1613860855423812}
Previous:  {'d': 0.42375974797179017, 'e': 0.3006824415117987, 'f': 1.6371557557002787, 'g': 1.1631981859616491}


##############################


prev {'d': 0.4101129920307519, 'e': 0.29925722052229925, 'f': 1.6394010220427493, 'g': 1.1613860855423812}
Starting ML Fit
Box29_1400
       message: Optimization terminated successfully.
       success: True
        status: 0
           fun: 92.32206622793835
             x: [ 3.990e-01  2.980e-01  1.642e+00  1.162e+00]
           nit: 92
          nfev: 160
 final_simplex: (array([[ 3.990e-01,  2.980e-01,  1.642e+00,  1.162e+00],
                       [ 3.990e-01,  2.979e-01,  1.642e+00,  1.162e+00],
                       ...,
                       [ 3.990e-01,  2.980e-01,  1.642e+00,  1.162e+00],
                       [ 3.990e-01,  2.980e-01,  1.642e+00,  1.162e+00]]), array([ 9.232e+01,  9.232e+01,  9.232e+01,  9.232e+01,
                        9.232e+01]))
   param_names: ['d', 'e', 'f', 'g']
[0.39897537 0.29800507 1.6416029  1.16182863]
{'d': 0.3989753655659859, 'e': 0.29800507447169033, 'f': 1.6416029024955354, 'g': 1.1618286280342551}
Previous:  {'d': 0.4101129920307519, 'e': 0.29925722052229925, 'f': 1.6394010220427493, 'g': 1.1613860855423812}


##############################


prev {'d': 0.3989753655659859, 'e': 0.29800507447169033, 'f': 1.6416029024955354, 'g': 1.1618286280342551}
Starting ML Fit
Box29_1400
       message: Optimization terminated successfully.
       success: True
        status: 0
           fun: 90.9766029718644
             x: [ 3.894e-01  2.971e-01  1.643e+00  1.164e+00]
           nit: 83
          nfev: 138
 final_simplex: (array([[ 3.894e-01,  2.971e-01,  1.643e+00,  1.164e+00],
                       [ 3.894e-01,  2.971e-01,  1.643e+00,  1.164e+00],
                       ...,
                       [ 3.894e-01,  2.970e-01,  1.643e+00,  1.164e+00],
                       [ 3.894e-01,  2.970e-01,  1.643e+00,  1.164e+00]]), array([ 9.098e+01,  9.098e+01,  9.098e+01,  9.098e+01,
                        9.098e+01]))
   param_names: ['d', 'e', 'f', 'g']
[0.38942917 0.29706295 1.64323193 1.16392384]
{'d': 0.38942916959179874, 'e': 0.2970629542686262, 'f': 1.643231929770054, 'g': 1.1639238394311753}
Previous:  {'d': 0.3989753655659859, 'e': 0.29800507447169033, 'f': 1.6416029024955354, 'g': 1.1618286280342551}


##############################


prev {'d': 0.38942916959179874, 'e': 0.2970629542686262, 'f': 1.643231929770054, 'g': 1.1639238394311753}
Starting ML Fit
Box29_1400
       message: Optimization terminated successfully.
       success: True
        status: 0
           fun: 84.19406971913837
             x: [ 3.848e-01  2.961e-01  1.645e+00  1.165e+00]
           nit: 54
          nfev: 99
 final_simplex: (array([[ 3.848e-01,  2.961e-01,  1.645e+00,  1.165e+00],
                       [ 3.849e-01,  2.962e-01,  1.645e+00,  1.165e+00],
                       ...,
                       [ 3.848e-01,  2.961e-01,  1.645e+00,  1.165e+00],
                       [ 3.848e-01,  2.960e-01,  1.645e+00,  1.165e+00]]), array([ 8.419e+01,  8.419e+01,  8.419e+01,  8.419e+01,
                        8.419e+01]))
   param_names: ['d', 'e', 'f', 'g']
[0.38484943 0.29606899 1.64499568 1.16472767]
{'d': 0.38484942922006443, 'e': 0.29606898985459246, 'f': 1.6449956807533583, 'g': 1.164727674322744}
Previous:  {'d': 0.38942916959179874, 'e': 0.2970629542686262, 'f': 1.643231929770054, 'g': 1.1639238394311753}


##############################


prev {'d': 0.38484942922006443, 'e': 0.29606898985459246, 'f': 1.6449956807533583, 'g': 1.164727674322744}
Starting ML Fit
Box29_1400
       message: Optimization terminated successfully.
       success: True
        status: 0
           fun: 85.56675542915185
             x: [ 3.798e-01  2.951e-01  1.647e+00  1.164e+00]
           nit: 57
          nfev: 106
 final_simplex: (array([[ 3.798e-01,  2.951e-01,  1.647e+00,  1.164e+00],
                       [ 3.798e-01,  2.950e-01,  1.647e+00,  1.164e+00],
                       ...,
                       [ 3.798e-01,  2.951e-01,  1.647e+00,  1.164e+00],
                       [ 3.798e-01,  2.951e-01,  1.647e+00,  1.164e+00]]), array([ 8.557e+01,  8.557e+01,  8.557e+01,  8.557e+01,
                        8.557e+01]))
   param_names: ['d', 'e', 'f', 'g']
[0.37978716 0.29507971 1.64704453 1.16418248]
{'d': 0.37978715554875947, 'e': 0.29507970789350757, 'f': 1.64704452748905, 'g': 1.1641824808979535}
Previous:  {'d': 0.38484942922006443, 'e': 0.29606898985459246, 'f': 1.6449956807533583, 'g': 1.164727674322744}


##############################


prev {'d': 0.37978715554875947, 'e': 0.29507970789350757, 'f': 1.64704452748905, 'g': 1.1641824808979535}
Starting ML Fit
Box29_1400
       message: Optimization terminated successfully.
       success: True
        status: 0
           fun: 80.2812006299459
             x: [ 3.768e-01  2.943e-01  1.649e+00  1.166e+00]
           nit: 60
          nfev: 112
 final_simplex: (array([[ 3.768e-01,  2.943e-01,  1.649e+00,  1.166e+00],
                       [ 3.768e-01,  2.943e-01,  1.649e+00,  1.166e+00],
                       ...,
                       [ 3.768e-01,  2.943e-01,  1.649e+00,  1.166e+00],
                       [ 3.768e-01,  2.943e-01,  1.649e+00,  1.166e+00]]), array([ 8.028e+01,  8.028e+01,  8.028e+01,  8.028e+01,
                        8.028e+01]))
   param_names: ['d', 'e', 'f', 'g']
[0.37676665 0.29429944 1.64862796 1.16626281]
{'d': 0.3767666531344004, 'e': 0.29429944201914926, 'f': 1.6486279593058089, 'g': 1.1662628130747439}
Previous:  {'d': 0.37978715554875947, 'e': 0.29507970789350757, 'f': 1.64704452748905, 'g': 1.1641824808979535}


##############################


prev {'d': 0.3767666531344004, 'e': 0.29429944201914926, 'f': 1.6486279593058089, 'g': 1.1662628130747439}
Starting ML Fit
Box29_1400
       message: Optimization terminated successfully.
       success: True
        status: 0
           fun: 79.97354246385784
             x: [ 3.726e-01  2.936e-01  1.650e+00  1.166e+00]
           nit: 55
          nfev: 102
 final_simplex: (array([[ 3.726e-01,  2.936e-01,  1.650e+00,  1.166e+00],
                       [ 3.726e-01,  2.936e-01,  1.650e+00,  1.166e+00],
                       ...,
                       [ 3.726e-01,  2.935e-01,  1.650e+00,  1.166e+00],
                       [ 3.727e-01,  2.935e-01,  1.650e+00,  1.166e+00]]), array([ 7.997e+01,  7.997e+01,  7.997e+01,  7.997e+01,
                        7.997e+01]))
   param_names: ['d', 'e', 'f', 'g']
[0.37264526 0.293598   1.65007142 1.16631071]
{'d': 0.37264525656864467, 'e': 0.29359799511931317, 'f': 1.650071424611437, 'g': 1.1663107082625919}
Previous:  {'d': 0.3767666531344004, 'e': 0.29429944201914926, 'f': 1.6486279593058089, 'g': 1.1662628130747439}


##############################


prev {'d': 0.37264525656864467, 'e': 0.29359799511931317, 'f': 1.650071424611437, 'g': 1.1663107082625919}
Starting ML Fit
Box29_1400
       message: Optimization terminated successfully.
       success: True
        status: 0
           fun: 77.51934848402118
             x: [ 3.730e-01  2.932e-01  1.651e+00  1.172e+00]
           nit: 69
          nfev: 125
 final_simplex: (array([[ 3.730e-01,  2.932e-01,  1.651e+00,  1.172e+00],
                       [ 3.730e-01,  2.932e-01,  1.651e+00,  1.172e+00],
                       ...,
                       [ 3.729e-01,  2.931e-01,  1.651e+00,  1.172e+00],
                       [ 3.729e-01,  2.931e-01,  1.651e+00,  1.172e+00]]), array([ 7.752e+01,  7.752e+01,  7.752e+01,  7.752e+01,
                        7.752e+01]))
   param_names: ['d', 'e', 'f', 'g']
[0.37295112 0.29317083 1.6508457  1.17219501]
{'d': 0.37295111965922423, 'e': 0.2931708332885813, 'f': 1.650845702822297, 'g': 1.1721950141176807}
Previous:  {'d': 0.37264525656864467, 'e': 0.29359799511931317, 'f': 1.650071424611437, 'g': 1.1663107082625919}


##############################


prev {'d': 0.37295111965922423, 'e': 0.2931708332885813, 'f': 1.650845702822297, 'g': 1.1721950141176807}
Starting ML Fit
Box29_1400
       message: Optimization terminated successfully.
       success: True
        status: 0
           fun: 62.934584029541305
             x: [ 3.708e-01  2.930e-01  1.651e+00  1.173e+00]
           nit: 59
          nfev: 107
 final_simplex: (array([[ 3.708e-01,  2.930e-01,  1.651e+00,  1.173e+00],
                       [ 3.708e-01,  2.931e-01,  1.651e+00,  1.173e+00],
                       ...,
                       [ 3.708e-01,  2.931e-01,  1.651e+00,  1.173e+00],
                       [ 3.708e-01,  2.930e-01,  1.651e+00,  1.173e+00]]), array([ 6.293e+01,  6.293e+01,  6.293e+01,  6.293e+01,
                        6.293e+01]))
   param_names: ['d', 'e', 'f', 'g']
[0.37077754 0.29303225 1.65106635 1.17301434]
{'d': 0.3707775434771885, 'e': 0.29303225013271395, 'f': 1.6510663469465268, 'g': 1.1730143396812855}
Previous:  {'d': 0.37295111965922423, 'e': 0.2931708332885813, 'f': 1.650845702822297, 'g': 1.1721950141176807}


##############################


prev {'d': 0.3707775434771885, 'e': 0.29303225013271395, 'f': 1.6510663469465268, 'g': 1.1730143396812855}
Starting ML Fit
Box29_1400
       message: Optimization terminated successfully.
       success: True
        status: 0
           fun: 55.12982735784306
             x: [ 3.621e-01  2.931e-01  1.651e+00  1.174e+00]
           nit: 78
          nfev: 138
 final_simplex: (array([[ 3.621e-01,  2.931e-01,  1.651e+00,  1.174e+00],
                       [ 3.620e-01,  2.930e-01,  1.651e+00,  1.174e+00],
                       ...,
                       [ 3.620e-01,  2.931e-01,  1.651e+00,  1.174e+00],
                       [ 3.620e-01,  2.930e-01,  1.651e+00,  1.174e+00]]), array([ 5.513e+01,  5.513e+01,  5.513e+01,  5.513e+01,
                        5.513e+01]))
   param_names: ['d', 'e', 'f', 'g']
[0.36207774 0.29307538 1.65108455 1.17443754]
{'d': 0.3620777413805826, 'e': 0.29307538309276643, 'f': 1.6510845534123213, 'g': 1.174437541721983}
Previous:  {'d': 0.3707775434771885, 'e': 0.29303225013271395, 'f': 1.6510663469465268, 'g': 1.1730143396812855}


##############################


prev {'d': 0.3620777413805826, 'e': 0.29307538309276643, 'f': 1.6510845534123213, 'g': 1.174437541721983}
Starting ML Fit
Box29_1400
       message: Optimization terminated successfully.
       success: True
        status: 0
           fun: 41.35692069872956
             x: [ 3.613e-01  2.932e-01  1.651e+00  1.177e+00]
           nit: 59
          nfev: 112
 final_simplex: (array([[ 3.613e-01,  2.932e-01,  1.651e+00,  1.177e+00],
                       [ 3.613e-01,  2.933e-01,  1.651e+00,  1.177e+00],
                       ...,
                       [ 3.613e-01,  2.932e-01,  1.651e+00,  1.177e+00],
                       [ 3.613e-01,  2.933e-01,  1.651e+00,  1.177e+00]]), array([ 4.136e+01,  4.136e+01,  4.136e+01,  4.136e+01,
                        4.136e+01]))
   param_names: ['d', 'e', 'f', 'g']
[0.36129209 0.29321801 1.65079044 1.1773062 ]
{'d': 0.3612920930118197, 'e': 0.29321801373794554, 'f': 1.6507904447035506, 'g': 1.1773061965019607}
Previous:  {'d': 0.3620777413805826, 'e': 0.29307538309276643, 'f': 1.6510845534123213, 'g': 1.174437541721983}


##############################


prev {'d': 0.3612920930118197, 'e': 0.29321801373794554, 'f': 1.6507904447035506, 'g': 1.1773061965019607}
Starting ML Fit
Box29_1400
       message: Optimization terminated successfully.
       success: True
        status: 0
           fun: 26.656857865359655
             x: [ 3.467e-01  2.933e-01  1.651e+00  1.173e+00]
           nit: 82
          nfev: 142
 final_simplex: (array([[ 3.467e-01,  2.933e-01,  1.651e+00,  1.173e+00],
                       [ 3.467e-01,  2.933e-01,  1.651e+00,  1.173e+00],
                       ...,
                       [ 3.466e-01,  2.933e-01,  1.651e+00,  1.173e+00],
                       [ 3.467e-01,  2.932e-01,  1.651e+00,  1.173e+00]]), array([ 2.666e+01,  2.666e+01,  2.666e+01,  2.666e+01,
                        2.666e+01]))
   param_names: ['d', 'e', 'f', 'g']
[0.34670032 0.29325141 1.65067852 1.1728288 ]
{'d': 0.3467003177377752, 'e': 0.2932514079591604, 'f': 1.6506785173979355, 'g': 1.1728287963401933}
Previous:  {'d': 0.3612920930118197, 'e': 0.29321801373794554, 'f': 1.6507904447035506, 'g': 1.1773061965019607}


