##############################


[0.302679, 0.366459, 0.403224, 0.488191, 0.512095, 0.537169, 0.563471, 0.591061, 0.620002, 0.65036, 0.715608, 0.787402, 0.866399, 0.953321, 1.0]
dict_keys([0.302679, 0.366459, 0.403224, 0.488191, 0.512095, 0.537169, 0.563471, 0.591061, 0.620002, 0.65036, 0.715608, 0.787402, 0.866399, 0.953321, 1.0])
prev {'d0': 2.1438585926247855, 'd1': -0.12275029176657301, 'e0': 0.8838811221448504, 'e1': -0.014662611656270053, 'f0': 0.4807005300734476, 'f1': 0.18989882680203318, 'g0': 1.2068220549466089, 'g1': -0.014121738054597733}
Starting ML Fit
Box33_1400
       message: Optimization terminated successfully.
       success: True
        status: 0
           fun: 1290.2108575682878
             x: [ 2.239e+00 -1.297e-01  9.554e-01 -1.448e-02  4.400e-01
                  1.952e-01  1.239e+00 -1.218e-02]
           nit: 545
          nfev: 822
 final_simplex: (array([[ 2.239e+00, -1.297e-01, ...,  1.239e+00,
                        -1.218e-02],
                       [ 2.239e+00, -1.297e-01, ...,  1.239e+00,
                        -1.218e-02],
                       ...,
                       [ 2.239e+00, -1.297e-01, ...,  1.239e+00,
                        -1.219e-02],
                       [ 2.239e+00, -1.296e-01, ...,  1.239e+00,
                        -1.219e-02]]), array([ 1.290e+03,  1.290e+03,  1.290e+03,  1.290e+03,
                        1.290e+03,  1.290e+03,  1.290e+03,  1.290e+03,
                        1.290e+03]))
   param_names: ['d0', 'd1', 'e0', 'e1', 'f0', 'f1', 'g0', 'g1']
[ 2.23853995 -0.12967945  0.95540124 -0.01447591  0.43999028  0.19522032
  1.23862327 -0.01218161]
{'d0': 2.238539947278986, 'd1': -0.12967944827579375, 'e0': 0.955401238973113, 'e1': -0.014475913148371855, 'f0': 0.4399902751648087, 'f1': 0.19522032113057278, 'g0': 1.2386232667560835, 'g1': -0.012181614600943}
-------------------
{'d0': 2.238539947278986, 'd1': -0.12967944827579375, 'e0': 0.955401238973113, 'e1': -0.014475913148371855, 'f0': 0.4399902751648087, 'f1': 0.19522032113057278, 'g0': 1.2386232667560835, 'g1': -0.012181614600943}
Previous:  {'d0': 2.1438585926247855, 'd1': -0.12275029176657301, 'e0': 0.8838811221448504, 'e1': -0.014662611656270053, 'f0': 0.4807005300734476, 'f1': 0.18989882680203318, 'g0': 1.2068220549466089, 'g1': -0.014121738054597733}
-------------------
