##############################


[[0.01   0.     0.     0.     0.     0.     0.     0.    ]
 [0.     0.01   0.     0.     0.     0.     0.     0.    ]
 [0.     0.     0.001  0.     0.     0.     0.     0.    ]
 [0.     0.     0.     0.001  0.     0.     0.     0.    ]
 [0.     0.     0.     0.     0.0005 0.     0.     0.    ]
 [0.     0.     0.     0.     0.     0.0005 0.     0.    ]
 [0.     0.     0.     0.     0.     0.     0.0001 0.    ]
 [0.     0.     0.     0.     0.     0.     0.     0.0001]]
[0.302679, 0.366459, 0.403224, 0.488191, 0.512095, 0.537169, 0.563471, 0.591061, 0.620002, 0.65036, 0.715608, 0.787402, 0.866399, 0.953321, 1.0]
dict_keys([0.302679, 0.366459, 0.403224, 0.488191, 0.512095, 0.537169, 0.563471, 0.591061, 0.620002, 0.65036, 0.715608, 0.787402, 0.866399, 0.953321, 1.0])
prev {'d0': 1.561629548361318, 'd1': -0.18206809022422962, 'e0': 1.968005247901028, 'e1': 0.014440869014013123, 'f0': 0.27253720090217026, 'f1': 0.1918215525509978, 'g0': 1.183835552523416, 'g1': 0.02682737914413967}
Starting ML Fit
Box_n50_33_1400
       message: Optimization terminated successfully.
       success: True
        status: 0
           fun: 1769.147180516318
             x: [ 1.485e+00 -1.373e-01  1.951e+00  1.978e-02  2.987e-01
                  1.808e-01  1.179e+00  2.251e-02]
           nit: 662
          nfev: 994
 final_simplex: (array([[ 1.485e+00, -1.373e-01, ...,  1.179e+00,
                         2.251e-02],
                       [ 1.485e+00, -1.373e-01, ...,  1.179e+00,
                         2.251e-02],
                       ...,
                       [ 1.485e+00, -1.373e-01, ...,  1.179e+00,
                         2.252e-02],
                       [ 1.485e+00, -1.373e-01, ...,  1.179e+00,
                         2.251e-02]]), array([ 1.769e+03,  1.769e+03,  1.769e+03,  1.769e+03,
                        1.769e+03,  1.769e+03,  1.769e+03,  1.769e+03,
                        1.769e+03]))
   param_names: ['d0', 'd1', 'e0', 'e1', 'f0', 'f1', 'g0', 'g1']
[ 1.48484831 -0.13731243  1.95122022  0.0197817   0.29865859  0.18080758
  1.17921789  0.02251345]
{'d0': 1.4848483125219996, 'd1': -0.13731243173004343, 'e0': 1.951220218274979, 'e1': 0.019781695619223653, 'f0': 0.2986585889768453, 'f1': 0.18080757924412744, 'g0': 1.179217894118365, 'g1': 0.02251345361746096}
-------------------
{'d0': 1.4848483125219996, 'd1': -0.13731243173004343, 'e0': 1.951220218274979, 'e1': 0.019781695619223653, 'f0': 0.2986585889768453, 'f1': 0.18080757924412744, 'g0': 1.179217894118365, 'g1': 0.02251345361746096}
Previous:  {'d0': 1.561629548361318, 'd1': -0.18206809022422962, 'e0': 1.968005247901028, 'e1': 0.014440869014013123, 'f0': 0.27253720090217026, 'f1': 0.1918215525509978, 'g0': 1.183835552523416, 'g1': 0.02682737914413967}
-------------------
