alist [1.0, 0.953321, 0.866399, 0.787402, 0.715608, 0.65036, 0.620002, 0.591061, 0.563471, 0.537169, 0.512095, 0.488191, 0.403224, 0.366459, 0.302679]
Curr: Box_n50_26_1400, Prev: Box_n50_35_1400
##############################


prev {'d': 2.0017517033250645, 'e': 1.0426483607150716, 'f': 0.5278713507852592, 'g': 1.2400059429851173}
Starting ML Fit
Box_n50_26_1400
       message: Optimization terminated successfully.
       success: True
        status: 0
           fun: 118.88463631300854
             x: [ 1.936e+00  1.077e+00  5.348e-01  1.235e+00]
           nit: 85
          nfev: 156
 final_simplex: (array([[ 1.936e+00,  1.077e+00,  5.348e-01,  1.235e+00],
                       [ 1.936e+00,  1.077e+00,  5.348e-01,  1.235e+00],
                       ...,
                       [ 1.936e+00,  1.077e+00,  5.348e-01,  1.235e+00],
                       [ 1.936e+00,  1.077e+00,  5.348e-01,  1.235e+00]]), array([ 1.189e+02,  1.189e+02,  1.189e+02,  1.189e+02,
                        1.189e+02]))
   param_names: ['d', 'e', 'f', 'g']
[1.9359902  1.07703852 0.53482183 1.23535648]
{'d': 1.9359901999000504, 'e': 1.077038517135488, 'f': 0.5348218266522458, 'g': 1.235356479719468}
Previous:  {'d': 2.0017517033250645, 'e': 1.0426483607150716, 'f': 0.5278713507852592, 'g': 1.2400059429851173}


##############################


asserting exponential supression start at lower masses
prev {'d': 1.9359901999000504, 'e': 1.077038517135488, 'f': 0.5348218266522458, 'g': 1.235356479719468}
Starting ML Fit
Box_n50_26_1400
       message: Optimization terminated successfully.
       success: True
        status: 0
           fun: 113.16646895736505
             x: [ 1.997e+00  1.034e+00  5.385e-01  1.235e+00]
           nit: 124
          nfev: 214
 final_simplex: (array([[ 1.997e+00,  1.034e+00,  5.385e-01,  1.235e+00],
                       [ 1.997e+00,  1.034e+00,  5.385e-01,  1.235e+00],
                       ...,
                       [ 1.997e+00,  1.034e+00,  5.385e-01,  1.235e+00],
                       [ 1.997e+00,  1.034e+00,  5.385e-01,  1.235e+00]]), array([ 1.132e+02,  1.132e+02,  1.132e+02,  1.132e+02,
                        1.132e+02]))
   param_names: ['d', 'e', 'f', 'g']
[1.99699781 1.03417918 0.5384898  1.2353566 ]
{'d': 1.9969978128111097, 'e': 1.0341791848048552, 'f': 0.5384898001771162, 'g': 1.2353566028539955}
Previous:  {'d': 1.9359901999000504, 'e': 1.077038517135488, 'f': 0.5348218266522458, 'g': 1.235356479719468}


##############################


asserting exponential supression start at lower masses
prev {'d': 1.9969978128111097, 'e': 1.0341791848048552, 'f': 0.5384898001771162, 'g': 1.2353566028539955}
Starting ML Fit
Box_n50_26_1400
       message: Optimization terminated successfully.
       success: True
        status: 0
           fun: 114.12832342554731
             x: [ 2.070e+00  9.864e-01  5.372e-01  1.237e+00]
           nit: 99
          nfev: 178
 final_simplex: (array([[ 2.070e+00,  9.864e-01,  5.372e-01,  1.237e+00],
                       [ 2.070e+00,  9.863e-01,  5.372e-01,  1.237e+00],
                       ...,
                       [ 2.070e+00,  9.864e-01,  5.372e-01,  1.237e+00],
                       [ 2.070e+00,  9.863e-01,  5.372e-01,  1.237e+00]]), array([ 1.141e+02,  1.141e+02,  1.141e+02,  1.141e+02,
                        1.141e+02]))
   param_names: ['d', 'e', 'f', 'g']
[2.06962242 0.98636502 0.53721198 1.23744513]
{'d': 2.0696224226780418, 'e': 0.986365015288243, 'f': 0.5372119792664625, 'g': 1.2374451306590823}
Previous:  {'d': 1.9969978128111097, 'e': 1.0341791848048552, 'f': 0.5384898001771162, 'g': 1.2353566028539955}


##############################


asserting exponential supression start at lower masses
prev {'d': 2.0696224226780418, 'e': 0.986365015288243, 'f': 0.5372119792664625, 'g': 1.2374451306590823}
Starting ML Fit
Box_n50_26_1400
       message: Optimization terminated successfully.
       success: True
        status: 0
           fun: 107.43448084406583
             x: [ 2.140e+00  9.468e-01  5.356e-01  1.240e+00]
           nit: 115
          nfev: 203
 final_simplex: (array([[ 2.140e+00,  9.468e-01,  5.356e-01,  1.240e+00],
                       [ 2.140e+00,  9.468e-01,  5.356e-01,  1.240e+00],
                       ...,
                       [ 2.140e+00,  9.468e-01,  5.356e-01,  1.240e+00],
                       [ 2.140e+00,  9.468e-01,  5.356e-01,  1.240e+00]]), array([ 1.074e+02,  1.074e+02,  1.074e+02,  1.074e+02,
                        1.074e+02]))
   param_names: ['d', 'e', 'f', 'g']
[2.13986426 0.94676034 0.53556821 1.23957367]
{'d': 2.13986425611467, 'e': 0.9467603441510124, 'f': 0.5355682094626651, 'g': 1.2395736711703387}
Previous:  {'d': 2.0696224226780418, 'e': 0.986365015288243, 'f': 0.5372119792664625, 'g': 1.2374451306590823}


##############################


asserting exponential supression start at lower masses
prev {'d': 2.13986425611467, 'e': 0.9467603441510124, 'f': 0.5355682094626651, 'g': 1.2395736711703387}
Starting ML Fit
Box_n50_26_1400
       message: Optimization terminated successfully.
       success: True
        status: 0
           fun: 105.88474846320602
             x: [ 2.230e+00  9.230e-01  5.305e-01  1.244e+00]
           nit: 96
          nfev: 171
 final_simplex: (array([[ 2.230e+00,  9.230e-01,  5.305e-01,  1.244e+00],
                       [ 2.230e+00,  9.230e-01,  5.305e-01,  1.244e+00],
                       ...,
                       [ 2.230e+00,  9.231e-01,  5.305e-01,  1.244e+00],
                       [ 2.230e+00,  9.230e-01,  5.305e-01,  1.244e+00]]), array([ 1.059e+02,  1.059e+02,  1.059e+02,  1.059e+02,
                        1.059e+02]))
   param_names: ['d', 'e', 'f', 'g']
[2.2297787  0.92304301 0.53047551 1.24446293]
{'d': 2.229778701979606, 'e': 0.9230430139724504, 'f': 0.5304755122876788, 'g': 1.244462929082955}
Previous:  {'d': 2.13986425611467, 'e': 0.9467603441510124, 'f': 0.5355682094626651, 'g': 1.2395736711703387}


##############################


asserting exponential supression start at lower masses
prev {'d': 2.229778701979606, 'e': 0.9230430139724504, 'f': 0.5304755122876788, 'g': 1.244462929082955}
Starting ML Fit
Box_n50_26_1400
       message: Optimization terminated successfully.
       success: True
        status: 0
           fun: 97.94204212215517
             x: [ 2.287e+00  9.003e-01  5.272e-01  1.248e+00]
           nit: 110
          nfev: 195
 final_simplex: (array([[ 2.287e+00,  9.003e-01,  5.272e-01,  1.248e+00],
                       [ 2.286e+00,  9.003e-01,  5.272e-01,  1.248e+00],
                       ...,
                       [ 2.287e+00,  9.003e-01,  5.272e-01,  1.248e+00],
                       [ 2.286e+00,  9.003e-01,  5.272e-01,  1.248e+00]]), array([ 9.794e+01,  9.794e+01,  9.794e+01,  9.794e+01,
                        9.794e+01]))
   param_names: ['d', 'e', 'f', 'g']
[2.2865407  0.9003184  0.52722907 1.24790343]
{'d': 2.286540698491554, 'e': 0.9003183971757032, 'f': 0.5272290713402628, 'g': 1.2479034296777778}
Previous:  {'d': 2.229778701979606, 'e': 0.9230430139724504, 'f': 0.5304755122876788, 'g': 1.244462929082955}


##############################


asserting exponential supression start at lower masses
prev {'d': 2.286540698491554, 'e': 0.9003183971757032, 'f': 0.5272290713402628, 'g': 1.2479034296777778}
Starting ML Fit
Box_n50_26_1400
       message: Optimization terminated successfully.
       success: True
        status: 0
           fun: 95.9856464287142
             x: [ 2.316e+00  8.952e-01  5.243e-01  1.251e+00]
           nit: 117
          nfev: 205
 final_simplex: (array([[ 2.316e+00,  8.952e-01,  5.243e-01,  1.251e+00],
                       [ 2.316e+00,  8.952e-01,  5.243e-01,  1.251e+00],
                       ...,
                       [ 2.316e+00,  8.952e-01,  5.243e-01,  1.251e+00],
                       [ 2.316e+00,  8.951e-01,  5.244e-01,  1.251e+00]]), array([ 9.599e+01,  9.599e+01,  9.599e+01,  9.599e+01,
                        9.599e+01]))
   param_names: ['d', 'e', 'f', 'g']
[2.31576077 0.89519038 0.52433406 1.25117026]
{'d': 2.315760767868415, 'e': 0.8951903783414749, 'f': 0.5243340615457079, 'g': 1.2511702603132029}
Previous:  {'d': 2.286540698491554, 'e': 0.9003183971757032, 'f': 0.5272290713402628, 'g': 1.2479034296777778}


##############################


asserting exponential supression start at lower masses
prev {'d': 2.315760767868415, 'e': 0.8951903783414749, 'f': 0.5243340615457079, 'g': 1.2511702603132029}
Starting ML Fit
Box_n50_26_1400
       message: Optimization terminated successfully.
       success: True
        status: 0
           fun: 101.89029178060694
             x: [ 2.338e+00  8.867e-01  5.227e-01  1.254e+00]
           nit: 89
          nfev: 158
 final_simplex: (array([[ 2.338e+00,  8.867e-01,  5.227e-01,  1.254e+00],
                       [ 2.338e+00,  8.866e-01,  5.227e-01,  1.254e+00],
                       ...,
                       [ 2.338e+00,  8.867e-01,  5.227e-01,  1.254e+00],
                       [ 2.338e+00,  8.867e-01,  5.227e-01,  1.254e+00]]), array([ 1.019e+02,  1.019e+02,  1.019e+02,  1.019e+02,
                        1.019e+02]))
   param_names: ['d', 'e', 'f', 'g']
[2.33793334 0.8866685  0.52272509 1.25354316]
{'d': 2.337933336217519, 'e': 0.8866684991397942, 'f': 0.5227250872644114, 'g': 1.2535431645052324}
Previous:  {'d': 2.315760767868415, 'e': 0.8951903783414749, 'f': 0.5243340615457079, 'g': 1.2511702603132029}


##############################


asserting exponential supression start at lower masses
prev {'d': 2.337933336217519, 'e': 0.8866684991397942, 'f': 0.5227250872644114, 'g': 1.2535431645052324}
Starting ML Fit
Box_n50_26_1400
       message: Optimization terminated successfully.
       success: True
        status: 0
           fun: 94.81586145246011
             x: [ 2.374e+00  8.852e-01  5.188e-01  1.257e+00]
           nit: 128
          nfev: 223
 final_simplex: (array([[ 2.374e+00,  8.852e-01,  5.188e-01,  1.257e+00],
                       [ 2.374e+00,  8.852e-01,  5.188e-01,  1.257e+00],
                       ...,
                       [ 2.374e+00,  8.852e-01,  5.188e-01,  1.257e+00],
                       [ 2.374e+00,  8.852e-01,  5.188e-01,  1.257e+00]]), array([ 9.482e+01,  9.482e+01,  9.482e+01,  9.482e+01,
                        9.482e+01]))
   param_names: ['d', 'e', 'f', 'g']
[2.37411912 0.88517997 0.51882331 1.25702287]
{'d': 2.37411911630619, 'e': 0.8851799694022642, 'f': 0.5188233085766523, 'g': 1.2570228706412165}
Previous:  {'d': 2.337933336217519, 'e': 0.8866684991397942, 'f': 0.5227250872644114, 'g': 1.2535431645052324}


##############################


asserting exponential supression start at lower masses
prev {'d': 2.37411911630619, 'e': 0.8851799694022642, 'f': 0.5188233085766523, 'g': 1.2570228706412165}
Starting ML Fit
Box_n50_26_1400
       message: Optimization terminated successfully.
       success: True
        status: 0
           fun: 96.38903514103595
             x: [ 2.400e+00  8.825e-01  5.156e-01  1.260e+00]
           nit: 90
          nfev: 160
 final_simplex: (array([[ 2.400e+00,  8.825e-01,  5.156e-01,  1.260e+00],
                       [ 2.400e+00,  8.825e-01,  5.156e-01,  1.260e+00],
                       ...,
                       [ 2.400e+00,  8.825e-01,  5.156e-01,  1.260e+00],
                       [ 2.400e+00,  8.825e-01,  5.156e-01,  1.260e+00]]), array([ 9.639e+01,  9.639e+01,  9.639e+01,  9.639e+01,
                        9.639e+01]))
   param_names: ['d', 'e', 'f', 'g']
[2.40010462 0.88253157 0.51557731 1.25997765]
{'d': 2.40010462259929, 'e': 0.8825315710202245, 'f': 0.5155773096681195, 'g': 1.2599776507882916}
Previous:  {'d': 2.37411911630619, 'e': 0.8851799694022642, 'f': 0.5188233085766523, 'g': 1.2570228706412165}


##############################


asserting exponential supression start at lower masses
prev {'d': 2.40010462259929, 'e': 0.8825315710202245, 'f': 0.5155773096681195, 'g': 1.2599776507882916}
Starting ML Fit
Box_n50_26_1400
       message: Optimization terminated successfully.
       success: True
        status: 0
           fun: 95.25183305297526
             x: [ 2.416e+00  8.769e-01  5.138e-01  1.262e+00]
           nit: 97
          nfev: 167
 final_simplex: (array([[ 2.416e+00,  8.769e-01,  5.138e-01,  1.262e+00],
                       [ 2.416e+00,  8.769e-01,  5.138e-01,  1.262e+00],
                       ...,
                       [ 2.416e+00,  8.769e-01,  5.138e-01,  1.262e+00],
                       [ 2.416e+00,  8.769e-01,  5.138e-01,  1.262e+00]]), array([ 9.525e+01,  9.525e+01,  9.525e+01,  9.525e+01,
                        9.525e+01]))
   param_names: ['d', 'e', 'f', 'g']
[2.41583325 0.87693151 0.51381392 1.26157167]
{'d': 2.4158332452887743, 'e': 0.87693150896031, 'f': 0.5138139244519236, 'g': 1.2615716709121907}
Previous:  {'d': 2.40010462259929, 'e': 0.8825315710202245, 'f': 0.5155773096681195, 'g': 1.2599776507882916}


##############################


asserting exponential supression start at lower masses
prev {'d': 2.4158332452887743, 'e': 0.87693150896031, 'f': 0.5138139244519236, 'g': 1.2615716709121907}
Starting ML Fit
Box_n50_26_1400
       message: Optimization terminated successfully.
       success: True
        status: 0
           fun: 88.5198815686764
             x: [ 2.435e+00  8.720e-01  5.121e-01  1.263e+00]
           nit: 85
          nfev: 153
 final_simplex: (array([[ 2.435e+00,  8.720e-01,  5.121e-01,  1.263e+00],
                       [ 2.435e+00,  8.720e-01,  5.121e-01,  1.263e+00],
                       ...,
                       [ 2.435e+00,  8.720e-01,  5.121e-01,  1.263e+00],
                       [ 2.435e+00,  8.720e-01,  5.121e-01,  1.263e+00]]), array([ 8.852e+01,  8.852e+01,  8.852e+01,  8.852e+01,
                        8.852e+01]))
   param_names: ['d', 'e', 'f', 'g']
[2.43534779 0.87197842 0.51210197 1.26277517]
{'d': 2.435347785561504, 'e': 0.8719784242969838, 'f': 0.5121019656252099, 'g': 1.2627751726741512}
Previous:  {'d': 2.4158332452887743, 'e': 0.87693150896031, 'f': 0.5138139244519236, 'g': 1.2615716709121907}


##############################


asserting exponential supression start at lower masses
prev {'d': 2.435347785561504, 'e': 0.8719784242969838, 'f': 0.5121019656252099, 'g': 1.2627751726741512}
Starting ML Fit
Box_n50_26_1400
       message: Optimization terminated successfully.
       success: True
        status: 0
           fun: 68.38107291410412
             x: [ 2.488e+00  8.421e-01  5.115e-01  1.263e+00]
           nit: 154
          nfev: 260
 final_simplex: (array([[ 2.488e+00,  8.421e-01,  5.115e-01,  1.263e+00],
                       [ 2.488e+00,  8.421e-01,  5.115e-01,  1.263e+00],
                       ...,
                       [ 2.488e+00,  8.421e-01,  5.115e-01,  1.263e+00],
                       [ 2.488e+00,  8.421e-01,  5.115e-01,  1.263e+00]]), array([ 6.838e+01,  6.838e+01,  6.838e+01,  6.838e+01,
                        6.838e+01]))
   param_names: ['d', 'e', 'f', 'g']
[2.48797048 0.84212903 0.51150914 1.26277552]
{'d': 2.487970484739444, 'e': 0.8421290313511929, 'f': 0.5115091400981744, 'g': 1.2627755224865602}
Previous:  {'d': 2.435347785561504, 'e': 0.8719784242969838, 'f': 0.5121019656252099, 'g': 1.2627751726741512}


##############################


asserting exponential supression start at lower masses
prev {'d': 2.487970484739444, 'e': 0.8421290313511929, 'f': 0.5115091400981744, 'g': 1.2627755224865602}
Starting ML Fit
Box_n50_26_1400
       message: Optimization terminated successfully.
       success: True
        status: 0
           fun: 60.776668954529896
             x: [ 2.519e+00  8.294e-01  5.115e-01  1.263e+00]
           nit: 131
          nfev: 227
 final_simplex: (array([[ 2.519e+00,  8.294e-01,  5.115e-01,  1.263e+00],
                       [ 2.519e+00,  8.294e-01,  5.116e-01,  1.263e+00],
                       ...,
                       [ 2.519e+00,  8.294e-01,  5.115e-01,  1.263e+00],
                       [ 2.519e+00,  8.294e-01,  5.115e-01,  1.263e+00]]), array([ 6.078e+01,  6.078e+01,  6.078e+01,  6.078e+01,
                        6.078e+01]))
   param_names: ['d', 'e', 'f', 'g']
[2.51859026 0.82943502 0.51153892 1.26277564]
{'d': 2.5185902560266564, 'e': 0.8294350199216873, 'f': 0.5115389242085697, 'g': 1.2627756446846554}
Previous:  {'d': 2.487970484739444, 'e': 0.8421290313511929, 'f': 0.5115091400981744, 'g': 1.2627755224865602}


##############################


asserting exponential supression start at lower masses
prev {'d': 2.5185902560266564, 'e': 0.8294350199216873, 'f': 0.5115389242085697, 'g': 1.2627756446846554}
Starting ML Fit
Box_n50_26_1400
       message: Optimization terminated successfully.
       success: True
        status: 0
           fun: 49.98243198858562
             x: [ 2.502e+00  8.172e-01  5.123e-01  1.263e+00]
           nit: 240
          nfev: 408
 final_simplex: (array([[ 2.502e+00,  8.172e-01,  5.123e-01,  1.263e+00],
                       [ 2.502e+00,  8.172e-01,  5.123e-01,  1.263e+00],
                       ...,
                       [ 2.502e+00,  8.172e-01,  5.123e-01,  1.263e+00],
                       [ 2.502e+00,  8.172e-01,  5.123e-01,  1.263e+00]]), array([ 4.998e+01,  4.998e+01,  4.998e+01,  4.998e+01,
                        4.998e+01]))
   param_names: ['d', 'e', 'f', 'g']
[2.50188004 0.81717576 0.51234102 1.26277571]
{'d': 2.501880044868746, 'e': 0.8171757558079827, 'f': 0.51234101952322, 'g': 1.262775712841017}
Previous:  {'d': 2.5185902560266564, 'e': 0.8294350199216873, 'f': 0.5115389242085697, 'g': 1.2627756446846554}


