alist [1.0, 0.953321, 0.866399, 0.787402, 0.715608, 0.65036, 0.620002, 0.591061, 0.563471, 0.537169, 0.512095, 0.488191, 0.403224, 0.366459, 0.302679]
Curr: Box_n50_1_1400, Prev: Box_n50_35_1400
##############################


prev {'d': 0.4505842509430425, 'e': 0.3014836400708509, 'f': 1.6198223998939076, 'g': 1.1934263923263209}
Starting ML Fit
Box_n50_1_1400
       message: Optimization terminated successfully.
       success: True
        status: 0
           fun: 121.54888221788634
             x: [ 4.403e-01  3.018e-01  1.619e+00  1.187e+00]
           nit: 77
          nfev: 143
 final_simplex: (array([[ 4.403e-01,  3.018e-01,  1.619e+00,  1.187e+00],
                       [ 4.403e-01,  3.018e-01,  1.619e+00,  1.187e+00],
                       ...,
                       [ 4.403e-01,  3.018e-01,  1.619e+00,  1.187e+00],
                       [ 4.403e-01,  3.018e-01,  1.619e+00,  1.187e+00]]), array([ 1.215e+02,  1.215e+02,  1.215e+02,  1.215e+02,
                        1.215e+02]))
   param_names: ['d', 'e', 'f', 'g']
[0.4403139  0.30176543 1.61872825 1.18730233]
{'d': 0.44031389781563457, 'e': 0.30176542692878794, 'f': 1.6187282479093996, 'g': 1.187302331317675}
Previous:  {'d': 0.4505842509430425, 'e': 0.3014836400708509, 'f': 1.6198223998939076, 'g': 1.1934263923263209}


##############################


prev {'d': 0.44031389781563457, 'e': 0.30176542692878794, 'f': 1.6187282479093996, 'g': 1.187302331317675}
Starting ML Fit
Box_n50_1_1400
       message: Optimization terminated successfully.
       success: True
        status: 0
           fun: 117.8887972959056
             x: [ 4.333e-01  3.015e-01  1.624e+00  1.185e+00]
           nit: 66
          nfev: 122
 final_simplex: (array([[ 4.333e-01,  3.015e-01,  1.624e+00,  1.185e+00],
                       [ 4.333e-01,  3.015e-01,  1.624e+00,  1.185e+00],
                       ...,
                       [ 4.333e-01,  3.015e-01,  1.624e+00,  1.185e+00],
                       [ 4.333e-01,  3.015e-01,  1.624e+00,  1.185e+00]]), array([ 1.179e+02,  1.179e+02,  1.179e+02,  1.179e+02,
                        1.179e+02]))
   param_names: ['d', 'e', 'f', 'g']
[0.43326886 0.30145815 1.6237335  1.18526938]
{'d': 0.4332688568584919, 'e': 0.3014581487150314, 'f': 1.6237334992619419, 'g': 1.1852693777497636}
Previous:  {'d': 0.44031389781563457, 'e': 0.30176542692878794, 'f': 1.6187282479093996, 'g': 1.187302331317675}


##############################


prev {'d': 0.4332688568584919, 'e': 0.3014581487150314, 'f': 1.6237334992619419, 'g': 1.1852693777497636}
Starting ML Fit
Box_n50_1_1400
       message: Optimization terminated successfully.
       success: True
        status: 0
           fun: 122.90489905649562
             x: [ 4.199e-01  3.007e-01  1.635e+00  1.183e+00]
           nit: 100
          nfev: 171
 final_simplex: (array([[ 4.199e-01,  3.007e-01,  1.635e+00,  1.183e+00],
                       [ 4.199e-01,  3.007e-01,  1.635e+00,  1.183e+00],
                       ...,
                       [ 4.199e-01,  3.007e-01,  1.635e+00,  1.183e+00],
                       [ 4.199e-01,  3.007e-01,  1.635e+00,  1.183e+00]]), array([ 1.229e+02,  1.229e+02,  1.229e+02,  1.229e+02,
                        1.229e+02]))
   param_names: ['d', 'e', 'f', 'g']
[0.41990518 0.30070574 1.63488133 1.18290222]
{'d': 0.41990517762735385, 'e': 0.3007057400992267, 'f': 1.6348813340577317, 'g': 1.1829022231614434}
Previous:  {'d': 0.4332688568584919, 'e': 0.3014581487150314, 'f': 1.6237334992619419, 'g': 1.1852693777497636}


##############################


prev {'d': 0.41990517762735385, 'e': 0.3007057400992267, 'f': 1.6348813340577317, 'g': 1.1829022231614434}
Starting ML Fit
Box_n50_1_1400
       message: Optimization terminated successfully.
       success: True
        status: 0
           fun: 116.96149046530866
             x: [ 4.077e-01  2.993e-01  1.655e+00  1.182e+00]
           nit: 75
          nfev: 134
 final_simplex: (array([[ 4.077e-01,  2.993e-01,  1.655e+00,  1.182e+00],
                       [ 4.077e-01,  2.993e-01,  1.655e+00,  1.182e+00],
                       ...,
                       [ 4.077e-01,  2.994e-01,  1.655e+00,  1.182e+00],
                       [ 4.077e-01,  2.993e-01,  1.655e+00,  1.182e+00]]), array([ 1.170e+02,  1.170e+02,  1.170e+02,  1.170e+02,
                        1.170e+02]))
   param_names: ['d', 'e', 'f', 'g']
[0.40768753 0.29933938 1.65455062 1.18228639]
{'d': 0.40768753207486935, 'e': 0.29933937629598933, 'f': 1.6545506232708096, 'g': 1.1822863853391872}
Previous:  {'d': 0.41990517762735385, 'e': 0.3007057400992267, 'f': 1.6348813340577317, 'g': 1.1829022231614434}


##############################


prev {'d': 0.40768753207486935, 'e': 0.29933937629598933, 'f': 1.6545506232708096, 'g': 1.1822863853391872}
Starting ML Fit
Box_n50_1_1400
       message: Optimization terminated successfully.
       success: True
        status: 0
           fun: 109.44187124116313
             x: [ 3.966e-01  2.987e-01  1.666e+00  1.180e+00]
           nit: 105
          nfev: 183
 final_simplex: (array([[ 3.966e-01,  2.987e-01,  1.666e+00,  1.180e+00],
                       [ 3.966e-01,  2.987e-01,  1.665e+00,  1.180e+00],
                       ...,
                       [ 3.966e-01,  2.987e-01,  1.666e+00,  1.180e+00],
                       [ 3.966e-01,  2.987e-01,  1.666e+00,  1.180e+00]]), array([ 1.094e+02,  1.094e+02,  1.094e+02,  1.094e+02,
                        1.094e+02]))
   param_names: ['d', 'e', 'f', 'g']
[0.39663113 0.29869604 1.66557062 1.18006093]
{'d': 0.3966311332187573, 'e': 0.29869604499899066, 'f': 1.6655706219882704, 'g': 1.1800609335267789}
Previous:  {'d': 0.40768753207486935, 'e': 0.29933937629598933, 'f': 1.6545506232708096, 'g': 1.1822863853391872}


##############################


prev {'d': 0.3966311332187573, 'e': 0.29869604499899066, 'f': 1.6655706219882704, 'g': 1.1800609335267789}
Starting ML Fit
Box_n50_1_1400
       message: Optimization terminated successfully.
       success: True
        status: 0
           fun: 119.37160873360702
             x: [ 3.882e-01  2.982e-01  1.673e+00  1.182e+00]
           nit: 92
          nfev: 161
 final_simplex: (array([[ 3.882e-01,  2.982e-01,  1.673e+00,  1.182e+00],
                       [ 3.882e-01,  2.982e-01,  1.673e+00,  1.182e+00],
                       ...,
                       [ 3.882e-01,  2.982e-01,  1.673e+00,  1.182e+00],
                       [ 3.882e-01,  2.982e-01,  1.673e+00,  1.182e+00]]), array([ 1.194e+02,  1.194e+02,  1.194e+02,  1.194e+02,
                        1.194e+02]))
   param_names: ['d', 'e', 'f', 'g']
[0.38819281 0.29821178 1.67285377 1.18176646]
{'d': 0.38819281264164485, 'e': 0.29821178164502865, 'f': 1.67285377280386, 'g': 1.1817664575839237}
Previous:  {'d': 0.3966311332187573, 'e': 0.29869604499899066, 'f': 1.6655706219882704, 'g': 1.1800609335267789}


##############################


prev {'d': 0.38819281264164485, 'e': 0.29821178164502865, 'f': 1.67285377280386, 'g': 1.1817664575839237}
Starting ML Fit
Box_n50_1_1400
       message: Optimization terminated successfully.
       success: True
        status: 0
           fun: 97.32169571542573
             x: [ 3.841e-01  2.977e-01  1.681e+00  1.182e+00]
           nit: 82
          nfev: 144
 final_simplex: (array([[ 3.841e-01,  2.977e-01,  1.681e+00,  1.182e+00],
                       [ 3.841e-01,  2.978e-01,  1.681e+00,  1.182e+00],
                       ...,
                       [ 3.841e-01,  2.977e-01,  1.681e+00,  1.182e+00],
                       [ 3.841e-01,  2.977e-01,  1.681e+00,  1.182e+00]]), array([ 9.732e+01,  9.732e+01,  9.732e+01,  9.732e+01,
                        9.732e+01]))
   param_names: ['d', 'e', 'f', 'g']
[0.38412643 0.29774067 1.68123441 1.18233979]
{'d': 0.3841264330933061, 'e': 0.2977406712009477, 'f': 1.6812344096442904, 'g': 1.1823397855154871}
Previous:  {'d': 0.38819281264164485, 'e': 0.29821178164502865, 'f': 1.67285377280386, 'g': 1.1817664575839237}


##############################


prev {'d': 0.3841264330933061, 'e': 0.2977406712009477, 'f': 1.6812344096442904, 'g': 1.1823397855154871}
Starting ML Fit
Box_n50_1_1400
       message: Optimization terminated successfully.
       success: True
        status: 0
           fun: 99.74373017626385
             x: [ 3.799e-01  2.971e-01  1.692e+00  1.184e+00]
           nit: 79
          nfev: 138
 final_simplex: (array([[ 3.799e-01,  2.971e-01,  1.692e+00,  1.184e+00],
                       [ 3.799e-01,  2.971e-01,  1.692e+00,  1.184e+00],
                       ...,
                       [ 3.799e-01,  2.971e-01,  1.692e+00,  1.184e+00],
                       [ 3.799e-01,  2.972e-01,  1.692e+00,  1.184e+00]]), array([ 9.974e+01,  9.974e+01,  9.974e+01,  9.974e+01,
                        9.974e+01]))
   param_names: ['d', 'e', 'f', 'g']
[0.37993154 0.29714049 1.6921151  1.18368605]
{'d': 0.3799315448693287, 'e': 0.29714049020108846, 'f': 1.6921150955183366, 'g': 1.1836860486674978}
Previous:  {'d': 0.3841264330933061, 'e': 0.2977406712009477, 'f': 1.6812344096442904, 'g': 1.1823397855154871}


##############################


prev {'d': 0.3799315448693287, 'e': 0.29714049020108846, 'f': 1.6921150955183366, 'g': 1.1836860486674978}
Starting ML Fit
Box_n50_1_1400
       message: Optimization terminated successfully.
       success: True
        status: 0
           fun: 95.39538687233818
             x: [ 3.764e-01  2.964e-01  1.706e+00  1.186e+00]
           nit: 72
          nfev: 130
 final_simplex: (array([[ 3.764e-01,  2.964e-01,  1.706e+00,  1.186e+00],
                       [ 3.764e-01,  2.963e-01,  1.706e+00,  1.186e+00],
                       ...,
                       [ 3.764e-01,  2.964e-01,  1.706e+00,  1.186e+00],
                       [ 3.764e-01,  2.963e-01,  1.706e+00,  1.186e+00]]), array([ 9.540e+01,  9.540e+01,  9.540e+01,  9.540e+01,
                        9.540e+01]))
   param_names: ['d', 'e', 'f', 'g']
[0.37638746 0.29635864 1.7057554  1.18581149]
{'d': 0.37638746272920465, 'e': 0.29635863744633584, 'f': 1.7057553998235493, 'g': 1.1858114941438778}
Previous:  {'d': 0.3799315448693287, 'e': 0.29714049020108846, 'f': 1.6921150955183366, 'g': 1.1836860486674978}


##############################


prev {'d': 0.37638746272920465, 'e': 0.29635863744633584, 'f': 1.7057553998235493, 'g': 1.1858114941438778}
Starting ML Fit
Box_n50_1_1400
       message: Optimization terminated successfully.
       success: True
        status: 0
           fun: 90.59475919089026
             x: [ 3.721e-01  2.958e-01  1.716e+00  1.185e+00]
           nit: 62
          nfev: 113
 final_simplex: (array([[ 3.721e-01,  2.958e-01,  1.716e+00,  1.185e+00],
                       [ 3.721e-01,  2.958e-01,  1.716e+00,  1.185e+00],
                       ...,
                       [ 3.721e-01,  2.958e-01,  1.716e+00,  1.185e+00],
                       [ 3.721e-01,  2.958e-01,  1.716e+00,  1.185e+00]]), array([ 9.059e+01,  9.059e+01,  9.059e+01,  9.059e+01,
                        9.059e+01]))
   param_names: ['d', 'e', 'f', 'g']
[0.37213489 0.29581066 1.71599433 1.18521526]
{'d': 0.3721348902525225, 'e': 0.29581065512069166, 'f': 1.7159943279766097, 'g': 1.1852152631785846}
Previous:  {'d': 0.37638746272920465, 'e': 0.29635863744633584, 'f': 1.7057553998235493, 'g': 1.1858114941438778}


##############################


prev {'d': 0.3721348902525225, 'e': 0.29581065512069166, 'f': 1.7159943279766097, 'g': 1.1852152631785846}
Starting ML Fit
Box_n50_1_1400
       message: Optimization terminated successfully.
       success: True
        status: 0
           fun: 95.11571917319401
             x: [ 3.685e-01  2.954e-01  1.724e+00  1.185e+00]
           nit: 68
          nfev: 125
 final_simplex: (array([[ 3.685e-01,  2.954e-01,  1.724e+00,  1.185e+00],
                       [ 3.685e-01,  2.954e-01,  1.724e+00,  1.185e+00],
                       ...,
                       [ 3.685e-01,  2.954e-01,  1.724e+00,  1.185e+00],
                       [ 3.685e-01,  2.954e-01,  1.724e+00,  1.185e+00]]), array([ 9.512e+01,  9.512e+01,  9.512e+01,  9.512e+01,
                        9.512e+01]))
   param_names: ['d', 'e', 'f', 'g']
[0.36849814 0.29540508 1.72358503 1.18524002]
{'d': 0.3684981364044612, 'e': 0.29540508270652627, 'f': 1.723585026900579, 'g': 1.1852400218422856}
Previous:  {'d': 0.3721348902525225, 'e': 0.29581065512069166, 'f': 1.7159943279766097, 'g': 1.1852152631785846}


##############################


prev {'d': 0.3684981364044612, 'e': 0.29540508270652627, 'f': 1.723585026900579, 'g': 1.1852400218422856}
Starting ML Fit
Box_n50_1_1400
       message: Optimization terminated successfully.
       success: True
        status: 0
           fun: 77.91549027067393
             x: [ 3.652e-01  2.952e-01  1.728e+00  1.185e+00]
           nit: 79
          nfev: 141
 final_simplex: (array([[ 3.652e-01,  2.952e-01,  1.728e+00,  1.185e+00],
                       [ 3.652e-01,  2.952e-01,  1.728e+00,  1.185e+00],
                       ...,
                       [ 3.652e-01,  2.952e-01,  1.728e+00,  1.185e+00],
                       [ 3.652e-01,  2.952e-01,  1.728e+00,  1.185e+00]]), array([ 7.792e+01,  7.792e+01,  7.792e+01,  7.792e+01,
                        7.792e+01]))
   param_names: ['d', 'e', 'f', 'g']
[0.36519913 0.29520395 1.72806183 1.18452065]
{'d': 0.3651991256684958, 'e': 0.29520395165292723, 'f': 1.7280618280213695, 'g': 1.1845206481966701}
Previous:  {'d': 0.3684981364044612, 'e': 0.29540508270652627, 'f': 1.723585026900579, 'g': 1.1852400218422856}


##############################


prev {'d': 0.3651991256684958, 'e': 0.29520395165292723, 'f': 1.7280618280213695, 'g': 1.1845206481966701}
Starting ML Fit
Box_n50_1_1400
       message: Optimization terminated successfully.
       success: True
        status: 0
           fun: 68.1329569159371
             x: [ 3.512e-01  2.947e-01  1.741e+00  1.178e+00]
           nit: 81
          nfev: 148
 final_simplex: (array([[ 3.512e-01,  2.947e-01,  1.741e+00,  1.178e+00],
                       [ 3.512e-01,  2.947e-01,  1.741e+00,  1.178e+00],
                       ...,
                       [ 3.512e-01,  2.947e-01,  1.741e+00,  1.178e+00],
                       [ 3.512e-01,  2.947e-01,  1.741e+00,  1.178e+00]]), array([ 6.813e+01,  6.813e+01,  6.813e+01,  6.813e+01,
                        6.813e+01]))
   param_names: ['d', 'e', 'f', 'g']
[0.35124141 0.29468348 1.74062416 1.17815468]
{'d': 0.3512414060642919, 'e': 0.29468347763553027, 'f': 1.7406241637996542, 'g': 1.1781546814157378}
Previous:  {'d': 0.3651991256684958, 'e': 0.29520395165292723, 'f': 1.7280618280213695, 'g': 1.1845206481966701}


##############################


prev {'d': 0.3512414060642919, 'e': 0.29468347763553027, 'f': 1.7406241637996542, 'g': 1.1781546814157378}
Starting ML Fit
Box_n50_1_1400
       message: Optimization terminated successfully.
       success: True
        status: 0
           fun: 58.100227283509646
             x: [ 3.479e-01  2.943e-01  1.749e+00  1.180e+00]
           nit: 81
          nfev: 146
 final_simplex: (array([[ 3.479e-01,  2.943e-01,  1.749e+00,  1.180e+00],
                       [ 3.479e-01,  2.943e-01,  1.749e+00,  1.180e+00],
                       ...,
                       [ 3.479e-01,  2.943e-01,  1.749e+00,  1.180e+00],
                       [ 3.479e-01,  2.943e-01,  1.749e+00,  1.180e+00]]), array([ 5.810e+01,  5.810e+01,  5.810e+01,  5.810e+01,
                        5.810e+01]))
   param_names: ['d', 'e', 'f', 'g']
[0.34788241 0.29432197 1.74898293 1.18042924]
{'d': 0.34788241281890864, 'e': 0.29432197252788983, 'f': 1.7489829285862908, 'g': 1.180429236014801}
Previous:  {'d': 0.3512414060642919, 'e': 0.29468347763553027, 'f': 1.7406241637996542, 'g': 1.1781546814157378}


##############################


prev {'d': 0.34788241281890864, 'e': 0.29432197252788983, 'f': 1.7489829285862908, 'g': 1.180429236014801}
Starting ML Fit
Box_n50_1_1400
       message: Optimization terminated successfully.
       success: True
        status: 0
           fun: 42.76135317115582
             x: [ 3.428e-01  2.942e-01  1.752e+00  1.185e+00]
           nit: 86
          nfev: 157
 final_simplex: (array([[ 3.428e-01,  2.942e-01,  1.752e+00,  1.185e+00],
                       [ 3.428e-01,  2.942e-01,  1.752e+00,  1.185e+00],
                       ...,
                       [ 3.428e-01,  2.942e-01,  1.752e+00,  1.185e+00],
                       [ 3.428e-01,  2.942e-01,  1.752e+00,  1.185e+00]]), array([ 4.276e+01,  4.276e+01,  4.276e+01,  4.276e+01,
                        4.276e+01]))
   param_names: ['d', 'e', 'f', 'g']
[0.3428123  0.29421151 1.75183893 1.18511071]
{'d': 0.34281230416366615, 'e': 0.29421151103335164, 'f': 1.7518389327993857, 'g': 1.1851107070125844}
Previous:  {'d': 0.34788241281890864, 'e': 0.29432197252788983, 'f': 1.7489829285862908, 'g': 1.180429236014801}


