##############################


[0.302679, 0.366459, 0.403224, 0.488191, 0.512095, 0.537169, 0.563471, 0.591061, 0.620002, 0.65036, 0.715608, 0.787402, 0.866399, 0.953321, 1.0]
dict_keys([0.302679, 0.366459, 0.403224, 0.488191, 0.512095, 0.537169, 0.563471, 0.591061, 0.620002, 0.65036, 0.715608, 0.787402, 0.866399, 0.953321, 1.0])
prev {'d0': 2.2919027041651265, 'd1': -0.11458456729401181, 'e0': 0.9510360409517056, 'e1': 0.003923837040944059, 'f0': 0.4286910863927985, 'f1': 0.1807637314582367, 'g0': 1.2314157751786472, 'g1': -5.142173117267432e-08}
Starting ML Fit
Box36_1400
       message: Optimization terminated successfully.
       success: True
        status: 0
           fun: 1089.2997328442195
             x: [ 2.409e+00 -2.074e-01  9.613e-01  2.690e-03  4.145e-01
                  1.862e-01  1.234e+00 -1.095e-08]
           nit: 382
          nfev: 586
 final_simplex: (array([[ 2.409e+00, -2.074e-01, ...,  1.234e+00,
                        -1.095e-08],
                       [ 2.409e+00, -2.075e-01, ...,  1.234e+00,
                        -1.093e-08],
                       ...,
                       [ 2.409e+00, -2.075e-01, ...,  1.234e+00,
                        -1.092e-08],
                       [ 2.409e+00, -2.075e-01, ...,  1.234e+00,
                        -1.092e-08]]), array([ 1.089e+03,  1.089e+03,  1.089e+03,  1.089e+03,
                        1.089e+03,  1.089e+03,  1.089e+03,  1.089e+03,
                        1.089e+03]))
   param_names: ['d0', 'd1', 'e0', 'e1', 'f0', 'f1', 'g0', 'g1']
[ 2.40910626e+00 -2.07448775e-01  9.61335318e-01  2.68987978e-03
  4.14535586e-01  1.86193412e-01  1.23400179e+00 -1.09458554e-08]
{'d0': 2.409106260334081, 'd1': -0.2074487752943314, 'e0': 0.9613353176322369, 'e1': 0.0026898797849079373, 'f0': 0.41453558632553433, 'f1': 0.1861934120962235, 'g0': 1.234001794235053, 'g1': -1.0945855366469613e-08}
-------------------
{'d0': 2.409106260334081, 'd1': -0.2074487752943314, 'e0': 0.9613353176322369, 'e1': 0.0026898797849079373, 'f0': 0.41453558632553433, 'f1': 0.1861934120962235, 'g0': 1.234001794235053, 'g1': -1.0945855366469613e-08}
Previous:  {'d0': 2.2919027041651265, 'd1': -0.11458456729401181, 'e0': 0.9510360409517056, 'e1': 0.003923837040944059, 'f0': 0.4286910863927985, 'f1': 0.1807637314582367, 'g0': 1.2314157751786472, 'g1': -5.142173117267432e-08}
-------------------
