alist [1.0, 0.953321, 0.866399, 0.787402, 0.715608, 0.65036, 0.620002, 0.591061, 0.563471, 0.537169, 0.512095, 0.488191, 0.403224, 0.366459, 0.302679]
Curr: Box48_1400, Prev: Box_n50_5_1400
##############################


prev {'d': 0.42880570813134894, 'e': 0.3010064989842093, 'f': 1.636244422258791, 'g': 1.1722062313562471}
Starting ML Fit
Box48_1400
       message: Optimization terminated successfully.
       success: True
        status: 0
           fun: 103.46460121238194
             x: [ 4.115e-01  2.995e-01  1.639e+00  1.177e+00]
           nit: 78
          nfev: 141
 final_simplex: (array([[ 4.115e-01,  2.995e-01,  1.639e+00,  1.177e+00],
                       [ 4.115e-01,  2.995e-01,  1.639e+00,  1.177e+00],
                       ...,
                       [ 4.115e-01,  2.995e-01,  1.639e+00,  1.177e+00],
                       [ 4.115e-01,  2.995e-01,  1.639e+00,  1.177e+00]]), array([ 1.035e+02,  1.035e+02,  1.035e+02,  1.035e+02,
                        1.035e+02]))
   param_names: ['d', 'e', 'f', 'g']
[0.41153171 0.29950348 1.63888563 1.17696024]
{'d': 0.41153170584875615, 'e': 0.29950348227699075, 'f': 1.6388856320910083, 'g': 1.1769602380293374}
Previous:  {'d': 0.42880570813134894, 'e': 0.3010064989842093, 'f': 1.636244422258791, 'g': 1.1722062313562471}


##############################


prev {'d': 0.41153170584875615, 'e': 0.29950348227699075, 'f': 1.6388856320910083, 'g': 1.1769602380293374}
Starting ML Fit
Box48_1400
       message: Optimization terminated successfully.
       success: True
        status: 0
           fun: 109.31092186577973
             x: [ 4.073e-01  2.983e-01  1.641e+00  1.179e+00]
           nit: 86
          nfev: 150
 final_simplex: (array([[ 4.073e-01,  2.983e-01,  1.641e+00,  1.179e+00],
                       [ 4.073e-01,  2.983e-01,  1.641e+00,  1.179e+00],
                       ...,
                       [ 4.073e-01,  2.983e-01,  1.641e+00,  1.179e+00],
                       [ 4.073e-01,  2.984e-01,  1.641e+00,  1.179e+00]]), array([ 1.093e+02,  1.093e+02,  1.093e+02,  1.093e+02,
                        1.093e+02]))
   param_names: ['d', 'e', 'f', 'g']
[0.40727605 0.29832445 1.64112436 1.17892483]
{'d': 0.40727605492099944, 'e': 0.29832445201798363, 'f': 1.6411243598294587, 'g': 1.178924834144573}
Previous:  {'d': 0.41153170584875615, 'e': 0.29950348227699075, 'f': 1.6388856320910083, 'g': 1.1769602380293374}


##############################


prev {'d': 0.40727605492099944, 'e': 0.29832445201798363, 'f': 1.6411243598294587, 'g': 1.178924834144573}
Starting ML Fit
Box48_1400
       message: Optimization terminated successfully.
       success: True
        status: 0
           fun: 97.58725805342576
             x: [ 3.967e-01  2.965e-01  1.644e+00  1.175e+00]
           nit: 75
          nfev: 131
 final_simplex: (array([[ 3.967e-01,  2.965e-01,  1.644e+00,  1.175e+00],
                       [ 3.967e-01,  2.965e-01,  1.644e+00,  1.175e+00],
                       ...,
                       [ 3.967e-01,  2.964e-01,  1.644e+00,  1.175e+00],
                       [ 3.967e-01,  2.965e-01,  1.644e+00,  1.175e+00]]), array([ 9.759e+01,  9.759e+01,  9.759e+01,  9.759e+01,
                        9.759e+01]))
   param_names: ['d', 'e', 'f', 'g']
[0.3966956  0.29646328 1.6443474  1.17493142]
{'d': 0.3966956029520443, 'e': 0.296463278748764, 'f': 1.6443474023598799, 'g': 1.174931417297329}
Previous:  {'d': 0.40727605492099944, 'e': 0.29832445201798363, 'f': 1.6411243598294587, 'g': 1.178924834144573}


##############################


prev {'d': 0.3966956029520443, 'e': 0.296463278748764, 'f': 1.6443474023598799, 'g': 1.174931417297329}
Starting ML Fit
Box48_1400
       message: Optimization terminated successfully.
       success: True
        status: 0
           fun: 96.99537586352653
             x: [ 3.871e-01  2.947e-01  1.648e+00  1.171e+00]
           nit: 80
          nfev: 144
 final_simplex: (array([[ 3.871e-01,  2.947e-01,  1.648e+00,  1.171e+00],
                       [ 3.872e-01,  2.947e-01,  1.648e+00,  1.171e+00],
                       ...,
                       [ 3.872e-01,  2.947e-01,  1.648e+00,  1.171e+00],
                       [ 3.872e-01,  2.947e-01,  1.648e+00,  1.172e+00]]), array([ 9.700e+01,  9.700e+01,  9.700e+01,  9.700e+01,
                        9.700e+01]))
   param_names: ['d', 'e', 'f', 'g']
[0.38714905 0.29466775 1.64759925 1.17141372]
{'d': 0.3871490471313934, 'e': 0.2946677534598686, 'f': 1.6475992505520343, 'g': 1.1714137211401117}
Previous:  {'d': 0.3966956029520443, 'e': 0.296463278748764, 'f': 1.6443474023598799, 'g': 1.174931417297329}


##############################


prev {'d': 0.3871490471313934, 'e': 0.2946677534598686, 'f': 1.6475992505520343, 'g': 1.1714137211401117}
Starting ML Fit
Box48_1400
       message: Optimization terminated successfully.
       success: True
        status: 0
           fun: 84.93318045748426
             x: [ 3.813e-01  2.935e-01  1.650e+00  1.174e+00]
           nit: 88
          nfev: 152
 final_simplex: (array([[ 3.813e-01,  2.935e-01,  1.650e+00,  1.174e+00],
                       [ 3.813e-01,  2.935e-01,  1.650e+00,  1.174e+00],
                       ...,
                       [ 3.813e-01,  2.935e-01,  1.650e+00,  1.174e+00],
                       [ 3.813e-01,  2.936e-01,  1.650e+00,  1.174e+00]]), array([ 8.493e+01,  8.493e+01,  8.493e+01,  8.493e+01,
                        8.493e+01]))
   param_names: ['d', 'e', 'f', 'g']
[0.38127668 0.29349891 1.64989739 1.17355808]
{'d': 0.3812766838393813, 'e': 0.29349891440494247, 'f': 1.6498973851348655, 'g': 1.1735580828517431}
Previous:  {'d': 0.3871490471313934, 'e': 0.2946677534598686, 'f': 1.6475992505520343, 'g': 1.1714137211401117}


##############################


prev {'d': 0.3812766838393813, 'e': 0.29349891440494247, 'f': 1.6498973851348655, 'g': 1.1735580828517431}
Starting ML Fit
Box48_1400
       message: Optimization terminated successfully.
       success: True
        status: 0
           fun: 73.00303218239135
             x: [ 3.755e-01  2.927e-01  1.652e+00  1.174e+00]
           nit: 69
          nfev: 127
 final_simplex: (array([[ 3.755e-01,  2.927e-01,  1.652e+00,  1.174e+00],
                       [ 3.755e-01,  2.927e-01,  1.652e+00,  1.174e+00],
                       ...,
                       [ 3.755e-01,  2.927e-01,  1.651e+00,  1.174e+00],
                       [ 3.755e-01,  2.926e-01,  1.652e+00,  1.174e+00]]), array([ 7.300e+01,  7.300e+01,  7.300e+01,  7.300e+01,
                        7.300e+01]))
   param_names: ['d', 'e', 'f', 'g']
[0.3754938  0.29269821 1.65153572 1.17383423]
{'d': 0.37549379671104466, 'e': 0.29269821258604317, 'f': 1.6515357203058432, 'g': 1.1738342336865266}
Previous:  {'d': 0.3812766838393813, 'e': 0.29349891440494247, 'f': 1.6498973851348655, 'g': 1.1735580828517431}


##############################


prev {'d': 0.37549379671104466, 'e': 0.29269821258604317, 'f': 1.6515357203058432, 'g': 1.1738342336865266}
Starting ML Fit
Box48_1400
       message: Optimization terminated successfully.
       success: True
        status: 0
           fun: 72.20690050832096
             x: [ 3.725e-01  2.920e-01  1.653e+00  1.173e+00]
           nit: 51
          nfev: 95
 final_simplex: (array([[ 3.725e-01,  2.920e-01,  1.653e+00,  1.173e+00],
                       [ 3.725e-01,  2.919e-01,  1.653e+00,  1.173e+00],
                       ...,
                       [ 3.725e-01,  2.919e-01,  1.653e+00,  1.173e+00],
                       [ 3.725e-01,  2.919e-01,  1.653e+00,  1.173e+00]]), array([ 7.221e+01,  7.221e+01,  7.221e+01,  7.221e+01,
                        7.221e+01]))
   param_names: ['d', 'e', 'f', 'g']
[0.37247421 0.29195788 1.65315576 1.17345957]
{'d': 0.3724742110672964, 'e': 0.29195788174368675, 'f': 1.6531557566764574, 'g': 1.1734595712875342}
Previous:  {'d': 0.37549379671104466, 'e': 0.29269821258604317, 'f': 1.6515357203058432, 'g': 1.1738342336865266}


##############################


prev {'d': 0.3724742110672964, 'e': 0.29195788174368675, 'f': 1.6531557566764574, 'g': 1.1734595712875342}
Starting ML Fit
Box48_1400
       message: Optimization terminated successfully.
       success: True
        status: 0
           fun: 76.6388175050645
             x: [ 3.687e-01  2.910e-01  1.655e+00  1.172e+00]
           nit: 57
          nfev: 105
 final_simplex: (array([[ 3.687e-01,  2.910e-01,  1.655e+00,  1.172e+00],
                       [ 3.688e-01,  2.911e-01,  1.655e+00,  1.172e+00],
                       ...,
                       [ 3.687e-01,  2.909e-01,  1.655e+00,  1.172e+00],
                       [ 3.688e-01,  2.911e-01,  1.655e+00,  1.172e+00]]), array([ 7.664e+01,  7.664e+01,  7.664e+01,  7.664e+01,
                        7.664e+01]))
   param_names: ['d', 'e', 'f', 'g']
[0.36874921 0.29102384 1.65523087 1.17219576]
{'d': 0.368749210864642, 'e': 0.2910238414546692, 'f': 1.6552308661571535, 'g': 1.172195758244658}
Previous:  {'d': 0.3724742110672964, 'e': 0.29195788174368675, 'f': 1.6531557566764574, 'g': 1.1734595712875342}


##############################


prev {'d': 0.368749210864642, 'e': 0.2910238414546692, 'f': 1.6552308661571535, 'g': 1.172195758244658}
Starting ML Fit
Box48_1400
       message: Optimization terminated successfully.
       success: True
        status: 0
           fun: 71.48906901693108
             x: [ 3.680e-01  2.903e-01  1.657e+00  1.175e+00]
           nit: 55
          nfev: 104
 final_simplex: (array([[ 3.680e-01,  2.903e-01,  1.657e+00,  1.175e+00],
                       [ 3.680e-01,  2.904e-01,  1.657e+00,  1.175e+00],
                       ...,
                       [ 3.680e-01,  2.903e-01,  1.657e+00,  1.175e+00],
                       [ 3.680e-01,  2.903e-01,  1.657e+00,  1.175e+00]]), array([ 7.149e+01,  7.149e+01,  7.149e+01,  7.149e+01,
                        7.149e+01]))
   param_names: ['d', 'e', 'f', 'g']
[0.36801886 0.29027153 1.65686593 1.17516367]
{'d': 0.3680188618851613, 'e': 0.2902715347276855, 'f': 1.656865925083427, 'g': 1.1751636679737847}
Previous:  {'d': 0.368749210864642, 'e': 0.2910238414546692, 'f': 1.6552308661571535, 'g': 1.172195758244658}


##############################


prev {'d': 0.3680188618851613, 'e': 0.2902715347276855, 'f': 1.656865925083427, 'g': 1.1751636679737847}
Starting ML Fit
Box48_1400
       message: Optimization terminated successfully.
       success: True
        status: 0
           fun: 74.05352828420018
             x: [ 3.659e-01  2.894e-01  1.659e+00  1.175e+00]
           nit: 63
          nfev: 111
 final_simplex: (array([[ 3.659e-01,  2.894e-01,  1.659e+00,  1.175e+00],
                       [ 3.658e-01,  2.895e-01,  1.659e+00,  1.175e+00],
                       ...,
                       [ 3.659e-01,  2.895e-01,  1.659e+00,  1.176e+00],
                       [ 3.658e-01,  2.895e-01,  1.659e+00,  1.175e+00]]), array([ 7.405e+01,  7.405e+01,  7.405e+01,  7.405e+01,
                        7.405e+01]))
   param_names: ['d', 'e', 'f', 'g']
[0.36585078 0.28942598 1.65878297 1.17544944]
{'d': 0.36585078385726943, 'e': 0.28942598235910444, 'f': 1.6587829694750795, 'g': 1.1754494369904225}
Previous:  {'d': 0.3680188618851613, 'e': 0.2902715347276855, 'f': 1.656865925083427, 'g': 1.1751636679737847}


##############################


prev {'d': 0.36585078385726943, 'e': 0.28942598235910444, 'f': 1.6587829694750795, 'g': 1.1754494369904225}
Starting ML Fit
Box48_1400
       message: Optimization terminated successfully.
       success: True
        status: 0
           fun: 66.87643586133659
             x: [ 3.648e-01  2.888e-01  1.660e+00  1.177e+00]
           nit: 65
          nfev: 116
 final_simplex: (array([[ 3.648e-01,  2.888e-01,  1.660e+00,  1.177e+00],
                       [ 3.648e-01,  2.888e-01,  1.660e+00,  1.177e+00],
                       ...,
                       [ 3.648e-01,  2.888e-01,  1.660e+00,  1.177e+00],
                       [ 3.648e-01,  2.887e-01,  1.660e+00,  1.177e+00]]), array([ 6.688e+01,  6.688e+01,  6.688e+01,  6.688e+01,
                        6.688e+01]))
   param_names: ['d', 'e', 'f', 'g']
[0.36480003 0.28880188 1.6602917  1.17671119]
{'d': 0.36480003305837183, 'e': 0.28880188449883504, 'f': 1.6602917001636461, 'g': 1.1767111923392846}
Previous:  {'d': 0.36585078385726943, 'e': 0.28942598235910444, 'f': 1.6587829694750795, 'g': 1.1754494369904225}


##############################


prev {'d': 0.36480003305837183, 'e': 0.28880188449883504, 'f': 1.6602917001636461, 'g': 1.1767111923392846}
Starting ML Fit
Box48_1400
       message: Optimization terminated successfully.
       success: True
        status: 0
           fun: 54.884281097483075
             x: [ 3.687e-01  2.886e-01  1.661e+00  1.184e+00]
           nit: 74
          nfev: 133
 final_simplex: (array([[ 3.687e-01,  2.886e-01,  1.661e+00,  1.184e+00],
                       [ 3.687e-01,  2.886e-01,  1.661e+00,  1.184e+00],
                       ...,
                       [ 3.688e-01,  2.886e-01,  1.661e+00,  1.184e+00],
                       [ 3.688e-01,  2.886e-01,  1.661e+00,  1.184e+00]]), array([ 5.488e+01,  5.488e+01,  5.488e+01,  5.488e+01,
                        5.488e+01]))
   param_names: ['d', 'e', 'f', 'g']
[0.3687346  0.28855923 1.6609251  1.18377981]
{'d': 0.3687345969675764, 'e': 0.2885592266450528, 'f': 1.660925103559979, 'g': 1.1837798130314003}
Previous:  {'d': 0.36480003305837183, 'e': 0.28880188449883504, 'f': 1.6602917001636461, 'g': 1.1767111923392846}


##############################


prev {'d': 0.3687345969675764, 'e': 0.2885592266450528, 'f': 1.660925103559979, 'g': 1.1837798130314003}
Starting ML Fit
Box48_1400
       message: Optimization terminated successfully.
       success: True
        status: 0
           fun: 41.51148048293244
             x: [ 3.614e-01  2.884e-01  1.661e+00  1.181e+00]
           nit: 59
          nfev: 110
 final_simplex: (array([[ 3.614e-01,  2.884e-01,  1.661e+00,  1.181e+00],
                       [ 3.614e-01,  2.884e-01,  1.661e+00,  1.181e+00],
                       ...,
                       [ 3.613e-01,  2.884e-01,  1.661e+00,  1.181e+00],
                       [ 3.613e-01,  2.884e-01,  1.661e+00,  1.181e+00]]), array([ 4.151e+01,  4.151e+01,  4.151e+01,  4.151e+01,
                        4.151e+01]))
   param_names: ['d', 'e', 'f', 'g']
[0.36137602 0.28843043 1.66138242 1.18070381]
{'d': 0.36137602368436994, 'e': 0.2884304273052307, 'f': 1.6613824241372495, 'g': 1.1807038090484658}
Previous:  {'d': 0.3687345969675764, 'e': 0.2885592266450528, 'f': 1.660925103559979, 'g': 1.1837798130314003}


##############################


prev {'d': 0.36137602368436994, 'e': 0.2884304273052307, 'f': 1.6613824241372495, 'g': 1.1807038090484658}
Starting ML Fit
Box48_1400
       message: Optimization terminated successfully.
       success: True
        status: 0
           fun: 33.280676575842676
             x: [ 3.729e-01  2.883e-01  1.662e+00  1.192e+00]
           nit: 61
          nfev: 107
 final_simplex: (array([[ 3.729e-01,  2.883e-01,  1.662e+00,  1.192e+00],
                       [ 3.729e-01,  2.884e-01,  1.662e+00,  1.192e+00],
                       ...,
                       [ 3.730e-01,  2.883e-01,  1.662e+00,  1.192e+00],
                       [ 3.729e-01,  2.882e-01,  1.662e+00,  1.192e+00]]), array([ 3.328e+01,  3.328e+01,  3.328e+01,  3.328e+01,
                        3.328e+01]))
   param_names: ['d', 'e', 'f', 'g']
[0.37292651 0.28828137 1.66165875 1.19191048]
{'d': 0.3729265132894015, 'e': 0.28828136666526893, 'f': 1.661658748708717, 'g': 1.1919104783363195}
Previous:  {'d': 0.36137602368436994, 'e': 0.2884304273052307, 'f': 1.6613824241372495, 'g': 1.1807038090484658}


##############################


prev {'d': 0.3729265132894015, 'e': 0.28828136666526893, 'f': 1.661658748708717, 'g': 1.1919104783363195}
Starting ML Fit
Box48_1400
       message: Optimization terminated successfully.
       success: True
        status: 0
           fun: 13.749812506203364
             x: [ 3.796e-01  2.883e-01  1.662e+00  1.198e+00]
           nit: 70
          nfev: 128
 final_simplex: (array([[ 3.796e-01,  2.883e-01,  1.662e+00,  1.198e+00],
                       [ 3.795e-01,  2.883e-01,  1.662e+00,  1.198e+00],
                       ...,
                       [ 3.795e-01,  2.882e-01,  1.662e+00,  1.198e+00],
                       [ 3.796e-01,  2.883e-01,  1.662e+00,  1.198e+00]]), array([ 1.375e+01,  1.375e+01,  1.375e+01,  1.375e+01,
                        1.375e+01]))
   param_names: ['d', 'e', 'f', 'g']
[0.37955398 0.28825806 1.66172416 1.19843961]
{'d': 0.3795539752231595, 'e': 0.2882580584472319, 'f': 1.6617241630104842, 'g': 1.1984396084899924}
Previous:  {'d': 0.3729265132894015, 'e': 0.28828136666526893, 'f': 1.661658748708717, 'g': 1.1919104783363195}


