##############################


[[0.01   0.     0.     0.     0.     0.     0.     0.    ]
 [0.     0.01   0.     0.     0.     0.     0.     0.    ]
 [0.     0.     0.001  0.     0.     0.     0.     0.    ]
 [0.     0.     0.     0.001  0.     0.     0.     0.    ]
 [0.     0.     0.     0.     0.0005 0.     0.     0.    ]
 [0.     0.     0.     0.     0.     0.0005 0.     0.    ]
 [0.     0.     0.     0.     0.     0.     0.0001 0.    ]
 [0.     0.     0.     0.     0.     0.     0.     0.0001]]
[0.302679, 0.366459, 0.403224, 0.488191, 0.512095, 0.537169, 0.563471, 0.591061, 0.620002, 0.65036, 0.715608, 0.787402, 0.866399, 0.953321, 1.0]
dict_keys([0.302679, 0.366459, 0.403224, 0.488191, 0.512095, 0.537169, 0.563471, 0.591061, 0.620002, 0.65036, 0.715608, 0.787402, 0.866399, 0.953321, 1.0])
prev {'d0': 2.0243828982976764, 'd1': 0.07282980101284411, 'e0': 1.0793050411880272, 'e1': -0.13391865596448038, 'f0': 0.43186258709502345, 'f1': 0.22272223761485055, 'g0': 1.234258535314189, 'g1': 0.04504994902022946}
Starting ML Fit
Box96_1400
       message: Optimization terminated successfully.
       success: True
        status: 0
           fun: 1744.1095184786543
             x: [ 1.881e+00  1.809e-01  1.049e+00 -1.301e-01  4.537e-01
                  1.754e-01  1.213e+00  4.521e-02]
           nit: 1096
          nfev: 1608
 final_simplex: (array([[ 1.881e+00,  1.809e-01, ...,  1.213e+00,
                         4.521e-02],
                       [ 1.881e+00,  1.809e-01, ...,  1.213e+00,
                         4.521e-02],
                       ...,
                       [ 1.881e+00,  1.809e-01, ...,  1.213e+00,
                         4.520e-02],
                       [ 1.881e+00,  1.809e-01, ...,  1.213e+00,
                         4.521e-02]]), array([ 1.744e+03,  1.744e+03,  1.744e+03,  1.744e+03,
                        1.744e+03,  1.744e+03,  1.744e+03,  1.744e+03,
                        1.744e+03]))
   param_names: ['d0', 'd1', 'e0', 'e1', 'f0', 'f1', 'g0', 'g1']
[ 1.88114897  0.18093051  1.04878011 -0.13009778  0.4536822   0.1754321
  1.21295183  0.04521333]
{'d0': 1.8811489744220689, 'd1': 0.180930512321759, 'e0': 1.048780114315078, 'e1': -0.1300977838553481, 'f0': 0.45368219973174717, 'f1': 0.1754320989354837, 'g0': 1.212951831832651, 'g1': 0.04521333032262165}
-------------------
{'d0': 1.8811489744220689, 'd1': 0.180930512321759, 'e0': 1.048780114315078, 'e1': -0.1300977838553481, 'f0': 0.45368219973174717, 'f1': 0.1754320989354837, 'g0': 1.212951831832651, 'g1': 0.04521333032262165}
Previous:  {'d0': 2.0243828982976764, 'd1': 0.07282980101284411, 'e0': 1.0793050411880272, 'e1': -0.13391865596448038, 'f0': 0.43186258709502345, 'f1': 0.22272223761485055, 'g0': 1.234258535314189, 'g1': 0.04504994902022946}
-------------------
