##############################


[[1.e-03 0.e+00 0.e+00 0.e+00 0.e+00 0.e+00 0.e+00 0.e+00]
 [0.e+00 8.e-04 0.e+00 0.e+00 0.e+00 0.e+00 0.e+00 0.e+00]
 [0.e+00 0.e+00 1.e-01 0.e+00 0.e+00 0.e+00 0.e+00 0.e+00]
 [0.e+00 0.e+00 0.e+00 8.e-02 0.e+00 0.e+00 0.e+00 0.e+00]
 [0.e+00 0.e+00 0.e+00 0.e+00 5.e-02 0.e+00 0.e+00 0.e+00]
 [0.e+00 0.e+00 0.e+00 0.e+00 0.e+00 8.e-01 0.e+00 0.e+00]
 [0.e+00 0.e+00 0.e+00 0.e+00 0.e+00 0.e+00 3.e-04 0.e+00]
 [0.e+00 0.e+00 0.e+00 0.e+00 0.e+00 0.e+00 0.e+00 8.e-03]]
[0.302679, 0.366459, 0.403224, 0.488191, 0.512095, 0.537169, 0.563471, 0.591061, 0.620002, 0.65036, 0.715608, 0.787402, 0.866399, 0.953321, 1.0]
dict_keys([0.302679, 0.366459, 0.403224, 0.488191, 0.512095, 0.537169, 0.563471, 0.591061, 0.620002, 0.65036, 0.715608, 0.787402, 0.866399, 0.953321, 1.0])
prev {'d0': 2.0170983500185904, 'd1': 0.1383210065609144, 'e0': 0.991126569572393, 'e1': -0.14934721505475415, 'f0': 0.5263494536768306, 'f1': 0.2434520896213649, 'g0': 1.2237135864764328, 'g1': 0.052268930415336895}
Starting ML Fit
Box3_1400
       message: Optimization terminated successfully.
       success: True
        status: 0
           fun: 1436.6806768157844
             x: [ 2.015e+00  1.269e-01  1.053e+00 -9.023e-02  4.973e-01
                  1.999e-01  1.253e+00  7.624e-02]
           nit: 1005
          nfev: 1480
 final_simplex: (array([[ 2.015e+00,  1.269e-01, ...,  1.253e+00,
                         7.624e-02],
                       [ 2.015e+00,  1.269e-01, ...,  1.253e+00,
                         7.622e-02],
                       ...,
                       [ 2.015e+00,  1.269e-01, ...,  1.253e+00,
                         7.625e-02],
                       [ 2.015e+00,  1.269e-01, ...,  1.253e+00,
                         7.624e-02]]), array([ 1.437e+03,  1.437e+03,  1.437e+03,  1.437e+03,
                        1.437e+03,  1.437e+03,  1.437e+03,  1.437e+03,
                        1.437e+03]))
   param_names: ['d0', 'd1', 'e0', 'e1', 'f0', 'f1', 'g0', 'g1']
[ 2.01544175  0.12690576  1.05345977 -0.09023392  0.49730713  0.19994471
  1.25281014  0.0762412 ]
{'d0': 2.0154417471644166, 'd1': 0.1269057607829617, 'e0': 1.0534597714973177, 'e1': -0.09023392454766685, 'f0': 0.49730713402566906, 'f1': 0.1999447075823183, 'g0': 1.252810139059199, 'g1': 0.07624119840523591}
-------------------
{'d0': 2.0154417471644166, 'd1': 0.1269057607829617, 'e0': 1.0534597714973177, 'e1': -0.09023392454766685, 'f0': 0.49730713402566906, 'f1': 0.1999447075823183, 'g0': 1.252810139059199, 'g1': 0.07624119840523591}
Previous:  {'d0': 2.0170983500185904, 'd1': 0.1383210065609144, 'e0': 0.991126569572393, 'e1': -0.14934721505475415, 'f0': 0.5263494536768306, 'f1': 0.2434520896213649, 'g0': 1.2237135864764328, 'g1': 0.052268930415336895}
-------------------
