##############################


[0.302679, 0.366459, 0.403224, 0.488191, 0.512095, 0.537169, 0.563471, 0.591061, 0.620002, 0.65036, 0.715608, 0.787402, 0.866399, 0.953321, 1.0]
dict_keys([0.302679, 0.366459, 0.403224, 0.488191, 0.512095, 0.537169, 0.563471, 0.591061, 0.620002, 0.65036, 0.715608, 0.787402, 0.866399, 0.953321, 1.0])
prev {'d0': 2.078553578429367, 'd1': -0.29585335, 'e0': 1.07569972, 'e1': 0.0486005, 'f0': 0.41312439, 'f1': 0.17454899234793092, 'g0': 1.2385910549034578, 'g1': 0.004037265971191406}
Starting ML Fit
Box_n50_14_1400
       message: Optimization terminated successfully.
       success: True
        status: 0
           fun: 1894.9979569888267
             x: [ 2.098e+00 -3.368e-01  1.064e+00  3.327e-02  4.087e-01
                  1.902e-01  1.230e+00 -3.782e-03]
           nit: 800
          nfev: 1185
 final_simplex: (array([[ 2.098e+00, -3.368e-01, ...,  1.230e+00,
                        -3.782e-03],
                       [ 2.098e+00, -3.369e-01, ...,  1.230e+00,
                        -3.770e-03],
                       ...,
                       [ 2.098e+00, -3.368e-01, ...,  1.230e+00,
                        -3.777e-03],
                       [ 2.098e+00, -3.368e-01, ...,  1.230e+00,
                        -3.764e-03]]), array([ 1.895e+03,  1.895e+03,  1.895e+03,  1.895e+03,
                        1.895e+03,  1.895e+03,  1.895e+03,  1.895e+03,
                        1.895e+03]))
   param_names: ['d0', 'd1', 'e0', 'e1', 'f0', 'f1', 'g0', 'g1']
[ 2.09845808 -0.33683014  1.06381335  0.03327125  0.40868155  0.19018673
  1.23009149 -0.00378162]
{'d0': 2.0984580798836063, 'd1': -0.33683014236383757, 'e0': 1.0638133548917639, 'e1': 0.033271247834842595, 'f0': 0.40868155008926044, 'f1': 0.19018672698251682, 'g0': 1.2300914925050397, 'g1': -0.003781617865099356}
-------------------
{'d0': 2.0984580798836063, 'd1': -0.33683014236383757, 'e0': 1.0638133548917639, 'e1': 0.033271247834842595, 'f0': 0.40868155008926044, 'f1': 0.19018672698251682, 'g0': 1.2300914925050397, 'g1': -0.003781617865099356}
Previous:  {'d0': 2.078553578429367, 'd1': -0.29585335, 'e0': 1.07569972, 'e1': 0.0486005, 'f0': 0.41312439, 'f1': 0.17454899234793092, 'g0': 1.2385910549034578, 'g1': 0.004037265971191406}
-------------------
