##############################


[[1.e-03 0.e+00 0.e+00 0.e+00 0.e+00 0.e+00 0.e+00 0.e+00]
 [0.e+00 8.e-04 0.e+00 0.e+00 0.e+00 0.e+00 0.e+00 0.e+00]
 [0.e+00 0.e+00 1.e-01 0.e+00 0.e+00 0.e+00 0.e+00 0.e+00]
 [0.e+00 0.e+00 0.e+00 8.e-02 0.e+00 0.e+00 0.e+00 0.e+00]
 [0.e+00 0.e+00 0.e+00 0.e+00 5.e-02 0.e+00 0.e+00 0.e+00]
 [0.e+00 0.e+00 0.e+00 0.e+00 0.e+00 8.e-01 0.e+00 0.e+00]
 [0.e+00 0.e+00 0.e+00 0.e+00 0.e+00 0.e+00 3.e-04 0.e+00]
 [0.e+00 0.e+00 0.e+00 0.e+00 0.e+00 0.e+00 0.e+00 8.e-03]]
[0.302679, 0.366459, 0.403224, 0.488191, 0.512095, 0.537169, 0.563471, 0.591061, 0.620002, 0.65036, 0.715608, 0.787402, 0.866399, 0.953321, 1.0]
dict_keys([0.302679, 0.366459, 0.403224, 0.488191, 0.512095, 0.537169, 0.563471, 0.591061, 0.620002, 0.65036, 0.715608, 0.787402, 0.866399, 0.953321, 1.0])
prev {'d0': 2.1689648264857238, 'd1': 0.08755627317470427, 'e0': 0.9606298224276382, 'e1': -0.07133424212334075, 'f0': 0.5305254975899996, 'f1': 0.2099936728785342, 'g0': 1.2632231494710608, 'g1': 0.06691242472053302}
Starting ML Fit
Box11_1400
       message: Optimization terminated successfully.
       success: True
        status: 0
           fun: 1594.553096557962
             x: [ 2.167e+00  8.513e-02  1.017e+00  7.790e-02  5.128e-01
                  1.633e-01  1.285e+00  9.745e-02]
           nit: 991
          nfev: 1437
 final_simplex: (array([[ 2.167e+00,  8.513e-02, ...,  1.285e+00,
                         9.745e-02],
                       [ 2.167e+00,  8.515e-02, ...,  1.285e+00,
                         9.745e-02],
                       ...,
                       [ 2.167e+00,  8.515e-02, ...,  1.285e+00,
                         9.746e-02],
                       [ 2.167e+00,  8.522e-02, ...,  1.285e+00,
                         9.747e-02]]), array([ 1.595e+03,  1.595e+03,  1.595e+03,  1.595e+03,
                        1.595e+03,  1.595e+03,  1.595e+03,  1.595e+03,
                        1.595e+03]))
   param_names: ['d0', 'd1', 'e0', 'e1', 'f0', 'f1', 'g0', 'g1']
[2.16714665 0.08512936 1.01683858 0.0779046  0.51275606 0.16331877
 1.28475941 0.09745167]
{'d0': 2.1671466528438312, 'd1': 0.08512935814393231, 'e0': 1.016838577772002, 'e1': 0.07790459832720334, 'f0': 0.512756062923944, 'f1': 0.16331876853203287, 'g0': 1.2847594103574098, 'g1': 0.09745167160359618}
-------------------
{'d0': 2.1671466528438312, 'd1': 0.08512935814393231, 'e0': 1.016838577772002, 'e1': 0.07790459832720334, 'f0': 0.512756062923944, 'f1': 0.16331876853203287, 'g0': 1.2847594103574098, 'g1': 0.09745167160359618}
Previous:  {'d0': 2.1689648264857238, 'd1': 0.08755627317470427, 'e0': 0.9606298224276382, 'e1': -0.07133424212334075, 'f0': 0.5305254975899996, 'f1': 0.2099936728785342, 'g0': 1.2632231494710608, 'g1': 0.06691242472053302}
-------------------
