##############################


[[1.e-03 0.e+00 0.e+00 0.e+00 0.e+00 0.e+00 0.e+00 0.e+00]
 [0.e+00 8.e-04 0.e+00 0.e+00 0.e+00 0.e+00 0.e+00 0.e+00]
 [0.e+00 0.e+00 1.e-01 0.e+00 0.e+00 0.e+00 0.e+00 0.e+00]
 [0.e+00 0.e+00 0.e+00 8.e-02 0.e+00 0.e+00 0.e+00 0.e+00]
 [0.e+00 0.e+00 0.e+00 0.e+00 5.e-02 0.e+00 0.e+00 0.e+00]
 [0.e+00 0.e+00 0.e+00 0.e+00 0.e+00 8.e-01 0.e+00 0.e+00]
 [0.e+00 0.e+00 0.e+00 0.e+00 0.e+00 0.e+00 3.e-04 0.e+00]
 [0.e+00 0.e+00 0.e+00 0.e+00 0.e+00 0.e+00 0.e+00 8.e-03]]
[0.302679, 0.366459, 0.403224, 0.488191, 0.512095, 0.537169, 0.563471, 0.591061, 0.620002, 0.65036, 0.715608, 0.787402, 0.866399, 0.953321, 1.0]
dict_keys([0.302679, 0.366459, 0.403224, 0.488191, 0.512095, 0.537169, 0.563471, 0.591061, 0.620002, 0.65036, 0.715608, 0.787402, 0.866399, 0.953321, 1.0])
prev {'d0': 2.172947535454212, 'd1': 0.1016085426260808, 'e0': 0.9984137373517382, 'e1': -0.031540514698948786, 'f0': 0.5190940088979505, 'f1': 0.19853476308989437, 'g0': 1.2646465905348274, 'g1': 0.06800739498497924}
Starting ML Fit
Box76_1400
       message: Optimization terminated successfully.
       success: True
        status: 0
           fun: 1681.5472242005694
             x: [ 2.201e+00  9.397e-02  9.055e-01 -3.078e-02  5.652e-01
                  1.923e-01  1.240e+00  3.088e-02]
           nit: 717
          nfev: 1073
 final_simplex: (array([[ 2.201e+00,  9.397e-02, ...,  1.240e+00,
                         3.088e-02],
                       [ 2.201e+00,  9.394e-02, ...,  1.240e+00,
                         3.086e-02],
                       ...,
                       [ 2.201e+00,  9.406e-02, ...,  1.240e+00,
                         3.090e-02],
                       [ 2.201e+00,  9.401e-02, ...,  1.240e+00,
                         3.090e-02]]), array([ 1.682e+03,  1.682e+03,  1.682e+03,  1.682e+03,
                        1.682e+03,  1.682e+03,  1.682e+03,  1.682e+03,
                        1.682e+03]))
   param_names: ['d0', 'd1', 'e0', 'e1', 'f0', 'f1', 'g0', 'g1']
[ 2.20117223  0.09397069  0.90548002 -0.03078303  0.56522062  0.19233976
  1.23964558  0.03088396]
{'d0': 2.2011722293470135, 'd1': 0.09397068659277841, 'e0': 0.9054800242463104, 'e1': -0.03078302844595042, 'f0': 0.5652206217494389, 'f1': 0.19233976445019654, 'g0': 1.239645576167121, 'g1': 0.030883955317181036}
-------------------
{'d0': 2.2011722293470135, 'd1': 0.09397068659277841, 'e0': 0.9054800242463104, 'e1': -0.03078302844595042, 'f0': 0.5652206217494389, 'f1': 0.19233976445019654, 'g0': 1.239645576167121, 'g1': 0.030883955317181036}
Previous:  {'d0': 2.172947535454212, 'd1': 0.1016085426260808, 'e0': 0.9984137373517382, 'e1': -0.031540514698948786, 'f0': 0.5190940088979505, 'f1': 0.19853476308989437, 'g0': 1.2646465905348274, 'g1': 0.06800739498497924}
-------------------
