Curr: Box58_1400, Prev: Box46_1400
alist [1.0, 0.953321, 0.866399, 0.787402, 0.715608, 0.65036, 0.620002, 0.591061, 0.563471, 0.537169, 0.512095, 0.488191, 0.403224, 0.366459, 0.302679]
python -u fit_individ_iter.py Box58_1400 1.000000 Box46_1400 1.000000
prev {'d': 0.42017420231308744, 'e': 0.30199521579508737, 'f': 1.6665024841946148, 'g': 1.2267497449980098}
Starting ML Fit
Box58_1400
       message: Optimization terminated successfully.
       success: True
        status: 0
           fun: 119.42359107807523
             x: [ 4.159e-01  2.974e-01  1.670e+00  1.222e+00]
           nit: 61
          nfev: 111
 final_simplex: (array([[ 4.159e-01,  2.974e-01,  1.670e+00,  1.222e+00],
                       [ 4.159e-01,  2.974e-01,  1.671e+00,  1.222e+00],
                       ...,
                       [ 4.159e-01,  2.974e-01,  1.671e+00,  1.222e+00],
                       [ 4.159e-01,  2.975e-01,  1.671e+00,  1.222e+00]]), array([ 1.194e+02,  1.194e+02,  1.194e+02,  1.194e+02,
                        1.194e+02]))
   param_names: ['d', 'e', 'f', 'g']
[0.41587685 0.29744191 1.6704687  1.22239   ]
{'d': 0.41587684808689473, 'e': 0.2974419058881864, 'f': 1.6704686992337385, 'g': 1.2223899953792374}
Previous:  {'d': 0.42017420231308744, 'e': 0.30199521579508737, 'f': 1.6665024841946148, 'g': 1.2267497449980098}
python -u fit_individ_iter.py Box58_1400 0.953321 Box58_1400 1.000000
prev {'d': 0.41587684808689473, 'e': 0.2974419058881864, 'f': 1.6704686992337385, 'g': 1.2223899953792374}
Starting ML Fit
Box58_1400
       message: Optimization terminated successfully.
       success: True
        status: 0
           fun: 115.25996915734275
             x: [ 4.095e-01  2.933e-01  1.674e+00  1.219e+00]
           nit: 74
          nfev: 133
 final_simplex: (array([[ 4.095e-01,  2.933e-01,  1.674e+00,  1.219e+00],
                       [ 4.095e-01,  2.932e-01,  1.674e+00,  1.219e+00],
                       ...,
                       [ 4.095e-01,  2.933e-01,  1.674e+00,  1.219e+00],
                       [ 4.096e-01,  2.933e-01,  1.674e+00,  1.219e+00]]), array([ 1.153e+02,  1.153e+02,  1.153e+02,  1.153e+02,
                        1.153e+02]))
   param_names: ['d', 'e', 'f', 'g']
[0.40954977 0.29326268 1.67431424 1.21895853]
{'d': 0.40954977153217365, 'e': 0.293262675666325, 'f': 1.6743142442784014, 'g': 1.2189585310475084}
Previous:  {'d': 0.41587684808689473, 'e': 0.2974419058881864, 'f': 1.6704686992337385, 'g': 1.2223899953792374}
python -u fit_individ_iter.py Box58_1400 0.866399 Box58_1400 0.953321
prev {'d': 0.40954977153217365, 'e': 0.293262675666325, 'f': 1.6743142442784014, 'g': 1.2189585310475084}
Starting ML Fit
Box58_1400
       message: Optimization terminated successfully.
       success: True
        status: 0
           fun: 116.23289316818489
             x: [ 3.984e-01  2.877e-01  1.680e+00  1.212e+00]
           nit: 85
          nfev: 149
 final_simplex: (array([[ 3.984e-01,  2.877e-01,  1.680e+00,  1.212e+00],
                       [ 3.984e-01,  2.877e-01,  1.680e+00,  1.212e+00],
                       ...,
                       [ 3.984e-01,  2.878e-01,  1.680e+00,  1.212e+00],
                       [ 3.984e-01,  2.877e-01,  1.680e+00,  1.212e+00]]), array([ 1.162e+02,  1.162e+02,  1.162e+02,  1.162e+02,
                        1.162e+02]))
   param_names: ['d', 'e', 'f', 'g']
[0.3984004  0.28772194 1.67975753 1.21211427]
{'d': 0.3984003974614363, 'e': 0.2877219417638498, 'f': 1.6797575329078065, 'g': 1.2121142739441235}
Previous:  {'d': 0.40954977153217365, 'e': 0.293262675666325, 'f': 1.6743142442784014, 'g': 1.2189585310475084}
python -u fit_individ_iter.py Box58_1400 0.787402 Box58_1400 0.866399
prev {'d': 0.3984003974614363, 'e': 0.2877219417638498, 'f': 1.6797575329078065, 'g': 1.2121142739441235}
Starting ML Fit
Box58_1400
       message: Optimization terminated successfully.
       success: True
        status: 0
           fun: 112.79994321783573
             x: [ 3.901e-01  2.842e-01  1.684e+00  1.210e+00]
           nit: 80
          nfev: 142
 final_simplex: (array([[ 3.901e-01,  2.842e-01,  1.684e+00,  1.210e+00],
                       [ 3.902e-01,  2.842e-01,  1.684e+00,  1.210e+00],
                       ...,
                       [ 3.901e-01,  2.842e-01,  1.684e+00,  1.210e+00],
                       [ 3.902e-01,  2.842e-01,  1.684e+00,  1.210e+00]]), array([ 1.128e+02,  1.128e+02,  1.128e+02,  1.128e+02,
                        1.128e+02]))
   param_names: ['d', 'e', 'f', 'g']
[0.39014443 0.28417064 1.68376723 1.20999482]
{'d': 0.3901444302711734, 'e': 0.284170640638454, 'f': 1.6837672275141353, 'g': 1.209994819758315}
Previous:  {'d': 0.3984003974614363, 'e': 0.2877219417638498, 'f': 1.6797575329078065, 'g': 1.2121142739441235}
python -u fit_individ_iter.py Box58_1400 0.715608 Box58_1400 0.787402
prev {'d': 0.3901444302711734, 'e': 0.284170640638454, 'f': 1.6837672275141353, 'g': 1.209994819758315}
Starting ML Fit
Box58_1400
       message: Optimization terminated successfully.
       success: True
        status: 0
           fun: 107.33664825879076
             x: [ 3.827e-01  2.813e-01  1.687e+00  1.207e+00]
           nit: 64
          nfev: 115
 final_simplex: (array([[ 3.827e-01,  2.813e-01,  1.687e+00,  1.207e+00],
                       [ 3.826e-01,  2.813e-01,  1.687e+00,  1.207e+00],
                       ...,
                       [ 3.826e-01,  2.812e-01,  1.687e+00,  1.207e+00],
                       [ 3.827e-01,  2.812e-01,  1.687e+00,  1.207e+00]]), array([ 1.073e+02,  1.073e+02,  1.073e+02,  1.073e+02,
                        1.073e+02]))
   param_names: ['d', 'e', 'f', 'g']
[0.38265265 0.28126596 1.68737801 1.20666572]
{'d': 0.3826526450116512, 'e': 0.2812659565071317, 'f': 1.6873780108379188, 'g': 1.2066657169175148}
Previous:  {'d': 0.3901444302711734, 'e': 0.284170640638454, 'f': 1.6837672275141353, 'g': 1.209994819758315}
python -u fit_individ_iter.py Box58_1400 0.650360 Box58_1400 0.715608
prev {'d': 0.3826526450116512, 'e': 0.2812659565071317, 'f': 1.6873780108379188, 'g': 1.2066657169175148}
Starting ML Fit
Box58_1400
       message: Optimization terminated successfully.
       success: True
        status: 0
           fun: 100.70399756105978
             x: [ 3.763e-01  2.784e-01  1.691e+00  1.202e+00]
           nit: 74
          nfev: 131
 final_simplex: (array([[ 3.763e-01,  2.784e-01,  1.691e+00,  1.202e+00],
                       [ 3.763e-01,  2.784e-01,  1.691e+00,  1.202e+00],
                       ...,
                       [ 3.763e-01,  2.784e-01,  1.691e+00,  1.202e+00],
                       [ 3.763e-01,  2.783e-01,  1.691e+00,  1.202e+00]]), array([ 1.007e+02,  1.007e+02,  1.007e+02,  1.007e+02,
                        1.007e+02]))
   param_names: ['d', 'e', 'f', 'g']
[0.37627226 0.27835365 1.69144564 1.20218254]
{'d': 0.37627225732676295, 'e': 0.27835364665302276, 'f': 1.6914456374405287, 'g': 1.2021825437868645}
Previous:  {'d': 0.3826526450116512, 'e': 0.2812659565071317, 'f': 1.6873780108379188, 'g': 1.2066657169175148}
python -u fit_individ_iter.py Box58_1400 0.620002 Box58_1400 0.650360
prev {'d': 0.37627225732676295, 'e': 0.27835364665302276, 'f': 1.6914456374405287, 'g': 1.2021825437868645}
Starting ML Fit
Box58_1400
       message: Optimization terminated successfully.
       success: True
        status: 0
           fun: 96.47525691921439
             x: [ 3.730e-01  2.759e-01  1.695e+00  1.199e+00]
           nit: 62
          nfev: 112
 final_simplex: (array([[ 3.730e-01,  2.759e-01,  1.695e+00,  1.199e+00],
                       [ 3.730e-01,  2.760e-01,  1.695e+00,  1.199e+00],
                       ...,
                       [ 3.730e-01,  2.759e-01,  1.695e+00,  1.199e+00],
                       [ 3.730e-01,  2.759e-01,  1.695e+00,  1.199e+00]]), array([ 9.648e+01,  9.648e+01,  9.648e+01,  9.648e+01,
                        9.648e+01]))
   param_names: ['d', 'e', 'f', 'g']
[0.37302033 0.27588284 1.69484253 1.19924123]
{'d': 0.37302033240466836, 'e': 0.27588284498999127, 'f': 1.6948425333006065, 'g': 1.1992412275878506}
Previous:  {'d': 0.37627225732676295, 'e': 0.27835364665302276, 'f': 1.6914456374405287, 'g': 1.2021825437868645}
python -u fit_individ_iter.py Box58_1400 0.591061 Box58_1400 0.620002
prev {'d': 0.37302033240466836, 'e': 0.27588284498999127, 'f': 1.6948425333006065, 'g': 1.1992412275878506}
Starting ML Fit
Box58_1400
       message: Optimization terminated successfully.
       success: True
        status: 0
           fun: 95.2118451725719
             x: [ 3.691e-01  2.731e-01  1.699e+00  1.196e+00]
           nit: 56
          nfev: 104
 final_simplex: (array([[ 3.691e-01,  2.731e-01,  1.699e+00,  1.196e+00],
                       [ 3.691e-01,  2.731e-01,  1.699e+00,  1.196e+00],
                       ...,
                       [ 3.691e-01,  2.731e-01,  1.699e+00,  1.196e+00],
                       [ 3.691e-01,  2.730e-01,  1.699e+00,  1.196e+00]]), array([ 9.521e+01,  9.521e+01,  9.521e+01,  9.521e+01,
                        9.521e+01]))
   param_names: ['d', 'e', 'f', 'g']
[0.36910695 0.27309679 1.69878953 1.19559219]
{'d': 0.36910694621379264, 'e': 0.27309679280807864, 'f': 1.6987895269887754, 'g': 1.1955921870291601}
Previous:  {'d': 0.37302033240466836, 'e': 0.27588284498999127, 'f': 1.6948425333006065, 'g': 1.1992412275878506}
python -u fit_individ_iter.py Box58_1400 0.563471 Box58_1400 0.591061
prev {'d': 0.36910694621379264, 'e': 0.27309679280807864, 'f': 1.6987895269887754, 'g': 1.1955921870291601}
Starting ML Fit
Box58_1400
       message: Optimization terminated successfully.
       success: True
        status: 0
           fun: 87.37932545867663
             x: [ 3.662e-01  2.710e-01  1.702e+00  1.194e+00]
           nit: 52
          nfev: 102
 final_simplex: (array([[ 3.662e-01,  2.710e-01,  1.702e+00,  1.194e+00],
                       [ 3.662e-01,  2.710e-01,  1.702e+00,  1.194e+00],
                       ...,
                       [ 3.662e-01,  2.710e-01,  1.702e+00,  1.194e+00],
                       [ 3.662e-01,  2.711e-01,  1.702e+00,  1.194e+00]]), array([ 8.738e+01,  8.738e+01,  8.738e+01,  8.738e+01,
                        8.738e+01]))
   param_names: ['d', 'e', 'f', 'g']
[0.36622686 0.27101638 1.70180783 1.19369507]
{'d': 0.366226856062591, 'e': 0.2710163796019923, 'f': 1.7018078312442217, 'g': 1.193695069594144}
Previous:  {'d': 0.36910694621379264, 'e': 0.27309679280807864, 'f': 1.6987895269887754, 'g': 1.1955921870291601}
python -u fit_individ_iter.py Box58_1400 0.537169 Box58_1400 0.563471
prev {'d': 0.366226856062591, 'e': 0.2710163796019923, 'f': 1.7018078312442217, 'g': 1.193695069594144}
Starting ML Fit
Box58_1400
       message: Optimization terminated successfully.
       success: True
        status: 0
           fun: 82.76478486039193
             x: [ 3.632e-01  2.695e-01  1.704e+00  1.191e+00]
           nit: 71
          nfev: 128
 final_simplex: (array([[ 3.632e-01,  2.695e-01,  1.704e+00,  1.191e+00],
                       [ 3.632e-01,  2.695e-01,  1.704e+00,  1.191e+00],
                       ...,
                       [ 3.632e-01,  2.694e-01,  1.704e+00,  1.191e+00],
                       [ 3.632e-01,  2.695e-01,  1.704e+00,  1.191e+00]]), array([ 8.276e+01,  8.276e+01,  8.276e+01,  8.276e+01,
                        8.276e+01]))
   param_names: ['d', 'e', 'f', 'g']
[0.36320597 0.26947467 1.70421156 1.19053249]
{'d': 0.3632059670447292, 'e': 0.269474671102403, 'f': 1.7042115577434327, 'g': 1.1905324919513767}
Previous:  {'d': 0.366226856062591, 'e': 0.2710163796019923, 'f': 1.7018078312442217, 'g': 1.193695069594144}
python -u fit_individ_iter.py Box58_1400 0.512095 Box58_1400 0.537169
prev {'d': 0.3632059670447292, 'e': 0.269474671102403, 'f': 1.7042115577434327, 'g': 1.1905324919513767}
Starting ML Fit
Box58_1400
       message: Optimization terminated successfully.
       success: True
        status: 0
           fun: 81.88917322835391
             x: [ 3.603e-01  2.678e-01  1.707e+00  1.188e+00]
           nit: 57
          nfev: 106
 final_simplex: (array([[ 3.603e-01,  2.678e-01,  1.707e+00,  1.188e+00],
                       [ 3.603e-01,  2.677e-01,  1.707e+00,  1.188e+00],
                       ...,
                       [ 3.603e-01,  2.678e-01,  1.707e+00,  1.188e+00],
                       [ 3.603e-01,  2.677e-01,  1.707e+00,  1.188e+00]]), array([ 8.189e+01,  8.189e+01,  8.189e+01,  8.189e+01,
                        8.189e+01]))
   param_names: ['d', 'e', 'f', 'g']
[0.36031149 0.26776107 1.70694153 1.18800063]
{'d': 0.3603114926494445, 'e': 0.2677610701883699, 'f': 1.7069415311419618, 'g': 1.1880006342107252}
Previous:  {'d': 0.3632059670447292, 'e': 0.269474671102403, 'f': 1.7042115577434327, 'g': 1.1905324919513767}
python -u fit_individ_iter.py Box58_1400 0.488191 Box58_1400 0.512095
prev {'d': 0.3603114926494445, 'e': 0.2677610701883699, 'f': 1.7069415311419618, 'g': 1.1880006342107252}
Starting ML Fit
Box58_1400
       message: Optimization terminated successfully.
       success: True
        status: 0
           fun: 79.27144778767402
             x: [ 3.576e-01  2.661e-01  1.710e+00  1.185e+00]
           nit: 63
          nfev: 117
 final_simplex: (array([[ 3.576e-01,  2.661e-01,  1.710e+00,  1.185e+00],
                       [ 3.576e-01,  2.661e-01,  1.710e+00,  1.185e+00],
                       ...,
                       [ 3.576e-01,  2.661e-01,  1.710e+00,  1.185e+00],
                       [ 3.576e-01,  2.660e-01,  1.710e+00,  1.185e+00]]), array([ 7.927e+01,  7.927e+01,  7.927e+01,  7.927e+01,
                        7.927e+01]))
   param_names: ['d', 'e', 'f', 'g']
[0.35758532 0.26606768 1.70970793 1.18507157]
{'d': 0.3575853201703977, 'e': 0.2660676767924962, 'f': 1.709707925150097, 'g': 1.1850715749260656}
Previous:  {'d': 0.3603114926494445, 'e': 0.2677610701883699, 'f': 1.7069415311419618, 'g': 1.1880006342107252}
python -u fit_individ_iter.py Box58_1400 0.403224 Box58_1400 0.488191
prev {'d': 0.3575853201703977, 'e': 0.2660676767924962, 'f': 1.709707925150097, 'g': 1.1850715749260656}
Starting ML Fit
Box58_1400
       message: Optimization terminated successfully.
       success: True
        status: 0
           fun: 63.18900458230195
             x: [ 3.506e-01  2.657e-01  1.710e+00  1.177e+00]
           nit: 55
          nfev: 104
 final_simplex: (array([[ 3.506e-01,  2.657e-01,  1.710e+00,  1.177e+00],
                       [ 3.506e-01,  2.657e-01,  1.710e+00,  1.177e+00],
                       ...,
                       [ 3.506e-01,  2.658e-01,  1.710e+00,  1.177e+00],
                       [ 3.506e-01,  2.657e-01,  1.710e+00,  1.177e+00]]), array([ 6.319e+01,  6.319e+01,  6.319e+01,  6.319e+01,
                        6.319e+01]))
   param_names: ['d', 'e', 'f', 'g']
[0.35058211 0.26571828 1.71045263 1.17694484]
{'d': 0.3505821107050615, 'e': 0.26571828012455956, 'f': 1.7104526316564912, 'g': 1.1769448390318382}
Previous:  {'d': 0.3575853201703977, 'e': 0.2660676767924962, 'f': 1.709707925150097, 'g': 1.1850715749260656}
python -u fit_individ_iter.py Box58_1400 0.366459 Box58_1400 0.403224
prev {'d': 0.3505821107050615, 'e': 0.26571828012455956, 'f': 1.7104526316564912, 'g': 1.1769448390318382}
Starting ML Fit
Box58_1400
       message: Optimization terminated successfully.
       success: True
        status: 0
           fun: 51.42655973543732
             x: [ 3.453e-01  2.652e-01  1.711e+00  1.169e+00]
           nit: 67
          nfev: 122
 final_simplex: (array([[ 3.453e-01,  2.652e-01,  1.711e+00,  1.169e+00],
                       [ 3.453e-01,  2.653e-01,  1.712e+00,  1.169e+00],
                       ...,
                       [ 3.452e-01,  2.652e-01,  1.712e+00,  1.169e+00],
                       [ 3.453e-01,  2.652e-01,  1.711e+00,  1.169e+00]]), array([ 5.143e+01,  5.143e+01,  5.143e+01,  5.143e+01,
                        5.143e+01]))
   param_names: ['d', 'e', 'f', 'g']
[0.34527567 0.26521372 1.71149339 1.16919694]
{'d': 0.34527567378255974, 'e': 0.26521372348140304, 'f': 1.711493387884036, 'g': 1.1691969449405462}
Previous:  {'d': 0.3505821107050615, 'e': 0.26571828012455956, 'f': 1.7104526316564912, 'g': 1.1769448390318382}
python -u fit_individ_iter.py Box58_1400 0.302679 Box58_1400 0.366459
prev {'d': 0.34527567378255974, 'e': 0.26521372348140304, 'f': 1.711493387884036, 'g': 1.1691969449405462}
Starting ML Fit
Box58_1400
       message: Optimization terminated successfully.
       success: True
        status: 0
           fun: 43.91485902374002
             x: [ 3.398e-01  2.650e-01  1.712e+00  1.165e+00]
           nit: 65
          nfev: 120
 final_simplex: (array([[ 3.398e-01,  2.650e-01,  1.712e+00,  1.165e+00],
                       [ 3.399e-01,  2.651e-01,  1.712e+00,  1.165e+00],
                       ...,
                       [ 3.399e-01,  2.651e-01,  1.712e+00,  1.165e+00],
                       [ 3.399e-01,  2.651e-01,  1.712e+00,  1.165e+00]]), array([ 4.391e+01,  4.391e+01,  4.391e+01,  4.391e+01,
                        4.391e+01]))
   param_names: ['d', 'e', 'f', 'g']
[0.33984869 0.26502951 1.71192125 1.1648108 ]
{'d': 0.33984869166852183, 'e': 0.26502950587798646, 'f': 1.7119212495502754, 'g': 1.1648108018083825}
Previous:  {'d': 0.34527567378255974, 'e': 0.26521372348140304, 'f': 1.711493387884036, 'g': 1.1691969449405462}
