alist [1.0, 0.953321, 0.866399, 0.787402, 0.715608, 0.65036, 0.620002, 0.591061, 0.563471, 0.537169, 0.512095, 0.488191, 0.403224, 0.366459, 0.302679]
Curr: Box14_1400, Prev: Box_n50_25_1400
##############################


prev {'d': 0.4276037325424273, 'e': 0.2994007057098872, 'f': 1.6387471241457785, 'g': 1.1594022366385495}
Starting ML Fit
Box14_1400
       message: Optimization terminated successfully.
       success: True
        status: 0
           fun: 114.66728806396551
             x: [ 4.176e-01  2.964e-01  1.643e+00  1.170e+00]
           nit: 96
          nfev: 168
 final_simplex: (array([[ 4.176e-01,  2.964e-01,  1.643e+00,  1.170e+00],
                       [ 4.176e-01,  2.964e-01,  1.643e+00,  1.170e+00],
                       ...,
                       [ 4.176e-01,  2.964e-01,  1.643e+00,  1.170e+00],
                       [ 4.176e-01,  2.964e-01,  1.643e+00,  1.170e+00]]), array([ 1.147e+02,  1.147e+02,  1.147e+02,  1.147e+02,
                        1.147e+02]))
   param_names: ['d', 'e', 'f', 'g']
[0.41758037 0.29644817 1.643183   1.17045479]
{'d': 0.4175803706289152, 'e': 0.29644816580630134, 'f': 1.6431829981031896, 'g': 1.170454787256254}
Previous:  {'d': 0.4276037325424273, 'e': 0.2994007057098872, 'f': 1.6387471241457785, 'g': 1.1594022366385495}


##############################


prev {'d': 0.4175803706289152, 'e': 0.29644816580630134, 'f': 1.6431829981031896, 'g': 1.170454787256254}
Starting ML Fit
Box14_1400
       message: Optimization terminated successfully.
       success: True
        status: 0
           fun: 108.36504840645473
             x: [ 4.112e-01  2.931e-01  1.648e+00  1.170e+00]
           nit: 78
          nfev: 136
 final_simplex: (array([[ 4.112e-01,  2.931e-01,  1.648e+00,  1.170e+00],
                       [ 4.112e-01,  2.930e-01,  1.648e+00,  1.170e+00],
                       ...,
                       [ 4.112e-01,  2.931e-01,  1.648e+00,  1.170e+00],
                       [ 4.112e-01,  2.931e-01,  1.648e+00,  1.170e+00]]), array([ 1.084e+02,  1.084e+02,  1.084e+02,  1.084e+02,
                        1.084e+02]))
   param_names: ['d', 'e', 'f', 'g']
[0.41117188 0.29309891 1.64818378 1.16967404]
{'d': 0.41117188247835823, 'e': 0.29309890742717803, 'f': 1.6481837755545676, 'g': 1.1696740396095078}
Previous:  {'d': 0.4175803706289152, 'e': 0.29644816580630134, 'f': 1.6431829981031896, 'g': 1.170454787256254}


##############################


prev {'d': 0.41117188247835823, 'e': 0.29309890742717803, 'f': 1.6481837755545676, 'g': 1.1696740396095078}
Starting ML Fit
Box14_1400
       message: Optimization terminated successfully.
       success: True
        status: 0
           fun: 118.79472853208368
             x: [ 3.999e-01  2.894e-01  1.654e+00  1.170e+00]
           nit: 72
          nfev: 131
 final_simplex: (array([[ 3.999e-01,  2.894e-01,  1.654e+00,  1.170e+00],
                       [ 3.999e-01,  2.895e-01,  1.654e+00,  1.170e+00],
                       ...,
                       [ 3.999e-01,  2.894e-01,  1.654e+00,  1.170e+00],
                       [ 3.999e-01,  2.895e-01,  1.654e+00,  1.170e+00]]), array([ 1.188e+02,  1.188e+02,  1.188e+02,  1.188e+02,
                        1.188e+02]))
   param_names: ['d', 'e', 'f', 'g']
[0.39992128 0.2893796  1.65376429 1.17018284]
{'d': 0.39992128119414994, 'e': 0.2893796036464827, 'f': 1.6537642858640456, 'g': 1.1701828383568118}
Previous:  {'d': 0.41117188247835823, 'e': 0.29309890742717803, 'f': 1.6481837755545676, 'g': 1.1696740396095078}


##############################


prev {'d': 0.39992128119414994, 'e': 0.2893796036464827, 'f': 1.6537642858640456, 'g': 1.1701828383568118}
Starting ML Fit
Box14_1400
       message: Optimization terminated successfully.
       success: True
        status: 0
           fun: 102.01122520522523
             x: [ 3.906e-01  2.866e-01  1.658e+00  1.170e+00]
           nit: 63
          nfev: 114
 final_simplex: (array([[ 3.906e-01,  2.866e-01,  1.658e+00,  1.170e+00],
                       [ 3.906e-01,  2.867e-01,  1.658e+00,  1.170e+00],
                       ...,
                       [ 3.907e-01,  2.867e-01,  1.658e+00,  1.170e+00],
                       [ 3.907e-01,  2.867e-01,  1.658e+00,  1.170e+00]]), array([ 1.020e+02,  1.020e+02,  1.020e+02,  1.020e+02,
                        1.020e+02]))
   param_names: ['d', 'e', 'f', 'g']
[0.39063668 0.28663235 1.6580739  1.17000537]
{'d': 0.39063668167198184, 'e': 0.28663234610591526, 'f': 1.6580738967866369, 'g': 1.1700053740779355}
Previous:  {'d': 0.39992128119414994, 'e': 0.2893796036464827, 'f': 1.6537642858640456, 'g': 1.1701828383568118}


##############################


prev {'d': 0.39063668167198184, 'e': 0.28663234610591526, 'f': 1.6580738967866369, 'g': 1.1700053740779355}
Starting ML Fit
Box14_1400
       message: Optimization terminated successfully.
       success: True
        status: 0
           fun: 97.47822639074796
             x: [ 3.812e-01  2.845e-01  1.662e+00  1.167e+00]
           nit: 84
          nfev: 142
 final_simplex: (array([[ 3.812e-01,  2.845e-01,  1.662e+00,  1.167e+00],
                       [ 3.812e-01,  2.845e-01,  1.662e+00,  1.167e+00],
                       ...,
                       [ 3.812e-01,  2.846e-01,  1.662e+00,  1.167e+00],
                       [ 3.812e-01,  2.845e-01,  1.662e+00,  1.167e+00]]), array([ 9.748e+01,  9.748e+01,  9.748e+01,  9.748e+01,
                        9.748e+01]))
   param_names: ['d', 'e', 'f', 'g']
[0.38115033 0.28451626 1.66172028 1.16733132]
{'d': 0.3811503291542819, 'e': 0.28451626431866683, 'f': 1.6617202775163702, 'g': 1.1673313188434162}
Previous:  {'d': 0.39063668167198184, 'e': 0.28663234610591526, 'f': 1.6580738967866369, 'g': 1.1700053740779355}


##############################


prev {'d': 0.3811503291542819, 'e': 0.28451626431866683, 'f': 1.6617202775163702, 'g': 1.1673313188434162}
Starting ML Fit
Box14_1400
       message: Optimization terminated successfully.
       success: True
        status: 0
           fun: 95.61236429042222
             x: [ 3.748e-01  2.833e-01  1.664e+00  1.168e+00]
           nit: 64
          nfev: 114
 final_simplex: (array([[ 3.748e-01,  2.833e-01,  1.664e+00,  1.168e+00],
                       [ 3.748e-01,  2.833e-01,  1.664e+00,  1.169e+00],
                       ...,
                       [ 3.748e-01,  2.834e-01,  1.664e+00,  1.168e+00],
                       [ 3.748e-01,  2.833e-01,  1.664e+00,  1.169e+00]]), array([ 9.561e+01,  9.561e+01,  9.561e+01,  9.561e+01,
                        9.561e+01]))
   param_names: ['d', 'e', 'f', 'g']
[0.37478297 0.28329385 1.66391    1.16849153]
{'d': 0.3747829677710538, 'e': 0.28329385239677396, 'f': 1.663909998368154, 'g': 1.1684915288649675}
Previous:  {'d': 0.3811503291542819, 'e': 0.28451626431866683, 'f': 1.6617202775163702, 'g': 1.1673313188434162}


##############################


prev {'d': 0.3747829677710538, 'e': 0.28329385239677396, 'f': 1.663909998368154, 'g': 1.1684915288649675}
Starting ML Fit
Box14_1400
       message: Optimization terminated successfully.
       success: True
        status: 0
           fun: 95.77679173075
             x: [ 3.713e-01  2.820e-01  1.666e+00  1.169e+00]
           nit: 67
          nfev: 120
 final_simplex: (array([[ 3.713e-01,  2.820e-01,  1.666e+00,  1.169e+00],
                       [ 3.713e-01,  2.820e-01,  1.666e+00,  1.169e+00],
                       ...,
                       [ 3.713e-01,  2.820e-01,  1.666e+00,  1.169e+00],
                       [ 3.713e-01,  2.820e-01,  1.666e+00,  1.169e+00]]), array([ 9.578e+01,  9.578e+01,  9.578e+01,  9.578e+01,
                        9.578e+01]))
   param_names: ['d', 'e', 'f', 'g']
[0.37130527 0.28196948 1.66639959 1.16851128]
{'d': 0.37130527374688627, 'e': 0.2819694831929169, 'f': 1.6663995942041527, 'g': 1.1685112808554359}
Previous:  {'d': 0.3747829677710538, 'e': 0.28329385239677396, 'f': 1.663909998368154, 'g': 1.1684915288649675}


##############################


prev {'d': 0.37130527374688627, 'e': 0.2819694831929169, 'f': 1.6663995942041527, 'g': 1.1685112808554359}
Starting ML Fit
Box14_1400
       message: Optimization terminated successfully.
       success: True
        status: 0
           fun: 91.1787824354679
             x: [ 3.673e-01  2.809e-01  1.669e+00  1.167e+00]
           nit: 64
          nfev: 114
 final_simplex: (array([[ 3.673e-01,  2.809e-01,  1.669e+00,  1.167e+00],
                       [ 3.673e-01,  2.808e-01,  1.669e+00,  1.167e+00],
                       ...,
                       [ 3.674e-01,  2.809e-01,  1.669e+00,  1.167e+00],
                       [ 3.673e-01,  2.808e-01,  1.669e+00,  1.167e+00]]), array([ 9.118e+01,  9.118e+01,  9.118e+01,  9.118e+01,
                        9.118e+01]))
   param_names: ['d', 'e', 'f', 'g']
[0.36733631 0.28087699 1.66854292 1.16673166]
{'d': 0.36733630502144626, 'e': 0.2808769926230057, 'f': 1.6685429161568814, 'g': 1.166731657954336}
Previous:  {'d': 0.37130527374688627, 'e': 0.2819694831929169, 'f': 1.6663995942041527, 'g': 1.1685112808554359}


##############################


prev {'d': 0.36733630502144626, 'e': 0.2808769926230057, 'f': 1.6685429161568814, 'g': 1.166731657954336}
Starting ML Fit
Box14_1400
       message: Optimization terminated successfully.
       success: True
        status: 0
           fun: 80.03197098500462
             x: [ 3.643e-01  2.799e-01  1.670e+00  1.166e+00]
           nit: 56
          nfev: 103
 final_simplex: (array([[ 3.643e-01,  2.799e-01,  1.670e+00,  1.166e+00],
                       [ 3.643e-01,  2.800e-01,  1.670e+00,  1.166e+00],
                       ...,
                       [ 3.643e-01,  2.800e-01,  1.670e+00,  1.166e+00],
                       [ 3.643e-01,  2.799e-01,  1.670e+00,  1.166e+00]]), array([ 8.003e+01,  8.003e+01,  8.003e+01,  8.003e+01,
                        8.003e+01]))
   param_names: ['d', 'e', 'f', 'g']
[0.36431251 0.27990722 1.67044085 1.1661472 ]
{'d': 0.36431250821405226, 'e': 0.2799072235747853, 'f': 1.6704408467205016, 'g': 1.1661471975975473}
Previous:  {'d': 0.36733630502144626, 'e': 0.2808769926230057, 'f': 1.6685429161568814, 'g': 1.166731657954336}


##############################


prev {'d': 0.36431250821405226, 'e': 0.2799072235747853, 'f': 1.6704408467205016, 'g': 1.1661471975975473}
Starting ML Fit
Box14_1400
       message: Optimization terminated successfully.
       success: True
        status: 0
           fun: 77.61771272226179
             x: [ 3.605e-01  2.789e-01  1.672e+00  1.164e+00]
           nit: 66
          nfev: 120
 final_simplex: (array([[ 3.605e-01,  2.789e-01,  1.672e+00,  1.164e+00],
                       [ 3.605e-01,  2.790e-01,  1.672e+00,  1.164e+00],
                       ...,
                       [ 3.605e-01,  2.790e-01,  1.672e+00,  1.164e+00],
                       [ 3.605e-01,  2.789e-01,  1.672e+00,  1.164e+00]]), array([ 7.762e+01,  7.762e+01,  7.762e+01,  7.762e+01,
                        7.762e+01]))
   param_names: ['d', 'e', 'f', 'g']
[0.36051495 0.2789197  1.67238673 1.16402443]
{'d': 0.3605149475078108, 'e': 0.2789197031007523, 'f': 1.672386729033357, 'g': 1.1640244296169544}
Previous:  {'d': 0.36431250821405226, 'e': 0.2799072235747853, 'f': 1.6704408467205016, 'g': 1.1661471975975473}


##############################


prev {'d': 0.3605149475078108, 'e': 0.2789197031007523, 'f': 1.672386729033357, 'g': 1.1640244296169544}
Starting ML Fit
Box14_1400
       message: Optimization terminated successfully.
       success: True
        status: 0
           fun: 74.2756443790025
             x: [ 3.587e-01  2.782e-01  1.674e+00  1.165e+00]
           nit: 57
          nfev: 106
 final_simplex: (array([[ 3.587e-01,  2.782e-01,  1.674e+00,  1.165e+00],
                       [ 3.587e-01,  2.782e-01,  1.674e+00,  1.165e+00],
                       ...,
                       [ 3.587e-01,  2.782e-01,  1.674e+00,  1.165e+00],
                       [ 3.587e-01,  2.782e-01,  1.674e+00,  1.165e+00]]), array([ 7.428e+01,  7.428e+01,  7.428e+01,  7.428e+01,
                        7.428e+01]))
   param_names: ['d', 'e', 'f', 'g']
[0.35874389 0.27821589 1.67392766 1.16519018]
{'d': 0.3587438884622643, 'e': 0.2782158932659963, 'f': 1.6739276625016823, 'g': 1.1651901787036956}
Previous:  {'d': 0.3605149475078108, 'e': 0.2789197031007523, 'f': 1.672386729033357, 'g': 1.1640244296169544}


##############################


prev {'d': 0.3587438884622643, 'e': 0.2782158932659963, 'f': 1.6739276625016823, 'g': 1.1651901787036956}
Starting ML Fit
Box14_1400
       message: Optimization terminated successfully.
       success: True
        status: 0
           fun: 63.200258557621396
             x: [ 3.589e-01  2.777e-01  1.675e+00  1.168e+00]
           nit: 66
          nfev: 114
 final_simplex: (array([[ 3.589e-01,  2.777e-01,  1.675e+00,  1.168e+00],
                       [ 3.589e-01,  2.778e-01,  1.675e+00,  1.168e+00],
                       ...,
                       [ 3.589e-01,  2.777e-01,  1.675e+00,  1.168e+00],
                       [ 3.589e-01,  2.778e-01,  1.675e+00,  1.168e+00]]), array([ 6.320e+01,  6.320e+01,  6.320e+01,  6.320e+01,
                        6.320e+01]))
   param_names: ['d', 'e', 'f', 'g']
[0.35886481 0.27771233 1.67492454 1.1676595 ]
{'d': 0.3588648093885387, 'e': 0.2777123324407893, 'f': 1.6749245412467095, 'g': 1.167659503320016}
Previous:  {'d': 0.3587438884622643, 'e': 0.2782158932659963, 'f': 1.6739276625016823, 'g': 1.1651901787036956}


##############################


prev {'d': 0.3588648093885387, 'e': 0.2777123324407893, 'f': 1.6749245412467095, 'g': 1.167659503320016}
Starting ML Fit
Box14_1400
       message: Optimization terminated successfully.
       success: True
        status: 0
           fun: 46.889697937929014
             x: [ 3.576e-01  2.776e-01  1.675e+00  1.172e+00]
           nit: 77
          nfev: 137
 final_simplex: (array([[ 3.576e-01,  2.776e-01,  1.675e+00,  1.172e+00],
                       [ 3.576e-01,  2.776e-01,  1.675e+00,  1.172e+00],
                       ...,
                       [ 3.576e-01,  2.776e-01,  1.675e+00,  1.172e+00],
                       [ 3.576e-01,  2.777e-01,  1.675e+00,  1.172e+00]]), array([ 4.689e+01,  4.689e+01,  4.689e+01,  4.689e+01,
                        4.689e+01]))
   param_names: ['d', 'e', 'f', 'g']
[0.35758932 0.27756127 1.67534543 1.17153812]
{'d': 0.3575893171128346, 'e': 0.27756126622586175, 'f': 1.6753454280468716, 'g': 1.171538121931865}
Previous:  {'d': 0.3588648093885387, 'e': 0.2777123324407893, 'f': 1.6749245412467095, 'g': 1.167659503320016}


##############################


prev {'d': 0.3575893171128346, 'e': 0.27756126622586175, 'f': 1.6753454280468716, 'g': 1.171538121931865}
Starting ML Fit
Box14_1400
       message: Optimization terminated successfully.
       success: True
        status: 0
           fun: 42.9849698784295
             x: [ 3.616e-01  2.774e-01  1.676e+00  1.177e+00]
           nit: 61
          nfev: 111
 final_simplex: (array([[ 3.616e-01,  2.774e-01,  1.676e+00,  1.177e+00],
                       [ 3.616e-01,  2.775e-01,  1.675e+00,  1.177e+00],
                       ...,
                       [ 3.616e-01,  2.775e-01,  1.675e+00,  1.177e+00],
                       [ 3.616e-01,  2.775e-01,  1.675e+00,  1.177e+00]]), array([ 4.298e+01,  4.298e+01,  4.299e+01,  4.299e+01,
                        4.299e+01]))
   param_names: ['d', 'e', 'f', 'g']
[0.36162865 0.27744813 1.67553174 1.17740536]
{'d': 0.36162864732372185, 'e': 0.27744813076553937, 'f': 1.6755317409642374, 'g': 1.17740535965602}
Previous:  {'d': 0.3575893171128346, 'e': 0.27756126622586175, 'f': 1.6753454280468716, 'g': 1.171538121931865}


##############################


prev {'d': 0.36162864732372185, 'e': 0.27744813076553937, 'f': 1.6755317409642374, 'g': 1.17740535965602}
Starting ML Fit
Box14_1400
       message: Optimization terminated successfully.
       success: True
        status: 0
           fun: 22.168870145714497
             x: [ 4.006e-01  2.773e-01  1.676e+00  1.207e+00]
           nit: 62
          nfev: 115
 final_simplex: (array([[ 4.006e-01,  2.773e-01,  1.676e+00,  1.207e+00],
                       [ 4.006e-01,  2.774e-01,  1.676e+00,  1.207e+00],
                       ...,
                       [ 4.006e-01,  2.773e-01,  1.676e+00,  1.207e+00],
                       [ 4.005e-01,  2.773e-01,  1.676e+00,  1.207e+00]]), array([ 2.217e+01,  2.217e+01,  2.217e+01,  2.217e+01,
                        2.217e+01]))
   param_names: ['d', 'e', 'f', 'g']
[0.40061163 0.2773319  1.67552183 1.20674071]
{'d': 0.4006116329069135, 'e': 0.27733190066923347, 'f': 1.6755218319749634, 'g': 1.2067407125833045}
Previous:  {'d': 0.36162864732372185, 'e': 0.27744813076553937, 'f': 1.6755317409642374, 'g': 1.17740535965602}


