##############################


[[0.01   0.     0.     0.     0.     0.     0.     0.    ]
 [0.     0.01   0.     0.     0.     0.     0.     0.    ]
 [0.     0.     0.001  0.     0.     0.     0.     0.    ]
 [0.     0.     0.     0.001  0.     0.     0.     0.    ]
 [0.     0.     0.     0.     0.0005 0.     0.     0.    ]
 [0.     0.     0.     0.     0.     0.0005 0.     0.    ]
 [0.     0.     0.     0.     0.     0.     0.0001 0.    ]
 [0.     0.     0.     0.     0.     0.     0.     0.0001]]
[0.302679, 0.366459, 0.403224, 0.488191, 0.512095, 0.537169, 0.563471, 0.591061, 0.620002, 0.65036, 0.715608, 0.787402, 0.866399, 0.953321, 1.0]
dict_keys([0.302679, 0.366459, 0.403224, 0.488191, 0.512095, 0.537169, 0.563471, 0.591061, 0.620002, 0.65036, 0.715608, 0.787402, 0.866399, 0.953321, 1.0])
prev {'d0': 1.9899840378965947, 'd1': 0.04169509342231542, 'e0': 1.0531611413668176, 'e1': -0.10339930275540685, 'f0': 0.41982375379105996, 'f1': 0.19985506118788077, 'g0': 1.2141423967684926, 'g1': 0.030287664941419934}
Starting ML Fit
Box_n50_5_1400
       message: Optimization terminated successfully.
       success: True
        status: 0
           fun: 1447.8139293611405
             x: [ 2.010e+00  3.750e-02  1.090e+00 -8.700e-02  4.036e-01
                  2.081e-01  1.218e+00  3.691e-02]
           nit: 442
          nfev: 675
 final_simplex: (array([[ 2.010e+00,  3.750e-02, ...,  1.218e+00,
                         3.691e-02],
                       [ 2.011e+00,  3.750e-02, ...,  1.218e+00,
                         3.691e-02],
                       ...,
                       [ 2.010e+00,  3.750e-02, ...,  1.218e+00,
                         3.690e-02],
                       [ 2.010e+00,  3.750e-02, ...,  1.218e+00,
                         3.691e-02]]), array([ 1.448e+03,  1.448e+03,  1.448e+03,  1.448e+03,
                        1.448e+03,  1.448e+03,  1.448e+03,  1.448e+03,
                        1.448e+03]))
   param_names: ['d0', 'd1', 'e0', 'e1', 'f0', 'f1', 'g0', 'g1']
[ 2.01041313  0.03749669  1.08950295 -0.08699667  0.40355378  0.20812062
  1.21807474  0.03691232]
{'d0': 2.010413125470245, 'd1': 0.03749668971554926, 'e0': 1.0895029468354829, 'e1': -0.0869966738726056, 'f0': 0.40355377746510246, 'f1': 0.2081206245935847, 'g0': 1.218074741050814, 'g1': 0.03691231607016054}
-------------------
{'d0': 2.010413125470245, 'd1': 0.03749668971554926, 'e0': 1.0895029468354829, 'e1': -0.0869966738726056, 'f0': 0.40355377746510246, 'f1': 0.2081206245935847, 'g0': 1.218074741050814, 'g1': 0.03691231607016054}
Previous:  {'d0': 1.9899840378965947, 'd1': 0.04169509342231542, 'e0': 1.0531611413668176, 'e1': -0.10339930275540685, 'f0': 0.41982375379105996, 'f1': 0.19985506118788077, 'g0': 1.2141423967684926, 'g1': 0.030287664941419934}
-------------------
