##############################


[[0.01   0.     0.     0.     0.     0.     0.     0.    ]
 [0.     0.01   0.     0.     0.     0.     0.     0.    ]
 [0.     0.     0.001  0.     0.     0.     0.     0.    ]
 [0.     0.     0.     0.001  0.     0.     0.     0.    ]
 [0.     0.     0.     0.     0.0005 0.     0.     0.    ]
 [0.     0.     0.     0.     0.     0.0005 0.     0.    ]
 [0.     0.     0.     0.     0.     0.     0.0001 0.    ]
 [0.     0.     0.     0.     0.     0.     0.     0.0001]]
[0.302679, 0.366459, 0.403224, 0.488191, 0.512095, 0.537169, 0.563471, 0.591061, 0.620002, 0.65036, 0.715608, 0.787402, 0.866399, 0.953321, 1.0]
dict_keys([0.302679, 0.366459, 0.403224, 0.488191, 0.512095, 0.537169, 0.563471, 0.591061, 0.620002, 0.65036, 0.715608, 0.787402, 0.866399, 0.953321, 1.0])
prev {'d0': 1.9472175365019082, 'd1': 0.04810169634669623, 'e0': 1.0452542078302773, 'e1': -0.08404902121823603, 'f0': 0.428263899397909, 'f1': 0.20993320691266049, 'g0': 1.2064758315836641, 'g1': 0.03453852804770889}
Starting ML Fit
Box_n50_13_1400
       message: Optimization terminated successfully.
       success: True
        status: 0
           fun: 1625.3211245588188
             x: [ 1.956e+00  3.511e-02  1.058e+00 -7.774e-02  4.160e-01
                  2.029e-01  1.212e+00  4.880e-02]
           nit: 463
          nfev: 721
 final_simplex: (array([[ 1.956e+00,  3.511e-02, ...,  1.212e+00,
                         4.880e-02],
                       [ 1.956e+00,  3.509e-02, ...,  1.212e+00,
                         4.881e-02],
                       ...,
                       [ 1.956e+00,  3.510e-02, ...,  1.212e+00,
                         4.880e-02],
                       [ 1.956e+00,  3.511e-02, ...,  1.212e+00,
                         4.879e-02]]), array([ 1.625e+03,  1.625e+03,  1.625e+03,  1.625e+03,
                        1.625e+03,  1.625e+03,  1.625e+03,  1.625e+03,
                        1.625e+03]))
   param_names: ['d0', 'd1', 'e0', 'e1', 'f0', 'f1', 'g0', 'g1']
[ 1.95574564  0.03510649  1.05845314 -0.07774453  0.41600419  0.20286621
  1.2120768   0.04880079]
{'d0': 1.9557456445011652, 'd1': 0.035106488355408555, 'e0': 1.0584531355204931, 'e1': -0.07774452535201681, 'f0': 0.41600419457474075, 'f1': 0.2028662066763105, 'g0': 1.2120768049787072, 'g1': 0.0488007911221232}
-------------------
{'d0': 1.9557456445011652, 'd1': 0.035106488355408555, 'e0': 1.0584531355204931, 'e1': -0.07774452535201681, 'f0': 0.41600419457474075, 'f1': 0.2028662066763105, 'g0': 1.2120768049787072, 'g1': 0.0488007911221232}
Previous:  {'d0': 1.9472175365019082, 'd1': 0.04810169634669623, 'e0': 1.0452542078302773, 'e1': -0.08404902121823603, 'f0': 0.428263899397909, 'f1': 0.20993320691266049, 'g0': 1.2064758315836641, 'g1': 0.03453852804770889}
-------------------
