##############################


[[0.01   0.     0.     0.     0.     0.     0.     0.    ]
 [0.     0.01   0.     0.     0.     0.     0.     0.    ]
 [0.     0.     0.001  0.     0.     0.     0.     0.    ]
 [0.     0.     0.     0.001  0.     0.     0.     0.    ]
 [0.     0.     0.     0.     0.0005 0.     0.     0.    ]
 [0.     0.     0.     0.     0.     0.0005 0.     0.    ]
 [0.     0.     0.     0.     0.     0.     0.0001 0.    ]
 [0.     0.     0.     0.     0.     0.     0.     0.0001]]
[0.302679, 0.366459, 0.403224, 0.488191, 0.512095, 0.537169, 0.563471, 0.591061, 0.620002, 0.65036, 0.715608, 0.787402, 0.866399, 0.953321, 1.0]
dict_keys([0.302679, 0.366459, 0.403224, 0.488191, 0.512095, 0.537169, 0.563471, 0.591061, 0.620002, 0.65036, 0.715608, 0.787402, 0.866399, 0.953321, 1.0])
prev {'d0': 2.0462728102029573, 'd1': -0.0736107444201128, 'e0': 1.008239342313648, 'e1': -0.09800460946269937, 'f0': 0.4413983139268023, 'f1': 0.23607518276941386, 'g0': 1.2243125642764743, 'g1': 0.048443104804191756}
Starting ML Fit
Box83_1400
       message: Optimization terminated successfully.
       success: True
        status: 0
           fun: 2085.1000383571504
             x: [ 2.008e+00 -1.746e-01  1.034e+00 -1.231e-01  4.402e-01
                  2.307e-01  1.230e+00  4.501e-02]
           nit: 778
          nfev: 1134
 final_simplex: (array([[ 2.008e+00, -1.746e-01, ...,  1.230e+00,
                         4.501e-02],
                       [ 2.008e+00, -1.747e-01, ...,  1.230e+00,
                         4.501e-02],
                       ...,
                       [ 2.008e+00, -1.746e-01, ...,  1.230e+00,
                         4.502e-02],
                       [ 2.008e+00, -1.746e-01, ...,  1.230e+00,
                         4.500e-02]]), array([ 2.085e+03,  2.085e+03,  2.085e+03,  2.085e+03,
                        2.085e+03,  2.085e+03,  2.085e+03,  2.085e+03,
                        2.085e+03]))
   param_names: ['d0', 'd1', 'e0', 'e1', 'f0', 'f1', 'g0', 'g1']
[ 2.00833615 -0.17462127  1.03445903 -0.12305477  0.44021839  0.23066442
  1.23049301  0.04501378]
{'d0': 2.008336150396951, 'd1': -0.17462126995112928, 'e0': 1.034459027054742, 'e1': -0.12305476938225611, 'f0': 0.440218388077, 'f1': 0.23066441650790137, 'g0': 1.2304930140017734, 'g1': 0.045013775672953255}
-------------------
{'d0': 2.008336150396951, 'd1': -0.17462126995112928, 'e0': 1.034459027054742, 'e1': -0.12305476938225611, 'f0': 0.440218388077, 'f1': 0.23066441650790137, 'g0': 1.2304930140017734, 'g1': 0.045013775672953255}
Previous:  {'d0': 2.0462728102029573, 'd1': -0.0736107444201128, 'e0': 1.008239342313648, 'e1': -0.09800460946269937, 'f0': 0.4413983139268023, 'f1': 0.23607518276941386, 'g0': 1.2243125642764743, 'g1': 0.048443104804191756}
-------------------
