##############################


[[1.e-03 0.e+00 0.e+00 0.e+00 0.e+00 0.e+00 0.e+00 0.e+00]
 [0.e+00 8.e-04 0.e+00 0.e+00 0.e+00 0.e+00 0.e+00 0.e+00]
 [0.e+00 0.e+00 1.e-01 0.e+00 0.e+00 0.e+00 0.e+00 0.e+00]
 [0.e+00 0.e+00 0.e+00 8.e-02 0.e+00 0.e+00 0.e+00 0.e+00]
 [0.e+00 0.e+00 0.e+00 0.e+00 5.e-02 0.e+00 0.e+00 0.e+00]
 [0.e+00 0.e+00 0.e+00 0.e+00 0.e+00 8.e-01 0.e+00 0.e+00]
 [0.e+00 0.e+00 0.e+00 0.e+00 0.e+00 0.e+00 3.e-04 0.e+00]
 [0.e+00 0.e+00 0.e+00 0.e+00 0.e+00 0.e+00 0.e+00 8.e-03]]
[0.302679, 0.366459, 0.403224, 0.488191, 0.512095, 0.537169, 0.563471, 0.591061, 0.620002, 0.65036, 0.715608, 0.787402, 0.866399, 0.953321, 1.0]
dict_keys([0.302679, 0.366459, 0.403224, 0.488191, 0.512095, 0.537169, 0.563471, 0.591061, 0.620002, 0.65036, 0.715608, 0.787402, 0.866399, 0.953321, 1.0])
prev {'d0': 2.061178779715507, 'd1': 0.14163316479385077, 'e0': 1.0922086893210912, 'e1': -0.014329678837275497, 'f0': 0.5055279384486793, 'f1': 0.1871315818749551, 'g0': 1.299747090609907, 'g1': 0.1249590578982947}
Starting ML Fit
Box9_1400
       message: Optimization terminated successfully.
       success: True
        status: 0
           fun: 1818.203231092524
             x: [ 2.053e+00  1.199e-01  1.121e+00 -1.531e-02  5.081e-01
                  1.854e-01  1.315e+00  1.260e-01]
           nit: 545
          nfev: 826
 final_simplex: (array([[ 2.053e+00,  1.199e-01, ...,  1.315e+00,
                         1.260e-01],
                       [ 2.053e+00,  1.199e-01, ...,  1.315e+00,
                         1.260e-01],
                       ...,
                       [ 2.053e+00,  1.200e-01, ...,  1.315e+00,
                         1.260e-01],
                       [ 2.053e+00,  1.200e-01, ...,  1.315e+00,
                         1.261e-01]]), array([ 1.818e+03,  1.818e+03,  1.818e+03,  1.818e+03,
                        1.818e+03,  1.818e+03,  1.818e+03,  1.818e+03,
                        1.818e+03]))
   param_names: ['d0', 'd1', 'e0', 'e1', 'f0', 'f1', 'g0', 'g1']
[ 2.05296345  0.1199029   1.12122651 -0.01531254  0.50812275  0.18544944
  1.3146119   0.12601163]
{'d0': 2.052963446101149, 'd1': 0.11990289947718917, 'e0': 1.1212265094042504, 'e1': -0.015312537977065272, 'f0': 0.5081227536724084, 'f1': 0.18544943669264402, 'g0': 1.3146119027232035, 'g1': 0.12601162551650624}
-------------------
{'d0': 2.052963446101149, 'd1': 0.11990289947718917, 'e0': 1.1212265094042504, 'e1': -0.015312537977065272, 'f0': 0.5081227536724084, 'f1': 0.18544943669264402, 'g0': 1.3146119027232035, 'g1': 0.12601162551650624}
Previous:  {'d0': 2.061178779715507, 'd1': 0.14163316479385077, 'e0': 1.0922086893210912, 'e1': -0.014329678837275497, 'f0': 0.5055279384486793, 'f1': 0.1871315818749551, 'g0': 1.299747090609907, 'g1': 0.1249590578982947}
-------------------
