##############################


[[0.01   0.     0.     0.     0.     0.     0.     0.    ]
 [0.     0.01   0.     0.     0.     0.     0.     0.    ]
 [0.     0.     0.001  0.     0.     0.     0.     0.    ]
 [0.     0.     0.     0.001  0.     0.     0.     0.    ]
 [0.     0.     0.     0.     0.0005 0.     0.     0.    ]
 [0.     0.     0.     0.     0.     0.0005 0.     0.    ]
 [0.     0.     0.     0.     0.     0.     0.0001 0.    ]
 [0.     0.     0.     0.     0.     0.     0.     0.0001]]
[0.302679, 0.366459, 0.403224, 0.488191, 0.512095, 0.537169, 0.563471, 0.591061, 0.620002, 0.65036, 0.715608, 0.787402, 0.866399, 0.953321, 1.0]
dict_keys([0.302679, 0.366459, 0.403224, 0.488191, 0.512095, 0.537169, 0.563471, 0.591061, 0.620002, 0.65036, 0.715608, 0.787402, 0.866399, 0.953321, 1.0])
prev {'d0': 2.149247462734209, 'd1': -0.0341676537093621, 'e0': 1.04645494691343, 'e1': -0.06744056811326432, 'f0': 0.40766046255598365, 'f1': 0.20985961420215404, 'g0': 1.2418474401838555, 'g1': 0.05779024559222744}
Starting ML Fit
Box2_1400
       message: Optimization terminated successfully.
       success: True
        status: 0
           fun: 1710.500034034716
             x: [ 2.140e+00  1.624e-02  9.973e-01 -7.131e-02  4.256e-01
                  2.067e-01  1.228e+00  5.386e-02]
           nit: 1085
          nfev: 1578
 final_simplex: (array([[ 2.140e+00,  1.624e-02, ...,  1.228e+00,
                         5.386e-02],
                       [ 2.140e+00,  1.617e-02, ...,  1.228e+00,
                         5.384e-02],
                       ...,
                       [ 2.140e+00,  1.623e-02, ...,  1.228e+00,
                         5.385e-02],
                       [ 2.140e+00,  1.628e-02, ...,  1.228e+00,
                         5.387e-02]]), array([ 1.711e+03,  1.711e+03,  1.711e+03,  1.711e+03,
                        1.711e+03,  1.711e+03,  1.711e+03,  1.711e+03,
                        1.711e+03]))
   param_names: ['d0', 'd1', 'e0', 'e1', 'f0', 'f1', 'g0', 'g1']
[ 2.1398625   0.01624387  0.99733895 -0.07131216  0.42559035  0.20665823
  1.22758707  0.05386155]
{'d0': 2.139862504070538, 'd1': 0.01624387259791347, 'e0': 0.997338946965681, 'e1': -0.07131216406608398, 'f0': 0.42559034680482744, 'f1': 0.20665823405322897, 'g0': 1.2275870713113566, 'g1': 0.053861546161314236}
-------------------
{'d0': 2.139862504070538, 'd1': 0.01624387259791347, 'e0': 0.997338946965681, 'e1': -0.07131216406608398, 'f0': 0.42559034680482744, 'f1': 0.20665823405322897, 'g0': 1.2275870713113566, 'g1': 0.053861546161314236}
Previous:  {'d0': 2.149247462734209, 'd1': -0.0341676537093621, 'e0': 1.04645494691343, 'e1': -0.06744056811326432, 'f0': 0.40766046255598365, 'f1': 0.20985961420215404, 'g0': 1.2418474401838555, 'g1': 0.05779024559222744}
-------------------
