##############################


[[0.01   0.     0.     0.     0.     0.     0.     0.    ]
 [0.     0.01   0.     0.     0.     0.     0.     0.    ]
 [0.     0.     0.001  0.     0.     0.     0.     0.    ]
 [0.     0.     0.     0.001  0.     0.     0.     0.    ]
 [0.     0.     0.     0.     0.0005 0.     0.     0.    ]
 [0.     0.     0.     0.     0.     0.0005 0.     0.    ]
 [0.     0.     0.     0.     0.     0.     0.0001 0.    ]
 [0.     0.     0.     0.     0.     0.     0.     0.0001]]
[0.302679, 0.366459, 0.403224, 0.488191, 0.512095, 0.537169, 0.563471, 0.591061, 0.620002, 0.65036, 0.715608, 0.787402, 0.866399, 0.953321, 1.0]
dict_keys([0.302679, 0.366459, 0.403224, 0.488191, 0.512095, 0.537169, 0.563471, 0.591061, 0.620002, 0.65036, 0.715608, 0.787402, 0.866399, 0.953321, 1.0])
prev {'d0': 2.1224268248011047, 'd1': 0.006433798702602194, 'e0': 1.0206139050353449, 'e1': -0.10450090073261353, 'f0': 0.4326950229598121, 'f1': 0.21583245348258537, 'g0': 1.2397631527179862, 'g1': 0.05277275207542053}
Starting ML Fit
Box_n50_8_1400
       message: Optimization terminated successfully.
       success: True
        status: 0
           fun: 1728.6525580428292
             x: [ 2.119e+00  7.483e-03  1.060e+00 -8.420e-02  4.203e-01
                  2.081e-01  1.249e+00  6.939e-02]
           nit: 553
          nfev: 831
 final_simplex: (array([[ 2.119e+00,  7.483e-03, ...,  1.249e+00,
                         6.939e-02],
                       [ 2.119e+00,  7.483e-03, ...,  1.249e+00,
                         6.941e-02],
                       ...,
                       [ 2.119e+00,  7.482e-03, ...,  1.249e+00,
                         6.940e-02],
                       [ 2.119e+00,  7.484e-03, ...,  1.249e+00,
                         6.940e-02]]), array([ 1.729e+03,  1.729e+03,  1.729e+03,  1.729e+03,
                        1.729e+03,  1.729e+03,  1.729e+03,  1.729e+03,
                        1.729e+03]))
   param_names: ['d0', 'd1', 'e0', 'e1', 'f0', 'f1', 'g0', 'g1']
[ 2.11922901  0.0074826   1.06013253 -0.08419907  0.42029949  0.20809213
  1.24907913  0.06939255]
{'d0': 2.119229009982237, 'd1': 0.007482599812372731, 'e0': 1.0601325308618554, 'e1': -0.08419907488678038, 'f0': 0.4202994899174712, 'f1': 0.20809213483661787, 'g0': 1.2490791277308597, 'g1': 0.06939255309891154}
-------------------
{'d0': 2.119229009982237, 'd1': 0.007482599812372731, 'e0': 1.0601325308618554, 'e1': -0.08419907488678038, 'f0': 0.4202994899174712, 'f1': 0.20809213483661787, 'g0': 1.2490791277308597, 'g1': 0.06939255309891154}
Previous:  {'d0': 2.1224268248011047, 'd1': 0.006433798702602194, 'e0': 1.0206139050353449, 'e1': -0.10450090073261353, 'f0': 0.4326950229598121, 'f1': 0.21583245348258537, 'g0': 1.2397631527179862, 'g1': 0.05277275207542053}
-------------------
