alist [1.0, 0.953321, 0.866399, 0.787402, 0.715608, 0.65036, 0.620002, 0.591061, 0.563471, 0.537169, 0.512095, 0.488191, 0.403224, 0.366459, 0.302679]
Curr: Box_n50_7_1400, Prev: Box_n50_15_1400
##############################


prev {'d': 0.42574578298935506, 'e': 0.3021412773816078, 'f': 1.627775993010875, 'g': 1.1558229352353786}
Starting ML Fit
Box_n50_7_1400
       message: Optimization terminated successfully.
       success: True
        status: 0
           fun: 121.44337590680487
             x: [ 4.319e-01  3.012e-01  1.633e+00  1.172e+00]
           nit: 77
          nfev: 138
 final_simplex: (array([[ 4.319e-01,  3.012e-01,  1.633e+00,  1.172e+00],
                       [ 4.319e-01,  3.012e-01,  1.633e+00,  1.172e+00],
                       ...,
                       [ 4.319e-01,  3.012e-01,  1.633e+00,  1.172e+00],
                       [ 4.319e-01,  3.012e-01,  1.633e+00,  1.172e+00]]), array([ 1.214e+02,  1.214e+02,  1.214e+02,  1.214e+02,
                        1.214e+02]))
   param_names: ['d', 'e', 'f', 'g']
[0.43189338 0.30117696 1.63333835 1.17236042]
{'d': 0.43189338096756635, 'e': 0.3011769649650732, 'f': 1.6333383494009326, 'g': 1.1723604225423494}
Previous:  {'d': 0.42574578298935506, 'e': 0.3021412773816078, 'f': 1.627775993010875, 'g': 1.1558229352353786}


##############################


prev {'d': 0.43189338096756635, 'e': 0.3011769649650732, 'f': 1.6333383494009326, 'g': 1.1723604225423494}
Starting ML Fit
Box_n50_7_1400
       message: Optimization terminated successfully.
       success: True
        status: 0
           fun: 117.81747337485102
             x: [ 4.252e-01  2.998e-01  1.646e+00  1.175e+00]
           nit: 68
          nfev: 123
 final_simplex: (array([[ 4.252e-01,  2.998e-01,  1.646e+00,  1.175e+00],
                       [ 4.252e-01,  2.998e-01,  1.646e+00,  1.175e+00],
                       ...,
                       [ 4.252e-01,  2.998e-01,  1.646e+00,  1.175e+00],
                       [ 4.252e-01,  2.998e-01,  1.646e+00,  1.175e+00]]), array([ 1.178e+02,  1.178e+02,  1.178e+02,  1.178e+02,
                        1.178e+02]))
   param_names: ['d', 'e', 'f', 'g']
[0.42518943 0.29983206 1.6460531  1.17536812]
{'d': 0.42518942595141873, 'e': 0.29983205931118073, 'f': 1.6460530999117586, 'g': 1.1753681224102952}
Previous:  {'d': 0.43189338096756635, 'e': 0.3011769649650732, 'f': 1.6333383494009326, 'g': 1.1723604225423494}


##############################


prev {'d': 0.42518942595141873, 'e': 0.29983205931118073, 'f': 1.6460530999117586, 'g': 1.1753681224102952}
Starting ML Fit
Box_n50_7_1400
       message: Optimization terminated successfully.
       success: True
        status: 0
           fun: 124.98303363739004
             x: [ 4.119e-01  2.981e-01  1.665e+00  1.175e+00]
           nit: 70
          nfev: 124
 final_simplex: (array([[ 4.119e-01,  2.981e-01,  1.665e+00,  1.175e+00],
                       [ 4.119e-01,  2.981e-01,  1.666e+00,  1.175e+00],
                       ...,
                       [ 4.119e-01,  2.981e-01,  1.666e+00,  1.175e+00],
                       [ 4.119e-01,  2.981e-01,  1.665e+00,  1.175e+00]]), array([ 1.250e+02,  1.250e+02,  1.250e+02,  1.250e+02,
                        1.250e+02]))
   param_names: ['d', 'e', 'f', 'g']
[0.41189242 0.29806146 1.66546745 1.17526978]
{'d': 0.41189242202005527, 'e': 0.29806146329135536, 'f': 1.6654674512720067, 'g': 1.1752697783283899}
Previous:  {'d': 0.42518942595141873, 'e': 0.29983205931118073, 'f': 1.6460530999117586, 'g': 1.1753681224102952}


##############################


prev {'d': 0.41189242202005527, 'e': 0.29806146329135536, 'f': 1.6654674512720067, 'g': 1.1752697783283899}
Starting ML Fit
Box_n50_7_1400
       message: Optimization terminated successfully.
       success: True
        status: 0
           fun: 109.01727649016642
             x: [ 4.004e-01  2.963e-01  1.685e+00  1.176e+00]
           nit: 76
          nfev: 136
 final_simplex: (array([[ 4.004e-01,  2.963e-01,  1.685e+00,  1.176e+00],
                       [ 4.004e-01,  2.963e-01,  1.685e+00,  1.176e+00],
                       ...,
                       [ 4.004e-01,  2.964e-01,  1.685e+00,  1.176e+00],
                       [ 4.004e-01,  2.964e-01,  1.685e+00,  1.176e+00]]), array([ 1.090e+02,  1.090e+02,  1.090e+02,  1.090e+02,
                        1.090e+02]))
   param_names: ['d', 'e', 'f', 'g']
[0.40042296 0.29630977 1.68540085 1.17591213]
{'d': 0.40042296229038044, 'e': 0.2963097670088865, 'f': 1.6854008451389932, 'g': 1.1759121253469509}
Previous:  {'d': 0.41189242202005527, 'e': 0.29806146329135536, 'f': 1.6654674512720067, 'g': 1.1752697783283899}


##############################


prev {'d': 0.40042296229038044, 'e': 0.2963097670088865, 'f': 1.6854008451389932, 'g': 1.1759121253469509}
Starting ML Fit
Box_n50_7_1400
       message: Optimization terminated successfully.
       success: True
        status: 0
           fun: 100.7618002443283
             x: [ 3.903e-01  2.942e-01  1.711e+00  1.178e+00]
           nit: 79
          nfev: 143
 final_simplex: (array([[ 3.903e-01,  2.942e-01,  1.711e+00,  1.178e+00],
                       [ 3.903e-01,  2.942e-01,  1.711e+00,  1.178e+00],
                       ...,
                       [ 3.903e-01,  2.942e-01,  1.711e+00,  1.178e+00],
                       [ 3.903e-01,  2.942e-01,  1.711e+00,  1.178e+00]]), array([ 1.008e+02,  1.008e+02,  1.008e+02,  1.008e+02,
                        1.008e+02]))
   param_names: ['d', 'e', 'f', 'g']
[0.3902665  0.29419812 1.71067702 1.17794532]
{'d': 0.39026650009388353, 'e': 0.29419811715222666, 'f': 1.7106770198851873, 'g': 1.1779453221367429}
Previous:  {'d': 0.40042296229038044, 'e': 0.2963097670088865, 'f': 1.6854008451389932, 'g': 1.1759121253469509}


##############################


prev {'d': 0.39026650009388353, 'e': 0.29419811715222666, 'f': 1.7106770198851873, 'g': 1.1779453221367429}
Starting ML Fit
Box_n50_7_1400
       message: Optimization terminated successfully.
       success: True
        status: 0
           fun: 103.27965396023605
             x: [ 3.804e-01  2.914e-01  1.746e+00  1.180e+00]
           nit: 96
          nfev: 170
 final_simplex: (array([[ 3.804e-01,  2.914e-01,  1.746e+00,  1.180e+00],
                       [ 3.804e-01,  2.914e-01,  1.746e+00,  1.180e+00],
                       ...,
                       [ 3.804e-01,  2.914e-01,  1.746e+00,  1.180e+00],
                       [ 3.804e-01,  2.914e-01,  1.746e+00,  1.180e+00]]), array([ 1.033e+02,  1.033e+02,  1.033e+02,  1.033e+02,
                        1.033e+02]))
   param_names: ['d', 'e', 'f', 'g']
[0.38038813 0.29139954 1.74572117 1.18044537]
{'d': 0.38038813261890425, 'e': 0.2913995355231024, 'f': 1.7457211680488636, 'g': 1.1804453704889026}
Previous:  {'d': 0.39026650009388353, 'e': 0.29419811715222666, 'f': 1.7106770198851873, 'g': 1.1779453221367429}


##############################


prev {'d': 0.38038813261890425, 'e': 0.2913995355231024, 'f': 1.7457211680488636, 'g': 1.1804453704889026}
Starting ML Fit
Box_n50_7_1400
       message: Optimization terminated successfully.
       success: True
        status: 0
           fun: 97.41282083428733
             x: [ 3.764e-01  2.893e-01  1.771e+00  1.185e+00]
           nit: 93
          nfev: 158
 final_simplex: (array([[ 3.764e-01,  2.893e-01,  1.771e+00,  1.185e+00],
                       [ 3.764e-01,  2.893e-01,  1.771e+00,  1.185e+00],
                       ...,
                       [ 3.764e-01,  2.893e-01,  1.771e+00,  1.185e+00],
                       [ 3.764e-01,  2.893e-01,  1.772e+00,  1.185e+00]]), array([ 9.741e+01,  9.741e+01,  9.741e+01,  9.741e+01,
                        9.741e+01]))
   param_names: ['d', 'e', 'f', 'g']
[0.37640068 0.28926689 1.77144619 1.18520149]
{'d': 0.3764006845460449, 'e': 0.2892668941420508, 'f': 1.7714461927472098, 'g': 1.185201490239708}
Previous:  {'d': 0.38038813261890425, 'e': 0.2913995355231024, 'f': 1.7457211680488636, 'g': 1.1804453704889026}


##############################


prev {'d': 0.3764006845460449, 'e': 0.2892668941420508, 'f': 1.7714461927472098, 'g': 1.185201490239708}
Starting ML Fit
Box_n50_7_1400
       message: Optimization terminated successfully.
       success: True
        status: 0
           fun: 88.31062770751612
             x: [ 3.727e-01  2.879e-01  1.789e+00  1.188e+00]
           nit: 84
          nfev: 141
 final_simplex: (array([[ 3.727e-01,  2.879e-01,  1.789e+00,  1.188e+00],
                       [ 3.727e-01,  2.879e-01,  1.789e+00,  1.188e+00],
                       ...,
                       [ 3.727e-01,  2.878e-01,  1.788e+00,  1.188e+00],
                       [ 3.727e-01,  2.878e-01,  1.788e+00,  1.188e+00]]), array([ 8.831e+01,  8.831e+01,  8.831e+01,  8.831e+01,
                        8.831e+01]))
   param_names: ['d', 'e', 'f', 'g']
[0.37268833 0.28785164 1.78851435 1.18774961]
{'d': 0.3726883324040008, 'e': 0.2878516386875356, 'f': 1.788514348625791, 'g': 1.1877496064774404}
Previous:  {'d': 0.3764006845460449, 'e': 0.2892668941420508, 'f': 1.7714461927472098, 'g': 1.185201490239708}


##############################


prev {'d': 0.3726883324040008, 'e': 0.2878516386875356, 'f': 1.788514348625791, 'g': 1.1877496064774404}
Starting ML Fit
Box_n50_7_1400
       message: Optimization terminated successfully.
       success: True
        status: 0
           fun: 96.58189836630496
             x: [ 3.674e-01  2.861e-01  1.811e+00  1.188e+00]
           nit: 75
          nfev: 134
 final_simplex: (array([[ 3.674e-01,  2.861e-01,  1.811e+00,  1.188e+00],
                       [ 3.675e-01,  2.861e-01,  1.811e+00,  1.188e+00],
                       ...,
                       [ 3.675e-01,  2.861e-01,  1.811e+00,  1.188e+00],
                       [ 3.674e-01,  2.861e-01,  1.811e+00,  1.188e+00]]), array([ 9.658e+01,  9.658e+01,  9.658e+01,  9.658e+01,
                        9.658e+01]))
   param_names: ['d', 'e', 'f', 'g']
[0.36744888 0.28612361 1.81078633 1.18771191]
{'d': 0.3674488782281726, 'e': 0.28612360957221283, 'f': 1.8107863329890197, 'g': 1.1877119071592221}
Previous:  {'d': 0.3726883324040008, 'e': 0.2878516386875356, 'f': 1.788514348625791, 'g': 1.1877496064774404}


##############################


prev {'d': 0.3674488782281726, 'e': 0.28612360957221283, 'f': 1.8107863329890197, 'g': 1.1877119071592221}
Starting ML Fit
Box_n50_7_1400
       message: Optimization terminated successfully.
       success: True
        status: 0
           fun: 99.1424186765601
             x: [ 3.633e-01  2.845e-01  1.831e+00  1.188e+00]
           nit: 89
          nfev: 159
 final_simplex: (array([[ 3.633e-01,  2.845e-01,  1.831e+00,  1.188e+00],
                       [ 3.633e-01,  2.845e-01,  1.831e+00,  1.188e+00],
                       ...,
                       [ 3.633e-01,  2.846e-01,  1.831e+00,  1.188e+00],
                       [ 3.633e-01,  2.845e-01,  1.831e+00,  1.188e+00]]), array([ 9.914e+01,  9.914e+01,  9.914e+01,  9.914e+01,
                        9.914e+01]))
   param_names: ['d', 'e', 'f', 'g']
[0.36326139 0.28452932 1.83111914 1.18829733]
{'d': 0.36326139347545744, 'e': 0.2845293187470802, 'f': 1.8311191380713807, 'g': 1.1882973347286558}
Previous:  {'d': 0.3674488782281726, 'e': 0.28612360957221283, 'f': 1.8107863329890197, 'g': 1.1877119071592221}


##############################


prev {'d': 0.36326139347545744, 'e': 0.2845293187470802, 'f': 1.8311191380713807, 'g': 1.1882973347286558}
Starting ML Fit
Box_n50_7_1400
       message: Optimization terminated successfully.
       success: True
        status: 0
           fun: 87.209099835545
             x: [ 3.608e-01  2.838e-01  1.841e+00  1.190e+00]
           nit: 91
          nfev: 165
 final_simplex: (array([[ 3.608e-01,  2.838e-01,  1.841e+00,  1.190e+00],
                       [ 3.608e-01,  2.838e-01,  1.841e+00,  1.190e+00],
                       ...,
                       [ 3.608e-01,  2.838e-01,  1.841e+00,  1.190e+00],
                       [ 3.608e-01,  2.838e-01,  1.841e+00,  1.190e+00]]), array([ 8.721e+01,  8.721e+01,  8.721e+01,  8.721e+01,
                        8.721e+01]))
   param_names: ['d', 'e', 'f', 'g']
[0.3608308  0.2837978  1.84111343 1.19008727]
{'d': 0.3608308002993933, 'e': 0.2837977951665589, 'f': 1.8411134277682044, 'g': 1.1900872743901347}
Previous:  {'d': 0.36326139347545744, 'e': 0.2845293187470802, 'f': 1.8311191380713807, 'g': 1.1882973347286558}


##############################


prev {'d': 0.3608308002993933, 'e': 0.2837977951665589, 'f': 1.8411134277682044, 'g': 1.1900872743901347}
Starting ML Fit
Box_n50_7_1400
       message: Optimization terminated successfully.
       success: True
        status: 0
           fun: 85.25240425757468
             x: [ 3.578e-01  2.832e-01  1.850e+00  1.191e+00]
           nit: 58
          nfev: 108
 final_simplex: (array([[ 3.578e-01,  2.832e-01,  1.850e+00,  1.191e+00],
                       [ 3.578e-01,  2.832e-01,  1.850e+00,  1.191e+00],
                       ...,
                       [ 3.578e-01,  2.831e-01,  1.850e+00,  1.191e+00],
                       [ 3.578e-01,  2.832e-01,  1.850e+00,  1.191e+00]]), array([ 8.525e+01,  8.525e+01,  8.525e+01,  8.525e+01,
                        8.525e+01]))
   param_names: ['d', 'e', 'f', 'g']
[0.35779845 0.28318309 1.84974658 1.19062098]
{'d': 0.3577984544772406, 'e': 0.2831830866104685, 'f': 1.8497465790159122, 'g': 1.1906209849092795}
Previous:  {'d': 0.3608308002993933, 'e': 0.2837977951665589, 'f': 1.8411134277682044, 'g': 1.1900872743901347}


##############################


prev {'d': 0.3577984544772406, 'e': 0.2831830866104685, 'f': 1.8497465790159122, 'g': 1.1906209849092795}
Starting ML Fit
Box_n50_7_1400
       message: Optimization terminated successfully.
       success: True
        status: 0
           fun: 71.85497597376931
             x: [ 3.409e-01  2.824e-01  1.866e+00  1.177e+00]
           nit: 113
          nfev: 200
 final_simplex: (array([[ 3.409e-01,  2.824e-01,  1.866e+00,  1.177e+00],
                       [ 3.409e-01,  2.824e-01,  1.866e+00,  1.177e+00],
                       ...,
                       [ 3.409e-01,  2.824e-01,  1.866e+00,  1.177e+00],
                       [ 3.409e-01,  2.824e-01,  1.866e+00,  1.177e+00]]), array([ 7.185e+01,  7.185e+01,  7.185e+01,  7.185e+01,
                        7.185e+01]))
   param_names: ['d', 'e', 'f', 'g']
[0.34085687 0.2823958  1.86639156 1.17661956]
{'d': 0.34085687196199305, 'e': 0.2823958009722728, 'f': 1.8663915555930544, 'g': 1.176619561506189}
Previous:  {'d': 0.3577984544772406, 'e': 0.2831830866104685, 'f': 1.8497465790159122, 'g': 1.1906209849092795}


##############################


prev {'d': 0.34085687196199305, 'e': 0.2823958009722728, 'f': 1.8663915555930544, 'g': 1.176619561506189}
Starting ML Fit
Box_n50_7_1400
       message: Optimization terminated successfully.
       success: True
        status: 0
           fun: 56.49709310153621
             x: [ 3.362e-01  2.820e-01  1.874e+00  1.175e+00]
           nit: 61
          nfev: 115
 final_simplex: (array([[ 3.362e-01,  2.820e-01,  1.874e+00,  1.175e+00],
                       [ 3.362e-01,  2.820e-01,  1.874e+00,  1.175e+00],
                       ...,
                       [ 3.362e-01,  2.820e-01,  1.874e+00,  1.175e+00],
                       [ 3.362e-01,  2.820e-01,  1.874e+00,  1.175e+00]]), array([ 5.650e+01,  5.650e+01,  5.650e+01,  5.650e+01,
                        5.650e+01]))
   param_names: ['d', 'e', 'f', 'g']
[0.33619618 0.28199124 1.87442795 1.17493585]
{'d': 0.33619618440738186, 'e': 0.28199124395916486, 'f': 1.8744279461968225, 'g': 1.1749358464624744}
Previous:  {'d': 0.34085687196199305, 'e': 0.2823958009722728, 'f': 1.8663915555930544, 'g': 1.176619561506189}


##############################


prev {'d': 0.33619618440738186, 'e': 0.28199124395916486, 'f': 1.8744279461968225, 'g': 1.1749358464624744}
Starting ML Fit
Box_n50_7_1400
       message: Optimization terminated successfully.
       success: True
        status: 0
           fun: 39.011103127011644
             x: [ 3.294e-01  2.819e-01  1.875e+00  1.173e+00]
           nit: 74
          nfev: 134
 final_simplex: (array([[ 3.294e-01,  2.819e-01,  1.875e+00,  1.173e+00],
                       [ 3.295e-01,  2.820e-01,  1.875e+00,  1.173e+00],
                       ...,
                       [ 3.294e-01,  2.820e-01,  1.875e+00,  1.173e+00],
                       [ 3.294e-01,  2.819e-01,  1.875e+00,  1.173e+00]]), array([ 3.901e+01,  3.901e+01,  3.901e+01,  3.901e+01,
                        3.901e+01]))
   param_names: ['d', 'e', 'f', 'g']
[0.32942143 0.28192633 1.87533246 1.17270734]
{'d': 0.32942143283434866, 'e': 0.2819263264131897, 'f': 1.875332460572972, 'g': 1.1727073384406377}
Previous:  {'d': 0.33619618440738186, 'e': 0.28199124395916486, 'f': 1.8744279461968225, 'g': 1.1749358464624744}


