##############################


[0.302679, 0.366459, 0.403224, 0.488191, 0.512095, 0.537169, 0.563471, 0.591061, 0.620002, 0.65036, 0.715608, 0.787402, 0.866399, 0.953321, 1.0]
dict_keys([0.302679, 0.366459, 0.403224, 0.488191, 0.512095, 0.537169, 0.563471, 0.591061, 0.620002, 0.65036, 0.715608, 0.787402, 0.866399, 0.953321, 1.0])
prev {'d0': 2.128483072449899, 'd1': -0.2622167287939688, 'e0': 1.0014540402838117, 'e1': 0.006763160326296027, 'f0': 0.4419525343216339, 'f1': 0.17555463896504364, 'g0': 1.2315572342739132, 'g1': 0.010888383144998598}
Starting ML Fit
Box_n50_20_1400
       message: Optimization terminated successfully.
       success: True
        status: 0
           fun: 1577.5411698818568
             x: [ 2.171e+00 -1.801e-01  9.284e-01  1.222e-02  4.621e-01
                  1.686e-01  1.207e+00  9.186e-03]
           nit: 643
          nfev: 971
 final_simplex: (array([[ 2.171e+00, -1.801e-01, ...,  1.207e+00,
                         9.186e-03],
                       [ 2.171e+00, -1.800e-01, ...,  1.207e+00,
                         9.194e-03],
                       ...,
                       [ 2.171e+00, -1.800e-01, ...,  1.207e+00,
                         9.188e-03],
                       [ 2.171e+00, -1.800e-01, ...,  1.207e+00,
                         9.200e-03]]), array([ 1.578e+03,  1.578e+03,  1.578e+03,  1.578e+03,
                        1.578e+03,  1.578e+03,  1.578e+03,  1.578e+03,
                        1.578e+03]))
   param_names: ['d0', 'd1', 'e0', 'e1', 'f0', 'f1', 'g0', 'g1']
[ 2.17133198 -0.1800638   0.92841372  0.01221819  0.46209232  0.1686065
  1.20734346  0.00918561]
{'d0': 2.171331982393776, 'd1': -0.18006380460842986, 'e0': 0.9284137220113393, 'e1': 0.012218186715723799, 'f0': 0.4620923186203906, 'f1': 0.1686064961579694, 'g0': 1.2073434644331773, 'g1': 0.009185614194504768}
-------------------
{'d0': 2.171331982393776, 'd1': -0.18006380460842986, 'e0': 0.9284137220113393, 'e1': 0.012218186715723799, 'f0': 0.4620923186203906, 'f1': 0.1686064961579694, 'g0': 1.2073434644331773, 'g1': 0.009185614194504768}
Previous:  {'d0': 2.128483072449899, 'd1': -0.2622167287939688, 'e0': 1.0014540402838117, 'e1': 0.006763160326296027, 'f0': 0.4419525343216339, 'f1': 0.17555463896504364, 'g0': 1.2315572342739132, 'g1': 0.010888383144998598}
-------------------
