##############################


[0.302679, 0.366459, 0.403224, 0.488191, 0.512095, 0.537169, 0.563471, 0.591061, 0.620002, 0.65036, 0.715608, 0.787402, 0.866399, 0.953321, 1.0]
dict_keys([0.302679, 0.366459, 0.403224, 0.488191, 0.512095, 0.537169, 0.563471, 0.591061, 0.620002, 0.65036, 0.715608, 0.787402, 0.866399, 0.953321, 1.0])
prev {'d0': 2.0915229988148503, 'd1': -0.28634301221845626, 'e0': 0.9987366228976908, 'e1': 0.08217612881713014, 'f0': 0.42859253619897436, 'f1': 0.14262515441545992, 'g0': 1.2446049098735208, 'g1': 0.022944474887247997}
Starting ML Fit
Box23_1400
       message: Optimization terminated successfully.
       success: True
        status: 0
           fun: 1731.8404957295945
             x: [ 2.080e+00 -3.189e-01  1.064e+00  8.597e-02  4.275e-01
                  1.496e-01  1.271e+00  3.785e-02]
           nit: 1150
          nfev: 1720
 final_simplex: (array([[ 2.080e+00, -3.189e-01, ...,  1.271e+00,
                         3.785e-02],
                       [ 2.080e+00, -3.188e-01, ...,  1.271e+00,
                         3.787e-02],
                       ...,
                       [ 2.080e+00, -3.189e-01, ...,  1.271e+00,
                         3.786e-02],
                       [ 2.080e+00, -3.190e-01, ...,  1.271e+00,
                         3.785e-02]]), array([ 1.732e+03,  1.732e+03,  1.732e+03,  1.732e+03,
                        1.732e+03,  1.732e+03,  1.732e+03,  1.732e+03,
                        1.732e+03]))
   param_names: ['d0', 'd1', 'e0', 'e1', 'f0', 'f1', 'g0', 'g1']
[ 2.0797212  -0.31888773  1.0636628   0.08597212  0.42753859  0.14956443
  1.2713178   0.03784963]
{'d0': 2.0797212023891323, 'd1': -0.3188877326472964, 'e0': 1.0636628044273495, 'e1': 0.08597212355658665, 'f0': 0.4275385900897736, 'f1': 0.14956443476395725, 'g0': 1.2713177980609853, 'g1': 0.037849626417042745}
-------------------
{'d0': 2.0797212023891323, 'd1': -0.3188877326472964, 'e0': 1.0636628044273495, 'e1': 0.08597212355658665, 'f0': 0.4275385900897736, 'f1': 0.14956443476395725, 'g0': 1.2713177980609853, 'g1': 0.037849626417042745}
Previous:  {'d0': 2.0915229988148503, 'd1': -0.28634301221845626, 'e0': 0.9987366228976908, 'e1': 0.08217612881713014, 'f0': 0.42859253619897436, 'f1': 0.14262515441545992, 'g0': 1.2446049098735208, 'g1': 0.022944474887247997}
-------------------
