alist [1.0, 0.953321, 0.866399, 0.787402, 0.715608, 0.65036, 0.620002, 0.591061, 0.563471, 0.537169, 0.512095, 0.488191, 0.403224, 0.366459, 0.302679]
Curr: Box_n50_1_1400, Prev: Box_n50_35_1400
##############################


prev {'d': 0.45120101437993754, 'e': 0.30141170311972876, 'f': 1.6358295432258845, 'g': 1.1995153671117744}
Starting ML Fit
Box_n50_1_1400
       message: Optimization terminated successfully.
       success: True
        status: 0
           fun: 120.83149654860344
             x: [ 4.410e-01  3.022e-01  1.635e+00  1.192e+00]
           nit: 81
          nfev: 140
 final_simplex: (array([[ 4.410e-01,  3.022e-01,  1.635e+00,  1.192e+00],
                       [ 4.410e-01,  3.022e-01,  1.635e+00,  1.192e+00],
                       ...,
                       [ 4.410e-01,  3.022e-01,  1.635e+00,  1.192e+00],
                       [ 4.410e-01,  3.022e-01,  1.635e+00,  1.192e+00]]), array([ 1.208e+02,  1.208e+02,  1.208e+02,  1.208e+02,
                        1.208e+02]))
   param_names: ['d', 'e', 'f', 'g']
[0.44099507 0.30223792 1.63491085 1.19234542]
{'d': 0.4409950663981473, 'e': 0.30223792400991967, 'f': 1.6349108483681842, 'g': 1.1923454212335531}
Previous:  {'d': 0.45120101437993754, 'e': 0.30141170311972876, 'f': 1.6358295432258845, 'g': 1.1995153671117744}


##############################


prev {'d': 0.4409950663981473, 'e': 0.30223792400991967, 'f': 1.6349108483681842, 'g': 1.1923454212335531}
Starting ML Fit
Box_n50_1_1400
       message: Optimization terminated successfully.
       success: True
        status: 0
           fun: 117.04333571800622
             x: [ 4.338e-01  3.022e-01  1.635e+00  1.189e+00]
           nit: 68
          nfev: 124
 final_simplex: (array([[ 4.338e-01,  3.022e-01,  1.635e+00,  1.189e+00],
                       [ 4.338e-01,  3.022e-01,  1.635e+00,  1.189e+00],
                       ...,
                       [ 4.338e-01,  3.022e-01,  1.635e+00,  1.189e+00],
                       [ 4.338e-01,  3.022e-01,  1.635e+00,  1.189e+00]]), array([ 1.170e+02,  1.170e+02,  1.170e+02,  1.170e+02,
                        1.170e+02]))
   param_names: ['d', 'e', 'f', 'g']
[0.43380032 0.30215799 1.63499773 1.18877579]
{'d': 0.4338003207126171, 'e': 0.3021579934772912, 'f': 1.6349977333781875, 'g': 1.1887757945670139}
Previous:  {'d': 0.4409950663981473, 'e': 0.30223792400991967, 'f': 1.6349108483681842, 'g': 1.1923454212335531}


##############################


prev {'d': 0.4338003207126171, 'e': 0.3021579934772912, 'f': 1.6349977333781875, 'g': 1.1887757945670139}
Starting ML Fit
Box_n50_1_1400
       message: Optimization terminated successfully.
       success: True
        status: 0
           fun: 122.04131784701967
             x: [ 4.201e-01  3.015e-01  1.636e+00  1.183e+00]
           nit: 86
          nfev: 146
 final_simplex: (array([[ 4.201e-01,  3.015e-01,  1.636e+00,  1.183e+00],
                       [ 4.201e-01,  3.015e-01,  1.636e+00,  1.183e+00],
                       ...,
                       [ 4.201e-01,  3.014e-01,  1.636e+00,  1.183e+00],
                       [ 4.201e-01,  3.016e-01,  1.636e+00,  1.183e+00]]), array([ 1.220e+02,  1.220e+02,  1.220e+02,  1.220e+02,
                        1.220e+02]))
   param_names: ['d', 'e', 'f', 'g']
[0.42006762 0.3015261  1.63595289 1.18302091]
{'d': 0.42006762451129215, 'e': 0.30152609730569707, 'f': 1.6359528949758382, 'g': 1.1830209124732591}
Previous:  {'d': 0.4338003207126171, 'e': 0.3021579934772912, 'f': 1.6349977333781875, 'g': 1.1887757945670139}


##############################


prev {'d': 0.42006762451129215, 'e': 0.30152609730569707, 'f': 1.6359528949758382, 'g': 1.1830209124732591}
Starting ML Fit
Box_n50_1_1400
       message: Optimization terminated successfully.
       success: True
        status: 0
           fun: 116.35250781318206
             x: [ 4.073e-01  3.000e-01  1.638e+00  1.177e+00]
           nit: 79
          nfev: 141
 final_simplex: (array([[ 4.073e-01,  3.000e-01,  1.638e+00,  1.177e+00],
                       [ 4.073e-01,  3.000e-01,  1.638e+00,  1.177e+00],
                       ...,
                       [ 4.073e-01,  2.999e-01,  1.638e+00,  1.177e+00],
                       [ 4.073e-01,  3.001e-01,  1.638e+00,  1.177e+00]]), array([ 1.164e+02,  1.164e+02,  1.164e+02,  1.164e+02,
                        1.164e+02]))
   param_names: ['d', 'e', 'f', 'g']
[0.40728598 0.30000367 1.63820506 1.17742616]
{'d': 0.40728598318948805, 'e': 0.3000036732507372, 'f': 1.6382050615097061, 'g': 1.177426155720515}
Previous:  {'d': 0.42006762451129215, 'e': 0.30152609730569707, 'f': 1.6359528949758382, 'g': 1.1830209124732591}


##############################


prev {'d': 0.40728598318948805, 'e': 0.3000036732507372, 'f': 1.6382050615097061, 'g': 1.177426155720515}
Starting ML Fit
Box_n50_1_1400
       message: Optimization terminated successfully.
       success: True
        status: 0
           fun: 108.9000220328328
             x: [ 3.960e-01  2.992e-01  1.640e+00  1.173e+00]
           nit: 79
          nfev: 136
 final_simplex: (array([[ 3.960e-01,  2.992e-01,  1.640e+00,  1.173e+00],
                       [ 3.960e-01,  2.992e-01,  1.640e+00,  1.173e+00],
                       ...,
                       [ 3.960e-01,  2.991e-01,  1.640e+00,  1.173e+00],
                       [ 3.960e-01,  2.991e-01,  1.640e+00,  1.173e+00]]), array([ 1.089e+02,  1.089e+02,  1.089e+02,  1.089e+02,
                        1.089e+02]))
   param_names: ['d', 'e', 'f', 'g']
[0.39600265 0.29919233 1.63960492 1.17272088]
{'d': 0.39600265326019424, 'e': 0.29919232831706977, 'f': 1.6396049239660815, 'g': 1.1727208826129676}
Previous:  {'d': 0.40728598318948805, 'e': 0.3000036732507372, 'f': 1.6382050615097061, 'g': 1.177426155720515}


##############################


prev {'d': 0.39600265326019424, 'e': 0.29919232831706977, 'f': 1.6396049239660815, 'g': 1.1727208826129676}
Starting ML Fit
Box_n50_1_1400
       message: Optimization terminated successfully.
       success: True
        status: 0
           fun: 118.87894147144311
             x: [ 3.876e-01  2.985e-01  1.641e+00  1.173e+00]
           nit: 76
          nfev: 130
 final_simplex: (array([[ 3.876e-01,  2.985e-01,  1.641e+00,  1.173e+00],
                       [ 3.876e-01,  2.986e-01,  1.641e+00,  1.174e+00],
                       ...,
                       [ 3.876e-01,  2.985e-01,  1.641e+00,  1.174e+00],
                       [ 3.876e-01,  2.986e-01,  1.641e+00,  1.173e+00]]), array([ 1.189e+02,  1.189e+02,  1.189e+02,  1.189e+02,
                        1.189e+02]))
   param_names: ['d', 'e', 'f', 'g']
[0.3875599  0.29849628 1.64083832 1.17348024]
{'d': 0.38755990444311317, 'e': 0.2984962838004038, 'f': 1.6408383202031922, 'g': 1.1734802352338283}
Previous:  {'d': 0.39600265326019424, 'e': 0.29919232831706977, 'f': 1.6396049239660815, 'g': 1.1727208826129676}


##############################


prev {'d': 0.38755990444311317, 'e': 0.2984962838004038, 'f': 1.6408383202031922, 'g': 1.1734802352338283}
Starting ML Fit
Box_n50_1_1400
       message: Optimization terminated successfully.
       success: True
        status: 0
           fun: 96.92145250653158
             x: [ 3.834e-01  2.977e-01  1.642e+00  1.173e+00]
           nit: 57
          nfev: 104
 final_simplex: (array([[ 3.834e-01,  2.977e-01,  1.642e+00,  1.173e+00],
                       [ 3.834e-01,  2.978e-01,  1.642e+00,  1.173e+00],
                       ...,
                       [ 3.834e-01,  2.978e-01,  1.642e+00,  1.173e+00],
                       [ 3.834e-01,  2.977e-01,  1.642e+00,  1.173e+00]]), array([ 9.692e+01,  9.692e+01,  9.692e+01,  9.692e+01,
                        9.692e+01]))
   param_names: ['d', 'e', 'f', 'g']
[0.38343121 0.2977306  1.64216968 1.17259061]
{'d': 0.3834312081728049, 'e': 0.29773060377069954, 'f': 1.64216967703289, 'g': 1.1725906110018993}
Previous:  {'d': 0.38755990444311317, 'e': 0.2984962838004038, 'f': 1.6408383202031922, 'g': 1.1734802352338283}


##############################


prev {'d': 0.3834312081728049, 'e': 0.29773060377069954, 'f': 1.64216967703289, 'g': 1.1725906110018993}
Starting ML Fit
Box_n50_1_1400
       message: Optimization terminated successfully.
       success: True
        status: 0
           fun: 99.57054111019012
             x: [ 3.792e-01  2.968e-01  1.644e+00  1.172e+00]
           nit: 75
          nfev: 130
 final_simplex: (array([[ 3.792e-01,  2.968e-01,  1.644e+00,  1.172e+00],
                       [ 3.792e-01,  2.969e-01,  1.644e+00,  1.172e+00],
                       ...,
                       [ 3.792e-01,  2.969e-01,  1.644e+00,  1.172e+00],
                       [ 3.792e-01,  2.968e-01,  1.644e+00,  1.172e+00]]), array([ 9.957e+01,  9.957e+01,  9.957e+01,  9.957e+01,
                        9.957e+01]))
   param_names: ['d', 'e', 'f', 'g']
[0.37917359 0.29681715 1.64391137 1.17213813]
{'d': 0.37917359087423547, 'e': 0.29681714865389114, 'f': 1.6439113709177913, 'g': 1.1721381315200476}
Previous:  {'d': 0.3834312081728049, 'e': 0.29773060377069954, 'f': 1.64216967703289, 'g': 1.1725906110018993}


##############################


prev {'d': 0.37917359087423547, 'e': 0.29681714865389114, 'f': 1.6439113709177913, 'g': 1.1721381315200476}
Starting ML Fit
Box_n50_1_1400
       message: Optimization terminated successfully.
       success: True
        status: 0
           fun: 95.54797520139142
             x: [ 3.756e-01  2.958e-01  1.646e+00  1.172e+00]
           nit: 58
          nfev: 106
 final_simplex: (array([[ 3.756e-01,  2.958e-01,  1.646e+00,  1.172e+00],
                       [ 3.756e-01,  2.958e-01,  1.646e+00,  1.172e+00],
                       ...,
                       [ 3.756e-01,  2.957e-01,  1.646e+00,  1.172e+00],
                       [ 3.756e-01,  2.957e-01,  1.646e+00,  1.172e+00]]), array([ 9.555e+01,  9.555e+01,  9.555e+01,  9.555e+01,
                        9.555e+01]))
   param_names: ['d', 'e', 'f', 'g']
[0.37562534 0.29578291 1.64589153 1.17205347]
{'d': 0.3756253386459726, 'e': 0.29578290582485905, 'f': 1.6458915269364351, 'g': 1.1720534676096008}
Previous:  {'d': 0.37917359087423547, 'e': 0.29681714865389114, 'f': 1.6439113709177913, 'g': 1.1721381315200476}


##############################


prev {'d': 0.3756253386459726, 'e': 0.29578290582485905, 'f': 1.6458915269364351, 'g': 1.1720534676096008}
Starting ML Fit
Box_n50_1_1400
       message: Optimization terminated successfully.
       success: True
        status: 0
           fun: 90.61416391577717
             x: [ 3.714e-01  2.950e-01  1.647e+00  1.170e+00]
           nit: 63
          nfev: 113
 final_simplex: (array([[ 3.714e-01,  2.950e-01,  1.647e+00,  1.170e+00],
                       [ 3.715e-01,  2.950e-01,  1.647e+00,  1.170e+00],
                       ...,
                       [ 3.715e-01,  2.950e-01,  1.648e+00,  1.170e+00],
                       [ 3.714e-01,  2.949e-01,  1.648e+00,  1.170e+00]]), array([ 9.061e+01,  9.061e+01,  9.061e+01,  9.061e+01,
                        9.061e+01]))
   param_names: ['d', 'e', 'f', 'g']
[0.37144605 0.29497765 1.64747149 1.16992895]
{'d': 0.37144605333457903, 'e': 0.29497764954186545, 'f': 1.647471487837401, 'g': 1.1699289476938808}
Previous:  {'d': 0.3756253386459726, 'e': 0.29578290582485905, 'f': 1.6458915269364351, 'g': 1.1720534676096008}


##############################


prev {'d': 0.37144605333457903, 'e': 0.29497764954186545, 'f': 1.647471487837401, 'g': 1.1699289476938808}
Starting ML Fit
Box_n50_1_1400
       message: Optimization terminated successfully.
       success: True
        status: 0
           fun: 95.0423552043028
             x: [ 3.681e-01  2.943e-01  1.649e+00  1.169e+00]
           nit: 57
          nfev: 102
 final_simplex: (array([[ 3.681e-01,  2.943e-01,  1.649e+00,  1.169e+00],
                       [ 3.680e-01,  2.943e-01,  1.649e+00,  1.169e+00],
                       ...,
                       [ 3.681e-01,  2.943e-01,  1.649e+00,  1.169e+00],
                       [ 3.681e-01,  2.944e-01,  1.649e+00,  1.169e+00]]), array([ 9.504e+01,  9.504e+01,  9.504e+01,  9.504e+01,
                        9.504e+01]))
   param_names: ['d', 'e', 'f', 'g']
[0.36805975 0.29431273 1.64875182 1.16931651]
{'d': 0.36805975385898637, 'e': 0.294312728964748, 'f': 1.6487518183468208, 'g': 1.1693165107306007}
Previous:  {'d': 0.37144605333457903, 'e': 0.29497764954186545, 'f': 1.647471487837401, 'g': 1.1699289476938808}


##############################


prev {'d': 0.36805975385898637, 'e': 0.294312728964748, 'f': 1.6487518183468208, 'g': 1.1693165107306007}
Starting ML Fit
Box_n50_1_1400
       message: Optimization terminated successfully.
       success: True
        status: 0
           fun: 77.6030878139104
             x: [ 3.650e-01  2.939e-01  1.650e+00  1.168e+00]
           nit: 65
          nfev: 119
 final_simplex: (array([[ 3.650e-01,  2.939e-01,  1.650e+00,  1.168e+00],
                       [ 3.651e-01,  2.940e-01,  1.650e+00,  1.169e+00],
                       ...,
                       [ 3.650e-01,  2.939e-01,  1.650e+00,  1.168e+00],
                       [ 3.650e-01,  2.938e-01,  1.650e+00,  1.168e+00]]), array([ 7.760e+01,  7.760e+01,  7.760e+01,  7.760e+01,
                        7.760e+01]))
   param_names: ['d', 'e', 'f', 'g']
[0.36503809 0.29386931 1.64959455 1.16849179]
{'d': 0.36503808825613726, 'e': 0.2938693094859939, 'f': 1.6495945526027693, 'g': 1.1684917911943296}
Previous:  {'d': 0.36805975385898637, 'e': 0.294312728964748, 'f': 1.6487518183468208, 'g': 1.1693165107306007}


##############################


prev {'d': 0.36503808825613726, 'e': 0.2938693094859939, 'f': 1.6495945526027693, 'g': 1.1684917911943296}
Starting ML Fit
Box_n50_1_1400
       message: Optimization terminated successfully.
       success: True
        status: 0
           fun: 68.23632975645597
             x: [ 3.528e-01  2.934e-01  1.651e+00  1.163e+00]
           nit: 70
          nfev: 126
 final_simplex: (array([[ 3.528e-01,  2.934e-01,  1.651e+00,  1.163e+00],
                       [ 3.528e-01,  2.934e-01,  1.651e+00,  1.163e+00],
                       ...,
                       [ 3.528e-01,  2.933e-01,  1.651e+00,  1.163e+00],
                       [ 3.528e-01,  2.934e-01,  1.651e+00,  1.163e+00]]), array([ 6.824e+01,  6.824e+01,  6.824e+01,  6.824e+01,
                        6.824e+01]))
   param_names: ['d', 'e', 'f', 'g']
[0.35280151 0.2933762  1.65078831 1.16274567]
{'d': 0.3528015097698425, 'e': 0.29337619665818715, 'f': 1.6507883075734262, 'g': 1.1627456671914609}
Previous:  {'d': 0.36503808825613726, 'e': 0.2938693094859939, 'f': 1.6495945526027693, 'g': 1.1684917911943296}


##############################


prev {'d': 0.3528015097698425, 'e': 0.29337619665818715, 'f': 1.6507883075734262, 'g': 1.1627456671914609}
Starting ML Fit
Box_n50_1_1400
       message: Optimization terminated successfully.
       success: True
        status: 0
           fun: 58.19363630601007
             x: [ 3.510e-01  2.930e-01  1.652e+00  1.166e+00]
           nit: 55
          nfev: 103
 final_simplex: (array([[ 3.510e-01,  2.930e-01,  1.652e+00,  1.166e+00],
                       [ 3.510e-01,  2.930e-01,  1.652e+00,  1.166e+00],
                       ...,
                       [ 3.511e-01,  2.930e-01,  1.652e+00,  1.166e+00],
                       [ 3.510e-01,  2.930e-01,  1.652e+00,  1.166e+00]]), array([ 5.819e+01,  5.819e+01,  5.819e+01,  5.819e+01,
                        5.819e+01]))
   param_names: ['d', 'e', 'f', 'g']
[0.35103293 0.29299224 1.65179294 1.16583369]
{'d': 0.3510329307937591, 'e': 0.2929922413361866, 'f': 1.6517929418109059, 'g': 1.1658336927487696}
Previous:  {'d': 0.3528015097698425, 'e': 0.29337619665818715, 'f': 1.6507883075734262, 'g': 1.1627456671914609}


##############################


prev {'d': 0.3510329307937591, 'e': 0.2929922413361866, 'f': 1.6517929418109059, 'g': 1.1658336927487696}
Starting ML Fit
Box_n50_1_1400
       message: Optimization terminated successfully.
       success: True
        status: 0
           fun: 42.33299285508333
             x: [ 3.495e-01  2.929e-01  1.652e+00  1.174e+00]
           nit: 69
          nfev: 122
 final_simplex: (array([[ 3.495e-01,  2.929e-01,  1.652e+00,  1.174e+00],
                       [ 3.495e-01,  2.929e-01,  1.652e+00,  1.174e+00],
                       ...,
                       [ 3.495e-01,  2.929e-01,  1.652e+00,  1.174e+00],
                       [ 3.495e-01,  2.928e-01,  1.652e+00,  1.174e+00]]), array([ 4.233e+01,  4.233e+01,  4.233e+01,  4.233e+01,
                        4.233e+01]))
   param_names: ['d', 'e', 'f', 'g']
[0.34947445 0.29286285 1.65222096 1.17379706]
{'d': 0.3494744467887554, 'e': 0.29286284931160833, 'f': 1.652220956991365, 'g': 1.1737970570142688}
Previous:  {'d': 0.3510329307937591, 'e': 0.2929922413361866, 'f': 1.6517929418109059, 'g': 1.1658336927487696}


