##############################


[0.302679, 0.366459, 0.403224, 0.488191, 0.512095, 0.537169, 0.563471, 0.591061, 0.620002, 0.65036, 0.715608, 0.787402, 0.866399, 0.953321, 1.0]
dict_keys([0.302679, 0.366459, 0.403224, 0.488191, 0.512095, 0.537169, 0.563471, 0.591061, 0.620002, 0.65036, 0.715608, 0.787402, 0.866399, 0.953321, 1.0])
prev {'d0': 2.0094547643642926, 'd1': -0.3049573392607299, 'e0': 1.0887300202441685, 'e1': 0.06329235334138753, 'f0': 0.40877281930919857, 'f1': 0.16161265470083533, 'g0': 1.231893586535042, 'g1': 0.022179758271095286}
Starting ML Fit
Box_n50_49_1400
       message: Optimization terminated successfully.
       success: True
        status: 0
           fun: 1571.8628391096995
             x: [ 2.032e+00 -2.445e-01  1.047e+00  4.701e-02  4.190e-01
                  1.754e-01  1.220e+00  1.248e-02]
           nit: 867
          nfev: 1291
 final_simplex: (array([[ 2.032e+00, -2.445e-01, ...,  1.220e+00,
                         1.248e-02],
                       [ 2.032e+00, -2.444e-01, ...,  1.220e+00,
                         1.249e-02],
                       ...,
                       [ 2.032e+00, -2.444e-01, ...,  1.220e+00,
                         1.249e-02],
                       [ 2.032e+00, -2.444e-01, ...,  1.220e+00,
                         1.248e-02]]), array([ 1.572e+03,  1.572e+03,  1.572e+03,  1.572e+03,
                        1.572e+03,  1.572e+03,  1.572e+03,  1.572e+03,
                        1.572e+03]))
   param_names: ['d0', 'd1', 'e0', 'e1', 'f0', 'f1', 'g0', 'g1']
[ 2.03237899 -0.24445081  1.04680686  0.04700606  0.41895862  0.17539839
  1.21979369  0.01247959]
{'d0': 2.0323789881433787, 'd1': -0.24445080688403525, 'e0': 1.0468068581847438, 'e1': 0.04700605614842249, 'f0': 0.4189586225959242, 'f1': 0.17539838540033112, 'g0': 1.219793689752911, 'g1': 0.012479594645379306}
-------------------
{'d0': 2.0323789881433787, 'd1': -0.24445080688403525, 'e0': 1.0468068581847438, 'e1': 0.04700605614842249, 'f0': 0.4189586225959242, 'f1': 0.17539838540033112, 'g0': 1.219793689752911, 'g1': 0.012479594645379306}
Previous:  {'d0': 2.0094547643642926, 'd1': -0.3049573392607299, 'e0': 1.0887300202441685, 'e1': 0.06329235334138753, 'f0': 0.40877281930919857, 'f1': 0.16161265470083533, 'g0': 1.231893586535042, 'g1': 0.022179758271095286}
-------------------
