##############################


[0.302679, 0.366459, 0.403224, 0.488191, 0.512095, 0.537169, 0.563471, 0.591061, 0.620002, 0.65036, 0.715608, 0.787402, 0.866399, 0.953321, 1.0]
dict_keys([0.302679, 0.366459, 0.403224, 0.488191, 0.512095, 0.537169, 0.563471, 0.591061, 0.620002, 0.65036, 0.715608, 0.787402, 0.866399, 0.953321, 1.0])
prev {'d0': 2.1284125107888467, 'd1': -0.29841460365542394, 'e0': 1.1496747376758445, 'e1': 0.08029840110828712, 'f0': 0.39177874914646016, 'f1': 0.18729727512449962, 'g0': 1.2567802194591942, 'g1': 0.000509439125964031}
Starting ML Fit
Box51_1400
       message: Optimization terminated successfully.
       success: True
        status: 0
           fun: 1411.6755734757232
             x: [ 2.092e+00 -2.680e-01  1.089e+00  5.220e-02  4.046e-01
                  1.854e-01  1.247e+00  3.201e-04]
           nit: 567
          nfev: 849
 final_simplex: (array([[ 2.092e+00, -2.680e-01, ...,  1.247e+00,
                         3.201e-04],
                       [ 2.092e+00, -2.680e-01, ...,  1.247e+00,
                         3.200e-04],
                       ...,
                       [ 2.092e+00, -2.680e-01, ...,  1.247e+00,
                         3.197e-04],
                       [ 2.092e+00, -2.680e-01, ...,  1.247e+00,
                         3.198e-04]]), array([ 1.412e+03,  1.412e+03,  1.412e+03,  1.412e+03,
                        1.412e+03,  1.412e+03,  1.412e+03,  1.412e+03,
                        1.412e+03]))
   param_names: ['d0', 'd1', 'e0', 'e1', 'f0', 'f1', 'g0', 'g1']
[ 2.09176752e+00 -2.68037988e-01  1.08945484e+00  5.22032851e-02
  4.04588212e-01  1.85391438e-01  1.24683762e+00  3.20054840e-04]
{'d0': 2.0917675249721404, 'd1': -0.26803798817151026, 'e0': 1.0894548448136274, 'e1': 0.052203285120940676, 'f0': 0.4045882120563864, 'f1': 0.18539143842160763, 'g0': 1.246837621522978, 'g1': 0.0003200548403491058}
-------------------
{'d0': 2.0917675249721404, 'd1': -0.26803798817151026, 'e0': 1.0894548448136274, 'e1': 0.052203285120940676, 'f0': 0.4045882120563864, 'f1': 0.18539143842160763, 'g0': 1.246837621522978, 'g1': 0.0003200548403491058}
Previous:  {'d0': 2.1284125107888467, 'd1': -0.29841460365542394, 'e0': 1.1496747376758445, 'e1': 0.08029840110828712, 'f0': 0.39177874914646016, 'f1': 0.18729727512449962, 'g0': 1.2567802194591942, 'g1': 0.000509439125964031}
-------------------
