##############################


[0.302679, 0.366459, 0.403224, 0.488191, 0.512095, 0.537169, 0.563471, 0.591061, 0.620002, 0.65036, 0.715608, 0.787402, 0.866399, 0.953321, 1.0]
dict_keys([0.302679, 0.366459, 0.403224, 0.488191, 0.512095, 0.537169, 0.563471, 0.591061, 0.620002, 0.65036, 0.715608, 0.787402, 0.866399, 0.953321, 1.0])
prev {'d0': 2.0816946425509, 'd1': -0.32666173275854493, 'e0': 1.0774198568889326, 'e1': 0.059311008898060055, 'f0': 0.41065305289919485, 'f1': 0.14555946414834614, 'g0': 1.2318079652840122, 'g1': 0.009924983806462229}
Starting ML Fit
Box_n50_18_1400
       message: Optimization terminated successfully.
       success: True
        status: 0
           fun: 1584.4321145822635
             x: [ 2.081e+00 -3.268e-01  1.110e+00  4.447e-02  4.025e-01
                  1.502e-01  1.248e+00  1.270e-02]
           nit: 659
          nfev: 981
 final_simplex: (array([[ 2.081e+00, -3.268e-01, ...,  1.248e+00,
                         1.270e-02],
                       [ 2.081e+00, -3.267e-01, ...,  1.248e+00,
                         1.270e-02],
                       ...,
                       [ 2.081e+00, -3.267e-01, ...,  1.248e+00,
                         1.270e-02],
                       [ 2.081e+00, -3.269e-01, ...,  1.248e+00,
                         1.269e-02]]), array([ 1.584e+03,  1.584e+03,  1.584e+03,  1.584e+03,
                        1.584e+03,  1.584e+03,  1.584e+03,  1.584e+03,
                        1.584e+03]))
   param_names: ['d0', 'd1', 'e0', 'e1', 'f0', 'f1', 'g0', 'g1']
[ 2.08116912 -0.3267819   1.11046788  0.0444733   0.40252437  0.15023756
  1.24778836  0.01269994]
{'d0': 2.0811691204904683, 'd1': -0.326781895074195, 'e0': 1.1104678781040804, 'e1': 0.044473301412590885, 'f0': 0.40252436612230447, 'f1': 0.1502375649365425, 'g0': 1.2477883570584383, 'g1': 0.01269993630070875}
-------------------
{'d0': 2.0811691204904683, 'd1': -0.326781895074195, 'e0': 1.1104678781040804, 'e1': 0.044473301412590885, 'f0': 0.40252436612230447, 'f1': 0.1502375649365425, 'g0': 1.2477883570584383, 'g1': 0.01269993630070875}
Previous:  {'d0': 2.0816946425509, 'd1': -0.32666173275854493, 'e0': 1.0774198568889326, 'e1': 0.059311008898060055, 'f0': 0.41065305289919485, 'f1': 0.14555946414834614, 'g0': 1.2318079652840122, 'g1': 0.009924983806462229}
-------------------
