##############################


[[0.01   0.     0.     0.     0.     0.     0.     0.    ]
 [0.     0.01   0.     0.     0.     0.     0.     0.    ]
 [0.     0.     0.001  0.     0.     0.     0.     0.    ]
 [0.     0.     0.     0.001  0.     0.     0.     0.    ]
 [0.     0.     0.     0.     0.0005 0.     0.     0.    ]
 [0.     0.     0.     0.     0.     0.0005 0.     0.    ]
 [0.     0.     0.     0.     0.     0.     0.0001 0.    ]
 [0.     0.     0.     0.     0.     0.     0.     0.0001]]
[0.302679, 0.366459, 0.403224, 0.488191, 0.512095, 0.537169, 0.563471, 0.591061, 0.620002, 0.65036, 0.715608, 0.787402, 0.866399, 0.953321, 1.0]
dict_keys([0.302679, 0.366459, 0.403224, 0.488191, 0.512095, 0.537169, 0.563471, 0.591061, 0.620002, 0.65036, 0.715608, 0.787402, 0.866399, 0.953321, 1.0])
prev {'d0': 1.9396378702389834, 'd1': 0.014613702230233522, 'e0': 1.1196776041238428, 'e1': -0.1175790248009477, 'f0': 0.41467118069075526, 'f1': 0.21171879722501297, 'g0': 1.2279034341610575, 'g1': 0.06463738057047692}
Starting ML Fit
Box_n50_49_1400
       message: Optimization terminated successfully.
       success: True
        status: 0
           fun: 1573.644753299841
             x: [ 1.977e+00  1.378e-02  1.084e+00 -1.061e-01  4.237e-01
                  2.230e-01  1.219e+00  4.696e-02]
           nit: 600
          nfev: 907
 final_simplex: (array([[ 1.977e+00,  1.378e-02, ...,  1.219e+00,
                         4.696e-02],
                       [ 1.977e+00,  1.377e-02, ...,  1.219e+00,
                         4.696e-02],
                       ...,
                       [ 1.977e+00,  1.378e-02, ...,  1.219e+00,
                         4.696e-02],
                       [ 1.977e+00,  1.378e-02, ...,  1.219e+00,
                         4.696e-02]]), array([ 1.574e+03,  1.574e+03,  1.574e+03,  1.574e+03,
                        1.574e+03,  1.574e+03,  1.574e+03,  1.574e+03,
                        1.574e+03]))
   param_names: ['d0', 'd1', 'e0', 'e1', 'f0', 'f1', 'g0', 'g1']
[ 1.9766093   0.01377508  1.08351178 -0.10610091  0.42367749  0.22295228
  1.21878878  0.04696384]
{'d0': 1.9766093005721135, 'd1': 0.013775084766118863, 'e0': 1.0835117780383727, 'e1': -0.1061009141857659, 'f0': 0.42367748818203604, 'f1': 0.2229522771211246, 'g0': 1.2187887807808182, 'g1': 0.04696383635226231}
-------------------
{'d0': 1.9766093005721135, 'd1': 0.013775084766118863, 'e0': 1.0835117780383727, 'e1': -0.1061009141857659, 'f0': 0.42367748818203604, 'f1': 0.2229522771211246, 'g0': 1.2187887807808182, 'g1': 0.04696383635226231}
Previous:  {'d0': 1.9396378702389834, 'd1': 0.014613702230233522, 'e0': 1.1196776041238428, 'e1': -0.1175790248009477, 'f0': 0.41467118069075526, 'f1': 0.21171879722501297, 'g0': 1.2279034341610575, 'g1': 0.06463738057047692}
-------------------
