##############################


[[1.e-03 0.e+00 0.e+00 0.e+00 0.e+00 0.e+00 0.e+00 0.e+00]
 [0.e+00 8.e-04 0.e+00 0.e+00 0.e+00 0.e+00 0.e+00 0.e+00]
 [0.e+00 0.e+00 1.e-01 0.e+00 0.e+00 0.e+00 0.e+00 0.e+00]
 [0.e+00 0.e+00 0.e+00 8.e-02 0.e+00 0.e+00 0.e+00 0.e+00]
 [0.e+00 0.e+00 0.e+00 0.e+00 5.e-02 0.e+00 0.e+00 0.e+00]
 [0.e+00 0.e+00 0.e+00 0.e+00 0.e+00 8.e-01 0.e+00 0.e+00]
 [0.e+00 0.e+00 0.e+00 0.e+00 0.e+00 0.e+00 3.e-04 0.e+00]
 [0.e+00 0.e+00 0.e+00 0.e+00 0.e+00 0.e+00 0.e+00 8.e-03]]
[0.302679, 0.366459, 0.403224, 0.488191, 0.512095, 0.537169, 0.563471, 0.591061, 0.620002, 0.65036, 0.715608, 0.787402, 0.866399, 0.953321, 1.0]
dict_keys([0.302679, 0.366459, 0.403224, 0.488191, 0.512095, 0.537169, 0.563471, 0.591061, 0.620002, 0.65036, 0.715608, 0.787402, 0.866399, 0.953321, 1.0])
prev {'d0': 2.1609092212768495, 'd1': 0.13357102861805698, 'e0': 1.021152365707964, 'e1': -0.03291715830101023, 'f0': 0.5454720245181213, 'f1': 0.21273040493952255, 'g0': 1.2437940353838828, 'g1': 0.02887114731027094}
Starting ML Fit
Box20_1400
       message: Optimization terminated successfully.
       success: True
        status: 0
           fun: 1101.9110721556167
             x: [ 2.162e+00  1.497e-01  1.421e+00 -1.758e-01  3.872e-01
                  2.259e-01  1.262e+00  5.579e-02]
           nit: 1067
          nfev: 1570
 final_simplex: (array([[ 2.162e+00,  1.497e-01, ...,  1.262e+00,
                         5.579e-02],
                       [ 2.162e+00,  1.497e-01, ...,  1.262e+00,
                         5.579e-02],
                       ...,
                       [ 2.162e+00,  1.497e-01, ...,  1.262e+00,
                         5.580e-02],
                       [ 2.162e+00,  1.497e-01, ...,  1.262e+00,
                         5.579e-02]]), array([ 1.102e+03,  1.102e+03,  1.102e+03,  1.102e+03,
                        1.102e+03,  1.102e+03,  1.102e+03,  1.102e+03,
                        1.102e+03]))
   param_names: ['d0', 'd1', 'e0', 'e1', 'f0', 'f1', 'g0', 'g1']
[ 2.16165044  0.14969725  1.42093192 -0.17577517  0.38716902  0.22588943
  1.26158879  0.05578701]
{'d0': 2.161650435054608, 'd1': 0.1496972474011186, 'e0': 1.4209319162855507, 'e1': -0.1757751729904301, 'f0': 0.38716902426353983, 'f1': 0.22588943073648107, 'g0': 1.2615887857146177, 'g1': 0.05578701163450639}
-------------------
{'d0': 2.161650435054608, 'd1': 0.1496972474011186, 'e0': 1.4209319162855507, 'e1': -0.1757751729904301, 'f0': 0.38716902426353983, 'f1': 0.22588943073648107, 'g0': 1.2615887857146177, 'g1': 0.05578701163450639}
Previous:  {'d0': 2.1609092212768495, 'd1': 0.13357102861805698, 'e0': 1.021152365707964, 'e1': -0.03291715830101023, 'f0': 0.5454720245181213, 'f1': 0.21273040493952255, 'g0': 1.2437940353838828, 'g1': 0.02887114731027094}
-------------------
