##############################


[0.302679, 0.366459, 0.403224, 0.488191, 0.512095, 0.537169, 0.563471, 0.591061, 0.620002, 0.65036, 0.715608, 0.787402, 0.866399, 0.953321, 1.0]
dict_keys([0.302679, 0.366459, 0.403224, 0.488191, 0.512095, 0.537169, 0.563471, 0.591061, 0.620002, 0.65036, 0.715608, 0.787402, 0.866399, 0.953321, 1.0])
prev {'d0': 2.0449385907217277, 'd1': -0.2700047562520289, 'e0': 1.0431944654712622, 'e1': 0.038618435457225334, 'f0': 0.44773410571468153, 'f1': 0.17169783207582717, 'g0': 1.242001152381456, 'g1': -0.0012704739254763963}
Starting ML Fit
Box27_1400
       message: Optimization terminated successfully.
       success: True
        status: 0
           fun: 1698.0858397294783
             x: [ 2.002e+00 -1.799e-01  9.932e-01  4.836e-02  4.653e-01
                  1.317e-01  1.220e+00 -1.720e-03]
           nit: 384
          nfev: 600
 final_simplex: (array([[ 2.002e+00, -1.799e-01, ...,  1.220e+00,
                        -1.720e-03],
                       [ 2.002e+00, -1.799e-01, ...,  1.220e+00,
                        -1.721e-03],
                       ...,
                       [ 2.002e+00, -1.799e-01, ...,  1.220e+00,
                        -1.720e-03],
                       [ 2.002e+00, -1.799e-01, ...,  1.220e+00,
                        -1.720e-03]]), array([ 1.698e+03,  1.698e+03,  1.698e+03,  1.698e+03,
                        1.698e+03,  1.698e+03,  1.698e+03,  1.698e+03,
                        1.698e+03]))
   param_names: ['d0', 'd1', 'e0', 'e1', 'f0', 'f1', 'g0', 'g1']
[ 2.00201050e+00 -1.79895478e-01  9.93225808e-01  4.83594436e-02
  4.65287021e-01  1.31739084e-01  1.22041565e+00 -1.72044316e-03]
{'d0': 2.0020104985119866, 'd1': -0.17989547794352653, 'e0': 0.9932258077147516, 'e1': 0.04835944364999624, 'f0': 0.46528702131032346, 'f1': 0.1317390838130602, 'g0': 1.220415650832256, 'g1': -0.0017204431592781873}
-------------------
{'d0': 2.0020104985119866, 'd1': -0.17989547794352653, 'e0': 0.9932258077147516, 'e1': 0.04835944364999624, 'f0': 0.46528702131032346, 'f1': 0.1317390838130602, 'g0': 1.220415650832256, 'g1': -0.0017204431592781873}
Previous:  {'d0': 2.0449385907217277, 'd1': -0.2700047562520289, 'e0': 1.0431944654712622, 'e1': 0.038618435457225334, 'f0': 0.44773410571468153, 'f1': 0.17169783207582717, 'g0': 1.242001152381456, 'g1': -0.0012704739254763963}
-------------------
