##############################


[0.302679, 0.366459, 0.403224, 0.488191, 0.512095, 0.537169, 0.563471, 0.591061, 0.620002, 0.65036, 0.715608, 0.787402, 0.866399, 0.953321, 1.0]
dict_keys([0.302679, 0.366459, 0.403224, 0.488191, 0.512095, 0.537169, 0.563471, 0.591061, 0.620002, 0.65036, 0.715608, 0.787402, 0.866399, 0.953321, 1.0])
prev {'d0': 2.051234508676263, 'd1': -0.27821048734276665, 'e0': 1.0519905507920604, 'e1': 0.008703690177996501, 'f0': 0.4192738196332135, 'f1': 0.17729898799102745, 'g0': 1.2278138172212514, 'g1': -0.006193424817159048}
Starting ML Fit
Box_n50_32_1400
       message: Optimization terminated successfully.
       success: True
        status: 0
           fun: 1439.0321742713343
             x: [ 2.085e+00 -1.674e-01  1.052e+00  8.613e-03  4.162e-01
                  1.778e-01  1.226e+00 -1.171e-02]
           nit: 534
          nfev: 790
 final_simplex: (array([[ 2.085e+00, -1.674e-01, ...,  1.226e+00,
                        -1.171e-02],
                       [ 2.085e+00, -1.674e-01, ...,  1.226e+00,
                        -1.171e-02],
                       ...,
                       [ 2.085e+00, -1.674e-01, ...,  1.226e+00,
                        -1.169e-02],
                       [ 2.085e+00, -1.673e-01, ...,  1.226e+00,
                        -1.170e-02]]), array([ 1.439e+03,  1.439e+03,  1.439e+03,  1.439e+03,
                        1.439e+03,  1.439e+03,  1.439e+03,  1.439e+03,
                        1.439e+03]))
   param_names: ['d0', 'd1', 'e0', 'e1', 'f0', 'f1', 'g0', 'g1']
[ 2.08521307 -0.16741626  1.05179141  0.00861321  0.41622263  0.17783177
  1.2255079  -0.01171209]
{'d0': 2.085213070485015, 'd1': -0.16741625809120783, 'e0': 1.0517914145582692, 'e1': 0.00861320561574951, 'f0': 0.4162226258957714, 'f1': 0.1778317665693678, 'g0': 1.225507903865655, 'g1': -0.011712086611138121}
-------------------
{'d0': 2.085213070485015, 'd1': -0.16741625809120783, 'e0': 1.0517914145582692, 'e1': 0.00861320561574951, 'f0': 0.4162226258957714, 'f1': 0.1778317665693678, 'g0': 1.225507903865655, 'g1': -0.011712086611138121}
Previous:  {'d0': 2.051234508676263, 'd1': -0.27821048734276665, 'e0': 1.0519905507920604, 'e1': 0.008703690177996501, 'f0': 0.4192738196332135, 'f1': 0.17729898799102745, 'g0': 1.2278138172212514, 'g1': -0.006193424817159048}
-------------------
