##############################


[[0.001  0.     0.     0.     0.     0.     0.     0.    ]
 [0.     0.0008 0.     0.     0.     0.     0.     0.    ]
 [0.     0.     0.1    0.     0.     0.     0.     0.    ]
 [0.     0.     0.     0.08   0.     0.     0.     0.    ]
 [0.     0.     0.     0.     0.05   0.     0.     0.    ]
 [0.     0.     0.     0.     0.     0.8    0.     0.    ]
 [0.     0.     0.     0.     0.     0.     0.03   0.    ]
 [0.     0.     0.     0.     0.     0.     0.     0.008 ]]
[0.302679, 0.366459, 0.403224, 0.488191, 0.512095, 0.537169, 0.563471, 0.591061, 0.620002, 0.65036, 0.715608, 0.787402, 0.866399, 0.953321, 1.0]
dict_keys([0.302679, 0.366459, 0.403224, 0.488191, 0.512095, 0.537169, 0.563471, 0.591061, 0.620002, 0.65036, 0.715608, 0.787402, 0.866399, 0.953321, 1.0])
prev {'d0': 2.072478741471802, 'd1': 0.06030284582692358, 'e0': 0.9545434480167148, 'e1': -0.0004625964332725373, 'f0': 0.48715190752251447, 'f1': 0.1604795889404377, 'g0': 1.2160244845974928, 'g1': 0.02753559800432115}
Starting ML Fit
Box12_1400
       message: Optimization terminated successfully.
       success: True
        status: 0
           fun: 927.4564420636618
             x: [ 2.081e+00  5.639e-02  1.493e+00  3.150e-04  3.359e-01
                  1.430e-01  1.267e+00  3.491e-02]
           nit: 811
          nfev: 1216
 final_simplex: (array([[ 2.081e+00,  5.639e-02, ...,  1.267e+00,
                         3.491e-02],
                       [ 2.081e+00,  5.640e-02, ...,  1.267e+00,
                         3.491e-02],
                       ...,
                       [ 2.081e+00,  5.639e-02, ...,  1.267e+00,
                         3.490e-02],
                       [ 2.081e+00,  5.639e-02, ...,  1.267e+00,
                         3.490e-02]]), array([ 9.275e+02,  9.275e+02,  9.275e+02,  9.275e+02,
                        9.275e+02,  9.275e+02,  9.275e+02,  9.275e+02,
                        9.275e+02]))
   param_names: ['d0', 'd1', 'e0', 'e1', 'f0', 'f1', 'g0', 'g1']
[2.08124921e+00 5.63930646e-02 1.49305802e+00 3.14958045e-04
 3.35901217e-01 1.43042874e-01 1.26730533e+00 3.49070831e-02]
{'d0': 2.0812492083235545, 'd1': 0.05639306464846744, 'e0': 1.4930580234307973, 'e1': 0.00031495804450659427, 'f0': 0.33590121653142685, 'f1': 0.14304287368059662, 'g0': 1.2673053273758317, 'g1': 0.03490708313774733}
-------------------
{'d0': 2.0812492083235545, 'd1': 0.05639306464846744, 'e0': 1.4930580234307973, 'e1': 0.00031495804450659427, 'f0': 0.33590121653142685, 'f1': 0.14304287368059662, 'g0': 1.2673053273758317, 'g1': 0.03490708313774733}
Previous:  {'d0': 2.072478741471802, 'd1': 0.06030284582692358, 'e0': 0.9545434480167148, 'e1': -0.0004625964332725373, 'f0': 0.48715190752251447, 'f1': 0.1604795889404377, 'g0': 1.2160244845974928, 'g1': 0.02753559800432115}
-------------------
