##############################


[[0.01   0.     0.     0.     0.     0.     0.     0.    ]
 [0.     0.01   0.     0.     0.     0.     0.     0.    ]
 [0.     0.     0.001  0.     0.     0.     0.     0.    ]
 [0.     0.     0.     0.001  0.     0.     0.     0.    ]
 [0.     0.     0.     0.     0.0005 0.     0.     0.    ]
 [0.     0.     0.     0.     0.     0.0005 0.     0.    ]
 [0.     0.     0.     0.     0.     0.     0.0001 0.    ]
 [0.     0.     0.     0.     0.     0.     0.     0.0001]]
[0.302679, 0.366459, 0.403224, 0.488191, 0.512095, 0.537169, 0.563471, 0.591061, 0.620002, 0.65036, 0.715608, 0.787402, 0.866399, 0.953321, 1.0]
dict_keys([0.302679, 0.366459, 0.403224, 0.488191, 0.512095, 0.537169, 0.563471, 0.591061, 0.620002, 0.65036, 0.715608, 0.787402, 0.866399, 0.953321, 1.0])
prev {'d0': 2.2024298060023693, 'd1': 0.0231357133245582, 'e0': 0.9840392614249724, 'e1': -0.05109020733336482, 'f0': 0.4460864412660712, 'f1': 0.2010336264090512, 'g0': 1.243776649890442, 'g1': 0.04292897598148625}
Starting ML Fit
Box53_1400
       message: Optimization terminated successfully.
       success: True
        status: 0
           fun: 1628.6835356682889
             x: [ 2.200e+00 -9.260e-02  1.045e+00 -4.285e-02  4.341e-01
                  2.057e-01  1.261e+00  4.753e-02]
           nit: 886
          nfev: 1324
 final_simplex: (array([[ 2.200e+00, -9.260e-02, ...,  1.261e+00,
                         4.753e-02],
                       [ 2.200e+00, -9.257e-02, ...,  1.261e+00,
                         4.753e-02],
                       ...,
                       [ 2.200e+00, -9.267e-02, ...,  1.261e+00,
                         4.751e-02],
                       [ 2.200e+00, -9.250e-02, ...,  1.261e+00,
                         4.754e-02]]), array([ 1.629e+03,  1.629e+03,  1.629e+03,  1.629e+03,
                        1.629e+03,  1.629e+03,  1.629e+03,  1.629e+03,
                        1.629e+03]))
   param_names: ['d0', 'd1', 'e0', 'e1', 'f0', 'f1', 'g0', 'g1']
[ 2.20047457 -0.09260141  1.04460096 -0.04284937  0.43407677  0.20573792
  1.26051799  0.0475291 ]
{'d0': 2.200474570541266, 'd1': -0.09260141423222173, 'e0': 1.0446009618485788, 'e1': -0.04284936565816005, 'f0': 0.4340767716852658, 'f1': 0.2057379210454448, 'g0': 1.2605179872931611, 'g1': 0.04752910068990891}
-------------------
{'d0': 2.200474570541266, 'd1': -0.09260141423222173, 'e0': 1.0446009618485788, 'e1': -0.04284936565816005, 'f0': 0.4340767716852658, 'f1': 0.2057379210454448, 'g0': 1.2605179872931611, 'g1': 0.04752910068990891}
Previous:  {'d0': 2.2024298060023693, 'd1': 0.0231357133245582, 'e0': 0.9840392614249724, 'e1': -0.05109020733336482, 'f0': 0.4460864412660712, 'f1': 0.2010336264090512, 'g0': 1.243776649890442, 'g1': 0.04292897598148625}
-------------------
