alist [1.0, 0.953321, 0.866399, 0.787402, 0.715608, 0.65036, 0.620002, 0.591061, 0.563471, 0.537169, 0.512095, 0.488191, 0.403224, 0.366459, 0.302679]
Curr: Box9_1400 , Prev: Box_n50_34_1400
##############################


prev {'d': 2.028769320331988, 'e': 1.0003932326467104, 'f': 0.518983523133, 'g': 1.2470116008862848}
Starting ML Fit
Box9_1400
       message: Optimization terminated successfully.
       success: True
        status: 0
           fun: 116.44706353404656
             x: [ 2.011e+00  1.006e+00  5.256e-01  1.249e+00]
           nit: 66
          nfev: 124
 final_simplex: (array([[ 2.011e+00,  1.006e+00,  5.256e-01,  1.249e+00],
                       [ 2.011e+00,  1.006e+00,  5.256e-01,  1.249e+00],
                       ...,
                       [ 2.011e+00,  1.006e+00,  5.256e-01,  1.249e+00],
                       [ 2.011e+00,  1.006e+00,  5.256e-01,  1.249e+00]]), array([ 1.164e+02,  1.164e+02,  1.164e+02,  1.164e+02,
                        1.164e+02]))
   param_names: ['d', 'e', 'f', 'g']
[2.01080749 1.0058089  0.52561501 1.24942978]
{'d': 2.010807486476273, 'e': 1.0058088990799665, 'f': 0.525615006274252, 'g': 1.2494297761987139}
Previous:  {'d': 2.028769320331988, 'e': 1.0003932326467104, 'f': 0.518983523133, 'g': 1.2470116008862848}


##############################


asserting exponential supression start at lower masses
prev {'d': 2.010807486476273, 'e': 1.0058088990799665, 'f': 0.525615006274252, 'g': 1.2494297761987139}
Starting ML Fit
Box9_1400
       message: Optimization terminated successfully.
       success: True
        status: 0
           fun: 116.57727855512763
             x: [ 2.035e+00  1.008e+00  5.191e-01  1.254e+00]
           nit: 79
          nfev: 139
 final_simplex: (array([[ 2.035e+00,  1.008e+00,  5.191e-01,  1.254e+00],
                       [ 2.035e+00,  1.008e+00,  5.191e-01,  1.254e+00],
                       ...,
                       [ 2.035e+00,  1.008e+00,  5.191e-01,  1.254e+00],
                       [ 2.035e+00,  1.008e+00,  5.191e-01,  1.254e+00]]), array([ 1.166e+02,  1.166e+02,  1.166e+02,  1.166e+02,
                        1.166e+02]))
   param_names: ['d', 'e', 'f', 'g']
[2.03475814 1.00826955 0.51906049 1.25438787]
{'d': 2.034758140620702, 'e': 1.008269548085685, 'f': 0.5190604915814812, 'g': 1.2543878727770155}
Previous:  {'d': 2.010807486476273, 'e': 1.0058088990799665, 'f': 0.525615006274252, 'g': 1.2494297761987139}


##############################


asserting exponential supression start at lower masses
prev {'d': 2.034758140620702, 'e': 1.008269548085685, 'f': 0.5190604915814812, 'g': 1.2543878727770155}
Starting ML Fit
Box9_1400
       message: Optimization terminated successfully.
       success: True
        status: 0
           fun: 112.07741904084077
             x: [ 2.077e+00  1.010e+00  5.063e-01  1.260e+00]
           nit: 102
          nfev: 177
 final_simplex: (array([[ 2.077e+00,  1.010e+00,  5.063e-01,  1.260e+00],
                       [ 2.077e+00,  1.010e+00,  5.063e-01,  1.260e+00],
                       ...,
                       [ 2.077e+00,  1.010e+00,  5.063e-01,  1.260e+00],
                       [ 2.077e+00,  1.010e+00,  5.063e-01,  1.260e+00]]), array([ 1.121e+02,  1.121e+02,  1.121e+02,  1.121e+02,
                        1.121e+02]))
   param_names: ['d', 'e', 'f', 'g']
[2.07701667 1.01043783 0.50631843 1.26021886]
{'d': 2.077016672808466, 'e': 1.0104378295275758, 'f': 0.5063184280184748, 'g': 1.2602188644740215}
Previous:  {'d': 2.034758140620702, 'e': 1.008269548085685, 'f': 0.5190604915814812, 'g': 1.2543878727770155}


##############################


asserting exponential supression start at lower masses
prev {'d': 2.077016672808466, 'e': 1.0104378295275758, 'f': 0.5063184280184748, 'g': 1.2602188644740215}
Starting ML Fit
Box9_1400
       message: Optimization terminated successfully.
       success: True
        status: 0
           fun: 119.61522508216757
             x: [ 2.108e+00  1.012e+00  4.943e-01  1.265e+00]
           nit: 99
          nfev: 176
 final_simplex: (array([[ 2.108e+00,  1.012e+00,  4.943e-01,  1.265e+00],
                       [ 2.108e+00,  1.012e+00,  4.943e-01,  1.265e+00],
                       ...,
                       [ 2.108e+00,  1.012e+00,  4.943e-01,  1.265e+00],
                       [ 2.108e+00,  1.012e+00,  4.943e-01,  1.265e+00]]), array([ 1.196e+02,  1.196e+02,  1.196e+02,  1.196e+02,
                        1.196e+02]))
   param_names: ['d', 'e', 'f', 'g']
[2.10846758 1.01199635 0.49429743 1.2650803 ]
{'d': 2.108467583585562, 'e': 1.01199635412364, 'f': 0.4942974349096866, 'g': 1.2650802978740283}
Previous:  {'d': 2.077016672808466, 'e': 1.0104378295275758, 'f': 0.5063184280184748, 'g': 1.2602188644740215}


##############################


asserting exponential supression start at lower masses
prev {'d': 2.108467583585562, 'e': 1.01199635412364, 'f': 0.4942974349096866, 'g': 1.2650802978740283}
Starting ML Fit
Box9_1400
       message: Optimization terminated successfully.
       success: True
        status: 0
           fun: 104.5250062645537
             x: [ 2.128e+00  1.013e+00  4.845e-01  1.270e+00]
           nit: 81
          nfev: 144
 final_simplex: (array([[ 2.128e+00,  1.013e+00,  4.845e-01,  1.270e+00],
                       [ 2.128e+00,  1.013e+00,  4.844e-01,  1.270e+00],
                       ...,
                       [ 2.128e+00,  1.013e+00,  4.844e-01,  1.270e+00],
                       [ 2.128e+00,  1.013e+00,  4.844e-01,  1.270e+00]]), array([ 1.045e+02,  1.045e+02,  1.045e+02,  1.045e+02,
                        1.045e+02]))
   param_names: ['d', 'e', 'f', 'g']
[2.12836458 1.01277688 0.48445203 1.26976799]
{'d': 2.1283645758403305, 'e': 1.0127768763146738, 'f': 0.484452034757766, 'g': 1.2697679920779024}
Previous:  {'d': 2.108467583585562, 'e': 1.01199635412364, 'f': 0.4942974349096866, 'g': 1.2650802978740283}


##############################


asserting exponential supression start at lower masses
prev {'d': 2.1283645758403305, 'e': 1.0127768763146738, 'f': 0.484452034757766, 'g': 1.2697679920779024}
Starting ML Fit
Box9_1400
       message: Optimization terminated successfully.
       success: True
        status: 0
           fun: 97.02944981432569
             x: [ 2.161e+00  1.013e+00  4.752e-01  1.274e+00]
           nit: 91
          nfev: 160
 final_simplex: (array([[ 2.161e+00,  1.013e+00,  4.752e-01,  1.274e+00],
                       [ 2.161e+00,  1.013e+00,  4.752e-01,  1.274e+00],
                       ...,
                       [ 2.161e+00,  1.013e+00,  4.752e-01,  1.274e+00],
                       [ 2.161e+00,  1.013e+00,  4.752e-01,  1.274e+00]]), array([ 9.703e+01,  9.703e+01,  9.703e+01,  9.703e+01,
                        9.703e+01]))
   param_names: ['d', 'e', 'f', 'g']
[2.16139449 1.01327364 0.47518802 1.273947  ]
{'d': 2.161394494672125, 'e': 1.0132736429212934, 'f': 0.475188016989628, 'g': 1.2739469962959884}
Previous:  {'d': 2.1283645758403305, 'e': 1.0127768763146738, 'f': 0.484452034757766, 'g': 1.2697679920779024}


##############################


asserting exponential supression start at lower masses
prev {'d': 2.161394494672125, 'e': 1.0132736429212934, 'f': 0.475188016989628, 'g': 1.2739469962959884}
Starting ML Fit
Box9_1400
       message: Optimization terminated successfully.
       success: True
        status: 0
           fun: 96.4944257262747
             x: [ 2.177e+00  1.014e+00  4.711e-01  1.277e+00]
           nit: 84
          nfev: 148
 final_simplex: (array([[ 2.177e+00,  1.014e+00,  4.711e-01,  1.277e+00],
                       [ 2.177e+00,  1.014e+00,  4.711e-01,  1.277e+00],
                       ...,
                       [ 2.177e+00,  1.014e+00,  4.711e-01,  1.277e+00],
                       [ 2.177e+00,  1.014e+00,  4.711e-01,  1.277e+00]]), array([ 9.649e+01,  9.649e+01,  9.649e+01,  9.649e+01,
                        9.649e+01]))
   param_names: ['d', 'e', 'f', 'g']
[2.17721673 1.01443489 0.47112323 1.27729807]
{'d': 2.1772167338279496, 'e': 1.0144348946989739, 'f': 0.47112322558821507, 'g': 1.2772980717713525}
Previous:  {'d': 2.161394494672125, 'e': 1.0132736429212934, 'f': 0.475188016989628, 'g': 1.2739469962959884}


##############################


asserting exponential supression start at lower masses
prev {'d': 2.1772167338279496, 'e': 1.0144348946989739, 'f': 0.47112322558821507, 'g': 1.2772980717713525}
Starting ML Fit
Box9_1400
       message: Optimization terminated successfully.
       success: True
        status: 0
           fun: 88.3361998020956
             x: [ 2.196e+00  1.015e+00  4.674e-01  1.281e+00]
           nit: 93
          nfev: 169
 final_simplex: (array([[ 2.196e+00,  1.015e+00,  4.674e-01,  1.281e+00],
                       [ 2.197e+00,  1.015e+00,  4.674e-01,  1.281e+00],
                       ...,
                       [ 2.196e+00,  1.015e+00,  4.674e-01,  1.281e+00],
                       [ 2.196e+00,  1.015e+00,  4.674e-01,  1.281e+00]]), array([ 8.834e+01,  8.834e+01,  8.834e+01,  8.834e+01,
                        8.834e+01]))
   param_names: ['d', 'e', 'f', 'g']
[2.19645185 1.01512279 0.46738611 1.28067342]
{'d': 2.196451850974343, 'e': 1.015122790833515, 'f': 0.46738611045700773, 'g': 1.28067342283231}
Previous:  {'d': 2.1772167338279496, 'e': 1.0144348946989739, 'f': 0.47112322558821507, 'g': 1.2772980717713525}


##############################


asserting exponential supression start at lower masses
prev {'d': 2.196451850974343, 'e': 1.015122790833515, 'f': 0.46738611045700773, 'g': 1.28067342283231}
Starting ML Fit
Box9_1400
       message: Optimization terminated successfully.
       success: True
        status: 0
           fun: 89.8649640162516
             x: [ 2.225e+00  1.016e+00  4.635e-01  1.284e+00]
           nit: 81
          nfev: 149
 final_simplex: (array([[ 2.225e+00,  1.016e+00,  4.635e-01,  1.284e+00],
                       [ 2.225e+00,  1.016e+00,  4.635e-01,  1.284e+00],
                       ...,
                       [ 2.225e+00,  1.016e+00,  4.635e-01,  1.284e+00],
                       [ 2.225e+00,  1.016e+00,  4.635e-01,  1.284e+00]]), array([ 8.986e+01,  8.986e+01,  8.986e+01,  8.986e+01,
                        8.986e+01]))
   param_names: ['d', 'e', 'f', 'g']
[2.22523097 1.01609791 0.46346011 1.28397995]
{'d': 2.2252309671153063, 'e': 1.0160979062444688, 'f': 0.4634601071498169, 'g': 1.2839799518076367}
Previous:  {'d': 2.196451850974343, 'e': 1.015122790833515, 'f': 0.46738611045700773, 'g': 1.28067342283231}


##############################


asserting exponential supression start at lower masses
prev {'d': 2.2252309671153063, 'e': 1.0160979062444688, 'f': 0.4634601071498169, 'g': 1.2839799518076367}
Starting ML Fit
Box9_1400
       message: Optimization terminated successfully.
       success: True
        status: 0
           fun: 92.1878775972616
             x: [ 2.249e+00  1.017e+00  4.594e-01  1.286e+00]
           nit: 68
          nfev: 123
 final_simplex: (array([[ 2.249e+00,  1.017e+00,  4.594e-01,  1.286e+00],
                       [ 2.249e+00,  1.017e+00,  4.594e-01,  1.286e+00],
                       ...,
                       [ 2.249e+00,  1.017e+00,  4.594e-01,  1.286e+00],
                       [ 2.249e+00,  1.017e+00,  4.594e-01,  1.286e+00]]), array([ 9.219e+01,  9.219e+01,  9.219e+01,  9.219e+01,
                        9.219e+01]))
   param_names: ['d', 'e', 'f', 'g']
[2.2488147  1.01660419 0.45938058 1.28622519]
{'d': 2.248814702798385, 'e': 1.0166041862723674, 'f': 0.459380579209893, 'g': 1.2862251943767886}
Previous:  {'d': 2.2252309671153063, 'e': 1.0160979062444688, 'f': 0.4634601071498169, 'g': 1.2839799518076367}


##############################


asserting exponential supression start at lower masses
prev {'d': 2.248814702798385, 'e': 1.0166041862723674, 'f': 0.459380579209893, 'g': 1.2862251943767886}
Starting ML Fit
Box9_1400
       message: Optimization terminated successfully.
       success: True
        status: 0
           fun: 91.95948864125478
             x: [ 2.271e+00  1.017e+00  4.553e-01  1.288e+00]
           nit: 76
          nfev: 138
 final_simplex: (array([[ 2.271e+00,  1.017e+00,  4.553e-01,  1.288e+00],
                       [ 2.271e+00,  1.017e+00,  4.553e-01,  1.288e+00],
                       ...,
                       [ 2.271e+00,  1.017e+00,  4.553e-01,  1.288e+00],
                       [ 2.271e+00,  1.017e+00,  4.553e-01,  1.288e+00]]), array([ 9.196e+01,  9.196e+01,  9.196e+01,  9.196e+01,
                        9.196e+01]))
   param_names: ['d', 'e', 'f', 'g']
[2.27137965 1.01717296 0.45531449 1.28838003]
{'d': 2.271379649543025, 'e': 1.0171729636390885, 'f': 0.45531448946672826, 'g': 1.2883800341698823}
Previous:  {'d': 2.248814702798385, 'e': 1.0166041862723674, 'f': 0.459380579209893, 'g': 1.2862251943767886}


##############################


asserting exponential supression start at lower masses
prev {'d': 2.271379649543025, 'e': 1.0171729636390885, 'f': 0.45531448946672826, 'g': 1.2883800341698823}
Starting ML Fit
Box9_1400
       message: Optimization terminated successfully.
       success: True
        status: 0
           fun: 83.66369107559098
             x: [ 2.284e+00  1.017e+00  4.517e-01  1.289e+00]
           nit: 78
          nfev: 145
 final_simplex: (array([[ 2.284e+00,  1.017e+00,  4.517e-01,  1.289e+00],
                       [ 2.284e+00,  1.017e+00,  4.517e-01,  1.289e+00],
                       ...,
                       [ 2.284e+00,  1.017e+00,  4.517e-01,  1.289e+00],
                       [ 2.284e+00,  1.017e+00,  4.517e-01,  1.289e+00]]), array([ 8.366e+01,  8.366e+01,  8.366e+01,  8.366e+01,
                        8.366e+01]))
   param_names: ['d', 'e', 'f', 'g']
[2.28407712 1.01685742 0.45167867 1.28879922]
{'d': 2.284077120415382, 'e': 1.0168574213904866, 'f': 0.451678674440247, 'g': 1.2887992214695354}
Previous:  {'d': 2.271379649543025, 'e': 1.0171729636390885, 'f': 0.45531448946672826, 'g': 1.2883800341698823}


##############################


asserting exponential supression start at lower masses
prev {'d': 2.284077120415382, 'e': 1.0168574213904866, 'f': 0.451678674440247, 'g': 1.2887992214695354}
Starting ML Fit
Box9_1400
       message: Optimization terminated successfully.
       success: True
        status: 0
           fun: 69.1076534600349
             x: [ 2.330e+00  1.012e+00  4.398e-01  1.289e+00]
           nit: 114
          nfev: 206
 final_simplex: (array([[ 2.330e+00,  1.012e+00,  4.398e-01,  1.289e+00],
                       [ 2.330e+00,  1.012e+00,  4.398e-01,  1.289e+00],
                       ...,
                       [ 2.330e+00,  1.012e+00,  4.398e-01,  1.289e+00],
                       [ 2.330e+00,  1.012e+00,  4.399e-01,  1.289e+00]]), array([ 6.911e+01,  6.911e+01,  6.911e+01,  6.911e+01,
                        6.911e+01]))
   param_names: ['d', 'e', 'f', 'g']
[2.33030993 1.01208428 0.43983575 1.28879923]
{'d': 2.3303099265200853, 'e': 1.0120842830360839, 'f': 0.4398357516539528, 'g': 1.2887992298419935}
Previous:  {'d': 2.284077120415382, 'e': 1.0168574213904866, 'f': 0.451678674440247, 'g': 1.2887992214695354}


##############################


asserting exponential supression start at lower masses
prev {'d': 2.3303099265200853, 'e': 1.0120842830360839, 'f': 0.4398357516539528, 'g': 1.2887992298419935}
Starting ML Fit
Box9_1400
       message: Optimization terminated successfully.
       success: True
        status: 0
           fun: 73.3796393457388
             x: [ 2.399e+00  1.009e+00  4.291e-01  1.289e+00]
           nit: 121
          nfev: 211
 final_simplex: (array([[ 2.399e+00,  1.009e+00,  4.291e-01,  1.289e+00],
                       [ 2.399e+00,  1.009e+00,  4.291e-01,  1.289e+00],
                       ...,
                       [ 2.399e+00,  1.009e+00,  4.291e-01,  1.289e+00],
                       [ 2.399e+00,  1.009e+00,  4.291e-01,  1.289e+00]]), array([ 7.338e+01,  7.338e+01,  7.338e+01,  7.338e+01,
                        7.338e+01]))
   param_names: ['d', 'e', 'f', 'g']
[2.39861889 1.0085514  0.42907412 1.28879994]
{'d': 2.3986188888343745, 'e': 1.008551395211743, 'f': 0.4290741243105088, 'g': 1.2887999430855175}
Previous:  {'d': 2.3303099265200853, 'e': 1.0120842830360839, 'f': 0.4398357516539528, 'g': 1.2887992298419935}


##############################


asserting exponential supression start at lower masses
prev {'d': 2.3986188888343745, 'e': 1.008551395211743, 'f': 0.4290741243105088, 'g': 1.2887999430855175}
Starting ML Fit
Box9_1400
       message: Optimization terminated successfully.
       success: True
        status: 0
           fun: 44.84084677210765
             x: [ 2.446e+00  1.004e+00  4.171e-01  1.289e+00]
           nit: 90
          nfev: 160
 final_simplex: (array([[ 2.446e+00,  1.004e+00,  4.171e-01,  1.289e+00],
                       [ 2.446e+00,  1.004e+00,  4.171e-01,  1.289e+00],
                       ...,
                       [ 2.446e+00,  1.004e+00,  4.171e-01,  1.289e+00],
                       [ 2.446e+00,  1.004e+00,  4.171e-01,  1.289e+00]]), array([ 4.484e+01,  4.484e+01,  4.484e+01,  4.484e+01,
                        4.484e+01]))
   param_names: ['d', 'e', 'f', 'g']
[2.44566585 1.00351239 0.41714963 1.28880005]
{'d': 2.445665852418333, 'e': 1.0035123949771059, 'f': 0.4171496282666247, 'g': 1.288800050170702}
Previous:  {'d': 2.3986188888343745, 'e': 1.008551395211743, 'f': 0.4290741243105088, 'g': 1.2887999430855175}


