Curr: Box96_1400, Prev: Box27_1400
alist [1.0, 0.953321, 0.866399, 0.787402, 0.715608, 0.65036, 0.620002, 0.591061, 0.563471, 0.537169, 0.512095, 0.488191, 0.403224, 0.366459, 0.302679]
python -u fit_individ_iter.py Box96_1400 1.000000 Box27_1400 1.000000
prev {'d': 0.4492123498350852, 'e': 0.31137770564871425, 'f': 1.6542444449349372, 'g': 1.221022292518967}
Starting ML Fit
Box96_1400
       message: Optimization terminated successfully.
       success: True
        status: 0
           fun: 124.29256523119454
             x: [ 4.411e-01  3.144e-01  1.651e+00  1.221e+00]
           nit: 69
          nfev: 126
 final_simplex: (array([[ 4.411e-01,  3.144e-01,  1.651e+00,  1.221e+00],
                       [ 4.411e-01,  3.144e-01,  1.651e+00,  1.221e+00],
                       ...,
                       [ 4.411e-01,  3.143e-01,  1.651e+00,  1.221e+00],
                       [ 4.411e-01,  3.144e-01,  1.651e+00,  1.221e+00]]), array([ 1.243e+02,  1.243e+02,  1.243e+02,  1.243e+02,
                        1.243e+02]))
   param_names: ['d', 'e', 'f', 'g']
[0.44113235 0.314379   1.650813   1.22137092]
{'d': 0.44113234919011585, 'e': 0.3143789980401615, 'f': 1.6508130012200333, 'g': 1.2213709204400423}
Previous:  {'d': 0.4492123498350852, 'e': 0.31137770564871425, 'f': 1.6542444449349372, 'g': 1.221022292518967}
python -u fit_individ_iter.py Box96_1400 0.953321 Box96_1400 1.000000
prev {'d': 0.44113234919011585, 'e': 0.3143789980401615, 'f': 1.6508130012200333, 'g': 1.2213709204400423}
Starting ML Fit
Box96_1400
       message: Optimization terminated successfully.
       success: True
        status: 0
           fun: 113.72474307769997
             x: [ 4.363e-01  3.168e-01  1.648e+00  1.216e+00]
           nit: 64
          nfev: 116
 final_simplex: (array([[ 4.363e-01,  3.168e-01,  1.648e+00,  1.216e+00],
                       [ 4.363e-01,  3.168e-01,  1.648e+00,  1.216e+00],
                       ...,
                       [ 4.363e-01,  3.168e-01,  1.648e+00,  1.216e+00],
                       [ 4.363e-01,  3.167e-01,  1.648e+00,  1.216e+00]]), array([ 1.137e+02,  1.137e+02,  1.137e+02,  1.137e+02,
                        1.137e+02]))
   param_names: ['d', 'e', 'f', 'g']
[0.43633444 0.31677509 1.64803708 1.21608081]
{'d': 0.43633443627748764, 'e': 0.3167750913490125, 'f': 1.6480370765934196, 'g': 1.2160808149303062}
Previous:  {'d': 0.44113234919011585, 'e': 0.3143789980401615, 'f': 1.6508130012200333, 'g': 1.2213709204400423}
python -u fit_individ_iter.py Box96_1400 0.866399 Box96_1400 0.953321
prev {'d': 0.43633443627748764, 'e': 0.3167750913490125, 'f': 1.6480370765934196, 'g': 1.2160808149303062}
Starting ML Fit
Box96_1400
       message: Optimization terminated successfully.
       success: True
        status: 0
           fun: 116.98868386827041
             x: [ 4.276e-01  3.194e-01  1.645e+00  1.214e+00]
           nit: 80
          nfev: 139
 final_simplex: (array([[ 4.276e-01,  3.194e-01,  1.645e+00,  1.214e+00],
                       [ 4.276e-01,  3.193e-01,  1.645e+00,  1.214e+00],
                       ...,
                       [ 4.275e-01,  3.193e-01,  1.645e+00,  1.214e+00],
                       [ 4.276e-01,  3.194e-01,  1.645e+00,  1.214e+00]]), array([ 1.170e+02,  1.170e+02,  1.170e+02,  1.170e+02,
                        1.170e+02]))
   param_names: ['d', 'e', 'f', 'g']
[0.42756699 0.31935942 1.64512802 1.21354658]
{'d': 0.4275669861089726, 'e': 0.31935941918223243, 'f': 1.6451280249756017, 'g': 1.213546583452659}
Previous:  {'d': 0.43633443627748764, 'e': 0.3167750913490125, 'f': 1.6480370765934196, 'g': 1.2160808149303062}
python -u fit_individ_iter.py Box96_1400 0.787402 Box96_1400 0.866399
prev {'d': 0.4275669861089726, 'e': 0.31935941918223243, 'f': 1.6451280249756017, 'g': 1.213546583452659}
Starting ML Fit
Box96_1400
       message: Optimization terminated successfully.
       success: True
        status: 0
           fun: 108.66438308747973
             x: [ 4.182e-01  3.204e-01  1.644e+00  1.207e+00]
           nit: 85
          nfev: 148
 final_simplex: (array([[ 4.182e-01,  3.204e-01,  1.644e+00,  1.207e+00],
                       [ 4.182e-01,  3.205e-01,  1.644e+00,  1.207e+00],
                       ...,
                       [ 4.182e-01,  3.204e-01,  1.644e+00,  1.207e+00],
                       [ 4.182e-01,  3.205e-01,  1.644e+00,  1.207e+00]]), array([ 1.087e+02,  1.087e+02,  1.087e+02,  1.087e+02,
                        1.087e+02]))
   param_names: ['d', 'e', 'f', 'g']
[0.41821235 0.32040225 1.64382485 1.20663671]
{'d': 0.4182123504661542, 'e': 0.3204022468499536, 'f': 1.6438248506946094, 'g': 1.2066367117651655}
Previous:  {'d': 0.4275669861089726, 'e': 0.31935941918223243, 'f': 1.6451280249756017, 'g': 1.213546583452659}
python -u fit_individ_iter.py Box96_1400 0.715608 Box96_1400 0.787402
prev {'d': 0.4182123504661542, 'e': 0.3204022468499536, 'f': 1.6438248506946094, 'g': 1.2066367117651655}
Starting ML Fit
Box96_1400
       message: Optimization terminated successfully.
       success: True
        status: 0
           fun: 101.83294326396536
             x: [ 4.094e-01  3.206e-01  1.644e+00  1.200e+00]
           nit: 63
          nfev: 114
 final_simplex: (array([[ 4.094e-01,  3.206e-01,  1.644e+00,  1.200e+00],
                       [ 4.094e-01,  3.207e-01,  1.644e+00,  1.200e+00],
                       ...,
                       [ 4.094e-01,  3.207e-01,  1.644e+00,  1.200e+00],
                       [ 4.094e-01,  3.206e-01,  1.644e+00,  1.200e+00]]), array([ 1.018e+02,  1.018e+02,  1.018e+02,  1.018e+02,
                        1.018e+02]))
   param_names: ['d', 'e', 'f', 'g']
[0.40938405 0.32063224 1.6436922  1.20036053]
{'d': 0.40938405225351593, 'e': 0.32063223569782195, 'f': 1.643692204982136, 'g': 1.2003605333206515}
Previous:  {'d': 0.4182123504661542, 'e': 0.3204022468499536, 'f': 1.6438248506946094, 'g': 1.2066367117651655}
python -u fit_individ_iter.py Box96_1400 0.650360 Box96_1400 0.715608
prev {'d': 0.40938405225351593, 'e': 0.32063223569782195, 'f': 1.643692204982136, 'g': 1.2003605333206515}
Starting ML Fit
Box96_1400
       message: Optimization terminated successfully.
       success: True
        status: 0
           fun: 96.42727937263155
             x: [ 4.018e-01  3.214e-01  1.643e+00  1.197e+00]
           nit: 83
          nfev: 148
 final_simplex: (array([[ 4.018e-01,  3.214e-01,  1.643e+00,  1.197e+00],
                       [ 4.018e-01,  3.214e-01,  1.643e+00,  1.197e+00],
                       ...,
                       [ 4.018e-01,  3.215e-01,  1.643e+00,  1.197e+00],
                       [ 4.018e-01,  3.214e-01,  1.643e+00,  1.197e+00]]), array([ 9.643e+01,  9.643e+01,  9.643e+01,  9.643e+01,
                        9.643e+01]))
   param_names: ['d', 'e', 'f', 'g']
[0.40184237 0.32140519 1.64265165 1.19707347]
{'d': 0.4018423652117623, 'e': 0.32140518889670777, 'f': 1.64265164608989, 'g': 1.1970734725988779}
Previous:  {'d': 0.40938405225351593, 'e': 0.32063223569782195, 'f': 1.643692204982136, 'g': 1.2003605333206515}
python -u fit_individ_iter.py Box96_1400 0.620002 Box96_1400 0.650360
prev {'d': 0.4018423652117623, 'e': 0.32140518889670777, 'f': 1.64265164608989, 'g': 1.1970734725988779}
Starting ML Fit
Box96_1400
       message: Optimization terminated successfully.
       success: True
        status: 0
           fun: 92.60990665924834
             x: [ 3.980e-01  3.217e-01  1.642e+00  1.194e+00]
           nit: 63
          nfev: 114
 final_simplex: (array([[ 3.980e-01,  3.217e-01,  1.642e+00,  1.194e+00],
                       [ 3.980e-01,  3.218e-01,  1.642e+00,  1.194e+00],
                       ...,
                       [ 3.980e-01,  3.218e-01,  1.642e+00,  1.194e+00],
                       [ 3.980e-01,  3.218e-01,  1.642e+00,  1.194e+00]]), array([ 9.261e+01,  9.261e+01,  9.261e+01,  9.261e+01,
                        9.261e+01]))
   param_names: ['d', 'e', 'f', 'g']
[0.39798626 0.32172855 1.64221134 1.1942995 ]
{'d': 0.39798625764127005, 'e': 0.3217285478513752, 'f': 1.6422113356638197, 'g': 1.1942994992734723}
Previous:  {'d': 0.4018423652117623, 'e': 0.32140518889670777, 'f': 1.64265164608989, 'g': 1.1970734725988779}
python -u fit_individ_iter.py Box96_1400 0.591061 Box96_1400 0.620002
prev {'d': 0.39798625764127005, 'e': 0.3217285478513752, 'f': 1.6422113356638197, 'g': 1.1942994992734723}
Starting ML Fit
Box96_1400
       message: Optimization terminated successfully.
       success: True
        status: 0
           fun: 88.84439631118047
             x: [ 3.949e-01  3.222e-01  1.642e+00  1.193e+00]
           nit: 56
          nfev: 106
 final_simplex: (array([[ 3.949e-01,  3.222e-01,  1.642e+00,  1.193e+00],
                       [ 3.949e-01,  3.221e-01,  1.642e+00,  1.193e+00],
                       ...,
                       [ 3.949e-01,  3.222e-01,  1.642e+00,  1.193e+00],
                       [ 3.949e-01,  3.222e-01,  1.642e+00,  1.193e+00]]), array([ 8.884e+01,  8.884e+01,  8.884e+01,  8.884e+01,
                        8.884e+01]))
   param_names: ['d', 'e', 'f', 'g']
[0.39490374 0.32217207 1.64155647 1.19344309]
{'d': 0.39490373682483776, 'e': 0.3221720731527258, 'f': 1.6415564741621615, 'g': 1.193443089570267}
Previous:  {'d': 0.39798625764127005, 'e': 0.3217285478513752, 'f': 1.6422113356638197, 'g': 1.1942994992734723}
python -u fit_individ_iter.py Box96_1400 0.563471 Box96_1400 0.591061
prev {'d': 0.39490373682483776, 'e': 0.3221720731527258, 'f': 1.6415564741621615, 'g': 1.193443089570267}
Starting ML Fit
Box96_1400
       message: Optimization terminated successfully.
       success: True
        status: 0
           fun: 88.13609417841144
             x: [ 3.923e-01  3.227e-01  1.641e+00  1.193e+00]
           nit: 54
          nfev: 102
 final_simplex: (array([[ 3.923e-01,  3.227e-01,  1.641e+00,  1.193e+00],
                       [ 3.923e-01,  3.228e-01,  1.641e+00,  1.193e+00],
                       ...,
                       [ 3.923e-01,  3.228e-01,  1.641e+00,  1.193e+00],
                       [ 3.923e-01,  3.228e-01,  1.641e+00,  1.193e+00]]), array([ 8.814e+01,  8.814e+01,  8.814e+01,  8.814e+01,
                        8.814e+01]))
   param_names: ['d', 'e', 'f', 'g']
[0.3922789  0.32273478 1.64067816 1.19311188]
{'d': 0.39227890418688316, 'e': 0.3227347793529617, 'f': 1.6406781647314628, 'g': 1.1931118766085336}
Previous:  {'d': 0.39490373682483776, 'e': 0.3221720731527258, 'f': 1.6415564741621615, 'g': 1.193443089570267}
python -u fit_individ_iter.py Box96_1400 0.537169 Box96_1400 0.563471
prev {'d': 0.39227890418688316, 'e': 0.3227347793529617, 'f': 1.6406781647314628, 'g': 1.1931118766085336}
Starting ML Fit
Box96_1400
       message: Optimization terminated successfully.
       success: True
        status: 0
           fun: 81.19638372866467
             x: [ 3.888e-01  3.232e-01  1.640e+00  1.191e+00]
           nit: 59
          nfev: 107
 final_simplex: (array([[ 3.888e-01,  3.232e-01,  1.640e+00,  1.191e+00],
                       [ 3.888e-01,  3.231e-01,  1.640e+00,  1.192e+00],
                       ...,
                       [ 3.888e-01,  3.232e-01,  1.640e+00,  1.191e+00],
                       [ 3.888e-01,  3.233e-01,  1.640e+00,  1.191e+00]]), array([ 8.120e+01,  8.120e+01,  8.120e+01,  8.120e+01,
                        8.120e+01]))
   param_names: ['d', 'e', 'f', 'g']
[0.38879578 0.32320645 1.63998894 1.1914813 ]
{'d': 0.3887957842019113, 'e': 0.3232064451542882, 'f': 1.6399889386857525, 'g': 1.1914812973478752}
Previous:  {'d': 0.39227890418688316, 'e': 0.3227347793529617, 'f': 1.6406781647314628, 'g': 1.1931118766085336}
python -u fit_individ_iter.py Box96_1400 0.512095 Box96_1400 0.537169
prev {'d': 0.3887957842019113, 'e': 0.3232064451542882, 'f': 1.6399889386857525, 'g': 1.1914812973478752}
Starting ML Fit
Box96_1400
       message: Optimization terminated successfully.
       success: True
        status: 0
           fun: 75.2272691889903
             x: [ 3.864e-01  3.236e-01  1.639e+00  1.191e+00]
           nit: 56
          nfev: 106
 final_simplex: (array([[ 3.864e-01,  3.236e-01,  1.639e+00,  1.191e+00],
                       [ 3.864e-01,  3.237e-01,  1.639e+00,  1.191e+00],
                       ...,
                       [ 3.864e-01,  3.237e-01,  1.639e+00,  1.191e+00],
                       [ 3.864e-01,  3.236e-01,  1.639e+00,  1.191e+00]]), array([ 7.523e+01,  7.523e+01,  7.523e+01,  7.523e+01,
                        7.523e+01]))
   param_names: ['d', 'e', 'f', 'g']
[0.38642991 0.32364    1.63924284 1.19132761]
{'d': 0.3864299136177752, 'e': 0.3236400021612982, 'f': 1.6392428432386859, 'g': 1.191327611061886}
Previous:  {'d': 0.3887957842019113, 'e': 0.3232064451542882, 'f': 1.6399889386857525, 'g': 1.1914812973478752}
python -u fit_individ_iter.py Box96_1400 0.488191 Box96_1400 0.512095
prev {'d': 0.3864299136177752, 'e': 0.3236400021612982, 'f': 1.6392428432386859, 'g': 1.191327611061886}
Starting ML Fit
Box96_1400
       message: Optimization terminated successfully.
       success: True
        status: 0
           fun: 75.56208552659498
             x: [ 3.826e-01  3.237e-01  1.639e+00  1.188e+00]
           nit: 55
          nfev: 101
 final_simplex: (array([[ 3.826e-01,  3.237e-01,  1.639e+00,  1.188e+00],
                       [ 3.826e-01,  3.236e-01,  1.639e+00,  1.188e+00],
                       ...,
                       [ 3.826e-01,  3.237e-01,  1.639e+00,  1.188e+00],
                       [ 3.826e-01,  3.237e-01,  1.639e+00,  1.188e+00]]), array([ 7.556e+01,  7.556e+01,  7.556e+01,  7.556e+01,
                        7.556e+01]))
   param_names: ['d', 'e', 'f', 'g']
[0.3825781  0.32368766 1.63918638 1.18837283]
{'d': 0.3825780994412985, 'e': 0.3236876611055275, 'f': 1.6391863829486528, 'g': 1.1883728273896297}
Previous:  {'d': 0.3864299136177752, 'e': 0.3236400021612982, 'f': 1.6392428432386859, 'g': 1.191327611061886}
python -u fit_individ_iter.py Box96_1400 0.403224 Box96_1400 0.488191
prev {'d': 0.3825780994412985, 'e': 0.3236876611055275, 'f': 1.6391863829486528, 'g': 1.1883728273896297}
Starting ML Fit
Box96_1400
       message: Optimization terminated successfully.
       success: True
        status: 0
           fun: 78.6688575937256
             x: [ 3.727e-01  3.234e-01  1.640e+00  1.185e+00]
           nit: 89
          nfev: 158
 final_simplex: (array([[ 3.727e-01,  3.234e-01,  1.640e+00,  1.185e+00],
                       [ 3.727e-01,  3.235e-01,  1.640e+00,  1.185e+00],
                       ...,
                       [ 3.727e-01,  3.234e-01,  1.640e+00,  1.185e+00],
                       [ 3.727e-01,  3.233e-01,  1.640e+00,  1.185e+00]]), array([ 7.867e+01,  7.867e+01,  7.867e+01,  7.867e+01,
                        7.867e+01]))
   param_names: ['d', 'e', 'f', 'g']
[0.37268101 0.32342946 1.6398516  1.18480597]
{'d': 0.3726810137111932, 'e': 0.32342946353014923, 'f': 1.6398515976055514, 'g': 1.1848059659177492}
Previous:  {'d': 0.3825780994412985, 'e': 0.3236876611055275, 'f': 1.6391863829486528, 'g': 1.1883728273896297}
python -u fit_individ_iter.py Box96_1400 0.366459 Box96_1400 0.403224
prev {'d': 0.3726810137111932, 'e': 0.32342946353014923, 'f': 1.6398515976055514, 'g': 1.1848059659177492}
Starting ML Fit
Box96_1400
       message: Optimization terminated successfully.
       success: True
        status: 0
           fun: 62.89541743286593
             x: [ 3.689e-01  3.232e-01  1.640e+00  1.184e+00]
           nit: 72
          nfev: 129
 final_simplex: (array([[ 3.689e-01,  3.232e-01,  1.640e+00,  1.184e+00],
                       [ 3.689e-01,  3.231e-01,  1.640e+00,  1.184e+00],
                       ...,
                       [ 3.689e-01,  3.232e-01,  1.641e+00,  1.184e+00],
                       [ 3.689e-01,  3.231e-01,  1.641e+00,  1.184e+00]]), array([ 6.290e+01,  6.290e+01,  6.290e+01,  6.290e+01,
                        6.290e+01]))
   param_names: ['d', 'e', 'f', 'g']
[0.36888339 0.32319966 1.64044735 1.18388855]
{'d': 0.3688833925996663, 'e': 0.32319965918330873, 'f': 1.6404473541365534, 'g': 1.1838885451783172}
Previous:  {'d': 0.3726810137111932, 'e': 0.32342946353014923, 'f': 1.6398515976055514, 'g': 1.1848059659177492}
python -u fit_individ_iter.py Box96_1400 0.302679 Box96_1400 0.366459
prev {'d': 0.3688833925996663, 'e': 0.32319965918330873, 'f': 1.6404473541365534, 'g': 1.1838885451783172}
Starting ML Fit
Box96_1400
       message: Optimization terminated successfully.
       success: True
        status: 0
           fun: 42.40353841994518
             x: [ 3.757e-01  3.231e-01  1.641e+00  1.196e+00]
           nit: 68
          nfev: 120
 final_simplex: (array([[ 3.757e-01,  3.231e-01,  1.641e+00,  1.196e+00],
                       [ 3.758e-01,  3.232e-01,  1.641e+00,  1.196e+00],
                       ...,
                       [ 3.757e-01,  3.232e-01,  1.641e+00,  1.196e+00],
                       [ 3.757e-01,  3.230e-01,  1.641e+00,  1.196e+00]]), array([ 4.240e+01,  4.240e+01,  4.240e+01,  4.240e+01,
                        4.240e+01]))
   param_names: ['d', 'e', 'f', 'g']
[0.37574538 0.32310229 1.64065374 1.19617419]
{'d': 0.37574537747546644, 'e': 0.32310229357848885, 'f': 1.6406537441626647, 'g': 1.1961741903657996}
Previous:  {'d': 0.3688833925996663, 'e': 0.32319965918330873, 'f': 1.6404473541365534, 'g': 1.1838885451783172}
