##############################


[[0.01   0.     0.     0.     0.     0.     0.     0.    ]
 [0.     0.01   0.     0.     0.     0.     0.     0.    ]
 [0.     0.     0.001  0.     0.     0.     0.     0.    ]
 [0.     0.     0.     0.001  0.     0.     0.     0.    ]
 [0.     0.     0.     0.     0.0005 0.     0.     0.    ]
 [0.     0.     0.     0.     0.     0.0005 0.     0.    ]
 [0.     0.     0.     0.     0.     0.     0.0001 0.    ]
 [0.     0.     0.     0.     0.     0.     0.     0.0001]]
[0.302679, 0.366459, 0.403224, 0.488191, 0.512095, 0.537169, 0.563471, 0.591061, 0.620002, 0.65036, 0.715608, 0.787402, 0.866399, 0.953321, 1.0]
dict_keys([0.302679, 0.366459, 0.403224, 0.488191, 0.512095, 0.537169, 0.563471, 0.591061, 0.620002, 0.65036, 0.715608, 0.787402, 0.866399, 0.953321, 1.0])
prev {'d0': 1.9830221893332425, 'd1': 0.011485696265230482, 'e0': 1.1091780025166749, 'e1': -0.08368932845995322, 'f0': 0.4222787520947222, 'f1': 0.20536917435189417, 'g0': 1.2340783385081415, 'g1': 0.03861638257031558}
Starting ML Fit
Box_n50_26_1400
       message: Optimization terminated successfully.
       success: True
        status: 0
           fun: 1782.0229041075238
             x: [ 1.997e+00  1.192e-02  1.079e+00 -8.065e-02  4.374e-01
                  2.270e-01  1.231e+00  3.628e-02]
           nit: 556
          nfev: 840
 final_simplex: (array([[ 1.997e+00,  1.192e-02, ...,  1.231e+00,
                         3.628e-02],
                       [ 1.997e+00,  1.192e-02, ...,  1.231e+00,
                         3.625e-02],
                       ...,
                       [ 1.997e+00,  1.192e-02, ...,  1.231e+00,
                         3.626e-02],
                       [ 1.997e+00,  1.192e-02, ...,  1.231e+00,
                         3.625e-02]]), array([ 1.782e+03,  1.782e+03,  1.782e+03,  1.782e+03,
                        1.782e+03,  1.782e+03,  1.782e+03,  1.782e+03,
                        1.782e+03]))
   param_names: ['d0', 'd1', 'e0', 'e1', 'f0', 'f1', 'g0', 'g1']
[ 1.99667175  0.01192169  1.07856145 -0.08065224  0.43735771  0.2270333
  1.2312681   0.03627923]
{'d0': 1.996671752595663, 'd1': 0.01192169332940742, 'e0': 1.0785614500178613, 'e1': -0.08065223598607084, 'f0': 0.4373577091974492, 'f1': 0.2270333049451477, 'g0': 1.2312680986232394, 'g1': 0.03627922701151084}
-------------------
{'d0': 1.996671752595663, 'd1': 0.01192169332940742, 'e0': 1.0785614500178613, 'e1': -0.08065223598607084, 'f0': 0.4373577091974492, 'f1': 0.2270333049451477, 'g0': 1.2312680986232394, 'g1': 0.03627922701151084}
Previous:  {'d0': 1.9830221893332425, 'd1': 0.011485696265230482, 'e0': 1.1091780025166749, 'e1': -0.08368932845995322, 'f0': 0.4222787520947222, 'f1': 0.20536917435189417, 'g0': 1.2340783385081415, 'g1': 0.03861638257031558}
-------------------
