##############################


[0.302679, 0.366459, 0.403224, 0.488191, 0.512095, 0.537169, 0.563471, 0.591061, 0.620002, 0.65036, 0.715608, 0.787402, 0.866399, 0.953321, 1.0]
dict_keys([0.302679, 0.366459, 0.403224, 0.488191, 0.512095, 0.537169, 0.563471, 0.591061, 0.620002, 0.65036, 0.715608, 0.787402, 0.866399, 0.953321, 1.0])
prev {'d0': 1.9837480597731645, 'd1': -0.33711874525369967, 'e0': 1.1599195503531512, 'e1': 0.0010356194344154188, 'f0': 0.3901208623544959, 'f1': 0.15972368649153218, 'g0': 1.2337298230069234, 'g1': -5.095605256929271e-08}
Starting ML Fit
Box43_1400
       message: Optimization terminated successfully.
       success: True
        status: 0
           fun: 1964.4636124917938
             x: [ 1.893e+00 -2.711e-01  1.063e+00  1.251e-03  4.252e-01
                  1.530e-01  1.210e+00 -4.062e-08]
           nit: 411
          nfev: 628
 final_simplex: (array([[ 1.893e+00, -2.711e-01, ...,  1.210e+00,
                        -4.062e-08],
                       [ 1.893e+00, -2.711e-01, ...,  1.210e+00,
                        -4.062e-08],
                       ...,
                       [ 1.893e+00, -2.711e-01, ...,  1.210e+00,
                        -4.062e-08],
                       [ 1.893e+00, -2.711e-01, ...,  1.210e+00,
                        -4.061e-08]]), array([ 1.964e+03,  1.964e+03,  1.964e+03,  1.964e+03,
                        1.964e+03,  1.964e+03,  1.964e+03,  1.964e+03,
                        1.964e+03]))
   param_names: ['d0', 'd1', 'e0', 'e1', 'f0', 'f1', 'g0', 'g1']
[ 1.89334943e+00 -2.71137658e-01  1.06314061e+00  1.25096614e-03
  4.25214295e-01  1.52991990e-01  1.21020514e+00 -4.06204520e-08]
{'d0': 1.8933494339542416, 'd1': -0.2711376581708682, 'e0': 1.0631406102900858, 'e1': 0.0012509661359230559, 'f0': 0.4252142951453518, 'f1': 0.15299198991931712, 'g0': 1.2102051376946106, 'g1': -4.0620452009834967e-08}
-------------------
{'d0': 1.8933494339542416, 'd1': -0.2711376581708682, 'e0': 1.0631406102900858, 'e1': 0.0012509661359230559, 'f0': 0.4252142951453518, 'f1': 0.15299198991931712, 'g0': 1.2102051376946106, 'g1': -4.0620452009834967e-08}
Previous:  {'d0': 1.9837480597731645, 'd1': -0.33711874525369967, 'e0': 1.1599195503531512, 'e1': 0.0010356194344154188, 'f0': 0.3901208623544959, 'f1': 0.15972368649153218, 'g0': 1.2337298230069234, 'g1': -5.095605256929271e-08}
-------------------
