alist [1.0, 0.953321, 0.866399, 0.787402, 0.715608, 0.65036, 0.620002, 0.591061, 0.563471, 0.537169, 0.512095, 0.488191, 0.403224, 0.366459, 0.302679]
Curr: Box_n50_34_1400, Prev: Box_n50_4_1400
##############################


prev {'d': 2.099334179626334, 'e': 0.964916384781081, 'f': 0.5243289801830155, 'g': 1.2402465075968176}
Starting ML Fit
Box_n50_34_1400
       message: Optimization terminated successfully.
       success: True
        status: 0
           fun: 118.39760363268199
             x: [ 1.991e+00  1.033e+00  5.109e-01  1.248e+00]
           nit: 117
          nfev: 203
 final_simplex: (array([[ 1.991e+00,  1.033e+00,  5.109e-01,  1.248e+00],
                       [ 1.991e+00,  1.033e+00,  5.109e-01,  1.248e+00],
                       ...,
                       [ 1.991e+00,  1.033e+00,  5.109e-01,  1.248e+00],
                       [ 1.991e+00,  1.033e+00,  5.109e-01,  1.248e+00]]), array([ 1.184e+02,  1.184e+02,  1.184e+02,  1.184e+02,
                        1.184e+02]))
   param_names: ['d', 'e', 'f', 'g']
[1.99068085 1.03294389 0.51092311 1.24836769]
{'d': 1.9906808538016185, 'e': 1.0329438901633263, 'f': 0.5109231143007996, 'g': 1.2483676904717775}
Previous:  {'d': 2.099334179626334, 'e': 0.964916384781081, 'f': 0.5243289801830155, 'g': 1.2402465075968176}


##############################


asserting exponential supression start at lower masses
prev {'d': 1.9906808538016185, 'e': 1.0329438901633263, 'f': 0.5109231143007996, 'g': 1.2483676904717775}
Starting ML Fit
Box_n50_34_1400
       message: Optimization terminated successfully.
       success: True
        status: 0
           fun: 115.10506229715358
             x: [ 1.996e+00  1.045e+00  5.013e-01  1.253e+00]
           nit: 84
          nfev: 148
 final_simplex: (array([[ 1.996e+00,  1.045e+00,  5.013e-01,  1.253e+00],
                       [ 1.996e+00,  1.045e+00,  5.013e-01,  1.253e+00],
                       ...,
                       [ 1.996e+00,  1.045e+00,  5.013e-01,  1.253e+00],
                       [ 1.996e+00,  1.045e+00,  5.013e-01,  1.253e+00]]), array([ 1.151e+02,  1.151e+02,  1.151e+02,  1.151e+02,
                        1.151e+02]))
   param_names: ['d', 'e', 'f', 'g']
[1.99614528 1.04489115 0.50130741 1.2530412 ]
{'d': 1.9961452840123215, 'e': 1.0448911504568987, 'f': 0.501307408453981, 'g': 1.2530412035632579}
Previous:  {'d': 1.9906808538016185, 'e': 1.0329438901633263, 'f': 0.5109231143007996, 'g': 1.2483676904717775}


##############################


asserting exponential supression start at lower masses
prev {'d': 1.9961452840123215, 'e': 1.0448911504568987, 'f': 0.501307408453981, 'g': 1.2530412035632579}
Starting ML Fit
Box_n50_34_1400
       message: Optimization terminated successfully.
       success: True
        status: 0
           fun: 120.80299978803775
             x: [ 2.030e+00  1.036e+00  4.910e-01  1.258e+00]
           nit: 110
          nfev: 194
 final_simplex: (array([[ 2.030e+00,  1.036e+00,  4.910e-01,  1.258e+00],
                       [ 2.030e+00,  1.037e+00,  4.910e-01,  1.258e+00],
                       ...,
                       [ 2.030e+00,  1.037e+00,  4.909e-01,  1.258e+00],
                       [ 2.030e+00,  1.037e+00,  4.909e-01,  1.258e+00]]), array([ 1.208e+02,  1.208e+02,  1.208e+02,  1.208e+02,
                        1.208e+02]))
   param_names: ['d', 'e', 'f', 'g']
[2.03032839 1.03647452 0.49095666 1.25805821]
{'d': 2.030328386539056, 'e': 1.0364745196516878, 'f': 0.49095666204569, 'g': 1.2580582087105956}
Previous:  {'d': 1.9961452840123215, 'e': 1.0448911504568987, 'f': 0.501307408453981, 'g': 1.2530412035632579}


##############################


asserting exponential supression start at lower masses
prev {'d': 2.030328386539056, 'e': 1.0364745196516878, 'f': 0.49095666204569, 'g': 1.2580582087105956}
Starting ML Fit
Box_n50_34_1400
       message: Optimization terminated successfully.
       success: True
        status: 0
           fun: 109.42847724051245
             x: [ 2.079e+00  1.024e+00  4.834e-01  1.263e+00]
           nit: 93
          nfev: 160
 final_simplex: (array([[ 2.079e+00,  1.024e+00,  4.834e-01,  1.263e+00],
                       [ 2.079e+00,  1.024e+00,  4.833e-01,  1.263e+00],
                       ...,
                       [ 2.079e+00,  1.024e+00,  4.833e-01,  1.263e+00],
                       [ 2.079e+00,  1.024e+00,  4.834e-01,  1.263e+00]]), array([ 1.094e+02,  1.094e+02,  1.094e+02,  1.094e+02,
                        1.094e+02]))
   param_names: ['d', 'e', 'f', 'g']
[2.07916487 1.02390838 0.4833527  1.26290311]
{'d': 2.079164869068067, 'e': 1.0239083754184515, 'f': 0.48335270292253274, 'g': 1.2629031097009065}
Previous:  {'d': 2.030328386539056, 'e': 1.0364745196516878, 'f': 0.49095666204569, 'g': 1.2580582087105956}


##############################


asserting exponential supression start at lower masses
prev {'d': 2.079164869068067, 'e': 1.0239083754184515, 'f': 0.48335270292253274, 'g': 1.2629031097009065}
Starting ML Fit
Box_n50_34_1400
       message: Optimization terminated successfully.
       success: True
        status: 0
           fun: 99.55540164995021
             x: [ 2.128e+00  1.013e+00  4.765e-01  1.267e+00]
           nit: 106
          nfev: 190
 final_simplex: (array([[ 2.128e+00,  1.013e+00,  4.765e-01,  1.267e+00],
                       [ 2.128e+00,  1.013e+00,  4.765e-01,  1.267e+00],
                       ...,
                       [ 2.128e+00,  1.013e+00,  4.765e-01,  1.267e+00],
                       [ 2.128e+00,  1.013e+00,  4.765e-01,  1.267e+00]]), array([ 9.956e+01,  9.956e+01,  9.956e+01,  9.956e+01,
                        9.956e+01]))
   param_names: ['d', 'e', 'f', 'g']
[2.12822382 1.01309127 0.47646906 1.26710047]
{'d': 2.128223822690911, 'e': 1.0130912699743977, 'f': 0.4764690555570519, 'g': 1.2671004658460558}
Previous:  {'d': 2.079164869068067, 'e': 1.0239083754184515, 'f': 0.48335270292253274, 'g': 1.2629031097009065}


##############################


asserting exponential supression start at lower masses
prev {'d': 2.128223822690911, 'e': 1.0130912699743977, 'f': 0.4764690555570519, 'g': 1.2671004658460558}
Starting ML Fit
Box_n50_34_1400
       message: Optimization terminated successfully.
       success: True
        status: 0
           fun: 100.1032862409667
             x: [ 2.186e+00  1.000e+00  4.710e-01  1.271e+00]
           nit: 90
          nfev: 163
 final_simplex: (array([[ 2.186e+00,  1.000e+00,  4.710e-01,  1.271e+00],
                       [ 2.186e+00,  1.000e+00,  4.710e-01,  1.271e+00],
                       ...,
                       [ 2.186e+00,  1.000e+00,  4.710e-01,  1.271e+00],
                       [ 2.186e+00,  1.000e+00,  4.710e-01,  1.271e+00]]), array([ 1.001e+02,  1.001e+02,  1.001e+02,  1.001e+02,
                        1.001e+02]))
   param_names: ['d', 'e', 'f', 'g']
[2.18568983 1.0000322  0.47101921 1.27129871]
{'d': 2.185689829095011, 'e': 1.0000321992548926, 'f': 0.4710192071993188, 'g': 1.2712987130997595}
Previous:  {'d': 2.128223822690911, 'e': 1.0130912699743977, 'f': 0.4764690555570519, 'g': 1.2671004658460558}


##############################


asserting exponential supression start at lower masses
prev {'d': 2.185689829095011, 'e': 1.0000321992548926, 'f': 0.4710192071993188, 'g': 1.2712987130997595}
Starting ML Fit
Box_n50_34_1400
       message: Optimization terminated successfully.
       success: True
        status: 0
           fun: 94.45581290429885
             x: [ 2.218e+00  1.007e+00  4.647e-01  1.276e+00]
           nit: 78
          nfev: 142
 final_simplex: (array([[ 2.218e+00,  1.007e+00,  4.647e-01,  1.276e+00],
                       [ 2.218e+00,  1.007e+00,  4.647e-01,  1.276e+00],
                       ...,
                       [ 2.218e+00,  1.007e+00,  4.647e-01,  1.276e+00],
                       [ 2.218e+00,  1.007e+00,  4.647e-01,  1.276e+00]]), array([ 9.446e+01,  9.446e+01,  9.446e+01,  9.446e+01,
                        9.446e+01]))
   param_names: ['d', 'e', 'f', 'g']
[2.21826449 1.00710858 0.46473944 1.27614352]
{'d': 2.218264493224626, 'e': 1.007108575882483, 'f': 0.46473944280407165, 'g': 1.2761435186719465}
Previous:  {'d': 2.185689829095011, 'e': 1.0000321992548926, 'f': 0.4710192071993188, 'g': 1.2712987130997595}


##############################


asserting exponential supression start at lower masses
prev {'d': 2.218264493224626, 'e': 1.007108575882483, 'f': 0.46473944280407165, 'g': 1.2761435186719465}
Starting ML Fit
Box_n50_34_1400
       message: Optimization terminated successfully.
       success: True
        status: 0
           fun: 91.86415849901044
             x: [ 2.236e+00  1.011e+00  4.598e-01  1.280e+00]
           nit: 83
          nfev: 147
 final_simplex: (array([[ 2.236e+00,  1.011e+00,  4.598e-01,  1.280e+00],
                       [ 2.236e+00,  1.011e+00,  4.598e-01,  1.280e+00],
                       ...,
                       [ 2.236e+00,  1.011e+00,  4.598e-01,  1.280e+00],
                       [ 2.236e+00,  1.011e+00,  4.598e-01,  1.280e+00]]), array([ 9.186e+01,  9.186e+01,  9.186e+01,  9.186e+01,
                        9.186e+01]))
   param_names: ['d', 'e', 'f', 'g']
[2.23602882 1.01096024 0.45980972 1.27963547]
{'d': 2.2360288235119583, 'e': 1.0109602420517652, 'f': 0.4598097233799054, 'g': 1.279635469987609}
Previous:  {'d': 2.218264493224626, 'e': 1.007108575882483, 'f': 0.46473944280407165, 'g': 1.2761435186719465}


##############################


asserting exponential supression start at lower masses
prev {'d': 2.2360288235119583, 'e': 1.0109602420517652, 'f': 0.4598097233799054, 'g': 1.279635469987609}
Starting ML Fit
Box_n50_34_1400
       message: Optimization terminated successfully.
       success: True
        status: 0
           fun: 90.45349840466027
             x: [ 2.250e+00  1.006e+00  4.579e-01  1.280e+00]
           nit: 66
          nfev: 122
 final_simplex: (array([[ 2.250e+00,  1.006e+00,  4.579e-01,  1.280e+00],
                       [ 2.250e+00,  1.006e+00,  4.579e-01,  1.280e+00],
                       ...,
                       [ 2.250e+00,  1.006e+00,  4.578e-01,  1.280e+00],
                       [ 2.250e+00,  1.006e+00,  4.579e-01,  1.280e+00]]), array([ 9.045e+01,  9.045e+01,  9.045e+01,  9.045e+01,
                        9.045e+01]))
   param_names: ['d', 'e', 'f', 'g']
[2.24958971 1.00577305 0.45786342 1.2802651 ]
{'d': 2.2495897065881376, 'e': 1.0057730469256134, 'f': 0.45786341884674286, 'g': 1.2802651001049226}
Previous:  {'d': 2.2360288235119583, 'e': 1.0109602420517652, 'f': 0.4598097233799054, 'g': 1.279635469987609}


##############################


asserting exponential supression start at lower masses
prev {'d': 2.2495897065881376, 'e': 1.0057730469256134, 'f': 0.45786341884674286, 'g': 1.2802651001049226}
Starting ML Fit
Box_n50_34_1400
       message: Optimization terminated successfully.
       success: True
        status: 0
           fun: 87.0609176142305
             x: [ 2.267e+00  9.948e-01  4.581e-01  1.280e+00]
           nit: 171
          nfev: 301
 final_simplex: (array([[ 2.267e+00,  9.948e-01,  4.581e-01,  1.280e+00],
                       [ 2.267e+00,  9.949e-01,  4.580e-01,  1.280e+00],
                       ...,
                       [ 2.267e+00,  9.949e-01,  4.581e-01,  1.280e+00],
                       [ 2.267e+00,  9.948e-01,  4.581e-01,  1.280e+00]]), array([ 8.706e+01,  8.706e+01,  8.706e+01,  8.706e+01,
                        8.706e+01]))
   param_names: ['d', 'e', 'f', 'g']
[2.26672793 0.99482357 0.45806372 1.28026511]
{'d': 2.2667279313939934, 'e': 0.9948235686708118, 'f': 0.4580637232706717, 'g': 1.280265111313847}
Previous:  {'d': 2.2495897065881376, 'e': 1.0057730469256134, 'f': 0.45786341884674286, 'g': 1.2802651001049226}


##############################


asserting exponential supression start at lower masses
prev {'d': 2.2667279313939934, 'e': 0.9948235686708118, 'f': 0.4580637232706717, 'g': 1.280265111313847}
Starting ML Fit
Box_n50_34_1400
       message: Optimization terminated successfully.
       success: True
        status: 0
           fun: 77.50535618813717
             x: [ 2.291e+00  9.879e-01  4.561e-01  1.280e+00]
           nit: 184
          nfev: 317
 final_simplex: (array([[ 2.291e+00,  9.879e-01,  4.561e-01,  1.280e+00],
                       [ 2.291e+00,  9.879e-01,  4.561e-01,  1.280e+00],
                       ...,
                       [ 2.291e+00,  9.879e-01,  4.561e-01,  1.280e+00],
                       [ 2.291e+00,  9.879e-01,  4.561e-01,  1.280e+00]]), array([ 7.751e+01,  7.751e+01,  7.751e+01,  7.751e+01,
                        7.751e+01]))
   param_names: ['d', 'e', 'f', 'g']
[2.29094702 0.98788552 0.45614022 1.28026522]
{'d': 2.290947023587024, 'e': 0.9878855244020106, 'f': 0.45614021767526197, 'g': 1.280265220545306}
Previous:  {'d': 2.2667279313939934, 'e': 0.9948235686708118, 'f': 0.4580637232706717, 'g': 1.280265111313847}


##############################


asserting exponential supression start at lower masses
prev {'d': 2.290947023587024, 'e': 0.9878855244020106, 'f': 0.45614021767526197, 'g': 1.280265220545306}
Starting ML Fit
Box_n50_34_1400
       message: Optimization terminated successfully.
       success: True
        status: 0
           fun: 74.62462724785486
             x: [ 2.340e+00  9.680e-01  4.587e-01  1.280e+00]
           nit: 157
          nfev: 273
 final_simplex: (array([[ 2.340e+00,  9.680e-01,  4.587e-01,  1.280e+00],
                       [ 2.340e+00,  9.681e-01,  4.587e-01,  1.280e+00],
                       ...,
                       [ 2.340e+00,  9.680e-01,  4.587e-01,  1.280e+00],
                       [ 2.340e+00,  9.681e-01,  4.587e-01,  1.280e+00]]), array([ 7.462e+01,  7.462e+01,  7.462e+01,  7.462e+01,
                        7.462e+01]))
   param_names: ['d', 'e', 'f', 'g']
[2.3397908  0.96804702 0.45873094 1.28026533]
{'d': 2.339790798003257, 'e': 0.9680470214379913, 'f': 0.4587309430995483, 'g': 1.2802653294280235}
Previous:  {'d': 2.290947023587024, 'e': 0.9878855244020106, 'f': 0.45614021767526197, 'g': 1.280265220545306}


##############################


asserting exponential supression start at lower masses
prev {'d': 2.339790798003257, 'e': 0.9680470214379913, 'f': 0.4587309430995483, 'g': 1.2802653294280235}
Starting ML Fit
Box_n50_34_1400
       message: Optimization terminated successfully.
       success: True
        status: 0
           fun: 68.05455975928403
             x: [ 2.507e+00  9.199e-01  4.594e-01  1.280e+00]
           nit: 167
          nfev: 288
 final_simplex: (array([[ 2.507e+00,  9.199e-01,  4.594e-01,  1.280e+00],
                       [ 2.507e+00,  9.199e-01,  4.594e-01,  1.280e+00],
                       ...,
                       [ 2.506e+00,  9.199e-01,  4.594e-01,  1.280e+00],
                       [ 2.507e+00,  9.199e-01,  4.594e-01,  1.280e+00]]), array([ 6.805e+01,  6.805e+01,  6.805e+01,  6.805e+01,
                        6.805e+01]))
   param_names: ['d', 'e', 'f', 'g']
[2.50657168 0.91986931 0.45941226 1.28026547]
{'d': 2.5065716840088577, 'e': 0.9198693133009557, 'f': 0.45941226424893783, 'g': 1.2802654702153244}
Previous:  {'d': 2.339790798003257, 'e': 0.9680470214379913, 'f': 0.4587309430995483, 'g': 1.2802653294280235}


##############################


asserting exponential supression start at lower masses
prev {'d': 2.5065716840088577, 'e': 0.9198693133009557, 'f': 0.45941226424893783, 'g': 1.2802654702153244}
Starting ML Fit
Box_n50_34_1400
       message: Optimization terminated successfully.
       success: True
        status: 0
           fun: 52.754301246723486
             x: [ 2.627e+00  8.912e-01  4.599e-01  1.280e+00]
           nit: 133
          nfev: 223
 final_simplex: (array([[ 2.627e+00,  8.912e-01,  4.599e-01,  1.280e+00],
                       [ 2.627e+00,  8.912e-01,  4.599e-01,  1.280e+00],
                       ...,
                       [ 2.627e+00,  8.911e-01,  4.600e-01,  1.280e+00],
                       [ 2.627e+00,  8.912e-01,  4.599e-01,  1.280e+00]]), array([ 5.275e+01,  5.275e+01,  5.275e+01,  5.275e+01,
                        5.275e+01]))
   param_names: ['d', 'e', 'f', 'g']
[2.62724539 0.89115478 0.4599355  1.28026566]
{'d': 2.6272453912952565, 'e': 0.8911547833702552, 'f': 0.45993549827817864, 'g': 1.2802656605634302}
Previous:  {'d': 2.5065716840088577, 'e': 0.9198693133009557, 'f': 0.45941226424893783, 'g': 1.2802654702153244}


##############################


asserting exponential supression start at lower masses
prev {'d': 2.6272453912952565, 'e': 0.8911547833702552, 'f': 0.45993549827817864, 'g': 1.2802656605634302}
Starting ML Fit
Box_n50_34_1400
       message: Optimization terminated successfully.
       success: True
        status: 0
           fun: 43.06068139697359
             x: [ 2.747e+00  8.578e-01  4.603e-01  1.280e+00]
           nit: 127
          nfev: 223
 final_simplex: (array([[ 2.747e+00,  8.578e-01,  4.603e-01,  1.280e+00],
                       [ 2.747e+00,  8.578e-01,  4.603e-01,  1.280e+00],
                       ...,
                       [ 2.747e+00,  8.578e-01,  4.602e-01,  1.280e+00],
                       [ 2.747e+00,  8.578e-01,  4.603e-01,  1.280e+00]]), array([ 4.306e+01,  4.306e+01,  4.306e+01,  4.306e+01,
                        4.306e+01]))
   param_names: ['d', 'e', 'f', 'g']
[2.746896   0.85777065 0.46025566 1.28026568]
{'d': 2.7468960035501846, 'e': 0.8577706497878372, 'f': 0.4602556600379206, 'g': 1.280265684139985}
Previous:  {'d': 2.6272453912952565, 'e': 0.8911547833702552, 'f': 0.45993549827817864, 'g': 1.2802656605634302}


