##############################


[[0.01   0.     0.     0.     0.     0.     0.     0.    ]
 [0.     0.01   0.     0.     0.     0.     0.     0.    ]
 [0.     0.     0.001  0.     0.     0.     0.     0.    ]
 [0.     0.     0.     0.001  0.     0.     0.     0.    ]
 [0.     0.     0.     0.     0.0005 0.     0.     0.    ]
 [0.     0.     0.     0.     0.     0.0005 0.     0.    ]
 [0.     0.     0.     0.     0.     0.     0.0001 0.    ]
 [0.     0.     0.     0.     0.     0.     0.     0.0001]]
[0.302679, 0.366459, 0.403224, 0.488191, 0.512095, 0.537169, 0.563471, 0.591061, 0.620002, 0.65036, 0.715608, 0.787402, 0.866399, 0.953321, 1.0]
dict_keys([0.302679, 0.366459, 0.403224, 0.488191, 0.512095, 0.537169, 0.563471, 0.591061, 0.620002, 0.65036, 0.715608, 0.787402, 0.866399, 0.953321, 1.0])
prev {'d0': 1.8730147978306215, 'd1': -0.009292031417106827, 'e0': 1.1254956711607602, 'e1': -0.0038099119538071496, 'f0': 0.4170956276832914, 'f1': 0.15203711432162464, 'g0': 1.2242713978976427, 'g1': 0.07598353449866882}
Starting ML Fit
Box78_1400
       message: Optimization terminated successfully.
       success: True
        status: 0
           fun: 1867.5779588596465
             x: [ 1.827e+00 -1.106e-02  1.142e+00 -3.310e-03  4.082e-01
                  1.621e-01  1.211e+00  7.673e-02]
           nit: 283
          nfev: 449
 final_simplex: (array([[ 1.827e+00, -1.106e-02, ...,  1.211e+00,
                         7.673e-02],
                       [ 1.827e+00, -1.106e-02, ...,  1.211e+00,
                         7.673e-02],
                       ...,
                       [ 1.827e+00, -1.106e-02, ...,  1.211e+00,
                         7.673e-02],
                       [ 1.827e+00, -1.106e-02, ...,  1.211e+00,
                         7.673e-02]]), array([ 1.868e+03,  1.868e+03,  1.868e+03,  1.868e+03,
                        1.868e+03,  1.868e+03,  1.868e+03,  1.868e+03,
                        1.868e+03]))
   param_names: ['d0', 'd1', 'e0', 'e1', 'f0', 'f1', 'g0', 'g1']
[ 1.82677804 -0.01106257  1.14170295 -0.00331048  0.40822588  0.16210761
  1.2109676   0.07672506]
{'d0': 1.826778035250998, 'd1': -0.011062565613888386, 'e0': 1.1417029487119577, 'e1': -0.0033104777870092677, 'f0': 0.40822587775302077, 'f1': 0.16210760872045793, 'g0': 1.210967595450815, 'g1': 0.07672505793118878}
-------------------
{'d0': 1.826778035250998, 'd1': -0.011062565613888386, 'e0': 1.1417029487119577, 'e1': -0.0033104777870092677, 'f0': 0.40822587775302077, 'f1': 0.16210760872045793, 'g0': 1.210967595450815, 'g1': 0.07672505793118878}
Previous:  {'d0': 1.8730147978306215, 'd1': -0.009292031417106827, 'e0': 1.1254956711607602, 'e1': -0.0038099119538071496, 'f0': 0.4170956276832914, 'f1': 0.15203711432162464, 'g0': 1.2242713978976427, 'g1': 0.07598353449866882}
-------------------
