##############################


[0.302679, 0.366459, 0.403224, 0.488191, 0.512095, 0.537169, 0.563471, 0.591061, 0.620002, 0.65036, 0.715608, 0.787402, 0.866399, 0.953321, 1.0]
dict_keys([0.302679, 0.366459, 0.403224, 0.488191, 0.512095, 0.537169, 0.563471, 0.591061, 0.620002, 0.65036, 0.715608, 0.787402, 0.866399, 0.953321, 1.0])
prev {'d0': 2.1350719488464005, 'd1': -0.3202928932549558, 'e0': 1.0771186208745755, 'e1': 0.006647998212521959, 'f0': 0.4091190285033831, 'f1': 0.17164926669673236, 'g0': 1.2247597996723694, 'g1': -2.2848130139487046e-14}
Starting ML Fit
Box_n50_3_1400
       message: Optimization terminated successfully.
       success: True
        status: 0
           fun: 1665.4525996846708
             x: [ 2.177e+00 -3.982e-01  1.064e+00  7.271e-03  4.179e-01
                  1.670e-01  1.239e+00 -1.237e-14]
           nit: 345
          nfev: 538
 final_simplex: (array([[ 2.177e+00, -3.982e-01, ...,  1.239e+00,
                        -1.237e-14],
                       [ 2.177e+00, -3.982e-01, ...,  1.239e+00,
                        -1.235e-14],
                       ...,
                       [ 2.177e+00, -3.982e-01, ...,  1.239e+00,
                        -1.239e-14],
                       [ 2.177e+00, -3.982e-01, ...,  1.239e+00,
                        -1.237e-14]]), array([ 1.665e+03,  1.665e+03,  1.665e+03,  1.665e+03,
                        1.665e+03,  1.665e+03,  1.665e+03,  1.665e+03,
                        1.665e+03]))
   param_names: ['d0', 'd1', 'e0', 'e1', 'f0', 'f1', 'g0', 'g1']
[ 2.17703620e+00 -3.98165180e-01  1.06365492e+00  7.27107285e-03
  4.17904796e-01  1.66958252e-01  1.23880734e+00 -1.23731300e-14]
{'d0': 2.177036202938834, 'd1': -0.39816517960915954, 'e0': 1.0636549194345477, 'e1': 0.007271072848187886, 'f0': 0.4179047961164272, 'f1': 0.1669582521939647, 'g0': 1.2388073445345882, 'g1': -1.2373130003378473e-14}
-------------------
{'d0': 2.177036202938834, 'd1': -0.39816517960915954, 'e0': 1.0636549194345477, 'e1': 0.007271072848187886, 'f0': 0.4179047961164272, 'f1': 0.1669582521939647, 'g0': 1.2388073445345882, 'g1': -1.2373130003378473e-14}
Previous:  {'d0': 2.1350719488464005, 'd1': -0.3202928932549558, 'e0': 1.0771186208745755, 'e1': 0.006647998212521959, 'f0': 0.4091190285033831, 'f1': 0.17164926669673236, 'g0': 1.2247597996723694, 'g1': -2.2848130139487046e-14}
-------------------
