alist [1.0, 0.953321, 0.866399, 0.787402, 0.715608, 0.65036, 0.620002, 0.591061, 0.563471, 0.537169, 0.512095, 0.488191, 0.403224, 0.366459, 0.302679]
Curr: Box34_1400, Prev: Box_n50_27_1400
##############################


prev {'d': 0.4312891070263005, 'e': 0.30390399824311365, 'f': 1.5919995177714514, 'g': 1.1615335749367564}
Starting ML Fit
Box34_1400
       message: Optimization terminated successfully.
       success: True
        status: 0
           fun: 131.58635584654314
             x: [ 4.422e-01  3.067e-01  1.553e+00  1.171e+00]
           nit: 89
          nfev: 154
 final_simplex: (array([[ 4.422e-01,  3.067e-01,  1.553e+00,  1.171e+00],
                       [ 4.422e-01,  3.067e-01,  1.553e+00,  1.171e+00],
                       ...,
                       [ 4.422e-01,  3.067e-01,  1.553e+00,  1.171e+00],
                       [ 4.422e-01,  3.067e-01,  1.553e+00,  1.171e+00]]), array([ 1.316e+02,  1.316e+02,  1.316e+02,  1.316e+02,
                        1.316e+02]))
   param_names: ['d', 'e', 'f', 'g']
[0.44222221 0.30669101 1.55271873 1.17104783]
{'d': 0.4422222067281871, 'e': 0.30669101280938166, 'f': 1.552718734140467, 'g': 1.171047833134104}
Previous:  {'d': 0.4312891070263005, 'e': 0.30390399824311365, 'f': 1.5919995177714514, 'g': 1.1615335749367564}


##############################


prev {'d': 0.4422222067281871, 'e': 0.30669101280938166, 'f': 1.552718734140467, 'g': 1.171047833134104}
Starting ML Fit
Box34_1400
       message: Optimization terminated successfully.
       success: True
        status: 0
           fun: 127.90732176482194
             x: [ 4.332e-01  3.078e-01  1.541e+00  1.162e+00]
           nit: 76
          nfev: 135
 final_simplex: (array([[ 4.332e-01,  3.078e-01,  1.541e+00,  1.162e+00],
                       [ 4.332e-01,  3.079e-01,  1.541e+00,  1.162e+00],
                       ...,
                       [ 4.332e-01,  3.079e-01,  1.541e+00,  1.162e+00],
                       [ 4.332e-01,  3.078e-01,  1.541e+00,  1.162e+00]]), array([ 1.279e+02,  1.279e+02,  1.279e+02,  1.279e+02,
                        1.279e+02]))
   param_names: ['d', 'e', 'f', 'g']
[0.4331598  0.30784074 1.54094341 1.16242191]
{'d': 0.43315979958305784, 'e': 0.3078407357877484, 'f': 1.5409434064843839, 'g': 1.1624219076591376}
Previous:  {'d': 0.4422222067281871, 'e': 0.30669101280938166, 'f': 1.552718734140467, 'g': 1.171047833134104}


##############################


prev {'d': 0.43315979958305784, 'e': 0.3078407357877484, 'f': 1.5409434064843839, 'g': 1.1624219076591376}
Starting ML Fit
Box34_1400
       message: Optimization terminated successfully.
       success: True
        status: 0
           fun: 114.93301896956086
             x: [ 4.164e-01  3.082e-01  1.541e+00  1.154e+00]
           nit: 109
          nfev: 188
 final_simplex: (array([[ 4.164e-01,  3.082e-01,  1.541e+00,  1.154e+00],
                       [ 4.164e-01,  3.081e-01,  1.541e+00,  1.154e+00],
                       ...,
                       [ 4.164e-01,  3.081e-01,  1.541e+00,  1.154e+00],
                       [ 4.165e-01,  3.082e-01,  1.541e+00,  1.155e+00]]), array([ 1.149e+02,  1.149e+02,  1.149e+02,  1.149e+02,
                        1.149e+02]))
   param_names: ['d', 'e', 'f', 'g']
[0.41644879 0.30816537 1.54114178 1.15449193]
{'d': 0.41644879298893234, 'e': 0.3081653699204431, 'f': 1.5411417833115788, 'g': 1.1544919250670835}
Previous:  {'d': 0.43315979958305784, 'e': 0.3078407357877484, 'f': 1.5409434064843839, 'g': 1.1624219076591376}


##############################


prev {'d': 0.41644879298893234, 'e': 0.3081653699204431, 'f': 1.5411417833115788, 'g': 1.1544919250670835}
Starting ML Fit
Box34_1400
       message: Optimization terminated successfully.
       success: True
        status: 0
           fun: 114.61994686943585
             x: [ 4.019e-01  3.081e-01  1.546e+00  1.150e+00]
           nit: 99
          nfev: 173
 final_simplex: (array([[ 4.019e-01,  3.081e-01,  1.546e+00,  1.150e+00],
                       [ 4.019e-01,  3.081e-01,  1.546e+00,  1.150e+00],
                       ...,
                       [ 4.019e-01,  3.081e-01,  1.546e+00,  1.150e+00],
                       [ 4.019e-01,  3.080e-01,  1.546e+00,  1.150e+00]]), array([ 1.146e+02,  1.146e+02,  1.146e+02,  1.146e+02,
                        1.146e+02]))
   param_names: ['d', 'e', 'f', 'g']
[0.40192654 0.30805442 1.54630868 1.14964661]
{'d': 0.4019265431370379, 'e': 0.3080544185993738, 'f': 1.5463086793695824, 'g': 1.1496466129040082}
Previous:  {'d': 0.41644879298893234, 'e': 0.3081653699204431, 'f': 1.5411417833115788, 'g': 1.1544919250670835}


##############################


prev {'d': 0.4019265431370379, 'e': 0.3080544185993738, 'f': 1.5463086793695824, 'g': 1.1496466129040082}
Starting ML Fit
Box34_1400
       message: Optimization terminated successfully.
       success: True
        status: 0
           fun: 109.18238319222135
             x: [ 3.889e-01  3.076e-01  1.555e+00  1.145e+00]
           nit: 101
          nfev: 173
 final_simplex: (array([[ 3.889e-01,  3.076e-01,  1.555e+00,  1.145e+00],
                       [ 3.889e-01,  3.076e-01,  1.555e+00,  1.145e+00],
                       ...,
                       [ 3.889e-01,  3.077e-01,  1.555e+00,  1.145e+00],
                       [ 3.889e-01,  3.077e-01,  1.556e+00,  1.145e+00]]), array([ 1.092e+02,  1.092e+02,  1.092e+02,  1.092e+02,
                        1.092e+02]))
   param_names: ['d', 'e', 'f', 'g']
[0.38889619 0.30764906 1.55547319 1.14534252]
{'d': 0.38889618705506707, 'e': 0.30764906105548584, 'f': 1.5554731855826054, 'g': 1.145342515830401}
Previous:  {'d': 0.4019265431370379, 'e': 0.3080544185993738, 'f': 1.5463086793695824, 'g': 1.1496466129040082}


##############################


prev {'d': 0.38889618705506707, 'e': 0.30764906105548584, 'f': 1.5554731855826054, 'g': 1.145342515830401}
Starting ML Fit
Box34_1400
       message: Optimization terminated successfully.
       success: True
        status: 0
           fun: 106.94300666044377
             x: [ 3.778e-01  3.066e-01  1.575e+00  1.145e+00]
           nit: 76
          nfev: 132
 final_simplex: (array([[ 3.778e-01,  3.066e-01,  1.575e+00,  1.145e+00],
                       [ 3.778e-01,  3.066e-01,  1.575e+00,  1.145e+00],
                       ...,
                       [ 3.778e-01,  3.066e-01,  1.575e+00,  1.145e+00],
                       [ 3.778e-01,  3.066e-01,  1.575e+00,  1.145e+00]]), array([ 1.069e+02,  1.069e+02,  1.069e+02,  1.069e+02,
                        1.069e+02]))
   param_names: ['d', 'e', 'f', 'g']
[0.37776758 0.30659172 1.57483974 1.14497726]
{'d': 0.37776757773781755, 'e': 0.30659171786347106, 'f': 1.5748397411840172, 'g': 1.1449772640460583}
Previous:  {'d': 0.38889618705506707, 'e': 0.30764906105548584, 'f': 1.5554731855826054, 'g': 1.145342515830401}


##############################


prev {'d': 0.37776757773781755, 'e': 0.30659171786347106, 'f': 1.5748397411840172, 'g': 1.1449772640460583}
Starting ML Fit
Box34_1400
       message: Optimization terminated successfully.
       success: True
        status: 0
           fun: 110.21676433982856
             x: [ 3.731e-01  3.058e-01  1.590e+00  1.148e+00]
           nit: 84
          nfev: 150
 final_simplex: (array([[ 3.731e-01,  3.058e-01,  1.590e+00,  1.148e+00],
                       [ 3.731e-01,  3.058e-01,  1.590e+00,  1.148e+00],
                       ...,
                       [ 3.731e-01,  3.058e-01,  1.590e+00,  1.148e+00],
                       [ 3.731e-01,  3.058e-01,  1.590e+00,  1.148e+00]]), array([ 1.102e+02,  1.102e+02,  1.102e+02,  1.102e+02,
                        1.102e+02]))
   param_names: ['d', 'e', 'f', 'g']
[0.37309734 0.3057994  1.59009053 1.14818129]
{'d': 0.3730973383001329, 'e': 0.30579939893815833, 'f': 1.5900905290864387, 'g': 1.1481812906889863}
Previous:  {'d': 0.37776757773781755, 'e': 0.30659171786347106, 'f': 1.5748397411840172, 'g': 1.1449772640460583}


##############################


prev {'d': 0.3730973383001329, 'e': 0.30579939893815833, 'f': 1.5900905290864387, 'g': 1.1481812906889863}
Starting ML Fit
Box34_1400
       message: Optimization terminated successfully.
       success: True
        status: 0
           fun: 98.61656985972867
             x: [ 3.697e-01  3.051e-01  1.602e+00  1.151e+00]
           nit: 83
          nfev: 138
 final_simplex: (array([[ 3.697e-01,  3.051e-01,  1.602e+00,  1.151e+00],
                       [ 3.697e-01,  3.052e-01,  1.603e+00,  1.151e+00],
                       ...,
                       [ 3.697e-01,  3.051e-01,  1.603e+00,  1.151e+00],
                       [ 3.697e-01,  3.051e-01,  1.603e+00,  1.151e+00]]), array([ 9.862e+01,  9.862e+01,  9.862e+01,  9.862e+01,
                        9.862e+01]))
   param_names: ['d', 'e', 'f', 'g']
[0.36970197 0.30512719 1.60244257 1.15090564]
{'d': 0.36970197157801454, 'e': 0.3051271934464091, 'f': 1.602442567808056, 'g': 1.1509056437845278}
Previous:  {'d': 0.3730973383001329, 'e': 0.30579939893815833, 'f': 1.5900905290864387, 'g': 1.1481812906889863}


##############################


prev {'d': 0.36970197157801454, 'e': 0.3051271934464091, 'f': 1.602442567808056, 'g': 1.1509056437845278}
Starting ML Fit
Box34_1400
       message: Optimization terminated successfully.
       success: True
        status: 0
           fun: 97.03809744649453
             x: [ 3.657e-01  3.049e-01  1.609e+00  1.151e+00]
           nit: 86
          nfev: 145
 final_simplex: (array([[ 3.657e-01,  3.049e-01,  1.609e+00,  1.151e+00],
                       [ 3.657e-01,  3.048e-01,  1.609e+00,  1.151e+00],
                       ...,
                       [ 3.657e-01,  3.049e-01,  1.609e+00,  1.151e+00],
                       [ 3.657e-01,  3.049e-01,  1.609e+00,  1.151e+00]]), array([ 9.704e+01,  9.704e+01,  9.704e+01,  9.704e+01,
                        9.704e+01]))
   param_names: ['d', 'e', 'f', 'g']
[0.36574241 0.3048587  1.60864873 1.15081506]
{'d': 0.3657424083754759, 'e': 0.30485869791935016, 'f': 1.6086487345487746, 'g': 1.1508150571138094}
Previous:  {'d': 0.36970197157801454, 'e': 0.3051271934464091, 'f': 1.602442567808056, 'g': 1.1509056437845278}


##############################


prev {'d': 0.3657424083754759, 'e': 0.30485869791935016, 'f': 1.6086487345487746, 'g': 1.1508150571138094}
Starting ML Fit
Box34_1400
       message: Optimization terminated successfully.
       success: True
        status: 0
           fun: 97.07816677870541
             x: [ 3.625e-01  3.047e-01  1.613e+00  1.151e+00]
           nit: 70
          nfev: 125
 final_simplex: (array([[ 3.625e-01,  3.047e-01,  1.613e+00,  1.151e+00],
                       [ 3.625e-01,  3.047e-01,  1.613e+00,  1.151e+00],
                       ...,
                       [ 3.625e-01,  3.047e-01,  1.613e+00,  1.151e+00],
                       [ 3.625e-01,  3.047e-01,  1.613e+00,  1.151e+00]]), array([ 9.708e+01,  9.708e+01,  9.708e+01,  9.708e+01,
                        9.708e+01]))
   param_names: ['d', 'e', 'f', 'g']
[0.36247461 0.30470666 1.61329181 1.15110103]
{'d': 0.3624746112634176, 'e': 0.3047066628135041, 'f': 1.6132918114893537, 'g': 1.1511010269555468}
Previous:  {'d': 0.3657424083754759, 'e': 0.30485869791935016, 'f': 1.6086487345487746, 'g': 1.1508150571138094}


##############################


prev {'d': 0.3624746112634176, 'e': 0.3047066628135041, 'f': 1.6132918114893537, 'g': 1.1511010269555468}
Starting ML Fit
Box34_1400
       message: Optimization terminated successfully.
       success: True
        status: 0
           fun: 87.82748234702586
             x: [ 3.583e-01  3.045e-01  1.619e+00  1.150e+00]
           nit: 70
          nfev: 126
 final_simplex: (array([[ 3.583e-01,  3.045e-01,  1.619e+00,  1.150e+00],
                       [ 3.584e-01,  3.045e-01,  1.619e+00,  1.150e+00],
                       ...,
                       [ 3.583e-01,  3.044e-01,  1.619e+00,  1.150e+00],
                       [ 3.583e-01,  3.044e-01,  1.619e+00,  1.150e+00]]), array([ 8.783e+01,  8.783e+01,  8.783e+01,  8.783e+01,
                        8.783e+01]))
   param_names: ['d', 'e', 'f', 'g']
[0.35834585 0.30445567 1.61938396 1.14974391]
{'d': 0.3583458482130426, 'e': 0.30445567022743236, 'f': 1.619383960466468, 'g': 1.1497439098524818}
Previous:  {'d': 0.3624746112634176, 'e': 0.3047066628135041, 'f': 1.6132918114893537, 'g': 1.1511010269555468}


##############################


prev {'d': 0.3583458482130426, 'e': 0.30445567022743236, 'f': 1.619383960466468, 'g': 1.1497439098524818}
Starting ML Fit
Box34_1400
       message: Optimization terminated successfully.
       success: True
        status: 0
           fun: 87.40006977147122
             x: [ 3.565e-01  3.045e-01  1.620e+00  1.151e+00]
           nit: 72
          nfev: 132
 final_simplex: (array([[ 3.565e-01,  3.045e-01,  1.620e+00,  1.151e+00],
                       [ 3.565e-01,  3.045e-01,  1.620e+00,  1.151e+00],
                       ...,
                       [ 3.565e-01,  3.045e-01,  1.620e+00,  1.151e+00],
                       [ 3.565e-01,  3.045e-01,  1.620e+00,  1.151e+00]]), array([ 8.740e+01,  8.740e+01,  8.740e+01,  8.740e+01,
                        8.740e+01]))
   param_names: ['d', 'e', 'f', 'g']
[0.35650883 0.30450173 1.61956064 1.15058804]
{'d': 0.356508834725495, 'e': 0.3045017324370983, 'f': 1.6195606365593465, 'g': 1.1505880397458168}
Previous:  {'d': 0.3583458482130426, 'e': 0.30445567022743236, 'f': 1.619383960466468, 'g': 1.1497439098524818}


##############################


prev {'d': 0.356508834725495, 'e': 0.3045017324370983, 'f': 1.6195606365593465, 'g': 1.1505880397458168}
Starting ML Fit
Box34_1400
       message: Optimization terminated successfully.
       success: True
        status: 0
           fun: 69.22809527883362
             x: [ 3.430e-01  3.043e-01  1.626e+00  1.142e+00]
           nit: 89
          nfev: 150
 final_simplex: (array([[ 3.430e-01,  3.043e-01,  1.626e+00,  1.142e+00],
                       [ 3.430e-01,  3.043e-01,  1.626e+00,  1.142e+00],
                       ...,
                       [ 3.429e-01,  3.043e-01,  1.626e+00,  1.142e+00],
                       [ 3.429e-01,  3.043e-01,  1.626e+00,  1.142e+00]]), array([ 6.923e+01,  6.923e+01,  6.923e+01,  6.923e+01,
                        6.923e+01]))
   param_names: ['d', 'e', 'f', 'g']
[0.34295274 0.30432881 1.62571832 1.14218644]
{'d': 0.34295274391273045, 'e': 0.3043288130177403, 'f': 1.6257183215483182, 'g': 1.1421864444646859}
Previous:  {'d': 0.356508834725495, 'e': 0.3045017324370983, 'f': 1.6195606365593465, 'g': 1.1505880397458168}


##############################


prev {'d': 0.34295274391273045, 'e': 0.3043288130177403, 'f': 1.6257183215483182, 'g': 1.1421864444646859}
Starting ML Fit
Box34_1400
       message: Optimization terminated successfully.
       success: True
        status: 0
           fun: 59.7514849736982
             x: [ 3.371e-01  3.042e-01  1.629e+00  1.139e+00]
           nit: 75
          nfev: 134
 final_simplex: (array([[ 3.371e-01,  3.042e-01,  1.629e+00,  1.139e+00],
                       [ 3.371e-01,  3.042e-01,  1.629e+00,  1.139e+00],
                       ...,
                       [ 3.371e-01,  3.042e-01,  1.629e+00,  1.139e+00],
                       [ 3.371e-01,  3.043e-01,  1.629e+00,  1.139e+00]]), array([ 5.975e+01,  5.975e+01,  5.975e+01,  5.975e+01,
                        5.975e+01]))
   param_names: ['d', 'e', 'f', 'g']
[0.33708892 0.30423265 1.62913575 1.13943834]
{'d': 0.3370889221974182, 'e': 0.3042326511529976, 'f': 1.6291357491021476, 'g': 1.1394383386180293}
Previous:  {'d': 0.34295274391273045, 'e': 0.3043288130177403, 'f': 1.6257183215483182, 'g': 1.1421864444646859}


##############################


prev {'d': 0.3370889221974182, 'e': 0.3042326511529976, 'f': 1.6291357491021476, 'g': 1.1394383386180293}
Starting ML Fit
Box34_1400
       message: Optimization terminated successfully.
       success: True
        status: 0
           fun: 49.182506068157856
             x: [ 3.404e-01  3.043e-01  1.627e+00  1.150e+00]
           nit: 77
          nfev: 138
 final_simplex: (array([[ 3.404e-01,  3.043e-01,  1.627e+00,  1.150e+00],
                       [ 3.404e-01,  3.043e-01,  1.627e+00,  1.150e+00],
                       ...,
                       [ 3.404e-01,  3.043e-01,  1.627e+00,  1.150e+00],
                       [ 3.404e-01,  3.043e-01,  1.627e+00,  1.150e+00]]), array([ 4.918e+01,  4.918e+01,  4.918e+01,  4.918e+01,
                        4.918e+01]))
   param_names: ['d', 'e', 'f', 'g']
[0.34040798 0.30427866 1.62678084 1.15007377]
{'d': 0.34040798192767335, 'e': 0.30427865885568245, 'f': 1.6267808417312117, 'g': 1.1500737674715262}
Previous:  {'d': 0.3370889221974182, 'e': 0.3042326511529976, 'f': 1.6291357491021476, 'g': 1.1394383386180293}


