##############################


[0.302679, 0.366459, 0.403224, 0.488191, 0.512095, 0.537169, 0.563471, 0.591061, 0.620002, 0.65036, 0.715608, 0.787402, 0.866399, 0.953321, 1.0]
dict_keys([0.302679, 0.366459, 0.403224, 0.488191, 0.512095, 0.537169, 0.563471, 0.591061, 0.620002, 0.65036, 0.715608, 0.787402, 0.866399, 0.953321, 1.0])
prev {'d0': 1.9735752773957727, 'd1': -0.2532356286540173, 'e0': 1.069642042661708, 'e1': 0.05431419546219646, 'f0': 0.4226002226639668, 'f1': 0.15446609614818363, 'g0': 1.247731859737212, 'g1': 0.03102205883111744}
Starting ML Fit
Box46_1400
       message: Optimization terminated successfully.
       success: True
        status: 0
           fun: 1712.813042662104
             x: [ 1.952e+00 -2.139e-01  1.076e+00  4.020e-02  4.293e-01
                  1.158e-01  1.253e+00  4.360e-02]
           nit: 650
          nfev: 969
 final_simplex: (array([[ 1.952e+00, -2.139e-01, ...,  1.253e+00,
                         4.360e-02],
                       [ 1.952e+00, -2.139e-01, ...,  1.253e+00,
                         4.361e-02],
                       ...,
                       [ 1.952e+00, -2.139e-01, ...,  1.253e+00,
                         4.363e-02],
                       [ 1.952e+00, -2.139e-01, ...,  1.253e+00,
                         4.364e-02]]), array([ 1.713e+03,  1.713e+03,  1.713e+03,  1.713e+03,
                        1.713e+03,  1.713e+03,  1.713e+03,  1.713e+03,
                        1.713e+03]))
   param_names: ['d0', 'd1', 'e0', 'e1', 'f0', 'f1', 'g0', 'g1']
[ 1.95213419 -0.21392544  1.07577938  0.04019607  0.42930625  0.11578131
  1.25279721  0.0436047 ]
{'d0': 1.9521341916170862, 'd1': -0.21392543586080986, 'e0': 1.075779377112832, 'e1': 0.04019606732565116, 'f0': 0.4293062488242829, 'f1': 0.11578130802200118, 'g0': 1.2527972058963666, 'g1': 0.04360470185216308}
-------------------
{'d0': 1.9521341916170862, 'd1': -0.21392543586080986, 'e0': 1.075779377112832, 'e1': 0.04019606732565116, 'f0': 0.4293062488242829, 'f1': 0.11578130802200118, 'g0': 1.2527972058963666, 'g1': 0.04360470185216308}
Previous:  {'d0': 1.9735752773957727, 'd1': -0.2532356286540173, 'e0': 1.069642042661708, 'e1': 0.05431419546219646, 'f0': 0.4226002226639668, 'f1': 0.15446609614818363, 'g0': 1.247731859737212, 'g1': 0.03102205883111744}
-------------------
