##############################


[[0.01   0.     0.     0.     0.     0.     0.     0.    ]
 [0.     0.01   0.     0.     0.     0.     0.     0.    ]
 [0.     0.     0.001  0.     0.     0.     0.     0.    ]
 [0.     0.     0.     0.001  0.     0.     0.     0.    ]
 [0.     0.     0.     0.     0.0005 0.     0.     0.    ]
 [0.     0.     0.     0.     0.     0.0005 0.     0.    ]
 [0.     0.     0.     0.     0.     0.     0.0001 0.    ]
 [0.     0.     0.     0.     0.     0.     0.     0.0001]]
[0.302679, 0.366459, 0.403224, 0.488191, 0.512095, 0.537169, 0.563471, 0.591061, 0.620002, 0.65036, 0.715608, 0.787402, 0.866399, 0.953321, 1.0]
dict_keys([0.302679, 0.366459, 0.403224, 0.488191, 0.512095, 0.537169, 0.563471, 0.591061, 0.620002, 0.65036, 0.715608, 0.787402, 0.866399, 0.953321, 1.0])
prev {'d0': 2.036138166423303, 'd1': 0.018000865052380008, 'e0': 1.1274826004078995, 'e1': -0.07700479405848873, 'f0': 0.4174738413149759, 'f1': 0.2321539533941546, 'g0': 1.2336004259079423, 'g1': 0.03432968979008974}
Starting ML Fit
Box75_1400
       message: Optimization terminated successfully.
       success: True
        status: 0
           fun: 1768.4405232621
             x: [ 1.940e+00  1.357e-02  1.045e+00 -9.398e-02  4.412e-01
                  2.457e-01  1.203e+00  3.340e-02]
           nit: 509
          nfev: 777
 final_simplex: (array([[ 1.940e+00,  1.357e-02, ...,  1.203e+00,
                         3.340e-02],
                       [ 1.940e+00,  1.357e-02, ...,  1.203e+00,
                         3.339e-02],
                       ...,
                       [ 1.940e+00,  1.357e-02, ...,  1.203e+00,
                         3.339e-02],
                       [ 1.940e+00,  1.358e-02, ...,  1.203e+00,
                         3.338e-02]]), array([ 1.768e+03,  1.768e+03,  1.768e+03,  1.768e+03,
                        1.768e+03,  1.768e+03,  1.768e+03,  1.768e+03,
                        1.768e+03]))
   param_names: ['d0', 'd1', 'e0', 'e1', 'f0', 'f1', 'g0', 'g1']
[ 1.93989042  0.0135691   1.04497613 -0.09397796  0.4411505   0.2456604
  1.20254577  0.03339712]
{'d0': 1.9398904190347033, 'd1': 0.013569100719354446, 'e0': 1.0449761291990076, 'e1': -0.0939779560295646, 'f0': 0.4411504953824664, 'f1': 0.24566040376816956, 'g0': 1.202545767893748, 'g1': 0.033397121158615914}
-------------------
{'d0': 1.9398904190347033, 'd1': 0.013569100719354446, 'e0': 1.0449761291990076, 'e1': -0.0939779560295646, 'f0': 0.4411504953824664, 'f1': 0.24566040376816956, 'g0': 1.202545767893748, 'g1': 0.033397121158615914}
Previous:  {'d0': 2.036138166423303, 'd1': 0.018000865052380008, 'e0': 1.1274826004078995, 'e1': -0.07700479405848873, 'f0': 0.4174738413149759, 'f1': 0.2321539533941546, 'g0': 1.2336004259079423, 'g1': 0.03432968979008974}
-------------------
