alist [1.0, 0.953321, 0.866399, 0.787402, 0.715608, 0.65036, 0.620002, 0.591061, 0.563471, 0.537169, 0.512095, 0.488191, 0.403224, 0.366459, 0.302679]
Curr: Box92_1400, Prev: Box72_1400
##############################


prev {'d': 0.4597509334982924, 'e': 0.3047612190051451, 'f': 1.5865485443763203, 'g': 1.1763261884604699}
Starting ML Fit
Box92_1400
       message: Optimization terminated successfully.
       success: True
        status: 0
           fun: 106.06076975107875
             x: [ 4.533e-01  3.060e-01  1.568e+00  1.157e+00]
           nit: 70
          nfev: 124
 final_simplex: (array([[ 4.533e-01,  3.060e-01,  1.568e+00,  1.157e+00],
                       [ 4.533e-01,  3.061e-01,  1.568e+00,  1.157e+00],
                       ...,
                       [ 4.533e-01,  3.061e-01,  1.568e+00,  1.157e+00],
                       [ 4.533e-01,  3.060e-01,  1.568e+00,  1.157e+00]]), array([ 1.061e+02,  1.061e+02,  1.061e+02,  1.061e+02,
                        1.061e+02]))
   param_names: ['d', 'e', 'f', 'g']
[0.45332829 0.30603848 1.56773259 1.15710115]
{'d': 0.45332829039827893, 'e': 0.3060384807901886, 'f': 1.5677325873065908, 'g': 1.1571011520705232}
Previous:  {'d': 0.4597509334982924, 'e': 0.3047612190051451, 'f': 1.5865485443763203, 'g': 1.1763261884604699}


##############################


prev {'d': 0.45332829039827893, 'e': 0.3060384807901886, 'f': 1.5677325873065908, 'g': 1.1571011520705232}
Starting ML Fit
Box92_1400
       message: Optimization terminated successfully.
       success: True
        status: 0
           fun: 103.05011043367631
             x: [ 4.454e-01  3.072e-01  1.550e+00  1.149e+00]
           nit: 71
          nfev: 128
 final_simplex: (array([[ 4.454e-01,  3.072e-01,  1.550e+00,  1.149e+00],
                       [ 4.454e-01,  3.071e-01,  1.550e+00,  1.149e+00],
                       ...,
                       [ 4.454e-01,  3.071e-01,  1.550e+00,  1.149e+00],
                       [ 4.454e-01,  3.071e-01,  1.550e+00,  1.149e+00]]), array([ 1.031e+02,  1.031e+02,  1.031e+02,  1.031e+02,
                        1.031e+02]))
   param_names: ['d', 'e', 'f', 'g']
[0.44541585 0.30715561 1.54970214 1.14935958]
{'d': 0.4454158455140545, 'e': 0.30715560974573, 'f': 1.5497021405827134, 'g': 1.1493595828886964}
Previous:  {'d': 0.45332829039827893, 'e': 0.3060384807901886, 'f': 1.5677325873065908, 'g': 1.1571011520705232}


##############################


prev {'d': 0.4454158455140545, 'e': 0.30715560974573, 'f': 1.5497021405827134, 'g': 1.1493595828886964}
Starting ML Fit
Box92_1400
       message: Optimization terminated successfully.
       success: True
        status: 0
           fun: 99.04501423028996
             x: [ 4.322e-01  3.077e-01  1.540e+00  1.146e+00]
           nit: 88
          nfev: 153
 final_simplex: (array([[ 4.322e-01,  3.077e-01,  1.540e+00,  1.146e+00],
                       [ 4.322e-01,  3.078e-01,  1.540e+00,  1.146e+00],
                       ...,
                       [ 4.322e-01,  3.077e-01,  1.540e+00,  1.146e+00],
                       [ 4.322e-01,  3.078e-01,  1.541e+00,  1.146e+00]]), array([ 9.905e+01,  9.905e+01,  9.905e+01,  9.905e+01,
                        9.905e+01]))
   param_names: ['d', 'e', 'f', 'g']
[0.43219659 0.30773263 1.54042874 1.14626803]
{'d': 0.43219659318890036, 'e': 0.3077326297182484, 'f': 1.5404287389086522, 'g': 1.146268031589365}
Previous:  {'d': 0.4454158455140545, 'e': 0.30715560974573, 'f': 1.5497021405827134, 'g': 1.1493595828886964}


##############################


prev {'d': 0.43219659318890036, 'e': 0.3077326297182484, 'f': 1.5404287389086522, 'g': 1.146268031589365}
Starting ML Fit
Box92_1400
       message: Optimization terminated successfully.
       success: True
        status: 0
           fun: 101.39243720989226
             x: [ 4.178e-01  3.079e-01  1.538e+00  1.142e+00]
           nit: 106
          nfev: 181
 final_simplex: (array([[ 4.178e-01,  3.079e-01,  1.538e+00,  1.142e+00],
                       [ 4.178e-01,  3.079e-01,  1.538e+00,  1.142e+00],
                       ...,
                       [ 4.178e-01,  3.080e-01,  1.538e+00,  1.142e+00],
                       [ 4.178e-01,  3.079e-01,  1.538e+00,  1.142e+00]]), array([ 1.014e+02,  1.014e+02,  1.014e+02,  1.014e+02,
                        1.014e+02]))
   param_names: ['d', 'e', 'f', 'g']
[0.4177883  0.30793641 1.53766229 1.1421614 ]
{'d': 0.4177883048655364, 'e': 0.30793641159697993, 'f': 1.5376622852169217, 'g': 1.1421614033138887}
Previous:  {'d': 0.43219659318890036, 'e': 0.3077326297182484, 'f': 1.5404287389086522, 'g': 1.146268031589365}


##############################


prev {'d': 0.4177883048655364, 'e': 0.30793641159697993, 'f': 1.5376622852169217, 'g': 1.1421614033138887}
Starting ML Fit
Box92_1400
       message: Optimization terminated successfully.
       success: True
        status: 0
           fun: 93.3569472206258
             x: [ 4.067e-01  3.081e-01  1.536e+00  1.143e+00]
           nit: 99
          nfev: 171
 final_simplex: (array([[ 4.067e-01,  3.081e-01,  1.536e+00,  1.143e+00],
                       [ 4.067e-01,  3.081e-01,  1.536e+00,  1.143e+00],
                       ...,
                       [ 4.067e-01,  3.081e-01,  1.536e+00,  1.143e+00],
                       [ 4.067e-01,  3.081e-01,  1.536e+00,  1.143e+00]]), array([ 9.336e+01,  9.336e+01,  9.336e+01,  9.336e+01,
                        9.336e+01]))
   param_names: ['d', 'e', 'f', 'g']
[0.40667551 0.30805764 1.53604504 1.14266962]
{'d': 0.4066755130406952, 'e': 0.308057635271504, 'f': 1.5360450397602539, 'g': 1.1426696185010554}
Previous:  {'d': 0.4177883048655364, 'e': 0.30793641159697993, 'f': 1.5376622852169217, 'g': 1.1421614033138887}


##############################


prev {'d': 0.4066755130406952, 'e': 0.308057635271504, 'f': 1.5360450397602539, 'g': 1.1426696185010554}
Starting ML Fit
Box92_1400
       message: Optimization terminated successfully.
       success: True
        status: 0
           fun: 80.97746453920254
             x: [ 3.960e-01  3.084e-01  1.531e+00  1.141e+00]
           nit: 84
          nfev: 152
 final_simplex: (array([[ 3.960e-01,  3.084e-01,  1.531e+00,  1.141e+00],
                       [ 3.960e-01,  3.084e-01,  1.531e+00,  1.141e+00],
                       ...,
                       [ 3.960e-01,  3.084e-01,  1.531e+00,  1.141e+00],
                       [ 3.960e-01,  3.084e-01,  1.531e+00,  1.141e+00]]), array([ 8.098e+01,  8.098e+01,  8.098e+01,  8.098e+01,
                        8.098e+01]))
   param_names: ['d', 'e', 'f', 'g']
[0.39603328 0.30836171 1.53069181 1.14079132]
{'d': 0.39603327864389215, 'e': 0.3083617067610314, 'f': 1.5306918130793563, 'g': 1.1407913205303775}
Previous:  {'d': 0.4066755130406952, 'e': 0.308057635271504, 'f': 1.5360450397602539, 'g': 1.1426696185010554}


##############################


prev {'d': 0.39603327864389215, 'e': 0.3083617067610314, 'f': 1.5306918130793563, 'g': 1.1407913205303775}
Starting ML Fit
Box92_1400
       message: Optimization terminated successfully.
       success: True
        status: 0
           fun: 77.1957832356637
             x: [ 3.904e-01  3.086e-01  1.526e+00  1.139e+00]
           nit: 76
          nfev: 133
 final_simplex: (array([[ 3.904e-01,  3.086e-01,  1.526e+00,  1.139e+00],
                       [ 3.904e-01,  3.086e-01,  1.526e+00,  1.139e+00],
                       ...,
                       [ 3.904e-01,  3.086e-01,  1.526e+00,  1.139e+00],
                       [ 3.904e-01,  3.086e-01,  1.526e+00,  1.139e+00]]), array([ 7.720e+01,  7.720e+01,  7.720e+01,  7.720e+01,
                        7.720e+01]))
   param_names: ['d', 'e', 'f', 'g']
[0.39036142 0.30858385 1.52649615 1.1387704 ]
{'d': 0.39036141637972427, 'e': 0.3085838458478612, 'f': 1.52649615350991, 'g': 1.138770402336173}
Previous:  {'d': 0.39603327864389215, 'e': 0.3083617067610314, 'f': 1.5306918130793563, 'g': 1.1407913205303775}


##############################


prev {'d': 0.39036141637972427, 'e': 0.3085838458478612, 'f': 1.52649615350991, 'g': 1.138770402336173}
Starting ML Fit
Box92_1400
       message: Optimization terminated successfully.
       success: True
        status: 0
           fun: 77.04354498370986
             x: [ 3.860e-01  3.088e-01  1.522e+00  1.138e+00]
           nit: 69
          nfev: 124
 final_simplex: (array([[ 3.860e-01,  3.088e-01,  1.522e+00,  1.138e+00],
                       [ 3.860e-01,  3.088e-01,  1.522e+00,  1.138e+00],
                       ...,
                       [ 3.860e-01,  3.088e-01,  1.522e+00,  1.138e+00],
                       [ 3.861e-01,  3.088e-01,  1.522e+00,  1.138e+00]]), array([ 7.704e+01,  7.704e+01,  7.704e+01,  7.704e+01,
                        7.704e+01]))
   param_names: ['d', 'e', 'f', 'g']
[0.38604903 0.30879627 1.5220514  1.13822203]
{'d': 0.386049032449471, 'e': 0.3087962745866909, 'f': 1.5220514002753345, 'g': 1.138222026413941}
Previous:  {'d': 0.39036141637972427, 'e': 0.3085838458478612, 'f': 1.52649615350991, 'g': 1.138770402336173}


##############################


prev {'d': 0.386049032449471, 'e': 0.3087962745866909, 'f': 1.5220514002753345, 'g': 1.138222026413941}
Starting ML Fit
Box92_1400
       message: Optimization terminated successfully.
       success: True
        status: 0
           fun: 80.16500962316921
             x: [ 3.825e-01  3.090e-01  1.518e+00  1.138e+00]
           nit: 82
          nfev: 143
 final_simplex: (array([[ 3.825e-01,  3.090e-01,  1.518e+00,  1.138e+00],
                       [ 3.825e-01,  3.090e-01,  1.518e+00,  1.138e+00],
                       ...,
                       [ 3.825e-01,  3.089e-01,  1.518e+00,  1.138e+00],
                       [ 3.825e-01,  3.090e-01,  1.518e+00,  1.138e+00]]), array([ 8.017e+01,  8.017e+01,  8.017e+01,  8.017e+01,
                        8.017e+01]))
   param_names: ['d', 'e', 'f', 'g']
[0.38248025 0.30897585 1.51817312 1.13847066]
{'d': 0.3824802475631013, 'e': 0.3089758517207819, 'f': 1.518173124182447, 'g': 1.1384706593406926}
Previous:  {'d': 0.386049032449471, 'e': 0.3087962745866909, 'f': 1.5220514002753345, 'g': 1.138222026413941}


##############################


prev {'d': 0.3824802475631013, 'e': 0.3089758517207819, 'f': 1.518173124182447, 'g': 1.1384706593406926}
Starting ML Fit
Box92_1400
       message: Optimization terminated successfully.
       success: True
        status: 0
           fun: 76.81609423801214
             x: [ 3.792e-01  3.092e-01  1.513e+00  1.138e+00]
           nit: 79
          nfev: 142
 final_simplex: (array([[ 3.792e-01,  3.092e-01,  1.513e+00,  1.138e+00],
                       [ 3.792e-01,  3.092e-01,  1.513e+00,  1.138e+00],
                       ...,
                       [ 3.792e-01,  3.092e-01,  1.513e+00,  1.138e+00],
                       [ 3.792e-01,  3.092e-01,  1.513e+00,  1.138e+00]]), array([ 7.682e+01,  7.682e+01,  7.682e+01,  7.682e+01,
                        7.682e+01]))
   param_names: ['d', 'e', 'f', 'g']
[0.37920719 0.30922466 1.51278519 1.13786081]
{'d': 0.3792071900204324, 'e': 0.3092246573110974, 'f': 1.5127851948457158, 'g': 1.1378608059961703}
Previous:  {'d': 0.3824802475631013, 'e': 0.3089758517207819, 'f': 1.518173124182447, 'g': 1.1384706593406926}


##############################


prev {'d': 0.3792071900204324, 'e': 0.3092246573110974, 'f': 1.5127851948457158, 'g': 1.1378608059961703}
Starting ML Fit
Box92_1400
       message: Optimization terminated successfully.
       success: True
        status: 0
           fun: 73.31292737460532
             x: [ 3.766e-01  3.093e-01  1.510e+00  1.139e+00]
           nit: 77
          nfev: 138
 final_simplex: (array([[ 3.766e-01,  3.093e-01,  1.510e+00,  1.139e+00],
                       [ 3.766e-01,  3.093e-01,  1.510e+00,  1.139e+00],
                       ...,
                       [ 3.766e-01,  3.094e-01,  1.510e+00,  1.139e+00],
                       [ 3.766e-01,  3.093e-01,  1.510e+00,  1.139e+00]]), array([ 7.331e+01,  7.331e+01,  7.331e+01,  7.331e+01,
                        7.331e+01]))
   param_names: ['d', 'e', 'f', 'g']
[0.37660426 0.30933436 1.51008865 1.13872681]
{'d': 0.37660425903328254, 'e': 0.3093343607057136, 'f': 1.5100886535666453, 'g': 1.138726805898549}
Previous:  {'d': 0.3792071900204324, 'e': 0.3092246573110974, 'f': 1.5127851948457158, 'g': 1.1378608059961703}


##############################


prev {'d': 0.37660425903328254, 'e': 0.3093343607057136, 'f': 1.5100886535666453, 'g': 1.138726805898549}
Starting ML Fit
Box92_1400
       message: Optimization terminated successfully.
       success: True
        status: 0
           fun: 65.80381709448453
             x: [ 3.761e-01  3.096e-01  1.503e+00  1.141e+00]
           nit: 76
          nfev: 135
 final_simplex: (array([[ 3.761e-01,  3.096e-01,  1.503e+00,  1.141e+00],
                       [ 3.761e-01,  3.096e-01,  1.503e+00,  1.141e+00],
                       ...,
                       [ 3.761e-01,  3.096e-01,  1.503e+00,  1.141e+00],
                       [ 3.761e-01,  3.096e-01,  1.503e+00,  1.141e+00]]), array([ 6.580e+01,  6.580e+01,  6.580e+01,  6.580e+01,
                        6.580e+01]))
   param_names: ['d', 'e', 'f', 'g']
[0.3760802  0.30960433 1.50286697 1.14101842]
{'d': 0.3760802005481863, 'e': 0.3096043256376516, 'f': 1.5028669735120133, 'g': 1.141018422603831}
Previous:  {'d': 0.37660425903328254, 'e': 0.3093343607057136, 'f': 1.5100886535666453, 'g': 1.138726805898549}


##############################


prev {'d': 0.3760802005481863, 'e': 0.3096043256376516, 'f': 1.5028669735120133, 'g': 1.141018422603831}
Starting ML Fit
Box92_1400
       message: Optimization terminated successfully.
       success: True
        status: 0
           fun: 48.76726194865337
             x: [ 3.670e-01  3.096e-01  1.501e+00  1.144e+00]
           nit: 70
          nfev: 124
 final_simplex: (array([[ 3.670e-01,  3.096e-01,  1.501e+00,  1.144e+00],
                       [ 3.670e-01,  3.096e-01,  1.501e+00,  1.144e+00],
                       ...,
                       [ 3.670e-01,  3.097e-01,  1.501e+00,  1.144e+00],
                       [ 3.671e-01,  3.097e-01,  1.501e+00,  1.144e+00]]), array([ 4.877e+01,  4.877e+01,  4.877e+01,  4.877e+01,
                        4.877e+01]))
   param_names: ['d', 'e', 'f', 'g']
[0.3670183  0.30964696 1.50112059 1.14354245]
{'d': 0.36701830345534, 'e': 0.30964696237409906, 'f': 1.5011205866128678, 'g': 1.1435424499130997}
Previous:  {'d': 0.3760802005481863, 'e': 0.3096043256376516, 'f': 1.5028669735120133, 'g': 1.141018422603831}


##############################


prev {'d': 0.36701830345534, 'e': 0.30964696237409906, 'f': 1.5011205866128678, 'g': 1.1435424499130997}
Starting ML Fit
Box92_1400
       message: Optimization terminated successfully.
       success: True
        status: 0
           fun: 41.44559124656249
             x: [ 3.688e-01  3.097e-01  1.498e+00  1.150e+00]
           nit: 70
          nfev: 127
 final_simplex: (array([[ 3.688e-01,  3.097e-01,  1.498e+00,  1.150e+00],
                       [ 3.688e-01,  3.098e-01,  1.498e+00,  1.150e+00],
                       ...,
                       [ 3.688e-01,  3.098e-01,  1.498e+00,  1.150e+00],
                       [ 3.688e-01,  3.098e-01,  1.498e+00,  1.150e+00]]), array([ 4.145e+01,  4.145e+01,  4.145e+01,  4.145e+01,
                        4.145e+01]))
   param_names: ['d', 'e', 'f', 'g']
[0.36875777 0.30973517 1.49841182 1.1500779 ]
{'d': 0.3687577703277184, 'e': 0.30973517364861436, 'f': 1.4984118248847653, 'g': 1.1500778983370936}
Previous:  {'d': 0.36701830345534, 'e': 0.30964696237409906, 'f': 1.5011205866128678, 'g': 1.1435424499130997}


##############################


prev {'d': 0.3687577703277184, 'e': 0.30973517364861436, 'f': 1.4984118248847653, 'g': 1.1500778983370936}
Starting ML Fit
Box92_1400
       message: Optimization terminated successfully.
       success: True
        status: 0
           fun: 23.870439101817052
             x: [ 3.734e-01  3.098e-01  1.496e+00  1.161e+00]
           nit: 85
          nfev: 152
 final_simplex: (array([[ 3.734e-01,  3.098e-01,  1.496e+00,  1.161e+00],
                       [ 3.734e-01,  3.098e-01,  1.496e+00,  1.161e+00],
                       ...,
                       [ 3.734e-01,  3.098e-01,  1.496e+00,  1.161e+00],
                       [ 3.734e-01,  3.097e-01,  1.496e+00,  1.161e+00]]), array([ 2.387e+01,  2.387e+01,  2.387e+01,  2.387e+01,
                        2.387e+01]))
   param_names: ['d', 'e', 'f', 'g']
[0.37343492 0.30979579 1.49625268 1.16068468]
{'d': 0.37343492311981974, 'e': 0.3097957874823796, 'f': 1.496252675872487, 'g': 1.1606846830674782}
Previous:  {'d': 0.3687577703277184, 'e': 0.30973517364861436, 'f': 1.4984118248847653, 'g': 1.1500778983370936}


