alist [1.0, 0.953321, 0.866399, 0.787402, 0.715608, 0.65036, 0.620002, 0.591061, 0.563471, 0.537169, 0.512095, 0.488191, 0.403224, 0.366459, 0.302679]
Curr: Box8_1400 , Prev: Box3_1400 
##############################


prev {'d': 2.0704550773611636, 'e': 0.9941056074126894, 'f': 0.5137832353248772, 'g': 1.2385239847319056}
Starting ML Fit
Box8_1400
       message: Optimization terminated successfully.
       success: True
        status: 0
           fun: 124.06574450420182
             x: [ 2.086e+00  1.001e+00  4.965e-01  1.254e+00]
           nit: 66
          nfev: 121
 final_simplex: (array([[ 2.086e+00,  1.001e+00,  4.965e-01,  1.254e+00],
                       [ 2.087e+00,  1.001e+00,  4.965e-01,  1.254e+00],
                       ...,
                       [ 2.086e+00,  1.001e+00,  4.965e-01,  1.254e+00],
                       [ 2.086e+00,  1.001e+00,  4.965e-01,  1.254e+00]]), array([ 1.241e+02,  1.241e+02,  1.241e+02,  1.241e+02,
                        1.241e+02]))
   param_names: ['d', 'e', 'f', 'g']
[2.08644717 1.00142771 0.49651768 1.25390971]
{'d': 2.086447166507776, 'e': 1.0014277122060409, 'f': 0.4965176804575559, 'g': 1.253909711427616}
Previous:  {'d': 2.0704550773611636, 'e': 0.9941056074126894, 'f': 0.5137832353248772, 'g': 1.2385239847319056}


##############################


asserting exponential supression start at lower masses
prev {'d': 2.086447166507776, 'e': 1.0014277122060409, 'f': 0.4965176804575559, 'g': 1.253909711427616}
Starting ML Fit
Box8_1400
       message: Optimization terminated successfully.
       success: True
        status: 0
           fun: 124.16065161655158
             x: [ 2.115e+00  1.010e+00  4.905e-01  1.265e+00]
           nit: 91
          nfev: 166
 final_simplex: (array([[ 2.115e+00,  1.010e+00,  4.905e-01,  1.265e+00],
                       [ 2.115e+00,  1.010e+00,  4.905e-01,  1.265e+00],
                       ...,
                       [ 2.115e+00,  1.010e+00,  4.905e-01,  1.265e+00],
                       [ 2.115e+00,  1.010e+00,  4.905e-01,  1.265e+00]]), array([ 1.242e+02,  1.242e+02,  1.242e+02,  1.242e+02,
                        1.242e+02]))
   param_names: ['d', 'e', 'f', 'g']
[2.11490847 1.0103696  0.4905116  1.26462236]
{'d': 2.1149084650137016, 'e': 1.0103696005345264, 'f': 0.49051160389871823, 'g': 1.264622363008424}
Previous:  {'d': 2.086447166507776, 'e': 1.0014277122060409, 'f': 0.4965176804575559, 'g': 1.253909711427616}


##############################


asserting exponential supression start at lower masses
prev {'d': 2.1149084650137016, 'e': 1.0103696005345264, 'f': 0.49051160389871823, 'g': 1.264622363008424}
Starting ML Fit
Box8_1400
       message: Optimization terminated successfully.
       success: True
        status: 0
           fun: 107.28744252372167
             x: [ 2.148e+00  1.016e+00  4.812e-01  1.275e+00]
           nit: 106
          nfev: 185
 final_simplex: (array([[ 2.148e+00,  1.016e+00,  4.812e-01,  1.275e+00],
                       [ 2.149e+00,  1.016e+00,  4.812e-01,  1.275e+00],
                       ...,
                       [ 2.148e+00,  1.016e+00,  4.812e-01,  1.275e+00],
                       [ 2.148e+00,  1.016e+00,  4.812e-01,  1.275e+00]]), array([ 1.073e+02,  1.073e+02,  1.073e+02,  1.073e+02,
                        1.073e+02]))
   param_names: ['d', 'e', 'f', 'g']
[2.14846203 1.01588698 0.48117693 1.27487196]
{'d': 2.1484620280760467, 'e': 1.0158869844274925, 'f': 0.4811769294777359, 'g': 1.2748719586928798}
Previous:  {'d': 2.1149084650137016, 'e': 1.0103696005345264, 'f': 0.49051160389871823, 'g': 1.264622363008424}


##############################


asserting exponential supression start at lower masses
prev {'d': 2.1484620280760467, 'e': 1.0158869844274925, 'f': 0.4811769294777359, 'g': 1.2748719586928798}
Starting ML Fit
Box8_1400
       message: Optimization terminated successfully.
       success: True
        status: 0
           fun: 103.41233479105185
             x: [ 2.178e+00  1.018e+00  4.735e-01  1.282e+00]
           nit: 68
          nfev: 124
 final_simplex: (array([[ 2.178e+00,  1.018e+00,  4.735e-01,  1.282e+00],
                       [ 2.178e+00,  1.018e+00,  4.735e-01,  1.282e+00],
                       ...,
                       [ 2.178e+00,  1.018e+00,  4.735e-01,  1.282e+00],
                       [ 2.178e+00,  1.018e+00,  4.735e-01,  1.282e+00]]), array([ 1.034e+02,  1.034e+02,  1.034e+02,  1.034e+02,
                        1.034e+02]))
   param_names: ['d', 'e', 'f', 'g']
[2.17776308 1.01811388 0.47352808 1.28192143]
{'d': 2.177763082792729, 'e': 1.0181138753421521, 'f': 0.4735280797284638, 'g': 1.2819214292369616}
Previous:  {'d': 2.1484620280760467, 'e': 1.0158869844274925, 'f': 0.4811769294777359, 'g': 1.2748719586928798}


##############################


asserting exponential supression start at lower masses
prev {'d': 2.177763082792729, 'e': 1.0181138753421521, 'f': 0.4735280797284638, 'g': 1.2819214292369616}
Starting ML Fit
Box8_1400
       message: Optimization terminated successfully.
       success: True
        status: 0
           fun: 102.58649442465084
             x: [ 2.227e+00  1.021e+00  4.667e-01  1.290e+00]
           nit: 80
          nfev: 142
 final_simplex: (array([[ 2.227e+00,  1.021e+00,  4.667e-01,  1.290e+00],
                       [ 2.227e+00,  1.021e+00,  4.667e-01,  1.290e+00],
                       ...,
                       [ 2.227e+00,  1.021e+00,  4.667e-01,  1.290e+00],
                       [ 2.227e+00,  1.021e+00,  4.667e-01,  1.290e+00]]), array([ 1.026e+02,  1.026e+02,  1.026e+02,  1.026e+02,
                        1.026e+02]))
   param_names: ['d', 'e', 'f', 'g']
[2.22658155 1.02066576 0.46666762 1.29002092]
{'d': 2.22658155370622, 'e': 1.0206657587277588, 'f': 0.4666676173602555, 'g': 1.2900209239246128}
Previous:  {'d': 2.177763082792729, 'e': 1.0181138753421521, 'f': 0.4735280797284638, 'g': 1.2819214292369616}


##############################


asserting exponential supression start at lower masses
prev {'d': 2.22658155370622, 'e': 1.0206657587277588, 'f': 0.4666676173602555, 'g': 1.2900209239246128}
Starting ML Fit
Box8_1400
       message: Optimization terminated successfully.
       success: True
        status: 0
           fun: 85.8694156991218
             x: [ 2.256e+00  1.021e+00  4.613e-01  1.294e+00]
           nit: 77
          nfev: 138
 final_simplex: (array([[ 2.256e+00,  1.021e+00,  4.613e-01,  1.294e+00],
                       [ 2.256e+00,  1.021e+00,  4.613e-01,  1.294e+00],
                       ...,
                       [ 2.256e+00,  1.021e+00,  4.613e-01,  1.294e+00],
                       [ 2.256e+00,  1.021e+00,  4.613e-01,  1.294e+00]]), array([ 8.587e+01,  8.587e+01,  8.587e+01,  8.587e+01,
                        8.587e+01]))
   param_names: ['d', 'e', 'f', 'g']
[2.25606744 1.02136483 0.46132054 1.2944073 ]
{'d': 2.2560674397320435, 'e': 1.0213648305000986, 'f': 0.4613205380995117, 'g': 1.2944073021496147}
Previous:  {'d': 2.22658155370622, 'e': 1.0206657587277588, 'f': 0.4666676173602555, 'g': 1.2900209239246128}


##############################


asserting exponential supression start at lower masses
prev {'d': 2.2560674397320435, 'e': 1.0213648305000986, 'f': 0.4613205380995117, 'g': 1.2944073021496147}
Starting ML Fit
Box8_1400
       message: Optimization terminated successfully.
       success: True
        status: 0
           fun: 84.60377391589546
             x: [ 2.296e+00  1.023e+00  4.574e-01  1.299e+00]
           nit: 92
          nfev: 163
 final_simplex: (array([[ 2.296e+00,  1.023e+00,  4.574e-01,  1.299e+00],
                       [ 2.296e+00,  1.023e+00,  4.574e-01,  1.299e+00],
                       ...,
                       [ 2.296e+00,  1.023e+00,  4.574e-01,  1.299e+00],
                       [ 2.296e+00,  1.023e+00,  4.574e-01,  1.299e+00]]), array([ 8.460e+01,  8.460e+01,  8.460e+01,  8.460e+01,
                        8.460e+01]))
   param_names: ['d', 'e', 'f', 'g']
[2.2963191  1.02322086 0.45742132 1.29895355]
{'d': 2.296319096336633, 'e': 1.0232208632937136, 'f': 0.45742131824566723, 'g': 1.29895355013107}
Previous:  {'d': 2.2560674397320435, 'e': 1.0213648305000986, 'f': 0.4613205380995117, 'g': 1.2944073021496147}


##############################


asserting exponential supression start at lower masses
prev {'d': 2.296319096336633, 'e': 1.0232208632937136, 'f': 0.45742131824566723, 'g': 1.29895355013107}
Starting ML Fit
Box8_1400
       message: Optimization terminated successfully.
       success: True
        status: 0
           fun: 78.72136345159
             x: [ 2.308e+00  1.024e+00  4.553e-01  1.302e+00]
           nit: 79
          nfev: 141
 final_simplex: (array([[ 2.308e+00,  1.024e+00,  4.553e-01,  1.302e+00],
                       [ 2.308e+00,  1.024e+00,  4.553e-01,  1.302e+00],
                       ...,
                       [ 2.308e+00,  1.024e+00,  4.553e-01,  1.302e+00],
                       [ 2.308e+00,  1.024e+00,  4.553e-01,  1.302e+00]]), array([ 7.872e+01,  7.872e+01,  7.872e+01,  7.872e+01,
                        7.872e+01]))
   param_names: ['d', 'e', 'f', 'g']
[2.30810717 1.02380948 0.45532456 1.30165381]
{'d': 2.3081071733276914, 'e': 1.0238094801589606, 'f': 0.4553245564899695, 'g': 1.3016538092538052}
Previous:  {'d': 2.296319096336633, 'e': 1.0232208632937136, 'f': 0.45742131824566723, 'g': 1.29895355013107}


##############################


asserting exponential supression start at lower masses
prev {'d': 2.3081071733276914, 'e': 1.0238094801589606, 'f': 0.4553245564899695, 'g': 1.3016538092538052}
Starting ML Fit
Box8_1400
       message: Optimization terminated successfully.
       success: True
        status: 0
           fun: 75.51712101913972
             x: [ 2.319e+00  1.023e+00  4.530e-01  1.302e+00]
           nit: 75
          nfev: 134
 final_simplex: (array([[ 2.319e+00,  1.023e+00,  4.530e-01,  1.302e+00],
                       [ 2.319e+00,  1.023e+00,  4.530e-01,  1.302e+00],
                       ...,
                       [ 2.319e+00,  1.023e+00,  4.530e-01,  1.302e+00],
                       [ 2.319e+00,  1.023e+00,  4.530e-01,  1.302e+00]]), array([ 7.552e+01,  7.552e+01,  7.552e+01,  7.552e+01,
                        7.552e+01]))
   param_names: ['d', 'e', 'f', 'g']
[2.3186154  1.02333221 0.45298856 1.30211647]
{'d': 2.3186153959251135, 'e': 1.0233322063431873, 'f': 0.4529885636999247, 'g': 1.3021164666138314}
Previous:  {'d': 2.3081071733276914, 'e': 1.0238094801589606, 'f': 0.4553245564899695, 'g': 1.3016538092538052}


##############################


asserting exponential supression start at lower masses
prev {'d': 2.3186153959251135, 'e': 1.0233322063431873, 'f': 0.4529885636999247, 'g': 1.3021164666138314}
Starting ML Fit
Box8_1400
       message: Optimization terminated successfully.
       success: True
        status: 0
           fun: 74.36145021462133
             x: [ 2.338e+00  1.022e+00  4.496e-01  1.302e+00]
           nit: 92
          nfev: 163
 final_simplex: (array([[ 2.338e+00,  1.022e+00,  4.496e-01,  1.302e+00],
                       [ 2.338e+00,  1.022e+00,  4.496e-01,  1.302e+00],
                       ...,
                       [ 2.338e+00,  1.022e+00,  4.496e-01,  1.302e+00],
                       [ 2.338e+00,  1.022e+00,  4.496e-01,  1.302e+00]]), array([ 7.436e+01,  7.436e+01,  7.436e+01,  7.436e+01,
                        7.436e+01]))
   param_names: ['d', 'e', 'f', 'g']
[2.33844283 1.02213676 0.44958929 1.30211713]
{'d': 2.3384428267593877, 'e': 1.0221367609807723, 'f': 0.44958929495943145, 'g': 1.302117127621298}
Previous:  {'d': 2.3186153959251135, 'e': 1.0233322063431873, 'f': 0.4529885636999247, 'g': 1.3021164666138314}


##############################


asserting exponential supression start at lower masses
prev {'d': 2.3384428267593877, 'e': 1.0221367609807723, 'f': 0.44958929495943145, 'g': 1.302117127621298}
Starting ML Fit
Box8_1400
       message: Optimization terminated successfully.
       success: True
        status: 0
           fun: 69.17644734068675
             x: [ 2.355e+00  1.021e+00  4.464e-01  1.302e+00]
           nit: 87
          nfev: 155
 final_simplex: (array([[ 2.355e+00,  1.021e+00,  4.464e-01,  1.302e+00],
                       [ 2.355e+00,  1.021e+00,  4.464e-01,  1.302e+00],
                       ...,
                       [ 2.355e+00,  1.021e+00,  4.464e-01,  1.302e+00],
                       [ 2.355e+00,  1.021e+00,  4.464e-01,  1.302e+00]]), array([ 6.918e+01,  6.918e+01,  6.918e+01,  6.918e+01,
                        6.918e+01]))
   param_names: ['d', 'e', 'f', 'g']
[2.35488927 1.02109653 0.44642559 1.30211739]
{'d': 2.3548892693263346, 'e': 1.0210965346271972, 'f': 0.44642559351433486, 'g': 1.3021173876183623}
Previous:  {'d': 2.3384428267593877, 'e': 1.0221367609807723, 'f': 0.44958929495943145, 'g': 1.302117127621298}


##############################


asserting exponential supression start at lower masses
prev {'d': 2.3548892693263346, 'e': 1.0210965346271972, 'f': 0.44642559351433486, 'g': 1.3021173876183623}
Starting ML Fit
Box8_1400
       message: Optimization terminated successfully.
       success: True
        status: 0
           fun: 60.01273123382256
             x: [ 2.378e+00  1.020e+00  4.429e-01  1.302e+00]
           nit: 99
          nfev: 180
 final_simplex: (array([[ 2.378e+00,  1.020e+00,  4.429e-01,  1.302e+00],
                       [ 2.378e+00,  1.020e+00,  4.429e-01,  1.302e+00],
                       ...,
                       [ 2.378e+00,  1.020e+00,  4.429e-01,  1.302e+00],
                       [ 2.378e+00,  1.020e+00,  4.429e-01,  1.302e+00]]), array([ 6.001e+01,  6.001e+01,  6.001e+01,  6.001e+01,
                        6.001e+01]))
   param_names: ['d', 'e', 'f', 'g']
[2.37826133 1.01960264 0.44293828 1.30211764]
{'d': 2.3782613266292882, 'e': 1.0196026350307679, 'f': 0.442938280402146, 'g': 1.302117635873678}
Previous:  {'d': 2.3548892693263346, 'e': 1.0210965346271972, 'f': 0.44642559351433486, 'g': 1.3021173876183623}


##############################


asserting exponential supression start at lower masses
prev {'d': 2.3782613266292882, 'e': 1.0196026350307679, 'f': 0.442938280402146, 'g': 1.302117635873678}
Starting ML Fit
Box8_1400
       message: Optimization terminated successfully.
       success: True
        status: 0
           fun: 54.228622015420854
             x: [ 2.459e+00  1.014e+00  4.297e-01  1.302e+00]
           nit: 165
          nfev: 282
 final_simplex: (array([[ 2.459e+00,  1.014e+00,  4.297e-01,  1.302e+00],
                       [ 2.458e+00,  1.014e+00,  4.297e-01,  1.302e+00],
                       ...,
                       [ 2.459e+00,  1.014e+00,  4.297e-01,  1.302e+00],
                       [ 2.458e+00,  1.014e+00,  4.297e-01,  1.302e+00]]), array([ 5.423e+01,  5.423e+01,  5.423e+01,  5.423e+01,
                        5.423e+01]))
   param_names: ['d', 'e', 'f', 'g']
[2.45854893 1.01370112 0.42970966 1.30211781]
{'d': 2.4585489321366314, 'e': 1.0137011201168087, 'f': 0.42970966445609454, 'g': 1.3021178115531342}
Previous:  {'d': 2.3782613266292882, 'e': 1.0196026350307679, 'f': 0.442938280402146, 'g': 1.302117635873678}


##############################


asserting exponential supression start at lower masses
prev {'d': 2.4585489321366314, 'e': 1.0137011201168087, 'f': 0.42970966445609454, 'g': 1.3021178115531342}
Starting ML Fit
Box8_1400
       message: Optimization terminated successfully.
       success: True
        status: 0
           fun: 45.083856081538855
             x: [ 2.534e+00  1.009e+00  4.189e-01  1.302e+00]
           nit: 191
          nfev: 324
 final_simplex: (array([[ 2.534e+00,  1.009e+00,  4.189e-01,  1.302e+00],
                       [ 2.534e+00,  1.009e+00,  4.189e-01,  1.302e+00],
                       ...,
                       [ 2.534e+00,  1.009e+00,  4.189e-01,  1.302e+00],
                       [ 2.534e+00,  1.009e+00,  4.189e-01,  1.302e+00]]), array([ 4.508e+01,  4.508e+01,  4.508e+01,  4.508e+01,
                        4.508e+01]))
   param_names: ['d', 'e', 'f', 'g']
[2.53427892 1.00877589 0.41890989 1.30211788]
{'d': 2.5342789176211027, 'e': 1.0087758873457924, 'f': 0.41890989427141956, 'g': 1.302117883144775}
Previous:  {'d': 2.4585489321366314, 'e': 1.0137011201168087, 'f': 0.42970966445609454, 'g': 1.3021178115531342}


##############################


asserting exponential supression start at lower masses
prev {'d': 2.5342789176211027, 'e': 1.0087758873457924, 'f': 0.41890989427141956, 'g': 1.302117883144775}
Starting ML Fit
Box8_1400
       message: Optimization terminated successfully.
       success: True
        status: 0
           fun: 36.19706011123664
             x: [ 2.531e+00  1.008e+00  4.179e-01  1.302e+00]
           nit: 101
          nfev: 185
 final_simplex: (array([[ 2.531e+00,  1.008e+00,  4.179e-01,  1.302e+00],
                       [ 2.531e+00,  1.009e+00,  4.179e-01,  1.302e+00],
                       ...,
                       [ 2.531e+00,  1.009e+00,  4.179e-01,  1.302e+00],
                       [ 2.531e+00,  1.009e+00,  4.179e-01,  1.302e+00]]), array([ 3.620e+01,  3.620e+01,  3.620e+01,  3.620e+01,
                        3.620e+01]))
   param_names: ['d', 'e', 'f', 'g']
[2.53076067 1.00849938 0.41791083 1.30211798]
{'d': 2.530760673458669, 'e': 1.00849938273693, 'f': 0.4179108263500092, 'g': 1.3021179754391985}
Previous:  {'d': 2.5342789176211027, 'e': 1.0087758873457924, 'f': 0.41890989427141956, 'g': 1.302117883144775}


