##############################


[0.302679, 0.366459, 0.403224, 0.488191, 0.512095, 0.537169, 0.563471, 0.591061, 0.620002, 0.65036, 0.715608, 0.787402, 0.866399, 0.953321, 1.0]
dict_keys([0.302679, 0.366459, 0.403224, 0.488191, 0.512095, 0.537169, 0.563471, 0.591061, 0.620002, 0.65036, 0.715608, 0.787402, 0.866399, 0.953321, 1.0])
prev {'d0': 2.1793022212434625, 'd1': -0.1542151924998103, 'e0': 0.9814531399740397, 'e1': 0.01991069059600689, 'f0': 0.45478382001521056, 'f1': 0.14972297366487525, 'g0': 1.247991462251429, 'g1': 0.009602048533875598}
Starting ML Fit
Box67_1400
       message: Optimization terminated successfully.
       success: True
        status: 0
           fun: 1289.3458562529665
             x: [ 2.220e+00 -1.772e-01  1.011e+00  1.478e-03  4.248e-01
                  1.594e-01  1.252e+00  2.179e-02]
           nit: 917
          nfev: 1357
 final_simplex: (array([[ 2.220e+00, -1.772e-01, ...,  1.252e+00,
                         2.179e-02],
                       [ 2.220e+00, -1.772e-01, ...,  1.252e+00,
                         2.178e-02],
                       ...,
                       [ 2.220e+00, -1.771e-01, ...,  1.252e+00,
                         2.180e-02],
                       [ 2.220e+00, -1.771e-01, ...,  1.252e+00,
                         2.180e-02]]), array([ 1.289e+03,  1.289e+03,  1.289e+03,  1.289e+03,
                        1.289e+03,  1.289e+03,  1.289e+03,  1.289e+03,
                        1.289e+03]))
   param_names: ['d0', 'd1', 'e0', 'e1', 'f0', 'f1', 'g0', 'g1']
[ 2.22000970e+00 -1.77153743e-01  1.01132786e+00  1.47816626e-03
  4.24775546e-01  1.59416954e-01  1.25208141e+00  2.17877654e-02]
{'d0': 2.220009699703784, 'd1': -0.17715374313531607, 'e0': 1.0113278564537407, 'e1': 0.001478166258889471, 'f0': 0.4247755464791608, 'f1': 0.15941695403079287, 'g0': 1.2520814146263297, 'g1': 0.021787765392493406}
-------------------
{'d0': 2.220009699703784, 'd1': -0.17715374313531607, 'e0': 1.0113278564537407, 'e1': 0.001478166258889471, 'f0': 0.4247755464791608, 'f1': 0.15941695403079287, 'g0': 1.2520814146263297, 'g1': 0.021787765392493406}
Previous:  {'d0': 2.1793022212434625, 'd1': -0.1542151924998103, 'e0': 0.9814531399740397, 'e1': 0.01991069059600689, 'f0': 0.45478382001521056, 'f1': 0.14972297366487525, 'g0': 1.247991462251429, 'g1': 0.009602048533875598}
-------------------
