##############################


[0.302679, 0.366459, 0.403224, 0.488191, 0.512095, 0.537169, 0.563471, 0.591061, 0.620002, 0.65036, 0.715608, 0.787402, 0.866399, 0.953321, 1.0]
dict_keys([0.302679, 0.366459, 0.403224, 0.488191, 0.512095, 0.537169, 0.563471, 0.591061, 0.620002, 0.65036, 0.715608, 0.787402, 0.866399, 0.953321, 1.0])
prev {'d0': 1.998883507573916, 'd1': -0.26860606792615876, 'e0': 1.0690081057765808, 'e1': 0.05082073479185443, 'f0': 0.440628544263682, 'f1': 0.17133501340053398, 'g0': 1.239795142180168, 'g1': 0.0027052370003269174}
Starting ML Fit
Box27_1400
       message: Optimization terminated successfully.
       success: True
        status: 0
           fun: 1700.1811722571167
             x: [ 1.959e+00 -2.265e-01  1.058e+00  7.218e-02  4.506e-01
                  1.339e-01  1.235e+00  2.499e-03]
           nit: 314
          nfev: 484
 final_simplex: (array([[ 1.959e+00, -2.265e-01, ...,  1.235e+00,
                         2.499e-03],
                       [ 1.959e+00, -2.265e-01, ...,  1.235e+00,
                         2.498e-03],
                       ...,
                       [ 1.959e+00, -2.265e-01, ...,  1.235e+00,
                         2.499e-03],
                       [ 1.959e+00, -2.265e-01, ...,  1.235e+00,
                         2.498e-03]]), array([ 1.700e+03,  1.700e+03,  1.700e+03,  1.700e+03,
                        1.700e+03,  1.700e+03,  1.700e+03,  1.700e+03,
                        1.700e+03]))
   param_names: ['d0', 'd1', 'e0', 'e1', 'f0', 'f1', 'g0', 'g1']
[ 1.95872862 -0.22651622  1.05824907  0.07218265  0.45063981  0.13393008
  1.23520623  0.00249889]
{'d0': 1.9587286241433237, 'd1': -0.22651622250105102, 'e0': 1.0582490715175248, 'e1': 0.07218264660899817, 'f0': 0.45063980639632584, 'f1': 0.13393007570407692, 'g0': 1.2352062256494036, 'g1': 0.002498893755666838}
-------------------
{'d0': 1.9587286241433237, 'd1': -0.22651622250105102, 'e0': 1.0582490715175248, 'e1': 0.07218264660899817, 'f0': 0.45063980639632584, 'f1': 0.13393007570407692, 'g0': 1.2352062256494036, 'g1': 0.002498893755666838}
Previous:  {'d0': 1.998883507573916, 'd1': -0.26860606792615876, 'e0': 1.0690081057765808, 'e1': 0.05082073479185443, 'f0': 0.440628544263682, 'f1': 0.17133501340053398, 'g0': 1.239795142180168, 'g1': 0.0027052370003269174}
-------------------
