##############################


[0.302679, 0.366459, 0.403224, 0.488191, 0.512095, 0.537169, 0.563471, 0.591061, 0.620002, 0.65036, 0.715608, 0.787402, 0.866399, 0.953321, 1.0]
dict_keys([0.302679, 0.366459, 0.403224, 0.488191, 0.512095, 0.537169, 0.563471, 0.591061, 0.620002, 0.65036, 0.715608, 0.787402, 0.866399, 0.953321, 1.0])
prev {'d0': 2.024796700389106, 'd1': -0.1908368915159412, 'e0': 1.0565652558476524, 'e1': 0.016358512400283215, 'f0': 0.4193239609409307, 'f1': 0.17048048740836874, 'g0': 1.235339302767668, 'g1': 0.0015571042551113597}
Starting ML Fit
Box30_1400
       message: Optimization terminated successfully.
       success: True
        status: 0
           fun: 1491.9423259986777
             x: [ 2.051e+00 -1.733e-01  1.066e+00  3.436e-02  4.196e-01
                  1.819e-01  1.240e+00  1.497e-03]
           nit: 561
          nfev: 844
 final_simplex: (array([[ 2.051e+00, -1.733e-01, ...,  1.240e+00,
                         1.497e-03],
                       [ 2.051e+00, -1.733e-01, ...,  1.240e+00,
                         1.497e-03],
                       ...,
                       [ 2.051e+00, -1.733e-01, ...,  1.240e+00,
                         1.497e-03],
                       [ 2.051e+00, -1.732e-01, ...,  1.240e+00,
                         1.497e-03]]), array([ 1.492e+03,  1.492e+03,  1.492e+03,  1.492e+03,
                        1.492e+03,  1.492e+03,  1.492e+03,  1.492e+03,
                        1.492e+03]))
   param_names: ['d0', 'd1', 'e0', 'e1', 'f0', 'f1', 'g0', 'g1']
[ 2.05089218e+00 -1.73275299e-01  1.06575827e+00  3.43604755e-02
  4.19624120e-01  1.81883954e-01  1.23987647e+00  1.49677081e-03]
{'d0': 2.050892179454489, 'd1': -0.17327529895622615, 'e0': 1.0657582691695335, 'e1': 0.03436047552217163, 'f0': 0.41962412008933103, 'f1': 0.1818839544914202, 'g0': 1.2398764699507963, 'g1': 0.0014967708085598297}
-------------------
{'d0': 2.050892179454489, 'd1': -0.17327529895622615, 'e0': 1.0657582691695335, 'e1': 0.03436047552217163, 'f0': 0.41962412008933103, 'f1': 0.1818839544914202, 'g0': 1.2398764699507963, 'g1': 0.0014967708085598297}
Previous:  {'d0': 2.024796700389106, 'd1': -0.1908368915159412, 'e0': 1.0565652558476524, 'e1': 0.016358512400283215, 'f0': 0.4193239609409307, 'f1': 0.17048048740836874, 'g0': 1.235339302767668, 'g1': 0.0015571042551113597}
-------------------
