##############################


[0.302679, 0.366459, 0.403224, 0.488191, 0.512095, 0.537169, 0.563471, 0.591061, 0.620002, 0.65036, 0.715608, 0.787402, 0.866399, 0.953321, 1.0]
dict_keys([0.302679, 0.366459, 0.403224, 0.488191, 0.512095, 0.537169, 0.563471, 0.591061, 0.620002, 0.65036, 0.715608, 0.787402, 0.866399, 0.953321, 1.0])
prev {'d0': 2.1629324562300267, 'd1': -0.14832492224759342, 'e0': 0.9431546884959887, 'e1': 0.03869313706348167, 'f0': 0.4889021970150048, 'f1': 0.1668145633098061, 'g0': 1.2399474539799074, 'g1': 0.0005235439347762133}
Starting ML Fit
Box39_1400
       message: Optimization terminated successfully.
       success: True
        status: 0
           fun: 1761.3137578375176
             x: [ 2.180e+00 -2.789e-01  9.926e-01  2.604e-02  4.639e-01
                  1.484e-01  1.271e+00  3.315e-04]
           nit: 559
          nfev: 842
 final_simplex: (array([[ 2.180e+00, -2.789e-01, ...,  1.271e+00,
                         3.315e-04],
                       [ 2.180e+00, -2.789e-01, ...,  1.271e+00,
                         3.315e-04],
                       ...,
                       [ 2.180e+00, -2.789e-01, ...,  1.271e+00,
                         3.314e-04],
                       [ 2.180e+00, -2.789e-01, ...,  1.271e+00,
                         3.315e-04]]), array([ 1.761e+03,  1.761e+03,  1.761e+03,  1.761e+03,
                        1.761e+03,  1.761e+03,  1.761e+03,  1.761e+03,
                        1.761e+03]))
   param_names: ['d0', 'd1', 'e0', 'e1', 'f0', 'f1', 'g0', 'g1']
[ 2.17965271e+00 -2.78854738e-01  9.92643233e-01  2.60360709e-02
  4.63913076e-01  1.48360688e-01  1.27145268e+00  3.31506151e-04]
{'d0': 2.179652709680628, 'd1': -0.27885473790226634, 'e0': 0.9926432330730308, 'e1': 0.026036070940818848, 'f0': 0.4639130760838366, 'f1': 0.1483606875459355, 'g0': 1.2714526753778284, 'g1': 0.0003315061513305015}
-------------------
{'d0': 2.179652709680628, 'd1': -0.27885473790226634, 'e0': 0.9926432330730308, 'e1': 0.026036070940818848, 'f0': 0.4639130760838366, 'f1': 0.1483606875459355, 'g0': 1.2714526753778284, 'g1': 0.0003315061513305015}
Previous:  {'d0': 2.1629324562300267, 'd1': -0.14832492224759342, 'e0': 0.9431546884959887, 'e1': 0.03869313706348167, 'f0': 0.4889021970150048, 'f1': 0.1668145633098061, 'g0': 1.2399474539799074, 'g1': 0.0005235439347762133}
-------------------
