alist [1.0, 0.953321, 0.866399, 0.787402, 0.715608, 0.65036, 0.620002, 0.591061, 0.563471, 0.537169, 0.512095, 0.488191, 0.403224, 0.366459, 0.302679]
Curr: Box25_1400, Prev: Box62_1400
##############################


prev {'d': 2.123519982862792, 'e': 0.9655290259086682, 'f': 0.5340642442787613, 'g': 1.2378476218417145}
Starting ML Fit
Box25_1400
       message: Optimization terminated successfully.
       success: True
        status: 0
           fun: 111.40548804149276
             x: [ 2.213e+00  9.446e-01  5.314e-01  1.240e+00]
           nit: 106
          nfev: 182
 final_simplex: (array([[ 2.213e+00,  9.446e-01,  5.314e-01,  1.240e+00],
                       [ 2.213e+00,  9.446e-01,  5.314e-01,  1.240e+00],
                       ...,
                       [ 2.213e+00,  9.446e-01,  5.314e-01,  1.240e+00],
                       [ 2.213e+00,  9.445e-01,  5.314e-01,  1.240e+00]]), array([ 1.114e+02,  1.114e+02,  1.114e+02,  1.114e+02,
                        1.114e+02]))
   param_names: ['d', 'e', 'f', 'g']
[2.21273856 0.94457611 0.53136143 1.24011497]
{'d': 2.212738557690674, 'e': 0.9445761108372592, 'f': 0.5313614303902652, 'g': 1.240114974681584}
Previous:  {'d': 2.123519982862792, 'e': 0.9655290259086682, 'f': 0.5340642442787613, 'g': 1.2378476218417145}


##############################


asserting exponential supression start at lower masses
prev {'d': 2.212738557690674, 'e': 0.9445761108372592, 'f': 0.5313614303902652, 'g': 1.240114974681584}
Starting ML Fit
Box25_1400
       message: Optimization terminated successfully.
       success: True
        status: 0
           fun: 104.84865161769565
             x: [ 2.246e+00  9.343e-01  5.279e-01  1.243e+00]
           nit: 96
          nfev: 168
 final_simplex: (array([[ 2.246e+00,  9.343e-01,  5.279e-01,  1.243e+00],
                       [ 2.246e+00,  9.343e-01,  5.279e-01,  1.243e+00],
                       ...,
                       [ 2.246e+00,  9.343e-01,  5.279e-01,  1.243e+00],
                       [ 2.246e+00,  9.343e-01,  5.279e-01,  1.243e+00]]), array([ 1.048e+02,  1.048e+02,  1.048e+02,  1.048e+02,
                        1.048e+02]))
   param_names: ['d', 'e', 'f', 'g']
[2.24601098 0.93434646 0.52785979 1.24344117]
{'d': 2.2460109810177107, 'e': 0.9343464617048792, 'f': 0.5278597913540387, 'g': 1.243441171046856}
Previous:  {'d': 2.212738557690674, 'e': 0.9445761108372592, 'f': 0.5313614303902652, 'g': 1.240114974681584}


##############################


asserting exponential supression start at lower masses
prev {'d': 2.2460109810177107, 'e': 0.9343464617048792, 'f': 0.5278597913540387, 'g': 1.243441171046856}
Starting ML Fit
Box25_1400
       message: Optimization terminated successfully.
       success: True
        status: 0
           fun: 100.72732373360311
             x: [ 2.316e+00  9.098e-01  5.231e-01  1.247e+00]
           nit: 86
          nfev: 152
 final_simplex: (array([[ 2.316e+00,  9.098e-01,  5.231e-01,  1.247e+00],
                       [ 2.316e+00,  9.098e-01,  5.232e-01,  1.247e+00],
                       ...,
                       [ 2.315e+00,  9.098e-01,  5.231e-01,  1.247e+00],
                       [ 2.316e+00,  9.098e-01,  5.231e-01,  1.247e+00]]), array([ 1.007e+02,  1.007e+02,  1.007e+02,  1.007e+02,
                        1.007e+02]))
   param_names: ['d', 'e', 'f', 'g']
[2.31554289 0.90980715 0.52313585 1.24723794]
{'d': 2.3155428866623966, 'e': 0.90980714628574, 'f': 0.5231358525547535, 'g': 1.2472379414735997}
Previous:  {'d': 2.2460109810177107, 'e': 0.9343464617048792, 'f': 0.5278597913540387, 'g': 1.243441171046856}


##############################


asserting exponential supression start at lower masses
prev {'d': 2.3155428866623966, 'e': 0.90980714628574, 'f': 0.5231358525547535, 'g': 1.2472379414735997}
Starting ML Fit
Box25_1400
       message: Optimization terminated successfully.
       success: True
        status: 0
           fun: 96.51285782340027
             x: [ 2.383e+00  8.999e-01  5.156e-01  1.254e+00]
           nit: 101
          nfev: 174
 final_simplex: (array([[ 2.383e+00,  8.999e-01,  5.156e-01,  1.254e+00],
                       [ 2.383e+00,  8.999e-01,  5.155e-01,  1.254e+00],
                       ...,
                       [ 2.383e+00,  8.999e-01,  5.156e-01,  1.254e+00],
                       [ 2.383e+00,  8.999e-01,  5.155e-01,  1.254e+00]]), array([ 9.651e+01,  9.651e+01,  9.651e+01,  9.651e+01,
                        9.651e+01]))
   param_names: ['d', 'e', 'f', 'g']
[2.38323946 0.89986377 0.51556423 1.25362254]
{'d': 2.38323946192814, 'e': 0.8998637696675689, 'f': 0.5155642286675328, 'g': 1.2536225405038204}
Previous:  {'d': 2.3155428866623966, 'e': 0.90980714628574, 'f': 0.5231358525547535, 'g': 1.2472379414735997}


##############################


asserting exponential supression start at lower masses
prev {'d': 2.38323946192814, 'e': 0.8998637696675689, 'f': 0.5155642286675328, 'g': 1.2536225405038204}
Starting ML Fit
Box25_1400
       message: Optimization terminated successfully.
       success: True
        status: 0
           fun: 98.24683589261676
             x: [ 2.439e+00  8.866e-01  5.102e-01  1.259e+00]
           nit: 122
          nfev: 211
 final_simplex: (array([[ 2.439e+00,  8.866e-01,  5.102e-01,  1.259e+00],
                       [ 2.439e+00,  8.866e-01,  5.102e-01,  1.259e+00],
                       ...,
                       [ 2.439e+00,  8.866e-01,  5.102e-01,  1.259e+00],
                       [ 2.439e+00,  8.866e-01,  5.102e-01,  1.259e+00]]), array([ 9.825e+01,  9.825e+01,  9.825e+01,  9.825e+01,
                        9.825e+01]))
   param_names: ['d', 'e', 'f', 'g']
[2.43864659 0.88662033 0.5102389  1.25866553]
{'d': 2.4386465859336375, 'e': 0.8866203278406942, 'f': 0.5102388991737158, 'g': 1.2586655262067117}
Previous:  {'d': 2.38323946192814, 'e': 0.8998637696675689, 'f': 0.5155642286675328, 'g': 1.2536225405038204}


##############################


asserting exponential supression start at lower masses
prev {'d': 2.4386465859336375, 'e': 0.8866203278406942, 'f': 0.5102388991737158, 'g': 1.2586655262067117}
Starting ML Fit
Box25_1400
       message: Optimization terminated successfully.
       success: True
        status: 0
           fun: 85.6728194108212
             x: [ 2.488e+00  8.645e-01  5.099e-01  1.259e+00]
           nit: 118
          nfev: 203
 final_simplex: (array([[ 2.488e+00,  8.645e-01,  5.099e-01,  1.259e+00],
                       [ 2.488e+00,  8.645e-01,  5.099e-01,  1.259e+00],
                       ...,
                       [ 2.488e+00,  8.645e-01,  5.099e-01,  1.259e+00],
                       [ 2.488e+00,  8.645e-01,  5.099e-01,  1.259e+00]]), array([ 8.567e+01,  8.567e+01,  8.567e+01,  8.567e+01,
                        8.567e+01]))
   param_names: ['d', 'e', 'f', 'g']
[2.48797453 0.86452753 0.50986483 1.25907895]
{'d': 2.4879745281344983, 'e': 0.8645275284895835, 'f': 0.5098648309150919, 'g': 1.2590789542217045}
Previous:  {'d': 2.4386465859336375, 'e': 0.8866203278406942, 'f': 0.5102388991737158, 'g': 1.2586655262067117}


##############################


asserting exponential supression start at lower masses
prev {'d': 2.4879745281344983, 'e': 0.8645275284895835, 'f': 0.5098648309150919, 'g': 1.2590789542217045}
Starting ML Fit
Box25_1400
       message: Optimization terminated successfully.
       success: True
        status: 0
           fun: 83.74517852408664
             x: [ 2.510e+00  8.545e-01  5.099e-01  1.259e+00]
           nit: 125
          nfev: 218
 final_simplex: (array([[ 2.510e+00,  8.545e-01,  5.099e-01,  1.259e+00],
                       [ 2.510e+00,  8.545e-01,  5.099e-01,  1.259e+00],
                       ...,
                       [ 2.510e+00,  8.545e-01,  5.099e-01,  1.259e+00],
                       [ 2.510e+00,  8.545e-01,  5.099e-01,  1.259e+00]]), array([ 8.375e+01,  8.375e+01,  8.375e+01,  8.375e+01,
                        8.375e+01]))
   param_names: ['d', 'e', 'f', 'g']
[2.51010455 0.85453864 0.50991117 1.25932402]
{'d': 2.510104549220805, 'e': 0.8545386361345759, 'f': 0.5099111700319088, 'g': 1.2593240198742557}
Previous:  {'d': 2.4879745281344983, 'e': 0.8645275284895835, 'f': 0.5098648309150919, 'g': 1.2590789542217045}


##############################


asserting exponential supression start at lower masses
prev {'d': 2.510104549220805, 'e': 0.8545386361345759, 'f': 0.5099111700319088, 'g': 1.2593240198742557}
Starting ML Fit
Box25_1400
       message: Optimization terminated successfully.
       success: True
        status: 0
           fun: 75.9424096761867
             x: [ 2.541e+00  8.446e-01  5.098e-01  1.259e+00]
           nit: 124
          nfev: 214
 final_simplex: (array([[ 2.541e+00,  8.446e-01,  5.098e-01,  1.259e+00],
                       [ 2.541e+00,  8.446e-01,  5.098e-01,  1.259e+00],
                       ...,
                       [ 2.541e+00,  8.446e-01,  5.098e-01,  1.259e+00],
                       [ 2.541e+00,  8.446e-01,  5.098e-01,  1.259e+00]]), array([ 7.594e+01,  7.594e+01,  7.594e+01,  7.594e+01,
                        7.594e+01]))
   param_names: ['d', 'e', 'f', 'g']
[2.54053865 0.84462624 0.5098028  1.2593248 ]
{'d': 2.540538646110476, 'e': 0.8446262371177364, 'f': 0.5098028040892694, 'g': 1.259324796113864}
Previous:  {'d': 2.510104549220805, 'e': 0.8545386361345759, 'f': 0.5099111700319088, 'g': 1.2593240198742557}


##############################


asserting exponential supression start at lower masses
prev {'d': 2.540538646110476, 'e': 0.8446262371177364, 'f': 0.5098028040892694, 'g': 1.259324796113864}
Starting ML Fit
Box25_1400
       message: Optimization terminated successfully.
       success: True
        status: 0
           fun: 73.08042478172895
             x: [ 2.577e+00  8.327e-01  5.110e-01  1.259e+00]
           nit: 116
          nfev: 197
 final_simplex: (array([[ 2.577e+00,  8.327e-01,  5.110e-01,  1.259e+00],
                       [ 2.577e+00,  8.327e-01,  5.111e-01,  1.259e+00],
                       ...,
                       [ 2.577e+00,  8.327e-01,  5.110e-01,  1.259e+00],
                       [ 2.577e+00,  8.328e-01,  5.110e-01,  1.259e+00]]), array([ 7.308e+01,  7.308e+01,  7.308e+01,  7.308e+01,
                        7.308e+01]))
   param_names: ['d', 'e', 'f', 'g']
[2.57727704 0.83272912 0.51104138 1.25932482]
{'d': 2.5772770448834272, 'e': 0.8327291159522998, 'f': 0.5110413775324303, 'g': 1.2593248188777157}
Previous:  {'d': 2.540538646110476, 'e': 0.8446262371177364, 'f': 0.5098028040892694, 'g': 1.259324796113864}


##############################


asserting exponential supression start at lower masses
prev {'d': 2.5772770448834272, 'e': 0.8327291159522998, 'f': 0.5110413775324303, 'g': 1.2593248188777157}
Starting ML Fit
Box25_1400
       message: Optimization terminated successfully.
       success: True
        status: 0
           fun: 71.36690337034557
             x: [ 2.608e+00  8.243e-01  5.112e-01  1.259e+00]
           nit: 107
          nfev: 187
 final_simplex: (array([[ 2.608e+00,  8.243e-01,  5.112e-01,  1.259e+00],
                       [ 2.608e+00,  8.243e-01,  5.112e-01,  1.259e+00],
                       ...,
                       [ 2.608e+00,  8.243e-01,  5.112e-01,  1.259e+00],
                       [ 2.608e+00,  8.243e-01,  5.112e-01,  1.259e+00]]), array([ 7.137e+01,  7.137e+01,  7.137e+01,  7.137e+01,
                        7.137e+01]))
   param_names: ['d', 'e', 'f', 'g']
[2.6077135  0.82426227 0.51121875 1.25932491]
{'d': 2.6077134988630513, 'e': 0.824262265044019, 'f': 0.5112187534244856, 'g': 1.2593249110381075}
Previous:  {'d': 2.5772770448834272, 'e': 0.8327291159522998, 'f': 0.5110413775324303, 'g': 1.2593248188777157}


##############################


asserting exponential supression start at lower masses
prev {'d': 2.6077134988630513, 'e': 0.824262265044019, 'f': 0.5112187534244856, 'g': 1.2593249110381075}
Starting ML Fit
Box25_1400
       message: Optimization terminated successfully.
       success: True
        status: 0
           fun: 68.15822931812112
             x: [ 2.634e+00  8.177e-01  5.107e-01  1.260e+00]
           nit: 92
          nfev: 169
 final_simplex: (array([[ 2.634e+00,  8.177e-01,  5.107e-01,  1.260e+00],
                       [ 2.634e+00,  8.177e-01,  5.107e-01,  1.260e+00],
                       ...,
                       [ 2.634e+00,  8.177e-01,  5.107e-01,  1.260e+00],
                       [ 2.634e+00,  8.177e-01,  5.107e-01,  1.260e+00]]), array([ 6.816e+01,  6.816e+01,  6.816e+01,  6.816e+01,
                        6.816e+01]))
   param_names: ['d', 'e', 'f', 'g']
[2.63442131 0.81772384 0.51072639 1.25953007]
{'d': 2.634421309242282, 'e': 0.8177238379248742, 'f': 0.5107263931585799, 'g': 1.259530066058777}
Previous:  {'d': 2.6077134988630513, 'e': 0.824262265044019, 'f': 0.5112187534244856, 'g': 1.2593249110381075}


##############################


asserting exponential supression start at lower masses
prev {'d': 2.634421309242282, 'e': 0.8177238379248742, 'f': 0.5107263931585799, 'g': 1.259530066058777}
Starting ML Fit
Box25_1400
       message: Optimization terminated successfully.
       success: True
        status: 0
           fun: 61.616084923807016
             x: [ 2.657e+00  8.116e-01  5.102e-01  1.260e+00]
           nit: 110
          nfev: 190
 final_simplex: (array([[ 2.657e+00,  8.116e-01,  5.102e-01,  1.260e+00],
                       [ 2.657e+00,  8.115e-01,  5.103e-01,  1.260e+00],
                       ...,
                       [ 2.657e+00,  8.116e-01,  5.103e-01,  1.260e+00],
                       [ 2.657e+00,  8.116e-01,  5.103e-01,  1.260e+00]]), array([ 6.162e+01,  6.162e+01,  6.162e+01,  6.162e+01,
                        6.162e+01]))
   param_names: ['d', 'e', 'f', 'g']
[2.65659483 0.81159795 0.51024233 1.25953025]
{'d': 2.656594825950573, 'e': 0.8115979502398437, 'f': 0.5102423313136274, 'g': 1.25953025038176}
Previous:  {'d': 2.634421309242282, 'e': 0.8177238379248742, 'f': 0.5107263931585799, 'g': 1.259530066058777}


##############################


asserting exponential supression start at lower masses
prev {'d': 2.656594825950573, 'e': 0.8115979502398437, 'f': 0.5102423313136274, 'g': 1.25953025038176}
Starting ML Fit
Box25_1400
       message: Optimization terminated successfully.
       success: True
        status: 0
           fun: 52.937631639203516
             x: [ 2.681e+00  7.946e-01  5.106e-01  1.260e+00]
           nit: 96
          nfev: 177
 final_simplex: (array([[ 2.681e+00,  7.946e-01,  5.106e-01,  1.260e+00],
                       [ 2.681e+00,  7.946e-01,  5.106e-01,  1.260e+00],
                       ...,
                       [ 2.681e+00,  7.946e-01,  5.106e-01,  1.260e+00],
                       [ 2.681e+00,  7.946e-01,  5.106e-01,  1.260e+00]]), array([ 5.294e+01,  5.294e+01,  5.294e+01,  5.294e+01,
                        5.294e+01]))
   param_names: ['d', 'e', 'f', 'g']
[2.6805823  0.79463939 0.51055197 1.25953068]
{'d': 2.680582295152858, 'e': 0.794639392143, 'f': 0.5105519725811961, 'g': 1.2595306773331543}
Previous:  {'d': 2.656594825950573, 'e': 0.8115979502398437, 'f': 0.5102423313136274, 'g': 1.25953025038176}


##############################


asserting exponential supression start at lower masses
prev {'d': 2.680582295152858, 'e': 0.794639392143, 'f': 0.5105519725811961, 'g': 1.2595306773331543}
Starting ML Fit
Box25_1400
       message: Optimization terminated successfully.
       success: True
        status: 0
           fun: 43.41577282022172
             x: [ 2.704e+00  7.871e-01  5.105e-01  1.260e+00]
           nit: 96
          nfev: 174
 final_simplex: (array([[ 2.704e+00,  7.871e-01,  5.105e-01,  1.260e+00],
                       [ 2.704e+00,  7.870e-01,  5.105e-01,  1.260e+00],
                       ...,
                       [ 2.704e+00,  7.871e-01,  5.104e-01,  1.260e+00],
                       [ 2.704e+00,  7.870e-01,  5.105e-01,  1.260e+00]]), array([ 4.342e+01,  4.342e+01,  4.342e+01,  4.342e+01,
                        4.342e+01]))
   param_names: ['d', 'e', 'f', 'g']
[2.7041336  0.78707745 0.51045656 1.25953091]
{'d': 2.704133602337612, 'e': 0.7870774526855381, 'f': 0.5104565617269673, 'g': 1.2595309103457748}
Previous:  {'d': 2.680582295152858, 'e': 0.794639392143, 'f': 0.5105519725811961, 'g': 1.2595306773331543}


##############################


asserting exponential supression start at lower masses
prev {'d': 2.704133602337612, 'e': 0.7870774526855381, 'f': 0.5104565617269673, 'g': 1.2595309103457748}
Starting ML Fit
Box25_1400
       message: Optimization terminated successfully.
       success: True
        status: 0
           fun: 22.5179870300801
             x: [ 2.609e+00  7.960e-01  5.108e-01  1.260e+00]
           nit: 86
          nfev: 152
 final_simplex: (array([[ 2.609e+00,  7.960e-01,  5.108e-01,  1.260e+00],
                       [ 2.609e+00,  7.960e-01,  5.108e-01,  1.260e+00],
                       ...,
                       [ 2.609e+00,  7.961e-01,  5.108e-01,  1.260e+00],
                       [ 2.609e+00,  7.960e-01,  5.108e-01,  1.260e+00]]), array([ 2.252e+01,  2.252e+01,  2.252e+01,  2.252e+01,
                        2.252e+01]))
   param_names: ['d', 'e', 'f', 'g']
[2.60872646 0.79602331 0.51076533 1.25994105]
{'d': 2.608726460140129, 'e': 0.7960233128025643, 'f': 0.5107653255491926, 'g': 1.2599410511682432}
Previous:  {'d': 2.704133602337612, 'e': 0.7870774526855381, 'f': 0.5104565617269673, 'g': 1.2595309103457748}


