alist [1.0, 0.953321, 0.866399, 0.787402, 0.715608, 0.65036, 0.620002, 0.591061, 0.563471, 0.537169, 0.512095, 0.488191, 0.403224, 0.366459, 0.302679]
Curr: Box27_1400, Prev: Box88_1400
##############################


prev {'d': 1.988628361628955, 'e': 1.0039331259948043, 'f': 0.5476182442502675, 'g': 1.2387026790869125}
Starting ML Fit
Box27_1400
       message: Optimization terminated successfully.
       success: True
        status: 0
           fun: 120.01498770580044
             x: [ 2.016e+00  1.002e+00  5.384e-01  1.241e+00]
           nit: 95
          nfev: 167
 final_simplex: (array([[ 2.016e+00,  1.002e+00,  5.384e-01,  1.241e+00],
                       [ 2.016e+00,  1.002e+00,  5.384e-01,  1.241e+00],
                       ...,
                       [ 2.016e+00,  1.002e+00,  5.384e-01,  1.241e+00],
                       [ 2.016e+00,  1.002e+00,  5.384e-01,  1.241e+00]]), array([ 1.200e+02,  1.200e+02,  1.200e+02,  1.200e+02,
                        1.200e+02]))
   param_names: ['d', 'e', 'f', 'g']
[2.01585252 1.0018367  0.53842343 1.24135811]
{'d': 2.0158525217010923, 'e': 1.0018367018971155, 'f': 0.5384234261780292, 'g': 1.2413581074224744}
Previous:  {'d': 1.988628361628955, 'e': 1.0039331259948043, 'f': 0.5476182442502675, 'g': 1.2387026790869125}


##############################


asserting exponential supression start at lower masses
prev {'d': 2.0158525217010923, 'e': 1.0018367018971155, 'f': 0.5384234261780292, 'g': 1.2413581074224744}
Starting ML Fit
Box27_1400
       message: Optimization terminated successfully.
       success: True
        status: 0
           fun: 106.7928834047572
             x: [ 2.032e+00  1.001e+00  5.335e-01  1.243e+00]
           nit: 81
          nfev: 143
 final_simplex: (array([[ 2.032e+00,  1.001e+00,  5.335e-01,  1.243e+00],
                       [ 2.031e+00,  1.001e+00,  5.335e-01,  1.243e+00],
                       ...,
                       [ 2.032e+00,  1.001e+00,  5.335e-01,  1.243e+00],
                       [ 2.031e+00,  1.001e+00,  5.335e-01,  1.243e+00]]), array([ 1.068e+02,  1.068e+02,  1.068e+02,  1.068e+02,
                        1.068e+02]))
   param_names: ['d', 'e', 'f', 'g']
[2.0315369  1.00112414 0.53354588 1.24315522]
{'d': 2.0315368979925292, 'e': 1.0011241375636004, 'f': 0.5335458759404368, 'g': 1.243155222738667}
Previous:  {'d': 2.0158525217010923, 'e': 1.0018367018971155, 'f': 0.5384234261780292, 'g': 1.2413581074224744}


##############################


asserting exponential supression start at lower masses
prev {'d': 2.0315368979925292, 'e': 1.0011241375636004, 'f': 0.5335458759404368, 'g': 1.243155222738667}
Starting ML Fit
Box27_1400
       message: Optimization terminated successfully.
       success: True
        status: 0
           fun: 105.5222649573438
             x: [ 2.053e+00  9.984e-01  5.234e-01  1.245e+00]
           nit: 120
          nfev: 210
 final_simplex: (array([[ 2.053e+00,  9.984e-01,  5.234e-01,  1.245e+00],
                       [ 2.053e+00,  9.984e-01,  5.234e-01,  1.245e+00],
                       ...,
                       [ 2.053e+00,  9.984e-01,  5.234e-01,  1.245e+00],
                       [ 2.053e+00,  9.984e-01,  5.234e-01,  1.245e+00]]), array([ 1.055e+02,  1.055e+02,  1.055e+02,  1.055e+02,
                        1.055e+02]))
   param_names: ['d', 'e', 'f', 'g']
[2.05259638 0.9984306  0.52340729 1.24514302]
{'d': 2.052596382878646, 'e': 0.9984306013626787, 'f': 0.5234072863660095, 'g': 1.2451430211851342}
Previous:  {'d': 2.0315368979925292, 'e': 1.0011241375636004, 'f': 0.5335458759404368, 'g': 1.243155222738667}


##############################


asserting exponential supression start at lower masses
prev {'d': 2.052596382878646, 'e': 0.9984306013626787, 'f': 0.5234072863660095, 'g': 1.2451430211851342}
Starting ML Fit
Box27_1400
       message: Optimization terminated successfully.
       success: True
        status: 0
           fun: 104.77273432839519
             x: [ 2.059e+00  9.948e-01  5.140e-01  1.246e+00]
           nit: 94
          nfev: 172
 final_simplex: (array([[ 2.059e+00,  9.948e-01,  5.140e-01,  1.246e+00],
                       [ 2.059e+00,  9.947e-01,  5.140e-01,  1.246e+00],
                       ...,
                       [ 2.059e+00,  9.947e-01,  5.140e-01,  1.246e+00],
                       [ 2.059e+00,  9.947e-01,  5.140e-01,  1.246e+00]]), array([ 1.048e+02,  1.048e+02,  1.048e+02,  1.048e+02,
                        1.048e+02]))
   param_names: ['d', 'e', 'f', 'g']
[2.05911229 0.99476075 0.51396097 1.24619613]
{'d': 2.0591122948541822, 'e': 0.994760753696644, 'f': 0.513960971471306, 'g': 1.2461961268284858}
Previous:  {'d': 2.052596382878646, 'e': 0.9984306013626787, 'f': 0.5234072863660095, 'g': 1.2451430211851342}


##############################


asserting exponential supression start at lower masses
prev {'d': 2.0591122948541822, 'e': 0.994760753696644, 'f': 0.513960971471306, 'g': 1.2461961268284858}
Starting ML Fit
Box27_1400
       message: Optimization terminated successfully.
       success: True
        status: 0
           fun: 100.34700095439793
             x: [ 2.068e+00  9.903e-01  5.056e-01  1.246e+00]
           nit: 111
          nfev: 194
 final_simplex: (array([[ 2.068e+00,  9.903e-01,  5.056e-01,  1.246e+00],
                       [ 2.068e+00,  9.904e-01,  5.056e-01,  1.246e+00],
                       ...,
                       [ 2.068e+00,  9.904e-01,  5.056e-01,  1.246e+00],
                       [ 2.069e+00,  9.903e-01,  5.056e-01,  1.246e+00]]), array([ 1.003e+02,  1.003e+02,  1.003e+02,  1.003e+02,
                        1.003e+02]))
   param_names: ['d', 'e', 'f', 'g']
[2.06846271 0.99032243 0.50561374 1.24619801]
{'d': 2.068462712316949, 'e': 0.9903224345286112, 'f': 0.5056137369291469, 'g': 1.2461980145928035}
Previous:  {'d': 2.0591122948541822, 'e': 0.994760753696644, 'f': 0.513960971471306, 'g': 1.2461961268284858}


##############################


asserting exponential supression start at lower masses
prev {'d': 2.068462712316949, 'e': 0.9903224345286112, 'f': 0.5056137369291469, 'g': 1.2461980145928035}
Starting ML Fit
Box27_1400
       message: Optimization terminated successfully.
       success: True
        status: 0
           fun: 98.87562291043669
             x: [ 2.107e+00  9.873e-01  4.960e-01  1.248e+00]
           nit: 75
          nfev: 133
 final_simplex: (array([[ 2.107e+00,  9.873e-01,  4.960e-01,  1.248e+00],
                       [ 2.107e+00,  9.873e-01,  4.960e-01,  1.248e+00],
                       ...,
                       [ 2.107e+00,  9.873e-01,  4.960e-01,  1.247e+00],
                       [ 2.107e+00,  9.873e-01,  4.960e-01,  1.248e+00]]), array([ 9.888e+01,  9.888e+01,  9.888e+01,  9.888e+01,
                        9.888e+01]))
   param_names: ['d', 'e', 'f', 'g']
[2.10744946 0.98728821 0.49602022 1.24752099]
{'d': 2.1074494565647512, 'e': 0.9872882076705534, 'f': 0.49602021707992905, 'g': 1.2475209897727937}
Previous:  {'d': 2.068462712316949, 'e': 0.9903224345286112, 'f': 0.5056137369291469, 'g': 1.2461980145928035}


##############################


asserting exponential supression start at lower masses
prev {'d': 2.1074494565647512, 'e': 0.9872882076705534, 'f': 0.49602021707992905, 'g': 1.2475209897727937}
Starting ML Fit
Box27_1400
       message: Optimization terminated successfully.
       success: True
        status: 0
           fun: 91.35153277983257
             x: [ 2.113e+00  9.846e-01  4.924e-01  1.248e+00]
           nit: 143
          nfev: 240
 final_simplex: (array([[ 2.113e+00,  9.846e-01,  4.924e-01,  1.248e+00],
                       [ 2.113e+00,  9.846e-01,  4.924e-01,  1.248e+00],
                       ...,
                       [ 2.112e+00,  9.846e-01,  4.924e-01,  1.248e+00],
                       [ 2.113e+00,  9.846e-01,  4.924e-01,  1.248e+00]]), array([ 9.135e+01,  9.135e+01,  9.135e+01,  9.135e+01,
                        9.135e+01]))
   param_names: ['d', 'e', 'f', 'g']
[2.11254228 0.98460879 0.4924425  1.24752113]
{'d': 2.112542277087435, 'e': 0.9846087934234968, 'f': 0.4924425035200709, 'g': 1.2475211332515235}
Previous:  {'d': 2.1074494565647512, 'e': 0.9872882076705534, 'f': 0.49602021707992905, 'g': 1.2475209897727937}


##############################


asserting exponential supression start at lower masses
prev {'d': 2.112542277087435, 'e': 0.9846087934234968, 'f': 0.4924425035200709, 'g': 1.2475211332515235}
Starting ML Fit
Box27_1400
       message: Optimization terminated successfully.
       success: True
        status: 0
           fun: 83.38104790793028
             x: [ 2.118e+00  9.819e-01  4.890e-01  1.248e+00]
           nit: 107
          nfev: 193
 final_simplex: (array([[ 2.118e+00,  9.819e-01,  4.890e-01,  1.248e+00],
                       [ 2.118e+00,  9.819e-01,  4.891e-01,  1.248e+00],
                       ...,
                       [ 2.118e+00,  9.818e-01,  4.891e-01,  1.248e+00],
                       [ 2.118e+00,  9.819e-01,  4.890e-01,  1.248e+00]]), array([ 8.338e+01,  8.338e+01,  8.338e+01,  8.338e+01,
                        8.338e+01]))
   param_names: ['d', 'e', 'f', 'g']
[2.11826128 0.98187804 0.48904825 1.24752133]
{'d': 2.1182612835896366, 'e': 0.981878036025463, 'f': 0.4890482491619095, 'g': 1.2475213272933987}
Previous:  {'d': 2.112542277087435, 'e': 0.9846087934234968, 'f': 0.4924425035200709, 'g': 1.2475211332515235}


##############################


asserting exponential supression start at lower masses
prev {'d': 2.1182612835896366, 'e': 0.981878036025463, 'f': 0.4890482491619095, 'g': 1.2475213272933987}
Starting ML Fit
Box27_1400
       message: Optimization terminated successfully.
       success: True
        status: 0
           fun: 82.09271743660814
             x: [ 2.127e+00  9.795e-01  4.856e-01  1.248e+00]
           nit: 116
          nfev: 211
 final_simplex: (array([[ 2.127e+00,  9.795e-01,  4.856e-01,  1.248e+00],
                       [ 2.127e+00,  9.795e-01,  4.856e-01,  1.248e+00],
                       ...,
                       [ 2.127e+00,  9.795e-01,  4.856e-01,  1.248e+00],
                       [ 2.127e+00,  9.795e-01,  4.856e-01,  1.248e+00]]), array([ 8.209e+01,  8.209e+01,  8.209e+01,  8.209e+01,
                        8.209e+01]))
   param_names: ['d', 'e', 'f', 'g']
[2.12743585 0.97953683 0.48555674 1.2475214 ]
{'d': 2.127435848128136, 'e': 0.9795368308555226, 'f': 0.4855567374622045, 'g': 1.24752140223871}
Previous:  {'d': 2.1182612835896366, 'e': 0.981878036025463, 'f': 0.4890482491619095, 'g': 1.2475213272933987}


##############################


asserting exponential supression start at lower masses
prev {'d': 2.127435848128136, 'e': 0.9795368308555226, 'f': 0.4855567374622045, 'g': 1.24752140223871}
Starting ML Fit
Box27_1400
       message: Optimization terminated successfully.
       success: True
        status: 0
           fun: 87.02473339459094
             x: [ 2.132e+00  9.768e-01  4.825e-01  1.248e+00]
           nit: 132
          nfev: 220
 final_simplex: (array([[ 2.132e+00,  9.768e-01,  4.825e-01,  1.248e+00],
                       [ 2.131e+00,  9.768e-01,  4.824e-01,  1.248e+00],
                       ...,
                       [ 2.131e+00,  9.768e-01,  4.825e-01,  1.248e+00],
                       [ 2.131e+00,  9.768e-01,  4.825e-01,  1.248e+00]]), array([ 8.702e+01,  8.702e+01,  8.702e+01,  8.702e+01,
                        8.702e+01]))
   param_names: ['d', 'e', 'f', 'g']
[2.13153899 0.97681037 0.48246194 1.24752152]
{'d': 2.131538991401463, 'e': 0.9768103659407178, 'f': 0.4824619415978514, 'g': 1.2475215151201056}
Previous:  {'d': 2.127435848128136, 'e': 0.9795368308555226, 'f': 0.4855567374622045, 'g': 1.24752140223871}


##############################


asserting exponential supression start at lower masses
prev {'d': 2.131538991401463, 'e': 0.9768103659407178, 'f': 0.4824619415978514, 'g': 1.2475215151201056}
Starting ML Fit
Box27_1400
       message: Optimization terminated successfully.
       success: True
        status: 0
           fun: 75.23172890912538
             x: [ 2.161e+00  9.743e-01  4.778e-01  1.248e+00]
           nit: 80
          nfev: 148
 final_simplex: (array([[ 2.161e+00,  9.743e-01,  4.778e-01,  1.248e+00],
                       [ 2.162e+00,  9.743e-01,  4.778e-01,  1.248e+00],
                       ...,
                       [ 2.162e+00,  9.743e-01,  4.778e-01,  1.248e+00],
                       [ 2.162e+00,  9.743e-01,  4.778e-01,  1.248e+00]]), array([ 7.523e+01,  7.523e+01,  7.523e+01,  7.523e+01,
                        7.523e+01]))
   param_names: ['d', 'e', 'f', 'g']
[2.16145443 0.97431768 0.47775336 1.24752223]
{'d': 2.1614544326905984, 'e': 0.9743176841930523, 'f': 0.47775336232009175, 'g': 1.2475222345009271}
Previous:  {'d': 2.131538991401463, 'e': 0.9768103659407178, 'f': 0.4824619415978514, 'g': 1.2475215151201056}


##############################


asserting exponential supression start at lower masses
prev {'d': 2.1614544326905984, 'e': 0.9743176841930523, 'f': 0.47775336232009175, 'g': 1.2475222345009271}
Starting ML Fit
Box27_1400
       message: Optimization terminated successfully.
       success: True
        status: 0
           fun: 74.58646246817315
             x: [ 2.171e+00  9.712e-01  4.746e-01  1.248e+00]
           nit: 85
          nfev: 154
 final_simplex: (array([[ 2.171e+00,  9.712e-01,  4.746e-01,  1.248e+00],
                       [ 2.171e+00,  9.712e-01,  4.746e-01,  1.248e+00],
                       ...,
                       [ 2.171e+00,  9.712e-01,  4.746e-01,  1.248e+00],
                       [ 2.171e+00,  9.712e-01,  4.746e-01,  1.248e+00]]), array([ 7.459e+01,  7.459e+01,  7.459e+01,  7.459e+01,
                        7.459e+01]))
   param_names: ['d', 'e', 'f', 'g']
[2.17121935 0.97123883 0.47462075 1.24752343]
{'d': 2.171219348702179, 'e': 0.9712388259633347, 'f': 0.474620753018831, 'g': 1.2475234319118407}
Previous:  {'d': 2.1614544326905984, 'e': 0.9743176841930523, 'f': 0.47775336232009175, 'g': 1.2475222345009271}


##############################


asserting exponential supression start at lower masses
prev {'d': 2.171219348702179, 'e': 0.9712388259633347, 'f': 0.474620753018831, 'g': 1.2475234319118407}
Starting ML Fit
Box27_1400
       message: Optimization terminated successfully.
       success: True
        status: 0
           fun: 61.4322623480527
             x: [ 2.201e+00  9.663e-01  4.622e-01  1.248e+00]
           nit: 124
          nfev: 216
 final_simplex: (array([[ 2.201e+00,  9.663e-01,  4.622e-01,  1.248e+00],
                       [ 2.201e+00,  9.663e-01,  4.622e-01,  1.248e+00],
                       ...,
                       [ 2.201e+00,  9.662e-01,  4.622e-01,  1.248e+00],
                       [ 2.201e+00,  9.663e-01,  4.622e-01,  1.248e+00]]), array([ 6.143e+01,  6.143e+01,  6.143e+01,  6.143e+01,
                        6.143e+01]))
   param_names: ['d', 'e', 'f', 'g']
[2.20118734 0.96625183 0.46221666 1.24752383]
{'d': 2.2011873424912736, 'e': 0.9662518322363478, 'f': 0.46221666201660694, 'g': 1.2475238271419768}
Previous:  {'d': 2.171219348702179, 'e': 0.9712388259633347, 'f': 0.474620753018831, 'g': 1.2475234319118407}


##############################


asserting exponential supression start at lower masses
prev {'d': 2.2011873424912736, 'e': 0.9662518322363478, 'f': 0.46221666201660694, 'g': 1.2475238271419768}
Starting ML Fit
Box27_1400
       message: Optimization terminated successfully.
       success: True
        status: 0
           fun: 52.01537367960735
             x: [ 2.242e+00  9.632e-01  4.534e-01  1.248e+00]
           nit: 109
          nfev: 194
 final_simplex: (array([[ 2.242e+00,  9.632e-01,  4.534e-01,  1.248e+00],
                       [ 2.242e+00,  9.632e-01,  4.534e-01,  1.248e+00],
                       ...,
                       [ 2.242e+00,  9.632e-01,  4.534e-01,  1.248e+00],
                       [ 2.242e+00,  9.632e-01,  4.534e-01,  1.248e+00]]), array([ 5.202e+01,  5.202e+01,  5.202e+01,  5.202e+01,
                        5.202e+01]))
   param_names: ['d', 'e', 'f', 'g']
[2.24164891 0.96321434 0.45342839 1.24752396]
{'d': 2.2416489081780018, 'e': 0.9632143406882938, 'f': 0.4534283939901711, 'g': 1.2475239565375813}
Previous:  {'d': 2.2011873424912736, 'e': 0.9662518322363478, 'f': 0.46221666201660694, 'g': 1.2475238271419768}


##############################


asserting exponential supression start at lower masses
prev {'d': 2.2416489081780018, 'e': 0.9632143406882938, 'f': 0.4534283939901711, 'g': 1.2475239565375813}
Starting ML Fit
Box27_1400
       message: Optimization terminated successfully.
       success: True
        status: 0
           fun: 37.63879002099444
             x: [ 2.282e+00  9.583e-01  4.413e-01  1.248e+00]
           nit: 124
          nfev: 211
 final_simplex: (array([[ 2.282e+00,  9.583e-01,  4.413e-01,  1.248e+00],
                       [ 2.283e+00,  9.583e-01,  4.413e-01,  1.248e+00],
                       ...,
                       [ 2.282e+00,  9.583e-01,  4.413e-01,  1.248e+00],
                       [ 2.283e+00,  9.583e-01,  4.413e-01,  1.248e+00]]), array([ 3.764e+01,  3.764e+01,  3.764e+01,  3.764e+01,
                        3.764e+01]))
   param_names: ['d', 'e', 'f', 'g']
[2.28249414 0.9583068  0.44128491 1.24752416]
{'d': 2.2824941411014708, 'e': 0.9583068009515927, 'f': 0.4412849053994966, 'g': 1.2475241590578212}
Previous:  {'d': 2.2416489081780018, 'e': 0.9632143406882938, 'f': 0.4534283939901711, 'g': 1.2475239565375813}


