alist [1.0, 0.953321, 0.866399, 0.787402, 0.715608, 0.65036, 0.620002, 0.591061, 0.563471, 0.537169, 0.512095, 0.488191, 0.403224, 0.366459, 0.302679]
Curr: Box82_1400, Prev: Box_n50_30_1400
##############################


prev {'d': 0.41681610032739674, 'e': 0.3006010885407998, 'f': 1.6489374700368895, 'g': 1.1604340056217355}
Starting ML Fit
Box82_1400
       message: Optimization terminated successfully.
       success: True
        status: 0
           fun: 115.26734337582991
             x: [ 4.152e-01  2.990e-01  1.673e+00  1.169e+00]
           nit: 62
          nfev: 113
 final_simplex: (array([[ 4.152e-01,  2.990e-01,  1.673e+00,  1.169e+00],
                       [ 4.152e-01,  2.990e-01,  1.673e+00,  1.169e+00],
                       ...,
                       [ 4.152e-01,  2.990e-01,  1.673e+00,  1.169e+00],
                       [ 4.152e-01,  2.989e-01,  1.673e+00,  1.169e+00]]), array([ 1.153e+02,  1.153e+02,  1.153e+02,  1.153e+02,
                        1.153e+02]))
   param_names: ['d', 'e', 'f', 'g']
[0.41523918 0.2989737  1.67302938 1.1690724 ]
{'d': 0.41523918065502136, 'e': 0.2989737015808711, 'f': 1.6730293794361037, 'g': 1.1690724026507158}
Previous:  {'d': 0.41681610032739674, 'e': 0.3006010885407998, 'f': 1.6489374700368895, 'g': 1.1604340056217355}


##############################


prev {'d': 0.41523918065502136, 'e': 0.2989737015808711, 'f': 1.6730293794361037, 'g': 1.1690724026507158}
Starting ML Fit
Box82_1400
       message: Optimization terminated successfully.
       success: True
        status: 0
           fun: 111.74878576485519
             x: [ 4.106e-01  2.974e-01  1.696e+00  1.175e+00]
           nit: 89
          nfev: 153
 final_simplex: (array([[ 4.106e-01,  2.974e-01,  1.696e+00,  1.175e+00],
                       [ 4.106e-01,  2.974e-01,  1.696e+00,  1.175e+00],
                       ...,
                       [ 4.106e-01,  2.974e-01,  1.696e+00,  1.175e+00],
                       [ 4.106e-01,  2.975e-01,  1.696e+00,  1.175e+00]]), array([ 1.117e+02,  1.117e+02,  1.117e+02,  1.117e+02,
                        1.117e+02]))
   param_names: ['d', 'e', 'f', 'g']
[0.41058882 0.29742881 1.69562021 1.17490969]
{'d': 0.4105888192084536, 'e': 0.2974288095839731, 'f': 1.6956202139496208, 'g': 1.1749096895098754}
Previous:  {'d': 0.41523918065502136, 'e': 0.2989737015808711, 'f': 1.6730293794361037, 'g': 1.1690724026507158}


##############################


prev {'d': 0.4105888192084536, 'e': 0.2974288095839731, 'f': 1.6956202139496208, 'g': 1.1749096895098754}
Starting ML Fit
Box82_1400
       message: Optimization terminated successfully.
       success: True
        status: 0
           fun: 103.22325542802255
             x: [ 4.006e-01  2.957e-01  1.720e+00  1.179e+00]
           nit: 80
          nfev: 139
 final_simplex: (array([[ 4.006e-01,  2.957e-01,  1.720e+00,  1.179e+00],
                       [ 4.007e-01,  2.958e-01,  1.720e+00,  1.179e+00],
                       ...,
                       [ 4.006e-01,  2.957e-01,  1.720e+00,  1.179e+00],
                       [ 4.006e-01,  2.957e-01,  1.720e+00,  1.179e+00]]), array([ 1.032e+02,  1.032e+02,  1.032e+02,  1.032e+02,
                        1.032e+02]))
   param_names: ['d', 'e', 'f', 'g']
[0.40064376 0.29572826 1.71987192 1.17882987]
{'d': 0.40064375535724445, 'e': 0.2957282626868959, 'f': 1.7198719209563538, 'g': 1.1788298731694433}
Previous:  {'d': 0.4105888192084536, 'e': 0.2974288095839731, 'f': 1.6956202139496208, 'g': 1.1749096895098754}


##############################


prev {'d': 0.40064375535724445, 'e': 0.2957282626868959, 'f': 1.7198719209563538, 'g': 1.1788298731694433}
Starting ML Fit
Box82_1400
       message: Optimization terminated successfully.
       success: True
        status: 0
           fun: 106.02009527304249
             x: [ 3.919e-01  2.938e-01  1.747e+00  1.184e+00]
           nit: 88
          nfev: 155
 final_simplex: (array([[ 3.919e-01,  2.938e-01,  1.747e+00,  1.184e+00],
                       [ 3.920e-01,  2.938e-01,  1.747e+00,  1.184e+00],
                       ...,
                       [ 3.920e-01,  2.938e-01,  1.747e+00,  1.184e+00],
                       [ 3.920e-01,  2.939e-01,  1.747e+00,  1.184e+00]]), array([ 1.060e+02,  1.060e+02,  1.060e+02,  1.060e+02,
                        1.060e+02]))
   param_names: ['d', 'e', 'f', 'g']
[0.3919481  0.29382602 1.74721985 1.18380852]
{'d': 0.39194809780276924, 'e': 0.2938260234606511, 'f': 1.747219849943297, 'g': 1.1838085237500207}
Previous:  {'d': 0.40064375535724445, 'e': 0.2957282626868959, 'f': 1.7198719209563538, 'g': 1.1788298731694433}


##############################


prev {'d': 0.39194809780276924, 'e': 0.2938260234606511, 'f': 1.747219849943297, 'g': 1.1838085237500207}
Starting ML Fit
Box82_1400
       message: Optimization terminated successfully.
       success: True
        status: 0
           fun: 101.55493957982966
             x: [ 3.824e-01  2.923e-01  1.771e+00  1.184e+00]
           nit: 85
          nfev: 153
 final_simplex: (array([[ 3.824e-01,  2.923e-01,  1.771e+00,  1.184e+00],
                       [ 3.824e-01,  2.923e-01,  1.771e+00,  1.184e+00],
                       ...,
                       [ 3.825e-01,  2.923e-01,  1.771e+00,  1.184e+00],
                       [ 3.824e-01,  2.923e-01,  1.771e+00,  1.184e+00]]), array([ 1.016e+02,  1.016e+02,  1.016e+02,  1.016e+02,
                        1.016e+02]))
   param_names: ['d', 'e', 'f', 'g']
[0.38244483 0.29231845 1.77103026 1.1840601 ]
{'d': 0.38244483071732494, 'e': 0.2923184481727815, 'f': 1.7710302629888661, 'g': 1.184060099706611}
Previous:  {'d': 0.39194809780276924, 'e': 0.2938260234606511, 'f': 1.747219849943297, 'g': 1.1838085237500207}


##############################


prev {'d': 0.38244483071732494, 'e': 0.2923184481727815, 'f': 1.7710302629888661, 'g': 1.184060099706611}
Starting ML Fit
Box82_1400
       message: Optimization terminated successfully.
       success: True
        status: 0
           fun: 88.06333204613126
             x: [ 3.744e-01  2.913e-01  1.788e+00  1.183e+00]
           nit: 78
          nfev: 144
 final_simplex: (array([[ 3.744e-01,  2.913e-01,  1.788e+00,  1.183e+00],
                       [ 3.744e-01,  2.913e-01,  1.788e+00,  1.183e+00],
                       ...,
                       [ 3.744e-01,  2.912e-01,  1.788e+00,  1.183e+00],
                       [ 3.744e-01,  2.912e-01,  1.788e+00,  1.183e+00]]), array([ 8.806e+01,  8.806e+01,  8.806e+01,  8.806e+01,
                        8.806e+01]))
   param_names: ['d', 'e', 'f', 'g']
[0.37442143 0.2912851  1.78820262 1.18274794]
{'d': 0.37442143113697346, 'e': 0.29128509943398917, 'f': 1.7882026166886522, 'g': 1.1827479416717321}
Previous:  {'d': 0.38244483071732494, 'e': 0.2923184481727815, 'f': 1.7710302629888661, 'g': 1.184060099706611}


##############################


prev {'d': 0.37442143113697346, 'e': 0.29128509943398917, 'f': 1.7882026166886522, 'g': 1.1827479416717321}
Starting ML Fit
Box82_1400
       message: Optimization terminated successfully.
       success: True
        status: 0
           fun: 88.75079181197353
             x: [ 3.700e-01  2.906e-01  1.799e+00  1.182e+00]
           nit: 77
          nfev: 135
 final_simplex: (array([[ 3.700e-01,  2.906e-01,  1.799e+00,  1.182e+00],
                       [ 3.700e-01,  2.906e-01,  1.799e+00,  1.182e+00],
                       ...,
                       [ 3.700e-01,  2.906e-01,  1.799e+00,  1.182e+00],
                       [ 3.700e-01,  2.906e-01,  1.799e+00,  1.182e+00]]), array([ 8.875e+01,  8.875e+01,  8.875e+01,  8.875e+01,
                        8.875e+01]))
   param_names: ['d', 'e', 'f', 'g']
[0.37000649 0.29057769 1.79937595 1.18191352]
{'d': 0.3700064894081952, 'e': 0.2905776933238582, 'f': 1.7993759454517453, 'g': 1.1819135165605612}
Previous:  {'d': 0.37442143113697346, 'e': 0.29128509943398917, 'f': 1.7882026166886522, 'g': 1.1827479416717321}


##############################


prev {'d': 0.3700064894081952, 'e': 0.2905776933238582, 'f': 1.7993759454517453, 'g': 1.1819135165605612}
Starting ML Fit
Box82_1400
       message: Optimization terminated successfully.
       success: True
        status: 0
           fun: 76.7159096415167
             x: [ 3.673e-01  2.904e-01  1.802e+00  1.181e+00]
           nit: 75
          nfev: 132
 final_simplex: (array([[ 3.673e-01,  2.904e-01,  1.802e+00,  1.181e+00],
                       [ 3.673e-01,  2.905e-01,  1.802e+00,  1.182e+00],
                       ...,
                       [ 3.673e-01,  2.905e-01,  1.802e+00,  1.181e+00],
                       [ 3.673e-01,  2.905e-01,  1.803e+00,  1.182e+00]]), array([ 7.672e+01,  7.672e+01,  7.672e+01,  7.672e+01,
                        7.672e+01]))
   param_names: ['d', 'e', 'f', 'g']
[0.36731091 0.29043347 1.80243256 1.18149672]
{'d': 0.36731091161130214, 'e': 0.2904334736651666, 'f': 1.8024325570611213, 'g': 1.181496720892841}
Previous:  {'d': 0.3700064894081952, 'e': 0.2905776933238582, 'f': 1.7993759454517453, 'g': 1.1819135165605612}


##############################


prev {'d': 0.36731091161130214, 'e': 0.2904334736651666, 'f': 1.8024325570611213, 'g': 1.181496720892841}
Starting ML Fit
Box82_1400
       message: Optimization terminated successfully.
       success: True
        status: 0
           fun: 74.75808772439636
             x: [ 3.638e-01  2.903e-01  1.806e+00  1.180e+00]
           nit: 65
          nfev: 117
 final_simplex: (array([[ 3.638e-01,  2.903e-01,  1.806e+00,  1.180e+00],
                       [ 3.638e-01,  2.902e-01,  1.806e+00,  1.180e+00],
                       ...,
                       [ 3.638e-01,  2.903e-01,  1.806e+00,  1.180e+00],
                       [ 3.638e-01,  2.902e-01,  1.806e+00,  1.180e+00]]), array([ 7.476e+01,  7.476e+01,  7.476e+01,  7.476e+01,
                        7.476e+01]))
   param_names: ['d', 'e', 'f', 'g']
[0.36378364 0.29025539 1.80578824 1.17954178]
{'d': 0.3637836439037325, 'e': 0.29025539129027045, 'f': 1.805788235418694, 'g': 1.1795417755182673}
Previous:  {'d': 0.36731091161130214, 'e': 0.2904334736651666, 'f': 1.8024325570611213, 'g': 1.181496720892841}


##############################


prev {'d': 0.3637836439037325, 'e': 0.29025539129027045, 'f': 1.805788235418694, 'g': 1.1795417755182673}
Starting ML Fit
Box82_1400
       message: Optimization terminated successfully.
       success: True
        status: 0
           fun: 69.4782283561454
             x: [ 3.606e-01  2.901e-01  1.809e+00  1.177e+00]
           nit: 89
          nfev: 159
 final_simplex: (array([[ 3.606e-01,  2.901e-01,  1.809e+00,  1.177e+00],
                       [ 3.606e-01,  2.901e-01,  1.809e+00,  1.177e+00],
                       ...,
                       [ 3.606e-01,  2.901e-01,  1.809e+00,  1.177e+00],
                       [ 3.606e-01,  2.901e-01,  1.809e+00,  1.177e+00]]), array([ 6.948e+01,  6.948e+01,  6.948e+01,  6.948e+01,
                        6.948e+01]))
   param_names: ['d', 'e', 'f', 'g']
[0.36055264 0.29007127 1.80922342 1.17712224]
{'d': 0.36055263616415373, 'e': 0.290071272887904, 'f': 1.8092234178049518, 'g': 1.1771222368941925}
Previous:  {'d': 0.3637836439037325, 'e': 0.29025539129027045, 'f': 1.805788235418694, 'g': 1.1795417755182673}


##############################


prev {'d': 0.36055263616415373, 'e': 0.290071272887904, 'f': 1.8092234178049518, 'g': 1.1771222368941925}
Starting ML Fit
Box82_1400
       message: Optimization terminated successfully.
       success: True
        status: 0
           fun: 72.2172035101219
             x: [ 3.565e-01  2.896e-01  1.818e+00  1.175e+00]
           nit: 56
          nfev: 106
 final_simplex: (array([[ 3.565e-01,  2.896e-01,  1.818e+00,  1.175e+00],
                       [ 3.566e-01,  2.896e-01,  1.818e+00,  1.175e+00],
                       ...,
                       [ 3.566e-01,  2.897e-01,  1.818e+00,  1.175e+00],
                       [ 3.566e-01,  2.897e-01,  1.818e+00,  1.175e+00]]), array([ 7.222e+01,  7.222e+01,  7.222e+01,  7.222e+01,
                        7.222e+01]))
   param_names: ['d', 'e', 'f', 'g']
[0.35654066 0.28963593 1.81768041 1.1745644 ]
{'d': 0.3565406558858635, 'e': 0.28963592726918774, 'f': 1.8176804143684389, 'g': 1.174564399131232}
Previous:  {'d': 0.36055263616415373, 'e': 0.290071272887904, 'f': 1.8092234178049518, 'g': 1.1771222368941925}


##############################


prev {'d': 0.3565406558858635, 'e': 0.28963592726918774, 'f': 1.8176804143684389, 'g': 1.174564399131232}
Starting ML Fit
Box82_1400
       message: Optimization terminated successfully.
       success: True
        status: 0
           fun: 60.847731130931415
             x: [ 3.564e-01  2.895e-01  1.819e+00  1.176e+00]
           nit: 56
          nfev: 105
 final_simplex: (array([[ 3.564e-01,  2.895e-01,  1.819e+00,  1.176e+00],
                       [ 3.564e-01,  2.896e-01,  1.819e+00,  1.176e+00],
                       ...,
                       [ 3.564e-01,  2.895e-01,  1.819e+00,  1.176e+00],
                       [ 3.564e-01,  2.895e-01,  1.819e+00,  1.176e+00]]), array([ 6.085e+01,  6.085e+01,  6.085e+01,  6.085e+01,
                        6.085e+01]))
   param_names: ['d', 'e', 'f', 'g']
[0.35642067 0.28953878 1.81923417 1.1764903 ]
{'d': 0.3564206658511495, 'e': 0.28953877847836024, 'f': 1.8192341659812508, 'g': 1.1764902996573257}
Previous:  {'d': 0.3565406558858635, 'e': 0.28963592726918774, 'f': 1.8176804143684389, 'g': 1.174564399131232}


##############################


prev {'d': 0.3564206658511495, 'e': 0.28953877847836024, 'f': 1.8192341659812508, 'g': 1.1764902996573257}
Starting ML Fit
Box82_1400
       message: Optimization terminated successfully.
       success: True
        status: 0
           fun: 49.85901538233058
             x: [ 3.482e-01  2.894e-01  1.822e+00  1.171e+00]
           nit: 86
          nfev: 154
 final_simplex: (array([[ 3.482e-01,  2.894e-01,  1.822e+00,  1.171e+00],
                       [ 3.483e-01,  2.894e-01,  1.822e+00,  1.171e+00],
                       ...,
                       [ 3.482e-01,  2.894e-01,  1.822e+00,  1.171e+00],
                       [ 3.482e-01,  2.894e-01,  1.823e+00,  1.171e+00]]), array([ 4.986e+01,  4.986e+01,  4.986e+01,  4.986e+01,
                        4.986e+01]))
   param_names: ['d', 'e', 'f', 'g']
[0.34823481 0.28943563 1.82249461 1.17070838]
{'d': 0.3482348062032454, 'e': 0.2894356250125938, 'f': 1.8224946137908404, 'g': 1.1707083804195706}
Previous:  {'d': 0.3564206658511495, 'e': 0.28953877847836024, 'f': 1.8192341659812508, 'g': 1.1764902996573257}


##############################


prev {'d': 0.3482348062032454, 'e': 0.2894356250125938, 'f': 1.8224946137908404, 'g': 1.1707083804195706}
Starting ML Fit
Box82_1400
       message: Optimization terminated successfully.
       success: True
        status: 0
           fun: 38.13624658817802
             x: [ 3.447e-01  2.894e-01  1.825e+00  1.169e+00]
           nit: 60
          nfev: 110
 final_simplex: (array([[ 3.447e-01,  2.894e-01,  1.825e+00,  1.169e+00],
                       [ 3.447e-01,  2.894e-01,  1.825e+00,  1.169e+00],
                       ...,
                       [ 3.448e-01,  2.894e-01,  1.825e+00,  1.169e+00],
                       [ 3.447e-01,  2.893e-01,  1.825e+00,  1.169e+00]]), array([ 3.814e+01,  3.814e+01,  3.814e+01,  3.814e+01,
                        3.814e+01]))
   param_names: ['d', 'e', 'f', 'g']
[0.34473453 0.28935885 1.8245874  1.16853019]
{'d': 0.34473453143916716, 'e': 0.28935884814218304, 'f': 1.824587402832594, 'g': 1.168530186772578}
Previous:  {'d': 0.3482348062032454, 'e': 0.2894356250125938, 'f': 1.8224946137908404, 'g': 1.1707083804195706}


##############################


prev {'d': 0.34473453143916716, 'e': 0.28935884814218304, 'f': 1.824587402832594, 'g': 1.168530186772578}
Starting ML Fit
Box82_1400
       message: Optimization terminated successfully.
       success: True
        status: 0
           fun: 23.654374027571503
             x: [ 3.276e-01  2.893e-01  1.828e+00  1.158e+00]
           nit: 69
          nfev: 125
 final_simplex: (array([[ 3.276e-01,  2.893e-01,  1.828e+00,  1.158e+00],
                       [ 3.276e-01,  2.893e-01,  1.828e+00,  1.158e+00],
                       ...,
                       [ 3.276e-01,  2.893e-01,  1.828e+00,  1.158e+00],
                       [ 3.277e-01,  2.893e-01,  1.828e+00,  1.158e+00]]), array([ 2.365e+01,  2.365e+01,  2.365e+01,  2.365e+01,
                        2.365e+01]))
   param_names: ['d', 'e', 'f', 'g']
[0.32761854 0.28930888 1.82769612 1.15845141]
{'d': 0.32761853894884074, 'e': 0.2893088835615275, 'f': 1.8276961210714435, 'g': 1.1584514055452848}
Previous:  {'d': 0.34473453143916716, 'e': 0.28935884814218304, 'f': 1.824587402832594, 'g': 1.168530186772578}


