##############################


[[1.e-03 0.e+00 0.e+00 0.e+00 0.e+00 0.e+00 0.e+00 0.e+00]
 [0.e+00 8.e-04 0.e+00 0.e+00 0.e+00 0.e+00 0.e+00 0.e+00]
 [0.e+00 0.e+00 1.e-01 0.e+00 0.e+00 0.e+00 0.e+00 0.e+00]
 [0.e+00 0.e+00 0.e+00 8.e-02 0.e+00 0.e+00 0.e+00 0.e+00]
 [0.e+00 0.e+00 0.e+00 0.e+00 5.e-02 0.e+00 0.e+00 0.e+00]
 [0.e+00 0.e+00 0.e+00 0.e+00 0.e+00 8.e-01 0.e+00 0.e+00]
 [0.e+00 0.e+00 0.e+00 0.e+00 0.e+00 0.e+00 3.e-04 0.e+00]
 [0.e+00 0.e+00 0.e+00 0.e+00 0.e+00 0.e+00 0.e+00 8.e-03]]
[0.302679, 0.366459, 0.403224, 0.488191, 0.512095, 0.537169, 0.563471, 0.591061, 0.620002, 0.65036, 0.715608, 0.787402, 0.866399, 0.953321, 1.0]
dict_keys([0.302679, 0.366459, 0.403224, 0.488191, 0.512095, 0.537169, 0.563471, 0.591061, 0.620002, 0.65036, 0.715608, 0.787402, 0.866399, 0.953321, 1.0])
prev {'d0': 1.9793526984549215, 'd1': 0.1323487374085648, 'e0': 1.192399484596805, 'e1': -0.11093000072684864, 'f0': 0.47078562841469584, 'f1': 0.2139719678548308, 'g0': 1.2903689438528467, 'g1': 0.11642613178767573}
Starting ML Fit
Box73_1400
       message: Optimization terminated successfully.
       success: True
        status: 0
           fun: 1827.713436690442
             x: [ 2.010e+00  1.125e-01  1.112e+00 -8.435e-02  4.922e-01
                  2.092e-01  1.294e+00  1.253e-01]
           nit: 505
          nfev: 766
 final_simplex: (array([[ 2.010e+00,  1.125e-01, ...,  1.294e+00,
                         1.253e-01],
                       [ 2.010e+00,  1.124e-01, ...,  1.294e+00,
                         1.253e-01],
                       ...,
                       [ 2.010e+00,  1.124e-01, ...,  1.294e+00,
                         1.253e-01],
                       [ 2.010e+00,  1.125e-01, ...,  1.294e+00,
                         1.253e-01]]), array([ 1.828e+03,  1.828e+03,  1.828e+03,  1.828e+03,
                        1.828e+03,  1.828e+03,  1.828e+03,  1.828e+03,
                        1.828e+03]))
   param_names: ['d0', 'd1', 'e0', 'e1', 'f0', 'f1', 'g0', 'g1']
[ 2.00992745  0.11245532  1.11195096 -0.08435386  0.49222451  0.2091576
  1.29367006  0.12532163]
{'d0': 2.0099274465241885, 'd1': 0.11245531657346841, 'e0': 1.1119509641196028, 'e1': -0.08435385841145368, 'f0': 0.49222450641294346, 'f1': 0.2091575978288374, 'g0': 1.2936700551053764, 'g1': 0.1253216318291112}
-------------------
{'d0': 2.0099274465241885, 'd1': 0.11245531657346841, 'e0': 1.1119509641196028, 'e1': -0.08435385841145368, 'f0': 0.49222450641294346, 'f1': 0.2091575978288374, 'g0': 1.2936700551053764, 'g1': 0.1253216318291112}
Previous:  {'d0': 1.9793526984549215, 'd1': 0.1323487374085648, 'e0': 1.192399484596805, 'e1': -0.11093000072684864, 'f0': 0.47078562841469584, 'f1': 0.2139719678548308, 'g0': 1.2903689438528467, 'g1': 0.11642613178767573}
-------------------
