Curr: Box23_1400, Prev: Box_n50_41_1400
alist [1.0, 0.953321, 0.866399, 0.787402, 0.715608, 0.65036, 0.620002, 0.591061, 0.563471, 0.537169, 0.512095, 0.488191, 0.403224, 0.366459, 0.302679]
python -u fit_individ_iter.py Box23_1400 1.000000 Box_n50_41_1400 1.000000
prev {'d': 0.40729132278597513, 'e': 0.30266316526417275, 'f': 1.6646232181065934, 'g': 1.161323232020146}
Starting ML Fit
Box23_1400
       message: Optimization terminated successfully.
       success: True
        status: 0
           fun: 112.45410470136422
             x: [ 4.225e-01  3.007e-01  1.667e+00  1.191e+00]
           nit: 92
          nfev: 163
 final_simplex: (array([[ 4.225e-01,  3.007e-01,  1.667e+00,  1.191e+00],
                       [ 4.225e-01,  3.006e-01,  1.667e+00,  1.191e+00],
                       ...,
                       [ 4.225e-01,  3.007e-01,  1.667e+00,  1.191e+00],
                       [ 4.225e-01,  3.006e-01,  1.667e+00,  1.191e+00]]), array([ 1.125e+02,  1.125e+02,  1.125e+02,  1.125e+02,
                        1.125e+02]))
   param_names: ['d', 'e', 'f', 'g']
[0.42250067 0.30066795 1.6669876  1.19060745]
{'d': 0.4225006737567841, 'e': 0.30066794782840006, 'f': 1.6669875993141128, 'g': 1.190607452852968}
Previous:  {'d': 0.40729132278597513, 'e': 0.30266316526417275, 'f': 1.6646232181065934, 'g': 1.161323232020146}
python -u fit_individ_iter.py Box23_1400 0.953321 Box23_1400 1.000000
prev {'d': 0.4225006737567841, 'e': 0.30066794782840006, 'f': 1.6669875993141128, 'g': 1.190607452852968}
Starting ML Fit
Box23_1400
       message: Optimization terminated successfully.
       success: True
        status: 0
           fun: 110.59868255390761
             x: [ 4.152e-01  2.985e-01  1.670e+00  1.187e+00]
           nit: 61
          nfev: 112
 final_simplex: (array([[ 4.152e-01,  2.985e-01,  1.670e+00,  1.187e+00],
                       [ 4.152e-01,  2.984e-01,  1.670e+00,  1.187e+00],
                       ...,
                       [ 4.153e-01,  2.985e-01,  1.670e+00,  1.187e+00],
                       [ 4.153e-01,  2.984e-01,  1.670e+00,  1.187e+00]]), array([ 1.106e+02,  1.106e+02,  1.106e+02,  1.106e+02,
                        1.106e+02]))
   param_names: ['d', 'e', 'f', 'g']
[0.41524556 0.29845647 1.66968793 1.18736568]
{'d': 0.41524555614387537, 'e': 0.298456466013245, 'f': 1.6696879342217454, 'g': 1.1873656847908596}
Previous:  {'d': 0.4225006737567841, 'e': 0.30066794782840006, 'f': 1.6669875993141128, 'g': 1.190607452852968}
python -u fit_individ_iter.py Box23_1400 0.866399 Box23_1400 0.953321
prev {'d': 0.41524555614387537, 'e': 0.298456466013245, 'f': 1.6696879342217454, 'g': 1.1873656847908596}
Starting ML Fit
Box23_1400
       message: Optimization terminated successfully.
       success: True
        status: 0
           fun: 110.71178460186631
             x: [ 4.020e-01  2.957e-01  1.673e+00  1.182e+00]
           nit: 88
          nfev: 153
 final_simplex: (array([[ 4.020e-01,  2.957e-01,  1.673e+00,  1.182e+00],
                       [ 4.020e-01,  2.957e-01,  1.673e+00,  1.182e+00],
                       ...,
                       [ 4.020e-01,  2.956e-01,  1.673e+00,  1.182e+00],
                       [ 4.020e-01,  2.957e-01,  1.673e+00,  1.183e+00]]), array([ 1.107e+02,  1.107e+02,  1.107e+02,  1.107e+02,
                        1.107e+02]))
   param_names: ['d', 'e', 'f', 'g']
[0.40199854 0.29566946 1.67317959 1.18242865]
{'d': 0.40199853722361156, 'e': 0.2956694607737256, 'f': 1.6731795851066962, 'g': 1.1824286508088013}
Previous:  {'d': 0.41524555614387537, 'e': 0.298456466013245, 'f': 1.6696879342217454, 'g': 1.1873656847908596}
python -u fit_individ_iter.py Box23_1400 0.787402 Box23_1400 0.866399
prev {'d': 0.40199853722361156, 'e': 0.2956694607737256, 'f': 1.6731795851066962, 'g': 1.1824286508088013}
Starting ML Fit
Box23_1400
       message: Optimization terminated successfully.
       success: True
        status: 0
           fun: 111.40864365606596
             x: [ 3.912e-01  2.934e-01  1.676e+00  1.182e+00]
           nit: 74
          nfev: 133
 final_simplex: (array([[ 3.912e-01,  2.934e-01,  1.676e+00,  1.182e+00],
                       [ 3.912e-01,  2.934e-01,  1.676e+00,  1.182e+00],
                       ...,
                       [ 3.912e-01,  2.934e-01,  1.676e+00,  1.182e+00],
                       [ 3.912e-01,  2.934e-01,  1.676e+00,  1.182e+00]]), array([ 1.114e+02,  1.114e+02,  1.114e+02,  1.114e+02,
                        1.114e+02]))
   param_names: ['d', 'e', 'f', 'g']
[0.39121334 0.29344018 1.67627703 1.18171918]
{'d': 0.3912133424995129, 'e': 0.2934401784022237, 'f': 1.6762770324015386, 'g': 1.1817191837698364}
Previous:  {'d': 0.40199853722361156, 'e': 0.2956694607737256, 'f': 1.6731795851066962, 'g': 1.1824286508088013}
python -u fit_individ_iter.py Box23_1400 0.715608 Box23_1400 0.787402
prev {'d': 0.3912133424995129, 'e': 0.2934401784022237, 'f': 1.6762770324015386, 'g': 1.1817191837698364}
Starting ML Fit
Box23_1400
       message: Optimization terminated successfully.
       success: True
        status: 0
           fun: 107.76942951758144
             x: [ 3.805e-01  2.905e-01  1.680e+00  1.176e+00]
           nit: 87
          nfev: 157
 final_simplex: (array([[ 3.805e-01,  2.905e-01,  1.680e+00,  1.176e+00],
                       [ 3.805e-01,  2.905e-01,  1.680e+00,  1.176e+00],
                       ...,
                       [ 3.805e-01,  2.906e-01,  1.680e+00,  1.176e+00],
                       [ 3.805e-01,  2.905e-01,  1.680e+00,  1.176e+00]]), array([ 1.078e+02,  1.078e+02,  1.078e+02,  1.078e+02,
                        1.078e+02]))
   param_names: ['d', 'e', 'f', 'g']
[0.38047066 0.29052884 1.68024683 1.17607006]
{'d': 0.3804706558348297, 'e': 0.2905288379314433, 'f': 1.6802468324821929, 'g': 1.176070060805724}
Previous:  {'d': 0.3912133424995129, 'e': 0.2934401784022237, 'f': 1.6762770324015386, 'g': 1.1817191837698364}
python -u fit_individ_iter.py Box23_1400 0.650360 Box23_1400 0.715608
prev {'d': 0.3804706558348297, 'e': 0.2905288379314433, 'f': 1.6802468324821929, 'g': 1.176070060805724}
Starting ML Fit
Box23_1400
       message: Optimization terminated successfully.
       success: True
        status: 0
           fun: 98.78356531532913
             x: [ 3.718e-01  2.882e-01  1.684e+00  1.172e+00]
           nit: 101
          nfev: 172
 final_simplex: (array([[ 3.718e-01,  2.882e-01,  1.684e+00,  1.172e+00],
                       [ 3.718e-01,  2.882e-01,  1.684e+00,  1.172e+00],
                       ...,
                       [ 3.718e-01,  2.883e-01,  1.684e+00,  1.172e+00],
                       [ 3.718e-01,  2.883e-01,  1.684e+00,  1.172e+00]]), array([ 9.878e+01,  9.878e+01,  9.878e+01,  9.878e+01,
                        9.878e+01]))
   param_names: ['d', 'e', 'f', 'g']
[0.37181303 0.28823063 1.68366262 1.1720523 ]
{'d': 0.371813030623668, 'e': 0.28823062918368586, 'f': 1.6836626209200458, 'g': 1.1720523004898402}
Previous:  {'d': 0.3804706558348297, 'e': 0.2905288379314433, 'f': 1.6802468324821929, 'g': 1.176070060805724}
python -u fit_individ_iter.py Box23_1400 0.620002 Box23_1400 0.650360
prev {'d': 0.371813030623668, 'e': 0.28823062918368586, 'f': 1.6836626209200458, 'g': 1.1720523004898402}
Starting ML Fit
Box23_1400
       message: Optimization terminated successfully.
       success: True
        status: 0
           fun: 95.58210518298941
             x: [ 3.677e-01  2.860e-01  1.687e+00  1.171e+00]
           nit: 60
          nfev: 109
 final_simplex: (array([[ 3.677e-01,  2.860e-01,  1.687e+00,  1.171e+00],
                       [ 3.677e-01,  2.860e-01,  1.687e+00,  1.171e+00],
                       ...,
                       [ 3.677e-01,  2.860e-01,  1.687e+00,  1.171e+00],
                       [ 3.677e-01,  2.860e-01,  1.687e+00,  1.171e+00]]), array([ 9.558e+01,  9.558e+01,  9.558e+01,  9.558e+01,
                        9.558e+01]))
   param_names: ['d', 'e', 'f', 'g']
[0.36768489 0.28601094 1.68709244 1.1705138 ]
{'d': 0.3676848873269718, 'e': 0.28601093983410897, 'f': 1.6870924359585713, 'g': 1.1705138022041184}
Previous:  {'d': 0.371813030623668, 'e': 0.28823062918368586, 'f': 1.6836626209200458, 'g': 1.1720523004898402}
python -u fit_individ_iter.py Box23_1400 0.591061 Box23_1400 0.620002
prev {'d': 0.3676848873269718, 'e': 0.28601093983410897, 'f': 1.6870924359585713, 'g': 1.1705138022041184}
Starting ML Fit
Box23_1400
       message: Optimization terminated successfully.
       success: True
        status: 0
           fun: 96.88644585240861
             x: [ 3.639e-01  2.841e-01  1.690e+00  1.169e+00]
           nit: 58
          nfev: 109
 final_simplex: (array([[ 3.639e-01,  2.841e-01,  1.690e+00,  1.169e+00],
                       [ 3.639e-01,  2.840e-01,  1.690e+00,  1.169e+00],
                       ...,
                       [ 3.639e-01,  2.841e-01,  1.690e+00,  1.169e+00],
                       [ 3.638e-01,  2.840e-01,  1.690e+00,  1.169e+00]]), array([ 9.689e+01,  9.689e+01,  9.689e+01,  9.689e+01,
                        9.689e+01]))
   param_names: ['d', 'e', 'f', 'g']
[0.36386429 0.28408414 1.6902071  1.16903832]
{'d': 0.3638642854579313, 'e': 0.28408414373899615, 'f': 1.690207097235931, 'g': 1.1690383213033908}
Previous:  {'d': 0.3676848873269718, 'e': 0.28601093983410897, 'f': 1.6870924359585713, 'g': 1.1705138022041184}
python -u fit_individ_iter.py Box23_1400 0.563471 Box23_1400 0.591061
prev {'d': 0.3638642854579313, 'e': 0.28408414373899615, 'f': 1.690207097235931, 'g': 1.1690383213033908}
Starting ML Fit
Box23_1400
       message: Optimization terminated successfully.
       success: True
        status: 0
           fun: 92.1615084203955
             x: [ 3.608e-01  2.825e-01  1.693e+00  1.168e+00]
           nit: 65
          nfev: 116
 final_simplex: (array([[ 3.608e-01,  2.825e-01,  1.693e+00,  1.168e+00],
                       [ 3.608e-01,  2.824e-01,  1.693e+00,  1.168e+00],
                       ...,
                       [ 3.608e-01,  2.825e-01,  1.693e+00,  1.168e+00],
                       [ 3.608e-01,  2.825e-01,  1.693e+00,  1.168e+00]]), array([ 9.216e+01,  9.216e+01,  9.216e+01,  9.216e+01,
                        9.216e+01]))
   param_names: ['d', 'e', 'f', 'g']
[0.36080851 0.28249655 1.69297359 1.16755434]
{'d': 0.36080851191798347, 'e': 0.2824965504219309, 'f': 1.6929735878745769, 'g': 1.1675543427827442}
Previous:  {'d': 0.3638642854579313, 'e': 0.28408414373899615, 'f': 1.690207097235931, 'g': 1.1690383213033908}
python -u fit_individ_iter.py Box23_1400 0.537169 Box23_1400 0.563471
prev {'d': 0.36080851191798347, 'e': 0.2824965504219309, 'f': 1.6929735878745769, 'g': 1.1675543427827442}
Starting ML Fit
Box23_1400
       message: Optimization terminated successfully.
       success: True
        status: 0
           fun: 87.91307234757659
             x: [ 3.579e-01  2.812e-01  1.695e+00  1.166e+00]
           nit: 61
          nfev: 114
 final_simplex: (array([[ 3.579e-01,  2.812e-01,  1.695e+00,  1.166e+00],
                       [ 3.579e-01,  2.813e-01,  1.695e+00,  1.166e+00],
                       ...,
                       [ 3.579e-01,  2.813e-01,  1.695e+00,  1.166e+00],
                       [ 3.579e-01,  2.812e-01,  1.695e+00,  1.166e+00]]), array([ 8.791e+01,  8.791e+01,  8.791e+01,  8.791e+01,
                        8.791e+01]))
   param_names: ['d', 'e', 'f', 'g']
[0.35792962 0.28124813 1.69523603 1.16612801]
{'d': 0.3579296208797733, 'e': 0.2812481316175145, 'f': 1.6952360309033918, 'g': 1.1661280116367996}
Previous:  {'d': 0.36080851191798347, 'e': 0.2824965504219309, 'f': 1.6929735878745769, 'g': 1.1675543427827442}
python -u fit_individ_iter.py Box23_1400 0.512095 Box23_1400 0.537169
prev {'d': 0.3579296208797733, 'e': 0.2812481316175145, 'f': 1.6952360309033918, 'g': 1.1661280116367996}
Starting ML Fit
Box23_1400
       message: Optimization terminated successfully.
       success: True
        status: 0
           fun: 86.34817731115004
             x: [ 3.543e-01  2.800e-01  1.697e+00  1.163e+00]
           nit: 75
          nfev: 130
 final_simplex: (array([[ 3.543e-01,  2.800e-01,  1.697e+00,  1.163e+00],
                       [ 3.543e-01,  2.800e-01,  1.698e+00,  1.163e+00],
                       ...,
                       [ 3.543e-01,  2.799e-01,  1.697e+00,  1.163e+00],
                       [ 3.543e-01,  2.799e-01,  1.698e+00,  1.163e+00]]), array([ 8.635e+01,  8.635e+01,  8.635e+01,  8.635e+01,
                        8.635e+01]))
   param_names: ['d', 'e', 'f', 'g']
[0.35431841 0.28001226 1.69749875 1.16311498]
{'d': 0.3543184071100951, 'e': 0.28001225658701967, 'f': 1.6974987529403658, 'g': 1.1631149779485361}
Previous:  {'d': 0.3579296208797733, 'e': 0.2812481316175145, 'f': 1.6952360309033918, 'g': 1.1661280116367996}
python -u fit_individ_iter.py Box23_1400 0.488191 Box23_1400 0.512095
prev {'d': 0.3543184071100951, 'e': 0.28001225658701967, 'f': 1.6974987529403658, 'g': 1.1631149779485361}
Starting ML Fit
Box23_1400
       message: Optimization terminated successfully.
       success: True
        status: 0
           fun: 82.07324009138888
             x: [ 3.512e-01  2.791e-01  1.699e+00  1.161e+00]
           nit: 58
          nfev: 104
 final_simplex: (array([[ 3.512e-01,  2.791e-01,  1.699e+00,  1.161e+00],
                       [ 3.512e-01,  2.790e-01,  1.699e+00,  1.160e+00],
                       ...,
                       [ 3.512e-01,  2.790e-01,  1.699e+00,  1.161e+00],
                       [ 3.512e-01,  2.791e-01,  1.699e+00,  1.160e+00]]), array([ 8.207e+01,  8.207e+01,  8.207e+01,  8.207e+01,
                        8.207e+01]))
   param_names: ['d', 'e', 'f', 'g']
[0.35124469 0.27908202 1.69937385 1.16051646]
{'d': 0.3512446877840865, 'e': 0.2790820185052565, 'f': 1.6993738535049738, 'g': 1.1605164591587827}
Previous:  {'d': 0.3543184071100951, 'e': 0.28001225658701967, 'f': 1.6974987529403658, 'g': 1.1631149779485361}
python -u fit_individ_iter.py Box23_1400 0.403224 Box23_1400 0.488191
prev {'d': 0.3512446877840865, 'e': 0.2790820185052565, 'f': 1.6993738535049738, 'g': 1.1605164591587827}
Starting ML Fit
Box23_1400
       message: Optimization terminated successfully.
       success: True
        status: 0
           fun: 61.89421507779751
             x: [ 3.424e-01  2.785e-01  1.701e+00  1.153e+00]
           nit: 64
          nfev: 114
 final_simplex: (array([[ 3.424e-01,  2.785e-01,  1.701e+00,  1.153e+00],
                       [ 3.424e-01,  2.785e-01,  1.701e+00,  1.153e+00],
                       ...,
                       [ 3.424e-01,  2.785e-01,  1.701e+00,  1.153e+00],
                       [ 3.424e-01,  2.786e-01,  1.701e+00,  1.153e+00]]), array([ 6.189e+01,  6.189e+01,  6.189e+01,  6.189e+01,
                        6.189e+01]))
   param_names: ['d', 'e', 'f', 'g']
[0.34240582 0.27854467 1.70073189 1.15331169]
{'d': 0.3424058175971635, 'e': 0.27854466944644163, 'f': 1.7007318901314123, 'g': 1.1533116905195908}
Previous:  {'d': 0.3512446877840865, 'e': 0.2790820185052565, 'f': 1.6993738535049738, 'g': 1.1605164591587827}
python -u fit_individ_iter.py Box23_1400 0.366459 Box23_1400 0.403224
prev {'d': 0.3424058175971635, 'e': 0.27854466944644163, 'f': 1.7007318901314123, 'g': 1.1533116905195908}
Starting ML Fit
Box23_1400
       message: Optimization terminated successfully.
       success: True
        status: 0
           fun: 55.839895140614
             x: [ 3.407e-01  2.783e-01  1.702e+00  1.153e+00]
           nit: 68
          nfev: 122
 final_simplex: (array([[ 3.407e-01,  2.783e-01,  1.702e+00,  1.153e+00],
                       [ 3.407e-01,  2.782e-01,  1.701e+00,  1.153e+00],
                       ...,
                       [ 3.407e-01,  2.782e-01,  1.701e+00,  1.153e+00],
                       [ 3.407e-01,  2.783e-01,  1.701e+00,  1.153e+00]]), array([ 5.584e+01,  5.584e+01,  5.584e+01,  5.584e+01,
                        5.584e+01]))
   param_names: ['d', 'e', 'f', 'g']
[0.34069619 0.27825978 1.7015316  1.15318326]
{'d': 0.3406961904238076, 'e': 0.27825978383397865, 'f': 1.7015316026794236, 'g': 1.153183260112165}
Previous:  {'d': 0.3424058175971635, 'e': 0.27854466944644163, 'f': 1.7007318901314123, 'g': 1.1533116905195908}
python -u fit_individ_iter.py Box23_1400 0.302679 Box23_1400 0.366459
prev {'d': 0.3406961904238076, 'e': 0.27825978383397865, 'f': 1.7015316026794236, 'g': 1.153183260112165}
Starting ML Fit
Box23_1400
       message: Optimization terminated successfully.
       success: True
        status: 0
           fun: 35.552594292114016
             x: [ 3.418e-01  2.782e-01  1.702e+00  1.155e+00]
           nit: 47
          nfev: 90
 final_simplex: (array([[ 3.418e-01,  2.782e-01,  1.702e+00,  1.155e+00],
                       [ 3.418e-01,  2.781e-01,  1.702e+00,  1.155e+00],
                       ...,
                       [ 3.419e-01,  2.782e-01,  1.702e+00,  1.155e+00],
                       [ 3.418e-01,  2.781e-01,  1.702e+00,  1.155e+00]]), array([ 3.555e+01,  3.555e+01,  3.555e+01,  3.555e+01,
                        3.555e+01]))
   param_names: ['d', 'e', 'f', 'g']
[0.34182983 0.27816059 1.70183134 1.15454945]
{'d': 0.3418298317965637, 'e': 0.2781605907633343, 'f': 1.7018313425157139, 'g': 1.1545494486023267}
Previous:  {'d': 0.3406961904238076, 'e': 0.27825978383397865, 'f': 1.7015316026794236, 'g': 1.153183260112165}
