alist [1.0, 0.953321, 0.866399, 0.787402, 0.715608, 0.65036, 0.620002, 0.591061, 0.563471, 0.537169, 0.512095, 0.488191, 0.403224, 0.366459, 0.302679]
Curr: Box87_1400, Prev: Box_n50_46_1400
##############################


prev {'d': 0.4484722234061398, 'e': 0.3057642035298138, 'f': 1.6313205398886192, 'g': 1.2040307815550255}
Starting ML Fit
Box87_1400
       message: Optimization terminated successfully.
       success: True
        status: 0
           fun: 130.09918430106754
             x: [ 4.485e-01  3.090e-01  1.628e+00  1.222e+00]
           nit: 69
          nfev: 123
 final_simplex: (array([[ 4.485e-01,  3.090e-01,  1.628e+00,  1.222e+00],
                       [ 4.485e-01,  3.090e-01,  1.628e+00,  1.222e+00],
                       ...,
                       [ 4.485e-01,  3.090e-01,  1.628e+00,  1.222e+00],
                       [ 4.485e-01,  3.090e-01,  1.628e+00,  1.222e+00]]), array([ 1.301e+02,  1.301e+02,  1.301e+02,  1.301e+02,
                        1.301e+02]))
   param_names: ['d', 'e', 'f', 'g']
[0.44853343 0.30900087 1.62763285 1.22243039]
{'d': 0.4485334311043543, 'e': 0.3090008749366488, 'f': 1.627632851126952, 'g': 1.2224303899786486}
Previous:  {'d': 0.4484722234061398, 'e': 0.3057642035298138, 'f': 1.6313205398886192, 'g': 1.2040307815550255}


##############################


prev {'d': 0.4485334311043543, 'e': 0.3090008749366488, 'f': 1.627632851126952, 'g': 1.2224303899786486}
Starting ML Fit
Box87_1400
       message: Optimization terminated successfully.
       success: True
        status: 0
           fun: 124.78892269263777
             x: [ 4.403e-01  3.113e-01  1.625e+00  1.213e+00]
           nit: 75
          nfev: 131
 final_simplex: (array([[ 4.403e-01,  3.113e-01,  1.625e+00,  1.213e+00],
                       [ 4.403e-01,  3.114e-01,  1.625e+00,  1.213e+00],
                       ...,
                       [ 4.403e-01,  3.114e-01,  1.625e+00,  1.213e+00],
                       [ 4.402e-01,  3.112e-01,  1.625e+00,  1.213e+00]]), array([ 1.248e+02,  1.248e+02,  1.248e+02,  1.248e+02,
                        1.248e+02]))
   param_names: ['d', 'e', 'f', 'g']
[0.44025256 0.3113227  1.62489782 1.21301787]
{'d': 0.44025255515086015, 'e': 0.3113227041999557, 'f': 1.6248978157109155, 'g': 1.213017870708975}
Previous:  {'d': 0.4485334311043543, 'e': 0.3090008749366488, 'f': 1.627632851126952, 'g': 1.2224303899786486}


##############################


prev {'d': 0.44025255515086015, 'e': 0.3113227041999557, 'f': 1.6248978157109155, 'g': 1.213017870708975}
Starting ML Fit
Box87_1400
       message: Optimization terminated successfully.
       success: True
        status: 0
           fun: 121.24226129156224
             x: [ 4.254e-01  3.113e-01  1.625e+00  1.204e+00]
           nit: 91
          nfev: 156
 final_simplex: (array([[ 4.254e-01,  3.113e-01,  1.625e+00,  1.204e+00],
                       [ 4.254e-01,  3.113e-01,  1.625e+00,  1.204e+00],
                       ...,
                       [ 4.254e-01,  3.113e-01,  1.625e+00,  1.204e+00],
                       [ 4.254e-01,  3.113e-01,  1.625e+00,  1.204e+00]]), array([ 1.212e+02,  1.212e+02,  1.212e+02,  1.212e+02,
                        1.212e+02]))
   param_names: ['d', 'e', 'f', 'g']
[0.42542839 0.31133282 1.62458036 1.20420904]
{'d': 0.4254283925985568, 'e': 0.31133282443905586, 'f': 1.6245803637586067, 'g': 1.2042090355850992}
Previous:  {'d': 0.44025255515086015, 'e': 0.3113227041999557, 'f': 1.6248978157109155, 'g': 1.213017870708975}


##############################


prev {'d': 0.4254283925985568, 'e': 0.31133282443905586, 'f': 1.6245803637586067, 'g': 1.2042090355850992}
Starting ML Fit
Box87_1400
       message: Optimization terminated successfully.
       success: True
        status: 0
           fun: 120.19976089701734
             x: [ 4.120e-01  3.100e-01  1.626e+00  1.197e+00]
           nit: 78
          nfev: 139
 final_simplex: (array([[ 4.120e-01,  3.100e-01,  1.626e+00,  1.197e+00],
                       [ 4.120e-01,  3.101e-01,  1.626e+00,  1.197e+00],
                       ...,
                       [ 4.120e-01,  3.101e-01,  1.626e+00,  1.197e+00],
                       [ 4.120e-01,  3.101e-01,  1.626e+00,  1.197e+00]]), array([ 1.202e+02,  1.202e+02,  1.202e+02,  1.202e+02,
                        1.202e+02]))
   param_names: ['d', 'e', 'f', 'g']
[0.41202352 0.31001801 1.62588969 1.19678819]
{'d': 0.4120235203796976, 'e': 0.3100180061014385, 'f': 1.6258896889093646, 'g': 1.1967881918146965}
Previous:  {'d': 0.4254283925985568, 'e': 0.31133282443905586, 'f': 1.6245803637586067, 'g': 1.2042090355850992}


##############################


prev {'d': 0.4120235203796976, 'e': 0.3100180061014385, 'f': 1.6258896889093646, 'g': 1.1967881918146965}
Starting ML Fit
Box87_1400
       message: Optimization terminated successfully.
       success: True
        status: 0
           fun: 114.80606010177453
             x: [ 4.003e-01  3.085e-01  1.628e+00  1.192e+00]
           nit: 87
          nfev: 152
 final_simplex: (array([[ 4.003e-01,  3.085e-01,  1.628e+00,  1.192e+00],
                       [ 4.003e-01,  3.085e-01,  1.628e+00,  1.192e+00],
                       ...,
                       [ 4.003e-01,  3.085e-01,  1.628e+00,  1.192e+00],
                       [ 4.004e-01,  3.085e-01,  1.628e+00,  1.192e+00]]), array([ 1.148e+02,  1.148e+02,  1.148e+02,  1.148e+02,
                        1.148e+02]))
   param_names: ['d', 'e', 'f', 'g']
[0.40034379 0.30851681 1.62767889 1.19181656]
{'d': 0.4003437944220155, 'e': 0.30851681388680297, 'f': 1.6276788915488347, 'g': 1.1918165626772936}
Previous:  {'d': 0.4120235203796976, 'e': 0.3100180061014385, 'f': 1.6258896889093646, 'g': 1.1967881918146965}


##############################


prev {'d': 0.4003437944220155, 'e': 0.30851681388680297, 'f': 1.6276788915488347, 'g': 1.1918165626772936}
Starting ML Fit
Box87_1400
       message: Optimization terminated successfully.
       success: True
        status: 0
           fun: 107.06925830126484
             x: [ 3.905e-01  3.076e-01  1.629e+00  1.187e+00]
           nit: 67
          nfev: 123
 final_simplex: (array([[ 3.905e-01,  3.076e-01,  1.629e+00,  1.187e+00],
                       [ 3.905e-01,  3.077e-01,  1.629e+00,  1.187e+00],
                       ...,
                       [ 3.905e-01,  3.076e-01,  1.629e+00,  1.187e+00],
                       [ 3.905e-01,  3.076e-01,  1.629e+00,  1.187e+00]]), array([ 1.071e+02,  1.071e+02,  1.071e+02,  1.071e+02,
                        1.071e+02]))
   param_names: ['d', 'e', 'f', 'g']
[0.39051578 0.30764608 1.62882053 1.18721904]
{'d': 0.39051578339523485, 'e': 0.30764608285092887, 'f': 1.628820527836622, 'g': 1.1872190419373134}
Previous:  {'d': 0.4003437944220155, 'e': 0.30851681388680297, 'f': 1.6276788915488347, 'g': 1.1918165626772936}


##############################


prev {'d': 0.39051578339523485, 'e': 0.30764608285092887, 'f': 1.628820527836622, 'g': 1.1872190419373134}
Starting ML Fit
Box87_1400
       message: Optimization terminated successfully.
       success: True
        status: 0
           fun: 99.73892670331966
             x: [ 3.862e-01  3.070e-01  1.630e+00  1.185e+00]
           nit: 68
          nfev: 119
 final_simplex: (array([[ 3.862e-01,  3.070e-01,  1.630e+00,  1.185e+00],
                       [ 3.862e-01,  3.070e-01,  1.630e+00,  1.185e+00],
                       ...,
                       [ 3.862e-01,  3.071e-01,  1.630e+00,  1.185e+00],
                       [ 3.862e-01,  3.071e-01,  1.630e+00,  1.185e+00]]), array([ 9.974e+01,  9.974e+01,  9.974e+01,  9.974e+01,
                        9.974e+01]))
   param_names: ['d', 'e', 'f', 'g']
[0.38619383 0.30703023 1.62975558 1.18532338]
{'d': 0.3861938332333651, 'e': 0.3070302298654679, 'f': 1.629755584596531, 'g': 1.1853233822337133}
Previous:  {'d': 0.39051578339523485, 'e': 0.30764608285092887, 'f': 1.628820527836622, 'g': 1.1872190419373134}


##############################


prev {'d': 0.3861938332333651, 'e': 0.3070302298654679, 'f': 1.629755584596531, 'g': 1.1853233822337133}
Starting ML Fit
Box87_1400
       message: Optimization terminated successfully.
       success: True
        status: 0
           fun: 99.55083049717958
             x: [ 3.818e-01  3.059e-01  1.631e+00  1.183e+00]
           nit: 58
          nfev: 104
 final_simplex: (array([[ 3.818e-01,  3.059e-01,  1.631e+00,  1.183e+00],
                       [ 3.818e-01,  3.059e-01,  1.631e+00,  1.183e+00],
                       ...,
                       [ 3.818e-01,  3.059e-01,  1.631e+00,  1.183e+00],
                       [ 3.818e-01,  3.060e-01,  1.631e+00,  1.183e+00]]), array([ 9.955e+01,  9.955e+01,  9.955e+01,  9.955e+01,
                        9.955e+01]))
   param_names: ['d', 'e', 'f', 'g']
[0.381782   0.30594598 1.63136848 1.18299995]
{'d': 0.3817819971306584, 'e': 0.3059459791058836, 'f': 1.6313684832846393, 'g': 1.1829999453324933}
Previous:  {'d': 0.3861938332333651, 'e': 0.3070302298654679, 'f': 1.629755584596531, 'g': 1.1853233822337133}


##############################


prev {'d': 0.3817819971306584, 'e': 0.3059459791058836, 'f': 1.6313684832846393, 'g': 1.1829999453324933}
Starting ML Fit
Box87_1400
       message: Optimization terminated successfully.
       success: True
        status: 0
           fun: 95.21317706190935
             x: [ 3.786e-01  3.053e-01  1.633e+00  1.182e+00]
           nit: 64
          nfev: 115
 final_simplex: (array([[ 3.786e-01,  3.053e-01,  1.633e+00,  1.182e+00],
                       [ 3.786e-01,  3.054e-01,  1.633e+00,  1.182e+00],
                       ...,
                       [ 3.786e-01,  3.053e-01,  1.633e+00,  1.182e+00],
                       [ 3.786e-01,  3.053e-01,  1.633e+00,  1.182e+00]]), array([ 9.521e+01,  9.521e+01,  9.521e+01,  9.521e+01,
                        9.521e+01]))
   param_names: ['d', 'e', 'f', 'g']
[0.37856861 0.30526794 1.63254574 1.18220735]
{'d': 0.37856861337888614, 'e': 0.30526794114960093, 'f': 1.632545738763501, 'g': 1.182207351737343}
Previous:  {'d': 0.3817819971306584, 'e': 0.3059459791058836, 'f': 1.6313684832846393, 'g': 1.1829999453324933}


##############################


prev {'d': 0.37856861337888614, 'e': 0.30526794114960093, 'f': 1.632545738763501, 'g': 1.182207351737343}
Starting ML Fit
Box87_1400
       message: Optimization terminated successfully.
       success: True
        status: 0
           fun: 93.97151113448948
             x: [ 3.747e-01  3.043e-01  1.634e+00  1.180e+00]
           nit: 53
          nfev: 100
 final_simplex: (array([[ 3.747e-01,  3.043e-01,  1.634e+00,  1.180e+00],
                       [ 3.747e-01,  3.044e-01,  1.634e+00,  1.180e+00],
                       ...,
                       [ 3.747e-01,  3.044e-01,  1.634e+00,  1.180e+00],
                       [ 3.747e-01,  3.044e-01,  1.634e+00,  1.180e+00]]), array([ 9.397e+01,  9.397e+01,  9.397e+01,  9.397e+01,
                        9.397e+01]))
   param_names: ['d', 'e', 'f', 'g']
[0.37470978 0.30431246 1.63406491 1.18044485]
{'d': 0.3747097849435713, 'e': 0.3043124631650299, 'f': 1.6340649070327893, 'g': 1.180444849728607}
Previous:  {'d': 0.37856861337888614, 'e': 0.30526794114960093, 'f': 1.632545738763501, 'g': 1.182207351737343}


##############################


prev {'d': 0.3747097849435713, 'e': 0.3043124631650299, 'f': 1.6340649070327893, 'g': 1.180444849728607}
Starting ML Fit
Box87_1400
       message: Optimization terminated successfully.
       success: True
        status: 0
           fun: 88.50176094401826
             x: [ 3.712e-01  3.035e-01  1.635e+00  1.179e+00]
           nit: 70
          nfev: 126
 final_simplex: (array([[ 3.712e-01,  3.035e-01,  1.635e+00,  1.179e+00],
                       [ 3.712e-01,  3.036e-01,  1.635e+00,  1.179e+00],
                       ...,
                       [ 3.712e-01,  3.035e-01,  1.635e+00,  1.179e+00],
                       [ 3.712e-01,  3.036e-01,  1.635e+00,  1.179e+00]]), array([ 8.850e+01,  8.850e+01,  8.850e+01,  8.850e+01,
                        8.850e+01]))
   param_names: ['d', 'e', 'f', 'g']
[0.37116882 0.30351799 1.63541958 1.17851474]
{'d': 0.37116881867581375, 'e': 0.30351798570887323, 'f': 1.6354195756536358, 'g': 1.1785147362129218}
Previous:  {'d': 0.3747097849435713, 'e': 0.3043124631650299, 'f': 1.6340649070327893, 'g': 1.180444849728607}


##############################


prev {'d': 0.37116881867581375, 'e': 0.30351798570887323, 'f': 1.6354195756536358, 'g': 1.1785147362129218}
Starting ML Fit
Box87_1400
       message: Optimization terminated successfully.
       success: True
        status: 0
           fun: 89.98298676715629
             x: [ 3.675e-01  3.027e-01  1.637e+00  1.176e+00]
           nit: 64
          nfev: 116
 final_simplex: (array([[ 3.675e-01,  3.027e-01,  1.637e+00,  1.176e+00],
                       [ 3.675e-01,  3.028e-01,  1.637e+00,  1.176e+00],
                       ...,
                       [ 3.675e-01,  3.027e-01,  1.637e+00,  1.176e+00],
                       [ 3.675e-01,  3.027e-01,  1.637e+00,  1.176e+00]]), array([ 8.998e+01,  8.998e+01,  8.998e+01,  8.998e+01,
                        8.998e+01]))
   param_names: ['d', 'e', 'f', 'g']
[0.36753458 0.30268283 1.63690371 1.17623429]
{'d': 0.36753458019826923, 'e': 0.3026828334704442, 'f': 1.6369037140150384, 'g': 1.17623428599576}
Previous:  {'d': 0.37116881867581375, 'e': 0.30351798570887323, 'f': 1.6354195756536358, 'g': 1.1785147362129218}


##############################


prev {'d': 0.36753458019826923, 'e': 0.3026828334704442, 'f': 1.6369037140150384, 'g': 1.17623428599576}
Starting ML Fit
Box87_1400
       message: Optimization terminated successfully.
       success: True
        status: 0
           fun: 72.83483400365863
             x: [ 3.584e-01  3.025e-01  1.637e+00  1.172e+00]
           nit: 106
          nfev: 177
 final_simplex: (array([[ 3.584e-01,  3.025e-01,  1.637e+00,  1.172e+00],
                       [ 3.584e-01,  3.025e-01,  1.637e+00,  1.172e+00],
                       ...,
                       [ 3.584e-01,  3.025e-01,  1.637e+00,  1.172e+00],
                       [ 3.584e-01,  3.025e-01,  1.637e+00,  1.172e+00]]), array([ 7.283e+01,  7.283e+01,  7.283e+01,  7.283e+01,
                        7.283e+01]))
   param_names: ['d', 'e', 'f', 'g']
[0.35839674 0.30245034 1.63741553 1.17232723]
{'d': 0.3583967352135867, 'e': 0.3024503361034873, 'f': 1.6374155335884621, 'g': 1.1723272336058577}
Previous:  {'d': 0.36753458019826923, 'e': 0.3026828334704442, 'f': 1.6369037140150384, 'g': 1.17623428599576}


##############################


prev {'d': 0.3583967352135867, 'e': 0.3024503361034873, 'f': 1.6374155335884621, 'g': 1.1723272336058577}
Starting ML Fit
Box87_1400
       message: Optimization terminated successfully.
       success: True
        status: 0
           fun: 60.834844640073975
             x: [ 3.523e-01  3.021e-01  1.638e+00  1.167e+00]
           nit: 61
          nfev: 114
 final_simplex: (array([[ 3.523e-01,  3.021e-01,  1.638e+00,  1.167e+00],
                       [ 3.523e-01,  3.022e-01,  1.638e+00,  1.167e+00],
                       ...,
                       [ 3.523e-01,  3.022e-01,  1.638e+00,  1.167e+00],
                       [ 3.523e-01,  3.021e-01,  1.638e+00,  1.167e+00]]), array([ 6.083e+01,  6.083e+01,  6.083e+01,  6.083e+01,
                        6.083e+01]))
   param_names: ['d', 'e', 'f', 'g']
[0.35234669 0.30214574 1.63797264 1.16737364]
{'d': 0.3523466894998064, 'e': 0.3021457374008861, 'f': 1.637972639315615, 'g': 1.1673736395093388}
Previous:  {'d': 0.3583967352135867, 'e': 0.3024503361034873, 'f': 1.6374155335884621, 'g': 1.1723272336058577}


##############################


prev {'d': 0.3523466894998064, 'e': 0.3021457374008861, 'f': 1.637972639315615, 'g': 1.1673736395093388}
Starting ML Fit
Box87_1400
       message: Optimization terminated successfully.
       success: True
        status: 0
           fun: 43.81392144160428
             x: [ 3.423e-01  3.020e-01  1.638e+00  1.163e+00]
           nit: 75
          nfev: 135
 final_simplex: (array([[ 3.423e-01,  3.020e-01,  1.638e+00,  1.163e+00],
                       [ 3.423e-01,  3.020e-01,  1.638e+00,  1.163e+00],
                       ...,
                       [ 3.423e-01,  3.020e-01,  1.638e+00,  1.163e+00],
                       [ 3.423e-01,  3.021e-01,  1.638e+00,  1.163e+00]]), array([ 4.381e+01,  4.381e+01,  4.381e+01,  4.381e+01,
                        4.381e+01]))
   param_names: ['d', 'e', 'f', 'g']
[0.34231473 0.30203998 1.63840288 1.16288555]
{'d': 0.342314731303369, 'e': 0.30203997907820423, 'f': 1.638402876925193, 'g': 1.1628855534028744}
Previous:  {'d': 0.3523466894998064, 'e': 0.3021457374008861, 'f': 1.637972639315615, 'g': 1.1673736395093388}


