Curr: Box79_1400, Prev: Box35_1400
alist [1.0, 0.953321, 0.866399, 0.787402, 0.715608, 0.65036, 0.620002, 0.591061, 0.563471, 0.537169, 0.512095, 0.488191, 0.403224, 0.366459, 0.302679]
python -u fit_individ_iter.py Box79_1400 1.000000 Box35_1400 1.000000
prev {'d': 0.43067808087831716, 'e': 0.3042677701450659, 'f': 1.6615700200446426, 'g': 1.1679062525799717}
Starting ML Fit
Box79_1400
       message: Optimization terminated successfully.
       success: True
        status: 0
           fun: 111.60829483690414
             x: [ 4.317e-01  3.011e-01  1.666e+00  1.169e+00]
           nit: 66
          nfev: 120
 final_simplex: (array([[ 4.317e-01,  3.011e-01,  1.666e+00,  1.169e+00],
                       [ 4.317e-01,  3.012e-01,  1.666e+00,  1.169e+00],
                       ...,
                       [ 4.317e-01,  3.012e-01,  1.666e+00,  1.169e+00],
                       [ 4.317e-01,  3.012e-01,  1.666e+00,  1.169e+00]]), array([ 1.116e+02,  1.116e+02,  1.116e+02,  1.116e+02,
                        1.116e+02]))
   param_names: ['d', 'e', 'f', 'g']
[0.43166705 0.30110962 1.665715   1.16879395]
{'d': 0.43166705251483195, 'e': 0.30110961671583014, 'f': 1.6657150005284675, 'g': 1.168793948166237}
Previous:  {'d': 0.43067808087831716, 'e': 0.3042677701450659, 'f': 1.6615700200446426, 'g': 1.1679062525799717}
python -u fit_individ_iter.py Box79_1400 0.953321 Box79_1400 1.000000
prev {'d': 0.43166705251483195, 'e': 0.30110961671583014, 'f': 1.6657150005284675, 'g': 1.168793948166237}
Starting ML Fit
Box79_1400
       message: Optimization terminated successfully.
       success: True
        status: 0
           fun: 101.99413974883477
             x: [ 4.259e-01  2.987e-01  1.669e+00  1.170e+00]
           nit: 78
          nfev: 136
 final_simplex: (array([[ 4.259e-01,  2.987e-01,  1.669e+00,  1.170e+00],
                       [ 4.259e-01,  2.987e-01,  1.669e+00,  1.170e+00],
                       ...,
                       [ 4.259e-01,  2.987e-01,  1.669e+00,  1.170e+00],
                       [ 4.259e-01,  2.986e-01,  1.669e+00,  1.170e+00]]), array([ 1.020e+02,  1.020e+02,  1.020e+02,  1.020e+02,
                        1.020e+02]))
   param_names: ['d', 'e', 'f', 'g']
[0.42589107 0.29866183 1.669025   1.17030119]
{'d': 0.4258910684735605, 'e': 0.29866183052372663, 'f': 1.6690249993610673, 'g': 1.170301189568178}
Previous:  {'d': 0.43166705251483195, 'e': 0.30110961671583014, 'f': 1.6657150005284675, 'g': 1.168793948166237}
python -u fit_individ_iter.py Box79_1400 0.866399 Box79_1400 0.953321
prev {'d': 0.4258910684735605, 'e': 0.29866183052372663, 'f': 1.6690249993610673, 'g': 1.170301189568178}
Starting ML Fit
Box79_1400
       message: Optimization terminated successfully.
       success: True
        status: 0
           fun: 106.36762879562696
             x: [ 4.145e-01  2.963e-01  1.672e+00  1.170e+00]
           nit: 76
          nfev: 137
 final_simplex: (array([[ 4.145e-01,  2.963e-01,  1.672e+00,  1.170e+00],
                       [ 4.145e-01,  2.963e-01,  1.672e+00,  1.170e+00],
                       ...,
                       [ 4.145e-01,  2.964e-01,  1.672e+00,  1.170e+00],
                       [ 4.145e-01,  2.964e-01,  1.672e+00,  1.170e+00]]), array([ 1.064e+02,  1.064e+02,  1.064e+02,  1.064e+02,
                        1.064e+02]))
   param_names: ['d', 'e', 'f', 'g']
[0.41447607 0.29630673 1.67237715 1.17039159]
{'d': 0.4144760667230126, 'e': 0.2963067337339319, 'f': 1.6723771528040867, 'g': 1.1703915941703373}
Previous:  {'d': 0.4258910684735605, 'e': 0.29866183052372663, 'f': 1.6690249993610673, 'g': 1.170301189568178}
python -u fit_individ_iter.py Box79_1400 0.787402 Box79_1400 0.866399
prev {'d': 0.4144760667230126, 'e': 0.2963067337339319, 'f': 1.6723771528040867, 'g': 1.1703915941703373}
Starting ML Fit
Box79_1400
       message: Optimization terminated successfully.
       success: True
        status: 0
           fun: 97.3368831297545
             x: [ 4.049e-01  2.948e-01  1.674e+00  1.171e+00]
           nit: 82
          nfev: 148
 final_simplex: (array([[ 4.049e-01,  2.948e-01,  1.674e+00,  1.171e+00],
                       [ 4.049e-01,  2.949e-01,  1.674e+00,  1.171e+00],
                       ...,
                       [ 4.049e-01,  2.949e-01,  1.674e+00,  1.171e+00],
                       [ 4.049e-01,  2.949e-01,  1.674e+00,  1.171e+00]]), array([ 9.734e+01,  9.734e+01,  9.734e+01,  9.734e+01,
                        9.734e+01]))
   param_names: ['d', 'e', 'f', 'g']
[0.40485152 0.29484707 1.67445753 1.17114788]
{'d': 0.4048515212172963, 'e': 0.2948470695541917, 'f': 1.6744575323907291, 'g': 1.1711478840966887}
Previous:  {'d': 0.4144760667230126, 'e': 0.2963067337339319, 'f': 1.6723771528040867, 'g': 1.1703915941703373}
python -u fit_individ_iter.py Box79_1400 0.715608 Box79_1400 0.787402
prev {'d': 0.4048515212172963, 'e': 0.2948470695541917, 'f': 1.6744575323907291, 'g': 1.1711478840966887}
Starting ML Fit
Box79_1400
       message: Optimization terminated successfully.
       success: True
        status: 0
           fun: 88.49783747322934
             x: [ 3.966e-01  2.941e-01  1.676e+00  1.173e+00]
           nit: 91
          nfev: 159
 final_simplex: (array([[ 3.966e-01,  2.941e-01,  1.676e+00,  1.173e+00],
                       [ 3.966e-01,  2.941e-01,  1.675e+00,  1.173e+00],
                       ...,
                       [ 3.966e-01,  2.941e-01,  1.676e+00,  1.173e+00],
                       [ 3.966e-01,  2.941e-01,  1.676e+00,  1.173e+00]]), array([ 8.850e+01,  8.850e+01,  8.850e+01,  8.850e+01,
                        8.850e+01]))
   param_names: ['d', 'e', 'f', 'g']
[0.39659153 0.29414146 1.67557124 1.17306414]
{'d': 0.396591531104067, 'e': 0.29414146181126744, 'f': 1.675571243999829, 'g': 1.1730641362448777}
Previous:  {'d': 0.4048515212172963, 'e': 0.2948470695541917, 'f': 1.6744575323907291, 'g': 1.1711478840966887}
python -u fit_individ_iter.py Box79_1400 0.650360 Box79_1400 0.715608
prev {'d': 0.396591531104067, 'e': 0.29414146181126744, 'f': 1.675571243999829, 'g': 1.1730641362448777}
Starting ML Fit
Box79_1400
       message: Optimization terminated successfully.
       success: True
        status: 0
           fun: 83.77490874053579
             x: [ 3.874e-01  2.937e-01  1.676e+00  1.172e+00]
           nit: 66
          nfev: 118
 final_simplex: (array([[ 3.874e-01,  2.937e-01,  1.676e+00,  1.172e+00],
                       [ 3.874e-01,  2.937e-01,  1.676e+00,  1.172e+00],
                       ...,
                       [ 3.874e-01,  2.938e-01,  1.676e+00,  1.172e+00],
                       [ 3.874e-01,  2.937e-01,  1.676e+00,  1.172e+00]]), array([ 8.377e+01,  8.377e+01,  8.377e+01,  8.377e+01,
                        8.377e+01]))
   param_names: ['d', 'e', 'f', 'g']
[0.38741856 0.29367673 1.67625573 1.17167886]
{'d': 0.3874185555668135, 'e': 0.29367672917226384, 'f': 1.6762557269023741, 'g': 1.1716788585933449}
Previous:  {'d': 0.396591531104067, 'e': 0.29414146181126744, 'f': 1.675571243999829, 'g': 1.1730641362448777}
python -u fit_individ_iter.py Box79_1400 0.620002 Box79_1400 0.650360
prev {'d': 0.3874185555668135, 'e': 0.29367672917226384, 'f': 1.6762557269023741, 'g': 1.1716788585933449}
Starting ML Fit
Box79_1400
       message: Optimization terminated successfully.
       success: True
        status: 0
           fun: 83.75036802835164
             x: [ 3.820e-01  2.931e-01  1.677e+00  1.169e+00]
           nit: 56
          nfev: 108
 final_simplex: (array([[ 3.820e-01,  2.931e-01,  1.677e+00,  1.169e+00],
                       [ 3.820e-01,  2.932e-01,  1.677e+00,  1.169e+00],
                       ...,
                       [ 3.820e-01,  2.932e-01,  1.677e+00,  1.169e+00],
                       [ 3.820e-01,  2.932e-01,  1.677e+00,  1.169e+00]]), array([ 8.375e+01,  8.375e+01,  8.375e+01,  8.375e+01,
                        8.375e+01]))
   param_names: ['d', 'e', 'f', 'g']
[0.38195806 0.29314576 1.67712754 1.16934272]
{'d': 0.38195806292761886, 'e': 0.29314575957145605, 'f': 1.6771275439034485, 'g': 1.1693427198059951}
Previous:  {'d': 0.3874185555668135, 'e': 0.29367672917226384, 'f': 1.6762557269023741, 'g': 1.1716788585933449}
python -u fit_individ_iter.py Box79_1400 0.591061 Box79_1400 0.620002
prev {'d': 0.38195806292761886, 'e': 0.29314575957145605, 'f': 1.6771275439034485, 'g': 1.1693427198059951}
Starting ML Fit
Box79_1400
       message: Optimization terminated successfully.
       success: True
        status: 0
           fun: 80.7174048092858
             x: [ 3.778e-01  2.926e-01  1.678e+00  1.169e+00]
           nit: 53
          nfev: 99
 final_simplex: (array([[ 3.778e-01,  2.926e-01,  1.678e+00,  1.169e+00],
                       [ 3.778e-01,  2.927e-01,  1.678e+00,  1.169e+00],
                       ...,
                       [ 3.778e-01,  2.926e-01,  1.678e+00,  1.169e+00],
                       [ 3.778e-01,  2.927e-01,  1.678e+00,  1.169e+00]]), array([ 8.072e+01,  8.072e+01,  8.072e+01,  8.072e+01,
                        8.072e+01]))
   param_names: ['d', 'e', 'f', 'g']
[0.37779303 0.29263475 1.67797784 1.16867279]
{'d': 0.3777930282185088, 'e': 0.29263475020861424, 'f': 1.677977838214252, 'g': 1.1686727934590777}
Previous:  {'d': 0.38195806292761886, 'e': 0.29314575957145605, 'f': 1.6771275439034485, 'g': 1.1693427198059951}
python -u fit_individ_iter.py Box79_1400 0.563471 Box79_1400 0.591061
prev {'d': 0.3777930282185088, 'e': 0.29263475020861424, 'f': 1.677977838214252, 'g': 1.1686727934590777}
Starting ML Fit
Box79_1400
       message: Optimization terminated successfully.
       success: True
        status: 0
           fun: 73.12286079470843
             x: [ 3.753e-01  2.923e-01  1.679e+00  1.170e+00]
           nit: 56
          nfev: 106
 final_simplex: (array([[ 3.753e-01,  2.923e-01,  1.679e+00,  1.170e+00],
                       [ 3.753e-01,  2.923e-01,  1.678e+00,  1.170e+00],
                       ...,
                       [ 3.753e-01,  2.923e-01,  1.678e+00,  1.170e+00],
                       [ 3.753e-01,  2.923e-01,  1.678e+00,  1.170e+00]]), array([ 7.312e+01,  7.312e+01,  7.312e+01,  7.312e+01,
                        7.312e+01]))
   param_names: ['d', 'e', 'f', 'g']
[0.3752944  0.29233781 1.67851908 1.16992119]
{'d': 0.37529439599521386, 'e': 0.29233780742720306, 'f': 1.6785190775042818, 'g': 1.169921186814853}
Previous:  {'d': 0.3777930282185088, 'e': 0.29263475020861424, 'f': 1.677977838214252, 'g': 1.1686727934590777}
python -u fit_individ_iter.py Box79_1400 0.537169 Box79_1400 0.563471
prev {'d': 0.37529439599521386, 'e': 0.29233780742720306, 'f': 1.6785190775042818, 'g': 1.169921186814853}
Starting ML Fit
Box79_1400
       message: Optimization terminated successfully.
       success: True
        status: 0
           fun: 68.07120364873087
             x: [ 3.708e-01  2.922e-01  1.679e+00  1.168e+00]
           nit: 66
          nfev: 115
 final_simplex: (array([[ 3.708e-01,  2.922e-01,  1.679e+00,  1.168e+00],
                       [ 3.708e-01,  2.922e-01,  1.679e+00,  1.168e+00],
                       ...,
                       [ 3.708e-01,  2.922e-01,  1.679e+00,  1.168e+00],
                       [ 3.708e-01,  2.922e-01,  1.679e+00,  1.168e+00]]), array([ 6.807e+01,  6.807e+01,  6.807e+01,  6.807e+01,
                        6.807e+01]))
   param_names: ['d', 'e', 'f', 'g']
[0.37075354 0.29219812 1.67873612 1.16832078]
{'d': 0.37075354264601507, 'e': 0.29219811864802925, 'f': 1.678736123800551, 'g': 1.168320781142436}
Previous:  {'d': 0.37529439599521386, 'e': 0.29233780742720306, 'f': 1.6785190775042818, 'g': 1.169921186814853}
python -u fit_individ_iter.py Box79_1400 0.512095 Box79_1400 0.537169
prev {'d': 0.37075354264601507, 'e': 0.29219811864802925, 'f': 1.678736123800551, 'g': 1.168320781142436}
Starting ML Fit
Box79_1400
       message: Optimization terminated successfully.
       success: True
        status: 0
           fun: 68.19100204666378
             x: [ 3.692e-01  2.921e-01  1.679e+00  1.171e+00]
           nit: 61
          nfev: 114
 final_simplex: (array([[ 3.692e-01,  2.921e-01,  1.679e+00,  1.171e+00],
                       [ 3.692e-01,  2.921e-01,  1.679e+00,  1.171e+00],
                       ...,
                       [ 3.692e-01,  2.921e-01,  1.679e+00,  1.171e+00],
                       [ 3.692e-01,  2.922e-01,  1.679e+00,  1.170e+00]]), array([ 6.819e+01,  6.819e+01,  6.819e+01,  6.819e+01,
                        6.819e+01]))
   param_names: ['d', 'e', 'f', 'g']
[0.36923284 0.29210248 1.67888234 1.17050036]
{'d': 0.36923284489001096, 'e': 0.2921024834461199, 'f': 1.67888234318468, 'g': 1.1705003558621643}
Previous:  {'d': 0.37075354264601507, 'e': 0.29219811864802925, 'f': 1.678736123800551, 'g': 1.168320781142436}
python -u fit_individ_iter.py Box79_1400 0.488191 Box79_1400 0.512095
prev {'d': 0.36923284489001096, 'e': 0.2921024834461199, 'f': 1.67888234318468, 'g': 1.1705003558621643}
Starting ML Fit
Box79_1400
       message: Optimization terminated successfully.
       success: True
        status: 0
           fun: 59.039004406178705
             x: [ 3.654e-01  2.922e-01  1.679e+00  1.168e+00]
           nit: 60
          nfev: 109
 final_simplex: (array([[ 3.654e-01,  2.922e-01,  1.679e+00,  1.168e+00],
                       [ 3.654e-01,  2.922e-01,  1.679e+00,  1.168e+00],
                       ...,
                       [ 3.654e-01,  2.921e-01,  1.679e+00,  1.168e+00],
                       [ 3.654e-01,  2.921e-01,  1.679e+00,  1.168e+00]]), array([ 5.904e+01,  5.904e+01,  5.904e+01,  5.904e+01,
                        5.904e+01]))
   param_names: ['d', 'e', 'f', 'g']
[0.36538611 0.29219626 1.67866807 1.16826215]
{'d': 0.36538610754183587, 'e': 0.29219626031841883, 'f': 1.6786680699202097, 'g': 1.1682621542871001}
Previous:  {'d': 0.36923284489001096, 'e': 0.2921024834461199, 'f': 1.67888234318468, 'g': 1.1705003558621643}
python -u fit_individ_iter.py Box79_1400 0.403224 Box79_1400 0.488191
prev {'d': 0.36538610754183587, 'e': 0.29219626031841883, 'f': 1.6786680699202097, 'g': 1.1682621542871001}
Starting ML Fit
Box79_1400
       message: Optimization terminated successfully.
       success: True
        status: 0
           fun: 47.48001111742856
             x: [ 3.547e-01  2.922e-01  1.679e+00  1.167e+00]
           nit: 68
          nfev: 125
 final_simplex: (array([[ 3.547e-01,  2.922e-01,  1.679e+00,  1.167e+00],
                       [ 3.548e-01,  2.923e-01,  1.679e+00,  1.167e+00],
                       ...,
                       [ 3.547e-01,  2.923e-01,  1.679e+00,  1.167e+00],
                       [ 3.548e-01,  2.923e-01,  1.679e+00,  1.167e+00]]), array([ 4.748e+01,  4.748e+01,  4.748e+01,  4.748e+01,
                        4.748e+01]))
   param_names: ['d', 'e', 'f', 'g']
[0.35471611 0.29223305 1.67856059 1.16711218]
{'d': 0.3547161084910519, 'e': 0.2922330492883252, 'f': 1.678560592190359, 'g': 1.1671121781800151}
Previous:  {'d': 0.36538610754183587, 'e': 0.29219626031841883, 'f': 1.6786680699202097, 'g': 1.1682621542871001}
python -u fit_individ_iter.py Box79_1400 0.366459 Box79_1400 0.403224
prev {'d': 0.3547161084910519, 'e': 0.2922330492883252, 'f': 1.678560592190359, 'g': 1.1671121781800151}
Starting ML Fit
Box79_1400
       message: Optimization terminated successfully.
       success: True
        status: 0
           fun: 42.21398949289483
             x: [ 3.461e-01  2.922e-01  1.679e+00  1.163e+00]
           nit: 67
          nfev: 119
 final_simplex: (array([[ 3.461e-01,  2.922e-01,  1.679e+00,  1.163e+00],
                       [ 3.461e-01,  2.922e-01,  1.679e+00,  1.163e+00],
                       ...,
                       [ 3.461e-01,  2.922e-01,  1.679e+00,  1.163e+00],
                       [ 3.460e-01,  2.922e-01,  1.679e+00,  1.163e+00]]), array([ 4.221e+01,  4.221e+01,  4.221e+01,  4.221e+01,
                        4.221e+01]))
   param_names: ['d', 'e', 'f', 'g']
[0.34606989 0.2922139  1.67861245 1.16323786]
{'d': 0.34606989353329726, 'e': 0.2922139039916787, 'f': 1.6786124464535506, 'g': 1.1632378579415146}
Previous:  {'d': 0.3547161084910519, 'e': 0.2922330492883252, 'f': 1.678560592190359, 'g': 1.1671121781800151}
python -u fit_individ_iter.py Box79_1400 0.302679 Box79_1400 0.366459
prev {'d': 0.34606989353329726, 'e': 0.2922139039916787, 'f': 1.6786124464535506, 'g': 1.1632378579415146}
Starting ML Fit
Box79_1400
       message: Optimization terminated successfully.
       success: True
        status: 0
           fun: 21.986479199866608
             x: [ 3.442e-01  2.923e-01  1.679e+00  1.170e+00]
           nit: 72
          nfev: 127
 final_simplex: (array([[ 3.442e-01,  2.923e-01,  1.679e+00,  1.170e+00],
                       [ 3.441e-01,  2.922e-01,  1.678e+00,  1.170e+00],
                       ...,
                       [ 3.442e-01,  2.923e-01,  1.678e+00,  1.170e+00],
                       [ 3.442e-01,  2.922e-01,  1.679e+00,  1.170e+00]]), array([ 2.199e+01,  2.199e+01,  2.199e+01,  2.199e+01,
                        2.199e+01]))
   param_names: ['d', 'e', 'f', 'g']
[0.34415111 0.29229082 1.67852879 1.17012961]
{'d': 0.3441511121654944, 'e': 0.292290815341337, 'f': 1.6785287901823238, 'g': 1.1701296071480232}
Previous:  {'d': 0.34606989353329726, 'e': 0.2922139039916787, 'f': 1.6786124464535506, 'g': 1.1632378579415146}
