##############################


[0.302679, 0.366459, 0.403224, 0.488191, 0.512095, 0.537169, 0.563471, 0.591061, 0.620002, 0.65036, 0.715608, 0.787402, 0.866399, 0.953321, 1.0]
dict_keys([0.302679, 0.366459, 0.403224, 0.488191, 0.512095, 0.537169, 0.563471, 0.591061, 0.620002, 0.65036, 0.715608, 0.787402, 0.866399, 0.953321, 1.0])
prev {'d0': 2.0734549671944977, 'd1': -0.18533307218559658, 'e0': 1.0700712947833229, 'e1': -0.00421819924082863, 'f0': 0.4057165014893963, 'f1': 0.1818338554562638, 'g0': 1.2196533887875478, 'g1': 0.0013111059202217598}
Starting ML Fit
Box_n50_47_1400
       message: Optimization terminated successfully.
       success: True
        status: 0
           fun: 1734.3013029170475
             x: [ 2.083e+00 -1.679e-01  1.018e+00 -4.330e-03  4.395e-01
                  1.640e-01  1.223e+00  1.493e-03]
           nit: 283
          nfev: 453
 final_simplex: (array([[ 2.083e+00, -1.679e-01, ...,  1.223e+00,
                         1.493e-03],
                       [ 2.083e+00, -1.679e-01, ...,  1.223e+00,
                         1.493e-03],
                       ...,
                       [ 2.083e+00, -1.679e-01, ...,  1.223e+00,
                         1.493e-03],
                       [ 2.083e+00, -1.679e-01, ...,  1.223e+00,
                         1.493e-03]]), array([ 1.734e+03,  1.734e+03,  1.734e+03,  1.734e+03,
                        1.734e+03,  1.734e+03,  1.734e+03,  1.734e+03,
                        1.734e+03]))
   param_names: ['d0', 'd1', 'e0', 'e1', 'f0', 'f1', 'g0', 'g1']
[ 2.08258058e+00 -1.67853414e-01  1.01832632e+00 -4.33008845e-03
  4.39536653e-01  1.63969611e-01  1.22265194e+00  1.49253154e-03]
{'d0': 2.0825805792194405, 'd1': -0.1678534143686627, 'e0': 1.0183263170497754, 'e1': -0.004330088452942722, 'f0': 0.43953665281321797, 'f1': 0.16396961076557695, 'g0': 1.222651937810878, 'g1': 0.0014925315357924608}
-------------------
{'d0': 2.0825805792194405, 'd1': -0.1678534143686627, 'e0': 1.0183263170497754, 'e1': -0.004330088452942722, 'f0': 0.43953665281321797, 'f1': 0.16396961076557695, 'g0': 1.222651937810878, 'g1': 0.0014925315357924608}
Previous:  {'d0': 2.0734549671944977, 'd1': -0.18533307218559658, 'e0': 1.0700712947833229, 'e1': -0.00421819924082863, 'f0': 0.4057165014893963, 'f1': 0.1818338554562638, 'g0': 1.2196533887875478, 'g1': 0.0013111059202217598}
-------------------
