##############################


[0.302679, 0.366459, 0.403224, 0.488191, 0.512095, 0.537169, 0.563471, 0.591061, 0.620002, 0.65036, 0.715608, 0.787402, 0.866399, 0.953321, 1.0]
dict_keys([0.302679, 0.366459, 0.403224, 0.488191, 0.512095, 0.537169, 0.563471, 0.591061, 0.620002, 0.65036, 0.715608, 0.787402, 0.866399, 0.953321, 1.0])
prev {'d0': 2.092567306294093, 'd1': -0.21354097499240388, 'e0': 1.0599640966504107, 'e1': 0.03576657451498799, 'f0': 0.41440853247276965, 'f1': 0.15917610174386637, 'g0': 1.211820854944086, 'g1': -1.1631078249678676e-08}
Starting ML Fit
Box14_1400
       message: Optimization terminated successfully.
       success: True
        status: 0
           fun: 1560.8621687488073
             x: [ 2.143e+00 -3.250e-01  1.103e+00  4.092e-02  3.979e-01
                  1.457e-01  1.236e+00 -3.854e-09]
           nit: 824
          nfev: 1231
 final_simplex: (array([[ 2.143e+00, -3.250e-01, ...,  1.236e+00,
                        -3.854e-09],
                       [ 2.143e+00, -3.250e-01, ...,  1.236e+00,
                        -3.862e-09],
                       ...,
                       [ 2.143e+00, -3.250e-01, ...,  1.236e+00,
                        -3.836e-09],
                       [ 2.143e+00, -3.249e-01, ...,  1.236e+00,
                        -3.875e-09]]), array([ 1.561e+03,  1.561e+03,  1.561e+03,  1.561e+03,
                        1.561e+03,  1.561e+03,  1.561e+03,  1.561e+03,
                        1.561e+03]))
   param_names: ['d0', 'd1', 'e0', 'e1', 'f0', 'f1', 'g0', 'g1']
[ 2.14257011e+00 -3.24976899e-01  1.10342348e+00  4.09231071e-02
  3.97912908e-01  1.45730767e-01  1.23590552e+00 -3.85363868e-09]
{'d0': 2.142570106612693, 'd1': -0.3249768989070005, 'e0': 1.1034234839085615, 'e1': 0.04092310710371484, 'f0': 0.3979129076777681, 'f1': 0.14573076736122745, 'g0': 1.2359055215339563, 'g1': -3.85363868169267e-09}
-------------------
{'d0': 2.142570106612693, 'd1': -0.3249768989070005, 'e0': 1.1034234839085615, 'e1': 0.04092310710371484, 'f0': 0.3979129076777681, 'f1': 0.14573076736122745, 'g0': 1.2359055215339563, 'g1': -3.85363868169267e-09}
Previous:  {'d0': 2.092567306294093, 'd1': -0.21354097499240388, 'e0': 1.0599640966504107, 'e1': 0.03576657451498799, 'f0': 0.41440853247276965, 'f1': 0.15917610174386637, 'g0': 1.211820854944086, 'g1': -1.1631078249678676e-08}
-------------------
