##############################


[[0.01   0.     0.     0.     0.     0.     0.     0.    ]
 [0.     0.01   0.     0.     0.     0.     0.     0.    ]
 [0.     0.     0.001  0.     0.     0.     0.     0.    ]
 [0.     0.     0.     0.001  0.     0.     0.     0.    ]
 [0.     0.     0.     0.     0.0005 0.     0.     0.    ]
 [0.     0.     0.     0.     0.     0.0005 0.     0.    ]
 [0.     0.     0.     0.     0.     0.     0.0001 0.    ]
 [0.     0.     0.     0.     0.     0.     0.     0.0001]]
[0.302679, 0.366459, 0.403224, 0.488191, 0.512095, 0.537169, 0.563471, 0.591061, 0.620002, 0.65036, 0.715608, 0.787402, 0.866399, 0.953321, 1.0]
dict_keys([0.302679, 0.366459, 0.403224, 0.488191, 0.512095, 0.537169, 0.563471, 0.591061, 0.620002, 0.65036, 0.715608, 0.787402, 0.866399, 0.953321, 1.0])
prev {'d0': 1.9467884402872944, 'd1': 0.0746451663177542, 'e0': 0.9986601907833039, 'e1': -0.08748716419870706, 'f0': 0.4415289739528215, 'f1': 0.17870735066352833, 'g0': 1.203797873014364, 'g1': 0.019705425436967215}
Starting ML Fit
Box35_1400
       message: Optimization terminated successfully.
       success: True
        status: 0
           fun: 1309.9931299307073
             x: [ 2.004e+00  1.201e-01  1.008e+00 -7.642e-02  4.542e-01
                  1.735e-01  1.216e+00  1.095e-02]
           nit: 550
          nfev: 832
 final_simplex: (array([[ 2.004e+00,  1.201e-01, ...,  1.216e+00,
                         1.095e-02],
                       [ 2.004e+00,  1.201e-01, ...,  1.216e+00,
                         1.096e-02],
                       ...,
                       [ 2.004e+00,  1.201e-01, ...,  1.216e+00,
                         1.096e-02],
                       [ 2.004e+00,  1.201e-01, ...,  1.216e+00,
                         1.095e-02]]), array([ 1.310e+03,  1.310e+03,  1.310e+03,  1.310e+03,
                        1.310e+03,  1.310e+03,  1.310e+03,  1.310e+03,
                        1.310e+03]))
   param_names: ['d0', 'd1', 'e0', 'e1', 'f0', 'f1', 'g0', 'g1']
[ 2.00362732  0.12012447  1.00765689 -0.07642402  0.45422295  0.17345084
  1.21612641  0.01094669]
{'d0': 2.003627317703033, 'd1': 0.12012446616272011, 'e0': 1.0076568862039492, 'e1': -0.07642402433370926, 'f0': 0.45422294945331937, 'f1': 0.173450840294567, 'g0': 1.216126406415464, 'g1': 0.010946687740592577}
-------------------
{'d0': 2.003627317703033, 'd1': 0.12012446616272011, 'e0': 1.0076568862039492, 'e1': -0.07642402433370926, 'f0': 0.45422294945331937, 'f1': 0.173450840294567, 'g0': 1.216126406415464, 'g1': 0.010946687740592577}
Previous:  {'d0': 1.9467884402872944, 'd1': 0.0746451663177542, 'e0': 0.9986601907833039, 'e1': -0.08748716419870706, 'f0': 0.4415289739528215, 'f1': 0.17870735066352833, 'g0': 1.203797873014364, 'g1': 0.019705425436967215}
-------------------
