##############################


[0.302679, 0.366459, 0.403224, 0.488191, 0.512095, 0.537169, 0.563471, 0.591061, 0.620002, 0.65036, 0.715608, 0.787402, 0.866399, 0.953321, 1.0]
dict_keys([0.302679, 0.366459, 0.403224, 0.488191, 0.512095, 0.537169, 0.563471, 0.591061, 0.620002, 0.65036, 0.715608, 0.787402, 0.866399, 0.953321, 1.0])
prev {'d0': 2.024796700389106, 'd1': -0.1908368915159412, 'e0': 1.0565652558476524, 'e1': 0.016358512400283215, 'f0': 0.4193239609409307, 'f1': 0.17048048740836874, 'g0': 1.235339302767668, 'g1': 0.0015571042551113597}
Starting ML Fit
Box_n50_7_1400
       message: Optimization terminated successfully.
       success: True
        status: 0
           fun: 1803.1451959484846
             x: [ 2.008e+00 -2.976e-01  1.075e+00  1.984e-02  4.190e-01
                  1.719e-01  1.243e+00 -3.654e-04]
           nit: 594
          nfev: 884
 final_simplex: (array([[ 2.008e+00, -2.976e-01, ...,  1.243e+00,
                        -3.654e-04],
                       [ 2.008e+00, -2.977e-01, ...,  1.243e+00,
                        -3.647e-04],
                       ...,
                       [ 2.008e+00, -2.976e-01, ...,  1.243e+00,
                        -3.611e-04],
                       [ 2.008e+00, -2.975e-01, ...,  1.243e+00,
                        -3.569e-04]]), array([ 1.803e+03,  1.803e+03,  1.803e+03,  1.803e+03,
                        1.803e+03,  1.803e+03,  1.803e+03,  1.803e+03,
                        1.803e+03]))
   param_names: ['d0', 'd1', 'e0', 'e1', 'f0', 'f1', 'g0', 'g1']
[ 2.00827620e+00 -2.97620277e-01  1.07536107e+00  1.98418864e-02
  4.19044975e-01  1.71934143e-01  1.24325670e+00 -3.65350573e-04]
{'d0': 2.0082761955884894, 'd1': -0.2976202769738375, 'e0': 1.0753610684673895, 'e1': 0.01984188644081053, 'f0': 0.41904497494967263, 'f1': 0.17193414267277282, 'g0': 1.2432567028411827, 'g1': -0.0003653505728647113}
-------------------
{'d0': 2.0082761955884894, 'd1': -0.2976202769738375, 'e0': 1.0753610684673895, 'e1': 0.01984188644081053, 'f0': 0.41904497494967263, 'f1': 0.17193414267277282, 'g0': 1.2432567028411827, 'g1': -0.0003653505728647113}
Previous:  {'d0': 2.024796700389106, 'd1': -0.1908368915159412, 'e0': 1.0565652558476524, 'e1': 0.016358512400283215, 'f0': 0.4193239609409307, 'f1': 0.17048048740836874, 'g0': 1.235339302767668, 'g1': 0.0015571042551113597}
-------------------
