alist [1.0, 0.953321, 0.866399, 0.787402, 0.715608, 0.65036, 0.620002, 0.591061, 0.563471, 0.537169, 0.512095, 0.488191, 0.403224, 0.366459, 0.302679]
Curr: Box50_1400, Prev: Box86_1400
##############################


prev {'d': 2.030572057414698, 'e': 0.998198062861493, 'f': 0.5519052530217623, 'g': 1.2157709488882762}
Starting ML Fit
Box50_1400
       message: Optimization terminated successfully.
       success: True
        status: 0
           fun: 140.5862338857173
             x: [ 1.928e+00  1.000e+00  5.576e-01  1.220e+00]
           nit: 79
          nfev: 142
 final_simplex: (array([[ 1.928e+00,  1.000e+00,  5.576e-01,  1.220e+00],
                       [ 1.927e+00,  1.000e+00,  5.576e-01,  1.220e+00],
                       ...,
                       [ 1.928e+00,  1.000e+00,  5.576e-01,  1.220e+00],
                       [ 1.928e+00,  1.000e+00,  5.576e-01,  1.220e+00]]), array([ 1.406e+02,  1.406e+02,  1.406e+02,  1.406e+02,
                        1.406e+02]))
   param_names: ['d', 'e', 'f', 'g']
[1.92757098 1.00000052 0.55761487 1.22020745]
{'d': 1.927570983004813, 'e': 1.00000051738977, 'f': 0.5576148749182077, 'g': 1.220207446410296}
Previous:  {'d': 2.030572057414698, 'e': 0.998198062861493, 'f': 0.5519052530217623, 'g': 1.2157709488882762}


##############################


asserting exponential supression start at lower masses
prev {'d': 1.927570983004813, 'e': 1.00000051738977, 'f': 0.5576148749182077, 'g': 1.220207446410296}
Starting ML Fit
Box50_1400
       message: Optimization terminated successfully.
       success: True
        status: 0
           fun: 140.41409881891545
             x: [ 1.945e+00  9.998e-01  5.504e-01  1.223e+00]
           nit: 68
          nfev: 122
 final_simplex: (array([[ 1.945e+00,  9.998e-01,  5.504e-01,  1.223e+00],
                       [ 1.945e+00,  9.997e-01,  5.504e-01,  1.223e+00],
                       ...,
                       [ 1.945e+00,  9.998e-01,  5.504e-01,  1.223e+00],
                       [ 1.945e+00,  9.998e-01,  5.504e-01,  1.223e+00]]), array([ 1.404e+02,  1.404e+02,  1.404e+02,  1.404e+02,
                        1.404e+02]))
   param_names: ['d', 'e', 'f', 'g']
[1.94526838 0.99977433 0.55037265 1.22320097]
{'d': 1.9452683817142302, 'e': 0.9997743290188621, 'f': 0.5503726529617408, 'g': 1.2232009651600628}
Previous:  {'d': 1.927570983004813, 'e': 1.00000051738977, 'f': 0.5576148749182077, 'g': 1.220207446410296}


##############################


asserting exponential supression start at lower masses
prev {'d': 1.9452683817142302, 'e': 0.9997743290188621, 'f': 0.5503726529617408, 'g': 1.2232009651600628}
Starting ML Fit
Box50_1400
       message: Optimization terminated successfully.
       success: True
        status: 0
           fun: 131.9707204208904
             x: [ 1.983e+00  9.992e-01  5.360e-01  1.229e+00]
           nit: 82
          nfev: 147
 final_simplex: (array([[ 1.983e+00,  9.992e-01,  5.360e-01,  1.229e+00],
                       [ 1.983e+00,  9.992e-01,  5.360e-01,  1.229e+00],
                       ...,
                       [ 1.983e+00,  9.992e-01,  5.360e-01,  1.229e+00],
                       [ 1.983e+00,  9.992e-01,  5.360e-01,  1.229e+00]]), array([ 1.320e+02,  1.320e+02,  1.320e+02,  1.320e+02,
                        1.320e+02]))
   param_names: ['d', 'e', 'f', 'g']
[1.98331024 0.99917411 0.53603813 1.22930656]
{'d': 1.9833102369276125, 'e': 0.9991741086083599, 'f': 0.536038129850879, 'g': 1.2293065579576232}
Previous:  {'d': 1.9452683817142302, 'e': 0.9997743290188621, 'f': 0.5503726529617408, 'g': 1.2232009651600628}


##############################


asserting exponential supression start at lower masses
prev {'d': 1.9833102369276125, 'e': 0.9991741086083599, 'f': 0.536038129850879, 'g': 1.2293065579576232}
Starting ML Fit
Box50_1400
       message: Optimization terminated successfully.
       success: True
        status: 0
           fun: 136.13525846779208
             x: [ 2.026e+00  9.994e-01  5.223e-01  1.237e+00]
           nit: 81
          nfev: 145
 final_simplex: (array([[ 2.026e+00,  9.994e-01,  5.223e-01,  1.237e+00],
                       [ 2.026e+00,  9.994e-01,  5.224e-01,  1.237e+00],
                       ...,
                       [ 2.026e+00,  9.994e-01,  5.223e-01,  1.237e+00],
                       [ 2.026e+00,  9.994e-01,  5.223e-01,  1.237e+00]]), array([ 1.361e+02,  1.361e+02,  1.361e+02,  1.361e+02,
                        1.361e+02]))
   param_names: ['d', 'e', 'f', 'g']
[2.02622181 0.99936601 0.52234635 1.23667085]
{'d': 2.0262218121012516, 'e': 0.999366013709421, 'f': 0.5223463485237632, 'g': 1.236670845599264}
Previous:  {'d': 1.9833102369276125, 'e': 0.9991741086083599, 'f': 0.536038129850879, 'g': 1.2293065579576232}


##############################


asserting exponential supression start at lower masses
prev {'d': 2.0262218121012516, 'e': 0.999366013709421, 'f': 0.5223463485237632, 'g': 1.236670845599264}
Starting ML Fit
Box50_1400
       message: Optimization terminated successfully.
       success: True
        status: 0
           fun: 119.44818573428505
             x: [ 2.065e+00  9.993e-01  5.098e-01  1.242e+00]
           nit: 87
          nfev: 160
 final_simplex: (array([[ 2.065e+00,  9.993e-01,  5.098e-01,  1.242e+00],
                       [ 2.065e+00,  9.993e-01,  5.099e-01,  1.242e+00],
                       ...,
                       [ 2.065e+00,  9.993e-01,  5.098e-01,  1.242e+00],
                       [ 2.065e+00,  9.993e-01,  5.099e-01,  1.242e+00]]), array([ 1.194e+02,  1.194e+02,  1.194e+02,  1.194e+02,
                        1.194e+02]))
   param_names: ['d', 'e', 'f', 'g']
[2.06469912 0.99927727 0.50984794 1.24220529]
{'d': 2.064699121666581, 'e': 0.9992772713183158, 'f': 0.5098479417112721, 'g': 1.2422052914449355}
Previous:  {'d': 2.0262218121012516, 'e': 0.999366013709421, 'f': 0.5223463485237632, 'g': 1.236670845599264}


##############################


asserting exponential supression start at lower masses
prev {'d': 2.064699121666581, 'e': 0.9992772713183158, 'f': 0.5098479417112721, 'g': 1.2422052914449355}
Starting ML Fit
Box50_1400
       message: Optimization terminated successfully.
       success: True
        status: 0
           fun: 123.9362977922497
             x: [ 2.115e+00  1.001e+00  4.980e-01  1.250e+00]
           nit: 83
          nfev: 151
 final_simplex: (array([[ 2.115e+00,  1.001e+00,  4.980e-01,  1.250e+00],
                       [ 2.115e+00,  1.001e+00,  4.981e-01,  1.250e+00],
                       ...,
                       [ 2.115e+00,  1.001e+00,  4.980e-01,  1.250e+00],
                       [ 2.115e+00,  1.001e+00,  4.981e-01,  1.250e+00]]), array([ 1.239e+02,  1.239e+02,  1.239e+02,  1.239e+02,
                        1.239e+02]))
   param_names: ['d', 'e', 'f', 'g']
[2.11468501 1.00128286 0.4980429  1.24975867]
{'d': 2.1146850081282906, 'e': 1.0012828642324367, 'f': 0.4980428959991433, 'g': 1.249758668860904}
Previous:  {'d': 2.064699121666581, 'e': 0.9992772713183158, 'f': 0.5098479417112721, 'g': 1.2422052914449355}


##############################


asserting exponential supression start at lower masses
prev {'d': 2.1146850081282906, 'e': 1.0012828642324367, 'f': 0.4980428959991433, 'g': 1.249758668860904}
Starting ML Fit
Box50_1400
       message: Optimization terminated successfully.
       success: True
        status: 0
           fun: 124.93782418049773
             x: [ 2.134e+00  1.004e+00  4.925e-01  1.256e+00]
           nit: 79
          nfev: 140
 final_simplex: (array([[ 2.134e+00,  1.004e+00,  4.925e-01,  1.256e+00],
                       [ 2.134e+00,  1.004e+00,  4.925e-01,  1.257e+00],
                       ...,
                       [ 2.134e+00,  1.004e+00,  4.925e-01,  1.256e+00],
                       [ 2.134e+00,  1.004e+00,  4.925e-01,  1.257e+00]]), array([ 1.249e+02,  1.249e+02,  1.249e+02,  1.249e+02,
                        1.249e+02]))
   param_names: ['d', 'e', 'f', 'g']
[2.13408181 1.00412507 0.492546   1.25649248]
{'d': 2.134081811174099, 'e': 1.0041250651747222, 'f': 0.49254600306262286, 'g': 1.2564924784641636}
Previous:  {'d': 2.1146850081282906, 'e': 1.0012828642324367, 'f': 0.4980428959991433, 'g': 1.249758668860904}


##############################


asserting exponential supression start at lower masses
prev {'d': 2.134081811174099, 'e': 1.0041250651747222, 'f': 0.49254600306262286, 'g': 1.2564924784641636}
Starting ML Fit
Box50_1400
       message: Optimization terminated successfully.
       success: True
        status: 0
           fun: 117.79199538479295
             x: [ 2.158e+00  1.006e+00  4.876e-01  1.261e+00]
           nit: 88
          nfev: 153
 final_simplex: (array([[ 2.158e+00,  1.006e+00,  4.876e-01,  1.261e+00],
                       [ 2.158e+00,  1.006e+00,  4.876e-01,  1.261e+00],
                       ...,
                       [ 2.158e+00,  1.006e+00,  4.876e-01,  1.261e+00],
                       [ 2.158e+00,  1.006e+00,  4.876e-01,  1.261e+00]]), array([ 1.178e+02,  1.178e+02,  1.178e+02,  1.178e+02,
                        1.178e+02]))
   param_names: ['d', 'e', 'f', 'g']
[2.1578976  1.00624387 0.48759919 1.26137758]
{'d': 2.15789759949112, 'e': 1.006243873760344, 'f': 0.48759919374027083, 'g': 1.2613775759702186}
Previous:  {'d': 2.134081811174099, 'e': 1.0041250651747222, 'f': 0.49254600306262286, 'g': 1.2564924784641636}


##############################


asserting exponential supression start at lower masses
prev {'d': 2.15789759949112, 'e': 1.006243873760344, 'f': 0.48759919374027083, 'g': 1.2613775759702186}
Starting ML Fit
Box50_1400
       message: Optimization terminated successfully.
       success: True
        status: 0
           fun: 110.34361960295874
             x: [ 2.181e+00  1.008e+00  4.828e-01  1.265e+00]
           nit: 76
          nfev: 137
 final_simplex: (array([[ 2.181e+00,  1.008e+00,  4.828e-01,  1.265e+00],
                       [ 2.181e+00,  1.008e+00,  4.828e-01,  1.265e+00],
                       ...,
                       [ 2.181e+00,  1.008e+00,  4.828e-01,  1.265e+00],
                       [ 2.181e+00,  1.008e+00,  4.828e-01,  1.265e+00]]), array([ 1.103e+02,  1.103e+02,  1.103e+02,  1.103e+02,
                        1.103e+02]))
   param_names: ['d', 'e', 'f', 'g']
[2.18095932 1.00780127 0.48277814 1.2651989 ]
{'d': 2.1809593221969097, 'e': 1.0078012666904597, 'f': 0.4827781436640293, 'g': 1.2651988990298495}
Previous:  {'d': 2.15789759949112, 'e': 1.006243873760344, 'f': 0.48759919374027083, 'g': 1.2613775759702186}


##############################


asserting exponential supression start at lower masses
prev {'d': 2.1809593221969097, 'e': 1.0078012666904597, 'f': 0.4827781436640293, 'g': 1.2651988990298495}
Starting ML Fit
Box50_1400
       message: Optimization terminated successfully.
       success: True
        status: 0
           fun: 112.70149695883319
             x: [ 2.191e+00  1.008e+00  4.783e-01  1.268e+00]
           nit: 85
          nfev: 152
 final_simplex: (array([[ 2.191e+00,  1.008e+00,  4.783e-01,  1.268e+00],
                       [ 2.191e+00,  1.008e+00,  4.783e-01,  1.268e+00],
                       ...,
                       [ 2.191e+00,  1.008e+00,  4.783e-01,  1.268e+00],
                       [ 2.191e+00,  1.008e+00,  4.783e-01,  1.268e+00]]), array([ 1.127e+02,  1.127e+02,  1.127e+02,  1.127e+02,
                        1.127e+02]))
   param_names: ['d', 'e', 'f', 'g']
[2.19116095 1.00831746 0.47825728 1.26842621]
{'d': 2.1911609497302003, 'e': 1.0083174588180959, 'f': 0.4782572754218534, 'g': 1.2684262096297805}
Previous:  {'d': 2.1809593221969097, 'e': 1.0078012666904597, 'f': 0.4827781436640293, 'g': 1.2651988990298495}


##############################


asserting exponential supression start at lower masses
prev {'d': 2.1911609497302003, 'e': 1.0083174588180959, 'f': 0.4782572754218534, 'g': 1.2684262096297805}
Starting ML Fit
Box50_1400
       message: Optimization terminated successfully.
       success: True
        status: 0
           fun: 110.81415690978845
             x: [ 2.214e+00  1.008e+00  4.738e-01  1.271e+00]
           nit: 82
          nfev: 143
 final_simplex: (array([[ 2.214e+00,  1.008e+00,  4.738e-01,  1.271e+00],
                       [ 2.214e+00,  1.008e+00,  4.738e-01,  1.271e+00],
                       ...,
                       [ 2.214e+00,  1.008e+00,  4.738e-01,  1.271e+00],
                       [ 2.214e+00,  1.008e+00,  4.738e-01,  1.271e+00]]), array([ 1.108e+02,  1.108e+02,  1.108e+02,  1.108e+02,
                        1.108e+02]))
   param_names: ['d', 'e', 'f', 'g']
[2.21402838 1.00848966 0.47383837 1.27126571]
{'d': 2.214028376655044, 'e': 1.0084896559721042, 'f': 0.47383836744863883, 'g': 1.2712657145889006}
Previous:  {'d': 2.1911609497302003, 'e': 1.0083174588180959, 'f': 0.4782572754218534, 'g': 1.2684262096297805}


##############################


asserting exponential supression start at lower masses
prev {'d': 2.214028376655044, 'e': 1.0084896559721042, 'f': 0.47383836744863883, 'g': 1.2712657145889006}
Starting ML Fit
Box50_1400
       message: Optimization terminated successfully.
       success: True
        status: 0
           fun: 115.56212900166616
             x: [ 2.236e+00  1.008e+00  4.698e-01  1.275e+00]
           nit: 83
          nfev: 142
 final_simplex: (array([[ 2.236e+00,  1.008e+00,  4.698e-01,  1.275e+00],
                       [ 2.236e+00,  1.009e+00,  4.698e-01,  1.275e+00],
                       ...,
                       [ 2.236e+00,  1.008e+00,  4.698e-01,  1.275e+00],
                       [ 2.236e+00,  1.008e+00,  4.698e-01,  1.275e+00]]), array([ 1.156e+02,  1.156e+02,  1.156e+02,  1.156e+02,
                        1.156e+02]))
   param_names: ['d', 'e', 'f', 'g']
[2.23598321 1.00846914 0.46983342 1.27504212]
{'d': 2.2359832070830983, 'e': 1.0084691434501882, 'f': 0.4698334208773519, 'g': 1.2750421222661958}
Previous:  {'d': 2.214028376655044, 'e': 1.0084896559721042, 'f': 0.47383836744863883, 'g': 1.2712657145889006}


##############################


asserting exponential supression start at lower masses
prev {'d': 2.2359832070830983, 'e': 1.0084691434501882, 'f': 0.4698334208773519, 'g': 1.2750421222661958}
Starting ML Fit
Box50_1400
       message: Optimization terminated successfully.
       success: True
        status: 0
           fun: 105.95729660417862
             x: [ 2.300e+00  1.005e+00  4.551e-01  1.280e+00]
           nit: 95
          nfev: 165
 final_simplex: (array([[ 2.300e+00,  1.005e+00,  4.551e-01,  1.280e+00],
                       [ 2.300e+00,  1.005e+00,  4.551e-01,  1.280e+00],
                       ...,
                       [ 2.300e+00,  1.005e+00,  4.551e-01,  1.280e+00],
                       [ 2.300e+00,  1.005e+00,  4.551e-01,  1.280e+00]]), array([ 1.060e+02,  1.060e+02,  1.060e+02,  1.060e+02,
                        1.060e+02]))
   param_names: ['d', 'e', 'f', 'g']
[2.30032915 1.00473142 0.45506069 1.2796461 ]
{'d': 2.3003291530073984, 'e': 1.0047314217201984, 'f': 0.45506068905940156, 'g': 1.2796461037597107}
Previous:  {'d': 2.2359832070830983, 'e': 1.0084691434501882, 'f': 0.4698334208773519, 'g': 1.2750421222661958}


##############################


asserting exponential supression start at lower masses
prev {'d': 2.3003291530073984, 'e': 1.0047314217201984, 'f': 0.45506068905940156, 'g': 1.2796461037597107}
Starting ML Fit
Box50_1400
       message: Optimization terminated successfully.
       success: True
        status: 0
           fun: 80.63285299947879
             x: [ 2.359e+00  1.003e+00  4.470e-01  1.283e+00]
           nit: 111
          nfev: 192
 final_simplex: (array([[ 2.359e+00,  1.003e+00,  4.470e-01,  1.283e+00],
                       [ 2.359e+00,  1.003e+00,  4.470e-01,  1.283e+00],
                       ...,
                       [ 2.359e+00,  1.003e+00,  4.470e-01,  1.283e+00],
                       [ 2.359e+00,  1.003e+00,  4.470e-01,  1.283e+00]]), array([ 8.063e+01,  8.063e+01,  8.063e+01,  8.063e+01,
                        8.063e+01]))
   param_names: ['d', 'e', 'f', 'g']
[2.35864926 1.00338363 0.44700051 1.28324599]
{'d': 2.35864926229996, 'e': 1.003383627810511, 'f': 0.44700051391837997, 'g': 1.2832459878151659}
Previous:  {'d': 2.3003291530073984, 'e': 1.0047314217201984, 'f': 0.45506068905940156, 'g': 1.2796461037597107}


##############################


asserting exponential supression start at lower masses
prev {'d': 2.35864926229996, 'e': 1.003383627810511, 'f': 0.44700051391837997, 'g': 1.2832459878151659}
Starting ML Fit
Box50_1400
       message: Optimization terminated successfully.
       success: True
        status: 0
           fun: 66.52050094245635
             x: [ 2.431e+00  9.983e-01  4.312e-01  1.284e+00]
           nit: 99
          nfev: 169
 final_simplex: (array([[ 2.431e+00,  9.983e-01,  4.312e-01,  1.284e+00],
                       [ 2.431e+00,  9.983e-01,  4.312e-01,  1.284e+00],
                       ...,
                       [ 2.431e+00,  9.983e-01,  4.312e-01,  1.284e+00],
                       [ 2.431e+00,  9.984e-01,  4.312e-01,  1.284e+00]]), array([ 6.652e+01,  6.652e+01,  6.652e+01,  6.652e+01,
                        6.652e+01]))
   param_names: ['d', 'e', 'f', 'g']
[2.43098501 0.9983414  0.43124114 1.28437063]
{'d': 2.430985006016727, 'e': 0.9983414008515423, 'f': 0.4312411376987404, 'g': 1.284370631305682}
Previous:  {'d': 2.35864926229996, 'e': 1.003383627810511, 'f': 0.44700051391837997, 'g': 1.2832459878151659}


