##############################


[0.302679, 0.366459, 0.403224, 0.488191, 0.512095, 0.537169, 0.563471, 0.591061, 0.620002, 0.65036, 0.715608, 0.787402, 0.866399, 0.953321, 1.0]
dict_keys([0.302679, 0.366459, 0.403224, 0.488191, 0.512095, 0.537169, 0.563471, 0.591061, 0.620002, 0.65036, 0.715608, 0.787402, 0.866399, 0.953321, 1.0])
prev {'d0': 2.0448752963894785, 'd1': -0.22681126860343287, 'e0': 1.051951330620783, 'e1': 0.0071030091910146, 'f0': 0.4213609937008884, 'f1': 0.1529905566394018, 'g0': 1.2332957186975224, 'g1': 0.00975791415792366}
Starting ML Fit
Box_n50_17_1400
       message: Optimization terminated successfully.
       success: True
        status: 0
           fun: 1688.0561006586524
             x: [ 2.044e+00 -2.351e-01  1.063e+00  5.179e-02  4.179e-01
                  1.488e-01  1.236e+00  2.457e-02]
           nit: 615
          nfev: 918
 final_simplex: (array([[ 2.044e+00, -2.351e-01, ...,  1.236e+00,
                         2.457e-02],
                       [ 2.044e+00, -2.351e-01, ...,  1.236e+00,
                         2.458e-02],
                       ...,
                       [ 2.044e+00, -2.351e-01, ...,  1.236e+00,
                         2.459e-02],
                       [ 2.044e+00, -2.351e-01, ...,  1.236e+00,
                         2.458e-02]]), array([ 1.688e+03,  1.688e+03,  1.688e+03,  1.688e+03,
                        1.688e+03,  1.688e+03,  1.688e+03,  1.688e+03,
                        1.688e+03]))
   param_names: ['d0', 'd1', 'e0', 'e1', 'f0', 'f1', 'g0', 'g1']
[ 2.04355436 -0.23512665  1.06270635  0.05179265  0.41785227  0.14875037
  1.2358458   0.0245703 ]
{'d0': 2.0435543571381514, 'd1': -0.23512665196828883, 'e0': 1.0627063531814704, 'e1': 0.051792650426229526, 'f0': 0.41785227121331603, 'f1': 0.14875036764493163, 'g0': 1.2358457958843763, 'g1': 0.024570300706294755}
-------------------
{'d0': 2.0435543571381514, 'd1': -0.23512665196828883, 'e0': 1.0627063531814704, 'e1': 0.051792650426229526, 'f0': 0.41785227121331603, 'f1': 0.14875036764493163, 'g0': 1.2358457958843763, 'g1': 0.024570300706294755}
Previous:  {'d0': 2.0448752963894785, 'd1': -0.22681126860343287, 'e0': 1.051951330620783, 'e1': 0.0071030091910146, 'f0': 0.4213609937008884, 'f1': 0.1529905566394018, 'g0': 1.2332957186975224, 'g1': 0.00975791415792366}
-------------------
