##############################


[[0.01   0.     0.     0.     0.     0.     0.     0.    ]
 [0.     0.01   0.     0.     0.     0.     0.     0.    ]
 [0.     0.     0.001  0.     0.     0.     0.     0.    ]
 [0.     0.     0.     0.001  0.     0.     0.     0.    ]
 [0.     0.     0.     0.     0.0005 0.     0.     0.    ]
 [0.     0.     0.     0.     0.     0.0005 0.     0.    ]
 [0.     0.     0.     0.     0.     0.     0.0001 0.    ]
 [0.     0.     0.     0.     0.     0.     0.     0.0001]]
[0.302679, 0.366459, 0.403224, 0.488191, 0.512095, 0.537169, 0.563471, 0.591061, 0.620002, 0.65036, 0.715608, 0.787402, 0.866399, 0.953321, 1.0]
dict_keys([0.302679, 0.366459, 0.403224, 0.488191, 0.512095, 0.537169, 0.563471, 0.591061, 0.620002, 0.65036, 0.715608, 0.787402, 0.866399, 0.953321, 1.0])
prev {'d0': 2.0081998549437543, 'd1': -0.08692643072176198, 'e0': 1.1365570240862461, 'e1': -0.01156702876929422, 'f0': 0.3985318848367142, 'f1': 0.17015480347844059, 'g0': 1.240606161133641, 'g1': 0.06498945320761006}
Starting ML Fit
Box63_1400
       message: Optimization terminated successfully.
       success: True
        status: 0
           fun: 1705.3537600322666
             x: [ 2.041e+00 -1.122e-01  1.108e+00 -1.964e-02  4.010e-01
                  1.801e-01  1.235e+00  6.060e-02]
           nit: 701
          nfev: 1038
 final_simplex: (array([[ 2.041e+00, -1.122e-01, ...,  1.235e+00,
                         6.060e-02],
                       [ 2.041e+00, -1.122e-01, ...,  1.235e+00,
                         6.061e-02],
                       ...,
                       [ 2.041e+00, -1.122e-01, ...,  1.235e+00,
                         6.060e-02],
                       [ 2.041e+00, -1.122e-01, ...,  1.235e+00,
                         6.060e-02]]), array([ 1.705e+03,  1.705e+03,  1.705e+03,  1.705e+03,
                        1.705e+03,  1.705e+03,  1.705e+03,  1.705e+03,
                        1.705e+03]))
   param_names: ['d0', 'd1', 'e0', 'e1', 'f0', 'f1', 'g0', 'g1']
[ 2.04115371 -0.11221906  1.10792928 -0.01964052  0.40095229  0.18007396
  1.23530289  0.06059574]
{'d0': 2.0411537066380445, 'd1': -0.112219056303623, 'e0': 1.1079292813211925, 'e1': -0.019640520691652806, 'f0': 0.4009522852726275, 'f1': 0.18007395606004484, 'g0': 1.2353028924974887, 'g1': 0.06059573812287582}
-------------------
{'d0': 2.0411537066380445, 'd1': -0.112219056303623, 'e0': 1.1079292813211925, 'e1': -0.019640520691652806, 'f0': 0.4009522852726275, 'f1': 0.18007395606004484, 'g0': 1.2353028924974887, 'g1': 0.06059573812287582}
Previous:  {'d0': 2.0081998549437543, 'd1': -0.08692643072176198, 'e0': 1.1365570240862461, 'e1': -0.01156702876929422, 'f0': 0.3985318848367142, 'f1': 0.17015480347844059, 'g0': 1.240606161133641, 'g1': 0.06498945320761006}
-------------------
