##############################


[0.302679, 0.366459, 0.403224, 0.488191, 0.512095, 0.537169, 0.563471, 0.591061, 0.620002, 0.65036, 0.715608, 0.787402, 0.866399, 0.953321, 1.0]
dict_keys([0.302679, 0.366459, 0.403224, 0.488191, 0.512095, 0.537169, 0.563471, 0.591061, 0.620002, 0.65036, 0.715608, 0.787402, 0.866399, 0.953321, 1.0])
prev {'d0': 1.8685466945335236, 'd1': -0.14540040334858922, 'e0': 1.1426718676831364, 'e1': -6.794479545040281e-05, 'f0': 0.4082251972410376, 'f1': 0.15846328711572374, 'g0': 1.225763300272733, 'g1': 0.03799936254324647}
Starting ML Fit
Box31_1400
       message: Optimization terminated successfully.
       success: True
        status: 0
           fun: 1940.0675748578503
             x: [ 1.780e+00 -4.234e-02  1.209e+00 -1.056e-04  4.108e-01
                  1.191e-01  1.243e+00  6.853e-02]
           nit: 582
          nfev: 879
 final_simplex: (array([[ 1.780e+00, -4.234e-02, ...,  1.243e+00,
                         6.853e-02],
                       [ 1.780e+00, -4.244e-02, ...,  1.243e+00,
                         6.852e-02],
                       ...,
                       [ 1.780e+00, -4.238e-02, ...,  1.243e+00,
                         6.853e-02],
                       [ 1.780e+00, -4.235e-02, ...,  1.243e+00,
                         6.851e-02]]), array([ 1.940e+03,  1.940e+03,  1.940e+03,  1.940e+03,
                        1.940e+03,  1.940e+03,  1.940e+03,  1.940e+03,
                        1.940e+03]))
   param_names: ['d0', 'd1', 'e0', 'e1', 'f0', 'f1', 'g0', 'g1']
[ 1.77953856e+00 -4.23414173e-02  1.20892457e+00 -1.05568462e-04
  4.10752325e-01  1.19129642e-01  1.24308891e+00  6.85337660e-02]
{'d0': 1.7795385593574418, 'd1': -0.042341417302893036, 'e0': 1.2089245677563212, 'e1': -0.00010556846199612268, 'f0': 0.41075232518195454, 'f1': 0.11912964202537793, 'g0': 1.2430889077501401, 'g1': 0.06853376596807129}
-------------------
{'d0': 1.7795385593574418, 'd1': -0.042341417302893036, 'e0': 1.2089245677563212, 'e1': -0.00010556846199612268, 'f0': 0.41075232518195454, 'f1': 0.11912964202537793, 'g0': 1.2430889077501401, 'g1': 0.06853376596807129}
Previous:  {'d0': 1.8685466945335236, 'd1': -0.14540040334858922, 'e0': 1.1426718676831364, 'e1': -6.794479545040281e-05, 'f0': 0.4082251972410376, 'f1': 0.15846328711572374, 'g0': 1.225763300272733, 'g1': 0.03799936254324647}
-------------------
