##############################


[[0.001  0.     0.     0.     0.     0.     0.     0.    ]
 [0.     0.0008 0.     0.     0.     0.     0.     0.    ]
 [0.     0.     0.1    0.     0.     0.     0.     0.    ]
 [0.     0.     0.     0.08   0.     0.     0.     0.    ]
 [0.     0.     0.     0.     0.05   0.     0.     0.    ]
 [0.     0.     0.     0.     0.     0.8    0.     0.    ]
 [0.     0.     0.     0.     0.     0.     0.03   0.    ]
 [0.     0.     0.     0.     0.     0.     0.     0.008 ]]
[0.302679, 0.366459, 0.403224, 0.488191, 0.512095, 0.537169, 0.563471, 0.591061, 0.620002, 0.65036, 0.715608, 0.787402, 0.866399, 0.953321, 1.0]
dict_keys([0.302679, 0.366459, 0.403224, 0.488191, 0.512095, 0.537169, 0.563471, 0.591061, 0.620002, 0.65036, 0.715608, 0.787402, 0.866399, 0.953321, 1.0])
prev {'d0': 2.1042361213056058, 'd1': 0.09329288067595184, 'e0': 1.0959150928109143, 'e1': -0.10091455195284993, 'f0': 0.5306560745028888, 'f1': 0.22839311629251063, 'g0': 1.2352607361039183, 'g1': 0.017455259057885752}
Starting ML Fit
Box18_1400
       message: Optimization terminated successfully.
       success: True
        status: 0
           fun: 1848.0611449195703
             x: [ 2.042e+00  1.401e-01  1.000e+00 -3.729e-01  5.677e-01
                  3.179e-01  1.221e+00  1.431e-04]
           nit: 1257
          nfev: 1831
 final_simplex: (array([[ 2.042e+00,  1.401e-01, ...,  1.221e+00,
                         1.431e-04],
                       [ 2.042e+00,  1.401e-01, ...,  1.221e+00,
                         1.426e-04],
                       ...,
                       [ 2.042e+00,  1.401e-01, ...,  1.221e+00,
                         1.436e-04],
                       [ 2.042e+00,  1.401e-01, ...,  1.221e+00,
                         1.546e-04]]), array([ 1.848e+03,  1.848e+03,  1.848e+03,  1.848e+03,
                        1.848e+03,  1.848e+03,  1.848e+03,  1.848e+03,
                        1.848e+03]))
   param_names: ['d0', 'd1', 'e0', 'e1', 'f0', 'f1', 'g0', 'g1']
[ 2.04168129e+00  1.40079703e-01  1.00015725e+00 -3.72879045e-01
  5.67742878e-01  3.17927165e-01  1.22099623e+00  1.43114817e-04]
{'d0': 2.0416812853307467, 'd1': 0.14007970255530422, 'e0': 1.0001572468335564, 'e1': -0.3728790446476598, 'f0': 0.5677428783878625, 'f1': 0.317927164837565, 'g0': 1.2209962297232795, 'g1': 0.0001431148167926857}
-------------------
{'d0': 2.0416812853307467, 'd1': 0.14007970255530422, 'e0': 1.0001572468335564, 'e1': -0.3728790446476598, 'f0': 0.5677428783878625, 'f1': 0.317927164837565, 'g0': 1.2209962297232795, 'g1': 0.0001431148167926857}
Previous:  {'d0': 2.1042361213056058, 'd1': 0.09329288067595184, 'e0': 1.0959150928109143, 'e1': -0.10091455195284993, 'f0': 0.5306560745028888, 'f1': 0.22839311629251063, 'g0': 1.2352607361039183, 'g1': 0.017455259057885752}
-------------------
