alist [1.0, 0.953321, 0.866399, 0.787402, 0.715608, 0.65036, 0.620002, 0.591061, 0.563471, 0.537169, 0.512095, 0.488191, 0.403224, 0.366459, 0.302679]
Curr: Box20_1400, Prev: Box56_1400
##############################


prev {'d': 2.11606759660985, 'e': 1.0303040712274596, 'f': 0.5378589526215163, 'g': 1.2348409985746054}
Starting ML Fit
Box20_1400
       message: Optimization terminated successfully.
       success: True
        status: 0
           fun: 81.87057738007313
             x: [ 2.397e+00  9.764e-01  5.364e-01  1.235e+00]
           nit: 107
          nfev: 183
 final_simplex: (array([[ 2.397e+00,  9.764e-01,  5.364e-01,  1.235e+00],
                       [ 2.397e+00,  9.764e-01,  5.364e-01,  1.235e+00],
                       ...,
                       [ 2.397e+00,  9.763e-01,  5.364e-01,  1.235e+00],
                       [ 2.397e+00,  9.764e-01,  5.363e-01,  1.235e+00]]), array([ 8.187e+01,  8.187e+01,  8.187e+01,  8.187e+01,
                        8.187e+01]))
   param_names: ['d', 'e', 'f', 'g']
[2.39700299 0.97638038 0.5363531  1.23485988]
{'d': 2.397002988091456, 'e': 0.9763803812861016, 'f': 0.5363530991523224, 'g': 1.2348598844855183}
Previous:  {'d': 2.11606759660985, 'e': 1.0303040712274596, 'f': 0.5378589526215163, 'g': 1.2348409985746054}


##############################


asserting exponential supression start at lower masses
prev {'d': 2.397002988091456, 'e': 0.9763803812861016, 'f': 0.5363530991523224, 'g': 1.2348598844855183}
Starting ML Fit
Box20_1400
       message: Optimization terminated successfully.
       success: True
        status: 0
           fun: 82.7537480147744
             x: [ 2.445e+00  9.621e-01  5.347e-01  1.238e+00]
           nit: 85
          nfev: 152
 final_simplex: (array([[ 2.445e+00,  9.621e-01,  5.347e-01,  1.238e+00],
                       [ 2.445e+00,  9.621e-01,  5.347e-01,  1.238e+00],
                       ...,
                       [ 2.445e+00,  9.621e-01,  5.347e-01,  1.238e+00],
                       [ 2.445e+00,  9.620e-01,  5.347e-01,  1.238e+00]]), array([ 8.275e+01,  8.275e+01,  8.275e+01,  8.275e+01,
                        8.275e+01]))
   param_names: ['d', 'e', 'f', 'g']
[2.4446586  0.96212316 0.53468418 1.23755537]
{'d': 2.444658601767775, 'e': 0.9621231555697202, 'f': 0.534684184080338, 'g': 1.237555369011028}
Previous:  {'d': 2.397002988091456, 'e': 0.9763803812861016, 'f': 0.5363530991523224, 'g': 1.2348598844855183}


##############################


asserting exponential supression start at lower masses
prev {'d': 2.444658601767775, 'e': 0.9621231555697202, 'f': 0.534684184080338, 'g': 1.237555369011028}
Starting ML Fit
Box20_1400
       message: Optimization terminated successfully.
       success: True
        status: 0
           fun: 76.04542526792935
             x: [ 2.507e+00  9.375e-01  5.321e-01  1.242e+00]
           nit: 131
          nfev: 227
 final_simplex: (array([[ 2.507e+00,  9.375e-01,  5.321e-01,  1.242e+00],
                       [ 2.507e+00,  9.375e-01,  5.321e-01,  1.242e+00],
                       ...,
                       [ 2.507e+00,  9.375e-01,  5.321e-01,  1.242e+00],
                       [ 2.506e+00,  9.375e-01,  5.321e-01,  1.242e+00]]), array([ 7.605e+01,  7.605e+01,  7.605e+01,  7.605e+01,
                        7.605e+01]))
   param_names: ['d', 'e', 'f', 'g']
[2.50651625 0.93750262 0.5320835  1.2422336 ]
{'d': 2.506516250473927, 'e': 0.9375026153067727, 'f': 0.5320835015486161, 'g': 1.242233596710641}
Previous:  {'d': 2.444658601767775, 'e': 0.9621231555697202, 'f': 0.534684184080338, 'g': 1.237555369011028}


##############################


asserting exponential supression start at lower masses
prev {'d': 2.506516250473927, 'e': 0.9375026153067727, 'f': 0.5320835015486161, 'g': 1.242233596710641}
Starting ML Fit
Box20_1400
       message: Optimization terminated successfully.
       success: True
        status: 0
           fun: 74.57067000893375
             x: [ 2.574e+00  9.141e-01  5.295e-01  1.247e+00]
           nit: 98
          nfev: 167
 final_simplex: (array([[ 2.574e+00,  9.141e-01,  5.295e-01,  1.247e+00],
                       [ 2.574e+00,  9.142e-01,  5.294e-01,  1.247e+00],
                       ...,
                       [ 2.574e+00,  9.142e-01,  5.294e-01,  1.247e+00],
                       [ 2.574e+00,  9.142e-01,  5.294e-01,  1.247e+00]]), array([ 7.457e+01,  7.457e+01,  7.457e+01,  7.457e+01,
                        7.457e+01]))
   param_names: ['d', 'e', 'f', 'g']
[2.57401881 0.91414372 0.529458   1.24678784]
{'d': 2.5740188134158393, 'e': 0.9141437169816979, 'f': 0.5294579971540692, 'g': 1.2467878365430327}
Previous:  {'d': 2.506516250473927, 'e': 0.9375026153067727, 'f': 0.5320835015486161, 'g': 1.242233596710641}


##############################


asserting exponential supression start at lower masses
prev {'d': 2.5740188134158393, 'e': 0.9141437169816979, 'f': 0.5294579971540692, 'g': 1.2467878365430327}
Starting ML Fit
Box20_1400
       message: Optimization terminated successfully.
       success: True
        status: 0
           fun: 68.73093456636381
             x: [ 2.595e+00  8.961e-01  5.283e-01  1.249e+00]
           nit: 81
          nfev: 149
 final_simplex: (array([[ 2.595e+00,  8.961e-01,  5.283e-01,  1.249e+00],
                       [ 2.595e+00,  8.961e-01,  5.283e-01,  1.249e+00],
                       ...,
                       [ 2.595e+00,  8.961e-01,  5.283e-01,  1.249e+00],
                       [ 2.595e+00,  8.961e-01,  5.283e-01,  1.249e+00]]), array([ 6.873e+01,  6.873e+01,  6.873e+01,  6.873e+01,
                        6.873e+01]))
   param_names: ['d', 'e', 'f', 'g']
[2.59492362 0.89610209 0.52826925 1.24918291]
{'d': 2.594923624382573, 'e': 0.8961020855182579, 'f': 0.5282692521376371, 'g': 1.2491829081582146}
Previous:  {'d': 2.5740188134158393, 'e': 0.9141437169816979, 'f': 0.5294579971540692, 'g': 1.2467878365430327}


##############################


asserting exponential supression start at lower masses
prev {'d': 2.594923624382573, 'e': 0.8961020855182579, 'f': 0.5282692521376371, 'g': 1.2491829081582146}
Starting ML Fit
Box20_1400
       message: Optimization terminated successfully.
       success: True
        status: 0
           fun: 61.757324402853754
             x: [ 2.651e+00  8.730e-01  5.272e-01  1.251e+00]
           nit: 91
          nfev: 167
 final_simplex: (array([[ 2.651e+00,  8.730e-01,  5.272e-01,  1.251e+00],
                       [ 2.651e+00,  8.730e-01,  5.272e-01,  1.251e+00],
                       ...,
                       [ 2.651e+00,  8.730e-01,  5.272e-01,  1.251e+00],
                       [ 2.651e+00,  8.730e-01,  5.272e-01,  1.251e+00]]), array([ 6.176e+01,  6.176e+01,  6.176e+01,  6.176e+01,
                        6.176e+01]))
   param_names: ['d', 'e', 'f', 'g']
[2.65134114 0.8729667  0.52721108 1.25068827]
{'d': 2.651341138810409, 'e': 0.8729666970237513, 'f': 0.5272110837720305, 'g': 1.250688272651566}
Previous:  {'d': 2.594923624382573, 'e': 0.8961020855182579, 'f': 0.5282692521376371, 'g': 1.2491829081582146}


##############################


asserting exponential supression start at lower masses
prev {'d': 2.651341138810409, 'e': 0.8729666970237513, 'f': 0.5272110837720305, 'g': 1.250688272651566}
Starting ML Fit
Box20_1400
       message: Optimization terminated successfully.
       success: True
        status: 0
           fun: 56.12841045032953
             x: [ 2.662e+00  8.651e-01  5.267e-01  1.252e+00]
           nit: 99
          nfev: 173
 final_simplex: (array([[ 2.662e+00,  8.651e-01,  5.267e-01,  1.252e+00],
                       [ 2.662e+00,  8.651e-01,  5.267e-01,  1.252e+00],
                       ...,
                       [ 2.662e+00,  8.651e-01,  5.267e-01,  1.252e+00],
                       [ 2.662e+00,  8.651e-01,  5.267e-01,  1.252e+00]]), array([ 5.613e+01,  5.613e+01,  5.613e+01,  5.613e+01,
                        5.613e+01]))
   param_names: ['d', 'e', 'f', 'g']
[2.6621642  0.8651097  0.52671935 1.2515363 ]
{'d': 2.6621642035910384, 'e': 0.8651097011215052, 'f': 0.5267193495392934, 'g': 1.2515363018197379}
Previous:  {'d': 2.651341138810409, 'e': 0.8729666970237513, 'f': 0.5272110837720305, 'g': 1.250688272651566}


##############################


asserting exponential supression start at lower masses
prev {'d': 2.6621642035910384, 'e': 0.8651097011215052, 'f': 0.5267193495392934, 'g': 1.2515363018197379}
Starting ML Fit
Box20_1400
       message: Optimization terminated successfully.
       success: True
        status: 0
           fun: 61.595606790942796
             x: [ 2.690e+00  8.534e-01  5.263e-01  1.252e+00]
           nit: 91
          nfev: 163
 final_simplex: (array([[ 2.690e+00,  8.534e-01,  5.263e-01,  1.252e+00],
                       [ 2.690e+00,  8.534e-01,  5.263e-01,  1.252e+00],
                       ...,
                       [ 2.690e+00,  8.534e-01,  5.263e-01,  1.252e+00],
                       [ 2.690e+00,  8.534e-01,  5.263e-01,  1.252e+00]]), array([ 6.160e+01,  6.160e+01,  6.160e+01,  6.160e+01,
                        6.160e+01]))
   param_names: ['d', 'e', 'f', 'g']
[2.68986011 0.85344502 0.52629965 1.25215135]
{'d': 2.6898601108067384, 'e': 0.8534450213406232, 'f': 0.5262996509826166, 'g': 1.252151346458091}
Previous:  {'d': 2.6621642035910384, 'e': 0.8651097011215052, 'f': 0.5267193495392934, 'g': 1.2515363018197379}


##############################


asserting exponential supression start at lower masses
prev {'d': 2.6898601108067384, 'e': 0.8534450213406232, 'f': 0.5262996509826166, 'g': 1.252151346458091}
Starting ML Fit
Box20_1400
       message: Optimization terminated successfully.
       success: True
        status: 0
           fun: 55.39945591663344
             x: [ 2.751e+00  8.368e-01  5.257e-01  1.253e+00]
           nit: 104
          nfev: 184
 final_simplex: (array([[ 2.751e+00,  8.368e-01,  5.257e-01,  1.253e+00],
                       [ 2.751e+00,  8.368e-01,  5.257e-01,  1.253e+00],
                       ...,
                       [ 2.751e+00,  8.368e-01,  5.257e-01,  1.253e+00],
                       [ 2.751e+00,  8.368e-01,  5.257e-01,  1.253e+00]]), array([ 5.540e+01,  5.540e+01,  5.540e+01,  5.540e+01,
                        5.540e+01]))
   param_names: ['d', 'e', 'f', 'g']
[2.75052024 0.83679997 0.52571238 1.25265948]
{'d': 2.750520240593991, 'e': 0.836799970231218, 'f': 0.5257123816243987, 'g': 1.25265948331383}
Previous:  {'d': 2.6898601108067384, 'e': 0.8534450213406232, 'f': 0.5262996509826166, 'g': 1.252151346458091}


##############################


asserting exponential supression start at lower masses
prev {'d': 2.750520240593991, 'e': 0.836799970231218, 'f': 0.5257123816243987, 'g': 1.25265948331383}
Starting ML Fit
Box20_1400
       message: Optimization terminated successfully.
       success: True
        status: 0
           fun: 51.185973027418825
             x: [ 2.780e+00  8.269e-01  5.253e-01  1.253e+00]
           nit: 119
          nfev: 205
 final_simplex: (array([[ 2.780e+00,  8.269e-01,  5.253e-01,  1.253e+00],
                       [ 2.780e+00,  8.269e-01,  5.253e-01,  1.253e+00],
                       ...,
                       [ 2.780e+00,  8.269e-01,  5.253e-01,  1.253e+00],
                       [ 2.780e+00,  8.270e-01,  5.253e-01,  1.253e+00]]), array([ 5.119e+01,  5.119e+01,  5.119e+01,  5.119e+01,
                        5.119e+01]))
   param_names: ['d', 'e', 'f', 'g']
[2.7796961  0.82694103 0.52527435 1.25334233]
{'d': 2.7796961043110295, 'e': 0.826941028975003, 'f': 0.5252743463222914, 'g': 1.2533423291424315}
Previous:  {'d': 2.750520240593991, 'e': 0.836799970231218, 'f': 0.5257123816243987, 'g': 1.25265948331383}


##############################


asserting exponential supression start at lower masses
prev {'d': 2.7796961043110295, 'e': 0.826941028975003, 'f': 0.5252743463222914, 'g': 1.2533423291424315}
Starting ML Fit
Box20_1400
       message: Optimization terminated successfully.
       success: True
        status: 0
           fun: 42.27426045021781
             x: [ 2.793e+00  8.182e-01  5.252e-01  1.253e+00]
           nit: 116
          nfev: 206
 final_simplex: (array([[ 2.793e+00,  8.182e-01,  5.252e-01,  1.253e+00],
                       [ 2.793e+00,  8.182e-01,  5.252e-01,  1.253e+00],
                       ...,
                       [ 2.793e+00,  8.182e-01,  5.252e-01,  1.253e+00],
                       [ 2.793e+00,  8.182e-01,  5.252e-01,  1.253e+00]]), array([ 4.227e+01,  4.227e+01,  4.227e+01,  4.227e+01,
                        4.227e+01]))
   param_names: ['d', 'e', 'f', 'g']
[2.79299371 0.81822824 0.52523592 1.25334345]
{'d': 2.7929937077146976, 'e': 0.8182282373390215, 'f': 0.5252359173350749, 'g': 1.2533434506769154}
Previous:  {'d': 2.7796961043110295, 'e': 0.826941028975003, 'f': 0.5252743463222914, 'g': 1.2533423291424315}


##############################


asserting exponential supression start at lower masses
prev {'d': 2.7929937077146976, 'e': 0.8182282373390215, 'f': 0.5252359173350749, 'g': 1.2533434506769154}
Starting ML Fit
Box20_1400
       message: Optimization terminated successfully.
       success: True
        status: 0
           fun: 39.95400194010541
             x: [ 2.857e+00  8.026e-01  5.247e-01  1.254e+00]
           nit: 99
          nfev: 175
 final_simplex: (array([[ 2.857e+00,  8.026e-01,  5.247e-01,  1.254e+00],
                       [ 2.857e+00,  8.026e-01,  5.247e-01,  1.254e+00],
                       ...,
                       [ 2.856e+00,  8.026e-01,  5.247e-01,  1.254e+00],
                       [ 2.857e+00,  8.026e-01,  5.247e-01,  1.254e+00]]), array([ 3.995e+01,  3.995e+01,  3.995e+01,  3.995e+01,
                        3.995e+01]))
   param_names: ['d', 'e', 'f', 'g']
[2.85655694 0.80257909 0.52471933 1.25371531]
{'d': 2.8565569420117565, 'e': 0.802579092292165, 'f': 0.5247193302040598, 'g': 1.2537153115734134}
Previous:  {'d': 2.7929937077146976, 'e': 0.8182282373390215, 'f': 0.5252359173350749, 'g': 1.2533434506769154}


##############################


asserting exponential supression start at lower masses
prev {'d': 2.8565569420117565, 'e': 0.802579092292165, 'f': 0.5247193302040598, 'g': 1.2537153115734134}
Starting ML Fit
Box20_1400
       message: Optimization terminated successfully.
       success: True
        status: 0
           fun: 28.0396784199359
             x: [ 3.043e+00  7.487e-01  5.240e-01  1.254e+00]
           nit: 173
          nfev: 295
 final_simplex: (array([[ 3.043e+00,  7.487e-01,  5.240e-01,  1.254e+00],
                       [ 3.043e+00,  7.487e-01,  5.240e-01,  1.254e+00],
                       ...,
                       [ 3.043e+00,  7.487e-01,  5.240e-01,  1.254e+00],
                       [ 3.043e+00,  7.487e-01,  5.240e-01,  1.254e+00]]), array([ 2.804e+01,  2.804e+01,  2.804e+01,  2.804e+01,
                        2.804e+01]))
   param_names: ['d', 'e', 'f', 'g']
[3.04306628 0.74871047 0.52397622 1.25371532]
{'d': 3.0430662790223977, 'e': 0.7487104721184406, 'f': 0.523976217905023, 'g': 1.2537153201971645}
Previous:  {'d': 2.8565569420117565, 'e': 0.802579092292165, 'f': 0.5247193302040598, 'g': 1.2537153115734134}


##############################


asserting exponential supression start at lower masses
prev {'d': 3.0430662790223977, 'e': 0.7487104721184406, 'f': 0.523976217905023, 'g': 1.2537153201971645}
Starting ML Fit
Box20_1400
       message: Optimization terminated successfully.
       success: True
        status: 0
           fun: 19.060742705216825
             x: [ 3.098e+00  7.317e-01  5.237e-01  1.254e+00]
           nit: 101
          nfev: 178
 final_simplex: (array([[ 3.098e+00,  7.317e-01,  5.237e-01,  1.254e+00],
                       [ 3.098e+00,  7.317e-01,  5.237e-01,  1.254e+00],
                       ...,
                       [ 3.098e+00,  7.317e-01,  5.237e-01,  1.254e+00],
                       [ 3.098e+00,  7.317e-01,  5.237e-01,  1.254e+00]]), array([ 1.906e+01,  1.906e+01,  1.906e+01,  1.906e+01,
                        1.906e+01]))
   param_names: ['d', 'e', 'f', 'g']
[3.09798493 0.73169031 0.52369763 1.2537243 ]
{'d': 3.097984934981444, 'e': 0.7316903094384382, 'f': 0.5236976275957402, 'g': 1.253724298684884}
Previous:  {'d': 3.0430662790223977, 'e': 0.7487104721184406, 'f': 0.523976217905023, 'g': 1.2537153201971645}


##############################


asserting exponential supression start at lower masses
prev {'d': 3.097984934981444, 'e': 0.7316903094384382, 'f': 0.5236976275957402, 'g': 1.253724298684884}
Starting ML Fit
Box20_1400
       message: Optimization terminated successfully.
       success: True
        status: 0
           fun: 8.599454882873417
             x: [ 3.030e+00  7.199e-01  5.238e-01  1.255e+00]
           nit: 102
          nfev: 175
 final_simplex: (array([[ 3.030e+00,  7.199e-01,  5.238e-01,  1.255e+00],
                       [ 3.030e+00,  7.199e-01,  5.238e-01,  1.255e+00],
                       ...,
                       [ 3.030e+00,  7.199e-01,  5.238e-01,  1.255e+00],
                       [ 3.030e+00,  7.199e-01,  5.238e-01,  1.255e+00]]), array([ 8.599e+00,  8.599e+00,  8.599e+00,  8.599e+00,
                        8.599e+00]))
   param_names: ['d', 'e', 'f', 'g']
[3.02968407 0.7198621  0.52376701 1.2548253 ]
{'d': 3.029684066124249, 'e': 0.719862097186508, 'f': 0.5237670064348423, 'g': 1.2548252980002015}
Previous:  {'d': 3.097984934981444, 'e': 0.7316903094384382, 'f': 0.5236976275957402, 'g': 1.253724298684884}


