alist [1.0, 0.953321, 0.866399, 0.787402, 0.715608, 0.65036, 0.620002, 0.591061, 0.563471, 0.537169, 0.512095, 0.488191, 0.403224, 0.366459, 0.302679]
Curr: Box82_1400, Prev: Box_n50_30_1400
##############################


prev {'d': 2.2093533096301012, 'e': 0.9963931147452807, 'f': 0.5096854062263159, 'g': 1.2400940801598446}
Starting ML Fit
Box82_1400
       message: Optimization terminated successfully.
       success: True
        status: 0
           fun: 109.83655976900636
             x: [ 2.226e+00  9.981e-01  5.072e-01  1.245e+00]
           nit: 74
          nfev: 135
 final_simplex: (array([[ 2.226e+00,  9.981e-01,  5.072e-01,  1.245e+00],
                       [ 2.226e+00,  9.981e-01,  5.072e-01,  1.245e+00],
                       ...,
                       [ 2.226e+00,  9.981e-01,  5.072e-01,  1.245e+00],
                       [ 2.226e+00,  9.981e-01,  5.072e-01,  1.245e+00]]), array([ 1.098e+02,  1.098e+02,  1.098e+02,  1.098e+02,
                        1.098e+02]))
   param_names: ['d', 'e', 'f', 'g']
[2.2263419  0.99806758 0.5072376  1.24509558]
{'d': 2.2263418959063364, 'e': 0.9980675829247401, 'f': 0.5072376005031296, 'g': 1.2450955812317626}
Previous:  {'d': 2.2093533096301012, 'e': 0.9963931147452807, 'f': 0.5096854062263159, 'g': 1.2400940801598446}


##############################


asserting exponential supression start at lower masses
prev {'d': 2.2263418959063364, 'e': 0.9980675829247401, 'f': 0.5072376005031296, 'g': 1.2450955812317626}
Starting ML Fit
Box82_1400
       message: Optimization terminated successfully.
       success: True
        status: 0
           fun: 106.82874666390445
             x: [ 2.246e+00  9.987e-01  5.021e-01  1.250e+00]
           nit: 100
          nfev: 171
 final_simplex: (array([[ 2.246e+00,  9.987e-01,  5.021e-01,  1.250e+00],
                       [ 2.246e+00,  9.987e-01,  5.021e-01,  1.250e+00],
                       ...,
                       [ 2.246e+00,  9.986e-01,  5.021e-01,  1.250e+00],
                       [ 2.246e+00,  9.987e-01,  5.021e-01,  1.250e+00]]), array([ 1.068e+02,  1.068e+02,  1.068e+02,  1.068e+02,
                        1.068e+02]))
   param_names: ['d', 'e', 'f', 'g']
[2.24625497 0.99867099 0.5021181  1.25000201]
{'d': 2.2462549660278515, 'e': 0.998670991522079, 'f': 0.5021180978142441, 'g': 1.2500020080977712}
Previous:  {'d': 2.2263418959063364, 'e': 0.9980675829247401, 'f': 0.5072376005031296, 'g': 1.2450955812317626}


##############################


asserting exponential supression start at lower masses
prev {'d': 2.2462549660278515, 'e': 0.998670991522079, 'f': 0.5021180978142441, 'g': 1.2500020080977712}
Starting ML Fit
Box82_1400
       message: Optimization terminated successfully.
       success: True
        status: 0
           fun: 98.96997183332698
             x: [ 2.277e+00  9.974e-01  4.916e-01  1.255e+00]
           nit: 78
          nfev: 135
 final_simplex: (array([[ 2.277e+00,  9.974e-01,  4.916e-01,  1.255e+00],
                       [ 2.277e+00,  9.974e-01,  4.916e-01,  1.255e+00],
                       ...,
                       [ 2.277e+00,  9.974e-01,  4.916e-01,  1.255e+00],
                       [ 2.277e+00,  9.974e-01,  4.916e-01,  1.255e+00]]), array([ 9.897e+01,  9.897e+01,  9.897e+01,  9.897e+01,
                        9.897e+01]))
   param_names: ['d', 'e', 'f', 'g']
[2.27718211 0.99743586 0.49159048 1.25539062]
{'d': 2.277182112769301, 'e': 0.9974358644330976, 'f': 0.4915904752606126, 'g': 1.255390616326691}
Previous:  {'d': 2.2462549660278515, 'e': 0.998670991522079, 'f': 0.5021180978142441, 'g': 1.2500020080977712}


##############################


asserting exponential supression start at lower masses
prev {'d': 2.277182112769301, 'e': 0.9974358644330976, 'f': 0.4915904752606126, 'g': 1.255390616326691}
Starting ML Fit
Box82_1400
       message: Optimization terminated successfully.
       success: True
        status: 0
           fun: 101.14435796850313
             x: [ 2.308e+00  9.966e-01  4.821e-01  1.261e+00]
           nit: 92
          nfev: 161
 final_simplex: (array([[ 2.308e+00,  9.966e-01,  4.821e-01,  1.261e+00],
                       [ 2.308e+00,  9.965e-01,  4.821e-01,  1.261e+00],
                       ...,
                       [ 2.308e+00,  9.965e-01,  4.821e-01,  1.261e+00],
                       [ 2.308e+00,  9.965e-01,  4.821e-01,  1.261e+00]]), array([ 1.011e+02,  1.011e+02,  1.011e+02,  1.011e+02,
                        1.011e+02]))
   param_names: ['d', 'e', 'f', 'g']
[2.30833051 0.99657026 0.48212451 1.26083102]
{'d': 2.3083305133434546, 'e': 0.9965702602371767, 'f': 0.48212451388605637, 'g': 1.260831021857899}
Previous:  {'d': 2.277182112769301, 'e': 0.9974358644330976, 'f': 0.4915904752606126, 'g': 1.255390616326691}


##############################


asserting exponential supression start at lower masses
prev {'d': 2.3083305133434546, 'e': 0.9965702602371767, 'f': 0.48212451388605637, 'g': 1.260831021857899}
Starting ML Fit
Box82_1400
       message: Optimization terminated successfully.
       success: True
        status: 0
           fun: 96.7363295267607
             x: [ 2.347e+00  9.944e-01  4.722e-01  1.264e+00]
           nit: 83
          nfev: 151
 final_simplex: (array([[ 2.347e+00,  9.944e-01,  4.722e-01,  1.264e+00],
                       [ 2.347e+00,  9.944e-01,  4.722e-01,  1.264e+00],
                       ...,
                       [ 2.347e+00,  9.944e-01,  4.722e-01,  1.264e+00],
                       [ 2.347e+00,  9.944e-01,  4.722e-01,  1.264e+00]]), array([ 9.674e+01,  9.674e+01,  9.674e+01,  9.674e+01,
                        9.674e+01]))
   param_names: ['d', 'e', 'f', 'g']
[2.34718007 0.994409   0.47223892 1.26385493]
{'d': 2.3471800663957496, 'e': 0.9944090017164049, 'f': 0.47223891675420604, 'g': 1.2638549258752216}
Previous:  {'d': 2.3083305133434546, 'e': 0.9965702602371767, 'f': 0.48212451388605637, 'g': 1.260831021857899}


##############################


asserting exponential supression start at lower masses
prev {'d': 2.3471800663957496, 'e': 0.9944090017164049, 'f': 0.47223891675420604, 'g': 1.2638549258752216}
Starting ML Fit
Box82_1400
       message: Optimization terminated successfully.
       success: True
        status: 0
           fun: 83.85938305760567
             x: [ 2.379e+00  9.917e-01  4.637e-01  1.265e+00]
           nit: 91
          nfev: 157
 final_simplex: (array([[ 2.379e+00,  9.917e-01,  4.637e-01,  1.265e+00],
                       [ 2.379e+00,  9.917e-01,  4.636e-01,  1.265e+00],
                       ...,
                       [ 2.379e+00,  9.918e-01,  4.636e-01,  1.265e+00],
                       [ 2.379e+00,  9.917e-01,  4.636e-01,  1.265e+00]]), array([ 8.386e+01,  8.386e+01,  8.386e+01,  8.386e+01,
                        8.386e+01]))
   param_names: ['d', 'e', 'f', 'g']
[2.37871497 0.99173183 0.46365306 1.2646774 ]
{'d': 2.37871496763358, 'e': 0.9917318258564849, 'f': 0.46365305595103024, 'g': 1.2646773995042233}
Previous:  {'d': 2.3471800663957496, 'e': 0.9944090017164049, 'f': 0.47223891675420604, 'g': 1.2638549258752216}


##############################


asserting exponential supression start at lower masses
prev {'d': 2.37871496763358, 'e': 0.9917318258564849, 'f': 0.46365305595103024, 'g': 1.2646773995042233}
Starting ML Fit
Box82_1400
       message: Optimization terminated successfully.
       success: True
        status: 0
           fun: 85.58628833864347
             x: [ 2.398e+00  9.896e-01  4.591e-01  1.265e+00]
           nit: 102
          nfev: 185
 final_simplex: (array([[ 2.398e+00,  9.896e-01,  4.591e-01,  1.265e+00],
                       [ 2.398e+00,  9.896e-01,  4.590e-01,  1.265e+00],
                       ...,
                       [ 2.398e+00,  9.896e-01,  4.590e-01,  1.265e+00],
                       [ 2.398e+00,  9.896e-01,  4.590e-01,  1.265e+00]]), array([ 8.559e+01,  8.559e+01,  8.559e+01,  8.559e+01,
                        8.559e+01]))
   param_names: ['d', 'e', 'f', 'g']
[2.39812419 0.98958473 0.45905139 1.26467799]
{'d': 2.3981241867418275, 'e': 0.9895847316204776, 'f': 0.4590513920087876, 'g': 1.2646779880165462}
Previous:  {'d': 2.37871496763358, 'e': 0.9917318258564849, 'f': 0.46365305595103024, 'g': 1.2646773995042233}


##############################


asserting exponential supression start at lower masses
prev {'d': 2.3981241867418275, 'e': 0.9895847316204776, 'f': 0.4590513920087876, 'g': 1.2646779880165462}
Starting ML Fit
Box82_1400
       message: Optimization terminated successfully.
       success: True
        status: 0
           fun: 74.34897460014597
             x: [ 2.409e+00  9.872e-01  4.561e-01  1.265e+00]
           nit: 152
          nfev: 254
 final_simplex: (array([[ 2.409e+00,  9.872e-01,  4.561e-01,  1.265e+00],
                       [ 2.409e+00,  9.872e-01,  4.561e-01,  1.265e+00],
                       ...,
                       [ 2.409e+00,  9.873e-01,  4.561e-01,  1.265e+00],
                       [ 2.409e+00,  9.873e-01,  4.561e-01,  1.265e+00]]), array([ 7.435e+01,  7.435e+01,  7.435e+01,  7.435e+01,
                        7.435e+01]))
   param_names: ['d', 'e', 'f', 'g']
[2.40873642 0.98723789 0.45613485 1.26467873]
{'d': 2.4087364150403245, 'e': 0.9872378852990682, 'f': 0.45613484834778256, 'g': 1.2646787294371453}
Previous:  {'d': 2.3981241867418275, 'e': 0.9895847316204776, 'f': 0.4590513920087876, 'g': 1.2646779880165462}


##############################


asserting exponential supression start at lower masses
prev {'d': 2.4087364150403245, 'e': 0.9872378852990682, 'f': 0.45613484834778256, 'g': 1.2646787294371453}
Starting ML Fit
Box82_1400
       message: Optimization terminated successfully.
       success: True
        status: 0
           fun: 73.12829982217721
             x: [ 2.429e+00  9.849e-01  4.524e-01  1.265e+00]
           nit: 124
          nfev: 225
 final_simplex: (array([[ 2.429e+00,  9.849e-01,  4.524e-01,  1.265e+00],
                       [ 2.429e+00,  9.849e-01,  4.524e-01,  1.265e+00],
                       ...,
                       [ 2.429e+00,  9.849e-01,  4.524e-01,  1.265e+00],
                       [ 2.429e+00,  9.849e-01,  4.524e-01,  1.265e+00]]), array([ 7.313e+01,  7.313e+01,  7.313e+01,  7.313e+01,
                        7.313e+01]))
   param_names: ['d', 'e', 'f', 'g']
[2.42856791 0.98489326 0.45239811 1.26467883]
{'d': 2.428567914552896, 'e': 0.9848932607178287, 'f': 0.4523981136521281, 'g': 1.2646788295434415}
Previous:  {'d': 2.4087364150403245, 'e': 0.9872378852990682, 'f': 0.45613484834778256, 'g': 1.2646787294371453}


##############################


asserting exponential supression start at lower masses
prev {'d': 2.428567914552896, 'e': 0.9848932607178287, 'f': 0.4523981136521281, 'g': 1.2646788295434415}
Starting ML Fit
Box82_1400
       message: Optimization terminated successfully.
       success: True
        status: 0
           fun: 67.67719671234475
             x: [ 2.454e+00  9.826e-01  4.488e-01  1.265e+00]
           nit: 126
          nfev: 215
 final_simplex: (array([[ 2.454e+00,  9.826e-01,  4.488e-01,  1.265e+00],
                       [ 2.454e+00,  9.825e-01,  4.489e-01,  1.265e+00],
                       ...,
                       [ 2.454e+00,  9.825e-01,  4.488e-01,  1.265e+00],
                       [ 2.454e+00,  9.826e-01,  4.488e-01,  1.265e+00]]), array([ 6.768e+01,  6.768e+01,  6.768e+01,  6.768e+01,
                        6.768e+01]))
   param_names: ['d', 'e', 'f', 'g']
[2.45418952 0.9825586  0.44883652 1.26467948]
{'d': 2.4541895195116123, 'e': 0.9825585962172845, 'f': 0.44883651778577194, 'g': 1.2646794833149941}
Previous:  {'d': 2.428567914552896, 'e': 0.9848932607178287, 'f': 0.4523981136521281, 'g': 1.2646788295434415}


##############################


asserting exponential supression start at lower masses
prev {'d': 2.4541895195116123, 'e': 0.9825585962172845, 'f': 0.44883651778577194, 'g': 1.2646794833149941}
Starting ML Fit
Box82_1400
       message: Optimization terminated successfully.
       success: True
        status: 0
           fun: 69.16393492728103
             x: [ 2.488e+00  9.806e-01  4.441e-01  1.265e+00]
           nit: 102
          nfev: 175
 final_simplex: (array([[ 2.488e+00,  9.806e-01,  4.441e-01,  1.265e+00],
                       [ 2.488e+00,  9.807e-01,  4.440e-01,  1.265e+00],
                       ...,
                       [ 2.487e+00,  9.807e-01,  4.440e-01,  1.265e+00],
                       [ 2.488e+00,  9.806e-01,  4.440e-01,  1.265e+00]]), array([ 6.916e+01,  6.916e+01,  6.916e+01,  6.916e+01,
                        6.916e+01]))
   param_names: ['d', 'e', 'f', 'g']
[2.48757606 0.98058741 0.4440705  1.26468042]
{'d': 2.4875760648642524, 'e': 0.9805874099164493, 'f': 0.44407049560304085, 'g': 1.264680422527953}
Previous:  {'d': 2.4541895195116123, 'e': 0.9825585962172845, 'f': 0.44883651778577194, 'g': 1.2646794833149941}


##############################


asserting exponential supression start at lower masses
prev {'d': 2.4875760648642524, 'e': 0.9805874099164493, 'f': 0.44407049560304085, 'g': 1.264680422527953}
Starting ML Fit
Box82_1400
       message: Optimization terminated successfully.
       success: True
        status: 0
           fun: 58.8059675887296
             x: [ 2.492e+00  9.793e-01  4.426e-01  1.265e+00]
           nit: 108
          nfev: 183
 final_simplex: (array([[ 2.492e+00,  9.793e-01,  4.426e-01,  1.265e+00],
                       [ 2.492e+00,  9.794e-01,  4.425e-01,  1.265e+00],
                       ...,
                       [ 2.491e+00,  9.793e-01,  4.426e-01,  1.265e+00],
                       [ 2.491e+00,  9.793e-01,  4.426e-01,  1.265e+00]]), array([ 5.881e+01,  5.881e+01,  5.881e+01,  5.881e+01,
                        5.881e+01]))
   param_names: ['d', 'e', 'f', 'g']
[2.49153363 0.9793059  0.44257796 1.26468083]
{'d': 2.4915336306472167, 'e': 0.9793058985556244, 'f': 0.4425779573572322, 'g': 1.26468083454081}
Previous:  {'d': 2.4875760648642524, 'e': 0.9805874099164493, 'f': 0.44407049560304085, 'g': 1.264680422527953}


##############################


asserting exponential supression start at lower masses
prev {'d': 2.4915336306472167, 'e': 0.9793058985556244, 'f': 0.4425779573572322, 'g': 1.26468083454081}
Starting ML Fit
Box82_1400
       message: Optimization terminated successfully.
       success: True
        status: 0
           fun: 49.25180844711062
             x: [ 2.574e+00  9.730e-01  4.287e-01  1.265e+00]
           nit: 200
          nfev: 352
 final_simplex: (array([[ 2.574e+00,  9.730e-01,  4.287e-01,  1.265e+00],
                       [ 2.574e+00,  9.729e-01,  4.288e-01,  1.265e+00],
                       ...,
                       [ 2.574e+00,  9.730e-01,  4.288e-01,  1.265e+00],
                       [ 2.574e+00,  9.730e-01,  4.288e-01,  1.265e+00]]), array([ 4.925e+01,  4.925e+01,  4.925e+01,  4.925e+01,
                        4.925e+01]))
   param_names: ['d', 'e', 'f', 'g']
[2.57382679 0.97298068 0.42874793 1.26468097]
{'d': 2.573826791793464, 'e': 0.9729806831895182, 'f': 0.4287479284868544, 'g': 1.2646809654541808}
Previous:  {'d': 2.4915336306472167, 'e': 0.9793058985556244, 'f': 0.4425779573572322, 'g': 1.26468083454081}


##############################


asserting exponential supression start at lower masses
prev {'d': 2.573826791793464, 'e': 0.9729806831895182, 'f': 0.4287479284868544, 'g': 1.2646809654541808}
Starting ML Fit
Box82_1400
       message: Optimization terminated successfully.
       success: True
        status: 0
           fun: 36.38903537258119
             x: [ 2.636e+00  9.684e-01  4.191e-01  1.265e+00]
           nit: 128
          nfev: 216
 final_simplex: (array([[ 2.636e+00,  9.684e-01,  4.191e-01,  1.265e+00],
                       [ 2.636e+00,  9.684e-01,  4.191e-01,  1.265e+00],
                       ...,
                       [ 2.636e+00,  9.684e-01,  4.191e-01,  1.265e+00],
                       [ 2.636e+00,  9.684e-01,  4.191e-01,  1.265e+00]]), array([ 3.639e+01,  3.639e+01,  3.639e+01,  3.639e+01,
                        3.639e+01]))
   param_names: ['d', 'e', 'f', 'g']
[2.63579645 0.96839663 0.41906166 1.26468101]
{'d': 2.635796454171338, 'e': 0.9683966290180311, 'f': 0.41906166260330996, 'g': 1.2646810081062583}
Previous:  {'d': 2.573826791793464, 'e': 0.9729806831895182, 'f': 0.4287479284868544, 'g': 1.2646809654541808}


##############################


asserting exponential supression start at lower masses
prev {'d': 2.635796454171338, 'e': 0.9683966290180311, 'f': 0.41906166260330996, 'g': 1.2646810081062583}
Starting ML Fit
Box82_1400
       message: Optimization terminated successfully.
       success: True
        status: 0
           fun: 24.291377920783255
             x: [ 2.680e+00  9.634e-01  4.100e-01  1.265e+00]
           nit: 133
          nfev: 235
 final_simplex: (array([[ 2.680e+00,  9.634e-01,  4.100e-01,  1.265e+00],
                       [ 2.680e+00,  9.634e-01,  4.100e-01,  1.265e+00],
                       ...,
                       [ 2.680e+00,  9.634e-01,  4.100e-01,  1.265e+00],
                       [ 2.680e+00,  9.634e-01,  4.100e-01,  1.265e+00]]), array([ 2.429e+01,  2.429e+01,  2.429e+01,  2.429e+01,
                        2.429e+01]))
   param_names: ['d', 'e', 'f', 'g']
[2.67987732 0.96337397 0.41002857 1.26468104]
{'d': 2.6798773171701624, 'e': 0.9633739717512364, 'f': 0.4100285736828023, 'g': 1.2646810448461259}
Previous:  {'d': 2.635796454171338, 'e': 0.9683966290180311, 'f': 0.41906166260330996, 'g': 1.2646810081062583}


