alist [1.0, 0.953321, 0.866399, 0.787402, 0.715608, 0.65036, 0.620002, 0.591061, 0.563471, 0.537169, 0.512095, 0.488191, 0.403224, 0.366459, 0.302679]
Curr: Box31_1400, Prev: Box78_1400
##############################


prev {'d': 0.4400027459391044, 'e': 0.3060125964164491, 'f': 1.6301253982491408, 'g': 1.217324624271705}
Starting ML Fit
Box31_1400
       message: Optimization terminated successfully.
       success: True
        status: 0
           fun: 136.6196700266508
             x: [ 4.370e-01  3.028e-01  1.633e+00  1.249e+00]
           nit: 72
          nfev: 128
 final_simplex: (array([[ 4.370e-01,  3.028e-01,  1.633e+00,  1.249e+00],
                       [ 4.371e-01,  3.029e-01,  1.633e+00,  1.249e+00],
                       ...,
                       [ 4.370e-01,  3.028e-01,  1.633e+00,  1.249e+00],
                       [ 4.370e-01,  3.028e-01,  1.633e+00,  1.249e+00]]), array([ 1.366e+02,  1.366e+02,  1.366e+02,  1.366e+02,
                        1.366e+02]))
   param_names: ['d', 'e', 'f', 'g']
[0.43704652 0.30281491 1.63290468 1.24933522]
{'d': 0.4370465154036101, 'e': 0.30281490680204753, 'f': 1.6329046801611313, 'g': 1.249335216146129}
Previous:  {'d': 0.4400027459391044, 'e': 0.3060125964164491, 'f': 1.6301253982491408, 'g': 1.217324624271705}


##############################


prev {'d': 0.4370465154036101, 'e': 0.30281490680204753, 'f': 1.6329046801611313, 'g': 1.249335216146129}
Starting ML Fit
Box31_1400
       message: Optimization terminated successfully.
       success: True
        status: 0
           fun: 132.45737930359917
             x: [ 4.318e-01  2.998e-01  1.636e+00  1.249e+00]
           nit: 63
          nfev: 114
 final_simplex: (array([[ 4.318e-01,  2.998e-01,  1.636e+00,  1.249e+00],
                       [ 4.318e-01,  2.998e-01,  1.636e+00,  1.249e+00],
                       ...,
                       [ 4.318e-01,  2.998e-01,  1.636e+00,  1.249e+00],
                       [ 4.318e-01,  2.998e-01,  1.636e+00,  1.249e+00]]), array([ 1.325e+02,  1.325e+02,  1.325e+02,  1.325e+02,
                        1.325e+02]))
   param_names: ['d', 'e', 'f', 'g']
[0.43184004 0.29977912 1.6359939  1.24907175]
{'d': 0.4318400440842761, 'e': 0.2997791210744841, 'f': 1.6359938951490123, 'g': 1.2490717511652818}
Previous:  {'d': 0.4370465154036101, 'e': 0.30281490680204753, 'f': 1.6329046801611313, 'g': 1.249335216146129}


##############################


prev {'d': 0.4318400440842761, 'e': 0.2997791210744841, 'f': 1.6359938951490123, 'g': 1.2490717511652818}
Starting ML Fit
Box31_1400
       message: Optimization terminated successfully.
       success: True
        status: 0
           fun: 121.71009991955447
             x: [ 4.228e-01  2.983e-01  1.638e+00  1.244e+00]
           nit: 88
          nfev: 154
 final_simplex: (array([[ 4.228e-01,  2.983e-01,  1.638e+00,  1.244e+00],
                       [ 4.228e-01,  2.983e-01,  1.638e+00,  1.244e+00],
                       ...,
                       [ 4.228e-01,  2.983e-01,  1.638e+00,  1.244e+00],
                       [ 4.228e-01,  2.982e-01,  1.638e+00,  1.244e+00]]), array([ 1.217e+02,  1.217e+02,  1.217e+02,  1.217e+02,
                        1.217e+02]))
   param_names: ['d', 'e', 'f', 'g']
[0.42280596 0.29825711 1.63785484 1.24407075]
{'d': 0.4228059605297917, 'e': 0.2982571069925498, 'f': 1.6378548387562404, 'g': 1.244070751918199}
Previous:  {'d': 0.4318400440842761, 'e': 0.2997791210744841, 'f': 1.6359938951490123, 'g': 1.2490717511652818}


##############################


prev {'d': 0.4228059605297917, 'e': 0.2982571069925498, 'f': 1.6378548387562404, 'g': 1.244070751918199}
Starting ML Fit
Box31_1400
       message: Optimization terminated successfully.
       success: True
        status: 0
           fun: 121.50300977104129
             x: [ 4.144e-01  2.960e-01  1.641e+00  1.240e+00]
           nit: 76
          nfev: 139
 final_simplex: (array([[ 4.144e-01,  2.960e-01,  1.641e+00,  1.240e+00],
                       [ 4.144e-01,  2.959e-01,  1.641e+00,  1.240e+00],
                       ...,
                       [ 4.144e-01,  2.960e-01,  1.641e+00,  1.240e+00],
                       [ 4.144e-01,  2.960e-01,  1.641e+00,  1.240e+00]]), array([ 1.215e+02,  1.215e+02,  1.215e+02,  1.215e+02,
                        1.215e+02]))
   param_names: ['d', 'e', 'f', 'g']
[0.41437843 0.29602058 1.64097589 1.24014258]
{'d': 0.4143784286107767, 'e': 0.29602058157892497, 'f': 1.640975893286924, 'g': 1.2401425819742344}
Previous:  {'d': 0.4228059605297917, 'e': 0.2982571069925498, 'f': 1.6378548387562404, 'g': 1.244070751918199}


##############################


prev {'d': 0.4143784286107767, 'e': 0.29602058157892497, 'f': 1.640975893286924, 'g': 1.2401425819742344}
Starting ML Fit
Box31_1400
       message: Optimization terminated successfully.
       success: True
        status: 0
           fun: 113.71167493543842
             x: [ 4.066e-01  2.933e-01  1.644e+00  1.233e+00]
           nit: 71
          nfev: 127
 final_simplex: (array([[ 4.066e-01,  2.933e-01,  1.644e+00,  1.233e+00],
                       [ 4.066e-01,  2.933e-01,  1.644e+00,  1.233e+00],
                       ...,
                       [ 4.066e-01,  2.933e-01,  1.645e+00,  1.232e+00],
                       [ 4.066e-01,  2.934e-01,  1.644e+00,  1.233e+00]]), array([ 1.137e+02,  1.137e+02,  1.137e+02,  1.137e+02,
                        1.137e+02]))
   param_names: ['d', 'e', 'f', 'g']
[0.40658421 0.29331389 1.64449915 1.2325283 ]
{'d': 0.4065842080239943, 'e': 0.2933138923345027, 'f': 1.6444991464114804, 'g': 1.2325283009496197}
Previous:  {'d': 0.4143784286107767, 'e': 0.29602058157892497, 'f': 1.640975893286924, 'g': 1.2401425819742344}


##############################


prev {'d': 0.4065842080239943, 'e': 0.2933138923345027, 'f': 1.6444991464114804, 'g': 1.2325283009496197}
Starting ML Fit
Box31_1400
       message: Optimization terminated successfully.
       success: True
        status: 0
           fun: 101.87820386917716
             x: [ 4.006e-01  2.922e-01  1.646e+00  1.230e+00]
           nit: 73
          nfev: 128
 final_simplex: (array([[ 4.006e-01,  2.922e-01,  1.646e+00,  1.230e+00],
                       [ 4.006e-01,  2.923e-01,  1.646e+00,  1.230e+00],
                       ...,
                       [ 4.006e-01,  2.922e-01,  1.646e+00,  1.230e+00],
                       [ 4.006e-01,  2.922e-01,  1.646e+00,  1.230e+00]]), array([ 1.019e+02,  1.019e+02,  1.019e+02,  1.019e+02,
                        1.019e+02]))
   param_names: ['d', 'e', 'f', 'g']
[0.4005535  0.29220134 1.6463357  1.22969607]
{'d': 0.4005535002887215, 'e': 0.29220133801101156, 'f': 1.6463356951253565, 'g': 1.229696066787839}
Previous:  {'d': 0.4065842080239943, 'e': 0.2933138923345027, 'f': 1.6444991464114804, 'g': 1.2325283009496197}


##############################


prev {'d': 0.4005535002887215, 'e': 0.29220133801101156, 'f': 1.6463356951253565, 'g': 1.229696066787839}
Starting ML Fit
Box31_1400
       message: Optimization terminated successfully.
       success: True
        status: 0
           fun: 104.76771201009515
             x: [ 3.977e-01  2.920e-01  1.647e+00  1.227e+00]
           nit: 62
          nfev: 113
 final_simplex: (array([[ 3.977e-01,  2.920e-01,  1.647e+00,  1.227e+00],
                       [ 3.977e-01,  2.919e-01,  1.647e+00,  1.227e+00],
                       ...,
                       [ 3.977e-01,  2.920e-01,  1.647e+00,  1.227e+00],
                       [ 3.977e-01,  2.920e-01,  1.647e+00,  1.227e+00]]), array([ 1.048e+02,  1.048e+02,  1.048e+02,  1.048e+02,
                        1.048e+02]))
   param_names: ['d', 'e', 'f', 'g']
[0.39770389 0.29196964 1.64710886 1.22729301]
{'d': 0.3977038868510213, 'e': 0.29196963935397474, 'f': 1.6471088645681866, 'g': 1.227293008782863}
Previous:  {'d': 0.4005535002887215, 'e': 0.29220133801101156, 'f': 1.6463356951253565, 'g': 1.229696066787839}


##############################


prev {'d': 0.3977038868510213, 'e': 0.29196963935397474, 'f': 1.6471088645681866, 'g': 1.227293008782863}
Starting ML Fit
Box31_1400
       message: Optimization terminated successfully.
       success: True
        status: 0
           fun: 108.7079630423684
             x: [ 3.945e-01  2.920e-01  1.648e+00  1.224e+00]
           nit: 53
          nfev: 97
 final_simplex: (array([[ 3.945e-01,  2.920e-01,  1.648e+00,  1.224e+00],
                       [ 3.945e-01,  2.921e-01,  1.648e+00,  1.224e+00],
                       ...,
                       [ 3.945e-01,  2.920e-01,  1.648e+00,  1.224e+00],
                       [ 3.945e-01,  2.920e-01,  1.648e+00,  1.224e+00]]), array([ 1.087e+02,  1.087e+02,  1.087e+02,  1.087e+02,
                        1.087e+02]))
   param_names: ['d', 'e', 'f', 'g']
[0.39447815 0.2920158  1.64761289 1.22393723]
{'d': 0.3944781529140486, 'e': 0.2920158019399755, 'f': 1.6476128937014587, 'g': 1.2239372313057126}
Previous:  {'d': 0.3977038868510213, 'e': 0.29196963935397474, 'f': 1.6471088645681866, 'g': 1.227293008782863}


##############################


prev {'d': 0.3944781529140486, 'e': 0.2920158019399755, 'f': 1.6476128937014587, 'g': 1.2239372313057126}
Starting ML Fit
Box31_1400
       message: Optimization terminated successfully.
       success: True
        status: 0
           fun: 101.17415528811723
             x: [ 3.912e-01  2.918e-01  1.648e+00  1.220e+00]
           nit: 65
          nfev: 116
 final_simplex: (array([[ 3.912e-01,  2.918e-01,  1.648e+00,  1.220e+00],
                       [ 3.912e-01,  2.918e-01,  1.648e+00,  1.220e+00],
                       ...,
                       [ 3.912e-01,  2.919e-01,  1.648e+00,  1.220e+00],
                       [ 3.913e-01,  2.919e-01,  1.648e+00,  1.220e+00]]), array([ 1.012e+02,  1.012e+02,  1.012e+02,  1.012e+02,
                        1.012e+02]))
   param_names: ['d', 'e', 'f', 'g']
[0.39123978 0.29183962 1.64829341 1.21983355]
{'d': 0.3912397836602916, 'e': 0.29183962095273297, 'f': 1.6482934110523324, 'g': 1.2198335498145634}
Previous:  {'d': 0.3944781529140486, 'e': 0.2920158019399755, 'f': 1.6476128937014587, 'g': 1.2239372313057126}


##############################


prev {'d': 0.3912397836602916, 'e': 0.29183962095273297, 'f': 1.6482934110523324, 'g': 1.2198335498145634}
Starting ML Fit
Box31_1400
       message: Optimization terminated successfully.
       success: True
        status: 0
           fun: 97.90685746894003
             x: [ 3.880e-01  2.917e-01  1.649e+00  1.216e+00]
           nit: 67
          nfev: 122
 final_simplex: (array([[ 3.880e-01,  2.917e-01,  1.649e+00,  1.216e+00],
                       [ 3.881e-01,  2.918e-01,  1.649e+00,  1.216e+00],
                       ...,
                       [ 3.881e-01,  2.917e-01,  1.649e+00,  1.216e+00],
                       [ 3.880e-01,  2.917e-01,  1.649e+00,  1.216e+00]]), array([ 9.791e+01,  9.791e+01,  9.791e+01,  9.791e+01,
                        9.791e+01]))
   param_names: ['d', 'e', 'f', 'g']
[0.38804702 0.29172465 1.64876719 1.21569797]
{'d': 0.38804701622021076, 'e': 0.29172465187628954, 'f': 1.6487671912652457, 'g': 1.215697968431476}
Previous:  {'d': 0.3912397836602916, 'e': 0.29183962095273297, 'f': 1.6482934110523324, 'g': 1.2198335498145634}


##############################


prev {'d': 0.38804701622021076, 'e': 0.29172465187628954, 'f': 1.6487671912652457, 'g': 1.215697968431476}
Starting ML Fit
Box31_1400
       message: Optimization terminated successfully.
       success: True
        status: 0
           fun: 89.11818640949252
             x: [ 3.858e-01  2.912e-01  1.650e+00  1.213e+00]
           nit: 62
          nfev: 114
 final_simplex: (array([[ 3.858e-01,  2.912e-01,  1.650e+00,  1.213e+00],
                       [ 3.858e-01,  2.913e-01,  1.650e+00,  1.213e+00],
                       ...,
                       [ 3.858e-01,  2.913e-01,  1.650e+00,  1.213e+00],
                       [ 3.857e-01,  2.913e-01,  1.650e+00,  1.213e+00]]), array([ 8.912e+01,  8.912e+01,  8.912e+01,  8.912e+01,
                        8.912e+01]))
   param_names: ['d', 'e', 'f', 'g']
[0.38575891 0.29124989 1.64956788 1.21300774]
{'d': 0.3857589055285105, 'e': 0.29124989405831914, 'f': 1.6495678763950665, 'g': 1.213007740797579}
Previous:  {'d': 0.38804701622021076, 'e': 0.29172465187628954, 'f': 1.6487671912652457, 'g': 1.215697968431476}


##############################


prev {'d': 0.3857589055285105, 'e': 0.29124989405831914, 'f': 1.6495678763950665, 'g': 1.213007740797579}
Starting ML Fit
Box31_1400
       message: Optimization terminated successfully.
       success: True
        status: 0
           fun: 88.77536193263127
             x: [ 3.832e-01  2.910e-01  1.650e+00  1.210e+00]
           nit: 58
          nfev: 107
 final_simplex: (array([[ 3.832e-01,  2.910e-01,  1.650e+00,  1.210e+00],
                       [ 3.832e-01,  2.911e-01,  1.650e+00,  1.210e+00],
                       ...,
                       [ 3.832e-01,  2.911e-01,  1.650e+00,  1.210e+00],
                       [ 3.832e-01,  2.910e-01,  1.650e+00,  1.210e+00]]), array([ 8.878e+01,  8.878e+01,  8.878e+01,  8.878e+01,
                        8.878e+01]))
   param_names: ['d', 'e', 'f', 'g']
[0.38321318 0.29096689 1.6500752  1.21013935]
{'d': 0.38321318197994103, 'e': 0.2909668893833025, 'f': 1.6500751995296472, 'g': 1.2101393476169466}
Previous:  {'d': 0.3857589055285105, 'e': 0.29124989405831914, 'f': 1.6495678763950665, 'g': 1.213007740797579}


##############################


prev {'d': 0.38321318197994103, 'e': 0.2909668893833025, 'f': 1.6500751995296472, 'g': 1.2101393476169466}
Starting ML Fit
Box31_1400
       message: Optimization terminated successfully.
       success: True
        status: 0
           fun: 71.38431619453875
             x: [ 3.749e-01  2.913e-01  1.650e+00  1.201e+00]
           nit: 72
          nfev: 127
 final_simplex: (array([[ 3.749e-01,  2.913e-01,  1.650e+00,  1.201e+00],
                       [ 3.749e-01,  2.913e-01,  1.650e+00,  1.201e+00],
                       ...,
                       [ 3.749e-01,  2.914e-01,  1.650e+00,  1.201e+00],
                       [ 3.749e-01,  2.914e-01,  1.650e+00,  1.201e+00]]), array([ 7.138e+01,  7.138e+01,  7.138e+01,  7.138e+01,
                        7.138e+01]))
   param_names: ['d', 'e', 'f', 'g']
[0.37489034 0.29133177 1.64953839 1.20061704]
{'d': 0.3748903413539121, 'e': 0.2913317669228367, 'f': 1.6495383909960504, 'g': 1.200617040039881}
Previous:  {'d': 0.38321318197994103, 'e': 0.2909668893833025, 'f': 1.6500751995296472, 'g': 1.2101393476169466}


##############################


prev {'d': 0.3748903413539121, 'e': 0.2913317669228367, 'f': 1.6495383909960504, 'g': 1.200617040039881}
Starting ML Fit
Box31_1400
       message: Optimization terminated successfully.
       success: True
        status: 0
           fun: 70.7480214245682
             x: [ 3.693e-01  2.915e-01  1.649e+00  1.193e+00]
           nit: 53
          nfev: 100
 final_simplex: (array([[ 3.693e-01,  2.915e-01,  1.649e+00,  1.193e+00],
                       [ 3.693e-01,  2.916e-01,  1.649e+00,  1.194e+00],
                       ...,
                       [ 3.693e-01,  2.916e-01,  1.649e+00,  1.193e+00],
                       [ 3.693e-01,  2.916e-01,  1.649e+00,  1.193e+00]]), array([ 7.075e+01,  7.075e+01,  7.075e+01,  7.075e+01,
                        7.075e+01]))
   param_names: ['d', 'e', 'f', 'g']
[0.36928827 0.29151171 1.64926583 1.1934928 ]
{'d': 0.36928827138282383, 'e': 0.2915117131097166, 'f': 1.6492658325202136, 'g': 1.1934927986703412}
Previous:  {'d': 0.3748903413539121, 'e': 0.2913317669228367, 'f': 1.6495383909960504, 'g': 1.200617040039881}


##############################


prev {'d': 0.36928827138282383, 'e': 0.2915117131097166, 'f': 1.6492658325202136, 'g': 1.1934927986703412}
Starting ML Fit
Box31_1400
       message: Optimization terminated successfully.
       success: True
        status: 0
           fun: 48.609813045843694
             x: [ 3.601e-01  2.913e-01  1.650e+00  1.185e+00]
           nit: 56
          nfev: 104
 final_simplex: (array([[ 3.601e-01,  2.913e-01,  1.650e+00,  1.185e+00],
                       [ 3.601e-01,  2.913e-01,  1.650e+00,  1.185e+00],
                       ...,
                       [ 3.601e-01,  2.913e-01,  1.650e+00,  1.184e+00],
                       [ 3.601e-01,  2.912e-01,  1.650e+00,  1.185e+00]]), array([ 4.861e+01,  4.861e+01,  4.861e+01,  4.861e+01,
                        4.861e+01]))
   param_names: ['d', 'e', 'f', 'g']
[0.36014329 0.29128171 1.64991604 1.18456573]
{'d': 0.3601432867227059, 'e': 0.29128171394772784, 'f': 1.6499160438855784, 'g': 1.1845657346593428}
Previous:  {'d': 0.36928827138282383, 'e': 0.2915117131097166, 'f': 1.6492658325202136, 'g': 1.1934927986703412}


