##############################


[[0.01   0.     0.     0.     0.     0.     0.     0.    ]
 [0.     0.01   0.     0.     0.     0.     0.     0.    ]
 [0.     0.     0.001  0.     0.     0.     0.     0.    ]
 [0.     0.     0.     0.001  0.     0.     0.     0.    ]
 [0.     0.     0.     0.     0.0005 0.     0.     0.    ]
 [0.     0.     0.     0.     0.     0.0005 0.     0.    ]
 [0.     0.     0.     0.     0.     0.     0.0001 0.    ]
 [0.     0.     0.     0.     0.     0.     0.     0.0001]]
[0.302679, 0.366459, 0.403224, 0.488191, 0.512095, 0.537169, 0.563471, 0.591061, 0.620002, 0.65036, 0.715608, 0.787402, 0.866399, 0.953321, 1.0]
dict_keys([0.302679, 0.366459, 0.403224, 0.488191, 0.512095, 0.537169, 0.563471, 0.591061, 0.620002, 0.65036, 0.715608, 0.787402, 0.866399, 0.953321, 1.0])
prev {'d0': 1.9729648445261119, 'd1': -0.07315941882873203, 'e0': 1.1415129145510123, 'e1': -0.043484334452317544, 'f0': 0.40087449853763146, 'f1': 0.20114965850487096, 'g0': 1.2367622276803456, 'g1': 0.058347309989220206}
Starting ML Fit
Box_n50_3_1400
       message: Optimization terminated successfully.
       success: True
        status: 0
           fun: 1661.460457251693
             x: [ 2.035e+00 -1.000e-01  1.112e+00 -5.137e-02  4.128e-01
                  1.972e-01  1.251e+00  5.913e-02]
           nit: 739
          nfev: 1107
 final_simplex: (array([[ 2.035e+00, -1.000e-01, ...,  1.251e+00,
                         5.913e-02],
                       [ 2.035e+00, -9.993e-02, ...,  1.251e+00,
                         5.914e-02],
                       ...,
                       [ 2.035e+00, -1.000e-01, ...,  1.251e+00,
                         5.913e-02],
                       [ 2.035e+00, -1.000e-01, ...,  1.251e+00,
                         5.914e-02]]), array([ 1.661e+03,  1.661e+03,  1.661e+03,  1.661e+03,
                        1.661e+03,  1.661e+03,  1.661e+03,  1.661e+03,
                        1.661e+03]))
   param_names: ['d0', 'd1', 'e0', 'e1', 'f0', 'f1', 'g0', 'g1']
[ 2.03503432 -0.09999508  1.11235689 -0.05137428  0.41276155  0.19720545
  1.25106142  0.05912661]
{'d0': 2.035034316415202, 'd1': -0.09999507953541123, 'e0': 1.1123568861748283, 'e1': -0.05137427550489111, 'f0': 0.41276155422828725, 'f1': 0.197205447540995, 'g0': 1.2510614227507935, 'g1': 0.05912661333150543}
-------------------
{'d0': 2.035034316415202, 'd1': -0.09999507953541123, 'e0': 1.1123568861748283, 'e1': -0.05137427550489111, 'f0': 0.41276155422828725, 'f1': 0.197205447540995, 'g0': 1.2510614227507935, 'g1': 0.05912661333150543}
Previous:  {'d0': 1.9729648445261119, 'd1': -0.07315941882873203, 'e0': 1.1415129145510123, 'e1': -0.043484334452317544, 'f0': 0.40087449853763146, 'f1': 0.20114965850487096, 'g0': 1.2367622276803456, 'g1': 0.058347309989220206}
-------------------
