##############################


[[0.01   0.     0.     0.     0.     0.     0.     0.    ]
 [0.     0.01   0.     0.     0.     0.     0.     0.    ]
 [0.     0.     0.001  0.     0.     0.     0.     0.    ]
 [0.     0.     0.     0.001  0.     0.     0.     0.    ]
 [0.     0.     0.     0.     0.0005 0.     0.     0.    ]
 [0.     0.     0.     0.     0.     0.0005 0.     0.    ]
 [0.     0.     0.     0.     0.     0.     0.0001 0.    ]
 [0.     0.     0.     0.     0.     0.     0.     0.0001]]
[0.302679, 0.366459, 0.403224, 0.488191, 0.512095, 0.537169, 0.563471, 0.591061, 0.620002, 0.65036, 0.715608, 0.787402, 0.866399, 0.953321, 1.0]
dict_keys([0.302679, 0.366459, 0.403224, 0.488191, 0.512095, 0.537169, 0.563471, 0.591061, 0.620002, 0.65036, 0.715608, 0.787402, 0.866399, 0.953321, 1.0])
prev {'d0': 2.137950036837685, 'd1': 0.004582438720021533, 'e0': 1.1019109862223209, 'e1': -0.06793900973011902, 'f0': 0.43008585158040513, 'f1': 0.22396294596767374, 'g0': 1.2336722996074754, 'g1': 0.009429929358994393}
Starting ML Fit
Box18_1400
       message: Optimization terminated successfully.
       success: True
        status: 0
           fun: 1851.8306737298908
             x: [ 2.006e+00  2.695e-03  1.110e+00 -8.812e-02  4.310e-01
                  2.399e-01  1.219e+00  8.420e-03]
           nit: 342
          nfev: 531
 final_simplex: (array([[ 2.006e+00,  2.695e-03, ...,  1.219e+00,
                         8.420e-03],
                       [ 2.006e+00,  2.699e-03, ...,  1.219e+00,
                         8.421e-03],
                       ...,
                       [ 2.006e+00,  2.701e-03, ...,  1.219e+00,
                         8.420e-03],
                       [ 2.006e+00,  2.695e-03, ...,  1.219e+00,
                         8.419e-03]]), array([ 1.852e+03,  1.852e+03,  1.852e+03,  1.852e+03,
                        1.852e+03,  1.852e+03,  1.852e+03,  1.852e+03,
                        1.852e+03]))
   param_names: ['d0', 'd1', 'e0', 'e1', 'f0', 'f1', 'g0', 'g1']
[ 2.00620931  0.00269537  1.10987242 -0.08812415  0.43098539  0.23994725
  1.21911537  0.00841979]
{'d0': 2.0062093137167, 'd1': 0.0026953692781964897, 'e0': 1.109872417316546, 'e1': -0.08812415261377926, 'f0': 0.43098539387154644, 'f1': 0.2399472490971427, 'g0': 1.2191153714949348, 'g1': 0.008419790844670077}
-------------------
{'d0': 2.0062093137167, 'd1': 0.0026953692781964897, 'e0': 1.109872417316546, 'e1': -0.08812415261377926, 'f0': 0.43098539387154644, 'f1': 0.2399472490971427, 'g0': 1.2191153714949348, 'g1': 0.008419790844670077}
Previous:  {'d0': 2.137950036837685, 'd1': 0.004582438720021533, 'e0': 1.1019109862223209, 'e1': -0.06793900973011902, 'f0': 0.43008585158040513, 'f1': 0.22396294596767374, 'g0': 1.2336722996074754, 'g1': 0.009429929358994393}
-------------------
