##############################


[[0.001  0.     0.     0.     0.     0.     0.     0.    ]
 [0.     0.0008 0.     0.     0.     0.     0.     0.    ]
 [0.     0.     0.1    0.     0.     0.     0.     0.    ]
 [0.     0.     0.     0.08   0.     0.     0.     0.    ]
 [0.     0.     0.     0.     0.05   0.     0.     0.    ]
 [0.     0.     0.     0.     0.     0.8    0.     0.    ]
 [0.     0.     0.     0.     0.     0.     0.03   0.    ]
 [0.     0.     0.     0.     0.     0.     0.     0.008 ]]
[0.302679, 0.366459, 0.403224, 0.488191, 0.512095, 0.537169, 0.563471, 0.591061, 0.620002, 0.65036, 0.715608, 0.787402, 0.866399, 0.953321, 1.0]
dict_keys([0.302679, 0.366459, 0.403224, 0.488191, 0.512095, 0.537169, 0.563471, 0.591061, 0.620002, 0.65036, 0.715608, 0.787402, 0.866399, 0.953321, 1.0])
prev {'d0': 2.0519082811688163, 'd1': 0.07966570313690387, 'e0': 1.1140703967478796, 'e1': 0.0022894669173365583, 'f0': 0.49139620354785785, 'f1': 0.17649352425704823, 'g0': 1.294761985033991, 'g1': 0.11477428607805415}
Starting ML Fit
Box43_1400
       message: Optimization terminated successfully.
       success: True
        status: 0
           fun: 1955.1824599551046
             x: [ 2.081e+00  7.668e-02  9.431e-01  1.681e-03  5.439e-01
                  1.661e-01  1.256e+00  7.132e-02]
           nit: 994
          nfev: 1468
 final_simplex: (array([[ 2.081e+00,  7.668e-02, ...,  1.256e+00,
                         7.132e-02],
                       [ 2.081e+00,  7.671e-02, ...,  1.256e+00,
                         7.132e-02],
                       ...,
                       [ 2.081e+00,  7.672e-02, ...,  1.256e+00,
                         7.130e-02],
                       [ 2.081e+00,  7.668e-02, ...,  1.256e+00,
                         7.130e-02]]), array([ 1.955e+03,  1.955e+03,  1.955e+03,  1.955e+03,
                        1.955e+03,  1.955e+03,  1.955e+03,  1.955e+03,
                        1.955e+03]))
   param_names: ['d0', 'd1', 'e0', 'e1', 'f0', 'f1', 'g0', 'g1']
[2.08130227e+00 7.66822201e-02 9.43092209e-01 1.68139092e-03
 5.43921663e-01 1.66113483e-01 1.25614049e+00 7.13183642e-02]
{'d0': 2.0813022725279953, 'd1': 0.0766822201231341, 'e0': 0.9430922093457826, 'e1': 0.001681390923198626, 'f0': 0.5439216634796148, 'f1': 0.16611348256788894, 'g0': 1.2561404922762365, 'g1': 0.07131836422745125}
-------------------
{'d0': 2.0813022725279953, 'd1': 0.0766822201231341, 'e0': 0.9430922093457826, 'e1': 0.001681390923198626, 'f0': 0.5439216634796148, 'f1': 0.16611348256788894, 'g0': 1.2561404922762365, 'g1': 0.07131836422745125}
Previous:  {'d0': 2.0519082811688163, 'd1': 0.07966570313690387, 'e0': 1.1140703967478796, 'e1': 0.0022894669173365583, 'f0': 0.49139620354785785, 'f1': 0.17649352425704823, 'g0': 1.294761985033991, 'g1': 0.11477428607805415}
-------------------
