##############################


[0.302679, 0.366459, 0.403224, 0.488191, 0.512095, 0.537169, 0.563471, 0.591061, 0.620002, 0.65036, 0.715608, 0.787402, 0.866399, 0.953321, 1.0]
dict_keys([0.302679, 0.366459, 0.403224, 0.488191, 0.512095, 0.537169, 0.563471, 0.591061, 0.620002, 0.65036, 0.715608, 0.787402, 0.866399, 0.953321, 1.0])
prev {'d0': 2.078553578429367, 'd1': -0.29585335, 'e0': 1.07569972, 'e1': 0.0486005, 'f0': 0.41312439, 'f1': 0.17454899234793092, 'g0': 1.2385910549034578, 'g1': 0.004037265971191406}
Starting ML Fit
Box_n50_14_1400
       message: Optimization terminated successfully.
       success: True
        status: 0
           fun: 1887.4152129762895
             x: [ 2.028e+00 -2.870e-01  1.041e+00  4.397e-02  4.129e-01
                  1.834e-01  1.210e+00 -2.415e-03]
           nit: 1053
          nfev: 1543
 final_simplex: (array([[ 2.028e+00, -2.870e-01, ...,  1.210e+00,
                        -2.415e-03],
                       [ 2.028e+00, -2.869e-01, ...,  1.210e+00,
                        -2.396e-03],
                       ...,
                       [ 2.028e+00, -2.871e-01, ...,  1.210e+00,
                        -2.411e-03],
                       [ 2.028e+00, -2.870e-01, ...,  1.210e+00,
                        -2.408e-03]]), array([ 1.887e+03,  1.887e+03,  1.887e+03,  1.887e+03,
                        1.887e+03,  1.887e+03,  1.887e+03,  1.887e+03,
                        1.887e+03]))
   param_names: ['d0', 'd1', 'e0', 'e1', 'f0', 'f1', 'g0', 'g1']
[ 2.02835193 -0.28701119  1.04066376  0.04396632  0.41290204  0.18341487
  1.21041115 -0.00241469]
{'d0': 2.028351932118179, 'd1': -0.2870111898601852, 'e0': 1.0406637621345567, 'e1': 0.04396632407528764, 'f0': 0.41290204107031814, 'f1': 0.18341487296453737, 'g0': 1.2104111510998563, 'g1': -0.0024146913941555394}
-------------------
{'d0': 2.028351932118179, 'd1': -0.2870111898601852, 'e0': 1.0406637621345567, 'e1': 0.04396632407528764, 'f0': 0.41290204107031814, 'f1': 0.18341487296453737, 'g0': 1.2104111510998563, 'g1': -0.0024146913941555394}
Previous:  {'d0': 2.078553578429367, 'd1': -0.29585335, 'e0': 1.07569972, 'e1': 0.0486005, 'f0': 0.41312439, 'f1': 0.17454899234793092, 'g0': 1.2385910549034578, 'g1': 0.004037265971191406}
-------------------
