##############################


[[0.01   0.     0.     0.     0.     0.     0.     0.    ]
 [0.     0.01   0.     0.     0.     0.     0.     0.    ]
 [0.     0.     0.001  0.     0.     0.     0.     0.    ]
 [0.     0.     0.     0.001  0.     0.     0.     0.    ]
 [0.     0.     0.     0.     0.0005 0.     0.     0.    ]
 [0.     0.     0.     0.     0.     0.0005 0.     0.    ]
 [0.     0.     0.     0.     0.     0.     0.0001 0.    ]
 [0.     0.     0.     0.     0.     0.     0.     0.0001]]
[0.302679, 0.366459, 0.403224, 0.488191, 0.512095, 0.537169, 0.563471, 0.591061, 0.620002, 0.65036, 0.715608, 0.787402, 0.866399, 0.953321, 1.0]
dict_keys([0.302679, 0.366459, 0.403224, 0.488191, 0.512095, 0.537169, 0.563471, 0.591061, 0.620002, 0.65036, 0.715608, 0.787402, 0.866399, 0.953321, 1.0])
prev {'d0': 2.2681654682240673, 'd1': 0.1281814343811764, 'e0': 0.9597586799025055, 'e1': -0.07720830402780984, 'f0': 0.4478343911514927, 'f1': 0.21662490204128543, 'g0': 1.2248598680967135, 'g1': -0.0102145328704445}
Starting ML Fit
Box54_1400
       message: Optimization terminated successfully.
       success: True
        status: 0
           fun: 1095.3083560970745
             x: [ 2.315e+00  3.132e-02  9.349e-01 -9.265e-02  4.322e-01
                  2.533e-01  1.224e+00 -1.186e-02]
           nit: 497
          nfev: 766
 final_simplex: (array([[ 2.315e+00,  3.132e-02, ...,  1.224e+00,
                        -1.186e-02],
                       [ 2.315e+00,  3.133e-02, ...,  1.224e+00,
                        -1.186e-02],
                       ...,
                       [ 2.315e+00,  3.133e-02, ...,  1.224e+00,
                        -1.186e-02],
                       [ 2.315e+00,  3.140e-02, ...,  1.224e+00,
                        -1.185e-02]]), array([ 1.095e+03,  1.095e+03,  1.095e+03,  1.095e+03,
                        1.095e+03,  1.095e+03,  1.095e+03,  1.095e+03,
                        1.095e+03]))
   param_names: ['d0', 'd1', 'e0', 'e1', 'f0', 'f1', 'g0', 'g1']
[ 2.31536285  0.0313203   0.93490274 -0.09265449  0.43215726  0.25330194
  1.22379478 -0.01185609]
{'d0': 2.315362845127255, 'd1': 0.03132029752749412, 'e0': 0.9349027368198627, 'e1': -0.09265449085131977, 'f0': 0.4321572575063591, 'f1': 0.25330193763371006, 'g0': 1.2237947817853398, 'g1': -0.011856085129943274}
-------------------
{'d0': 2.315362845127255, 'd1': 0.03132029752749412, 'e0': 0.9349027368198627, 'e1': -0.09265449085131977, 'f0': 0.4321572575063591, 'f1': 0.25330193763371006, 'g0': 1.2237947817853398, 'g1': -0.011856085129943274}
Previous:  {'d0': 2.2681654682240673, 'd1': 0.1281814343811764, 'e0': 0.9597586799025055, 'e1': -0.07720830402780984, 'f0': 0.4478343911514927, 'f1': 0.21662490204128543, 'g0': 1.2248598680967135, 'g1': -0.0102145328704445}
-------------------
