##############################


[[0.01   0.     0.     0.     0.     0.     0.     0.    ]
 [0.     0.01   0.     0.     0.     0.     0.     0.    ]
 [0.     0.     0.001  0.     0.     0.     0.     0.    ]
 [0.     0.     0.     0.001  0.     0.     0.     0.    ]
 [0.     0.     0.     0.     0.0005 0.     0.     0.    ]
 [0.     0.     0.     0.     0.     0.0005 0.     0.    ]
 [0.     0.     0.     0.     0.     0.     0.0001 0.    ]
 [0.     0.     0.     0.     0.     0.     0.     0.0001]]
[0.302679, 0.366459, 0.403224, 0.488191, 0.512095, 0.537169, 0.563471, 0.591061, 0.620002, 0.65036, 0.715608, 0.787402, 0.866399, 0.953321, 1.0]
dict_keys([0.302679, 0.366459, 0.403224, 0.488191, 0.512095, 0.537169, 0.563471, 0.591061, 0.620002, 0.65036, 0.715608, 0.787402, 0.866399, 0.953321, 1.0])
prev {'d0': 2.139862504070538, 'd1': 0.01624387259791347, 'e0': 0.997338946965681, 'e1': -0.07131216406608398, 'f0': 0.42559034680482744, 'f1': 0.20665823405322897, 'g0': 1.2275870713113566, 'g1': 0.053861546161314236}
Starting ML Fit
Box11_1400
       message: Optimization terminated successfully.
       success: True
        status: 0
           fun: 1586.8596927397598
             x: [ 2.108e+00  1.973e-02  1.005e+00 -4.172e-02  4.212e-01
                  1.922e-01  1.228e+00  5.645e-02]
           nit: 581
          nfev: 874
 final_simplex: (array([[ 2.108e+00,  1.973e-02, ...,  1.228e+00,
                         5.645e-02],
                       [ 2.108e+00,  1.973e-02, ...,  1.228e+00,
                         5.645e-02],
                       ...,
                       [ 2.108e+00,  1.972e-02, ...,  1.228e+00,
                         5.645e-02],
                       [ 2.108e+00,  1.972e-02, ...,  1.228e+00,
                         5.645e-02]]), array([ 1.587e+03,  1.587e+03,  1.587e+03,  1.587e+03,
                        1.587e+03,  1.587e+03,  1.587e+03,  1.587e+03,
                        1.587e+03]))
   param_names: ['d0', 'd1', 'e0', 'e1', 'f0', 'f1', 'g0', 'g1']
[ 2.10768812  0.01972875  1.00451923 -0.04172043  0.4211809   0.19221477
  1.22799887  0.05645079]
{'d0': 2.1076881239692318, 'd1': 0.019728746757948938, 'e0': 1.0045192298165921, 'e1': -0.04172043482565024, 'f0': 0.42118089663514857, 'f1': 0.19221476676048807, 'g0': 1.227998869943667, 'g1': 0.056450792694085206}
-------------------
{'d0': 2.1076881239692318, 'd1': 0.019728746757948938, 'e0': 1.0045192298165921, 'e1': -0.04172043482565024, 'f0': 0.42118089663514857, 'f1': 0.19221476676048807, 'g0': 1.227998869943667, 'g1': 0.056450792694085206}
Previous:  {'d0': 2.139862504070538, 'd1': 0.01624387259791347, 'e0': 0.997338946965681, 'e1': -0.07131216406608398, 'f0': 0.42559034680482744, 'f1': 0.20665823405322897, 'g0': 1.2275870713113566, 'g1': 0.053861546161314236}
-------------------
