##############################


[[0.01   0.     0.     0.     0.     0.     0.     0.    ]
 [0.     0.01   0.     0.     0.     0.     0.     0.    ]
 [0.     0.     0.001  0.     0.     0.     0.     0.    ]
 [0.     0.     0.     0.001  0.     0.     0.     0.    ]
 [0.     0.     0.     0.     0.0005 0.     0.     0.    ]
 [0.     0.     0.     0.     0.     0.0005 0.     0.    ]
 [0.     0.     0.     0.     0.     0.     0.0001 0.    ]
 [0.     0.     0.     0.     0.     0.     0.     0.0001]]
[0.302679, 0.366459, 0.403224, 0.488191, 0.512095, 0.537169, 0.563471, 0.591061, 0.620002, 0.65036, 0.715608, 0.787402, 0.866399, 0.953321, 1.0]
dict_keys([0.302679, 0.366459, 0.403224, 0.488191, 0.512095, 0.537169, 0.563471, 0.591061, 0.620002, 0.65036, 0.715608, 0.787402, 0.866399, 0.953321, 1.0])
prev {'d0': 2.019262284205465, 'd1': -0.05749661779064316, 'e0': 1.1235686785424588, 'e1': -0.10290847910616606, 'f0': 0.4074383610509642, 'f1': 0.23813560115856455, 'g0': 1.2267638231868494, 'g1': 0.0235173659594808}
Starting ML Fit
Box26_1400
       message: Optimization terminated successfully.
       success: True
        status: 0
           fun: 1864.4838384589084
             x: [ 2.070e+00 -5.897e-02  1.184e+00 -8.424e-02  3.825e-01
                  2.335e-01  1.242e+00  3.121e-02]
           nit: 1264
          nfev: 1856
 final_simplex: (array([[ 2.070e+00, -5.897e-02, ...,  1.242e+00,
                         3.121e-02],
                       [ 2.070e+00, -5.897e-02, ...,  1.242e+00,
                         3.120e-02],
                       ...,
                       [ 2.070e+00, -5.893e-02, ...,  1.242e+00,
                         3.120e-02],
                       [ 2.070e+00, -5.900e-02, ...,  1.242e+00,
                         3.120e-02]]), array([ 1.864e+03,  1.864e+03,  1.864e+03,  1.864e+03,
                        1.864e+03,  1.864e+03,  1.864e+03,  1.864e+03,
                        1.864e+03]))
   param_names: ['d0', 'd1', 'e0', 'e1', 'f0', 'f1', 'g0', 'g1']
[ 2.06991405 -0.05897098  1.18443517 -0.08424281  0.38251359  0.23354322
  1.24221078  0.03121283]
{'d0': 2.0699140549087005, 'd1': -0.05897097543451417, 'e0': 1.1844351683998666, 'e1': -0.08424280535299214, 'f0': 0.38251358651989065, 'f1': 0.2335432231430305, 'g0': 1.2422107808977412, 'g1': 0.03121282709889632}
-------------------
{'d0': 2.0699140549087005, 'd1': -0.05897097543451417, 'e0': 1.1844351683998666, 'e1': -0.08424280535299214, 'f0': 0.38251358651989065, 'f1': 0.2335432231430305, 'g0': 1.2422107808977412, 'g1': 0.03121282709889632}
Previous:  {'d0': 2.019262284205465, 'd1': -0.05749661779064316, 'e0': 1.1235686785424588, 'e1': -0.10290847910616606, 'f0': 0.4074383610509642, 'f1': 0.23813560115856455, 'g0': 1.2267638231868494, 'g1': 0.0235173659594808}
-------------------
