Curr: Box64_1400, Prev: Box_n50_16_1400
alist [1.0, 0.953321, 0.866399, 0.787402, 0.715608, 0.65036, 0.620002, 0.591061, 0.563471, 0.537169, 0.512095, 0.488191, 0.403224, 0.366459, 0.302679]
python -u fit_individ_iter.py Box64_1400 1.000000 Box_n50_16_1400 1.000000
prev {'d': 0.4423406572980389, 'e': 0.30121911529915324, 'f': 1.665076264209425, 'g': 1.2045092315292165}
Starting ML Fit
Box64_1400
       message: Optimization terminated successfully.
       success: True
        status: 0
           fun: 108.67232544916746
             x: [ 4.373e-01  2.985e-01  1.668e+00  1.208e+00]
           nit: 70
          nfev: 122
 final_simplex: (array([[ 4.373e-01,  2.985e-01,  1.668e+00,  1.208e+00],
                       [ 4.373e-01,  2.985e-01,  1.668e+00,  1.208e+00],
                       ...,
                       [ 4.373e-01,  2.985e-01,  1.668e+00,  1.208e+00],
                       [ 4.373e-01,  2.984e-01,  1.668e+00,  1.208e+00]]), array([ 1.087e+02,  1.087e+02,  1.087e+02,  1.087e+02,
                        1.087e+02]))
   param_names: ['d', 'e', 'f', 'g']
[0.43727344 0.29848402 1.66841046 1.20797065]
{'d': 0.43727343789387124, 'e': 0.298484020169174, 'f': 1.6684104646510294, 'g': 1.2079706487620325}
Previous:  {'d': 0.4423406572980389, 'e': 0.30121911529915324, 'f': 1.665076264209425, 'g': 1.2045092315292165}
python -u fit_individ_iter.py Box64_1400 0.953321 Box64_1400 1.000000
prev {'d': 0.43727343789387124, 'e': 0.298484020169174, 'f': 1.6684104646510294, 'g': 1.2079706487620325}
Starting ML Fit
Box64_1400
       message: Optimization terminated successfully.
       success: True
        status: 0
           fun: 101.88311319893779
             x: [ 4.322e-01  2.961e-01  1.671e+00  1.207e+00]
           nit: 62
          nfev: 113
 final_simplex: (array([[ 4.322e-01,  2.961e-01,  1.671e+00,  1.207e+00],
                       [ 4.322e-01,  2.961e-01,  1.671e+00,  1.207e+00],
                       ...,
                       [ 4.322e-01,  2.962e-01,  1.671e+00,  1.207e+00],
                       [ 4.322e-01,  2.962e-01,  1.671e+00,  1.207e+00]]), array([ 1.019e+02,  1.019e+02,  1.019e+02,  1.019e+02,
                        1.019e+02]))
   param_names: ['d', 'e', 'f', 'g']
[0.43216965 0.29611144 1.67131151 1.20682364]
{'d': 0.4321696497465854, 'e': 0.29611143941840623, 'f': 1.6713115148256141, 'g': 1.2068236387355284}
Previous:  {'d': 0.43727343789387124, 'e': 0.298484020169174, 'f': 1.6684104646510294, 'g': 1.2079706487620325}
python -u fit_individ_iter.py Box64_1400 0.866399 Box64_1400 0.953321
prev {'d': 0.4321696497465854, 'e': 0.29611143941840623, 'f': 1.6713115148256141, 'g': 1.2068236387355284}
Starting ML Fit
Box64_1400
       message: Optimization terminated successfully.
       success: True
        status: 0
           fun: 97.05603345229508
             x: [ 4.227e-01  2.938e-01  1.674e+00  1.205e+00]
           nit: 97
          nfev: 164
 final_simplex: (array([[ 4.227e-01,  2.938e-01,  1.674e+00,  1.205e+00],
                       [ 4.226e-01,  2.937e-01,  1.674e+00,  1.205e+00],
                       ...,
                       [ 4.227e-01,  2.937e-01,  1.674e+00,  1.205e+00],
                       [ 4.226e-01,  2.938e-01,  1.674e+00,  1.205e+00]]), array([ 9.706e+01,  9.706e+01,  9.706e+01,  9.706e+01,
                        9.706e+01]))
   param_names: ['d', 'e', 'f', 'g']
[0.42265274 0.29375725 1.67437625 1.20507074]
{'d': 0.4226527356233859, 'e': 0.2937572499639066, 'f': 1.6743762481901938, 'g': 1.2050707372787142}
Previous:  {'d': 0.4321696497465854, 'e': 0.29611143941840623, 'f': 1.6713115148256141, 'g': 1.2068236387355284}
python -u fit_individ_iter.py Box64_1400 0.787402 Box64_1400 0.866399
prev {'d': 0.4226527356233859, 'e': 0.2937572499639066, 'f': 1.6743762481901938, 'g': 1.2050707372787142}
Starting ML Fit
Box64_1400
       message: Optimization terminated successfully.
       success: True
        status: 0
           fun: 93.46558632924685
             x: [ 4.132e-01  2.920e-01  1.677e+00  1.202e+00]
           nit: 78
          nfev: 138
 final_simplex: (array([[ 4.132e-01,  2.920e-01,  1.677e+00,  1.202e+00],
                       [ 4.132e-01,  2.919e-01,  1.677e+00,  1.202e+00],
                       ...,
                       [ 4.132e-01,  2.920e-01,  1.677e+00,  1.202e+00],
                       [ 4.132e-01,  2.919e-01,  1.677e+00,  1.202e+00]]), array([ 9.347e+01,  9.347e+01,  9.347e+01,  9.347e+01,
                        9.347e+01]))
   param_names: ['d', 'e', 'f', 'g']
[0.41318067 0.29196785 1.67693432 1.20172772]
{'d': 0.4131806741684552, 'e': 0.29196784882848825, 'f': 1.6769343242620693, 'g': 1.2017277214505704}
Previous:  {'d': 0.4226527356233859, 'e': 0.2937572499639066, 'f': 1.6743762481901938, 'g': 1.2050707372787142}
python -u fit_individ_iter.py Box64_1400 0.715608 Box64_1400 0.787402
prev {'d': 0.4131806741684552, 'e': 0.29196784882848825, 'f': 1.6769343242620693, 'g': 1.2017277214505704}
Starting ML Fit
Box64_1400
       message: Optimization terminated successfully.
       success: True
        status: 0
           fun: 88.13244120434373
             x: [ 4.048e-01  2.904e-01  1.679e+00  1.200e+00]
           nit: 86
          nfev: 149
 final_simplex: (array([[ 4.048e-01,  2.904e-01,  1.679e+00,  1.200e+00],
                       [ 4.048e-01,  2.904e-01,  1.679e+00,  1.200e+00],
                       ...,
                       [ 4.048e-01,  2.905e-01,  1.679e+00,  1.200e+00],
                       [ 4.048e-01,  2.905e-01,  1.679e+00,  1.200e+00]]), array([ 8.813e+01,  8.813e+01,  8.813e+01,  8.813e+01,
                        8.813e+01]))
   param_names: ['d', 'e', 'f', 'g']
[0.40480078 0.29038625 1.67946052 1.20010328]
{'d': 0.4048007771011139, 'e': 0.29038625182291, 'f': 1.6794605198214245, 'g': 1.2001032802013203}
Previous:  {'d': 0.4131806741684552, 'e': 0.29196784882848825, 'f': 1.6769343242620693, 'g': 1.2017277214505704}
python -u fit_individ_iter.py Box64_1400 0.650360 Box64_1400 0.715608
prev {'d': 0.4048007771011139, 'e': 0.29038625182291, 'f': 1.6794605198214245, 'g': 1.2001032802013203}
Starting ML Fit
Box64_1400
       message: Optimization terminated successfully.
       success: True
        status: 0
           fun: 85.44712286525434
             x: [ 3.962e-01  2.887e-01  1.682e+00  1.197e+00]
           nit: 86
          nfev: 152
 final_simplex: (array([[ 3.962e-01,  2.887e-01,  1.682e+00,  1.197e+00],
                       [ 3.962e-01,  2.886e-01,  1.682e+00,  1.198e+00],
                       ...,
                       [ 3.963e-01,  2.887e-01,  1.682e+00,  1.198e+00],
                       [ 3.962e-01,  2.886e-01,  1.682e+00,  1.197e+00]]), array([ 8.545e+01,  8.545e+01,  8.545e+01,  8.545e+01,
                        8.545e+01]))
   param_names: ['d', 'e', 'f', 'g']
[0.39624631 0.28868513 1.68232105 1.19746835]
{'d': 0.39624630694597723, 'e': 0.2886851309643419, 'f': 1.68232105157972, 'g': 1.197468352039497}
Previous:  {'d': 0.4048007771011139, 'e': 0.29038625182291, 'f': 1.6794605198214245, 'g': 1.2001032802013203}
python -u fit_individ_iter.py Box64_1400 0.620002 Box64_1400 0.650360
prev {'d': 0.39624630694597723, 'e': 0.2886851309643419, 'f': 1.68232105157972, 'g': 1.197468352039497}
Starting ML Fit
Box64_1400
       message: Optimization terminated successfully.
       success: True
        status: 0
           fun: 85.51730635723831
             x: [ 3.922e-01  2.873e-01  1.685e+00  1.197e+00]
           nit: 53
          nfev: 102
 final_simplex: (array([[ 3.922e-01,  2.873e-01,  1.685e+00,  1.197e+00],
                       [ 3.922e-01,  2.874e-01,  1.685e+00,  1.197e+00],
                       ...,
                       [ 3.922e-01,  2.873e-01,  1.685e+00,  1.196e+00],
                       [ 3.922e-01,  2.874e-01,  1.685e+00,  1.197e+00]]), array([ 8.552e+01,  8.552e+01,  8.552e+01,  8.552e+01,
                        8.552e+01]))
   param_names: ['d', 'e', 'f', 'g']
[0.3921923  0.28732151 1.68458196 1.196503  ]
{'d': 0.392192303373698, 'e': 0.2873215114051966, 'f': 1.6845819623365998, 'g': 1.19650299998631}
Previous:  {'d': 0.39624630694597723, 'e': 0.2886851309643419, 'f': 1.68232105157972, 'g': 1.197468352039497}
python -u fit_individ_iter.py Box64_1400 0.591061 Box64_1400 0.620002
prev {'d': 0.392192303373698, 'e': 0.2873215114051966, 'f': 1.6845819623365998, 'g': 1.19650299998631}
Starting ML Fit
Box64_1400
       message: Optimization terminated successfully.
       success: True
        status: 0
           fun: 75.81630745916104
             x: [ 3.886e-01  2.868e-01  1.686e+00  1.196e+00]
           nit: 55
          nfev: 100
 final_simplex: (array([[ 3.886e-01,  2.868e-01,  1.686e+00,  1.196e+00],
                       [ 3.886e-01,  2.868e-01,  1.686e+00,  1.196e+00],
                       ...,
                       [ 3.885e-01,  2.867e-01,  1.686e+00,  1.196e+00],
                       [ 3.886e-01,  2.869e-01,  1.686e+00,  1.196e+00]]), array([ 7.582e+01,  7.582e+01,  7.582e+01,  7.582e+01,
                        7.582e+01]))
   param_names: ['d', 'e', 'f', 'g']
[0.38857748 0.28678981 1.68561871 1.19611831]
{'d': 0.3885774769036636, 'e': 0.28678981133441017, 'f': 1.6856187149304178, 'g': 1.1961183142744312}
Previous:  {'d': 0.392192303373698, 'e': 0.2873215114051966, 'f': 1.6845819623365998, 'g': 1.19650299998631}
python -u fit_individ_iter.py Box64_1400 0.563471 Box64_1400 0.591061
prev {'d': 0.3885774769036636, 'e': 0.28678981133441017, 'f': 1.6856187149304178, 'g': 1.1961183142744312}
Starting ML Fit
Box64_1400
       message: Optimization terminated successfully.
       success: True
        status: 0
           fun: 71.41795918863129
             x: [ 3.844e-01  2.864e-01  1.687e+00  1.194e+00]
           nit: 59
          nfev: 108
 final_simplex: (array([[ 3.844e-01,  2.864e-01,  1.687e+00,  1.194e+00],
                       [ 3.844e-01,  2.863e-01,  1.687e+00,  1.194e+00],
                       ...,
                       [ 3.845e-01,  2.864e-01,  1.686e+00,  1.194e+00],
                       [ 3.844e-01,  2.864e-01,  1.686e+00,  1.194e+00]]), array([ 7.142e+01,  7.142e+01,  7.142e+01,  7.142e+01,
                        7.142e+01]))
   param_names: ['d', 'e', 'f', 'g']
[0.38444592 0.28635465 1.68650233 1.19393791]
{'d': 0.3844459215076549, 'e': 0.28635464656952014, 'f': 1.6865023270736574, 'g': 1.1939379131840655}
Previous:  {'d': 0.3885774769036636, 'e': 0.28678981133441017, 'f': 1.6856187149304178, 'g': 1.1961183142744312}
python -u fit_individ_iter.py Box64_1400 0.537169 Box64_1400 0.563471
prev {'d': 0.3844459215076549, 'e': 0.28635464656952014, 'f': 1.6865023270736574, 'g': 1.1939379131840655}
Starting ML Fit
Box64_1400
       message: Optimization terminated successfully.
       success: True
        status: 0
           fun: 70.53858274701727
             x: [ 3.805e-01  2.858e-01  1.688e+00  1.192e+00]
           nit: 62
          nfev: 116
 final_simplex: (array([[ 3.805e-01,  2.858e-01,  1.688e+00,  1.192e+00],
                       [ 3.805e-01,  2.858e-01,  1.688e+00,  1.192e+00],
                       ...,
                       [ 3.805e-01,  2.858e-01,  1.688e+00,  1.192e+00],
                       [ 3.805e-01,  2.858e-01,  1.688e+00,  1.192e+00]]), array([ 7.054e+01,  7.054e+01,  7.054e+01,  7.054e+01,
                        7.054e+01]))
   param_names: ['d', 'e', 'f', 'g']
[0.38048765 0.2858396  1.68756161 1.19224179]
{'d': 0.38048764613675945, 'e': 0.28583959844238344, 'f': 1.6875616096343715, 'g': 1.1922417943035821}
Previous:  {'d': 0.3844459215076549, 'e': 0.28635464656952014, 'f': 1.6865023270736574, 'g': 1.1939379131840655}
python -u fit_individ_iter.py Box64_1400 0.512095 Box64_1400 0.537169
prev {'d': 0.38048764613675945, 'e': 0.28583959844238344, 'f': 1.6875616096343715, 'g': 1.1922417943035821}
Starting ML Fit
Box64_1400
       message: Optimization terminated successfully.
       success: True
        status: 0
           fun: 66.58105964226353
             x: [ 3.761e-01  2.852e-01  1.689e+00  1.190e+00]
           nit: 51
          nfev: 99
 final_simplex: (array([[ 3.761e-01,  2.852e-01,  1.689e+00,  1.190e+00],
                       [ 3.761e-01,  2.853e-01,  1.689e+00,  1.190e+00],
                       ...,
                       [ 3.761e-01,  2.852e-01,  1.689e+00,  1.190e+00],
                       [ 3.761e-01,  2.853e-01,  1.689e+00,  1.190e+00]]), array([ 6.658e+01,  6.658e+01,  6.658e+01,  6.658e+01,
                        6.658e+01]))
   param_names: ['d', 'e', 'f', 'g']
[0.37605762 0.28524212 1.68876908 1.18984293]
{'d': 0.37605762070736454, 'e': 0.28524212290203005, 'f': 1.688769083117624, 'g': 1.1898429317585362}
Previous:  {'d': 0.38048764613675945, 'e': 0.28583959844238344, 'f': 1.6875616096343715, 'g': 1.1922417943035821}
python -u fit_individ_iter.py Box64_1400 0.488191 Box64_1400 0.512095
prev {'d': 0.37605762070736454, 'e': 0.28524212290203005, 'f': 1.688769083117624, 'g': 1.1898429317585362}
Starting ML Fit
Box64_1400
       message: Optimization terminated successfully.
       success: True
        status: 0
           fun: 69.26019326241024
             x: [ 3.725e-01  2.846e-01  1.690e+00  1.189e+00]
           nit: 62
          nfev: 118
 final_simplex: (array([[ 3.725e-01,  2.846e-01,  1.690e+00,  1.189e+00],
                       [ 3.725e-01,  2.846e-01,  1.690e+00,  1.189e+00],
                       ...,
                       [ 3.725e-01,  2.846e-01,  1.690e+00,  1.189e+00],
                       [ 3.725e-01,  2.845e-01,  1.690e+00,  1.189e+00]]), array([ 6.926e+01,  6.926e+01,  6.926e+01,  6.926e+01,
                        6.926e+01]))
   param_names: ['d', 'e', 'f', 'g']
[0.37252573 0.2845842  1.69014203 1.18896726]
{'d': 0.3725257314136573, 'e': 0.28458419542507357, 'f': 1.690142030939045, 'g': 1.1889672613480098}
Previous:  {'d': 0.37605762070736454, 'e': 0.28524212290203005, 'f': 1.688769083117624, 'g': 1.1898429317585362}
python -u fit_individ_iter.py Box64_1400 0.403224 Box64_1400 0.488191
prev {'d': 0.3725257314136573, 'e': 0.28458419542507357, 'f': 1.690142030939045, 'g': 1.1889672613480098}
Starting ML Fit
Box64_1400
       message: Optimization terminated successfully.
       success: True
        status: 0
           fun: 53.67121266184744
             x: [ 3.615e-01  2.844e-01  1.691e+00  1.185e+00]
           nit: 83
          nfev: 135
 final_simplex: (array([[ 3.615e-01,  2.844e-01,  1.691e+00,  1.185e+00],
                       [ 3.615e-01,  2.844e-01,  1.691e+00,  1.185e+00],
                       ...,
                       [ 3.615e-01,  2.844e-01,  1.691e+00,  1.185e+00],
                       [ 3.615e-01,  2.844e-01,  1.691e+00,  1.185e+00]]), array([ 5.367e+01,  5.367e+01,  5.367e+01,  5.367e+01,
                        5.367e+01]))
   param_names: ['d', 'e', 'f', 'g']
[0.36150173 0.28444803 1.69056604 1.18523316]
{'d': 0.3615017301203836, 'e': 0.2844480344134194, 'f': 1.690566038836223, 'g': 1.1852331583935332}
Previous:  {'d': 0.3725257314136573, 'e': 0.28458419542507357, 'f': 1.690142030939045, 'g': 1.1889672613480098}
python -u fit_individ_iter.py Box64_1400 0.366459 Box64_1400 0.403224
prev {'d': 0.3615017301203836, 'e': 0.2844480344134194, 'f': 1.690566038836223, 'g': 1.1852331583935332}
Starting ML Fit
Box64_1400
       message: Optimization terminated successfully.
       success: True
        status: 0
           fun: 44.52839032897008
             x: [ 3.555e-01  2.843e-01  1.691e+00  1.183e+00]
           nit: 59
          nfev: 109
 final_simplex: (array([[ 3.555e-01,  2.843e-01,  1.691e+00,  1.183e+00],
                       [ 3.555e-01,  2.843e-01,  1.691e+00,  1.183e+00],
                       ...,
                       [ 3.555e-01,  2.843e-01,  1.691e+00,  1.183e+00],
                       [ 3.555e-01,  2.843e-01,  1.691e+00,  1.183e+00]]), array([ 4.453e+01,  4.453e+01,  4.453e+01,  4.453e+01,
                        4.453e+01]))
   param_names: ['d', 'e', 'f', 'g']
[0.3555108  0.28425931 1.69097495 1.1832559 ]
{'d': 0.3555108002755826, 'e': 0.28425930912693675, 'f': 1.690974946828168, 'g': 1.1832559044760378}
Previous:  {'d': 0.3615017301203836, 'e': 0.2844480344134194, 'f': 1.690566038836223, 'g': 1.1852331583935332}
python -u fit_individ_iter.py Box64_1400 0.302679 Box64_1400 0.366459
prev {'d': 0.3555108002755826, 'e': 0.28425930912693675, 'f': 1.690974946828168, 'g': 1.1832559044760378}
Starting ML Fit
Box64_1400
       message: Optimization terminated successfully.
       success: True
        status: 0
           fun: 28.469872847684268
             x: [ 3.487e-01  2.842e-01  1.691e+00  1.185e+00]
           nit: 95
          nfev: 167
 final_simplex: (array([[ 3.487e-01,  2.842e-01,  1.691e+00,  1.185e+00],
                       [ 3.487e-01,  2.842e-01,  1.691e+00,  1.185e+00],
                       ...,
                       [ 3.487e-01,  2.843e-01,  1.691e+00,  1.185e+00],
                       [ 3.487e-01,  2.842e-01,  1.691e+00,  1.185e+00]]), array([ 2.847e+01,  2.847e+01,  2.847e+01,  2.847e+01,
                        2.847e+01]))
   param_names: ['d', 'e', 'f', 'g']
[0.3486565  0.28419284 1.69109604 1.18451313]
{'d': 0.34865650478374344, 'e': 0.28419284011234147, 'f': 1.6910960384485483, 'g': 1.1845131292782671}
Previous:  {'d': 0.3555108002755826, 'e': 0.28425930912693675, 'f': 1.690974946828168, 'g': 1.1832559044760378}
