alist [1.0, 0.953321, 0.866399, 0.787402, 0.715608, 0.65036, 0.620002, 0.591061, 0.563471, 0.537169, 0.512095, 0.488191, 0.403224, 0.366459, 0.302679]
Curr: Box_n50_34_1400, Prev: Box_n50_4_1400
##############################


prev {'d': 0.43112059728019364, 'e': 0.30711313929265016, 'f': 1.628955095872972, 'g': 1.1991693062579563}
Starting ML Fit
Box_n50_34_1400
       message: Optimization terminated successfully.
       success: True
        status: 0
           fun: 111.64390657289195
             x: [ 4.373e-01  3.059e-01  1.630e+00  1.215e+00]
           nit: 54
          nfev: 102
 final_simplex: (array([[ 4.373e-01,  3.059e-01,  1.630e+00,  1.215e+00],
                       [ 4.373e-01,  3.059e-01,  1.630e+00,  1.215e+00],
                       ...,
                       [ 4.373e-01,  3.059e-01,  1.630e+00,  1.214e+00],
                       [ 4.373e-01,  3.059e-01,  1.630e+00,  1.215e+00]]), array([ 1.116e+02,  1.116e+02,  1.116e+02,  1.116e+02,
                        1.116e+02]))
   param_names: ['d', 'e', 'f', 'g']
[0.43728399 0.30594717 1.63001234 1.21450346]
{'d': 0.43728399068998947, 'e': 0.3059471748198751, 'f': 1.6300123400882809, 'g': 1.2145034614513963}
Previous:  {'d': 0.43112059728019364, 'e': 0.30711313929265016, 'f': 1.628955095872972, 'g': 1.1991693062579563}


##############################


prev {'d': 0.43728399068998947, 'e': 0.3059471748198751, 'f': 1.6300123400882809, 'g': 1.2145034614513963}
Starting ML Fit
Box_n50_34_1400
       message: Optimization terminated successfully.
       success: True
        status: 0
           fun: 110.43493452894634
             x: [ 4.308e-01  3.051e-01  1.631e+00  1.211e+00]
           nit: 74
          nfev: 131
 final_simplex: (array([[ 4.308e-01,  3.051e-01,  1.631e+00,  1.211e+00],
                       [ 4.308e-01,  3.052e-01,  1.631e+00,  1.211e+00],
                       ...,
                       [ 4.307e-01,  3.051e-01,  1.631e+00,  1.211e+00],
                       [ 4.308e-01,  3.051e-01,  1.631e+00,  1.211e+00]]), array([ 1.104e+02,  1.104e+02,  1.104e+02,  1.104e+02,
                        1.104e+02]))
   param_names: ['d', 'e', 'f', 'g']
[0.43075815 0.30510289 1.63074498 1.21146424]
{'d': 0.4307581469268746, 'e': 0.30510289236733196, 'f': 1.6307449786373234, 'g': 1.2114642379635676}
Previous:  {'d': 0.43728399068998947, 'e': 0.3059471748198751, 'f': 1.6300123400882809, 'g': 1.2145034614513963}


##############################


prev {'d': 0.4307581469268746, 'e': 0.30510289236733196, 'f': 1.6307449786373234, 'g': 1.2114642379635676}
Starting ML Fit
Box_n50_34_1400
       message: Optimization terminated successfully.
       success: True
        status: 0
           fun: 116.16408861995662
             x: [ 4.187e-01  3.037e-01  1.632e+00  1.208e+00]
           nit: 69
          nfev: 122
 final_simplex: (array([[ 4.187e-01,  3.037e-01,  1.632e+00,  1.208e+00],
                       [ 4.187e-01,  3.036e-01,  1.632e+00,  1.208e+00],
                       ...,
                       [ 4.187e-01,  3.036e-01,  1.632e+00,  1.208e+00],
                       [ 4.187e-01,  3.037e-01,  1.632e+00,  1.208e+00]]), array([ 1.162e+02,  1.162e+02,  1.162e+02,  1.162e+02,
                        1.162e+02]))
   param_names: ['d', 'e', 'f', 'g']
[0.41866791 0.30368185 1.63234294 1.20802585]
{'d': 0.41866791464435865, 'e': 0.30368185491946226, 'f': 1.6323429414022095, 'g': 1.2080258503019201}
Previous:  {'d': 0.4307581469268746, 'e': 0.30510289236733196, 'f': 1.6307449786373234, 'g': 1.2114642379635676}


##############################


prev {'d': 0.41866791464435865, 'e': 0.30368185491946226, 'f': 1.6323429414022095, 'g': 1.2080258503019201}
Starting ML Fit
Box_n50_34_1400
       message: Optimization terminated successfully.
       success: True
        status: 0
           fun: 106.83150335331058
             x: [ 4.075e-01  3.022e-01  1.635e+00  1.203e+00]
           nit: 68
          nfev: 124
 final_simplex: (array([[ 4.075e-01,  3.022e-01,  1.635e+00,  1.203e+00],
                       [ 4.075e-01,  3.021e-01,  1.635e+00,  1.203e+00],
                       ...,
                       [ 4.075e-01,  3.022e-01,  1.635e+00,  1.203e+00],
                       [ 4.075e-01,  3.021e-01,  1.634e+00,  1.203e+00]]), array([ 1.068e+02,  1.068e+02,  1.068e+02,  1.068e+02,
                        1.068e+02]))
   param_names: ['d', 'e', 'f', 'g']
[0.40754074 0.30215234 1.63454198 1.20298881]
{'d': 0.4075407431802872, 'e': 0.3021523398389533, 'f': 1.634541980992323, 'g': 1.202988812669095}
Previous:  {'d': 0.41866791464435865, 'e': 0.30368185491946226, 'f': 1.6323429414022095, 'g': 1.2080258503019201}


##############################


prev {'d': 0.4075407431802872, 'e': 0.3021523398389533, 'f': 1.634541980992323, 'g': 1.202988812669095}
Starting ML Fit
Box_n50_34_1400
       message: Optimization terminated successfully.
       success: True
        status: 0
           fun: 97.56779983662081
             x: [ 3.973e-01  3.003e-01  1.637e+00  1.198e+00]
           nit: 103
          nfev: 176
 final_simplex: (array([[ 3.973e-01,  3.003e-01,  1.637e+00,  1.198e+00],
                       [ 3.973e-01,  3.004e-01,  1.637e+00,  1.198e+00],
                       ...,
                       [ 3.973e-01,  3.004e-01,  1.637e+00,  1.198e+00],
                       [ 3.973e-01,  3.003e-01,  1.637e+00,  1.198e+00]]), array([ 9.757e+01,  9.757e+01,  9.757e+01,  9.757e+01,
                        9.757e+01]))
   param_names: ['d', 'e', 'f', 'g']
[0.39730943 0.3003381  1.63711673 1.19763896]
{'d': 0.3973094345926166, 'e': 0.3003381033700868, 'f': 1.6371167287920891, 'g': 1.1976389638877607}
Previous:  {'d': 0.4075407431802872, 'e': 0.3021523398389533, 'f': 1.634541980992323, 'g': 1.202988812669095}


##############################


prev {'d': 0.3973094345926166, 'e': 0.3003381033700868, 'f': 1.6371167287920891, 'g': 1.1976389638877607}
Starting ML Fit
Box_n50_34_1400
       message: Optimization terminated successfully.
       success: True
        status: 0
           fun: 99.79206768163967
             x: [ 3.877e-01  2.985e-01  1.640e+00  1.193e+00]
           nit: 79
          nfev: 140
 final_simplex: (array([[ 3.877e-01,  2.985e-01,  1.640e+00,  1.193e+00],
                       [ 3.877e-01,  2.984e-01,  1.640e+00,  1.193e+00],
                       ...,
                       [ 3.877e-01,  2.984e-01,  1.640e+00,  1.193e+00],
                       [ 3.877e-01,  2.984e-01,  1.640e+00,  1.193e+00]]), array([ 9.979e+01,  9.979e+01,  9.979e+01,  9.979e+01,
                        9.979e+01]))
   param_names: ['d', 'e', 'f', 'g']
[0.38766484 0.29845876 1.64013805 1.19262897]
{'d': 0.38766484329528017, 'e': 0.2984587576698531, 'f': 1.640138052122586, 'g': 1.1926289706133257}
Previous:  {'d': 0.3973094345926166, 'e': 0.3003381033700868, 'f': 1.6371167287920891, 'g': 1.1976389638877607}


##############################


prev {'d': 0.38766484329528017, 'e': 0.2984587576698531, 'f': 1.640138052122586, 'g': 1.1926289706133257}
Starting ML Fit
Box_n50_34_1400
       message: Optimization terminated successfully.
       success: True
        status: 0
           fun: 95.27055572361675
             x: [ 3.825e-01  2.961e-01  1.644e+00  1.189e+00]
           nit: 63
          nfev: 114
 final_simplex: (array([[ 3.825e-01,  2.961e-01,  1.644e+00,  1.189e+00],
                       [ 3.825e-01,  2.961e-01,  1.644e+00,  1.189e+00],
                       ...,
                       [ 3.825e-01,  2.961e-01,  1.644e+00,  1.189e+00],
                       [ 3.824e-01,  2.960e-01,  1.644e+00,  1.189e+00]]), array([ 9.527e+01,  9.527e+01,  9.527e+01,  9.527e+01,
                        9.527e+01]))
   param_names: ['d', 'e', 'f', 'g']
[0.38245251 0.29606008 1.64385859 1.18885154]
{'d': 0.38245251491939175, 'e': 0.29606008421765917, 'f': 1.6438585914256274, 'g': 1.1888515362823089}
Previous:  {'d': 0.38766484329528017, 'e': 0.2984587576698531, 'f': 1.640138052122586, 'g': 1.1926289706133257}


##############################


prev {'d': 0.38245251491939175, 'e': 0.29606008421765917, 'f': 1.6438585914256274, 'g': 1.1888515362823089}
Starting ML Fit
Box_n50_34_1400
       message: Optimization terminated successfully.
       success: True
        status: 0
           fun: 92.84140576917036
             x: [ 3.786e-01  2.939e-01  1.647e+00  1.188e+00]
           nit: 56
          nfev: 105
 final_simplex: (array([[ 3.786e-01,  2.939e-01,  1.647e+00,  1.188e+00],
                       [ 3.786e-01,  2.939e-01,  1.647e+00,  1.188e+00],
                       ...,
                       [ 3.786e-01,  2.939e-01,  1.647e+00,  1.188e+00],
                       [ 3.786e-01,  2.939e-01,  1.647e+00,  1.188e+00]]), array([ 9.284e+01,  9.284e+01,  9.284e+01,  9.284e+01,
                        9.284e+01]))
   param_names: ['d', 'e', 'f', 'g']
[0.37860943 0.29393331 1.64730609 1.18830497]
{'d': 0.37860942600621106, 'e': 0.293933313876374, 'f': 1.6473060888703017, 'g': 1.1883049707745545}
Previous:  {'d': 0.38245251491939175, 'e': 0.29606008421765917, 'f': 1.6438585914256274, 'g': 1.1888515362823089}


##############################


prev {'d': 0.37860942600621106, 'e': 0.293933313876374, 'f': 1.6473060888703017, 'g': 1.1883049707745545}
Starting ML Fit
Box_n50_34_1400
       message: Optimization terminated successfully.
       success: True
        status: 0
           fun: 90.52501112377371
             x: [ 3.757e-01  2.924e-01  1.650e+00  1.189e+00]
           nit: 63
          nfev: 115
 final_simplex: (array([[ 3.757e-01,  2.924e-01,  1.650e+00,  1.189e+00],
                       [ 3.757e-01,  2.924e-01,  1.650e+00,  1.189e+00],
                       ...,
                       [ 3.757e-01,  2.925e-01,  1.650e+00,  1.189e+00],
                       [ 3.757e-01,  2.924e-01,  1.650e+00,  1.189e+00]]), array([ 9.053e+01,  9.053e+01,  9.053e+01,  9.053e+01,
                        9.053e+01]))
   param_names: ['d', 'e', 'f', 'g']
[0.37571777 0.2923892  1.64983399 1.18864908]
{'d': 0.3757177717069571, 'e': 0.2923891987558301, 'f': 1.6498339900426955, 'g': 1.1886490836526153}
Previous:  {'d': 0.37860942600621106, 'e': 0.293933313876374, 'f': 1.6473060888703017, 'g': 1.1883049707745545}


##############################


prev {'d': 0.3757177717069571, 'e': 0.2923891987558301, 'f': 1.6498339900426955, 'g': 1.1886490836526153}
Starting ML Fit
Box_n50_34_1400
       message: Optimization terminated successfully.
       success: True
        status: 0
           fun: 84.82980649197185
             x: [ 3.731e-01  2.916e-01  1.651e+00  1.188e+00]
           nit: 62
          nfev: 113
 final_simplex: (array([[ 3.731e-01,  2.916e-01,  1.651e+00,  1.188e+00],
                       [ 3.731e-01,  2.916e-01,  1.651e+00,  1.189e+00],
                       ...,
                       [ 3.731e-01,  2.916e-01,  1.651e+00,  1.189e+00],
                       [ 3.730e-01,  2.915e-01,  1.651e+00,  1.189e+00]]), array([ 8.483e+01,  8.483e+01,  8.483e+01,  8.483e+01,
                        8.483e+01]))
   param_names: ['d', 'e', 'f', 'g']
[0.37305537 0.29160965 1.65111357 1.18848761]
{'d': 0.37305537299028635, 'e': 0.29160964519937627, 'f': 1.6511135658485445, 'g': 1.188487609469346}
Previous:  {'d': 0.3757177717069571, 'e': 0.2923891987558301, 'f': 1.6498339900426955, 'g': 1.1886490836526153}


##############################


prev {'d': 0.37305537299028635, 'e': 0.29160964519937627, 'f': 1.6511135658485445, 'g': 1.188487609469346}
Starting ML Fit
Box_n50_34_1400
       message: Optimization terminated successfully.
       success: True
        status: 0
           fun: 74.31523933127427
             x: [ 3.698e-01  2.914e-01  1.652e+00  1.186e+00]
           nit: 62
          nfev: 113
 final_simplex: (array([[ 3.698e-01,  2.914e-01,  1.652e+00,  1.186e+00],
                       [ 3.699e-01,  2.914e-01,  1.652e+00,  1.186e+00],
                       ...,
                       [ 3.698e-01,  2.914e-01,  1.652e+00,  1.186e+00],
                       [ 3.699e-01,  2.914e-01,  1.652e+00,  1.186e+00]]), array([ 7.432e+01,  7.432e+01,  7.432e+01,  7.432e+01,
                        7.432e+01]))
   param_names: ['d', 'e', 'f', 'g']
[0.36983823 0.29135082 1.65164886 1.18606761]
{'d': 0.36983822633358343, 'e': 0.2913508210113102, 'f': 1.6516488615411258, 'g': 1.1860676058870738}
Previous:  {'d': 0.37305537299028635, 'e': 0.29160964519937627, 'f': 1.6511135658485445, 'g': 1.188487609469346}


##############################


prev {'d': 0.36983822633358343, 'e': 0.2913508210113102, 'f': 1.6516488615411258, 'g': 1.1860676058870738}
Starting ML Fit
Box_n50_34_1400
       message: Optimization terminated successfully.
       success: True
        status: 0
           fun: 71.9805429100629
             x: [ 3.661e-01  2.910e-01  1.652e+00  1.184e+00]
           nit: 58
          nfev: 105
 final_simplex: (array([[ 3.661e-01,  2.910e-01,  1.652e+00,  1.184e+00],
                       [ 3.661e-01,  2.911e-01,  1.652e+00,  1.184e+00],
                       ...,
                       [ 3.661e-01,  2.910e-01,  1.652e+00,  1.183e+00],
                       [ 3.661e-01,  2.911e-01,  1.652e+00,  1.184e+00]]), array([ 7.198e+01,  7.198e+01,  7.198e+01,  7.198e+01,
                        7.198e+01]))
   param_names: ['d', 'e', 'f', 'g']
[0.36607984 0.29100156 1.65233493 1.18353591]
{'d': 0.36607983555046153, 'e': 0.2910015643919448, 'f': 1.65233492562348, 'g': 1.1835359106134693}
Previous:  {'d': 0.36983822633358343, 'e': 0.2913508210113102, 'f': 1.6516488615411258, 'g': 1.1860676058870738}


##############################


prev {'d': 0.36607983555046153, 'e': 0.2910015643919448, 'f': 1.65233492562348, 'g': 1.1835359106134693}
Starting ML Fit
Box_n50_34_1400
       message: Optimization terminated successfully.
       success: True
        status: 0
           fun: 67.58383086819751
             x: [ 3.538e-01  2.907e-01  1.653e+00  1.175e+00]
           nit: 88
          nfev: 153
 final_simplex: (array([[ 3.538e-01,  2.907e-01,  1.653e+00,  1.175e+00],
                       [ 3.538e-01,  2.907e-01,  1.653e+00,  1.175e+00],
                       ...,
                       [ 3.538e-01,  2.906e-01,  1.653e+00,  1.175e+00],
                       [ 3.537e-01,  2.907e-01,  1.653e+00,  1.175e+00]]), array([ 6.758e+01,  6.758e+01,  6.758e+01,  6.758e+01,
                        6.758e+01]))
   param_names: ['d', 'e', 'f', 'g']
[0.35375599 0.29067297 1.65325354 1.1747627 ]
{'d': 0.35375598664378693, 'e': 0.2906729698603788, 'f': 1.6532535354616589, 'g': 1.1747626953787709}
Previous:  {'d': 0.36607983555046153, 'e': 0.2910015643919448, 'f': 1.65233492562348, 'g': 1.1835359106134693}


##############################


prev {'d': 0.35375598664378693, 'e': 0.2906729698603788, 'f': 1.6532535354616589, 'g': 1.1747626953787709}
Starting ML Fit
Box_n50_34_1400
       message: Optimization terminated successfully.
       success: True
        status: 0
           fun: 51.55900646422587
             x: [ 3.458e-01  2.905e-01  1.654e+00  1.168e+00]
           nit: 95
          nfev: 166
 final_simplex: (array([[ 3.458e-01,  2.905e-01,  1.654e+00,  1.168e+00],
                       [ 3.458e-01,  2.905e-01,  1.654e+00,  1.168e+00],
                       ...,
                       [ 3.458e-01,  2.905e-01,  1.654e+00,  1.168e+00],
                       [ 3.458e-01,  2.904e-01,  1.654e+00,  1.168e+00]]), array([ 5.156e+01,  5.156e+01,  5.156e+01,  5.156e+01,
                        5.156e+01]))
   param_names: ['d', 'e', 'f', 'g']
[0.34579542 0.29051721 1.65377937 1.16782407]
{'d': 0.3457954181868166, 'e': 0.2905172140546058, 'f': 1.6537793666336853, 'g': 1.1678240668741804}
Previous:  {'d': 0.35375598664378693, 'e': 0.2906729698603788, 'f': 1.6532535354616589, 'g': 1.1747626953787709}


##############################


prev {'d': 0.3457954181868166, 'e': 0.2905172140546058, 'f': 1.6537793666336853, 'g': 1.1678240668741804}
Starting ML Fit
Box_n50_34_1400
       message: Optimization terminated successfully.
       success: True
        status: 0
           fun: 40.41355119858783
             x: [ 3.447e-01  2.905e-01  1.654e+00  1.173e+00]
           nit: 75
          nfev: 132
 final_simplex: (array([[ 3.447e-01,  2.905e-01,  1.654e+00,  1.173e+00],
                       [ 3.447e-01,  2.905e-01,  1.654e+00,  1.173e+00],
                       ...,
                       [ 3.447e-01,  2.904e-01,  1.654e+00,  1.173e+00],
                       [ 3.447e-01,  2.905e-01,  1.654e+00,  1.173e+00]]), array([ 4.041e+01,  4.041e+01,  4.041e+01,  4.041e+01,
                        4.041e+01]))
   param_names: ['d', 'e', 'f', 'g']
[0.34470683 0.29051279 1.6537677  1.17276782]
{'d': 0.34470682654833107, 'e': 0.29051279394948143, 'f': 1.6537676951501545, 'g': 1.1727678198412315}
Previous:  {'d': 0.3457954181868166, 'e': 0.2905172140546058, 'f': 1.6537793666336853, 'g': 1.1678240668741804}


