##############################


[0.302679, 0.366459, 0.403224, 0.488191, 0.512095, 0.537169, 0.563471, 0.591061, 0.620002, 0.65036, 0.715608, 0.787402, 0.866399, 0.953321, 1.0]
dict_keys([0.302679, 0.366459, 0.403224, 0.488191, 0.512095, 0.537169, 0.563471, 0.591061, 0.620002, 0.65036, 0.715608, 0.787402, 0.866399, 0.953321, 1.0])
prev {'d0': 2.119800302529769, 'd1': -0.06106446261081742, 'e0': 1.0753827374089031, 'e1': 0.01382093631180447, 'f0': 0.43830579049121493, 'f1': 0.19172568465898082, 'g0': 1.229239671059133, 'g1': -0.0027150975228375325}
Starting ML Fit
Box28_1400
       message: Optimization terminated successfully.
       success: True
        status: 0
           fun: 1964.3885080891719
             x: [ 2.001e+00 -1.364e-01  1.060e+00 -2.038e-02  4.517e-01
                  1.909e-01  1.235e+00 -1.287e-03]
           nit: 401
          nfev: 617
 final_simplex: (array([[ 2.001e+00, -1.364e-01, ...,  1.235e+00,
                        -1.287e-03],
                       [ 2.001e+00, -1.364e-01, ...,  1.235e+00,
                        -1.287e-03],
                       ...,
                       [ 2.001e+00, -1.363e-01, ...,  1.235e+00,
                        -1.288e-03],
                       [ 2.001e+00, -1.363e-01, ...,  1.235e+00,
                        -1.287e-03]]), array([ 1.964e+03,  1.964e+03,  1.964e+03,  1.964e+03,
                        1.964e+03,  1.964e+03,  1.964e+03,  1.964e+03,
                        1.964e+03]))
   param_names: ['d0', 'd1', 'e0', 'e1', 'f0', 'f1', 'g0', 'g1']
[ 2.00125537e+00 -1.36353377e-01  1.06027995e+00 -2.03812758e-02
  4.51683133e-01  1.90921056e-01  1.23517267e+00 -1.28713548e-03]
{'d0': 2.001255372245833, 'd1': -0.13635337734807554, 'e0': 1.0602799458558463, 'e1': -0.020381275767724933, 'f0': 0.45168313316531694, 'f1': 0.1909210557910126, 'g0': 1.2351726738944182, 'g1': -0.0012871354792102488}
-------------------
{'d0': 2.001255372245833, 'd1': -0.13635337734807554, 'e0': 1.0602799458558463, 'e1': -0.020381275767724933, 'f0': 0.45168313316531694, 'f1': 0.1909210557910126, 'g0': 1.2351726738944182, 'g1': -0.0012871354792102488}
Previous:  {'d0': 2.119800302529769, 'd1': -0.06106446261081742, 'e0': 1.0753827374089031, 'e1': 0.01382093631180447, 'f0': 0.43830579049121493, 'f1': 0.19172568465898082, 'g0': 1.229239671059133, 'g1': -0.0027150975228375325}
-------------------
