##############################


[[1.e-03 0.e+00 0.e+00 0.e+00 0.e+00 0.e+00 0.e+00 0.e+00]
 [0.e+00 8.e-04 0.e+00 0.e+00 0.e+00 0.e+00 0.e+00 0.e+00]
 [0.e+00 0.e+00 1.e-01 0.e+00 0.e+00 0.e+00 0.e+00 0.e+00]
 [0.e+00 0.e+00 0.e+00 8.e-02 0.e+00 0.e+00 0.e+00 0.e+00]
 [0.e+00 0.e+00 0.e+00 0.e+00 5.e-02 0.e+00 0.e+00 0.e+00]
 [0.e+00 0.e+00 0.e+00 0.e+00 0.e+00 8.e-01 0.e+00 0.e+00]
 [0.e+00 0.e+00 0.e+00 0.e+00 0.e+00 0.e+00 3.e-04 0.e+00]
 [0.e+00 0.e+00 0.e+00 0.e+00 0.e+00 0.e+00 0.e+00 8.e-03]]
[0.302679, 0.366459, 0.403224, 0.488191, 0.512095, 0.537169, 0.563471, 0.591061, 0.620002, 0.65036, 0.715608, 0.787402, 0.866399, 0.953321, 1.0]
dict_keys([0.302679, 0.366459, 0.403224, 0.488191, 0.512095, 0.537169, 0.563471, 0.591061, 0.620002, 0.65036, 0.715608, 0.787402, 0.866399, 0.953321, 1.0])
prev {'d0': 1.9927255753444428, 'd1': 0.10752267003517371, 'e0': 1.1478519318756164, 'e1': -0.04340987522408345, 'f0': 0.4931413875348205, 'f1': 0.19994194640939794, 'g0': 1.2896709047165358, 'g1': 0.11655847622860707}
Starting ML Fit
Box6_1400
       message: Optimization terminated successfully.
       success: True
        status: 0
           fun: 1822.0789529288163
             x: [ 2.008e+00  8.575e-02  1.084e+00 -1.506e-01  5.063e-01
                  2.222e-01  1.290e+00  1.048e-01]
           nit: 794
          nfev: 1178
 final_simplex: (array([[ 2.008e+00,  8.575e-02, ...,  1.290e+00,
                         1.048e-01],
                       [ 2.008e+00,  8.570e-02, ...,  1.290e+00,
                         1.048e-01],
                       ...,
                       [ 2.008e+00,  8.568e-02, ...,  1.290e+00,
                         1.048e-01],
                       [ 2.008e+00,  8.577e-02, ...,  1.290e+00,
                         1.048e-01]]), array([ 1.822e+03,  1.822e+03,  1.822e+03,  1.822e+03,
                        1.822e+03,  1.822e+03,  1.822e+03,  1.822e+03,
                        1.822e+03]))
   param_names: ['d0', 'd1', 'e0', 'e1', 'f0', 'f1', 'g0', 'g1']
[ 2.0075845   0.08575341  1.08445751 -0.15060182  0.50631486  0.22220194
  1.29035059  0.10479445]
{'d0': 2.007584497122265, 'd1': 0.08575340788538482, 'e0': 1.0844575057124222, 'e1': -0.15060181698708536, 'f0': 0.506314856327858, 'f1': 0.22220193767569707, 'g0': 1.290350587311569, 'g1': 0.10479444591567033}
-------------------
{'d0': 2.007584497122265, 'd1': 0.08575340788538482, 'e0': 1.0844575057124222, 'e1': -0.15060181698708536, 'f0': 0.506314856327858, 'f1': 0.22220193767569707, 'g0': 1.290350587311569, 'g1': 0.10479444591567033}
Previous:  {'d0': 1.9927255753444428, 'd1': 0.10752267003517371, 'e0': 1.1478519318756164, 'e1': -0.04340987522408345, 'f0': 0.4931413875348205, 'f1': 0.19994194640939794, 'g0': 1.2896709047165358, 'g1': 0.11655847622860707}
-------------------
