##############################


[[0.01   0.     0.     0.     0.     0.     0.     0.    ]
 [0.     0.01   0.     0.     0.     0.     0.     0.    ]
 [0.     0.     0.001  0.     0.     0.     0.     0.    ]
 [0.     0.     0.     0.001  0.     0.     0.     0.    ]
 [0.     0.     0.     0.     0.0005 0.     0.     0.    ]
 [0.     0.     0.     0.     0.     0.0005 0.     0.    ]
 [0.     0.     0.     0.     0.     0.     0.0001 0.    ]
 [0.     0.     0.     0.     0.     0.     0.     0.0001]]
[0.302679, 0.366459, 0.403224, 0.488191, 0.512095, 0.537169, 0.563471, 0.591061, 0.620002, 0.65036, 0.715608, 0.787402, 0.866399, 0.953321, 1.0]
dict_keys([0.302679, 0.366459, 0.403224, 0.488191, 0.512095, 0.537169, 0.563471, 0.591061, 0.620002, 0.65036, 0.715608, 0.787402, 0.866399, 0.953321, 1.0])
prev {'d0': 2.245253178110282, 'd1': 0.018747099203551443, 'e0': 0.9834896056008993, 'e1': -0.027455993607078025, 'f0': 0.4309990930605444, 'f1': 0.20167971677908364, 'g0': 1.233111315556014, 'g1': 0.025603985702770178}
Starting ML Fit
Box95_1400
       message: Optimization terminated successfully.
       success: True
        status: 0
           fun: 949.9272117316422
             x: [ 2.218e+00  2.632e-02  9.660e-01 -2.535e-02  4.473e-01
                  1.734e-01  1.219e+00  1.086e-02]
           nit: 456
          nfev: 703
 final_simplex: (array([[ 2.218e+00,  2.632e-02, ...,  1.219e+00,
                         1.086e-02],
                       [ 2.218e+00,  2.632e-02, ...,  1.219e+00,
                         1.086e-02],
                       ...,
                       [ 2.218e+00,  2.632e-02, ...,  1.219e+00,
                         1.086e-02],
                       [ 2.218e+00,  2.631e-02, ...,  1.219e+00,
                         1.087e-02]]), array([ 9.499e+02,  9.499e+02,  9.499e+02,  9.499e+02,
                        9.499e+02,  9.499e+02,  9.499e+02,  9.499e+02,
                        9.499e+02]))
   param_names: ['d0', 'd1', 'e0', 'e1', 'f0', 'f1', 'g0', 'g1']
[ 2.21825222  0.02631806  0.96596166 -0.02535008  0.44726902  0.17340291
  1.21932844  0.01085788]
{'d0': 2.218252220253137, 'd1': 0.026318059174175328, 'e0': 0.9659616612375421, 'e1': -0.02535007949769621, 'f0': 0.44726902406378233, 'f1': 0.17340291374272904, 'g0': 1.2193284372323254, 'g1': 0.010857879748539773}
-------------------
{'d0': 2.218252220253137, 'd1': 0.026318059174175328, 'e0': 0.9659616612375421, 'e1': -0.02535007949769621, 'f0': 0.44726902406378233, 'f1': 0.17340291374272904, 'g0': 1.2193284372323254, 'g1': 0.010857879748539773}
Previous:  {'d0': 2.245253178110282, 'd1': 0.018747099203551443, 'e0': 0.9834896056008993, 'e1': -0.027455993607078025, 'f0': 0.4309990930605444, 'f1': 0.20167971677908364, 'g0': 1.233111315556014, 'g1': 0.025603985702770178}
-------------------
