##############################


[[0.01   0.     0.     0.     0.     0.     0.     0.    ]
 [0.     0.01   0.     0.     0.     0.     0.     0.    ]
 [0.     0.     0.001  0.     0.     0.     0.     0.    ]
 [0.     0.     0.     0.001  0.     0.     0.     0.    ]
 [0.     0.     0.     0.     0.0005 0.     0.     0.    ]
 [0.     0.     0.     0.     0.     0.0005 0.     0.    ]
 [0.     0.     0.     0.     0.     0.     0.0001 0.    ]
 [0.     0.     0.     0.     0.     0.     0.     0.0001]]
[0.302679, 0.366459, 0.403224, 0.488191, 0.512095, 0.537169, 0.563471, 0.591061, 0.620002, 0.65036, 0.715608, 0.787402, 0.866399, 0.953321, 1.0]
dict_keys([0.302679, 0.366459, 0.403224, 0.488191, 0.512095, 0.537169, 0.563471, 0.591061, 0.620002, 0.65036, 0.715608, 0.787402, 0.866399, 0.953321, 1.0])
prev {'d0': 2.389537073639139, 'd1': 0.20863266539057257, 'e0': 0.9601945860844301, 'e1': -0.059910644081366426, 'f0': 0.4201830702005335, 'f1': 0.20156207639385054, 'g0': 1.217889349507161, 'g1': -0.00036471194306510657}
Starting ML Fit
Box49_1400
       message: Optimization terminated successfully.
       success: True
        status: 0
           fun: 955.2024871342553
             x: [ 2.265e+00  2.068e-01  9.489e-01 -7.062e-02  4.366e-01
                  2.150e-01  1.216e+00 -3.437e-04]
           nit: 477
          nfev: 724
 final_simplex: (array([[ 2.265e+00,  2.068e-01, ...,  1.216e+00,
                        -3.437e-04],
                       [ 2.265e+00,  2.068e-01, ...,  1.216e+00,
                        -3.437e-04],
                       ...,
                       [ 2.265e+00,  2.068e-01, ...,  1.216e+00,
                        -3.438e-04],
                       [ 2.265e+00,  2.068e-01, ...,  1.216e+00,
                        -3.439e-04]]), array([ 9.552e+02,  9.552e+02,  9.552e+02,  9.552e+02,
                        9.552e+02,  9.552e+02,  9.552e+02,  9.552e+02,
                        9.552e+02]))
   param_names: ['d0', 'd1', 'e0', 'e1', 'f0', 'f1', 'g0', 'g1']
[ 2.26482779e+00  2.06783735e-01  9.48894539e-01 -7.06181619e-02
  4.36589082e-01  2.14950345e-01  1.21630653e+00 -3.43748383e-04]
{'d0': 2.264827790960191, 'd1': 0.20678373500104463, 'e0': 0.9488945391833197, 'e1': -0.07061816191469528, 'f0': 0.43658908243112526, 'f1': 0.21495034546551486, 'g0': 1.2163065266188644, 'g1': -0.0003437483825571026}
-------------------
{'d0': 2.264827790960191, 'd1': 0.20678373500104463, 'e0': 0.9488945391833197, 'e1': -0.07061816191469528, 'f0': 0.43658908243112526, 'f1': 0.21495034546551486, 'g0': 1.2163065266188644, 'g1': -0.0003437483825571026}
Previous:  {'d0': 2.389537073639139, 'd1': 0.20863266539057257, 'e0': 0.9601945860844301, 'e1': -0.059910644081366426, 'f0': 0.4201830702005335, 'f1': 0.20156207639385054, 'g0': 1.217889349507161, 'g1': -0.00036471194306510657}
-------------------
