##############################


[0.302679, 0.366459, 0.403224, 0.488191, 0.512095, 0.537169, 0.563471, 0.591061, 0.620002, 0.65036, 0.715608, 0.787402, 0.866399, 0.953321, 1.0]
dict_keys([0.302679, 0.366459, 0.403224, 0.488191, 0.512095, 0.537169, 0.563471, 0.591061, 0.620002, 0.65036, 0.715608, 0.787402, 0.866399, 0.953321, 1.0])
prev {'d0': 2.007578260251691, 'd1': -0.09830383272771248, 'e0': 1.0522116759017177, 'e1': 0.012440808842099731, 'f0': 0.44000078263880127, 'f1': 0.14828588316046412, 'g0': 1.2275957565625126, 'g1': -0.00901701503666731}
Starting ML Fit
Box79_1400
       message: Optimization terminated successfully.
       success: True
        status: 0
           fun: 1524.3198200099475
             x: [ 2.012e+00 -9.117e-02  1.054e+00  5.962e-02  4.315e-01
                  1.571e-01  1.226e+00  1.574e-03]
           nit: 608
          nfev: 911
 final_simplex: (array([[ 2.012e+00, -9.117e-02, ...,  1.226e+00,
                         1.574e-03],
                       [ 2.012e+00, -9.117e-02, ...,  1.226e+00,
                         1.557e-03],
                       ...,
                       [ 2.012e+00, -9.109e-02, ...,  1.226e+00,
                         1.563e-03],
                       [ 2.012e+00, -9.123e-02, ...,  1.226e+00,
                         1.580e-03]]), array([ 1.524e+03,  1.524e+03,  1.524e+03,  1.524e+03,
                        1.524e+03,  1.524e+03,  1.524e+03,  1.524e+03,
                        1.524e+03]))
   param_names: ['d0', 'd1', 'e0', 'e1', 'f0', 'f1', 'g0', 'g1']
[ 2.01165062e+00 -9.11665685e-02  1.05361184e+00  5.96215244e-02
  4.31520339e-01  1.57059616e-01  1.22611208e+00  1.57402508e-03]
{'d0': 2.011650623166776, 'd1': -0.09116656851795196, 'e0': 1.0536118386894078, 'e1': 0.05962152440869843, 'f0': 0.43152033891044916, 'f1': 0.15705961589860104, 'g0': 1.2261120794345186, 'g1': 0.0015740250806206785}
-------------------
{'d0': 2.011650623166776, 'd1': -0.09116656851795196, 'e0': 1.0536118386894078, 'e1': 0.05962152440869843, 'f0': 0.43152033891044916, 'f1': 0.15705961589860104, 'g0': 1.2261120794345186, 'g1': 0.0015740250806206785}
Previous:  {'d0': 2.007578260251691, 'd1': -0.09830383272771248, 'e0': 1.0522116759017177, 'e1': 0.012440808842099731, 'f0': 0.44000078263880127, 'f1': 0.14828588316046412, 'g0': 1.2275957565625126, 'g1': -0.00901701503666731}
-------------------
