Curr: Box29_1400, Prev: Box_n50_49_1400
alist [1.0, 0.953321, 0.866399, 0.787402, 0.715608, 0.65036, 0.620002, 0.591061, 0.563471, 0.537169, 0.512095, 0.488191, 0.403224, 0.366459, 0.302679]
python -u fit_individ_iter.py Box29_1400 1.000000 Box_n50_49_1400 1.000000
prev {'d': 0.43637605021712594, 'e': 0.3020627107979752, 'f': 1.6634488864554773, 'g': 1.2037551228567929}
Starting ML Fit
Box29_1400
       message: Optimization terminated successfully.
       success: True
        status: 0
           fun: 106.57732393146594
             x: [ 4.400e-01  3.015e-01  1.664e+00  1.182e+00]
           nit: 76
          nfev: 133
 final_simplex: (array([[ 4.400e-01,  3.015e-01,  1.664e+00,  1.182e+00],
                       [ 4.401e-01,  3.016e-01,  1.664e+00,  1.182e+00],
                       ...,
                       [ 4.401e-01,  3.016e-01,  1.664e+00,  1.182e+00],
                       [ 4.400e-01,  3.015e-01,  1.664e+00,  1.182e+00]]), array([ 1.066e+02,  1.066e+02,  1.066e+02,  1.066e+02,
                        1.066e+02]))
   param_names: ['d', 'e', 'f', 'g']
[0.44004324 0.30153837 1.66410979 1.18174087]
{'d': 0.44004324219290936, 'e': 0.3015383691582457, 'f': 1.6641097934224245, 'g': 1.1817408725733707}
Previous:  {'d': 0.43637605021712594, 'e': 0.3020627107979752, 'f': 1.6634488864554773, 'g': 1.2037551228567929}
python -u fit_individ_iter.py Box29_1400 0.953321 Box29_1400 1.000000
prev {'d': 0.44004324219290936, 'e': 0.3015383691582457, 'f': 1.6641097934224245, 'g': 1.1817408725733707}
Starting ML Fit
Box29_1400
       message: Optimization terminated successfully.
       success: True
        status: 0
           fun: 96.22193270391335
             x: [ 4.325e-01  3.008e-01  1.665e+00  1.179e+00]
           nit: 77
          nfev: 138
 final_simplex: (array([[ 4.325e-01,  3.008e-01,  1.665e+00,  1.179e+00],
                       [ 4.325e-01,  3.007e-01,  1.665e+00,  1.179e+00],
                       ...,
                       [ 4.325e-01,  3.008e-01,  1.665e+00,  1.179e+00],
                       [ 4.325e-01,  3.008e-01,  1.665e+00,  1.179e+00]]), array([ 9.622e+01,  9.622e+01,  9.622e+01,  9.622e+01,
                        9.622e+01]))
   param_names: ['d', 'e', 'f', 'g']
[0.43250463 0.30076013 1.66524931 1.17863788]
{'d': 0.4325046349093062, 'e': 0.3007601252374743, 'f': 1.6652493132105246, 'g': 1.1786378759823402}
Previous:  {'d': 0.44004324219290936, 'e': 0.3015383691582457, 'f': 1.6641097934224245, 'g': 1.1817408725733707}
python -u fit_individ_iter.py Box29_1400 0.866399 Box29_1400 0.953321
prev {'d': 0.4325046349093062, 'e': 0.3007601252374743, 'f': 1.6652493132105246, 'g': 1.1786378759823402}
Starting ML Fit
Box29_1400
       message: Optimization terminated successfully.
       success: True
        status: 0
           fun: 91.61483062531985
             x: [ 4.182e-01  2.996e-01  1.667e+00  1.175e+00]
           nit: 77
          nfev: 138
 final_simplex: (array([[ 4.182e-01,  2.996e-01,  1.667e+00,  1.175e+00],
                       [ 4.182e-01,  2.996e-01,  1.667e+00,  1.175e+00],
                       ...,
                       [ 4.182e-01,  2.997e-01,  1.667e+00,  1.175e+00],
                       [ 4.182e-01,  2.996e-01,  1.667e+00,  1.175e+00]]), array([ 9.161e+01,  9.161e+01,  9.161e+01,  9.161e+01,
                        9.161e+01]))
   param_names: ['d', 'e', 'f', 'g']
[0.41820505 0.29962486 1.66700255 1.17497743]
{'d': 0.418205048513801, 'e': 0.2996248581335659, 'f': 1.6670025504605022, 'g': 1.174977426026326}
Previous:  {'d': 0.4325046349093062, 'e': 0.3007601252374743, 'f': 1.6652493132105246, 'g': 1.1786378759823402}
python -u fit_individ_iter.py Box29_1400 0.787402 Box29_1400 0.866399
prev {'d': 0.418205048513801, 'e': 0.2996248581335659, 'f': 1.6670025504605022, 'g': 1.174977426026326}
Starting ML Fit
Box29_1400
       message: Optimization terminated successfully.
       success: True
        status: 0
           fun: 97.737827502519
             x: [ 4.048e-01  2.980e-01  1.670e+00  1.173e+00]
           nit: 82
          nfev: 143
 final_simplex: (array([[ 4.048e-01,  2.980e-01,  1.670e+00,  1.173e+00],
                       [ 4.049e-01,  2.981e-01,  1.669e+00,  1.173e+00],
                       ...,
                       [ 4.049e-01,  2.981e-01,  1.670e+00,  1.173e+00],
                       [ 4.048e-01,  2.980e-01,  1.670e+00,  1.173e+00]]), array([ 9.774e+01,  9.774e+01,  9.774e+01,  9.774e+01,
                        9.774e+01]))
   param_names: ['d', 'e', 'f', 'g']
[0.40484055 0.2980454  1.6695074  1.17327967]
{'d': 0.4048405539118124, 'e': 0.2980453958758884, 'f': 1.6695073964948295, 'g': 1.173279674123016}
Previous:  {'d': 0.418205048513801, 'e': 0.2996248581335659, 'f': 1.6670025504605022, 'g': 1.174977426026326}
python -u fit_individ_iter.py Box29_1400 0.715608 Box29_1400 0.787402
prev {'d': 0.4048405539118124, 'e': 0.2980453958758884, 'f': 1.6695073964948295, 'g': 1.173279674123016}
Starting ML Fit
Box29_1400
       message: Optimization terminated successfully.
       success: True
        status: 0
           fun: 95.52032327013843
             x: [ 3.939e-01  2.965e-01  1.672e+00  1.174e+00]
           nit: 85
          nfev: 150
 final_simplex: (array([[ 3.939e-01,  2.965e-01,  1.672e+00,  1.174e+00],
                       [ 3.939e-01,  2.966e-01,  1.672e+00,  1.174e+00],
                       ...,
                       [ 3.939e-01,  2.966e-01,  1.672e+00,  1.174e+00],
                       [ 3.939e-01,  2.966e-01,  1.672e+00,  1.174e+00]]), array([ 9.552e+01,  9.552e+01,  9.552e+01,  9.552e+01,
                        9.552e+01]))
   param_names: ['d', 'e', 'f', 'g']
[0.39390667 0.29652921 1.6718568  1.17361281]
{'d': 0.39390666500104066, 'e': 0.2965292113875751, 'f': 1.6718568023123144, 'g': 1.1736128109327655}
Previous:  {'d': 0.4048405539118124, 'e': 0.2980453958758884, 'f': 1.6695073964948295, 'g': 1.173279674123016}
python -u fit_individ_iter.py Box29_1400 0.650360 Box29_1400 0.715608
prev {'d': 0.39390666500104066, 'e': 0.2965292113875751, 'f': 1.6718568023123144, 'g': 1.1736128109327655}
Starting ML Fit
Box29_1400
       message: Optimization terminated successfully.
       success: True
        status: 0
           fun: 94.87291439496667
             x: [ 3.845e-01  2.955e-01  1.674e+00  1.176e+00]
           nit: 118
          nfev: 194
 final_simplex: (array([[ 3.845e-01,  2.955e-01,  1.674e+00,  1.176e+00],
                       [ 3.845e-01,  2.954e-01,  1.674e+00,  1.176e+00],
                       ...,
                       [ 3.845e-01,  2.955e-01,  1.674e+00,  1.176e+00],
                       [ 3.845e-01,  2.954e-01,  1.674e+00,  1.176e+00]]), array([ 9.487e+01,  9.487e+01,  9.487e+01,  9.487e+01,
                        9.487e+01]))
   param_names: ['d', 'e', 'f', 'g']
[0.38449858 0.29548406 1.67372168 1.1756283 ]
{'d': 0.384498578340858, 'e': 0.29548406239256886, 'f': 1.673721678848337, 'g': 1.1756282957366142}
Previous:  {'d': 0.39390666500104066, 'e': 0.2965292113875751, 'f': 1.6718568023123144, 'g': 1.1736128109327655}
python -u fit_individ_iter.py Box29_1400 0.620002 Box29_1400 0.650360
prev {'d': 0.384498578340858, 'e': 0.29548406239256886, 'f': 1.673721678848337, 'g': 1.1756282957366142}
Starting ML Fit
Box29_1400
       message: Optimization terminated successfully.
       success: True
        status: 0
           fun: 87.4914800425946
             x: [ 3.800e-01  2.944e-01  1.676e+00  1.176e+00]
           nit: 51
          nfev: 95
 final_simplex: (array([[ 3.800e-01,  2.944e-01,  1.676e+00,  1.176e+00],
                       [ 3.800e-01,  2.944e-01,  1.676e+00,  1.176e+00],
                       ...,
                       [ 3.800e-01,  2.944e-01,  1.676e+00,  1.176e+00],
                       [ 3.800e-01,  2.944e-01,  1.676e+00,  1.176e+00]]), array([ 8.749e+01,  8.749e+01,  8.749e+01,  8.749e+01,
                        8.749e+01]))
   param_names: ['d', 'e', 'f', 'g']
[0.3799872  0.2943671  1.67567188 1.1764234 ]
{'d': 0.37998720378202494, 'e': 0.29436709742304684, 'f': 1.6756718765384124, 'g': 1.176423404869198}
Previous:  {'d': 0.384498578340858, 'e': 0.29548406239256886, 'f': 1.673721678848337, 'g': 1.1756282957366142}
python -u fit_individ_iter.py Box29_1400 0.591061 Box29_1400 0.620002
prev {'d': 0.37998720378202494, 'e': 0.29436709742304684, 'f': 1.6756718765384124, 'g': 1.176423404869198}
Starting ML Fit
Box29_1400
       message: Optimization terminated successfully.
       success: True
        status: 0
           fun: 87.90701800022353
             x: [ 3.750e-01  2.933e-01  1.678e+00  1.176e+00]
           nit: 63
          nfev: 112
 final_simplex: (array([[ 3.750e-01,  2.933e-01,  1.678e+00,  1.176e+00],
                       [ 3.750e-01,  2.932e-01,  1.678e+00,  1.176e+00],
                       ...,
                       [ 3.750e-01,  2.933e-01,  1.678e+00,  1.176e+00],
                       [ 3.750e-01,  2.933e-01,  1.678e+00,  1.176e+00]]), array([ 8.791e+01,  8.791e+01,  8.791e+01,  8.791e+01,
                        8.791e+01]))
   param_names: ['d', 'e', 'f', 'g']
[0.37495394 0.29325107 1.67782321 1.17570875]
{'d': 0.37495394177445174, 'e': 0.29325107179942267, 'f': 1.6778232122782066, 'g': 1.1757087509950137}
Previous:  {'d': 0.37998720378202494, 'e': 0.29436709742304684, 'f': 1.6756718765384124, 'g': 1.176423404869198}
python -u fit_individ_iter.py Box29_1400 0.563471 Box29_1400 0.591061
prev {'d': 0.37495394177445174, 'e': 0.29325107179942267, 'f': 1.6778232122782066, 'g': 1.1757087509950137}
Starting ML Fit
Box29_1400
       message: Optimization terminated successfully.
       success: True
        status: 0
           fun: 80.98275311215987
             x: [ 3.720e-01  2.924e-01  1.680e+00  1.178e+00]
           nit: 66
          nfev: 125
 final_simplex: (array([[ 3.720e-01,  2.924e-01,  1.680e+00,  1.178e+00],
                       [ 3.720e-01,  2.923e-01,  1.680e+00,  1.178e+00],
                       ...,
                       [ 3.720e-01,  2.923e-01,  1.680e+00,  1.178e+00],
                       [ 3.719e-01,  2.923e-01,  1.680e+00,  1.178e+00]]), array([ 8.098e+01,  8.098e+01,  8.098e+01,  8.098e+01,
                        8.098e+01]))
   param_names: ['d', 'e', 'f', 'g']
[0.37195704 0.29235678 1.67954353 1.1776943 ]
{'d': 0.37195704258582385, 'e': 0.29235677661394455, 'f': 1.6795435311488067, 'g': 1.1776942958136911}
Previous:  {'d': 0.37495394177445174, 'e': 0.29325107179942267, 'f': 1.6778232122782066, 'g': 1.1757087509950137}
python -u fit_individ_iter.py Box29_1400 0.537169 Box29_1400 0.563471
prev {'d': 0.37195704258582385, 'e': 0.29235677661394455, 'f': 1.6795435311488067, 'g': 1.1776942958136911}
Starting ML Fit
Box29_1400
       message: Optimization terminated successfully.
       success: True
        status: 0
           fun: 82.83883489583972
             x: [ 3.679e-01  2.915e-01  1.681e+00  1.178e+00]
           nit: 64
          nfev: 116
 final_simplex: (array([[ 3.679e-01,  2.915e-01,  1.681e+00,  1.178e+00],
                       [ 3.679e-01,  2.916e-01,  1.681e+00,  1.178e+00],
                       ...,
                       [ 3.679e-01,  2.915e-01,  1.681e+00,  1.178e+00],
                       [ 3.679e-01,  2.915e-01,  1.681e+00,  1.178e+00]]), array([ 8.284e+01,  8.284e+01,  8.284e+01,  8.284e+01,
                        8.284e+01]))
   param_names: ['d', 'e', 'f', 'g']
[0.36788945 0.291526   1.68113944 1.17781406]
{'d': 0.36788944990782746, 'e': 0.291525995466006, 'f': 1.6811394392796692, 'g': 1.1778140578076988}
Previous:  {'d': 0.37195704258582385, 'e': 0.29235677661394455, 'f': 1.6795435311488067, 'g': 1.1776942958136911}
python -u fit_individ_iter.py Box29_1400 0.512095 Box29_1400 0.537169
prev {'d': 0.36788944990782746, 'e': 0.291525995466006, 'f': 1.6811394392796692, 'g': 1.1778140578076988}
Starting ML Fit
Box29_1400
       message: Optimization terminated successfully.
       success: True
        status: 0
           fun: 80.59375014848389
             x: [ 3.682e-01  2.911e-01  1.682e+00  1.184e+00]
           nit: 63
          nfev: 114
 final_simplex: (array([[ 3.682e-01,  2.911e-01,  1.682e+00,  1.184e+00],
                       [ 3.681e-01,  2.911e-01,  1.682e+00,  1.184e+00],
                       ...,
                       [ 3.681e-01,  2.911e-01,  1.682e+00,  1.184e+00],
                       [ 3.681e-01,  2.910e-01,  1.682e+00,  1.184e+00]]), array([ 8.059e+01,  8.059e+01,  8.059e+01,  8.059e+01,
                        8.059e+01]))
   param_names: ['d', 'e', 'f', 'g']
[0.36815338 0.29108466 1.68208628 1.18367208]
{'d': 0.3681533847405362, 'e': 0.2910846618756887, 'f': 1.6820862758715815, 'g': 1.1836720799263145}
Previous:  {'d': 0.36788944990782746, 'e': 0.291525995466006, 'f': 1.6811394392796692, 'g': 1.1778140578076988}
python -u fit_individ_iter.py Box29_1400 0.488191 Box29_1400 0.512095
prev {'d': 0.3681533847405362, 'e': 0.2910846618756887, 'f': 1.6820862758715815, 'g': 1.1836720799263145}
Starting ML Fit
Box29_1400
       message: Optimization terminated successfully.
       success: True
        status: 0
           fun: 64.3796021494084
             x: [ 3.659e-01  2.909e-01  1.682e+00  1.184e+00]
           nit: 59
          nfev: 110
 final_simplex: (array([[ 3.659e-01,  2.909e-01,  1.682e+00,  1.184e+00],
                       [ 3.659e-01,  2.909e-01,  1.682e+00,  1.184e+00],
                       ...,
                       [ 3.659e-01,  2.909e-01,  1.682e+00,  1.184e+00],
                       [ 3.659e-01,  2.910e-01,  1.682e+00,  1.184e+00]]), array([ 6.438e+01,  6.438e+01,  6.438e+01,  6.438e+01,
                        6.438e+01]))
   param_names: ['d', 'e', 'f', 'g']
[0.36592998 0.29088175 1.68242329 1.18434144]
{'d': 0.36592998373388047, 'e': 0.2908817507566099, 'f': 1.6824232873917893, 'g': 1.184341444076313}
Previous:  {'d': 0.3681533847405362, 'e': 0.2910846618756887, 'f': 1.6820862758715815, 'g': 1.1836720799263145}
python -u fit_individ_iter.py Box29_1400 0.403224 Box29_1400 0.488191
prev {'d': 0.36592998373388047, 'e': 0.2908817507566099, 'f': 1.6824232873917893, 'g': 1.184341444076313}
Starting ML Fit
Box29_1400
       message: Optimization terminated successfully.
       success: True
        status: 0
           fun: 57.04881219114408
             x: [ 3.571e-01  2.909e-01  1.683e+00  1.185e+00]
           nit: 81
          nfev: 144
 final_simplex: (array([[ 3.571e-01,  2.909e-01,  1.683e+00,  1.185e+00],
                       [ 3.571e-01,  2.909e-01,  1.682e+00,  1.185e+00],
                       ...,
                       [ 3.572e-01,  2.909e-01,  1.682e+00,  1.185e+00],
                       [ 3.571e-01,  2.909e-01,  1.682e+00,  1.185e+00]]), array([ 5.705e+01,  5.705e+01,  5.705e+01,  5.705e+01,
                        5.705e+01]))
   param_names: ['d', 'e', 'f', 'g']
[0.35714662 0.2908614  1.68253168 1.18532146]
{'d': 0.3571466157100043, 'e': 0.29086140369470725, 'f': 1.6825316833151966, 'g': 1.185321461413254}
Previous:  {'d': 0.36592998373388047, 'e': 0.2908817507566099, 'f': 1.6824232873917893, 'g': 1.184341444076313}
python -u fit_individ_iter.py Box29_1400 0.366459 Box29_1400 0.403224
prev {'d': 0.3571466157100043, 'e': 0.29086140369470725, 'f': 1.6825316833151966, 'g': 1.185321461413254}
Starting ML Fit
Box29_1400
       message: Optimization terminated successfully.
       success: True
        status: 0
           fun: 40.78381501369776
             x: [ 3.563e-01  2.909e-01  1.682e+00  1.188e+00]
           nit: 70
          nfev: 124
 final_simplex: (array([[ 3.563e-01,  2.909e-01,  1.682e+00,  1.188e+00],
                       [ 3.563e-01,  2.910e-01,  1.682e+00,  1.188e+00],
                       ...,
                       [ 3.564e-01,  2.910e-01,  1.682e+00,  1.188e+00],
                       [ 3.563e-01,  2.909e-01,  1.682e+00,  1.188e+00]]), array([ 4.078e+01,  4.078e+01,  4.078e+01,  4.078e+01,
                        4.078e+01]))
   param_names: ['d', 'e', 'f', 'g']
[0.35628905 0.2909439  1.6823377  1.18800695]
{'d': 0.3562890540592499, 'e': 0.29094389649622643, 'f': 1.68233769567584, 'g': 1.1880069535374278}
Previous:  {'d': 0.3571466157100043, 'e': 0.29086140369470725, 'f': 1.6825316833151966, 'g': 1.185321461413254}
python -u fit_individ_iter.py Box29_1400 0.302679 Box29_1400 0.366459
prev {'d': 0.3562890540592499, 'e': 0.29094389649622643, 'f': 1.68233769567584, 'g': 1.1880069535374278}
Starting ML Fit
Box29_1400
       message: Optimization terminated successfully.
       success: True
        status: 0
           fun: 26.327000514374763
             x: [ 3.418e-01  2.910e-01  1.682e+00  1.183e+00]
           nit: 91
          nfev: 158
 final_simplex: (array([[ 3.418e-01,  2.910e-01,  1.682e+00,  1.183e+00],
                       [ 3.419e-01,  2.910e-01,  1.682e+00,  1.183e+00],
                       ...,
                       [ 3.419e-01,  2.910e-01,  1.682e+00,  1.183e+00],
                       [ 3.419e-01,  2.910e-01,  1.682e+00,  1.183e+00]]), array([ 2.633e+01,  2.633e+01,  2.633e+01,  2.633e+01,
                        2.633e+01]))
   param_names: ['d', 'e', 'f', 'g']
[0.34181302 0.29098496 1.68226645 1.18326995]
{'d': 0.34181302237903033, 'e': 0.29098495814896275, 'f': 1.6822664474421813, 'g': 1.183269953141994}
Previous:  {'d': 0.3562890540592499, 'e': 0.29094389649622643, 'f': 1.68233769567584, 'g': 1.1880069535374278}
