##############################


[[0.01   0.     0.     0.     0.     0.     0.     0.    ]
 [0.     0.01   0.     0.     0.     0.     0.     0.    ]
 [0.     0.     0.001  0.     0.     0.     0.     0.    ]
 [0.     0.     0.     0.001  0.     0.     0.     0.    ]
 [0.     0.     0.     0.     0.0005 0.     0.     0.    ]
 [0.     0.     0.     0.     0.     0.0005 0.     0.    ]
 [0.     0.     0.     0.     0.     0.     0.0001 0.    ]
 [0.     0.     0.     0.     0.     0.     0.     0.0001]]
[0.302679, 0.366459, 0.403224, 0.488191, 0.512095, 0.537169, 0.563471, 0.591061, 0.620002, 0.65036, 0.715608, 0.787402, 0.866399, 0.953321, 1.0]
dict_keys([0.302679, 0.366459, 0.403224, 0.488191, 0.512095, 0.537169, 0.563471, 0.591061, 0.620002, 0.65036, 0.715608, 0.787402, 0.866399, 0.953321, 1.0])
prev {'d0': 2.0534608921281583, 'd1': 0.005742553017682447, 'e0': 1.020769147252364, 'e1': -0.12364051914392638, 'f0': 0.4536151647248978, 'f1': 0.22034045821408854, 'g0': 1.239975561310147, 'g1': 0.038281968959649484}
Starting ML Fit
Box_n50_20_1400
       message: Optimization terminated successfully.
       success: True
        status: 0
           fun: 1575.8790011961723
             x: [ 2.017e+00  6.611e-03  9.803e-01 -9.161e-02  4.662e-01
                  2.082e-01  1.227e+00  2.520e-02]
           nit: 438
          nfev: 661
 final_simplex: (array([[ 2.017e+00,  6.611e-03, ...,  1.227e+00,
                         2.520e-02],
                       [ 2.017e+00,  6.611e-03, ...,  1.227e+00,
                         2.520e-02],
                       ...,
                       [ 2.017e+00,  6.610e-03, ...,  1.227e+00,
                         2.521e-02],
                       [ 2.017e+00,  6.611e-03, ...,  1.227e+00,
                         2.520e-02]]), array([ 1.576e+03,  1.576e+03,  1.576e+03,  1.576e+03,
                        1.576e+03,  1.576e+03,  1.576e+03,  1.576e+03,
                        1.576e+03]))
   param_names: ['d0', 'd1', 'e0', 'e1', 'f0', 'f1', 'g0', 'g1']
[ 2.01658688  0.00661086  0.98026627 -0.09160582  0.46621365  0.20824108
  1.22733743  0.02519645]
{'d0': 2.0165868846767703, 'd1': 0.00661085702310793, 'e0': 0.9802662668634196, 'e1': -0.09160582175437507, 'f0': 0.4662136524602377, 'f1': 0.20824107642023454, 'g0': 1.227337430515961, 'g1': 0.02519645320174298}
-------------------
{'d0': 2.0165868846767703, 'd1': 0.00661085702310793, 'e0': 0.9802662668634196, 'e1': -0.09160582175437507, 'f0': 0.4662136524602377, 'f1': 0.20824107642023454, 'g0': 1.227337430515961, 'g1': 0.02519645320174298}
Previous:  {'d0': 2.0534608921281583, 'd1': 0.005742553017682447, 'e0': 1.020769147252364, 'e1': -0.12364051914392638, 'f0': 0.4536151647248978, 'f1': 0.22034045821408854, 'g0': 1.239975561310147, 'g1': 0.038281968959649484}
-------------------
