##############################


[[0.01   0.     0.     0.     0.     0.     0.     0.    ]
 [0.     0.01   0.     0.     0.     0.     0.     0.    ]
 [0.     0.     0.001  0.     0.     0.     0.     0.    ]
 [0.     0.     0.     0.001  0.     0.     0.     0.    ]
 [0.     0.     0.     0.     0.0005 0.     0.     0.    ]
 [0.     0.     0.     0.     0.     0.0005 0.     0.    ]
 [0.     0.     0.     0.     0.     0.     0.0001 0.    ]
 [0.     0.     0.     0.     0.     0.     0.     0.0001]]
[0.302679, 0.366459, 0.403224, 0.488191, 0.512095, 0.537169, 0.563471, 0.591061, 0.620002, 0.65036, 0.715608, 0.787402, 0.866399, 0.953321, 1.0]
dict_keys([0.302679, 0.366459, 0.403224, 0.488191, 0.512095, 0.537169, 0.563471, 0.591061, 0.620002, 0.65036, 0.715608, 0.787402, 0.866399, 0.953321, 1.0])
prev {'d0': 1.9847027049257129, 'd1': 0.010300697648280205, 'e0': 0.968511138534216, 'e1': -0.10081550105305609, 'f0': 0.45118039378864305, 'f1': 0.22269928519891324, 'g0': 1.1916090143349116, 'g1': 0.006001430396048673}
Starting ML Fit
Box33_1400
       message: Optimization terminated successfully.
       success: True
        status: 0
           fun: 1289.105596893697
             x: [ 2.122e+00  9.157e-03  1.028e+00 -7.224e-02  4.137e-01
                  2.199e-01  1.223e+00  1.139e-02]
           nit: 835
          nfev: 1235
 final_simplex: (array([[ 2.122e+00,  9.157e-03, ...,  1.223e+00,
                         1.139e-02],
                       [ 2.122e+00,  9.156e-03, ...,  1.223e+00,
                         1.140e-02],
                       ...,
                       [ 2.123e+00,  9.157e-03, ...,  1.223e+00,
                         1.140e-02],
                       [ 2.122e+00,  9.160e-03, ...,  1.223e+00,
                         1.139e-02]]), array([ 1.289e+03,  1.289e+03,  1.289e+03,  1.289e+03,
                        1.289e+03,  1.289e+03,  1.289e+03,  1.289e+03,
                        1.289e+03]))
   param_names: ['d0', 'd1', 'e0', 'e1', 'f0', 'f1', 'g0', 'g1']
[ 2.12242843  0.00915709  1.02817732 -0.07224188  0.41369811  0.21990629
  1.22333275  0.01139185]
{'d0': 2.122428432699418, 'd1': 0.009157085527518073, 'e0': 1.0281773216054821, 'e1': -0.07224188479438744, 'f0': 0.4136981091185925, 'f1': 0.21990628839461474, 'g0': 1.2233327492007824, 'g1': 0.01139184871031564}
-------------------
{'d0': 2.122428432699418, 'd1': 0.009157085527518073, 'e0': 1.0281773216054821, 'e1': -0.07224188479438744, 'f0': 0.4136981091185925, 'f1': 0.21990628839461474, 'g0': 1.2233327492007824, 'g1': 0.01139184871031564}
Previous:  {'d0': 1.9847027049257129, 'd1': 0.010300697648280205, 'e0': 0.968511138534216, 'e1': -0.10081550105305609, 'f0': 0.45118039378864305, 'f1': 0.22269928519891324, 'g0': 1.1916090143349116, 'g1': 0.006001430396048673}
-------------------
