##############################


[[0.01   0.     0.     0.     0.     0.     0.     0.    ]
 [0.     0.01   0.     0.     0.     0.     0.     0.    ]
 [0.     0.     0.001  0.     0.     0.     0.     0.    ]
 [0.     0.     0.     0.001  0.     0.     0.     0.    ]
 [0.     0.     0.     0.     0.0005 0.     0.     0.    ]
 [0.     0.     0.     0.     0.     0.0005 0.     0.    ]
 [0.     0.     0.     0.     0.     0.     0.0001 0.    ]
 [0.     0.     0.     0.     0.     0.     0.     0.0001]]
[0.302679, 0.366459, 0.403224, 0.488191, 0.512095, 0.537169, 0.563471, 0.591061, 0.620002, 0.65036, 0.715608, 0.787402, 0.866399, 0.953321, 1.0]
dict_keys([0.302679, 0.366459, 0.403224, 0.488191, 0.512095, 0.537169, 0.563471, 0.591061, 0.620002, 0.65036, 0.715608, 0.787402, 0.866399, 0.953321, 1.0])
prev {'d0': 2.0092138349145445, 'd1': -0.0885498479465473, 'e0': 1.0801110431574812, 'e1': -0.11453543899804826, 'f0': 0.4495900437417603, 'f1': 0.2333499035142621, 'g0': 1.2509767007004546, 'g1': 0.01926601370992361}
Starting ML Fit
Box84_1400
       message: Optimization terminated successfully.
       success: True
        status: 0
           fun: 2115.1855795106676
             x: [ 1.957e+00 -1.097e-01  1.098e+00 -8.639e-02  4.379e-01
                  2.053e-01  1.242e+00  2.868e-02]
           nit: 606
          nfev: 899
 final_simplex: (array([[ 1.957e+00, -1.097e-01, ...,  1.242e+00,
                         2.868e-02],
                       [ 1.957e+00, -1.097e-01, ...,  1.242e+00,
                         2.868e-02],
                       ...,
                       [ 1.957e+00, -1.096e-01, ...,  1.242e+00,
                         2.866e-02],
                       [ 1.957e+00, -1.097e-01, ...,  1.242e+00,
                         2.868e-02]]), array([ 2.115e+03,  2.115e+03,  2.115e+03,  2.115e+03,
                        2.115e+03,  2.115e+03,  2.115e+03,  2.115e+03,
                        2.115e+03]))
   param_names: ['d0', 'd1', 'e0', 'e1', 'f0', 'f1', 'g0', 'g1']
[ 1.9573162  -0.10966627  1.0983228  -0.08639144  0.43789029  0.20530572
  1.24213224  0.02868195]
{'d0': 1.9573162029843245, 'd1': -0.1096662708819456, 'e0': 1.0983227969574845, 'e1': -0.08639144433225757, 'f0': 0.4378902908755682, 'f1': 0.20530571535285635, 'g0': 1.242132236567845, 'g1': 0.028681949748970734}
-------------------
{'d0': 1.9573162029843245, 'd1': -0.1096662708819456, 'e0': 1.0983227969574845, 'e1': -0.08639144433225757, 'f0': 0.4378902908755682, 'f1': 0.20530571535285635, 'g0': 1.242132236567845, 'g1': 0.028681949748970734}
Previous:  {'d0': 2.0092138349145445, 'd1': -0.0885498479465473, 'e0': 1.0801110431574812, 'e1': -0.11453543899804826, 'f0': 0.4495900437417603, 'f1': 0.2333499035142621, 'g0': 1.2509767007004546, 'g1': 0.01926601370992361}
-------------------
