##############################


[[1.e-03 0.e+00 0.e+00 0.e+00 0.e+00 0.e+00 0.e+00 0.e+00]
 [0.e+00 8.e-04 0.e+00 0.e+00 0.e+00 0.e+00 0.e+00 0.e+00]
 [0.e+00 0.e+00 1.e-01 0.e+00 0.e+00 0.e+00 0.e+00 0.e+00]
 [0.e+00 0.e+00 0.e+00 8.e-02 0.e+00 0.e+00 0.e+00 0.e+00]
 [0.e+00 0.e+00 0.e+00 0.e+00 5.e-02 0.e+00 0.e+00 0.e+00]
 [0.e+00 0.e+00 0.e+00 0.e+00 0.e+00 8.e-01 0.e+00 0.e+00]
 [0.e+00 0.e+00 0.e+00 0.e+00 0.e+00 0.e+00 3.e-04 0.e+00]
 [0.e+00 0.e+00 0.e+00 0.e+00 0.e+00 0.e+00 0.e+00 8.e-03]]
[0.302679, 0.366459, 0.403224, 0.488191, 0.512095, 0.537169, 0.563471, 0.591061, 0.620002, 0.65036, 0.715608, 0.787402, 0.866399, 0.953321, 1.0]
dict_keys([0.302679, 0.366459, 0.403224, 0.488191, 0.512095, 0.537169, 0.563471, 0.591061, 0.620002, 0.65036, 0.715608, 0.787402, 0.866399, 0.953321, 1.0])
prev {'d0': 2.069760463709392, 'd1': 0.11993893496270636, 'e0': 0.9890174351714213, 'e1': -0.029755839469600948, 'f0': 0.559348843080472, 'f1': 0.22033434189741458, 'g0': 1.2425356145966484, 'g1': 0.055283162217817206}
Starting ML Fit
Box92_1400
       message: Optimization terminated successfully.
       success: True
        status: 0
           fun: 1506.893760199885
             x: [ 2.098e+00  1.169e-01  8.076e-01 -4.063e-02  6.003e-01
                  2.164e-01  1.182e+00  2.019e-03]
           nit: 773
          nfev: 1139
 final_simplex: (array([[ 2.098e+00,  1.169e-01, ...,  1.182e+00,
                         2.019e-03],
                       [ 2.098e+00,  1.169e-01, ...,  1.182e+00,
                         2.040e-03],
                       ...,
                       [ 2.098e+00,  1.169e-01, ...,  1.182e+00,
                         2.013e-03],
                       [ 2.098e+00,  1.168e-01, ...,  1.182e+00,
                         2.039e-03]]), array([ 1.507e+03,  1.507e+03,  1.507e+03,  1.507e+03,
                        1.507e+03,  1.507e+03,  1.507e+03,  1.507e+03,
                        1.507e+03]))
   param_names: ['d0', 'd1', 'e0', 'e1', 'f0', 'f1', 'g0', 'g1']
[ 2.09847192e+00  1.16858716e-01  8.07645722e-01 -4.06293988e-02
  6.00257587e-01  2.16357855e-01  1.18241684e+00  2.01867640e-03]
{'d0': 2.098471918333159, 'd1': 0.11685871644242762, 'e0': 0.8076457222677598, 'e1': -0.04062939875211806, 'f0': 0.6002575865802324, 'f1': 0.21635785534804708, 'g0': 1.1824168365052683, 'g1': 0.0020186763979404476}
-------------------
{'d0': 2.098471918333159, 'd1': 0.11685871644242762, 'e0': 0.8076457222677598, 'e1': -0.04062939875211806, 'f0': 0.6002575865802324, 'f1': 0.21635785534804708, 'g0': 1.1824168365052683, 'g1': 0.0020186763979404476}
Previous:  {'d0': 2.069760463709392, 'd1': 0.11993893496270636, 'e0': 0.9890174351714213, 'e1': -0.029755839469600948, 'f0': 0.559348843080472, 'f1': 0.22033434189741458, 'g0': 1.2425356145966484, 'g1': 0.055283162217817206}
-------------------
