##############################


[[0.01   0.     0.     0.     0.     0.     0.     0.    ]
 [0.     0.01   0.     0.     0.     0.     0.     0.    ]
 [0.     0.     0.001  0.     0.     0.     0.     0.    ]
 [0.     0.     0.     0.001  0.     0.     0.     0.    ]
 [0.     0.     0.     0.     0.0005 0.     0.     0.    ]
 [0.     0.     0.     0.     0.     0.0005 0.     0.    ]
 [0.     0.     0.     0.     0.     0.     0.0001 0.    ]
 [0.     0.     0.     0.     0.     0.     0.     0.0001]]
[0.302679, 0.366459, 0.403224, 0.488191, 0.512095, 0.537169, 0.563471, 0.591061, 0.620002, 0.65036, 0.715608, 0.787402, 0.866399, 0.953321, 1.0]
dict_keys([0.302679, 0.366459, 0.403224, 0.488191, 0.512095, 0.537169, 0.563471, 0.591061, 0.620002, 0.65036, 0.715608, 0.787402, 0.866399, 0.953321, 1.0])
prev {'d0': 1.9663808439331136, 'd1': 0.004094382721927635, 'e0': 1.1121038808467523, 'e1': -0.04300066921964346, 'f0': 0.4045841597543146, 'f1': 0.17943424269802077, 'g0': 1.2262919027866346, 'g1': 0.06836181236553962}
Starting ML Fit
Box_n50_18_1400
       message: Optimization terminated successfully.
       success: True
        status: 0
           fun: 1584.4117322077261
             x: [ 2.008e+00 -4.342e-02  1.137e+00 -3.944e-02  3.979e-01
                  1.778e-01  1.243e+00  7.000e-02]
           nit: 1019
          nfev: 1489
 final_simplex: (array([[ 2.008e+00, -4.342e-02, ...,  1.243e+00,
                         7.000e-02],
                       [ 2.008e+00, -4.337e-02, ...,  1.243e+00,
                         7.000e-02],
                       ...,
                       [ 2.008e+00, -4.341e-02, ...,  1.243e+00,
                         7.000e-02],
                       [ 2.008e+00, -4.342e-02, ...,  1.243e+00,
                         7.001e-02]]), array([ 1.584e+03,  1.584e+03,  1.584e+03,  1.584e+03,
                        1.584e+03,  1.584e+03,  1.584e+03,  1.584e+03,
                        1.584e+03]))
   param_names: ['d0', 'd1', 'e0', 'e1', 'f0', 'f1', 'g0', 'g1']
[ 2.00837533 -0.04341903  1.13701452 -0.03944392  0.39792206  0.1777949
  1.24276684  0.07000296]
{'d0': 2.008375330750253, 'd1': -0.04341903166982981, 'e0': 1.1370145179415987, 'e1': -0.03944392473299943, 'f0': 0.3979220640961843, 'f1': 0.17779490330649705, 'g0': 1.242766837808432, 'g1': 0.07000295642233932}
-------------------
{'d0': 2.008375330750253, 'd1': -0.04341903166982981, 'e0': 1.1370145179415987, 'e1': -0.03944392473299943, 'f0': 0.3979220640961843, 'f1': 0.17779490330649705, 'g0': 1.242766837808432, 'g1': 0.07000295642233932}
Previous:  {'d0': 1.9663808439331136, 'd1': 0.004094382721927635, 'e0': 1.1121038808467523, 'e1': -0.04300066921964346, 'f0': 0.4045841597543146, 'f1': 0.17943424269802077, 'g0': 1.2262919027866346, 'g1': 0.06836181236553962}
-------------------
