alist [1.0, 0.953321, 0.866399, 0.787402, 0.715608, 0.65036, 0.620002, 0.591061, 0.563471, 0.537169, 0.512095, 0.488191, 0.403224, 0.366459, 0.302679]
Curr: Box58_1400, Prev: Box46_1400
##############################


prev {'d': 0.42353572451411386, 'e': 0.30259311512223813, 'f': 1.6216999304127024, 'g': 1.2070169253181462}
Starting ML Fit
Box58_1400
       message: Optimization terminated successfully.
       success: True
        status: 0
           fun: 117.82905532951436
             x: [ 4.206e-01  2.991e-01  1.651e+00  1.213e+00]
           nit: 71
          nfev: 126
 final_simplex: (array([[ 4.206e-01,  2.991e-01,  1.651e+00,  1.213e+00],
                       [ 4.206e-01,  2.990e-01,  1.651e+00,  1.213e+00],
                       ...,
                       [ 4.206e-01,  2.991e-01,  1.651e+00,  1.213e+00],
                       [ 4.206e-01,  2.990e-01,  1.652e+00,  1.213e+00]]), array([ 1.178e+02,  1.178e+02,  1.178e+02,  1.178e+02,
                        1.178e+02]))
   param_names: ['d', 'e', 'f', 'g']
[0.42056132 0.29905215 1.65143887 1.21310225]
{'d': 0.4205613162270406, 'e': 0.2990521487259774, 'f': 1.6514388676972684, 'g': 1.2131022481337048}
Previous:  {'d': 0.42353572451411386, 'e': 0.30259311512223813, 'f': 1.6216999304127024, 'g': 1.2070169253181462}


##############################


prev {'d': 0.4205613162270406, 'e': 0.2990521487259774, 'f': 1.6514388676972684, 'g': 1.2131022481337048}
Starting ML Fit
Box58_1400
       message: Optimization terminated successfully.
       success: True
        status: 0
           fun: 112.737334412142
             x: [ 4.153e-01  2.962e-01  1.676e+00  1.217e+00]
           nit: 77
          nfev: 139
 final_simplex: (array([[ 4.153e-01,  2.962e-01,  1.676e+00,  1.217e+00],
                       [ 4.153e-01,  2.962e-01,  1.676e+00,  1.217e+00],
                       ...,
                       [ 4.153e-01,  2.962e-01,  1.676e+00,  1.217e+00],
                       [ 4.153e-01,  2.962e-01,  1.676e+00,  1.217e+00]]), array([ 1.127e+02,  1.127e+02,  1.127e+02,  1.127e+02,
                        1.127e+02]))
   param_names: ['d', 'e', 'f', 'g']
[0.41529742 0.29620099 1.67569328 1.21670981]
{'d': 0.4152974153313027, 'e': 0.2962009948867298, 'f': 1.675693284976744, 'g': 1.2167098060233856}
Previous:  {'d': 0.4205613162270406, 'e': 0.2990521487259774, 'f': 1.6514388676972684, 'g': 1.2131022481337048}


##############################


prev {'d': 0.4152974153313027, 'e': 0.2962009948867298, 'f': 1.675693284976744, 'g': 1.2167098060233856}
Starting ML Fit
Box58_1400
       message: Optimization terminated successfully.
       success: True
        status: 0
           fun: 113.83266379032702
             x: [ 4.055e-01  2.923e-01  1.710e+00  1.219e+00]
           nit: 100
          nfev: 172
 final_simplex: (array([[ 4.055e-01,  2.923e-01,  1.710e+00,  1.219e+00],
                       [ 4.055e-01,  2.923e-01,  1.710e+00,  1.219e+00],
                       ...,
                       [ 4.055e-01,  2.923e-01,  1.710e+00,  1.219e+00],
                       [ 4.055e-01,  2.923e-01,  1.710e+00,  1.219e+00]]), array([ 1.138e+02,  1.138e+02,  1.138e+02,  1.138e+02,
                        1.138e+02]))
   param_names: ['d', 'e', 'f', 'g']
[0.40545993 0.29232308 1.70966584 1.21868369]
{'d': 0.4054599311070033, 'e': 0.29232307853745826, 'f': 1.7096658436118792, 'g': 1.2186836921670108}
Previous:  {'d': 0.4152974153313027, 'e': 0.2962009948867298, 'f': 1.675693284976744, 'g': 1.2167098060233856}


##############################


prev {'d': 0.4054599311070033, 'e': 0.29232307853745826, 'f': 1.7096658436118792, 'g': 1.2186836921670108}
Starting ML Fit
Box58_1400
       message: Optimization terminated successfully.
       success: True
        status: 0
           fun: 107.15335390422874
             x: [ 3.977e-01  2.905e-01  1.729e+00  1.220e+00]
           nit: 114
          nfev: 197
 final_simplex: (array([[ 3.977e-01,  2.905e-01,  1.729e+00,  1.220e+00],
                       [ 3.977e-01,  2.905e-01,  1.729e+00,  1.220e+00],
                       ...,
                       [ 3.977e-01,  2.905e-01,  1.729e+00,  1.220e+00],
                       [ 3.977e-01,  2.905e-01,  1.729e+00,  1.220e+00]]), array([ 1.072e+02,  1.072e+02,  1.072e+02,  1.072e+02,
                        1.072e+02]))
   param_names: ['d', 'e', 'f', 'g']
[0.39771504 0.29052565 1.72873665 1.22006014]
{'d': 0.39771503838954414, 'e': 0.29052564649318174, 'f': 1.728736645634028, 'g': 1.2200601433511653}
Previous:  {'d': 0.4054599311070033, 'e': 0.29232307853745826, 'f': 1.7096658436118792, 'g': 1.2186836921670108}


##############################


prev {'d': 0.39771503838954414, 'e': 0.29052564649318174, 'f': 1.728736645634028, 'g': 1.2200601433511653}
Starting ML Fit
Box58_1400
       message: Optimization terminated successfully.
       success: True
        status: 0
           fun: 102.82753383179097
             x: [ 3.904e-01  2.892e-01  1.745e+00  1.219e+00]
           nit: 71
          nfev: 128
 final_simplex: (array([[ 3.904e-01,  2.892e-01,  1.745e+00,  1.219e+00],
                       [ 3.904e-01,  2.892e-01,  1.744e+00,  1.219e+00],
                       ...,
                       [ 3.904e-01,  2.892e-01,  1.745e+00,  1.219e+00],
                       [ 3.904e-01,  2.892e-01,  1.745e+00,  1.219e+00]]), array([ 1.028e+02,  1.028e+02,  1.028e+02,  1.028e+02,
                        1.028e+02]))
   param_names: ['d', 'e', 'f', 'g']
[0.39042536 0.28917901 1.74450183 1.2189053 ]
{'d': 0.39042535980262627, 'e': 0.2891790094825665, 'f': 1.7445018296628294, 'g': 1.2189053012316093}
Previous:  {'d': 0.39771503838954414, 'e': 0.29052564649318174, 'f': 1.728736645634028, 'g': 1.2200601433511653}


##############################


prev {'d': 0.39042535980262627, 'e': 0.2891790094825665, 'f': 1.7445018296628294, 'g': 1.2189053012316093}
Starting ML Fit
Box58_1400
       message: Optimization terminated successfully.
       success: True
        status: 0
           fun: 99.32161458205513
             x: [ 3.842e-01  2.876e-01  1.765e+00  1.217e+00]
           nit: 93
          nfev: 164
 final_simplex: (array([[ 3.842e-01,  2.876e-01,  1.765e+00,  1.217e+00],
                       [ 3.842e-01,  2.877e-01,  1.765e+00,  1.217e+00],
                       ...,
                       [ 3.842e-01,  2.877e-01,  1.765e+00,  1.217e+00],
                       [ 3.842e-01,  2.877e-01,  1.765e+00,  1.217e+00]]), array([ 9.932e+01,  9.932e+01,  9.932e+01,  9.932e+01,
                        9.932e+01]))
   param_names: ['d', 'e', 'f', 'g']
[0.38418706 0.2876409  1.76481687 1.21747122]
{'d': 0.38418705668559733, 'e': 0.28764090305269996, 'f': 1.7648168680828369, 'g': 1.217471216652628}
Previous:  {'d': 0.39042535980262627, 'e': 0.2891790094825665, 'f': 1.7445018296628294, 'g': 1.2189053012316093}


##############################


prev {'d': 0.38418705668559733, 'e': 0.28764090305269996, 'f': 1.7648168680828369, 'g': 1.217471216652628}
Starting ML Fit
Box58_1400
       message: Optimization terminated successfully.
       success: True
        status: 0
           fun: 95.74479533547336
             x: [ 3.811e-01  2.865e-01  1.780e+00  1.217e+00]
           nit: 81
          nfev: 147
 final_simplex: (array([[ 3.811e-01,  2.865e-01,  1.780e+00,  1.217e+00],
                       [ 3.811e-01,  2.865e-01,  1.780e+00,  1.217e+00],
                       ...,
                       [ 3.811e-01,  2.865e-01,  1.780e+00,  1.217e+00],
                       [ 3.811e-01,  2.865e-01,  1.780e+00,  1.217e+00]]), array([ 9.574e+01,  9.574e+01,  9.574e+01,  9.574e+01,
                        9.574e+01]))
   param_names: ['d', 'e', 'f', 'g']
[0.38110071 0.28648267 1.77971365 1.21657055]
{'d': 0.3811007135443325, 'e': 0.2864826651843263, 'f': 1.7797136487964718, 'g': 1.2165705508875422}
Previous:  {'d': 0.38418705668559733, 'e': 0.28764090305269996, 'f': 1.7648168680828369, 'g': 1.217471216652628}


##############################


prev {'d': 0.3811007135443325, 'e': 0.2864826651843263, 'f': 1.7797136487964718, 'g': 1.2165705508875422}
Starting ML Fit
Box58_1400
       message: Optimization terminated successfully.
       success: True
        status: 0
           fun: 92.65030726446805
             x: [ 3.774e-01  2.850e-01  1.799e+00  1.216e+00]
           nit: 80
          nfev: 139
 final_simplex: (array([[ 3.774e-01,  2.850e-01,  1.799e+00,  1.216e+00],
                       [ 3.774e-01,  2.850e-01,  1.799e+00,  1.216e+00],
                       ...,
                       [ 3.774e-01,  2.850e-01,  1.799e+00,  1.216e+00],
                       [ 3.774e-01,  2.850e-01,  1.799e+00,  1.216e+00]]), array([ 9.265e+01,  9.265e+01,  9.265e+01,  9.265e+01,
                        9.265e+01]))
   param_names: ['d', 'e', 'f', 'g']
[0.37742857 0.28500749 1.79873233 1.21577022]
{'d': 0.377428568795362, 'e': 0.2850074877408627, 'f': 1.7987323287223824, 'g': 1.2157702199914238}
Previous:  {'d': 0.3811007135443325, 'e': 0.2864826651843263, 'f': 1.7797136487964718, 'g': 1.2165705508875422}


##############################


prev {'d': 0.377428568795362, 'e': 0.2850074877408627, 'f': 1.7987323287223824, 'g': 1.2157702199914238}
Starting ML Fit
Box58_1400
       message: Optimization terminated successfully.
       success: True
        status: 0
           fun: 84.21140080748599
             x: [ 3.745e-01  2.841e-01  1.811e+00  1.215e+00]
           nit: 67
          nfev: 124
 final_simplex: (array([[ 3.745e-01,  2.841e-01,  1.811e+00,  1.215e+00],
                       [ 3.745e-01,  2.842e-01,  1.811e+00,  1.215e+00],
                       ...,
                       [ 3.745e-01,  2.842e-01,  1.811e+00,  1.215e+00],
                       [ 3.745e-01,  2.842e-01,  1.811e+00,  1.215e+00]]), array([ 8.421e+01,  8.421e+01,  8.421e+01,  8.421e+01,
                        8.421e+01]))
   param_names: ['d', 'e', 'f', 'g']
[0.37445213 0.28412112 1.8109457  1.21492876]
{'d': 0.37445212665656225, 'e': 0.2841211186983674, 'f': 1.8109457035427505, 'g': 1.2149287588898126}
Previous:  {'d': 0.377428568795362, 'e': 0.2850074877408627, 'f': 1.7987323287223824, 'g': 1.2157702199914238}


##############################


prev {'d': 0.37445212665656225, 'e': 0.2841211186983674, 'f': 1.8109457035427505, 'g': 1.2149287588898126}
Starting ML Fit
Box58_1400
       message: Optimization terminated successfully.
       success: True
        status: 0
           fun: 80.48133584812574
             x: [ 3.711e-01  2.836e-01  1.818e+00  1.212e+00]
           nit: 77
          nfev: 136
 final_simplex: (array([[ 3.711e-01,  2.836e-01,  1.818e+00,  1.212e+00],
                       [ 3.711e-01,  2.836e-01,  1.819e+00,  1.212e+00],
                       ...,
                       [ 3.711e-01,  2.836e-01,  1.818e+00,  1.212e+00],
                       [ 3.711e-01,  2.836e-01,  1.819e+00,  1.212e+00]]), array([ 8.048e+01,  8.048e+01,  8.048e+01,  8.048e+01,
                        8.048e+01]))
   param_names: ['d', 'e', 'f', 'g']
[0.37114176 0.28363402 1.81848144 1.21184497]
{'d': 0.371141763265691, 'e': 0.2836340156184982, 'f': 1.8184814411156844, 'g': 1.2118449742229314}
Previous:  {'d': 0.37445212665656225, 'e': 0.2841211186983674, 'f': 1.8109457035427505, 'g': 1.2149287588898126}


##############################


prev {'d': 0.371141763265691, 'e': 0.2836340156184982, 'f': 1.8184814411156844, 'g': 1.2118449742229314}
Starting ML Fit
Box58_1400
       message: Optimization terminated successfully.
       success: True
        status: 0
           fun: 78.24850634973708
             x: [ 3.679e-01  2.828e-01  1.830e+00  1.210e+00]
           nit: 68
          nfev: 126
 final_simplex: (array([[ 3.679e-01,  2.828e-01,  1.830e+00,  1.210e+00],
                       [ 3.679e-01,  2.828e-01,  1.830e+00,  1.210e+00],
                       ...,
                       [ 3.679e-01,  2.828e-01,  1.830e+00,  1.210e+00],
                       [ 3.679e-01,  2.828e-01,  1.830e+00,  1.210e+00]]), array([ 7.825e+01,  7.825e+01,  7.825e+01,  7.825e+01,
                        7.825e+01]))
   param_names: ['d', 'e', 'f', 'g']
[0.36789798 0.28279987 1.83011129 1.20998974]
{'d': 0.3678979849295029, 'e': 0.2827998653708697, 'f': 1.830111290068137, 'g': 1.2099897423418091}
Previous:  {'d': 0.371141763265691, 'e': 0.2836340156184982, 'f': 1.8184814411156844, 'g': 1.2118449742229314}


##############################


prev {'d': 0.3678979849295029, 'e': 0.2827998653708697, 'f': 1.830111290068137, 'g': 1.2099897423418091}
Starting ML Fit
Box58_1400
       message: Optimization terminated successfully.
       success: True
        status: 0
           fun: 75.72944856148737
             x: [ 3.648e-01  2.819e-01  1.844e+00  1.208e+00]
           nit: 79
          nfev: 140
 final_simplex: (array([[ 3.648e-01,  2.819e-01,  1.844e+00,  1.208e+00],
                       [ 3.648e-01,  2.819e-01,  1.844e+00,  1.208e+00],
                       ...,
                       [ 3.648e-01,  2.819e-01,  1.844e+00,  1.208e+00],
                       [ 3.648e-01,  2.819e-01,  1.844e+00,  1.208e+00]]), array([ 7.573e+01,  7.573e+01,  7.573e+01,  7.573e+01,
                        7.573e+01]))
   param_names: ['d', 'e', 'f', 'g']
[0.36476774 0.28186853 1.84379986 1.20813337]
{'d': 0.36476773968793375, 'e': 0.28186852514628047, 'f': 1.8437998591991929, 'g': 1.2081333727758221}
Previous:  {'d': 0.3678979849295029, 'e': 0.2827998653708697, 'f': 1.830111290068137, 'g': 1.2099897423418091}


##############################


prev {'d': 0.36476773968793375, 'e': 0.28186852514628047, 'f': 1.8437998591991929, 'g': 1.2081333727758221}
Starting ML Fit
Box58_1400
       message: Optimization terminated successfully.
       success: True
        status: 0
           fun: 62.66039702653417
             x: [ 3.544e-01  2.817e-01  1.849e+00  1.196e+00]
           nit: 82
          nfev: 148
 final_simplex: (array([[ 3.544e-01,  2.817e-01,  1.849e+00,  1.196e+00],
                       [ 3.544e-01,  2.817e-01,  1.849e+00,  1.196e+00],
                       ...,
                       [ 3.544e-01,  2.817e-01,  1.849e+00,  1.196e+00],
                       [ 3.544e-01,  2.817e-01,  1.849e+00,  1.196e+00]]), array([ 6.266e+01,  6.266e+01,  6.266e+01,  6.266e+01,
                        6.266e+01]))
   param_names: ['d', 'e', 'f', 'g']
[0.35442363 0.28170529 1.84864712 1.19557397]
{'d': 0.35442362912569153, 'e': 0.28170528862365335, 'f': 1.8486471161585163, 'g': 1.1955739677374813}
Previous:  {'d': 0.36476773968793375, 'e': 0.28186852514628047, 'f': 1.8437998591991929, 'g': 1.2081333727758221}


##############################


prev {'d': 0.35442362912569153, 'e': 0.28170528862365335, 'f': 1.8486471161585163, 'g': 1.1955739677374813}
Starting ML Fit
Box58_1400
       message: Optimization terminated successfully.
       success: True
        status: 0
           fun: 51.04653920537296
             x: [ 3.469e-01  2.813e-01  1.858e+00  1.186e+00]
           nit: 62
          nfev: 113
 final_simplex: (array([[ 3.469e-01,  2.813e-01,  1.858e+00,  1.186e+00],
                       [ 3.469e-01,  2.813e-01,  1.858e+00,  1.186e+00],
                       ...,
                       [ 3.469e-01,  2.813e-01,  1.858e+00,  1.186e+00],
                       [ 3.470e-01,  2.813e-01,  1.858e+00,  1.186e+00]]), array([ 5.105e+01,  5.105e+01,  5.105e+01,  5.105e+01,
                        5.105e+01]))
   param_names: ['d', 'e', 'f', 'g']
[0.34694354 0.28133287 1.85784292 1.18635985]
{'d': 0.34694353791189136, 'e': 0.28133286931721047, 'f': 1.8578429205646017, 'g': 1.1863598456817552}
Previous:  {'d': 0.35442362912569153, 'e': 0.28170528862365335, 'f': 1.8486471161585163, 'g': 1.1955739677374813}


##############################


prev {'d': 0.34694353791189136, 'e': 0.28133286931721047, 'f': 1.8578429205646017, 'g': 1.1863598456817552}
Starting ML Fit
Box58_1400
       message: Optimization terminated successfully.
       success: True
        status: 0
           fun: 43.93905233456105
             x: [ 3.367e-01  2.812e-01  1.863e+00  1.177e+00]
           nit: 68
          nfev: 121
 final_simplex: (array([[ 3.367e-01,  2.812e-01,  1.863e+00,  1.177e+00],
                       [ 3.367e-01,  2.811e-01,  1.863e+00,  1.177e+00],
                       ...,
                       [ 3.367e-01,  2.811e-01,  1.863e+00,  1.177e+00],
                       [ 3.367e-01,  2.812e-01,  1.863e+00,  1.177e+00]]), array([ 4.394e+01,  4.394e+01,  4.394e+01,  4.394e+01,
                        4.394e+01]))
   param_names: ['d', 'e', 'f', 'g']
[0.33668353 0.28115023 1.862888   1.17736049]
{'d': 0.3366835277830339, 'e': 0.28115022959170394, 'f': 1.862888002852318, 'g': 1.1773604888239506}
Previous:  {'d': 0.34694353791189136, 'e': 0.28133286931721047, 'f': 1.8578429205646017, 'g': 1.1863598456817552}


