##############################


[[0.01   0.     0.     0.     0.     0.     0.     0.    ]
 [0.     0.01   0.     0.     0.     0.     0.     0.    ]
 [0.     0.     0.001  0.     0.     0.     0.     0.    ]
 [0.     0.     0.     0.001  0.     0.     0.     0.    ]
 [0.     0.     0.     0.     0.0005 0.     0.     0.    ]
 [0.     0.     0.     0.     0.     0.0005 0.     0.    ]
 [0.     0.     0.     0.     0.     0.     0.0001 0.    ]
 [0.     0.     0.     0.     0.     0.     0.     0.0001]]
[0.302679, 0.366459, 0.403224, 0.488191, 0.512095, 0.537169, 0.563471, 0.591061, 0.620002, 0.65036, 0.715608, 0.787402, 0.866399, 0.953321, 1.0]
dict_keys([0.302679, 0.366459, 0.403224, 0.488191, 0.512095, 0.537169, 0.563471, 0.591061, 0.620002, 0.65036, 0.715608, 0.787402, 0.866399, 0.953321, 1.0])
prev {'d0': 1.9387287102668629, 'd1': 0.015063364766625112, 'e0': 1.1648493377253342, 'e1': -0.10679485501597452, 'f0': 0.408927703445639, 'f1': 0.20777132029717188, 'g0': 1.2368355889119569, 'g1': 0.07288333833546626}
Starting ML Fit
Box77_1400
       message: Optimization terminated successfully.
       success: True
        status: 0
           fun: 1644.5230260614762
             x: [ 1.873e+00  2.743e-02  1.141e+00 -8.353e-02  4.210e-01
                  1.652e-01  1.233e+00  6.991e-02]
           nit: 611
          nfev: 913
 final_simplex: (array([[ 1.873e+00,  2.743e-02, ...,  1.233e+00,
                         6.991e-02],
                       [ 1.873e+00,  2.743e-02, ...,  1.233e+00,
                         6.992e-02],
                       ...,
                       [ 1.873e+00,  2.743e-02, ...,  1.233e+00,
                         6.992e-02],
                       [ 1.873e+00,  2.744e-02, ...,  1.233e+00,
                         6.992e-02]]), array([ 1.645e+03,  1.645e+03,  1.645e+03,  1.645e+03,
                        1.645e+03,  1.645e+03,  1.645e+03,  1.645e+03,
                        1.645e+03]))
   param_names: ['d0', 'd1', 'e0', 'e1', 'f0', 'f1', 'g0', 'g1']
[ 1.8727034   0.0274299   1.14093346 -0.08352851  0.42101638  0.16516181
  1.23292529  0.06991085]
{'d0': 1.8727034006375454, 'd1': 0.02742990073667162, 'e0': 1.140933459979525, 'e1': -0.08352850840781895, 'f0': 0.42101637667460867, 'f1': 0.16516180610425427, 'g0': 1.2329252863978262, 'g1': 0.06991085385519748}
-------------------
{'d0': 1.8727034006375454, 'd1': 0.02742990073667162, 'e0': 1.140933459979525, 'e1': -0.08352850840781895, 'f0': 0.42101637667460867, 'f1': 0.16516180610425427, 'g0': 1.2329252863978262, 'g1': 0.06991085385519748}
Previous:  {'d0': 1.9387287102668629, 'd1': 0.015063364766625112, 'e0': 1.1648493377253342, 'e1': -0.10679485501597452, 'f0': 0.408927703445639, 'f1': 0.20777132029717188, 'g0': 1.2368355889119569, 'g1': 0.07288333833546626}
-------------------
