alist [1.0, 0.953321, 0.866399, 0.787402, 0.715608, 0.65036, 0.620002, 0.591061, 0.563471, 0.537169, 0.512095, 0.488191, 0.403224, 0.366459, 0.302679]
Curr: Box92_1400, Prev: Box72_1400
##############################


prev {'d': 1.9884497558090426, 'e': 1.033580758937918, 'f': 0.5411508323252205, 'g': 1.229186582104524}
Starting ML Fit
Box92_1400
       message: Optimization terminated successfully.
       success: True
        status: 0
           fun: 109.83823032119828
             x: [ 2.036e+00  9.859e-01  5.483e-01  1.217e+00]
           nit: 113
          nfev: 198
 final_simplex: (array([[ 2.036e+00,  9.859e-01,  5.483e-01,  1.217e+00],
                       [ 2.036e+00,  9.859e-01,  5.483e-01,  1.217e+00],
                       ...,
                       [ 2.036e+00,  9.859e-01,  5.483e-01,  1.217e+00],
                       [ 2.036e+00,  9.859e-01,  5.483e-01,  1.217e+00]]), array([ 1.098e+02,  1.098e+02,  1.098e+02,  1.098e+02,
                        1.098e+02]))
   param_names: ['d', 'e', 'f', 'g']
[2.03592979 0.98593506 0.54831999 1.21747494]
{'d': 2.035929793300342, 'e': 0.9859350622704708, 'f': 0.5483199893406251, 'g': 1.217474938559171}
Previous:  {'d': 1.9884497558090426, 'e': 1.033580758937918, 'f': 0.5411508323252205, 'g': 1.229186582104524}


##############################


asserting exponential supression start at lower masses
prev {'d': 2.035929793300342, 'e': 0.9859350622704708, 'f': 0.5483199893406251, 'g': 1.217474938559171}
Starting ML Fit
Box92_1400
       message: Optimization terminated successfully.
       success: True
        status: 0
           fun: 105.53006896598085
             x: [ 2.110e+00  9.373e-01  5.551e-01  1.217e+00]
           nit: 214
          nfev: 360
 final_simplex: (array([[ 2.110e+00,  9.373e-01,  5.551e-01,  1.217e+00],
                       [ 2.110e+00,  9.373e-01,  5.551e-01,  1.217e+00],
                       ...,
                       [ 2.109e+00,  9.373e-01,  5.551e-01,  1.217e+00],
                       [ 2.109e+00,  9.373e-01,  5.551e-01,  1.217e+00]]), array([ 1.055e+02,  1.055e+02,  1.055e+02,  1.055e+02,
                        1.055e+02]))
   param_names: ['d', 'e', 'f', 'g']
[2.10955302 0.93731127 0.55509852 1.21747495]
{'d': 2.109553019889975, 'e': 0.9373112732000304, 'f': 0.5550985218968496, 'g': 1.2174749535149019}
Previous:  {'d': 2.035929793300342, 'e': 0.9859350622704708, 'f': 0.5483199893406251, 'g': 1.217474938559171}


##############################


asserting exponential supression start at lower masses
prev {'d': 2.109553019889975, 'e': 0.9373112732000304, 'f': 0.5550985218968496, 'g': 1.2174749535149019}
Starting ML Fit
Box92_1400
       message: Optimization terminated successfully.
       success: True
        status: 0
           fun: 100.08546831140497
             x: [ 2.202e+00  8.805e-01  5.595e-01  1.217e+00]
           nit: 116
          nfev: 206
 final_simplex: (array([[ 2.202e+00,  8.805e-01,  5.595e-01,  1.217e+00],
                       [ 2.202e+00,  8.805e-01,  5.595e-01,  1.217e+00],
                       ...,
                       [ 2.202e+00,  8.805e-01,  5.596e-01,  1.217e+00],
                       [ 2.202e+00,  8.805e-01,  5.596e-01,  1.217e+00]]), array([ 1.001e+02,  1.001e+02,  1.001e+02,  1.001e+02,
                        1.001e+02]))
   param_names: ['d', 'e', 'f', 'g']
[2.20169193 0.88046197 0.55954654 1.21747502]
{'d': 2.2016919270686444, 'e': 0.8804619694016853, 'f': 0.5595465446866662, 'g': 1.2174750166868202}
Previous:  {'d': 2.109553019889975, 'e': 0.9373112732000304, 'f': 0.5550985218968496, 'g': 1.2174749535149019}


##############################


asserting exponential supression start at lower masses
prev {'d': 2.2016919270686444, 'e': 0.8804619694016853, 'f': 0.5595465446866662, 'g': 1.2174750166868202}
Starting ML Fit
Box92_1400
       message: Optimization terminated successfully.
       success: True
        status: 0
           fun: 102.2967640758052
             x: [ 2.308e+00  8.342e-01  5.615e-01  1.217e+00]
           nit: 118
          nfev: 206
 final_simplex: (array([[ 2.308e+00,  8.342e-01,  5.615e-01,  1.217e+00],
                       [ 2.308e+00,  8.342e-01,  5.615e-01,  1.217e+00],
                       ...,
                       [ 2.308e+00,  8.342e-01,  5.615e-01,  1.217e+00],
                       [ 2.308e+00,  8.342e-01,  5.615e-01,  1.217e+00]]), array([ 1.023e+02,  1.023e+02,  1.023e+02,  1.023e+02,
                        1.023e+02]))
   param_names: ['d', 'e', 'f', 'g']
[2.30779597 0.83421826 0.56146942 1.21747507]
{'d': 2.3077959667945356, 'e': 0.8342182601511463, 'f': 0.5614694155719419, 'g': 1.217475070150889}
Previous:  {'d': 2.2016919270686444, 'e': 0.8804619694016853, 'f': 0.5595465446866662, 'g': 1.2174750166868202}


##############################


asserting exponential supression start at lower masses
prev {'d': 2.3077959667945356, 'e': 0.8342182601511463, 'f': 0.5614694155719419, 'g': 1.217475070150889}
Starting ML Fit
Box92_1400
       message: Optimization terminated successfully.
       success: True
        status: 0
           fun: 93.6632610872435
             x: [ 2.378e+00  7.991e-01  5.626e-01  1.217e+00]
           nit: 142
          nfev: 241
 final_simplex: (array([[ 2.378e+00,  7.991e-01,  5.626e-01,  1.217e+00],
                       [ 2.378e+00,  7.991e-01,  5.626e-01,  1.217e+00],
                       ...,
                       [ 2.378e+00,  7.991e-01,  5.626e-01,  1.217e+00],
                       [ 2.378e+00,  7.991e-01,  5.626e-01,  1.217e+00]]), array([ 9.366e+01,  9.366e+01,  9.366e+01,  9.366e+01,
                        9.366e+01]))
   param_names: ['d', 'e', 'f', 'g']
[2.37784695 0.79908592 0.56256502 1.21747511]
{'d': 2.377846950547414, 'e': 0.799085923659633, 'f': 0.5625650244496881, 'g': 1.21747511089817}
Previous:  {'d': 2.3077959667945356, 'e': 0.8342182601511463, 'f': 0.5614694155719419, 'g': 1.217475070150889}


##############################


asserting exponential supression start at lower masses
prev {'d': 2.377846950547414, 'e': 0.799085923659633, 'f': 0.5625650244496881, 'g': 1.21747511089817}
Starting ML Fit
Box92_1400
       message: Optimization terminated successfully.
       success: True
        status: 0
           fun: 81.30359902452697
             x: [ 2.461e+00  7.655e-01  5.651e-01  1.217e+00]
           nit: 109
          nfev: 182
 final_simplex: (array([[ 2.461e+00,  7.655e-01,  5.651e-01,  1.217e+00],
                       [ 2.461e+00,  7.655e-01,  5.651e-01,  1.217e+00],
                       ...,
                       [ 2.461e+00,  7.655e-01,  5.651e-01,  1.217e+00],
                       [ 2.461e+00,  7.655e-01,  5.652e-01,  1.217e+00]]), array([ 8.130e+01,  8.130e+01,  8.130e+01,  8.130e+01,
                        8.130e+01]))
   param_names: ['d', 'e', 'f', 'g']
[2.4606075  0.7654555  0.56514899 1.21747602]
{'d': 2.46060750348543, 'e': 0.7654555033930341, 'f': 0.5651489942629409, 'g': 1.2174760161899507}
Previous:  {'d': 2.377846950547414, 'e': 0.799085923659633, 'f': 0.5625650244496881, 'g': 1.21747511089817}


##############################


asserting exponential supression start at lower masses
prev {'d': 2.46060750348543, 'e': 0.7654555033930341, 'f': 0.5651489942629409, 'g': 1.2174760161899507}
Starting ML Fit
Box92_1400
       message: Optimization terminated successfully.
       success: True
        status: 0
           fun: 77.6071998973176
             x: [ 2.516e+00  7.481e-01  5.672e-01  1.217e+00]
           nit: 183
          nfev: 305
 final_simplex: (array([[ 2.516e+00,  7.481e-01,  5.672e-01,  1.217e+00],
                       [ 2.516e+00,  7.482e-01,  5.672e-01,  1.217e+00],
                       ...,
                       [ 2.516e+00,  7.481e-01,  5.672e-01,  1.217e+00],
                       [ 2.516e+00,  7.482e-01,  5.672e-01,  1.217e+00]]), array([ 7.761e+01,  7.761e+01,  7.761e+01,  7.761e+01,
                        7.761e+01]))
   param_names: ['d', 'e', 'f', 'g']
[2.51557288 0.74810982 0.56722036 1.21747607]
{'d': 2.515572883158314, 'e': 0.7481098239690436, 'f': 0.5672203568946659, 'g': 1.2174760651657768}
Previous:  {'d': 2.46060750348543, 'e': 0.7654555033930341, 'f': 0.5651489942629409, 'g': 1.2174760161899507}


##############################


asserting exponential supression start at lower masses
prev {'d': 2.515572883158314, 'e': 0.7481098239690436, 'f': 0.5672203568946659, 'g': 1.2174760651657768}
Starting ML Fit
Box92_1400
       message: Optimization terminated successfully.
       success: True
        status: 0
           fun: 77.44563777195822
             x: [ 2.554e+00  7.331e-01  5.693e-01  1.217e+00]
           nit: 111
          nfev: 198
 final_simplex: (array([[ 2.554e+00,  7.331e-01,  5.693e-01,  1.217e+00],
                       [ 2.554e+00,  7.331e-01,  5.693e-01,  1.217e+00],
                       ...,
                       [ 2.554e+00,  7.331e-01,  5.693e-01,  1.217e+00],
                       [ 2.554e+00,  7.331e-01,  5.693e-01,  1.217e+00]]), array([ 7.745e+01,  7.745e+01,  7.745e+01,  7.745e+01,
                        7.745e+01]))
   param_names: ['d', 'e', 'f', 'g']
[2.55403117 0.73307811 0.56933897 1.21747718]
{'d': 2.5540311720450797, 'e': 0.7330781078204964, 'f': 0.569338972800512, 'g': 1.2174771780113303}
Previous:  {'d': 2.515572883158314, 'e': 0.7481098239690436, 'f': 0.5672203568946659, 'g': 1.2174760651657768}


##############################


asserting exponential supression start at lower masses
prev {'d': 2.5540311720450797, 'e': 0.7330781078204964, 'f': 0.569338972800512, 'g': 1.2174771780113303}
Starting ML Fit
Box92_1400
       message: Optimization terminated successfully.
       success: True
        status: 0
           fun: 80.84458470673867
             x: [ 2.579e+00  7.209e-01  5.708e-01  1.217e+00]
           nit: 148
          nfev: 259
 final_simplex: (array([[ 2.579e+00,  7.209e-01,  5.708e-01,  1.217e+00],
                       [ 2.579e+00,  7.209e-01,  5.708e-01,  1.217e+00],
                       ...,
                       [ 2.579e+00,  7.209e-01,  5.708e-01,  1.217e+00],
                       [ 2.579e+00,  7.209e-01,  5.708e-01,  1.217e+00]]), array([ 8.084e+01,  8.084e+01,  8.084e+01,  8.084e+01,
                        8.084e+01]))
   param_names: ['d', 'e', 'f', 'g']
[2.57930884 0.72089516 0.57077511 1.21747718]
{'d': 2.5793088419686794, 'e': 0.7208951569436383, 'f': 0.5707751134217065, 'g': 1.2174771796872326}
Previous:  {'d': 2.5540311720450797, 'e': 0.7330781078204964, 'f': 0.569338972800512, 'g': 1.2174771780113303}


##############################


asserting exponential supression start at lower masses
prev {'d': 2.5793088419686794, 'e': 0.7208951569436383, 'f': 0.5707751134217065, 'g': 1.2174771796872326}
Starting ML Fit
Box92_1400
       message: Optimization terminated successfully.
       success: True
        status: 0
           fun: 77.7006647575445
             x: [ 2.610e+00  7.090e-01  5.728e-01  1.217e+00]
           nit: 136
          nfev: 240
 final_simplex: (array([[ 2.610e+00,  7.090e-01,  5.728e-01,  1.217e+00],
                       [ 2.610e+00,  7.090e-01,  5.728e-01,  1.217e+00],
                       ...,
                       [ 2.610e+00,  7.090e-01,  5.728e-01,  1.217e+00],
                       [ 2.610e+00,  7.090e-01,  5.728e-01,  1.217e+00]]), array([ 7.770e+01,  7.770e+01,  7.770e+01,  7.770e+01,
                        7.770e+01]))
   param_names: ['d', 'e', 'f', 'g']
[2.60990814 0.70901175 0.57283731 1.21747726]
{'d': 2.6099081391331262, 'e': 0.7090117484673897, 'f': 0.5728373136150404, 'g': 1.2174772600005288}
Previous:  {'d': 2.5793088419686794, 'e': 0.7208951569436383, 'f': 0.5707751134217065, 'g': 1.2174771796872326}


##############################


asserting exponential supression start at lower masses
prev {'d': 2.6099081391331262, 'e': 0.7090117484673897, 'f': 0.5728373136150404, 'g': 1.2174772600005288}
Starting ML Fit
Box92_1400
       message: Optimization terminated successfully.
       success: True
        status: 0
           fun: 74.22278576199673
             x: [ 2.626e+00  6.998e-01  5.739e-01  1.217e+00]
           nit: 108
          nfev: 184
 final_simplex: (array([[ 2.626e+00,  6.998e-01,  5.739e-01,  1.217e+00],
                       [ 2.626e+00,  6.998e-01,  5.739e-01,  1.217e+00],
                       ...,
                       [ 2.626e+00,  6.998e-01,  5.739e-01,  1.217e+00],
                       [ 2.626e+00,  6.998e-01,  5.739e-01,  1.217e+00]]), array([ 7.422e+01,  7.422e+01,  7.422e+01,  7.422e+01,
                        7.422e+01]))
   param_names: ['d', 'e', 'f', 'g']
[2.62600601 0.69981841 0.57392695 1.21747728]
{'d': 2.6260060108117216, 'e': 0.699818408375763, 'f': 0.5739269479241504, 'g': 1.2174772841459371}
Previous:  {'d': 2.6099081391331262, 'e': 0.7090117484673897, 'f': 0.5728373136150404, 'g': 1.2174772600005288}


##############################


asserting exponential supression start at lower masses
prev {'d': 2.6260060108117216, 'e': 0.699818408375763, 'f': 0.5739269479241504, 'g': 1.2174772841459371}
Starting ML Fit
Box92_1400
       message: Optimization terminated successfully.
       success: True
        status: 0
           fun: 66.85143066415255
             x: [ 2.622e+00  6.900e-01  5.764e-01  1.217e+00]
           nit: 172
          nfev: 301
 final_simplex: (array([[ 2.622e+00,  6.900e-01,  5.764e-01,  1.217e+00],
                       [ 2.622e+00,  6.901e-01,  5.764e-01,  1.217e+00],
                       ...,
                       [ 2.622e+00,  6.900e-01,  5.764e-01,  1.217e+00],
                       [ 2.622e+00,  6.900e-01,  5.764e-01,  1.217e+00]]), array([ 6.685e+01,  6.685e+01,  6.685e+01,  6.685e+01,
                        6.685e+01]))
   param_names: ['d', 'e', 'f', 'g']
[2.62197413 0.69002171 0.57640083 1.21747735]
{'d': 2.621974133463244, 'e': 0.6900217140838897, 'f': 0.5764008261481594, 'g': 1.217477349734795}
Previous:  {'d': 2.6260060108117216, 'e': 0.699818408375763, 'f': 0.5739269479241504, 'g': 1.2174772841459371}


##############################


asserting exponential supression start at lower masses
prev {'d': 2.621974133463244, 'e': 0.6900217140838897, 'f': 0.5764008261481594, 'g': 1.217477349734795}
Starting ML Fit
Box92_1400
       message: Optimization terminated successfully.
       success: True
        status: 0
           fun: 50.07468990591246
             x: [ 2.667e+00  6.672e-01  5.765e-01  1.217e+00]
           nit: 199
          nfev: 352
 final_simplex: (array([[ 2.667e+00,  6.672e-01,  5.765e-01,  1.217e+00],
                       [ 2.667e+00,  6.672e-01,  5.765e-01,  1.217e+00],
                       ...,
                       [ 2.667e+00,  6.672e-01,  5.765e-01,  1.217e+00],
                       [ 2.667e+00,  6.672e-01,  5.765e-01,  1.217e+00]]), array([ 5.007e+01,  5.007e+01,  5.007e+01,  5.007e+01,
                        5.007e+01]))
   param_names: ['d', 'e', 'f', 'g']
[2.66729921 0.66722008 0.57652663 1.21747744]
{'d': 2.667299212779106, 'e': 0.6672200774895898, 'f': 0.5765266306443405, 'g': 1.2174774353838071}
Previous:  {'d': 2.621974133463244, 'e': 0.6900217140838897, 'f': 0.5764008261481594, 'g': 1.217477349734795}


##############################


asserting exponential supression start at lower masses
prev {'d': 2.667299212779106, 'e': 0.6672200774895898, 'f': 0.5765266306443405, 'g': 1.2174774353838071}
Starting ML Fit
Box92_1400
       message: Optimization terminated successfully.
       success: True
        status: 0
           fun: 42.803656909778525
             x: [ 2.625e+00  6.609e-01  5.771e-01  1.217e+00]
           nit: 116
          nfev: 206
 final_simplex: (array([[ 2.625e+00,  6.609e-01,  5.771e-01,  1.217e+00],
                       [ 2.625e+00,  6.609e-01,  5.771e-01,  1.217e+00],
                       ...,
                       [ 2.625e+00,  6.609e-01,  5.771e-01,  1.217e+00],
                       [ 2.625e+00,  6.609e-01,  5.771e-01,  1.217e+00]]), array([ 4.280e+01,  4.280e+01,  4.280e+01,  4.280e+01,
                        4.280e+01]))
   param_names: ['d', 'e', 'f', 'g']
[2.62491021 0.66087454 0.57711213 1.21747751]
{'d': 2.6249102067842554, 'e': 0.6608745442897301, 'f': 0.5771121261266822, 'g': 1.2174775083072025}
Previous:  {'d': 2.667299212779106, 'e': 0.6672200774895898, 'f': 0.5765266306443405, 'g': 1.2174774353838071}


##############################


asserting exponential supression start at lower masses
prev {'d': 2.6249102067842554, 'e': 0.6608745442897301, 'f': 0.5771121261266822, 'g': 1.2174775083072025}
Starting ML Fit
Box92_1400
       message: Optimization terminated successfully.
       success: True
        status: 0
           fun: 24.961002869859396
             x: [ 2.555e+00  6.548e-01  5.774e-01  1.218e+00]
           nit: 123
          nfev: 215
 final_simplex: (array([[ 2.555e+00,  6.548e-01,  5.774e-01,  1.218e+00],
                       [ 2.555e+00,  6.548e-01,  5.774e-01,  1.218e+00],
                       ...,
                       [ 2.555e+00,  6.548e-01,  5.774e-01,  1.218e+00],
                       [ 2.555e+00,  6.548e-01,  5.774e-01,  1.218e+00]]), array([ 2.496e+01,  2.496e+01,  2.496e+01,  2.496e+01,
                        2.496e+01]))
   param_names: ['d', 'e', 'f', 'g']
[2.55483437 0.65481098 0.57738703 1.21798829]
{'d': 2.5548343723932434, 'e': 0.654810980301511, 'f': 0.5773870329377199, 'g': 1.2179882869226648}
Previous:  {'d': 2.6249102067842554, 'e': 0.6608745442897301, 'f': 0.5771121261266822, 'g': 1.2174775083072025}


