alist [1.0, 0.953321, 0.866399, 0.787402, 0.715608, 0.65036, 0.620002, 0.591061, 0.563471, 0.537169, 0.512095, 0.488191, 0.403224, 0.366459, 0.302679]
Curr: Box_n50_37_1400, Prev: Box_n50_33_1400
##############################


prev {'d': 2.0258076557443134, 'e': 1.0021777604864435, 'f': 0.5389908626671798, 'g': 1.2406344525828903}
Starting ML Fit
Box_n50_37_1400
       message: Optimization terminated successfully.
       success: True
        status: 0
           fun: 99.92587854751683
             x: [ 2.048e+00  1.001e+00  5.358e-01  1.240e+00]
           nit: 67
          nfev: 126
 final_simplex: (array([[ 2.048e+00,  1.001e+00,  5.358e-01,  1.240e+00],
                       [ 2.048e+00,  1.001e+00,  5.358e-01,  1.240e+00],
                       ...,
                       [ 2.048e+00,  1.001e+00,  5.358e-01,  1.240e+00],
                       [ 2.048e+00,  1.001e+00,  5.358e-01,  1.240e+00]]), array([ 9.993e+01,  9.993e+01,  9.993e+01,  9.993e+01,
                        9.993e+01]))
   param_names: ['d', 'e', 'f', 'g']
[2.0481997  1.00104659 0.53578517 1.24028461]
{'d': 2.0481997017667544, 'e': 1.0010465944322327, 'f': 0.5357851746701091, 'g': 1.24028461181916}
Previous:  {'d': 2.0258076557443134, 'e': 1.0021777604864435, 'f': 0.5389908626671798, 'g': 1.2406344525828903}


##############################


asserting exponential supression start at lower masses
prev {'d': 2.0481997017667544, 'e': 1.0010465944322327, 'f': 0.5357851746701091, 'g': 1.24028461181916}
Starting ML Fit
Box_n50_37_1400
       message: Optimization terminated successfully.
       success: True
        status: 0
           fun: 102.73507754403919
             x: [ 2.065e+00  9.991e-01  5.286e-01  1.242e+00]
           nit: 107
          nfev: 187
 final_simplex: (array([[ 2.065e+00,  9.991e-01,  5.286e-01,  1.242e+00],
                       [ 2.065e+00,  9.991e-01,  5.286e-01,  1.242e+00],
                       ...,
                       [ 2.065e+00,  9.991e-01,  5.286e-01,  1.242e+00],
                       [ 2.065e+00,  9.991e-01,  5.286e-01,  1.242e+00]]), array([ 1.027e+02,  1.027e+02,  1.027e+02,  1.027e+02,
                        1.027e+02]))
   param_names: ['d', 'e', 'f', 'g']
[2.06510031 0.99911512 0.5285523  1.24226678]
{'d': 2.0651003081674633, 'e': 0.9991151169925793, 'f': 0.5285523021207597, 'g': 1.2422667797700444}
Previous:  {'d': 2.0481997017667544, 'e': 1.0010465944322327, 'f': 0.5357851746701091, 'g': 1.24028461181916}


##############################


asserting exponential supression start at lower masses
prev {'d': 2.0651003081674633, 'e': 0.9991151169925793, 'f': 0.5285523021207597, 'g': 1.2422667797700444}
Starting ML Fit
Box_n50_37_1400
       message: Optimization terminated successfully.
       success: True
        status: 0
           fun: 100.39135741783639
             x: [ 2.105e+00  9.958e-01  5.143e-01  1.246e+00]
           nit: 80
          nfev: 145
 final_simplex: (array([[ 2.105e+00,  9.958e-01,  5.143e-01,  1.246e+00],
                       [ 2.105e+00,  9.958e-01,  5.143e-01,  1.246e+00],
                       ...,
                       [ 2.105e+00,  9.958e-01,  5.143e-01,  1.246e+00],
                       [ 2.105e+00,  9.958e-01,  5.143e-01,  1.246e+00]]), array([ 1.004e+02,  1.004e+02,  1.004e+02,  1.004e+02,
                        1.004e+02]))
   param_names: ['d', 'e', 'f', 'g']
[2.10483981 0.99577571 0.51426651 1.24601853]
{'d': 2.1048398147412906, 'e': 0.9957757067145059, 'f': 0.5142665056656767, 'g': 1.2460185262302623}
Previous:  {'d': 2.0651003081674633, 'e': 0.9991151169925793, 'f': 0.5285523021207597, 'g': 1.2422667797700444}


##############################


asserting exponential supression start at lower masses
prev {'d': 2.1048398147412906, 'e': 0.9957757067145059, 'f': 0.5142665056656767, 'g': 1.2460185262302623}
Starting ML Fit
Box_n50_37_1400
       message: Optimization terminated successfully.
       success: True
        status: 0
           fun: 101.59668122374727
             x: [ 2.124e+00  9.921e-01  5.017e-01  1.249e+00]
           nit: 88
          nfev: 156
 final_simplex: (array([[ 2.124e+00,  9.921e-01,  5.017e-01,  1.249e+00],
                       [ 2.124e+00,  9.920e-01,  5.017e-01,  1.249e+00],
                       ...,
                       [ 2.124e+00,  9.920e-01,  5.017e-01,  1.249e+00],
                       [ 2.124e+00,  9.920e-01,  5.017e-01,  1.249e+00]]), array([ 1.016e+02,  1.016e+02,  1.016e+02,  1.016e+02,
                        1.016e+02]))
   param_names: ['d', 'e', 'f', 'g']
[2.12363672 0.99206019 0.50171806 1.24946133]
{'d': 2.123636722188339, 'e': 0.9920601908209952, 'f': 0.5017180633653822, 'g': 1.2494613285371339}
Previous:  {'d': 2.1048398147412906, 'e': 0.9957757067145059, 'f': 0.5142665056656767, 'g': 1.2460185262302623}


##############################


asserting exponential supression start at lower masses
prev {'d': 2.123636722188339, 'e': 0.9920601908209952, 'f': 0.5017180633653822, 'g': 1.2494613285371339}
Starting ML Fit
Box_n50_37_1400
       message: Optimization terminated successfully.
       success: True
        status: 0
           fun: 97.4191543948624
             x: [ 2.161e+00  9.890e-01  4.894e-01  1.252e+00]
           nit: 92
          nfev: 159
 final_simplex: (array([[ 2.161e+00,  9.890e-01,  4.894e-01,  1.252e+00],
                       [ 2.161e+00,  9.890e-01,  4.894e-01,  1.252e+00],
                       ...,
                       [ 2.161e+00,  9.891e-01,  4.894e-01,  1.252e+00],
                       [ 2.161e+00,  9.890e-01,  4.894e-01,  1.252e+00]]), array([ 9.742e+01,  9.742e+01,  9.742e+01,  9.742e+01,
                        9.742e+01]))
   param_names: ['d', 'e', 'f', 'g']
[2.160777   0.98903774 0.48940711 1.25237089]
{'d': 2.1607769962484467, 'e': 0.9890377411097444, 'f': 0.48940710666240517, 'g': 1.2523708924535852}
Previous:  {'d': 2.123636722188339, 'e': 0.9920601908209952, 'f': 0.5017180633653822, 'g': 1.2494613285371339}


##############################


asserting exponential supression start at lower masses
prev {'d': 2.1607769962484467, 'e': 0.9890377411097444, 'f': 0.48940710666240517, 'g': 1.2523708924535852}
Starting ML Fit
Box_n50_37_1400
       message: Optimization terminated successfully.
       success: True
        status: 0
           fun: 85.9912546549589
             x: [ 2.193e+00  9.862e-01  4.785e-01  1.255e+00]
           nit: 79
          nfev: 140
 final_simplex: (array([[ 2.193e+00,  9.862e-01,  4.785e-01,  1.255e+00],
                       [ 2.193e+00,  9.862e-01,  4.785e-01,  1.255e+00],
                       ...,
                       [ 2.193e+00,  9.862e-01,  4.785e-01,  1.255e+00],
                       [ 2.193e+00,  9.862e-01,  4.785e-01,  1.255e+00]]), array([ 8.599e+01,  8.599e+01,  8.599e+01,  8.599e+01,
                        8.599e+01]))
   param_names: ['d', 'e', 'f', 'g']
[2.19264522 0.98622253 0.47846063 1.25481166]
{'d': 2.1926452169598782, 'e': 0.9862225295286069, 'f': 0.47846062975369313, 'g': 1.25481166457041}
Previous:  {'d': 2.1607769962484467, 'e': 0.9890377411097444, 'f': 0.48940710666240517, 'g': 1.2523708924535852}


##############################


asserting exponential supression start at lower masses
prev {'d': 2.1926452169598782, 'e': 0.9862225295286069, 'f': 0.47846062975369313, 'g': 1.25481166457041}
Starting ML Fit
Box_n50_37_1400
       message: Optimization terminated successfully.
       success: True
        status: 0
           fun: 82.06036869220698
             x: [ 2.216e+00  9.850e-01  4.730e-01  1.256e+00]
           nit: 80
          nfev: 141
 final_simplex: (array([[ 2.216e+00,  9.850e-01,  4.730e-01,  1.256e+00],
                       [ 2.216e+00,  9.849e-01,  4.730e-01,  1.256e+00],
                       ...,
                       [ 2.216e+00,  9.850e-01,  4.730e-01,  1.256e+00],
                       [ 2.216e+00,  9.849e-01,  4.730e-01,  1.256e+00]]), array([ 8.206e+01,  8.206e+01,  8.206e+01,  8.206e+01,
                        8.206e+01]))
   param_names: ['d', 'e', 'f', 'g']
[2.2160783  0.98498399 0.47296373 1.25626873]
{'d': 2.2160782988306114, 'e': 0.9849839947655394, 'f': 0.47296372877371323, 'g': 1.2562687341541758}
Previous:  {'d': 2.1926452169598782, 'e': 0.9862225295286069, 'f': 0.47846062975369313, 'g': 1.25481166457041}


##############################


asserting exponential supression start at lower masses
prev {'d': 2.2160782988306114, 'e': 0.9849839947655394, 'f': 0.47296372877371323, 'g': 1.2562687341541758}
Starting ML Fit
Box_n50_37_1400
       message: Optimization terminated successfully.
       success: True
        status: 0
           fun: 80.46549089396143
             x: [ 2.255e+00  9.847e-01  4.672e-01  1.259e+00]
           nit: 99
          nfev: 169
 final_simplex: (array([[ 2.255e+00,  9.847e-01,  4.672e-01,  1.259e+00],
                       [ 2.255e+00,  9.847e-01,  4.672e-01,  1.259e+00],
                       ...,
                       [ 2.255e+00,  9.847e-01,  4.672e-01,  1.259e+00],
                       [ 2.255e+00,  9.847e-01,  4.672e-01,  1.259e+00]]), array([ 8.047e+01,  8.047e+01,  8.047e+01,  8.047e+01,
                        8.047e+01]))
   param_names: ['d', 'e', 'f', 'g']
[2.25478968 0.98474402 0.46716797 1.2594123 ]
{'d': 2.2547896780240126, 'e': 0.9847440246988405, 'f': 0.4671679747335621, 'g': 1.2594123031813793}
Previous:  {'d': 2.2160782988306114, 'e': 0.9849839947655394, 'f': 0.47296372877371323, 'g': 1.2562687341541758}


##############################


asserting exponential supression start at lower masses
prev {'d': 2.2547896780240126, 'e': 0.9847440246988405, 'f': 0.4671679747335621, 'g': 1.2594123031813793}
Starting ML Fit
Box_n50_37_1400
       message: Optimization terminated successfully.
       success: True
        status: 0
           fun: 77.12974137460658
             x: [ 2.273e+00  9.840e-01  4.626e-01  1.262e+00]
           nit: 77
          nfev: 134
 final_simplex: (array([[ 2.273e+00,  9.840e-01,  4.626e-01,  1.262e+00],
                       [ 2.273e+00,  9.840e-01,  4.626e-01,  1.262e+00],
                       ...,
                       [ 2.273e+00,  9.840e-01,  4.626e-01,  1.262e+00],
                       [ 2.273e+00,  9.840e-01,  4.626e-01,  1.262e+00]]), array([ 7.713e+01,  7.713e+01,  7.713e+01,  7.713e+01,
                        7.713e+01]))
   param_names: ['d', 'e', 'f', 'g']
[2.27259534 0.98403038 0.46261062 1.26162355]
{'d': 2.272595335025822, 'e': 0.9840303823738402, 'f': 0.46261062414084475, 'g': 1.2616235505827764}
Previous:  {'d': 2.2547896780240126, 'e': 0.9847440246988405, 'f': 0.4671679747335621, 'g': 1.2594123031813793}


##############################


asserting exponential supression start at lower masses
prev {'d': 2.272595335025822, 'e': 0.9840303823738402, 'f': 0.46261062414084475, 'g': 1.2616235505827764}
Starting ML Fit
Box_n50_37_1400
       message: Optimization terminated successfully.
       success: True
        status: 0
           fun: 71.23122415045137
             x: [ 2.304e+00  9.835e-01  4.575e-01  1.264e+00]
           nit: 75
          nfev: 137
 final_simplex: (array([[ 2.304e+00,  9.835e-01,  4.575e-01,  1.264e+00],
                       [ 2.304e+00,  9.835e-01,  4.575e-01,  1.264e+00],
                       ...,
                       [ 2.304e+00,  9.835e-01,  4.575e-01,  1.264e+00],
                       [ 2.304e+00,  9.835e-01,  4.575e-01,  1.264e+00]]), array([ 7.123e+01,  7.123e+01,  7.123e+01,  7.123e+01,
                        7.123e+01]))
   param_names: ['d', 'e', 'f', 'g']
[2.30428586 0.98345529 0.45753855 1.26426592]
{'d': 2.304285860431934, 'e': 0.9834552855156589, 'f': 0.45753855162437224, 'g': 1.2642659193560493}
Previous:  {'d': 2.272595335025822, 'e': 0.9840303823738402, 'f': 0.46261062414084475, 'g': 1.2616235505827764}


##############################


asserting exponential supression start at lower masses
prev {'d': 2.304285860431934, 'e': 0.9834552855156589, 'f': 0.45753855162437224, 'g': 1.2642659193560493}
Starting ML Fit
Box_n50_37_1400
       message: Optimization terminated successfully.
       success: True
        status: 0
           fun: 75.5185105203844
             x: [ 2.332e+00  9.836e-01  4.535e-01  1.268e+00]
           nit: 66
          nfev: 121
 final_simplex: (array([[ 2.332e+00,  9.836e-01,  4.535e-01,  1.268e+00],
                       [ 2.332e+00,  9.836e-01,  4.535e-01,  1.268e+00],
                       ...,
                       [ 2.332e+00,  9.836e-01,  4.535e-01,  1.268e+00],
                       [ 2.332e+00,  9.836e-01,  4.535e-01,  1.268e+00]]), array([ 7.552e+01,  7.552e+01,  7.552e+01,  7.552e+01,
                        7.552e+01]))
   param_names: ['d', 'e', 'f', 'g']
[2.33162796 0.9836369  0.45353756 1.26838095]
{'d': 2.331627961003481, 'e': 0.9836368992617454, 'f': 0.4535375558934571, 'g': 1.2683809519767464}
Previous:  {'d': 2.304285860431934, 'e': 0.9834552855156589, 'f': 0.45753855162437224, 'g': 1.2642659193560493}


##############################


asserting exponential supression start at lower masses
prev {'d': 2.331627961003481, 'e': 0.9836368992617454, 'f': 0.4535375558934571, 'g': 1.2683809519767464}
Starting ML Fit
Box_n50_37_1400
       message: Optimization terminated successfully.
       success: True
        status: 0
           fun: 65.27220017084707
             x: [ 2.335e+00  9.832e-01  4.513e-01  1.270e+00]
           nit: 86
          nfev: 151
 final_simplex: (array([[ 2.335e+00,  9.832e-01,  4.513e-01,  1.270e+00],
                       [ 2.335e+00,  9.832e-01,  4.513e-01,  1.270e+00],
                       ...,
                       [ 2.335e+00,  9.832e-01,  4.513e-01,  1.270e+00],
                       [ 2.335e+00,  9.832e-01,  4.513e-01,  1.270e+00]]), array([ 6.527e+01,  6.527e+01,  6.527e+01,  6.527e+01,
                        6.527e+01]))
   param_names: ['d', 'e', 'f', 'g']
[2.33493122 0.98319116 0.45134506 1.27022703]
{'d': 2.334931221672287, 'e': 0.9831911589882806, 'f': 0.45134506337087055, 'g': 1.27022703306922}
Previous:  {'d': 2.331627961003481, 'e': 0.9836368992617454, 'f': 0.4535375558934571, 'g': 1.2683809519767464}


##############################


asserting exponential supression start at lower masses
prev {'d': 2.334931221672287, 'e': 0.9831911589882806, 'f': 0.45134506337087055, 'g': 1.27022703306922}
Starting ML Fit
Box_n50_37_1400
       message: Optimization terminated successfully.
       success: True
        status: 0
           fun: 59.443740758320615
             x: [ 2.371e+00  9.781e-01  4.383e-01  1.270e+00]
           nit: 95
          nfev: 172
 final_simplex: (array([[ 2.371e+00,  9.781e-01,  4.383e-01,  1.270e+00],
                       [ 2.371e+00,  9.781e-01,  4.383e-01,  1.270e+00],
                       ...,
                       [ 2.371e+00,  9.781e-01,  4.383e-01,  1.270e+00],
                       [ 2.371e+00,  9.781e-01,  4.383e-01,  1.270e+00]]), array([ 5.944e+01,  5.944e+01,  5.944e+01,  5.944e+01,
                        5.944e+01]))
   param_names: ['d', 'e', 'f', 'g']
[2.3706446  0.97811309 0.43826828 1.27022855]
{'d': 2.37064459675333, 'e': 0.978113090264938, 'f': 0.4382682786762068, 'g': 1.2702285450279673}
Previous:  {'d': 2.334931221672287, 'e': 0.9831911589882806, 'f': 0.45134506337087055, 'g': 1.27022703306922}


##############################


asserting exponential supression start at lower masses
prev {'d': 2.37064459675333, 'e': 0.978113090264938, 'f': 0.4382682786762068, 'g': 1.2702285450279673}
Starting ML Fit
Box_n50_37_1400
       message: Optimization terminated successfully.
       success: True
        status: 0
           fun: 50.88884309302472
             x: [ 2.444e+00  9.732e-01  4.243e-01  1.270e+00]
           nit: 109
          nfev: 194
 final_simplex: (array([[ 2.444e+00,  9.732e-01,  4.243e-01,  1.270e+00],
                       [ 2.444e+00,  9.732e-01,  4.243e-01,  1.270e+00],
                       ...,
                       [ 2.444e+00,  9.732e-01,  4.243e-01,  1.270e+00],
                       [ 2.444e+00,  9.732e-01,  4.243e-01,  1.270e+00]]), array([ 5.089e+01,  5.089e+01,  5.089e+01,  5.089e+01,
                        5.089e+01]))
   param_names: ['d', 'e', 'f', 'g']
[2.44393166 0.97318757 0.42432368 1.27022916]
{'d': 2.443931660024165, 'e': 0.9731875749242374, 'f': 0.4243236836685087, 'g': 1.2702291586605952}
Previous:  {'d': 2.37064459675333, 'e': 0.978113090264938, 'f': 0.4382682786762068, 'g': 1.2702285450279673}


##############################


asserting exponential supression start at lower masses
prev {'d': 2.443931660024165, 'e': 0.9731875749242374, 'f': 0.4243236836685087, 'g': 1.2702291586605952}
Starting ML Fit
Box_n50_37_1400
       message: Optimization terminated successfully.
       success: True
        status: 0
           fun: 33.17399629114939
             x: [ 2.460e+00  9.688e-01  4.151e-01  1.270e+00]
           nit: 140
          nfev: 239
 final_simplex: (array([[ 2.460e+00,  9.688e-01,  4.151e-01,  1.270e+00],
                       [ 2.460e+00,  9.688e-01,  4.151e-01,  1.270e+00],
                       ...,
                       [ 2.460e+00,  9.688e-01,  4.151e-01,  1.270e+00],
                       [ 2.460e+00,  9.688e-01,  4.151e-01,  1.270e+00]]), array([ 3.317e+01,  3.317e+01,  3.317e+01,  3.317e+01,
                        3.317e+01]))
   param_names: ['d', 'e', 'f', 'g']
[2.4600664  0.96881365 0.41511445 1.27022919]
{'d': 2.4600663975753436, 'e': 0.9688136532319112, 'f': 0.415114452976621, 'g': 1.2702291909137235}
Previous:  {'d': 2.443931660024165, 'e': 0.9731875749242374, 'f': 0.4243236836685087, 'g': 1.2702291586605952}


