alist [1.0, 0.953321, 0.866399, 0.787402, 0.715608, 0.65036, 0.620002, 0.591061, 0.563471, 0.537169, 0.512095, 0.488191, 0.403224, 0.366459, 0.302679]
Curr: Box13_1400, Prev: Box95_1400
##############################


prev {'d': 2.241141115872561, 'e': 0.9892130577875666, 'f': 0.5046043337596864, 'g': 1.2299498787170413}
Starting ML Fit
Box13_1400
       message: Optimization terminated successfully.
       success: True
        status: 0
           fun: 83.7123797629992
             x: [ 2.235e+00  9.907e-01  5.107e-01  1.227e+00]
           nit: 82
          nfev: 144
 final_simplex: (array([[ 2.235e+00,  9.907e-01,  5.107e-01,  1.227e+00],
                       [ 2.235e+00,  9.907e-01,  5.107e-01,  1.227e+00],
                       ...,
                       [ 2.235e+00,  9.907e-01,  5.107e-01,  1.227e+00],
                       [ 2.235e+00,  9.907e-01,  5.107e-01,  1.227e+00]]), array([ 8.371e+01,  8.371e+01,  8.371e+01,  8.371e+01,
                        8.371e+01]))
   param_names: ['d', 'e', 'f', 'g']
[2.2347076  0.99072618 0.51071014 1.22676941]
{'d': 2.2347076011641667, 'e': 0.9907261824004558, 'f': 0.5107101407404792, 'g': 1.2267694078960856}
Previous:  {'d': 2.241141115872561, 'e': 0.9892130577875666, 'f': 0.5046043337596864, 'g': 1.2299498787170413}


##############################


asserting exponential supression start at lower masses
prev {'d': 2.2347076011641667, 'e': 0.9907261824004558, 'f': 0.5107101407404792, 'g': 1.2267694078960856}
Starting ML Fit
Box13_1400
       message: Optimization terminated successfully.
       success: True
        status: 0
           fun: 82.0838155846795
             x: [ 2.253e+00  9.881e-01  5.048e-01  1.227e+00]
           nit: 122
          nfev: 211
 final_simplex: (array([[ 2.253e+00,  9.881e-01,  5.048e-01,  1.227e+00],
                       [ 2.253e+00,  9.880e-01,  5.048e-01,  1.227e+00],
                       ...,
                       [ 2.253e+00,  9.881e-01,  5.048e-01,  1.227e+00],
                       [ 2.253e+00,  9.881e-01,  5.048e-01,  1.227e+00]]), array([ 8.208e+01,  8.208e+01,  8.208e+01,  8.208e+01,
                        8.208e+01]))
   param_names: ['d', 'e', 'f', 'g']
[2.2532357  0.98808154 0.50481766 1.22676945]
{'d': 2.2532356989128424, 'e': 0.9880815429122451, 'f': 0.5048176610724293, 'g': 1.2267694502030726}
Previous:  {'d': 2.2347076011641667, 'e': 0.9907261824004558, 'f': 0.5107101407404792, 'g': 1.2267694078960856}


##############################


asserting exponential supression start at lower masses
prev {'d': 2.2532356989128424, 'e': 0.9880815429122451, 'f': 0.5048176610724293, 'g': 1.2267694502030726}
Starting ML Fit
Box13_1400
       message: Optimization terminated successfully.
       success: True
        status: 0
           fun: 74.50302386531153
             x: [ 2.253e+00  9.838e-01  4.958e-01  1.227e+00]
           nit: 102
          nfev: 185
 final_simplex: (array([[ 2.253e+00,  9.838e-01,  4.958e-01,  1.227e+00],
                       [ 2.254e+00,  9.838e-01,  4.958e-01,  1.227e+00],
                       ...,
                       [ 2.253e+00,  9.838e-01,  4.958e-01,  1.227e+00],
                       [ 2.254e+00,  9.838e-01,  4.958e-01,  1.227e+00]]), array([ 7.450e+01,  7.450e+01,  7.450e+01,  7.450e+01,
                        7.450e+01]))
   param_names: ['d', 'e', 'f', 'g']
[2.2534761  0.98380134 0.49578121 1.2267699 ]
{'d': 2.253476097628485, 'e': 0.9838013370240044, 'f': 0.4957812090230911, 'g': 1.2267699034504866}
Previous:  {'d': 2.2532356989128424, 'e': 0.9880815429122451, 'f': 0.5048176610724293, 'g': 1.2267694502030726}


##############################


asserting exponential supression start at lower masses
prev {'d': 2.253476097628485, 'e': 0.9838013370240044, 'f': 0.4957812090230911, 'g': 1.2267699034504866}
Starting ML Fit
Box13_1400
       message: Optimization terminated successfully.
       success: True
        status: 0
           fun: 66.32111670730038
             x: [ 2.296e+00  9.791e-01  4.829e-01  1.228e+00]
           nit: 99
          nfev: 176
 final_simplex: (array([[ 2.296e+00,  9.791e-01,  4.829e-01,  1.228e+00],
                       [ 2.296e+00,  9.791e-01,  4.829e-01,  1.228e+00],
                       ...,
                       [ 2.296e+00,  9.791e-01,  4.829e-01,  1.228e+00],
                       [ 2.296e+00,  9.791e-01,  4.829e-01,  1.228e+00]]), array([ 6.632e+01,  6.632e+01,  6.632e+01,  6.632e+01,
                        6.632e+01]))
   param_names: ['d', 'e', 'f', 'g']
[2.29616415 0.97908529 0.48285523 1.22772951]
{'d': 2.2961641463527327, 'e': 0.9790852893928783, 'f': 0.48285523411561737, 'g': 1.227729509288283}
Previous:  {'d': 2.253476097628485, 'e': 0.9838013370240044, 'f': 0.4957812090230911, 'g': 1.2267699034504866}


##############################


asserting exponential supression start at lower masses
prev {'d': 2.2961641463527327, 'e': 0.9790852893928783, 'f': 0.48285523411561737, 'g': 1.227729509288283}
Starting ML Fit
Box13_1400
       message: Optimization terminated successfully.
       success: True
        status: 0
           fun: 60.02788851728856
             x: [ 2.328e+00  9.751e-01  4.719e-01  1.229e+00]
           nit: 89
          nfev: 160
 final_simplex: (array([[ 2.328e+00,  9.751e-01,  4.719e-01,  1.229e+00],
                       [ 2.328e+00,  9.751e-01,  4.719e-01,  1.229e+00],
                       ...,
                       [ 2.328e+00,  9.751e-01,  4.719e-01,  1.229e+00],
                       [ 2.328e+00,  9.751e-01,  4.719e-01,  1.229e+00]]), array([ 6.003e+01,  6.003e+01,  6.003e+01,  6.003e+01,
                        6.003e+01]))
   param_names: ['d', 'e', 'f', 'g']
[2.327851   0.97512447 0.47186748 1.22945046]
{'d': 2.3278510019944125, 'e': 0.9751244724654062, 'f': 0.4718674806187012, 'g': 1.2294504602312868}
Previous:  {'d': 2.2961641463527327, 'e': 0.9790852893928783, 'f': 0.48285523411561737, 'g': 1.227729509288283}


##############################


asserting exponential supression start at lower masses
prev {'d': 2.3278510019944125, 'e': 0.9751244724654062, 'f': 0.4718674806187012, 'g': 1.2294504602312868}
Starting ML Fit
Box13_1400
       message: Optimization terminated successfully.
       success: True
        status: 0
           fun: 60.677146833009395
             x: [ 2.328e+00  9.727e-01  4.659e-01  1.232e+00]
           nit: 82
          nfev: 145
 final_simplex: (array([[ 2.328e+00,  9.727e-01,  4.659e-01,  1.232e+00],
                       [ 2.328e+00,  9.727e-01,  4.659e-01,  1.232e+00],
                       ...,
                       [ 2.328e+00,  9.727e-01,  4.659e-01,  1.232e+00],
                       [ 2.328e+00,  9.727e-01,  4.659e-01,  1.232e+00]]), array([ 6.068e+01,  6.068e+01,  6.068e+01,  6.068e+01,
                        6.068e+01]))
   param_names: ['d', 'e', 'f', 'g']
[2.3280697  0.97266769 0.46592851 1.23178766]
{'d': 2.328069699204863, 'e': 0.9726676897552116, 'f': 0.46592851113295053, 'g': 1.231787660460588}
Previous:  {'d': 2.3278510019944125, 'e': 0.9751244724654062, 'f': 0.4718674806187012, 'g': 1.2294504602312868}


##############################


asserting exponential supression start at lower masses
prev {'d': 2.328069699204863, 'e': 0.9726676897552116, 'f': 0.46592851113295053, 'g': 1.231787660460588}
Starting ML Fit
Box13_1400
       message: Optimization terminated successfully.
       success: True
        status: 0
           fun: 55.19977986116665
             x: [ 2.348e+00  9.706e-01  4.602e-01  1.233e+00]
           nit: 77
          nfev: 138
 final_simplex: (array([[ 2.348e+00,  9.706e-01,  4.602e-01,  1.233e+00],
                       [ 2.348e+00,  9.705e-01,  4.602e-01,  1.233e+00],
                       ...,
                       [ 2.348e+00,  9.705e-01,  4.602e-01,  1.233e+00],
                       [ 2.348e+00,  9.705e-01,  4.602e-01,  1.233e+00]]), array([ 5.520e+01,  5.520e+01,  5.520e+01,  5.520e+01,
                        5.520e+01]))
   param_names: ['d', 'e', 'f', 'g']
[2.34846762 0.97055034 0.46023056 1.23290982]
{'d': 2.3484676180289217, 'e': 0.9705503391003758, 'f': 0.46023055644399913, 'g': 1.2329098194779704}
Previous:  {'d': 2.328069699204863, 'e': 0.9726676897552116, 'f': 0.46592851113295053, 'g': 1.231787660460588}


##############################


asserting exponential supression start at lower masses
prev {'d': 2.3484676180289217, 'e': 0.9705503391003758, 'f': 0.46023055644399913, 'g': 1.2329098194779704}
Starting ML Fit
Box13_1400
       message: Optimization terminated successfully.
       success: True
        status: 0
           fun: 48.729803366041324
             x: [ 2.365e+00  9.689e-01  4.556e-01  1.234e+00]
           nit: 87
          nfev: 153
 final_simplex: (array([[ 2.365e+00,  9.689e-01,  4.556e-01,  1.234e+00],
                       [ 2.366e+00,  9.689e-01,  4.556e-01,  1.234e+00],
                       ...,
                       [ 2.365e+00,  9.689e-01,  4.556e-01,  1.234e+00],
                       [ 2.365e+00,  9.689e-01,  4.556e-01,  1.234e+00]]), array([ 4.873e+01,  4.873e+01,  4.873e+01,  4.873e+01,
                        4.873e+01]))
   param_names: ['d', 'e', 'f', 'g']
[2.36541777 0.96890189 0.4555957  1.23425772]
{'d': 2.365417771257836, 'e': 0.9689018925196549, 'f': 0.45559570463188914, 'g': 1.2342577174605305}
Previous:  {'d': 2.3484676180289217, 'e': 0.9705503391003758, 'f': 0.46023055644399913, 'g': 1.2329098194779704}


##############################


asserting exponential supression start at lower masses
prev {'d': 2.365417771257836, 'e': 0.9689018925196549, 'f': 0.45559570463188914, 'g': 1.2342577174605305}
Starting ML Fit
Box13_1400
       message: Optimization terminated successfully.
       success: True
        status: 0
           fun: 43.845896353920615
             x: [ 2.375e+00  9.675e-01  4.521e-01  1.236e+00]
           nit: 74
          nfev: 137
 final_simplex: (array([[ 2.375e+00,  9.675e-01,  4.521e-01,  1.236e+00],
                       [ 2.375e+00,  9.675e-01,  4.521e-01,  1.236e+00],
                       ...,
                       [ 2.375e+00,  9.676e-01,  4.521e-01,  1.236e+00],
                       [ 2.375e+00,  9.675e-01,  4.521e-01,  1.236e+00]]), array([ 4.385e+01,  4.385e+01,  4.385e+01,  4.385e+01,
                        4.385e+01]))
   param_names: ['d', 'e', 'f', 'g']
[2.37488274 0.96754809 0.45209463 1.23559526]
{'d': 2.374882741661553, 'e': 0.9675480918106923, 'f': 0.452094632565595, 'g': 1.2355952637259513}
Previous:  {'d': 2.365417771257836, 'e': 0.9689018925196549, 'f': 0.45559570463188914, 'g': 1.2342577174605305}


##############################


asserting exponential supression start at lower masses
prev {'d': 2.374882741661553, 'e': 0.9675480918106923, 'f': 0.452094632565595, 'g': 1.2355952637259513}
Starting ML Fit
Box13_1400
       message: Optimization terminated successfully.
       success: True
        status: 0
           fun: 40.981972080726834
             x: [ 2.372e+00  9.666e-01  4.502e-01  1.237e+00]
           nit: 74
          nfev: 136
 final_simplex: (array([[ 2.372e+00,  9.666e-01,  4.502e-01,  1.237e+00],
                       [ 2.372e+00,  9.667e-01,  4.501e-01,  1.237e+00],
                       ...,
                       [ 2.372e+00,  9.667e-01,  4.501e-01,  1.237e+00],
                       [ 2.372e+00,  9.667e-01,  4.502e-01,  1.237e+00]]), array([ 4.098e+01,  4.098e+01,  4.098e+01,  4.098e+01,
                        4.098e+01]))
   param_names: ['d', 'e', 'f', 'g']
[2.37182384 0.9666483  0.45015685 1.23676357]
{'d': 2.371823839094236, 'e': 0.9666483037499924, 'f': 0.45015684625637, 'g': 1.23676357023699}
Previous:  {'d': 2.374882741661553, 'e': 0.9675480918106923, 'f': 0.452094632565595, 'g': 1.2355952637259513}


##############################


asserting exponential supression start at lower masses
prev {'d': 2.371823839094236, 'e': 0.9666483037499924, 'f': 0.45015684625637, 'g': 1.23676357023699}
Starting ML Fit
Box13_1400
       message: Optimization terminated successfully.
       success: True
        status: 0
           fun: 40.158521061193476
             x: [ 2.369e+00  9.656e-01  4.480e-01  1.237e+00]
           nit: 92
          nfev: 163
 final_simplex: (array([[ 2.369e+00,  9.656e-01,  4.480e-01,  1.237e+00],
                       [ 2.369e+00,  9.656e-01,  4.480e-01,  1.237e+00],
                       ...,
                       [ 2.369e+00,  9.656e-01,  4.480e-01,  1.237e+00],
                       [ 2.369e+00,  9.656e-01,  4.480e-01,  1.237e+00]]), array([ 4.016e+01,  4.016e+01,  4.016e+01,  4.016e+01,
                        4.016e+01]))
   param_names: ['d', 'e', 'f', 'g']
[2.36883971 0.96560987 0.4479756  1.23728127]
{'d': 2.3688397054813732, 'e': 0.9656098706398434, 'f': 0.44797559834207634, 'g': 1.2372812743401669}
Previous:  {'d': 2.371823839094236, 'e': 0.9666483037499924, 'f': 0.45015684625637, 'g': 1.23676357023699}


##############################


asserting exponential supression start at lower masses
prev {'d': 2.3688397054813732, 'e': 0.9656098706398434, 'f': 0.44797559834207634, 'g': 1.2372812743401669}
Starting ML Fit
Box13_1400
       message: Optimization terminated successfully.
       success: True
        status: 0
           fun: 34.2741330100623
             x: [ 2.376e+00  9.637e-01  4.437e-01  1.237e+00]
           nit: 98
          nfev: 177
 final_simplex: (array([[ 2.376e+00,  9.637e-01,  4.437e-01,  1.237e+00],
                       [ 2.376e+00,  9.636e-01,  4.437e-01,  1.237e+00],
                       ...,
                       [ 2.376e+00,  9.637e-01,  4.436e-01,  1.237e+00],
                       [ 2.376e+00,  9.637e-01,  4.437e-01,  1.237e+00]]), array([ 3.427e+01,  3.427e+01,  3.427e+01,  3.427e+01,
                        3.427e+01]))
   param_names: ['d', 'e', 'f', 'g']
[2.37567836 0.96367381 0.44365183 1.23728231]
{'d': 2.3756783638128813, 'e': 0.9636738064831425, 'f': 0.4436518265380757, 'g': 1.2372823065807896}
Previous:  {'d': 2.3688397054813732, 'e': 0.9656098706398434, 'f': 0.44797559834207634, 'g': 1.2372812743401669}


##############################


asserting exponential supression start at lower masses
prev {'d': 2.3756783638128813, 'e': 0.9636738064831425, 'f': 0.4436518265380757, 'g': 1.2372823065807896}
Starting ML Fit
Box13_1400
       message: Optimization terminated successfully.
       success: True
        status: 0
           fun: 20.829401473829684
             x: [ 2.341e+00  9.612e-01  4.393e-01  1.238e+00]
           nit: 107
          nfev: 184
 final_simplex: (array([[ 2.341e+00,  9.612e-01,  4.393e-01,  1.238e+00],
                       [ 2.341e+00,  9.613e-01,  4.393e-01,  1.238e+00],
                       ...,
                       [ 2.340e+00,  9.613e-01,  4.393e-01,  1.238e+00],
                       [ 2.340e+00,  9.613e-01,  4.393e-01,  1.238e+00]]), array([ 2.083e+01,  2.083e+01,  2.083e+01,  2.083e+01,
                        2.083e+01]))
   param_names: ['d', 'e', 'f', 'g']
[2.34054382 0.96124963 0.43926539 1.23751288]
{'d': 2.3405438241601995, 'e': 0.9612496253458824, 'f': 0.43926539393788866, 'g': 1.237512879369775}
Previous:  {'d': 2.3756783638128813, 'e': 0.9636738064831425, 'f': 0.4436518265380757, 'g': 1.2372823065807896}


##############################


asserting exponential supression start at lower masses
prev {'d': 2.3405438241601995, 'e': 0.9612496253458824, 'f': 0.43926539393788866, 'g': 1.237512879369775}
Starting ML Fit
Box13_1400
       message: Optimization terminated successfully.
       success: True
        status: 0
           fun: 15.598084652087904
             x: [ 2.333e+00  9.595e-01  4.358e-01  1.238e+00]
           nit: 113
          nfev: 194
 final_simplex: (array([[ 2.333e+00,  9.595e-01,  4.358e-01,  1.238e+00],
                       [ 2.333e+00,  9.595e-01,  4.357e-01,  1.238e+00],
                       ...,
                       [ 2.333e+00,  9.595e-01,  4.358e-01,  1.238e+00],
                       [ 2.333e+00,  9.594e-01,  4.358e-01,  1.238e+00]]), array([ 1.560e+01,  1.560e+01,  1.560e+01,  1.560e+01,
                        1.560e+01]))
   param_names: ['d', 'e', 'f', 'g']
[2.3325931  0.95947607 0.43575013 1.2375129 ]
{'d': 2.332593096168311, 'e': 0.9594760727698004, 'f': 0.4357501325570443, 'g': 1.2375128955747825}
Previous:  {'d': 2.3405438241601995, 'e': 0.9612496253458824, 'f': 0.43926539393788866, 'g': 1.237512879369775}


##############################


asserting exponential supression start at lower masses
prev {'d': 2.332593096168311, 'e': 0.9594760727698004, 'f': 0.4357501325570443, 'g': 1.2375128955747825}
Starting ML Fit
Box13_1400
       message: Optimization terminated successfully.
       success: True
        status: 0
           fun: 1.4066147782498284
             x: [ 2.316e+00  9.589e-01  4.348e-01  1.238e+00]
           nit: 79
          nfev: 142
 final_simplex: (array([[ 2.316e+00,  9.589e-01,  4.348e-01,  1.238e+00],
                       [ 2.316e+00,  9.589e-01,  4.349e-01,  1.238e+00],
                       ...,
                       [ 2.316e+00,  9.589e-01,  4.348e-01,  1.238e+00],
                       [ 2.316e+00,  9.589e-01,  4.349e-01,  1.238e+00]]), array([ 1.407e+00,  1.407e+00,  1.407e+00,  1.407e+00,
                        1.407e+00]))
   param_names: ['d', 'e', 'f', 'g']
[2.31643578 0.9589103  0.43484485 1.23792568]
{'d': 2.316435776106164, 'e': 0.9589103024947239, 'f': 0.43484485249981847, 'g': 1.2379256779697918}
Previous:  {'d': 2.332593096168311, 'e': 0.9594760727698004, 'f': 0.4357501325570443, 'g': 1.2375128955747825}


