##############################


[0.302679, 0.366459, 0.403224, 0.488191, 0.512095, 0.537169, 0.563471, 0.591061, 0.620002, 0.65036, 0.715608, 0.787402, 0.866399, 0.953321, 1.0]
dict_keys([0.302679, 0.366459, 0.403224, 0.488191, 0.512095, 0.537169, 0.563471, 0.591061, 0.620002, 0.65036, 0.715608, 0.787402, 0.866399, 0.953321, 1.0])
prev {'d0': 2.0957850309842243, 'd1': -0.1247011159718612, 'e0': 0.9519295818146346, 'e1': -0.006827117098606481, 'f0': 0.4493794556159047, 'f1': 0.15055460119698988, 'g0': 1.1955554280554819, 'g1': -9.732029683321203e-08}
Starting ML Fit
Box42_1400
       message: Optimization terminated successfully.
       success: True
        status: 0
           fun: 1250.7952661244549
             x: [ 2.059e+00 -1.002e-01  9.169e-01 -7.799e-03  4.581e-01
                  1.103e-01  1.206e+00 -1.239e-07]
           nit: 612
          nfev: 924
 final_simplex: (array([[ 2.059e+00, -1.002e-01, ...,  1.206e+00,
                        -1.239e-07],
                       [ 2.059e+00, -1.003e-01, ...,  1.206e+00,
                        -1.238e-07],
                       ...,
                       [ 2.059e+00, -1.001e-01, ...,  1.206e+00,
                        -1.239e-07],
                       [ 2.059e+00, -1.002e-01, ...,  1.206e+00,
                        -1.239e-07]]), array([ 1.251e+03,  1.251e+03,  1.251e+03,  1.251e+03,
                        1.251e+03,  1.251e+03,  1.251e+03,  1.251e+03,
                        1.251e+03]))
   param_names: ['d0', 'd1', 'e0', 'e1', 'f0', 'f1', 'g0', 'g1']
[ 2.05864146e+00 -1.00231260e-01  9.16867038e-01 -7.79891842e-03
  4.58090712e-01  1.10278856e-01  1.20552039e+00 -1.23856016e-07]
{'d0': 2.0586414611044273, 'd1': -0.100231260097803, 'e0': 0.9168670375267014, 'e1': -0.0077989184160875205, 'f0': 0.4580907123656228, 'f1': 0.11027885621555347, 'g0': 1.2055203912617491, 'g1': -1.238560157299543e-07}
-------------------
{'d0': 2.0586414611044273, 'd1': -0.100231260097803, 'e0': 0.9168670375267014, 'e1': -0.0077989184160875205, 'f0': 0.4580907123656228, 'f1': 0.11027885621555347, 'g0': 1.2055203912617491, 'g1': -1.238560157299543e-07}
Previous:  {'d0': 2.0957850309842243, 'd1': -0.1247011159718612, 'e0': 0.9519295818146346, 'e1': -0.006827117098606481, 'f0': 0.4493794556159047, 'f1': 0.15055460119698988, 'g0': 1.1955554280554819, 'g1': -9.732029683321203e-08}
-------------------
