##############################


[[1.e-03 0.e+00 0.e+00 0.e+00 0.e+00 0.e+00 0.e+00 0.e+00]
 [0.e+00 8.e-04 0.e+00 0.e+00 0.e+00 0.e+00 0.e+00 0.e+00]
 [0.e+00 0.e+00 1.e-01 0.e+00 0.e+00 0.e+00 0.e+00 0.e+00]
 [0.e+00 0.e+00 0.e+00 8.e-02 0.e+00 0.e+00 0.e+00 0.e+00]
 [0.e+00 0.e+00 0.e+00 0.e+00 5.e-02 0.e+00 0.e+00 0.e+00]
 [0.e+00 0.e+00 0.e+00 0.e+00 0.e+00 8.e-01 0.e+00 0.e+00]
 [0.e+00 0.e+00 0.e+00 0.e+00 0.e+00 0.e+00 3.e-04 0.e+00]
 [0.e+00 0.e+00 0.e+00 0.e+00 0.e+00 0.e+00 0.e+00 8.e-03]]
[0.302679, 0.366459, 0.403224, 0.488191, 0.512095, 0.537169, 0.563471, 0.591061, 0.620002, 0.65036, 0.715608, 0.787402, 0.866399, 0.953321, 1.0]
dict_keys([0.302679, 0.366459, 0.403224, 0.488191, 0.512095, 0.537169, 0.563471, 0.591061, 0.620002, 0.65036, 0.715608, 0.787402, 0.866399, 0.953321, 1.0])
prev {'d0': 2.111966102313133, 'd1': 0.09755562593491893, 'e0': 0.9316445862581004, 'e1': 0.06777555168194727, 'f0': 0.5438879327143431, 'f1': 0.13612791001642238, 'g0': 1.2385762517575811, 'g1': 0.046422595475752795}
Starting ML Fit
Box42_1400
       message: Optimization terminated successfully.
       success: True
        status: 0
           fun: 1257.6994138039006
             x: [ 2.137e+00  9.166e-02  8.697e-01 -4.369e-02  5.344e-01
                  1.271e-01  1.228e+00  2.077e-02]
           nit: 1361
          nfev: 1965
 final_simplex: (array([[ 2.137e+00,  9.166e-02, ...,  1.228e+00,
                         2.077e-02],
                       [ 2.137e+00,  9.166e-02, ...,  1.228e+00,
                         2.078e-02],
                       ...,
                       [ 2.137e+00,  9.169e-02, ...,  1.228e+00,
                         2.078e-02],
                       [ 2.137e+00,  9.170e-02, ...,  1.228e+00,
                         2.080e-02]]), array([ 1.258e+03,  1.258e+03,  1.258e+03,  1.258e+03,
                        1.258e+03,  1.258e+03,  1.258e+03,  1.258e+03,
                        1.258e+03]))
   param_names: ['d0', 'd1', 'e0', 'e1', 'f0', 'f1', 'g0', 'g1']
[ 2.13742917  0.09166115  0.86968904 -0.04368994  0.53436441  0.12708661
  1.22753505  0.02077286]
{'d0': 2.137429174216917, 'd1': 0.0916611492711515, 'e0': 0.8696890406816989, 'e1': -0.04368993814891094, 'f0': 0.5343644146543267, 'f1': 0.1270866117980032, 'g0': 1.2275350486192464, 'g1': 0.02077285743537777}
-------------------
{'d0': 2.137429174216917, 'd1': 0.0916611492711515, 'e0': 0.8696890406816989, 'e1': -0.04368993814891094, 'f0': 0.5343644146543267, 'f1': 0.1270866117980032, 'g0': 1.2275350486192464, 'g1': 0.02077285743537777}
Previous:  {'d0': 2.111966102313133, 'd1': 0.09755562593491893, 'e0': 0.9316445862581004, 'e1': 0.06777555168194727, 'f0': 0.5438879327143431, 'f1': 0.13612791001642238, 'g0': 1.2385762517575811, 'g1': 0.046422595475752795}
-------------------
