##############################


[[0.01   0.     0.     0.     0.     0.     0.     0.    ]
 [0.     0.01   0.     0.     0.     0.     0.     0.    ]
 [0.     0.     0.001  0.     0.     0.     0.     0.    ]
 [0.     0.     0.     0.001  0.     0.     0.     0.    ]
 [0.     0.     0.     0.     0.0005 0.     0.     0.    ]
 [0.     0.     0.     0.     0.     0.0005 0.     0.    ]
 [0.     0.     0.     0.     0.     0.     0.0001 0.    ]
 [0.     0.     0.     0.     0.     0.     0.     0.0001]]
[0.302679, 0.366459, 0.403224, 0.488191, 0.512095, 0.537169, 0.563471, 0.591061, 0.620002, 0.65036, 0.715608, 0.787402, 0.866399, 0.953321, 1.0]
dict_keys([0.302679, 0.366459, 0.403224, 0.488191, 0.512095, 0.537169, 0.563471, 0.591061, 0.620002, 0.65036, 0.715608, 0.787402, 0.866399, 0.953321, 1.0])
prev {'d0': 2.01523048978226, 'd1': -0.054612638767847645, 'e0': 1.130797728657716, 'e1': -0.07599570909794941, 'f0': 0.4049127364906826, 'f1': 0.232898018797434, 'g0': 1.2291206323846264, 'g1': 0.03383619110064928}
Starting ML Fit
Box26_1400
       message: Optimization terminated successfully.
       success: True
        status: 0
           fun: 1862.788391210959
             x: [ 2.064e+00 -4.437e-02  1.187e+00 -6.190e-02  3.814e-01
                  2.278e-01  1.244e+00  3.919e-02]
           nit: 1029
          nfev: 1498
 final_simplex: (array([[ 2.064e+00, -4.437e-02, ...,  1.244e+00,
                         3.919e-02],
                       [ 2.064e+00, -4.442e-02, ...,  1.244e+00,
                         3.915e-02],
                       ...,
                       [ 2.064e+00, -4.429e-02, ...,  1.244e+00,
                         3.917e-02],
                       [ 2.064e+00, -4.436e-02, ...,  1.244e+00,
                         3.916e-02]]), array([ 1.863e+03,  1.863e+03,  1.863e+03,  1.863e+03,
                        1.863e+03,  1.863e+03,  1.863e+03,  1.863e+03,
                        1.863e+03]))
   param_names: ['d0', 'd1', 'e0', 'e1', 'f0', 'f1', 'g0', 'g1']
[ 2.06431439 -0.04436651  1.18717577 -0.0619035   0.38139902  0.22784142
  1.24371212  0.03919005]
{'d0': 2.0643143918054188, 'd1': -0.044366505786354954, 'e0': 1.1871757724025878, 'e1': -0.0619035026764892, 'f0': 0.38139901510532237, 'f1': 0.2278414245597204, 'g0': 1.2437121200368222, 'g1': 0.03919005488522011}
-------------------
{'d0': 2.0643143918054188, 'd1': -0.044366505786354954, 'e0': 1.1871757724025878, 'e1': -0.0619035026764892, 'f0': 0.38139901510532237, 'f1': 0.2278414245597204, 'g0': 1.2437121200368222, 'g1': 0.03919005488522011}
Previous:  {'d0': 2.01523048978226, 'd1': -0.054612638767847645, 'e0': 1.130797728657716, 'e1': -0.07599570909794941, 'f0': 0.4049127364906826, 'f1': 0.232898018797434, 'g0': 1.2291206323846264, 'g1': 0.03383619110064928}
-------------------
