##############################


[[0.01   0.     0.     0.     0.     0.     0.     0.    ]
 [0.     0.01   0.     0.     0.     0.     0.     0.    ]
 [0.     0.     0.001  0.     0.     0.     0.     0.    ]
 [0.     0.     0.     0.001  0.     0.     0.     0.    ]
 [0.     0.     0.     0.     0.0005 0.     0.     0.    ]
 [0.     0.     0.     0.     0.     0.0005 0.     0.    ]
 [0.     0.     0.     0.     0.     0.     0.0001 0.    ]
 [0.     0.     0.     0.     0.     0.     0.     0.0001]]
[0.302679, 0.366459, 0.403224, 0.488191, 0.512095, 0.537169, 0.563471, 0.591061, 0.620002, 0.65036, 0.715608, 0.787402, 0.866399, 0.953321, 1.0]
dict_keys([0.302679, 0.366459, 0.403224, 0.488191, 0.512095, 0.537169, 0.563471, 0.591061, 0.620002, 0.65036, 0.715608, 0.787402, 0.866399, 0.953321, 1.0])
prev {'d0': 2.1260832217193046, 'd1': -0.02928356709508627, 'e0': 1.02363369283314, 'e1': -0.11614755090645953, 'f0': 0.43849713016626923, 'f1': 0.2602420895669228, 'g0': 1.235647946305916, 'g1': 0.038147977672488634}
Starting ML Fit
Box89_1400
       message: Optimization terminated successfully.
       success: True
        status: 0
           fun: 1905.8384222072193
             x: [ 2.116e+00 -8.664e-02  9.496e-01 -1.465e-01  4.552e-01
                  2.704e-01  1.209e+00  3.131e-02]
           nit: 811
          nfev: 1186
 final_simplex: (array([[ 2.116e+00, -8.664e-02, ...,  1.209e+00,
                         3.131e-02],
                       [ 2.116e+00, -8.655e-02, ...,  1.209e+00,
                         3.133e-02],
                       ...,
                       [ 2.116e+00, -8.661e-02, ...,  1.209e+00,
                         3.133e-02],
                       [ 2.116e+00, -8.665e-02, ...,  1.209e+00,
                         3.131e-02]]), array([ 1.906e+03,  1.906e+03,  1.906e+03,  1.906e+03,
                        1.906e+03,  1.906e+03,  1.906e+03,  1.906e+03,
                        1.906e+03]))
   param_names: ['d0', 'd1', 'e0', 'e1', 'f0', 'f1', 'g0', 'g1']
[ 2.11635992 -0.08664184  0.94956572 -0.14645038  0.45521622  0.27044354
  1.20920303  0.03131384]
{'d0': 2.116359918962037, 'd1': -0.08664184119108484, 'e0': 0.9495657249198612, 'e1': -0.14645038177304792, 'f0': 0.45521622232198944, 'f1': 0.27044353889996803, 'g0': 1.2092030322848952, 'g1': 0.03131384453497728}
-------------------
{'d0': 2.116359918962037, 'd1': -0.08664184119108484, 'e0': 0.9495657249198612, 'e1': -0.14645038177304792, 'f0': 0.45521622232198944, 'f1': 0.27044353889996803, 'g0': 1.2092030322848952, 'g1': 0.03131384453497728}
Previous:  {'d0': 2.1260832217193046, 'd1': -0.02928356709508627, 'e0': 1.02363369283314, 'e1': -0.11614755090645953, 'f0': 0.43849713016626923, 'f1': 0.2602420895669228, 'g0': 1.235647946305916, 'g1': 0.038147977672488634}
-------------------
