alist [1.0, 0.953321, 0.866399, 0.787402, 0.715608, 0.65036, 0.620002, 0.591061, 0.563471, 0.537169, 0.512095, 0.488191, 0.403224, 0.366459, 0.302679]
Curr: Box90_1400, Prev: Box66_1400
##############################


prev {'d': 2.023952691374477, 'e': 1.0052811234019523, 'f': 0.5562849628477963, 'g': 1.2370510613674357}
Starting ML Fit
Box90_1400
       message: Optimization terminated successfully.
       success: True
        status: 0
           fun: 102.56132785562711
             x: [ 2.108e+00  1.002e+00  5.478e-01  1.230e+00]
           nit: 97
          nfev: 165
 final_simplex: (array([[ 2.108e+00,  1.002e+00,  5.478e-01,  1.230e+00],
                       [ 2.108e+00,  1.002e+00,  5.478e-01,  1.230e+00],
                       ...,
                       [ 2.108e+00,  1.002e+00,  5.478e-01,  1.230e+00],
                       [ 2.108e+00,  1.001e+00,  5.478e-01,  1.230e+00]]), array([ 1.026e+02,  1.026e+02,  1.026e+02,  1.026e+02,
                        1.026e+02]))
   param_names: ['d', 'e', 'f', 'g']
[2.10819821 1.00151234 0.54777395 1.23022711]
{'d': 2.1081982068611644, 'e': 1.0015123352188289, 'f': 0.5477739520950993, 'g': 1.2302271083217944}
Previous:  {'d': 2.023952691374477, 'e': 1.0052811234019523, 'f': 0.5562849628477963, 'g': 1.2370510613674357}


##############################


asserting exponential supression start at lower masses
prev {'d': 2.1081982068611644, 'e': 1.0015123352188289, 'f': 0.5477739520950993, 'g': 1.2302271083217944}
Starting ML Fit
Box90_1400
       message: Optimization terminated successfully.
       success: True
        status: 0
           fun: 97.27875908683205
             x: [ 2.129e+00  9.973e-01  5.398e-01  1.230e+00]
           nit: 129
          nfev: 228
 final_simplex: (array([[ 2.129e+00,  9.973e-01,  5.398e-01,  1.230e+00],
                       [ 2.129e+00,  9.974e-01,  5.398e-01,  1.230e+00],
                       ...,
                       [ 2.129e+00,  9.973e-01,  5.398e-01,  1.230e+00],
                       [ 2.129e+00,  9.973e-01,  5.398e-01,  1.230e+00]]), array([ 9.728e+01,  9.728e+01,  9.728e+01,  9.728e+01,
                        9.728e+01]))
   param_names: ['d', 'e', 'f', 'g']
[2.12938114 0.99731972 0.53983176 1.23022713]
{'d': 2.12938113694306, 'e': 0.9973197216167693, 'f': 0.5398317637996435, 'g': 1.2302271252553996}
Previous:  {'d': 2.1081982068611644, 'e': 1.0015123352188289, 'f': 0.5477739520950993, 'g': 1.2302271083217944}


##############################


asserting exponential supression start at lower masses
prev {'d': 2.12938113694306, 'e': 0.9973197216167693, 'f': 0.5398317637996435, 'g': 1.2302271252553996}
Starting ML Fit
Box90_1400
       message: Optimization terminated successfully.
       success: True
        status: 0
           fun: 99.6397262418181
             x: [ 2.156e+00  9.912e-01  5.234e-01  1.230e+00]
           nit: 98
          nfev: 172
 final_simplex: (array([[ 2.156e+00,  9.912e-01,  5.234e-01,  1.230e+00],
                       [ 2.156e+00,  9.912e-01,  5.234e-01,  1.230e+00],
                       ...,
                       [ 2.156e+00,  9.912e-01,  5.234e-01,  1.230e+00],
                       [ 2.156e+00,  9.912e-01,  5.234e-01,  1.230e+00]]), array([ 9.964e+01,  9.964e+01,  9.964e+01,  9.964e+01,
                        9.964e+01]))
   param_names: ['d', 'e', 'f', 'g']
[2.15637442 0.99117823 0.52343329 1.2304059 ]
{'d': 2.1563744197303, 'e': 0.9911782289683614, 'f': 0.5234332871396962, 'g': 1.2304058962552826}
Previous:  {'d': 2.12938113694306, 'e': 0.9973197216167693, 'f': 0.5398317637996435, 'g': 1.2302271252553996}


##############################


asserting exponential supression start at lower masses
prev {'d': 2.1563744197303, 'e': 0.9911782289683614, 'f': 0.5234332871396962, 'g': 1.2304058962552826}
Starting ML Fit
Box90_1400
       message: Optimization terminated successfully.
       success: True
        status: 0
           fun: 93.71981851511346
             x: [ 2.180e+00  9.858e-01  5.083e-01  1.231e+00]
           nit: 97
          nfev: 164
 final_simplex: (array([[ 2.180e+00,  9.858e-01,  5.083e-01,  1.231e+00],
                       [ 2.180e+00,  9.857e-01,  5.083e-01,  1.231e+00],
                       ...,
                       [ 2.180e+00,  9.858e-01,  5.083e-01,  1.231e+00],
                       [ 2.180e+00,  9.857e-01,  5.083e-01,  1.231e+00]]), array([ 9.372e+01,  9.372e+01,  9.372e+01,  9.372e+01,
                        9.372e+01]))
   param_names: ['d', 'e', 'f', 'g']
[2.17989296 0.9857518  0.50834075 1.23136956]
{'d': 2.1798929610323396, 'e': 0.9857518048407299, 'f': 0.50834074914973, 'g': 1.2313695625000776}
Previous:  {'d': 2.1563744197303, 'e': 0.9911782289683614, 'f': 0.5234332871396962, 'g': 1.2304058962552826}


##############################


asserting exponential supression start at lower masses
prev {'d': 2.1798929610323396, 'e': 0.9857518048407299, 'f': 0.50834074914973, 'g': 1.2313695625000776}
Starting ML Fit
Box90_1400
       message: Optimization terminated successfully.
       success: True
        status: 0
           fun: 99.25104814060745
             x: [ 2.214e+00  9.809e-01  4.934e-01  1.233e+00]
           nit: 95
          nfev: 166
 final_simplex: (array([[ 2.214e+00,  9.809e-01,  4.934e-01,  1.233e+00],
                       [ 2.214e+00,  9.809e-01,  4.934e-01,  1.233e+00],
                       ...,
                       [ 2.214e+00,  9.809e-01,  4.934e-01,  1.233e+00],
                       [ 2.214e+00,  9.809e-01,  4.934e-01,  1.233e+00]]), array([ 9.925e+01,  9.925e+01,  9.925e+01,  9.925e+01,
                        9.925e+01]))
   param_names: ['d', 'e', 'f', 'g']
[2.21423701 0.98089375 0.49338192 1.23283147]
{'d': 2.2142370091105397, 'e': 0.9808937481006214, 'f': 0.4933819176104084, 'g': 1.2328314693257076}
Previous:  {'d': 2.1798929610323396, 'e': 0.9857518048407299, 'f': 0.50834074914973, 'g': 1.2313695625000776}


##############################


asserting exponential supression start at lower masses
prev {'d': 2.2142370091105397, 'e': 0.9808937481006214, 'f': 0.4933819176104084, 'g': 1.2328314693257076}
Starting ML Fit
Box90_1400
       message: Optimization terminated successfully.
       success: True
        status: 0
           fun: 85.2438978300538
             x: [ 2.242e+00  9.763e-01  4.797e-01  1.234e+00]
           nit: 88
          nfev: 157
 final_simplex: (array([[ 2.242e+00,  9.763e-01,  4.797e-01,  1.234e+00],
                       [ 2.242e+00,  9.763e-01,  4.798e-01,  1.234e+00],
                       ...,
                       [ 2.242e+00,  9.763e-01,  4.797e-01,  1.234e+00],
                       [ 2.242e+00,  9.763e-01,  4.798e-01,  1.234e+00]]), array([ 8.524e+01,  8.524e+01,  8.524e+01,  8.524e+01,
                        8.524e+01]))
   param_names: ['d', 'e', 'f', 'g']
[2.24223627 0.97630519 0.47974358 1.23419327]
{'d': 2.2422362664220503, 'e': 0.9763051896181583, 'f': 0.4797435757620476, 'g': 1.2341932747216968}
Previous:  {'d': 2.2142370091105397, 'e': 0.9808937481006214, 'f': 0.4933819176104084, 'g': 1.2328314693257076}


##############################


asserting exponential supression start at lower masses
prev {'d': 2.2422362664220503, 'e': 0.9763051896181583, 'f': 0.4797435757620476, 'g': 1.2341932747216968}
Starting ML Fit
Box90_1400
       message: Optimization terminated successfully.
       success: True
        status: 0
           fun: 82.95391799161064
             x: [ 2.253e+00  9.740e-01  4.733e-01  1.235e+00]
           nit: 96
          nfev: 167
 final_simplex: (array([[ 2.253e+00,  9.740e-01,  4.733e-01,  1.235e+00],
                       [ 2.253e+00,  9.739e-01,  4.733e-01,  1.235e+00],
                       ...,
                       [ 2.253e+00,  9.739e-01,  4.733e-01,  1.235e+00],
                       [ 2.253e+00,  9.739e-01,  4.733e-01,  1.235e+00]]), array([ 8.295e+01,  8.295e+01,  8.295e+01,  8.295e+01,
                        8.295e+01]))
   param_names: ['d', 'e', 'f', 'g']
[2.25331328 0.97395392 0.47331882 1.23456534]
{'d': 2.2533132787355337, 'e': 0.9739539210273243, 'f': 0.47331882373104894, 'g': 1.2345653400922945}
Previous:  {'d': 2.2422362664220503, 'e': 0.9763051896181583, 'f': 0.4797435757620476, 'g': 1.2341932747216968}


##############################


asserting exponential supression start at lower masses
prev {'d': 2.2533132787355337, 'e': 0.9739539210273243, 'f': 0.47331882373104894, 'g': 1.2345653400922945}
Starting ML Fit
Box90_1400
       message: Optimization terminated successfully.
       success: True
        status: 0
           fun: 78.25639648823802
             x: [ 2.270e+00  9.721e-01  4.671e-01  1.235e+00]
           nit: 91
          nfev: 166
 final_simplex: (array([[ 2.270e+00,  9.721e-01,  4.671e-01,  1.235e+00],
                       [ 2.270e+00,  9.721e-01,  4.671e-01,  1.235e+00],
                       ...,
                       [ 2.270e+00,  9.721e-01,  4.671e-01,  1.235e+00],
                       [ 2.270e+00,  9.721e-01,  4.671e-01,  1.235e+00]]), array([ 7.826e+01,  7.826e+01,  7.826e+01,  7.826e+01,
                        7.826e+01]))
   param_names: ['d', 'e', 'f', 'g']
[2.27045368 0.97211098 0.46711458 1.23542075]
{'d': 2.270453684782363, 'e': 0.972110983613043, 'f': 0.46711457573237114, 'g': 1.235420752356622}
Previous:  {'d': 2.2533132787355337, 'e': 0.9739539210273243, 'f': 0.47331882373104894, 'g': 1.2345653400922945}


##############################


asserting exponential supression start at lower masses
prev {'d': 2.270453684782363, 'e': 0.972110983613043, 'f': 0.46711457573237114, 'g': 1.235420752356622}
Starting ML Fit
Box90_1400
       message: Optimization terminated successfully.
       success: True
        status: 0
           fun: 78.62941365716154
             x: [ 2.297e+00  9.704e-01  4.603e-01  1.237e+00]
           nit: 96
          nfev: 171
 final_simplex: (array([[ 2.297e+00,  9.704e-01,  4.603e-01,  1.237e+00],
                       [ 2.297e+00,  9.703e-01,  4.603e-01,  1.237e+00],
                       ...,
                       [ 2.297e+00,  9.703e-01,  4.603e-01,  1.237e+00],
                       [ 2.297e+00,  9.703e-01,  4.603e-01,  1.237e+00]]), array([ 7.863e+01,  7.863e+01,  7.863e+01,  7.863e+01,
                        7.863e+01]))
   param_names: ['d', 'e', 'f', 'g']
[2.29723301 0.97035132 0.46033353 1.23652574]
{'d': 2.297233010813816, 'e': 0.9703513211933649, 'f': 0.46033352654577775, 'g': 1.2365257434336951}
Previous:  {'d': 2.270453684782363, 'e': 0.972110983613043, 'f': 0.46711457573237114, 'g': 1.235420752356622}


##############################


asserting exponential supression start at lower masses
prev {'d': 2.297233010813816, 'e': 0.9703513211933649, 'f': 0.46033352654577775, 'g': 1.2365257434336951}
Starting ML Fit
Box90_1400
       message: Optimization terminated successfully.
       success: True
        status: 0
           fun: 83.36926880031733
             x: [ 2.312e+00  9.689e-01  4.546e-01  1.238e+00]
           nit: 101
          nfev: 176
 final_simplex: (array([[ 2.312e+00,  9.689e-01,  4.546e-01,  1.238e+00],
                       [ 2.312e+00,  9.689e-01,  4.546e-01,  1.238e+00],
                       ...,
                       [ 2.312e+00,  9.689e-01,  4.546e-01,  1.238e+00],
                       [ 2.312e+00,  9.689e-01,  4.546e-01,  1.238e+00]]), array([ 8.337e+01,  8.337e+01,  8.337e+01,  8.337e+01,
                        8.337e+01]))
   param_names: ['d', 'e', 'f', 'g']
[2.31198664 0.96890565 0.45459457 1.23794499]
{'d': 2.3119866359014694, 'e': 0.9689056505530784, 'f': 0.45459457317869595, 'g': 1.2379449941110794}
Previous:  {'d': 2.297233010813816, 'e': 0.9703513211933649, 'f': 0.46033352654577775, 'g': 1.2365257434336951}


##############################


asserting exponential supression start at lower masses
prev {'d': 2.3119866359014694, 'e': 0.9689056505530784, 'f': 0.45459457317869595, 'g': 1.2379449941110794}
Starting ML Fit
Box90_1400
       message: Optimization terminated successfully.
       success: True
        status: 0
           fun: 69.53550649599494
             x: [ 2.315e+00  9.673e-01  4.506e-01  1.238e+00]
           nit: 103
          nfev: 178
 final_simplex: (array([[ 2.315e+00,  9.673e-01,  4.506e-01,  1.238e+00],
                       [ 2.315e+00,  9.674e-01,  4.505e-01,  1.238e+00],
                       ...,
                       [ 2.315e+00,  9.674e-01,  4.505e-01,  1.238e+00],
                       [ 2.315e+00,  9.674e-01,  4.505e-01,  1.238e+00]]), array([ 6.954e+01,  6.954e+01,  6.954e+01,  6.954e+01,
                        6.954e+01]))
   param_names: ['d', 'e', 'f', 'g']
[2.31525019 0.96733375 0.45055013 1.23814546]
{'d': 2.3152501885689194, 'e': 0.9673337460035498, 'f': 0.4505501344255687, 'g': 1.2381454569117176}
Previous:  {'d': 2.3119866359014694, 'e': 0.9689056505530784, 'f': 0.45459457317869595, 'g': 1.2379449941110794}


##############################


asserting exponential supression start at lower masses
prev {'d': 2.3152501885689194, 'e': 0.9673337460035498, 'f': 0.4505501344255687, 'g': 1.2381454569117176}
Starting ML Fit
Box90_1400
       message: Optimization terminated successfully.
       success: True
        status: 0
           fun: 73.40857826710013
             x: [ 2.332e+00  9.657e-01  4.449e-01  1.239e+00]
           nit: 78
          nfev: 140
 final_simplex: (array([[ 2.332e+00,  9.657e-01,  4.449e-01,  1.239e+00],
                       [ 2.332e+00,  9.657e-01,  4.449e-01,  1.239e+00],
                       ...,
                       [ 2.332e+00,  9.657e-01,  4.449e-01,  1.239e+00],
                       [ 2.332e+00,  9.657e-01,  4.449e-01,  1.239e+00]]), array([ 7.341e+01,  7.341e+01,  7.341e+01,  7.341e+01,
                        7.341e+01]))
   param_names: ['d', 'e', 'f', 'g']
[2.33176409 0.96569722 0.44492948 1.23932044]
{'d': 2.3317640894238516, 'e': 0.9656972150502061, 'f': 0.44492947756490686, 'g': 1.2393204434888248}
Previous:  {'d': 2.3152501885689194, 'e': 0.9673337460035498, 'f': 0.4505501344255687, 'g': 1.2381454569117176}


##############################


asserting exponential supression start at lower masses
prev {'d': 2.3317640894238516, 'e': 0.9656972150502061, 'f': 0.44492947756490686, 'g': 1.2393204434888248}
Starting ML Fit
Box90_1400
       message: Optimization terminated successfully.
       success: True
        status: 0
           fun: 54.62162649034462
             x: [ 2.352e+00  9.593e-01  4.286e-01  1.240e+00]
           nit: 133
          nfev: 229
 final_simplex: (array([[ 2.352e+00,  9.593e-01,  4.286e-01,  1.240e+00],
                       [ 2.352e+00,  9.593e-01,  4.286e-01,  1.240e+00],
                       ...,
                       [ 2.352e+00,  9.593e-01,  4.286e-01,  1.240e+00],
                       [ 2.352e+00,  9.593e-01,  4.286e-01,  1.240e+00]]), array([ 5.462e+01,  5.462e+01,  5.462e+01,  5.462e+01,
                        5.462e+01]))
   param_names: ['d', 'e', 'f', 'g']
[2.3519907  0.95931268 0.42859109 1.24039688]
{'d': 2.3519907021844566, 'e': 0.9593126784405558, 'f': 0.4285910945364546, 'g': 1.2403968839067443}
Previous:  {'d': 2.3317640894238516, 'e': 0.9656972150502061, 'f': 0.44492947756490686, 'g': 1.2393204434888248}


##############################


asserting exponential supression start at lower masses
prev {'d': 2.3519907021844566, 'e': 0.9593126784405558, 'f': 0.4285910945364546, 'g': 1.2403968839067443}
Starting ML Fit
Box90_1400
       message: Optimization terminated successfully.
       success: True
        status: 0
           fun: 46.00931591362573
             x: [ 2.391e+00  9.552e-01  4.177e-01  1.240e+00]
           nit: 101
          nfev: 177
 final_simplex: (array([[ 2.391e+00,  9.552e-01,  4.177e-01,  1.240e+00],
                       [ 2.391e+00,  9.552e-01,  4.177e-01,  1.240e+00],
                       ...,
                       [ 2.391e+00,  9.552e-01,  4.177e-01,  1.240e+00],
                       [ 2.391e+00,  9.552e-01,  4.177e-01,  1.240e+00]]), array([ 4.601e+01,  4.601e+01,  4.601e+01,  4.601e+01,
                        4.601e+01]))
   param_names: ['d', 'e', 'f', 'g']
[2.39102944 0.95516706 0.41772265 1.24039689]
{'d': 2.391029440322222, 'e': 0.9551670576797635, 'f': 0.41772264720116575, 'g': 1.240396888679701}
Previous:  {'d': 2.3519907021844566, 'e': 0.9593126784405558, 'f': 0.4285910945364546, 'g': 1.2403968839067443}


##############################


asserting exponential supression start at lower masses
prev {'d': 2.391029440322222, 'e': 0.9551670576797635, 'f': 0.41772264720116575, 'g': 1.240396888679701}
Starting ML Fit
Box90_1400
       message: Optimization terminated successfully.
       success: True
        status: 0
           fun: 35.5903525061636
             x: [ 2.362e+00  9.517e-01  4.105e-01  1.241e+00]
           nit: 82
          nfev: 149
 final_simplex: (array([[ 2.362e+00,  9.517e-01,  4.105e-01,  1.241e+00],
                       [ 2.362e+00,  9.517e-01,  4.105e-01,  1.241e+00],
                       ...,
                       [ 2.362e+00,  9.517e-01,  4.105e-01,  1.241e+00],
                       [ 2.362e+00,  9.517e-01,  4.105e-01,  1.241e+00]]), array([ 3.559e+01,  3.559e+01,  3.559e+01,  3.559e+01,
                        3.559e+01]))
   param_names: ['d', 'e', 'f', 'g']
[2.36231416 0.95169989 0.41052067 1.24141138]
{'d': 2.362314156359121, 'e': 0.9516998856111575, 'f': 0.41052066703151946, 'g': 1.2414113783750902}
Previous:  {'d': 2.391029440322222, 'e': 0.9551670576797635, 'f': 0.41772264720116575, 'g': 1.240396888679701}


