##############################


[[0.01   0.     0.     0.     0.     0.     0.     0.    ]
 [0.     0.01   0.     0.     0.     0.     0.     0.    ]
 [0.     0.     0.001  0.     0.     0.     0.     0.    ]
 [0.     0.     0.     0.001  0.     0.     0.     0.    ]
 [0.     0.     0.     0.     0.0005 0.     0.     0.    ]
 [0.     0.     0.     0.     0.     0.0005 0.     0.    ]
 [0.     0.     0.     0.     0.     0.     0.0001 0.    ]
 [0.     0.     0.     0.     0.     0.     0.     0.0001]]
[0.302679, 0.366459, 0.403224, 0.488191, 0.512095, 0.537169, 0.563471, 0.591061, 0.620002, 0.65036, 0.715608, 0.787402, 0.866399, 0.953321, 1.0]
dict_keys([0.302679, 0.366459, 0.403224, 0.488191, 0.512095, 0.537169, 0.563471, 0.591061, 0.620002, 0.65036, 0.715608, 0.787402, 0.866399, 0.953321, 1.0])
prev {'d0': 2.089741116394303, 'd1': 0.012352509058489185, 'e0': 1.0109925491348788, 'e1': -0.04671741832848007, 'f0': 0.44646361875948104, 'f1': 0.1732496204691703, 'g0': 1.2389090588751754, 'g1': 0.03062491431777929}
Starting ML Fit
Box62_1400
       message: Optimization terminated successfully.
       success: True
        status: 0
           fun: 1550.1890284755632
             x: [ 2.151e+00  3.330e-03  9.846e-01 -4.628e-02  4.475e-01
                  1.885e-01  1.236e+00  3.411e-02]
           nit: 553
          nfev: 822
 final_simplex: (array([[ 2.151e+00,  3.330e-03, ...,  1.236e+00,
                         3.411e-02],
                       [ 2.151e+00,  3.332e-03, ...,  1.236e+00,
                         3.413e-02],
                       ...,
                       [ 2.151e+00,  3.309e-03, ...,  1.236e+00,
                         3.413e-02],
                       [ 2.151e+00,  3.320e-03, ...,  1.236e+00,
                         3.410e-02]]), array([ 1.550e+03,  1.550e+03,  1.550e+03,  1.550e+03,
                        1.550e+03,  1.550e+03,  1.550e+03,  1.550e+03,
                        1.550e+03]))
   param_names: ['d0', 'd1', 'e0', 'e1', 'f0', 'f1', 'g0', 'g1']
[ 2.15071228  0.00332976  0.98457411 -0.04628071  0.44748163  0.18848196
  1.23609749  0.034107  ]
{'d0': 2.150712283008218, 'd1': 0.0033297627613462335, 'e0': 0.9845741109349047, 'e1': -0.04628071466145332, 'f0': 0.44748163422401266, 'f1': 0.18848196255200023, 'g0': 1.236097485802563, 'g1': 0.03410700090738758}
-------------------
{'d0': 2.150712283008218, 'd1': 0.0033297627613462335, 'e0': 0.9845741109349047, 'e1': -0.04628071466145332, 'f0': 0.44748163422401266, 'f1': 0.18848196255200023, 'g0': 1.236097485802563, 'g1': 0.03410700090738758}
Previous:  {'d0': 2.089741116394303, 'd1': 0.012352509058489185, 'e0': 1.0109925491348788, 'e1': -0.04671741832848007, 'f0': 0.44646361875948104, 'f1': 0.1732496204691703, 'g0': 1.2389090588751754, 'g1': 0.03062491431777929}
-------------------
