alist [1.0, 0.953321, 0.866399, 0.787402, 0.715608, 0.65036, 0.620002, 0.591061, 0.563471, 0.537169, 0.512095, 0.488191, 0.403224, 0.366459, 0.302679]
Curr: Box_n50_27_1400, Prev: Box_n50_13_1400
##############################


prev {'d': 0.4373719026973041, 'e': 0.30392549329272356, 'f': 1.58671243898474, 'g': 1.1791311924469134}
Starting ML Fit
Box_n50_27_1400
       message: Optimization terminated successfully.
       success: True
        status: 0
           fun: 112.07747694275746
             x: [ 4.313e-01  3.039e-01  1.592e+00  1.162e+00]
           nit: 70
          nfev: 127
 final_simplex: (array([[ 4.313e-01,  3.039e-01,  1.592e+00,  1.162e+00],
                       [ 4.313e-01,  3.039e-01,  1.592e+00,  1.162e+00],
                       ...,
                       [ 4.313e-01,  3.039e-01,  1.592e+00,  1.162e+00],
                       [ 4.313e-01,  3.039e-01,  1.592e+00,  1.162e+00]]), array([ 1.121e+02,  1.121e+02,  1.121e+02,  1.121e+02,
                        1.121e+02]))
   param_names: ['d', 'e', 'f', 'g']
[0.43128911 0.303904   1.59199952 1.16153357]
{'d': 0.4312891070263005, 'e': 0.30390399824311365, 'f': 1.5919995177714514, 'g': 1.1615335749367564}
Previous:  {'d': 0.4373719026973041, 'e': 0.30392549329272356, 'f': 1.58671243898474, 'g': 1.1791311924469134}


##############################


prev {'d': 0.4312891070263005, 'e': 0.30390399824311365, 'f': 1.5919995177714514, 'g': 1.1615335749367564}
Starting ML Fit
Box_n50_27_1400
       message: Optimization terminated successfully.
       success: True
        status: 0
           fun: 116.07438224419892
             x: [ 4.235e-01  3.037e-01  1.596e+00  1.158e+00]
           nit: 70
          nfev: 123
 final_simplex: (array([[ 4.235e-01,  3.037e-01,  1.596e+00,  1.158e+00],
                       [ 4.235e-01,  3.037e-01,  1.596e+00,  1.158e+00],
                       ...,
                       [ 4.235e-01,  3.037e-01,  1.596e+00,  1.158e+00],
                       [ 4.235e-01,  3.037e-01,  1.596e+00,  1.158e+00]]), array([ 1.161e+02,  1.161e+02,  1.161e+02,  1.161e+02,
                        1.161e+02]))
   param_names: ['d', 'e', 'f', 'g']
[0.42349294 0.30374823 1.59630711 1.15792118]
{'d': 0.4234929350508543, 'e': 0.3037482261696879, 'f': 1.596307110609113, 'g': 1.1579211828957237}
Previous:  {'d': 0.4312891070263005, 'e': 0.30390399824311365, 'f': 1.5919995177714514, 'g': 1.1615335749367564}


##############################


prev {'d': 0.4234929350508543, 'e': 0.3037482261696879, 'f': 1.596307110609113, 'g': 1.1579211828957237}
Starting ML Fit
Box_n50_27_1400
       message: Optimization terminated successfully.
       success: True
        status: 0
           fun: 107.27928773838866
             x: [ 4.104e-01  3.030e-01  1.608e+00  1.158e+00]
           nit: 77
          nfev: 135
 final_simplex: (array([[ 4.104e-01,  3.030e-01,  1.608e+00,  1.158e+00],
                       [ 4.104e-01,  3.030e-01,  1.608e+00,  1.158e+00],
                       ...,
                       [ 4.104e-01,  3.030e-01,  1.608e+00,  1.158e+00],
                       [ 4.104e-01,  3.030e-01,  1.608e+00,  1.158e+00]]), array([ 1.073e+02,  1.073e+02,  1.073e+02,  1.073e+02,
                        1.073e+02]))
   param_names: ['d', 'e', 'f', 'g']
[0.41036746 0.30301571 1.60779225 1.15780579]
{'d': 0.41036745823149773, 'e': 0.3030157109093943, 'f': 1.6077922493911494, 'g': 1.1578057874983725}
Previous:  {'d': 0.4234929350508543, 'e': 0.3037482261696879, 'f': 1.596307110609113, 'g': 1.1579211828957237}


##############################


prev {'d': 0.41036745823149773, 'e': 0.3030157109093943, 'f': 1.6077922493911494, 'g': 1.1578057874983725}
Starting ML Fit
Box_n50_27_1400
       message: Optimization terminated successfully.
       success: True
        status: 0
           fun: 97.40372346578572
             x: [ 3.972e-01  3.021e-01  1.622e+00  1.154e+00]
           nit: 67
          nfev: 122
 final_simplex: (array([[ 3.972e-01,  3.021e-01,  1.622e+00,  1.154e+00],
                       [ 3.972e-01,  3.021e-01,  1.622e+00,  1.154e+00],
                       ...,
                       [ 3.972e-01,  3.022e-01,  1.622e+00,  1.154e+00],
                       [ 3.972e-01,  3.022e-01,  1.622e+00,  1.154e+00]]), array([ 9.740e+01,  9.740e+01,  9.740e+01,  9.740e+01,
                        9.740e+01]))
   param_names: ['d', 'e', 'f', 'g']
[0.39720197 0.3021335  1.62164468 1.15442932]
{'d': 0.3972019688491657, 'e': 0.30213350490298807, 'f': 1.6216446779508595, 'g': 1.1544293233842469}
Previous:  {'d': 0.41036745823149773, 'e': 0.3030157109093943, 'f': 1.6077922493911494, 'g': 1.1578057874983725}


##############################


prev {'d': 0.3972019688491657, 'e': 0.30213350490298807, 'f': 1.6216446779508595, 'g': 1.1544293233842469}
Starting ML Fit
Box_n50_27_1400
       message: Optimization terminated successfully.
       success: True
        status: 0
           fun: 102.2183197117108
             x: [ 3.864e-01  3.013e-01  1.635e+00  1.155e+00]
           nit: 93
          nfev: 167
 final_simplex: (array([[ 3.864e-01,  3.013e-01,  1.635e+00,  1.155e+00],
                       [ 3.864e-01,  3.013e-01,  1.635e+00,  1.155e+00],
                       ...,
                       [ 3.865e-01,  3.013e-01,  1.635e+00,  1.155e+00],
                       [ 3.865e-01,  3.013e-01,  1.635e+00,  1.155e+00]]), array([ 1.022e+02,  1.022e+02,  1.022e+02,  1.022e+02,
                        1.022e+02]))
   param_names: ['d', 'e', 'f', 'g']
[0.38644482 0.30129813 1.6349483  1.15532661]
{'d': 0.38644482125481094, 'e': 0.30129812673909084, 'f': 1.6349482992127182, 'g': 1.1553266083022624}
Previous:  {'d': 0.3972019688491657, 'e': 0.30213350490298807, 'f': 1.6216446779508595, 'g': 1.1544293233842469}


##############################


prev {'d': 0.38644482125481094, 'e': 0.30129812673909084, 'f': 1.6349482992127182, 'g': 1.1553266083022624}
Starting ML Fit
Box_n50_27_1400
       message: Optimization terminated successfully.
       success: True
        status: 0
           fun: 94.27223165261967
             x: [ 3.766e-01  3.006e-01  1.648e+00  1.155e+00]
           nit: 83
          nfev: 151
 final_simplex: (array([[ 3.766e-01,  3.006e-01,  1.648e+00,  1.155e+00],
                       [ 3.766e-01,  3.005e-01,  1.648e+00,  1.155e+00],
                       ...,
                       [ 3.766e-01,  3.005e-01,  1.648e+00,  1.155e+00],
                       [ 3.766e-01,  3.005e-01,  1.648e+00,  1.155e+00]]), array([ 9.427e+01,  9.427e+01,  9.427e+01,  9.427e+01,
                        9.427e+01]))
   param_names: ['d', 'e', 'f', 'g']
[0.37661944 0.30057489 1.64805065 1.15521103]
{'d': 0.3766194377311314, 'e': 0.3005748911448045, 'f': 1.6480506465478113, 'g': 1.1552110337950239}
Previous:  {'d': 0.38644482125481094, 'e': 0.30129812673909084, 'f': 1.6349482992127182, 'g': 1.1553266083022624}


##############################


prev {'d': 0.3766194377311314, 'e': 0.3005748911448045, 'f': 1.6480506465478113, 'g': 1.1552110337950239}
Starting ML Fit
Box_n50_27_1400
       message: Optimization terminated successfully.
       success: True
        status: 0
           fun: 90.74852128357479
             x: [ 3.717e-01  2.997e-01  1.663e+00  1.156e+00]
           nit: 73
          nfev: 128
 final_simplex: (array([[ 3.717e-01,  2.997e-01,  1.663e+00,  1.156e+00],
                       [ 3.717e-01,  2.997e-01,  1.663e+00,  1.156e+00],
                       ...,
                       [ 3.717e-01,  2.997e-01,  1.663e+00,  1.156e+00],
                       [ 3.717e-01,  2.996e-01,  1.663e+00,  1.156e+00]]), array([ 9.075e+01,  9.075e+01,  9.075e+01,  9.075e+01,
                        9.075e+01]))
   param_names: ['d', 'e', 'f', 'g']
[0.37170607 0.29969437 1.66294653 1.15569607]
{'d': 0.3717060682645589, 'e': 0.2996943737511141, 'f': 1.6629465312292755, 'g': 1.1556960658080686}
Previous:  {'d': 0.3766194377311314, 'e': 0.3005748911448045, 'f': 1.6480506465478113, 'g': 1.1552110337950239}


##############################


prev {'d': 0.3717060682645589, 'e': 0.2996943737511141, 'f': 1.6629465312292755, 'g': 1.1556960658080686}
Starting ML Fit
Box_n50_27_1400
       message: Optimization terminated successfully.
       success: True
        status: 0
           fun: 87.80031895025022
             x: [ 3.666e-01  2.989e-01  1.676e+00  1.155e+00]
           nit: 77
          nfev: 139
 final_simplex: (array([[ 3.666e-01,  2.989e-01,  1.676e+00,  1.155e+00],
                       [ 3.666e-01,  2.989e-01,  1.676e+00,  1.155e+00],
                       ...,
                       [ 3.666e-01,  2.989e-01,  1.676e+00,  1.155e+00],
                       [ 3.666e-01,  2.989e-01,  1.676e+00,  1.155e+00]]), array([ 8.780e+01,  8.780e+01,  8.780e+01,  8.780e+01,
                        8.780e+01]))
   param_names: ['d', 'e', 'f', 'g']
[0.36661819 0.29888902 1.67594819 1.15500006]
{'d': 0.36661818694554893, 'e': 0.29888902457702693, 'f': 1.6759481879896398, 'g': 1.1550000582460966}
Previous:  {'d': 0.3717060682645589, 'e': 0.2996943737511141, 'f': 1.6629465312292755, 'g': 1.1556960658080686}


##############################


prev {'d': 0.36661818694554893, 'e': 0.29888902457702693, 'f': 1.6759481879896398, 'g': 1.1550000582460966}
Starting ML Fit
Box_n50_27_1400
       message: Optimization terminated successfully.
       success: True
        status: 0
           fun: 82.11771975184261
             x: [ 3.623e-01  2.982e-01  1.689e+00  1.156e+00]
           nit: 73
          nfev: 134
 final_simplex: (array([[ 3.623e-01,  2.982e-01,  1.689e+00,  1.156e+00],
                       [ 3.623e-01,  2.982e-01,  1.689e+00,  1.156e+00],
                       ...,
                       [ 3.623e-01,  2.981e-01,  1.689e+00,  1.156e+00],
                       [ 3.623e-01,  2.982e-01,  1.689e+00,  1.156e+00]]), array([ 8.212e+01,  8.212e+01,  8.212e+01,  8.212e+01,
                        8.212e+01]))
   param_names: ['d', 'e', 'f', 'g']
[0.36225323 0.29818075 1.68887298 1.15590137]
{'d': 0.3622532262956959, 'e': 0.29818074660526694, 'f': 1.6888729776010178, 'g': 1.1559013662140645}
Previous:  {'d': 0.36661818694554893, 'e': 0.29888902457702693, 'f': 1.6759481879896398, 'g': 1.1550000582460966}


##############################


prev {'d': 0.3622532262956959, 'e': 0.29818074660526694, 'f': 1.6888729776010178, 'g': 1.1559013662140645}
Starting ML Fit
Box_n50_27_1400
       message: Optimization terminated successfully.
       success: True
        status: 0
           fun: 82.12049165155125
             x: [ 3.585e-01  2.976e-01  1.698e+00  1.157e+00]
           nit: 75
          nfev: 138
 final_simplex: (array([[ 3.585e-01,  2.976e-01,  1.698e+00,  1.157e+00],
                       [ 3.585e-01,  2.976e-01,  1.698e+00,  1.157e+00],
                       ...,
                       [ 3.585e-01,  2.976e-01,  1.698e+00,  1.157e+00],
                       [ 3.585e-01,  2.976e-01,  1.698e+00,  1.157e+00]]), array([ 8.212e+01,  8.212e+01,  8.212e+01,  8.212e+01,
                        8.212e+01]))
   param_names: ['d', 'e', 'f', 'g']
[0.35853167 0.29761476 1.69846868 1.15653307]
{'d': 0.35853167275845266, 'e': 0.297614764689882, 'f': 1.698468680637062, 'g': 1.1565330703370538}
Previous:  {'d': 0.3622532262956959, 'e': 0.29818074660526694, 'f': 1.6888729776010178, 'g': 1.1559013662140645}


##############################


prev {'d': 0.35853167275845266, 'e': 0.297614764689882, 'f': 1.698468680637062, 'g': 1.1565330703370538}
Starting ML Fit
Box_n50_27_1400
       message: Optimization terminated successfully.
       success: True
        status: 0
           fun: 78.96733953345444
             x: [ 3.546e-01  2.970e-01  1.710e+00  1.156e+00]
           nit: 107
          nfev: 186
 final_simplex: (array([[ 3.546e-01,  2.970e-01,  1.710e+00,  1.156e+00],
                       [ 3.546e-01,  2.970e-01,  1.710e+00,  1.156e+00],
                       ...,
                       [ 3.546e-01,  2.970e-01,  1.710e+00,  1.156e+00],
                       [ 3.546e-01,  2.970e-01,  1.710e+00,  1.156e+00]]), array([ 7.897e+01,  7.897e+01,  7.897e+01,  7.897e+01,
                        7.897e+01]))
   param_names: ['d', 'e', 'f', 'g']
[0.35459718 0.29697209 1.71017223 1.15623628]
{'d': 0.354597179145263, 'e': 0.296972089425226, 'f': 1.7101722331350229, 'g': 1.1562362793324095}
Previous:  {'d': 0.35853167275845266, 'e': 0.297614764689882, 'f': 1.698468680637062, 'g': 1.1565330703370538}


##############################


prev {'d': 0.354597179145263, 'e': 0.296972089425226, 'f': 1.7101722331350229, 'g': 1.1562362793324095}
Starting ML Fit
Box_n50_27_1400
       message: Optimization terminated successfully.
       success: True
        status: 0
           fun: 83.60863743328967
             x: [ 3.522e-01  2.967e-01  1.715e+00  1.158e+00]
           nit: 76
          nfev: 131
 final_simplex: (array([[ 3.522e-01,  2.967e-01,  1.715e+00,  1.158e+00],
                       [ 3.522e-01,  2.967e-01,  1.715e+00,  1.158e+00],
                       ...,
                       [ 3.522e-01,  2.967e-01,  1.715e+00,  1.158e+00],
                       [ 3.522e-01,  2.967e-01,  1.715e+00,  1.158e+00]]), array([ 8.361e+01,  8.361e+01,  8.361e+01,  8.361e+01,
                        8.361e+01]))
   param_names: ['d', 'e', 'f', 'g']
[0.35220969 0.29669255 1.71515888 1.15793516]
{'d': 0.35220969469814883, 'e': 0.29669255389955673, 'f': 1.7151588839748535, 'g': 1.1579351638616524}
Previous:  {'d': 0.354597179145263, 'e': 0.296972089425226, 'f': 1.7101722331350229, 'g': 1.1562362793324095}


##############################


prev {'d': 0.35220969469814883, 'e': 0.29669255389955673, 'f': 1.7151588839748535, 'g': 1.1579351638616524}
Starting ML Fit
Box_n50_27_1400
       message: Optimization terminated successfully.
       success: True
        status: 0
           fun: 70.08849914689544
             x: [ 3.385e-01  2.961e-01  1.730e+00  1.153e+00]
           nit: 100
          nfev: 168
 final_simplex: (array([[ 3.385e-01,  2.961e-01,  1.730e+00,  1.153e+00],
                       [ 3.385e-01,  2.961e-01,  1.730e+00,  1.153e+00],
                       ...,
                       [ 3.385e-01,  2.960e-01,  1.730e+00,  1.153e+00],
                       [ 3.385e-01,  2.961e-01,  1.730e+00,  1.153e+00]]), array([ 7.009e+01,  7.009e+01,  7.009e+01,  7.009e+01,
                        7.009e+01]))
   param_names: ['d', 'e', 'f', 'g']
[0.33850225 0.29607771 1.72999033 1.15269727]
{'d': 0.3385022513504935, 'e': 0.2960777085479389, 'f': 1.729990332844249, 'g': 1.1526972696503939}
Previous:  {'d': 0.35220969469814883, 'e': 0.29669255389955673, 'f': 1.7151588839748535, 'g': 1.1579351638616524}


##############################


prev {'d': 0.3385022513504935, 'e': 0.2960777085479389, 'f': 1.729990332844249, 'g': 1.1526972696503939}
Starting ML Fit
Box_n50_27_1400
       message: Optimization terminated successfully.
       success: True
        status: 0
           fun: 55.97833994866965
             x: [ 3.348e-01  2.959e-01  1.736e+00  1.153e+00]
           nit: 96
          nfev: 165
 final_simplex: (array([[ 3.348e-01,  2.959e-01,  1.736e+00,  1.153e+00],
                       [ 3.348e-01,  2.958e-01,  1.736e+00,  1.153e+00],
                       ...,
                       [ 3.348e-01,  2.958e-01,  1.736e+00,  1.153e+00],
                       [ 3.348e-01,  2.959e-01,  1.736e+00,  1.153e+00]]), array([ 5.598e+01,  5.598e+01,  5.598e+01,  5.598e+01,
                        5.598e+01]))
   param_names: ['d', 'e', 'f', 'g']
[0.33481653 0.29585094 1.73597352 1.15302453]
{'d': 0.33481652956120245, 'e': 0.295850939818872, 'f': 1.7359735152229874, 'g': 1.1530245260346768}
Previous:  {'d': 0.3385022513504935, 'e': 0.2960777085479389, 'f': 1.729990332844249, 'g': 1.1526972696503939}


##############################


prev {'d': 0.33481652956120245, 'e': 0.295850939818872, 'f': 1.7359735152229874, 'g': 1.1530245260346768}
Starting ML Fit
Box_n50_27_1400
       message: Optimization terminated successfully.
       success: True
        status: 0
           fun: 33.29135316048273
             x: [ 3.383e-01  2.959e-01  1.734e+00  1.164e+00]
           nit: 76
          nfev: 138
 final_simplex: (array([[ 3.383e-01,  2.959e-01,  1.734e+00,  1.164e+00],
                       [ 3.383e-01,  2.958e-01,  1.734e+00,  1.164e+00],
                       ...,
                       [ 3.383e-01,  2.958e-01,  1.734e+00,  1.164e+00],
                       [ 3.383e-01,  2.958e-01,  1.734e+00,  1.164e+00]]), array([ 3.329e+01,  3.329e+01,  3.329e+01,  3.329e+01,
                        3.329e+01]))
   param_names: ['d', 'e', 'f', 'g']
[0.33826692 0.2958706  1.73435656 1.16376372]
{'d': 0.33826691524011043, 'e': 0.295870604635907, 'f': 1.7343565550614721, 'g': 1.1637637171823743}
Previous:  {'d': 0.33481652956120245, 'e': 0.295850939818872, 'f': 1.7359735152229874, 'g': 1.1530245260346768}


