##############################


[[0.001  0.     0.     0.     0.     0.     0.     0.    ]
 [0.     0.0008 0.     0.     0.     0.     0.     0.    ]
 [0.     0.     0.1    0.     0.     0.     0.     0.    ]
 [0.     0.     0.     0.08   0.     0.     0.     0.    ]
 [0.     0.     0.     0.     0.05   0.     0.     0.    ]
 [0.     0.     0.     0.     0.     0.8    0.     0.    ]
 [0.     0.     0.     0.     0.     0.     0.03   0.    ]
 [0.     0.     0.     0.     0.     0.     0.     0.008 ]]
[0.302679, 0.366459, 0.403224, 0.488191, 0.512095, 0.537169, 0.563471, 0.591061, 0.620002, 0.65036, 0.715608, 0.787402, 0.866399, 0.953321, 1.0]
dict_keys([0.302679, 0.366459, 0.403224, 0.488191, 0.512095, 0.537169, 0.563471, 0.591061, 0.620002, 0.65036, 0.715608, 0.787402, 0.866399, 0.953321, 1.0])
prev {'d0': 1.9973386161143916, 'd1': 0.14745674951642804, 'e0': 1.098746565906514, 'e1': 0.0013539297720729993, 'f0': 0.5063638779516351, 'f1': 0.17455264289559186, 'g0': 1.2950850098231563, 'g1': 0.1271488366501955}
Starting ML Fit
Box31_1400
       message: Optimization terminated successfully.
       success: True
        status: 0
           fun: 1927.8748619137998
             x: [ 1.944e+00  2.020e-01  1.178e+00  1.437e-03  4.854e-01
                  1.350e-01  1.337e+00  1.629e-01]
           nit: 589
          nfev: 867
 final_simplex: (array([[ 1.944e+00,  2.020e-01, ...,  1.337e+00,
                         1.629e-01],
                       [ 1.944e+00,  2.020e-01, ...,  1.337e+00,
                         1.629e-01],
                       ...,
                       [ 1.944e+00,  2.021e-01, ...,  1.337e+00,
                         1.629e-01],
                       [ 1.944e+00,  2.020e-01, ...,  1.337e+00,
                         1.630e-01]]), array([ 1.928e+03,  1.928e+03,  1.928e+03,  1.928e+03,
                        1.928e+03,  1.928e+03,  1.928e+03,  1.928e+03,
                        1.928e+03]))
   param_names: ['d0', 'd1', 'e0', 'e1', 'f0', 'f1', 'g0', 'g1']
[1.94361917e+00 2.02023657e-01 1.17818802e+00 1.43708289e-03
 4.85392874e-01 1.35049327e-01 1.33717363e+00 1.62933178e-01]
{'d0': 1.94361916642278, 'd1': 0.20202365700409788, 'e0': 1.178188016094917, 'e1': 0.0014370828915370648, 'f0': 0.48539287381637697, 'f1': 0.13504932725791646, 'g0': 1.3371736333717337, 'g1': 0.1629331781559663}
-------------------
{'d0': 1.94361916642278, 'd1': 0.20202365700409788, 'e0': 1.178188016094917, 'e1': 0.0014370828915370648, 'f0': 0.48539287381637697, 'f1': 0.13504932725791646, 'g0': 1.3371736333717337, 'g1': 0.1629331781559663}
Previous:  {'d0': 1.9973386161143916, 'd1': 0.14745674951642804, 'e0': 1.098746565906514, 'e1': 0.0013539297720729993, 'f0': 0.5063638779516351, 'f1': 0.17455264289559186, 'g0': 1.2950850098231563, 'g1': 0.1271488366501955}
-------------------
