##############################


[0.302679, 0.366459, 0.403224, 0.488191, 0.512095, 0.537169, 0.563471, 0.591061, 0.620002, 0.65036, 0.715608, 0.787402, 0.866399, 0.953321, 1.0]
dict_keys([0.302679, 0.366459, 0.403224, 0.488191, 0.512095, 0.537169, 0.563471, 0.591061, 0.620002, 0.65036, 0.715608, 0.787402, 0.866399, 0.953321, 1.0])
prev {'d0': 2.188156056591742, 'd1': -0.15939144949734008, 'e0': 0.9415283370973386, 'e1': 0.0018210213487143004, 'f0': 0.4758411316886181, 'f1': 0.17509501847689374, 'g0': 1.2390870282403759, 'g1': -0.0035352252678150665}
Starting ML Fit
Box_n50_16_1400
       message: Optimization terminated successfully.
       success: True
        status: 0
           fun: 1635.65341012495
             x: [ 2.115e+00 -1.639e-01  1.054e+00  3.647e-03  4.373e-01
                  1.748e-01  1.249e+00 -9.833e-09]
           nit: 984
          nfev: 1468
 final_simplex: (array([[ 2.115e+00, -1.639e-01, ...,  1.249e+00,
                        -9.833e-09],
                       [ 2.114e+00, -1.638e-01, ...,  1.249e+00,
                        -3.951e-08],
                       ...,
                       [ 2.115e+00, -1.639e-01, ...,  1.249e+00,
                        -1.040e-07],
                       [ 2.115e+00, -1.639e-01, ...,  1.249e+00,
                        -1.341e-07]]), array([ 1.636e+03,  1.636e+03,  1.636e+03,  1.636e+03,
                        1.636e+03,  1.636e+03,  1.636e+03,  1.636e+03,
                        1.636e+03]))
   param_names: ['d0', 'd1', 'e0', 'e1', 'f0', 'f1', 'g0', 'g1']
[ 2.11455658e+00 -1.63852294e-01  1.05388574e+00  3.64652142e-03
  4.37304838e-01  1.74849754e-01  1.24942826e+00 -9.83291593e-09]
{'d0': 2.11455657941843, 'd1': -0.1638522936970045, 'e0': 1.0538857431664277, 'e1': 0.0036465214186871637, 'f0': 0.4373048375462306, 'f1': 0.17484975358910665, 'g0': 1.2494282647248611, 'g1': -9.832915932512669e-09}
-------------------
{'d0': 2.11455657941843, 'd1': -0.1638522936970045, 'e0': 1.0538857431664277, 'e1': 0.0036465214186871637, 'f0': 0.4373048375462306, 'f1': 0.17484975358910665, 'g0': 1.2494282647248611, 'g1': -9.832915932512669e-09}
Previous:  {'d0': 2.188156056591742, 'd1': -0.15939144949734008, 'e0': 0.9415283370973386, 'e1': 0.0018210213487143004, 'f0': 0.4758411316886181, 'f1': 0.17509501847689374, 'g0': 1.2390870282403759, 'g1': -0.0035352252678150665}
-------------------
