alist [1.0, 0.953321, 0.866399, 0.787402, 0.715608, 0.65036, 0.620002, 0.591061, 0.563471, 0.537169, 0.512095, 0.488191, 0.403224, 0.366459, 0.302679]
Curr: Box7_1400 , Prev: Box48_1400
##############################


prev {'d': 2.2399313955654234, 'e': 0.9440134497391401, 'f': 0.5179235603951942, 'g': 1.2463492898776507}
Starting ML Fit
Box7_1400
       message: Optimization terminated successfully.
       success: True
        status: 0
           fun: 88.21131956692369
             x: [ 2.317e+00  9.499e-01  5.110e-01  1.253e+00]
           nit: 101
          nfev: 177
 final_simplex: (array([[ 2.317e+00,  9.499e-01,  5.110e-01,  1.253e+00],
                       [ 2.317e+00,  9.499e-01,  5.110e-01,  1.253e+00],
                       ...,
                       [ 2.317e+00,  9.500e-01,  5.109e-01,  1.253e+00],
                       [ 2.317e+00,  9.499e-01,  5.110e-01,  1.253e+00]]), array([ 8.821e+01,  8.821e+01,  8.821e+01,  8.821e+01,
                        8.821e+01]))
   param_names: ['d', 'e', 'f', 'g']
[2.31684144 0.94994547 0.5109541  1.25315618]
{'d': 2.31684143596401, 'e': 0.9499454665880553, 'f': 0.510954097447478, 'g': 1.2531561812992091}
Previous:  {'d': 2.2399313955654234, 'e': 0.9440134497391401, 'f': 0.5179235603951942, 'g': 1.2463492898776507}


##############################


asserting exponential supression start at lower masses
prev {'d': 2.31684143596401, 'e': 0.9499454665880553, 'f': 0.510954097447478, 'g': 1.2531561812992091}
Starting ML Fit
Box7_1400
       message: Optimization terminated successfully.
       success: True
        status: 0
           fun: 92.91102706228861
             x: [ 2.357e+00  9.554e-01  5.039e-01  1.260e+00]
           nit: 95
          nfev: 162
 final_simplex: (array([[ 2.357e+00,  9.554e-01,  5.039e-01,  1.260e+00],
                       [ 2.357e+00,  9.554e-01,  5.039e-01,  1.260e+00],
                       ...,
                       [ 2.357e+00,  9.554e-01,  5.039e-01,  1.260e+00],
                       [ 2.357e+00,  9.554e-01,  5.039e-01,  1.260e+00]]), array([ 9.291e+01,  9.291e+01,  9.291e+01,  9.291e+01,
                        9.291e+01]))
   param_names: ['d', 'e', 'f', 'g']
[2.35707493 0.9553929  0.50391678 1.26038718]
{'d': 2.35707492655898, 'e': 0.9553929022293273, 'f': 0.5039167845041345, 'g': 1.2603871790302337}
Previous:  {'d': 2.31684143596401, 'e': 0.9499454665880553, 'f': 0.510954097447478, 'g': 1.2531561812992091}


##############################


asserting exponential supression start at lower masses
prev {'d': 2.35707492655898, 'e': 0.9553929022293273, 'f': 0.5039167845041345, 'g': 1.2603871790302337}
Starting ML Fit
Box7_1400
       message: Optimization terminated successfully.
       success: True
        status: 0
           fun: 79.06836305394907
             x: [ 2.407e+00  9.389e-01  4.990e-01  1.265e+00]
           nit: 98
          nfev: 178
 final_simplex: (array([[ 2.407e+00,  9.389e-01,  4.990e-01,  1.265e+00],
                       [ 2.407e+00,  9.389e-01,  4.990e-01,  1.265e+00],
                       ...,
                       [ 2.407e+00,  9.389e-01,  4.990e-01,  1.265e+00],
                       [ 2.407e+00,  9.389e-01,  4.990e-01,  1.265e+00]]), array([ 7.907e+01,  7.907e+01,  7.907e+01,  7.907e+01,
                        7.907e+01]))
   param_names: ['d', 'e', 'f', 'g']
[2.40742181 0.9388969  0.49903455 1.26470457]
{'d': 2.4074218098995166, 'e': 0.9388968969941667, 'f': 0.4990345476060609, 'g': 1.2647045713909184}
Previous:  {'d': 2.35707492655898, 'e': 0.9553929022293273, 'f': 0.5039167845041345, 'g': 1.2603871790302337}


##############################


asserting exponential supression start at lower masses
prev {'d': 2.4074218098995166, 'e': 0.9388968969941667, 'f': 0.4990345476060609, 'g': 1.2647045713909184}
Starting ML Fit
Box7_1400
       message: Optimization terminated successfully.
       success: True
        status: 0
           fun: 78.00988260304354
             x: [ 2.436e+00  9.269e-01  4.953e-01  1.268e+00]
           nit: 82
          nfev: 151
 final_simplex: (array([[ 2.436e+00,  9.269e-01,  4.953e-01,  1.268e+00],
                       [ 2.436e+00,  9.270e-01,  4.953e-01,  1.268e+00],
                       ...,
                       [ 2.436e+00,  9.270e-01,  4.953e-01,  1.268e+00],
                       [ 2.436e+00,  9.270e-01,  4.953e-01,  1.268e+00]]), array([ 7.801e+01,  7.801e+01,  7.801e+01,  7.801e+01,
                        7.801e+01]))
   param_names: ['d', 'e', 'f', 'g']
[2.43628671 0.92693818 0.49532061 1.26834685]
{'d': 2.4362867080434087, 'e': 0.9269381756013402, 'f': 0.4953206117442025, 'g': 1.2683468484144813}
Previous:  {'d': 2.4074218098995166, 'e': 0.9388968969941667, 'f': 0.4990345476060609, 'g': 1.2647045713909184}


##############################


asserting exponential supression start at lower masses
prev {'d': 2.4362867080434087, 'e': 0.9269381756013402, 'f': 0.4953206117442025, 'g': 1.2683468484144813}
Starting ML Fit
Box7_1400
       message: Optimization terminated successfully.
       success: True
        status: 0
           fun: 70.27299919376907
             x: [ 2.484e+00  9.076e-01  4.937e-01  1.269e+00]
           nit: 128
          nfev: 220
 final_simplex: (array([[ 2.484e+00,  9.076e-01,  4.937e-01,  1.269e+00],
                       [ 2.484e+00,  9.076e-01,  4.937e-01,  1.269e+00],
                       ...,
                       [ 2.484e+00,  9.076e-01,  4.937e-01,  1.269e+00],
                       [ 2.484e+00,  9.076e-01,  4.937e-01,  1.269e+00]]), array([ 7.027e+01,  7.027e+01,  7.027e+01,  7.027e+01,
                        7.027e+01]))
   param_names: ['d', 'e', 'f', 'g']
[2.48376213 0.90760314 0.49367829 1.26947374]
{'d': 2.4837621286499756, 'e': 0.9076031409369918, 'f': 0.49367828850728523, 'g': 1.269473744832169}
Previous:  {'d': 2.4362867080434087, 'e': 0.9269381756013402, 'f': 0.4953206117442025, 'g': 1.2683468484144813}


##############################


asserting exponential supression start at lower masses
prev {'d': 2.4837621286499756, 'e': 0.9076031409369918, 'f': 0.49367828850728523, 'g': 1.269473744832169}
Starting ML Fit
Box7_1400
       message: Optimization terminated successfully.
       success: True
        status: 0
           fun: 66.39196862015625
             x: [ 2.553e+00  8.911e-01  4.914e-01  1.272e+00]
           nit: 106
          nfev: 184
 final_simplex: (array([[ 2.553e+00,  8.911e-01,  4.914e-01,  1.272e+00],
                       [ 2.553e+00,  8.911e-01,  4.913e-01,  1.272e+00],
                       ...,
                       [ 2.553e+00,  8.911e-01,  4.913e-01,  1.272e+00],
                       [ 2.553e+00,  8.911e-01,  4.913e-01,  1.272e+00]]), array([ 6.639e+01,  6.639e+01,  6.639e+01,  6.639e+01,
                        6.639e+01]))
   param_names: ['d', 'e', 'f', 'g']
[2.55330389 0.89109047 0.49135403 1.27232915]
{'d': 2.553303888210154, 'e': 0.8910904739424041, 'f': 0.49135403271430894, 'g': 1.2723291528591516}
Previous:  {'d': 2.4837621286499756, 'e': 0.9076031409369918, 'f': 0.49367828850728523, 'g': 1.269473744832169}


##############################


asserting exponential supression start at lower masses
prev {'d': 2.553303888210154, 'e': 0.8910904739424041, 'f': 0.49135403271430894, 'g': 1.2723291528591516}
Starting ML Fit
Box7_1400
       message: Optimization terminated successfully.
       success: True
        status: 0
           fun: 58.20318429857763
             x: [ 2.573e+00  8.875e-01  4.901e-01  1.274e+00]
           nit: 70
          nfev: 126
 final_simplex: (array([[ 2.573e+00,  8.875e-01,  4.901e-01,  1.274e+00],
                       [ 2.573e+00,  8.875e-01,  4.901e-01,  1.274e+00],
                       ...,
                       [ 2.573e+00,  8.875e-01,  4.901e-01,  1.274e+00],
                       [ 2.573e+00,  8.875e-01,  4.901e-01,  1.274e+00]]), array([ 5.820e+01,  5.820e+01,  5.820e+01,  5.820e+01,
                        5.820e+01]))
   param_names: ['d', 'e', 'f', 'g']
[2.57342225 0.88746523 0.49013967 1.27407814]
{'d': 2.573422250113832, 'e': 0.8874652298274063, 'f': 0.49013966921090707, 'g': 1.2740781413201627}
Previous:  {'d': 2.553303888210154, 'e': 0.8910904739424041, 'f': 0.49135403271430894, 'g': 1.2723291528591516}


##############################


asserting exponential supression start at lower masses
prev {'d': 2.573422250113832, 'e': 0.8874652298274063, 'f': 0.49013966921090707, 'g': 1.2740781413201627}
Starting ML Fit
Box7_1400
       message: Optimization terminated successfully.
       success: True
        status: 0
           fun: 58.47498392273716
             x: [ 2.589e+00  8.822e-01  4.895e-01  1.275e+00]
           nit: 92
          nfev: 163
 final_simplex: (array([[ 2.589e+00,  8.822e-01,  4.895e-01,  1.275e+00],
                       [ 2.589e+00,  8.822e-01,  4.895e-01,  1.275e+00],
                       ...,
                       [ 2.589e+00,  8.822e-01,  4.895e-01,  1.275e+00],
                       [ 2.589e+00,  8.822e-01,  4.895e-01,  1.275e+00]]), array([ 5.847e+01,  5.847e+01,  5.847e+01,  5.847e+01,
                        5.847e+01]))
   param_names: ['d', 'e', 'f', 'g']
[2.58860928 0.88223753 0.48949503 1.27522075]
{'d': 2.5886092759227326, 'e': 0.8822375278506133, 'f': 0.4894950308496555, 'g': 1.275220749573275}
Previous:  {'d': 2.573422250113832, 'e': 0.8874652298274063, 'f': 0.49013966921090707, 'g': 1.2740781413201627}


##############################


asserting exponential supression start at lower masses
prev {'d': 2.5886092759227326, 'e': 0.8822375278506133, 'f': 0.4894950308496555, 'g': 1.275220749573275}
Starting ML Fit
Box7_1400
       message: Optimization terminated successfully.
       success: True
        status: 0
           fun: 54.19317657256283
             x: [ 2.626e+00  8.751e-01  4.886e-01  1.277e+00]
           nit: 96
          nfev: 174
 final_simplex: (array([[ 2.626e+00,  8.751e-01,  4.886e-01,  1.277e+00],
                       [ 2.626e+00,  8.751e-01,  4.886e-01,  1.277e+00],
                       ...,
                       [ 2.626e+00,  8.750e-01,  4.886e-01,  1.277e+00],
                       [ 2.626e+00,  8.750e-01,  4.886e-01,  1.277e+00]]), array([ 5.419e+01,  5.419e+01,  5.419e+01,  5.419e+01,
                        5.419e+01]))
   param_names: ['d', 'e', 'f', 'g']
[2.62608279 0.87507657 0.48858781 1.27684828]
{'d': 2.6260827934297595, 'e': 0.8750765707612413, 'f': 0.4885878134760229, 'g': 1.2768482785818445}
Previous:  {'d': 2.5886092759227326, 'e': 0.8822375278506133, 'f': 0.4894950308496555, 'g': 1.275220749573275}


##############################


asserting exponential supression start at lower masses
prev {'d': 2.6260827934297595, 'e': 0.8750765707612413, 'f': 0.4885878134760229, 'g': 1.2768482785818445}
Starting ML Fit
Box7_1400
       message: Optimization terminated successfully.
       success: True
        status: 0
           fun: 45.417877345059324
             x: [ 2.653e+00  8.666e-01  4.884e-01  1.277e+00]
           nit: 96
          nfev: 173
 final_simplex: (array([[ 2.653e+00,  8.666e-01,  4.884e-01,  1.277e+00],
                       [ 2.653e+00,  8.666e-01,  4.884e-01,  1.277e+00],
                       ...,
                       [ 2.653e+00,  8.666e-01,  4.884e-01,  1.277e+00],
                       [ 2.653e+00,  8.666e-01,  4.884e-01,  1.277e+00]]), array([ 4.542e+01,  4.542e+01,  4.542e+01,  4.542e+01,
                        4.542e+01]))
   param_names: ['d', 'e', 'f', 'g']
[2.65292253 0.86658511 0.48841831 1.27684925]
{'d': 2.6529225338191784, 'e': 0.8665851113849494, 'f': 0.4884183064070007, 'g': 1.2768492509405278}
Previous:  {'d': 2.6260827934297595, 'e': 0.8750765707612413, 'f': 0.4885878134760229, 'g': 1.2768482785818445}


##############################


asserting exponential supression start at lower masses
prev {'d': 2.6529225338191784, 'e': 0.8665851113849494, 'f': 0.4884183064070007, 'g': 1.2768492509405278}
Starting ML Fit
Box7_1400
       message: Optimization terminated successfully.
       success: True
        status: 0
           fun: 46.492242282868716
             x: [ 2.661e+00  8.619e-01  4.881e-01  1.278e+00]
           nit: 107
          nfev: 189
 final_simplex: (array([[ 2.661e+00,  8.619e-01,  4.881e-01,  1.278e+00],
                       [ 2.661e+00,  8.619e-01,  4.882e-01,  1.278e+00],
                       ...,
                       [ 2.661e+00,  8.619e-01,  4.881e-01,  1.278e+00],
                       [ 2.661e+00,  8.619e-01,  4.882e-01,  1.278e+00]]), array([ 4.649e+01,  4.649e+01,  4.649e+01,  4.649e+01,
                        4.649e+01]))
   param_names: ['d', 'e', 'f', 'g']
[2.66122401 0.86191062 0.48814629 1.27750142]
{'d': 2.6612240086012897, 'e': 0.8619106194717316, 'f': 0.48814628765486967, 'g': 1.2775014221516803}
Previous:  {'d': 2.6529225338191784, 'e': 0.8665851113849494, 'f': 0.4884183064070007, 'g': 1.2768492509405278}


##############################


asserting exponential supression start at lower masses
prev {'d': 2.6612240086012897, 'e': 0.8619106194717316, 'f': 0.48814628765486967, 'g': 1.2775014221516803}
Starting ML Fit
Box7_1400
       message: Optimization terminated successfully.
       success: True
        status: 0
           fun: 43.733054606297294
             x: [ 2.725e+00  8.466e-01  4.877e-01  1.278e+00]
           nit: 100
          nfev: 175
 final_simplex: (array([[ 2.725e+00,  8.466e-01,  4.877e-01,  1.278e+00],
                       [ 2.726e+00,  8.466e-01,  4.877e-01,  1.278e+00],
                       ...,
                       [ 2.726e+00,  8.466e-01,  4.877e-01,  1.278e+00],
                       [ 2.725e+00,  8.466e-01,  4.877e-01,  1.278e+00]]), array([ 4.373e+01,  4.373e+01,  4.373e+01,  4.373e+01,
                        4.373e+01]))
   param_names: ['d', 'e', 'f', 'g']
[2.72546576 0.84663445 0.48774447 1.2777703 ]
{'d': 2.725465759081326, 'e': 0.8466344536315573, 'f': 0.48774446794379717, 'g': 1.2777702967445248}
Previous:  {'d': 2.6612240086012897, 'e': 0.8619106194717316, 'f': 0.48814628765486967, 'g': 1.2775014221516803}


##############################


asserting exponential supression start at lower masses
prev {'d': 2.725465759081326, 'e': 0.8466344536315573, 'f': 0.48774446794379717, 'g': 1.2777702967445248}
Starting ML Fit
Box7_1400
       message: Optimization terminated successfully.
       success: True
        status: 0
           fun: 27.29419465846525
             x: [ 2.742e+00  8.300e-01  4.878e-01  1.278e+00]
           nit: 160
          nfev: 274
 final_simplex: (array([[ 2.742e+00,  8.300e-01,  4.878e-01,  1.278e+00],
                       [ 2.742e+00,  8.300e-01,  4.878e-01,  1.278e+00],
                       ...,
                       [ 2.742e+00,  8.300e-01,  4.878e-01,  1.278e+00],
                       [ 2.742e+00,  8.300e-01,  4.878e-01,  1.278e+00]]), array([ 2.729e+01,  2.729e+01,  2.729e+01,  2.729e+01,
                        2.729e+01]))
   param_names: ['d', 'e', 'f', 'g']
[2.74244903 0.83001307 0.48781945 1.27777032]
{'d': 2.7424490265916663, 'e': 0.8300130717886225, 'f': 0.4878194509956737, 'g': 1.2777703235538378}
Previous:  {'d': 2.725465759081326, 'e': 0.8466344536315573, 'f': 0.48774446794379717, 'g': 1.2777702967445248}


##############################


asserting exponential supression start at lower masses
prev {'d': 2.7424490265916663, 'e': 0.8300130717886225, 'f': 0.4878194509956737, 'g': 1.2777703235538378}
Starting ML Fit
Box7_1400
       message: Optimization terminated successfully.
       success: True
        status: 0
           fun: 18.950362959239328
             x: [ 2.762e+00  8.185e-01  4.884e-01  1.278e+00]
           nit: 98
          nfev: 180
 final_simplex: (array([[ 2.762e+00,  8.185e-01,  4.884e-01,  1.278e+00],
                       [ 2.762e+00,  8.184e-01,  4.884e-01,  1.278e+00],
                       ...,
                       [ 2.761e+00,  8.185e-01,  4.884e-01,  1.278e+00],
                       [ 2.761e+00,  8.185e-01,  4.884e-01,  1.278e+00]]), array([ 1.895e+01,  1.895e+01,  1.895e+01,  1.895e+01,
                        1.895e+01]))
   param_names: ['d', 'e', 'f', 'g']
[2.761526   0.81849793 0.48838688 1.27777056]
{'d': 2.7615259981883318, 'e': 0.818497934706817, 'f': 0.4883868806659958, 'g': 1.2777705614652306}
Previous:  {'d': 2.7424490265916663, 'e': 0.8300130717886225, 'f': 0.4878194509956737, 'g': 1.2777703235538378}


##############################


asserting exponential supression start at lower masses
prev {'d': 2.7615259981883318, 'e': 0.818497934706817, 'f': 0.4883868806659958, 'g': 1.2777705614652306}
Starting ML Fit
Box7_1400
       message: Optimization terminated successfully.
       success: True
        status: 0
           fun: 3.8271632667761235
             x: [ 2.835e+00  8.054e-01  4.882e-01  1.278e+00]
           nit: 157
          nfev: 272
 final_simplex: (array([[ 2.835e+00,  8.054e-01,  4.882e-01,  1.278e+00],
                       [ 2.835e+00,  8.054e-01,  4.882e-01,  1.278e+00],
                       ...,
                       [ 2.835e+00,  8.053e-01,  4.882e-01,  1.278e+00],
                       [ 2.835e+00,  8.054e-01,  4.882e-01,  1.278e+00]]), array([ 3.827e+00,  3.827e+00,  3.827e+00,  3.827e+00,
                        3.827e+00]))
   param_names: ['d', 'e', 'f', 'g']
[2.83522745 0.80535915 0.48824183 1.27777057]
{'d': 2.8352274459700544, 'e': 0.8053591497242711, 'f': 0.4882418279516455, 'g': 1.2777705651444486}
Previous:  {'d': 2.7615259981883318, 'e': 0.818497934706817, 'f': 0.4883868806659958, 'g': 1.2777705614652306}


