##############################


[0.302679, 0.366459, 0.403224, 0.488191, 0.512095, 0.537169, 0.563471, 0.591061, 0.620002, 0.65036, 0.715608, 0.787402, 0.866399, 0.953321, 1.0]
dict_keys([0.302679, 0.366459, 0.403224, 0.488191, 0.512095, 0.537169, 0.563471, 0.591061, 0.620002, 0.65036, 0.715608, 0.787402, 0.866399, 0.953321, 1.0])
prev {'d0': 2.028351932118179, 'd1': -0.2870111898601852, 'e0': 1.0406637621345567, 'e1': 0.04396632407528764, 'f0': 0.41290204107031814, 'f1': 0.18341487296453737, 'g0': 1.2104111510998563, 'g1': -0.0024146913941555394}
Starting ML Fit
Box3_1400
       message: Optimization terminated successfully.
       success: True
        status: 0
           fun: 1428.2616191599213
             x: [ 2.026e+00 -3.150e-01  1.062e+00  4.144e-02  4.076e-01
                  1.541e-01  1.224e+00 -2.421e-03]
           nit: 431
          nfev: 659
 final_simplex: (array([[ 2.026e+00, -3.150e-01, ...,  1.224e+00,
                        -2.421e-03],
                       [ 2.026e+00, -3.150e-01, ...,  1.223e+00,
                        -2.420e-03],
                       ...,
                       [ 2.026e+00, -3.150e-01, ...,  1.224e+00,
                        -2.422e-03],
                       [ 2.026e+00, -3.150e-01, ...,  1.224e+00,
                        -2.423e-03]]), array([ 1.428e+03,  1.428e+03,  1.428e+03,  1.428e+03,
                        1.428e+03,  1.428e+03,  1.428e+03,  1.428e+03,
                        1.428e+03]))
   param_names: ['d0', 'd1', 'e0', 'e1', 'f0', 'f1', 'g0', 'g1']
[ 2.02620491 -0.31502735  1.06203434  0.04144053  0.40760099  0.15411257
  1.22350344 -0.00242125]
{'d0': 2.0262049116131866, 'd1': -0.3150273489556457, 'e0': 1.0620343420897065, 'e1': 0.04144052950220699, 'f0': 0.4076009920517829, 'f1': 0.15411256752719033, 'g0': 1.2235034364589512, 'g1': -0.002421247549940764}
-------------------
{'d0': 2.0262049116131866, 'd1': -0.3150273489556457, 'e0': 1.0620343420897065, 'e1': 0.04144052950220699, 'f0': 0.4076009920517829, 'f1': 0.15411256752719033, 'g0': 1.2235034364589512, 'g1': -0.002421247549940764}
Previous:  {'d0': 2.028351932118179, 'd1': -0.2870111898601852, 'e0': 1.0406637621345567, 'e1': 0.04396632407528764, 'f0': 0.41290204107031814, 'f1': 0.18341487296453737, 'g0': 1.2104111510998563, 'g1': -0.0024146913941555394}
-------------------
