##############################


[0.302679, 0.366459, 0.403224, 0.488191, 0.512095, 0.537169, 0.563471, 0.591061, 0.620002, 0.65036, 0.715608, 0.787402, 0.866399, 0.953321, 1.0]
dict_keys([0.302679, 0.366459, 0.403224, 0.488191, 0.512095, 0.537169, 0.563471, 0.591061, 0.620002, 0.65036, 0.715608, 0.787402, 0.866399, 0.953321, 1.0])
prev {'d0': 2.051813389819381, 'd1': -0.32312732794719323, 'e0': 1.0498337372669464, 'e1': 0.013533360965361427, 'f0': 0.4139200324627304, 'f1': 0.18574561845275706, 'g0': 1.2268959784344924, 'g1': -0.0021237588712676057}
Starting ML Fit
Box_n50_40_1400
       message: Optimization terminated successfully.
       success: True
        status: 0
           fun: 1712.0102632599294
             x: [ 2.026e+00 -2.867e-01  1.064e+00  4.698e-02  4.139e-01
                  1.585e-01  1.236e+00  1.896e-03]
           nit: 563
          nfev: 835
 final_simplex: (array([[ 2.026e+00, -2.867e-01, ...,  1.236e+00,
                         1.896e-03],
                       [ 2.026e+00, -2.867e-01, ...,  1.236e+00,
                         1.895e-03],
                       ...,
                       [ 2.026e+00, -2.867e-01, ...,  1.236e+00,
                         1.894e-03],
                       [ 2.026e+00, -2.868e-01, ...,  1.236e+00,
                         1.899e-03]]), array([ 1.712e+03,  1.712e+03,  1.712e+03,  1.712e+03,
                        1.712e+03,  1.712e+03,  1.712e+03,  1.712e+03,
                        1.712e+03]))
   param_names: ['d0', 'd1', 'e0', 'e1', 'f0', 'f1', 'g0', 'g1']
[ 2.02576874e+00 -2.86748403e-01  1.06435228e+00  4.69750600e-02
  4.13936407e-01  1.58464784e-01  1.23563806e+00  1.89633356e-03]
{'d0': 2.0257687426275854, 'd1': -0.2867484028505961, 'e0': 1.0643522808061285, 'e1': 0.04697506003482206, 'f0': 0.4139364071398096, 'f1': 0.15846478367435263, 'g0': 1.2356380570746297, 'g1': 0.0018963335562723759}
-------------------
{'d0': 2.0257687426275854, 'd1': -0.2867484028505961, 'e0': 1.0643522808061285, 'e1': 0.04697506003482206, 'f0': 0.4139364071398096, 'f1': 0.15846478367435263, 'g0': 1.2356380570746297, 'g1': 0.0018963335562723759}
Previous:  {'d0': 2.051813389819381, 'd1': -0.32312732794719323, 'e0': 1.0498337372669464, 'e1': 0.013533360965361427, 'f0': 0.4139200324627304, 'f1': 0.18574561845275706, 'g0': 1.2268959784344924, 'g1': -0.0021237588712676057}
-------------------
