##############################


[0.302679, 0.366459, 0.403224, 0.488191, 0.512095, 0.537169, 0.563471, 0.591061, 0.620002, 0.65036, 0.715608, 0.787402, 0.866399, 0.953321, 1.0]
dict_keys([0.302679, 0.366459, 0.403224, 0.488191, 0.512095, 0.537169, 0.563471, 0.591061, 0.620002, 0.65036, 0.715608, 0.787402, 0.866399, 0.953321, 1.0])
prev {'d0': 2.0393176415625036, 'd1': -0.24730949642076255, 'e0': 1.0653024982583956, 'e1': 0.014289220962601518, 'f0': 0.41315685564074756, 'f1': 0.16045823529097297, 'g0': 1.2425489292267997, 'g1': 0.001381412797775484}
Starting ML Fit
Box82_1400
       message: Optimization terminated successfully.
       success: True
        status: 0
           fun: 1529.8341552811726
             x: [ 1.999e+00 -2.236e-01  1.074e+00  1.567e-02  4.193e-01
                  1.428e-01  1.250e+00  1.354e-03]
           nit: 387
          nfev: 602
 final_simplex: (array([[ 1.999e+00, -2.236e-01, ...,  1.250e+00,
                         1.354e-03],
                       [ 1.999e+00, -2.237e-01, ...,  1.250e+00,
                         1.354e-03],
                       ...,
                       [ 1.999e+00, -2.236e-01, ...,  1.250e+00,
                         1.353e-03],
                       [ 1.999e+00, -2.237e-01, ...,  1.250e+00,
                         1.353e-03]]), array([ 1.530e+03,  1.530e+03,  1.530e+03,  1.530e+03,
                        1.530e+03,  1.530e+03,  1.530e+03,  1.530e+03,
                        1.530e+03]))
   param_names: ['d0', 'd1', 'e0', 'e1', 'f0', 'f1', 'g0', 'g1']
[ 1.99928369e+00 -2.23642771e-01  1.07408260e+00  1.56683281e-02
  4.19328814e-01  1.42840827e-01  1.25003873e+00  1.35367923e-03]
{'d0': 1.9992836866066894, 'd1': -0.22364277092692725, 'e0': 1.0740825993947327, 'e1': 0.015668328130924364, 'f0': 0.41932881388532206, 'f1': 0.14284082680551854, 'g0': 1.2500387289332635, 'g1': 0.0013536792263935645}
-------------------
{'d0': 1.9992836866066894, 'd1': -0.22364277092692725, 'e0': 1.0740825993947327, 'e1': 0.015668328130924364, 'f0': 0.41932881388532206, 'f1': 0.14284082680551854, 'g0': 1.2500387289332635, 'g1': 0.0013536792263935645}
Previous:  {'d0': 2.0393176415625036, 'd1': -0.24730949642076255, 'e0': 1.0653024982583956, 'e1': 0.014289220962601518, 'f0': 0.41315685564074756, 'f1': 0.16045823529097297, 'g0': 1.2425489292267997, 'g1': 0.001381412797775484}
-------------------
