##############################


[0.302679, 0.366459, 0.403224, 0.488191, 0.512095, 0.537169, 0.563471, 0.591061, 0.620002, 0.65036, 0.715608, 0.787402, 0.866399, 0.953321, 1.0]
dict_keys([0.302679, 0.366459, 0.403224, 0.488191, 0.512095, 0.537169, 0.563471, 0.591061, 0.620002, 0.65036, 0.715608, 0.787402, 0.866399, 0.953321, 1.0])
prev {'d0': 2.1008919068289433, 'd1': -0.2597165700854669, 'e0': 1.0666767049547512, 'e1': 0.028322588971643622, 'f0': 0.40958399101453713, 'f1': 0.17362976526445478, 'g0': 1.2330189847829955, 'g1': -0.005904799524209546}
Starting ML Fit
Box_n50_47_1400
       message: Optimization terminated successfully.
       success: True
        status: 0
           fun: 1738.1854108613363
             x: [ 2.041e+00 -2.574e-01  1.063e+00  2.676e-02  4.294e-01
                  1.594e-01  1.234e+00 -6.000e-03]
           nit: 360
          nfev: 551
 final_simplex: (array([[ 2.041e+00, -2.574e-01, ...,  1.234e+00,
                        -6.000e-03],
                       [ 2.041e+00, -2.574e-01, ...,  1.234e+00,
                        -6.001e-03],
                       ...,
                       [ 2.041e+00, -2.573e-01, ...,  1.234e+00,
                        -6.000e-03],
                       [ 2.041e+00, -2.574e-01, ...,  1.234e+00,
                        -6.001e-03]]), array([ 1.738e+03,  1.738e+03,  1.738e+03,  1.738e+03,
                        1.738e+03,  1.738e+03,  1.738e+03,  1.738e+03,
                        1.738e+03]))
   param_names: ['d0', 'd1', 'e0', 'e1', 'f0', 'f1', 'g0', 'g1']
[ 2.04097327 -0.25735923  1.06326034  0.02676294  0.42935109  0.1594116
  1.2341479  -0.0060002 ]
{'d0': 2.040973270492296, 'd1': -0.2573592339742987, 'e0': 1.0632603356043724, 'e1': 0.02676293751078216, 'f0': 0.4293510903025307, 'f1': 0.15941159748787354, 'g0': 1.2341479027443558, 'g1': -0.006000196759971485}
-------------------
{'d0': 2.040973270492296, 'd1': -0.2573592339742987, 'e0': 1.0632603356043724, 'e1': 0.02676293751078216, 'f0': 0.4293510903025307, 'f1': 0.15941159748787354, 'g0': 1.2341479027443558, 'g1': -0.006000196759971485}
Previous:  {'d0': 2.1008919068289433, 'd1': -0.2597165700854669, 'e0': 1.0666767049547512, 'e1': 0.028322588971643622, 'f0': 0.40958399101453713, 'f1': 0.17362976526445478, 'g0': 1.2330189847829955, 'g1': -0.005904799524209546}
-------------------
