##############################


[0.302679, 0.366459, 0.403224, 0.488191, 0.512095, 0.537169, 0.563471, 0.591061, 0.620002, 0.65036, 0.715608, 0.787402, 0.866399, 0.953321, 1.0]
dict_keys([0.302679, 0.366459, 0.403224, 0.488191, 0.512095, 0.537169, 0.563471, 0.591061, 0.620002, 0.65036, 0.715608, 0.787402, 0.866399, 0.953321, 1.0])
prev {'d0': 2.1058977413538447, 'd1': -0.2546875954812313, 'e0': 1.0577515372195778, 'e1': -2.2681409360563807e-05, 'f0': 0.40784027088248237, 'f1': 0.18173847746346486, 'g0': 1.2381588371644114, 'g1': 0.02169703070013001}
Starting ML Fit
Box11_1400
       message: Optimization terminated successfully.
       success: True
        status: 0
           fun: 1584.0428494663915
             x: [ 2.078e+00 -1.863e-01  1.054e+00 -2.207e-05  4.071e-01
                  1.760e-01  1.239e+00  2.821e-02]
           nit: 612
          nfev: 909
 final_simplex: (array([[ 2.078e+00, -1.863e-01, ...,  1.239e+00,
                         2.821e-02],
                       [ 2.078e+00, -1.862e-01, ...,  1.239e+00,
                         2.820e-02],
                       ...,
                       [ 2.078e+00, -1.864e-01, ...,  1.239e+00,
                         2.818e-02],
                       [ 2.078e+00, -1.863e-01, ...,  1.239e+00,
                         2.819e-02]]), array([ 1.584e+03,  1.584e+03,  1.584e+03,  1.584e+03,
                        1.584e+03,  1.584e+03,  1.584e+03,  1.584e+03,
                        1.584e+03]))
   param_names: ['d0', 'd1', 'e0', 'e1', 'f0', 'f1', 'g0', 'g1']
[ 2.07782456e+00 -1.86306224e-01  1.05447191e+00 -2.20736163e-05
  4.07090765e-01  1.75972852e-01  1.23920463e+00  2.82058413e-02]
{'d0': 2.0778245577472223, 'd1': -0.18630622382163015, 'e0': 1.0544719060084429, 'e1': -2.207361634344858e-05, 'f0': 0.4070907652749487, 'f1': 0.17597285208570376, 'g0': 1.2392046291074803, 'g1': 0.02820584131516285}
-------------------
{'d0': 2.0778245577472223, 'd1': -0.18630622382163015, 'e0': 1.0544719060084429, 'e1': -2.207361634344858e-05, 'f0': 0.4070907652749487, 'f1': 0.17597285208570376, 'g0': 1.2392046291074803, 'g1': 0.02820584131516285}
Previous:  {'d0': 2.1058977413538447, 'd1': -0.2546875954812313, 'e0': 1.0577515372195778, 'e1': -2.2681409360563807e-05, 'f0': 0.40784027088248237, 'f1': 0.18173847746346486, 'g0': 1.2381588371644114, 'g1': 0.02169703070013001}
-------------------
