prev {'d': 0.40997259371841943, 'e': 1.1292038586585762, 'f': 2.3358658637303, 'g': 1.1988458613458381}
Starting ML Fit
Box21_1400
       message: Optimization terminated successfully.
       success: True
        status: 0
           fun: 3170.108233899666
             x: [ 3.981e-01  1.131e+00  2.335e+00  1.192e+00]
           nit: 88
          nfev: 156
 final_simplex: (array([[ 3.981e-01,  1.131e+00,  2.335e+00,  1.192e+00],
                       [ 3.981e-01,  1.131e+00,  2.335e+00,  1.192e+00],
                       ...,
                       [ 3.981e-01,  1.131e+00,  2.335e+00,  1.192e+00],
                       [ 3.981e-01,  1.131e+00,  2.335e+00,  1.192e+00]]), array([ 3.170e+03,  3.170e+03,  3.170e+03,  3.170e+03,
                        3.170e+03]))
   param_names: ['d', 'e', 'f', 'g']
[0.39808293 1.1306792  2.3354098  1.19211488]
{'d': 0.39808293074497647, 'e': 1.1306792009463233, 'f': 2.3354098048108725, 'g': 1.19211487672133}
Previous:  {'d': 0.40997259371841943, 'e': 1.1292038586585762, 'f': 2.3358658637303, 'g': 1.1988458613458381}
