prev {'d': 0.5386061161978045, 'e': 1.0212776981534617, 'f': 2.325994289318493, 'g': 1.2878346545455022}
Starting ML Fit
Box98_1400
       message: Optimization terminated successfully.
       success: True
        status: 0
           fun: 7351.602610694382
             x: [ 5.331e-01  1.046e+00  2.323e+00  1.307e+00]
           nit: 94
          nfev: 163
 final_simplex: (array([[ 5.331e-01,  1.046e+00,  2.323e+00,  1.307e+00],
                       [ 5.331e-01,  1.046e+00,  2.323e+00,  1.307e+00],
                       ...,
                       [ 5.331e-01,  1.046e+00,  2.323e+00,  1.307e+00],
                       [ 5.331e-01,  1.046e+00,  2.323e+00,  1.307e+00]]), array([ 7.352e+03,  7.352e+03,  7.352e+03,  7.352e+03,
                        7.352e+03]))
   param_names: ['d', 'e', 'f', 'g']
[0.53312663 1.04635994 2.32257267 1.30738857]
{'d': 0.5331266324605222, 'e': 1.0463599435084374, 'f': 2.322572668723436, 'g': 1.3073885707463364}
Previous:  {'d': 0.5386061161978045, 'e': 1.0212776981534617, 'f': 2.325994289318493, 'g': 1.2878346545455022}
