prev {'d': 0.43002930496724595, 'e': 0.8844501693569149, 'f': 2.366179568310579, 'g': 1.2717822778182164}
Starting ML Fit
Box14_1400
       message: Optimization terminated successfully.
       success: True
        status: 0
           fun: 8275.043912248742
             x: [ 4.253e-01  8.800e-01  2.367e+00  1.270e+00]
           nit: 81
          nfev: 148
 final_simplex: (array([[ 4.253e-01,  8.800e-01,  2.367e+00,  1.270e+00],
                       [ 4.253e-01,  8.799e-01,  2.367e+00,  1.270e+00],
                       ...,
                       [ 4.253e-01,  8.799e-01,  2.367e+00,  1.270e+00],
                       [ 4.253e-01,  8.799e-01,  2.367e+00,  1.270e+00]]), array([ 8.275e+03,  8.275e+03,  8.275e+03,  8.275e+03,
                        8.275e+03]))
   param_names: ['d', 'e', 'f', 'g']
[0.42526526 0.87997303 2.36691746 1.26958879]
{'d': 0.42526526452936464, 'e': 0.8799730274727606, 'f': 2.366917456490528, 'g': 1.2695887915562696}
Previous:  {'d': 0.43002930496724595, 'e': 0.8844501693569149, 'f': 2.366179568310579, 'g': 1.2717822778182164}
