prev {'d': 0.5192735552716976, 'e': 1.1325662187018763, 'f': 2.2889402457853487, 'g': 1.2711616450083092}
Starting ML Fit
Box_n50_25_1400
       message: Optimization terminated successfully.
       success: True
        status: 0
           fun: 3994.2982691074044
             x: [ 5.234e-01  1.090e+00  2.330e+00  1.264e+00]
           nit: 99
          nfev: 181
 final_simplex: (array([[ 5.234e-01,  1.090e+00,  2.330e+00,  1.264e+00],
                       [ 5.234e-01,  1.090e+00,  2.330e+00,  1.264e+00],
                       ...,
                       [ 5.234e-01,  1.090e+00,  2.330e+00,  1.264e+00],
                       [ 5.234e-01,  1.090e+00,  2.331e+00,  1.264e+00]]), array([ 3.994e+03,  3.994e+03,  3.994e+03,  3.994e+03,
                        3.994e+03]))
   param_names: ['d', 'e', 'f', 'g']
[0.52344084 1.09044201 2.33047233 1.26388777]
{'d': 0.5234408405101189, 'e': 1.0904420116397677, 'f': 2.3304723288470264, 'g': 1.263887772082858}
Previous:  {'d': 0.5192735552716976, 'e': 1.1325662187018763, 'f': 2.2889402457853487, 'g': 1.2711616450083092}
