prev {'d': 0.4897981488714338, 'e': 1.1188373597744725, 'f': 2.3300981030970114, 'g': 1.2756308909508705}
Starting ML Fit
Box_n50_25_1400
       message: Optimization terminated successfully.
       success: True
        status: 0
           fun: 3880.694312952366
             x: [ 4.950e-01  1.090e+00  2.334e+00  1.264e+00]
           nit: 101
          nfev: 184
 final_simplex: (array([[ 4.950e-01,  1.090e+00,  2.334e+00,  1.264e+00],
                       [ 4.950e-01,  1.090e+00,  2.334e+00,  1.264e+00],
                       ...,
                       [ 4.950e-01,  1.090e+00,  2.334e+00,  1.264e+00],
                       [ 4.950e-01,  1.090e+00,  2.334e+00,  1.264e+00]]), array([ 3.881e+03,  3.881e+03,  3.881e+03,  3.881e+03,
                        3.881e+03]))
   param_names: ['d', 'e', 'f', 'g']
[0.49502724 1.09045797 2.33420574 1.26425374]
{'d': 0.495027235311339, 'e': 1.090457968547307, 'f': 2.3342057396214617, 'g': 1.2642537365344495}
Previous:  {'d': 0.4897981488714338, 'e': 1.1188373597744725, 'f': 2.3300981030970114, 'g': 1.2756308909508705}
