prev {'d': 0.43451201191846667, 'e': 0.8691507786888348, 'f': 2.3535190871909526, 'g': 1.3160568750195663}
Starting ML Fit
Box73_1400
       message: Optimization terminated successfully.
       success: True
        status: 0
           fun: 20540.219406989432
             x: [ 4.315e-01  8.794e-01  2.351e+00  1.315e+00]
           nit: 82
          nfev: 151
 final_simplex: (array([[ 4.315e-01,  8.794e-01,  2.351e+00,  1.315e+00],
                       [ 4.315e-01,  8.794e-01,  2.351e+00,  1.315e+00],
                       ...,
                       [ 4.315e-01,  8.794e-01,  2.351e+00,  1.315e+00],
                       [ 4.315e-01,  8.795e-01,  2.351e+00,  1.315e+00]]), array([ 2.054e+04,  2.054e+04,  2.054e+04,  2.054e+04,
                        2.054e+04]))
   param_names: ['d', 'e', 'f', 'g']
[0.43148148 0.87942037 2.35131991 1.31486581]
{'d': 0.43148148009698384, 'e': 0.8794203676781873, 'f': 2.351319910628604, 'g': 1.3148658145655319}
Previous:  {'d': 0.43451201191846667, 'e': 0.8691507786888348, 'f': 2.3535190871909526, 'g': 1.3160568750195663}
