prev {'d': 0.4659300329056768, 'e': 1.2565967591098022, 'f': 2.337266862791897, 'g': 1.2415206601472002}
Starting ML Fit
Box13_1400
       message: Optimization terminated successfully.
       success: True
        status: 0
           fun: 4185.291404249759
             x: [ 4.607e-01  1.252e+00  2.339e+00  1.241e+00]
           nit: 90
          nfev: 161
 final_simplex: (array([[ 4.607e-01,  1.252e+00,  2.339e+00,  1.241e+00],
                       [ 4.607e-01,  1.252e+00,  2.339e+00,  1.241e+00],
                       ...,
                       [ 4.607e-01,  1.252e+00,  2.339e+00,  1.241e+00],
                       [ 4.607e-01,  1.252e+00,  2.339e+00,  1.241e+00]]), array([ 4.185e+03,  4.185e+03,  4.185e+03,  4.185e+03,
                        4.185e+03]))
   param_names: ['d', 'e', 'f', 'g']
[0.46073315 1.25182584 2.33928424 1.24069973]
{'d': 0.46073314718748176, 'e': 1.251825840299063, 'f': 2.339284244927148, 'g': 1.2406997273287055}
Previous:  {'d': 0.4659300329056768, 'e': 1.2565967591098022, 'f': 2.337266862791897, 'g': 1.2415206601472002}
