prev {'d': 0.4494429098925667, 'e': 1.0427854657806823, 'f': 2.3317823844817824, 'g': 1.2826486963024233}
Starting ML Fit
Box15_1400
       message: Optimization terminated successfully.
       success: True
        status: 0
           fun: 6047.279623682048
             x: [ 4.108e-01  1.042e+00  2.334e+00  1.237e+00]
           nit: 111
          nfev: 188
 final_simplex: (array([[ 4.108e-01,  1.042e+00,  2.334e+00,  1.237e+00],
                       [ 4.108e-01,  1.042e+00,  2.334e+00,  1.237e+00],
                       ...,
                       [ 4.108e-01,  1.042e+00,  2.334e+00,  1.237e+00],
                       [ 4.108e-01,  1.042e+00,  2.334e+00,  1.237e+00]]), array([ 6.047e+03,  6.047e+03,  6.047e+03,  6.047e+03,
                        6.047e+03]))
   param_names: ['d', 'e', 'f', 'g']
[0.41084106 1.0418053  2.33369114 1.23712987]
{'d': 0.4108410640100195, 'e': 1.0418052994748443, 'f': 2.3336911375265728, 'g': 1.2371298656382157}
Previous:  {'d': 0.4494429098925667, 'e': 1.0427854657806823, 'f': 2.3317823844817824, 'g': 1.2826486963024233}
