prev {'d': 0.49778668184175734, 'e': 1.0296479443262072, 'f': 2.339190990445155, 'g': 1.3044297843089723}
Starting ML Fit
Box88_1400
       message: Optimization terminated successfully.
       success: True
        status: 0
           fun: 18826.08205504671
             x: [ 4.955e-01  1.027e+00  2.335e+00  1.313e+00]
           nit: 93
          nfev: 165
 final_simplex: (array([[ 4.955e-01,  1.027e+00,  2.335e+00,  1.313e+00],
                       [ 4.955e-01,  1.027e+00,  2.335e+00,  1.313e+00],
                       ...,
                       [ 4.955e-01,  1.027e+00,  2.335e+00,  1.313e+00],
                       [ 4.955e-01,  1.027e+00,  2.335e+00,  1.313e+00]]), array([ 1.883e+04,  1.883e+04,  1.883e+04,  1.883e+04,
                        1.883e+04]))
   param_names: ['d', 'e', 'f', 'g']
[0.49548174 1.02671267 2.33547376 1.31326176]
{'d': 0.49548174367760434, 'e': 1.0267126707101166, 'f': 2.3354737630520077, 'g': 1.3132617615077458}
Previous:  {'d': 0.49778668184175734, 'e': 1.0296479443262072, 'f': 2.339190990445155, 'g': 1.3044297843089723}
