prev {'d': 0.4376634114493744, 'e': 1.2283027869003185, 'f': 2.313871623228143, 'g': 1.2650373976251883}
Starting ML Fit
Box41_1400
       message: Optimization terminated successfully.
       success: True
        status: 0
           fun: 7160.519664594908
             x: [ 4.302e-01  1.234e+00  2.312e+00  1.261e+00]
           nit: 122
          nfev: 209
 final_simplex: (array([[ 4.302e-01,  1.234e+00,  2.312e+00,  1.261e+00],
                       [ 4.302e-01,  1.234e+00,  2.312e+00,  1.261e+00],
                       ...,
                       [ 4.302e-01,  1.234e+00,  2.312e+00,  1.261e+00],
                       [ 4.302e-01,  1.234e+00,  2.312e+00,  1.261e+00]]), array([ 7.161e+03,  7.161e+03,  7.161e+03,  7.161e+03,
                        7.161e+03]))
   param_names: ['d', 'e', 'f', 'g']
[0.43021374 1.23398736 2.31230366 1.26126052]
{'d': 0.43021373728968804, 'e': 1.2339873553777356, 'f': 2.3123036603059215, 'g': 1.2612605226341282}
Previous:  {'d': 0.4376634114493744, 'e': 1.2283027869003185, 'f': 2.313871623228143, 'g': 1.2650373976251883}
