prev {'d': 0.47690237928020085, 'e': 0.9993615812689552, 'f': 2.339058171956574, 'g': 1.3139603396372004}
Starting ML Fit
Box91_1400
       message: Optimization terminated successfully.
       success: True
        status: 0
           fun: 11185.825936014737
             x: [ 4.814e-01  9.731e-01  2.339e+00  1.319e+00]
           nit: 95
          nfev: 166
 final_simplex: (array([[ 4.814e-01,  9.731e-01,  2.339e+00,  1.319e+00],
                       [ 4.814e-01,  9.731e-01,  2.339e+00,  1.319e+00],
                       ...,
                       [ 4.814e-01,  9.731e-01,  2.339e+00,  1.319e+00],
                       [ 4.814e-01,  9.731e-01,  2.339e+00,  1.319e+00]]), array([ 1.119e+04,  1.119e+04,  1.119e+04,  1.119e+04,
                        1.119e+04]))
   param_names: ['d', 'e', 'f', 'g']
[0.48141097 0.9730924  2.33855716 1.31869809]
{'d': 0.4814109689508985, 'e': 0.973092403618573, 'f': 2.3385571552002835, 'g': 1.3186980906406158}
Previous:  {'d': 0.47690237928020085, 'e': 0.9993615812689552, 'f': 2.339058171956574, 'g': 1.3139603396372004}
