Leaving out Box49_1400
alist [1.0, 0.953321, 0.866399, 0.787402, 0.715608, 0.65036, 0.620002, 0.591061, 0.563471, 0.537169, 0.512095, 0.488191, 0.403224, 0.366459]
Iter 1/250 - Loss: 6.1178
Iter 2/250 - Loss: 3.8218
Iter 3/250 - Loss: 3.0202
Iter 4/250 - Loss: 2.7165
Iter 5/250 - Loss: 2.5800
Iter 6/250 - Loss: 2.5003
Iter 7/250 - Loss: 2.4387
Iter 8/250 - Loss: 2.3812
Iter 9/250 - Loss: 2.3216
Iter 10/250 - Loss: 2.2604
Iter 11/250 - Loss: 2.1961
Iter 12/250 - Loss: 2.1288
Iter 13/250 - Loss: 2.0595
Iter 14/250 - Loss: 1.9879
Iter 15/250 - Loss: 1.9145
Iter 16/250 - Loss: 1.8403
Iter 17/250 - Loss: 1.7653
Iter 18/250 - Loss: 1.6863
Iter 19/250 - Loss: 1.6096
Iter 20/250 - Loss: 1.5315
Iter 21/250 - Loss: 1.4516
Iter 22/250 - Loss: 1.3717
Iter 23/250 - Loss: 1.2904
Iter 24/250 - Loss: 1.2080
Iter 25/250 - Loss: 1.1230
Iter 26/250 - Loss: 1.0353
Iter 27/250 - Loss: 0.9468
Iter 28/250 - Loss: 0.8554
Iter 29/250 - Loss: 0.7603
Iter 30/250 - Loss: 0.6666
Iter 31/250 - Loss: 0.5723
Iter 32/250 - Loss: 0.4749
Iter 33/250 - Loss: 0.3778
Iter 34/250 - Loss: 0.2797
Iter 35/250 - Loss: 0.1850
Iter 36/250 - Loss: 0.0921
Iter 37/250 - Loss: -0.0000
Iter 38/250 - Loss: -0.0891
Iter 39/250 - Loss: -0.1730
Iter 40/250 - Loss: -0.2505
Iter 41/250 - Loss: -0.3259
Iter 42/250 - Loss: -0.3993
Iter 43/250 - Loss: -0.4690
Iter 44/250 - Loss: -0.5348
Iter 45/250 - Loss: -0.5954
Iter 46/250 - Loss: -0.6590
Iter 47/250 - Loss: -0.7164
Iter 48/250 - Loss: -0.7722
Iter 49/250 - Loss: -0.8251
Iter 50/250 - Loss: -0.8780
Iter 51/250 - Loss: -0.9278
Iter 52/250 - Loss: -0.9790
Iter 53/250 - Loss: -1.0247
Iter 54/250 - Loss: -1.0732
Iter 55/250 - Loss: -1.1186
Iter 56/250 - Loss: -1.1664
Iter 57/250 - Loss: -1.2116
Iter 58/250 - Loss: -1.2561
Iter 59/250 - Loss: -1.3009
Iter 60/250 - Loss: -1.3457
Iter 61/250 - Loss: -1.3912
Iter 62/250 - Loss: -1.4341
Iter 63/250 - Loss: -1.4784
Iter 64/250 - Loss: -1.5239
Iter 65/250 - Loss: -1.5691
Iter 66/250 - Loss: -1.6171
Iter 67/250 - Loss: -1.6573
Iter 68/250 - Loss: -1.6972
Iter 69/250 - Loss: -1.7343
Iter 70/250 - Loss: -1.7728
Iter 71/250 - Loss: -1.8076
Iter 72/250 - Loss: -1.8450
Iter 73/250 - Loss: -1.8812
Iter 74/250 - Loss: -1.9160
Iter 75/250 - Loss: -1.9511
Iter 76/250 - Loss: -1.9820
Iter 77/250 - Loss: -2.0151
Iter 78/250 - Loss: -2.0465
Iter 79/250 - Loss: -2.0766
Iter 80/250 - Loss: -2.1078
Iter 81/250 - Loss: -2.1311
Iter 82/250 - Loss: -2.1593
Iter 83/250 - Loss: -2.1854
Iter 84/250 - Loss: -2.2080
Iter 85/250 - Loss: -2.2358
Iter 86/250 - Loss: -2.2580
Iter 87/250 - Loss: -2.2791
Iter 88/250 - Loss: -2.2995
Iter 89/250 - Loss: -2.3233
Iter 90/250 - Loss: -2.3516
Iter 91/250 - Loss: -2.3734
Iter 92/250 - Loss: -2.3904
Iter 93/250 - Loss: -2.4055
Iter 94/250 - Loss: -2.4229
Iter 95/250 - Loss: -2.4337
Iter 96/250 - Loss: -2.4484
Iter 97/250 - Loss: -2.4629
Iter 98/250 - Loss: -2.4739
Iter 99/250 - Loss: -2.4865
Iter 100/250 - Loss: -2.4954
Iter 101/250 - Loss: -2.5075
Iter 102/250 - Loss: -2.5175
Iter 103/250 - Loss: -2.5270
Iter 104/250 - Loss: -2.5349
Iter 105/250 - Loss: -2.5413
Iter 106/250 - Loss: -2.5533
Iter 107/250 - Loss: -2.5617
Iter 108/250 - Loss: -2.5750
Iter 109/250 - Loss: -2.5906
Iter 110/250 - Loss: -2.5991
Iter 111/250 - Loss: -2.6064
Iter 112/250 - Loss: -2.6105
Iter 113/250 - Loss: -2.6175
Iter 114/250 - Loss: -2.6225
Iter 115/250 - Loss: -2.6277
Iter 116/250 - Loss: -2.6317
Iter 117/250 - Loss: -2.6357
Iter 118/250 - Loss: -2.6437
Iter 119/250 - Loss: -2.6449
Iter 120/250 - Loss: -2.6491
Iter 121/250 - Loss: -2.6521
Iter 122/250 - Loss: -2.6555
Iter 123/250 - Loss: -2.6615
Iter 124/250 - Loss: -2.6635
Iter 125/250 - Loss: -2.6673
Iter 126/250 - Loss: -2.6722
Iter 127/250 - Loss: -2.6750
Iter 128/250 - Loss: -2.6780
Iter 129/250 - Loss: -2.6811
Iter 130/250 - Loss: -2.6838
Iter 131/250 - Loss: -2.6885
Iter 132/250 - Loss: -2.6922
Iter 133/250 - Loss: -2.7000
Iter 134/250 - Loss: -2.7035
Iter 135/250 - Loss: -2.7059
Iter 136/250 - Loss: -2.7078
Iter 137/250 - Loss: -2.7093
Iter 138/250 - Loss: -2.7121
Iter 139/250 - Loss: -2.7145
Iter 140/250 - Loss: -2.7165
Iter 141/250 - Loss: -2.7183
Iter 142/250 - Loss: -2.7210
Iter 143/250 - Loss: -2.7211
Iter 144/250 - Loss: -2.7254
Iter 145/250 - Loss: -2.7266
Iter 146/250 - Loss: -2.7279
Iter 147/250 - Loss: -2.7287
Iter 148/250 - Loss: -2.7305
Iter 149/250 - Loss: -2.7325
Iter 150/250 - Loss: -2.7345
Iter 151/250 - Loss: -2.7359
Iter 152/250 - Loss: -2.7377
Iter 153/250 - Loss: -2.7392
Iter 154/250 - Loss: -2.7395
Iter 155/250 - Loss: -2.7424
Iter 156/250 - Loss: -2.7429
Iter 157/250 - Loss: -2.7446
Iter 158/250 - Loss: -2.7455
Iter 159/250 - Loss: -2.7472
Iter 160/250 - Loss: -2.7497
Iter 161/250 - Loss: -2.7502
Iter 162/250 - Loss: -2.7508
Iter 163/250 - Loss: -2.7523
Iter 164/250 - Loss: -2.7555
Iter 165/250 - Loss: -2.7555
Iter 166/250 - Loss: -2.7552
Iter 167/250 - Loss: -2.7559
Iter 168/250 - Loss: -2.7563
Iter 169/250 - Loss: -2.7598
Iter 170/250 - Loss: -2.7607
Iter 171/250 - Loss: -2.7618
Iter 172/250 - Loss: -2.7621
Iter 173/250 - Loss: -2.7656
Iter 174/250 - Loss: -2.7658
Iter 175/250 - Loss: -2.7671
Iter 176/250 - Loss: -2.7684
Iter 177/250 - Loss: -2.7696
Iter 178/250 - Loss: -2.7705
Iter 179/250 - Loss: -2.7718
Iter 180/250 - Loss: -2.7745
Iter 181/250 - Loss: -2.7740
Iter 182/250 - Loss: -2.7743
Iter 183/250 - Loss: -2.7769
Iter 184/250 - Loss: -2.7777
Iter 185/250 - Loss: -2.7793
Iter 186/250 - Loss: -2.7802
Iter 187/250 - Loss: -2.7824
Iter 188/250 - Loss: -2.7842
Iter 189/250 - Loss: -2.7864
Iter 190/250 - Loss: -2.7897
Iter 191/250 - Loss: -2.7924
Iter 192/250 - Loss: -2.7935
Iter 193/250 - Loss: -2.7943
Iter 194/250 - Loss: -2.7955
Iter 195/250 - Loss: -2.7967
Iter 196/250 - Loss: -2.7970
Iter 197/250 - Loss: -2.7989
Iter 198/250 - Loss: -2.7998
Iter 199/250 - Loss: -2.8010
Iter 200/250 - Loss: -2.8020
Iter 201/250 - Loss: -2.8039
Iter 202/250 - Loss: -2.8042
Iter 203/250 - Loss: -2.8052
Iter 204/250 - Loss: -2.8062
Iter 205/250 - Loss: -2.8063
Iter 206/250 - Loss: -2.8033
Iter 207/250 - Loss: -2.7986
Iter 208/250 - Loss: -2.8061
Iter 209/250 - Loss: -2.8103
Iter 210/250 - Loss: -2.8074
Iter 211/250 - Loss: -2.8092
Iter 212/250 - Loss: -2.8125
Iter 213/250 - Loss: -2.8114
Iter 214/250 - Loss: -2.8139
Iter 215/250 - Loss: -2.8151
Iter 216/250 - Loss: -2.8156
Iter 217/250 - Loss: -2.8161
Iter 218/250 - Loss: -2.8175
Iter 219/250 - Loss: -2.8190
Iter 220/250 - Loss: -2.8187
Iter 221/250 - Loss: -2.8200
Iter 222/250 - Loss: -2.8216
Iter 223/250 - Loss: -2.8215
Iter 224/250 - Loss: -2.8221
Iter 225/250 - Loss: -2.8232
Iter 226/250 - Loss: -2.8247
Iter 227/250 - Loss: -2.8263
Iter 228/250 - Loss: -2.8266
Iter 229/250 - Loss: -2.8289
Iter 230/250 - Loss: -2.8290
Iter 231/250 - Loss: -2.8301
Iter 232/250 - Loss: -2.8308
Iter 233/250 - Loss: -2.8323
Iter 234/250 - Loss: -2.8332
Iter 235/250 - Loss: -2.8339
Iter 236/250 - Loss: -2.8350
Iter 237/250 - Loss: -2.8362
Iter 238/250 - Loss: -2.8360
Iter 239/250 - Loss: -2.8375
Iter 240/250 - Loss: -2.8371
Iter 241/250 - Loss: -2.8383
Iter 242/250 - Loss: -2.8379
Iter 243/250 - Loss: -2.8338
Iter 244/250 - Loss: -2.8212
Iter 245/250 - Loss: -2.8135
Iter 246/250 - Loss: -2.8380
Iter 247/250 - Loss: -2.8215
Iter 248/250 - Loss: -2.8218
Iter 249/250 - Loss: -2.8324
Iter 250/250 - Loss: -2.8307
now training with smaller learning rate
Iter 1/250 - Loss: -2.8352
Iter 2/250 - Loss: -2.8384
Iter 3/250 - Loss: -2.8436
Iter 4/250 - Loss: -2.8450
Iter 5/250 - Loss: -2.8457
Iter 6/250 - Loss: -2.8459
Iter 7/250 - Loss: -2.8483
Iter 8/250 - Loss: -2.8488
Iter 9/250 - Loss: -2.8493
Iter 10/250 - Loss: -2.8509
Iter 11/250 - Loss: -2.8526
Iter 12/250 - Loss: -2.8533
Iter 13/250 - Loss: -2.8541
Iter 14/250 - Loss: -2.8547
Iter 15/250 - Loss: -2.8551
Iter 16/250 - Loss: -2.8558
Iter 17/250 - Loss: -2.8564
Iter 18/250 - Loss: -2.8579
Iter 19/250 - Loss: -2.8592
Iter 20/250 - Loss: -2.8596
Iter 21/250 - Loss: -2.8604
Iter 22/250 - Loss: -2.8609
Iter 23/250 - Loss: -2.8615
Iter 24/250 - Loss: -2.8622
Iter 25/250 - Loss: -2.8629
Iter 26/250 - Loss: -2.8632
Iter 27/250 - Loss: -2.8638
Iter 28/250 - Loss: -2.8644
Iter 29/250 - Loss: -2.8650
Iter 30/250 - Loss: -2.8656
Iter 31/250 - Loss: -2.8662
Iter 32/250 - Loss: -2.8671
Iter 33/250 - Loss: -2.8677
Iter 34/250 - Loss: -2.8682
Iter 35/250 - Loss: -2.8688
Iter 36/250 - Loss: -2.8692
Iter 37/250 - Loss: -2.8697
Iter 38/250 - Loss: -2.8702
Iter 39/250 - Loss: -2.8708
Iter 40/250 - Loss: -2.8714
Iter 41/250 - Loss: -2.8719
Iter 42/250 - Loss: -2.8722
Iter 43/250 - Loss: -2.8727
Iter 44/250 - Loss: -2.8733
Iter 45/250 - Loss: -2.8738
Iter 46/250 - Loss: -2.8743
Iter 47/250 - Loss: -2.8745
Iter 48/250 - Loss: -2.8751
Iter 49/250 - Loss: -2.8756
Iter 50/250 - Loss: -2.8762
Iter 51/250 - Loss: -2.8764
Iter 52/250 - Loss: -2.8769
Iter 53/250 - Loss: -2.8775
Iter 54/250 - Loss: -2.8779
Iter 55/250 - Loss: -2.8785
Iter 56/250 - Loss: -2.8788
Iter 57/250 - Loss: -2.8792
Iter 58/250 - Loss: -2.8797
Iter 59/250 - Loss: -2.8803
Iter 60/250 - Loss: -2.8806
Iter 61/250 - Loss: -2.8810
Iter 62/250 - Loss: -2.8814
Iter 63/250 - Loss: -2.8820
Iter 64/250 - Loss: -2.8822
Iter 65/250 - Loss: -2.8823
Iter 66/250 - Loss: -2.8822
Iter 67/250 - Loss: -2.8821
Iter 68/250 - Loss: -2.8836
Iter 69/250 - Loss: -2.8841
Iter 70/250 - Loss: -2.8838
Iter 71/250 - Loss: -2.8850
Iter 72/250 - Loss: -2.8849
Iter 73/250 - Loss: -2.8854
Iter 74/250 - Loss: -2.8861
Iter 75/250 - Loss: -2.8861
Iter 76/250 - Loss: -2.8868
Iter 77/250 - Loss: -2.8872
Iter 78/250 - Loss: -2.8873
Iter 79/250 - Loss: -2.8881
Iter 80/250 - Loss: -2.8881
Iter 81/250 - Loss: -2.8886
Iter 82/250 - Loss: -2.8891
Iter 83/250 - Loss: -2.8893
Iter 84/250 - Loss: -2.8898
Iter 85/250 - Loss: -2.8901
Iter 86/250 - Loss: -2.8903
Iter 87/250 - Loss: -2.8907
Iter 88/250 - Loss: -2.8912
Iter 89/250 - Loss: -2.8914
Iter 90/250 - Loss: -2.8918
Iter 91/250 - Loss: -2.8922
Iter 92/250 - Loss: -2.8926
Iter 93/250 - Loss: -2.8927
Iter 94/250 - Loss: -2.8931
Iter 95/250 - Loss: -2.8935
Iter 96/250 - Loss: -2.8939
Iter 97/250 - Loss: -2.8942
Iter 98/250 - Loss: -2.8945
Iter 99/250 - Loss: -2.8946
Iter 100/250 - Loss: -2.8947
Iter 101/250 - Loss: -2.8948
Iter 102/250 - Loss: -2.8949
Iter 103/250 - Loss: -2.8954
Iter 104/250 - Loss: -2.8962
Iter 105/250 - Loss: -2.8967
Iter 106/250 - Loss: -2.8968
Iter 107/250 - Loss: -2.8967
Iter 108/250 - Loss: -2.8970
Iter 109/250 - Loss: -2.8976
Iter 110/250 - Loss: -2.8983
Iter 111/250 - Loss: -2.8983
Iter 112/250 - Loss: -2.8984
Iter 113/250 - Loss: -2.8986
Iter 114/250 - Loss: -2.8991
Iter 115/250 - Loss: -2.8997
Iter 116/250 - Loss: -2.8999
Iter 117/250 - Loss: -2.9000
Iter 118/250 - Loss: -2.9001
Iter 119/250 - Loss: -2.9003
Iter 120/250 - Loss: -2.9007
Iter 121/250 - Loss: -2.9010
Iter 122/250 - Loss: -2.9015
Iter 123/250 - Loss: -2.9019
Iter 124/250 - Loss: -2.9021
Iter 125/250 - Loss: -2.9022
Iter 126/250 - Loss: -2.9023
Iter 127/250 - Loss: -2.9021
Iter 128/250 - Loss: -2.9015
Iter 129/250 - Loss: -2.9009
Iter 130/250 - Loss: -2.9016
Iter 131/250 - Loss: -2.9034
Iter 132/250 - Loss: -2.9040
Iter 133/250 - Loss: -2.9031
Iter 134/250 - Loss: -2.9035
Iter 135/250 - Loss: -2.9050
Iter 136/250 - Loss: -2.9047
Iter 137/250 - Loss: -2.9045
Iter 138/250 - Loss: -2.9056
Iter 139/250 - Loss: -2.9057
Iter 140/250 - Loss: -2.9055
Iter 141/250 - Loss: -2.9063
Iter 142/250 - Loss: -2.9067
Iter 143/250 - Loss: -2.9064
Iter 144/250 - Loss: -2.9067
Iter 145/250 - Loss: -2.9074
Iter 146/250 - Loss: -2.9074
Iter 147/250 - Loss: -2.9074
Iter 148/250 - Loss: -2.9080
Iter 149/250 - Loss: -2.9083
Iter 150/250 - Loss: -2.9082
Iter 151/250 - Loss: -2.9085
Iter 152/250 - Loss: -2.9089
Iter 153/250 - Loss: -2.9092
Iter 154/250 - Loss: -2.9094
Iter 155/250 - Loss: -2.9095
Iter 156/250 - Loss: -2.9097
Iter 157/250 - Loss: -2.9100
Iter 158/250 - Loss: -2.9104
Iter 159/250 - Loss: -2.9107
Iter 160/250 - Loss: -2.9109
Iter 161/250 - Loss: -2.9111
Iter 162/250 - Loss: -2.9112
Iter 163/250 - Loss: -2.9113
Iter 164/250 - Loss: -2.9111
Iter 165/250 - Loss: -2.9099
Iter 166/250 - Loss: -2.9069
Iter 167/250 - Loss: -2.9046
Iter 168/250 - Loss: -2.9094
Iter 169/250 - Loss: -2.9125
Iter 170/250 - Loss: -2.9091
Iter 171/250 - Loss: -2.9123
Iter 172/250 - Loss: -2.9120
Iter 173/250 - Loss: -2.9119
Iter 174/250 - Loss: -2.9133
Iter 175/250 - Loss: -2.9124
Iter 176/250 - Loss: -2.9140
Iter 177/250 - Loss: -2.9131
Iter 178/250 - Loss: -2.9144
Iter 179/250 - Loss: -2.9138
Iter 180/250 - Loss: -2.9150
Iter 181/250 - Loss: -2.9146
Iter 182/250 - Loss: -2.9153
Iter 183/250 - Loss: -2.9151
Iter 184/250 - Loss: -2.9157
Iter 185/250 - Loss: -2.9158
Iter 186/250 - Loss: -2.9161
Iter 187/250 - Loss: -2.9164
Iter 188/250 - Loss: -2.9166
Iter 189/250 - Loss: -2.9169
Iter 190/250 - Loss: -2.9169
Iter 191/250 - Loss: -2.9174
Iter 192/250 - Loss: -2.9174
Iter 193/250 - Loss: -2.9179
Iter 194/250 - Loss: -2.9178
Iter 195/250 - Loss: -2.9183
Iter 196/250 - Loss: -2.9184
Iter 197/250 - Loss: -2.9188
Iter 198/250 - Loss: -2.9188
Iter 199/250 - Loss: -2.9192
Iter 200/250 - Loss: -2.9193
Iter 201/250 - Loss: -2.9196
Iter 202/250 - Loss: -2.9197
Iter 203/250 - Loss: -2.9200
Iter 204/250 - Loss: -2.9202
Iter 205/250 - Loss: -2.9204
Iter 206/250 - Loss: -2.9207
Iter 207/250 - Loss: -2.9208
Iter 208/250 - Loss: -2.9209
Iter 209/250 - Loss: -2.9212
Iter 210/250 - Loss: -2.9214
Iter 211/250 - Loss: -2.9216
Iter 212/250 - Loss: -2.9218
Iter 213/250 - Loss: -2.9219
Iter 214/250 - Loss: -2.9221
Iter 215/250 - Loss: -2.9220
Iter 216/250 - Loss: -2.9221
Iter 217/250 - Loss: -2.9228
Iter 218/250 - Loss: -2.9227
Iter 219/250 - Loss: -2.9231
Iter 220/250 - Loss: -2.9232
Iter 221/250 - Loss: -2.9233
Iter 222/250 - Loss: -2.9237
Iter 223/250 - Loss: -2.9237
Iter 224/250 - Loss: -2.9240
Iter 225/250 - Loss: -2.9240
Iter 226/250 - Loss: -2.9244
Iter 227/250 - Loss: -2.9244
Iter 228/250 - Loss: -2.9246
Iter 229/250 - Loss: -2.9248
Iter 230/250 - Loss: -2.9249
Iter 231/250 - Loss: -2.9251
Iter 232/250 - Loss: -2.9252
Iter 233/250 - Loss: -2.9254
Iter 234/250 - Loss: -2.9252
Iter 235/250 - Loss: -2.9246
Iter 236/250 - Loss: -2.9226
Iter 237/250 - Loss: -2.9175
Iter 238/250 - Loss: -2.9131
Iter 239/250 - Loss: -2.9209
Iter 240/250 - Loss: -2.9257
Iter 241/250 - Loss: -2.9204
Iter 242/250 - Loss: -2.9262
Iter 243/250 - Loss: -2.9230
Iter 244/250 - Loss: -2.9263
Iter 245/250 - Loss: -2.9241
Iter 246/250 - Loss: -2.9268
Iter 247/250 - Loss: -2.9249
Iter 248/250 - Loss: -2.9269
Iter 249/250 - Loss: -2.9260
Iter 250/250 - Loss: -2.9267
