prev {'d': 0.5383163578263273, 'e': 1.2307933678622818, 'f': 2.3369886381974365, 'g': 1.2882396806004688}
Starting ML Fit
Box25_1400
       message: Optimization terminated successfully.
       success: True
        status: 0
           fun: 10161.231467693395
             x: [ 5.247e-01  1.214e+00  2.339e+00  1.282e+00]
           nit: 95
          nfev: 165
 final_simplex: (array([[ 5.247e-01,  1.214e+00,  2.339e+00,  1.282e+00],
                       [ 5.247e-01,  1.214e+00,  2.339e+00,  1.282e+00],
                       ...,
                       [ 5.247e-01,  1.214e+00,  2.339e+00,  1.282e+00],
                       [ 5.247e-01,  1.214e+00,  2.339e+00,  1.282e+00]]), array([ 1.016e+04,  1.016e+04,  1.016e+04,  1.016e+04,
                        1.016e+04]))
   param_names: ['d', 'e', 'f', 'g']
[0.52466078 1.21395858 2.3390963  1.28201419]
{'d': 0.5246607816317521, 'e': 1.2139585770090286, 'f': 2.3390963033070884, 'g': 1.2820141937616052}
Previous:  {'d': 0.5383163578263273, 'e': 1.2307933678622818, 'f': 2.3369886381974365, 'g': 1.2882396806004688}
