prev {'d': 0.3912444838395704, 'e': 1.0134956310738539, 'f': 2.3327745202383707, 'g': 1.177818110571107}
Starting ML Fit
Box47_1400
       message: Optimization terminated successfully.
       success: True
        status: 0
           fun: 2305.1247688010394
             x: [ 4.157e-01  1.011e+00  2.333e+00  1.221e+00]
           nit: 126
          nfev: 218
 final_simplex: (array([[ 4.157e-01,  1.011e+00,  2.333e+00,  1.221e+00],
                       [ 4.157e-01,  1.011e+00,  2.333e+00,  1.221e+00],
                       ...,
                       [ 4.157e-01,  1.011e+00,  2.333e+00,  1.221e+00],
                       [ 4.157e-01,  1.011e+00,  2.333e+00,  1.221e+00]]), array([ 2.305e+03,  2.305e+03,  2.305e+03,  2.305e+03,
                        2.305e+03]))
   param_names: ['d', 'e', 'f', 'g']
[0.41569239 1.01135076 2.33275603 1.2212715 ]
{'d': 0.41569239109924916, 'e': 1.0113507570615665, 'f': 2.3327560282726054, 'g': 1.221271496703079}
Previous:  {'d': 0.3912444838395704, 'e': 1.0134956310738539, 'f': 2.3327745202383707, 'g': 1.177818110571107}
