prev {'d': 0.45211924312274876, 'e': 1.0010638370124885, 'f': 2.3373157101993147, 'g': 1.2645272813975335}
Starting ML Fit
Box26_1400
       message: Optimization terminated successfully.
       success: True
        status: 0
           fun: 15922.83334641947
             x: [ 4.431e-01  9.741e-01  2.342e+00  1.260e+00]
           nit: 77
          nfev: 140
 final_simplex: (array([[ 4.431e-01,  9.741e-01,  2.342e+00,  1.260e+00],
                       [ 4.431e-01,  9.741e-01,  2.342e+00,  1.260e+00],
                       ...,
                       [ 4.431e-01,  9.741e-01,  2.342e+00,  1.260e+00],
                       [ 4.431e-01,  9.741e-01,  2.342e+00,  1.260e+00]]), array([ 1.592e+04,  1.592e+04,  1.592e+04,  1.592e+04,
                        1.592e+04]))
   param_names: ['d', 'e', 'f', 'g']
[0.44309688 0.97411947 2.3415071  1.25992147]
{'d': 0.4430968795492626, 'e': 0.9741194663076912, 'f': 2.341507104302156, 'g': 1.2599214670087902}
Previous:  {'d': 0.45211924312274876, 'e': 1.0010638370124885, 'f': 2.3373157101993147, 'g': 1.2645272813975335}
