alist [1.0, 0.953321, 0.866399, 0.787402, 0.715608, 0.65036, 0.620002, 0.591061, 0.563471, 0.537169, 0.512095, 0.488191, 0.403224, 0.366459]
Leaving out Box_n50_45_1400
Iter 1/250 - Loss: 6.3885
Iter 2/250 - Loss: 6.0533
Iter 3/250 - Loss: 5.5603
Iter 4/250 - Loss: 5.1498
Iter 5/250 - Loss: 4.6709
Iter 6/250 - Loss: 4.1938
Iter 7/250 - Loss: 3.8651
Iter 8/250 - Loss: 3.4500
Iter 9/250 - Loss: 3.0831
Iter 10/250 - Loss: 2.7939
Iter 11/250 - Loss: 2.5319
Iter 12/250 - Loss: 2.2850
Iter 13/250 - Loss: 2.0535
Iter 14/250 - Loss: 1.8417
Iter 15/250 - Loss: 1.6442
Iter 16/250 - Loss: 1.4601
Iter 17/250 - Loss: 1.2884
Iter 18/250 - Loss: 1.1282
Iter 19/250 - Loss: 0.9784
Iter 20/250 - Loss: 0.8381
Iter 21/250 - Loss: 0.7068
Iter 22/250 - Loss: 0.5834
Iter 23/250 - Loss: 0.4673
Iter 24/250 - Loss: 0.3578
Iter 25/250 - Loss: 0.2546
Iter 26/250 - Loss: 0.1576
Iter 27/250 - Loss: 0.0667
Iter 28/250 - Loss: -0.0181
Iter 29/250 - Loss: -0.0972
Iter 30/250 - Loss: -0.1711
Iter 31/250 - Loss: -0.2404
Iter 32/250 - Loss: -0.3057
Iter 33/250 - Loss: -0.3673
Iter 34/250 - Loss: -0.4253
Iter 35/250 - Loss: -0.4803
Iter 36/250 - Loss: -0.5329
Iter 37/250 - Loss: -0.5837
Iter 38/250 - Loss: -0.6325
Iter 39/250 - Loss: -0.6793
Iter 40/250 - Loss: -0.7244
Iter 41/250 - Loss: -0.7687
Iter 42/250 - Loss: -0.8134
Iter 43/250 - Loss: -0.8583
Iter 44/250 - Loss: -0.9034
Iter 45/250 - Loss: -0.9485
Iter 46/250 - Loss: -0.9942
Iter 47/250 - Loss: -1.0404
Iter 48/250 - Loss: -1.0868
Iter 49/250 - Loss: -1.1329
Iter 50/250 - Loss: -1.1789
Iter 51/250 - Loss: -1.2246
Iter 52/250 - Loss: -1.2702
Iter 53/250 - Loss: -1.3156
Iter 54/250 - Loss: -1.3612
Iter 55/250 - Loss: -1.4071
Iter 56/250 - Loss: -1.4530
Iter 57/250 - Loss: -1.4986
Iter 58/250 - Loss: -1.5440
Iter 59/250 - Loss: -1.5891
Iter 60/250 - Loss: -1.6340
Iter 61/250 - Loss: -1.6785
Iter 62/250 - Loss: -1.7218
Iter 63/250 - Loss: -1.7637
Iter 64/250 - Loss: -1.8039
Iter 65/250 - Loss: -1.8428
Iter 66/250 - Loss: -1.8811
Iter 67/250 - Loss: -1.9194
Iter 68/250 - Loss: -1.9580
Iter 69/250 - Loss: -1.9969
Iter 70/250 - Loss: -2.0361
Iter 71/250 - Loss: -2.0753
Iter 72/250 - Loss: -2.1139
Iter 73/250 - Loss: -2.1516
Iter 74/250 - Loss: -2.1878
Iter 75/250 - Loss: -2.2223
Iter 76/250 - Loss: -2.2550
Iter 77/250 - Loss: -2.2863
Iter 78/250 - Loss: -2.3164
Iter 79/250 - Loss: -2.3458
Iter 80/250 - Loss: -2.3741
Iter 81/250 - Loss: -2.4011
Iter 82/250 - Loss: -2.4266
Iter 83/250 - Loss: -2.4508
Iter 84/250 - Loss: -2.4736
Iter 85/250 - Loss: -2.4951
Iter 86/250 - Loss: -2.5155
Iter 87/250 - Loss: -2.5349
Iter 88/250 - Loss: -2.5534
Iter 89/250 - Loss: -2.5710
Iter 90/250 - Loss: -2.5877
Iter 91/250 - Loss: -2.6035
Iter 92/250 - Loss: -2.6186
Iter 93/250 - Loss: -2.6328
Iter 94/250 - Loss: -2.6463
Iter 95/250 - Loss: -2.6590
Iter 96/250 - Loss: -2.6710
Iter 97/250 - Loss: -2.6823
Iter 98/250 - Loss: -2.6929
Iter 99/250 - Loss: -2.7029
Iter 100/250 - Loss: -2.7123
Iter 101/250 - Loss: -2.7215
Iter 102/250 - Loss: -2.7301
Iter 103/250 - Loss: -2.7381
Iter 104/250 - Loss: -2.7460
Iter 105/250 - Loss: -2.7532
Iter 106/250 - Loss: -2.7603
Iter 107/250 - Loss: -2.7668
Iter 108/250 - Loss: -2.7732
Iter 109/250 - Loss: -2.7791
Iter 110/250 - Loss: -2.7848
Iter 111/250 - Loss: -2.7901
Iter 112/250 - Loss: -2.7953
Iter 113/250 - Loss: -2.8000
Iter 114/250 - Loss: -2.8046
Iter 115/250 - Loss: -2.8089
Iter 116/250 - Loss: -2.8130
Iter 117/250 - Loss: -2.8168
Iter 118/250 - Loss: -2.8205
Iter 119/250 - Loss: -2.8239
Iter 120/250 - Loss: -2.8272
Iter 121/250 - Loss: -2.8304
Iter 122/250 - Loss: -2.8333
Iter 123/250 - Loss: -2.8362
Iter 124/250 - Loss: -2.8389
Iter 125/250 - Loss: -2.8414
Iter 126/250 - Loss: -2.8438
Iter 127/250 - Loss: -2.8462
Iter 128/250 - Loss: -2.8484
Iter 129/250 - Loss: -2.8505
Iter 130/250 - Loss: -2.8526
Iter 131/250 - Loss: -2.8545
Iter 132/250 - Loss: -2.8564
Iter 133/250 - Loss: -2.8582
Iter 134/250 - Loss: -2.8599
Iter 135/250 - Loss: -2.8616
Iter 136/250 - Loss: -2.8632
Iter 137/250 - Loss: -2.8647
Iter 138/250 - Loss: -2.8662
Iter 139/250 - Loss: -2.8676
Iter 140/250 - Loss: -2.8690
Iter 141/250 - Loss: -2.8704
Iter 142/250 - Loss: -2.8716
Iter 143/250 - Loss: -2.8729
Iter 144/250 - Loss: -2.8741
Iter 145/250 - Loss: -2.8753
Iter 146/250 - Loss: -2.8764
Iter 147/250 - Loss: -2.8775
Iter 148/250 - Loss: -2.8785
Iter 149/250 - Loss: -2.8795
Iter 150/250 - Loss: -2.8805
Iter 151/250 - Loss: -2.8814
Iter 152/250 - Loss: -2.8824
Iter 153/250 - Loss: -2.8832
Iter 154/250 - Loss: -2.8841
Iter 155/250 - Loss: -2.8849
Iter 156/250 - Loss: -2.8856
Iter 157/250 - Loss: -2.8863
Iter 158/250 - Loss: -2.8871
Iter 159/250 - Loss: -2.8880
Iter 160/250 - Loss: -2.8885
Iter 161/250 - Loss: -2.8893
Iter 162/250 - Loss: -2.8899
Iter 163/250 - Loss: -2.8905
Iter 164/250 - Loss: -2.8912
Iter 165/250 - Loss: -2.8917
Iter 166/250 - Loss: -2.8924
Iter 167/250 - Loss: -2.8929
Iter 168/250 - Loss: -2.8935
Iter 169/250 - Loss: -2.8940
Iter 170/250 - Loss: -2.8945
Iter 171/250 - Loss: -2.8950
Iter 172/250 - Loss: -2.8955
Iter 173/250 - Loss: -2.8960
Iter 174/250 - Loss: -2.8965
Iter 175/250 - Loss: -2.8969
Iter 176/250 - Loss: -2.8974
Iter 177/250 - Loss: -2.8978
Iter 178/250 - Loss: -2.8982
Iter 179/250 - Loss: -2.8986
Iter 180/250 - Loss: -2.8990
Iter 181/250 - Loss: -2.8994
Iter 182/250 - Loss: -2.8998
Iter 183/250 - Loss: -2.9002
Iter 184/250 - Loss: -2.9005
Iter 185/250 - Loss: -2.9009
Iter 186/250 - Loss: -2.9012
Iter 187/250 - Loss: -2.9015
Iter 188/250 - Loss: -2.9019
Iter 189/250 - Loss: -2.9022
Iter 190/250 - Loss: -2.9025
Iter 191/250 - Loss: -2.9028
Iter 192/250 - Loss: -2.9031
Iter 193/250 - Loss: -2.9034
Iter 194/250 - Loss: -2.9037
Iter 195/250 - Loss: -2.9040
Iter 196/250 - Loss: -2.9043
Iter 197/250 - Loss: -2.9046
Iter 198/250 - Loss: -2.9048
Iter 199/250 - Loss: -2.9051
Iter 200/250 - Loss: -2.9054
Iter 201/250 - Loss: -2.9057
Iter 202/250 - Loss: -2.9059
Iter 203/250 - Loss: -2.9061
Iter 204/250 - Loss: -2.9064
Iter 205/250 - Loss: -2.9066
Iter 206/250 - Loss: -2.9069
Iter 207/250 - Loss: -2.9071
Iter 208/250 - Loss: -2.9073
Iter 209/250 - Loss: -2.9076
Iter 210/250 - Loss: -2.9078
Iter 211/250 - Loss: -2.9080
Iter 212/250 - Loss: -2.9082
Iter 213/250 - Loss: -2.9084
Iter 214/250 - Loss: -2.9086
Iter 215/250 - Loss: -2.9088
Iter 216/250 - Loss: -2.9091
Iter 217/250 - Loss: -2.9092
Iter 218/250 - Loss: -2.9094
Iter 219/250 - Loss: -2.9096
Iter 220/250 - Loss: -2.9098
Iter 221/250 - Loss: -2.9100
Iter 222/250 - Loss: -2.9102
Iter 223/250 - Loss: -2.9104
Iter 224/250 - Loss: -2.9106
Iter 225/250 - Loss: -2.9108
Iter 226/250 - Loss: -2.9110
Iter 227/250 - Loss: -2.9112
Iter 228/250 - Loss: -2.9114
Iter 229/250 - Loss: -2.9115
Iter 230/250 - Loss: -2.9117
Iter 231/250 - Loss: -2.9119
Iter 232/250 - Loss: -2.9121
Iter 233/250 - Loss: -2.9122
Iter 234/250 - Loss: -2.9124
Iter 235/250 - Loss: -2.9126
Iter 236/250 - Loss: -2.9128
Iter 237/250 - Loss: -2.9130
Iter 238/250 - Loss: -2.9131
Iter 239/250 - Loss: -2.9133
Iter 240/250 - Loss: -2.9135
Iter 241/250 - Loss: -2.9137
Iter 242/250 - Loss: -2.9139
Iter 243/250 - Loss: -2.9141
Iter 244/250 - Loss: -2.9143
Iter 245/250 - Loss: -2.9145
Iter 246/250 - Loss: -2.9147
Iter 247/250 - Loss: -2.9150
Iter 248/250 - Loss: -2.9152
Iter 249/250 - Loss: -2.9154
Iter 250/250 - Loss: -2.9157
{'d': 0.39398417, 'e': 0.9786636, 'f': 2.3271108, 'g': 1.2381632}
{'d': 0.40079126, 'e': 0.9845532, 'f': 2.3267236, 'g': 1.2423471}
{'d': 0.4169497, 'e': 0.99457216, 'f': 2.3260744, 'g': 1.2522894}
{'d': 0.42158094, 'e': 0.9970663, 'f': 2.3259048, 'g': 1.255029}
{'d': 0.426457, 'e': 0.9994459, 'f': 2.3257487, 'g': 1.2578461}
{'d': 0.43158683, 'e': 1.001736, 'f': 2.3255994, 'g': 1.2607113}
{'d': 0.43700337, 'e': 1.0042689, 'f': 2.3254309, 'g': 1.2635816}
{'d': 0.44272876, 'e': 1.0072194, 'f': 2.3252356, 'g': 1.266409}
{'d': 0.44876018, 'e': 1.0103495, 'f': 2.3250368, 'g': 1.2691736}
{'d': 0.461895, 'e': 1.0188369, 'f': 2.3245165, 'g': 1.274262}
{'d': 0.4765307, 'e': 1.0312942, 'f': 2.3238275, 'g': 1.2784337}
{'d': 0.4925873, 'e': 1.049432, 'f': 2.3229613, 'g': 1.2813021}
{'d': 0.50979453, 'e': 1.078085, 'f': 2.3216143, 'g': 1.2823747}
{'d': 0.5186031, 'e': 1.0976135, 'f': 2.3206654, 'g': 1.2821277}
