prev {'d': 0.48820071668642373, 'e': 1.0533720679471865, 'f': 2.304154488579485, 'g': 1.29529640329917}
Starting ML Fit
Box_n50_49_1400
       message: Optimization terminated successfully.
       success: True
        status: 0
           fun: 9151.636707943197
             x: [ 4.719e-01  1.016e+00  2.304e+00  1.295e+00]
           nit: 100
          nfev: 168
 final_simplex: (array([[ 4.719e-01,  1.016e+00,  2.304e+00,  1.295e+00],
                       [ 4.719e-01,  1.016e+00,  2.304e+00,  1.295e+00],
                       ...,
                       [ 4.719e-01,  1.016e+00,  2.304e+00,  1.295e+00],
                       [ 4.719e-01,  1.016e+00,  2.304e+00,  1.295e+00]]), array([ 9.152e+03,  9.152e+03,  9.152e+03,  9.152e+03,
                        9.152e+03]))
   param_names: ['d', 'e', 'f', 'g']
[0.47186319 1.01567809 2.30431161 1.29453181]
{'d': 0.47186319269966576, 'e': 1.0156780934651382, 'f': 2.304311614026262, 'g': 1.2945318134630686}
Previous:  {'d': 0.48820071668642373, 'e': 1.0533720679471865, 'f': 2.304154488579485, 'g': 1.29529640329917}
