[0.25, 0.302679, 0.366459, 0.403224, 0.488191, 0.512095, 0.537169, 0.563471, 0.591061, 0.620002, 0.65036, 0.715608, 0.787402, 0.866399, 0.953321, 1.0]
[3.0, 2.3038301302700224, 1.7288182306888356, 1.4800111104497748, 1.0483786059144884, 0.9527626709887815, 0.8616115226306804, 0.7747142266416549, 0.691872750866662, 0.6128980229096033, 0.5376099391106464, 0.3974131088528914, 0.26999931420037027, 0.15420262488760939, 0.04896461947234987, 0.0]
Starting ML Fit
Box5_1400
       message: Optimization terminated successfully.
       success: True
        status: 0
           fun: 3738.3010949012387
             x: [ 1.997e-02  1.684e-84  2.028e+00  1.377e+00]
           nit: 12689
          nfev: 20923
 final_simplex: (array([[ 1.997e-02,  1.684e-84,  2.028e+00,  1.377e+00],
                       [ 1.997e-02,  1.758e-84,  2.028e+00,  1.377e+00],
                       ...,
                       [ 1.997e-02,  1.715e-84,  2.028e+00,  1.377e+00],
                       [ 1.997e-02,  1.726e-84,  2.028e+00,  1.377e+00]]), array([ 3.738e+03,  3.738e+03,  3.738e+03,  3.738e+03,
                        3.738e+03]))
   param_names: ['d', 'e', 'f', 'g']
[1.99715686e-02 1.68415673e-84 2.02816517e+00 1.37674413e+00]
{'d': 0.019971568596180798, 'e': 1.6841567301862368e-84, 'f': 2.0281651698883802, 'g': 1.3767441329068553}
Previous:  {'d': 0.046988457443396914, 'e': 2.041976806279885e-28, 'f': 2.0719743157054147, 'g': 1.408079269786354}
