prev {'d': 0.435537944385157, 'e': 0.7588961962096369, 'f': 2.3188012243351257, 'g': 1.317849138955299}
Starting ML Fit
Box9_1400
       message: Optimization terminated successfully.
       success: True
        status: 0
           fun: 8358.128025065951
             x: [ 4.210e-01  7.742e-01  2.316e+00  1.304e+00]
           nit: 118
          nfev: 204
 final_simplex: (array([[ 4.210e-01,  7.742e-01,  2.316e+00,  1.304e+00],
                       [ 4.210e-01,  7.742e-01,  2.316e+00,  1.304e+00],
                       ...,
                       [ 4.210e-01,  7.742e-01,  2.316e+00,  1.304e+00],
                       [ 4.210e-01,  7.742e-01,  2.316e+00,  1.304e+00]]), array([ 8.358e+03,  8.358e+03,  8.358e+03,  8.358e+03,
                        8.358e+03]))
   param_names: ['d', 'e', 'f', 'g']
[0.42101097 0.77420441 2.31581978 1.30411875]
{'d': 0.4210109671983582, 'e': 0.7742044111215347, 'f': 2.3158197818065993, 'g': 1.3041187463453017}
Previous:  {'d': 0.435537944385157, 'e': 0.7588961962096369, 'f': 2.3188012243351257, 'g': 1.317849138955299}
