prev {'d': 0.45836380062086546, 'e': 1.2369983453685132, 'f': 2.3296665549090783, 'g': 1.25446207611789}
Starting ML Fit
Box_n50_45_1400
       message: Optimization terminated successfully.
       success: True
        status: 0
           fun: 7200.788406940718
             x: [ 4.544e-01  1.247e+00  2.328e+00  1.253e+00]
           nit: 104
          nfev: 182
 final_simplex: (array([[ 4.544e-01,  1.247e+00,  2.328e+00,  1.253e+00],
                       [ 4.544e-01,  1.247e+00,  2.328e+00,  1.253e+00],
                       ...,
                       [ 4.544e-01,  1.247e+00,  2.328e+00,  1.253e+00],
                       [ 4.544e-01,  1.247e+00,  2.328e+00,  1.253e+00]]), array([ 7.201e+03,  7.201e+03,  7.201e+03,  7.201e+03,
                        7.201e+03]))
   param_names: ['d', 'e', 'f', 'g']
[0.45438197 1.24669581 2.32787561 1.25276755]
{'d': 0.454381973163358, 'e': 1.2466958085407027, 'f': 2.3278756135597716, 'g': 1.2527675524455122}
Previous:  {'d': 0.45836380062086546, 'e': 1.2369983453685132, 'f': 2.3296665549090783, 'g': 1.25446207611789}
