prev {'d': 0.5850893240420013, 'e': 1.2739030977149706, 'f': 2.324343979347935, 'g': 1.2698515892478843}
Starting ML Fit
Box86_1400
       message: Optimization terminated successfully.
       success: True
        status: 0
           fun: 16714.020520561568
             x: [ 5.727e-01  1.262e+00  2.325e+00  1.268e+00]
           nit: 81
          nfev: 148
 final_simplex: (array([[ 5.727e-01,  1.262e+00,  2.325e+00,  1.268e+00],
                       [ 5.727e-01,  1.262e+00,  2.325e+00,  1.268e+00],
                       ...,
                       [ 5.727e-01,  1.262e+00,  2.325e+00,  1.268e+00],
                       [ 5.727e-01,  1.262e+00,  2.325e+00,  1.268e+00]]), array([ 1.671e+04,  1.671e+04,  1.671e+04,  1.671e+04,
                        1.671e+04]))
   param_names: ['d', 'e', 'f', 'g']
[0.57274032 1.26161284 2.32470157 1.26788174]
{'d': 0.5727403166478309, 'e': 1.2616128372195918, 'f': 2.324701568993321, 'g': 1.267881741700951}
Previous:  {'d': 0.5850893240420013, 'e': 1.2739030977149706, 'f': 2.324343979347935, 'g': 1.2698515892478843}
