prev {'d': 0.5545059254294549, 'e': 1.185466005528907, 'f': 2.33662994366406, 'g': 1.3061086440766563}
Starting ML Fit
Box_n50_19_1400
       message: Optimization terminated successfully.
       success: True
        status: 0
           fun: 12593.625042238657
             x: [ 5.619e-01  1.226e+00  2.338e+00  1.298e+00]
           nit: 101
          nfev: 178
 final_simplex: (array([[ 5.619e-01,  1.226e+00,  2.338e+00,  1.298e+00],
                       [ 5.619e-01,  1.226e+00,  2.338e+00,  1.298e+00],
                       ...,
                       [ 5.619e-01,  1.226e+00,  2.338e+00,  1.298e+00],
                       [ 5.619e-01,  1.226e+00,  2.338e+00,  1.298e+00]]), array([ 1.259e+04,  1.259e+04,  1.259e+04,  1.259e+04,
                        1.259e+04]))
   param_names: ['d', 'e', 'f', 'g']
[0.56186667 1.22569242 2.33751802 1.29773356]
{'d': 0.5618666652121469, 'e': 1.2256924190685043, 'f': 2.337518017313955, 'g': 1.2977335567535484}
Previous:  {'d': 0.5545059254294549, 'e': 1.185466005528907, 'f': 2.33662994366406, 'g': 1.3061086440766563}
