Leaving out Box_n50_3_1400
alist [1.0, 0.953321, 0.866399, 0.787402, 0.715608, 0.65036, 0.620002, 0.591061, 0.563471, 0.537169, 0.512095, 0.488191, 0.403224, 0.366459]
Iter 1/250 - Loss: 2.3988
Iter 2/250 - Loss: 2.1589
Iter 3/250 - Loss: 1.9457
Iter 4/250 - Loss: 1.7905
Iter 5/250 - Loss: 1.6339
Iter 6/250 - Loss: 1.4763
Iter 7/250 - Loss: 1.2953
Iter 8/250 - Loss: 1.1855
Iter 9/250 - Loss: 1.1733
Iter 10/250 - Loss: 1.1762
Iter 11/250 - Loss: 1.0457
Iter 12/250 - Loss: 0.9269
Iter 13/250 - Loss: 0.8579
Iter 14/250 - Loss: 0.9005
Iter 15/250 - Loss: 0.8095
Iter 16/250 - Loss: 0.7601
Iter 17/250 - Loss: 0.6591
Iter 18/250 - Loss: 0.5913
Iter 19/250 - Loss: 0.5719
Iter 20/250 - Loss: 0.5216
Iter 21/250 - Loss: 0.4681
Iter 22/250 - Loss: 0.4262
Iter 23/250 - Loss: 0.3713
Iter 24/250 - Loss: 0.3074
Iter 25/250 - Loss: 0.2493
Iter 26/250 - Loss: 0.1975
Iter 27/250 - Loss: 0.1457
Iter 28/250 - Loss: 0.0916
Iter 29/250 - Loss: 0.0373
Iter 30/250 - Loss: -0.0154
Iter 31/250 - Loss: -0.0667
Iter 32/250 - Loss: -0.1183
Iter 33/250 - Loss: -0.1716
Iter 34/250 - Loss: -0.2267
Iter 35/250 - Loss: -0.2827
Iter 36/250 - Loss: -0.3387
Iter 37/250 - Loss: -0.3940
Iter 38/250 - Loss: -0.4488
Iter 39/250 - Loss: -0.5042
Iter 40/250 - Loss: -0.5602
Iter 41/250 - Loss: -0.6154
Iter 42/250 - Loss: -0.6681
Iter 43/250 - Loss: -0.7182
Iter 44/250 - Loss: -0.7678
Iter 45/250 - Loss: -0.8188
Iter 46/250 - Loss: -0.8713
Iter 47/250 - Loss: -0.9231
Iter 48/250 - Loss: -0.9728
Iter 49/250 - Loss: -1.0208
Iter 50/250 - Loss: -1.0685
Iter 51/250 - Loss: -1.1163
Iter 52/250 - Loss: -1.1648
Iter 53/250 - Loss: -1.2142
Iter 54/250 - Loss: -1.2641
Iter 55/250 - Loss: -1.3132
Iter 56/250 - Loss: -1.3610
Iter 57/250 - Loss: -1.4075
Iter 58/250 - Loss: -1.4531
Iter 59/250 - Loss: -1.4985
Iter 60/250 - Loss: -1.5444
Iter 61/250 - Loss: -1.5911
Iter 62/250 - Loss: -1.6371
Iter 63/250 - Loss: -1.6811
Iter 64/250 - Loss: -1.7238
Iter 65/250 - Loss: -1.7665
Iter 66/250 - Loss: -1.8099
Iter 67/250 - Loss: -1.8531
Iter 68/250 - Loss: -1.8943
Iter 69/250 - Loss: -1.9341
Iter 70/250 - Loss: -1.9737
Iter 71/250 - Loss: -2.0137
Iter 72/250 - Loss: -2.0527
Iter 73/250 - Loss: -2.0894
Iter 74/250 - Loss: -2.1256
Iter 75/250 - Loss: -2.1623
Iter 76/250 - Loss: -2.1965
Iter 77/250 - Loss: -2.2293
Iter 78/250 - Loss: -2.2628
Iter 79/250 - Loss: -2.2936
Iter 80/250 - Loss: -2.3239
Iter 81/250 - Loss: -2.3539
Iter 82/250 - Loss: -2.3811
Iter 83/250 - Loss: -2.4084
Iter 84/250 - Loss: -2.4328
Iter 85/250 - Loss: -2.4529
Iter 86/250 - Loss: -2.4707
Iter 87/250 - Loss: -2.4696
Iter 88/250 - Loss: -2.4873
Iter 89/250 - Loss: -2.5029
Iter 90/250 - Loss: -2.5567
Iter 91/250 - Loss: -2.5481
Iter 92/250 - Loss: -2.5826
Iter 93/250 - Loss: -2.6077
Iter 94/250 - Loss: -2.6088
Iter 95/250 - Loss: -2.6259
Iter 96/250 - Loss: -2.6526
Iter 97/250 - Loss: -2.6603
Iter 98/250 - Loss: -2.6674
Iter 99/250 - Loss: -2.6881
Iter 100/250 - Loss: -2.6971
Iter 101/250 - Loss: -2.7073
Iter 102/250 - Loss: -2.7212
Iter 103/250 - Loss: -2.7235
Iter 104/250 - Loss: -2.7386
Iter 105/250 - Loss: -2.7434
Iter 106/250 - Loss: -2.7486
Iter 107/250 - Loss: -2.7583
Iter 108/250 - Loss: -2.7667
Iter 109/250 - Loss: -2.7752
Iter 110/250 - Loss: -2.7784
Iter 111/250 - Loss: -2.7844
Iter 112/250 - Loss: -2.7900
Iter 113/250 - Loss: -2.7968
Iter 114/250 - Loss: -2.8021
Iter 115/250 - Loss: -2.8084
Iter 116/250 - Loss: -2.8078
Iter 117/250 - Loss: -2.8152
Iter 118/250 - Loss: -2.8214
Iter 119/250 - Loss: -2.8212
Iter 120/250 - Loss: -2.8274
Iter 121/250 - Loss: -2.8298
Iter 122/250 - Loss: -2.8363
Iter 123/250 - Loss: -2.8333
Iter 124/250 - Loss: -2.8406
Iter 125/250 - Loss: -2.8423
Iter 126/250 - Loss: -2.8468
Iter 127/250 - Loss: -2.8468
Iter 128/250 - Loss: -2.8535
Iter 129/250 - Loss: -2.8525
Iter 130/250 - Loss: -2.8586
Iter 131/250 - Loss: -2.8581
Iter 132/250 - Loss: -2.8618
Iter 133/250 - Loss: -2.8622
Iter 134/250 - Loss: -2.8667
Iter 135/250 - Loss: -2.8654
Iter 136/250 - Loss: -2.8682
Iter 137/250 - Loss: -2.8705
Iter 138/250 - Loss: -2.8717
Iter 139/250 - Loss: -2.8722
Iter 140/250 - Loss: -2.8761
Iter 141/250 - Loss: -2.8769
Iter 142/250 - Loss: -2.8767
Iter 143/250 - Loss: -2.8810
Iter 144/250 - Loss: -2.8812
Iter 145/250 - Loss: -2.8816
Iter 146/250 - Loss: -2.8838
Iter 147/250 - Loss: -2.8857
Iter 148/250 - Loss: -2.8852
Iter 149/250 - Loss: -2.8835
Iter 150/250 - Loss: -2.8773
Iter 151/250 - Loss: -2.8727
Iter 152/250 - Loss: -2.8857
Iter 153/250 - Loss: -2.8865
Iter 154/250 - Loss: -2.8806
Iter 155/250 - Loss: -2.8906
Iter 156/250 - Loss: -2.8819
Iter 157/250 - Loss: -2.8909
Iter 158/250 - Loss: -2.8833
Iter 159/250 - Loss: -2.8887
Iter 160/250 - Loss: -2.8886
Iter 161/250 - Loss: -2.8956
Iter 162/250 - Loss: -2.8895
Iter 163/250 - Loss: -2.8956
Iter 164/250 - Loss: -2.8956
Iter 165/250 - Loss: -2.8971
Iter 166/250 - Loss: -2.8967
Iter 167/250 - Loss: -2.8957
Iter 168/250 - Loss: -2.8995
Iter 169/250 - Loss: -2.8993
Iter 170/250 - Loss: -2.9016
Iter 171/250 - Loss: -2.9002
Iter 172/250 - Loss: -2.9027
Iter 173/250 - Loss: -2.9024
Iter 174/250 - Loss: -2.9049
Iter 175/250 - Loss: -2.9039
Iter 176/250 - Loss: -2.9057
Iter 177/250 - Loss: -2.9044
Iter 178/250 - Loss: -2.9054
Iter 179/250 - Loss: -2.9067
Iter 180/250 - Loss: -2.9080
Iter 181/250 - Loss: -2.9096
Iter 182/250 - Loss: -2.9092
Iter 183/250 - Loss: -2.9075
Iter 184/250 - Loss: -2.9044
Iter 185/250 - Loss: -2.9054
Iter 186/250 - Loss: -2.9013
Iter 187/250 - Loss: -2.8641
Iter 188/250 - Loss: -2.8066
Iter 189/250 - Loss: -2.8653
Iter 190/250 - Loss: -2.8480
Iter 191/250 - Loss: -2.9002
Iter 192/250 - Loss: -2.8761
Iter 193/250 - Loss: -2.8761
Iter 194/250 - Loss: -2.8832
Iter 195/250 - Loss: -2.8842
Iter 196/250 - Loss: -2.8879
Iter 197/250 - Loss: -2.8835
Iter 198/250 - Loss: -2.8576
Iter 199/250 - Loss: -2.8720
Iter 200/250 - Loss: -2.8646
Iter 201/250 - Loss: -2.8705
Iter 202/250 - Loss: -2.8689
Iter 203/250 - Loss: -2.8873
Iter 204/250 - Loss: -2.8638
Iter 205/250 - Loss: -2.8447
Iter 206/250 - Loss: -2.8887
Iter 207/250 - Loss: -2.8741
Iter 208/250 - Loss: -2.8877
Iter 209/250 - Loss: -2.8811
Iter 210/250 - Loss: -2.8787
Iter 211/250 - Loss: -2.8877
Iter 212/250 - Loss: -2.8899
Iter 213/250 - Loss: -2.8961
Iter 214/250 - Loss: -2.9018
Iter 215/250 - Loss: -2.8959
Iter 216/250 - Loss: -2.9060
Iter 217/250 - Loss: -2.8987
Iter 218/250 - Loss: -2.9045
Iter 219/250 - Loss: -2.9065
Iter 220/250 - Loss: -2.9105
Iter 221/250 - Loss: -2.9104
Iter 222/250 - Loss: -2.9100
Iter 223/250 - Loss: -2.9114
Iter 224/250 - Loss: -2.9119
Iter 225/250 - Loss: -2.9130
Iter 226/250 - Loss: -2.9155
Iter 227/250 - Loss: -2.9159
Iter 228/250 - Loss: -2.9166
Iter 229/250 - Loss: -2.9177
Iter 230/250 - Loss: -2.9173
Iter 231/250 - Loss: -2.9195
Iter 232/250 - Loss: -2.9189
Iter 233/250 - Loss: -2.9214
Iter 234/250 - Loss: -2.9210
Iter 235/250 - Loss: -2.9215
Iter 236/250 - Loss: -2.9228
Iter 237/250 - Loss: -2.9220
Iter 238/250 - Loss: -2.9241
Iter 239/250 - Loss: -2.9232
Iter 240/250 - Loss: -2.9236
Iter 241/250 - Loss: -2.9208
Iter 242/250 - Loss: -2.9074
Iter 243/250 - Loss: -2.8593
Iter 244/250 - Loss: -2.8114
Iter 245/250 - Loss: -2.8698
Iter 246/250 - Loss: -2.8716
Iter 247/250 - Loss: -2.8788
Iter 248/250 - Loss: -2.8942
Iter 249/250 - Loss: -2.8924
Iter 250/250 - Loss: -2.8793
now training with smaller learning rate
Iter 1/250 - Loss: -2.8755
Iter 2/250 - Loss: -2.8910
Iter 3/250 - Loss: -2.8982
Iter 4/250 - Loss: -2.9052
Iter 5/250 - Loss: -2.9043
Iter 6/250 - Loss: -2.9036
Iter 7/250 - Loss: -2.9055
Iter 8/250 - Loss: -2.9097
Iter 9/250 - Loss: -2.9118
Iter 10/250 - Loss: -2.9124
Iter 11/250 - Loss: -2.9131
Iter 12/250 - Loss: -2.9145
Iter 13/250 - Loss: -2.9148
Iter 14/250 - Loss: -2.9157
Iter 15/250 - Loss: -2.9170
Iter 16/250 - Loss: -2.9183
Iter 17/250 - Loss: -2.9193
Iter 18/250 - Loss: -2.9201
Iter 19/250 - Loss: -2.9209
Iter 20/250 - Loss: -2.9223
Iter 21/250 - Loss: -2.9225
Iter 22/250 - Loss: -2.9237
Iter 23/250 - Loss: -2.9240
Iter 24/250 - Loss: -2.9252
Iter 25/250 - Loss: -2.9260
Iter 26/250 - Loss: -2.9265
Iter 27/250 - Loss: -2.9272
Iter 28/250 - Loss: -2.9279
Iter 29/250 - Loss: -2.9279
Iter 30/250 - Loss: -2.9288
Iter 31/250 - Loss: -2.9295
Iter 32/250 - Loss: -2.9311
Iter 33/250 - Loss: -2.9311
Iter 34/250 - Loss: -2.9318
Iter 35/250 - Loss: -2.9322
Iter 36/250 - Loss: -2.9327
Iter 37/250 - Loss: -2.9330
Iter 38/250 - Loss: -2.9337
Iter 39/250 - Loss: -2.9337
Iter 40/250 - Loss: -2.9341
Iter 41/250 - Loss: -2.9349
Iter 42/250 - Loss: -2.9352
Iter 43/250 - Loss: -2.9353
Iter 44/250 - Loss: -2.9360
Iter 45/250 - Loss: -2.9365
Iter 46/250 - Loss: -2.9367
Iter 47/250 - Loss: -2.9371
Iter 48/250 - Loss: -2.9373
Iter 49/250 - Loss: -2.9379
Iter 50/250 - Loss: -2.9381
Iter 51/250 - Loss: -2.9385
Iter 52/250 - Loss: -2.9390
Iter 53/250 - Loss: -2.9392
Iter 54/250 - Loss: -2.9396
Iter 55/250 - Loss: -2.9404
Iter 56/250 - Loss: -2.9408
Iter 57/250 - Loss: -2.9409
Iter 58/250 - Loss: -2.9412
Iter 59/250 - Loss: -2.9417
Iter 60/250 - Loss: -2.9419
Iter 61/250 - Loss: -2.9421
Iter 62/250 - Loss: -2.9426
Iter 63/250 - Loss: -2.9428
Iter 64/250 - Loss: -2.9430
Iter 65/250 - Loss: -2.9434
Iter 66/250 - Loss: -2.9436
Iter 67/250 - Loss: -2.9439
Iter 68/250 - Loss: -2.9440
Iter 69/250 - Loss: -2.9445
Iter 70/250 - Loss: -2.9447
Iter 71/250 - Loss: -2.9450
Iter 72/250 - Loss: -2.9451
Iter 73/250 - Loss: -2.9454
Iter 74/250 - Loss: -2.9457
Iter 75/250 - Loss: -2.9459
Iter 76/250 - Loss: -2.9463
Iter 77/250 - Loss: -2.9464
Iter 78/250 - Loss: -2.9467
Iter 79/250 - Loss: -2.9468
Iter 80/250 - Loss: -2.9471
Iter 81/250 - Loss: -2.9473
Iter 82/250 - Loss: -2.9476
Iter 83/250 - Loss: -2.9478
Iter 84/250 - Loss: -2.9482
Iter 85/250 - Loss: -2.9483
Iter 86/250 - Loss: -2.9485
Iter 87/250 - Loss: -2.9487
Iter 88/250 - Loss: -2.9490
Iter 89/250 - Loss: -2.9491
Iter 90/250 - Loss: -2.9494
Iter 91/250 - Loss: -2.9497
Iter 92/250 - Loss: -2.9499
Iter 93/250 - Loss: -2.9501
Iter 94/250 - Loss: -2.9502
Iter 95/250 - Loss: -2.9502
Iter 96/250 - Loss: -2.9505
Iter 97/250 - Loss: -2.9507
Iter 98/250 - Loss: -2.9511
Iter 99/250 - Loss: -2.9514
Iter 100/250 - Loss: -2.9513
Iter 101/250 - Loss: -2.9515
Iter 102/250 - Loss: -2.9518
Iter 103/250 - Loss: -2.9520
Iter 104/250 - Loss: -2.9523
Iter 105/250 - Loss: -2.9525
Iter 106/250 - Loss: -2.9525
Iter 107/250 - Loss: -2.9528
Iter 108/250 - Loss: -2.9529
Iter 109/250 - Loss: -2.9529
Iter 110/250 - Loss: -2.9530
Iter 111/250 - Loss: -2.9531
Iter 112/250 - Loss: -2.9534
Iter 113/250 - Loss: -2.9537
Iter 114/250 - Loss: -2.9537
Iter 115/250 - Loss: -2.9540
Iter 116/250 - Loss: -2.9544
Iter 117/250 - Loss: -2.9545
Iter 118/250 - Loss: -2.9545
Iter 119/250 - Loss: -2.9547
Iter 120/250 - Loss: -2.9548
Iter 121/250 - Loss: -2.9547
Iter 122/250 - Loss: -2.9546
Iter 123/250 - Loss: -2.9548
Iter 124/250 - Loss: -2.9554
Iter 125/250 - Loss: -2.9559
Iter 126/250 - Loss: -2.9559
Iter 127/250 - Loss: -2.9558
Iter 128/250 - Loss: -2.9558
Iter 129/250 - Loss: -2.9562
Iter 130/250 - Loss: -2.9566
Iter 131/250 - Loss: -2.9567
Iter 132/250 - Loss: -2.9566
Iter 133/250 - Loss: -2.9566
Iter 134/250 - Loss: -2.9570
Iter 135/250 - Loss: -2.9573
Iter 136/250 - Loss: -2.9575
Iter 137/250 - Loss: -2.9575
Iter 138/250 - Loss: -2.9575
Iter 139/250 - Loss: -2.9575
Iter 140/250 - Loss: -2.9579
Iter 141/250 - Loss: -2.9581
Iter 142/250 - Loss: -2.9581
Iter 143/250 - Loss: -2.9581
Iter 144/250 - Loss: -2.9581
Iter 145/250 - Loss: -2.9584
Iter 146/250 - Loss: -2.9586
Iter 147/250 - Loss: -2.9588
Iter 148/250 - Loss: -2.9589
Iter 149/250 - Loss: -2.9588
Iter 150/250 - Loss: -2.9588
Iter 151/250 - Loss: -2.9588
Iter 152/250 - Loss: -2.9588
Iter 153/250 - Loss: -2.9588
Iter 154/250 - Loss: -2.9593
Iter 155/250 - Loss: -2.9597
Iter 156/250 - Loss: -2.9598
Iter 157/250 - Loss: -2.9598
Iter 158/250 - Loss: -2.9600
Iter 159/250 - Loss: -2.9601
Iter 160/250 - Loss: -2.9602
Iter 161/250 - Loss: -2.9605
Iter 162/250 - Loss: -2.9608
Iter 163/250 - Loss: -2.9606
Iter 164/250 - Loss: -2.9607
Iter 165/250 - Loss: -2.9610
Iter 166/250 - Loss: -2.9612
Iter 167/250 - Loss: -2.9613
Iter 168/250 - Loss: -2.9616
Iter 169/250 - Loss: -2.9617
Iter 170/250 - Loss: -2.9616
Iter 171/250 - Loss: -2.9618
Iter 172/250 - Loss: -2.9618
Iter 173/250 - Loss: -2.9616
Iter 174/250 - Loss: -2.9611
Iter 175/250 - Loss: -2.9601
Iter 176/250 - Loss: -2.9594
Iter 177/250 - Loss: -2.9611
Iter 178/250 - Loss: -2.9625
Iter 179/250 - Loss: -2.9614
Iter 180/250 - Loss: -2.9608
Iter 181/250 - Loss: -2.9608
Iter 182/250 - Loss: -2.9594
Iter 183/250 - Loss: -2.9616
Iter 184/250 - Loss: -2.9622
Iter 185/250 - Loss: -2.9610
Iter 186/250 - Loss: -2.9631
Iter 187/250 - Loss: -2.9615
Iter 188/250 - Loss: -2.9631
Iter 189/250 - Loss: -2.9625
Iter 190/250 - Loss: -2.9630
Iter 191/250 - Loss: -2.9630
Iter 192/250 - Loss: -2.9632
Iter 193/250 - Loss: -2.9634
Iter 194/250 - Loss: -2.9633
Iter 195/250 - Loss: -2.9638
Iter 196/250 - Loss: -2.9635
Iter 197/250 - Loss: -2.9641
Iter 198/250 - Loss: -2.9638
Iter 199/250 - Loss: -2.9643
Iter 200/250 - Loss: -2.9640
Iter 201/250 - Loss: -2.9645
Iter 202/250 - Loss: -2.9642
Iter 203/250 - Loss: -2.9647
Iter 204/250 - Loss: -2.9646
Iter 205/250 - Loss: -2.9649
Iter 206/250 - Loss: -2.9648
Iter 207/250 - Loss: -2.9650
Iter 208/250 - Loss: -2.9650
Iter 209/250 - Loss: -2.9651
Iter 210/250 - Loss: -2.9653
Iter 211/250 - Loss: -2.9653
Iter 212/250 - Loss: -2.9655
Iter 213/250 - Loss: -2.9654
Iter 214/250 - Loss: -2.9657
Iter 215/250 - Loss: -2.9656
Iter 216/250 - Loss: -2.9657
Iter 217/250 - Loss: -2.9655
Iter 218/250 - Loss: -2.9652
Iter 219/250 - Loss: -2.9650
Iter 220/250 - Loss: -2.9647
Iter 221/250 - Loss: -2.9631
Iter 222/250 - Loss: -2.9608
Iter 223/250 - Loss: -2.9617
Iter 224/250 - Loss: -2.9653
Iter 225/250 - Loss: -2.9656
Iter 226/250 - Loss: -2.9636
Iter 227/250 - Loss: -2.9655
Iter 228/250 - Loss: -2.9660
Iter 229/250 - Loss: -2.9649
Iter 230/250 - Loss: -2.9663
Iter 231/250 - Loss: -2.9656
Iter 232/250 - Loss: -2.9663
Iter 233/250 - Loss: -2.9662
Iter 234/250 - Loss: -2.9661
Iter 235/250 - Loss: -2.9668
Iter 236/250 - Loss: -2.9662
Iter 237/250 - Loss: -2.9671
Iter 238/250 - Loss: -2.9666
Iter 239/250 - Loss: -2.9671
Iter 240/250 - Loss: -2.9670
Iter 241/250 - Loss: -2.9670
Iter 242/250 - Loss: -2.9674
Iter 243/250 - Loss: -2.9671
Iter 244/250 - Loss: -2.9676
Iter 245/250 - Loss: -2.9673
Iter 246/250 - Loss: -2.9677
Iter 247/250 - Loss: -2.9677
Iter 248/250 - Loss: -2.9677
Iter 249/250 - Loss: -2.9679
Iter 250/250 - Loss: -2.9678
