Leaving out Box_n50_32_1400
alist [1.0, 0.953321, 0.866399, 0.787402, 0.715608, 0.65036, 0.620002, 0.591061, 0.563471, 0.537169, 0.512095, 0.488191, 0.403224, 0.366459]
scaling input
scaling output
Iter 1/300 - Loss: 3.1781
Iter 2/300 - Loss: 2.7986
Iter 3/300 - Loss: 2.4488
Iter 4/300 - Loss: 2.1335
Iter 5/300 - Loss: 1.8540
Iter 6/300 - Loss: 1.6092
Iter 7/300 - Loss: 1.3979
Iter 8/300 - Loss: 1.2203
Iter 9/300 - Loss: 1.0800
Iter 10/300 - Loss: 0.9817
Iter 11/300 - Loss: 0.9237
Iter 12/300 - Loss: 0.8955
Iter 13/300 - Loss: 0.8840
Iter 14/300 - Loss: 0.8765
Iter 15/300 - Loss: 0.8641
Iter 16/300 - Loss: 0.8434
Iter 17/300 - Loss: 0.8128
Iter 18/300 - Loss: 0.7713
Iter 19/300 - Loss: 0.7182
Iter 20/300 - Loss: 0.6555
Iter 21/300 - Loss: 0.5868
Iter 22/300 - Loss: 0.5169
Iter 23/300 - Loss: 0.4500
Iter 24/300 - Loss: 0.3895
Iter 25/300 - Loss: 0.3374
Iter 26/300 - Loss: 0.2936
Iter 27/300 - Loss: 0.2558
Iter 28/300 - Loss: 0.2216
Iter 29/300 - Loss: 0.1882
Iter 30/300 - Loss: 0.1539
Iter 31/300 - Loss: 0.1176
Iter 32/300 - Loss: 0.0790
Iter 33/300 - Loss: 0.0382
Iter 34/300 - Loss: -0.0043
Iter 35/300 - Loss: -0.0478
Iter 36/300 - Loss: -0.0915
Iter 37/300 - Loss: -0.1345
Iter 38/300 - Loss: -0.1760
Iter 39/300 - Loss: -0.2152
Iter 40/300 - Loss: -0.2515
Iter 41/300 - Loss: -0.2845
Iter 42/300 - Loss: -0.3140
Iter 43/300 - Loss: -0.3409
Iter 44/300 - Loss: -0.3661
Iter 45/300 - Loss: -0.3909
Iter 46/300 - Loss: -0.4158
Iter 47/300 - Loss: -0.4408
Iter 48/300 - Loss: -0.4653
Iter 49/300 - Loss: -0.4886
Iter 50/300 - Loss: -0.5102
Iter 51/300 - Loss: -0.5295
Iter 52/300 - Loss: -0.5466
Iter 53/300 - Loss: -0.5618
Iter 54/300 - Loss: -0.5756
Iter 55/300 - Loss: -0.5884
Iter 56/300 - Loss: -0.6006
Iter 57/300 - Loss: -0.6123
Iter 58/300 - Loss: -0.6238
Iter 59/300 - Loss: -0.6348
Iter 60/300 - Loss: -0.6453
Iter 61/300 - Loss: -0.6551
Iter 62/300 - Loss: -0.6641
Iter 63/300 - Loss: -0.6725
Iter 64/300 - Loss: -0.6804
Iter 65/300 - Loss: -0.6878
Iter 66/300 - Loss: -0.6948
Iter 67/300 - Loss: -0.7011
Iter 68/300 - Loss: -0.7067
Iter 69/300 - Loss: -0.7114
Iter 70/300 - Loss: -0.7155
Iter 71/300 - Loss: -0.7191
Iter 72/300 - Loss: -0.7224
Iter 73/300 - Loss: -0.7256
Iter 74/300 - Loss: -0.7287
Iter 75/300 - Loss: -0.7315
Iter 76/300 - Loss: -0.7341
Iter 77/300 - Loss: -0.7364
Iter 78/300 - Loss: -0.7385
Iter 79/300 - Loss: -0.7407
Iter 80/300 - Loss: -0.7427
Iter 81/300 - Loss: -0.7446
Iter 82/300 - Loss: -0.7463
Iter 83/300 - Loss: -0.7476
Iter 84/300 - Loss: -0.7480
Iter 85/300 - Loss: -0.7460
Iter 86/300 - Loss: -0.7472
Iter 87/300 - Loss: -0.7514
Iter 88/300 - Loss: -0.7510
Iter 89/300 - Loss: -0.7526
Iter 90/300 - Loss: -0.7544
Iter 91/300 - Loss: -0.7543
Iter 92/300 - Loss: -0.7569
Iter 93/300 - Loss: -0.7561
Iter 94/300 - Loss: -0.7587
Iter 95/300 - Loss: -0.7576
Iter 96/300 - Loss: -0.7598
Iter 97/300 - Loss: -0.7591
Iter 98/300 - Loss: -0.7605
Iter 99/300 - Loss: -0.7603
Iter 100/300 - Loss: -0.7611
Iter 101/300 - Loss: -0.7613
Iter 102/300 - Loss: -0.7617
Iter 103/300 - Loss: -0.7620
Iter 104/300 - Loss: -0.7625
Iter 105/300 - Loss: -0.7628
Iter 106/300 - Loss: -0.7633
Iter 107/300 - Loss: -0.7635
Iter 108/300 - Loss: -0.7640
Iter 109/300 - Loss: -0.7642
Iter 110/300 - Loss: -0.7646
Iter 111/300 - Loss: -0.7648
Iter 112/300 - Loss: -0.7652
Iter 113/300 - Loss: -0.7653
Iter 114/300 - Loss: -0.7656
Iter 115/300 - Loss: -0.7657
Iter 116/300 - Loss: -0.7660
Iter 117/300 - Loss: -0.7662
Iter 118/300 - Loss: -0.7664
Iter 119/300 - Loss: -0.7665
Iter 120/300 - Loss: -0.7667
Iter 121/300 - Loss: -0.7669
Iter 122/300 - Loss: -0.7671
Iter 123/300 - Loss: -0.7672
Iter 124/300 - Loss: -0.7673
Iter 125/300 - Loss: -0.7674
Iter 126/300 - Loss: -0.7676
Iter 127/300 - Loss: -0.7677
Iter 128/300 - Loss: -0.7678
Iter 129/300 - Loss: -0.7679
Iter 130/300 - Loss: -0.7680
Iter 131/300 - Loss: -0.7681
Iter 132/300 - Loss: -0.7682
Iter 133/300 - Loss: -0.7683
Iter 134/300 - Loss: -0.7684
Iter 135/300 - Loss: -0.7685
Iter 136/300 - Loss: -0.7686
Iter 137/300 - Loss: -0.7687
Iter 138/300 - Loss: -0.7688
Iter 139/300 - Loss: -0.7688
Iter 140/300 - Loss: -0.7689
Iter 141/300 - Loss: -0.7690
Iter 142/300 - Loss: -0.7690
Iter 143/300 - Loss: -0.7691
Iter 144/300 - Loss: -0.7692
Iter 145/300 - Loss: -0.7693
Iter 146/300 - Loss: -0.7694
Iter 147/300 - Loss: -0.7694
Iter 148/300 - Loss: -0.7695
Iter 149/300 - Loss: -0.7697
Iter 150/300 - Loss: -0.7698
Iter 151/300 - Loss: -0.7700
Iter 152/300 - Loss: -0.7702
Iter 153/300 - Loss: -0.7702
Iter 154/300 - Loss: -0.7703
Iter 155/300 - Loss: -0.7703
Iter 156/300 - Loss: -0.7703
Iter 157/300 - Loss: -0.7704
Iter 158/300 - Loss: -0.7704
Iter 159/300 - Loss: -0.7705
Iter 160/300 - Loss: -0.7705
Iter 161/300 - Loss: -0.7706
Iter 162/300 - Loss: -0.7707
Iter 163/300 - Loss: -0.7707
Iter 164/300 - Loss: -0.7708
Iter 165/300 - Loss: -0.7709
Iter 166/300 - Loss: -0.7710
Iter 167/300 - Loss: -0.7710
Iter 168/300 - Loss: -0.7711
Iter 169/300 - Loss: -0.7712
Iter 170/300 - Loss: -0.7713
Iter 171/300 - Loss: -0.7714
Iter 172/300 - Loss: -0.7716
Iter 173/300 - Loss: -0.7717
Iter 174/300 - Loss: -0.7718
Iter 175/300 - Loss: -0.7720
Iter 176/300 - Loss: -0.7721
Iter 177/300 - Loss: -0.7723
Iter 178/300 - Loss: -0.7725
Iter 179/300 - Loss: -0.7727
Iter 180/300 - Loss: -0.7729
Iter 181/300 - Loss: -0.7731
Iter 182/300 - Loss: -0.7733
Iter 183/300 - Loss: -0.7735
Iter 184/300 - Loss: -0.7738
Iter 185/300 - Loss: -0.7740
Iter 186/300 - Loss: -0.7743
Iter 187/300 - Loss: -0.7746
Iter 188/300 - Loss: -0.7749
Iter 189/300 - Loss: -0.7752
Iter 190/300 - Loss: -0.7755
Iter 191/300 - Loss: -0.7758
Iter 192/300 - Loss: -0.7762
Iter 193/300 - Loss: -0.7765
Iter 194/300 - Loss: -0.7769
Iter 195/300 - Loss: -0.7773
Iter 196/300 - Loss: -0.7776
Iter 197/300 - Loss: -0.7780
Iter 198/300 - Loss: -0.7784
Iter 199/300 - Loss: -0.7788
Iter 200/300 - Loss: -0.7792
Iter 201/300 - Loss: -0.7795
Iter 202/300 - Loss: -0.7799
Iter 203/300 - Loss: -0.7803
Iter 204/300 - Loss: -0.7807
Iter 205/300 - Loss: -0.7811
Iter 206/300 - Loss: -0.7814
Iter 207/300 - Loss: -0.7818
Iter 208/300 - Loss: -0.7822
Iter 209/300 - Loss: -0.7825
Iter 210/300 - Loss: -0.7829
Iter 211/300 - Loss: -0.7833
Iter 212/300 - Loss: -0.7836
Iter 213/300 - Loss: -0.7840
Iter 214/300 - Loss: -0.7843
Iter 215/300 - Loss: -0.7846
Iter 216/300 - Loss: -0.7850
Iter 217/300 - Loss: -0.7853
Iter 218/300 - Loss: -0.7856
Iter 219/300 - Loss: -0.7860
Iter 220/300 - Loss: -0.7863
Iter 221/300 - Loss: -0.7866
Iter 222/300 - Loss: -0.7869
Iter 223/300 - Loss: -0.7872
Iter 224/300 - Loss: -0.7875
Iter 225/300 - Loss: -0.7878
Iter 226/300 - Loss: -0.7881
Iter 227/300 - Loss: -0.7884
Iter 228/300 - Loss: -0.7887
Iter 229/300 - Loss: -0.7890
Iter 230/300 - Loss: -0.7893
Iter 231/300 - Loss: -0.7896
Iter 232/300 - Loss: -0.7898
Iter 233/300 - Loss: -0.7901
Iter 234/300 - Loss: -0.7904
Iter 235/300 - Loss: -0.7907
Iter 236/300 - Loss: -0.7909
Iter 237/300 - Loss: -0.7912
Iter 238/300 - Loss: -0.7914
Iter 239/300 - Loss: -0.7917
Iter 240/300 - Loss: -0.7919
Iter 241/300 - Loss: -0.7922
Iter 242/300 - Loss: -0.7924
Iter 243/300 - Loss: -0.7927
Iter 244/300 - Loss: -0.7929
Iter 245/300 - Loss: -0.7932
Iter 246/300 - Loss: -0.7934
Iter 247/300 - Loss: -0.7936
Iter 248/300 - Loss: -0.7938
Iter 249/300 - Loss: -0.7941
Iter 250/300 - Loss: -0.7943
Iter 251/300 - Loss: -0.7945
Iter 252/300 - Loss: -0.7947
Iter 253/300 - Loss: -0.7949
Iter 254/300 - Loss: -0.7951
Iter 255/300 - Loss: -0.7953
Iter 256/300 - Loss: -0.7955
Iter 257/300 - Loss: -0.7957
Iter 258/300 - Loss: -0.7959
Iter 259/300 - Loss: -0.7962
Iter 260/300 - Loss: -0.7963
Iter 261/300 - Loss: -0.7965
Iter 262/300 - Loss: -0.7967
Iter 263/300 - Loss: -0.7969
Iter 264/300 - Loss: -0.7971
Iter 265/300 - Loss: -0.7973
Iter 266/300 - Loss: -0.7975
Iter 267/300 - Loss: -0.7976
Iter 268/300 - Loss: -0.7978
Iter 269/300 - Loss: -0.7980
Iter 270/300 - Loss: -0.7982
Iter 271/300 - Loss: -0.7983
Iter 272/300 - Loss: -0.7985
Iter 273/300 - Loss: -0.7987
Iter 274/300 - Loss: -0.7989
Iter 275/300 - Loss: -0.7990
Iter 276/300 - Loss: -0.7992
Iter 277/300 - Loss: -0.7993
Iter 278/300 - Loss: -0.7995
Iter 279/300 - Loss: -0.7997
Iter 280/300 - Loss: -0.7998
Iter 281/300 - Loss: -0.8000
Iter 282/300 - Loss: -0.8001
Iter 283/300 - Loss: -0.8003
Iter 284/300 - Loss: -0.8004
Iter 285/300 - Loss: -0.8006
Iter 286/300 - Loss: -0.8007
Iter 287/300 - Loss: -0.8008
Iter 288/300 - Loss: -0.8010
Iter 289/300 - Loss: -0.8011
Iter 290/300 - Loss: -0.8013
Iter 291/300 - Loss: -0.8014
Iter 292/300 - Loss: -0.8015
Iter 293/300 - Loss: -0.8017
Iter 294/300 - Loss: -0.8018
Iter 295/300 - Loss: -0.8019
Iter 296/300 - Loss: -0.8021
Iter 297/300 - Loss: -0.8022
Iter 298/300 - Loss: -0.8023
Iter 299/300 - Loss: -0.8024
Iter 300/300 - Loss: -0.8026
