prev {'d': 0.5394736757311749, 'e': 1.1692322330654004, 'f': 2.243898089210753, 'g': 1.250467283747403}
Starting ML Fit
Box_n50_20_1400
       message: Optimization terminated successfully.
       success: True
        status: 0
           fun: 9299.17180617575
             x: [ 5.317e-01  1.185e+00  2.244e+00  1.250e+00]
           nit: 98
          nfev: 175
 final_simplex: (array([[ 5.317e-01,  1.185e+00,  2.244e+00,  1.250e+00],
                       [ 5.317e-01,  1.185e+00,  2.244e+00,  1.250e+00],
                       ...,
                       [ 5.317e-01,  1.185e+00,  2.244e+00,  1.250e+00],
                       [ 5.317e-01,  1.185e+00,  2.244e+00,  1.250e+00]]), array([ 9.299e+03,  9.299e+03,  9.299e+03,  9.299e+03,
                        9.299e+03]))
   param_names: ['d', 'e', 'f', 'g']
[0.53171099 1.18480391 2.24392605 1.25016832]
{'d': 0.5317109877198218, 'e': 1.1848039055820068, 'f': 2.2439260460540926, 'g': 1.2501683228358158}
Previous:  {'d': 0.5394736757311749, 'e': 1.1692322330654004, 'f': 2.243898089210753, 'g': 1.250467283747403}
