prev {'d': 0.4682695931183021, 'e': 1.205932035287855, 'f': 2.3220839583475765, 'g': 1.202195104817281}
Starting ML Fit
Box49_1400
       message: Optimization terminated successfully.
       success: True
        status: 0
           fun: 3100.204353523382
             x: [ 4.673e-01  1.207e+00  2.322e+00  1.190e+00]
           nit: 97
          nfev: 173
 final_simplex: (array([[ 4.673e-01,  1.207e+00,  2.322e+00,  1.190e+00],
                       [ 4.673e-01,  1.207e+00,  2.322e+00,  1.190e+00],
                       ...,
                       [ 4.673e-01,  1.207e+00,  2.322e+00,  1.190e+00],
                       [ 4.673e-01,  1.207e+00,  2.322e+00,  1.190e+00]]), array([ 3.100e+03,  3.100e+03,  3.100e+03,  3.100e+03,
                        3.100e+03]))
   param_names: ['d', 'e', 'f', 'g']
[0.46730031 1.20701102 2.32193928 1.19044856]
{'d': 0.4673003147482545, 'e': 1.2070110225457569, 'f': 2.3219392826649097, 'g': 1.1904485638471276}
Previous:  {'d': 0.4682695931183021, 'e': 1.205932035287855, 'f': 2.3220839583475765, 'g': 1.202195104817281}
