prev {'d': 0.43387031141854043, 'e': 1.216310490222526, 'f': 2.3391555460861024, 'g': 1.2529274822169123}
Starting ML Fit
Box57_1400
       message: Optimization terminated successfully.
       success: True
        status: 0
           fun: 3141.746907917143
             x: [ 4.284e-01  1.221e+00  2.337e+00  1.252e+00]
           nit: 70
          nfev: 131
 final_simplex: (array([[ 4.284e-01,  1.221e+00,  2.337e+00,  1.252e+00],
                       [ 4.284e-01,  1.221e+00,  2.337e+00,  1.252e+00],
                       ...,
                       [ 4.284e-01,  1.222e+00,  2.337e+00,  1.252e+00],
                       [ 4.284e-01,  1.221e+00,  2.337e+00,  1.252e+00]]), array([ 3.142e+03,  3.142e+03,  3.142e+03,  3.142e+03,
                        3.142e+03]))
   param_names: ['d', 'e', 'f', 'g']
[0.42838504 1.22148441 2.33749224 1.25170429]
{'d': 0.4283850393916012, 'e': 1.221484405336938, 'f': 2.3374922411968884, 'g': 1.2517042861798902}
Previous:  {'d': 0.43387031141854043, 'e': 1.216310490222526, 'f': 2.3391555460861024, 'g': 1.2529274822169123}
