prev {'d': 0.463342527987735, 'e': 0.7817232882049507, 'f': 2.3367462971646025, 'g': 1.3226657169212634}
Starting ML Fit
Box_n50_21_1400
       message: Optimization terminated successfully.
       success: True
        status: 0
           fun: 18323.162522371356
             x: [ 4.513e-01  7.866e-01  2.334e+00  1.320e+00]
           nit: 110
          nfev: 193
 final_simplex: (array([[ 4.513e-01,  7.866e-01,  2.334e+00,  1.320e+00],
                       [ 4.513e-01,  7.866e-01,  2.334e+00,  1.320e+00],
                       ...,
                       [ 4.513e-01,  7.865e-01,  2.334e+00,  1.320e+00],
                       [ 4.513e-01,  7.866e-01,  2.334e+00,  1.320e+00]]), array([ 1.832e+04,  1.832e+04,  1.832e+04,  1.832e+04,
                        1.832e+04]))
   param_names: ['d', 'e', 'f', 'g']
[0.45127426 0.78658202 2.3337096  1.31969359]
{'d': 0.4512742593083332, 'e': 0.7865820210469097, 'f': 2.3337096046091808, 'g': 1.3196935889206511}
Previous:  {'d': 0.463342527987735, 'e': 0.7817232882049507, 'f': 2.3367462971646025, 'g': 1.3226657169212634}
