prev {'d': 0.45834283454158886, 'e': 1.0380642635355455, 'f': 2.33475787548019, 'g': 1.2510654247575035}
Starting ML Fit
Box68_1400
       message: Optimization terminated successfully.
       success: True
        status: 0
           fun: 10849.68069502864
             x: [ 4.617e-01  1.004e+00  2.342e+00  1.265e+00]
           nit: 80
          nfev: 148
 final_simplex: (array([[ 4.617e-01,  1.004e+00,  2.342e+00,  1.265e+00],
                       [ 4.617e-01,  1.004e+00,  2.342e+00,  1.265e+00],
                       ...,
                       [ 4.617e-01,  1.004e+00,  2.342e+00,  1.265e+00],
                       [ 4.617e-01,  1.004e+00,  2.342e+00,  1.265e+00]]), array([ 1.085e+04,  1.085e+04,  1.085e+04,  1.085e+04,
                        1.085e+04]))
   param_names: ['d', 'e', 'f', 'g']
[0.461723   1.00394251 2.34162148 1.26460621]
{'d': 0.461722997636392, 'e': 1.0039425099665271, 'f': 2.3416214824824637, 'g': 1.2646062050782865}
Previous:  {'d': 0.45834283454158886, 'e': 1.0380642635355455, 'f': 2.33475787548019, 'g': 1.2510654247575035}
