prev {'d': 0.5043089399940965, 'e': 1.132524669806246, 'f': 2.3349996285504657, 'g': 1.3008793852440947}
Starting ML Fit
Box_n50_12_1400
       message: Optimization terminated successfully.
       success: True
        status: 0
           fun: 3474.4538235577734
             x: [ 5.013e-01  1.137e+00  2.335e+00  1.293e+00]
           nit: 80
          nfev: 144
 final_simplex: (array([[ 5.013e-01,  1.137e+00,  2.335e+00,  1.293e+00],
                       [ 5.013e-01,  1.138e+00,  2.335e+00,  1.293e+00],
                       ...,
                       [ 5.013e-01,  1.137e+00,  2.335e+00,  1.293e+00],
                       [ 5.013e-01,  1.137e+00,  2.335e+00,  1.293e+00]]), array([ 3.474e+03,  3.474e+03,  3.474e+03,  3.474e+03,
                        3.474e+03]))
   param_names: ['d', 'e', 'f', 'g']
[0.50132994 1.13744079 2.33489778 1.29258706]
{'d': 0.5013299382873042, 'e': 1.1374407915641658, 'f': 2.334897778703454, 'g': 1.2925870561317134}
Previous:  {'d': 0.5043089399940965, 'e': 1.132524669806246, 'f': 2.3349996285504657, 'g': 1.3008793852440947}
