Leaving out Box97_1400
alist [1.0, 0.953321, 0.866399, 0.787402, 0.715608, 0.65036, 0.620002, 0.591061, 0.563471, 0.537169, 0.512095, 0.488191, 0.403224, 0.366459]
Iter 1/250 - Loss: 2.7105
Iter 2/250 - Loss: 2.5181
Iter 3/250 - Loss: 2.4119
Iter 4/250 - Loss: 2.2815
Iter 5/250 - Loss: 2.1410
Iter 6/250 - Loss: 2.0056
Iter 7/250 - Loss: 1.8798
Iter 8/250 - Loss: 1.7603
Iter 9/250 - Loss: 1.6462
Iter 10/250 - Loss: 1.5221
Iter 11/250 - Loss: 1.3959
Iter 12/250 - Loss: 1.2637
Iter 13/250 - Loss: 1.1495
Iter 14/250 - Loss: 1.0416
Iter 15/250 - Loss: 0.9499
Iter 16/250 - Loss: 0.8461
Iter 17/250 - Loss: 0.7612
Iter 18/250 - Loss: 0.6958
Iter 19/250 - Loss: 0.6613
Iter 20/250 - Loss: 0.6059
Iter 21/250 - Loss: 0.5538
Iter 22/250 - Loss: 0.5068
Iter 23/250 - Loss: 0.4104
Iter 24/250 - Loss: 0.3480
Iter 25/250 - Loss: 0.2793
Iter 26/250 - Loss: 0.2321
Iter 27/250 - Loss: 0.1631
Iter 28/250 - Loss: 0.1149
Iter 29/250 - Loss: 0.0700
Iter 30/250 - Loss: 0.0154
Iter 31/250 - Loss: -0.0381
Iter 32/250 - Loss: -0.0908
Iter 33/250 - Loss: -0.1419
Iter 34/250 - Loss: -0.1957
Iter 35/250 - Loss: -0.2548
Iter 36/250 - Loss: -0.3086
Iter 37/250 - Loss: -0.3593
Iter 38/250 - Loss: -0.4151
Iter 39/250 - Loss: -0.4703
Iter 40/250 - Loss: -0.5231
Iter 41/250 - Loss: -0.5764
Iter 42/250 - Loss: -0.6283
Iter 43/250 - Loss: -0.6805
Iter 44/250 - Loss: -0.7340
Iter 45/250 - Loss: -0.7845
Iter 46/250 - Loss: -0.8344
Iter 47/250 - Loss: -0.8868
Iter 48/250 - Loss: -0.9376
Iter 49/250 - Loss: -0.9870
Iter 50/250 - Loss: -1.0382
Iter 51/250 - Loss: -1.0898
Iter 52/250 - Loss: -1.1407
Iter 53/250 - Loss: -1.1924
Iter 54/250 - Loss: -1.2445
Iter 55/250 - Loss: -1.2953
Iter 56/250 - Loss: -1.3464
Iter 57/250 - Loss: -1.3966
Iter 58/250 - Loss: -1.4447
Iter 59/250 - Loss: -1.4932
Iter 60/250 - Loss: -1.5391
Iter 61/250 - Loss: -1.5829
Iter 62/250 - Loss: -1.6252
Iter 63/250 - Loss: -1.6664
Iter 64/250 - Loss: -1.7099
Iter 65/250 - Loss: -1.7535
Iter 66/250 - Loss: -1.7987
Iter 67/250 - Loss: -1.8433
Iter 68/250 - Loss: -1.8887
Iter 69/250 - Loss: -1.9326
Iter 70/250 - Loss: -1.9747
Iter 71/250 - Loss: -2.0126
Iter 72/250 - Loss: -2.0482
Iter 73/250 - Loss: -2.0842
Iter 74/250 - Loss: -2.1216
Iter 75/250 - Loss: -2.1601
Iter 76/250 - Loss: -2.1978
Iter 77/250 - Loss: -2.2307
Iter 78/250 - Loss: -2.2593
Iter 79/250 - Loss: -2.2850
Iter 80/250 - Loss: -2.3030
Iter 81/250 - Loss: -2.3344
Iter 82/250 - Loss: -2.3773
Iter 83/250 - Loss: -2.3964
Iter 84/250 - Loss: -2.4229
Iter 85/250 - Loss: -2.4594
Iter 86/250 - Loss: -2.4746
Iter 87/250 - Loss: -2.4998
Iter 88/250 - Loss: -2.5223
Iter 89/250 - Loss: -2.5442
Iter 90/250 - Loss: -2.5627
Iter 91/250 - Loss: -2.5791
Iter 92/250 - Loss: -2.6012
Iter 93/250 - Loss: -2.6142
Iter 94/250 - Loss: -2.6320
Iter 95/250 - Loss: -2.6460
Iter 96/250 - Loss: -2.6611
Iter 97/250 - Loss: -2.6726
Iter 98/250 - Loss: -2.6864
Iter 99/250 - Loss: -2.6984
Iter 100/250 - Loss: -2.7088
Iter 101/250 - Loss: -2.7199
Iter 102/250 - Loss: -2.7287
Iter 103/250 - Loss: -2.7381
Iter 104/250 - Loss: -2.7430
Iter 105/250 - Loss: -2.7238
Iter 106/250 - Loss: -2.7156
Iter 107/250 - Loss: -2.7437
Iter 108/250 - Loss: -2.7591
Iter 109/250 - Loss: -2.7607
Iter 110/250 - Loss: -2.7672
Iter 111/250 - Loss: -2.7838
Iter 112/250 - Loss: -2.7799
Iter 113/250 - Loss: -2.7872
Iter 114/250 - Loss: -2.7998
Iter 115/250 - Loss: -2.7945
Iter 116/250 - Loss: -2.8091
Iter 117/250 - Loss: -2.8104
Iter 118/250 - Loss: -2.8117
Iter 119/250 - Loss: -2.8188
Iter 120/250 - Loss: -2.8229
Iter 121/250 - Loss: -2.8229
Iter 122/250 - Loss: -2.8324
Iter 123/250 - Loss: -2.8299
Iter 124/250 - Loss: -2.8361
Iter 125/250 - Loss: -2.8405
Iter 126/250 - Loss: -2.8393
Iter 127/250 - Loss: -2.8460
Iter 128/250 - Loss: -2.8454
Iter 129/250 - Loss: -2.8497
Iter 130/250 - Loss: -2.8527
Iter 131/250 - Loss: -2.8531
Iter 132/250 - Loss: -2.8569
Iter 133/250 - Loss: -2.8575
Iter 134/250 - Loss: -2.8611
Iter 135/250 - Loss: -2.8627
Iter 136/250 - Loss: -2.8646
Iter 137/250 - Loss: -2.8666
Iter 138/250 - Loss: -2.8672
Iter 139/250 - Loss: -2.8696
Iter 140/250 - Loss: -2.8702
Iter 141/250 - Loss: -2.8721
Iter 142/250 - Loss: -2.8729
Iter 143/250 - Loss: -2.8750
Iter 144/250 - Loss: -2.8766
Iter 145/250 - Loss: -2.8783
Iter 146/250 - Loss: -2.8794
Iter 147/250 - Loss: -2.8808
Iter 148/250 - Loss: -2.8800
Iter 149/250 - Loss: -2.8741
Iter 150/250 - Loss: -2.8524
Iter 151/250 - Loss: -2.8417
Iter 152/250 - Loss: -2.8773
Iter 153/250 - Loss: -2.8590
Iter 154/250 - Loss: -2.8770
Iter 155/250 - Loss: -2.8688
Iter 156/250 - Loss: -2.8781
Iter 157/250 - Loss: -2.8775
Iter 158/250 - Loss: -2.8747
Iter 159/250 - Loss: -2.8855
Iter 160/250 - Loss: -2.8794
Iter 161/250 - Loss: -2.8815
Iter 162/250 - Loss: -2.8846
Iter 163/250 - Loss: -2.8813
Iter 164/250 - Loss: -2.8837
Iter 165/250 - Loss: -2.8861
Iter 166/250 - Loss: -2.8883
Iter 167/250 - Loss: -2.8852
Iter 168/250 - Loss: -2.8903
Iter 169/250 - Loss: -2.8904
Iter 170/250 - Loss: -2.8917
Iter 171/250 - Loss: -2.8928
Iter 172/250 - Loss: -2.8963
Iter 173/250 - Loss: -2.8950
Iter 174/250 - Loss: -2.8977
Iter 175/250 - Loss: -2.8978
Iter 176/250 - Loss: -2.8983
Iter 177/250 - Loss: -2.8999
Iter 178/250 - Loss: -2.9003
Iter 179/250 - Loss: -2.9020
Iter 180/250 - Loss: -2.9014
Iter 181/250 - Loss: -2.9034
Iter 182/250 - Loss: -2.9032
Iter 183/250 - Loss: -2.9043
Iter 184/250 - Loss: -2.9049
Iter 185/250 - Loss: -2.9067
Iter 186/250 - Loss: -2.9066
Iter 187/250 - Loss: -2.9075
Iter 188/250 - Loss: -2.9082
Iter 189/250 - Loss: -2.9092
Iter 190/250 - Loss: -2.9096
Iter 191/250 - Loss: -2.9087
Iter 192/250 - Loss: -2.9031
Iter 193/250 - Loss: -2.8722
Iter 194/250 - Loss: -2.7981
Iter 195/250 - Loss: -2.7983
Iter 196/250 - Loss: -2.8413
Iter 197/250 - Loss: -2.8498
Iter 198/250 - Loss: -2.8636
Iter 199/250 - Loss: -2.8521
Iter 200/250 - Loss: -2.8581
Iter 201/250 - Loss: -2.8632
Iter 202/250 - Loss: -2.8709
Iter 203/250 - Loss: -2.8800
Iter 204/250 - Loss: -2.8694
Iter 205/250 - Loss: -2.8655
Iter 206/250 - Loss: -2.8625
Iter 207/250 - Loss: -2.8577
Iter 208/250 - Loss: -2.8749
Iter 209/250 - Loss: -2.8681
Iter 210/250 - Loss: -2.8819
Iter 211/250 - Loss: -2.8827
Iter 212/250 - Loss: -2.8856
Iter 213/250 - Loss: -2.8851
Iter 214/250 - Loss: -2.8850
Iter 215/250 - Loss: -2.8899
Iter 216/250 - Loss: -2.8874
Iter 217/250 - Loss: -2.8989
Iter 218/250 - Loss: -2.8969
Iter 219/250 - Loss: -2.9045
Iter 220/250 - Loss: -2.8991
Iter 221/250 - Loss: -2.9030
Iter 222/250 - Loss: -2.9041
Iter 223/250 - Loss: -2.9076
Iter 224/250 - Loss: -2.9071
Iter 225/250 - Loss: -2.9102
Iter 226/250 - Loss: -2.9112
Iter 227/250 - Loss: -2.9102
Iter 228/250 - Loss: -2.9134
Iter 229/250 - Loss: -2.9112
Iter 230/250 - Loss: -2.9149
Iter 231/250 - Loss: -2.9135
Iter 232/250 - Loss: -2.9165
Iter 233/250 - Loss: -2.9138
Iter 234/250 - Loss: -2.9171
Iter 235/250 - Loss: -2.9174
Iter 236/250 - Loss: -2.9161
Iter 237/250 - Loss: -2.9162
Iter 238/250 - Loss: -2.9167
Iter 239/250 - Loss: -2.9162
Iter 240/250 - Loss: -2.9096
Iter 241/250 - Loss: -2.9039
Iter 242/250 - Loss: -2.9070
Iter 243/250 - Loss: -2.9203
Iter 244/250 - Loss: -2.9128
Iter 245/250 - Loss: -2.9172
Iter 246/250 - Loss: -2.9192
Iter 247/250 - Loss: -2.9179
Iter 248/250 - Loss: -2.9203
Iter 249/250 - Loss: -2.9199
Iter 250/250 - Loss: -2.9204
now training with smaller learning rate
Iter 1/250 - Loss: -2.9222
Iter 2/250 - Loss: -2.9121
Iter 3/250 - Loss: -2.9228
Iter 4/250 - Loss: -2.9221
Iter 5/250 - Loss: -2.9190
Iter 6/250 - Loss: -2.9218
Iter 7/250 - Loss: -2.9253
Iter 8/250 - Loss: -2.9253
Iter 9/250 - Loss: -2.9238
Iter 10/250 - Loss: -2.9241
Iter 11/250 - Loss: -2.9263
Iter 12/250 - Loss: -2.9278
Iter 13/250 - Loss: -2.9273
Iter 14/250 - Loss: -2.9271
Iter 15/250 - Loss: -2.9281
Iter 16/250 - Loss: -2.9294
Iter 17/250 - Loss: -2.9299
Iter 18/250 - Loss: -2.9296
Iter 19/250 - Loss: -2.9304
Iter 20/250 - Loss: -2.9316
Iter 21/250 - Loss: -2.9321
Iter 22/250 - Loss: -2.9321
Iter 23/250 - Loss: -2.9327
Iter 24/250 - Loss: -2.9336
Iter 25/250 - Loss: -2.9337
Iter 26/250 - Loss: -2.9341
Iter 27/250 - Loss: -2.9348
Iter 28/250 - Loss: -2.9348
Iter 29/250 - Loss: -2.9353
Iter 30/250 - Loss: -2.9359
Iter 31/250 - Loss: -2.9361
Iter 32/250 - Loss: -2.9365
Iter 33/250 - Loss: -2.9370
Iter 34/250 - Loss: -2.9372
Iter 35/250 - Loss: -2.9378
Iter 36/250 - Loss: -2.9381
Iter 37/250 - Loss: -2.9385
Iter 38/250 - Loss: -2.9389
Iter 39/250 - Loss: -2.9394
Iter 40/250 - Loss: -2.9397
Iter 41/250 - Loss: -2.9399
Iter 42/250 - Loss: -2.9402
Iter 43/250 - Loss: -2.9405
Iter 44/250 - Loss: -2.9410
Iter 45/250 - Loss: -2.9412
Iter 46/250 - Loss: -2.9416
Iter 47/250 - Loss: -2.9419
Iter 48/250 - Loss: -2.9422
Iter 49/250 - Loss: -2.9425
Iter 50/250 - Loss: -2.9428
Iter 51/250 - Loss: -2.9432
Iter 52/250 - Loss: -2.9434
Iter 53/250 - Loss: -2.9437
Iter 54/250 - Loss: -2.9440
Iter 55/250 - Loss: -2.9443
Iter 56/250 - Loss: -2.9446
Iter 57/250 - Loss: -2.9448
Iter 58/250 - Loss: -2.9451
Iter 59/250 - Loss: -2.9454
Iter 60/250 - Loss: -2.9456
Iter 61/250 - Loss: -2.9457
Iter 62/250 - Loss: -2.9453
Iter 63/250 - Loss: -2.9440
Iter 64/250 - Loss: -2.9438
Iter 65/250 - Loss: -2.9464
Iter 66/250 - Loss: -2.9464
Iter 67/250 - Loss: -2.9457
Iter 68/250 - Loss: -2.9475
Iter 69/250 - Loss: -2.9467
Iter 70/250 - Loss: -2.9476
Iter 71/250 - Loss: -2.9477
Iter 72/250 - Loss: -2.9480
Iter 73/250 - Loss: -2.9486
Iter 74/250 - Loss: -2.9483
Iter 75/250 - Loss: -2.9493
Iter 76/250 - Loss: -2.9488
Iter 77/250 - Loss: -2.9495
Iter 78/250 - Loss: -2.9496
Iter 79/250 - Loss: -2.9499
Iter 80/250 - Loss: -2.9502
Iter 81/250 - Loss: -2.9505
Iter 82/250 - Loss: -2.9506
Iter 83/250 - Loss: -2.9511
Iter 84/250 - Loss: -2.9510
Iter 85/250 - Loss: -2.9514
Iter 86/250 - Loss: -2.9517
Iter 87/250 - Loss: -2.9517
Iter 88/250 - Loss: -2.9521
Iter 89/250 - Loss: -2.9523
Iter 90/250 - Loss: -2.9525
Iter 91/250 - Loss: -2.9526
Iter 92/250 - Loss: -2.9526
Iter 93/250 - Loss: -2.9528
Iter 94/250 - Loss: -2.9530
Iter 95/250 - Loss: -2.9529
Iter 96/250 - Loss: -2.9523
Iter 97/250 - Loss: -2.9508
Iter 98/250 - Loss: -2.9513
Iter 99/250 - Loss: -2.9541
Iter 100/250 - Loss: -2.9535
Iter 101/250 - Loss: -2.9534
Iter 102/250 - Loss: -2.9542
Iter 103/250 - Loss: -2.9546
Iter 104/250 - Loss: -2.9544
Iter 105/250 - Loss: -2.9549
Iter 106/250 - Loss: -2.9554
Iter 107/250 - Loss: -2.9549
Iter 108/250 - Loss: -2.9560
Iter 109/250 - Loss: -2.9555
Iter 110/250 - Loss: -2.9562
Iter 111/250 - Loss: -2.9563
Iter 112/250 - Loss: -2.9564
Iter 113/250 - Loss: -2.9568
Iter 114/250 - Loss: -2.9569
Iter 115/250 - Loss: -2.9572
Iter 116/250 - Loss: -2.9571
Iter 117/250 - Loss: -2.9576
Iter 118/250 - Loss: -2.9579
Iter 119/250 - Loss: -2.9578
Iter 120/250 - Loss: -2.9581
Iter 121/250 - Loss: -2.9583
Iter 122/250 - Loss: -2.9583
Iter 123/250 - Loss: -2.9585
Iter 124/250 - Loss: -2.9588
Iter 125/250 - Loss: -2.9588
Iter 126/250 - Loss: -2.9585
Iter 127/250 - Loss: -2.9581
Iter 128/250 - Loss: -2.9569
Iter 129/250 - Loss: -2.9555
Iter 130/250 - Loss: -2.9568
Iter 131/250 - Loss: -2.9592
Iter 132/250 - Loss: -2.9592
Iter 133/250 - Loss: -2.9583
Iter 134/250 - Loss: -2.9596
Iter 135/250 - Loss: -2.9601
Iter 136/250 - Loss: -2.9591
Iter 137/250 - Loss: -2.9607
Iter 138/250 - Loss: -2.9598
Iter 139/250 - Loss: -2.9606
Iter 140/250 - Loss: -2.9607
Iter 141/250 - Loss: -2.9607
Iter 142/250 - Loss: -2.9613
Iter 143/250 - Loss: -2.9612
Iter 144/250 - Loss: -2.9614
Iter 145/250 - Loss: -2.9620
Iter 146/250 - Loss: -2.9616
Iter 147/250 - Loss: -2.9621
Iter 148/250 - Loss: -2.9624
Iter 149/250 - Loss: -2.9622
Iter 150/250 - Loss: -2.9625
Iter 151/250 - Loss: -2.9628
Iter 152/250 - Loss: -2.9629
Iter 153/250 - Loss: -2.9627
Iter 154/250 - Loss: -2.9625
Iter 155/250 - Loss: -2.9619
Iter 156/250 - Loss: -2.9597
Iter 157/250 - Loss: -2.9564
Iter 158/250 - Loss: -2.9560
Iter 159/250 - Loss: -2.9599
Iter 160/250 - Loss: -2.9622
Iter 161/250 - Loss: -2.9605
Iter 162/250 - Loss: -2.9622
Iter 163/250 - Loss: -2.9619
Iter 164/250 - Loss: -2.9624
Iter 165/250 - Loss: -2.9627
Iter 166/250 - Loss: -2.9628
Iter 167/250 - Loss: -2.9630
Iter 168/250 - Loss: -2.9634
Iter 169/250 - Loss: -2.9633
Iter 170/250 - Loss: -2.9639
Iter 171/250 - Loss: -2.9635
Iter 172/250 - Loss: -2.9644
Iter 173/250 - Loss: -2.9639
Iter 174/250 - Loss: -2.9648
Iter 175/250 - Loss: -2.9643
Iter 176/250 - Loss: -2.9652
Iter 177/250 - Loss: -2.9646
Iter 178/250 - Loss: -2.9655
Iter 179/250 - Loss: -2.9650
Iter 180/250 - Loss: -2.9658
Iter 181/250 - Loss: -2.9653
Iter 182/250 - Loss: -2.9659
Iter 183/250 - Loss: -2.9658
Iter 184/250 - Loss: -2.9661
Iter 185/250 - Loss: -2.9662
Iter 186/250 - Loss: -2.9663
Iter 187/250 - Loss: -2.9665
Iter 188/250 - Loss: -2.9667
Iter 189/250 - Loss: -2.9667
Iter 190/250 - Loss: -2.9670
Iter 191/250 - Loss: -2.9671
Iter 192/250 - Loss: -2.9672
Iter 193/250 - Loss: -2.9673
Iter 194/250 - Loss: -2.9674
Iter 195/250 - Loss: -2.9677
Iter 196/250 - Loss: -2.9678
Iter 197/250 - Loss: -2.9677
Iter 198/250 - Loss: -2.9678
Iter 199/250 - Loss: -2.9680
Iter 200/250 - Loss: -2.9681
Iter 201/250 - Loss: -2.9681
Iter 202/250 - Loss: -2.9678
Iter 203/250 - Loss: -2.9665
Iter 204/250 - Loss: -2.9617
Iter 205/250 - Loss: -2.9494
Iter 206/250 - Loss: -2.9426
Iter 207/250 - Loss: -2.9641
Iter 208/250 - Loss: -2.9586
Iter 209/250 - Loss: -2.9622
Iter 210/250 - Loss: -2.9616
Iter 211/250 - Loss: -2.9657
Iter 212/250 - Loss: -2.9616
Iter 213/250 - Loss: -2.9661
Iter 214/250 - Loss: -2.9642
Iter 215/250 - Loss: -2.9642
Iter 216/250 - Loss: -2.9665
Iter 217/250 - Loss: -2.9650
Iter 218/250 - Loss: -2.9657
Iter 219/250 - Loss: -2.9670
Iter 220/250 - Loss: -2.9661
Iter 221/250 - Loss: -2.9667
Iter 222/250 - Loss: -2.9677
Iter 223/250 - Loss: -2.9670
Iter 224/250 - Loss: -2.9675
Iter 225/250 - Loss: -2.9682
Iter 226/250 - Loss: -2.9677
Iter 227/250 - Loss: -2.9681
Iter 228/250 - Loss: -2.9686
Iter 229/250 - Loss: -2.9682
Iter 230/250 - Loss: -2.9686
Iter 231/250 - Loss: -2.9689
Iter 232/250 - Loss: -2.9686
Iter 233/250 - Loss: -2.9691
Iter 234/250 - Loss: -2.9692
Iter 235/250 - Loss: -2.9691
Iter 236/250 - Loss: -2.9696
Iter 237/250 - Loss: -2.9695
Iter 238/250 - Loss: -2.9697
Iter 239/250 - Loss: -2.9700
Iter 240/250 - Loss: -2.9699
Iter 241/250 - Loss: -2.9702
Iter 242/250 - Loss: -2.9702
Iter 243/250 - Loss: -2.9703
Iter 244/250 - Loss: -2.9705
Iter 245/250 - Loss: -2.9705
Iter 246/250 - Loss: -2.9708
Iter 247/250 - Loss: -2.9707
Iter 248/250 - Loss: -2.9709
Iter 249/250 - Loss: -2.9710
Iter 250/250 - Loss: -2.9711
