prev {'d': 0.42072422358207556, 'e': 0.9960783213867492, 'f': 2.301591176950904, 'g': 1.24738597737806}
Starting ML Fit
Box_n50_32_1400
       message: Optimization terminated successfully.
       success: True
        status: 0
           fun: 2515.5930298442586
             x: [ 4.023e-01  9.777e-01  2.302e+00  1.247e+00]
           nit: 121
          nfev: 208
 final_simplex: (array([[ 4.023e-01,  9.777e-01,  2.302e+00,  1.247e+00],
                       [ 4.023e-01,  9.777e-01,  2.302e+00,  1.247e+00],
                       ...,
                       [ 4.023e-01,  9.776e-01,  2.302e+00,  1.247e+00],
                       [ 4.023e-01,  9.777e-01,  2.302e+00,  1.247e+00]]), array([ 2.516e+03,  2.516e+03,  2.516e+03,  2.516e+03,
                        2.516e+03]))
   param_names: ['d', 'e', 'f', 'g']
[0.40231854 0.97765935 2.30171597 1.24661816]
{'d': 0.4023185382561464, 'e': 0.9776593531350677, 'f': 2.3017159748995653, 'g': 1.2466181598743833}
Previous:  {'d': 0.42072422358207556, 'e': 0.9960783213867492, 'f': 2.301591176950904, 'g': 1.24738597737806}
