prev {'d': 0.4650162049878962, 'e': 1.2968542950271973, 'f': 2.341054725141703, 'g': 1.2812232755320698}
Starting ML Fit
Box_n50_19_1400
       message: Optimization terminated successfully.
       success: True
        status: 0
           fun: 6967.723319061073
             x: [ 4.467e-01  1.301e+00  2.341e+00  1.276e+00]
           nit: 93
          nfev: 167
 final_simplex: (array([[ 4.467e-01,  1.301e+00,  2.341e+00,  1.276e+00],
                       [ 4.467e-01,  1.301e+00,  2.341e+00,  1.276e+00],
                       ...,
                       [ 4.467e-01,  1.301e+00,  2.341e+00,  1.276e+00],
                       [ 4.467e-01,  1.301e+00,  2.341e+00,  1.276e+00]]), array([ 6.968e+03,  6.968e+03,  6.968e+03,  6.968e+03,
                        6.968e+03]))
   param_names: ['d', 'e', 'f', 'g']
[0.44674128 1.30055277 2.34075749 1.27624253]
{'d': 0.44674128089501086, 'e': 1.300552767268068, 'f': 2.3407574857988256, 'g': 1.2762425265561723}
Previous:  {'d': 0.4650162049878962, 'e': 1.2968542950271973, 'f': 2.341054725141703, 'g': 1.2812232755320698}
