prev {'d': 0.4009251240523669, 'e': 1.2682410602349732, 'f': 2.3293593104244765, 'g': 1.2099859012708096}
Starting ML Fit
Box54_1400
       message: Optimization terminated successfully.
       success: True
        status: 0
           fun: 3029.622475160597
             x: [ 3.980e-01  1.265e+00  2.331e+00  1.212e+00]
           nit: 81
          nfev: 147
 final_simplex: (array([[ 3.980e-01,  1.265e+00,  2.331e+00,  1.212e+00],
                       [ 3.980e-01,  1.265e+00,  2.331e+00,  1.212e+00],
                       ...,
                       [ 3.980e-01,  1.265e+00,  2.331e+00,  1.212e+00],
                       [ 3.980e-01,  1.265e+00,  2.331e+00,  1.212e+00]]), array([ 3.030e+03,  3.030e+03,  3.030e+03,  3.030e+03,
                        3.030e+03]))
   param_names: ['d', 'e', 'f', 'g']
[0.39801029 1.26498124 2.33105449 1.21234768]
{'d': 0.39801028932983956, 'e': 1.2649812360331933, 'f': 2.3310544852734703, 'g': 1.2123476771619153}
Previous:  {'d': 0.4009251240523669, 'e': 1.2682410602349732, 'f': 2.3293593104244765, 'g': 1.2099859012708096}
