prev {'d': 0.4445784426980728, 'e': 0.9537170574820095, 'f': 2.3593463978238454, 'g': 1.28502063214246}
Starting ML Fit
Box_n50_8_1400
       message: Optimization terminated successfully.
       success: True
        status: 0
           fun: 3777.5427052728246
             x: [ 4.385e-01  9.421e-01  2.361e+00  1.283e+00]
           nit: 73
          nfev: 137
 final_simplex: (array([[ 4.385e-01,  9.421e-01,  2.361e+00,  1.283e+00],
                       [ 4.385e-01,  9.422e-01,  2.361e+00,  1.283e+00],
                       ...,
                       [ 4.385e-01,  9.421e-01,  2.361e+00,  1.283e+00],
                       [ 4.385e-01,  9.421e-01,  2.361e+00,  1.283e+00]]), array([ 3.778e+03,  3.778e+03,  3.778e+03,  3.778e+03,
                        3.778e+03]))
   param_names: ['d', 'e', 'f', 'g']
[0.43852623 0.94209646 2.36072199 1.28290285]
{'d': 0.4385262293725911, 'e': 0.9420964631792107, 'f': 2.3607219884641792, 'g': 1.2829028494510866}
Previous:  {'d': 0.4445784426980728, 'e': 0.9537170574820095, 'f': 2.3593463978238454, 'g': 1.28502063214246}
