prev {'d': 0.44895024068117945, 'e': 0.7290711101105986, 'f': 2.3607998666716723, 'g': 1.3418880193098595}
Starting ML Fit
Box94_1400
       message: Optimization terminated successfully.
       success: True
        status: 0
           fun: 3579.971583825219
             x: [ 4.431e-01  7.268e-01  2.362e+00  1.336e+00]
           nit: 90
          nfev: 160
 final_simplex: (array([[ 4.431e-01,  7.268e-01,  2.362e+00,  1.336e+00],
                       [ 4.431e-01,  7.268e-01,  2.362e+00,  1.336e+00],
                       ...,
                       [ 4.431e-01,  7.268e-01,  2.362e+00,  1.336e+00],
                       [ 4.431e-01,  7.268e-01,  2.362e+00,  1.336e+00]]), array([ 3.580e+03,  3.580e+03,  3.580e+03,  3.580e+03,
                        3.580e+03]))
   param_names: ['d', 'e', 'f', 'g']
[0.4431284  0.7268362  2.36150763 1.33624143]
{'d': 0.4431284024523694, 'e': 0.7268362010970262, 'f': 2.3615076281988117, 'g': 1.3362414291858216}
Previous:  {'d': 0.44895024068117945, 'e': 0.7290711101105986, 'f': 2.3607998666716723, 'g': 1.3418880193098595}
