Leaving out Box39_1400
alist [1.0, 0.953321, 0.866399, 0.787402, 0.715608, 0.65036, 0.620002, 0.591061, 0.563471, 0.537169, 0.512095, 0.488191, 0.403224, 0.366459]
Iter 1/250 - Loss: 10.7640
Iter 2/250 - Loss: 10.0224
Iter 3/250 - Loss: 8.6956
Iter 4/250 - Loss: 7.9059
Iter 5/250 - Loss: 6.8948
Iter 6/250 - Loss: 6.0359
Iter 7/250 - Loss: 5.1058
Iter 8/250 - Loss: 4.3315
Iter 9/250 - Loss: 3.6361
Iter 10/250 - Loss: 3.0421
Iter 11/250 - Loss: 2.5393
Iter 12/250 - Loss: 2.1467
Iter 13/250 - Loss: 1.8385
Iter 14/250 - Loss: 1.5901
Iter 15/250 - Loss: 1.3801
Iter 16/250 - Loss: 1.1933
Iter 17/250 - Loss: 1.0193
Iter 18/250 - Loss: 0.8882
Iter 19/250 - Loss: 0.8003
Iter 20/250 - Loss: 0.6895
Iter 21/250 - Loss: 0.5551
Iter 22/250 - Loss: 0.5167
Iter 23/250 - Loss: 0.5321
Iter 24/250 - Loss: 0.3934
Iter 25/250 - Loss: 0.3682
Iter 26/250 - Loss: 0.3491
Iter 27/250 - Loss: 0.2680
Iter 28/250 - Loss: 0.1471
Iter 29/250 - Loss: 0.0902
Iter 30/250 - Loss: 0.0208
Iter 31/250 - Loss: -0.0417
Iter 32/250 - Loss: -0.1309
Iter 33/250 - Loss: -0.2014
Iter 34/250 - Loss: -0.2600
Iter 35/250 - Loss: -0.3184
Iter 36/250 - Loss: -0.3763
Iter 37/250 - Loss: -0.4288
Iter 38/250 - Loss: -0.4827
Iter 39/250 - Loss: -0.5389
Iter 40/250 - Loss: -0.5964
Iter 41/250 - Loss: -0.6540
Iter 42/250 - Loss: -0.7103
Iter 43/250 - Loss: -0.7670
Iter 44/250 - Loss: -0.8243
Iter 45/250 - Loss: -0.8808
Iter 46/250 - Loss: -0.9360
Iter 47/250 - Loss: -0.9891
Iter 48/250 - Loss: -1.0411
Iter 49/250 - Loss: -1.0926
Iter 50/250 - Loss: -1.1423
Iter 51/250 - Loss: -1.1904
Iter 52/250 - Loss: -1.2364
Iter 53/250 - Loss: -1.2822
Iter 54/250 - Loss: -1.3278
Iter 55/250 - Loss: -1.3733
Iter 56/250 - Loss: -1.4184
Iter 57/250 - Loss: -1.4648
Iter 58/250 - Loss: -1.5121
Iter 59/250 - Loss: -1.5604
Iter 60/250 - Loss: -1.6087
Iter 61/250 - Loss: -1.6569
Iter 62/250 - Loss: -1.7046
Iter 63/250 - Loss: -1.7511
Iter 64/250 - Loss: -1.7961
Iter 65/250 - Loss: -1.8394
Iter 66/250 - Loss: -1.8814
Iter 67/250 - Loss: -1.9224
Iter 68/250 - Loss: -1.9627
Iter 69/250 - Loss: -2.0022
Iter 70/250 - Loss: -2.0410
Iter 71/250 - Loss: -2.0792
Iter 72/250 - Loss: -2.1164
Iter 73/250 - Loss: -2.1528
Iter 74/250 - Loss: -2.1878
Iter 75/250 - Loss: -2.2218
Iter 76/250 - Loss: -2.2546
Iter 77/250 - Loss: -2.2863
Iter 78/250 - Loss: -2.3167
Iter 79/250 - Loss: -2.3459
Iter 80/250 - Loss: -2.3739
Iter 81/250 - Loss: -2.4004
Iter 82/250 - Loss: -2.4252
Iter 83/250 - Loss: -2.4458
Iter 84/250 - Loss: -2.4515
Iter 85/250 - Loss: -2.4335
Iter 86/250 - Loss: -2.4529
Iter 87/250 - Loss: -2.5100
Iter 88/250 - Loss: -2.5250
Iter 89/250 - Loss: -2.5534
Iter 90/250 - Loss: -2.5680
Iter 91/250 - Loss: -2.5887
Iter 92/250 - Loss: -2.6006
Iter 93/250 - Loss: -2.6190
Iter 94/250 - Loss: -2.6303
Iter 95/250 - Loss: -2.6432
Iter 96/250 - Loss: -2.6604
Iter 97/250 - Loss: -2.6679
Iter 98/250 - Loss: -2.6800
Iter 99/250 - Loss: -2.6964
Iter 100/250 - Loss: -2.7014
Iter 101/250 - Loss: -2.7116
Iter 102/250 - Loss: -2.7267
Iter 103/250 - Loss: -2.7295
Iter 104/250 - Loss: -2.7396
Iter 105/250 - Loss: -2.7506
Iter 106/250 - Loss: -2.7537
Iter 107/250 - Loss: -2.7638
Iter 108/250 - Loss: -2.7695
Iter 109/250 - Loss: -2.7770
Iter 110/250 - Loss: -2.7826
Iter 111/250 - Loss: -2.7891
Iter 112/250 - Loss: -2.7954
Iter 113/250 - Loss: -2.7986
Iter 114/250 - Loss: -2.8063
Iter 115/250 - Loss: -2.8088
Iter 116/250 - Loss: -2.8144
Iter 117/250 - Loss: -2.8180
Iter 118/250 - Loss: -2.8228
Iter 119/250 - Loss: -2.8253
Iter 120/250 - Loss: -2.8305
Iter 121/250 - Loss: -2.8329
Iter 122/250 - Loss: -2.8364
Iter 123/250 - Loss: -2.8405
Iter 124/250 - Loss: -2.8421
Iter 125/250 - Loss: -2.8458
Iter 126/250 - Loss: -2.8488
Iter 127/250 - Loss: -2.8505
Iter 128/250 - Loss: -2.8489
Iter 129/250 - Loss: -2.8012
Iter 130/250 - Loss: -2.4500
Iter 131/250 - Loss: -2.7667
Iter 132/250 - Loss: -2.6177
Iter 133/250 - Loss: -2.7689
Iter 134/250 - Loss: -2.7934
Iter 135/250 - Loss: -2.7629
Iter 136/250 - Loss: -2.7318
Iter 137/250 - Loss: -2.7180
Iter 138/250 - Loss: -2.7187
Iter 139/250 - Loss: -2.7262
Iter 140/250 - Loss: -2.7420
Iter 141/250 - Loss: -2.7604
Iter 142/250 - Loss: -2.7810
Iter 143/250 - Loss: -2.8002
Iter 144/250 - Loss: -2.8166
Iter 145/250 - Loss: -2.8285
Iter 146/250 - Loss: -2.8314
Iter 147/250 - Loss: -2.8335
Iter 148/250 - Loss: -2.8280
Iter 149/250 - Loss: -2.8246
Iter 150/250 - Loss: -2.8188
Iter 151/250 - Loss: -2.8212
Iter 152/250 - Loss: -2.8259
Iter 153/250 - Loss: -2.8314
Iter 154/250 - Loss: -2.8365
Iter 155/250 - Loss: -2.8417
Iter 156/250 - Loss: -2.8478
Iter 157/250 - Loss: -2.8476
Iter 158/250 - Loss: -2.8479
Iter 159/250 - Loss: -2.8471
Iter 160/250 - Loss: -2.8474
Iter 161/250 - Loss: -2.8484
Iter 162/250 - Loss: -2.8501
Iter 163/250 - Loss: -2.8532
Iter 164/250 - Loss: -2.8565
Iter 165/250 - Loss: -2.8590
Iter 166/250 - Loss: -2.8621
Iter 167/250 - Loss: -2.8635
Iter 168/250 - Loss: -2.8652
Iter 169/250 - Loss: -2.8664
Iter 170/250 - Loss: -2.8676
Iter 171/250 - Loss: -2.8693
Iter 172/250 - Loss: -2.8713
Iter 173/250 - Loss: -2.8730
Iter 174/250 - Loss: -2.8743
Iter 175/250 - Loss: -2.8749
Iter 176/250 - Loss: -2.8761
Iter 177/250 - Loss: -2.8780
Iter 178/250 - Loss: -2.8798
Iter 179/250 - Loss: -2.8813
Iter 180/250 - Loss: -2.8817
Iter 181/250 - Loss: -2.8825
Iter 182/250 - Loss: -2.8831
Iter 183/250 - Loss: -2.8830
Iter 184/250 - Loss: -2.8788
Iter 185/250 - Loss: -2.8578
Iter 186/250 - Loss: -2.8106
Iter 187/250 - Loss: -2.8396
Iter 188/250 - Loss: -2.8795
Iter 189/250 - Loss: -2.8536
Iter 190/250 - Loss: -2.8757
Iter 191/250 - Loss: -2.8725
Iter 192/250 - Loss: -2.8671
Iter 193/250 - Loss: -2.8847
Iter 194/250 - Loss: -2.8752
Iter 195/250 - Loss: -2.8802
Iter 196/250 - Loss: -2.8904
Iter 197/250 - Loss: -2.8828
Iter 198/250 - Loss: -2.8878
Iter 199/250 - Loss: -2.8923
Iter 200/250 - Loss: -2.8854
Iter 201/250 - Loss: -2.8907
Iter 202/250 - Loss: -2.8920
Iter 203/250 - Loss: -2.8883
Iter 204/250 - Loss: -2.8936
Iter 205/250 - Loss: -2.8941
Iter 206/250 - Loss: -2.8924
Iter 207/250 - Loss: -2.8963
Iter 208/250 - Loss: -2.8964
Iter 209/250 - Loss: -2.8949
Iter 210/250 - Loss: -2.8973
Iter 211/250 - Loss: -2.8983
Iter 212/250 - Loss: -2.8974
Iter 213/250 - Loss: -2.8997
Iter 214/250 - Loss: -2.9008
Iter 215/250 - Loss: -2.9005
Iter 216/250 - Loss: -2.9029
Iter 217/250 - Loss: -2.9031
Iter 218/250 - Loss: -2.9037
Iter 219/250 - Loss: -2.9054
Iter 220/250 - Loss: -2.9049
Iter 221/250 - Loss: -2.9069
Iter 222/250 - Loss: -2.9064
Iter 223/250 - Loss: -2.9080
Iter 224/250 - Loss: -2.9081
Iter 225/250 - Loss: -2.9095
Iter 226/250 - Loss: -2.9092
Iter 227/250 - Loss: -2.9107
Iter 228/250 - Loss: -2.9105
Iter 229/250 - Loss: -2.9115
Iter 230/250 - Loss: -2.9118
Iter 231/250 - Loss: -2.9123
Iter 232/250 - Loss: -2.9131
Iter 233/250 - Loss: -2.9132
Iter 234/250 - Loss: -2.9138
Iter 235/250 - Loss: -2.9148
Iter 236/250 - Loss: -2.9150
Iter 237/250 - Loss: -2.9150
Iter 238/250 - Loss: -2.9152
Iter 239/250 - Loss: -2.9156
Iter 240/250 - Loss: -2.9155
Iter 241/250 - Loss: -2.9142
Iter 242/250 - Loss: -2.9090
Iter 243/250 - Loss: -2.8883
Iter 244/250 - Loss: -2.8203
Iter 245/250 - Loss: -2.7238
Iter 246/250 - Loss: -2.8135
Iter 247/250 - Loss: -2.8559
Iter 248/250 - Loss: -2.8468
Iter 249/250 - Loss: -2.8390
Iter 250/250 - Loss: -2.8491
now training with smaller learning rate
Iter 1/250 - Loss: -2.8452
Iter 2/250 - Loss: -2.8666
Iter 3/250 - Loss: -2.8780
Iter 4/250 - Loss: -2.8849
Iter 5/250 - Loss: -2.8917
Iter 6/250 - Loss: -2.8977
Iter 7/250 - Loss: -2.9016
Iter 8/250 - Loss: -2.9062
Iter 9/250 - Loss: -2.9110
Iter 10/250 - Loss: -2.9128
Iter 11/250 - Loss: -2.9105
Iter 12/250 - Loss: -2.9083
Iter 13/250 - Loss: -2.9093
Iter 14/250 - Loss: -2.9107
Iter 15/250 - Loss: -2.9103
Iter 16/250 - Loss: -2.9098
Iter 17/250 - Loss: -2.9108
Iter 18/250 - Loss: -2.9117
Iter 19/250 - Loss: -2.9126
Iter 20/250 - Loss: -2.9144
Iter 21/250 - Loss: -2.9166
Iter 22/250 - Loss: -2.9176
Iter 23/250 - Loss: -2.9176
Iter 24/250 - Loss: -2.9180
Iter 25/250 - Loss: -2.9189
Iter 26/250 - Loss: -2.9199
Iter 27/250 - Loss: -2.9201
Iter 28/250 - Loss: -2.9200
Iter 29/250 - Loss: -2.9203
Iter 30/250 - Loss: -2.9205
Iter 31/250 - Loss: -2.9209
Iter 32/250 - Loss: -2.9214
Iter 33/250 - Loss: -2.9222
Iter 34/250 - Loss: -2.9228
Iter 35/250 - Loss: -2.9231
Iter 36/250 - Loss: -2.9236
Iter 37/250 - Loss: -2.9243
Iter 38/250 - Loss: -2.9251
Iter 39/250 - Loss: -2.9254
Iter 40/250 - Loss: -2.9260
Iter 41/250 - Loss: -2.9263
Iter 42/250 - Loss: -2.9267
Iter 43/250 - Loss: -2.9270
Iter 44/250 - Loss: -2.9274
Iter 45/250 - Loss: -2.9277
Iter 46/250 - Loss: -2.9280
Iter 47/250 - Loss: -2.9283
Iter 48/250 - Loss: -2.9288
Iter 49/250 - Loss: -2.9292
Iter 50/250 - Loss: -2.9295
Iter 51/250 - Loss: -2.9300
Iter 52/250 - Loss: -2.9305
Iter 53/250 - Loss: -2.9308
Iter 54/250 - Loss: -2.9309
Iter 55/250 - Loss: -2.9313
Iter 56/250 - Loss: -2.9317
Iter 57/250 - Loss: -2.9321
Iter 58/250 - Loss: -2.9324
Iter 59/250 - Loss: -2.9325
Iter 60/250 - Loss: -2.9329
Iter 61/250 - Loss: -2.9332
Iter 62/250 - Loss: -2.9335
Iter 63/250 - Loss: -2.9337
Iter 64/250 - Loss: -2.9341
Iter 65/250 - Loss: -2.9344
Iter 66/250 - Loss: -2.9346
Iter 67/250 - Loss: -2.9349
Iter 68/250 - Loss: -2.9351
Iter 69/250 - Loss: -2.9355
Iter 70/250 - Loss: -2.9357
Iter 71/250 - Loss: -2.9361
Iter 72/250 - Loss: -2.9363
Iter 73/250 - Loss: -2.9365
Iter 74/250 - Loss: -2.9369
Iter 75/250 - Loss: -2.9371
Iter 76/250 - Loss: -2.9373
Iter 77/250 - Loss: -2.9375
Iter 78/250 - Loss: -2.9378
Iter 79/250 - Loss: -2.9382
Iter 80/250 - Loss: -2.9384
Iter 81/250 - Loss: -2.9386
Iter 82/250 - Loss: -2.9388
Iter 83/250 - Loss: -2.9390
Iter 84/250 - Loss: -2.9393
Iter 85/250 - Loss: -2.9396
Iter 86/250 - Loss: -2.9397
Iter 87/250 - Loss: -2.9399
