prev {'d': 0.5130532657640521, 'e': 0.9536873213216409, 'f': 2.330655302135482, 'g': 1.305425782979015}
Starting ML Fit
Box53_1400
       message: Optimization terminated successfully.
       success: True
        status: 0
           fun: 5817.659317994612
             x: [ 4.956e-01  9.422e-01  2.330e+00  1.309e+00]
           nit: 100
          nfev: 178
 final_simplex: (array([[ 4.956e-01,  9.422e-01,  2.330e+00,  1.309e+00],
                       [ 4.956e-01,  9.422e-01,  2.330e+00,  1.309e+00],
                       ...,
                       [ 4.956e-01,  9.422e-01,  2.330e+00,  1.309e+00],
                       [ 4.956e-01,  9.422e-01,  2.330e+00,  1.309e+00]]), array([ 5.818e+03,  5.818e+03,  5.818e+03,  5.818e+03,
                        5.818e+03]))
   param_names: ['d', 'e', 'f', 'g']
[0.49555321 0.94219105 2.33043167 1.30928424]
{'d': 0.4955532076716158, 'e': 0.9421910521732689, 'f': 2.330431670761649, 'g': 1.309284238570413}
Previous:  {'d': 0.5130532657640521, 'e': 0.9536873213216409, 'f': 2.330655302135482, 'g': 1.305425782979015}
