prev {'d': 0.4636748606020137, 'e': 1.2630428093442705, 'f': 2.2989903835637597, 'g': 1.2666291780044272}
Starting ML Fit
Box72_1400
       message: Optimization terminated successfully.
       success: True
        status: 0
           fun: 12220.51036772761
             x: [ 4.580e-01  1.269e+00  2.298e+00  1.265e+00]
           nit: 71
          nfev: 129
 final_simplex: (array([[ 4.580e-01,  1.269e+00,  2.298e+00,  1.265e+00],
                       [ 4.580e-01,  1.269e+00,  2.298e+00,  1.265e+00],
                       ...,
                       [ 4.580e-01,  1.269e+00,  2.298e+00,  1.265e+00],
                       [ 4.580e-01,  1.269e+00,  2.298e+00,  1.265e+00]]), array([ 1.222e+04,  1.222e+04,  1.222e+04,  1.222e+04,
                        1.222e+04]))
   param_names: ['d', 'e', 'f', 'g']
[0.45801239 1.26876868 2.29778221 1.26548411]
{'d': 0.45801238522871945, 'e': 1.2687686798414015, 'f': 2.297782206884378, 'g': 1.2654841090920073}
Previous:  {'d': 0.4636748606020137, 'e': 1.2630428093442705, 'f': 2.2989903835637597, 'g': 1.2666291780044272}
