prev {'d': 0.5390617249921713, 'e': 1.0621060192279894, 'f': 2.3380281495162487, 'g': 1.2715114373510397}
Starting ML Fit
Box79_1400
       message: Optimization terminated successfully.
       success: True
        status: 0
           fun: 11157.485088377223
             x: [ 5.298e-01  1.018e+00  2.340e+00  1.276e+00]
           nit: 89
          nfev: 160
 final_simplex: (array([[ 5.298e-01,  1.018e+00,  2.340e+00,  1.276e+00],
                       [ 5.298e-01,  1.018e+00,  2.339e+00,  1.276e+00],
                       ...,
                       [ 5.298e-01,  1.018e+00,  2.339e+00,  1.276e+00],
                       [ 5.298e-01,  1.018e+00,  2.339e+00,  1.276e+00]]), array([ 1.116e+04,  1.116e+04,  1.116e+04,  1.116e+04,
                        1.116e+04]))
   param_names: ['d', 'e', 'f', 'g']
[0.52982805 1.0179021  2.33950173 1.27560125]
{'d': 0.529828049211081, 'e': 1.017902102208204, 'f': 2.339501730785412, 'g': 1.2756012531573369}
Previous:  {'d': 0.5390617249921713, 'e': 1.0621060192279894, 'f': 2.3380281495162487, 'g': 1.2715114373510397}
