prev {'d': 0.37206312343831904, 'e': 0.38215043919882047, 'f': 2.7723541428544336, 'g': 1.5165118209071675}
Starting ML Fit
Box5_1400
       message: Optimization terminated successfully.
       success: True
        status: 0
           fun: 24004.98924682001
             x: [ 3.214e-01  8.215e-02  2.615e+00  1.560e+00]
           nit: 184
          nfev: 306
 final_simplex: (array([[ 3.214e-01,  8.215e-02,  2.615e+00,  1.560e+00],
                       [ 3.214e-01,  8.215e-02,  2.615e+00,  1.560e+00],
                       ...,
                       [ 3.214e-01,  8.215e-02,  2.615e+00,  1.560e+00],
                       [ 3.214e-01,  8.215e-02,  2.615e+00,  1.560e+00]]), array([ 2.400e+04,  2.400e+04,  2.400e+04,  2.400e+04,
                        2.400e+04]))
   param_names: ['d', 'e', 'f', 'g']
[0.32136348 0.08215053 2.61512309 1.56036531]
{'d': 0.3213634826110745, 'e': 0.08215052726414024, 'f': 2.6151230909252328, 'g': 1.5603653111509475}
Previous:  {'d': 0.37206312343831904, 'e': 0.38215043919882047, 'f': 2.7723541428544336, 'g': 1.5165118209071675}
