prev {'d': 0.483718852670161, 'e': 0.9067061454154386, 'f': 2.3281826380795745, 'g': 1.2783426794900943}
Starting ML Fit
Box_n50_7_1400
       message: Optimization terminated successfully.
       success: True
        status: 0
           fun: 7736.691660056776
             x: [ 4.690e-01  8.687e-01  2.330e+00  1.278e+00]
           nit: 94
          nfev: 164
 final_simplex: (array([[ 4.690e-01,  8.687e-01,  2.330e+00,  1.278e+00],
                       [ 4.690e-01,  8.687e-01,  2.330e+00,  1.278e+00],
                       ...,
                       [ 4.690e-01,  8.686e-01,  2.330e+00,  1.278e+00],
                       [ 4.690e-01,  8.686e-01,  2.330e+00,  1.278e+00]]), array([ 7.737e+03,  7.737e+03,  7.737e+03,  7.737e+03,
                        7.737e+03]))
   param_names: ['d', 'e', 'f', 'g']
[0.46903893 0.86866506 2.32957964 1.27840889]
{'d': 0.46903893193533663, 'e': 0.8686650648126604, 'f': 2.3295796442460577, 'g': 1.2784088940031388}
Previous:  {'d': 0.483718852670161, 'e': 0.9067061454154386, 'f': 2.3281826380795745, 'g': 1.2783426794900943}
