prev {'d': 0.4781622803308352, 'e': 0.9640593150397923, 'f': 2.37933326126989, 'g': 1.296313147479517}
Starting ML Fit
Box_n50_3_1400
       message: Optimization terminated successfully.
       success: True
        status: 0
           fun: 7091.42157339519
             x: [ 4.651e-01  9.480e-01  2.379e+00  1.296e+00]
           nit: 94
          nfev: 167
 final_simplex: (array([[ 4.651e-01,  9.480e-01,  2.379e+00,  1.296e+00],
                       [ 4.651e-01,  9.479e-01,  2.379e+00,  1.296e+00],
                       ...,
                       [ 4.651e-01,  9.479e-01,  2.379e+00,  1.296e+00],
                       [ 4.651e-01,  9.479e-01,  2.379e+00,  1.296e+00]]), array([ 7.091e+03,  7.091e+03,  7.091e+03,  7.091e+03,
                        7.091e+03]))
   param_names: ['d', 'e', 'f', 'g']
[0.46512148 0.94795705 2.37943034 1.29584033]
{'d': 0.465121476864066, 'e': 0.9479570500449566, 'f': 2.379430343874969, 'g': 1.2958403297493373}
Previous:  {'d': 0.4781622803308352, 'e': 0.9640593150397923, 'f': 2.37933326126989, 'g': 1.296313147479517}
