
CommandNotFoundError: Your shell has not been properly configured to use 'conda activate'.
To initialize your shell, run

    $ conda init <SHELL_NAME>

Currently supported shells are:
  - bash
  - fish
  - tcsh
  - xonsh
  - zsh
  - powershell

See 'conda init --help' for more information and options.

IMPORTANT: You may need to close and restart your shell after running 'conda init'.


  0%|                                                                                              | 0/16 [00:00<?, ?it/s]/home/users/delon/aemulusnu_massfunction/utils.py:65: IntegrationWarning: The maximum number of subdivisions (50) has been achieved.
  If increasing the limit yields no improvement it is advised to analyze 
  the integrand in order to determine the difficulties.  If the position of a 
  local difficulty can be determined (singularity, discontinuity) one will 
  probably gain from splitting up the interval and calling the integrator 
  on the subranges.  Perhaps a special-purpose integrator should be used.
  res, err = quad(dσ2dk, 0, 20 / R)
/home/users/delon/aemulusnu_massfunction/utils.py:100: IntegrationWarning: The maximum number of subdivisions (50) has been achieved.
  If increasing the limit yields no improvement it is advised to analyze 
  the integrand in order to determine the difficulties.  If the position of a 
  local difficulty can be determined (singularity, discontinuity) one will 
  probably gain from splitting up the interval and calling the integrator 
  on the subranges.  Perhaps a special-purpose integrator should be used.
  res, err = quad(dσ2dRdk, 0, 20 / R)
  6%|█████▍                                                                                | 1/16 [00:02<00:44,  2.95s/it] 12%|██████████▊                                                                           | 2/16 [00:05<00:41,  3.00s/it]/home/users/delon/aemulusnu_massfunction/utils.py:65: IntegrationWarning: The occurrence of roundoff error is detected, which prevents 
  the requested tolerance from being achieved.  The error may be 
  underestimated.
  res, err = quad(dσ2dk, 0, 20 / R)
 19%|████████████████▏                                                                     | 3/16 [00:09<00:39,  3.01s/it]/home/users/delon/aemulusnu_massfunction/utils.py:100: IntegrationWarning: The occurrence of roundoff error is detected, which prevents 
  the requested tolerance from being achieved.  The error may be 
  underestimated.
  res, err = quad(dσ2dRdk, 0, 20 / R)
 25%|█████████████████████▌                                                                | 4/16 [00:12<00:36,  3.01s/it] 31%|██████████████████████████▉                                                           | 5/16 [00:15<00:33,  3.07s/it] 38%|████████████████████████████████▎                                                     | 6/16 [00:18<00:31,  3.12s/it] 44%|█████████████████████████████████████▋                                                | 7/16 [00:21<00:28,  3.15s/it] 50%|███████████████████████████████████████████                                           | 8/16 [00:24<00:25,  3.14s/it] 56%|████████████████████████████████████████████████▍                                     | 9/16 [00:27<00:22,  3.16s/it] 62%|█████████████████████████████████████████████████████▏                               | 10/16 [00:31<00:19,  3.18s/it] 69%|██████████████████████████████████████████████████████████▍                          | 11/16 [00:34<00:16,  3.22s/it] 75%|███████████████████████████████████████████████████████████████▊                     | 12/16 [00:37<00:12,  3.22s/it] 81%|█████████████████████████████████████████████████████████████████████                | 13/16 [00:41<00:09,  3.25s/it] 88%|██████████████████████████████████████████████████████████████████████████▍          | 14/16 [00:44<00:06,  3.28s/it] 94%|███████████████████████████████████████████████████████████████████████████████▋     | 15/16 [00:47<00:03,  3.31s/it]100%|█████████████████████████████████████████████████████████████████████████████████████| 16/16 [00:51<00:00,  3.33s/it]100%|█████████████████████████████████████████████████████████████████████████████████████| 16/16 [00:51<00:00,  3.19s/it]
