prev {'d': 0.4660819584406546, 'e': 0.9061093011527597, 'f': 2.326921320323991, 'g': 1.322144406054634}
Starting ML Fit
Box87_1400
       message: Optimization terminated successfully.
       success: True
        status: 0
           fun: 7371.014280114146
             x: [ 4.615e-01  9.120e-01  2.326e+00  1.317e+00]
           nit: 85
          nfev: 154
 final_simplex: (array([[ 4.615e-01,  9.120e-01,  2.326e+00,  1.317e+00],
                       [ 4.615e-01,  9.120e-01,  2.326e+00,  1.317e+00],
                       ...,
                       [ 4.615e-01,  9.120e-01,  2.326e+00,  1.317e+00],
                       [ 4.615e-01,  9.120e-01,  2.326e+00,  1.317e+00]]), array([ 7.371e+03,  7.371e+03,  7.371e+03,  7.371e+03,
                        7.371e+03]))
   param_names: ['d', 'e', 'f', 'g']
[0.46145991 0.9120082  2.3258564  1.31707035]
{'d': 0.46145990964868727, 'e': 0.9120082007756127, 'f': 2.3258563983197558, 'g': 1.317070349445451}
Previous:  {'d': 0.4660819584406546, 'e': 0.9061093011527597, 'f': 2.326921320323991, 'g': 1.322144406054634}
