prev {'d': 0.40866848396915273, 'e': 1.2126731864994444, 'f': 2.3446562730738876, 'g': 1.1930886110705097}
Starting ML Fit
Box21_1400
       message: Optimization terminated successfully.
       success: True
        status: 0
           fun: 4032.2720395961533
             x: [ 3.903e-01  1.214e+00  2.344e+00  1.184e+00]
           nit: 92
          nfev: 166
 final_simplex: (array([[ 3.903e-01,  1.214e+00,  2.344e+00,  1.184e+00],
                       [ 3.903e-01,  1.214e+00,  2.344e+00,  1.184e+00],
                       ...,
                       [ 3.903e-01,  1.214e+00,  2.344e+00,  1.184e+00],
                       [ 3.903e-01,  1.214e+00,  2.344e+00,  1.184e+00]]), array([ 4.032e+03,  4.032e+03,  4.032e+03,  4.032e+03,
                        4.032e+03]))
   param_names: ['d', 'e', 'f', 'g']
[0.39032673 1.21389614 2.34448634 1.18411458]
{'d': 0.39032673110130583, 'e': 1.213896138523209, 'f': 2.344486336661052, 'g': 1.1841145826136015}
Previous:  {'d': 0.40866848396915273, 'e': 1.2126731864994444, 'f': 2.3446562730738876, 'g': 1.1930886110705097}
