prev {'d': 0.5345910212595547, 'e': 1.096791772870821, 'f': 2.232997918050157, 'g': 1.2522261659369232}
Starting ML Fit
Box18_1400
       message: Optimization terminated successfully.
       success: True
        status: 0
           fun: 13231.213978047997
             x: [ 5.224e-01  1.104e+00  2.233e+00  1.252e+00]
           nit: 118
          nfev: 206
 final_simplex: (array([[ 5.224e-01,  1.104e+00,  2.233e+00,  1.252e+00],
                       [ 5.224e-01,  1.104e+00,  2.233e+00,  1.252e+00],
                       ...,
                       [ 5.224e-01,  1.104e+00,  2.233e+00,  1.252e+00],
                       [ 5.224e-01,  1.104e+00,  2.233e+00,  1.252e+00]]), array([ 1.323e+04,  1.323e+04,  1.323e+04,  1.323e+04,
                        1.323e+04]))
   param_names: ['d', 'e', 'f', 'g']
[0.52240456 1.10443245 2.23296531 1.25235523]
{'d': 0.5224045596417827, 'e': 1.1044324538385835, 'f': 2.2329653072822957, 'g': 1.252355232817317}
Previous:  {'d': 0.5345910212595547, 'e': 1.096791772870821, 'f': 2.232997918050157, 'g': 1.2522261659369232}
