prev {'d': 0.565453590175547, 'e': 1.1313725554896066, 'f': 2.327469083138908, 'g': 1.2750508335568957}
Starting ML Fit
Box71_1400
       message: Optimization terminated successfully.
       success: True
        status: 0
           fun: 13943.257327218731
             x: [ 5.740e-01  1.221e+00  2.324e+00  1.276e+00]
           nit: 89
          nfev: 160
 final_simplex: (array([[ 5.740e-01,  1.221e+00,  2.324e+00,  1.276e+00],
                       [ 5.740e-01,  1.221e+00,  2.324e+00,  1.276e+00],
                       ...,
                       [ 5.740e-01,  1.221e+00,  2.324e+00,  1.276e+00],
                       [ 5.740e-01,  1.221e+00,  2.324e+00,  1.276e+00]]), array([ 1.394e+04,  1.394e+04,  1.394e+04,  1.394e+04,
                        1.394e+04]))
   param_names: ['d', 'e', 'f', 'g']
[0.57398163 1.22081539 2.32411212 1.27598206]
{'d': 0.5739816328115128, 'e': 1.2208153888263373, 'f': 2.3241121246465797, 'g': 1.2759820594972604}
Previous:  {'d': 0.565453590175547, 'e': 1.1313725554896066, 'f': 2.327469083138908, 'g': 1.2750508335568957}
