Leaving out Box28_1400
alist [1.0, 0.953321, 0.866399, 0.787402, 0.715608, 0.65036, 0.620002, 0.591061, 0.563471, 0.537169, 0.512095, 0.488191, 0.403224, 0.366459]
Iter 1/250 - Loss: 3.8641
Iter 2/250 - Loss: 2.9083
Iter 3/250 - Loss: 2.6245
Iter 4/250 - Loss: 2.5181
Iter 5/250 - Loss: 2.4519
Iter 6/250 - Loss: 2.3894
Iter 7/250 - Loss: 2.3215
Iter 8/250 - Loss: 2.2470
Iter 9/250 - Loss: 2.1670
Iter 10/250 - Loss: 2.0826
Iter 11/250 - Loss: 1.9948
Iter 12/250 - Loss: 1.9039
Iter 13/250 - Loss: 1.8105
Iter 14/250 - Loss: 1.7159
Iter 15/250 - Loss: 1.6197
Iter 16/250 - Loss: 1.5223
Iter 17/250 - Loss: 1.4234
Iter 18/250 - Loss: 1.3234
Iter 19/250 - Loss: 1.2218
Iter 20/250 - Loss: 1.1186
Iter 21/250 - Loss: 1.0143
Iter 22/250 - Loss: 0.9093
Iter 23/250 - Loss: 0.8049
Iter 24/250 - Loss: 0.7018
Iter 25/250 - Loss: 0.6012
Iter 26/250 - Loss: 0.5038
Iter 27/250 - Loss: 0.4106
Iter 28/250 - Loss: 0.3219
Iter 29/250 - Loss: 0.2382
Iter 30/250 - Loss: 0.1586
Iter 31/250 - Loss: 0.0821
Iter 32/250 - Loss: 0.0076
Iter 33/250 - Loss: -0.0649
Iter 34/250 - Loss: -0.1350
Iter 35/250 - Loss: -0.2019
Iter 36/250 - Loss: -0.2644
Iter 37/250 - Loss: -0.3228
Iter 38/250 - Loss: -0.3788
Iter 39/250 - Loss: -0.4347
Iter 40/250 - Loss: -0.4918
Iter 41/250 - Loss: -0.5495
Iter 42/250 - Loss: -0.6061
Iter 43/250 - Loss: -0.6603
Iter 44/250 - Loss: -0.7122
Iter 45/250 - Loss: -0.7628
Iter 46/250 - Loss: -0.8135
Iter 47/250 - Loss: -0.8653
Iter 48/250 - Loss: -0.9170
Iter 49/250 - Loss: -0.9674
Iter 50/250 - Loss: -1.0158
Iter 51/250 - Loss: -1.0632
Iter 52/250 - Loss: -1.1109
Iter 53/250 - Loss: -1.1595
Iter 54/250 - Loss: -1.2083
Iter 55/250 - Loss: -1.2557
Iter 56/250 - Loss: -1.3015
Iter 57/250 - Loss: -1.3469
Iter 58/250 - Loss: -1.3930
Iter 59/250 - Loss: -1.4385
Iter 60/250 - Loss: -1.4833
Iter 61/250 - Loss: -1.5277
Iter 62/250 - Loss: -1.5724
Iter 63/250 - Loss: -1.6162
Iter 64/250 - Loss: -1.6583
Iter 65/250 - Loss: -1.6999
Iter 66/250 - Loss: -1.7416
Iter 67/250 - Loss: -1.7824
Iter 68/250 - Loss: -1.8217
Iter 69/250 - Loss: -1.8608
Iter 70/250 - Loss: -1.8989
Iter 71/250 - Loss: -1.9358
Iter 72/250 - Loss: -1.9724
Iter 73/250 - Loss: -2.0077
Iter 74/250 - Loss: -2.0416
Iter 75/250 - Loss: -2.0751
Iter 76/250 - Loss: -2.1072
Iter 77/250 - Loss: -2.1386
Iter 78/250 - Loss: -2.1690
Iter 79/250 - Loss: -2.1979
Iter 80/250 - Loss: -2.2262
Iter 81/250 - Loss: -2.2534
Iter 82/250 - Loss: -2.2795
Iter 83/250 - Loss: -2.3046
Iter 84/250 - Loss: -2.3282
Iter 85/250 - Loss: -2.3514
Iter 86/250 - Loss: -2.3734
Iter 87/250 - Loss: -2.3945
Iter 88/250 - Loss: -2.4145
Iter 89/250 - Loss: -2.4340
Iter 90/250 - Loss: -2.4523
Iter 91/250 - Loss: -2.4701
Iter 92/250 - Loss: -2.4865
Iter 93/250 - Loss: -2.5020
Iter 94/250 - Loss: -2.5153
Iter 95/250 - Loss: -2.5284
Iter 96/250 - Loss: -2.5445
Iter 97/250 - Loss: -2.5602
Iter 98/250 - Loss: -2.5703
Iter 99/250 - Loss: -2.5810
Iter 100/250 - Loss: -2.5953
Iter 101/250 - Loss: -2.6058
Iter 102/250 - Loss: -2.6137
Iter 103/250 - Loss: -2.6258
Iter 104/250 - Loss: -2.6353
Iter 105/250 - Loss: -2.6423
Iter 106/250 - Loss: -2.6514
Iter 107/250 - Loss: -2.6604
Iter 108/250 - Loss: -2.6681
Iter 109/250 - Loss: -2.6743
Iter 110/250 - Loss: -2.6834
Iter 111/250 - Loss: -2.6898
Iter 112/250 - Loss: -2.6953
Iter 113/250 - Loss: -2.7024
Iter 114/250 - Loss: -2.7080
Iter 115/250 - Loss: -2.7147
Iter 116/250 - Loss: -2.7194
Iter 117/250 - Loss: -2.7250
Iter 118/250 - Loss: -2.7300
Iter 119/250 - Loss: -2.7349
Iter 120/250 - Loss: -2.7400
Iter 121/250 - Loss: -2.7444
Iter 122/250 - Loss: -2.7493
Iter 123/250 - Loss: -2.7532
Iter 124/250 - Loss: -2.7574
Iter 125/250 - Loss: -2.7614
Iter 126/250 - Loss: -2.7648
Iter 127/250 - Loss: -2.7677
Iter 128/250 - Loss: -2.7692
Iter 129/250 - Loss: -2.7684
Iter 130/250 - Loss: -2.7687
Iter 131/250 - Loss: -2.7792
Iter 132/250 - Loss: -2.7835
Iter 133/250 - Loss: -2.7813
Iter 134/250 - Loss: -2.7859
Iter 135/250 - Loss: -2.7922
Iter 136/250 - Loss: -2.7887
Iter 137/250 - Loss: -2.7971
Iter 138/250 - Loss: -2.7978
Iter 139/250 - Loss: -2.8014
Iter 140/250 - Loss: -2.8039
Iter 141/250 - Loss: -2.8062
Iter 142/250 - Loss: -2.8083
Iter 143/250 - Loss: -2.8115
Iter 144/250 - Loss: -2.8122
Iter 145/250 - Loss: -2.8154
Iter 146/250 - Loss: -2.8175
Iter 147/250 - Loss: -2.8192
Iter 148/250 - Loss: -2.8217
Iter 149/250 - Loss: -2.8226
Iter 150/250 - Loss: -2.8261
Iter 151/250 - Loss: -2.8264
Iter 152/250 - Loss: -2.8289
Iter 153/250 - Loss: -2.8305
Iter 154/250 - Loss: -2.8317
Iter 155/250 - Loss: -2.8338
Iter 156/250 - Loss: -2.8344
Iter 157/250 - Loss: -2.8367
Iter 158/250 - Loss: -2.8378
Iter 159/250 - Loss: -2.8397
Iter 160/250 - Loss: -2.8410
Iter 161/250 - Loss: -2.8420
Iter 162/250 - Loss: -2.8435
Iter 163/250 - Loss: -2.8447
Iter 164/250 - Loss: -2.8461
Iter 165/250 - Loss: -2.8473
Iter 166/250 - Loss: -2.8487
Iter 167/250 - Loss: -2.8497
Iter 168/250 - Loss: -2.8509
Iter 169/250 - Loss: -2.8522
Iter 170/250 - Loss: -2.8533
Iter 171/250 - Loss: -2.8542
Iter 172/250 - Loss: -2.8554
Iter 173/250 - Loss: -2.8566
Iter 174/250 - Loss: -2.8575
Iter 175/250 - Loss: -2.8585
Iter 176/250 - Loss: -2.8593
Iter 177/250 - Loss: -2.8606
Iter 178/250 - Loss: -2.8613
Iter 179/250 - Loss: -2.8622
Iter 180/250 - Loss: -2.8631
Iter 181/250 - Loss: -2.8639
Iter 182/250 - Loss: -2.8636
Iter 183/250 - Loss: -2.8613
Iter 184/250 - Loss: -2.8566
Iter 185/250 - Loss: -2.8516
Iter 186/250 - Loss: -2.8585
Iter 187/250 - Loss: -2.8685
Iter 188/250 - Loss: -2.8632
Iter 189/250 - Loss: -2.8635
Iter 190/250 - Loss: -2.8700
Iter 191/250 - Loss: -2.8673
Iter 192/250 - Loss: -2.8695
Iter 193/250 - Loss: -2.8706
Iter 194/250 - Loss: -2.8710
Iter 195/250 - Loss: -2.8716
Iter 196/250 - Loss: -2.8731
Iter 197/250 - Loss: -2.8733
Iter 198/250 - Loss: -2.8740
Iter 199/250 - Loss: -2.8752
Iter 200/250 - Loss: -2.8746
Iter 201/250 - Loss: -2.8768
Iter 202/250 - Loss: -2.8767
Iter 203/250 - Loss: -2.8775
Iter 204/250 - Loss: -2.8782
Iter 205/250 - Loss: -2.8787
Iter 206/250 - Loss: -2.8793
Iter 207/250 - Loss: -2.8803
Iter 208/250 - Loss: -2.8803
Iter 209/250 - Loss: -2.8813
Iter 210/250 - Loss: -2.8820
Iter 211/250 - Loss: -2.8822
Iter 212/250 - Loss: -2.8831
Iter 213/250 - Loss: -2.8834
Iter 214/250 - Loss: -2.8840
Iter 215/250 - Loss: -2.8845
Iter 216/250 - Loss: -2.8853
Iter 217/250 - Loss: -2.8855
Iter 218/250 - Loss: -2.8861
Iter 219/250 - Loss: -2.8868
Iter 220/250 - Loss: -2.8871
Iter 221/250 - Loss: -2.8874
Iter 222/250 - Loss: -2.8879
Iter 223/250 - Loss: -2.8884
Iter 224/250 - Loss: -2.8890
Iter 225/250 - Loss: -2.8894
Iter 226/250 - Loss: -2.8897
Iter 227/250 - Loss: -2.8902
Iter 228/250 - Loss: -2.8897
Iter 229/250 - Loss: -2.8889
Iter 230/250 - Loss: -2.8835
Iter 231/250 - Loss: -2.8671
Iter 232/250 - Loss: -2.8643
Iter 233/250 - Loss: -2.8795
Iter 234/250 - Loss: -2.8722
Iter 235/250 - Loss: -2.8852
Iter 236/250 - Loss: -2.8733
Iter 237/250 - Loss: -2.8912
Iter 238/250 - Loss: -2.8797
Iter 239/250 - Loss: -2.8899
Iter 240/250 - Loss: -2.8840
Iter 241/250 - Loss: -2.8897
Iter 242/250 - Loss: -2.8871
Iter 243/250 - Loss: -2.8899
Iter 244/250 - Loss: -2.8899
Iter 245/250 - Loss: -2.8891
Iter 246/250 - Loss: -2.8924
Iter 247/250 - Loss: -2.8897
Iter 248/250 - Loss: -2.8933
Iter 249/250 - Loss: -2.8915
Iter 250/250 - Loss: -2.8927
now training with smaller learning rate
Iter 1/250 - Loss: -2.8936
Iter 2/250 - Loss: -2.8915
Iter 3/250 - Loss: -2.8947
Iter 4/250 - Loss: -2.8955
Iter 5/250 - Loss: -2.8948
Iter 6/250 - Loss: -2.8961
Iter 7/250 - Loss: -2.8984
Iter 8/250 - Loss: -2.8987
Iter 9/250 - Loss: -2.8985
Iter 10/250 - Loss: -2.8993
Iter 11/250 - Loss: -2.9007
Iter 12/250 - Loss: -2.9011
Iter 13/250 - Loss: -2.9010
Iter 14/250 - Loss: -2.9018
Iter 15/250 - Loss: -2.9024
Iter 16/250 - Loss: -2.9027
Iter 17/250 - Loss: -2.9033
Iter 18/250 - Loss: -2.9041
Iter 19/250 - Loss: -2.9046
Iter 20/250 - Loss: -2.9051
Iter 21/250 - Loss: -2.9055
Iter 22/250 - Loss: -2.9059
Iter 23/250 - Loss: -2.9064
Iter 24/250 - Loss: -2.9068
Iter 25/250 - Loss: -2.9071
Iter 26/250 - Loss: -2.9076
Iter 27/250 - Loss: -2.9080
Iter 28/250 - Loss: -2.9083
Iter 29/250 - Loss: -2.9089
Iter 30/250 - Loss: -2.9092
Iter 31/250 - Loss: -2.9096
Iter 32/250 - Loss: -2.9100
Iter 33/250 - Loss: -2.9103
Iter 34/250 - Loss: -2.9108
Iter 35/250 - Loss: -2.9112
Iter 36/250 - Loss: -2.9115
Iter 37/250 - Loss: -2.9121
Iter 38/250 - Loss: -2.9122
Iter 39/250 - Loss: -2.9127
Iter 40/250 - Loss: -2.9130
Iter 41/250 - Loss: -2.9133
Iter 42/250 - Loss: -2.9137
Iter 43/250 - Loss: -2.9141
Iter 44/250 - Loss: -2.9144
Iter 45/250 - Loss: -2.9147
Iter 46/250 - Loss: -2.9150
Iter 47/250 - Loss: -2.9154
Iter 48/250 - Loss: -2.9157
Iter 49/250 - Loss: -2.9160
Iter 50/250 - Loss: -2.9163
Iter 51/250 - Loss: -2.9167
Iter 52/250 - Loss: -2.9170
Iter 53/250 - Loss: -2.9173
Iter 54/250 - Loss: -2.9177
Iter 55/250 - Loss: -2.9180
Iter 56/250 - Loss: -2.9183
Iter 57/250 - Loss: -2.9186
Iter 58/250 - Loss: -2.9188
Iter 59/250 - Loss: -2.9191
Iter 60/250 - Loss: -2.9193
Iter 61/250 - Loss: -2.9197
Iter 62/250 - Loss: -2.9200
Iter 63/250 - Loss: -2.9203
Iter 64/250 - Loss: -2.9205
Iter 65/250 - Loss: -2.9209
Iter 66/250 - Loss: -2.9211
Iter 67/250 - Loss: -2.9213
Iter 68/250 - Loss: -2.9216
Iter 69/250 - Loss: -2.9218
Iter 70/250 - Loss: -2.9220
Iter 71/250 - Loss: -2.9218
Iter 72/250 - Loss: -2.9218
Iter 73/250 - Loss: -2.9227
Iter 74/250 - Loss: -2.9229
Iter 75/250 - Loss: -2.9229
Iter 76/250 - Loss: -2.9236
Iter 77/250 - Loss: -2.9236
Iter 78/250 - Loss: -2.9237
Iter 79/250 - Loss: -2.9244
Iter 80/250 - Loss: -2.9243
Iter 81/250 - Loss: -2.9244
Iter 82/250 - Loss: -2.9250
Iter 83/250 - Loss: -2.9249
Iter 84/250 - Loss: -2.9252
Iter 85/250 - Loss: -2.9257
Iter 86/250 - Loss: -2.9259
Iter 87/250 - Loss: -2.9260
Iter 88/250 - Loss: -2.9264
Iter 89/250 - Loss: -2.9265
Iter 90/250 - Loss: -2.9264
Iter 91/250 - Loss: -2.9267
Iter 92/250 - Loss: -2.9270
Iter 93/250 - Loss: -2.9272
Iter 94/250 - Loss: -2.9274
Iter 95/250 - Loss: -2.9278
Iter 96/250 - Loss: -2.9282
Iter 97/250 - Loss: -2.9282
Iter 98/250 - Loss: -2.9280
Iter 99/250 - Loss: -2.9282
Iter 100/250 - Loss: -2.9285
Iter 101/250 - Loss: -2.9286
Iter 102/250 - Loss: -2.9288
Iter 103/250 - Loss: -2.9294
Iter 104/250 - Loss: -2.9296
Iter 105/250 - Loss: -2.9294
Iter 106/250 - Loss: -2.9296
Iter 107/250 - Loss: -2.9301
Iter 108/250 - Loss: -2.9301
Iter 109/250 - Loss: -2.9300
Iter 110/250 - Loss: -2.9303
Iter 111/250 - Loss: -2.9304
Iter 112/250 - Loss: -2.9306
Iter 113/250 - Loss: -2.9311
Iter 114/250 - Loss: -2.9315
Iter 115/250 - Loss: -2.9314
Iter 116/250 - Loss: -2.9317
Iter 117/250 - Loss: -2.9321
Iter 118/250 - Loss: -2.9320
Iter 119/250 - Loss: -2.9321
Iter 120/250 - Loss: -2.9323
Iter 121/250 - Loss: -2.9323
Iter 122/250 - Loss: -2.9321
Iter 123/250 - Loss: -2.9323
Iter 124/250 - Loss: -2.9325
Iter 125/250 - Loss: -2.9328
Iter 126/250 - Loss: -2.9332
Iter 127/250 - Loss: -2.9335
Iter 128/250 - Loss: -2.9337
Iter 129/250 - Loss: -2.9339
Iter 130/250 - Loss: -2.9341
Iter 131/250 - Loss: -2.9340
Iter 132/250 - Loss: -2.9343
Iter 133/250 - Loss: -2.9347
Iter 134/250 - Loss: -2.9349
Iter 135/250 - Loss: -2.9349
Iter 136/250 - Loss: -2.9351
Iter 137/250 - Loss: -2.9354
Iter 138/250 - Loss: -2.9356
Iter 139/250 - Loss: -2.9358
Iter 140/250 - Loss: -2.9359
Iter 141/250 - Loss: -2.9360
Iter 142/250 - Loss: -2.9361
Iter 143/250 - Loss: -2.9363
Iter 144/250 - Loss: -2.9366
Iter 145/250 - Loss: -2.9368
Iter 146/250 - Loss: -2.9369
Iter 147/250 - Loss: -2.9370
Iter 148/250 - Loss: -2.9368
Iter 149/250 - Loss: -2.9367
Iter 150/250 - Loss: -2.9361
Iter 151/250 - Loss: -2.9358
Iter 152/250 - Loss: -2.9368
Iter 153/250 - Loss: -2.9379
Iter 154/250 - Loss: -2.9372
Iter 155/250 - Loss: -2.9370
Iter 156/250 - Loss: -2.9379
Iter 157/250 - Loss: -2.9378
Iter 158/250 - Loss: -2.9385
Iter 159/250 - Loss: -2.9386
Iter 160/250 - Loss: -2.9383
Iter 161/250 - Loss: -2.9390
Iter 162/250 - Loss: -2.9389
Iter 163/250 - Loss: -2.9392
Iter 164/250 - Loss: -2.9393
Iter 165/250 - Loss: -2.9394
Iter 166/250 - Loss: -2.9399
Iter 167/250 - Loss: -2.9397
Iter 168/250 - Loss: -2.9399
Iter 169/250 - Loss: -2.9402
Iter 170/250 - Loss: -2.9403
Iter 171/250 - Loss: -2.9406
Iter 172/250 - Loss: -2.9406
Iter 173/250 - Loss: -2.9406
Iter 174/250 - Loss: -2.9407
Iter 175/250 - Loss: -2.9407
Iter 176/250 - Loss: -2.9407
Iter 177/250 - Loss: -2.9408
Iter 178/250 - Loss: -2.9410
Iter 179/250 - Loss: -2.9412
Iter 180/250 - Loss: -2.9416
Iter 181/250 - Loss: -2.9418
Iter 182/250 - Loss: -2.9419
Iter 183/250 - Loss: -2.9420
Iter 184/250 - Loss: -2.9420
Iter 185/250 - Loss: -2.9421
Iter 186/250 - Loss: -2.9424
Iter 187/250 - Loss: -2.9426
Iter 188/250 - Loss: -2.9427
Iter 189/250 - Loss: -2.9428
Iter 190/250 - Loss: -2.9428
Iter 191/250 - Loss: -2.9428
Iter 192/250 - Loss: -2.9430
Iter 193/250 - Loss: -2.9431
Iter 194/250 - Loss: -2.9433
Iter 195/250 - Loss: -2.9434
Iter 196/250 - Loss: -2.9435
Iter 197/250 - Loss: -2.9435
Iter 198/250 - Loss: -2.9434
Iter 199/250 - Loss: -2.9431
Iter 200/250 - Loss: -2.9426
Iter 201/250 - Loss: -2.9422
Iter 202/250 - Loss: -2.9428
Iter 203/250 - Loss: -2.9440
Iter 204/250 - Loss: -2.9439
Iter 205/250 - Loss: -2.9434
Iter 206/250 - Loss: -2.9442
Iter 207/250 - Loss: -2.9447
Iter 208/250 - Loss: -2.9442
Iter 209/250 - Loss: -2.9445
Iter 210/250 - Loss: -2.9449
Iter 211/250 - Loss: -2.9447
Iter 212/250 - Loss: -2.9450
Iter 213/250 - Loss: -2.9452
Iter 214/250 - Loss: -2.9451
Iter 215/250 - Loss: -2.9453
Iter 216/250 - Loss: -2.9457
Iter 217/250 - Loss: -2.9456
Iter 218/250 - Loss: -2.9455
Iter 219/250 - Loss: -2.9458
Iter 220/250 - Loss: -2.9459
Iter 221/250 - Loss: -2.9458
Iter 222/250 - Loss: -2.9457
Iter 223/250 - Loss: -2.9457
Iter 224/250 - Loss: -2.9458
Iter 225/250 - Loss: -2.9459
Iter 226/250 - Loss: -2.9460
Iter 227/250 - Loss: -2.9459
Iter 228/250 - Loss: -2.9458
Iter 229/250 - Loss: -2.9458
Iter 230/250 - Loss: -2.9464
Iter 231/250 - Loss: -2.9470
Iter 232/250 - Loss: -2.9469
Iter 233/250 - Loss: -2.9467
Iter 234/250 - Loss: -2.9470
Iter 235/250 - Loss: -2.9474
Iter 236/250 - Loss: -2.9472
Iter 237/250 - Loss: -2.9471
Iter 238/250 - Loss: -2.9474
Iter 239/250 - Loss: -2.9478
Iter 240/250 - Loss: -2.9478
Iter 241/250 - Loss: -2.9477
Iter 242/250 - Loss: -2.9476
Iter 243/250 - Loss: -2.9476
Iter 244/250 - Loss: -2.9474
Iter 245/250 - Loss: -2.9462
Iter 246/250 - Loss: -2.9431
Iter 247/250 - Loss: -2.9409
Iter 248/250 - Loss: -2.9462
Iter 249/250 - Loss: -2.9470
Iter 250/250 - Loss: -2.9455
