Leaving out Box50_1400
alist [1.0, 0.953321, 0.866399, 0.787402, 0.715608, 0.65036, 0.620002, 0.591061, 0.563471, 0.537169, 0.512095, 0.488191, 0.403224, 0.366459]
Iter 1/250 - Loss: 2.9283
Iter 2/250 - Loss: 2.6959
Iter 3/250 - Loss: 2.5927
Iter 4/250 - Loss: 2.4805
Iter 5/250 - Loss: 2.3490
Iter 6/250 - Loss: 2.2071
Iter 7/250 - Loss: 2.0618
Iter 8/250 - Loss: 1.9157
Iter 9/250 - Loss: 1.7698
Iter 10/250 - Loss: 1.6298
Iter 11/250 - Loss: 1.4948
Iter 12/250 - Loss: 1.3642
Iter 13/250 - Loss: 1.2420
Iter 14/250 - Loss: 1.1178
Iter 15/250 - Loss: 0.9969
Iter 16/250 - Loss: 0.8987
Iter 17/250 - Loss: 0.8331
Iter 18/250 - Loss: 0.8048
Iter 19/250 - Loss: 0.7059
Iter 20/250 - Loss: 0.6677
Iter 21/250 - Loss: 0.6072
Iter 22/250 - Loss: 0.5415
Iter 23/250 - Loss: 0.4621
Iter 24/250 - Loss: 0.4232
Iter 25/250 - Loss: 0.3336
Iter 26/250 - Loss: 0.2627
Iter 27/250 - Loss: 0.2205
Iter 28/250 - Loss: 0.1737
Iter 29/250 - Loss: 0.1149
Iter 30/250 - Loss: 0.0544
Iter 31/250 - Loss: -0.0020
Iter 32/250 - Loss: -0.0550
Iter 33/250 - Loss: -0.1067
Iter 34/250 - Loss: -0.1588
Iter 35/250 - Loss: -0.2116
Iter 36/250 - Loss: -0.2649
Iter 37/250 - Loss: -0.3185
Iter 38/250 - Loss: -0.3721
Iter 39/250 - Loss: -0.4259
Iter 40/250 - Loss: -0.4798
Iter 41/250 - Loss: -0.5339
Iter 42/250 - Loss: -0.5881
Iter 43/250 - Loss: -0.6424
Iter 44/250 - Loss: -0.6965
Iter 45/250 - Loss: -0.7502
Iter 46/250 - Loss: -0.8032
Iter 47/250 - Loss: -0.8553
Iter 48/250 - Loss: -0.9064
Iter 49/250 - Loss: -0.9566
Iter 50/250 - Loss: -1.0062
Iter 51/250 - Loss: -1.0555
Iter 52/250 - Loss: -1.1047
Iter 53/250 - Loss: -1.1536
Iter 54/250 - Loss: -1.2024
Iter 55/250 - Loss: -1.2508
Iter 56/250 - Loss: -1.2987
Iter 57/250 - Loss: -1.3461
Iter 58/250 - Loss: -1.3930
Iter 59/250 - Loss: -1.4397
Iter 60/250 - Loss: -1.4860
Iter 61/250 - Loss: -1.5321
Iter 62/250 - Loss: -1.5778
Iter 63/250 - Loss: -1.6229
Iter 64/250 - Loss: -1.6673
Iter 65/250 - Loss: -1.7109
Iter 66/250 - Loss: -1.7542
Iter 67/250 - Loss: -1.7971
Iter 68/250 - Loss: -1.8396
Iter 69/250 - Loss: -1.8813
Iter 70/250 - Loss: -1.9222
Iter 71/250 - Loss: -1.9620
Iter 72/250 - Loss: -2.0010
Iter 73/250 - Loss: -2.0392
Iter 74/250 - Loss: -2.0770
Iter 75/250 - Loss: -2.1138
Iter 76/250 - Loss: -2.1492
Iter 77/250 - Loss: -2.1837
Iter 78/250 - Loss: -2.2179
Iter 79/250 - Loss: -2.2510
Iter 80/250 - Loss: -2.2824
Iter 81/250 - Loss: -2.3132
Iter 82/250 - Loss: -2.3434
Iter 83/250 - Loss: -2.3715
Iter 84/250 - Loss: -2.3992
Iter 85/250 - Loss: -2.4259
Iter 86/250 - Loss: -2.4509
Iter 87/250 - Loss: -2.4753
Iter 88/250 - Loss: -2.4983
Iter 89/250 - Loss: -2.5203
Iter 90/250 - Loss: -2.5411
Iter 91/250 - Loss: -2.5607
Iter 92/250 - Loss: -2.5794
Iter 93/250 - Loss: -2.5971
Iter 94/250 - Loss: -2.6139
Iter 95/250 - Loss: -2.6297
Iter 96/250 - Loss: -2.6446
Iter 97/250 - Loss: -2.6586
Iter 98/250 - Loss: -2.6717
Iter 99/250 - Loss: -2.6839
Iter 100/250 - Loss: -2.6957
Iter 101/250 - Loss: -2.7065
Iter 102/250 - Loss: -2.7170
Iter 103/250 - Loss: -2.7270
Iter 104/250 - Loss: -2.7360
Iter 105/250 - Loss: -2.7440
Iter 106/250 - Loss: -2.7514
Iter 107/250 - Loss: -2.7595
Iter 108/250 - Loss: -2.7677
Iter 109/250 - Loss: -2.7734
Iter 110/250 - Loss: -2.7796
Iter 111/250 - Loss: -2.7846
Iter 112/250 - Loss: -2.7744
Iter 113/250 - Loss: -2.7617
Iter 114/250 - Loss: -2.7762
Iter 115/250 - Loss: -2.7550
Iter 116/250 - Loss: -2.7866
Iter 117/250 - Loss: -2.7792
Iter 118/250 - Loss: -2.8012
Iter 119/250 - Loss: -2.8039
Iter 120/250 - Loss: -2.8028
Iter 121/250 - Loss: -2.8122
Iter 122/250 - Loss: -2.8199
Iter 123/250 - Loss: -2.8160
Iter 124/250 - Loss: -2.8252
Iter 125/250 - Loss: -2.8305
Iter 126/250 - Loss: -2.8255
Iter 127/250 - Loss: -2.8342
Iter 128/250 - Loss: -2.8340
Iter 129/250 - Loss: -2.8414
Iter 130/250 - Loss: -2.8395
Iter 131/250 - Loss: -2.8422
Iter 132/250 - Loss: -2.8475
Iter 133/250 - Loss: -2.8480
Iter 134/250 - Loss: -2.8519
Iter 135/250 - Loss: -2.8511
Iter 136/250 - Loss: -2.8547
Iter 137/250 - Loss: -2.8571
Iter 138/250 - Loss: -2.8584
Iter 139/250 - Loss: -2.8615
Iter 140/250 - Loss: -2.8612
Iter 141/250 - Loss: -2.8645
Iter 142/250 - Loss: -2.8645
Iter 143/250 - Loss: -2.8680
Iter 144/250 - Loss: -2.8687
Iter 145/250 - Loss: -2.8712
Iter 146/250 - Loss: -2.8718
Iter 147/250 - Loss: -2.8739
Iter 148/250 - Loss: -2.8747
Iter 149/250 - Loss: -2.8768
Iter 150/250 - Loss: -2.8780
Iter 151/250 - Loss: -2.8802
Iter 152/250 - Loss: -2.8810
Iter 153/250 - Loss: -2.8826
Iter 154/250 - Loss: -2.8827
Iter 155/250 - Loss: -2.8822
Iter 156/250 - Loss: -2.8803
Iter 157/250 - Loss: -2.8867
Iter 158/250 - Loss: -2.8864
Iter 159/250 - Loss: -2.8859
Iter 160/250 - Loss: -2.8889
Iter 161/250 - Loss: -2.8877
Iter 162/250 - Loss: -2.8897
Iter 163/250 - Loss: -2.8929
Iter 164/250 - Loss: -2.8893
Iter 165/250 - Loss: -2.8865
Iter 166/250 - Loss: -2.8895
Iter 167/250 - Loss: -2.8832
Iter 168/250 - Loss: -2.8755
Iter 169/250 - Loss: -2.8879
Iter 170/250 - Loss: -2.8887
Iter 171/250 - Loss: -2.8903
Iter 172/250 - Loss: -2.8859
Iter 173/250 - Loss: -2.8944
Iter 174/250 - Loss: -2.8898
Iter 175/250 - Loss: -2.8961
Iter 176/250 - Loss: -2.8953
Iter 177/250 - Loss: -2.8962
Iter 178/250 - Loss: -2.8978
Iter 179/250 - Loss: -2.8950
Iter 180/250 - Loss: -2.8996
Iter 181/250 - Loss: -2.8975
Iter 182/250 - Loss: -2.9011
Iter 183/250 - Loss: -2.8998
Iter 184/250 - Loss: -2.9021
Iter 185/250 - Loss: -2.9014
Iter 186/250 - Loss: -2.9031
Iter 187/250 - Loss: -2.9033
Iter 188/250 - Loss: -2.9043
Iter 189/250 - Loss: -2.9045
Iter 190/250 - Loss: -2.9055
Iter 191/250 - Loss: -2.9062
Iter 192/250 - Loss: -2.9063
Iter 193/250 - Loss: -2.9082
Iter 194/250 - Loss: -2.9076
Iter 195/250 - Loss: -2.9090
Iter 196/250 - Loss: -2.9098
Iter 197/250 - Loss: -2.9105
Iter 198/250 - Loss: -2.9111
Iter 199/250 - Loss: -2.9103
Iter 200/250 - Loss: -2.9097
Iter 201/250 - Loss: -2.9090
Iter 202/250 - Loss: -2.9059
Iter 203/250 - Loss: -2.8972
Iter 204/250 - Loss: -2.8735
Iter 205/250 - Loss: -2.8704
Iter 206/250 - Loss: -2.9087
Iter 207/250 - Loss: -2.8906
Iter 208/250 - Loss: -2.9090
Iter 209/250 - Loss: -2.8988
Iter 210/250 - Loss: -2.9089
Iter 211/250 - Loss: -2.9047
Iter 212/250 - Loss: -2.9035
Iter 213/250 - Loss: -2.9074
Iter 214/250 - Loss: -2.9065
Iter 215/250 - Loss: -2.9047
Iter 216/250 - Loss: -2.9073
Iter 217/250 - Loss: -2.9096
Iter 218/250 - Loss: -2.9087
Iter 219/250 - Loss: -2.9076
Iter 220/250 - Loss: -2.9093
Iter 221/250 - Loss: -2.9100
Iter 222/250 - Loss: -2.9093
Iter 223/250 - Loss: -2.9099
Iter 224/250 - Loss: -2.9117
Iter 225/250 - Loss: -2.9122
Iter 226/250 - Loss: -2.9129
Iter 227/250 - Loss: -2.9142
Iter 228/250 - Loss: -2.9128
Iter 229/250 - Loss: -2.9121
Iter 230/250 - Loss: -2.9143
Iter 231/250 - Loss: -2.9171
Iter 232/250 - Loss: -2.9173
Iter 233/250 - Loss: -2.9182
Iter 234/250 - Loss: -2.9194
Iter 235/250 - Loss: -2.9198
Iter 236/250 - Loss: -2.9185
Iter 237/250 - Loss: -2.9209
Iter 238/250 - Loss: -2.9207
Iter 239/250 - Loss: -2.9205
Iter 240/250 - Loss: -2.9203
Iter 241/250 - Loss: -2.9214
Iter 242/250 - Loss: -2.9227
Iter 243/250 - Loss: -2.9237
Iter 244/250 - Loss: -2.9235
Iter 245/250 - Loss: -2.9223
Iter 246/250 - Loss: -2.9208
Iter 247/250 - Loss: -2.9126
Iter 248/250 - Loss: -2.8794
Iter 249/250 - Loss: -2.8181
Iter 250/250 - Loss: -2.8532
now training with smaller learning rate
Iter 1/250 - Loss: -2.8602
Iter 2/250 - Loss: -2.9029
Iter 3/250 - Loss: -2.9166
Iter 4/250 - Loss: -2.9174
Iter 5/250 - Loss: -2.9151
Iter 6/250 - Loss: -2.9140
Iter 7/250 - Loss: -2.9136
Iter 8/250 - Loss: -2.9146
Iter 9/250 - Loss: -2.9159
Iter 10/250 - Loss: -2.9178
Iter 11/250 - Loss: -2.9194
Iter 12/250 - Loss: -2.9205
Iter 13/250 - Loss: -2.9208
Iter 14/250 - Loss: -2.9220
Iter 15/250 - Loss: -2.9229
Iter 16/250 - Loss: -2.9241
Iter 17/250 - Loss: -2.9249
Iter 18/250 - Loss: -2.9259
Iter 19/250 - Loss: -2.9262
Iter 20/250 - Loss: -2.9259
Iter 21/250 - Loss: -2.9256
Iter 22/250 - Loss: -2.9259
Iter 23/250 - Loss: -2.9260
Iter 24/250 - Loss: -2.9267
Iter 25/250 - Loss: -2.9278
Iter 26/250 - Loss: -2.9289
Iter 27/250 - Loss: -2.9296
Iter 28/250 - Loss: -2.9303
Iter 29/250 - Loss: -2.9306
Iter 30/250 - Loss: -2.9305
Iter 31/250 - Loss: -2.9307
Iter 32/250 - Loss: -2.9309
Iter 33/250 - Loss: -2.9312
Iter 34/250 - Loss: -2.9319
Iter 35/250 - Loss: -2.9330
Iter 36/250 - Loss: -2.9334
Iter 37/250 - Loss: -2.9337
Iter 38/250 - Loss: -2.9343
Iter 39/250 - Loss: -2.9350
Iter 40/250 - Loss: -2.9353
Iter 41/250 - Loss: -2.9358
Iter 42/250 - Loss: -2.9363
Iter 43/250 - Loss: -2.9363
Iter 44/250 - Loss: -2.9365
Iter 45/250 - Loss: -2.9371
Iter 46/250 - Loss: -2.9373
Iter 47/250 - Loss: -2.9378
Iter 48/250 - Loss: -2.9381
Iter 49/250 - Loss: -2.9384
Iter 50/250 - Loss: -2.9385
Iter 51/250 - Loss: -2.9389
Iter 52/250 - Loss: -2.9394
Iter 53/250 - Loss: -2.9397
Iter 54/250 - Loss: -2.9399
Iter 55/250 - Loss: -2.9403
Iter 56/250 - Loss: -2.9404
Iter 57/250 - Loss: -2.9408
Iter 58/250 - Loss: -2.9411
Iter 59/250 - Loss: -2.9414
Iter 60/250 - Loss: -2.9416
Iter 61/250 - Loss: -2.9419
Iter 62/250 - Loss: -2.9423
Iter 63/250 - Loss: -2.9425
Iter 64/250 - Loss: -2.9427
Iter 65/250 - Loss: -2.9431
Iter 66/250 - Loss: -2.9434
Iter 67/250 - Loss: -2.9435
Iter 68/250 - Loss: -2.9440
Iter 69/250 - Loss: -2.9443
Iter 70/250 - Loss: -2.9447
Iter 71/250 - Loss: -2.9449
Iter 72/250 - Loss: -2.9450
Iter 73/250 - Loss: -2.9453
Iter 74/250 - Loss: -2.9455
Iter 75/250 - Loss: -2.9458
Iter 76/250 - Loss: -2.9460
Iter 77/250 - Loss: -2.9463
Iter 78/250 - Loss: -2.9465
Iter 79/250 - Loss: -2.9468
Iter 80/250 - Loss: -2.9469
Iter 81/250 - Loss: -2.9472
Iter 82/250 - Loss: -2.9473
Iter 83/250 - Loss: -2.9477
Iter 84/250 - Loss: -2.9478
Iter 85/250 - Loss: -2.9480
Iter 86/250 - Loss: -2.9482
Iter 87/250 - Loss: -2.9484
Iter 88/250 - Loss: -2.9486
Iter 89/250 - Loss: -2.9489
Iter 90/250 - Loss: -2.9491
Iter 91/250 - Loss: -2.9492
Iter 92/250 - Loss: -2.9494
Iter 93/250 - Loss: -2.9497
Iter 94/250 - Loss: -2.9499
Iter 95/250 - Loss: -2.9501
Iter 96/250 - Loss: -2.9502
Iter 97/250 - Loss: -2.9505
Iter 98/250 - Loss: -2.9507
Iter 99/250 - Loss: -2.9509
Iter 100/250 - Loss: -2.9510
Iter 101/250 - Loss: -2.9513
Iter 102/250 - Loss: -2.9515
Iter 103/250 - Loss: -2.9516
Iter 104/250 - Loss: -2.9518
Iter 105/250 - Loss: -2.9519
Iter 106/250 - Loss: -2.9515
Iter 107/250 - Loss: -2.9517
Iter 108/250 - Loss: -2.9526
Iter 109/250 - Loss: -2.9523
Iter 110/250 - Loss: -2.9527
Iter 111/250 - Loss: -2.9529
Iter 112/250 - Loss: -2.9530
Iter 113/250 - Loss: -2.9534
Iter 114/250 - Loss: -2.9533
Iter 115/250 - Loss: -2.9538
Iter 116/250 - Loss: -2.9537
Iter 117/250 - Loss: -2.9541
Iter 118/250 - Loss: -2.9542
Iter 119/250 - Loss: -2.9544
Iter 120/250 - Loss: -2.9546
Iter 121/250 - Loss: -2.9546
Iter 122/250 - Loss: -2.9550
Iter 123/250 - Loss: -2.9549
Iter 124/250 - Loss: -2.9553
Iter 125/250 - Loss: -2.9554
Iter 126/250 - Loss: -2.9555
Iter 127/250 - Loss: -2.9557
Iter 128/250 - Loss: -2.9557
Iter 129/250 - Loss: -2.9559
Iter 130/250 - Loss: -2.9557
Iter 131/250 - Loss: -2.9553
Iter 132/250 - Loss: -2.9548
Iter 133/250 - Loss: -2.9552
Iter 134/250 - Loss: -2.9566
Iter 135/250 - Loss: -2.9567
Iter 136/250 - Loss: -2.9559
Iter 137/250 - Loss: -2.9566
Iter 138/250 - Loss: -2.9574
Iter 139/250 - Loss: -2.9569
Iter 140/250 - Loss: -2.9570
Iter 141/250 - Loss: -2.9578
Iter 142/250 - Loss: -2.9576
Iter 143/250 - Loss: -2.9575
Iter 144/250 - Loss: -2.9581
Iter 145/250 - Loss: -2.9583
Iter 146/250 - Loss: -2.9581
Iter 147/250 - Loss: -2.9584
Iter 148/250 - Loss: -2.9588
Iter 149/250 - Loss: -2.9587
Iter 150/250 - Loss: -2.9587
Iter 151/250 - Loss: -2.9592
Iter 152/250 - Loss: -2.9593
Iter 153/250 - Loss: -2.9592
Iter 154/250 - Loss: -2.9594
Iter 155/250 - Loss: -2.9597
Iter 156/250 - Loss: -2.9599
Iter 157/250 - Loss: -2.9599
Iter 158/250 - Loss: -2.9600
Iter 159/250 - Loss: -2.9602
Iter 160/250 - Loss: -2.9604
Iter 161/250 - Loss: -2.9605
Iter 162/250 - Loss: -2.9606
Iter 163/250 - Loss: -2.9606
Iter 164/250 - Loss: -2.9608
Iter 165/250 - Loss: -2.9609
Iter 166/250 - Loss: -2.9611
Iter 167/250 - Loss: -2.9612
Iter 168/250 - Loss: -2.9613
Iter 169/250 - Loss: -2.9612
Iter 170/250 - Loss: -2.9610
Iter 171/250 - Loss: -2.9602
Iter 172/250 - Loss: -2.9589
Iter 173/250 - Loss: -2.9587
Iter 174/250 - Loss: -2.9602
Iter 175/250 - Loss: -2.9611
Iter 176/250 - Loss: -2.9605
Iter 177/250 - Loss: -2.9601
Iter 178/250 - Loss: -2.9611
Iter 179/250 - Loss: -2.9625
Iter 180/250 - Loss: -2.9614
Iter 181/250 - Loss: -2.9615
Iter 182/250 - Loss: -2.9631
Iter 183/250 - Loss: -2.9621
Iter 184/250 - Loss: -2.9624
Iter 185/250 - Loss: -2.9633
Iter 186/250 - Loss: -2.9626
Iter 187/250 - Loss: -2.9632
Iter 188/250 - Loss: -2.9635
Iter 189/250 - Loss: -2.9633
Iter 190/250 - Loss: -2.9636
Iter 191/250 - Loss: -2.9638
Iter 192/250 - Loss: -2.9637
Iter 193/250 - Loss: -2.9640
Iter 194/250 - Loss: -2.9643
Iter 195/250 - Loss: -2.9641
Iter 196/250 - Loss: -2.9644
Iter 197/250 - Loss: -2.9646
Iter 198/250 - Loss: -2.9646
Iter 199/250 - Loss: -2.9648
Iter 200/250 - Loss: -2.9649
Iter 201/250 - Loss: -2.9650
Iter 202/250 - Loss: -2.9652
Iter 203/250 - Loss: -2.9653
Iter 204/250 - Loss: -2.9653
Iter 205/250 - Loss: -2.9655
Iter 206/250 - Loss: -2.9657
Iter 207/250 - Loss: -2.9658
Iter 208/250 - Loss: -2.9658
Iter 209/250 - Loss: -2.9659
Iter 210/250 - Loss: -2.9659
Iter 211/250 - Loss: -2.9661
Iter 212/250 - Loss: -2.9661
Iter 213/250 - Loss: -2.9660
Iter 214/250 - Loss: -2.9656
Iter 215/250 - Loss: -2.9644
Iter 216/250 - Loss: -2.9624
Iter 217/250 - Loss: -2.9611
Iter 218/250 - Loss: -2.9640
Iter 219/250 - Loss: -2.9664
Iter 220/250 - Loss: -2.9648
Iter 221/250 - Loss: -2.9654
Iter 222/250 - Loss: -2.9659
Iter 223/250 - Loss: -2.9662
Iter 224/250 - Loss: -2.9666
Iter 225/250 - Loss: -2.9662
Iter 226/250 - Loss: -2.9675
Iter 227/250 - Loss: -2.9664
Iter 228/250 - Loss: -2.9676
Iter 229/250 - Loss: -2.9670
Iter 230/250 - Loss: -2.9677
Iter 231/250 - Loss: -2.9671
Iter 232/250 - Loss: -2.9678
Iter 233/250 - Loss: -2.9673
Iter 234/250 - Loss: -2.9673
Iter 235/250 - Loss: -2.9660
Iter 236/250 - Loss: -2.9654
Iter 237/250 - Loss: -2.9658
Iter 238/250 - Loss: -2.9681
Iter 239/250 - Loss: -2.9675
Iter 240/250 - Loss: -2.9668
Iter 241/250 - Loss: -2.9679
Iter 242/250 - Loss: -2.9686
Iter 243/250 - Loss: -2.9676
Iter 244/250 - Loss: -2.9685
Iter 245/250 - Loss: -2.9687
Iter 246/250 - Loss: -2.9682
Iter 247/250 - Loss: -2.9686
Iter 248/250 - Loss: -2.9691
Iter 249/250 - Loss: -2.9686
Iter 250/250 - Loss: -2.9693
