Leaving out Box_n50_35_1400
alist [1.0, 0.953321, 0.866399, 0.787402, 0.715608, 0.65036, 0.620002, 0.591061, 0.563471, 0.537169, 0.512095, 0.488191, 0.403224, 0.366459]
scaling input
scaling output
Iter 1/250 - Loss: 10.0973
Iter 2/250 - Loss: 9.2198
Iter 3/250 - Loss: 8.2055
Iter 4/250 - Loss: 7.3232
Iter 5/250 - Loss: 6.4080
Iter 6/250 - Loss: 5.5900
Iter 7/250 - Loss: 4.7940
Iter 8/250 - Loss: 4.0519
Iter 9/250 - Loss: 3.3847
Iter 10/250 - Loss: 2.8031
Iter 11/250 - Loss: 2.3185
Iter 12/250 - Loss: 1.9282
Iter 13/250 - Loss: 1.6186
Iter 14/250 - Loss: 1.3725
Iter 15/250 - Loss: 1.1730
Iter 16/250 - Loss: 1.0092
Iter 17/250 - Loss: 0.8773
Iter 18/250 - Loss: 0.7783
Iter 19/250 - Loss: 0.7133
Iter 20/250 - Loss: 0.6796
Iter 21/250 - Loss: 0.6680
Iter 22/250 - Loss: 0.6635
Iter 23/250 - Loss: 0.6487
Iter 24/250 - Loss: 0.6140
Iter 25/250 - Loss: 0.5587
Iter 26/250 - Loss: 0.4890
Iter 27/250 - Loss: 0.4137
Iter 28/250 - Loss: 0.3403
Iter 29/250 - Loss: 0.2725
Iter 30/250 - Loss: 0.2107
Iter 31/250 - Loss: 0.1545
Iter 32/250 - Loss: 0.1039
Iter 33/250 - Loss: 0.0582
Iter 34/250 - Loss: 0.0166
Iter 35/250 - Loss: -0.0219
Iter 36/250 - Loss: -0.0582
Iter 37/250 - Loss: -0.0932
Iter 38/250 - Loss: -0.1273
Iter 39/250 - Loss: -0.1608
Iter 40/250 - Loss: -0.1941
Iter 41/250 - Loss: -0.2270
Iter 42/250 - Loss: -0.2596
Iter 43/250 - Loss: -0.2915
Iter 44/250 - Loss: -0.3227
Iter 45/250 - Loss: -0.3527
Iter 46/250 - Loss: -0.3813
Iter 47/250 - Loss: -0.4082
Iter 48/250 - Loss: -0.4332
Iter 49/250 - Loss: -0.4564
Iter 50/250 - Loss: -0.4774
Iter 51/250 - Loss: -0.4965
Iter 52/250 - Loss: -0.5139
Iter 53/250 - Loss: -0.5295
Iter 54/250 - Loss: -0.5436
Iter 55/250 - Loss: -0.5564
Iter 56/250 - Loss: -0.5681
Iter 57/250 - Loss: -0.5789
Iter 58/250 - Loss: -0.5890
Iter 59/250 - Loss: -0.5987
Iter 60/250 - Loss: -0.6082
Iter 61/250 - Loss: -0.6178
Iter 62/250 - Loss: -0.6278
Iter 63/250 - Loss: -0.6382
Iter 64/250 - Loss: -0.6490
Iter 65/250 - Loss: -0.6600
Iter 66/250 - Loss: -0.6708
Iter 67/250 - Loss: -0.6807
Iter 68/250 - Loss: -0.6898
Iter 69/250 - Loss: -0.6976
Iter 70/250 - Loss: -0.7042
Iter 71/250 - Loss: -0.7097
Iter 72/250 - Loss: -0.7146
Iter 73/250 - Loss: -0.7192
Iter 74/250 - Loss: -0.7237
Iter 75/250 - Loss: -0.7282
Iter 76/250 - Loss: -0.7328
Iter 77/250 - Loss: -0.7377
Iter 78/250 - Loss: -0.7429
Iter 79/250 - Loss: -0.7485
Iter 80/250 - Loss: -0.7540
Iter 81/250 - Loss: -0.7591
Iter 82/250 - Loss: -0.7633
Iter 83/250 - Loss: -0.7667
Iter 84/250 - Loss: -0.7694
Iter 85/250 - Loss: -0.7717
Iter 86/250 - Loss: -0.7739
Iter 87/250 - Loss: -0.7761
Iter 88/250 - Loss: -0.7786
Iter 89/250 - Loss: -0.7812
Iter 90/250 - Loss: -0.7840
Iter 91/250 - Loss: -0.7868
Iter 92/250 - Loss: -0.7894
Iter 93/250 - Loss: -0.7917
Iter 94/250 - Loss: -0.7937
Iter 95/250 - Loss: -0.7953
Iter 96/250 - Loss: -0.7967
Iter 97/250 - Loss: -0.7980
Iter 98/250 - Loss: -0.7992
Iter 99/250 - Loss: -0.8005
Iter 100/250 - Loss: -0.8018
Iter 101/250 - Loss: -0.8030
Iter 102/250 - Loss: -0.8042
Iter 103/250 - Loss: -0.8052
Iter 104/250 - Loss: -0.8060
Iter 105/250 - Loss: -0.8065
Iter 106/250 - Loss: -0.8069
Iter 107/250 - Loss: -0.8077
Iter 108/250 - Loss: -0.8084
Iter 109/250 - Loss: -0.8091
Iter 110/250 - Loss: -0.8096
Iter 111/250 - Loss: -0.8104
Iter 112/250 - Loss: -0.8110
Iter 113/250 - Loss: -0.8116
Iter 114/250 - Loss: -0.8123
Iter 115/250 - Loss: -0.8127
Iter 116/250 - Loss: -0.8134
Iter 117/250 - Loss: -0.8136
Iter 118/250 - Loss: -0.8143
Iter 119/250 - Loss: -0.8146
Iter 120/250 - Loss: -0.8152
Iter 121/250 - Loss: -0.8155
Iter 122/250 - Loss: -0.8160
Iter 123/250 - Loss: -0.8164
Iter 124/250 - Loss: -0.8168
Iter 125/250 - Loss: -0.8171
Iter 126/250 - Loss: -0.8175
Iter 127/250 - Loss: -0.8178
Iter 128/250 - Loss: -0.8182
Iter 129/250 - Loss: -0.8185
Iter 130/250 - Loss: -0.8188
Iter 131/250 - Loss: -0.8191
Iter 132/250 - Loss: -0.8195
Iter 133/250 - Loss: -0.8197
Iter 134/250 - Loss: -0.8201
Iter 135/250 - Loss: -0.8203
Iter 136/250 - Loss: -0.8206
Iter 137/250 - Loss: -0.8209
Iter 138/250 - Loss: -0.8211
Iter 139/250 - Loss: -0.8214
Iter 140/250 - Loss: -0.8216
Iter 141/250 - Loss: -0.8219
Iter 142/250 - Loss: -0.8221
Iter 143/250 - Loss: -0.8224
Iter 144/250 - Loss: -0.8226
Iter 145/250 - Loss: -0.8228
Iter 146/250 - Loss: -0.8230
Iter 147/250 - Loss: -0.8233
Iter 148/250 - Loss: -0.8235
Iter 149/250 - Loss: -0.8237
Iter 150/250 - Loss: -0.8239
Iter 151/250 - Loss: -0.8241
Iter 152/250 - Loss: -0.8244
Iter 153/250 - Loss: -0.8246
Iter 154/250 - Loss: -0.8248
Iter 155/250 - Loss: -0.8250
Iter 156/250 - Loss: -0.8252
Iter 157/250 - Loss: -0.8254
Iter 158/250 - Loss: -0.8256
Iter 159/250 - Loss: -0.8258
Iter 160/250 - Loss: -0.8260
Iter 161/250 - Loss: -0.8262
Iter 162/250 - Loss: -0.8264
Iter 163/250 - Loss: -0.8266
Iter 164/250 - Loss: -0.8268
Iter 165/250 - Loss: -0.8270
Iter 166/250 - Loss: -0.8272
Iter 167/250 - Loss: -0.8274
Iter 168/250 - Loss: -0.8276
Iter 169/250 - Loss: -0.8278
Iter 170/250 - Loss: -0.8280
Iter 171/250 - Loss: -0.8282
Iter 172/250 - Loss: -0.8284
Iter 173/250 - Loss: -0.8286
Iter 174/250 - Loss: -0.8288
Iter 175/250 - Loss: -0.8290
Iter 176/250 - Loss: -0.8292
Iter 177/250 - Loss: -0.8294
Iter 178/250 - Loss: -0.8297
Iter 179/250 - Loss: -0.8299
Iter 180/250 - Loss: -0.8300
Iter 181/250 - Loss: -0.8302
Iter 182/250 - Loss: -0.8305
Iter 183/250 - Loss: -0.8307
Iter 184/250 - Loss: -0.8309
Iter 185/250 - Loss: -0.8311
Iter 186/250 - Loss: -0.8313
Iter 187/250 - Loss: -0.8316
Iter 188/250 - Loss: -0.8318
Iter 189/250 - Loss: -0.8320
Iter 190/250 - Loss: -0.8322
Iter 191/250 - Loss: -0.8324
Iter 192/250 - Loss: -0.8327
Iter 193/250 - Loss: -0.8329
Iter 194/250 - Loss: -0.8331
Iter 195/250 - Loss: -0.8334
Iter 196/250 - Loss: -0.8336
Iter 197/250 - Loss: -0.8339
Iter 198/250 - Loss: -0.8341
Iter 199/250 - Loss: -0.8343
Iter 200/250 - Loss: -0.8346
Iter 201/250 - Loss: -0.8348
Iter 202/250 - Loss: -0.8351
Iter 203/250 - Loss: -0.8353
Iter 204/250 - Loss: -0.8355
Iter 205/250 - Loss: -0.8358
Iter 206/250 - Loss: -0.8360
Iter 207/250 - Loss: -0.8363
Iter 208/250 - Loss: -0.8365
Iter 209/250 - Loss: -0.8368
Iter 210/250 - Loss: -0.8370
Iter 211/250 - Loss: -0.8373
Iter 212/250 - Loss: -0.8375
Iter 213/250 - Loss: -0.8378
Iter 214/250 - Loss: -0.8380
Iter 215/250 - Loss: -0.8382
Iter 216/250 - Loss: -0.8384
Iter 217/250 - Loss: -0.8387
Iter 218/250 - Loss: -0.8389
Iter 219/250 - Loss: -0.8391
Iter 220/250 - Loss: -0.8393
Iter 221/250 - Loss: -0.8396
Iter 222/250 - Loss: -0.8398
Iter 223/250 - Loss: -0.8400
Iter 224/250 - Loss: -0.8402
Iter 225/250 - Loss: -0.8404
Iter 226/250 - Loss: -0.8406
Iter 227/250 - Loss: -0.8408
Iter 228/250 - Loss: -0.8410
Iter 229/250 - Loss: -0.8410
Iter 230/250 - Loss: -0.8408
Iter 231/250 - Loss: -0.8406
Iter 232/250 - Loss: -0.8411
Iter 233/250 - Loss: -0.8418
Iter 234/250 - Loss: -0.8417
Iter 235/250 - Loss: -0.8417
Iter 236/250 - Loss: -0.8422
Iter 237/250 - Loss: -0.8424
Iter 238/250 - Loss: -0.8423
Iter 239/250 - Loss: -0.8427
Iter 240/250 - Loss: -0.8428
Iter 241/250 - Loss: -0.8428
Iter 242/250 - Loss: -0.8432
Iter 243/250 - Loss: -0.8432
Iter 244/250 - Loss: -0.8434
Iter 245/250 - Loss: -0.8436
Iter 246/250 - Loss: -0.8436
Iter 247/250 - Loss: -0.8438
Iter 248/250 - Loss: -0.8439
Iter 249/250 - Loss: -0.8440
Iter 250/250 - Loss: -0.8442
now training with smaller learning rate
Iter 1/250 - Loss: -0.8443
Iter 2/250 - Loss: -0.8439
Iter 3/250 - Loss: -0.8448
Iter 4/250 - Loss: -0.8448
Iter 5/250 - Loss: -0.8449
Iter 6/250 - Loss: -0.8454
Iter 7/250 - Loss: -0.8457
Iter 8/250 - Loss: -0.8458
Iter 9/250 - Loss: -0.8460
Iter 10/250 - Loss: -0.8463
Iter 11/250 - Loss: -0.8466
Iter 12/250 - Loss: -0.8468
Iter 13/250 - Loss: -0.8470
Iter 14/250 - Loss: -0.8472
Iter 15/250 - Loss: -0.8475
Iter 16/250 - Loss: -0.8477
Iter 17/250 - Loss: -0.8480
Iter 18/250 - Loss: -0.8482
Iter 19/250 - Loss: -0.8484
Iter 20/250 - Loss: -0.8488
Iter 21/250 - Loss: -0.8491
Iter 22/250 - Loss: -0.8493
Iter 23/250 - Loss: -0.8496
Iter 24/250 - Loss: -0.8499
Iter 25/250 - Loss: -0.8503
Iter 26/250 - Loss: -0.8507
Iter 27/250 - Loss: -0.8511
Iter 28/250 - Loss: -0.8515
Iter 29/250 - Loss: -0.8520
Iter 30/250 - Loss: -0.8524
Iter 31/250 - Loss: -0.8529
Iter 32/250 - Loss: -0.8534
Iter 33/250 - Loss: -0.8540
Iter 34/250 - Loss: -0.8546
Iter 35/250 - Loss: -0.8552
Iter 36/250 - Loss: -0.8558
Iter 37/250 - Loss: -0.8565
Iter 38/250 - Loss: -0.8571
Iter 39/250 - Loss: -0.8578
Iter 40/250 - Loss: -0.8584
Iter 41/250 - Loss: -0.8590
Iter 42/250 - Loss: -0.8596
Iter 43/250 - Loss: -0.8602
Iter 44/250 - Loss: -0.8608
Iter 45/250 - Loss: -0.8613
Iter 46/250 - Loss: -0.8618
Iter 47/250 - Loss: -0.8622
Iter 48/250 - Loss: -0.8626
Iter 49/250 - Loss: -0.8630
Iter 50/250 - Loss: -0.8634
Iter 51/250 - Loss: -0.8638
Iter 52/250 - Loss: -0.8641
Iter 53/250 - Loss: -0.8645
Iter 54/250 - Loss: -0.8648
Iter 55/250 - Loss: -0.8653
Iter 56/250 - Loss: -0.8656
Iter 57/250 - Loss: -0.8660
Iter 58/250 - Loss: -0.8663
Iter 59/250 - Loss: -0.8667
Iter 60/250 - Loss: -0.8671
Iter 61/250 - Loss: -0.8674
Iter 62/250 - Loss: -0.8678
Iter 63/250 - Loss: -0.8680
Iter 64/250 - Loss: -0.8683
Iter 65/250 - Loss: -0.8686
Iter 66/250 - Loss: -0.8689
Iter 67/250 - Loss: -0.8692
Iter 68/250 - Loss: -0.8695
Iter 69/250 - Loss: -0.8697
Iter 70/250 - Loss: -0.8700
Iter 71/250 - Loss: -0.8703
Iter 72/250 - Loss: -0.8705
Iter 73/250 - Loss: -0.8708
Iter 74/250 - Loss: -0.8710
Iter 75/250 - Loss: -0.8713
Iter 76/250 - Loss: -0.8715
Iter 77/250 - Loss: -0.8718
Iter 78/250 - Loss: -0.8719
Iter 79/250 - Loss: -0.8722
Iter 80/250 - Loss: -0.8724
Iter 81/250 - Loss: -0.8725
Iter 82/250 - Loss: -0.8728
Iter 83/250 - Loss: -0.8730
Iter 84/250 - Loss: -0.8732
Iter 85/250 - Loss: -0.8733
Iter 86/250 - Loss: -0.8735
Iter 87/250 - Loss: -0.8737
Iter 88/250 - Loss: -0.8739
Iter 89/250 - Loss: -0.8740
Iter 90/250 - Loss: -0.8741
Iter 91/250 - Loss: -0.8743
Iter 92/250 - Loss: -0.8745
Iter 93/250 - Loss: -0.8746
Iter 94/250 - Loss: -0.8748
Iter 95/250 - Loss: -0.8749
Iter 96/250 - Loss: -0.8750
Iter 97/250 - Loss: -0.8751
Iter 98/250 - Loss: -0.8753
Iter 99/250 - Loss: -0.8755
Iter 100/250 - Loss: -0.8756
Iter 101/250 - Loss: -0.8757
Iter 102/250 - Loss: -0.8759
Iter 103/250 - Loss: -0.8760
Iter 104/250 - Loss: -0.8761
Iter 105/250 - Loss: -0.8762
Iter 106/250 - Loss: -0.8763
Iter 107/250 - Loss: -0.8764
Iter 108/250 - Loss: -0.8764
Iter 109/250 - Loss: -0.8766
Iter 110/250 - Loss: -0.8768
Iter 111/250 - Loss: -0.8767
Iter 112/250 - Loss: -0.8770
Iter 113/250 - Loss: -0.8770
Iter 114/250 - Loss: -0.8770
Iter 115/250 - Loss: -0.8772
Iter 116/250 - Loss: -0.8774
Iter 117/250 - Loss: -0.8774
Iter 118/250 - Loss: -0.8774
Iter 119/250 - Loss: -0.8776
Iter 120/250 - Loss: -0.8777
Iter 121/250 - Loss: -0.8777
Iter 122/250 - Loss: -0.8778
Iter 123/250 - Loss: -0.8779
Iter 124/250 - Loss: -0.8780
Iter 125/250 - Loss: -0.8781
Iter 126/250 - Loss: -0.8783
Iter 127/250 - Loss: -0.8782
Iter 128/250 - Loss: -0.8784
Iter 129/250 - Loss: -0.8785
Iter 130/250 - Loss: -0.8786
Iter 131/250 - Loss: -0.8787
Iter 132/250 - Loss: -0.8788
Iter 133/250 - Loss: -0.8788
Iter 134/250 - Loss: -0.8789
Iter 135/250 - Loss: -0.8793
Iter 136/250 - Loss: -0.8791
Iter 137/250 - Loss: -0.8793
Iter 138/250 - Loss: -0.8794
Iter 139/250 - Loss: -0.8794
Iter 140/250 - Loss: -0.8795
Iter 141/250 - Loss: -0.8795
Iter 142/250 - Loss: -0.8797
Iter 143/250 - Loss: -0.8797
Iter 144/250 - Loss: -0.8798
Iter 145/250 - Loss: -0.8799
Iter 146/250 - Loss: -0.8799
Iter 147/250 - Loss: -0.8799
Iter 148/250 - Loss: -0.8800
Iter 149/250 - Loss: -0.8800
Iter 150/250 - Loss: -0.8801
Iter 151/250 - Loss: -0.8801
Iter 152/250 - Loss: -0.8801
Iter 153/250 - Loss: -0.8802
Iter 154/250 - Loss: -0.8803
Iter 155/250 - Loss: -0.8802
Iter 156/250 - Loss: -0.8803
Iter 157/250 - Loss: -0.8804
Iter 158/250 - Loss: -0.8803
Iter 159/250 - Loss: -0.8804
Iter 160/250 - Loss: -0.8805
Iter 161/250 - Loss: -0.8803
Iter 162/250 - Loss: -0.8805
Iter 163/250 - Loss: -0.8806
Iter 164/250 - Loss: -0.8807
Iter 165/250 - Loss: -0.8806
Iter 166/250 - Loss: -0.8807
Iter 167/250 - Loss: -0.8808
Iter 168/250 - Loss: -0.8807
Iter 169/250 - Loss: -0.8809
Iter 170/250 - Loss: -0.8809
Iter 171/250 - Loss: -0.8809
Iter 172/250 - Loss: -0.8809
Iter 173/250 - Loss: -0.8810
Iter 174/250 - Loss: -0.8809
Iter 175/250 - Loss: -0.8809
Iter 176/250 - Loss: -0.8810
Iter 177/250 - Loss: -0.8810
Iter 178/250 - Loss: -0.8811
Iter 179/250 - Loss: -0.8811
Iter 180/250 - Loss: -0.8813
Iter 181/250 - Loss: -0.8814
Iter 182/250 - Loss: -0.8813
Iter 183/250 - Loss: -0.8813
Iter 184/250 - Loss: -0.8814
Iter 185/250 - Loss: -0.8813
Iter 186/250 - Loss: -0.8815
Iter 187/250 - Loss: -0.8814
Iter 188/250 - Loss: -0.8814
Iter 189/250 - Loss: -0.8814
Iter 190/250 - Loss: -0.8815
Iter 191/250 - Loss: -0.8815
Iter 192/250 - Loss: -0.8816
Iter 193/250 - Loss: -0.8815
Iter 194/250 - Loss: -0.8817
Iter 195/250 - Loss: -0.8817
Iter 196/250 - Loss: -0.8817
Iter 197/250 - Loss: -0.8818
Iter 198/250 - Loss: -0.8818
Iter 199/250 - Loss: -0.8819
Iter 200/250 - Loss: -0.8819
Iter 201/250 - Loss: -0.8819
Iter 202/250 - Loss: -0.8819
Iter 203/250 - Loss: -0.8819
Iter 204/250 - Loss: -0.8820
Iter 205/250 - Loss: -0.8821
Iter 206/250 - Loss: -0.8821
Iter 207/250 - Loss: -0.8821
Iter 208/250 - Loss: -0.8823
Iter 209/250 - Loss: -0.8821
Iter 210/250 - Loss: -0.8823
Iter 211/250 - Loss: -0.8823
Iter 212/250 - Loss: -0.8822
Iter 213/250 - Loss: -0.8823
Iter 214/250 - Loss: -0.8823
Iter 215/250 - Loss: -0.8823
Iter 216/250 - Loss: -0.8825
Iter 217/250 - Loss: -0.8824
Iter 218/250 - Loss: -0.8826
Iter 219/250 - Loss: -0.8826
Iter 220/250 - Loss: -0.8826
Iter 221/250 - Loss: -0.8827
Iter 222/250 - Loss: -0.8826
Iter 223/250 - Loss: -0.8826
Iter 224/250 - Loss: -0.8826
Iter 225/250 - Loss: -0.8827
Iter 226/250 - Loss: -0.8827
Iter 227/250 - Loss: -0.8828
Iter 228/250 - Loss: -0.8829
Iter 229/250 - Loss: -0.8829
Iter 230/250 - Loss: -0.8830
Iter 231/250 - Loss: -0.8830
Iter 232/250 - Loss: -0.8830
Iter 233/250 - Loss: -0.8831
Iter 234/250 - Loss: -0.8830
Iter 235/250 - Loss: -0.8833
Iter 236/250 - Loss: -0.8833
Iter 237/250 - Loss: -0.8833
Iter 238/250 - Loss: -0.8832
Iter 239/250 - Loss: -0.8834
Iter 240/250 - Loss: -0.8834
Iter 241/250 - Loss: -0.8834
Iter 242/250 - Loss: -0.8833
Iter 243/250 - Loss: -0.8834
Iter 244/250 - Loss: -0.8835
Iter 245/250 - Loss: -0.8835
Iter 246/250 - Loss: -0.8836
Iter 247/250 - Loss: -0.8835
Iter 248/250 - Loss: -0.8836
Iter 249/250 - Loss: -0.8836
Iter 250/250 - Loss: -0.8837
