prev {'d': 0.5486733711742084, 'e': 1.1861583720175841, 'f': 2.333898490677236, 'g': 1.2748450034325174}
Starting ML Fit
Box28_1400
       message: Optimization terminated successfully.
       success: True
        status: 0
           fun: 18380.95292694017
             x: [ 5.769e-01  1.212e+00  2.337e+00  1.305e+00]
           nit: 111
          nfev: 194
 final_simplex: (array([[ 5.769e-01,  1.212e+00,  2.337e+00,  1.305e+00],
                       [ 5.769e-01,  1.212e+00,  2.337e+00,  1.305e+00],
                       ...,
                       [ 5.769e-01,  1.212e+00,  2.337e+00,  1.305e+00],
                       [ 5.769e-01,  1.212e+00,  2.337e+00,  1.305e+00]]), array([ 1.838e+04,  1.838e+04,  1.838e+04,  1.838e+04,
                        1.838e+04]))
   param_names: ['d', 'e', 'f', 'g']
[0.57686299 1.21176147 2.33676022 1.30489455]
{'d': 0.5768629888505753, 'e': 1.2117614685827802, 'f': 2.336760215235108, 'g': 1.3048945518437316}
Previous:  {'d': 0.5486733711742084, 'e': 1.1861583720175841, 'f': 2.333898490677236, 'g': 1.2748450034325174}
