prev {'d': 0.43052403241503845, 'e': 1.1935102085988443, 'f': 2.3245551866583085, 'g': 1.2478659416306397}
Starting ML Fit
Box95_1400
       message: Optimization terminated successfully.
       success: True
        status: 0
           fun: 3512.8725476452973
             x: [ 4.228e-01  1.187e+00  2.325e+00  1.247e+00]
           nit: 84
          nfev: 150
 final_simplex: (array([[ 4.228e-01,  1.187e+00,  2.325e+00,  1.247e+00],
                       [ 4.228e-01,  1.187e+00,  2.325e+00,  1.247e+00],
                       ...,
                       [ 4.228e-01,  1.187e+00,  2.325e+00,  1.247e+00],
                       [ 4.228e-01,  1.187e+00,  2.325e+00,  1.247e+00]]), array([ 3.513e+03,  3.513e+03,  3.513e+03,  3.513e+03,
                        3.513e+03]))
   param_names: ['d', 'e', 'f', 'g']
[0.42284464 1.18695673 2.32461605 1.24736172]
{'d': 0.4228446442114746, 'e': 1.1869567304749187, 'f': 2.3246160531141733, 'g': 1.2473617249065174}
Previous:  {'d': 0.43052403241503845, 'e': 1.1935102085988443, 'f': 2.3245551866583085, 'g': 1.2478659416306397}
