prev {'d': 0.45343770852854687, 'e': 0.9947939321933026, 'f': 2.34529167169111, 'g': 1.2541178660843566}
Starting ML Fit
Box23_1400
       message: Optimization terminated successfully.
       success: True
        status: 0
           fun: 8738.271110572714
             x: [ 4.498e-01  1.003e+00  2.344e+00  1.253e+00]
           nit: 76
          nfev: 138
 final_simplex: (array([[ 4.498e-01,  1.003e+00,  2.344e+00,  1.253e+00],
                       [ 4.497e-01,  1.003e+00,  2.344e+00,  1.253e+00],
                       ...,
                       [ 4.498e-01,  1.003e+00,  2.344e+00,  1.253e+00],
                       [ 4.498e-01,  1.003e+00,  2.344e+00,  1.253e+00]]), array([ 8.738e+03,  8.738e+03,  8.738e+03,  8.738e+03,
                        8.738e+03]))
   param_names: ['d', 'e', 'f', 'g']
[0.44975025 1.0031488  2.34378335 1.25309351]
{'d': 0.44975025225060783, 'e': 1.003148797881711, 'f': 2.3437833458486783, 'g': 1.2530935056417394}
Previous:  {'d': 0.45343770852854687, 'e': 0.9947939321933026, 'f': 2.34529167169111, 'g': 1.2541178660843566}
