prev {'d': 0.4942507293806887, 'e': 1.0192321166087073, 'f': 2.281954418900864, 'g': 1.2443598326065195}
Starting ML Fit
Box_n50_15_1400
       message: Optimization terminated successfully.
       success: True
        status: 0
           fun: 16435.368353683938
             x: [ 4.784e-01  1.016e+00  2.282e+00  1.245e+00]
           nit: 109
          nfev: 191
 final_simplex: (array([[ 4.784e-01,  1.016e+00,  2.282e+00,  1.245e+00],
                       [ 4.784e-01,  1.016e+00,  2.282e+00,  1.245e+00],
                       ...,
                       [ 4.784e-01,  1.016e+00,  2.282e+00,  1.245e+00],
                       [ 4.784e-01,  1.016e+00,  2.282e+00,  1.245e+00]]), array([ 1.644e+04,  1.644e+04,  1.644e+04,  1.644e+04,
                        1.644e+04]))
   param_names: ['d', 'e', 'f', 'g']
[0.47841598 1.01611074 2.28183574 1.24495976]
{'d': 0.47841597958278725, 'e': 1.0161107413754311, 'f': 2.2818357365977726, 'g': 1.2449597600263003}
Previous:  {'d': 0.4942507293806887, 'e': 1.0192321166087073, 'f': 2.281954418900864, 'g': 1.2443598326065195}
