prev {'d': 0.5053694644959773, 'e': 1.0880236915514254, 'f': 2.3813695085286994, 'g': 1.277345709396253}
Starting ML Fit
Box11_1400
       message: Optimization terminated successfully.
       success: True
        status: 0
           fun: 20639.98352986196
             x: [ 4.883e-01  1.071e+00  2.381e+00  1.277e+00]
           nit: 117
          nfev: 207
 final_simplex: (array([[ 4.883e-01,  1.071e+00,  2.381e+00,  1.277e+00],
                       [ 4.883e-01,  1.071e+00,  2.381e+00,  1.277e+00],
                       ...,
                       [ 4.883e-01,  1.071e+00,  2.381e+00,  1.277e+00],
                       [ 4.883e-01,  1.071e+00,  2.381e+00,  1.277e+00]]), array([ 2.064e+04,  2.064e+04,  2.064e+04,  2.064e+04,
                        2.064e+04]))
   param_names: ['d', 'e', 'f', 'g']
[0.48828102 1.07056961 2.38144787 1.27691883]
{'d': 0.4882810246422319, 'e': 1.070569610484014, 'f': 2.381447874827665, 'g': 1.2769188280363033}
Previous:  {'d': 0.5053694644959773, 'e': 1.0880236915514254, 'f': 2.3813695085286994, 'g': 1.277345709396253}
