prev {'d': 0.48840364485830395, 'e': 1.3530123718551945, 'f': 2.293950977357838, 'g': 1.2128091757623174}
Starting ML Fit
Box32_1400
       message: Optimization terminated successfully.
       success: True
        status: 0
           fun: 6516.487681937233
             x: [ 4.834e-01  1.364e+00  2.291e+00  1.211e+00]
           nit: 71
          nfev: 135
 final_simplex: (array([[ 4.834e-01,  1.364e+00,  2.291e+00,  1.211e+00],
                       [ 4.834e-01,  1.364e+00,  2.291e+00,  1.211e+00],
                       ...,
                       [ 4.834e-01,  1.364e+00,  2.291e+00,  1.211e+00],
                       [ 4.834e-01,  1.364e+00,  2.291e+00,  1.211e+00]]), array([ 6.516e+03,  6.516e+03,  6.516e+03,  6.516e+03,
                        6.516e+03]))
   param_names: ['d', 'e', 'f', 'g']
[0.48339791 1.36441729 2.29087628 1.21107825]
{'d': 0.4833979120820645, 'e': 1.3644172912627694, 'f': 2.2908762759370322, 'g': 1.2110782513439222}
Previous:  {'d': 0.48840364485830395, 'e': 1.3530123718551945, 'f': 2.293950977357838, 'g': 1.2128091757623174}
