no change     /oak/stanford/orgs/kipac/users/delon/miniconda3/condabin/conda
no change     /oak/stanford/orgs/kipac/users/delon/miniconda3/bin/conda
no change     /oak/stanford/orgs/kipac/users/delon/miniconda3/bin/conda-env
no change     /oak/stanford/orgs/kipac/users/delon/miniconda3/bin/activate
no change     /oak/stanford/orgs/kipac/users/delon/miniconda3/bin/deactivate
no change     /oak/stanford/orgs/kipac/users/delon/miniconda3/etc/profile.d/conda.sh
no change     /oak/stanford/orgs/kipac/users/delon/miniconda3/etc/fish/conf.d/conda.fish
no change     /oak/stanford/orgs/kipac/users/delon/miniconda3/shell/condabin/Conda.psm1
no change     /oak/stanford/orgs/kipac/users/delon/miniconda3/shell/condabin/conda-hook.ps1
no change     /oak/stanford/orgs/kipac/users/delon/miniconda3/lib/python3.10/site-packages/xontrib/conda.xsh
no change     /oak/stanford/orgs/kipac/users/delon/miniconda3/etc/profile.d/conda.csh
no change     /home/users/delon/.bashrc
No action taken.
['As', 'ns', 'H0', 'w0', 'ombh2', 'omch2', 'nu_mass_ev', 'sigma']
['As', 'ns', 'H0', 'w0', 'ombh2', 'omch2', 'nu_mass_ev', 'sigma']
Starting ML Fit
Box_n50_46_1400
       message: Optimization terminated successfully.
       success: True
        status: 0
           fun: 40056.21628871619
             x: [ 3.569e-01  2.732e-01  2.499e-01  7.573e-01  1.861e+00
                  1.889e-01  1.230e+00  8.045e-02]
           nit: 1562
          nfev: 2300
 final_simplex: (array([[ 3.569e-01,  2.732e-01, ...,  1.230e+00,
                         8.045e-02],
                       [ 3.568e-01,  2.732e-01, ...,  1.230e+00,
                         8.048e-02],
                       ...,
                       [ 3.569e-01,  2.732e-01, ...,  1.230e+00,
                         8.048e-02],
                       [ 3.568e-01,  2.732e-01, ...,  1.230e+00,
                         8.048e-02]]), array([ 4.006e+04,  4.006e+04,  4.006e+04,  4.006e+04,
                        4.006e+04,  4.006e+04,  4.006e+04,  4.006e+04,
                        4.006e+04]))
   param_names: ['d0', 'd1', 'e0', 'e1', 'f0', 'f1', 'g0', 'g1']
[0.35685033 0.27323724 0.24990987 0.75729567 1.86110943 0.18891108
 1.22963733 0.08045304]
(10000, 64, 8)
