prev {'d': 0.41877762514498107, 'e': 0.843851173229772, 'f': 2.349069932272484, 'g': 1.2487231348751024}
Starting ML Fit
Box_n50_40_1400
       message: Optimization terminated successfully.
       success: True
        status: 0
           fun: 4915.851431163066
             x: [ 4.128e-01  8.429e-01  2.349e+00  1.244e+00]
           nit: 90
          nfev: 160
 final_simplex: (array([[ 4.128e-01,  8.429e-01,  2.349e+00,  1.244e+00],
                       [ 4.128e-01,  8.429e-01,  2.349e+00,  1.244e+00],
                       ...,
                       [ 4.128e-01,  8.429e-01,  2.349e+00,  1.244e+00],
                       [ 4.128e-01,  8.430e-01,  2.349e+00,  1.244e+00]]), array([ 4.916e+03,  4.916e+03,  4.916e+03,  4.916e+03,
                        4.916e+03]))
   param_names: ['d', 'e', 'f', 'g']
[0.41281932 0.84290864 2.3487261  1.24426436]
{'d': 0.41281932000225, 'e': 0.8429086433643047, 'f': 2.3487261008523275, 'g': 1.2442643602689971}
Previous:  {'d': 0.41877762514498107, 'e': 0.843851173229772, 'f': 2.349069932272484, 'g': 1.2487231348751024}
