prev {'d': 0.5288169627956, 'e': 1.12, 'f': 2.3235554777742466, 'g': 1.2847645464014752}
Starting ML Fit
Box_n50_43_1400
       message: Optimization terminated successfully.
       success: True
        status: 0
           fun: 6664.986451152298
             x: [ 5.299e-01  1.145e+00  2.320e+00  1.291e+00]
           nit: 80
          nfev: 145
 final_simplex: (array([[ 5.299e-01,  1.145e+00,  2.320e+00,  1.291e+00],
                       [ 5.299e-01,  1.145e+00,  2.320e+00,  1.291e+00],
                       ...,
                       [ 5.299e-01,  1.145e+00,  2.320e+00,  1.291e+00],
                       [ 5.299e-01,  1.145e+00,  2.320e+00,  1.291e+00]]), array([ 6.665e+03,  6.665e+03,  6.665e+03,  6.665e+03,
                        6.665e+03]))
   param_names: ['d', 'e', 'f', 'g']
[0.52992305 1.1446811  2.32030622 1.29145308]
{'d': 0.5299230455567248, 'e': 1.144681102390401, 'f': 2.3203062199653575, 'g': 1.2914530841664422}
Previous:  {'d': 0.5288169627956, 'e': 1.12, 'f': 2.3235554777742466, 'g': 1.2847645464014752}
