prev {'d': 0.4270143135036898, 'e': 0.9020979330062957, 'f': 2.328848963696645, 'g': 1.2852780295793003}
Starting ML Fit
Box48_1400
       message: Optimization terminated successfully.
       success: True
        status: 0
           fun: 7015.725696144914
             x: [ 4.220e-01  8.689e-01  2.329e+00  1.284e+00]
           nit: 90
          nfev: 158
 final_simplex: (array([[ 4.220e-01,  8.689e-01,  2.329e+00,  1.284e+00],
                       [ 4.220e-01,  8.689e-01,  2.329e+00,  1.284e+00],
                       ...,
                       [ 4.220e-01,  8.689e-01,  2.329e+00,  1.284e+00],
                       [ 4.220e-01,  8.689e-01,  2.329e+00,  1.284e+00]]), array([ 7.016e+03,  7.016e+03,  7.016e+03,  7.016e+03,
                        7.016e+03]))
   param_names: ['d', 'e', 'f', 'g']
[0.42196318 0.86892491 2.32900995 1.28449023]
{'d': 0.4219631847267857, 'e': 0.8689249085219669, 'f': 2.3290099456763826, 'g': 1.2844902311346225}
Previous:  {'d': 0.4270143135036898, 'e': 0.9020979330062957, 'f': 2.328848963696645, 'g': 1.2852780295793003}
