prev {'d': 0.5143593789963743, 'e': 0.8609854799405579, 'f': 2.337376088748244, 'g': 1.3493017120240909}
Starting ML Fit
Box31_1400
       message: Optimization terminated successfully.
       success: True
        status: 0
           fun: 20361.518080016966
             x: [ 5.007e-01  6.343e-01  2.283e+00  1.392e+00]
           nit: 98
          nfev: 170
 final_simplex: (array([[ 5.007e-01,  6.343e-01,  2.283e+00,  1.392e+00],
                       [ 5.007e-01,  6.343e-01,  2.283e+00,  1.392e+00],
                       ...,
                       [ 5.007e-01,  6.343e-01,  2.283e+00,  1.392e+00],
                       [ 5.007e-01,  6.343e-01,  2.283e+00,  1.392e+00]]), array([ 2.036e+04,  2.036e+04,  2.036e+04,  2.036e+04,
                        2.036e+04]))
   param_names: ['d', 'e', 'f', 'g']
[0.50069364 0.63432902 2.28306075 1.39237604]
{'d': 0.5006936354725129, 'e': 0.63432901511184, 'f': 2.2830607488971997, 'g': 1.3923760437918538}
Previous:  {'d': 0.5143593789963743, 'e': 0.8609854799405579, 'f': 2.337376088748244, 'g': 1.3493017120240909}
