prev {'d': 0.4453325522653452, 'e': 0.9146443835637812, 'f': 2.26790304457021, 'g': 1.2895028535116704}
Starting ML Fit
Box78_1400
       message: Optimization terminated successfully.
       success: True
        status: 0
           fun: 8313.599787406594
             x: [ 4.409e-01  9.264e-01  2.265e+00  1.281e+00]
           nit: 122
          nfev: 202
 final_simplex: (array([[ 4.409e-01,  9.264e-01,  2.265e+00,  1.281e+00],
                       [ 4.409e-01,  9.264e-01,  2.265e+00,  1.281e+00],
                       ...,
                       [ 4.409e-01,  9.264e-01,  2.265e+00,  1.281e+00],
                       [ 4.409e-01,  9.264e-01,  2.265e+00,  1.281e+00]]), array([ 8.314e+03,  8.314e+03,  8.314e+03,  8.314e+03,
                        8.314e+03]))
   param_names: ['d', 'e', 'f', 'g']
[0.44088899 0.92640468 2.26544821 1.28149857]
{'d': 0.44088899494491474, 'e': 0.9264046839938076, 'f': 2.265448206862965, 'g': 1.2814985663136418}
Previous:  {'d': 0.4453325522653452, 'e': 0.9146443835637812, 'f': 2.26790304457021, 'g': 1.2895028535116704}
