prev {'d': 0.4725712902490584, 'e': 1.1218532357045194, 'f': 2.3269871424547492, 'g': 1.2686172998194176}
Starting ML Fit
Box40_1400
       message: Optimization terminated successfully.
       success: True
        status: 0
           fun: 14643.160882047108
             x: [ 4.571e-01  1.123e+00  2.327e+00  1.264e+00]
           nit: 105
          nfev: 185
 final_simplex: (array([[ 4.571e-01,  1.123e+00,  2.327e+00,  1.264e+00],
                       [ 4.571e-01,  1.123e+00,  2.327e+00,  1.264e+00],
                       ...,
                       [ 4.571e-01,  1.123e+00,  2.327e+00,  1.264e+00],
                       [ 4.571e-01,  1.123e+00,  2.327e+00,  1.264e+00]]), array([ 1.464e+04,  1.464e+04,  1.464e+04,  1.464e+04,
                        1.464e+04]))
   param_names: ['d', 'e', 'f', 'g']
[0.45707371 1.12318157 2.32695211 1.26411866]
{'d': 0.4570737115719101, 'e': 1.123181573539429, 'f': 2.326952107136478, 'g': 1.2641186639859252}
Previous:  {'d': 0.4725712902490584, 'e': 1.1218532357045194, 'f': 2.3269871424547492, 'g': 1.2686172998194176}
