prev {'d': 0.45274012165266986, 'e': 0.9095197085019275, 'f': 2.3796756755345356, 'g': 1.2946661104601649}
Starting ML Fit
Box_n50_3_1400
       message: Optimization terminated successfully.
       success: True
        status: 0
           fun: 7805.573247518788
             x: [ 4.433e-01  8.574e-01  2.380e+00  1.294e+00]
           nit: 85
          nfev: 156
 final_simplex: (array([[ 4.433e-01,  8.574e-01,  2.380e+00,  1.294e+00],
                       [ 4.433e-01,  8.574e-01,  2.380e+00,  1.294e+00],
                       ...,
                       [ 4.433e-01,  8.574e-01,  2.380e+00,  1.294e+00],
                       [ 4.433e-01,  8.574e-01,  2.380e+00,  1.294e+00]]), array([ 7.806e+03,  7.806e+03,  7.806e+03,  7.806e+03,
                        7.806e+03]))
   param_names: ['d', 'e', 'f', 'g']
[0.4433391  0.85740231 2.37988352 1.2937579 ]
{'d': 0.4433391030362027, 'e': 0.8574023092556255, 'f': 2.3798835168959, 'g': 1.2937578959285547}
Previous:  {'d': 0.45274012165266986, 'e': 0.9095197085019275, 'f': 2.3796756755345356, 'g': 1.2946661104601649}
