prev {'d': 0.3912338062019444, 'e': 0.9654336055274869, 'f': 2.3794502785599665, 'g': 1.267886441926043}
Starting ML Fit
Box7_1400
       message: Optimization terminated successfully.
       success: True
        status: 0
           fun: 1154.1963144110177
             x: [ 3.632e-01  9.678e-01  2.379e+00  1.255e+00]
           nit: 99
          nfev: 173
 final_simplex: (array([[ 3.632e-01,  9.678e-01,  2.379e+00,  1.255e+00],
                       [ 3.632e-01,  9.678e-01,  2.379e+00,  1.255e+00],
                       ...,
                       [ 3.631e-01,  9.678e-01,  2.379e+00,  1.255e+00],
                       [ 3.632e-01,  9.678e-01,  2.379e+00,  1.255e+00]]), array([ 1.154e+03,  1.154e+03,  1.154e+03,  1.154e+03,
                        1.154e+03]))
   param_names: ['d', 'e', 'f', 'g']
[0.36315215 0.96783562 2.37917168 1.25518738]
{'d': 0.36315215119102506, 'e': 0.9678356206168681, 'f': 2.379171679974912, 'g': 1.2551873829515219}
Previous:  {'d': 0.3912338062019444, 'e': 0.9654336055274869, 'f': 2.3794502785599665, 'g': 1.267886441926043}
