prev {'d': 0.4142589108722536, 'e': 0.9585135961798483, 'f': 2.3431769884825657, 'g': 1.2773772270598394}
Starting ML Fit
Box0_1400
       message: Optimization terminated successfully.
       success: True
        status: 0
           fun: 4569.455581713192
             x: [ 4.106e-01  9.539e-01  2.344e+00  1.278e+00]
           nit: 105
          nfev: 179
 final_simplex: (array([[ 4.106e-01,  9.539e-01,  2.344e+00,  1.278e+00],
                       [ 4.106e-01,  9.539e-01,  2.344e+00,  1.278e+00],
                       ...,
                       [ 4.106e-01,  9.539e-01,  2.344e+00,  1.278e+00],
                       [ 4.106e-01,  9.538e-01,  2.344e+00,  1.278e+00]]), array([ 4.569e+03,  4.569e+03,  4.569e+03,  4.569e+03,
                        4.569e+03]))
   param_names: ['d', 'e', 'f', 'g']
[0.41061253 0.95387014 2.34441723 1.27790743]
{'d': 0.41061253439073203, 'e': 0.9538701445285498, 'f': 2.3444172251271764, 'g': 1.2779074312577512}
Previous:  {'d': 0.4142589108722536, 'e': 0.9585135961798483, 'f': 2.3431769884825657, 'g': 1.2773772270598394}
