prev {'d': 0.46015017266488734, 'e': 0.9416490764281227, 'f': 2.336070638263738, 'g': 1.2936953159481706}
Starting ML Fit
Box39_1400
       message: Optimization terminated successfully.
       success: True
        status: 0
           fun: 5976.88308822867
             x: [ 4.577e-01  9.630e-01  2.334e+00  1.293e+00]
           nit: 102
          nfev: 187
 final_simplex: (array([[ 4.577e-01,  9.630e-01,  2.334e+00,  1.293e+00],
                       [ 4.577e-01,  9.630e-01,  2.334e+00,  1.293e+00],
                       ...,
                       [ 4.577e-01,  9.630e-01,  2.334e+00,  1.293e+00],
                       [ 4.577e-01,  9.630e-01,  2.334e+00,  1.293e+00]]), array([ 5.977e+03,  5.977e+03,  5.977e+03,  5.977e+03,
                        5.977e+03]))
   param_names: ['d', 'e', 'f', 'g']
[0.45767802 0.96295753 2.33414073 1.29278722]
{'d': 0.45767802481289666, 'e': 0.9629575314413662, 'f': 2.3341407344483804, 'g': 1.2927872244594698}
Previous:  {'d': 0.46015017266488734, 'e': 0.9416490764281227, 'f': 2.336070638263738, 'g': 1.2936953159481706}
