prev {'d': 0.4855482838824843, 'e': 1.0787060987787553, 'f': 2.238192238671154, 'g': 1.231583671859164}
Starting ML Fit
Box16_1400
       message: Optimization terminated successfully.
       success: True
        status: 0
           fun: 3525.8297468864757
             x: [ 4.775e-01  1.044e+00  2.238e+00  1.231e+00]
           nit: 80
          nfev: 150
 final_simplex: (array([[ 4.775e-01,  1.044e+00,  2.238e+00,  1.231e+00],
                       [ 4.775e-01,  1.044e+00,  2.238e+00,  1.231e+00],
                       ...,
                       [ 4.775e-01,  1.044e+00,  2.238e+00,  1.231e+00],
                       [ 4.775e-01,  1.044e+00,  2.238e+00,  1.231e+00]]), array([ 3.526e+03,  3.526e+03,  3.526e+03,  3.526e+03,
                        3.526e+03]))
   param_names: ['d', 'e', 'f', 'g']
[0.47746345 1.04380308 2.23831293 1.23122022]
{'d': 0.47746345023155823, 'e': 1.043803079558678, 'f': 2.2383129302804954, 'g': 1.2312202154163538}
Previous:  {'d': 0.4855482838824843, 'e': 1.0787060987787553, 'f': 2.238192238671154, 'g': 1.231583671859164}
