prev {'d': 0.4743485687913505, 'e': 0.6248968180052247, 'f': 2.322787749020979, 'g': 1.3912615079120028}
Starting ML Fit
Box31_1400
       message: Optimization terminated successfully.
       success: True
        status: 0
           fun: 6583.613844380969
             x: [ 4.710e-01  6.879e-01  2.320e+00  1.377e+00]
           nit: 105
          nfev: 190
 final_simplex: (array([[ 4.710e-01,  6.879e-01,  2.320e+00,  1.377e+00],
                       [ 4.710e-01,  6.879e-01,  2.320e+00,  1.377e+00],
                       ...,
                       [ 4.710e-01,  6.879e-01,  2.320e+00,  1.377e+00],
                       [ 4.710e-01,  6.879e-01,  2.320e+00,  1.377e+00]]), array([ 6.584e+03,  6.584e+03,  6.584e+03,  6.584e+03,
                        6.584e+03]))
   param_names: ['d', 'e', 'f', 'g']
[0.47099382 0.68787762 2.31958389 1.37670127]
{'d': 0.4709938207811343, 'e': 0.6878776208183958, 'f': 2.319583888862667, 'g': 1.3767012664984275}
Previous:  {'d': 0.4743485687913505, 'e': 0.6248968180052247, 'f': 2.322787749020979, 'g': 1.3912615079120028}
