Leaving out Box13_1400
alist [1.0, 0.953321, 0.866399, 0.787402, 0.715608, 0.65036, 0.620002, 0.591061, 0.563471, 0.537169, 0.512095, 0.488191, 0.403224, 0.366459]
(2030, 10)
(2030, 4)
scaling input
(2030, 10)
scaling output
(2030, 4)
Iter 1/300 - Loss: 3.1942
Iter 2/300 - Loss: 2.8098
Iter 3/300 - Loss: 2.4548
Iter 4/300 - Loss: 2.1345
Iter 5/300 - Loss: 1.8500
Iter 6/300 - Loss: 1.6008
Iter 7/300 - Loss: 1.3870
Iter 8/300 - Loss: 1.2115
Iter 9/300 - Loss: 1.0803
Iter 10/300 - Loss: 0.9975
Iter 11/300 - Loss: 0.9571
Iter 12/300 - Loss: 0.9426
Iter 13/300 - Loss: 0.9362
Iter 14/300 - Loss: 0.9264
Iter 15/300 - Loss: 0.9089
Iter 16/300 - Loss: 0.8828
Iter 17/300 - Loss: 0.8485
Iter 18/300 - Loss: 0.8058
Iter 19/300 - Loss: 0.7539
Iter 20/300 - Loss: 0.6930
Iter 21/300 - Loss: 0.6256
Iter 22/300 - Loss: 0.5560
Iter 23/300 - Loss: 0.4902
Iter 24/300 - Loss: 0.4327
Iter 25/300 - Loss: 0.3852
Iter 26/300 - Loss: 0.3464
Iter 27/300 - Loss: 0.3131
Iter 28/300 - Loss: 0.2815
Iter 29/300 - Loss: 0.2488
Iter 30/300 - Loss: 0.2132
Iter 31/300 - Loss: 0.1738
Iter 32/300 - Loss: 0.1308
Iter 33/300 - Loss: 0.0846
Iter 34/300 - Loss: 0.0362
Iter 35/300 - Loss: -0.0132
Iter 36/300 - Loss: -0.0624
Iter 37/300 - Loss: -0.1099
Iter 38/300 - Loss: -0.1545
Iter 39/300 - Loss: -0.1955
Iter 40/300 - Loss: -0.2321
Iter 41/300 - Loss: -0.2647
Iter 42/300 - Loss: -0.2938
Iter 43/300 - Loss: -0.3207
Iter 44/300 - Loss: -0.3467
Iter 45/300 - Loss: -0.3727
Iter 46/300 - Loss: -0.3999
Iter 47/300 - Loss: -0.4290
Iter 48/300 - Loss: -0.4561
Iter 49/300 - Loss: -0.4819
Iter 50/300 - Loss: -0.5045
Iter 51/300 - Loss: -0.5246
Iter 52/300 - Loss: -0.5416
Iter 53/300 - Loss: -0.5571
Iter 54/300 - Loss: -0.5711
Iter 55/300 - Loss: -0.5842
Iter 56/300 - Loss: -0.5972
Iter 57/300 - Loss: -0.6097
Iter 58/300 - Loss: -0.6220
Iter 59/300 - Loss: -0.6338
Iter 60/300 - Loss: -0.6448
Iter 61/300 - Loss: -0.6550
Iter 62/300 - Loss: -0.6643
Iter 63/300 - Loss: -0.6727
Iter 64/300 - Loss: -0.6809
Iter 65/300 - Loss: -0.6889
Iter 66/300 - Loss: -0.6971
Iter 67/300 - Loss: -0.7052
Iter 68/300 - Loss: -0.7126
Iter 69/300 - Loss: -0.7192
Iter 70/300 - Loss: -0.7244
Iter 71/300 - Loss: -0.7288
Iter 72/300 - Loss: -0.7324
Iter 73/300 - Loss: -0.7359
Iter 74/300 - Loss: -0.7391
Iter 75/300 - Loss: -0.7423
Iter 76/300 - Loss: -0.7451
Iter 77/300 - Loss: -0.7475
Iter 78/300 - Loss: -0.7494
Iter 79/300 - Loss: -0.7486
Iter 80/300 - Loss: -0.7438
Iter 81/300 - Loss: -0.7526
Iter 82/300 - Loss: -0.7516
Iter 83/300 - Loss: -0.7568
Iter 84/300 - Loss: -0.7563
Iter 85/300 - Loss: -0.7604
Iter 86/300 - Loss: -0.7598
Iter 87/300 - Loss: -0.7634
Iter 88/300 - Loss: -0.7631
Iter 89/300 - Loss: -0.7652
Iter 90/300 - Loss: -0.7670
Iter 91/300 - Loss: -0.7663
Iter 92/300 - Loss: -0.7689
Iter 93/300 - Loss: -0.7686
Iter 94/300 - Loss: -0.7690
Iter 95/300 - Loss: -0.7708
Iter 96/300 - Loss: -0.7704
Iter 97/300 - Loss: -0.7716
Iter 98/300 - Loss: -0.7721
Iter 99/300 - Loss: -0.7726
Iter 100/300 - Loss: -0.7732
Iter 101/300 - Loss: -0.7735
Iter 102/300 - Loss: -0.7745
Iter 103/300 - Loss: -0.7746
Iter 104/300 - Loss: -0.7751
Iter 105/300 - Loss: -0.7758
Iter 106/300 - Loss: -0.7756
Iter 107/300 - Loss: -0.7763
Iter 108/300 - Loss: -0.7765
Iter 109/300 - Loss: -0.7768
Iter 110/300 - Loss: -0.7771
Iter 111/300 - Loss: -0.7773
Iter 112/300 - Loss: -0.7777
Iter 113/300 - Loss: -0.7778
Iter 114/300 - Loss: -0.7782
Iter 115/300 - Loss: -0.7783
Iter 116/300 - Loss: -0.7786
Iter 117/300 - Loss: -0.7789
Iter 118/300 - Loss: -0.7790
Iter 119/300 - Loss: -0.7793
Iter 120/300 - Loss: -0.7794
Iter 121/300 - Loss: -0.7796
Iter 122/300 - Loss: -0.7798
Iter 123/300 - Loss: -0.7800
Iter 124/300 - Loss: -0.7801
Iter 125/300 - Loss: -0.7803
Iter 126/300 - Loss: -0.7804
Iter 127/300 - Loss: -0.7805
Iter 128/300 - Loss: -0.7807
Iter 129/300 - Loss: -0.7808
Iter 130/300 - Loss: -0.7810
Iter 131/300 - Loss: -0.7810
Iter 132/300 - Loss: -0.7812
Iter 133/300 - Loss: -0.7813
Iter 134/300 - Loss: -0.7814
Iter 135/300 - Loss: -0.7815
Iter 136/300 - Loss: -0.7816
Iter 137/300 - Loss: -0.7817
Iter 138/300 - Loss: -0.7818
Iter 139/300 - Loss: -0.7819
Iter 140/300 - Loss: -0.7820
Iter 141/300 - Loss: -0.7821
Iter 142/300 - Loss: -0.7821
Iter 143/300 - Loss: -0.7822
Iter 144/300 - Loss: -0.7823
Iter 145/300 - Loss: -0.7824
Iter 146/300 - Loss: -0.7825
Iter 147/300 - Loss: -0.7826
Iter 148/300 - Loss: -0.7827
Iter 149/300 - Loss: -0.7828
Iter 150/300 - Loss: -0.7830
Iter 151/300 - Loss: -0.7831
Iter 152/300 - Loss: -0.7833
Iter 153/300 - Loss: -0.7834
Iter 154/300 - Loss: -0.7834
Iter 155/300 - Loss: -0.7834
Iter 156/300 - Loss: -0.7835
Iter 157/300 - Loss: -0.7835
Iter 158/300 - Loss: -0.7836
Iter 159/300 - Loss: -0.7836
Iter 160/300 - Loss: -0.7837
Iter 161/300 - Loss: -0.7837
Iter 162/300 - Loss: -0.7838
Iter 163/300 - Loss: -0.7839
Iter 164/300 - Loss: -0.7839
Iter 165/300 - Loss: -0.7840
Iter 166/300 - Loss: -0.7841
Iter 167/300 - Loss: -0.7842
Iter 168/300 - Loss: -0.7843
Iter 169/300 - Loss: -0.7844
Iter 170/300 - Loss: -0.7845
Iter 171/300 - Loss: -0.7847
Iter 172/300 - Loss: -0.7848
Iter 173/300 - Loss: -0.7850
Iter 174/300 - Loss: -0.7851
Iter 175/300 - Loss: -0.7853
Iter 176/300 - Loss: -0.7855
Iter 177/300 - Loss: -0.7857
Iter 178/300 - Loss: -0.7859
Iter 179/300 - Loss: -0.7861
Iter 180/300 - Loss: -0.7863
Iter 181/300 - Loss: -0.7866
Iter 182/300 - Loss: -0.7868
Iter 183/300 - Loss: -0.7871
Iter 184/300 - Loss: -0.7874
Iter 185/300 - Loss: -0.7877
Iter 186/300 - Loss: -0.7880
Iter 187/300 - Loss: -0.7883
Iter 188/300 - Loss: -0.7886
Iter 189/300 - Loss: -0.7890
Iter 190/300 - Loss: -0.7893
Iter 191/300 - Loss: -0.7896
Iter 192/300 - Loss: -0.7900
Iter 193/300 - Loss: -0.7903
Iter 194/300 - Loss: -0.7907
Iter 195/300 - Loss: -0.7911
Iter 196/300 - Loss: -0.7914
Iter 197/300 - Loss: -0.7918
Iter 198/300 - Loss: -0.7921
Iter 199/300 - Loss: -0.7925
Iter 200/300 - Loss: -0.7928
Iter 201/300 - Loss: -0.7932
Iter 202/300 - Loss: -0.7935
Iter 203/300 - Loss: -0.7939
Iter 204/300 - Loss: -0.7942
Iter 205/300 - Loss: -0.7945
Iter 206/300 - Loss: -0.7949
Iter 207/300 - Loss: -0.7952
Iter 208/300 - Loss: -0.7955
Iter 209/300 - Loss: -0.7958
Iter 210/300 - Loss: -0.7961
Iter 211/300 - Loss: -0.7964
Iter 212/300 - Loss: -0.7967
Iter 213/300 - Loss: -0.7970
Iter 214/300 - Loss: -0.7973
Iter 215/300 - Loss: -0.7976
Iter 216/300 - Loss: -0.7979
Iter 217/300 - Loss: -0.7981
Iter 218/300 - Loss: -0.7984
Iter 219/300 - Loss: -0.7987
Iter 220/300 - Loss: -0.7989
Iter 221/300 - Loss: -0.7992
Iter 222/300 - Loss: -0.7994
Iter 223/300 - Loss: -0.7997
Iter 224/300 - Loss: -0.7999
Iter 225/300 - Loss: -0.8002
Iter 226/300 - Loss: -0.8004
Iter 227/300 - Loss: -0.8007
Iter 228/300 - Loss: -0.8009
Iter 229/300 - Loss: -0.8011
Iter 230/300 - Loss: -0.8013
Iter 231/300 - Loss: -0.8015
Iter 232/300 - Loss: -0.8018
Iter 233/300 - Loss: -0.8020
Iter 234/300 - Loss: -0.8022
Iter 235/300 - Loss: -0.8024
Iter 236/300 - Loss: -0.8026
Iter 237/300 - Loss: -0.8028
Iter 238/300 - Loss: -0.8030
Iter 239/300 - Loss: -0.8032
Iter 240/300 - Loss: -0.8033
Iter 241/300 - Loss: -0.8035
Iter 242/300 - Loss: -0.8037
Iter 243/300 - Loss: -0.8039
Iter 244/300 - Loss: -0.8041
Iter 245/300 - Loss: -0.8042
Iter 246/300 - Loss: -0.8044
Iter 247/300 - Loss: -0.8046
Iter 248/300 - Loss: -0.8047
Iter 249/300 - Loss: -0.8049
Iter 250/300 - Loss: -0.8051
Iter 251/300 - Loss: -0.8052
Iter 252/300 - Loss: -0.8054
Iter 253/300 - Loss: -0.8055
Iter 254/300 - Loss: -0.8057
Iter 255/300 - Loss: -0.8058
Iter 256/300 - Loss: -0.8060
Iter 257/300 - Loss: -0.8061
Iter 258/300 - Loss: -0.8063
Iter 259/300 - Loss: -0.8064
Iter 260/300 - Loss: -0.8065
Iter 261/300 - Loss: -0.8067
Iter 262/300 - Loss: -0.8068
Iter 263/300 - Loss: -0.8069
Iter 264/300 - Loss: -0.8071
Iter 265/300 - Loss: -0.8072
Iter 266/300 - Loss: -0.8073
Iter 267/300 - Loss: -0.8075
Iter 268/300 - Loss: -0.8076
Iter 269/300 - Loss: -0.8077
Iter 270/300 - Loss: -0.8078
Iter 271/300 - Loss: -0.8080
Iter 272/300 - Loss: -0.8081
Iter 273/300 - Loss: -0.8082
Iter 274/300 - Loss: -0.8083
Iter 275/300 - Loss: -0.8084
Iter 276/300 - Loss: -0.8085
Iter 277/300 - Loss: -0.8087
Iter 278/300 - Loss: -0.8088
Iter 279/300 - Loss: -0.8089
Iter 280/300 - Loss: -0.8090
Iter 281/300 - Loss: -0.8091
Iter 282/300 - Loss: -0.8092
Iter 283/300 - Loss: -0.8093
Iter 284/300 - Loss: -0.8094
Iter 285/300 - Loss: -0.8095
Iter 286/300 - Loss: -0.8096
Iter 287/300 - Loss: -0.8097
Iter 288/300 - Loss: -0.8098
Iter 289/300 - Loss: -0.8099
Iter 290/300 - Loss: -0.8100
Iter 291/300 - Loss: -0.8101
Iter 292/300 - Loss: -0.8102
Iter 293/300 - Loss: -0.8103
Iter 294/300 - Loss: -0.8104
Iter 295/300 - Loss: -0.8105
Iter 296/300 - Loss: -0.8106
Iter 297/300 - Loss: -0.8107
Iter 298/300 - Loss: -0.8108
Iter 299/300 - Loss: -0.8109
Iter 300/300 - Loss: -0.8110
