prev {'d': 0.5204284372730383, 'e': 1.1875926110139858, 'f': 2.333087299194617, 'g': 1.292017576488975}
Starting ML Fit
Box15_1400
       message: Optimization terminated successfully.
       success: True
        status: 0
           fun: 11666.134782637473
             x: [ 4.746e-01  1.192e+00  2.335e+00  1.240e+00]
           nit: 96
          nfev: 173
 final_simplex: (array([[ 4.746e-01,  1.192e+00,  2.335e+00,  1.240e+00],
                       [ 4.746e-01,  1.192e+00,  2.335e+00,  1.240e+00],
                       ...,
                       [ 4.746e-01,  1.192e+00,  2.335e+00,  1.240e+00],
                       [ 4.746e-01,  1.192e+00,  2.335e+00,  1.240e+00]]), array([ 1.167e+04,  1.167e+04,  1.167e+04,  1.167e+04,
                        1.167e+04]))
   param_names: ['d', 'e', 'f', 'g']
[0.47463845 1.19189429 2.33475224 1.24004943]
{'d': 0.4746384463542177, 'e': 1.1918942884258619, 'f': 2.3347522358818003, 'g': 1.240049429202305}
Previous:  {'d': 0.5204284372730383, 'e': 1.1875926110139858, 'f': 2.333087299194617, 'g': 1.292017576488975}
