no change     /home/users/delon/miniconda3/condabin/conda
no change     /home/users/delon/miniconda3/bin/conda
no change     /home/users/delon/miniconda3/bin/conda-env
no change     /home/users/delon/miniconda3/bin/activate
no change     /home/users/delon/miniconda3/bin/deactivate
no change     /home/users/delon/miniconda3/etc/profile.d/conda.sh
no change     /home/users/delon/miniconda3/etc/fish/conf.d/conda.fish
no change     /home/users/delon/miniconda3/shell/condabin/Conda.psm1
no change     /home/users/delon/miniconda3/shell/condabin/conda-hook.ps1
no change     /home/users/delon/miniconda3/lib/python3.10/site-packages/xontrib/conda.xsh
no change     /home/users/delon/miniconda3/etc/profile.d/conda.csh
no change     /home/users/delon/.bashrc
No action taken.
Box0_1400
       message: Optimization terminated successfully.
       success: True
        status: 0
           fun: 82520.74864306685
             x: [ 4.138e-02  6.286e-207  7.789e-01  3.484e-01]
           nit: 3345
          nfev: 6458
 final_simplex: (array([[ 4.138e-02,  6.286e-207,  7.789e-01,  3.484e-01],
                       [ 4.138e-02,  8.553e-207,  7.789e-01,  3.484e-01],
                       ...,
                       [ 4.138e-02,  8.899e-206,  7.789e-01,  3.484e-01],
                       [ 4.138e-02,  9.799e-206,  7.789e-01,  3.484e-01]]), array([ 8.252e+04,  8.252e+04,  8.252e+04,  8.252e+04,
                        8.252e+04]))
   param_names: ['d', 'e', 'f', 'g']
[4.13792657e-002 6.28573941e-207 7.78916748e-001 3.48421975e-001]
(10000, 32, 4)
