prev {'d': 0.4012964498077437, 'e': 1.2427346596459854, 'f': 2.3161972972890776, 'g': 1.218443902743142}
Starting ML Fit
Box19_1400
       message: Optimization terminated successfully.
       success: True
        status: 0
           fun: 1799.1387169117934
             x: [ 4.046e-01  1.243e+00  2.316e+00  1.224e+00]
           nit: 72
          nfev: 130
 final_simplex: (array([[ 4.046e-01,  1.243e+00,  2.316e+00,  1.224e+00],
                       [ 4.046e-01,  1.243e+00,  2.316e+00,  1.224e+00],
                       ...,
                       [ 4.046e-01,  1.243e+00,  2.316e+00,  1.224e+00],
                       [ 4.046e-01,  1.243e+00,  2.316e+00,  1.224e+00]]), array([ 1.799e+03,  1.799e+03,  1.799e+03,  1.799e+03,
                        1.799e+03]))
   param_names: ['d', 'e', 'f', 'g']
[0.40464727 1.24302436 2.31594161 1.22389638]
{'d': 0.4046472651428276, 'e': 1.2430243573357131, 'f': 2.3159416058964384, 'g': 1.2238963766214432}
Previous:  {'d': 0.4012964498077437, 'e': 1.2427346596459854, 'f': 2.3161972972890776, 'g': 1.218443902743142}
