prev {'d': 0.4607475950679685, 'e': 1.0051520580029134, 'f': 2.339459968627657, 'g': 1.286969886577778}
Starting ML Fit
Box_n50_0_1400
       message: Optimization terminated successfully.
       success: True
        status: 0
           fun: 4860.956906500116
             x: [ 4.531e-01  9.934e-01  2.340e+00  1.283e+00]
           nit: 93
          nfev: 164
 final_simplex: (array([[ 4.531e-01,  9.934e-01,  2.340e+00,  1.283e+00],
                       [ 4.531e-01,  9.935e-01,  2.340e+00,  1.283e+00],
                       ...,
                       [ 4.531e-01,  9.934e-01,  2.340e+00,  1.283e+00],
                       [ 4.531e-01,  9.934e-01,  2.340e+00,  1.283e+00]]), array([ 4.861e+03,  4.861e+03,  4.861e+03,  4.861e+03,
                        4.861e+03]))
   param_names: ['d', 'e', 'f', 'g']
[0.45310251 0.99341    2.34019201 1.28285014]
{'d': 0.45310250672418745, 'e': 0.9934099987857993, 'f': 2.3401920083806047, 'g': 1.2828501358754498}
Previous:  {'d': 0.4607475950679685, 'e': 1.0051520580029134, 'f': 2.339459968627657, 'g': 1.286969886577778}
