prev {'d': 0.48669892710073004, 'e': 1.1857912112714069, 'f': 2.324406610705467, 'g': 1.2682632831586451}
Starting ML Fit
Box56_1400
       message: Optimization terminated successfully.
       success: True
        status: 0
           fun: 5205.604384317241
             x: [ 4.831e-01  1.196e+00  2.322e+00  1.267e+00]
           nit: 81
          nfev: 144
 final_simplex: (array([[ 4.831e-01,  1.196e+00,  2.322e+00,  1.267e+00],
                       [ 4.831e-01,  1.196e+00,  2.322e+00,  1.267e+00],
                       ...,
                       [ 4.831e-01,  1.196e+00,  2.322e+00,  1.267e+00],
                       [ 4.831e-01,  1.196e+00,  2.322e+00,  1.267e+00]]), array([ 5.206e+03,  5.206e+03,  5.206e+03,  5.206e+03,
                        5.206e+03]))
   param_names: ['d', 'e', 'f', 'g']
[0.48309636 1.19611411 2.32231152 1.26735962]
{'d': 0.4830963646684164, 'e': 1.196114109061612, 'f': 2.3223115206179656, 'g': 1.2673596225313029}
Previous:  {'d': 0.48669892710073004, 'e': 1.1857912112714069, 'f': 2.324406610705467, 'g': 1.2682632831586451}
