prev {'d': 0.531023486234085, 'e': 1.156677577265551, 'f': 2.341900094182675, 'g': 1.3168245254942743}
Starting ML Fit
Box73_1400
       message: Optimization terminated successfully.
       success: True
        status: 0
           fun: 14693.149543809357
             x: [ 5.199e-01  1.108e+00  2.344e+00  1.323e+00]
           nit: 94
          nfev: 163
 final_simplex: (array([[ 5.199e-01,  1.108e+00,  2.344e+00,  1.323e+00],
                       [ 5.199e-01,  1.108e+00,  2.344e+00,  1.323e+00],
                       ...,
                       [ 5.199e-01,  1.108e+00,  2.344e+00,  1.323e+00],
                       [ 5.199e-01,  1.108e+00,  2.344e+00,  1.323e+00]]), array([ 1.469e+04,  1.469e+04,  1.469e+04,  1.469e+04,
                        1.469e+04]))
   param_names: ['d', 'e', 'f', 'g']
[0.51991665 1.10771938 2.34400122 1.32334123]
{'d': 0.5199166453809245, 'e': 1.1077193760617023, 'f': 2.3440012245078465, 'g': 1.3233412284606358}
Previous:  {'d': 0.531023486234085, 'e': 1.156677577265551, 'f': 2.341900094182675, 'g': 1.3168245254942743}
