prev {'d': 0.4821860013614203, 'e': 1.2334449105464875, 'f': 2.338602026961368, 'g': 1.2017612580578116}
Starting ML Fit
Box21_1400
       message: Optimization terminated successfully.
       success: True
        status: 0
           fun: 4919.293769001638
             x: [ 4.652e-01  1.223e+00  2.342e+00  1.201e+00]
           nit: 97
          nfev: 171
 final_simplex: (array([[ 4.652e-01,  1.223e+00,  2.342e+00,  1.201e+00],
                       [ 4.652e-01,  1.223e+00,  2.342e+00,  1.201e+00],
                       ...,
                       [ 4.652e-01,  1.223e+00,  2.342e+00,  1.201e+00],
                       [ 4.652e-01,  1.223e+00,  2.342e+00,  1.201e+00]]), array([ 4.919e+03,  4.919e+03,  4.919e+03,  4.919e+03,
                        4.919e+03]))
   param_names: ['d', 'e', 'f', 'g']
[0.46523723 1.22271746 2.34158069 1.20118385]
{'d': 0.4652372321373314, 'e': 1.2227174625673327, 'f': 2.341580691486179, 'g': 1.2011838454593624}
Previous:  {'d': 0.4821860013614203, 'e': 1.2334449105464875, 'f': 2.338602026961368, 'g': 1.2017612580578116}
