prev {'d': 0.5014072618199032, 'e': 1.1760299445125906, 'f': 2.344184096903223, 'g': 1.2818292758478531}
Starting ML Fit
Box25_1400
       message: Optimization terminated successfully.
       success: True
        status: 0
           fun: 6901.208851684362
             x: [ 4.844e-01  1.141e+00  2.350e+00  1.283e+00]
           nit: 92
          nfev: 156
 final_simplex: (array([[ 4.844e-01,  1.141e+00,  2.350e+00,  1.283e+00],
                       [ 4.844e-01,  1.141e+00,  2.350e+00,  1.283e+00],
                       ...,
                       [ 4.844e-01,  1.141e+00,  2.350e+00,  1.283e+00],
                       [ 4.844e-01,  1.141e+00,  2.350e+00,  1.283e+00]]), array([ 6.901e+03,  6.901e+03,  6.901e+03,  6.901e+03,
                        6.901e+03]))
   param_names: ['d', 'e', 'f', 'g']
[0.48440996 1.14087193 2.34951515 1.28317892]
{'d': 0.4844099557090993, 'e': 1.1408719262707354, 'f': 2.3495151463440322, 'g': 1.2831789176056372}
Previous:  {'d': 0.5014072618199032, 'e': 1.1760299445125906, 'f': 2.344184096903223, 'g': 1.2818292758478531}
