prev {'d': 0.4480876068100808, 'e': 1.357255932033325, 'f': 2.2975384847171076, 'g': 1.2540220530043011}
Starting ML Fit
Box42_1400
       message: Optimization terminated successfully.
       success: True
        status: 0
           fun: 1944.2653166358605
             x: [ 4.423e-01  1.355e+00  2.298e+00  1.252e+00]
           nit: 83
          nfev: 154
 final_simplex: (array([[ 4.423e-01,  1.355e+00,  2.298e+00,  1.252e+00],
                       [ 4.423e-01,  1.355e+00,  2.298e+00,  1.252e+00],
                       ...,
                       [ 4.423e-01,  1.355e+00,  2.298e+00,  1.252e+00],
                       [ 4.423e-01,  1.355e+00,  2.298e+00,  1.252e+00]]), array([ 1.944e+03,  1.944e+03,  1.944e+03,  1.944e+03,
                        1.944e+03]))
   param_names: ['d', 'e', 'f', 'g']
[0.4423013  1.35545229 2.29824696 1.25179461]
{'d': 0.44230129815336827, 'e': 1.3554522878758717, 'f': 2.2982469593944934, 'g': 1.251794608144048}
Previous:  {'d': 0.4480876068100808, 'e': 1.357255932033325, 'f': 2.2975384847171076, 'g': 1.2540220530043011}
