prev {'d': 0.40012532812161494, 'e': 1.2606714555313743, 'f': 2.3336374026837188, 'g': 1.172959937629498}
Starting ML Fit
Box22_1400
       message: Optimization terminated successfully.
       success: True
        status: 0
           fun: 6308.365688475745
             x: [ 3.925e-01  1.253e+00  2.337e+00  1.172e+00]
           nit: 77
          nfev: 138
 final_simplex: (array([[ 3.925e-01,  1.253e+00,  2.337e+00,  1.172e+00],
                       [ 3.925e-01,  1.253e+00,  2.337e+00,  1.172e+00],
                       ...,
                       [ 3.925e-01,  1.253e+00,  2.337e+00,  1.172e+00],
                       [ 3.925e-01,  1.253e+00,  2.337e+00,  1.172e+00]]), array([ 6.308e+03,  6.308e+03,  6.308e+03,  6.308e+03,
                        6.308e+03]))
   param_names: ['d', 'e', 'f', 'g']
[0.39248018 1.2533929  2.33703853 1.17156637]
{'d': 0.3924801800817137, 'e': 1.2533929024751256, 'f': 2.337038525616391, 'g': 1.1715663675772554}
Previous:  {'d': 0.40012532812161494, 'e': 1.2606714555313743, 'f': 2.3336374026837188, 'g': 1.172959937629498}
