prev {'d': 0.39289789570987044, 'e': 1.164470792516381, 'f': 2.3224557904976213, 'g': 1.23863958839604}
Starting ML Fit
Box57_1400
       message: Optimization terminated successfully.
       success: True
        status: 0
           fun: 6140.123918449982
             x: [ 3.690e-01  1.164e+00  2.323e+00  1.234e+00]
           nit: 92
          nfev: 161
 final_simplex: (array([[ 3.690e-01,  1.164e+00,  2.323e+00,  1.234e+00],
                       [ 3.690e-01,  1.164e+00,  2.323e+00,  1.234e+00],
                       ...,
                       [ 3.690e-01,  1.164e+00,  2.323e+00,  1.234e+00],
                       [ 3.690e-01,  1.164e+00,  2.323e+00,  1.234e+00]]), array([ 6.140e+03,  6.140e+03,  6.140e+03,  6.140e+03,
                        6.140e+03]))
   param_names: ['d', 'e', 'f', 'g']
[0.36898797 1.16397764 2.32348387 1.23391827]
{'d': 0.36898797175867215, 'e': 1.1639776354001874, 'f': 2.323483865994098, 'g': 1.2339182741067005}
Previous:  {'d': 0.39289789570987044, 'e': 1.164470792516381, 'f': 2.3224557904976213, 'g': 1.23863958839604}
