alist [1.0, 0.953321, 0.866399, 0.787402, 0.715608, 0.65036, 0.620002, 0.591061, 0.563471, 0.537169, 0.512095, 0.488191, 0.403224, 0.366459]
Leaving out Box31_1400
Iter 1/500 - Loss: 4.7397
Iter 2/500 - Loss: 4.3462
Iter 3/500 - Loss: 3.9382
Iter 4/500 - Loss: 3.5738
Iter 5/500 - Loss: 3.2332
Iter 6/500 - Loss: 2.9177
Iter 7/500 - Loss: 2.6222
Iter 8/500 - Loss: 2.3510
Iter 9/500 - Loss: 2.1007
Iter 10/500 - Loss: 1.8704
Iter 11/500 - Loss: 1.6593
Iter 12/500 - Loss: 1.4651
Iter 13/500 - Loss: 1.2868
Iter 14/500 - Loss: 1.1247
Iter 15/500 - Loss: 0.9778
Iter 16/500 - Loss: 0.8431
Iter 17/500 - Loss: 0.7182
Iter 18/500 - Loss: 0.6024
Iter 19/500 - Loss: 0.4957
Iter 20/500 - Loss: 0.3981
Iter 21/500 - Loss: 0.3095
Iter 22/500 - Loss: 0.2289
Iter 23/500 - Loss: 0.1553
Iter 24/500 - Loss: 0.0871
Iter 25/500 - Loss: 0.0232
Iter 26/500 - Loss: -0.0376
Iter 27/500 - Loss: -0.0959
Iter 28/500 - Loss: -0.1519
Iter 29/500 - Loss: -0.2061
Iter 30/500 - Loss: -0.2589
Iter 31/500 - Loss: -0.3112
Iter 32/500 - Loss: -0.3629
Iter 33/500 - Loss: -0.4141
Iter 34/500 - Loss: -0.4639
Iter 35/500 - Loss: -0.5121
Iter 36/500 - Loss: -0.5602
Iter 37/500 - Loss: -0.6081
Iter 38/500 - Loss: -0.6555
Iter 39/500 - Loss: -0.7024
Iter 40/500 - Loss: -0.7481
Iter 41/500 - Loss: -0.7934
Iter 42/500 - Loss: -0.8393
Iter 43/500 - Loss: -0.8847
Iter 44/500 - Loss: -0.9295
Iter 45/500 - Loss: -0.9745
Iter 46/500 - Loss: -1.0198
Iter 47/500 - Loss: -1.0652
Iter 48/500 - Loss: -1.1103
Iter 49/500 - Loss: -1.1555
Iter 50/500 - Loss: -1.2016
Iter 51/500 - Loss: -1.2480
Iter 52/500 - Loss: -1.2943
Iter 53/500 - Loss: -1.3409
Iter 54/500 - Loss: -1.3887
Iter 55/500 - Loss: -1.4377
Iter 56/500 - Loss: -1.4864
Iter 57/500 - Loss: -1.5343
Iter 58/500 - Loss: -1.5813
Iter 59/500 - Loss: -1.6266
Iter 60/500 - Loss: -1.6697
Iter 61/500 - Loss: -1.7108
Iter 62/500 - Loss: -1.7505
Iter 63/500 - Loss: -1.7896
Iter 64/500 - Loss: -1.8287
Iter 65/500 - Loss: -1.8685
Iter 66/500 - Loss: -1.9089
Iter 67/500 - Loss: -1.9499
Iter 68/500 - Loss: -1.9916
Iter 69/500 - Loss: -2.0336
Iter 70/500 - Loss: -2.0756
Iter 71/500 - Loss: -2.1173
Iter 72/500 - Loss: -2.1582
Iter 73/500 - Loss: -2.1978
Iter 74/500 - Loss: -2.2356
Iter 75/500 - Loss: -2.2712
Iter 76/500 - Loss: -2.3047
Iter 77/500 - Loss: -2.3367
Iter 78/500 - Loss: -2.3677
Iter 79/500 - Loss: -2.3980
Iter 80/500 - Loss: -2.4273
Iter 81/500 - Loss: -2.4552
Iter 82/500 - Loss: -2.4815
Iter 83/500 - Loss: -2.5061
Iter 84/500 - Loss: -2.5293
Iter 85/500 - Loss: -2.5511
Iter 86/500 - Loss: -2.5719
Iter 87/500 - Loss: -2.5916
Iter 88/500 - Loss: -2.6105
Iter 89/500 - Loss: -2.6286
Iter 90/500 - Loss: -2.6457
Iter 91/500 - Loss: -2.6619
Iter 92/500 - Loss: -2.6771
Iter 93/500 - Loss: -2.6913
Iter 94/500 - Loss: -2.7045
Iter 95/500 - Loss: -2.7168
Iter 96/500 - Loss: -2.7281
Iter 97/500 - Loss: -2.7385
Iter 98/500 - Loss: -2.7483
Iter 99/500 - Loss: -2.7573
Iter 100/500 - Loss: -2.7658
Iter 101/500 - Loss: -2.7737
Iter 102/500 - Loss: -2.7811
Iter 103/500 - Loss: -2.7881
Iter 104/500 - Loss: -2.7947
Iter 105/500 - Loss: -2.8008
Iter 106/500 - Loss: -2.8066
Iter 107/500 - Loss: -2.8119
Iter 108/500 - Loss: -2.8169
Iter 109/500 - Loss: -2.8216
Iter 110/500 - Loss: -2.8261
Iter 111/500 - Loss: -2.8302
Iter 112/500 - Loss: -2.8342
Iter 113/500 - Loss: -2.8380
Iter 114/500 - Loss: -2.8416
Iter 115/500 - Loss: -2.8450
Iter 116/500 - Loss: -2.8482
Iter 117/500 - Loss: -2.8513
Iter 118/500 - Loss: -2.8542
Iter 119/500 - Loss: -2.8570
Iter 120/500 - Loss: -2.8596
Iter 121/500 - Loss: -2.8621
Iter 122/500 - Loss: -2.8645
Iter 123/500 - Loss: -2.8667
Iter 124/500 - Loss: -2.8689
Iter 125/500 - Loss: -2.8710
Iter 126/500 - Loss: -2.8730
Iter 127/500 - Loss: -2.8749
Iter 128/500 - Loss: -2.8768
Iter 129/500 - Loss: -2.8785
Iter 130/500 - Loss: -2.8802
Iter 131/500 - Loss: -2.8819
Iter 132/500 - Loss: -2.8834
Iter 133/500 - Loss: -2.8849
Iter 134/500 - Loss: -2.8864
Iter 135/500 - Loss: -2.8878
Iter 136/500 - Loss: -2.8891
Iter 137/500 - Loss: -2.8904
Iter 138/500 - Loss: -2.8917
Iter 139/500 - Loss: -2.8929
Iter 140/500 - Loss: -2.8940
Iter 141/500 - Loss: -2.8952
Iter 142/500 - Loss: -2.8963
Iter 143/500 - Loss: -2.8973
Iter 144/500 - Loss: -2.8983
Iter 145/500 - Loss: -2.8993
Iter 146/500 - Loss: -2.9002
Iter 147/500 - Loss: -2.9012
Iter 148/500 - Loss: -2.9020
Iter 149/500 - Loss: -2.9029
Iter 150/500 - Loss: -2.9037
Iter 151/500 - Loss: -2.9045
Iter 152/500 - Loss: -2.9053
Iter 153/500 - Loss: -2.9060
Iter 154/500 - Loss: -2.9067
Iter 155/500 - Loss: -2.9074
Iter 156/500 - Loss: -2.9081
Iter 157/500 - Loss: -2.9088
Iter 158/500 - Loss: -2.9094
Iter 159/500 - Loss: -2.9100
Iter 160/500 - Loss: -2.9106
Iter 161/500 - Loss: -2.9112
Iter 162/500 - Loss: -2.9118
Iter 163/500 - Loss: -2.9123
Iter 164/500 - Loss: -2.9128
Iter 165/500 - Loss: -2.9134
Iter 166/500 - Loss: -2.9139
Iter 167/500 - Loss: -2.9144
Iter 168/500 - Loss: -2.9148
Iter 169/500 - Loss: -2.9153
Iter 170/500 - Loss: -2.9158
Iter 171/500 - Loss: -2.9162
Iter 172/500 - Loss: -2.9167
Iter 173/500 - Loss: -2.9171
Iter 174/500 - Loss: -2.9175
Iter 175/500 - Loss: -2.9179
Iter 176/500 - Loss: -2.9183
Iter 177/500 - Loss: -2.9187
Iter 178/500 - Loss: -2.9191
Iter 179/500 - Loss: -2.9195
Iter 180/500 - Loss: -2.9198
Iter 181/500 - Loss: -2.9202
Iter 182/500 - Loss: -2.9206
Iter 183/500 - Loss: -2.9209
Iter 184/500 - Loss: -2.9213
Iter 185/500 - Loss: -2.9216
Iter 186/500 - Loss: -2.9219
Iter 187/500 - Loss: -2.9223
Iter 188/500 - Loss: -2.9226
Iter 189/500 - Loss: -2.9229
Iter 190/500 - Loss: -2.9232
Iter 191/500 - Loss: -2.9235
Iter 192/500 - Loss: -2.9238
Iter 193/500 - Loss: -2.9241
Iter 194/500 - Loss: -2.9244
Iter 195/500 - Loss: -2.9247
Iter 196/500 - Loss: -2.9250
Iter 197/500 - Loss: -2.9252
Iter 198/500 - Loss: -2.9255
Iter 199/500 - Loss: -2.9258
Iter 200/500 - Loss: -2.9260
Iter 201/500 - Loss: -2.9263
Iter 202/500 - Loss: -2.9266
Iter 203/500 - Loss: -2.9268
Iter 204/500 - Loss: -2.9270
Iter 205/500 - Loss: -2.9273
Iter 206/500 - Loss: -2.9275
Iter 207/500 - Loss: -2.9278
Iter 208/500 - Loss: -2.9280
Iter 209/500 - Loss: -2.9282
Iter 210/500 - Loss: -2.9285
Iter 211/500 - Loss: -2.9287
Iter 212/500 - Loss: -2.9289
Iter 213/500 - Loss: -2.9291
Iter 214/500 - Loss: -2.9293
Iter 215/500 - Loss: -2.9296
Iter 216/500 - Loss: -2.9298
Iter 217/500 - Loss: -2.9300
Iter 218/500 - Loss: -2.9302
Iter 219/500 - Loss: -2.9304
Iter 220/500 - Loss: -2.9306
Iter 221/500 - Loss: -2.9308
Iter 222/500 - Loss: -2.9309
Iter 223/500 - Loss: -2.9311
Iter 224/500 - Loss: -2.9313
Iter 225/500 - Loss: -2.9315
Iter 226/500 - Loss: -2.9317
Iter 227/500 - Loss: -2.9319
Iter 228/500 - Loss: -2.9320
Iter 229/500 - Loss: -2.9322
Iter 230/500 - Loss: -2.9324
Iter 231/500 - Loss: -2.9326
Iter 232/500 - Loss: -2.9327
Iter 233/500 - Loss: -2.9329
Iter 234/500 - Loss: -2.9331
Iter 235/500 - Loss: -2.9332
Iter 236/500 - Loss: -2.9334
Iter 237/500 - Loss: -2.9335
Iter 238/500 - Loss: -2.9337
Iter 239/500 - Loss: -2.9338
Iter 240/500 - Loss: -2.9340
Iter 241/500 - Loss: -2.9342
Iter 242/500 - Loss: -2.9343
Iter 243/500 - Loss: -2.9344
Iter 244/500 - Loss: -2.9346
Iter 245/500 - Loss: -2.9347
Iter 246/500 - Loss: -2.9349
Iter 247/500 - Loss: -2.9350
Iter 248/500 - Loss: -2.9352
Iter 249/500 - Loss: -2.9353
Iter 250/500 - Loss: -2.9354
Iter 251/500 - Loss: -2.9355
Iter 252/500 - Loss: -2.9357
Iter 253/500 - Loss: -2.9358
Iter 254/500 - Loss: -2.9359
Iter 255/500 - Loss: -2.9360
Iter 256/500 - Loss: -2.9362
Iter 257/500 - Loss: -2.9363
Iter 258/500 - Loss: -2.9364
Iter 259/500 - Loss: -2.9366
Iter 260/500 - Loss: -2.9367
Iter 261/500 - Loss: -2.9368
Iter 262/500 - Loss: -2.9369
Iter 263/500 - Loss: -2.9370
Iter 264/500 - Loss: -2.9371
Iter 265/500 - Loss: -2.9373
Iter 266/500 - Loss: -2.9374
Iter 267/500 - Loss: -2.9375
Iter 268/500 - Loss: -2.9376
Iter 269/500 - Loss: -2.9377
Iter 270/500 - Loss: -2.9379
Iter 271/500 - Loss: -2.9379
Iter 272/500 - Loss: -2.9381
Iter 273/500 - Loss: -2.9382
Iter 274/500 - Loss: -2.9383
Iter 275/500 - Loss: -2.9384
Iter 276/500 - Loss: -2.9385
Iter 277/500 - Loss: -2.9386
Iter 278/500 - Loss: -2.9387
Iter 279/500 - Loss: -2.9388
Iter 280/500 - Loss: -2.9389
Iter 281/500 - Loss: -2.9389
Iter 282/500 - Loss: -2.9391
Iter 283/500 - Loss: -2.9391
Iter 284/500 - Loss: -2.9392
Iter 285/500 - Loss: -2.9393
Iter 286/500 - Loss: -2.9394
Iter 287/500 - Loss: -2.9395
Iter 288/500 - Loss: -2.9396
Iter 289/500 - Loss: -2.9397
Iter 290/500 - Loss: -2.9398
Iter 291/500 - Loss: -2.9398
Iter 292/500 - Loss: -2.9399
Iter 293/500 - Loss: -2.9400
Iter 294/500 - Loss: -2.9401
Iter 295/500 - Loss: -2.9402
Iter 296/500 - Loss: -2.9402
Iter 297/500 - Loss: -2.9403
Iter 298/500 - Loss: -2.9404
Iter 299/500 - Loss: -2.9405
Iter 300/500 - Loss: -2.9406
Iter 301/500 - Loss: -2.9406
Iter 302/500 - Loss: -2.9407
Iter 303/500 - Loss: -2.9408
Iter 304/500 - Loss: -2.9409
Iter 305/500 - Loss: -2.9409
Iter 306/500 - Loss: -2.9410
Iter 307/500 - Loss: -2.9411
Iter 308/500 - Loss: -2.9412
Iter 309/500 - Loss: -2.9412
Iter 310/500 - Loss: -2.9413
Iter 311/500 - Loss: -2.9414
Iter 312/500 - Loss: -2.9414
Iter 313/500 - Loss: -2.9415
Iter 314/500 - Loss: -2.9416
Iter 315/500 - Loss: -2.9416
Iter 316/500 - Loss: -2.9417
Iter 317/500 - Loss: -2.9418
Iter 318/500 - Loss: -2.9418
Iter 319/500 - Loss: -2.9419
Iter 320/500 - Loss: -2.9420
Iter 321/500 - Loss: -2.9420
Iter 322/500 - Loss: -2.9421
Iter 323/500 - Loss: -2.9421
Iter 324/500 - Loss: -2.9422
Iter 325/500 - Loss: -2.9423
Iter 326/500 - Loss: -2.9423
Iter 327/500 - Loss: -2.9424
Iter 328/500 - Loss: -2.9424
Iter 329/500 - Loss: -2.9425
Iter 330/500 - Loss: -2.9425
Iter 331/500 - Loss: -2.9426
Iter 332/500 - Loss: -2.9427
Iter 333/500 - Loss: -2.9427
Iter 334/500 - Loss: -2.9428
Iter 335/500 - Loss: -2.9429
Iter 336/500 - Loss: -2.9429
Iter 337/500 - Loss: -2.9430
Iter 338/500 - Loss: -2.9430
Iter 339/500 - Loss: -2.9430
Iter 340/500 - Loss: -2.9431
Iter 341/500 - Loss: -2.9431
Iter 342/500 - Loss: -2.9432
Iter 343/500 - Loss: -2.9433
Iter 344/500 - Loss: -2.9433
Iter 345/500 - Loss: -2.9434
Iter 346/500 - Loss: -2.9434
Iter 347/500 - Loss: -2.9435
Iter 348/500 - Loss: -2.9435
Iter 349/500 - Loss: -2.9435
Iter 350/500 - Loss: -2.9436
Iter 351/500 - Loss: -2.9436
Iter 352/500 - Loss: -2.9437
Iter 353/500 - Loss: -2.9438
Iter 354/500 - Loss: -2.9438
Iter 355/500 - Loss: -2.9438
Iter 356/500 - Loss: -2.9439
Iter 357/500 - Loss: -2.9439
Iter 358/500 - Loss: -2.9440
Iter 359/500 - Loss: -2.9440
Iter 360/500 - Loss: -2.9441
Iter 361/500 - Loss: -2.9441
Iter 362/500 - Loss: -2.9441
Iter 363/500 - Loss: -2.9442
Iter 364/500 - Loss: -2.9442
Iter 365/500 - Loss: -2.9443
Iter 366/500 - Loss: -2.9443
Iter 367/500 - Loss: -2.9444
Iter 368/500 - Loss: -2.9444
Iter 369/500 - Loss: -2.9445
Iter 370/500 - Loss: -2.9445
Iter 371/500 - Loss: -2.9445
Iter 372/500 - Loss: -2.9446
Iter 373/500 - Loss: -2.9446
Iter 374/500 - Loss: -2.9447
Iter 375/500 - Loss: -2.9447
Iter 376/500 - Loss: -2.9447
Iter 377/500 - Loss: -2.9448
Iter 378/500 - Loss: -2.9448
Iter 379/500 - Loss: -2.9448
Iter 380/500 - Loss: -2.9449
Iter 381/500 - Loss: -2.9449
Iter 382/500 - Loss: -2.9450
Iter 383/500 - Loss: -2.9450
Iter 384/500 - Loss: -2.9450
Iter 385/500 - Loss: -2.9451
Iter 386/500 - Loss: -2.9451
Iter 387/500 - Loss: -2.9452
Iter 388/500 - Loss: -2.9452
Iter 389/500 - Loss: -2.9452
Iter 390/500 - Loss: -2.9452
Iter 391/500 - Loss: -2.9453
Iter 392/500 - Loss: -2.9453
Iter 393/500 - Loss: -2.9454
Iter 394/500 - Loss: -2.9454
Iter 395/500 - Loss: -2.9454
Iter 396/500 - Loss: -2.9455
Iter 397/500 - Loss: -2.9455
Iter 398/500 - Loss: -2.9455
Iter 399/500 - Loss: -2.9456
Iter 400/500 - Loss: -2.9456
Iter 401/500 - Loss: -2.9456
Iter 402/500 - Loss: -2.9457
Iter 403/500 - Loss: -2.9457
Iter 404/500 - Loss: -2.9457
Iter 405/500 - Loss: -2.9458
Iter 406/500 - Loss: -2.9458
Iter 407/500 - Loss: -2.9458
Iter 408/500 - Loss: -2.9458
Iter 409/500 - Loss: -2.9459
Iter 410/500 - Loss: -2.9459
Iter 411/500 - Loss: -2.9459
Iter 412/500 - Loss: -2.9460
Iter 413/500 - Loss: -2.9460
Iter 414/500 - Loss: -2.9460
Iter 415/500 - Loss: -2.9460
Iter 416/500 - Loss: -2.9461
Iter 417/500 - Loss: -2.9461
Iter 418/500 - Loss: -2.9461
Iter 419/500 - Loss: -2.9462
Iter 420/500 - Loss: -2.9462
Iter 421/500 - Loss: -2.9462
Iter 422/500 - Loss: -2.9462
Iter 423/500 - Loss: -2.9463
Iter 424/500 - Loss: -2.9463
Iter 425/500 - Loss: -2.9463
Iter 426/500 - Loss: -2.9464
Iter 427/500 - Loss: -2.9464
Iter 428/500 - Loss: -2.9464
Iter 429/500 - Loss: -2.9464
Iter 430/500 - Loss: -2.9465
Iter 431/500 - Loss: -2.9465
Iter 432/500 - Loss: -2.9465
Iter 433/500 - Loss: -2.9466
Iter 434/500 - Loss: -2.9466
Iter 435/500 - Loss: -2.9466
Iter 436/500 - Loss: -2.9466
Iter 437/500 - Loss: -2.9467
Iter 438/500 - Loss: -2.9467
Iter 439/500 - Loss: -2.9467
Iter 440/500 - Loss: -2.9467
Iter 441/500 - Loss: -2.9468
Iter 442/500 - Loss: -2.9468
Iter 443/500 - Loss: -2.9468
Iter 444/500 - Loss: -2.9468
Iter 445/500 - Loss: -2.9469
Iter 446/500 - Loss: -2.9469
Iter 447/500 - Loss: -2.9469
Iter 448/500 - Loss: -2.9469
Iter 449/500 - Loss: -2.9469
Iter 450/500 - Loss: -2.9470
Iter 451/500 - Loss: -2.9470
Iter 452/500 - Loss: -2.9470
Iter 453/500 - Loss: -2.9470
Iter 454/500 - Loss: -2.9471
Iter 455/500 - Loss: -2.9471
Iter 456/500 - Loss: -2.9471
Iter 457/500 - Loss: -2.9471
Iter 458/500 - Loss: -2.9471
Iter 459/500 - Loss: -2.9472
Iter 460/500 - Loss: -2.9472
Iter 461/500 - Loss: -2.9472
Iter 462/500 - Loss: -2.9472
Iter 463/500 - Loss: -2.9473
Iter 464/500 - Loss: -2.9473
Iter 465/500 - Loss: -2.9473
Iter 466/500 - Loss: -2.9473
Iter 467/500 - Loss: -2.9473
Iter 468/500 - Loss: -2.9474
Iter 469/500 - Loss: -2.9474
Iter 470/500 - Loss: -2.9474
Iter 471/500 - Loss: -2.9474
Iter 472/500 - Loss: -2.9474
Iter 473/500 - Loss: -2.9475
Iter 474/500 - Loss: -2.9475
Iter 475/500 - Loss: -2.9475
Iter 476/500 - Loss: -2.9475
Iter 477/500 - Loss: -2.9476
Iter 478/500 - Loss: -2.9476
Iter 479/500 - Loss: -2.9476
Iter 480/500 - Loss: -2.9476
Iter 481/500 - Loss: -2.9476
Iter 482/500 - Loss: -2.9476
Iter 483/500 - Loss: -2.9477
Iter 484/500 - Loss: -2.9477
Iter 485/500 - Loss: -2.9477
Iter 486/500 - Loss: -2.9477
Iter 487/500 - Loss: -2.9477
Iter 488/500 - Loss: -2.9478
Iter 489/500 - Loss: -2.9478
Iter 490/500 - Loss: -2.9478
Iter 491/500 - Loss: -2.9478
Iter 492/500 - Loss: -2.9478
Iter 493/500 - Loss: -2.9478
Iter 494/500 - Loss: -2.9479
Iter 495/500 - Loss: -2.9479
Iter 496/500 - Loss: -2.9479
Iter 497/500 - Loss: -2.9479
Iter 498/500 - Loss: -2.9479
Iter 499/500 - Loss: -2.9480
Iter 500/500 - Loss: -2.9480
{'d': 0.4297143, 'e': 0.93795264, 'f': 2.2606046, 'g': 1.2815787}
{'d': 0.43481845, 'e': 0.93173593, 'f': 2.261136, 'g': 1.2883955}
{'d': 0.44495344, 'e': 0.8812313, 'f': 2.266373, 'g': 1.3072873}
{'d': 0.4473001, 'e': 0.85932684, 'f': 2.2687347, 'g': 1.3131393}
{'d': 0.44952834, 'e': 0.8337946, 'f': 2.2715387, 'g': 1.3193864}
{'d': 0.45162314, 'e': 0.8049828, 'f': 2.274757, 'g': 1.3259586}
{'d': 0.45358577, 'e': 0.77341497, 'f': 2.2783859, 'g': 1.332761}
{'d': 0.45542207, 'e': 0.7397288, 'f': 2.2823684, 'g': 1.3396747}
{'d': 0.4572312, 'e': 0.7059028, 'f': 2.2865613, 'g': 1.346485}
{'d': 0.4609712, 'e': 0.6420635, 'f': 2.2953746, 'g': 1.3590517}
{'d': 0.46581653, 'e': 0.5976047, 'f': 2.3037593, 'g': 1.3684124}
{'d': 0.47315267, 'e': 0.5914423, 'f': 2.3104966, 'g': 1.3722359}
{'d': 0.48447278, 'e': 0.6460801, 'f': 2.3140619, 'g': 1.3681822}
{'d': 0.49190938, 'e': 0.7029314, 'f': 2.3141136, 'g': 1.3626349}
