prev {'d': 0.4796499862254294, 'e': 1.1279929228950518, 'f': 2.3231121690899528, 'g': 1.2353638604555184}
Starting ML Fit
Box_n50_41_1400
       message: Optimization terminated successfully.
       success: True
        status: 0
           fun: 5488.439511277915
             x: [ 4.669e-01  1.142e+00  2.321e+00  1.227e+00]
           nit: 109
          nfev: 188
 final_simplex: (array([[ 4.669e-01,  1.142e+00,  2.321e+00,  1.227e+00],
                       [ 4.669e-01,  1.142e+00,  2.321e+00,  1.227e+00],
                       ...,
                       [ 4.669e-01,  1.142e+00,  2.321e+00,  1.227e+00],
                       [ 4.669e-01,  1.142e+00,  2.321e+00,  1.227e+00]]), array([ 5.488e+03,  5.488e+03,  5.488e+03,  5.488e+03,
                        5.488e+03]))
   param_names: ['d', 'e', 'f', 'g']
[0.46687915 1.14212844 2.32066057 1.22734125]
{'d': 0.46687915229284027, 'e': 1.1421284416003123, 'f': 2.3206605746636377, 'g': 1.2273412511551078}
Previous:  {'d': 0.4796499862254294, 'e': 1.1279929228950518, 'f': 2.3231121690899528, 'g': 1.2353638604555184}
