prev {'d': 0.4219195276136676, 'e': 1.3144260197240563, 'f': 2.317548790509811, 'g': 1.234499100243447}
Starting ML Fit
Box95_1400
       message: Optimization terminated successfully.
       success: True
        status: 0
           fun: 2170.0384768957265
             x: [ 4.140e-01  1.315e+00  2.318e+00  1.238e+00]
           nit: 105
          nfev: 179
 final_simplex: (array([[ 4.140e-01,  1.315e+00,  2.318e+00,  1.238e+00],
                       [ 4.140e-01,  1.315e+00,  2.318e+00,  1.238e+00],
                       ...,
                       [ 4.140e-01,  1.315e+00,  2.318e+00,  1.238e+00],
                       [ 4.141e-01,  1.315e+00,  2.318e+00,  1.238e+00]]), array([ 2.170e+03,  2.170e+03,  2.170e+03,  2.170e+03,
                        2.170e+03]))
   param_names: ['d', 'e', 'f', 'g']
[0.41403289 1.31485515 2.31755633 1.2377948 ]
{'d': 0.41403289372624785, 'e': 1.3148551511241044, 'f': 2.3175563294066643, 'g': 1.2377948048046554}
Previous:  {'d': 0.4219195276136676, 'e': 1.3144260197240563, 'f': 2.317548790509811, 'g': 1.234499100243447}
