prev {'d': 0.43165657244355216, 'e': 0.9054466401577623, 'f': 2.3567520120414804, 'g': 1.2959126342380112}
Starting ML Fit
Box66_1400
       message: Optimization terminated successfully.
       success: True
        status: 0
           fun: 4604.684839373281
             x: [ 4.181e-01  9.037e-01  2.358e+00  1.285e+00]
           nit: 104
          nfev: 181
 final_simplex: (array([[ 4.181e-01,  9.037e-01,  2.358e+00,  1.285e+00],
                       [ 4.181e-01,  9.037e-01,  2.358e+00,  1.285e+00],
                       ...,
                       [ 4.181e-01,  9.037e-01,  2.358e+00,  1.285e+00],
                       [ 4.181e-01,  9.037e-01,  2.358e+00,  1.285e+00]]), array([ 4.605e+03,  4.605e+03,  4.605e+03,  4.605e+03,
                        4.605e+03]))
   param_names: ['d', 'e', 'f', 'g']
[0.4180917  0.90368039 2.35789665 1.28530297]
{'d': 0.4180916978239212, 'e': 0.9036803867559682, 'f': 2.3578966493969324, 'g': 1.285302972345529}
Previous:  {'d': 0.43165657244355216, 'e': 0.9054466401577623, 'f': 2.3567520120414804, 'g': 1.2959126342380112}
