prev {'d': 0.44526260714094634, 'e': 1.0431749666962788, 'f': 2.330333620888253, 'g': 1.279234424039114}
Starting ML Fit
Box25_1400
       message: Optimization terminated successfully.
       success: True
        status: 0
           fun: 4794.877923806689
             x: [ 4.299e-01  1.053e+00  2.328e+00  1.266e+00]
           nit: 92
          nfev: 165
 final_simplex: (array([[ 4.299e-01,  1.053e+00,  2.328e+00,  1.266e+00],
                       [ 4.299e-01,  1.053e+00,  2.328e+00,  1.266e+00],
                       ...,
                       [ 4.299e-01,  1.053e+00,  2.328e+00,  1.266e+00],
                       [ 4.299e-01,  1.053e+00,  2.328e+00,  1.266e+00]]), array([ 4.795e+03,  4.795e+03,  4.795e+03,  4.795e+03,
                        4.795e+03]))
   param_names: ['d', 'e', 'f', 'g']
[0.42990216 1.05292588 2.32825057 1.26597102]
{'d': 0.42990216457350405, 'e': 1.0529258834648336, 'f': 2.3282505686374897, 'g': 1.265971024859683}
Previous:  {'d': 0.44526260714094634, 'e': 1.0431749666962788, 'f': 2.330333620888253, 'g': 1.279234424039114}
