prev {'d': 0.5341105895548066, 'e': 1.007522496770274, 'f': 2.3691800311507567, 'g': 1.3229470612173277}
Starting ML Fit
Box_n50_35_1400
       message: Optimization terminated successfully.
       success: True
        status: 0
           fun: 12338.830107100144
             x: [ 5.112e-01  8.731e-01  2.337e+00  1.325e+00]
           nit: 160
          nfev: 283
 final_simplex: (array([[ 5.112e-01,  8.731e-01,  2.337e+00,  1.325e+00],
                       [ 5.112e-01,  8.731e-01,  2.337e+00,  1.325e+00],
                       ...,
                       [ 5.112e-01,  8.732e-01,  2.337e+00,  1.325e+00],
                       [ 5.112e-01,  8.732e-01,  2.337e+00,  1.325e+00]]), array([ 1.234e+04,  1.234e+04,  1.234e+04,  1.234e+04,
                        1.234e+04]))
   param_names: ['d', 'e', 'f', 'g']
[0.51121863 0.87308741 2.33663161 1.3250936 ]
{'d': 0.5112186296126944, 'e': 0.8730874143785858, 'f': 2.3366316089695878, 'g': 1.3250935998353652}
Previous:  {'d': 0.5341105895548066, 'e': 1.007522496770274, 'f': 2.3691800311507567, 'g': 1.3229470612173277}
