prev {'d': 0.39561941981488147, 'e': 0.7652740539854329, 'f': 2.262715655714314, 'g': 1.251389173158431}
Starting ML Fit
Box_n50_45_1400
       message: Optimization terminated successfully.
       success: True
        status: 0
           fun: 7680.566781446517
             x: [ 3.924e-01  7.326e-01  2.263e+00  1.250e+00]
           nit: 89
          nfev: 162
 final_simplex: (array([[ 3.924e-01,  7.326e-01,  2.263e+00,  1.250e+00],
                       [ 3.923e-01,  7.326e-01,  2.263e+00,  1.250e+00],
                       ...,
                       [ 3.923e-01,  7.326e-01,  2.263e+00,  1.250e+00],
                       [ 3.924e-01,  7.326e-01,  2.263e+00,  1.250e+00]]), array([ 7.681e+03,  7.681e+03,  7.681e+03,  7.681e+03,
                        7.681e+03]))
   param_names: ['d', 'e', 'f', 'g']
[0.39235039 0.73264795 2.26290547 1.25016548]
{'d': 0.3923503908075911, 'e': 0.7326479521407865, 'f': 2.2629054689478547, 'g': 1.2501654832349198}
Previous:  {'d': 0.39561941981488147, 'e': 0.7652740539854329, 'f': 2.262715655714314, 'g': 1.251389173158431}
