prev {'d': 0.43247282569303147, 'e': 1.2463881388035065, 'f': 2.3333961029447545, 'g': 1.236618624095661}
Starting ML Fit
Box15_1400
       message: Optimization terminated successfully.
       success: True
        status: 0
           fun: 5448.214682568948
             x: [ 4.241e-01  1.244e+00  2.335e+00  1.233e+00]
           nit: 106
          nfev: 185
 final_simplex: (array([[ 4.241e-01,  1.244e+00,  2.335e+00,  1.233e+00],
                       [ 4.241e-01,  1.244e+00,  2.335e+00,  1.233e+00],
                       ...,
                       [ 4.241e-01,  1.244e+00,  2.335e+00,  1.233e+00],
                       [ 4.241e-01,  1.244e+00,  2.335e+00,  1.233e+00]]), array([ 5.448e+03,  5.448e+03,  5.448e+03,  5.448e+03,
                        5.448e+03]))
   param_names: ['d', 'e', 'f', 'g']
[0.42409557 1.24381021 2.33490866 1.23270536]
{'d': 0.42409556640032503, 'e': 1.2438102145567056, 'f': 2.334908656365616, 'g': 1.2327053563487427}
Previous:  {'d': 0.43247282569303147, 'e': 1.2463881388035065, 'f': 2.3333961029447545, 'g': 1.236618624095661}
