prev {'d': 0.4635480947991235, 'e': 1.0527116367960638, 'f': 2.3309498362564023, 'g': 1.3001331998623926}
Starting ML Fit
Box62_1400
       message: Optimization terminated successfully.
       success: True
        status: 0
           fun: 12832.022788093855
             x: [ 4.526e-01  1.054e+00  2.331e+00  1.281e+00]
           nit: 108
          nfev: 190
 final_simplex: (array([[ 4.526e-01,  1.054e+00,  2.331e+00,  1.281e+00],
                       [ 4.526e-01,  1.054e+00,  2.331e+00,  1.281e+00],
                       ...,
                       [ 4.526e-01,  1.054e+00,  2.331e+00,  1.281e+00],
                       [ 4.526e-01,  1.054e+00,  2.331e+00,  1.281e+00]]), array([ 1.283e+04,  1.283e+04,  1.283e+04,  1.283e+04,
                        1.283e+04]))
   param_names: ['d', 'e', 'f', 'g']
[0.45257127 1.05445064 2.33125793 1.28117   ]
{'d': 0.45257126802810643, 'e': 1.05445064058185, 'f': 2.331257928483128, 'g': 1.281169998404116}
Previous:  {'d': 0.4635480947991235, 'e': 1.0527116367960638, 'f': 2.3309498362564023, 'g': 1.3001331998623926}
