prev {'d': 0.5545201109763898, 'e': 1.2023677810574953, 'f': 2.3367317111771078, 'g': 1.3006187994369287}
Starting ML Fit
Box_n50_24_1400
       message: Optimization terminated successfully.
       success: True
        status: 0
           fun: 5337.428286212943
             x: [ 5.395e-01  1.237e+00  2.332e+00  1.296e+00]
           nit: 110
          nfev: 186
 final_simplex: (array([[ 5.395e-01,  1.237e+00,  2.332e+00,  1.296e+00],
                       [ 5.395e-01,  1.237e+00,  2.332e+00,  1.296e+00],
                       ...,
                       [ 5.395e-01,  1.237e+00,  2.332e+00,  1.296e+00],
                       [ 5.395e-01,  1.237e+00,  2.332e+00,  1.296e+00]]), array([ 5.337e+03,  5.337e+03,  5.337e+03,  5.337e+03,
                        5.337e+03]))
   param_names: ['d', 'e', 'f', 'g']
[0.53950151 1.23682276 2.33228533 1.29612418]
{'d': 0.5395015137192694, 'e': 1.236822755734703, 'f': 2.332285333259599, 'g': 1.296124179009997}
Previous:  {'d': 0.5545201109763898, 'e': 1.2023677810574953, 'f': 2.3367317111771078, 'g': 1.3006187994369287}
