prev {'d': 0.5372066101475444, 'e': 1.0950141827556594, 'f': 2.3276901659825544, 'g': 1.306923576628007}
Starting ML Fit
Box_n50_26_1400
       message: Optimization terminated successfully.
       success: True
        status: 0
           fun: 6425.8679940009015
             x: [ 5.228e-01  1.097e+00  2.328e+00  1.304e+00]
           nit: 100
          nfev: 181
 final_simplex: (array([[ 5.228e-01,  1.097e+00,  2.328e+00,  1.304e+00],
                       [ 5.228e-01,  1.097e+00,  2.328e+00,  1.304e+00],
                       ...,
                       [ 5.228e-01,  1.097e+00,  2.328e+00,  1.304e+00],
                       [ 5.228e-01,  1.097e+00,  2.328e+00,  1.304e+00]]), array([ 6.426e+03,  6.426e+03,  6.426e+03,  6.426e+03,
                        6.426e+03]))
   param_names: ['d', 'e', 'f', 'g']
[0.52278115 1.09742215 2.32811569 1.30393332]
{'d': 0.5227811544808315, 'e': 1.0974221465024785, 'f': 2.328115694482027, 'g': 1.303933320992526}
Previous:  {'d': 0.5372066101475444, 'e': 1.0950141827556594, 'f': 2.3276901659825544, 'g': 1.306923576628007}
