prev {'d': 0.49866000933376026, 'e': 0.9296093137550144, 'f': 2.334241718863904, 'g': 1.2745153650494871}
Starting ML Fit
Box26_1400
       message: Optimization terminated successfully.
       success: True
        status: 0
           fun: 25265.67145755738
             x: [ 4.806e-01  8.730e-01  2.341e+00  1.280e+00]
           nit: 103
          nfev: 180
 final_simplex: (array([[ 4.806e-01,  8.730e-01,  2.341e+00,  1.280e+00],
                       [ 4.806e-01,  8.730e-01,  2.341e+00,  1.280e+00],
                       ...,
                       [ 4.806e-01,  8.730e-01,  2.341e+00,  1.280e+00],
                       [ 4.806e-01,  8.730e-01,  2.341e+00,  1.280e+00]]), array([ 2.527e+04,  2.527e+04,  2.527e+04,  2.527e+04,
                        2.527e+04]))
   param_names: ['d', 'e', 'f', 'g']
[0.4806226  0.87299181 2.34068898 1.28028122]
{'d': 0.4806226042130991, 'e': 0.8729918133385788, 'f': 2.3406889790914236, 'g': 1.2802812196110116}
Previous:  {'d': 0.49866000933376026, 'e': 0.9296093137550144, 'f': 2.334241718863904, 'g': 1.2745153650494871}
