prev {'d': 0.5069849733127783, 'e': 1.1698828647898374, 'f': 2.3278077660925636, 'g': 1.275411418828148}
Starting ML Fit
Box_n50_47_1400
       message: Optimization terminated successfully.
       success: True
        status: 0
           fun: 17001.85933004035
             x: [ 5.215e-01  1.170e+00  2.332e+00  1.285e+00]
           nit: 126
          nfev: 219
 final_simplex: (array([[ 5.215e-01,  1.170e+00,  2.332e+00,  1.285e+00],
                       [ 5.215e-01,  1.170e+00,  2.332e+00,  1.285e+00],
                       ...,
                       [ 5.215e-01,  1.170e+00,  2.332e+00,  1.285e+00],
                       [ 5.215e-01,  1.170e+00,  2.332e+00,  1.285e+00]]), array([ 1.700e+04,  1.700e+04,  1.700e+04,  1.700e+04,
                        1.700e+04]))
   param_names: ['d', 'e', 'f', 'g']
[0.52146516 1.17015348 2.33233005 1.28509688]
{'d': 0.5214651599955632, 'e': 1.1701534757204377, 'f': 2.332330048369611, 'g': 1.2850968830289395}
Previous:  {'d': 0.5069849733127783, 'e': 1.1698828647898374, 'f': 2.3278077660925636, 'g': 1.275411418828148}
