prev {'d': 0.48744019257782467, 'e': 1.3372035394462278, 'f': 2.336669164305778, 'g': 1.2497710139368667}
Starting ML Fit
Box74_1400
       message: Optimization terminated successfully.
       success: True
        status: 0
           fun: 8858.318248974789
             x: [ 4.825e-01  1.360e+00  2.334e+00  1.242e+00]
           nit: 74
          nfev: 137
 final_simplex: (array([[ 4.825e-01,  1.360e+00,  2.334e+00,  1.242e+00],
                       [ 4.825e-01,  1.360e+00,  2.334e+00,  1.242e+00],
                       ...,
                       [ 4.825e-01,  1.360e+00,  2.334e+00,  1.242e+00],
                       [ 4.825e-01,  1.360e+00,  2.334e+00,  1.242e+00]]), array([ 8.858e+03,  8.858e+03,  8.858e+03,  8.858e+03,
                        8.858e+03]))
   param_names: ['d', 'e', 'f', 'g']
[0.48252723 1.35976278 2.33375323 1.24237392]
{'d': 0.4825272345484066, 'e': 1.3597627768387626, 'f': 2.3337532306452227, 'g': 1.2423739164659218}
Previous:  {'d': 0.48744019257782467, 'e': 1.3372035394462278, 'f': 2.336669164305778, 'g': 1.2497710139368667}
