prev {'d': 0.4779800737932439, 'e': 1.1736790624022968, 'f': 2.324064557826082, 'g': 1.2269659657363177}
Starting ML Fit
Box85_1400
       message: Optimization terminated successfully.
       success: True
        status: 0
           fun: 6119.214125843498
             x: [ 4.686e-01  1.182e+00  2.321e+00  1.222e+00]
           nit: 111
          nfev: 197
 final_simplex: (array([[ 4.686e-01,  1.182e+00,  2.321e+00,  1.222e+00],
                       [ 4.686e-01,  1.182e+00,  2.321e+00,  1.222e+00],
                       ...,
                       [ 4.686e-01,  1.182e+00,  2.321e+00,  1.222e+00],
                       [ 4.686e-01,  1.182e+00,  2.321e+00,  1.222e+00]]), array([ 6.119e+03,  6.119e+03,  6.119e+03,  6.119e+03,
                        6.119e+03]))
   param_names: ['d', 'e', 'f', 'g']
[0.46856735 1.18241731 2.32137839 1.22155734]
{'d': 0.46856735006609523, 'e': 1.1824173081977059, 'f': 2.321378393256915, 'g': 1.221557340863177}
Previous:  {'d': 0.4779800737932439, 'e': 1.1736790624022968, 'f': 2.324064557826082, 'g': 1.2269659657363177}
