prev {'d': 0.4276116025288251, 'e': 1.0282886026779403, 'f': 2.327937125726895, 'g': 1.2707605485186706}
Starting ML Fit
Box54_1400
       message: Optimization terminated successfully.
       success: True
        status: 0
           fun: 2071.410632239327
             x: [ 3.864e-01  1.029e+00  2.329e+00  1.227e+00]
           nit: 113
          nfev: 198
 final_simplex: (array([[ 3.864e-01,  1.029e+00,  2.329e+00,  1.227e+00],
                       [ 3.864e-01,  1.029e+00,  2.329e+00,  1.227e+00],
                       ...,
                       [ 3.864e-01,  1.029e+00,  2.329e+00,  1.227e+00],
                       [ 3.864e-01,  1.029e+00,  2.329e+00,  1.227e+00]]), array([ 2.071e+03,  2.071e+03,  2.071e+03,  2.071e+03,
                        2.071e+03]))
   param_names: ['d', 'e', 'f', 'g']
[0.38643937 1.02868827 2.32926021 1.22693137]
{'d': 0.3864393733854672, 'e': 1.028688274199772, 'f': 2.3292602081369504, 'g': 1.2269313698038478}
Previous:  {'d': 0.4276116025288251, 'e': 1.0282886026779403, 'f': 2.327937125726895, 'g': 1.2707605485186706}
