prev {'d': 0.4454577534356071, 'e': 1.1075119207649735, 'f': 2.245054699861085, 'g': 1.2425156476544457}
Starting ML Fit
Box_n50_20_1400
       message: Optimization terminated successfully.
       success: True
        status: 0
           fun: 5400.741352574029
             x: [ 4.375e-01  1.069e+00  2.245e+00  1.241e+00]
           nit: 93
          nfev: 168
 final_simplex: (array([[ 4.375e-01,  1.069e+00,  2.245e+00,  1.241e+00],
                       [ 4.375e-01,  1.069e+00,  2.245e+00,  1.241e+00],
                       ...,
                       [ 4.375e-01,  1.069e+00,  2.245e+00,  1.241e+00],
                       [ 4.375e-01,  1.069e+00,  2.245e+00,  1.241e+00]]), array([ 5.401e+03,  5.401e+03,  5.401e+03,  5.401e+03,
                        5.401e+03]))
   param_names: ['d', 'e', 'f', 'g']
[0.43746776 1.06862845 2.24527399 1.24127492]
{'d': 0.43746775813394656, 'e': 1.0686284469909175, 'f': 2.2452739941179294, 'g': 1.2412749223835375}
Previous:  {'d': 0.4454577534356071, 'e': 1.1075119207649735, 'f': 2.245054699861085, 'g': 1.2425156476544457}
