prev {'d': 0.48517374731281104, 'e': 1.3303959156090892, 'f': 2.3003270017888973, 'g': 1.2599451134477384}
Starting ML Fit
Box89_1400
       message: Optimization terminated successfully.
       success: True
        status: 0
           fun: 7838.888623686138
             x: [ 4.699e-01  1.350e+00  2.297e+00  1.251e+00]
           nit: 97
          nfev: 174
 final_simplex: (array([[ 4.699e-01,  1.350e+00,  2.297e+00,  1.251e+00],
                       [ 4.699e-01,  1.350e+00,  2.297e+00,  1.251e+00],
                       ...,
                       [ 4.699e-01,  1.350e+00,  2.297e+00,  1.251e+00],
                       [ 4.699e-01,  1.350e+00,  2.297e+00,  1.251e+00]]), array([ 7.839e+03,  7.839e+03,  7.839e+03,  7.839e+03,
                        7.839e+03]))
   param_names: ['d', 'e', 'f', 'g']
[0.46994562 1.34957606 2.29661149 1.25108109]
{'d': 0.46994562356833947, 'e': 1.3495760559914913, 'f': 2.2966114895592655, 'g': 1.251081090046251}
Previous:  {'d': 0.48517374731281104, 'e': 1.3303959156090892, 'f': 2.3003270017888973, 'g': 1.2599451134477384}
