prev {'d': 0.5246911239586132, 'e': 1.3952604839523217, 'f': 2.3079782242428184, 'g': 1.2615933257469685}
Starting ML Fit
Box92_1400
       message: Optimization terminated successfully.
       success: True
        status: 0
           fun: 11063.73547705291
             x: [ 5.091e-01  1.412e+00  2.305e+00  1.255e+00]
           nit: 101
          nfev: 171
 final_simplex: (array([[ 5.091e-01,  1.412e+00,  2.305e+00,  1.255e+00],
                       [ 5.091e-01,  1.412e+00,  2.305e+00,  1.255e+00],
                       ...,
                       [ 5.091e-01,  1.412e+00,  2.305e+00,  1.255e+00],
                       [ 5.091e-01,  1.412e+00,  2.305e+00,  1.255e+00]]), array([ 1.106e+04,  1.106e+04,  1.106e+04,  1.106e+04,
                        1.106e+04]))
   param_names: ['d', 'e', 'f', 'g']
[0.50908765 1.41230662 2.30522923 1.25548911]
{'d': 0.5090876494417447, 'e': 1.4123066243983202, 'f': 2.3052292279568487, 'g': 1.2554891090211513}
Previous:  {'d': 0.5246911239586132, 'e': 1.3952604839523217, 'f': 2.3079782242428184, 'g': 1.2615933257469685}
