prev {'d': 0.38545113630182803, 'e': 1.044953349396379, 'f': 2.34211489936699, 'g': 1.1994242180316284}
Starting ML Fit
Box21_1400
       message: Optimization terminated successfully.
       success: True
        status: 0
           fun: 4384.880955747678
             x: [ 3.809e-01  1.038e+00  2.342e+00  1.199e+00]
           nit: 89
          nfev: 160
 final_simplex: (array([[ 3.809e-01,  1.038e+00,  2.342e+00,  1.199e+00],
                       [ 3.809e-01,  1.038e+00,  2.342e+00,  1.199e+00],
                       ...,
                       [ 3.809e-01,  1.038e+00,  2.342e+00,  1.199e+00],
                       [ 3.809e-01,  1.038e+00,  2.342e+00,  1.199e+00]]), array([ 4.385e+03,  4.385e+03,  4.385e+03,  4.385e+03,
                        4.385e+03]))
   param_names: ['d', 'e', 'f', 'g']
[0.38094759 1.03838622 2.34218356 1.19871447]
{'d': 0.3809475941344629, 'e': 1.038386224478912, 'f': 2.342183557574041, 'g': 1.198714469896543}
Previous:  {'d': 0.38545113630182803, 'e': 1.044953349396379, 'f': 2.34211489936699, 'g': 1.1994242180316284}
