prev {'d': 0.43834824088184754, 'e': 1.2743727992187788, 'f': 2.2966807451119533, 'g': 1.257256658812782}
Starting ML Fit
Box72_1400
       message: Optimization terminated successfully.
       success: True
        status: 0
           fun: 5892.097709990329
             x: [ 4.308e-01  1.279e+00  2.296e+00  1.255e+00]
           nit: 87
          nfev: 154
 final_simplex: (array([[ 4.308e-01,  1.279e+00,  2.296e+00,  1.255e+00],
                       [ 4.308e-01,  1.279e+00,  2.296e+00,  1.255e+00],
                       ...,
                       [ 4.308e-01,  1.279e+00,  2.296e+00,  1.255e+00],
                       [ 4.308e-01,  1.279e+00,  2.296e+00,  1.255e+00]]), array([ 5.892e+03,  5.892e+03,  5.892e+03,  5.892e+03,
                        5.892e+03]))
   param_names: ['d', 'e', 'f', 'g']
[0.43077933 1.27886875 2.2957264  1.25459077]
{'d': 0.43077932807171737, 'e': 1.2788687509078327, 'f': 2.295726397906381, 'g': 1.254590770604338}
Previous:  {'d': 0.43834824088184754, 'e': 1.2743727992187788, 'f': 2.2966807451119533, 'g': 1.257256658812782}
