prev {'d': 0.41272277401901425, 'e': 0.671578213721117, 'f': 2.312135893910223, 'g': 1.3107185826338483}
Starting ML Fit
Box_n50_18_1400
       message: Optimization terminated successfully.
       success: True
        status: 0
           fun: 2941.1765136971676
             x: [ 4.046e-01  6.338e-01  2.312e+00  1.310e+00]
           nit: 103
          nfev: 184
 final_simplex: (array([[ 4.046e-01,  6.338e-01,  2.312e+00,  1.310e+00],
                       [ 4.046e-01,  6.338e-01,  2.312e+00,  1.310e+00],
                       ...,
                       [ 4.046e-01,  6.337e-01,  2.312e+00,  1.310e+00],
                       [ 4.046e-01,  6.338e-01,  2.312e+00,  1.310e+00]]), array([ 2.941e+03,  2.941e+03,  2.941e+03,  2.941e+03,
                        2.941e+03]))
   param_names: ['d', 'e', 'f', 'g']
[0.40463298 0.63375552 2.31230983 1.30969746]
{'d': 0.4046329825632664, 'e': 0.6337555227585837, 'f': 2.312309828697056, 'g': 1.3096974592518178}
Previous:  {'d': 0.41272277401901425, 'e': 0.671578213721117, 'f': 2.312135893910223, 'g': 1.3107185826338483}
