prev {'d': 0.5139724814224024, 'e': 1.0991295460127386, 'f': 2.329573439991819, 'g': 1.2764060290925523}
Starting ML Fit
Box2_1400
       message: Optimization terminated successfully.
       success: True
        status: 0
           fun: 17177.450691227878
             x: [ 5.155e-01  1.110e+00  2.327e+00  1.276e+00]
           nit: 78
          nfev: 141
 final_simplex: (array([[ 5.155e-01,  1.110e+00,  2.327e+00,  1.276e+00],
                       [ 5.155e-01,  1.110e+00,  2.327e+00,  1.276e+00],
                       ...,
                       [ 5.155e-01,  1.110e+00,  2.327e+00,  1.276e+00],
                       [ 5.155e-01,  1.110e+00,  2.328e+00,  1.276e+00]]), array([ 1.718e+04,  1.718e+04,  1.718e+04,  1.718e+04,
                        1.718e+04]))
   param_names: ['d', 'e', 'f', 'g']
[0.51548049 1.11009375 2.32749544 1.2760666 ]
{'d': 0.515480486174636, 'e': 1.1100937544428753, 'f': 2.3274954449079632, 'g': 1.2760666037420092}
Previous:  {'d': 0.5139724814224024, 'e': 1.0991295460127386, 'f': 2.329573439991819, 'g': 1.2764060290925523}
