prev {'d': 0.46093334732392033, 'e': 1.0839303514309335, 'f': 2.3319800814187133, 'g': 1.2803553273163866}
Starting ML Fit
Box57_1400
       message: Optimization terminated successfully.
       success: True
        status: 0
           fun: 1001.1954747430873
             x: [ 4.318e-01  1.087e+00  2.332e+00  1.255e+00]
           nit: 86
          nfev: 153
 final_simplex: (array([[ 4.318e-01,  1.087e+00,  2.332e+00,  1.255e+00],
                       [ 4.318e-01,  1.087e+00,  2.332e+00,  1.255e+00],
                       ...,
                       [ 4.318e-01,  1.087e+00,  2.332e+00,  1.255e+00],
                       [ 4.318e-01,  1.087e+00,  2.332e+00,  1.255e+00]]), array([ 1.001e+03,  1.001e+03,  1.001e+03,  1.001e+03,
                        1.001e+03]))
   param_names: ['d', 'e', 'f', 'g']
[0.43180188 1.08678804 2.33184606 1.25534378]
{'d': 0.43180187563067574, 'e': 1.0867880396739156, 'f': 2.3318460572381356, 'g': 1.2553437751742467}
Previous:  {'d': 0.46093334732392033, 'e': 1.0839303514309335, 'f': 2.3319800814187133, 'g': 1.2803553273163866}
