prev {'d': 0.3908582141931583, 'e': 0.9665873238806468, 'f': 2.3397854093559296, 'g': 1.2570219194643664}
Starting ML Fit
Box76_1400
       message: Optimization terminated successfully.
       success: True
        status: 0
           fun: 7175.117987680802
             x: [ 4.125e-01  9.680e-01  2.339e+00  1.271e+00]
           nit: 98
          nfev: 173
 final_simplex: (array([[ 4.125e-01,  9.680e-01,  2.339e+00,  1.271e+00],
                       [ 4.125e-01,  9.681e-01,  2.339e+00,  1.271e+00],
                       ...,
                       [ 4.125e-01,  9.680e-01,  2.339e+00,  1.271e+00],
                       [ 4.125e-01,  9.680e-01,  2.339e+00,  1.271e+00]]), array([ 7.175e+03,  7.175e+03,  7.175e+03,  7.175e+03,
                        7.175e+03]))
   param_names: ['d', 'e', 'f', 'g']
[0.41246731 0.96803139 2.33879506 1.27129766]
{'d': 0.4124673118664296, 'e': 0.9680313943343589, 'f': 2.3387950627361676, 'g': 1.271297656224443}
Previous:  {'d': 0.3908582141931583, 'e': 0.9665873238806468, 'f': 2.3397854093559296, 'g': 1.2570219194643664}
