prev {'d': 0.4648430878512996, 'e': 0.8004171116560239, 'f': 2.273935694699383, 'g': 1.3310686589105696}
Starting ML Fit
Box65_1400
       message: Optimization terminated successfully.
       success: True
        status: 0
           fun: 14389.576409503876
             x: [ 4.576e-01  7.829e-01  2.274e+00  1.330e+00]
           nit: 94
          nfev: 173
 final_simplex: (array([[ 4.576e-01,  7.829e-01,  2.274e+00,  1.330e+00],
                       [ 4.576e-01,  7.829e-01,  2.274e+00,  1.330e+00],
                       ...,
                       [ 4.576e-01,  7.829e-01,  2.274e+00,  1.330e+00],
                       [ 4.576e-01,  7.829e-01,  2.274e+00,  1.330e+00]]), array([ 1.439e+04,  1.439e+04,  1.439e+04,  1.439e+04,
                        1.439e+04]))
   param_names: ['d', 'e', 'f', 'g']
[0.45759618 0.78289045 2.27412277 1.33026582]
{'d': 0.45759617622739734, 'e': 0.7828904474852965, 'f': 2.274122774220382, 'g': 1.3302658228045732}
Previous:  {'d': 0.4648430878512996, 'e': 0.8004171116560239, 'f': 2.273935694699383, 'g': 1.3310686589105696}
