prev {'d': 0.46171222809019663, 'e': 1.3038536666141336, 'f': 2.3231908365771083, 'g': 1.2877083150834328}
Starting ML Fit
Box24_1400
       message: Optimization terminated successfully.
       success: True
        status: 0
           fun: 2080.637665683439
             x: [ 4.569e-01  1.302e+00  2.324e+00  1.285e+00]
           nit: 91
          nfev: 164
 final_simplex: (array([[ 4.569e-01,  1.302e+00,  2.324e+00,  1.285e+00],
                       [ 4.569e-01,  1.302e+00,  2.324e+00,  1.285e+00],
                       ...,
                       [ 4.569e-01,  1.302e+00,  2.324e+00,  1.285e+00],
                       [ 4.569e-01,  1.302e+00,  2.324e+00,  1.285e+00]]), array([ 2.081e+03,  2.081e+03,  2.081e+03,  2.081e+03,
                        2.081e+03]))
   param_names: ['d', 'e', 'f', 'g']
[0.45687977 1.3015288  2.32428489 1.28538702]
{'d': 0.45687977351147446, 'e': 1.3015287992683364, 'f': 2.3242848888461616, 'g': 1.2853870152888573}
Previous:  {'d': 0.46171222809019663, 'e': 1.3038536666141336, 'f': 2.3231908365771083, 'g': 1.2877083150834328}
