prev {'d': 0.424686793909048, 'e': 0.9686960103533513, 'f': 2.3642832846579402, 'g': 1.2772583016423007}
Starting ML Fit
Box60_1400
       message: Optimization terminated successfully.
       success: True
        status: 0
           fun: 2472.3855254919313
             x: [ 4.186e-01  9.723e-01  2.363e+00  1.272e+00]
           nit: 78
          nfev: 143
 final_simplex: (array([[ 4.186e-01,  9.723e-01,  2.363e+00,  1.272e+00],
                       [ 4.186e-01,  9.723e-01,  2.363e+00,  1.272e+00],
                       ...,
                       [ 4.186e-01,  9.723e-01,  2.363e+00,  1.272e+00],
                       [ 4.186e-01,  9.723e-01,  2.364e+00,  1.272e+00]]), array([ 2.472e+03,  2.472e+03,  2.472e+03,  2.472e+03,
                        2.472e+03]))
   param_names: ['d', 'e', 'f', 'g']
[0.41859384 0.97228742 2.36349037 1.27191382]
{'d': 0.4185938397088187, 'e': 0.9722874197157338, 'f': 2.363490367438829, 'g': 1.2719138193707062}
Previous:  {'d': 0.424686793909048, 'e': 0.9686960103533513, 'f': 2.3642832846579402, 'g': 1.2772583016423007}
