Leaving out Box38_1400
alist [1.0, 0.953321, 0.866399, 0.787402, 0.715608, 0.65036, 0.620002, 0.591061, 0.563471, 0.537169, 0.512095, 0.488191, 0.403224, 0.366459]
Iter 1/250 - Loss: 3.2833
Iter 2/250 - Loss: 2.9092
Iter 3/250 - Loss: 2.5622
Iter 4/250 - Loss: 2.2427
Iter 5/250 - Loss: 1.9513
Iter 6/250 - Loss: 1.6900
Iter 7/250 - Loss: 1.4617
Iter 8/250 - Loss: 1.2694
Iter 9/250 - Loss: 1.1145
Iter 10/250 - Loss: 0.9946
Iter 11/250 - Loss: 0.9025
Iter 12/250 - Loss: 0.8283
Iter 13/250 - Loss: 0.7623
Iter 14/250 - Loss: 0.6988
Iter 15/250 - Loss: 0.6359
Iter 16/250 - Loss: 0.5732
Iter 17/250 - Loss: 0.5076
Iter 18/250 - Loss: 0.4394
Iter 19/250 - Loss: 0.3714
Iter 20/250 - Loss: 0.3070
Iter 21/250 - Loss: 0.2469
Iter 22/250 - Loss: 0.1902
Iter 23/250 - Loss: 0.1355
Iter 24/250 - Loss: 0.0817
Iter 25/250 - Loss: 0.0284
Iter 26/250 - Loss: -0.0241
Iter 27/250 - Loss: -0.0757
Iter 28/250 - Loss: -0.1261
Iter 29/250 - Loss: -0.1751
Iter 30/250 - Loss: -0.2236
Iter 31/250 - Loss: -0.2724
Iter 32/250 - Loss: -0.3212
Iter 33/250 - Loss: -0.3691
Iter 34/250 - Loss: -0.4153
Iter 35/250 - Loss: -0.4610
Iter 36/250 - Loss: -0.5064
Iter 37/250 - Loss: -0.5515
Iter 38/250 - Loss: -0.5956
Iter 39/250 - Loss: -0.6384
Iter 40/250 - Loss: -0.6801
Iter 41/250 - Loss: -0.7208
Iter 42/250 - Loss: -0.7610
Iter 43/250 - Loss: -0.8003
Iter 44/250 - Loss: -0.8386
Iter 45/250 - Loss: -0.8760
Iter 46/250 - Loss: -0.9134
Iter 47/250 - Loss: -0.9510
Iter 48/250 - Loss: -0.9891
Iter 49/250 - Loss: -1.0277
Iter 50/250 - Loss: -1.0670
Iter 51/250 - Loss: -1.1068
Iter 52/250 - Loss: -1.1470
Iter 53/250 - Loss: -1.1871
Iter 54/250 - Loss: -1.2269
Iter 55/250 - Loss: -1.2661
Iter 56/250 - Loss: -1.3046
Iter 57/250 - Loss: -1.3425
Iter 58/250 - Loss: -1.3797
Iter 59/250 - Loss: -1.4164
Iter 60/250 - Loss: -1.4526
Iter 61/250 - Loss: -1.4883
Iter 62/250 - Loss: -1.5238
Iter 63/250 - Loss: -1.5592
Iter 64/250 - Loss: -1.5945
Iter 65/250 - Loss: -1.6300
Iter 66/250 - Loss: -1.6658
Iter 67/250 - Loss: -1.7019
Iter 68/250 - Loss: -1.7385
Iter 69/250 - Loss: -1.7755
Iter 70/250 - Loss: -1.8129
Iter 71/250 - Loss: -1.8506
Iter 72/250 - Loss: -1.8885
Iter 73/250 - Loss: -1.9264
Iter 74/250 - Loss: -1.9642
Iter 75/250 - Loss: -2.0015
Iter 76/250 - Loss: -2.0379
Iter 77/250 - Loss: -2.0733
Iter 78/250 - Loss: -2.1073
Iter 79/250 - Loss: -2.1379
Iter 80/250 - Loss: -2.1720
Iter 81/250 - Loss: -2.2037
Iter 82/250 - Loss: -2.2333
Iter 83/250 - Loss: -2.2633
Iter 84/250 - Loss: -2.2901
Iter 85/250 - Loss: -2.3191
Iter 86/250 - Loss: -2.3442
Iter 87/250 - Loss: -2.3706
Iter 88/250 - Loss: -2.3952
Iter 89/250 - Loss: -2.4203
Iter 90/250 - Loss: -2.4454
Iter 91/250 - Loss: -2.4682
Iter 92/250 - Loss: -2.4909
Iter 93/250 - Loss: -2.5122
Iter 94/250 - Loss: -2.5319
Iter 95/250 - Loss: -2.5509
Iter 96/250 - Loss: -2.5692
Iter 97/250 - Loss: -2.5864
Iter 98/250 - Loss: -2.6025
Iter 99/250 - Loss: -2.6175
Iter 100/250 - Loss: -2.6316
Iter 101/250 - Loss: -2.6447
Iter 102/250 - Loss: -2.6569
Iter 103/250 - Loss: -2.6682
Iter 104/250 - Loss: -2.6786
Iter 105/250 - Loss: -2.6883
Iter 106/250 - Loss: -2.6975
Iter 107/250 - Loss: -2.7061
Iter 108/250 - Loss: -2.7142
Iter 109/250 - Loss: -2.7217
Iter 110/250 - Loss: -2.7286
Iter 111/250 - Loss: -2.7351
Iter 112/250 - Loss: -2.7413
Iter 113/250 - Loss: -2.7471
Iter 114/250 - Loss: -2.7524
Iter 115/250 - Loss: -2.7575
Iter 116/250 - Loss: -2.7623
Iter 117/250 - Loss: -2.7668
Iter 118/250 - Loss: -2.7709
Iter 119/250 - Loss: -2.7748
Iter 120/250 - Loss: -2.7785
Iter 121/250 - Loss: -2.7820
Iter 122/250 - Loss: -2.7853
Iter 123/250 - Loss: -2.7885
Iter 124/250 - Loss: -2.7914
Iter 125/250 - Loss: -2.7942
Iter 126/250 - Loss: -2.7969
Iter 127/250 - Loss: -2.7994
Iter 128/250 - Loss: -2.8018
Iter 129/250 - Loss: -2.8041
Iter 130/250 - Loss: -2.8063
Iter 131/250 - Loss: -2.8085
Iter 132/250 - Loss: -2.8105
Iter 133/250 - Loss: -2.8125
Iter 134/250 - Loss: -2.8144
Iter 135/250 - Loss: -2.8162
Iter 136/250 - Loss: -2.8179
Iter 137/250 - Loss: -2.8196
Iter 138/250 - Loss: -2.8213
Iter 139/250 - Loss: -2.8228
Iter 140/250 - Loss: -2.8244
Iter 141/250 - Loss: -2.8258
Iter 142/250 - Loss: -2.8273
Iter 143/250 - Loss: -2.8286
Iter 144/250 - Loss: -2.8299
Iter 145/250 - Loss: -2.8312
Iter 146/250 - Loss: -2.8324
Iter 147/250 - Loss: -2.8336
Iter 148/250 - Loss: -2.8348
Iter 149/250 - Loss: -2.8359
Iter 150/250 - Loss: -2.8369
Iter 151/250 - Loss: -2.8380
Iter 152/250 - Loss: -2.8390
Iter 153/250 - Loss: -2.8399
Iter 154/250 - Loss: -2.8409
Iter 155/250 - Loss: -2.8418
Iter 156/250 - Loss: -2.8427
Iter 157/250 - Loss: -2.8435
Iter 158/250 - Loss: -2.8444
Iter 159/250 - Loss: -2.8452
Iter 160/250 - Loss: -2.8460
Iter 161/250 - Loss: -2.8468
Iter 162/250 - Loss: -2.8476
Iter 163/250 - Loss: -2.8484
Iter 164/250 - Loss: -2.8491
Iter 165/250 - Loss: -2.8499
Iter 166/250 - Loss: -2.8506
Iter 167/250 - Loss: -2.8513
Iter 168/250 - Loss: -2.8520
Iter 169/250 - Loss: -2.8527
Iter 170/250 - Loss: -2.8534
Iter 171/250 - Loss: -2.8541
Iter 172/250 - Loss: -2.8548
Iter 173/250 - Loss: -2.8555
Iter 174/250 - Loss: -2.8562
Iter 175/250 - Loss: -2.8569
Iter 176/250 - Loss: -2.8576
Iter 177/250 - Loss: -2.8583
Iter 178/250 - Loss: -2.8590
Iter 179/250 - Loss: -2.8597
Iter 180/250 - Loss: -2.8604
Iter 181/250 - Loss: -2.8611
Iter 182/250 - Loss: -2.8618
Iter 183/250 - Loss: -2.8624
Iter 184/250 - Loss: -2.8630
Iter 185/250 - Loss: -2.8637
Iter 186/250 - Loss: -2.8643
Iter 187/250 - Loss: -2.8648
Iter 188/250 - Loss: -2.8654
Iter 189/250 - Loss: -2.8660
Iter 190/250 - Loss: -2.8665
Iter 191/250 - Loss: -2.8671
Iter 192/250 - Loss: -2.8676
Iter 193/250 - Loss: -2.8682
Iter 194/250 - Loss: -2.8687
Iter 195/250 - Loss: -2.8693
Iter 196/250 - Loss: -2.8700
Iter 197/250 - Loss: -2.8706
Iter 198/250 - Loss: -2.8712
Iter 199/250 - Loss: -2.8717
Iter 200/250 - Loss: -2.8721
Iter 201/250 - Loss: -2.8725
Iter 202/250 - Loss: -2.8728
Iter 203/250 - Loss: -2.8731
Iter 204/250 - Loss: -2.8734
Iter 205/250 - Loss: -2.8738
Iter 206/250 - Loss: -2.8742
Iter 207/250 - Loss: -2.8746
Iter 208/250 - Loss: -2.8750
Iter 209/250 - Loss: -2.8754
Iter 210/250 - Loss: -2.8757
Iter 211/250 - Loss: -2.8760
Iter 212/250 - Loss: -2.8763
Iter 213/250 - Loss: -2.8766
Iter 214/250 - Loss: -2.8768
Iter 215/250 - Loss: -2.8771
Iter 216/250 - Loss: -2.8774
Iter 217/250 - Loss: -2.8777
Iter 218/250 - Loss: -2.8780
Iter 219/250 - Loss: -2.8783
Iter 220/250 - Loss: -2.8786
Iter 221/250 - Loss: -2.8788
Iter 222/250 - Loss: -2.8791
Iter 223/250 - Loss: -2.8794
Iter 224/250 - Loss: -2.8796
Iter 225/250 - Loss: -2.8799
Iter 226/250 - Loss: -2.8801
Iter 227/250 - Loss: -2.8803
Iter 228/250 - Loss: -2.8806
Iter 229/250 - Loss: -2.8808
Iter 230/250 - Loss: -2.8811
Iter 231/250 - Loss: -2.8813
Iter 232/250 - Loss: -2.8815
Iter 233/250 - Loss: -2.8818
Iter 234/250 - Loss: -2.8820
Iter 235/250 - Loss: -2.8822
Iter 236/250 - Loss: -2.8824
Iter 237/250 - Loss: -2.8826
Iter 238/250 - Loss: -2.8829
Iter 239/250 - Loss: -2.8831
Iter 240/250 - Loss: -2.8833
Iter 241/250 - Loss: -2.8835
Iter 242/250 - Loss: -2.8837
Iter 243/250 - Loss: -2.8839
Iter 244/250 - Loss: -2.8841
Iter 245/250 - Loss: -2.8843
Iter 246/250 - Loss: -2.8845
Iter 247/250 - Loss: -2.8847
Iter 248/250 - Loss: -2.8849
Iter 249/250 - Loss: -2.8851
Iter 250/250 - Loss: -2.8853
now training with smaller learning rate
Iter 1/250 - Loss: -2.8855
Iter 2/250 - Loss: -2.8857
Iter 3/250 - Loss: -2.8864
Iter 4/250 - Loss: -2.8868
Iter 5/250 - Loss: -2.8872
Iter 6/250 - Loss: -2.8877
Iter 7/250 - Loss: -2.8882
Iter 8/250 - Loss: -2.8886
Iter 9/250 - Loss: -2.8890
Iter 10/250 - Loss: -2.8894
Iter 11/250 - Loss: -2.8899
Iter 12/250 - Loss: -2.8903
Iter 13/250 - Loss: -2.8907
Iter 14/250 - Loss: -2.8912
Iter 15/250 - Loss: -2.8916
Iter 16/250 - Loss: -2.8920
Iter 17/250 - Loss: -2.8924
Iter 18/250 - Loss: -2.8928
Iter 19/250 - Loss: -2.8932
Iter 20/250 - Loss: -2.8936
Iter 21/250 - Loss: -2.8940
Iter 22/250 - Loss: -2.8944
Iter 23/250 - Loss: -2.8948
Iter 24/250 - Loss: -2.8952
Iter 25/250 - Loss: -2.8956
Iter 26/250 - Loss: -2.8960
Iter 27/250 - Loss: -2.8964
Iter 28/250 - Loss: -2.8968
Iter 29/250 - Loss: -2.8972
Iter 30/250 - Loss: -2.8975
Iter 31/250 - Loss: -2.8979
Iter 32/250 - Loss: -2.8983
Iter 33/250 - Loss: -2.8987
Iter 34/250 - Loss: -2.8991
Iter 35/250 - Loss: -2.8994
Iter 36/250 - Loss: -2.8998
Iter 37/250 - Loss: -2.9002
Iter 38/250 - Loss: -2.9005
Iter 39/250 - Loss: -2.9009
Iter 40/250 - Loss: -2.9012
Iter 41/250 - Loss: -2.9016
Iter 42/250 - Loss: -2.9019
Iter 43/250 - Loss: -2.9023
Iter 44/250 - Loss: -2.9026
Iter 45/250 - Loss: -2.9030
Iter 46/250 - Loss: -2.9033
Iter 47/250 - Loss: -2.9036
Iter 48/250 - Loss: -2.9040
Iter 49/250 - Loss: -2.9043
Iter 50/250 - Loss: -2.9046
Iter 51/250 - Loss: -2.9049
Iter 52/250 - Loss: -2.9053
Iter 53/250 - Loss: -2.9056
Iter 54/250 - Loss: -2.9059
Iter 55/250 - Loss: -2.9062
Iter 56/250 - Loss: -2.9065
Iter 57/250 - Loss: -2.9068
Iter 58/250 - Loss: -2.9071
Iter 59/250 - Loss: -2.9074
Iter 60/250 - Loss: -2.9077
Iter 61/250 - Loss: -2.9080
Iter 62/250 - Loss: -2.9083
Iter 63/250 - Loss: -2.9086
Iter 64/250 - Loss: -2.9089
Iter 65/250 - Loss: -2.9092
Iter 66/250 - Loss: -2.9094
Iter 67/250 - Loss: -2.9097
Iter 68/250 - Loss: -2.9100
Iter 69/250 - Loss: -2.9103
Iter 70/250 - Loss: -2.9105
Iter 71/250 - Loss: -2.9108
Iter 72/250 - Loss: -2.9111
Iter 73/250 - Loss: -2.9113
Iter 74/250 - Loss: -2.9116
Iter 75/250 - Loss: -2.9118
Iter 76/250 - Loss: -2.9121
Iter 77/250 - Loss: -2.9123
Iter 78/250 - Loss: -2.9126
Iter 79/250 - Loss: -2.9128
Iter 80/250 - Loss: -2.9130
Iter 81/250 - Loss: -2.9133
Iter 82/250 - Loss: -2.9135
Iter 83/250 - Loss: -2.9137
Iter 84/250 - Loss: -2.9140
Iter 85/250 - Loss: -2.9142
Iter 86/250 - Loss: -2.9144
Iter 87/250 - Loss: -2.9146
Iter 88/250 - Loss: -2.9149
Iter 89/250 - Loss: -2.9151
Iter 90/250 - Loss: -2.9153
Iter 91/250 - Loss: -2.9155
Iter 92/250 - Loss: -2.9157
Iter 93/250 - Loss: -2.9159
Iter 94/250 - Loss: -2.9161
Iter 95/250 - Loss: -2.9163
Iter 96/250 - Loss: -2.9165
Iter 97/250 - Loss: -2.9167
Iter 98/250 - Loss: -2.9169
Iter 99/250 - Loss: -2.9171
Iter 100/250 - Loss: -2.9173
Iter 101/250 - Loss: -2.9175
Iter 102/250 - Loss: -2.9176
Iter 103/250 - Loss: -2.9178
Iter 104/250 - Loss: -2.9180
Iter 105/250 - Loss: -2.9182
Iter 106/250 - Loss: -2.9184
Iter 107/250 - Loss: -2.9185
Iter 108/250 - Loss: -2.9187
Iter 109/250 - Loss: -2.9189
Iter 110/250 - Loss: -2.9190
Iter 111/250 - Loss: -2.9192
Iter 112/250 - Loss: -2.9194
Iter 113/250 - Loss: -2.9195
Iter 114/250 - Loss: -2.9197
Iter 115/250 - Loss: -2.9199
Iter 116/250 - Loss: -2.9200
Iter 117/250 - Loss: -2.9202
Iter 118/250 - Loss: -2.9203
Iter 119/250 - Loss: -2.9205
Iter 120/250 - Loss: -2.9207
Iter 121/250 - Loss: -2.9208
Iter 122/250 - Loss: -2.9209
Iter 123/250 - Loss: -2.9211
Iter 124/250 - Loss: -2.9212
Iter 125/250 - Loss: -2.9214
Iter 126/250 - Loss: -2.9215
Iter 127/250 - Loss: -2.9217
Iter 128/250 - Loss: -2.9218
Iter 129/250 - Loss: -2.9219
Iter 130/250 - Loss: -2.9221
Iter 131/250 - Loss: -2.9222
Iter 132/250 - Loss: -2.9224
Iter 133/250 - Loss: -2.9225
Iter 134/250 - Loss: -2.9226
Iter 135/250 - Loss: -2.9228
Iter 136/250 - Loss: -2.9229
Iter 137/250 - Loss: -2.9230
Iter 138/250 - Loss: -2.9232
Iter 139/250 - Loss: -2.9233
Iter 140/250 - Loss: -2.9234
Iter 141/250 - Loss: -2.9235
Iter 142/250 - Loss: -2.9237
Iter 143/250 - Loss: -2.9238
Iter 144/250 - Loss: -2.9239
Iter 145/250 - Loss: -2.9240
Iter 146/250 - Loss: -2.9242
Iter 147/250 - Loss: -2.9243
Iter 148/250 - Loss: -2.9244
Iter 149/250 - Loss: -2.9245
Iter 150/250 - Loss: -2.9246
Iter 151/250 - Loss: -2.9248
Iter 152/250 - Loss: -2.9249
Iter 153/250 - Loss: -2.9250
Iter 154/250 - Loss: -2.9251
Iter 155/250 - Loss: -2.9252
Iter 156/250 - Loss: -2.9253
Iter 157/250 - Loss: -2.9254
Iter 158/250 - Loss: -2.9255
Iter 159/250 - Loss: -2.9256
Iter 160/250 - Loss: -2.9257
Iter 161/250 - Loss: -2.9258
Iter 162/250 - Loss: -2.9259
Iter 163/250 - Loss: -2.9261
Iter 164/250 - Loss: -2.9262
Iter 165/250 - Loss: -2.9262
Iter 166/250 - Loss: -2.9264
Iter 167/250 - Loss: -2.9265
Iter 168/250 - Loss: -2.9265
Iter 169/250 - Loss: -2.9267
Iter 170/250 - Loss: -2.9267
Iter 171/250 - Loss: -2.9268
Iter 172/250 - Loss: -2.9269
Iter 173/250 - Loss: -2.9270
Iter 174/250 - Loss: -2.9271
Iter 175/250 - Loss: -2.9272
Iter 176/250 - Loss: -2.9273
Iter 177/250 - Loss: -2.9274
Iter 178/250 - Loss: -2.9275
Iter 179/250 - Loss: -2.9275
Iter 180/250 - Loss: -2.9276
Iter 181/250 - Loss: -2.9277
Iter 182/250 - Loss: -2.9278
Iter 183/250 - Loss: -2.9279
Iter 184/250 - Loss: -2.9280
Iter 185/250 - Loss: -2.9280
Iter 186/250 - Loss: -2.9281
Iter 187/250 - Loss: -2.9282
Iter 188/250 - Loss: -2.9283
Iter 189/250 - Loss: -2.9283
Iter 190/250 - Loss: -2.9284
Iter 191/250 - Loss: -2.9285
Iter 192/250 - Loss: -2.9286
Iter 193/250 - Loss: -2.9286
Iter 194/250 - Loss: -2.9287
Iter 195/250 - Loss: -2.9288
Iter 196/250 - Loss: -2.9288
Iter 197/250 - Loss: -2.9289
Iter 198/250 - Loss: -2.9290
Iter 199/250 - Loss: -2.9291
Iter 200/250 - Loss: -2.9291
Iter 201/250 - Loss: -2.9292
Iter 202/250 - Loss: -2.9293
Iter 203/250 - Loss: -2.9293
Iter 204/250 - Loss: -2.9294
Iter 205/250 - Loss: -2.9294
Iter 206/250 - Loss: -2.9295
Iter 207/250 - Loss: -2.9296
Iter 208/250 - Loss: -2.9296
Iter 209/250 - Loss: -2.9297
Iter 210/250 - Loss: -2.9297
Iter 211/250 - Loss: -2.9298
Iter 212/250 - Loss: -2.9299
Iter 213/250 - Loss: -2.9299
Iter 214/250 - Loss: -2.9300
Iter 215/250 - Loss: -2.9300
Iter 216/250 - Loss: -2.9301
Iter 217/250 - Loss: -2.9301
Iter 218/250 - Loss: -2.9302
Iter 219/250 - Loss: -2.9302
Iter 220/250 - Loss: -2.9303
Iter 221/250 - Loss: -2.9304
Iter 222/250 - Loss: -2.9304
Iter 223/250 - Loss: -2.9305
Iter 224/250 - Loss: -2.9305
Iter 225/250 - Loss: -2.9306
Iter 226/250 - Loss: -2.9306
Iter 227/250 - Loss: -2.9307
Iter 228/250 - Loss: -2.9307
Iter 229/250 - Loss: -2.9308
Iter 230/250 - Loss: -2.9308
Iter 231/250 - Loss: -2.9309
Iter 232/250 - Loss: -2.9309
Iter 233/250 - Loss: -2.9310
Iter 234/250 - Loss: -2.9310
Iter 235/250 - Loss: -2.9311
Iter 236/250 - Loss: -2.9311
Iter 237/250 - Loss: -2.9311
Iter 238/250 - Loss: -2.9312
Iter 239/250 - Loss: -2.9312
Iter 240/250 - Loss: -2.9313
Iter 241/250 - Loss: -2.9313
Iter 242/250 - Loss: -2.9314
Iter 243/250 - Loss: -2.9314
Iter 244/250 - Loss: -2.9315
Iter 245/250 - Loss: -2.9315
Iter 246/250 - Loss: -2.9315
Iter 247/250 - Loss: -2.9316
Iter 248/250 - Loss: -2.9316
Iter 249/250 - Loss: -2.9317
Iter 250/250 - Loss: -2.9317
