prev {'d': 0.44617543787659686, 'e': 1.0067859440009184, 'f': 2.325826454390582, 'g': 1.2725602290869147}
Starting ML Fit
Box_n50_5_1400
       message: Optimization terminated successfully.
       success: True
        status: 0
           fun: 2921.023686162888
             x: [ 4.405e-01  1.006e+00  2.326e+00  1.271e+00]
           nit: 99
          nfev: 176
 final_simplex: (array([[ 4.405e-01,  1.006e+00,  2.326e+00,  1.271e+00],
                       [ 4.405e-01,  1.006e+00,  2.326e+00,  1.271e+00],
                       ...,
                       [ 4.405e-01,  1.006e+00,  2.326e+00,  1.271e+00],
                       [ 4.405e-01,  1.006e+00,  2.326e+00,  1.271e+00]]), array([ 2.921e+03,  2.921e+03,  2.921e+03,  2.921e+03,
                        2.921e+03]))
   param_names: ['d', 'e', 'f', 'g']
[0.4405452  1.00560908 2.32596756 1.27064677]
{'d': 0.4405452026732668, 'e': 1.0056090830758742, 'f': 2.325967557301622, 'g': 1.2706467727057411}
Previous:  {'d': 0.44617543787659686, 'e': 1.0067859440009184, 'f': 2.325826454390582, 'g': 1.2725602290869147}
