prev {'d': 0.4372599029012333, 'e': 1.053010644309831, 'f': 2.343220965862318, 'g': 1.2866674437757577}
Starting ML Fit
Box10_1400
       message: Optimization terminated successfully.
       success: True
        status: 0
           fun: 3523.8834101051693
             x: [ 4.305e-01  1.043e+00  2.345e+00  1.283e+00]
           nit: 85
          nfev: 156
 final_simplex: (array([[ 4.305e-01,  1.043e+00,  2.345e+00,  1.283e+00],
                       [ 4.305e-01,  1.043e+00,  2.345e+00,  1.283e+00],
                       ...,
                       [ 4.305e-01,  1.043e+00,  2.345e+00,  1.283e+00],
                       [ 4.305e-01,  1.043e+00,  2.345e+00,  1.283e+00]]), array([ 3.524e+03,  3.524e+03,  3.524e+03,  3.524e+03,
                        3.524e+03]))
   param_names: ['d', 'e', 'f', 'g']
[0.43053151 1.04288009 2.34537374 1.28297589]
{'d': 0.4305315104786594, 'e': 1.0428800920005186, 'f': 2.3453737420882463, 'g': 1.2829758939103875}
Previous:  {'d': 0.4372599029012333, 'e': 1.053010644309831, 'f': 2.343220965862318, 'g': 1.2866674437757577}
