
CommandNotFoundError: Your shell has not been properly configured to use 'conda activate'.
To initialize your shell, run

    $ conda init <SHELL_NAME>

Currently supported shells are:
  - bash
  - fish
  - tcsh
  - xonsh
  - zsh
  - powershell

See 'conda init --help' for more information and options.

IMPORTANT: You may need to close and restart your shell after running 'conda init'.


  0%|                                                     | 0/14 [00:00<?, ?it/s]/home/users/delon/aemulusnu_massfunction/utils.py:36: IntegrationWarning: The occurrence of roundoff error is detected, which prevents 
  the requested tolerance from being achieved.  The error may be 
  underestimated.
  res, err = quad(dσ2dk, 0, 20/R, limit=1000)
/home/users/delon/aemulusnu_massfunction/utils.py:60: IntegrationWarning: The occurrence of roundoff error is detected, which prevents 
  the requested tolerance from being achieved.  The error may be 
  underestimated.
  res, err = quad(dσ2dRdk, 0, 20/R, limit=1000)
  7%|███▏                                         | 1/14 [00:15<03:25, 15.83s/it] 14%|██████▍                                      | 2/14 [00:31<03:08, 15.74s/it] 21%|█████████▋                                   | 3/14 [00:46<02:51, 15.60s/it] 29%|████████████▊                                | 4/14 [01:02<02:34, 15.44s/it] 36%|████████████████                             | 5/14 [01:17<02:18, 15.38s/it] 43%|███████████████████▎                         | 6/14 [01:32<02:02, 15.36s/it] 50%|██████████████████████▌                      | 7/14 [01:47<01:47, 15.32s/it] 57%|█████████████████████████▋                   | 8/14 [02:03<01:31, 15.28s/it] 64%|████████████████████████████▉                | 9/14 [02:18<01:16, 15.24s/it] 71%|███████████████████████████████▍            | 10/14 [02:33<01:00, 15.23s/it] 79%|██████████████████████████████████▌         | 11/14 [02:48<00:45, 15.20s/it] 86%|█████████████████████████████████████▋      | 12/14 [03:03<00:30, 15.15s/it] 93%|████████████████████████████████████████▊   | 13/14 [03:18<00:15, 15.11s/it]100%|████████████████████████████████████████████| 14/14 [03:33<00:00, 15.13s/it]100%|████████████████████████████████████████████| 14/14 [03:33<00:00, 15.28s/it]
