prev {'d': 0.38880324600897476, 'e': 0.757615853124867, 'f': 2.2589414926595626, 'g': 1.2679185124595183}
Starting ML Fit
Box34_1400
       message: Optimization terminated successfully.
       success: True
        status: 0
           fun: 9264.156773848432
             x: [ 3.740e-01  6.721e-01  2.259e+00  1.265e+00]
           nit: 112
          nfev: 197
 final_simplex: (array([[ 3.740e-01,  6.721e-01,  2.259e+00,  1.265e+00],
                       [ 3.740e-01,  6.722e-01,  2.259e+00,  1.265e+00],
                       ...,
                       [ 3.740e-01,  6.721e-01,  2.259e+00,  1.265e+00],
                       [ 3.740e-01,  6.722e-01,  2.259e+00,  1.265e+00]]), array([ 9.264e+03,  9.264e+03,  9.264e+03,  9.264e+03,
                        9.264e+03]))
   param_names: ['d', 'e', 'f', 'g']
[0.37402894 0.67213284 2.25939351 1.26515996]
{'d': 0.3740289434515235, 'e': 0.6721328350622584, 'f': 2.259393508737129, 'g': 1.2651599617354161}
Previous:  {'d': 0.38880324600897476, 'e': 0.757615853124867, 'f': 2.2589414926595626, 'g': 1.2679185124595183}
