prev {'d': 0.4850583369149862, 'e': 1.1837214246780332, 'f': 2.332577548537574, 'g': 1.2816207924893739}
Starting ML Fit
Box_n50_49_1400
       message: Optimization terminated successfully.
       success: True
        status: 0
           fun: 5908.518614159308
             x: [ 4.715e-01  1.179e+00  2.333e+00  1.280e+00]
           nit: 122
          nfev: 216
 final_simplex: (array([[ 4.715e-01,  1.179e+00,  2.333e+00,  1.280e+00],
                       [ 4.715e-01,  1.179e+00,  2.333e+00,  1.280e+00],
                       ...,
                       [ 4.715e-01,  1.179e+00,  2.333e+00,  1.280e+00],
                       [ 4.715e-01,  1.179e+00,  2.333e+00,  1.280e+00]]), array([ 5.909e+03,  5.909e+03,  5.909e+03,  5.909e+03,
                        5.909e+03]))
   param_names: ['d', 'e', 'f', 'g']
[0.47150908 1.17905012 2.33298798 1.27976876]
{'d': 0.4715090819287666, 'e': 1.1790501171398242, 'f': 2.3329879785488323, 'g': 1.279768755967944}
Previous:  {'d': 0.4850583369149862, 'e': 1.1837214246780332, 'f': 2.332577548537574, 'g': 1.2816207924893739}
