no change     /home/users/delon/miniconda3/condabin/conda
no change     /home/users/delon/miniconda3/bin/conda
no change     /home/users/delon/miniconda3/bin/conda-env
no change     /home/users/delon/miniconda3/bin/activate
no change     /home/users/delon/miniconda3/bin/deactivate
no change     /home/users/delon/miniconda3/etc/profile.d/conda.sh
no change     /home/users/delon/miniconda3/etc/fish/conf.d/conda.fish
no change     /home/users/delon/miniconda3/shell/condabin/Conda.psm1
no change     /home/users/delon/miniconda3/shell/condabin/conda-hook.ps1
no change     /home/users/delon/miniconda3/lib/python3.10/site-packages/xontrib/conda.xsh
no change     /home/users/delon/miniconda3/etc/profile.d/conda.csh
no change     /home/users/delon/.bashrc
No action taken.
(240,)
(240,)
(210, 210)
(210,)
Box_n50_40_1400
       message: Maximum number of function evaluations has been exceeded.
       success: False
        status: 1
           fun: 84316.8084110917
             x: [ 5.497e-01  7.743e-01  3.586e+00 -4.791e+00  5.062e-01
                 -7.120e-01  3.898e-01  4.522e-01]
           nit: 1040
          nfev: 1600
 final_simplex: (array([[ 5.497e-01,  7.743e-01, ...,  3.898e-01,
                         4.522e-01],
                       [ 5.497e-01,  7.743e-01, ...,  3.898e-01,
                         4.522e-01],
                       ...,
                       [ 5.497e-01,  7.743e-01, ...,  3.898e-01,
                         4.521e-01],
                       [ 5.497e-01,  7.743e-01, ...,  3.898e-01,
                         4.523e-01]]), array([ 8.432e+04,  8.432e+04,  8.432e+04,  8.432e+04,
                        8.432e+04,  8.432e+04,  8.432e+04,  8.432e+04,
                        8.432e+04]))
   param_names: ['d0', 'd1', 'e0', 'e1', 'f0', 'f1', 'g0', 'g1']
[ 0.54966297  0.77432647  3.58562584 -4.79112896  0.50615762 -0.71200344
  0.38977555  0.4522189 ]
(240,)
(240,)
(210, 210)
(210,)
Box_n50_41_1400
       message: Maximum number of function evaluations has been exceeded.
       success: False
        status: 1
           fun: 11212.559426163374
             x: [ 1.451e+00  4.289e-01  2.797e+00 -4.185e+00  1.546e-01
                  1.310e-01  5.366e-01  2.458e-01]
           nit: 1083
          nfev: 1600
 final_simplex: (array([[ 1.451e+00,  4.289e-01, ...,  5.366e-01,
                         2.458e-01],
                       [ 1.466e+00,  4.179e-01, ...,  5.382e-01,
                         2.463e-01],
                       ...,
                       [ 1.431e+00,  4.488e-01, ...,  5.319e-01,
                         2.413e-01],
                       [ 1.444e+00,  4.424e-01, ...,  5.320e-01,
                         2.347e-01]]), array([ 1.121e+04,  1.132e+04,  1.133e+04,  1.135e+04,
                        1.138e+04,  1.139e+04,  1.142e+04,  1.142e+04,
                        1.142e+04]))
   param_names: ['d0', 'd1', 'e0', 'e1', 'f0', 'f1', 'g0', 'g1']
[ 1.45141788  0.42890539  2.79652687 -4.18518153  0.15464123  0.13099873
  0.53656113  0.24579624]
(240,)
(240,)
(210, 210)
(210,)
Box_n50_42_1400
       message: Maximum number of function evaluations has been exceeded.
       success: False
        status: 1
           fun: 26228.95017810417
             x: [ 1.210e+00  5.955e-01  3.749e+00 -5.003e+00  3.619e-01
                 -3.032e-01  5.261e-01  4.701e-01]
           nit: 1053
          nfev: 1600
 final_simplex: (array([[ 1.210e+00,  5.955e-01, ...,  5.261e-01,
                         4.701e-01],
                       [ 1.210e+00,  5.954e-01, ...,  5.261e-01,
                         4.705e-01],
                       ...,
                       [ 1.210e+00,  5.955e-01, ...,  5.261e-01,
                         4.702e-01],
                       [ 1.210e+00,  5.956e-01, ...,  5.261e-01,
                         4.702e-01]]), array([ 2.623e+04,  2.623e+04,  2.623e+04,  2.623e+04,
                        2.623e+04,  2.623e+04,  2.623e+04,  2.623e+04,
                        2.623e+04]))
   param_names: ['d0', 'd1', 'e0', 'e1', 'f0', 'f1', 'g0', 'g1']
[ 1.2101208   0.59549628  3.74921103 -5.00313651  0.36192002 -0.3032199
  0.52607537  0.47013239]
(240,)
(240,)
(210, 210)
(210,)
Box_n50_43_1400
       message: Maximum number of function evaluations has been exceeded.
       success: False
        status: 1
           fun: 17402.850158167115
             x: [ 1.127e+00  7.877e-01  3.802e+00 -4.791e+00  2.538e-01
                 -1.719e-01  5.250e-01  4.144e-01]
           nit: 1063
          nfev: 1600
 final_simplex: (array([[ 1.127e+00,  7.877e-01, ...,  5.250e-01,
                         4.144e-01],
                       [ 1.127e+00,  7.877e-01, ...,  5.250e-01,
                         4.144e-01],
                       ...,
                       [ 1.127e+00,  7.877e-01, ...,  5.250e-01,
                         4.145e-01],
                       [ 1.127e+00,  7.877e-01, ...,  5.250e-01,
                         4.145e-01]]), array([ 1.740e+04,  1.740e+04,  1.740e+04,  1.740e+04,
                        1.740e+04,  1.740e+04,  1.740e+04,  1.740e+04,
                        1.740e+04]))
   param_names: ['d0', 'd1', 'e0', 'e1', 'f0', 'f1', 'g0', 'g1']
[ 1.12681827  0.78769448  3.80223364 -4.79106489  0.25382406 -0.17190371
  0.52498282  0.41444213]
(240,)
(240,)
(210, 210)
(210,)
Box_n50_44_1400
       message: Optimization terminated successfully.
       success: True
        status: 0
           fun: 52950.19629834059
             x: [ 5.727e-01  8.786e-01  4.010e+00 -3.960e+00  3.692e-01
                 -5.221e-01  4.029e-01  3.716e-01]
           nit: 755
          nfev: 1184
 final_simplex: (array([[ 5.727e-01,  8.786e-01, ...,  4.029e-01,
                         3.716e-01],
                       [ 5.727e-01,  8.786e-01, ...,  4.029e-01,
                         3.716e-01],
                       ...,
                       [ 5.727e-01,  8.786e-01, ...,  4.029e-01,
                         3.716e-01],
                       [ 5.727e-01,  8.786e-01, ...,  4.029e-01,
                         3.716e-01]]), array([ 5.295e+04,  5.295e+04,  5.295e+04,  5.295e+04,
                        5.295e+04,  5.295e+04,  5.295e+04,  5.295e+04,
                        5.295e+04]))
   param_names: ['d0', 'd1', 'e0', 'e1', 'f0', 'f1', 'g0', 'g1']
[ 0.57266043  0.87857352  4.00999611 -3.96001552  0.36920606 -0.52210088
  0.40291413  0.37158949]
(240,)
(240,)
(210, 210)
(210,)
Box_n50_45_1400
       message: Maximum number of function evaluations has been exceeded.
       success: False
        status: 1
           fun: 83367.96391944622
             x: [ 4.268e-01  5.841e-01  3.520e+00 -5.467e+00  4.358e-01
                 -6.057e-01  3.593e-01  2.865e-01]
           nit: 1075
          nfev: 1600
 final_simplex: (array([[ 4.268e-01,  5.841e-01, ...,  3.593e-01,
                         2.865e-01],
                       [ 4.699e-01,  5.754e-01, ...,  3.813e-01,
                         2.966e-01],
                       ...,
                       [ 4.918e-01,  5.776e-01, ...,  3.919e-01,
                         2.236e-01],
                       [ 4.750e-01,  5.639e-01, ...,  3.911e-01,
                         3.076e-01]]), array([ 8.337e+04,  8.738e+04,  8.793e+04,  8.949e+04,
                        9.104e+04,  9.195e+04,  9.265e+04,  9.329e+04,
                        9.347e+04]))
   param_names: ['d0', 'd1', 'e0', 'e1', 'f0', 'f1', 'g0', 'g1']
[ 0.42681667  0.58409873  3.51964295 -5.46710028  0.43581365 -0.60565153
  0.35931638  0.28645108]
(240,)
(240,)
(210, 210)
(210,)
Box_n50_46_1400
       message: Optimization terminated successfully.
       success: True
        status: 0
           fun: 13904.536214759693
             x: [ 1.613e+00  1.289e+00  1.869e+00 -1.664e+00  5.160e-01
                 -4.681e-01  6.018e-01  6.084e-01]
           nit: 974
          nfev: 1473
 final_simplex: (array([[ 1.613e+00,  1.289e+00, ...,  6.018e-01,
                         6.084e-01],
                       [ 1.613e+00,  1.289e+00, ...,  6.018e-01,
                         6.083e-01],
                       ...,
                       [ 1.613e+00,  1.289e+00, ...,  6.018e-01,
                         6.084e-01],
                       [ 1.613e+00,  1.289e+00, ...,  6.018e-01,
                         6.083e-01]]), array([ 1.390e+04,  1.390e+04,  1.390e+04,  1.390e+04,
                        1.390e+04,  1.390e+04,  1.390e+04,  1.390e+04,
                        1.390e+04]))
   param_names: ['d0', 'd1', 'e0', 'e1', 'f0', 'f1', 'g0', 'g1']
[ 1.61259967  1.2891546   1.86907101 -1.66365562  0.51600724 -0.46806748
  0.60180463  0.60835035]
(240,)
(240,)
(210, 210)
(210,)
Box_n50_47_1400
       message: Maximum number of function evaluations has been exceeded.
       success: False
        status: 1
           fun: 29385.420213686986
             x: [ 6.375e-01 -2.522e-01  2.161e+00 -2.919e+00  5.177e-01
                 -6.752e-01  4.403e-01 -8.540e-02]
           nit: 1072
          nfev: 1600
 final_simplex: (array([[ 6.375e-01, -2.522e-01, ...,  4.403e-01,
                        -8.540e-02],
                       [ 6.376e-01, -2.502e-01, ...,  4.399e-01,
                        -8.423e-02],
                       ...,
                       [ 6.377e-01, -2.443e-01, ...,  4.399e-01,
                        -8.130e-02],
                       [ 6.371e-01, -2.541e-01, ...,  4.400e-01,
                        -8.611e-02]]), array([ 2.939e+04,  2.939e+04,  2.939e+04,  2.939e+04,
                        2.939e+04,  2.939e+04,  2.939e+04,  2.939e+04,
                        2.939e+04]))
   param_names: ['d0', 'd1', 'e0', 'e1', 'f0', 'f1', 'g0', 'g1']
[ 0.63753942 -0.25215194  2.16067964 -2.91929141  0.51765324 -0.67523757
  0.44028533 -0.08539882]
(240,)
(240,)
(210, 210)
(210,)
Box_n50_48_1400
       message: Maximum number of function evaluations has been exceeded.
       success: False
        status: 1
           fun: 17557.701133909213
             x: [ 1.221e+00  6.902e-01  3.987e+00 -4.051e+00  2.129e-01
                 -1.769e-01  5.148e-01  3.722e-01]
           nit: 1043
          nfev: 1600
 final_simplex: (array([[ 1.221e+00,  6.902e-01, ...,  5.148e-01,
                         3.722e-01],
                       [ 1.221e+00,  6.901e-01, ...,  5.150e-01,
                         3.724e-01],
                       ...,
                       [ 1.221e+00,  6.902e-01, ...,  5.149e-01,
                         3.722e-01],
                       [ 1.221e+00,  6.901e-01, ...,  5.148e-01,
                         3.723e-01]]), array([ 1.756e+04,  1.756e+04,  1.756e+04,  1.756e+04,
                        1.756e+04,  1.756e+04,  1.756e+04,  1.756e+04,
                        1.756e+04]))
   param_names: ['d0', 'd1', 'e0', 'e1', 'f0', 'f1', 'g0', 'g1']
[ 1.22091541  0.69017641  3.98718554 -4.05119308  0.21293923 -0.17694387
  0.51484606  0.37217157]
(240,)
(240,)
(210, 210)
(210,)
Box_n50_49_1400
       message: Maximum number of function evaluations has been exceeded.
       success: False
        status: 1
           fun: 14402.56615501754
             x: [ 1.552e+00  4.887e-01  2.692e+00 -3.319e+00  3.404e-01
                 -1.732e-01  6.124e-01  3.251e-01]
           nit: 1087
          nfev: 1600
 final_simplex: (array([[ 1.552e+00,  4.887e-01, ...,  6.124e-01,
                         3.251e-01],
                       [ 1.550e+00,  4.900e-01, ...,  6.124e-01,
                         3.238e-01],
                       ...,
                       [ 1.550e+00,  4.889e-01, ...,  6.115e-01,
                         3.207e-01],
                       [ 1.551e+00,  4.893e-01, ...,  6.118e-01,
                         3.186e-01]]), array([ 1.440e+04,  1.441e+04,  1.441e+04,  1.441e+04,
                        1.441e+04,  1.441e+04,  1.442e+04,  1.442e+04,
                        1.442e+04]))
   param_names: ['d0', 'd1', 'e0', 'e1', 'f0', 'f1', 'g0', 'g1']
[ 1.55158067  0.48870418  2.69247707 -3.31930735  0.34040315 -0.17315934
  0.61239389  0.32513654]
