prev {'d': 0.5187813147206334, 'e': 1.2786121367941865, 'f': 2.3274822135216775, 'g': 1.1793279752260872}
Starting ML Fit
Box47_1400
       message: Optimization terminated successfully.
       success: True
        status: 0
           fun: 2354.4778082048965
             x: [ 4.960e-01  1.279e+00  2.328e+00  1.193e+00]
           nit: 137
          nfev: 236
 final_simplex: (array([[ 4.960e-01,  1.279e+00,  2.328e+00,  1.193e+00],
                       [ 4.960e-01,  1.279e+00,  2.328e+00,  1.193e+00],
                       ...,
                       [ 4.960e-01,  1.279e+00,  2.328e+00,  1.193e+00],
                       [ 4.960e-01,  1.279e+00,  2.328e+00,  1.193e+00]]), array([ 2.354e+03,  2.354e+03,  2.354e+03,  2.354e+03,
                        2.354e+03]))
   param_names: ['d', 'e', 'f', 'g']
[0.49597025 1.27915448 2.32791071 1.19334053]
{'d': 0.49597024577274984, 'e': 1.2791544775934156, 'f': 2.3279107080682513, 'g': 1.19334052646992}
Previous:  {'d': 0.5187813147206334, 'e': 1.2786121367941865, 'f': 2.3274822135216775, 'g': 1.1793279752260872}
