prev {'d': 0.4861784231471723, 'e': 1.2873820372398952, 'f': 2.3357880392080075, 'g': 1.228846144627545}
Starting ML Fit
Box4_1400
       message: Optimization terminated successfully.
       success: True
        status: 0
           fun: 8666.206302474744
             x: [ 4.790e-01  1.275e+00  2.340e+00  1.231e+00]
           nit: 89
          nfev: 158
 final_simplex: (array([[ 4.790e-01,  1.275e+00,  2.340e+00,  1.231e+00],
                       [ 4.790e-01,  1.275e+00,  2.340e+00,  1.231e+00],
                       ...,
                       [ 4.790e-01,  1.275e+00,  2.340e+00,  1.231e+00],
                       [ 4.790e-01,  1.275e+00,  2.340e+00,  1.231e+00]]), array([ 8.666e+03,  8.666e+03,  8.666e+03,  8.666e+03,
                        8.666e+03]))
   param_names: ['d', 'e', 'f', 'g']
[0.4789757  1.27466088 2.34011077 1.23067453]
{'d': 0.47897569582617633, 'e': 1.274660877967162, 'f': 2.3401107693616954, 'g': 1.2306745277440088}
Previous:  {'d': 0.4861784231471723, 'e': 1.2873820372398952, 'f': 2.3357880392080075, 'g': 1.228846144627545}
