prev {'d': 0.39584302167107654, 'e': 0.96283001339258, 'f': 2.341979764674277, 'g': 1.2470952710855847}
Starting ML Fit
Box2_1400
       message: Optimization terminated successfully.
       success: True
        status: 0
           fun: 5231.781029597409
             x: [ 3.963e-01  9.667e-01  2.341e+00  1.238e+00]
           nit: 108
          nfev: 188
 final_simplex: (array([[ 3.963e-01,  9.667e-01,  2.341e+00,  1.238e+00],
                       [ 3.963e-01,  9.666e-01,  2.341e+00,  1.238e+00],
                       ...,
                       [ 3.963e-01,  9.666e-01,  2.341e+00,  1.238e+00],
                       [ 3.963e-01,  9.666e-01,  2.341e+00,  1.238e+00]]), array([ 5.232e+03,  5.232e+03,  5.232e+03,  5.232e+03,
                        5.232e+03]))
   param_names: ['d', 'e', 'f', 'g']
[0.39628799 0.96665734 2.34051737 1.23842429]
{'d': 0.39628799249787017, 'e': 0.9666573433613477, 'f': 2.3405173722861052, 'g': 1.2384242922792668}
Previous:  {'d': 0.39584302167107654, 'e': 0.96283001339258, 'f': 2.341979764674277, 'g': 1.2470952710855847}
