prev {'d': 0.4602061323614075, 'e': 1.084527344795886, 'f': 2.337669307579257, 'g': 1.2695165594765607}
Starting ML Fit
Box_n50_5_1400
       message: Optimization terminated successfully.
       success: True
        status: 0
           fun: 3817.3165030716696
             x: [ 4.549e-01  1.077e+00  2.339e+00  1.271e+00]
           nit: 102
          nfev: 179
 final_simplex: (array([[ 4.549e-01,  1.077e+00,  2.339e+00,  1.271e+00],
                       [ 4.549e-01,  1.077e+00,  2.339e+00,  1.271e+00],
                       ...,
                       [ 4.549e-01,  1.077e+00,  2.339e+00,  1.271e+00],
                       [ 4.549e-01,  1.077e+00,  2.339e+00,  1.271e+00]]), array([ 3.817e+03,  3.817e+03,  3.817e+03,  3.817e+03,
                        3.817e+03]))
   param_names: ['d', 'e', 'f', 'g']
[0.45487571 1.07691926 2.33886465 1.27149746]
{'d': 0.4548757135959618, 'e': 1.0769192640253444, 'f': 2.3388646491673732, 'g': 1.2714974609663687}
Previous:  {'d': 0.4602061323614075, 'e': 1.084527344795886, 'f': 2.337669307579257, 'g': 1.2695165594765607}
