prev {'d': 0.4508645783397502, 'e': 1.2118871278315848, 'f': 2.3197546593105556, 'g': 1.2747989198893914}
Starting ML Fit
Box_n50_12_1400
       message: Optimization terminated successfully.
       success: True
        status: 0
           fun: 5456.1861758852265
             x: [ 4.456e-01  1.222e+00  2.318e+00  1.270e+00]
           nit: 87
          nfev: 157
 final_simplex: (array([[ 4.456e-01,  1.222e+00,  2.318e+00,  1.270e+00],
                       [ 4.456e-01,  1.222e+00,  2.318e+00,  1.270e+00],
                       ...,
                       [ 4.456e-01,  1.222e+00,  2.318e+00,  1.270e+00],
                       [ 4.456e-01,  1.222e+00,  2.317e+00,  1.270e+00]]), array([ 5.456e+03,  5.456e+03,  5.456e+03,  5.456e+03,
                        5.456e+03]))
   param_names: ['d', 'e', 'f', 'g']
[0.44561926 1.2224643  2.31750149 1.27029968]
{'d': 0.44561925879789815, 'e': 1.2224642964974217, 'f': 2.317501488629401, 'g': 1.270299682879171}
Previous:  {'d': 0.4508645783397502, 'e': 1.2118871278315848, 'f': 2.3197546593105556, 'g': 1.2747989198893914}
