prev {'d': 0.3803524748803877, 'e': 0.9836626970913895, 'f': 2.3364058803887584, 'g': 1.2515678409914162}
Starting ML Fit
Box70_1400
       message: Optimization terminated successfully.
       success: True
        status: 0
           fun: 2451.540473624357
             x: [ 3.640e-01  9.838e-01  2.337e+00  1.224e+00]
           nit: 133
          nfev: 236
 final_simplex: (array([[ 3.640e-01,  9.838e-01,  2.337e+00,  1.224e+00],
                       [ 3.640e-01,  9.838e-01,  2.337e+00,  1.224e+00],
                       ...,
                       [ 3.640e-01,  9.839e-01,  2.337e+00,  1.224e+00],
                       [ 3.640e-01,  9.839e-01,  2.337e+00,  1.224e+00]]), array([ 2.452e+03,  2.452e+03,  2.452e+03,  2.452e+03,
                        2.452e+03]))
   param_names: ['d', 'e', 'f', 'g']
[0.36398495 0.98382252 2.33701023 1.22402414]
{'d': 0.3639849528440753, 'e': 0.9838225229919908, 'f': 2.3370102299053634, 'g': 1.2240241352958674}
Previous:  {'d': 0.3803524748803877, 'e': 0.9836626970913895, 'f': 2.3364058803887584, 'g': 1.2515678409914162}
