prev {'d': 0.4505891405618461, 'e': 0.8768650191413987, 'f': 2.34987478297402, 'g': 1.272228948502089}
Starting ML Fit
Box26_1400
       message: Optimization terminated successfully.
       success: True
        status: 0
           fun: 16988.842423738402
             x: [ 4.420e-01  8.303e-01  2.350e+00  1.272e+00]
           nit: 95
          nfev: 167
 final_simplex: (array([[ 4.420e-01,  8.303e-01,  2.350e+00,  1.272e+00],
                       [ 4.420e-01,  8.303e-01,  2.350e+00,  1.272e+00],
                       ...,
                       [ 4.420e-01,  8.303e-01,  2.350e+00,  1.272e+00],
                       [ 4.420e-01,  8.303e-01,  2.350e+00,  1.272e+00]]), array([ 1.699e+04,  1.699e+04,  1.699e+04,  1.699e+04,
                        1.699e+04]))
   param_names: ['d', 'e', 'f', 'g']
[0.44195549 0.83030176 2.34997016 1.27193224]
{'d': 0.4419554929828241, 'e': 0.8303017639865824, 'f': 2.3499701610895345, 'g': 1.2719322442409449}
Previous:  {'d': 0.4505891405618461, 'e': 0.8768650191413987, 'f': 2.34987478297402, 'g': 1.272228948502089}
