prev {'d': 0.4569502314116996, 'e': 1.1076285037529527, 'f': 2.283810425022738, 'g': 1.2784785664292921}
Starting ML Fit
Box_n50_6_1400
       message: Optimization terminated successfully.
       success: True
        status: 0
           fun: 3997.833521201614
             x: [ 4.528e-01  1.101e+00  2.284e+00  1.278e+00]
           nit: 87
          nfev: 161
 final_simplex: (array([[ 4.528e-01,  1.101e+00,  2.284e+00,  1.278e+00],
                       [ 4.528e-01,  1.101e+00,  2.284e+00,  1.278e+00],
                       ...,
                       [ 4.528e-01,  1.101e+00,  2.284e+00,  1.278e+00],
                       [ 4.528e-01,  1.101e+00,  2.284e+00,  1.278e+00]]), array([ 3.998e+03,  3.998e+03,  3.998e+03,  3.998e+03,
                        3.998e+03]))
   param_names: ['d', 'e', 'f', 'g']
[0.45279658 1.1005115  2.28386944 1.27808441]
{'d': 0.45279658230777325, 'e': 1.100511497636238, 'f': 2.2838694371208024, 'g': 1.278084406360736}
Previous:  {'d': 0.4569502314116996, 'e': 1.1076285037529527, 'f': 2.283810425022738, 'g': 1.2784785664292921}
