no change     /home/users/delon/miniconda3/condabin/conda
no change     /home/users/delon/miniconda3/bin/conda
no change     /home/users/delon/miniconda3/bin/conda-env
no change     /home/users/delon/miniconda3/bin/activate
no change     /home/users/delon/miniconda3/bin/deactivate
no change     /home/users/delon/miniconda3/etc/profile.d/conda.sh
no change     /home/users/delon/miniconda3/etc/fish/conf.d/conda.fish
no change     /home/users/delon/miniconda3/shell/condabin/Conda.psm1
no change     /home/users/delon/miniconda3/shell/condabin/conda-hook.ps1
no change     /home/users/delon/miniconda3/lib/python3.10/site-packages/xontrib/conda.xsh
no change     /home/users/delon/miniconda3/etc/profile.d/conda.csh
no change     /home/users/delon/.bashrc
No action taken.
(240,)
(240,)
(210, 210)
(210,)
Box40_1400
       message: Maximum number of function evaluations has been exceeded.
       success: False
        status: 1
           fun: 21911.280686873102
             x: [ 1.118e+00  4.057e-01  3.646e+00 -5.415e+00  3.306e-01
                 -2.364e-01  5.216e-01  3.240e-01]
           nit: 1061
          nfev: 1600
 final_simplex: (array([[ 1.118e+00,  4.057e-01, ...,  5.216e-01,
                         3.240e-01],
                       [ 1.118e+00,  4.056e-01, ...,  5.216e-01,
                         3.241e-01],
                       ...,
                       [ 1.118e+00,  4.057e-01, ...,  5.216e-01,
                         3.243e-01],
                       [ 1.117e+00,  4.057e-01, ...,  5.216e-01,
                         3.242e-01]]), array([ 2.191e+04,  2.191e+04,  2.191e+04,  2.191e+04,
                        2.191e+04,  2.191e+04,  2.191e+04,  2.191e+04,
                        2.191e+04]))
   param_names: ['d0', 'd1', 'e0', 'e1', 'f0', 'f1', 'g0', 'g1']
[ 1.11755747  0.40567727  3.64617396 -5.41530158  0.33058739 -0.23642381
  0.52159077  0.32402091]
(240,)
(240,)
(210, 210)
(210,)
Box41_1400
       message: Optimization terminated successfully.
       success: True
        status: 0
           fun: 84423.16289009576
             x: [ 2.492e-01  4.636e-01  3.430e+00 -6.278e+00  4.528e-01
                 -6.284e-01  3.691e-01  3.154e-01]
           nit: 906
          nfev: 1412
 final_simplex: (array([[ 2.492e-01,  4.636e-01, ...,  3.691e-01,
                         3.154e-01],
                       [ 2.492e-01,  4.636e-01, ...,  3.691e-01,
                         3.154e-01],
                       ...,
                       [ 2.492e-01,  4.636e-01, ...,  3.691e-01,
                         3.154e-01],
                       [ 2.492e-01,  4.636e-01, ...,  3.691e-01,
                         3.154e-01]]), array([ 8.442e+04,  8.442e+04,  8.442e+04,  8.442e+04,
                        8.442e+04,  8.442e+04,  8.442e+04,  8.442e+04,
                        8.442e+04]))
   param_names: ['d0', 'd1', 'e0', 'e1', 'f0', 'f1', 'g0', 'g1']
[ 0.24917419  0.46357929  3.43048221 -6.27807117  0.45283633 -0.62841165
  0.36912182  0.31539418]
(240,)
(240,)
(210, 210)
(210,)
Box42_1400
       message: Maximum number of function evaluations has been exceeded.
       success: False
        status: 1
           fun: 305772.72351950436
             x: [ 1.280e-01  5.120e-01  1.509e+00 -2.861e+00  4.991e-01
                 -6.246e-01  3.870e-01  9.390e-01]
           nit: 1055
          nfev: 1600
 final_simplex: (array([[ 1.280e-01,  5.120e-01, ...,  3.870e-01,
                         9.390e-01],
                       [ 1.280e-01,  5.119e-01, ...,  3.870e-01,
                         9.392e-01],
                       ...,
                       [ 1.281e-01,  5.124e-01, ...,  3.871e-01,
                         9.391e-01],
                       [ 1.281e-01,  5.125e-01, ...,  3.872e-01,
                         9.393e-01]]), array([ 3.058e+05,  3.058e+05,  3.058e+05,  3.058e+05,
                        3.058e+05,  3.058e+05,  3.058e+05,  3.058e+05,
                        3.058e+05]))
   param_names: ['d0', 'd1', 'e0', 'e1', 'f0', 'f1', 'g0', 'g1']
[ 0.12801004  0.51203263  1.50924377 -2.86055029  0.49907793 -0.62461509
  0.38701964  0.9390497 ]
(240,)
(240,)
(210, 210)
(210,)
Box43_1400
       message: Maximum number of function evaluations has been exceeded.
       success: False
        status: 1
           fun: 60731.253713797916
             x: [ 7.654e-01  1.141e+00  3.751e+00 -4.985e+00  3.149e-01
                 -3.462e-01  3.910e-01  4.673e-01]
           nit: 1038
          nfev: 1600
 final_simplex: (array([[ 7.654e-01,  1.141e+00, ...,  3.910e-01,
                         4.673e-01],
                       [ 7.654e-01,  1.141e+00, ...,  3.910e-01,
                         4.673e-01],
                       ...,
                       [ 7.654e-01,  1.141e+00, ...,  3.910e-01,
                         4.673e-01],
                       [ 7.654e-01,  1.141e+00, ...,  3.910e-01,
                         4.673e-01]]), array([ 6.073e+04,  6.073e+04,  6.073e+04,  6.073e+04,
                        6.073e+04,  6.073e+04,  6.073e+04,  6.073e+04,
                        6.073e+04]))
   param_names: ['d0', 'd1', 'e0', 'e1', 'f0', 'f1', 'g0', 'g1']
[ 0.76543507  1.14121967  3.75109041 -4.98544601  0.31489197 -0.34615781
  0.39095165  0.46727659]
(240,)
(240,)
(210, 210)
(210,)
Box44_1400
       message: Maximum number of function evaluations has been exceeded.
       success: False
        status: 1
           fun: 14141.41854664664
             x: [ 1.278e+00  7.996e-01  1.526e+00 -1.066e+00  5.383e-01
                 -5.616e-01  5.643e-01  2.951e-01]
           nit: 1072
          nfev: 1600
 final_simplex: (array([[ 1.278e+00,  7.996e-01, ...,  5.643e-01,
                         2.951e-01],
                       [ 1.278e+00,  7.996e-01, ...,  5.643e-01,
                         2.951e-01],
                       ...,
                       [ 1.278e+00,  7.995e-01, ...,  5.643e-01,
                         2.950e-01],
                       [ 1.278e+00,  7.995e-01, ...,  5.643e-01,
                         2.950e-01]]), array([ 1.414e+04,  1.414e+04,  1.414e+04,  1.414e+04,
                        1.414e+04,  1.414e+04,  1.414e+04,  1.414e+04,
                        1.414e+04]))
   param_names: ['d0', 'd1', 'e0', 'e1', 'f0', 'f1', 'g0', 'g1']
[ 1.27813941  0.79960688  1.52556141 -1.06576002  0.53830657 -0.56159783
  0.56432116  0.29509098]
(240,)
(240,)
(210, 210)
(210,)
Box45_1400
       message: Maximum number of function evaluations has been exceeded.
       success: False
        status: 1
           fun: 17975.861016297928
             x: [ 1.038e+00  8.105e-01  3.078e+00 -4.377e+00  1.576e-01
                 -5.730e-03  4.455e-01  1.940e-01]
           nit: 1067
          nfev: 1600
 final_simplex: (array([[ 1.038e+00,  8.105e-01, ...,  4.455e-01,
                         1.940e-01],
                       [ 1.024e+00,  8.025e-01, ...,  4.439e-01,
                         1.911e-01],
                       ...,
                       [ 1.037e+00,  8.266e-01, ...,  4.467e-01,
                         1.995e-01],
                       [ 9.920e-01,  8.004e-01, ...,  4.405e-01,
                         1.798e-01]]), array([ 1.798e+04,  1.800e+04,  1.829e+04,  1.834e+04,
                        1.841e+04,  1.841e+04,  1.842e+04,  1.843e+04,
                        1.848e+04]))
   param_names: ['d0', 'd1', 'e0', 'e1', 'f0', 'f1', 'g0', 'g1']
[ 1.03797279  0.81047172  3.07830449 -4.37717134  0.15755071 -0.00572965
  0.44552264  0.19400573]
(240,)
(240,)
(210, 210)
(210,)
Box46_1400
       message: Maximum number of function evaluations has been exceeded.
       success: False
        status: 1
           fun: 212323.96674960718
             x: [ 3.195e-01  9.591e-01  2.573e+00 -3.594e+00  4.099e-01
                 -5.619e-01  3.303e-01  6.794e-01]
           nit: 1080
          nfev: 1600
 final_simplex: (array([[ 3.195e-01,  9.591e-01, ...,  3.303e-01,
                         6.794e-01],
                       [ 3.306e-01,  9.643e-01, ...,  3.344e-01,
                         7.002e-01],
                       ...,
                       [ 3.505e-01,  9.476e-01, ...,  3.492e-01,
                         7.523e-01],
                       [ 3.253e-01,  9.395e-01, ...,  3.293e-01,
                         6.929e-01]]), array([ 2.123e+05,  2.127e+05,  2.128e+05,  2.130e+05,
                        2.131e+05,  2.132e+05,  2.133e+05,  2.136e+05,
                        2.144e+05]))
   param_names: ['d0', 'd1', 'e0', 'e1', 'f0', 'f1', 'g0', 'g1']
[ 0.31951126  0.95906483  2.57278518 -3.59362804  0.4099242  -0.56192438
  0.33027383  0.679444  ]
(240,)
(240,)
(210, 210)
(210,)
Box47_1400
       message: Maximum number of function evaluations has been exceeded.
       success: False
        status: 1
           fun: 471560.33955075615
             x: [ 2.911e+00 -3.577e+00  4.298e-03  1.102e-02  2.683e+00
                 -4.812e+00  1.902e+00 -2.631e+00]
           nit: 1063
          nfev: 1600
 final_simplex: (array([[ 2.911e+00, -3.577e+00, ...,  1.902e+00,
                        -2.631e+00],
                       [ 2.901e+00, -3.579e+00, ...,  1.900e+00,
                        -2.632e+00],
                       ...,
                       [ 2.905e+00, -3.561e+00, ...,  1.899e+00,
                        -2.617e+00],
                       [ 2.897e+00, -3.559e+00, ...,  1.899e+00,
                        -2.616e+00]]), array([ 4.716e+05,  4.719e+05,  4.721e+05,  4.721e+05,
                        4.723e+05,  4.724e+05,  4.727e+05,  4.727e+05,
                        4.730e+05]))
   param_names: ['d0', 'd1', 'e0', 'e1', 'f0', 'f1', 'g0', 'g1']
[ 2.91106350e+00 -3.57686612e+00  4.29750187e-03  1.10193124e-02
  2.68342075e+00 -4.81197947e+00  1.90184448e+00 -2.63087556e+00]
(240,)
(240,)
(210, 210)
(210,)
Box48_1400
       message: Maximum number of function evaluations has been exceeded.
       success: False
        status: 1
           fun: 264044.41298870445
             x: [ 2.347e-01  9.388e-01  4.624e+00 -1.502e+00  3.687e-01
                 -5.914e-01  4.278e-01  8.660e-01]
           nit: 1020
          nfev: 1600
 final_simplex: (array([[ 2.347e-01,  9.388e-01, ...,  4.278e-01,
                         8.660e-01],
                       [ 2.347e-01,  9.388e-01, ...,  4.278e-01,
                         8.660e-01],
                       ...,
                       [ 2.347e-01,  9.387e-01, ...,  4.278e-01,
                         8.660e-01],
                       [ 2.347e-01,  9.387e-01, ...,  4.278e-01,
                         8.660e-01]]), array([ 2.640e+05,  2.640e+05,  2.640e+05,  2.640e+05,
                        2.640e+05,  2.640e+05,  2.640e+05,  2.640e+05,
                        2.640e+05]))
   param_names: ['d0', 'd1', 'e0', 'e1', 'f0', 'f1', 'g0', 'g1']
[ 0.23468814  0.93875255  4.62441126 -1.50235496  0.36867053 -0.59139368
  0.4277786   0.8659839 ]
(240,)
(240,)
(210, 210)
(210,)
Box49_1400
       message: Maximum number of function evaluations has been exceeded.
       success: False
        status: 1
           fun: 9457.640481428032
             x: [ 1.667e+00  8.697e-01  3.778e+00 -3.484e+00  1.062e-01
                 -5.713e-02  5.909e-01  5.725e-01]
           nit: 1079
          nfev: 1600
 final_simplex: (array([[ 1.667e+00,  8.697e-01, ...,  5.909e-01,
                         5.725e-01],
                       [ 1.669e+00,  8.705e-01, ...,  5.912e-01,
                         5.724e-01],
                       ...,
                       [ 1.664e+00,  8.685e-01, ...,  5.902e-01,
                         5.722e-01],
                       [ 1.667e+00,  8.690e-01, ...,  5.907e-01,
                         5.738e-01]]), array([ 9.458e+03,  9.458e+03,  9.459e+03,  9.459e+03,
                        9.460e+03,  9.461e+03,  9.462e+03,  9.462e+03,
                        9.462e+03]))
   param_names: ['d0', 'd1', 'e0', 'e1', 'f0', 'f1', 'g0', 'g1']
[ 1.6665038   0.86965621  3.77761375 -3.4843696   0.10617037 -0.05713237
  0.59089339  0.57253712]
