prev {'d': 0.44193400036324676, 'e': 0.8281492770942618, 'f': 2.3309951774837385, 'g': 1.3090164663061392}
Starting ML Fit
Box91_1400
       message: Optimization terminated successfully.
       success: True
        status: 0
           fun: 5508.377131366446
             x: [ 4.380e-01  8.317e-01  2.330e+00  1.307e+00]
           nit: 79
          nfev: 144
 final_simplex: (array([[ 4.380e-01,  8.317e-01,  2.330e+00,  1.307e+00],
                       [ 4.380e-01,  8.317e-01,  2.330e+00,  1.307e+00],
                       ...,
                       [ 4.380e-01,  8.317e-01,  2.330e+00,  1.307e+00],
                       [ 4.380e-01,  8.317e-01,  2.330e+00,  1.307e+00]]), array([ 5.508e+03,  5.508e+03,  5.508e+03,  5.508e+03,
                        5.508e+03]))
   param_names: ['d', 'e', 'f', 'g']
[0.43802751 0.83165871 2.32973334 1.30682646]
{'d': 0.4380275050516852, 'e': 0.8316587091405672, 'f': 2.329733337224516, 'g': 1.3068264561142522}
Previous:  {'d': 0.44193400036324676, 'e': 0.8281492770942618, 'f': 2.3309951774837385, 'g': 1.3090164663061392}
