prev {'d': 0.43617802316120025, 'e': 1.2248829246883637, 'f': 2.314944464365526, 'g': 1.1834808766755591}
Starting ML Fit
Box22_1400
       message: Optimization terminated successfully.
       success: True
        status: 0
           fun: 10934.584033996949
             x: [ 4.230e-01  1.226e+00  2.315e+00  1.182e+00]
           nit: 74
          nfev: 134
 final_simplex: (array([[ 4.230e-01,  1.226e+00,  2.315e+00,  1.182e+00],
                       [ 4.230e-01,  1.226e+00,  2.315e+00,  1.182e+00],
                       ...,
                       [ 4.230e-01,  1.226e+00,  2.315e+00,  1.182e+00],
                       [ 4.230e-01,  1.226e+00,  2.315e+00,  1.182e+00]]), array([ 1.093e+04,  1.093e+04,  1.093e+04,  1.093e+04,
                        1.093e+04]))
   param_names: ['d', 'e', 'f', 'g']
[0.42299949 1.2256132  2.31518521 1.18229866]
{'d': 0.42299949222266675, 'e': 1.225613201561173, 'f': 2.3151852094157555, 'g': 1.1822986565759077}
Previous:  {'d': 0.43617802316120025, 'e': 1.2248829246883637, 'f': 2.314944464365526, 'g': 1.1834808766755591}
