prev {'d': 0.44705316752377044, 'e': 1.2305333793336353, 'f': 2.3437227667157705, 'g': 1.281991109347568}
Starting ML Fit
Box_n50_33_1400
       message: Optimization terminated successfully.
       success: True
        status: 0
           fun: 1849.4652391637567
             x: [ 4.373e-01  1.235e+00  2.343e+00  1.276e+00]
           nit: 87
          nfev: 154
 final_simplex: (array([[ 4.373e-01,  1.235e+00,  2.343e+00,  1.276e+00],
                       [ 4.373e-01,  1.235e+00,  2.343e+00,  1.276e+00],
                       ...,
                       [ 4.373e-01,  1.235e+00,  2.343e+00,  1.276e+00],
                       [ 4.373e-01,  1.235e+00,  2.343e+00,  1.276e+00]]), array([ 1.849e+03,  1.849e+03,  1.849e+03,  1.849e+03,
                        1.849e+03]))
   param_names: ['d', 'e', 'f', 'g']
[0.43733829 1.23481585 2.34265739 1.27593103]
{'d': 0.43733828787471246, 'e': 1.2348158501513193, 'f': 2.3426573855644692, 'g': 1.2759310265911403}
Previous:  {'d': 0.44705316752377044, 'e': 1.2305333793336353, 'f': 2.3437227667157705, 'g': 1.281991109347568}
