prev {'d': 0.4638325933441423, 'e': 1.398548339594266, 'f': 2.3226776633570383, 'g': 1.2599268082968713}
Starting ML Fit
Box17_1400
       message: Optimization terminated successfully.
       success: True
        status: 0
           fun: 16215.729471996745
             x: [ 4.596e-01  1.424e+00  2.319e+00  1.254e+00]
           nit: 64
          nfev: 120
 final_simplex: (array([[ 4.596e-01,  1.424e+00,  2.319e+00,  1.254e+00],
                       [ 4.596e-01,  1.424e+00,  2.319e+00,  1.254e+00],
                       ...,
                       [ 4.596e-01,  1.424e+00,  2.319e+00,  1.254e+00],
                       [ 4.596e-01,  1.424e+00,  2.319e+00,  1.254e+00]]), array([ 1.622e+04,  1.622e+04,  1.622e+04,  1.622e+04,
                        1.622e+04]))
   param_names: ['d', 'e', 'f', 'g']
[0.45961058 1.42400251 2.31861809 1.25390129]
{'d': 0.4596105789753354, 'e': 1.4240025055086798, 'f': 2.318618091273989, 'g': 1.2539012911671787}
Previous:  {'d': 0.4638325933441423, 'e': 1.398548339594266, 'f': 2.3226776633570383, 'g': 1.2599268082968713}
