no change     /oak/stanford/orgs/kipac/users/delon/miniconda3/condabin/conda
no change     /oak/stanford/orgs/kipac/users/delon/miniconda3/bin/conda
no change     /oak/stanford/orgs/kipac/users/delon/miniconda3/bin/conda-env
no change     /oak/stanford/orgs/kipac/users/delon/miniconda3/bin/activate
no change     /oak/stanford/orgs/kipac/users/delon/miniconda3/bin/deactivate
no change     /oak/stanford/orgs/kipac/users/delon/miniconda3/etc/profile.d/conda.sh
no change     /oak/stanford/orgs/kipac/users/delon/miniconda3/etc/fish/conf.d/conda.fish
no change     /oak/stanford/orgs/kipac/users/delon/miniconda3/shell/condabin/Conda.psm1
no change     /oak/stanford/orgs/kipac/users/delon/miniconda3/shell/condabin/conda-hook.ps1
no change     /oak/stanford/orgs/kipac/users/delon/miniconda3/lib/python3.10/site-packages/xontrib/conda.xsh
no change     /oak/stanford/orgs/kipac/users/delon/miniconda3/etc/profile.d/conda.csh
no change     /home/users/delon/.bashrc
No action taken.
Starting ML Fit
Box_n50_18_1400
       message: Optimization terminated successfully.
       success: True
        status: 0
           fun: 37892.051776642475
             x: [-5.056e-01  1.125e+00  2.562e-01  3.866e-01  1.328e+00
                  8.137e-02]
           nit: 406
          nfev: 632
 final_simplex: (array([[-5.056e-01,  1.125e+00, ...,  1.328e+00,
                         8.137e-02],
                       [-5.056e-01,  1.125e+00, ...,  1.328e+00,
                         8.137e-02],
                       ...,
                       [-5.056e-01,  1.125e+00, ...,  1.328e+00,
                         8.137e-02],
                       [-5.056e-01,  1.125e+00, ...,  1.328e+00,
                         8.138e-02]]), array([ 3.789e+04,  3.789e+04,  3.789e+04,  3.789e+04,
                        3.789e+04,  3.789e+04,  3.789e+04]))
   param_names: ['d1', 'e0', 'e1', 'f0', 'g0', 'g1']
[-0.50560084  1.12473128  0.25623627  0.38656156  1.32774268  0.08137496]
(5000, 64, 6)
