prev {'d': 0.5054926440348996, 'e': 0.9196703129938333, 'f': 2.274382631614907, 'g': 1.314565080809804}
Starting ML Fit
Box80_1400
       message: Optimization terminated successfully.
       success: True
        status: 0
           fun: 10977.655914436245
             x: [ 4.990e-01  9.296e-01  2.274e+00  1.315e+00]
           nit: 115
          nfev: 202
 final_simplex: (array([[ 4.990e-01,  9.296e-01,  2.274e+00,  1.315e+00],
                       [ 4.990e-01,  9.296e-01,  2.274e+00,  1.315e+00],
                       ...,
                       [ 4.990e-01,  9.296e-01,  2.274e+00,  1.315e+00],
                       [ 4.990e-01,  9.296e-01,  2.274e+00,  1.315e+00]]), array([ 1.098e+04,  1.098e+04,  1.098e+04,  1.098e+04,
                        1.098e+04]))
   param_names: ['d', 'e', 'f', 'g']
[0.49901547 0.92957173 2.27430801 1.31462299]
{'d': 0.4990154748443868, 'e': 0.9295717327326964, 'f': 2.274308005534696, 'g': 1.3146229896296253}
Previous:  {'d': 0.5054926440348996, 'e': 0.9196703129938333, 'f': 2.274382631614907, 'g': 1.314565080809804}
