prev {'d': 0.5410423750360489, 'e': 1.119350068498537, 'f': 2.320852525196228, 'g': 1.2720327259708837}
Starting ML Fit
Box44_1400
       message: Optimization terminated successfully.
       success: True
        status: 0
           fun: 7854.809738309279
             x: [ 5.293e-01  1.088e+00  2.321e+00  1.291e+00]
           nit: 117
          nfev: 204
 final_simplex: (array([[ 5.293e-01,  1.088e+00,  2.321e+00,  1.291e+00],
                       [ 5.293e-01,  1.088e+00,  2.321e+00,  1.291e+00],
                       ...,
                       [ 5.293e-01,  1.088e+00,  2.321e+00,  1.291e+00],
                       [ 5.293e-01,  1.088e+00,  2.321e+00,  1.291e+00]]), array([ 7.855e+03,  7.855e+03,  7.855e+03,  7.855e+03,
                        7.855e+03]))
   param_names: ['d', 'e', 'f', 'g']
[0.52927913 1.08767601 2.32081227 1.29102677]
{'d': 0.52927913101558, 'e': 1.0876760118166233, 'f': 2.320812273253476, 'g': 1.2910267665531578}
Previous:  {'d': 0.5410423750360489, 'e': 1.119350068498537, 'f': 2.320852525196228, 'g': 1.2720327259708837}
