Leaving out Box36_1400
alist [1.0, 0.953321, 0.866399, 0.787402, 0.715608, 0.65036, 0.620002, 0.591061, 0.563471, 0.537169, 0.512095, 0.488191, 0.403224, 0.366459]
scaling input
scaling output
Iter 1/300 - Loss: 3.1696
Iter 2/300 - Loss: 2.7871
Iter 3/300 - Loss: 2.4348
Iter 4/300 - Loss: 2.1178
Iter 5/300 - Loss: 1.8374
Iter 6/300 - Loss: 1.5928
Iter 7/300 - Loss: 1.3837
Iter 8/300 - Loss: 1.2127
Iter 9/300 - Loss: 1.0846
Iter 10/300 - Loss: 1.0011
Iter 11/300 - Loss: 0.9571
Iter 12/300 - Loss: 0.9392
Iter 13/300 - Loss: 0.9309
Iter 14/300 - Loss: 0.9193
Iter 15/300 - Loss: 0.8985
Iter 16/300 - Loss: 0.8673
Iter 17/300 - Loss: 0.8246
Iter 18/300 - Loss: 0.7696
Iter 19/300 - Loss: 0.7037
Iter 20/300 - Loss: 0.6309
Iter 21/300 - Loss: 0.5578
Iter 22/300 - Loss: 0.4903
Iter 23/300 - Loss: 0.4320
Iter 24/300 - Loss: 0.3836
Iter 25/300 - Loss: 0.3434
Iter 26/300 - Loss: 0.3080
Iter 27/300 - Loss: 0.2740
Iter 28/300 - Loss: 0.2389
Iter 29/300 - Loss: 0.2012
Iter 30/300 - Loss: 0.1605
Iter 31/300 - Loss: 0.1170
Iter 32/300 - Loss: 0.0712
Iter 33/300 - Loss: 0.0241
Iter 34/300 - Loss: -0.0231
Iter 35/300 - Loss: -0.0693
Iter 36/300 - Loss: -0.1133
Iter 37/300 - Loss: -0.1543
Iter 38/300 - Loss: -0.1919
Iter 39/300 - Loss: -0.2258
Iter 40/300 - Loss: -0.2567
Iter 41/300 - Loss: -0.2853
Iter 42/300 - Loss: -0.3128
Iter 43/300 - Loss: -0.3400
Iter 44/300 - Loss: -0.3676
Iter 45/300 - Loss: -0.3957
Iter 46/300 - Loss: -0.4235
Iter 47/300 - Loss: -0.4501
Iter 48/300 - Loss: -0.4746
Iter 49/300 - Loss: -0.4965
Iter 50/300 - Loss: -0.5160
Iter 51/300 - Loss: -0.5333
Iter 52/300 - Loss: -0.5490
Iter 53/300 - Loss: -0.5636
Iter 54/300 - Loss: -0.5777
Iter 55/300 - Loss: -0.5912
Iter 56/300 - Loss: -0.6044
Iter 57/300 - Loss: -0.6170
Iter 58/300 - Loss: -0.6288
Iter 59/300 - Loss: -0.6396
Iter 60/300 - Loss: -0.6494
Iter 61/300 - Loss: -0.6585
Iter 62/300 - Loss: -0.6671
Iter 63/300 - Loss: -0.6758
Iter 64/300 - Loss: -0.6845
Iter 65/300 - Loss: -0.6930
Iter 66/300 - Loss: -0.7008
Iter 67/300 - Loss: -0.7075
Iter 68/300 - Loss: -0.7131
Iter 69/300 - Loss: -0.7177
Iter 70/300 - Loss: -0.7217
Iter 71/300 - Loss: -0.7255
Iter 72/300 - Loss: -0.7290
Iter 73/300 - Loss: -0.7322
Iter 74/300 - Loss: -0.7351
Iter 75/300 - Loss: -0.7374
Iter 76/300 - Loss: -0.7393
Iter 77/300 - Loss: -0.7411
Iter 78/300 - Loss: -0.7430
Iter 79/300 - Loss: -0.7450
Iter 80/300 - Loss: -0.7471
Iter 81/300 - Loss: -0.7491
Iter 82/300 - Loss: -0.7509
Iter 83/300 - Loss: -0.7525
Iter 84/300 - Loss: -0.7538
Iter 85/300 - Loss: -0.7548
Iter 86/300 - Loss: -0.7551
Iter 87/300 - Loss: -0.7556
Iter 88/300 - Loss: -0.7585
Iter 89/300 - Loss: -0.7597
Iter 90/300 - Loss: -0.7597
Iter 91/300 - Loss: -0.7618
Iter 92/300 - Loss: -0.7620
Iter 93/300 - Loss: -0.7631
Iter 94/300 - Loss: -0.7638
Iter 95/300 - Loss: -0.7644
Iter 96/300 - Loss: -0.7653
Iter 97/300 - Loss: -0.7656
Iter 98/300 - Loss: -0.7665
Iter 99/300 - Loss: -0.7666
Iter 100/300 - Loss: -0.7675
Iter 101/300 - Loss: -0.7676
Iter 102/300 - Loss: -0.7684
Iter 103/300 - Loss: -0.7686
Iter 104/300 - Loss: -0.7691
Iter 105/300 - Loss: -0.7695
Iter 106/300 - Loss: -0.7698
Iter 107/300 - Loss: -0.7703
Iter 108/300 - Loss: -0.7705
Iter 109/300 - Loss: -0.7710
Iter 110/300 - Loss: -0.7712
Iter 111/300 - Loss: -0.7716
Iter 112/300 - Loss: -0.7719
Iter 113/300 - Loss: -0.7722
Iter 114/300 - Loss: -0.7725
Iter 115/300 - Loss: -0.7727
Iter 116/300 - Loss: -0.7730
Iter 117/300 - Loss: -0.7732
Iter 118/300 - Loss: -0.7734
Iter 119/300 - Loss: -0.7737
Iter 120/300 - Loss: -0.7739
Iter 121/300 - Loss: -0.7741
Iter 122/300 - Loss: -0.7743
Iter 123/300 - Loss: -0.7744
Iter 124/300 - Loss: -0.7747
Iter 125/300 - Loss: -0.7748
Iter 126/300 - Loss: -0.7750
Iter 127/300 - Loss: -0.7752
Iter 128/300 - Loss: -0.7753
Iter 129/300 - Loss: -0.7755
Iter 130/300 - Loss: -0.7756
Iter 131/300 - Loss: -0.7757
Iter 132/300 - Loss: -0.7759
Iter 133/300 - Loss: -0.7760
Iter 134/300 - Loss: -0.7761
Iter 135/300 - Loss: -0.7762
Iter 136/300 - Loss: -0.7763
Iter 137/300 - Loss: -0.7764
Iter 138/300 - Loss: -0.7765
Iter 139/300 - Loss: -0.7766
Iter 140/300 - Loss: -0.7767
Iter 141/300 - Loss: -0.7768
Iter 142/300 - Loss: -0.7769
Iter 143/300 - Loss: -0.7770
Iter 144/300 - Loss: -0.7771
Iter 145/300 - Loss: -0.7772
Iter 146/300 - Loss: -0.7773
Iter 147/300 - Loss: -0.7774
Iter 148/300 - Loss: -0.7776
Iter 149/300 - Loss: -0.7777
Iter 150/300 - Loss: -0.7779
Iter 151/300 - Loss: -0.7781
Iter 152/300 - Loss: -0.7783
Iter 153/300 - Loss: -0.7784
Iter 154/300 - Loss: -0.7784
Iter 155/300 - Loss: -0.7784
Iter 156/300 - Loss: -0.7785
Iter 157/300 - Loss: -0.7785
Iter 158/300 - Loss: -0.7786
Iter 159/300 - Loss: -0.7786
Iter 160/300 - Loss: -0.7787
Iter 161/300 - Loss: -0.7787
Iter 162/300 - Loss: -0.7788
Iter 163/300 - Loss: -0.7788
Iter 164/300 - Loss: -0.7789
Iter 165/300 - Loss: -0.7790
Iter 166/300 - Loss: -0.7791
Iter 167/300 - Loss: -0.7792
Iter 168/300 - Loss: -0.7793
Iter 169/300 - Loss: -0.7794
Iter 170/300 - Loss: -0.7795
Iter 171/300 - Loss: -0.7796
Iter 172/300 - Loss: -0.7797
Iter 173/300 - Loss: -0.7798
Iter 174/300 - Loss: -0.7799
Iter 175/300 - Loss: -0.7801
Iter 176/300 - Loss: -0.7802
Iter 177/300 - Loss: -0.7804
Iter 178/300 - Loss: -0.7806
Iter 179/300 - Loss: -0.7807
Iter 180/300 - Loss: -0.7809
Iter 181/300 - Loss: -0.7811
Iter 182/300 - Loss: -0.7813
Iter 183/300 - Loss: -0.7815
Iter 184/300 - Loss: -0.7817
Iter 185/300 - Loss: -0.7819
Iter 186/300 - Loss: -0.7822
Iter 187/300 - Loss: -0.7824
Iter 188/300 - Loss: -0.7827
Iter 189/300 - Loss: -0.7829
Iter 190/300 - Loss: -0.7832
Iter 191/300 - Loss: -0.7835
Iter 192/300 - Loss: -0.7837
Iter 193/300 - Loss: -0.7840
Iter 194/300 - Loss: -0.7843
Iter 195/300 - Loss: -0.7846
Iter 196/300 - Loss: -0.7850
Iter 197/300 - Loss: -0.7853
Iter 198/300 - Loss: -0.7856
Iter 199/300 - Loss: -0.7859
Iter 200/300 - Loss: -0.7862
Iter 201/300 - Loss: -0.7866
Iter 202/300 - Loss: -0.7869
Iter 203/300 - Loss: -0.7872
Iter 204/300 - Loss: -0.7876
Iter 205/300 - Loss: -0.7879
Iter 206/300 - Loss: -0.7882
Iter 207/300 - Loss: -0.7886
Iter 208/300 - Loss: -0.7889
Iter 209/300 - Loss: -0.7892
Iter 210/300 - Loss: -0.7895
Iter 211/300 - Loss: -0.7899
Iter 212/300 - Loss: -0.7902
Iter 213/300 - Loss: -0.7905
Iter 214/300 - Loss: -0.7908
Iter 215/300 - Loss: -0.7911
Iter 216/300 - Loss: -0.7915
Iter 217/300 - Loss: -0.7918
Iter 218/300 - Loss: -0.7921
Iter 219/300 - Loss: -0.7924
Iter 220/300 - Loss: -0.7927
Iter 221/300 - Loss: -0.7930
Iter 222/300 - Loss: -0.7933
Iter 223/300 - Loss: -0.7936
Iter 224/300 - Loss: -0.7939
Iter 225/300 - Loss: -0.7942
Iter 226/300 - Loss: -0.7944
Iter 227/300 - Loss: -0.7947
Iter 228/300 - Loss: -0.7950
Iter 229/300 - Loss: -0.7953
Iter 230/300 - Loss: -0.7956
Iter 231/300 - Loss: -0.7958
Iter 232/300 - Loss: -0.7961
Iter 233/300 - Loss: -0.7964
Iter 234/300 - Loss: -0.7966
Iter 235/300 - Loss: -0.7969
Iter 236/300 - Loss: -0.7971
Iter 237/300 - Loss: -0.7974
Iter 238/300 - Loss: -0.7976
Iter 239/300 - Loss: -0.7979
Iter 240/300 - Loss: -0.7981
Iter 241/300 - Loss: -0.7984
Iter 242/300 - Loss: -0.7986
Iter 243/300 - Loss: -0.7989
Iter 244/300 - Loss: -0.7991
Iter 245/300 - Loss: -0.7993
Iter 246/300 - Loss: -0.7996
Iter 247/300 - Loss: -0.7998
Iter 248/300 - Loss: -0.8000
Iter 249/300 - Loss: -0.8003
Iter 250/300 - Loss: -0.8005
Iter 251/300 - Loss: -0.8007
Iter 252/300 - Loss: -0.8009
Iter 253/300 - Loss: -0.8011
Iter 254/300 - Loss: -0.8013
Iter 255/300 - Loss: -0.8016
Iter 256/300 - Loss: -0.8018
Iter 257/300 - Loss: -0.8020
Iter 258/300 - Loss: -0.8022
Iter 259/300 - Loss: -0.8024
Iter 260/300 - Loss: -0.8026
Iter 261/300 - Loss: -0.8028
Iter 262/300 - Loss: -0.8030
Iter 263/300 - Loss: -0.8032
Iter 264/300 - Loss: -0.8034
Iter 265/300 - Loss: -0.8036
Iter 266/300 - Loss: -0.8038
Iter 267/300 - Loss: -0.8040
Iter 268/300 - Loss: -0.8042
Iter 269/300 - Loss: -0.8044
Iter 270/300 - Loss: -0.8046
Iter 271/300 - Loss: -0.8047
Iter 272/300 - Loss: -0.8049
Iter 273/300 - Loss: -0.8051
Iter 274/300 - Loss: -0.8053
Iter 275/300 - Loss: -0.8055
Iter 276/300 - Loss: -0.8057
Iter 277/300 - Loss: -0.8058
Iter 278/300 - Loss: -0.8060
Iter 279/300 - Loss: -0.8062
Iter 280/300 - Loss: -0.8064
Iter 281/300 - Loss: -0.8065
Iter 282/300 - Loss: -0.8067
Iter 283/300 - Loss: -0.8069
Iter 284/300 - Loss: -0.8070
Iter 285/300 - Loss: -0.8072
Iter 286/300 - Loss: -0.8074
Iter 287/300 - Loss: -0.8076
Iter 288/300 - Loss: -0.8077
Iter 289/300 - Loss: -0.8079
Iter 290/300 - Loss: -0.8080
Iter 291/300 - Loss: -0.8082
Iter 292/300 - Loss: -0.8084
Iter 293/300 - Loss: -0.8085
Iter 294/300 - Loss: -0.8087
Iter 295/300 - Loss: -0.8088
Iter 296/300 - Loss: -0.8090
Iter 297/300 - Loss: -0.8092
Iter 298/300 - Loss: -0.8093
Iter 299/300 - Loss: -0.8095
Iter 300/300 - Loss: -0.8096
