prev {'d': 0.4707725137393739, 'e': 1.1170449246407819, 'f': 2.36009886560638, 'g': 1.298933914468609}
Starting ML Fit
Box28_1400
       message: Optimization terminated successfully.
       success: True
        status: 0
           fun: 9505.679260703902
             x: [ 4.528e-01  1.114e+00  2.362e+00  1.296e+00]
           nit: 95
          nfev: 168
 final_simplex: (array([[ 4.528e-01,  1.114e+00,  2.362e+00,  1.296e+00],
                       [ 4.528e-01,  1.114e+00,  2.362e+00,  1.296e+00],
                       ...,
                       [ 4.528e-01,  1.114e+00,  2.362e+00,  1.296e+00],
                       [ 4.528e-01,  1.114e+00,  2.362e+00,  1.296e+00]]), array([ 9.506e+03,  9.506e+03,  9.506e+03,  9.506e+03,
                        9.506e+03]))
   param_names: ['d', 'e', 'f', 'g']
[0.45283292 1.11401094 2.36227553 1.29608166]
{'d': 0.4528329157403719, 'e': 1.114010941912797, 'f': 2.362275532220614, 'g': 1.2960816566347626}
Previous:  {'d': 0.4707725137393739, 'e': 1.1170449246407819, 'f': 2.36009886560638, 'g': 1.298933914468609}
