alist [1.0, 0.953321, 0.866399, 0.787402, 0.715608, 0.65036, 0.620002, 0.591061, 0.563471, 0.537169, 0.512095, 0.488191, 0.403224, 0.366459]
Leaving out Box67_1400
Iter 1/200 - Loss: 2.0096
Iter 2/200 - Loss: 1.7745
Iter 3/200 - Loss: 1.5974
Iter 4/200 - Loss: 1.4643
Iter 5/200 - Loss: 1.3625
Iter 6/200 - Loss: 1.2815
Iter 7/200 - Loss: 1.2137
Iter 8/200 - Loss: 1.1540
Iter 9/200 - Loss: 1.0989
Iter 10/200 - Loss: 1.0464
Iter 11/200 - Loss: 0.9952
Iter 12/200 - Loss: 0.9445
Iter 13/200 - Loss: 0.8940
Iter 14/200 - Loss: 0.8433
Iter 15/200 - Loss: 0.7922
Iter 16/200 - Loss: 0.7407
Iter 17/200 - Loss: 0.6887
Iter 18/200 - Loss: 0.6362
Iter 19/200 - Loss: 0.5833
Iter 20/200 - Loss: 0.5299
Iter 21/200 - Loss: 0.4762
Iter 22/200 - Loss: 0.4221
Iter 23/200 - Loss: 0.3678
Iter 24/200 - Loss: 0.3133
Iter 25/200 - Loss: 0.2587
Iter 26/200 - Loss: 0.2039
Iter 27/200 - Loss: 0.1490
Iter 28/200 - Loss: 0.0940
Iter 29/200 - Loss: 0.0392
Iter 30/200 - Loss: -0.0155
Iter 31/200 - Loss: -0.0700
Iter 32/200 - Loss: -0.1244
Iter 33/200 - Loss: -0.1786
Iter 34/200 - Loss: -0.2326
Iter 35/200 - Loss: -0.2866
Iter 36/200 - Loss: -0.3404
Iter 37/200 - Loss: -0.3941
Iter 38/200 - Loss: -0.4476
Iter 39/200 - Loss: -0.5009
Iter 40/200 - Loss: -0.5537
Iter 41/200 - Loss: -0.6060
Iter 42/200 - Loss: -0.6579
Iter 43/200 - Loss: -0.7092
Iter 44/200 - Loss: -0.7601
Iter 45/200 - Loss: -0.8106
Iter 46/200 - Loss: -0.8605
Iter 47/200 - Loss: -0.9098
Iter 48/200 - Loss: -0.9585
Iter 49/200 - Loss: -1.0064
Iter 50/200 - Loss: -1.0537
Iter 51/200 - Loss: -1.1004
Iter 52/200 - Loss: -1.1465
Iter 53/200 - Loss: -1.1917
Iter 54/200 - Loss: -1.2359
Iter 55/200 - Loss: -1.2792
Iter 56/200 - Loss: -1.3218
Iter 57/200 - Loss: -1.3636
Iter 58/200 - Loss: -1.4044
Iter 59/200 - Loss: -1.4445
Iter 60/200 - Loss: -1.4842
Iter 61/200 - Loss: -1.5234
Iter 62/200 - Loss: -1.5623
Iter 63/200 - Loss: -1.6009
Iter 64/200 - Loss: -1.6389
Iter 65/200 - Loss: -1.6762
Iter 66/200 - Loss: -1.7132
Iter 67/200 - Loss: -1.7493
Iter 68/200 - Loss: -1.7846
Iter 69/200 - Loss: -1.8197
Iter 70/200 - Loss: -1.8540
Iter 71/200 - Loss: -1.8880
Iter 72/200 - Loss: -1.9218
Iter 73/200 - Loss: -1.9545
Iter 74/200 - Loss: -1.9874
Iter 75/200 - Loss: -2.0191
Iter 76/200 - Loss: -2.0510
Iter 77/200 - Loss: -2.0817
Iter 78/200 - Loss: -2.1124
Iter 79/200 - Loss: -2.1419
Iter 80/200 - Loss: -2.1709
Iter 81/200 - Loss: -2.1989
Iter 82/200 - Loss: -2.2263
Iter 83/200 - Loss: -2.2527
Iter 84/200 - Loss: -2.2780
Iter 85/200 - Loss: -2.3032
Iter 86/200 - Loss: -2.3276
Iter 87/200 - Loss: -2.3500
Iter 88/200 - Loss: -2.3727
Iter 89/200 - Loss: -2.3939
Iter 90/200 - Loss: -2.4144
Iter 91/200 - Loss: -2.4339
Iter 92/200 - Loss: -2.4525
Iter 93/200 - Loss: -2.4706
Iter 94/200 - Loss: -2.4872
Iter 95/200 - Loss: -2.5033
Iter 96/200 - Loss: -2.5191
Iter 97/200 - Loss: -2.5335
Iter 98/200 - Loss: -2.5472
Iter 99/200 - Loss: -2.5604
Iter 100/200 - Loss: -2.5727
Iter 101/200 - Loss: -2.5852
Iter 102/200 - Loss: -2.5967
Iter 103/200 - Loss: -2.6071
Iter 104/200 - Loss: -2.6169
Iter 105/200 - Loss: -2.6266
Iter 106/200 - Loss: -2.6357
Iter 107/200 - Loss: -2.6444
Iter 108/200 - Loss: -2.6526
Iter 109/200 - Loss: -2.6594
Iter 110/200 - Loss: -2.6668
Iter 111/200 - Loss: -2.6729
Iter 112/200 - Loss: -2.6782
Iter 113/200 - Loss: -2.6851
Iter 114/200 - Loss: -2.6915
Iter 115/200 - Loss: -2.6970
Iter 116/200 - Loss: -2.7036
Iter 117/200 - Loss: -2.7088
Iter 118/200 - Loss: -2.7115
Iter 119/200 - Loss: -2.7150
Iter 120/200 - Loss: -2.7193
Iter 121/200 - Loss: -2.7227
Iter 122/200 - Loss: -2.7287
Iter 123/200 - Loss: -2.7339
Iter 124/200 - Loss: -2.7370
Iter 125/200 - Loss: -2.7390
Iter 126/200 - Loss: -2.7398
Iter 127/200 - Loss: -2.7432
Iter 128/200 - Loss: -2.7480
Iter 129/200 - Loss: -2.7518
Iter 130/200 - Loss: -2.7553
Iter 131/200 - Loss: -2.7560
Iter 132/200 - Loss: -2.7579
Iter 133/200 - Loss: -2.7622
Iter 134/200 - Loss: -2.7651
Iter 135/200 - Loss: -2.7674
Iter 136/200 - Loss: -2.7697
Iter 137/200 - Loss: -2.7710
Iter 138/200 - Loss: -2.7731
Iter 139/200 - Loss: -2.7761
Iter 140/200 - Loss: -2.7789
Iter 141/200 - Loss: -2.7799
Iter 142/200 - Loss: -2.7813
Iter 143/200 - Loss: -2.7836
Iter 144/200 - Loss: -2.7848
Iter 145/200 - Loss: -2.7858
Iter 146/200 - Loss: -2.7876
Iter 147/200 - Loss: -2.7894
Iter 148/200 - Loss: -2.7907
Iter 149/200 - Loss: -2.7920
Iter 150/200 - Loss: -2.7933
Iter 151/200 - Loss: -2.7948
Iter 152/200 - Loss: -2.7961
Iter 153/200 - Loss: -2.7976
Iter 154/200 - Loss: -2.7986
Iter 155/200 - Loss: -2.8001
Iter 156/200 - Loss: -2.8015
Iter 157/200 - Loss: -2.8023
Iter 158/200 - Loss: -2.8032
Iter 159/200 - Loss: -2.8046
Iter 160/200 - Loss: -2.8057
Iter 161/200 - Loss: -2.8063
Iter 162/200 - Loss: -2.8074
Iter 163/200 - Loss: -2.8082
Iter 164/200 - Loss: -2.8091
Iter 165/200 - Loss: -2.8096
Iter 166/200 - Loss: -2.8109
Iter 167/200 - Loss: -2.8132
Iter 168/200 - Loss: -2.8147
Iter 169/200 - Loss: -2.8160
Iter 170/200 - Loss: -2.8180
Iter 171/200 - Loss: -2.8197
Iter 172/200 - Loss: -2.8205
Iter 173/200 - Loss: -2.8215
Iter 174/200 - Loss: -2.8228
Iter 175/200 - Loss: -2.8236
Iter 176/200 - Loss: -2.8235
Iter 177/200 - Loss: -2.8215
Iter 178/200 - Loss: -2.8145
Iter 179/200 - Loss: -2.7926
Iter 180/200 - Loss: -2.7730
Iter 181/200 - Loss: -2.7979
Iter 182/200 - Loss: -2.8120
Iter 183/200 - Loss: -2.8094
Iter 184/200 - Loss: -2.8137
Iter 185/200 - Loss: -2.8199
Iter 186/200 - Loss: -2.8163
Iter 187/200 - Loss: -2.8250
Iter 188/200 - Loss: -2.8207
Iter 189/200 - Loss: -2.8266
Iter 190/200 - Loss: -2.8257
Iter 191/200 - Loss: -2.8275
Iter 192/200 - Loss: -2.8300
Iter 193/200 - Loss: -2.8286
Iter 194/200 - Loss: -2.8327
Iter 195/200 - Loss: -2.8308
Iter 196/200 - Loss: -2.8340
Iter 197/200 - Loss: -2.8339
Iter 198/200 - Loss: -2.8345
Iter 199/200 - Loss: -2.8367
Iter 200/200 - Loss: -2.8365
{'d': 0.37311178, 'e': 0.6571306, 'f': 2.3607373, 'g': 1.2863697}
{'d': 0.38045582, 'e': 0.6709366, 'f': 2.3596728, 'g': 1.2895073}
{'d': 0.39798468, 'e': 0.71049654, 'f': 2.3564088, 'g': 1.2956805}
{'d': 0.4030234, 'e': 0.72324896, 'f': 2.3553236, 'g': 1.297139}
{'d': 0.4083492, 'e': 0.73734045, 'f': 2.3541188, 'g': 1.2985351}
{'d': 0.41400683, 'e': 0.7534225, 'f': 2.3527372, 'g': 1.299821}
{'d': 0.41998783, 'e': 0.7712752, 'f': 2.3512042, 'g': 1.3009932}
{'d': 0.42630106, 'e': 0.7910286, 'f': 2.3495054, 'g': 1.3020294}
{'d': 0.43297574, 'e': 0.8131638, 'f': 2.3476133, 'g': 1.3028888}
{'d': 0.44739303, 'e': 0.86440307, 'f': 2.343281, 'g': 1.3040055}
{'d': 0.46330085, 'e': 0.9267771, 'f': 2.338105, 'g': 1.3041117}
{'d': 0.4806275, 'e': 1.0006688, 'f': 2.3321435, 'g': 1.3030527}
{'d': 0.49931926, 'e': 1.0876019, 'f': 2.3253503, 'g': 1.3006693}
{'d': 0.509127, 'e': 1.1360992, 'f': 2.3216581, 'g': 1.2989634}
