prev {'d': 0.4810605529553053, 'e': 1.1416977183283492, 'f': 2.308960699948412, 'g': 1.2610606272891478}
Starting ML Fit
Box18_1400
       message: Optimization terminated successfully.
       success: True
        status: 0
           fun: 6837.599979045819
             x: [ 4.728e-01  1.132e+00  2.310e+00  1.261e+00]
           nit: 95
          nfev: 166
 final_simplex: (array([[ 4.728e-01,  1.132e+00,  2.310e+00,  1.261e+00],
                       [ 4.728e-01,  1.132e+00,  2.310e+00,  1.261e+00],
                       ...,
                       [ 4.728e-01,  1.132e+00,  2.310e+00,  1.261e+00],
                       [ 4.728e-01,  1.132e+00,  2.310e+00,  1.261e+00]]), array([ 6.838e+03,  6.838e+03,  6.838e+03,  6.838e+03,
                        6.838e+03]))
   param_names: ['d', 'e', 'f', 'g']
[0.4727674  1.13192082 2.31013482 1.26060889]
{'d': 0.47276739797073725, 'e': 1.1319208206603526, 'f': 2.310134820152005, 'g': 1.260608892045148}
Previous:  {'d': 0.4810605529553053, 'e': 1.1416977183283492, 'f': 2.308960699948412, 'g': 1.2610606272891478}
