prev {'d': 0.4469135013403366, 'e': 0.7533066525197119, 'f': 2.2745069681832852, 'g': 1.3285476977574913}
Starting ML Fit
Box65_1400
       message: Optimization terminated successfully.
       success: True
        status: 0
           fun: 8865.878817260887
             x: [ 4.417e-01  7.308e-01  2.275e+00  1.328e+00]
           nit: 87
          nfev: 159
 final_simplex: (array([[ 4.417e-01,  7.308e-01,  2.275e+00,  1.328e+00],
                       [ 4.417e-01,  7.308e-01,  2.275e+00,  1.328e+00],
                       ...,
                       [ 4.417e-01,  7.309e-01,  2.275e+00,  1.328e+00],
                       [ 4.417e-01,  7.309e-01,  2.275e+00,  1.328e+00]]), array([ 8.866e+03,  8.866e+03,  8.866e+03,  8.866e+03,
                        8.866e+03]))
   param_names: ['d', 'e', 'f', 'g']
[0.44167012 0.73084614 2.27469854 1.32768842]
{'d': 0.44167012278097006, 'e': 0.7308461380106503, 'f': 2.2746985434764326, 'g': 1.3276884169701095}
Previous:  {'d': 0.4469135013403366, 'e': 0.7533066525197119, 'f': 2.2745069681832852, 'g': 1.3285476977574913}
