prev {'d': 0.4861023547544061, 'e': 1.1852030220079972, 'f': 2.3216445540762694, 'g': 1.2888254520353506}
Starting ML Fit
Box_n50_12_1400
       message: Optimization terminated successfully.
       success: True
        status: 0
           fun: 8138.3639387338435
             x: [ 4.734e-01  1.184e+00  2.323e+00  1.286e+00]
           nit: 94
          nfev: 166
 final_simplex: (array([[ 4.734e-01,  1.184e+00,  2.323e+00,  1.286e+00],
                       [ 4.734e-01,  1.184e+00,  2.323e+00,  1.286e+00],
                       ...,
                       [ 4.734e-01,  1.184e+00,  2.323e+00,  1.286e+00],
                       [ 4.734e-01,  1.184e+00,  2.323e+00,  1.286e+00]]), array([ 8.138e+03,  8.138e+03,  8.138e+03,  8.138e+03,
                        8.138e+03]))
   param_names: ['d', 'e', 'f', 'g']
[0.47339502 1.1837448  2.32294362 1.28560168]
{'d': 0.4733950244773144, 'e': 1.183744802743277, 'f': 2.322943621484783, 'g': 1.2856016817459492}
Previous:  {'d': 0.4861023547544061, 'e': 1.1852030220079972, 'f': 2.3216445540762694, 'g': 1.2888254520353506}
