prev {'d': 0.3656002578185533, 'e': 0.3157558514711805, 'f': 2.2695840419505657, 'g': 1.3193718746553058}
Starting ML Fit
Box78_1400
       message: Optimization terminated successfully.
       success: True
        status: 0
           fun: 8861.146683299652
             x: [ 3.185e-01  1.378e-01  2.270e+00  1.317e+00]
           nit: 144
          nfev: 249
 final_simplex: (array([[ 3.185e-01,  1.378e-01,  2.270e+00,  1.317e+00],
                       [ 3.185e-01,  1.378e-01,  2.270e+00,  1.317e+00],
                       ...,
                       [ 3.185e-01,  1.378e-01,  2.270e+00,  1.317e+00],
                       [ 3.185e-01,  1.378e-01,  2.270e+00,  1.317e+00]]), array([ 8.861e+03,  8.861e+03,  8.861e+03,  8.861e+03,
                        8.861e+03]))
   param_names: ['d', 'e', 'f', 'g']
[0.31848571 0.13779227 2.26998114 1.31706415]
{'d': 0.3184857096161156, 'e': 0.13779226556898533, 'f': 2.269981143171883, 'g': 1.317064146808216}
Previous:  {'d': 0.3656002578185533, 'e': 0.3157558514711805, 'f': 2.2695840419505657, 'g': 1.3193718746553058}
