prev {'d': 0.4993717509773991, 'e': 1.0406765063673227, 'f': 2.345443803276018, 'g': 1.2643870690311747}
Starting ML Fit
Box82_1400
       message: Optimization terminated successfully.
       success: True
        status: 0
           fun: 11295.50186537457
             x: [ 4.868e-01  1.015e+00  2.349e+00  1.267e+00]
           nit: 99
          nfev: 168
 final_simplex: (array([[ 4.868e-01,  1.015e+00,  2.349e+00,  1.267e+00],
                       [ 4.868e-01,  1.015e+00,  2.349e+00,  1.267e+00],
                       ...,
                       [ 4.868e-01,  1.015e+00,  2.349e+00,  1.267e+00],
                       [ 4.868e-01,  1.015e+00,  2.349e+00,  1.267e+00]]), array([ 1.130e+04,  1.130e+04,  1.130e+04,  1.130e+04,
                        1.130e+04]))
   param_names: ['d', 'e', 'f', 'g']
[0.48682682 1.01534818 2.34876428 1.26665343]
{'d': 0.48682682439598934, 'e': 1.0153481835339355, 'f': 2.3487642781582894, 'g': 1.2666534344231728}
Previous:  {'d': 0.4993717509773991, 'e': 1.0406765063673227, 'f': 2.345443803276018, 'g': 1.2643870690311747}
