prev {'d': 0.43212937619393743, 'e': 1.1750045402098088, 'f': 2.3161622198893044, 'g': 1.242526413321245}
Starting ML Fit
Box_n50_27_1400
       message: Optimization terminated successfully.
       success: True
        status: 0
           fun: 9117.100200715759
             x: [ 4.303e-01  1.178e+00  2.315e+00  1.244e+00]
           nit: 82
          nfev: 146
 final_simplex: (array([[ 4.303e-01,  1.178e+00,  2.315e+00,  1.244e+00],
                       [ 4.303e-01,  1.178e+00,  2.315e+00,  1.244e+00],
                       ...,
                       [ 4.303e-01,  1.178e+00,  2.315e+00,  1.244e+00],
                       [ 4.303e-01,  1.178e+00,  2.315e+00,  1.244e+00]]), array([ 9.117e+03,  9.117e+03,  9.117e+03,  9.117e+03,
                        9.117e+03]))
   param_names: ['d', 'e', 'f', 'g']
[0.43026098 1.17787324 2.31527609 1.24393403]
{'d': 0.4302609790302509, 'e': 1.1778732362353954, 'f': 2.315276094206061, 'g': 1.243934031426792}
Previous:  {'d': 0.43212937619393743, 'e': 1.1750045402098088, 'f': 2.3161622198893044, 'g': 1.242526413321245}
