prev {'d': 0.5154109621778885, 'e': 0.9097842703422689, 'f': 2.3387783737956047, 'g': 1.3455168954660328}
Starting ML Fit
Box31_1400
       message: Optimization terminated successfully.
       success: True
        status: 0
           fun: 19168.816756774813
             x: [ 5.091e-01  7.078e-01  2.335e+00  1.391e+00]
           nit: 93
          nfev: 168
 final_simplex: (array([[ 5.091e-01,  7.078e-01,  2.335e+00,  1.391e+00],
                       [ 5.091e-01,  7.078e-01,  2.335e+00,  1.391e+00],
                       ...,
                       [ 5.091e-01,  7.079e-01,  2.335e+00,  1.391e+00],
                       [ 5.091e-01,  7.078e-01,  2.335e+00,  1.391e+00]]), array([ 1.917e+04,  1.917e+04,  1.917e+04,  1.917e+04,
                        1.917e+04]))
   param_names: ['d', 'e', 'f', 'g']
[0.50913836 0.70783742 2.33523059 1.39107218]
{'d': 0.509138359417501, 'e': 0.7078374163124068, 'f': 2.3352305890165974, 'g': 1.391072179933282}
Previous:  {'d': 0.5154109621778885, 'e': 0.9097842703422689, 'f': 2.3387783737956047, 'g': 1.3455168954660328}
