prev {'d': 0.46289061370209117, 'e': 0.893940710012679, 'f': 2.3497861534659665, 'g': 1.3207382192379213}
Starting ML Fit
Box27_1400
       message: Optimization terminated successfully.
       success: True
        status: 0
           fun: 5759.6090777833815
             x: [ 4.665e-01  9.402e-01  2.342e+00  1.300e+00]
           nit: 96
          nfev: 177
 final_simplex: (array([[ 4.665e-01,  9.402e-01,  2.342e+00,  1.300e+00],
                       [ 4.665e-01,  9.402e-01,  2.342e+00,  1.300e+00],
                       ...,
                       [ 4.665e-01,  9.402e-01,  2.342e+00,  1.300e+00],
                       [ 4.665e-01,  9.402e-01,  2.342e+00,  1.300e+00]]), array([ 5.760e+03,  5.760e+03,  5.760e+03,  5.760e+03,
                        5.760e+03]))
   param_names: ['d', 'e', 'f', 'g']
[0.46650589 0.94017459 2.34191921 1.30004947]
{'d': 0.46650589423339117, 'e': 0.940174594313442, 'f': 2.3419192137758955, 'g': 1.300049470660022}
Previous:  {'d': 0.46289061370209117, 'e': 0.893940710012679, 'f': 2.3497861534659665, 'g': 1.3207382192379213}
