prev {'d': 0.5603325137379368, 'e': 1.1305825558071176, 'f': 2.232868101218405, 'g': 1.2529530768906738}
Starting ML Fit
Box71_1400
       message: Optimization terminated successfully.
       success: True
        status: 0
           fun: 13172.479636029106
             x: [ 5.666e-01  1.200e+00  2.199e+00  1.245e+00]
           nit: 102
          nfev: 181
 final_simplex: (array([[ 5.666e-01,  1.200e+00,  2.199e+00,  1.245e+00],
                       [ 5.666e-01,  1.200e+00,  2.199e+00,  1.245e+00],
                       ...,
                       [ 5.666e-01,  1.200e+00,  2.199e+00,  1.245e+00],
                       [ 5.666e-01,  1.200e+00,  2.199e+00,  1.245e+00]]), array([ 1.317e+04,  1.317e+04,  1.317e+04,  1.317e+04,
                        1.317e+04]))
   param_names: ['d', 'e', 'f', 'g']
[0.56660069 1.20034333 2.1987675  1.24463914]
{'d': 0.5666006853391189, 'e': 1.2003433341099172, 'f': 2.1987675046215056, 'g': 1.2446391402453842}
Previous:  {'d': 0.5603325137379368, 'e': 1.1305825558071176, 'f': 2.232868101218405, 'g': 1.2529530768906738}
