prev {'d': 0.4340040780414992, 'e': 0.991349470423792, 'f': 2.3086346034920013, 'g': 1.279902977615353}
Starting ML Fit
Box_n50_4_1400
       message: Optimization terminated successfully.
       success: True
        status: 0
           fun: 2598.3892425017375
             x: [ 4.312e-01  9.934e-01  2.308e+00  1.281e+00]
           nit: 73
          nfev: 133
 final_simplex: (array([[ 4.312e-01,  9.934e-01,  2.308e+00,  1.281e+00],
                       [ 4.312e-01,  9.934e-01,  2.308e+00,  1.281e+00],
                       ...,
                       [ 4.312e-01,  9.934e-01,  2.308e+00,  1.281e+00],
                       [ 4.312e-01,  9.933e-01,  2.308e+00,  1.281e+00]]), array([ 2.598e+03,  2.598e+03,  2.598e+03,  2.598e+03,
                        2.598e+03]))
   param_names: ['d', 'e', 'f', 'g']
[0.43119816 0.9933742  2.30781203 1.28088811]
{'d': 0.4311981554352208, 'e': 0.9933742027167893, 'f': 2.3078120277659355, 'g': 1.2808881076863214}
Previous:  {'d': 0.4340040780414992, 'e': 0.991349470423792, 'f': 2.3086346034920013, 'g': 1.279902977615353}
