prev {'d': 0.4837249277156642, 'e': 1.0876810625030058, 'f': 2.3393314621558066, 'g': 1.2525537174571015}
Starting ML Fit
Box_n50_30_1400
       message: Optimization terminated successfully.
       success: True
        status: 0
           fun: 5768.121150191464
             x: [ 4.687e-01  1.055e+00  2.345e+00  1.248e+00]
           nit: 106
          nfev: 180
 final_simplex: (array([[ 4.687e-01,  1.055e+00,  2.345e+00,  1.248e+00],
                       [ 4.687e-01,  1.055e+00,  2.345e+00,  1.248e+00],
                       ...,
                       [ 4.687e-01,  1.055e+00,  2.345e+00,  1.248e+00],
                       [ 4.687e-01,  1.055e+00,  2.345e+00,  1.248e+00]]), array([ 5.768e+03,  5.768e+03,  5.768e+03,  5.768e+03,
                        5.768e+03]))
   param_names: ['d', 'e', 'f', 'g']
[0.46871397 1.05477885 2.34481694 1.24820688]
{'d': 0.46871396892528583, 'e': 1.0547788491997576, 'f': 2.3448169394853036, 'g': 1.248206883906595}
Previous:  {'d': 0.4837249277156642, 'e': 1.0876810625030058, 'f': 2.3393314621558066, 'g': 1.2525537174571015}
