prev {'d': 0.5705590795876225, 'e': 1.1673419573721437, 'f': 2.3390814888630374, 'g': 1.3003231009672163}
Starting ML Fit
Box66_1400
       message: Optimization terminated successfully.
       success: True
        status: 0
           fun: 16106.425389120912
             x: [ 5.603e-01  1.142e+00  2.343e+00  1.304e+00]
           nit: 81
          nfev: 149
 final_simplex: (array([[ 5.603e-01,  1.142e+00,  2.343e+00,  1.304e+00],
                       [ 5.603e-01,  1.142e+00,  2.343e+00,  1.304e+00],
                       ...,
                       [ 5.603e-01,  1.142e+00,  2.343e+00,  1.304e+00],
                       [ 5.603e-01,  1.142e+00,  2.343e+00,  1.304e+00]]), array([ 1.611e+04,  1.611e+04,  1.611e+04,  1.611e+04,
                        1.611e+04]))
   param_names: ['d', 'e', 'f', 'g']
[0.56031716 1.14181266 2.34299526 1.30444536]
{'d': 0.5603171584776167, 'e': 1.1418126649691414, 'f': 2.3429952649884034, 'g': 1.3044453575397355}
Previous:  {'d': 0.5705590795876225, 'e': 1.1673419573721437, 'f': 2.3390814888630374, 'g': 1.3003231009672163}
