prev {'d': 0.4243060479744726, 'e': 0.8717684559720522, 'f': 2.318454445008067, 'g': 1.2453873227533685}
Starting ML Fit
Box38_1400
       message: Optimization terminated successfully.
       success: True
        status: 0
           fun: 15912.777074511512
             x: [ 4.181e-01  8.600e-01  2.321e+00  1.245e+00]
           nit: 98
          nfev: 170
 final_simplex: (array([[ 4.181e-01,  8.600e-01,  2.321e+00,  1.245e+00],
                       [ 4.181e-01,  8.599e-01,  2.321e+00,  1.245e+00],
                       ...,
                       [ 4.181e-01,  8.600e-01,  2.321e+00,  1.245e+00],
                       [ 4.181e-01,  8.600e-01,  2.321e+00,  1.245e+00]]), array([ 1.591e+04,  1.591e+04,  1.591e+04,  1.591e+04,
                        1.591e+04]))
   param_names: ['d', 'e', 'f', 'g']
[0.41807483 0.85997302 2.32076057 1.24505499]
{'d': 0.4180748305861274, 'e': 0.8599730239712526, 'f': 2.3207605708287113, 'g': 1.2450549924139143}
Previous:  {'d': 0.4243060479744726, 'e': 0.8717684559720522, 'f': 2.318454445008067, 'g': 1.2453873227533685}
