prev {'d': 0.4625801374605969, 'e': 1.207570258189854, 'f': 2.3132972072994713, 'g': 1.1884928705574704}
Starting ML Fit
Box49_1400
       message: Optimization terminated successfully.
       success: True
        status: 0
           fun: 1316.3141004209251
             x: [ 4.490e-01  1.210e+00  2.313e+00  1.188e+00]
           nit: 99
          nfev: 171
 final_simplex: (array([[ 4.490e-01,  1.210e+00,  2.313e+00,  1.188e+00],
                       [ 4.490e-01,  1.210e+00,  2.313e+00,  1.188e+00],
                       ...,
                       [ 4.490e-01,  1.210e+00,  2.313e+00,  1.188e+00],
                       [ 4.490e-01,  1.210e+00,  2.313e+00,  1.188e+00]]), array([ 1.316e+03,  1.316e+03,  1.316e+03,  1.316e+03,
                        1.316e+03]))
   param_names: ['d', 'e', 'f', 'g']
[0.44904464 1.20959818 2.31288062 1.18839968]
{'d': 0.44904463543971573, 'e': 1.2095981847660013, 'f': 2.312880620946268, 'g': 1.1883996763736522}
Previous:  {'d': 0.4625801374605969, 'e': 1.207570258189854, 'f': 2.3132972072994713, 'g': 1.1884928705574704}
