prev {'d': 0.47011022182372797, 'e': 0.9878899594289026, 'f': 2.338531419255858, 'g': 1.3184257702723605}
Starting ML Fit
Box9_1400
       message: Optimization terminated successfully.
       success: True
        status: 0
           fun: 8186.446899701578
             x: [ 4.768e-01  9.470e-01  2.340e+00  1.329e+00]
           nit: 99
          nfev: 178
 final_simplex: (array([[ 4.768e-01,  9.470e-01,  2.340e+00,  1.329e+00],
                       [ 4.768e-01,  9.470e-01,  2.340e+00,  1.329e+00],
                       ...,
                       [ 4.768e-01,  9.470e-01,  2.340e+00,  1.329e+00],
                       [ 4.768e-01,  9.470e-01,  2.340e+00,  1.329e+00]]), array([ 8.186e+03,  8.186e+03,  8.186e+03,  8.186e+03,
                        8.186e+03]))
   param_names: ['d', 'e', 'f', 'g']
[0.47676899 0.94696184 2.34018298 1.32869198]
{'d': 0.476768994126756, 'e': 0.9469618411633135, 'f': 2.34018297878662, 'g': 1.328691982558224}
Previous:  {'d': 0.47011022182372797, 'e': 0.9878899594289026, 'f': 2.338531419255858, 'g': 1.3184257702723605}
