prev {'d': 0.4601942691050642, 'e': 0.9298928318562749, 'f': 2.344384913067016, 'g': 1.2393215002813736}
Starting ML Fit
Box90_1400
       message: Optimization terminated successfully.
       success: True
        status: 0
           fun: 11128.457053196775
             x: [ 4.798e-01  9.526e-01  2.340e+00  1.285e+00]
           nit: 106
          nfev: 185
 final_simplex: (array([[ 4.798e-01,  9.526e-01,  2.340e+00,  1.285e+00],
                       [ 4.798e-01,  9.525e-01,  2.340e+00,  1.285e+00],
                       ...,
                       [ 4.798e-01,  9.525e-01,  2.340e+00,  1.285e+00],
                       [ 4.798e-01,  9.526e-01,  2.340e+00,  1.285e+00]]), array([ 1.113e+04,  1.113e+04,  1.113e+04,  1.113e+04,
                        1.113e+04]))
   param_names: ['d', 'e', 'f', 'g']
[0.47981161 0.95256743 2.34044399 1.284635  ]
{'d': 0.47981160781746734, 'e': 0.9525674302077265, 'f': 2.340443994503124, 'g': 1.2846350022480717}
Previous:  {'d': 0.4601942691050642, 'e': 0.9298928318562749, 'f': 2.344384913067016, 'g': 1.2393215002813736}
