prev {'d': 0.45004472878919155, 'e': 1.392479690566385, 'f': 2.287221571384365, 'g': 1.2378707356419867}
Starting ML Fit
Box89_1400
       message: Optimization terminated successfully.
       success: True
        status: 0
           fun: 7258.841643962655
             x: [ 4.434e-01  1.401e+00  2.285e+00  1.232e+00]
           nit: 88
          nfev: 156
 final_simplex: (array([[ 4.434e-01,  1.401e+00,  2.285e+00,  1.232e+00],
                       [ 4.434e-01,  1.401e+00,  2.285e+00,  1.232e+00],
                       ...,
                       [ 4.434e-01,  1.401e+00,  2.285e+00,  1.232e+00],
                       [ 4.434e-01,  1.401e+00,  2.285e+00,  1.232e+00]]), array([ 7.259e+03,  7.259e+03,  7.259e+03,  7.259e+03,
                        7.259e+03]))
   param_names: ['d', 'e', 'f', 'g']
[0.4434379  1.40057669 2.28480731 1.23236228]
{'d': 0.4434379048852859, 'e': 1.400576690066022, 'f': 2.2848073138173755, 'g': 1.2323622782746153}
Previous:  {'d': 0.45004472878919155, 'e': 1.392479690566385, 'f': 2.287221571384365, 'g': 1.2378707356419867}
