prev {'d': 0.5121316254187219, 'e': 0.9769837648447656, 'f': 2.3205485130602157, 'g': 1.2318464902678081}
Starting ML Fit
Box53_1400
       message: Optimization terminated successfully.
       success: True
        status: 0
           fun: 16225.108670372832
             x: [ 5.128e-01  9.304e-01  2.319e+00  1.304e+00]
           nit: 94
          nfev: 169
 final_simplex: (array([[ 5.128e-01,  9.304e-01,  2.319e+00,  1.304e+00],
                       [ 5.128e-01,  9.304e-01,  2.319e+00,  1.304e+00],
                       ...,
                       [ 5.128e-01,  9.304e-01,  2.319e+00,  1.304e+00],
                       [ 5.128e-01,  9.304e-01,  2.319e+00,  1.304e+00]]), array([ 1.623e+04,  1.623e+04,  1.623e+04,  1.623e+04,
                        1.623e+04]))
   param_names: ['d', 'e', 'f', 'g']
[0.51275347 0.93039248 2.31864208 1.30424409]
{'d': 0.5127534732070889, 'e': 0.9303924804108388, 'f': 2.318642075718682, 'g': 1.3042440920629874}
Previous:  {'d': 0.5121316254187219, 'e': 0.9769837648447656, 'f': 2.3205485130602157, 'g': 1.2318464902678081}
