prev {'d': 0.42392594642802023, 'e': 1.0883657754047111, 'f': 2.325984622585545, 'g': 1.2666431904392925}
Starting ML Fit
Box70_1400
       message: Optimization terminated successfully.
       success: True
        status: 0
           fun: 2795.0688481721677
             x: [ 4.093e-01  1.083e+00  2.329e+00  1.238e+00]
           nit: 91
          nfev: 162
 final_simplex: (array([[ 4.093e-01,  1.083e+00,  2.329e+00,  1.238e+00],
                       [ 4.093e-01,  1.083e+00,  2.329e+00,  1.238e+00],
                       ...,
                       [ 4.093e-01,  1.083e+00,  2.329e+00,  1.238e+00],
                       [ 4.093e-01,  1.083e+00,  2.329e+00,  1.238e+00]]), array([ 2.795e+03,  2.795e+03,  2.795e+03,  2.795e+03,
                        2.795e+03]))
   param_names: ['d', 'e', 'f', 'g']
[0.4092576  1.08259376 2.32878118 1.23810905]
{'d': 0.4092576032001472, 'e': 1.0825937581366682, 'f': 2.3287811833057486, 'g': 1.2381090522988967}
Previous:  {'d': 0.42392594642802023, 'e': 1.0883657754047111, 'f': 2.325984622585545, 'g': 1.2666431904392925}
