Curr: Box62_1400, Prev: Box_n50_29_1400
alist [1.0, 0.953321, 0.866399, 0.787402, 0.715608, 0.65036, 0.620002, 0.591061, 0.563471, 0.537169, 0.512095, 0.488191, 0.403224, 0.366459]
python -u fit_individ_iter.py Box62_1400 1.000000 Box_n50_29_1400 1.000000
Submitted batch job 22057148
python -u fit_individ_iter.py Box62_1400 0.953321 Box62_1400 1.000000
Submitted batch job 22057306
python -u fit_individ_iter.py Box62_1400 0.866399 Box62_1400 0.953321
Submitted batch job 22057368
python -u fit_individ_iter.py Box62_1400 0.787402 Box62_1400 0.866399
Submitted batch job 22057470
python -u fit_individ_iter.py Box62_1400 0.715608 Box62_1400 0.787402
Submitted batch job 22057516
python -u fit_individ_iter.py Box62_1400 0.650360 Box62_1400 0.715608
Submitted batch job 22057643
python -u fit_individ_iter.py Box62_1400 0.620002 Box62_1400 0.650360
Submitted batch job 22057686
python -u fit_individ_iter.py Box62_1400 0.591061 Box62_1400 0.620002
Submitted batch job 22057798
python -u fit_individ_iter.py Box62_1400 0.563471 Box62_1400 0.591061
Submitted batch job 22057829
python -u fit_individ_iter.py Box62_1400 0.537169 Box62_1400 0.563471
Submitted batch job 22057941
python -u fit_individ_iter.py Box62_1400 0.512095 Box62_1400 0.537169
Submitted batch job 22058005
python -u fit_individ_iter.py Box62_1400 0.488191 Box62_1400 0.512095
Submitted batch job 22058099
python -u fit_individ_iter.py Box62_1400 0.403224 Box62_1400 0.488191
Submitted batch job 22058181
python -u fit_individ_iter.py Box62_1400 0.366459 Box62_1400 0.403224
Submitted batch job 22058248
