prev {'d': 0.40826909464329164, 'e': 0.9148023946100622, 'f': 2.3650872711375808, 'g': 1.263084073621449}
Starting ML Fit
Box_n50_8_1400
       message: Optimization terminated successfully.
       success: True
        status: 0
           fun: 4887.079941998597
             x: [ 3.975e-01  9.190e-01  2.364e+00  1.255e+00]
           nit: 94
          nfev: 162
 final_simplex: (array([[ 3.975e-01,  9.190e-01,  2.364e+00,  1.255e+00],
                       [ 3.975e-01,  9.191e-01,  2.364e+00,  1.255e+00],
                       ...,
                       [ 3.975e-01,  9.191e-01,  2.364e+00,  1.255e+00],
                       [ 3.975e-01,  9.190e-01,  2.364e+00,  1.255e+00]]), array([ 4.887e+03,  4.887e+03,  4.887e+03,  4.887e+03,
                        4.887e+03]))
   param_names: ['d', 'e', 'f', 'g']
[0.39745566 0.91901545 2.36396879 1.25513997]
{'d': 0.3974556582129961, 'e': 0.9190154525159278, 'f': 2.363968793532208, 'g': 1.255139971039752}
Previous:  {'d': 0.40826909464329164, 'e': 0.9148023946100622, 'f': 2.3650872711375808, 'g': 1.263084073621449}
