prev {'d': 0.4853019201758846, 'e': 0.9863841826341405, 'f': 2.3024162313354264, 'g': 1.2876852099195792}
Starting ML Fit
Box44_1400
       message: Optimization terminated successfully.
       success: True
        status: 0
           fun: 6872.0025597350805
             x: [ 4.718e-01  9.641e-01  2.302e+00  1.288e+00]
           nit: 119
          nfev: 206
 final_simplex: (array([[ 4.718e-01,  9.641e-01,  2.302e+00,  1.288e+00],
                       [ 4.718e-01,  9.640e-01,  2.302e+00,  1.288e+00],
                       ...,
                       [ 4.718e-01,  9.640e-01,  2.302e+00,  1.288e+00],
                       [ 4.718e-01,  9.641e-01,  2.302e+00,  1.288e+00]]), array([ 6.872e+03,  6.872e+03,  6.872e+03,  6.872e+03,
                        6.872e+03]))
   param_names: ['d', 'e', 'f', 'g']
[0.47184631 0.96405648 2.30236798 1.28817721]
{'d': 0.47184630660897836, 'e': 0.9640564812780523, 'f': 2.302367981366195, 'g': 1.288177207942225}
Previous:  {'d': 0.4853019201758846, 'e': 0.9863841826341405, 'f': 2.3024162313354264, 'g': 1.2876852099195792}
