prev {'d': 0.5739816328115128, 'e': 1.2208153888263373, 'f': 2.3241121246465797, 'g': 1.2759820594972604}
Starting ML Fit
Box50_1400
       message: Optimization terminated successfully.
       success: True
        status: 0
           fun: 18854.00499244747
             x: [ 5.682e-01  1.156e+00  2.321e+00  1.300e+00]
           nit: 88
          nfev: 159
 final_simplex: (array([[ 5.682e-01,  1.156e+00,  2.321e+00,  1.300e+00],
                       [ 5.682e-01,  1.156e+00,  2.321e+00,  1.300e+00],
                       ...,
                       [ 5.682e-01,  1.156e+00,  2.321e+00,  1.300e+00],
                       [ 5.682e-01,  1.156e+00,  2.321e+00,  1.300e+00]]), array([ 1.885e+04,  1.885e+04,  1.885e+04,  1.885e+04,
                        1.885e+04]))
   param_names: ['d', 'e', 'f', 'g']
[0.56822648 1.15587659 2.32108451 1.30017278]
{'d': 0.568226476182575, 'e': 1.1558765850833221, 'f': 2.3210845078678193, 'g': 1.3001727770753997}
Previous:  {'d': 0.5739816328115128, 'e': 1.2208153888263373, 'f': 2.3241121246465797, 'g': 1.2759820594972604}
