prev {'d': 0.43226999141199657, 'e': 0.8350873477415336, 'f': 2.3286457870874395, 'g': 1.3003638090584395}
Starting ML Fit
Box91_1400
       message: Optimization terminated successfully.
       success: True
        status: 0
           fun: 4249.547034528811
             x: [ 4.262e-01  8.263e-01  2.330e+00  1.296e+00]
           nit: 74
          nfev: 136
 final_simplex: (array([[ 4.262e-01,  8.263e-01,  2.330e+00,  1.296e+00],
                       [ 4.262e-01,  8.263e-01,  2.330e+00,  1.296e+00],
                       ...,
                       [ 4.262e-01,  8.263e-01,  2.330e+00,  1.296e+00],
                       [ 4.262e-01,  8.263e-01,  2.330e+00,  1.296e+00]]), array([ 4.250e+03,  4.250e+03,  4.250e+03,  4.250e+03,
                        4.250e+03]))
   param_names: ['d', 'e', 'f', 'g']
[0.42620045 0.82629439 2.32956594 1.29618939]
{'d': 0.42620045442273957, 'e': 0.8262943904392095, 'f': 2.3295659440265917, 'g': 1.2961893885591202}
Previous:  {'d': 0.43226999141199657, 'e': 0.8350873477415336, 'f': 2.3286457870874395, 'g': 1.3003638090584395}
