prev {'d': 0.5310927994079591, 'e': 1.0639645936625526, 'f': 2.3302775097343758, 'g': 1.321657432301248}
Starting ML Fit
Box_n50_34_1400
       message: Optimization terminated successfully.
       success: True
        status: 0
           fun: 8739.905830199014
             x: [ 5.203e-01  1.006e+00  2.328e+00  1.327e+00]
           nit: 112
          nfev: 194
 final_simplex: (array([[ 5.203e-01,  1.006e+00,  2.328e+00,  1.327e+00],
                       [ 5.203e-01,  1.006e+00,  2.328e+00,  1.327e+00],
                       ...,
                       [ 5.203e-01,  1.006e+00,  2.328e+00,  1.327e+00],
                       [ 5.203e-01,  1.006e+00,  2.328e+00,  1.327e+00]]), array([ 8.740e+03,  8.740e+03,  8.740e+03,  8.740e+03,
                        8.740e+03]))
   param_names: ['d', 'e', 'f', 'g']
[0.52027737 1.00562283 2.32802272 1.32675978]
{'d': 0.5202773720585687, 'e': 1.0056228302187935, 'f': 2.328022720859271, 'g': 1.3267597838612462}
Previous:  {'d': 0.5310927994079591, 'e': 1.0639645936625526, 'f': 2.3302775097343758, 'g': 1.321657432301248}
