prev {'d': 0.4370536294234596, 'e': 1.025554373877431, 'f': 2.330247130671663, 'g': 1.241221766947861}
Starting ML Fit
Box30_1400
       message: Optimization terminated successfully.
       success: True
        status: 0
           fun: 8183.735805891735
             x: [ 4.346e-01  1.005e+00  2.336e+00  1.210e+00]
           nit: 104
          nfev: 176
 final_simplex: (array([[ 4.346e-01,  1.005e+00,  2.336e+00,  1.210e+00],
                       [ 4.346e-01,  1.005e+00,  2.336e+00,  1.210e+00],
                       ...,
                       [ 4.346e-01,  1.005e+00,  2.336e+00,  1.210e+00],
                       [ 4.346e-01,  1.005e+00,  2.336e+00,  1.210e+00]]), array([ 8.184e+03,  8.184e+03,  8.184e+03,  8.184e+03,
                        8.184e+03]))
   param_names: ['d', 'e', 'f', 'g']
[0.43464157 1.00477327 2.33624681 1.20981963]
{'d': 0.4346415653559902, 'e': 1.0047732718146913, 'f': 2.3362468070568814, 'g': 1.2098196290873946}
Previous:  {'d': 0.4370536294234596, 'e': 1.025554373877431, 'f': 2.330247130671663, 'g': 1.241221766947861}
