prev {'d': 0.4201861659676849, 'e': 1.193700288852817, 'f': 2.3194771058466355, 'g': 1.2110368182918747}
Starting ML Fit
Box47_1400
       message: Optimization terminated successfully.
       success: True
        status: 0
           fun: 2177.259182562675
             x: [ 4.372e-01  1.192e+00  2.320e+00  1.221e+00]
           nit: 99
          nfev: 175
 final_simplex: (array([[ 4.372e-01,  1.192e+00,  2.320e+00,  1.221e+00],
                       [ 4.372e-01,  1.192e+00,  2.320e+00,  1.221e+00],
                       ...,
                       [ 4.372e-01,  1.192e+00,  2.320e+00,  1.221e+00],
                       [ 4.372e-01,  1.192e+00,  2.320e+00,  1.221e+00]]), array([ 2.177e+03,  2.177e+03,  2.177e+03,  2.177e+03,
                        2.177e+03]))
   param_names: ['d', 'e', 'f', 'g']
[0.4372008  1.19202582 2.31969407 1.22146647]
{'d': 0.43720080192301225, 'e': 1.1920258185543202, 'f': 2.319694067434483, 'g': 1.2214664688129657}
Previous:  {'d': 0.4201861659676849, 'e': 1.193700288852817, 'f': 2.3194771058466355, 'g': 1.2110368182918747}
