prev {'d': 0.3837193912575837, 'e': 0.7605927160852843, 'f': 2.393547909205915, 'g': 1.2837805644230948}
Starting ML Fit
Box7_1400
       message: Optimization terminated successfully.
       success: True
        status: 0
           fun: 1660.8995396879952
             x: [ 3.791e-01  7.574e-01  2.394e+00  1.283e+00]
           nit: 82
          nfev: 144
 final_simplex: (array([[ 3.791e-01,  7.574e-01,  2.394e+00,  1.283e+00],
                       [ 3.791e-01,  7.575e-01,  2.394e+00,  1.283e+00],
                       ...,
                       [ 3.791e-01,  7.574e-01,  2.394e+00,  1.283e+00],
                       [ 3.791e-01,  7.575e-01,  2.394e+00,  1.283e+00]]), array([ 1.661e+03,  1.661e+03,  1.661e+03,  1.661e+03,
                        1.661e+03]))
   param_names: ['d', 'e', 'f', 'g']
[0.37910253 0.75744102 2.39357868 1.2834312 ]
{'d': 0.3791025336256064, 'e': 0.7574410203492199, 'f': 2.393578682117192, 'g': 1.283431198086772}
Previous:  {'d': 0.3837193912575837, 'e': 0.7605927160852843, 'f': 2.393547909205915, 'g': 1.2837805644230948}
