no change     /oak/stanford/orgs/kipac/users/delon/miniconda3/condabin/conda
no change     /oak/stanford/orgs/kipac/users/delon/miniconda3/bin/conda
no change     /oak/stanford/orgs/kipac/users/delon/miniconda3/bin/conda-env
no change     /oak/stanford/orgs/kipac/users/delon/miniconda3/bin/activate
no change     /oak/stanford/orgs/kipac/users/delon/miniconda3/bin/deactivate
no change     /oak/stanford/orgs/kipac/users/delon/miniconda3/etc/profile.d/conda.sh
no change     /oak/stanford/orgs/kipac/users/delon/miniconda3/etc/fish/conf.d/conda.fish
no change     /oak/stanford/orgs/kipac/users/delon/miniconda3/shell/condabin/Conda.psm1
no change     /oak/stanford/orgs/kipac/users/delon/miniconda3/shell/condabin/conda-hook.ps1
no change     /oak/stanford/orgs/kipac/users/delon/miniconda3/lib/python3.10/site-packages/xontrib/conda.xsh
no change     /oak/stanford/orgs/kipac/users/delon/miniconda3/etc/profile.d/conda.csh
no change     /home/users/delon/.bashrc
No action taken.
['As', 'ns', 'H0', 'w0', 'ombh2', 'omch2', 'nu_mass_ev', 'sigma']
['As', 'ns', 'H0', 'w0', 'ombh2', 'omch2', 'nu_mass_ev', 'sigma']
Starting ML Fit
Box0_1400
       message: Optimization terminated successfully.
       success: True
        status: 0
           fun: 19231.17413442644
             x: [ 4.559e-01  5.464e-04  1.355e+00 -1.662e+00  2.059e+00
                 -4.863e-01  1.238e+00  1.499e-02]
           nit: 1295
          nfev: 1908
 final_simplex: (array([[ 4.559e-01,  5.464e-04, ...,  1.238e+00,
                         1.499e-02],
                       [ 4.559e-01,  5.467e-04, ...,  1.238e+00,
                         1.499e-02],
                       ...,
                       [ 4.559e-01,  5.468e-04, ...,  1.238e+00,
                         1.499e-02],
                       [ 4.559e-01,  5.465e-04, ...,  1.238e+00,
                         1.499e-02]]), array([ 1.923e+04,  1.923e+04,  1.923e+04,  1.923e+04,
                        1.923e+04,  1.923e+04,  1.923e+04,  1.923e+04,
                        1.923e+04]))
   param_names: ['d0', 'd1', 'e0', 'e1', 'f0', 'f1', 'g0', 'g1']
[ 4.55931672e-01  5.46396867e-04  1.35513972e+00 -1.66203765e+00
  2.05926169e+00 -4.86311444e-01  1.23826319e+00  1.49891274e-02]
