prev {'d': 0.5286788645336633, 'e': 1.0761900103754112, 'f': 2.3038544257109317, 'g': 1.296877632056306}
Starting ML Fit
Box29_1400
       message: Optimization terminated successfully.
       success: True
        status: 0
           fun: 10777.593744636237
             x: [ 5.375e-01  1.082e+00  2.292e+00  1.277e+00]
           nit: 93
          nfev: 164
 final_simplex: (array([[ 5.375e-01,  1.082e+00,  2.292e+00,  1.277e+00],
                       [ 5.375e-01,  1.082e+00,  2.292e+00,  1.277e+00],
                       ...,
                       [ 5.375e-01,  1.082e+00,  2.292e+00,  1.277e+00],
                       [ 5.375e-01,  1.082e+00,  2.292e+00,  1.277e+00]]), array([ 1.078e+04,  1.078e+04,  1.078e+04,  1.078e+04,
                        1.078e+04]))
   param_names: ['d', 'e', 'f', 'g']
[0.53749244 1.08211205 2.2923213  1.27719381]
{'d': 0.5374924404767478, 'e': 1.082112046185733, 'f': 2.2923213028356653, 'g': 1.2771938107132237}
Previous:  {'d': 0.5286788645336633, 'e': 1.0761900103754112, 'f': 2.3038544257109317, 'g': 1.296877632056306}
