[0.25, 0.302679, 0.366459, 0.403224, 0.488191, 0.512095, 0.537169, 0.563471, 0.591061, 0.620002, 0.65036, 0.715608, 0.787402, 0.866399, 0.953321, 1.0]
[3.0, 2.3038301302700224, 1.7288182306888356, 1.4800111104497748, 1.0483786059144884, 0.9527626709887815, 0.8616115226306804, 0.7747142266416549, 0.691872750866662, 0.6128980229096033, 0.5376099391106464, 0.3974131088528914, 0.26999931420037027, 0.15420262488760939, 0.04896461947234987, 0.0]
Starting ML Fit
Box5_1400
       message: Optimization terminated successfully.
       success: True
        status: 0
           fun: 3360.7547123620934
             x: [ 3.367e-02  4.789e-45  1.662e+00  1.346e+00]
           nit: 8159
          nfev: 13414
 final_simplex: (array([[ 3.367e-02,  4.789e-45,  1.662e+00,  1.346e+00],
                       [ 3.367e-02,  4.783e-45,  1.662e+00,  1.346e+00],
                       ...,
                       [ 3.366e-02,  4.696e-45,  1.662e+00,  1.346e+00],
                       [ 3.367e-02,  4.837e-45,  1.662e+00,  1.346e+00]]), array([ 3.361e+03,  3.361e+03,  3.361e+03,  3.361e+03,
                        3.361e+03]))
   param_names: ['d', 'e', 'f', 'g']
[3.36680340e-02 4.78853040e-45 1.66202423e+00 1.34631863e+00]
{'d': 0.033668034025461036, 'e': 4.788530400142436e-45, 'f': 1.6620242306520447, 'g': 1.3463186301617072}
Previous:  {'d': 0.11122008216129647, 'e': 1.3764483037168717e-08, 'f': 2.092645867893243, 'g': 1.4243036313773938}
