Leaving out Box82_1400
alist [1.0, 0.953321, 0.866399, 0.787402, 0.715608, 0.65036, 0.620002, 0.591061, 0.563471, 0.537169, 0.512095, 0.488191, 0.403224, 0.366459]
Iter 1/250 - Loss: 3.5069
Iter 2/250 - Loss: 2.9312
Iter 3/250 - Loss: 2.7450
Iter 4/250 - Loss: 2.6573
Iter 5/250 - Loss: 2.5840
Iter 6/250 - Loss: 2.5038
Iter 7/250 - Loss: 2.4136
Iter 8/250 - Loss: 2.3142
Iter 9/250 - Loss: 2.2089
Iter 10/250 - Loss: 2.0995
Iter 11/250 - Loss: 1.9876
Iter 12/250 - Loss: 1.8747
Iter 13/250 - Loss: 1.7612
Iter 14/250 - Loss: 1.6480
Iter 15/250 - Loss: 1.5357
Iter 16/250 - Loss: 1.4242
Iter 17/250 - Loss: 1.3134
Iter 18/250 - Loss: 1.2029
Iter 19/250 - Loss: 1.0929
Iter 20/250 - Loss: 0.9840
Iter 21/250 - Loss: 0.8786
Iter 22/250 - Loss: 0.7792
Iter 23/250 - Loss: 0.6874
Iter 24/250 - Loss: 0.6017
Iter 25/250 - Loss: 0.5182
Iter 26/250 - Loss: 0.4342
Iter 27/250 - Loss: 0.3501
Iter 28/250 - Loss: 0.2692
Iter 29/250 - Loss: 0.1946
Iter 30/250 - Loss: 0.1267
Iter 31/250 - Loss: 0.0626
Iter 32/250 - Loss: -0.0013
Iter 33/250 - Loss: -0.0658
Iter 34/250 - Loss: -0.1285
Iter 35/250 - Loss: -0.1866
Iter 36/250 - Loss: -0.2396
Iter 37/250 - Loss: -0.2911
Iter 38/250 - Loss: -0.3448
Iter 39/250 - Loss: -0.4002
Iter 40/250 - Loss: -0.4541
Iter 41/250 - Loss: -0.5060
Iter 42/250 - Loss: -0.5597
Iter 43/250 - Loss: -0.6176
Iter 44/250 - Loss: -0.6768
Iter 45/250 - Loss: -0.7333
Iter 46/250 - Loss: -0.7867
Iter 47/250 - Loss: -0.8395
Iter 48/250 - Loss: -0.8926
Iter 49/250 - Loss: -0.9440
Iter 50/250 - Loss: -0.9929
Iter 51/250 - Loss: -1.0418
Iter 52/250 - Loss: -1.0929
Iter 53/250 - Loss: -1.1449
Iter 54/250 - Loss: -1.1959
Iter 55/250 - Loss: -1.2467
Iter 56/250 - Loss: -1.2985
Iter 57/250 - Loss: -1.3498
Iter 58/250 - Loss: -1.3989
Iter 59/250 - Loss: -1.4468
Iter 60/250 - Loss: -1.4950
Iter 61/250 - Loss: -1.5422
Iter 62/250 - Loss: -1.5881
Iter 63/250 - Loss: -1.6345
Iter 64/250 - Loss: -1.6808
Iter 65/250 - Loss: -1.7253
Iter 66/250 - Loss: -1.7689
Iter 67/250 - Loss: -1.8118
Iter 68/250 - Loss: -1.8530
Iter 69/250 - Loss: -1.8939
Iter 70/250 - Loss: -1.9345
Iter 71/250 - Loss: -1.9735
Iter 72/250 - Loss: -2.0122
Iter 73/250 - Loss: -2.0494
Iter 74/250 - Loss: -2.0860
Iter 75/250 - Loss: -2.1217
Iter 76/250 - Loss: -2.1561
Iter 77/250 - Loss: -2.1900
Iter 78/250 - Loss: -2.2231
Iter 79/250 - Loss: -2.2554
Iter 80/250 - Loss: -2.2858
Iter 81/250 - Loss: -2.3150
Iter 82/250 - Loss: -2.3437
Iter 83/250 - Loss: -2.3703
Iter 84/250 - Loss: -2.3964
Iter 85/250 - Loss: -2.4219
Iter 86/250 - Loss: -2.4458
Iter 87/250 - Loss: -2.4691
Iter 88/250 - Loss: -2.4906
Iter 89/250 - Loss: -2.5113
Iter 90/250 - Loss: -2.5304
Iter 91/250 - Loss: -2.5484
Iter 92/250 - Loss: -2.5655
Iter 93/250 - Loss: -2.5812
Iter 94/250 - Loss: -2.5977
Iter 95/250 - Loss: -2.6148
Iter 96/250 - Loss: -2.6306
Iter 97/250 - Loss: -2.6444
Iter 98/250 - Loss: -2.6563
Iter 99/250 - Loss: -2.6654
Iter 100/250 - Loss: -2.6665
Iter 101/250 - Loss: -2.6636
Iter 102/250 - Loss: -2.6875
Iter 103/250 - Loss: -2.6926
Iter 104/250 - Loss: -2.6914
Iter 105/250 - Loss: -2.7207
Iter 106/250 - Loss: -2.7143
Iter 107/250 - Loss: -2.7403
Iter 108/250 - Loss: -2.7322
Iter 109/250 - Loss: -2.7535
Iter 110/250 - Loss: -2.7487
Iter 111/250 - Loss: -2.7637
Iter 112/250 - Loss: -2.7637
Iter 113/250 - Loss: -2.7749
Iter 114/250 - Loss: -2.7751
Iter 115/250 - Loss: -2.7852
Iter 116/250 - Loss: -2.7854
Iter 117/250 - Loss: -2.7937
Iter 118/250 - Loss: -2.7950
Iter 119/250 - Loss: -2.8014
Iter 120/250 - Loss: -2.8042
Iter 121/250 - Loss: -2.8073
Iter 122/250 - Loss: -2.8123
Iter 123/250 - Loss: -2.8136
Iter 124/250 - Loss: -2.8192
Iter 125/250 - Loss: -2.8198
Iter 126/250 - Loss: -2.8247
Iter 127/250 - Loss: -2.8261
Iter 128/250 - Loss: -2.8295
Iter 129/250 - Loss: -2.8318
Iter 130/250 - Loss: -2.8345
Iter 131/250 - Loss: -2.8367
Iter 132/250 - Loss: -2.8393
Iter 133/250 - Loss: -2.8411
Iter 134/250 - Loss: -2.8433
Iter 135/250 - Loss: -2.8458
Iter 136/250 - Loss: -2.8468
Iter 137/250 - Loss: -2.8496
Iter 138/250 - Loss: -2.8513
Iter 139/250 - Loss: -2.8527
Iter 140/250 - Loss: -2.8548
Iter 141/250 - Loss: -2.8563
Iter 142/250 - Loss: -2.8579
Iter 143/250 - Loss: -2.8588
Iter 144/250 - Loss: -2.8596
Iter 145/250 - Loss: -2.8593
Iter 146/250 - Loss: -2.8534
Iter 147/250 - Loss: -2.8365
Iter 148/250 - Loss: -2.8274
Iter 149/250 - Loss: -2.8493
Iter 150/250 - Loss: -2.8403
Iter 151/250 - Loss: -2.8420
Iter 152/250 - Loss: -2.8599
Iter 153/250 - Loss: -2.8529
Iter 154/250 - Loss: -2.8622
Iter 155/250 - Loss: -2.8613
Iter 156/250 - Loss: -2.8627
Iter 157/250 - Loss: -2.8666
Iter 158/250 - Loss: -2.8658
Iter 159/250 - Loss: -2.8664
Iter 160/250 - Loss: -2.8709
Iter 161/250 - Loss: -2.8682
Iter 162/250 - Loss: -2.8726
Iter 163/250 - Loss: -2.8727
Iter 164/250 - Loss: -2.8727
Iter 165/250 - Loss: -2.8748
Iter 166/250 - Loss: -2.8763
Iter 167/250 - Loss: -2.8747
Iter 168/250 - Loss: -2.8787
Iter 169/250 - Loss: -2.8780
Iter 170/250 - Loss: -2.8781
Iter 171/250 - Loss: -2.8806
Iter 172/250 - Loss: -2.8805
Iter 173/250 - Loss: -2.8813
Iter 174/250 - Loss: -2.8828
Iter 175/250 - Loss: -2.8830
Iter 176/250 - Loss: -2.8839
Iter 177/250 - Loss: -2.8848
Iter 178/250 - Loss: -2.8853
Iter 179/250 - Loss: -2.8861
Iter 180/250 - Loss: -2.8872
Iter 181/250 - Loss: -2.8872
Iter 182/250 - Loss: -2.8887
Iter 183/250 - Loss: -2.8887
Iter 184/250 - Loss: -2.8901
Iter 185/250 - Loss: -2.8905
Iter 186/250 - Loss: -2.8911
Iter 187/250 - Loss: -2.8918
Iter 188/250 - Loss: -2.8922
Iter 189/250 - Loss: -2.8932
Iter 190/250 - Loss: -2.8935
Iter 191/250 - Loss: -2.8944
Iter 192/250 - Loss: -2.8948
Iter 193/250 - Loss: -2.8956
Iter 194/250 - Loss: -2.8962
Iter 195/250 - Loss: -2.8969
Iter 196/250 - Loss: -2.8973
Iter 197/250 - Loss: -2.8978
Iter 198/250 - Loss: -2.8985
Iter 199/250 - Loss: -2.8989
Iter 200/250 - Loss: -2.8993
Iter 201/250 - Loss: -2.8999
Iter 202/250 - Loss: -2.8998
Iter 203/250 - Loss: -2.8997
Iter 204/250 - Loss: -2.8995
Iter 205/250 - Loss: -2.8994
Iter 206/250 - Loss: -2.8994
Iter 207/250 - Loss: -2.8963
Iter 208/250 - Loss: -2.8847
Iter 209/250 - Loss: -2.8645
Iter 210/250 - Loss: -2.8588
Iter 211/250 - Loss: -2.8955
Iter 212/250 - Loss: -2.8958
Iter 213/250 - Loss: -2.8838
Iter 214/250 - Loss: -2.9034
Iter 215/250 - Loss: -2.8891
Iter 216/250 - Loss: -2.9025
Iter 217/250 - Loss: -2.8931
Iter 218/250 - Loss: -2.9019
Iter 219/250 - Loss: -2.8957
Iter 220/250 - Loss: -2.9024
Iter 221/250 - Loss: -2.9012
Iter 222/250 - Loss: -2.8992
Iter 223/250 - Loss: -2.9037
Iter 224/250 - Loss: -2.8996
Iter 225/250 - Loss: -2.9041
Iter 226/250 - Loss: -2.9035
Iter 227/250 - Loss: -2.9027
Iter 228/250 - Loss: -2.9043
Iter 229/250 - Loss: -2.9021
Iter 230/250 - Loss: -2.9056
Iter 231/250 - Loss: -2.9052
Iter 232/250 - Loss: -2.9059
Iter 233/250 - Loss: -2.9068
Iter 234/250 - Loss: -2.9057
Iter 235/250 - Loss: -2.9073
Iter 236/250 - Loss: -2.9067
Iter 237/250 - Loss: -2.9097
Iter 238/250 - Loss: -2.9089
Iter 239/250 - Loss: -2.9096
Iter 240/250 - Loss: -2.9095
Iter 241/250 - Loss: -2.9110
Iter 242/250 - Loss: -2.9107
Iter 243/250 - Loss: -2.9114
Iter 244/250 - Loss: -2.9111
Iter 245/250 - Loss: -2.9122
Iter 246/250 - Loss: -2.9129
Iter 247/250 - Loss: -2.9135
Iter 248/250 - Loss: -2.9136
Iter 249/250 - Loss: -2.9130
Iter 250/250 - Loss: -2.9140
now training with smaller learning rate
Iter 1/250 - Loss: -2.9153
Iter 2/250 - Loss: -2.8989
Iter 3/250 - Loss: -2.9155
Iter 4/250 - Loss: -2.9126
Iter 5/250 - Loss: -2.9077
Iter 6/250 - Loss: -2.9110
Iter 7/250 - Loss: -2.9165
Iter 8/250 - Loss: -2.9184
Iter 9/250 - Loss: -2.9165
Iter 10/250 - Loss: -2.9148
Iter 11/250 - Loss: -2.9158
Iter 12/250 - Loss: -2.9182
Iter 13/250 - Loss: -2.9202
Iter 14/250 - Loss: -2.9204
Iter 15/250 - Loss: -2.9197
Iter 16/250 - Loss: -2.9194
Iter 17/250 - Loss: -2.9202
Iter 18/250 - Loss: -2.9216
Iter 19/250 - Loss: -2.9230
Iter 20/250 - Loss: -2.9230
Iter 21/250 - Loss: -2.9227
Iter 22/250 - Loss: -2.9227
Iter 23/250 - Loss: -2.9240
Iter 24/250 - Loss: -2.9250
Iter 25/250 - Loss: -2.9253
Iter 26/250 - Loss: -2.9253
Iter 27/250 - Loss: -2.9256
Iter 28/250 - Loss: -2.9267
Iter 29/250 - Loss: -2.9273
Iter 30/250 - Loss: -2.9273
Iter 31/250 - Loss: -2.9277
Iter 32/250 - Loss: -2.9281
Iter 33/250 - Loss: -2.9287
Iter 34/250 - Loss: -2.9289
Iter 35/250 - Loss: -2.9293
Iter 36/250 - Loss: -2.9298
Iter 37/250 - Loss: -2.9301
Iter 38/250 - Loss: -2.9304
Iter 39/250 - Loss: -2.9306
Iter 40/250 - Loss: -2.9312
Iter 41/250 - Loss: -2.9313
Iter 42/250 - Loss: -2.9317
Iter 43/250 - Loss: -2.9321
Iter 44/250 - Loss: -2.9323
Iter 45/250 - Loss: -2.9327
Iter 46/250 - Loss: -2.9329
Iter 47/250 - Loss: -2.9333
Iter 48/250 - Loss: -2.9336
Iter 49/250 - Loss: -2.9341
Iter 50/250 - Loss: -2.9342
Iter 51/250 - Loss: -2.9346
Iter 52/250 - Loss: -2.9349
Iter 53/250 - Loss: -2.9352
Iter 54/250 - Loss: -2.9355
Iter 55/250 - Loss: -2.9356
Iter 56/250 - Loss: -2.9359
Iter 57/250 - Loss: -2.9362
Iter 58/250 - Loss: -2.9364
Iter 59/250 - Loss: -2.9367
Iter 60/250 - Loss: -2.9370
Iter 61/250 - Loss: -2.9372
Iter 62/250 - Loss: -2.9375
Iter 63/250 - Loss: -2.9377
Iter 64/250 - Loss: -2.9380
Iter 65/250 - Loss: -2.9383
Iter 66/250 - Loss: -2.9385
Iter 67/250 - Loss: -2.9387
Iter 68/250 - Loss: -2.9389
Iter 69/250 - Loss: -2.9392
Iter 70/250 - Loss: -2.9394
Iter 71/250 - Loss: -2.9396
Iter 72/250 - Loss: -2.9399
Iter 73/250 - Loss: -2.9401
Iter 74/250 - Loss: -2.9403
Iter 75/250 - Loss: -2.9405
Iter 76/250 - Loss: -2.9408
Iter 77/250 - Loss: -2.9409
Iter 78/250 - Loss: -2.9411
Iter 79/250 - Loss: -2.9414
Iter 80/250 - Loss: -2.9416
Iter 81/250 - Loss: -2.9418
Iter 82/250 - Loss: -2.9420
Iter 83/250 - Loss: -2.9422
Iter 84/250 - Loss: -2.9425
Iter 85/250 - Loss: -2.9426
Iter 86/250 - Loss: -2.9427
Iter 87/250 - Loss: -2.9427
Iter 88/250 - Loss: -2.9421
Iter 89/250 - Loss: -2.9395
Iter 90/250 - Loss: -2.9377
Iter 91/250 - Loss: -2.9414
Iter 92/250 - Loss: -2.9425
Iter 93/250 - Loss: -2.9409
Iter 94/250 - Loss: -2.9434
Iter 95/250 - Loss: -2.9422
Iter 96/250 - Loss: -2.9435
Iter 97/250 - Loss: -2.9432
Iter 98/250 - Loss: -2.9438
Iter 99/250 - Loss: -2.9439
Iter 100/250 - Loss: -2.9442
Iter 101/250 - Loss: -2.9444
Iter 102/250 - Loss: -2.9445
Iter 103/250 - Loss: -2.9449
Iter 104/250 - Loss: -2.9449
Iter 105/250 - Loss: -2.9454
Iter 106/250 - Loss: -2.9452
Iter 107/250 - Loss: -2.9459
Iter 108/250 - Loss: -2.9456
Iter 109/250 - Loss: -2.9463
Iter 110/250 - Loss: -2.9460
Iter 111/250 - Loss: -2.9466
Iter 112/250 - Loss: -2.9466
Iter 113/250 - Loss: -2.9468
Iter 114/250 - Loss: -2.9471
Iter 115/250 - Loss: -2.9471
Iter 116/250 - Loss: -2.9474
Iter 117/250 - Loss: -2.9476
Iter 118/250 - Loss: -2.9477
Iter 119/250 - Loss: -2.9479
Iter 120/250 - Loss: -2.9481
Iter 121/250 - Loss: -2.9482
Iter 122/250 - Loss: -2.9483
Iter 123/250 - Loss: -2.9485
Iter 124/250 - Loss: -2.9488
Iter 125/250 - Loss: -2.9489
Iter 126/250 - Loss: -2.9489
Iter 127/250 - Loss: -2.9491
Iter 128/250 - Loss: -2.9493
Iter 129/250 - Loss: -2.9492
Iter 130/250 - Loss: -2.9493
Iter 131/250 - Loss: -2.9493
Iter 132/250 - Loss: -2.9489
Iter 133/250 - Loss: -2.9483
Iter 134/250 - Loss: -2.9479
Iter 135/250 - Loss: -2.9487
Iter 136/250 - Loss: -2.9500
Iter 137/250 - Loss: -2.9503
Iter 138/250 - Loss: -2.9500
Iter 139/250 - Loss: -2.9501
Iter 140/250 - Loss: -2.9506
Iter 141/250 - Loss: -2.9508
Iter 142/250 - Loss: -2.9508
Iter 143/250 - Loss: -2.9511
Iter 144/250 - Loss: -2.9514
Iter 145/250 - Loss: -2.9513
Iter 146/250 - Loss: -2.9513
Iter 147/250 - Loss: -2.9520
Iter 148/250 - Loss: -2.9521
Iter 149/250 - Loss: -2.9518
Iter 150/250 - Loss: -2.9519
Iter 151/250 - Loss: -2.9523
Iter 152/250 - Loss: -2.9526
Iter 153/250 - Loss: -2.9528
Iter 154/250 - Loss: -2.9530
Iter 155/250 - Loss: -2.9529
Iter 156/250 - Loss: -2.9526
Iter 157/250 - Loss: -2.9519
Iter 158/250 - Loss: -2.9506
Iter 159/250 - Loss: -2.9483
Iter 160/250 - Loss: -2.9453
Iter 161/250 - Loss: -2.9458
Iter 162/250 - Loss: -2.9517
Iter 163/250 - Loss: -2.9506
Iter 164/250 - Loss: -2.9509
Iter 165/250 - Loss: -2.9527
Iter 166/250 - Loss: -2.9514
Iter 167/250 - Loss: -2.9533
Iter 168/250 - Loss: -2.9521
Iter 169/250 - Loss: -2.9534
Iter 170/250 - Loss: -2.9529
Iter 171/250 - Loss: -2.9535
Iter 172/250 - Loss: -2.9536
Iter 173/250 - Loss: -2.9536
Iter 174/250 - Loss: -2.9541
Iter 175/250 - Loss: -2.9539
Iter 176/250 - Loss: -2.9545
Iter 177/250 - Loss: -2.9543
Iter 178/250 - Loss: -2.9549
Iter 179/250 - Loss: -2.9548
Iter 180/250 - Loss: -2.9553
Iter 181/250 - Loss: -2.9552
Iter 182/250 - Loss: -2.9555
Iter 183/250 - Loss: -2.9556
Iter 184/250 - Loss: -2.9557
Iter 185/250 - Loss: -2.9560
Iter 186/250 - Loss: -2.9559
Iter 187/250 - Loss: -2.9564
Iter 188/250 - Loss: -2.9562
Iter 189/250 - Loss: -2.9566
Iter 190/250 - Loss: -2.9567
Iter 191/250 - Loss: -2.9567
Iter 192/250 - Loss: -2.9570
Iter 193/250 - Loss: -2.9571
Iter 194/250 - Loss: -2.9572
Iter 195/250 - Loss: -2.9574
Iter 196/250 - Loss: -2.9576
Iter 197/250 - Loss: -2.9577
Iter 198/250 - Loss: -2.9578
Iter 199/250 - Loss: -2.9580
Iter 200/250 - Loss: -2.9582
Iter 201/250 - Loss: -2.9582
Iter 202/250 - Loss: -2.9583
Iter 203/250 - Loss: -2.9584
Iter 204/250 - Loss: -2.9586
Iter 205/250 - Loss: -2.9586
Iter 206/250 - Loss: -2.9587
Iter 207/250 - Loss: -2.9586
Iter 208/250 - Loss: -2.9577
Iter 209/250 - Loss: -2.9543
Iter 210/250 - Loss: -2.9441
Iter 211/250 - Loss: -2.9340
Iter 212/250 - Loss: -2.9525
Iter 213/250 - Loss: -2.9533
Iter 214/250 - Loss: -2.9519
Iter 215/250 - Loss: -2.9552
Iter 216/250 - Loss: -2.9553
Iter 217/250 - Loss: -2.9545
Iter 218/250 - Loss: -2.9573
Iter 219/250 - Loss: -2.9549
Iter 220/250 - Loss: -2.9569
Iter 221/250 - Loss: -2.9569
Iter 222/250 - Loss: -2.9562
Iter 223/250 - Loss: -2.9576
Iter 224/250 - Loss: -2.9572
Iter 225/250 - Loss: -2.9575
Iter 226/250 - Loss: -2.9581
Iter 227/250 - Loss: -2.9579
Iter 228/250 - Loss: -2.9585
Iter 229/250 - Loss: -2.9588
Iter 230/250 - Loss: -2.9588
Iter 231/250 - Loss: -2.9593
Iter 232/250 - Loss: -2.9594
Iter 233/250 - Loss: -2.9595
Iter 234/250 - Loss: -2.9600
Iter 235/250 - Loss: -2.9598
Iter 236/250 - Loss: -2.9602
Iter 237/250 - Loss: -2.9605
Iter 238/250 - Loss: -2.9602
Iter 239/250 - Loss: -2.9608
Iter 240/250 - Loss: -2.9607
Iter 241/250 - Loss: -2.9608
Iter 242/250 - Loss: -2.9611
Iter 243/250 - Loss: -2.9610
Iter 244/250 - Loss: -2.9615
Iter 245/250 - Loss: -2.9612
Iter 246/250 - Loss: -2.9616
Iter 247/250 - Loss: -2.9615
Iter 248/250 - Loss: -2.9617
Iter 249/250 - Loss: -2.9619
Iter 250/250 - Loss: -2.9619
