prev {'d': 0.5495528348811607, 'e': 1.2470786626103307, 'f': 2.3274784337204864, 'g': 1.2910160393246644}
Starting ML Fit
Box54_1400
       message: Optimization terminated successfully.
       success: True
        status: 0
           fun: 7178.0439518377525
             x: [ 5.054e-01  1.258e+00  2.326e+00  1.222e+00]
           nit: 119
          nfev: 208
 final_simplex: (array([[ 5.054e-01,  1.258e+00,  2.326e+00,  1.222e+00],
                       [ 5.054e-01,  1.258e+00,  2.326e+00,  1.222e+00],
                       ...,
                       [ 5.054e-01,  1.258e+00,  2.326e+00,  1.222e+00],
                       [ 5.054e-01,  1.258e+00,  2.326e+00,  1.222e+00]]), array([ 7.178e+03,  7.178e+03,  7.178e+03,  7.178e+03,
                        7.178e+03]))
   param_names: ['d', 'e', 'f', 'g']
[0.50541582 1.25790271 2.3262392  1.22180614]
{'d': 0.5054158202562937, 'e': 1.25790271265916, 'f': 2.3262391967427085, 'g': 1.2218061424062756}
Previous:  {'d': 0.5495528348811607, 'e': 1.2470786626103307, 'f': 2.3274784337204864, 'g': 1.2910160393246644}
