prev {'d': 0.5389326872798992, 'e': 1.1366641302507787, 'f': 2.3350150600905515, 'g': 1.2977954682930137}
Starting ML Fit
Box29_1400
       message: Optimization terminated successfully.
       success: True
        status: 0
           fun: 7945.892564755676
             x: [ 5.491e-01  1.145e+00  2.334e+00  1.283e+00]
           nit: 91
          nfev: 158
 final_simplex: (array([[ 5.491e-01,  1.145e+00,  2.334e+00,  1.283e+00],
                       [ 5.491e-01,  1.145e+00,  2.334e+00,  1.283e+00],
                       ...,
                       [ 5.491e-01,  1.145e+00,  2.334e+00,  1.283e+00],
                       [ 5.491e-01,  1.145e+00,  2.334e+00,  1.283e+00]]), array([ 7.946e+03,  7.946e+03,  7.946e+03,  7.946e+03,
                        7.946e+03]))
   param_names: ['d', 'e', 'f', 'g']
[0.54908702 1.14465966 2.33362298 1.28282791]
{'d': 0.5490870236105763, 'e': 1.1446596583198032, 'f': 2.333622980421119, 'g': 1.2828279145587629}
Previous:  {'d': 0.5389326872798992, 'e': 1.1366641302507787, 'f': 2.3350150600905515, 'g': 1.2977954682930137}
