prev {'d': 0.45245016046684494, 'e': 1.2131466384565572, 'f': 2.324354746058873, 'g': 1.249565954435591}
Starting ML Fit
Box95_1400
       message: Optimization terminated successfully.
       success: True
        status: 0
           fun: 3227.3042771497294
             x: [ 4.453e-01  1.201e+00  2.324e+00  1.249e+00]
           nit: 82
          nfev: 151
 final_simplex: (array([[ 4.453e-01,  1.201e+00,  2.324e+00,  1.249e+00],
                       [ 4.453e-01,  1.201e+00,  2.324e+00,  1.249e+00],
                       ...,
                       [ 4.453e-01,  1.201e+00,  2.324e+00,  1.249e+00],
                       [ 4.453e-01,  1.201e+00,  2.324e+00,  1.249e+00]]), array([ 3.227e+03,  3.227e+03,  3.227e+03,  3.227e+03,
                        3.227e+03]))
   param_names: ['d', 'e', 'f', 'g']
[0.44531644 1.2008938  2.32444941 1.24888186]
{'d': 0.4453164350465124, 'e': 1.2008937992783153, 'f': 2.3244494058467504, 'g': 1.2488818587188806}
Previous:  {'d': 0.45245016046684494, 'e': 1.2131466384565572, 'f': 2.324354746058873, 'g': 1.249565954435591}
