prev {'d': 0.5330561864098715, 'e': 1.2351463246550352, 'f': 2.321482497611299, 'g': 1.277002817888703}
Starting ML Fit
Box76_1400
       message: Optimization terminated successfully.
       success: True
        status: 0
           fun: 17969.6915089409
             x: [ 5.186e-01  1.250e+00  2.321e+00  1.279e+00]
           nit: 98
          nfev: 171
 final_simplex: (array([[ 5.186e-01,  1.250e+00,  2.321e+00,  1.279e+00],
                       [ 5.186e-01,  1.250e+00,  2.321e+00,  1.279e+00],
                       ...,
                       [ 5.186e-01,  1.250e+00,  2.321e+00,  1.279e+00],
                       [ 5.186e-01,  1.250e+00,  2.321e+00,  1.279e+00]]), array([ 1.797e+04,  1.797e+04,  1.797e+04,  1.797e+04,
                        1.797e+04]))
   param_names: ['d', 'e', 'f', 'g']
[0.51862613 1.25012048 2.32051226 1.27933844]
{'d': 0.5186261307066624, 'e': 1.2501204818646507, 'f': 2.320512262387303, 'g': 1.2793384404180461}
Previous:  {'d': 0.5330561864098715, 'e': 1.2351463246550352, 'f': 2.321482497611299, 'g': 1.277002817888703}
