prev {'d': 0.47702822854767246, 'e': 1.0370978796793224, 'f': 2.3353662576067364, 'g': 1.2993229801525892}
Starting ML Fit
Box_n50_24_1400
       message: Optimization terminated successfully.
       success: True
        status: 0
           fun: 3425.72282802925
             x: [ 4.678e-01  1.079e+00  2.328e+00  1.292e+00]
           nit: 88
          nfev: 157
 final_simplex: (array([[ 4.678e-01,  1.079e+00,  2.328e+00,  1.292e+00],
                       [ 4.678e-01,  1.079e+00,  2.328e+00,  1.292e+00],
                       ...,
                       [ 4.678e-01,  1.079e+00,  2.328e+00,  1.292e+00],
                       [ 4.678e-01,  1.079e+00,  2.328e+00,  1.292e+00]]), array([ 3.426e+03,  3.426e+03,  3.426e+03,  3.426e+03,
                        3.426e+03]))
   param_names: ['d', 'e', 'f', 'g']
[0.46780723 1.07935924 2.32808634 1.29223676]
{'d': 0.46780723405705066, 'e': 1.0793592376924952, 'f': 2.3280863422205695, 'g': 1.2922367588501276}
Previous:  {'d': 0.47702822854767246, 'e': 1.0370978796793224, 'f': 2.3353662576067364, 'g': 1.2993229801525892}
