prev {'d': 0.4417448587165498, 'e': 0.9601927189873241, 'f': 2.3427374921713997, 'g': 1.3006485741334617}
Starting ML Fit
Box38_1400
       message: Optimization terminated successfully.
       success: True
        status: 0
           fun: 14797.305710919147
             x: [ 4.283e-01  9.475e-01  2.346e+00  1.247e+00]
           nit: 87
          nfev: 154
 final_simplex: (array([[ 4.283e-01,  9.475e-01,  2.346e+00,  1.247e+00],
                       [ 4.283e-01,  9.475e-01,  2.346e+00,  1.247e+00],
                       ...,
                       [ 4.283e-01,  9.476e-01,  2.346e+00,  1.247e+00],
                       [ 4.283e-01,  9.476e-01,  2.346e+00,  1.247e+00]]), array([ 1.480e+04,  1.480e+04,  1.480e+04,  1.480e+04,
                        1.480e+04]))
   param_names: ['d', 'e', 'f', 'g']
[0.42825426 0.94752242 2.34617362 1.24718151]
{'d': 0.4282542561345548, 'e': 0.9475224157454705, 'f': 2.3461736150316854, 'g': 1.2471815092467655}
Previous:  {'d': 0.4417448587165498, 'e': 0.9601927189873241, 'f': 2.3427374921713997, 'g': 1.3006485741334617}
