no change     /oak/stanford/orgs/kipac/users/delon/miniconda3/condabin/conda
no change     /oak/stanford/orgs/kipac/users/delon/miniconda3/bin/conda
no change     /oak/stanford/orgs/kipac/users/delon/miniconda3/bin/conda-env
no change     /oak/stanford/orgs/kipac/users/delon/miniconda3/bin/activate
no change     /oak/stanford/orgs/kipac/users/delon/miniconda3/bin/deactivate
no change     /oak/stanford/orgs/kipac/users/delon/miniconda3/etc/profile.d/conda.sh
no change     /oak/stanford/orgs/kipac/users/delon/miniconda3/etc/fish/conf.d/conda.fish
no change     /oak/stanford/orgs/kipac/users/delon/miniconda3/shell/condabin/Conda.psm1
no change     /oak/stanford/orgs/kipac/users/delon/miniconda3/shell/condabin/conda-hook.ps1
no change     /oak/stanford/orgs/kipac/users/delon/miniconda3/lib/python3.10/site-packages/xontrib/conda.xsh
no change     /oak/stanford/orgs/kipac/users/delon/miniconda3/etc/profile.d/conda.csh
no change     /home/users/delon/.bashrc
No action taken.
Starting ML Fit
Box_n50_15_1400
       message: Optimization terminated successfully.
       success: True
        status: 0
           fun: 210385.63061283287
             x: [ 9.753e-01  1.792e+00 -4.859e-02  5.544e-01  9.664e-01
                 -9.434e-02]
           nit: 704
          nfev: 1103
 final_simplex: (array([[ 9.753e-01,  1.792e+00, ...,  9.664e-01,
                        -9.434e-02],
                       [ 9.753e-01,  1.792e+00, ...,  9.664e-01,
                        -9.435e-02],
                       ...,
                       [ 9.753e-01,  1.792e+00, ...,  9.664e-01,
                        -9.435e-02],
                       [ 9.753e-01,  1.792e+00, ...,  9.664e-01,
                        -9.435e-02]]), array([ 2.104e+05,  2.104e+05,  2.104e+05,  2.104e+05,
                        2.104e+05,  2.104e+05,  2.104e+05]))
   param_names: ['d0', 'd1', 'e1', 'f0', 'g0', 'g1']
[ 0.97530841  1.79210171 -0.04859483  0.55435166  0.96640666 -0.09434184]
(5000, 64, 6)
