Leaving out Box_n50_40_1400
alist [1.0, 0.953321, 0.866399, 0.787402, 0.715608, 0.65036, 0.620002, 0.591061, 0.563471, 0.537169, 0.512095, 0.488191, 0.403224, 0.366459]
Iter 1/250 - Loss: 2.6776
Iter 2/250 - Loss: 2.5668
Iter 3/250 - Loss: 2.3811
Iter 4/250 - Loss: 2.1978
Iter 5/250 - Loss: 2.0230
Iter 6/250 - Loss: 1.8554
Iter 7/250 - Loss: 1.7081
Iter 8/250 - Loss: 1.5783
Iter 9/250 - Loss: 1.4189
Iter 10/250 - Loss: 1.2502
Iter 11/250 - Loss: 1.1180
Iter 12/250 - Loss: 1.0643
Iter 13/250 - Loss: 1.0167
Iter 14/250 - Loss: 1.0031
Iter 15/250 - Loss: 0.9242
Iter 16/250 - Loss: 0.7974
Iter 17/250 - Loss: 0.7202
Iter 18/250 - Loss: 0.6703
Iter 19/250 - Loss: 0.6059
Iter 20/250 - Loss: 0.5691
Iter 21/250 - Loss: 0.5285
Iter 22/250 - Loss: 0.4760
Iter 23/250 - Loss: 0.4162
Iter 24/250 - Loss: 0.3518
Iter 25/250 - Loss: 0.2934
Iter 26/250 - Loss: 0.2392
Iter 27/250 - Loss: 0.1826
Iter 28/250 - Loss: 0.1241
Iter 29/250 - Loss: 0.0667
Iter 30/250 - Loss: 0.0113
Iter 31/250 - Loss: -0.0428
Iter 32/250 - Loss: -0.0966
Iter 33/250 - Loss: -0.1501
Iter 34/250 - Loss: -0.2034
Iter 35/250 - Loss: -0.2568
Iter 36/250 - Loss: -0.3103
Iter 37/250 - Loss: -0.3642
Iter 38/250 - Loss: -0.4185
Iter 39/250 - Loss: -0.4726
Iter 40/250 - Loss: -0.5262
Iter 41/250 - Loss: -0.5792
Iter 42/250 - Loss: -0.6318
Iter 43/250 - Loss: -0.6843
Iter 44/250 - Loss: -0.7371
Iter 45/250 - Loss: -0.7900
Iter 46/250 - Loss: -0.8428
Iter 47/250 - Loss: -0.8954
Iter 48/250 - Loss: -0.9475
Iter 49/250 - Loss: -0.9989
Iter 50/250 - Loss: -1.0501
Iter 51/250 - Loss: -1.1016
Iter 52/250 - Loss: -1.1533
Iter 53/250 - Loss: -1.2043
Iter 54/250 - Loss: -1.2544
Iter 55/250 - Loss: -1.3044
Iter 56/250 - Loss: -1.3547
Iter 57/250 - Loss: -1.4046
Iter 58/250 - Loss: -1.4539
Iter 59/250 - Loss: -1.5024
Iter 60/250 - Loss: -1.5509
Iter 61/250 - Loss: -1.5991
Iter 62/250 - Loss: -1.6462
Iter 63/250 - Loss: -1.6929
Iter 64/250 - Loss: -1.7390
Iter 65/250 - Loss: -1.7845
Iter 66/250 - Loss: -1.8286
Iter 67/250 - Loss: -1.8726
Iter 68/250 - Loss: -1.9152
Iter 69/250 - Loss: -1.9570
Iter 70/250 - Loss: -1.9981
Iter 71/250 - Loss: -2.0377
Iter 72/250 - Loss: -2.0763
Iter 73/250 - Loss: -2.1138
Iter 74/250 - Loss: -2.1503
Iter 75/250 - Loss: -2.1855
Iter 76/250 - Loss: -2.2195
Iter 77/250 - Loss: -2.2527
Iter 78/250 - Loss: -2.2843
Iter 79/250 - Loss: -2.3147
Iter 80/250 - Loss: -2.3436
Iter 81/250 - Loss: -2.3705
Iter 82/250 - Loss: -2.3942
Iter 83/250 - Loss: -2.4138
Iter 84/250 - Loss: -2.4242
Iter 85/250 - Loss: -2.4549
Iter 86/250 - Loss: -2.4575
Iter 87/250 - Loss: -2.4447
Iter 88/250 - Loss: -2.4917
Iter 89/250 - Loss: -2.5234
Iter 90/250 - Loss: -2.5578
Iter 91/250 - Loss: -2.5581
Iter 92/250 - Loss: -2.5800
Iter 93/250 - Loss: -2.5935
Iter 94/250 - Loss: -2.6125
Iter 95/250 - Loss: -2.6311
Iter 96/250 - Loss: -2.6365
Iter 97/250 - Loss: -2.6481
Iter 98/250 - Loss: -2.6756
Iter 99/250 - Loss: -2.6816
Iter 100/250 - Loss: -2.6849
Iter 101/250 - Loss: -2.6987
Iter 102/250 - Loss: -2.7147
Iter 103/250 - Loss: -2.7154
Iter 104/250 - Loss: -2.7317
Iter 105/250 - Loss: -2.7407
Iter 106/250 - Loss: -2.7428
Iter 107/250 - Loss: -2.7514
Iter 108/250 - Loss: -2.7619
Iter 109/250 - Loss: -2.7662
Iter 110/250 - Loss: -2.7734
Iter 111/250 - Loss: -2.7809
Iter 112/250 - Loss: -2.7845
Iter 113/250 - Loss: -2.7910
Iter 114/250 - Loss: -2.7974
Iter 115/250 - Loss: -2.7991
Iter 116/250 - Loss: -2.8070
Iter 117/250 - Loss: -2.8120
Iter 118/250 - Loss: -2.8143
Iter 119/250 - Loss: -2.8189
Iter 120/250 - Loss: -2.8221
Iter 121/250 - Loss: -2.8260
Iter 122/250 - Loss: -2.8297
Iter 123/250 - Loss: -2.8317
Iter 124/250 - Loss: -2.8356
Iter 125/250 - Loss: -2.8385
Iter 126/250 - Loss: -2.8391
Iter 127/250 - Loss: -2.8432
Iter 128/250 - Loss: -2.8457
Iter 129/250 - Loss: -2.8484
Iter 130/250 - Loss: -2.8505
Iter 131/250 - Loss: -2.8531
Iter 132/250 - Loss: -2.8552
Iter 133/250 - Loss: -2.8564
Iter 134/250 - Loss: -2.8592
Iter 135/250 - Loss: -2.8605
Iter 136/250 - Loss: -2.8627
Iter 137/250 - Loss: -2.8640
Iter 138/250 - Loss: -2.8653
Iter 139/250 - Loss: -2.8643
Iter 140/250 - Loss: -2.8649
Iter 141/250 - Loss: -2.8670
Iter 142/250 - Loss: -2.8701
Iter 143/250 - Loss: -2.8696
Iter 144/250 - Loss: -2.8719
Iter 145/250 - Loss: -2.8754
Iter 146/250 - Loss: -2.8730
Iter 147/250 - Loss: -2.8757
Iter 148/250 - Loss: -2.8787
Iter 149/250 - Loss: -2.8755
Iter 150/250 - Loss: -2.8795
Iter 151/250 - Loss: -2.8791
Iter 152/250 - Loss: -2.8813
Iter 153/250 - Loss: -2.8818
Iter 154/250 - Loss: -2.8745
Iter 155/250 - Loss: -2.8404
Iter 156/250 - Loss: -2.8118
Iter 157/250 - Loss: -2.7834
Iter 158/250 - Loss: -2.8534
Iter 159/250 - Loss: -2.8477
Iter 160/250 - Loss: -2.8209
Iter 161/250 - Loss: -2.8346
Iter 162/250 - Loss: -2.8343
Iter 163/250 - Loss: -2.8372
Iter 164/250 - Loss: -2.8539
Iter 165/250 - Loss: -2.8584
Iter 166/250 - Loss: -2.8701
Iter 167/250 - Loss: -2.8458
Iter 168/250 - Loss: -2.8400
Iter 169/250 - Loss: -2.8573
Iter 170/250 - Loss: -2.8707
Iter 171/250 - Loss: -2.8669
Iter 172/250 - Loss: -2.8758
Iter 173/250 - Loss: -2.8691
Iter 174/250 - Loss: -2.8728
Iter 175/250 - Loss: -2.8782
Iter 176/250 - Loss: -2.8810
Iter 177/250 - Loss: -2.8824
Iter 178/250 - Loss: -2.8859
Iter 179/250 - Loss: -2.8890
Iter 180/250 - Loss: -2.8870
Iter 181/250 - Loss: -2.8844
Iter 182/250 - Loss: -2.8888
Iter 183/250 - Loss: -2.8954
Iter 184/250 - Loss: -2.8925
Iter 185/250 - Loss: -2.8932
Iter 186/250 - Loss: -2.8952
Iter 187/250 - Loss: -2.8964
Iter 188/250 - Loss: -2.8943
Iter 189/250 - Loss: -2.8962
Iter 190/250 - Loss: -2.8990
Iter 191/250 - Loss: -2.8983
Iter 192/250 - Loss: -2.9012
Iter 193/250 - Loss: -2.9000
Iter 194/250 - Loss: -2.9006
Iter 195/250 - Loss: -2.9035
Iter 196/250 - Loss: -2.9024
Iter 197/250 - Loss: -2.9048
Iter 198/250 - Loss: -2.9048
Iter 199/250 - Loss: -2.9049
Iter 200/250 - Loss: -2.9067
Iter 201/250 - Loss: -2.9057
Iter 202/250 - Loss: -2.9075
Iter 203/250 - Loss: -2.9074
Iter 204/250 - Loss: -2.9080
Iter 205/250 - Loss: -2.9088
Iter 206/250 - Loss: -2.9086
Iter 207/250 - Loss: -2.9091
Iter 208/250 - Loss: -2.9096
Iter 209/250 - Loss: -2.9108
Iter 210/250 - Loss: -2.9105
Iter 211/250 - Loss: -2.9112
Iter 212/250 - Loss: -2.9114
Iter 213/250 - Loss: -2.9089
Iter 214/250 - Loss: -2.8957
Iter 215/250 - Loss: -2.8439
Iter 216/250 - Loss: -2.7955
Iter 217/250 - Loss: -2.8920
Iter 218/250 - Loss: -2.8696
Iter 219/250 - Loss: -2.8695
Iter 220/250 - Loss: -2.8899
Iter 221/250 - Loss: -2.8812
Iter 222/250 - Loss: -2.8831
Iter 223/250 - Loss: -2.8680
Iter 224/250 - Loss: -2.8690
Iter 225/250 - Loss: -2.8603
Iter 226/250 - Loss: -2.8578
Iter 227/250 - Loss: -2.8618
Iter 228/250 - Loss: -2.8645
Iter 229/250 - Loss: -2.8799
Iter 230/250 - Loss: -2.8751
Iter 231/250 - Loss: -2.8906
Iter 232/250 - Loss: -2.8844
Iter 233/250 - Loss: -2.8941
Iter 234/250 - Loss: -2.8873
Iter 235/250 - Loss: -2.8957
Iter 236/250 - Loss: -2.8977
Iter 237/250 - Loss: -2.9018
Iter 238/250 - Loss: -2.9025
Iter 239/250 - Loss: -2.9007
Iter 240/250 - Loss: -2.9037
Iter 241/250 - Loss: -2.9073
Iter 242/250 - Loss: -2.9066
Iter 243/250 - Loss: -2.9067
Iter 244/250 - Loss: -2.9099
Iter 245/250 - Loss: -2.9085
Iter 246/250 - Loss: -2.9103
Iter 247/250 - Loss: -2.9116
Iter 248/250 - Loss: -2.9112
Iter 249/250 - Loss: -2.9127
Iter 250/250 - Loss: -2.9135
now training with smaller learning rate
Iter 1/250 - Loss: -2.9128
Iter 2/250 - Loss: -2.9045
Iter 3/250 - Loss: -2.9143
Iter 4/250 - Loss: -2.9160
Iter 5/250 - Loss: -2.9131
Iter 6/250 - Loss: -2.9140
Iter 7/250 - Loss: -2.9172
Iter 8/250 - Loss: -2.9188
Iter 9/250 - Loss: -2.9180
Iter 10/250 - Loss: -2.9175
Iter 11/250 - Loss: -2.9181
Iter 12/250 - Loss: -2.9197
Iter 13/250 - Loss: -2.9210
Iter 14/250 - Loss: -2.9215
Iter 15/250 - Loss: -2.9214
Iter 16/250 - Loss: -2.9214
Iter 17/250 - Loss: -2.9217
Iter 18/250 - Loss: -2.9230
Iter 19/250 - Loss: -2.9238
Iter 20/250 - Loss: -2.9241
Iter 21/250 - Loss: -2.9243
Iter 22/250 - Loss: -2.9245
Iter 23/250 - Loss: -2.9253
Iter 24/250 - Loss: -2.9261
Iter 25/250 - Loss: -2.9267
Iter 26/250 - Loss: -2.9272
Iter 27/250 - Loss: -2.9274
Iter 28/250 - Loss: -2.9279
Iter 29/250 - Loss: -2.9285
Iter 30/250 - Loss: -2.9289
Iter 31/250 - Loss: -2.9294
Iter 32/250 - Loss: -2.9296
Iter 33/250 - Loss: -2.9300
Iter 34/250 - Loss: -2.9304
Iter 35/250 - Loss: -2.9310
Iter 36/250 - Loss: -2.9314
Iter 37/250 - Loss: -2.9315
Iter 38/250 - Loss: -2.9319
Iter 39/250 - Loss: -2.9324
Iter 40/250 - Loss: -2.9327
Iter 41/250 - Loss: -2.9332
Iter 42/250 - Loss: -2.9335
Iter 43/250 - Loss: -2.9337
Iter 44/250 - Loss: -2.9341
Iter 45/250 - Loss: -2.9346
Iter 46/250 - Loss: -2.9349
Iter 47/250 - Loss: -2.9353
Iter 48/250 - Loss: -2.9356
Iter 49/250 - Loss: -2.9360
Iter 50/250 - Loss: -2.9362
Iter 51/250 - Loss: -2.9365
Iter 52/250 - Loss: -2.9369
Iter 53/250 - Loss: -2.9372
Iter 54/250 - Loss: -2.9375
Iter 55/250 - Loss: -2.9377
Iter 56/250 - Loss: -2.9381
Iter 57/250 - Loss: -2.9383
Iter 58/250 - Loss: -2.9387
Iter 59/250 - Loss: -2.9390
Iter 60/250 - Loss: -2.9393
Iter 61/250 - Loss: -2.9396
Iter 62/250 - Loss: -2.9398
Iter 63/250 - Loss: -2.9400
Iter 64/250 - Loss: -2.9404
Iter 65/250 - Loss: -2.9407
Iter 66/250 - Loss: -2.9409
Iter 67/250 - Loss: -2.9412
Iter 68/250 - Loss: -2.9415
Iter 69/250 - Loss: -2.9417
Iter 70/250 - Loss: -2.9419
Iter 71/250 - Loss: -2.9422
Iter 72/250 - Loss: -2.9423
Iter 73/250 - Loss: -2.9425
Iter 74/250 - Loss: -2.9421
Iter 75/250 - Loss: -2.9411
Iter 76/250 - Loss: -2.9415
Iter 77/250 - Loss: -2.9434
Iter 78/250 - Loss: -2.9430
Iter 79/250 - Loss: -2.9429
Iter 80/250 - Loss: -2.9439
Iter 81/250 - Loss: -2.9438
Iter 82/250 - Loss: -2.9441
Iter 83/250 - Loss: -2.9447
Iter 84/250 - Loss: -2.9447
Iter 85/250 - Loss: -2.9450
Iter 86/250 - Loss: -2.9454
Iter 87/250 - Loss: -2.9452
Iter 88/250 - Loss: -2.9460
Iter 89/250 - Loss: -2.9459
Iter 90/250 - Loss: -2.9462
Iter 91/250 - Loss: -2.9466
Iter 92/250 - Loss: -2.9464
Iter 93/250 - Loss: -2.9470
Iter 94/250 - Loss: -2.9470
Iter 95/250 - Loss: -2.9471
Iter 96/250 - Loss: -2.9475
Iter 97/250 - Loss: -2.9475
Iter 98/250 - Loss: -2.9479
Iter 99/250 - Loss: -2.9482
Iter 100/250 - Loss: -2.9484
Iter 101/250 - Loss: -2.9487
Iter 102/250 - Loss: -2.9487
Iter 103/250 - Loss: -2.9487
Iter 104/250 - Loss: -2.9489
Iter 105/250 - Loss: -2.9492
Iter 106/250 - Loss: -2.9494
Iter 107/250 - Loss: -2.9497
Iter 108/250 - Loss: -2.9501
Iter 109/250 - Loss: -2.9503
Iter 110/250 - Loss: -2.9502
Iter 111/250 - Loss: -2.9502
Iter 112/250 - Loss: -2.9500
Iter 113/250 - Loss: -2.9492
Iter 114/250 - Loss: -2.9478
Iter 115/250 - Loss: -2.9485
Iter 116/250 - Loss: -2.9510
Iter 117/250 - Loss: -2.9508
Iter 118/250 - Loss: -2.9506
Iter 119/250 - Loss: -2.9512
Iter 120/250 - Loss: -2.9517
Iter 121/250 - Loss: -2.9516
Iter 122/250 - Loss: -2.9519
Iter 123/250 - Loss: -2.9523
Iter 124/250 - Loss: -2.9522
Iter 125/250 - Loss: -2.9528
Iter 126/250 - Loss: -2.9525
Iter 127/250 - Loss: -2.9532
Iter 128/250 - Loss: -2.9530
Iter 129/250 - Loss: -2.9534
Iter 130/250 - Loss: -2.9537
Iter 131/250 - Loss: -2.9536
Iter 132/250 - Loss: -2.9541
Iter 133/250 - Loss: -2.9542
Iter 134/250 - Loss: -2.9543
Iter 135/250 - Loss: -2.9545
Iter 136/250 - Loss: -2.9547
Iter 137/250 - Loss: -2.9550
Iter 138/250 - Loss: -2.9550
Iter 139/250 - Loss: -2.9550
Iter 140/250 - Loss: -2.9554
Iter 141/250 - Loss: -2.9556
Iter 142/250 - Loss: -2.9556
Iter 143/250 - Loss: -2.9554
Iter 144/250 - Loss: -2.9547
Iter 145/250 - Loss: -2.9524
Iter 146/250 - Loss: -2.9482
Iter 147/250 - Loss: -2.9510
Iter 148/250 - Loss: -2.9557
Iter 149/250 - Loss: -2.9525
Iter 150/250 - Loss: -2.9562
Iter 151/250 - Loss: -2.9540
Iter 152/250 - Loss: -2.9565
Iter 153/250 - Loss: -2.9549
Iter 154/250 - Loss: -2.9567
Iter 155/250 - Loss: -2.9556
Iter 156/250 - Loss: -2.9569
Iter 157/250 - Loss: -2.9562
Iter 158/250 - Loss: -2.9570
Iter 159/250 - Loss: -2.9568
Iter 160/250 - Loss: -2.9572
Iter 161/250 - Loss: -2.9574
Iter 162/250 - Loss: -2.9575
Iter 163/250 - Loss: -2.9580
Iter 164/250 - Loss: -2.9578
Iter 165/250 - Loss: -2.9585
Iter 166/250 - Loss: -2.9582
Iter 167/250 - Loss: -2.9589
Iter 168/250 - Loss: -2.9586
Iter 169/250 - Loss: -2.9592
Iter 170/250 - Loss: -2.9591
Iter 171/250 - Loss: -2.9595
Iter 172/250 - Loss: -2.9594
Iter 173/250 - Loss: -2.9599
Iter 174/250 - Loss: -2.9597
Iter 175/250 - Loss: -2.9601
Iter 176/250 - Loss: -2.9602
Iter 177/250 - Loss: -2.9603
Iter 178/250 - Loss: -2.9605
Iter 179/250 - Loss: -2.9605
Iter 180/250 - Loss: -2.9607
Iter 181/250 - Loss: -2.9609
Iter 182/250 - Loss: -2.9609
Iter 183/250 - Loss: -2.9608
Iter 184/250 - Loss: -2.9605
Iter 185/250 - Loss: -2.9596
Iter 186/250 - Loss: -2.9583
Iter 187/250 - Loss: -2.9584
Iter 188/250 - Loss: -2.9608
Iter 189/250 - Loss: -2.9617
Iter 190/250 - Loss: -2.9606
Iter 191/250 - Loss: -2.9613
Iter 192/250 - Loss: -2.9620
Iter 193/250 - Loss: -2.9617
Iter 194/250 - Loss: -2.9620
Iter 195/250 - Loss: -2.9622
Iter 196/250 - Loss: -2.9623
Iter 197/250 - Loss: -2.9624
Iter 198/250 - Loss: -2.9626
Iter 199/250 - Loss: -2.9629
Iter 200/250 - Loss: -2.9628
Iter 201/250 - Loss: -2.9631
Iter 202/250 - Loss: -2.9634
Iter 203/250 - Loss: -2.9633
Iter 204/250 - Loss: -2.9634
Iter 205/250 - Loss: -2.9638
Iter 206/250 - Loss: -2.9640
Iter 207/250 - Loss: -2.9639
Iter 208/250 - Loss: -2.9640
Iter 209/250 - Loss: -2.9641
Iter 210/250 - Loss: -2.9639
Iter 211/250 - Loss: -2.9627
Iter 212/250 - Loss: -2.9599
Iter 213/250 - Loss: -2.9547
Iter 214/250 - Loss: -2.9536
Iter 215/250 - Loss: -2.9616
Iter 216/250 - Loss: -2.9622
Iter 217/250 - Loss: -2.9608
Iter 218/250 - Loss: -2.9634
Iter 219/250 - Loss: -2.9621
Iter 220/250 - Loss: -2.9637
Iter 221/250 - Loss: -2.9631
Iter 222/250 - Loss: -2.9637
Iter 223/250 - Loss: -2.9636
Iter 224/250 - Loss: -2.9641
Iter 225/250 - Loss: -2.9638
Iter 226/250 - Loss: -2.9647
Iter 227/250 - Loss: -2.9642
Iter 228/250 - Loss: -2.9650
Iter 229/250 - Loss: -2.9647
Iter 230/250 - Loss: -2.9652
Iter 231/250 - Loss: -2.9653
Iter 232/250 - Loss: -2.9656
Iter 233/250 - Loss: -2.9657
Iter 234/250 - Loss: -2.9657
Iter 235/250 - Loss: -2.9662
Iter 236/250 - Loss: -2.9660
Iter 237/250 - Loss: -2.9665
Iter 238/250 - Loss: -2.9663
Iter 239/250 - Loss: -2.9667
Iter 240/250 - Loss: -2.9667
Iter 241/250 - Loss: -2.9668
Iter 242/250 - Loss: -2.9670
Iter 243/250 - Loss: -2.9670
Iter 244/250 - Loss: -2.9674
Iter 245/250 - Loss: -2.9672
Iter 246/250 - Loss: -2.9675
Iter 247/250 - Loss: -2.9676
Iter 248/250 - Loss: -2.9676
Iter 249/250 - Loss: -2.9679
Iter 250/250 - Loss: -2.9679
