prev {'d': 0.47828516165320467, 'e': 1.559577683190813, 'f': 2.2892297859624917, 'g': 1.2329343998298128}
Starting ML Fit
Box_n50_20_1400
       message: Optimization terminated successfully.
       success: True
        status: 0
           fun: 5706.548685766854
             x: [ 4.726e-01  1.571e+00  2.287e+00  1.228e+00]
           nit: 103
          nfev: 173
 final_simplex: (array([[ 4.726e-01,  1.571e+00,  2.287e+00,  1.228e+00],
                       [ 4.726e-01,  1.571e+00,  2.287e+00,  1.228e+00],
                       ...,
                       [ 4.726e-01,  1.571e+00,  2.287e+00,  1.228e+00],
                       [ 4.726e-01,  1.571e+00,  2.287e+00,  1.228e+00]]), array([ 5.707e+03,  5.707e+03,  5.707e+03,  5.707e+03,
                        5.707e+03]))
   param_names: ['d', 'e', 'f', 'g']
[0.47256054 1.57061411 2.28705394 1.22839125]
{'d': 0.47256054466075137, 'e': 1.5706141141867582, 'f': 2.2870539439104123, 'g': 1.2283912518645335}
Previous:  {'d': 0.47828516165320467, 'e': 1.559577683190813, 'f': 2.2892297859624917, 'g': 1.2329343998298128}
