Leaving out Box_n50_16_1400
alist [1.0, 0.953321, 0.866399, 0.787402, 0.715608, 0.65036, 0.620002, 0.591061, 0.563471, 0.537169, 0.512095, 0.488191, 0.403224, 0.366459]
(2030, 10)
(2030, 4)
scaling input
(2030, 10)
scaling output
(2030, 4)
Iter 1/300 - Loss: 2.9800
Iter 2/300 - Loss: 2.6097
Iter 3/300 - Loss: 2.2735
Iter 4/300 - Loss: 1.9746
Iter 5/300 - Loss: 1.7125
Iter 6/300 - Loss: 1.4866
Iter 7/300 - Loss: 1.2995
Iter 8/300 - Loss: 1.1570
Iter 9/300 - Loss: 1.0653
Iter 10/300 - Loss: 1.0229
Iter 11/300 - Loss: 1.0122
Iter 12/300 - Loss: 1.0046
Iter 13/300 - Loss: 0.9824
Iter 14/300 - Loss: 0.9453
Iter 15/300 - Loss: 0.9009
Iter 16/300 - Loss: 0.8543
Iter 17/300 - Loss: 0.8057
Iter 18/300 - Loss: 0.7531
Iter 19/300 - Loss: 0.6957
Iter 20/300 - Loss: 0.6356
Iter 21/300 - Loss: 0.5768
Iter 22/300 - Loss: 0.5234
Iter 23/300 - Loss: 0.4771
Iter 24/300 - Loss: 0.4371
Iter 25/300 - Loss: 0.4005
Iter 26/300 - Loss: 0.3649
Iter 27/300 - Loss: 0.3282
Iter 28/300 - Loss: 0.2891
Iter 29/300 - Loss: 0.2470
Iter 30/300 - Loss: 0.2019
Iter 31/300 - Loss: 0.1543
Iter 32/300 - Loss: 0.1052
Iter 33/300 - Loss: 0.0558
Iter 34/300 - Loss: 0.0074
Iter 35/300 - Loss: -0.0386
Iter 36/300 - Loss: -0.0813
Iter 37/300 - Loss: -0.1203
Iter 38/300 - Loss: -0.1563
Iter 39/300 - Loss: -0.1906
Iter 40/300 - Loss: -0.2247
Iter 41/300 - Loss: -0.2590
Iter 42/300 - Loss: -0.2930
Iter 43/300 - Loss: -0.3261
Iter 44/300 - Loss: -0.3575
Iter 45/300 - Loss: -0.3868
Iter 46/300 - Loss: -0.4138
Iter 47/300 - Loss: -0.4383
Iter 48/300 - Loss: -0.4604
Iter 49/300 - Loss: -0.4804
Iter 50/300 - Loss: -0.4987
Iter 51/300 - Loss: -0.5157
Iter 52/300 - Loss: -0.5318
Iter 53/300 - Loss: -0.5470
Iter 54/300 - Loss: -0.5615
Iter 55/300 - Loss: -0.5753
Iter 56/300 - Loss: -0.5885
Iter 57/300 - Loss: -0.6011
Iter 58/300 - Loss: -0.6131
Iter 59/300 - Loss: -0.6247
Iter 60/300 - Loss: -0.6360
Iter 61/300 - Loss: -0.6468
Iter 62/300 - Loss: -0.6574
Iter 63/300 - Loss: -0.6675
Iter 64/300 - Loss: -0.6771
Iter 65/300 - Loss: -0.6860
Iter 66/300 - Loss: -0.6940
Iter 67/300 - Loss: -0.7010
Iter 68/300 - Loss: -0.7070
Iter 69/300 - Loss: -0.7121
Iter 70/300 - Loss: -0.7164
Iter 71/300 - Loss: -0.7201
Iter 72/300 - Loss: -0.7233
Iter 73/300 - Loss: -0.7262
Iter 74/300 - Loss: -0.7290
Iter 75/300 - Loss: -0.7316
Iter 76/300 - Loss: -0.7335
Iter 77/300 - Loss: -0.7331
Iter 78/300 - Loss: -0.7375
Iter 79/300 - Loss: -0.7403
Iter 80/300 - Loss: -0.7414
Iter 81/300 - Loss: -0.7438
Iter 82/300 - Loss: -0.7484
Iter 83/300 - Loss: -0.7480
Iter 84/300 - Loss: -0.7512
Iter 85/300 - Loss: -0.7519
Iter 86/300 - Loss: -0.7531
Iter 87/300 - Loss: -0.7548
Iter 88/300 - Loss: -0.7551
Iter 89/300 - Loss: -0.7569
Iter 90/300 - Loss: -0.7573
Iter 91/300 - Loss: -0.7586
Iter 92/300 - Loss: -0.7596
Iter 93/300 - Loss: -0.7600
Iter 94/300 - Loss: -0.7615
Iter 95/300 - Loss: -0.7615
Iter 96/300 - Loss: -0.7628
Iter 97/300 - Loss: -0.7631
Iter 98/300 - Loss: -0.7637
Iter 99/300 - Loss: -0.7643
Iter 100/300 - Loss: -0.7646
Iter 101/300 - Loss: -0.7651
Iter 102/300 - Loss: -0.7656
Iter 103/300 - Loss: -0.7658
Iter 104/300 - Loss: -0.7665
Iter 105/300 - Loss: -0.7667
Iter 106/300 - Loss: -0.7673
Iter 107/300 - Loss: -0.7676
Iter 108/300 - Loss: -0.7680
Iter 109/300 - Loss: -0.7684
Iter 110/300 - Loss: -0.7687
Iter 111/300 - Loss: -0.7690
Iter 112/300 - Loss: -0.7693
Iter 113/300 - Loss: -0.7695
Iter 114/300 - Loss: -0.7698
Iter 115/300 - Loss: -0.7700
Iter 116/300 - Loss: -0.7703
Iter 117/300 - Loss: -0.7705
Iter 118/300 - Loss: -0.7707
Iter 119/300 - Loss: -0.7709
Iter 120/300 - Loss: -0.7711
Iter 121/300 - Loss: -0.7713
Iter 122/300 - Loss: -0.7714
Iter 123/300 - Loss: -0.7716
Iter 124/300 - Loss: -0.7718
Iter 125/300 - Loss: -0.7720
Iter 126/300 - Loss: -0.7721
Iter 127/300 - Loss: -0.7723
Iter 128/300 - Loss: -0.7724
Iter 129/300 - Loss: -0.7726
Iter 130/300 - Loss: -0.7727
Iter 131/300 - Loss: -0.7729
Iter 132/300 - Loss: -0.7730
Iter 133/300 - Loss: -0.7731
Iter 134/300 - Loss: -0.7733
Iter 135/300 - Loss: -0.7734
Iter 136/300 - Loss: -0.7735
Iter 137/300 - Loss: -0.7737
Iter 138/300 - Loss: -0.7738
Iter 139/300 - Loss: -0.7740
Iter 140/300 - Loss: -0.7742
Iter 141/300 - Loss: -0.7744
Iter 142/300 - Loss: -0.7747
Iter 143/300 - Loss: -0.7750
Iter 144/300 - Loss: -0.7754
Iter 145/300 - Loss: -0.7759
Iter 146/300 - Loss: -0.7767
Iter 147/300 - Loss: -0.7776
Iter 148/300 - Loss: -0.7789
Iter 149/300 - Loss: -0.7804
Iter 150/300 - Loss: -0.7821
Iter 151/300 - Loss: -0.7839
Iter 152/300 - Loss: -0.7856
Iter 153/300 - Loss: -0.7858
Iter 154/300 - Loss: -0.7859
Iter 155/300 - Loss: -0.7862
Iter 156/300 - Loss: -0.7864
Iter 157/300 - Loss: -0.7866
Iter 158/300 - Loss: -0.7868
Iter 159/300 - Loss: -0.7871
Iter 160/300 - Loss: -0.7873
Iter 161/300 - Loss: -0.7876
Iter 162/300 - Loss: -0.7879
Iter 163/300 - Loss: -0.7881
Iter 164/300 - Loss: -0.7884
Iter 165/300 - Loss: -0.7886
Iter 166/300 - Loss: -0.7889
Iter 167/300 - Loss: -0.7891
Iter 168/300 - Loss: -0.7894
Iter 169/300 - Loss: -0.7896
Iter 170/300 - Loss: -0.7899
Iter 171/300 - Loss: -0.7901
Iter 172/300 - Loss: -0.7904
Iter 173/300 - Loss: -0.7906
Iter 174/300 - Loss: -0.7909
Iter 175/300 - Loss: -0.7911
Iter 176/300 - Loss: -0.7914
Iter 177/300 - Loss: -0.7916
Iter 178/300 - Loss: -0.7918
Iter 179/300 - Loss: -0.7920
Iter 180/300 - Loss: -0.7923
Iter 181/300 - Loss: -0.7925
Iter 182/300 - Loss: -0.7927
Iter 183/300 - Loss: -0.7929
Iter 184/300 - Loss: -0.7931
Iter 185/300 - Loss: -0.7933
Iter 186/300 - Loss: -0.7935
Iter 187/300 - Loss: -0.7937
Iter 188/300 - Loss: -0.7939
Iter 189/300 - Loss: -0.7941
Iter 190/300 - Loss: -0.7943
Iter 191/300 - Loss: -0.7945
Iter 192/300 - Loss: -0.7947
Iter 193/300 - Loss: -0.7949
Iter 194/300 - Loss: -0.7951
Iter 195/300 - Loss: -0.7952
Iter 196/300 - Loss: -0.7954
Iter 197/300 - Loss: -0.7956
Iter 198/300 - Loss: -0.7958
Iter 199/300 - Loss: -0.7959
Iter 200/300 - Loss: -0.7961
Iter 201/300 - Loss: -0.7963
Iter 202/300 - Loss: -0.7964
Iter 203/300 - Loss: -0.7966
Iter 204/300 - Loss: -0.7967
Iter 205/300 - Loss: -0.7969
Iter 206/300 - Loss: -0.7970
Iter 207/300 - Loss: -0.7972
Iter 208/300 - Loss: -0.7973
Iter 209/300 - Loss: -0.7975
Iter 210/300 - Loss: -0.7976
Iter 211/300 - Loss: -0.7978
Iter 212/300 - Loss: -0.7979
Iter 213/300 - Loss: -0.7981
Iter 214/300 - Loss: -0.7982
Iter 215/300 - Loss: -0.7983
Iter 216/300 - Loss: -0.7985
Iter 217/300 - Loss: -0.7986
Iter 218/300 - Loss: -0.7987
Iter 219/300 - Loss: -0.7988
Iter 220/300 - Loss: -0.7990
Iter 221/300 - Loss: -0.7991
Iter 222/300 - Loss: -0.7992
Iter 223/300 - Loss: -0.7994
Iter 224/300 - Loss: -0.7995
Iter 225/300 - Loss: -0.7996
Iter 226/300 - Loss: -0.7997
Iter 227/300 - Loss: -0.7998
Iter 228/300 - Loss: -0.8000
Iter 229/300 - Loss: -0.8001
Iter 230/300 - Loss: -0.8002
Iter 231/300 - Loss: -0.8003
Iter 232/300 - Loss: -0.8004
Iter 233/300 - Loss: -0.8005
Iter 234/300 - Loss: -0.8006
Iter 235/300 - Loss: -0.8007
Iter 236/300 - Loss: -0.8009
Iter 237/300 - Loss: -0.8010
Iter 238/300 - Loss: -0.8011
Iter 239/300 - Loss: -0.8012
Iter 240/300 - Loss: -0.8013
Iter 241/300 - Loss: -0.8014
Iter 242/300 - Loss: -0.8015
Iter 243/300 - Loss: -0.8016
Iter 244/300 - Loss: -0.8017
Iter 245/300 - Loss: -0.8018
Iter 246/300 - Loss: -0.8019
Iter 247/300 - Loss: -0.8020
Iter 248/300 - Loss: -0.8021
Iter 249/300 - Loss: -0.8022
Iter 250/300 - Loss: -0.8023
Iter 251/300 - Loss: -0.8024
Iter 252/300 - Loss: -0.8025
Iter 253/300 - Loss: -0.8026
Iter 254/300 - Loss: -0.8027
Iter 255/300 - Loss: -0.8028
Iter 256/300 - Loss: -0.8029
Iter 257/300 - Loss: -0.8030
Iter 258/300 - Loss: -0.8031
Iter 259/300 - Loss: -0.8032
Iter 260/300 - Loss: -0.8033
Iter 261/300 - Loss: -0.8034
Iter 262/300 - Loss: -0.8035
Iter 263/300 - Loss: -0.8036
Iter 264/300 - Loss: -0.8037
Iter 265/300 - Loss: -0.8038
Iter 266/300 - Loss: -0.8039
Iter 267/300 - Loss: -0.8040
Iter 268/300 - Loss: -0.8041
Iter 269/300 - Loss: -0.8042
Iter 270/300 - Loss: -0.8043
Iter 271/300 - Loss: -0.8044
Iter 272/300 - Loss: -0.8045
Iter 273/300 - Loss: -0.8046
Iter 274/300 - Loss: -0.8047
Iter 275/300 - Loss: -0.8048
Iter 276/300 - Loss: -0.8049
Iter 277/300 - Loss: -0.8050
Iter 278/300 - Loss: -0.8051
Iter 279/300 - Loss: -0.8052
Iter 280/300 - Loss: -0.8053
Iter 281/300 - Loss: -0.8054
Iter 282/300 - Loss: -0.8055
Iter 283/300 - Loss: -0.8056
Iter 284/300 - Loss: -0.8057
Iter 285/300 - Loss: -0.8058
Iter 286/300 - Loss: -0.8059
Iter 287/300 - Loss: -0.8060
Iter 288/300 - Loss: -0.8061
Iter 289/300 - Loss: -0.8062
Iter 290/300 - Loss: -0.8063
Iter 291/300 - Loss: -0.8064
Iter 292/300 - Loss: -0.8065
Iter 293/300 - Loss: -0.8066
Iter 294/300 - Loss: -0.8067
Iter 295/300 - Loss: -0.8068
Iter 296/300 - Loss: -0.8069
Iter 297/300 - Loss: -0.8070
Iter 298/300 - Loss: -0.8071
Iter 299/300 - Loss: -0.8072
Iter 300/300 - Loss: -0.8073
