prev {'d': 0.42895305567632536, 'e': 0.9940281222717994, 'f': 2.3342158969315445, 'g': 1.282107706447348}
Starting ML Fit
Box89_1400
       message: Optimization terminated successfully.
       success: True
        status: 0
           fun: 5975.543694687858
             x: [ 4.246e-01  1.011e+00  2.330e+00  1.262e+00]
           nit: 70
          nfev: 129
 final_simplex: (array([[ 4.246e-01,  1.011e+00,  2.330e+00,  1.262e+00],
                       [ 4.246e-01,  1.011e+00,  2.330e+00,  1.262e+00],
                       ...,
                       [ 4.246e-01,  1.011e+00,  2.330e+00,  1.262e+00],
                       [ 4.246e-01,  1.011e+00,  2.330e+00,  1.262e+00]]), array([ 5.976e+03,  5.976e+03,  5.976e+03,  5.976e+03,
                        5.976e+03]))
   param_names: ['d', 'e', 'f', 'g']
[0.42461062 1.01060215 2.33011723 1.26191818]
{'d': 0.4246106150581238, 'e': 1.0106021512820118, 'f': 2.330117230416019, 'g': 1.2619181841896476}
Previous:  {'d': 0.42895305567632536, 'e': 0.9940281222717994, 'f': 2.3342158969315445, 'g': 1.282107706447348}
