prev {'d': 0.38816060386475426, 'e': 0.7598964772161971, 'f': 2.2640641703198536, 'g': 1.2490685938428556}
Starting ML Fit
Box_n50_27_1400
       message: Optimization terminated successfully.
       success: True
        status: 0
           fun: 8316.619808522133
             x: [ 3.779e-01  6.992e-01  2.264e+00  1.247e+00]
           nit: 108
          nfev: 190
 final_simplex: (array([[ 3.779e-01,  6.992e-01,  2.264e+00,  1.247e+00],
                       [ 3.779e-01,  6.991e-01,  2.264e+00,  1.247e+00],
                       ...,
                       [ 3.779e-01,  6.992e-01,  2.264e+00,  1.247e+00],
                       [ 3.779e-01,  6.992e-01,  2.264e+00,  1.247e+00]]), array([ 8.317e+03,  8.317e+03,  8.317e+03,  8.317e+03,
                        8.317e+03]))
   param_names: ['d', 'e', 'f', 'g']
[0.37791648 0.69917047 2.26439051 1.24707817]
{'d': 0.37791647731335154, 'e': 0.6991704655681036, 'f': 2.264390505863088, 'g': 1.2470781738225027}
Previous:  {'d': 0.38816060386475426, 'e': 0.7598964772161971, 'f': 2.2640641703198536, 'g': 1.2490685938428556}
