no change     /home/users/delon/miniconda3/condabin/conda
no change     /home/users/delon/miniconda3/bin/conda
no change     /home/users/delon/miniconda3/bin/conda-env
no change     /home/users/delon/miniconda3/bin/activate
no change     /home/users/delon/miniconda3/bin/deactivate
no change     /home/users/delon/miniconda3/etc/profile.d/conda.sh
no change     /home/users/delon/miniconda3/etc/fish/conf.d/conda.fish
no change     /home/users/delon/miniconda3/shell/condabin/Conda.psm1
no change     /home/users/delon/miniconda3/shell/condabin/conda-hook.ps1
no change     /home/users/delon/miniconda3/lib/python3.10/site-packages/xontrib/conda.xsh
no change     /home/users/delon/miniconda3/etc/profile.d/conda.csh
no change     /home/users/delon/.bashrc
No action taken.
Box_n50_0_1400
       message: Optimization terminated successfully.
       success: True
        status: 0
           fun: 127989.75131360462
             x: [ 1.394e-01  4.713e-61  3.018e-01  2.100e-01]
           nit: 918
          nfev: 1753
 final_simplex: (array([[ 1.394e-01,  4.713e-61,  3.018e-01,  2.100e-01],
                       [ 1.394e-01,  4.847e-61,  3.018e-01,  2.100e-01],
                       ...,
                       [ 1.394e-01,  3.324e-60,  3.018e-01,  2.100e-01],
                       [ 1.394e-01,  3.671e-60,  3.018e-01,  2.100e-01]]), array([ 1.280e+05,  1.280e+05,  1.280e+05,  1.280e+05,
                        1.280e+05]))
   param_names: ['d', 'e', 'f', 'g']
[1.39364942e-01 4.71272248e-61 3.01799245e-01 2.10014338e-01]
(10000, 32, 4)
