prev {'d': 0.5494460830324255, 'e': 1.3030670640684863, 'f': 2.325930432779365, 'g': 1.2723221476009372}
Starting ML Fit
Box_n50_9_1400
       message: Optimization terminated successfully.
       success: True
        status: 0
           fun: 6290.222811785323
             x: [ 5.529e-01  1.305e+00  2.325e+00  1.242e+00]
           nit: 94
          nfev: 166
 final_simplex: (array([[ 5.529e-01,  1.305e+00,  2.325e+00,  1.242e+00],
                       [ 5.529e-01,  1.305e+00,  2.325e+00,  1.242e+00],
                       ...,
                       [ 5.529e-01,  1.305e+00,  2.325e+00,  1.242e+00],
                       [ 5.528e-01,  1.305e+00,  2.325e+00,  1.242e+00]]), array([ 6.290e+03,  6.290e+03,  6.290e+03,  6.290e+03,
                        6.290e+03]))
   param_names: ['d', 'e', 'f', 'g']
[0.55285046 1.30510274 2.3250575  1.24204611]
{'d': 0.5528504592959097, 'e': 1.3051027376103184, 'f': 2.325057497371043, 'g': 1.2420461054647112}
Previous:  {'d': 0.5494460830324255, 'e': 1.3030670640684863, 'f': 2.325930432779365, 'g': 1.2723221476009372}
