prev {'d': 0.43961872306873195, 'e': 1.0770182601302833, 'f': 2.325982696113049, 'g': 1.2861196191698796}
Starting ML Fit
Box10_1400
       message: Optimization terminated successfully.
       success: True
        status: 0
           fun: 8382.120790377681
             x: [ 4.346e-01  1.075e+00  2.327e+00  1.283e+00]
           nit: 89
          nfev: 156
 final_simplex: (array([[ 4.346e-01,  1.075e+00,  2.327e+00,  1.283e+00],
                       [ 4.346e-01,  1.075e+00,  2.327e+00,  1.283e+00],
                       ...,
                       [ 4.346e-01,  1.075e+00,  2.327e+00,  1.283e+00],
                       [ 4.346e-01,  1.075e+00,  2.327e+00,  1.283e+00]]), array([ 8.382e+03,  8.382e+03,  8.382e+03,  8.382e+03,
                        8.382e+03]))
   param_names: ['d', 'e', 'f', 'g']
[0.43464452 1.07485556 2.3266194  1.2828    ]
{'d': 0.4346445195480054, 'e': 1.0748555562551543, 'f': 2.326619404318581, 'g': 1.2828000040743013}
Previous:  {'d': 0.43961872306873195, 'e': 1.0770182601302833, 'f': 2.325982696113049, 'g': 1.2861196191698796}
