prev {'d': 0.4692844453690006, 'e': 0.9873102400444718, 'f': 2.3463565685585515, 'g': 1.2828417597767245}
Starting ML Fit
Box_n50_23_1400
       message: Optimization terminated successfully.
       success: True
        status: 0
           fun: 4186.796884680078
             x: [ 4.882e-01  1.006e+00  2.344e+00  1.271e+00]
           nit: 114
          nfev: 198
 final_simplex: (array([[ 4.882e-01,  1.006e+00,  2.344e+00,  1.271e+00],
                       [ 4.882e-01,  1.006e+00,  2.344e+00,  1.271e+00],
                       ...,
                       [ 4.882e-01,  1.006e+00,  2.344e+00,  1.271e+00],
                       [ 4.882e-01,  1.006e+00,  2.344e+00,  1.271e+00]]), array([ 4.187e+03,  4.187e+03,  4.187e+03,  4.187e+03,
                        4.187e+03]))
   param_names: ['d', 'e', 'f', 'g']
[0.48820291 1.00600948 2.34392042 1.2713485 ]
{'d': 0.4882029080090869, 'e': 1.0060094762879483, 'f': 2.343920421839315, 'g': 1.2713485032227558}
Previous:  {'d': 0.4692844453690006, 'e': 0.9873102400444718, 'f': 2.3463565685585515, 'g': 1.2828417597767245}
