prev {'d': 0.4299633754916842, 'e': 0.6322903387604433, 'f': 2.2785306159327576, 'g': 1.328664860076612}
Starting ML Fit
Box9_1400
       message: Optimization terminated successfully.
       success: True
        status: 0
           fun: 12781.566842149303
             x: [ 4.218e-01  5.867e-01  2.279e+00  1.328e+00]
           nit: 103
          nfev: 179
 final_simplex: (array([[ 4.218e-01,  5.867e-01,  2.279e+00,  1.328e+00],
                       [ 4.218e-01,  5.867e-01,  2.279e+00,  1.328e+00],
                       ...,
                       [ 4.218e-01,  5.867e-01,  2.279e+00,  1.328e+00],
                       [ 4.218e-01,  5.867e-01,  2.279e+00,  1.328e+00]]), array([ 1.278e+04,  1.278e+04,  1.278e+04,  1.278e+04,
                        1.278e+04]))
   param_names: ['d', 'e', 'f', 'g']
[0.42180346 0.58669089 2.2786493  1.32805524]
{'d': 0.42180345650888296, 'e': 0.5866908880286641, 'f': 2.2786493017120746, 'g': 1.3280552407428503}
Previous:  {'d': 0.4299633754916842, 'e': 0.6322903387604433, 'f': 2.2785306159327576, 'g': 1.328664860076612}
