prev {'d': 0.47517813541578, 'e': 0.815757957897795, 'f': 2.3201103590225856, 'g': 1.3192523169697854}
Starting ML Fit
Box50_1400
       message: Optimization terminated successfully.
       success: True
        status: 0
           fun: 12965.596597336118
             x: [ 4.703e-01  8.231e-01  2.318e+00  1.318e+00]
           nit: 90
          nfev: 158
 final_simplex: (array([[ 4.703e-01,  8.231e-01,  2.318e+00,  1.318e+00],
                       [ 4.703e-01,  8.232e-01,  2.318e+00,  1.318e+00],
                       ...,
                       [ 4.703e-01,  8.232e-01,  2.318e+00,  1.318e+00],
                       [ 4.703e-01,  8.231e-01,  2.318e+00,  1.318e+00]]), array([ 1.297e+04,  1.297e+04,  1.297e+04,  1.297e+04,
                        1.297e+04]))
   param_names: ['d', 'e', 'f', 'g']
[0.47026112 0.82314684 2.31753756 1.31762817]
{'d': 0.4702611154767895, 'e': 0.8231468377285043, 'f': 2.3175375553784168, 'g': 1.317628173407316}
Previous:  {'d': 0.47517813541578, 'e': 0.815757957897795, 'f': 2.3201103590225856, 'g': 1.3192523169697854}
