prev {'d': 0.4592523168239083, 'e': 1.0821939749267604, 'f': 2.318996887869176, 'g': 1.2796101241456501}
Starting ML Fit
Box_n50_47_1400
       message: Optimization terminated successfully.
       success: True
        status: 0
           fun: 11980.153773869068
             x: [ 4.529e-01  1.064e+00  2.319e+00  1.279e+00]
           nit: 82
          nfev: 150
 final_simplex: (array([[ 4.529e-01,  1.064e+00,  2.319e+00,  1.279e+00],
                       [ 4.529e-01,  1.064e+00,  2.319e+00,  1.279e+00],
                       ...,
                       [ 4.529e-01,  1.064e+00,  2.319e+00,  1.279e+00],
                       [ 4.529e-01,  1.064e+00,  2.319e+00,  1.279e+00]]), array([ 1.198e+04,  1.198e+04,  1.198e+04,  1.198e+04,
                        1.198e+04]))
   param_names: ['d', 'e', 'f', 'g']
[0.45294424 1.06357969 2.31911581 1.2789794 ]
{'d': 0.4529442378620129, 'e': 1.0635796925326102, 'f': 2.319115810233104, 'g': 1.2789793971320818}
Previous:  {'d': 0.4592523168239083, 'e': 1.0821939749267604, 'f': 2.318996887869176, 'g': 1.2796101241456501}
