prev {'d': 0.4995369493210131, 'e': 1.0161952062470192, 'f': 2.333407465001648, 'g': 1.3010565425775575}
Starting ML Fit
Box97_1400
       message: Optimization terminated successfully.
       success: True
        status: 0
           fun: 11578.462967365587
             x: [ 5.063e-01  9.036e-01  2.335e+00  1.341e+00]
           nit: 109
          nfev: 190
 final_simplex: (array([[ 5.063e-01,  9.036e-01,  2.335e+00,  1.341e+00],
                       [ 5.063e-01,  9.036e-01,  2.335e+00,  1.341e+00],
                       ...,
                       [ 5.063e-01,  9.035e-01,  2.335e+00,  1.341e+00],
                       [ 5.063e-01,  9.036e-01,  2.335e+00,  1.341e+00]]), array([ 1.158e+04,  1.158e+04,  1.158e+04,  1.158e+04,
                        1.158e+04]))
   param_names: ['d', 'e', 'f', 'g']
[0.50632312 0.90357451 2.3353903  1.34128023]
{'d': 0.506323120071941, 'e': 0.9035745097523906, 'f': 2.335390300644628, 'g': 1.3412802270381032}
Previous:  {'d': 0.4995369493210131, 'e': 1.0161952062470192, 'f': 2.333407465001648, 'g': 1.3010565425775575}
