prev {'d': 0.476962260362946, 'e': 1.1824990382872693, 'f': 2.305348682742169, 'g': 1.2221294455661935}
Starting ML Fit
Box_n50_41_1400
       message: Optimization terminated successfully.
       success: True
        status: 0
           fun: 5145.837536405141
             x: [ 4.636e-01  1.186e+00  2.305e+00  1.221e+00]
           nit: 101
          nfev: 170
 final_simplex: (array([[ 4.636e-01,  1.186e+00,  2.305e+00,  1.221e+00],
                       [ 4.636e-01,  1.186e+00,  2.305e+00,  1.221e+00],
                       ...,
                       [ 4.636e-01,  1.186e+00,  2.305e+00,  1.221e+00],
                       [ 4.636e-01,  1.186e+00,  2.305e+00,  1.221e+00]]), array([ 5.146e+03,  5.146e+03,  5.146e+03,  5.146e+03,
                        5.146e+03]))
   param_names: ['d', 'e', 'f', 'g']
[0.46364244 1.18613013 2.30459605 1.22071137]
{'d': 0.46364243733931193, 'e': 1.1861301305094099, 'f': 2.304596047585826, 'g': 1.2207113714704851}
Previous:  {'d': 0.476962260362946, 'e': 1.1824990382872693, 'f': 2.305348682742169, 'g': 1.2221294455661935}
