no change     /oak/stanford/orgs/kipac/users/delon/miniconda3/condabin/conda
no change     /oak/stanford/orgs/kipac/users/delon/miniconda3/bin/conda
no change     /oak/stanford/orgs/kipac/users/delon/miniconda3/bin/conda-env
no change     /oak/stanford/orgs/kipac/users/delon/miniconda3/bin/activate
no change     /oak/stanford/orgs/kipac/users/delon/miniconda3/bin/deactivate
no change     /oak/stanford/orgs/kipac/users/delon/miniconda3/etc/profile.d/conda.sh
no change     /oak/stanford/orgs/kipac/users/delon/miniconda3/etc/fish/conf.d/conda.fish
no change     /oak/stanford/orgs/kipac/users/delon/miniconda3/shell/condabin/Conda.psm1
no change     /oak/stanford/orgs/kipac/users/delon/miniconda3/shell/condabin/conda-hook.ps1
no change     /oak/stanford/orgs/kipac/users/delon/miniconda3/lib/python3.10/site-packages/xontrib/conda.xsh
no change     /oak/stanford/orgs/kipac/users/delon/miniconda3/etc/profile.d/conda.csh
no change     /home/users/delon/.bashrc
No action taken.
16
6650926
6650926
redshift 3.0
8766227
8766227
redshift 2.3038301302700224
10144720
10144720
redshift 1.7288182306888356
leftlog10 13.2
sumN 319639.0
N [9.6118e+04 7.0964e+04 5.0085e+04 3.5546e+04 2.4428e+04 1.6232e+04
 1.0770e+04 6.8310e+03 3.9470e+03 2.4020e+03 1.2490e+03 6.1400e+02
 2.8200e+02 1.1100e+02 3.5000e+01 1.3000e+01 8.0000e+00 3.0000e+00
 0.0000e+00 1.0000e+00 0.0000e+00 0.0000e+00 0.0000e+00 0.0000e+00
 0.0000e+00 0.0000e+00 0.0000e+00 0.0000e+00 0.0000e+00]
edges [13.2 13.3 13.4 13.5 13.6 13.7 13.8 13.9 14.  14.1 14.2 14.3 14.4 14.5
 14.6 14.7 14.8 14.9 15.  15.1 15.2 15.3 15.4 15.5 15.6 15.7 15.8 15.9
 16.  16.1]
after adaptive [9.6118e+04 7.0964e+04 5.0085e+04 3.5546e+04 2.4428e+04 1.6232e+04
 1.0770e+04 6.8310e+03 3.9470e+03 2.4020e+03 1.2490e+03 6.1400e+02
 2.8200e+02 1.1100e+02 3.5000e+01 2.5000e+01]
10531948
10531948
redshift 1.4800111104497748
leftlog10 13.2
sumN 409055.0
N [1.14693e+05 8.68730e+04 6.34230e+04 4.62510e+04 3.31040e+04 2.27860e+04
 1.58040e+04 1.03830e+04 6.69600e+03 4.14300e+03 2.35600e+03 1.32000e+03
 6.99000e+02 3.21000e+02 1.27000e+02 4.90000e+01 1.70000e+01 7.00000e+00
 2.00000e+00 1.00000e+00 0.00000e+00 0.00000e+00 0.00000e+00 0.00000e+00
 0.00000e+00 0.00000e+00 0.00000e+00 0.00000e+00 0.00000e+00]
edges [13.2 13.3 13.4 13.5 13.6 13.7 13.8 13.9 14.  14.1 14.2 14.3 14.4 14.5
 14.6 14.7 14.8 14.9 15.  15.1 15.2 15.3 15.4 15.5 15.6 15.7 15.8 15.9
 16.  16.1]
after adaptive [1.14693e+05 8.68730e+04 6.34230e+04 4.62510e+04 3.31040e+04 2.27860e+04
 1.58040e+04 1.03830e+04 6.69600e+03 4.14300e+03 2.35600e+03 1.32000e+03
 6.99000e+02 3.21000e+02 1.27000e+02 4.90000e+01 2.70000e+01]
10783190
10783190
redshift 1.0483786059144884
leftlog10 13.2
sumN 581424.0
N [1.43522e+05 1.13585e+05 8.64300e+04 6.61580e+04 5.01020e+04 3.71760e+04
 2.71340e+04 1.91820e+04 1.36400e+04 9.34500e+03 6.12700e+03 3.94700e+03
 2.38300e+03 1.39500e+03 6.99000e+02 3.42000e+02 1.55000e+02 6.40000e+01
 2.60000e+01 9.00000e+00 2.00000e+00 1.00000e+00 0.00000e+00 0.00000e+00
 0.00000e+00 0.00000e+00 0.00000e+00 0.00000e+00 0.00000e+00 0.00000e+00
 0.00000e+00]
edges [13.2 13.3 13.4 13.5 13.6 13.7 13.8 13.9 14.  14.1 14.2 14.3 14.4 14.5
 14.6 14.7 14.8 14.9 15.  15.1 15.2 15.3 15.4 15.5 15.6 15.7 15.8 15.9
 16.  16.1 16.2 16.3]
after adaptive [1.43522e+05 1.13585e+05 8.64300e+04 6.61580e+04 5.01020e+04 3.71760e+04
 2.71340e+04 1.91820e+04 1.36400e+04 9.34500e+03 6.12700e+03 3.94700e+03
 2.38300e+03 1.39500e+03 6.99000e+02 3.42000e+02 1.55000e+02 6.40000e+01
 3.80000e+01]
10757446
10757446
redshift 0.9527626709887815
leftlog10 13.2
sumN 620277.0
N [1.49336e+05 1.18230e+05 9.10050e+04 7.05400e+04 5.39330e+04 4.04790e+04
 2.98180e+04 2.18080e+04 1.54600e+04 1.08290e+04 7.25900e+03 4.88300e+03
 2.97600e+03 1.85200e+03 9.74000e+02 4.90000e+02 2.32000e+02 1.09000e+02
 3.80000e+01 1.70000e+01 7.00000e+00 1.00000e+00 1.00000e+00 0.00000e+00
 0.00000e+00 0.00000e+00 0.00000e+00 0.00000e+00 0.00000e+00 0.00000e+00
 0.00000e+00 0.00000e+00]
edges [13.2 13.3 13.4 13.5 13.6 13.7 13.8 13.9 14.  14.1 14.2 14.3 14.4 14.5
 14.6 14.7 14.8 14.9 15.  15.1 15.2 15.3 15.4 15.5 15.6 15.7 15.8 15.9
 16.  16.1 16.2 16.3 16.4]
after adaptive [1.49336e+05 1.18230e+05 9.10050e+04 7.05400e+04 5.39330e+04 4.04790e+04
 2.98180e+04 2.18080e+04 1.54600e+04 1.08290e+04 7.25900e+03 4.88300e+03
 2.97600e+03 1.85200e+03 9.74000e+02 4.90000e+02 2.32000e+02 1.09000e+02
 3.80000e+01 2.60000e+01]
10700736
10700736
redshift 0.8616115226306804
leftlog10 13.2
sumN 656037.0
N [1.53739e+05 1.23183e+05 9.48860e+04 7.42510e+04 5.71380e+04 4.36920e+04
 3.24010e+04 2.40090e+04 1.73000e+04 1.25040e+04 8.57600e+03 5.66800e+03
 3.71800e+03 2.31000e+03 1.35900e+03 6.94000e+02 3.47000e+02 1.58000e+02
 6.20000e+01 2.40000e+01 1.10000e+01 6.00000e+00 1.00000e+00 0.00000e+00
 0.00000e+00 0.00000e+00 0.00000e+00 0.00000e+00 0.00000e+00 0.00000e+00
 0.00000e+00 0.00000e+00]
edges [13.2 13.3 13.4 13.5 13.6 13.7 13.8 13.9 14.  14.1 14.2 14.3 14.4 14.5
 14.6 14.7 14.8 14.9 15.  15.1 15.2 15.3 15.4 15.5 15.6 15.7 15.8 15.9
 16.  16.1 16.2 16.3 16.4]
after adaptive [1.53739e+05 1.23183e+05 9.48860e+04 7.42510e+04 5.71380e+04 4.36920e+04
 3.24010e+04 2.40090e+04 1.73000e+04 1.25040e+04 8.57600e+03 5.66800e+03
 3.71800e+03 2.31000e+03 1.35900e+03 6.94000e+02 3.47000e+02 1.58000e+02
 6.20000e+01 4.20000e+01]
10618941
10618941
redshift 0.7747142266416549
leftlog10 13.2
sumN 689998.0
N [1.58183e+05 1.26835e+05 9.84730e+04 7.75770e+04 6.04870e+04 4.66480e+04
 3.49510e+04 2.60630e+04 1.93620e+04 1.39910e+04 9.81600e+03 6.72100e+03
 4.46100e+03 2.84400e+03 1.68800e+03 1.01900e+03 4.91000e+02 2.20000e+02
 1.01000e+02 4.00000e+01 1.60000e+01 8.00000e+00 2.00000e+00 1.00000e+00
 0.00000e+00 0.00000e+00 0.00000e+00 0.00000e+00 0.00000e+00 0.00000e+00
 0.00000e+00 0.00000e+00 0.00000e+00]
edges [13.2 13.3 13.4 13.5 13.6 13.7 13.8 13.9 14.  14.1 14.2 14.3 14.4 14.5
 14.6 14.7 14.8 14.9 15.  15.1 15.2 15.3 15.4 15.5 15.6 15.7 15.8 15.9
 16.  16.1 16.2 16.3 16.4 16.5]
after adaptive [1.58183e+05 1.26835e+05 9.84730e+04 7.75770e+04 6.04870e+04 4.66480e+04
 3.49510e+04 2.60630e+04 1.93620e+04 1.39910e+04 9.81600e+03 6.72100e+03
 4.46100e+03 2.84400e+03 1.68800e+03 1.01900e+03 4.91000e+02 2.20000e+02
 1.01000e+02 4.00000e+01 2.70000e+01]
10518116
10518116
redshift 0.691872750866662
leftlog10 13.2
sumN 721047.0
N [1.61420e+05 1.30359e+05 1.01913e+05 8.04530e+04 6.30010e+04 4.94730e+04
 3.74690e+04 2.81830e+04 2.10700e+04 1.53200e+04 1.12760e+04 7.64000e+03
 5.36500e+03 3.44500e+03 2.06200e+03 1.29000e+03 7.24000e+02 3.30000e+02
 1.54000e+02 6.40000e+01 1.90000e+01 9.00000e+00 7.00000e+00 1.00000e+00
 0.00000e+00 0.00000e+00 0.00000e+00 0.00000e+00 0.00000e+00 0.00000e+00
 0.00000e+00 0.00000e+00 0.00000e+00]
edges [13.2 13.3 13.4 13.5 13.6 13.7 13.8 13.9 14.  14.1 14.2 14.3 14.4 14.5
 14.6 14.7 14.8 14.9 15.  15.1 15.2 15.3 15.4 15.5 15.6 15.7 15.8 15.9
 16.  16.1 16.2 16.3 16.4 16.5]
after adaptive [1.61420e+05 1.30359e+05 1.01913e+05 8.04530e+04 6.30010e+04 4.94730e+04
 3.74690e+04 2.81830e+04 2.10700e+04 1.53200e+04 1.12760e+04 7.64000e+03
 5.36500e+03 3.44500e+03 2.06200e+03 1.29000e+03 7.24000e+02 3.30000e+02
 1.54000e+02 6.40000e+01 3.60000e+01]
10394637
10394637
redshift 0.6128980229096033
leftlog10 13.2
sumN 749126.0
N [1.63944e+05 1.32960e+05 1.04832e+05 8.32810e+04 6.54530e+04 5.17450e+04
 3.99450e+04 2.99720e+04 2.27320e+04 1.69250e+04 1.24170e+04 8.75000e+03
 6.11600e+03 4.08400e+03 2.58700e+03 1.55300e+03 9.58000e+02 4.75000e+02
 2.38000e+02 1.00000e+02 3.70000e+01 1.30000e+01 6.00000e+00 3.00000e+00
 0.00000e+00 0.00000e+00 0.00000e+00 0.00000e+00 0.00000e+00 0.00000e+00
 0.00000e+00 0.00000e+00 0.00000e+00]
edges [13.2 13.3 13.4 13.5 13.6 13.7 13.8 13.9 14.  14.1 14.2 14.3 14.4 14.5
 14.6 14.7 14.8 14.9 15.  15.1 15.2 15.3 15.4 15.5 15.6 15.7 15.8 15.9
 16.  16.1 16.2 16.3 16.4 16.5]
after adaptive [1.63944e+05 1.32960e+05 1.04832e+05 8.32810e+04 6.54530e+04 5.17450e+04
 3.99450e+04 2.99720e+04 2.27320e+04 1.69250e+04 1.24170e+04 8.75000e+03
 6.11600e+03 4.08400e+03 2.58700e+03 1.55300e+03 9.58000e+02 4.75000e+02
 2.38000e+02 1.00000e+02 3.70000e+01 2.20000e+01]
10259806
10259806
redshift 0.5376099391106464
leftlog10 13.2
sumN 773613.0
N [1.65801e+05 1.34700e+05 1.07008e+05 8.55080e+04 6.78980e+04 5.38380e+04
 4.17120e+04 3.20250e+04 2.43120e+04 1.83500e+04 1.34840e+04 9.85500e+03
 6.89400e+03 4.80300e+03 3.08100e+03 1.90900e+03 1.20100e+03 6.67000e+02
 3.09000e+02 1.62000e+02 6.30000e+01 1.80000e+01 7.00000e+00 6.00000e+00
 2.00000e+00 0.00000e+00 0.00000e+00 0.00000e+00 0.00000e+00 0.00000e+00
 0.00000e+00 0.00000e+00 0.00000e+00 0.00000e+00]
edges [13.2 13.3 13.4 13.5 13.6 13.7 13.8 13.9 14.  14.1 14.2 14.3 14.4 14.5
 14.6 14.7 14.8 14.9 15.  15.1 15.2 15.3 15.4 15.5 15.6 15.7 15.8 15.9
 16.  16.1 16.2 16.3 16.4 16.5 16.6]
after adaptive [1.65801e+05 1.34700e+05 1.07008e+05 8.55080e+04 6.78980e+04 5.38380e+04
 4.17120e+04 3.20250e+04 2.43120e+04 1.83500e+04 1.34840e+04 9.85500e+03
 6.89400e+03 4.80300e+03 3.08100e+03 1.90900e+03 1.20100e+03 6.67000e+02
 3.09000e+02 1.62000e+02 6.30000e+01 3.30000e+01]
9959277
9959277
redshift 0.3974131088528914
leftlog10 13.2
sumN 813964.0
N [1.67492e+05 1.37587e+05 1.10008e+05 8.86350e+04 7.13380e+04 5.72720e+04
 4.49890e+04 3.56540e+04 2.69470e+04 2.08260e+04 1.57840e+04 1.18020e+04
 8.59300e+03 6.09700e+03 4.23700e+03 2.76800e+03 1.73200e+03 1.08200e+03
 5.88000e+02 2.84000e+02 1.50000e+02 6.50000e+01 2.20000e+01 9.00000e+00
 3.00000e+00 0.00000e+00 0.00000e+00 0.00000e+00 0.00000e+00 0.00000e+00
 0.00000e+00 0.00000e+00 0.00000e+00 0.00000e+00]
edges [13.2 13.3 13.4 13.5 13.6 13.7 13.8 13.9 14.  14.1 14.2 14.3 14.4 14.5
 14.6 14.7 14.8 14.9 15.  15.1 15.2 15.3 15.4 15.5 15.6 15.7 15.8 15.9
 16.  16.1 16.2 16.3 16.4 16.5 16.6]
after adaptive [1.67492e+05 1.37587e+05 1.10008e+05 8.86350e+04 7.13380e+04 5.72720e+04
 4.49890e+04 3.56540e+04 2.69470e+04 2.08260e+04 1.57840e+04 1.18020e+04
 8.59300e+03 6.09700e+03 4.23700e+03 2.76800e+03 1.73200e+03 1.08200e+03
 5.88000e+02 2.84000e+02 1.50000e+02 6.50000e+01 3.40000e+01]
9635661
9635661
redshift 0.26999931420037027
leftlog10 13.2
sumN 844096.0
N [1.68382e+05 1.39334e+05 1.11352e+05 9.05800e+04 7.34960e+04 5.93490e+04
 4.75460e+04 3.77040e+04 2.96070e+04 2.31510e+04 1.75440e+04 1.36680e+04
 1.01830e+04 7.35100e+03 5.34700e+03 3.62000e+03 2.33700e+03 1.57600e+03
 9.51000e+02 5.24000e+02 2.87000e+02 1.19000e+02 5.50000e+01 2.00000e+01
 1.20000e+01 1.00000e+00 0.00000e+00 0.00000e+00 0.00000e+00 0.00000e+00
 0.00000e+00 0.00000e+00 0.00000e+00 0.00000e+00 0.00000e+00]
edges [13.2 13.3 13.4 13.5 13.6 13.7 13.8 13.9 14.  14.1 14.2 14.3 14.4 14.5
 14.6 14.7 14.8 14.9 15.  15.1 15.2 15.3 15.4 15.5 15.6 15.7 15.8 15.9
 16.  16.1 16.2 16.3 16.4 16.5 16.6 16.7]
after adaptive [1.68382e+05 1.39334e+05 1.11352e+05 9.05800e+04 7.34960e+04 5.93490e+04
 4.75460e+04 3.77040e+04 2.96070e+04 2.31510e+04 1.75440e+04 1.36680e+04
 1.01830e+04 7.35100e+03 5.34700e+03 3.62000e+03 2.33700e+03 1.57600e+03
 9.51000e+02 5.24000e+02 2.87000e+02 1.19000e+02 5.50000e+01 3.30000e+01]
9300446
9300446
redshift 0.15420262488760939
leftlog10 13.2
sumN 865216.0
N [1.67434e+05 1.39324e+05 1.12354e+05 9.19400e+04 7.44680e+04 6.13930e+04
 4.90790e+04 3.95450e+04 3.13690e+04 2.46730e+04 1.94220e+04 1.49110e+04
 1.15190e+04 8.62900e+03 6.32400e+03 4.54700e+03 3.11600e+03 2.09100e+03
 1.39500e+03 7.80000e+02 4.54000e+02 2.53000e+02 1.12000e+02 5.40000e+01
 2.20000e+01 8.00000e+00 0.00000e+00 0.00000e+00 0.00000e+00 0.00000e+00
 0.00000e+00 0.00000e+00 0.00000e+00 0.00000e+00 0.00000e+00]
edges [13.2 13.3 13.4 13.5 13.6 13.7 13.8 13.9 14.  14.1 14.2 14.3 14.4 14.5
 14.6 14.7 14.8 14.9 15.  15.1 15.2 15.3 15.4 15.5 15.6 15.7 15.8 15.9
 16.  16.1 16.2 16.3 16.4 16.5 16.6 16.7]
after adaptive [1.67434e+05 1.39324e+05 1.12354e+05 9.19400e+04 7.44680e+04 6.13930e+04
 4.90790e+04 3.95450e+04 3.13690e+04 2.46730e+04 1.94220e+04 1.49110e+04
 1.15190e+04 8.62900e+03 6.32400e+03 4.54700e+03 3.11600e+03 2.09100e+03
 1.39500e+03 7.80000e+02 4.54000e+02 2.53000e+02 1.12000e+02 5.40000e+01
 3.00000e+01]
8973314
8973314
redshift 0.04896461947234987
leftlog10 13.2
sumN 878650.0
N [1.65294e+05 1.38746e+05 1.12430e+05 9.20880e+04 7.57120e+04 6.16500e+04
 5.06350e+04 4.07460e+04 3.27280e+04 2.59430e+04 2.04690e+04 1.64530e+04
 1.25980e+04 9.71300e+03 7.20800e+03 5.36800e+03 3.84500e+03 2.66700e+03
 1.79700e+03 1.14900e+03 6.33000e+02 4.21000e+02 1.94000e+02 9.70000e+01
 4.60000e+01 9.00000e+00 1.10000e+01 0.00000e+00 0.00000e+00 0.00000e+00
 0.00000e+00 0.00000e+00 0.00000e+00 0.00000e+00 0.00000e+00 0.00000e+00]
edges [13.2 13.3 13.4 13.5 13.6 13.7 13.8 13.9 14.  14.1 14.2 14.3 14.4 14.5
 14.6 14.7 14.8 14.9 15.  15.1 15.2 15.3 15.4 15.5 15.6 15.7 15.8 15.9
 16.  16.1 16.2 16.3 16.4 16.5 16.6 16.7 16.8]
after adaptive [1.65294e+05 1.38746e+05 1.12430e+05 9.20880e+04 7.57120e+04 6.16500e+04
 5.06350e+04 4.07460e+04 3.27280e+04 2.59430e+04 2.04690e+04 1.64530e+04
 1.25980e+04 9.71300e+03 7.20800e+03 5.36800e+03 3.84500e+03 2.66700e+03
 1.79700e+03 1.14900e+03 6.33000e+02 4.21000e+02 1.94000e+02 9.70000e+01
 4.60000e+01 2.00000e+01]
8818695
8818695
redshift 0.0
leftlog10 13.2
sumN 883265.0
N [1.64110e+05 1.38040e+05 1.12334e+05 9.22920e+04 7.56940e+04 6.20340e+04
 5.10900e+04 4.10370e+04 3.33640e+04 2.64810e+04 2.10200e+04 1.69680e+04
 1.29470e+04 1.02220e+04 7.58100e+03 5.86400e+03 4.13700e+03 2.98600e+03
 1.99800e+03 1.34800e+03 7.77000e+02 4.59000e+02 2.44000e+02 1.39000e+02
 6.00000e+01 2.40000e+01 1.20000e+01 3.00000e+00 0.00000e+00 0.00000e+00
 0.00000e+00 0.00000e+00 0.00000e+00 0.00000e+00 0.00000e+00 0.00000e+00
 0.00000e+00]
edges [13.2 13.3 13.4 13.5 13.6 13.7 13.8 13.9 14.  14.1 14.2 14.3 14.4 14.5
 14.6 14.7 14.8 14.9 15.  15.1 15.2 15.3 15.4 15.5 15.6 15.7 15.8 15.9
 16.  16.1 16.2 16.3 16.4 16.5 16.6 16.7 16.8 16.9]
after adaptive [1.64110e+05 1.38040e+05 1.12334e+05 9.22920e+04 7.56940e+04 6.20340e+04
 5.10900e+04 4.10370e+04 3.33640e+04 2.64810e+04 2.10200e+04 1.69680e+04
 1.29470e+04 1.02220e+04 7.58100e+03 5.86400e+03 4.13700e+03 2.98600e+03
 1.99800e+03 1.34800e+03 7.77000e+02 4.59000e+02 2.44000e+02 1.39000e+02
 6.00000e+01 3.90000e+01]
