prev {'d': 0.46755064971799887, 'e': 0.9868355219197802, 'f': 2.3465635470199766, 'g': 1.2658285336229318}
Starting ML Fit
Box23_1400
       message: Optimization terminated successfully.
       success: True
        status: 0
           fun: 7359.726917700767
             x: [ 4.630e-01  9.874e-01  2.346e+00  1.262e+00]
           nit: 82
          nfev: 149
 final_simplex: (array([[ 4.630e-01,  9.874e-01,  2.346e+00,  1.262e+00],
                       [ 4.630e-01,  9.874e-01,  2.346e+00,  1.262e+00],
                       ...,
                       [ 4.630e-01,  9.874e-01,  2.346e+00,  1.262e+00],
                       [ 4.630e-01,  9.874e-01,  2.346e+00,  1.262e+00]]), array([ 7.360e+03,  7.360e+03,  7.360e+03,  7.360e+03,
                        7.360e+03]))
   param_names: ['d', 'e', 'f', 'g']
[0.46296203 0.98741933 2.34600835 1.26228453]
{'d': 0.46296202754178234, 'e': 0.9874193308054724, 'f': 2.346008353729861, 'g': 1.2622845290559799}
Previous:  {'d': 0.46755064971799887, 'e': 0.9868355219197802, 'f': 2.3465635470199766, 'g': 1.2658285336229318}
