prev {'d': 0.4549594272104135, 'e': 0.8378128769079646, 'f': 2.3319444745500877, 'g': 1.3184577724486601}
Starting ML Fit
Box91_1400
       message: Optimization terminated successfully.
       success: True
        status: 0
           fun: 6683.268553801539
             x: [ 4.472e-01  8.272e-01  2.332e+00  1.313e+00]
           nit: 79
          nfev: 144
 final_simplex: (array([[ 4.472e-01,  8.272e-01,  2.332e+00,  1.313e+00],
                       [ 4.472e-01,  8.272e-01,  2.332e+00,  1.313e+00],
                       ...,
                       [ 4.472e-01,  8.272e-01,  2.332e+00,  1.313e+00],
                       [ 4.472e-01,  8.272e-01,  2.332e+00,  1.313e+00]]), array([ 6.683e+03,  6.683e+03,  6.683e+03,  6.683e+03,
                        6.683e+03]))
   param_names: ['d', 'e', 'f', 'g']
[0.44723579 0.82722271 2.33235838 1.31294627]
{'d': 0.44723579132837726, 'e': 0.8272227120773186, 'f': 2.3323583831397348, 'g': 1.3129462735926327}
Previous:  {'d': 0.4549594272104135, 'e': 0.8378128769079646, 'f': 2.3319444745500877, 'g': 1.3184577724486601}
