prev {'d': 0.43460050466796407, 'e': 0.9513590141402697, 'f': 2.3444989849532414, 'g': 1.267311671959592}
Starting ML Fit
Box98_1400
       message: Optimization terminated successfully.
       success: True
        status: 0
           fun: 8017.098945112697
             x: [ 4.304e-01  9.536e-01  2.343e+00  1.286e+00]
           nit: 95
          nfev: 174
 final_simplex: (array([[ 4.304e-01,  9.536e-01,  2.343e+00,  1.286e+00],
                       [ 4.304e-01,  9.536e-01,  2.343e+00,  1.286e+00],
                       ...,
                       [ 4.304e-01,  9.536e-01,  2.343e+00,  1.286e+00],
                       [ 4.304e-01,  9.536e-01,  2.343e+00,  1.286e+00]]), array([ 8.017e+03,  8.017e+03,  8.017e+03,  8.017e+03,
                        8.017e+03]))
   param_names: ['d', 'e', 'f', 'g']
[0.43044092 0.95362517 2.34266021 1.28572728]
{'d': 0.43044091997072287, 'e': 0.953625168415094, 'f': 2.342660208169474, 'g': 1.2857272823347463}
Previous:  {'d': 0.43460050466796407, 'e': 0.9513590141402697, 'f': 2.3444989849532414, 'g': 1.267311671959592}
