
CommandNotFoundError: Your shell has not been properly configured to use 'conda activate'.
To initialize your shell, run

    $ conda init <SHELL_NAME>

Currently supported shells are:
  - bash
  - fish
  - tcsh
  - xonsh
  - zsh
  - powershell

See 'conda init --help' for more information and options.

IMPORTANT: You may need to close and restart your shell after running 'conda init'.


  0%|                                                     | 0/14 [00:00<?, ?it/s]/home/users/delon/aemulusnu_massfunction/utils.py:36: IntegrationWarning: The occurrence of roundoff error is detected, which prevents 
  the requested tolerance from being achieved.  The error may be 
  underestimated.
  res, err = quad(dσ2dk, 0, 20/R, limit=1000)
/home/users/delon/aemulusnu_massfunction/utils.py:60: IntegrationWarning: The occurrence of roundoff error is detected, which prevents 
  the requested tolerance from being achieved.  The error may be 
  underestimated.
  res, err = quad(dσ2dRdk, 0, 20/R, limit=1000)
  7%|███▏                                         | 1/14 [00:17<03:51, 17.83s/it] 14%|██████▍                                      | 2/14 [00:35<03:30, 17.56s/it] 21%|█████████▋                                   | 3/14 [00:52<03:12, 17.47s/it] 29%|████████████▊                                | 4/14 [01:10<02:54, 17.47s/it] 36%|████████████████                             | 5/14 [01:27<02:36, 17.38s/it] 43%|███████████████████▎                         | 6/14 [01:44<02:18, 17.34s/it] 50%|██████████████████████▌                      | 7/14 [02:01<02:00, 17.24s/it] 57%|█████████████████████████▋                   | 8/14 [02:18<01:43, 17.21s/it] 64%|████████████████████████████▉                | 9/14 [02:35<01:25, 17.16s/it] 71%|███████████████████████████████▍            | 10/14 [02:52<01:08, 17.14s/it] 79%|██████████████████████████████████▌         | 11/14 [03:09<00:51, 17.11s/it] 86%|█████████████████████████████████████▋      | 12/14 [03:26<00:34, 17.06s/it] 93%|████████████████████████████████████████▊   | 13/14 [03:43<00:16, 16.98s/it]100%|████████████████████████████████████████████| 14/14 [04:00<00:00, 16.85s/it]100%|████████████████████████████████████████████| 14/14 [04:00<00:00, 17.16s/it]
