prev {'d': 0.4394939173061735, 'e': 0.9433824850753643, 'f': 2.3441541513800646, 'g': 1.2986089085178212}
Starting ML Fit
Box43_1400
       message: Optimization terminated successfully.
       success: True
        status: 0
           fun: 13751.063322215767
             x: [ 4.584e-01  9.928e-01  2.337e+00  1.313e+00]
           nit: 102
          nfev: 183
 final_simplex: (array([[ 4.584e-01,  9.928e-01,  2.337e+00,  1.313e+00],
                       [ 4.584e-01,  9.929e-01,  2.337e+00,  1.313e+00],
                       ...,
                       [ 4.584e-01,  9.929e-01,  2.337e+00,  1.313e+00],
                       [ 4.584e-01,  9.929e-01,  2.337e+00,  1.313e+00]]), array([ 1.375e+04,  1.375e+04,  1.375e+04,  1.375e+04,
                        1.375e+04]))
   param_names: ['d', 'e', 'f', 'g']
[0.45838175 0.99282978 2.33720832 1.31321134]
{'d': 0.45838175181211277, 'e': 0.9928297787881012, 'f': 2.3372083207352676, 'g': 1.3132113407646302}
Previous:  {'d': 0.4394939173061735, 'e': 0.9433824850753643, 'f': 2.3441541513800646, 'g': 1.2986089085178212}
