prev {'d': 0.40204545265181346, 'e': 0.8337326462126258, 'f': 2.331723377703156, 'g': 1.2566632847511863}
Starting ML Fit
Box_n50_25_1400
       message: Optimization terminated successfully.
       success: True
        status: 0
           fun: 3548.3383981531774
             x: [ 3.957e-01  8.049e-01  2.332e+00  1.255e+00]
           nit: 94
          nfev: 172
 final_simplex: (array([[ 3.957e-01,  8.049e-01,  2.332e+00,  1.255e+00],
                       [ 3.957e-01,  8.048e-01,  2.332e+00,  1.255e+00],
                       ...,
                       [ 3.957e-01,  8.048e-01,  2.332e+00,  1.255e+00],
                       [ 3.957e-01,  8.049e-01,  2.332e+00,  1.255e+00]]), array([ 3.548e+03,  3.548e+03,  3.548e+03,  3.548e+03,
                        3.548e+03]))
   param_names: ['d', 'e', 'f', 'g']
[0.39567157 0.80485788 2.33191625 1.25523125]
{'d': 0.3956715748731261, 'e': 0.8048578824300054, 'f': 2.33191625473185, 'g': 1.2552312467292985}
Previous:  {'d': 0.40204545265181346, 'e': 0.8337326462126258, 'f': 2.331723377703156, 'g': 1.2566632847511863}
