prev {'d': 0.4962848312432301, 'e': 1.2088527373661466, 'f': 2.32071148322668, 'g': 1.24017018779533}
Starting ML Fit
Box19_1400
       message: Optimization terminated successfully.
       success: True
        status: 0
           fun: 6023.755093391519
             x: [ 4.816e-01  1.219e+00  2.320e+00  1.238e+00]
           nit: 98
          nfev: 175
 final_simplex: (array([[ 4.816e-01,  1.219e+00,  2.320e+00,  1.238e+00],
                       [ 4.816e-01,  1.219e+00,  2.320e+00,  1.238e+00],
                       ...,
                       [ 4.816e-01,  1.219e+00,  2.320e+00,  1.238e+00],
                       [ 4.816e-01,  1.219e+00,  2.320e+00,  1.238e+00]]), array([ 6.024e+03,  6.024e+03,  6.024e+03,  6.024e+03,
                        6.024e+03]))
   param_names: ['d', 'e', 'f', 'g']
[0.48155147 1.21905787 2.3200091  1.23835795]
{'d': 0.4815514698882519, 'e': 1.2190578667034009, 'f': 2.3200091034347796, 'g': 1.2383579535791354}
Previous:  {'d': 0.4962848312432301, 'e': 1.2088527373661466, 'f': 2.32071148322668, 'g': 1.24017018779533}
