prev {'d': 0.510486183252246, 'e': 1.0502937233779237, 'f': 2.3217545457652475, 'g': 1.2451966756540267}
Starting ML Fit
Box_n50_10_1400
       message: Optimization terminated successfully.
       success: True
        status: 0
           fun: 5619.409444625728
             x: [ 4.946e-01  1.027e+00  2.324e+00  1.245e+00]
           nit: 103
          nfev: 179
 final_simplex: (array([[ 4.946e-01,  1.027e+00,  2.324e+00,  1.245e+00],
                       [ 4.946e-01,  1.027e+00,  2.324e+00,  1.245e+00],
                       ...,
                       [ 4.946e-01,  1.027e+00,  2.324e+00,  1.245e+00],
                       [ 4.946e-01,  1.027e+00,  2.324e+00,  1.245e+00]]), array([ 5.619e+03,  5.619e+03,  5.619e+03,  5.619e+03,
                        5.619e+03]))
   param_names: ['d', 'e', 'f', 'g']
[0.49461055 1.02719103 2.32397646 1.24482948]
{'d': 0.49461054847766117, 'e': 1.0271910263633632, 'f': 2.3239764626312995, 'g': 1.244829475566073}
Previous:  {'d': 0.510486183252246, 'e': 1.0502937233779237, 'f': 2.3217545457652475, 'g': 1.2451966756540267}
