prev {'d': 0.49144300775587046, 'e': 0.7308852783662367, 'f': 2.3210509613006245, 'g': 1.3622543741063984}
Starting ML Fit
Box97_1400
       message: Optimization terminated successfully.
       success: True
        status: 0
           fun: 5001.235958222244
             x: [ 4.775e-01  6.931e-01  2.323e+00  1.359e+00]
           nit: 107
          nfev: 186
 final_simplex: (array([[ 4.775e-01,  6.931e-01,  2.323e+00,  1.359e+00],
                       [ 4.775e-01,  6.931e-01,  2.323e+00,  1.359e+00],
                       ...,
                       [ 4.775e-01,  6.932e-01,  2.323e+00,  1.359e+00],
                       [ 4.775e-01,  6.932e-01,  2.323e+00,  1.359e+00]]), array([ 5.001e+03,  5.001e+03,  5.001e+03,  5.001e+03,
                        5.001e+03]))
   param_names: ['d', 'e', 'f', 'g']
[0.47749312 0.69314763 2.32250208 1.35856386]
{'d': 0.4774931200875554, 'e': 0.6931476318522061, 'f': 2.322502081015252, 'g': 1.3585638593095357}
Previous:  {'d': 0.49144300775587046, 'e': 0.7308852783662367, 'f': 2.3210509613006245, 'g': 1.3622543741063984}
