prev {'d': 0.49883817399248015, 'e': 0.9970757115021033, 'f': 2.378004059375373, 'g': 1.3060865736877538}
Starting ML Fit
Box_n50_8_1400
       message: Optimization terminated successfully.
       success: True
        status: 0
           fun: 10127.823296742314
             x: [ 4.844e-01  9.782e-01  2.378e+00  1.306e+00]
           nit: 118
          nfev: 205
 final_simplex: (array([[ 4.844e-01,  9.782e-01,  2.378e+00,  1.306e+00],
                       [ 4.844e-01,  9.782e-01,  2.378e+00,  1.306e+00],
                       ...,
                       [ 4.844e-01,  9.782e-01,  2.378e+00,  1.306e+00],
                       [ 4.844e-01,  9.783e-01,  2.378e+00,  1.306e+00]]), array([ 1.013e+04,  1.013e+04,  1.013e+04,  1.013e+04,
                        1.013e+04]))
   param_names: ['d', 'e', 'f', 'g']
[0.48439134 0.97823179 2.37799386 1.30625884]
{'d': 0.48439134336117595, 'e': 0.978231794828045, 'f': 2.3779938567264773, 'g': 1.3062588408949891}
Previous:  {'d': 0.49883817399248015, 'e': 0.9970757115021033, 'f': 2.378004059375373, 'g': 1.3060865736877538}
