prev {'d': 0.565453590175547, 'e': 1.1313725554896066, 'f': 2.327469083138908, 'g': 1.2750508335568957}
Starting ML Fit
Box16_1400
       message: Optimization terminated successfully.
       success: True
        status: 0
           fun: 6055.881569039379
             x: [ 5.505e-01  1.126e+00  2.328e+00  1.250e+00]
           nit: 99
          nfev: 175
 final_simplex: (array([[ 5.505e-01,  1.126e+00,  2.328e+00,  1.250e+00],
                       [ 5.505e-01,  1.126e+00,  2.328e+00,  1.250e+00],
                       ...,
                       [ 5.505e-01,  1.126e+00,  2.328e+00,  1.250e+00],
                       [ 5.505e-01,  1.126e+00,  2.328e+00,  1.250e+00]]), array([ 6.056e+03,  6.056e+03,  6.056e+03,  6.056e+03,
                        6.056e+03]))
   param_names: ['d', 'e', 'f', 'g']
[0.55049774 1.12566201 2.32817536 1.25026447]
{'d': 0.5504977423301864, 'e': 1.1256620127210724, 'f': 2.328175360973329, 'g': 1.2502644726521135}
Previous:  {'d': 0.565453590175547, 'e': 1.1313725554896066, 'f': 2.327469083138908, 'g': 1.2750508335568957}
