prev {'d': 0.5288169627956, 'e': 1.12, 'f': 2.3235554777742466, 'g': 1.2847645464014752}
Starting ML Fit
Box_n50_0_1400
       message: Optimization terminated successfully.
       success: True
        status: 0
           fun: 12154.59921408804
             x: [ 4.996e-01  8.243e-01  2.216e+00  1.289e+00]
           nit: 123
          nfev: 214
 final_simplex: (array([[ 4.996e-01,  8.243e-01,  2.216e+00,  1.289e+00],
                       [ 4.996e-01,  8.242e-01,  2.216e+00,  1.289e+00],
                       ...,
                       [ 4.996e-01,  8.242e-01,  2.216e+00,  1.289e+00],
                       [ 4.996e-01,  8.243e-01,  2.216e+00,  1.289e+00]]), array([ 1.215e+04,  1.215e+04,  1.215e+04,  1.215e+04,
                        1.215e+04]))
   param_names: ['d', 'e', 'f', 'g']
[0.49961278 0.82429011 2.21603397 1.28906721]
{'d': 0.4996127816129461, 'e': 0.8242901102626545, 'f': 2.2160339650618153, 'g': 1.2890672068247855}
Previous:  {'d': 0.5288169627956, 'e': 1.12, 'f': 2.3235554777742466, 'g': 1.2847645464014752}
