Leaving out Box49_1400
alist [1.0, 0.953321, 0.866399, 0.787402, 0.715608, 0.65036, 0.620002, 0.591061, 0.563471, 0.537169, 0.512095, 0.488191, 0.403224, 0.366459]
(2030, 10)
(2030, 4)
scaling input
(2030, 10)
scaling output
(2030, 4)
Iter 1/300 - Loss: 3.1739
Iter 2/300 - Loss: 2.7919
Iter 3/300 - Loss: 2.4408
Iter 4/300 - Loss: 2.1251
Iter 5/300 - Loss: 1.8462
Iter 6/300 - Loss: 1.6023
Iter 7/300 - Loss: 1.3921
Iter 8/300 - Loss: 1.2171
Iter 9/300 - Loss: 1.0809
Iter 10/300 - Loss: 0.9869
Iter 11/300 - Loss: 0.9333
Iter 12/300 - Loss: 0.9099
Iter 13/300 - Loss: 0.9018
Iter 14/300 - Loss: 0.8965
Iter 15/300 - Loss: 0.8866
Iter 16/300 - Loss: 0.8679
Iter 17/300 - Loss: 0.8377
Iter 18/300 - Loss: 0.7935
Iter 19/300 - Loss: 0.7337
Iter 20/300 - Loss: 0.6601
Iter 21/300 - Loss: 0.5789
Iter 22/300 - Loss: 0.5000
Iter 23/300 - Loss: 0.4311
Iter 24/300 - Loss: 0.3749
Iter 25/300 - Loss: 0.3297
Iter 26/300 - Loss: 0.2926
Iter 27/300 - Loss: 0.2598
Iter 28/300 - Loss: 0.2278
Iter 29/300 - Loss: 0.1945
Iter 30/300 - Loss: 0.1585
Iter 31/300 - Loss: 0.1193
Iter 32/300 - Loss: 0.0773
Iter 33/300 - Loss: 0.0330
Iter 34/300 - Loss: -0.0126
Iter 35/300 - Loss: -0.0584
Iter 36/300 - Loss: -0.1032
Iter 37/300 - Loss: -0.1459
Iter 38/300 - Loss: -0.1855
Iter 39/300 - Loss: -0.2213
Iter 40/300 - Loss: -0.2534
Iter 41/300 - Loss: -0.2821
Iter 42/300 - Loss: -0.3082
Iter 43/300 - Loss: -0.3355
Iter 44/300 - Loss: -0.3611
Iter 45/300 - Loss: -0.3883
Iter 46/300 - Loss: -0.4143
Iter 47/300 - Loss: -0.4408
Iter 48/300 - Loss: -0.4652
Iter 49/300 - Loss: -0.4884
Iter 50/300 - Loss: -0.5085
Iter 51/300 - Loss: -0.5267
Iter 52/300 - Loss: -0.5426
Iter 53/300 - Loss: -0.5567
Iter 54/300 - Loss: -0.5700
Iter 55/300 - Loss: -0.5826
Iter 56/300 - Loss: -0.5948
Iter 57/300 - Loss: -0.6068
Iter 58/300 - Loss: -0.6185
Iter 59/300 - Loss: -0.6295
Iter 60/300 - Loss: -0.6398
Iter 61/300 - Loss: -0.6494
Iter 62/300 - Loss: -0.6581
Iter 63/300 - Loss: -0.6662
Iter 64/300 - Loss: -0.6741
Iter 65/300 - Loss: -0.6818
Iter 66/300 - Loss: -0.6892
Iter 67/300 - Loss: -0.6963
Iter 68/300 - Loss: -0.7024
Iter 69/300 - Loss: -0.7076
Iter 70/300 - Loss: -0.7119
Iter 71/300 - Loss: -0.7154
Iter 72/300 - Loss: -0.7186
Iter 73/300 - Loss: -0.7214
Iter 74/300 - Loss: -0.7242
Iter 75/300 - Loss: -0.7268
Iter 76/300 - Loss: -0.7290
Iter 77/300 - Loss: -0.7310
Iter 78/300 - Loss: -0.7326
Iter 79/300 - Loss: -0.7336
Iter 80/300 - Loss: -0.7326
Iter 81/300 - Loss: -0.7329
Iter 82/300 - Loss: -0.7386
Iter 83/300 - Loss: -0.7385
Iter 84/300 - Loss: -0.7420
Iter 85/300 - Loss: -0.7421
Iter 86/300 - Loss: -0.7449
Iter 87/300 - Loss: -0.7449
Iter 88/300 - Loss: -0.7474
Iter 89/300 - Loss: -0.7476
Iter 90/300 - Loss: -0.7494
Iter 91/300 - Loss: -0.7500
Iter 92/300 - Loss: -0.7507
Iter 93/300 - Loss: -0.7519
Iter 94/300 - Loss: -0.7519
Iter 95/300 - Loss: -0.7534
Iter 96/300 - Loss: -0.7536
Iter 97/300 - Loss: -0.7545
Iter 98/300 - Loss: -0.7552
Iter 99/300 - Loss: -0.7555
Iter 100/300 - Loss: -0.7565
Iter 101/300 - Loss: -0.7567
Iter 102/300 - Loss: -0.7575
Iter 103/300 - Loss: -0.7580
Iter 104/300 - Loss: -0.7584
Iter 105/300 - Loss: -0.7592
Iter 106/300 - Loss: -0.7594
Iter 107/300 - Loss: -0.7600
Iter 108/300 - Loss: -0.7604
Iter 109/300 - Loss: -0.7608
Iter 110/300 - Loss: -0.7614
Iter 111/300 - Loss: -0.7616
Iter 112/300 - Loss: -0.7622
Iter 113/300 - Loss: -0.7625
Iter 114/300 - Loss: -0.7629
Iter 115/300 - Loss: -0.7633
Iter 116/300 - Loss: -0.7636
Iter 117/300 - Loss: -0.7641
Iter 118/300 - Loss: -0.7643
Iter 119/300 - Loss: -0.7647
Iter 120/300 - Loss: -0.7650
Iter 121/300 - Loss: -0.7653
Iter 122/300 - Loss: -0.7657
Iter 123/300 - Loss: -0.7659
Iter 124/300 - Loss: -0.7663
Iter 125/300 - Loss: -0.7665
Iter 126/300 - Loss: -0.7668
Iter 127/300 - Loss: -0.7671
Iter 128/300 - Loss: -0.7673
Iter 129/300 - Loss: -0.7676
Iter 130/300 - Loss: -0.7678
Iter 131/300 - Loss: -0.7681
Iter 132/300 - Loss: -0.7683
Iter 133/300 - Loss: -0.7685
Iter 134/300 - Loss: -0.7687
Iter 135/300 - Loss: -0.7689
Iter 136/300 - Loss: -0.7691
Iter 137/300 - Loss: -0.7693
Iter 138/300 - Loss: -0.7695
Iter 139/300 - Loss: -0.7697
Iter 140/300 - Loss: -0.7699
Iter 141/300 - Loss: -0.7700
Iter 142/300 - Loss: -0.7702
Iter 143/300 - Loss: -0.7704
Iter 144/300 - Loss: -0.7706
Iter 145/300 - Loss: -0.7707
Iter 146/300 - Loss: -0.7709
Iter 147/300 - Loss: -0.7710
Iter 148/300 - Loss: -0.7712
Iter 149/300 - Loss: -0.7713
Iter 150/300 - Loss: -0.7715
Iter 151/300 - Loss: -0.7717
Iter 152/300 - Loss: -0.7718
Iter 153/300 - Loss: -0.7719
Iter 154/300 - Loss: -0.7719
Iter 155/300 - Loss: -0.7719
Iter 156/300 - Loss: -0.7719
Iter 157/300 - Loss: -0.7720
Iter 158/300 - Loss: -0.7720
Iter 159/300 - Loss: -0.7720
Iter 160/300 - Loss: -0.7720
Iter 161/300 - Loss: -0.7721
Iter 162/300 - Loss: -0.7721
Iter 163/300 - Loss: -0.7721
Iter 164/300 - Loss: -0.7722
Iter 165/300 - Loss: -0.7722
Iter 166/300 - Loss: -0.7722
Iter 167/300 - Loss: -0.7723
Iter 168/300 - Loss: -0.7723
Iter 169/300 - Loss: -0.7723
Iter 170/300 - Loss: -0.7724
Iter 171/300 - Loss: -0.7724
Iter 172/300 - Loss: -0.7725
Iter 173/300 - Loss: -0.7725
Iter 174/300 - Loss: -0.7726
Iter 175/300 - Loss: -0.7726
Iter 176/300 - Loss: -0.7726
Iter 177/300 - Loss: -0.7727
Iter 178/300 - Loss: -0.7728
Iter 179/300 - Loss: -0.7728
Iter 180/300 - Loss: -0.7729
Iter 181/300 - Loss: -0.7730
Iter 182/300 - Loss: -0.7730
Iter 183/300 - Loss: -0.7731
Iter 184/300 - Loss: -0.7732
Iter 185/300 - Loss: -0.7733
Iter 186/300 - Loss: -0.7733
Iter 187/300 - Loss: -0.7734
Iter 188/300 - Loss: -0.7735
Iter 189/300 - Loss: -0.7736
Iter 190/300 - Loss: -0.7737
Iter 191/300 - Loss: -0.7738
Iter 192/300 - Loss: -0.7739
Iter 193/300 - Loss: -0.7740
Iter 194/300 - Loss: -0.7742
Iter 195/300 - Loss: -0.7743
Iter 196/300 - Loss: -0.7744
Iter 197/300 - Loss: -0.7746
Iter 198/300 - Loss: -0.7747
Iter 199/300 - Loss: -0.7749
Iter 200/300 - Loss: -0.7750
Iter 201/300 - Loss: -0.7752
Iter 202/300 - Loss: -0.7754
Iter 203/300 - Loss: -0.7756
Iter 204/300 - Loss: -0.7758
Iter 205/300 - Loss: -0.7760
Iter 206/300 - Loss: -0.7762
Iter 207/300 - Loss: -0.7764
Iter 208/300 - Loss: -0.7767
Iter 209/300 - Loss: -0.7769
Iter 210/300 - Loss: -0.7772
Iter 211/300 - Loss: -0.7774
Iter 212/300 - Loss: -0.7777
Iter 213/300 - Loss: -0.7780
Iter 214/300 - Loss: -0.7783
Iter 215/300 - Loss: -0.7786
Iter 216/300 - Loss: -0.7789
Iter 217/300 - Loss: -0.7792
Iter 218/300 - Loss: -0.7796
Iter 219/300 - Loss: -0.7799
Iter 220/300 - Loss: -0.7802
Iter 221/300 - Loss: -0.7806
Iter 222/300 - Loss: -0.7810
Iter 223/300 - Loss: -0.7813
Iter 224/300 - Loss: -0.7817
Iter 225/300 - Loss: -0.7821
Iter 226/300 - Loss: -0.7824
Iter 227/300 - Loss: -0.7828
Iter 228/300 - Loss: -0.7832
Iter 229/300 - Loss: -0.7836
Iter 230/300 - Loss: -0.7839
Iter 231/300 - Loss: -0.7843
Iter 232/300 - Loss: -0.7847
Iter 233/300 - Loss: -0.7851
Iter 234/300 - Loss: -0.7855
Iter 235/300 - Loss: -0.7858
Iter 236/300 - Loss: -0.7862
Iter 237/300 - Loss: -0.7866
Iter 238/300 - Loss: -0.7869
Iter 239/300 - Loss: -0.7873
Iter 240/300 - Loss: -0.7877
Iter 241/300 - Loss: -0.7880
Iter 242/300 - Loss: -0.7884
Iter 243/300 - Loss: -0.7887
Iter 244/300 - Loss: -0.7891
Iter 245/300 - Loss: -0.7894
Iter 246/300 - Loss: -0.7897
Iter 247/300 - Loss: -0.7901
Iter 248/300 - Loss: -0.7904
Iter 249/300 - Loss: -0.7907
Iter 250/300 - Loss: -0.7910
Iter 251/300 - Loss: -0.7914
Iter 252/300 - Loss: -0.7917
Iter 253/300 - Loss: -0.7920
Iter 254/300 - Loss: -0.7923
Iter 255/300 - Loss: -0.7926
Iter 256/300 - Loss: -0.7928
Iter 257/300 - Loss: -0.7931
Iter 258/300 - Loss: -0.7934
Iter 259/300 - Loss: -0.7937
Iter 260/300 - Loss: -0.7939
Iter 261/300 - Loss: -0.7942
Iter 262/300 - Loss: -0.7945
Iter 263/300 - Loss: -0.7947
Iter 264/300 - Loss: -0.7950
Iter 265/300 - Loss: -0.7952
Iter 266/300 - Loss: -0.7955
Iter 267/300 - Loss: -0.7957
Iter 268/300 - Loss: -0.7959
Iter 269/300 - Loss: -0.7961
Iter 270/300 - Loss: -0.7964
Iter 271/300 - Loss: -0.7966
Iter 272/300 - Loss: -0.7968
Iter 273/300 - Loss: -0.7970
Iter 274/300 - Loss: -0.7972
Iter 275/300 - Loss: -0.7974
Iter 276/300 - Loss: -0.7976
Iter 277/300 - Loss: -0.7978
Iter 278/300 - Loss: -0.7980
Iter 279/300 - Loss: -0.7982
Iter 280/300 - Loss: -0.7983
Iter 281/300 - Loss: -0.7985
Iter 282/300 - Loss: -0.7987
Iter 283/300 - Loss: -0.7989
Iter 284/300 - Loss: -0.7990
Iter 285/300 - Loss: -0.7992
Iter 286/300 - Loss: -0.7994
Iter 287/300 - Loss: -0.7995
Iter 288/300 - Loss: -0.7997
Iter 289/300 - Loss: -0.7998
Iter 290/300 - Loss: -0.8000
Iter 291/300 - Loss: -0.8001
Iter 292/300 - Loss: -0.8003
Iter 293/300 - Loss: -0.8004
Iter 294/300 - Loss: -0.8006
Iter 295/300 - Loss: -0.8007
Iter 296/300 - Loss: -0.8008
Iter 297/300 - Loss: -0.8010
Iter 298/300 - Loss: -0.8011
Iter 299/300 - Loss: -0.8012
Iter 300/300 - Loss: -0.8013
