prev {'d': 0.43662301833781836, 'e': 0.8127273428172723, 'f': 2.3361784541350956, 'g': 1.2972210310135863}
Starting ML Fit
Box_n50_17_1400
       message: Optimization terminated successfully.
       success: True
        status: 0
           fun: 3203.8116188471377
             x: [ 4.322e-01  8.235e-01  2.334e+00  1.292e+00]
           nit: 94
          nfev: 166
 final_simplex: (array([[ 4.322e-01,  8.235e-01,  2.334e+00,  1.292e+00],
                       [ 4.322e-01,  8.235e-01,  2.334e+00,  1.292e+00],
                       ...,
                       [ 4.322e-01,  8.235e-01,  2.334e+00,  1.292e+00],
                       [ 4.322e-01,  8.236e-01,  2.334e+00,  1.292e+00]]), array([ 3.204e+03,  3.204e+03,  3.204e+03,  3.204e+03,
                        3.204e+03]))
   param_names: ['d', 'e', 'f', 'g']
[0.4322065  0.82352053 2.33366838 1.29201844]
{'d': 0.43220649762797314, 'e': 0.8235205344201394, 'f': 2.3336683769202007, 'g': 1.2920184416724856}
Previous:  {'d': 0.43662301833781836, 'e': 0.8127273428172723, 'f': 2.3361784541350956, 'g': 1.2972210310135863}
