prev {'d': 0.4526941207996404, 'e': 1.0250820901057063, 'f': 2.3456433762751163, 'g': 1.2464633991648308}
Starting ML Fit
Box82_1400
       message: Optimization terminated successfully.
       success: True
        status: 0
           fun: 7261.958771505367
             x: [ 4.482e-01  1.040e+00  2.342e+00  1.243e+00]
           nit: 85
          nfev: 158
 final_simplex: (array([[ 4.482e-01,  1.040e+00,  2.342e+00,  1.243e+00],
                       [ 4.482e-01,  1.040e+00,  2.342e+00,  1.243e+00],
                       ...,
                       [ 4.482e-01,  1.040e+00,  2.342e+00,  1.243e+00],
                       [ 4.482e-01,  1.040e+00,  2.342e+00,  1.243e+00]]), array([ 7.262e+03,  7.262e+03,  7.262e+03,  7.262e+03,
                        7.262e+03]))
   param_names: ['d', 'e', 'f', 'g']
[0.44820942 1.03963911 2.34190294 1.24349799]
{'d': 0.448209422094996, 'e': 1.039639110206422, 'f': 2.3419029437702785, 'g': 1.2434979912312136}
Previous:  {'d': 0.4526941207996404, 'e': 1.0250820901057063, 'f': 2.3456433762751163, 'g': 1.2464633991648308}
