prev {'d': 0.4315790250108983, 'e': 0.9999022449269024, 'f': 2.3332737242997057, 'g': 1.2833410983874085}
Starting ML Fit
Box_n50_27_1400
       message: Optimization terminated successfully.
       success: True
        status: 0
           fun: 10032.987430937594
             x: [ 4.234e-01  1.001e+00  2.333e+00  1.253e+00]
           nit: 98
          nfev: 175
 final_simplex: (array([[ 4.234e-01,  1.001e+00,  2.333e+00,  1.253e+00],
                       [ 4.234e-01,  1.001e+00,  2.333e+00,  1.253e+00],
                       ...,
                       [ 4.234e-01,  1.001e+00,  2.333e+00,  1.253e+00],
                       [ 4.234e-01,  1.001e+00,  2.333e+00,  1.253e+00]]), array([ 1.003e+04,  1.003e+04,  1.003e+04,  1.003e+04,
                        1.003e+04]))
   param_names: ['d', 'e', 'f', 'g']
[0.42338213 1.00082641 2.33313319 1.25257405]
{'d': 0.4233821291905947, 'e': 1.0008264101240414, 'f': 2.3331331920421183, 'g': 1.252574046097581}
Previous:  {'d': 0.4315790250108983, 'e': 0.9999022449269024, 'f': 2.3332737242997057, 'g': 1.2833410983874085}
