prev {'d': 0.4322695679992048, 'e': 1.0050163116355084, 'f': 2.2761705080931387, 'g': 1.280718861352132}
Starting ML Fit
Box_n50_13_1400
       message: Optimization terminated successfully.
       success: True
        status: 0
           fun: 9955.707706564292
             x: [ 4.282e-01  9.874e-01  2.276e+00  1.280e+00]
           nit: 85
          nfev: 155
 final_simplex: (array([[ 4.282e-01,  9.874e-01,  2.276e+00,  1.280e+00],
                       [ 4.282e-01,  9.874e-01,  2.276e+00,  1.280e+00],
                       ...,
                       [ 4.282e-01,  9.874e-01,  2.276e+00,  1.280e+00],
                       [ 4.282e-01,  9.874e-01,  2.276e+00,  1.280e+00]]), array([ 9.956e+03,  9.956e+03,  9.956e+03,  9.956e+03,
                        9.956e+03]))
   param_names: ['d', 'e', 'f', 'g']
[0.42816787 0.98740726 2.27630502 1.27987498]
{'d': 0.4281678724426295, 'e': 0.9874072552957256, 'f': 2.276305024685671, 'g': 1.279874977541328}
Previous:  {'d': 0.4322695679992048, 'e': 1.0050163116355084, 'f': 2.2761705080931387, 'g': 1.280718861352132}
