prev {'d': 0.5208360697042278, 'e': 1.16801228355904, 'f': 2.307698186137245, 'g': 1.3091948720985374}
Starting ML Fit
Box96_1400
       message: Optimization terminated successfully.
       success: True
        status: 0
           fun: 10652.439031405429
             x: [ 5.127e-01  1.196e+00  2.306e+00  1.302e+00]
           nit: 109
          nfev: 191
 final_simplex: (array([[ 5.127e-01,  1.196e+00,  2.306e+00,  1.302e+00],
                       [ 5.126e-01,  1.196e+00,  2.306e+00,  1.302e+00],
                       ...,
                       [ 5.126e-01,  1.196e+00,  2.306e+00,  1.302e+00],
                       [ 5.126e-01,  1.196e+00,  2.306e+00,  1.302e+00]]), array([ 1.065e+04,  1.065e+04,  1.065e+04,  1.065e+04,
                        1.065e+04]))
   param_names: ['d', 'e', 'f', 'g']
[0.51265026 1.19558482 2.30561393 1.30164139]
{'d': 0.5126502574697702, 'e': 1.1955848158564861, 'f': 2.305613925823831, 'g': 1.3016413861023168}
Previous:  {'d': 0.5208360697042278, 'e': 1.16801228355904, 'f': 2.307698186137245, 'g': 1.3091948720985374}
