prev {'d': 0.4652806397501539, 'e': 1.1685762729926557, 'f': 2.2631859313116154, 'g': 1.2202035403148523}
Starting ML Fit
Box4_1400
       message: Optimization terminated successfully.
       success: True
        status: 0
           fun: 9997.940077666919
             x: [ 4.602e-01  1.147e+00  2.263e+00  1.220e+00]
           nit: 81
          nfev: 153
 final_simplex: (array([[ 4.602e-01,  1.147e+00,  2.263e+00,  1.220e+00],
                       [ 4.602e-01,  1.147e+00,  2.263e+00,  1.220e+00],
                       ...,
                       [ 4.602e-01,  1.147e+00,  2.263e+00,  1.220e+00],
                       [ 4.602e-01,  1.147e+00,  2.263e+00,  1.220e+00]]), array([ 9.998e+03,  9.998e+03,  9.998e+03,  9.998e+03,
                        9.998e+03]))
   param_names: ['d', 'e', 'f', 'g']
[0.46015629 1.14726781 2.2632748  1.21995646]
{'d': 0.46015629380638473, 'e': 1.1472678072997753, 'f': 2.2632747965675764, 'g': 1.2199564555884503}
Previous:  {'d': 0.4652806397501539, 'e': 1.1685762729926557, 'f': 2.2631859313116154, 'g': 1.2202035403148523}
