prev {'d': 0.5042991161746995, 'e': 1.1107067832988524, 'f': 2.3520280349706297, 'g': 1.3173983922274024}
Starting ML Fit
Box_n50_28_1400
       message: Optimization terminated successfully.
       success: True
        status: 0
           fun: 9629.068899251015
             x: [ 4.906e-01  1.093e+00  2.357e+00  1.313e+00]
           nit: 129
          nfev: 225
 final_simplex: (array([[ 4.906e-01,  1.093e+00,  2.357e+00,  1.313e+00],
                       [ 4.906e-01,  1.093e+00,  2.357e+00,  1.313e+00],
                       ...,
                       [ 4.906e-01,  1.093e+00,  2.357e+00,  1.313e+00],
                       [ 4.906e-01,  1.093e+00,  2.357e+00,  1.313e+00]]), array([ 9.629e+03,  9.629e+03,  9.629e+03,  9.629e+03,
                        9.629e+03]))
   param_names: ['d', 'e', 'f', 'g']
[0.49057742 1.09308253 2.35738939 1.31256608]
{'d': 0.49057741739167093, 'e': 1.0930825342958674, 'f': 2.357389392874472, 'g': 1.3125660769247407}
Previous:  {'d': 0.5042991161746995, 'e': 1.1107067832988524, 'f': 2.3520280349706297, 'g': 1.3173983922274024}
