prev {'d': 0.4212441457087207, 'e': 0.9572503224631717, 'f': 2.316929568504854, 'g': 1.2863488222524235}
Starting ML Fit
Box87_1400
       message: Optimization terminated successfully.
       success: True
        status: 0
           fun: 3157.6451755455814
             x: [ 4.105e-01  9.612e-01  2.316e+00  1.275e+00]
           nit: 89
          nfev: 163
 final_simplex: (array([[ 4.105e-01,  9.612e-01,  2.316e+00,  1.275e+00],
                       [ 4.105e-01,  9.612e-01,  2.316e+00,  1.275e+00],
                       ...,
                       [ 4.105e-01,  9.612e-01,  2.316e+00,  1.275e+00],
                       [ 4.105e-01,  9.612e-01,  2.316e+00,  1.275e+00]]), array([ 3.158e+03,  3.158e+03,  3.158e+03,  3.158e+03,
                        3.158e+03]))
   param_names: ['d', 'e', 'f', 'g']
[0.41048184 0.96121575 2.31589212 1.27483209]
{'d': 0.41048183581179426, 'e': 0.9612157525366092, 'f': 2.3158921165669604, 'g': 1.2748320892588216}
Previous:  {'d': 0.4212441457087207, 'e': 0.9572503224631717, 'f': 2.316929568504854, 'g': 1.2863488222524235}
