prev {'d': 0.45053395547631975, 'e': 0.7486285748753501, 'f': 2.3034767306709893, 'g': 1.3320834908994335}
Starting ML Fit
Box9_1400
       message: Optimization terminated successfully.
       success: True
        status: 0
           fun: 8770.12235966089
             x: [ 4.437e-01  7.268e-01  2.305e+00  1.330e+00]
           nit: 124
          nfev: 217
 final_simplex: (array([[ 4.437e-01,  7.268e-01,  2.305e+00,  1.330e+00],
                       [ 4.437e-01,  7.268e-01,  2.305e+00,  1.330e+00],
                       ...,
                       [ 4.437e-01,  7.268e-01,  2.305e+00,  1.330e+00],
                       [ 4.437e-01,  7.269e-01,  2.305e+00,  1.330e+00]]), array([ 8.770e+03,  8.770e+03,  8.770e+03,  8.770e+03,
                        8.770e+03]))
   param_names: ['d', 'e', 'f', 'g']
[0.44372509 0.72682681 2.30492747 1.32976166]
{'d': 0.44372508871403965, 'e': 0.7268268052364901, 'f': 2.304927472572562, 'g': 1.32976166261785}
Previous:  {'d': 0.45053395547631975, 'e': 0.7486285748753501, 'f': 2.3034767306709893, 'g': 1.3320834908994335}
