prev {'d': 0.4534191743170413, 'e': 0.880901017988019, 'f': 2.274447809604445, 'g': 1.300301429285425}
Starting ML Fit
Box78_1400
       message: Optimization terminated successfully.
       success: True
        status: 0
           fun: 7668.835018587694
             x: [ 4.495e-01  9.004e-01  2.271e+00  1.294e+00]
           nit: 88
          nfev: 154
 final_simplex: (array([[ 4.495e-01,  9.004e-01,  2.271e+00,  1.294e+00],
                       [ 4.495e-01,  9.004e-01,  2.271e+00,  1.294e+00],
                       ...,
                       [ 4.495e-01,  9.004e-01,  2.271e+00,  1.294e+00],
                       [ 4.495e-01,  9.004e-01,  2.271e+00,  1.294e+00]]), array([ 7.669e+03,  7.669e+03,  7.669e+03,  7.669e+03,
                        7.669e+03]))
   param_names: ['d', 'e', 'f', 'g']
[0.44953534 0.90036607 2.27065888 1.2943022 ]
{'d': 0.4495353448017335, 'e': 0.9003660724759426, 'f': 2.2706588829648506, 'g': 1.2943022038821839}
Previous:  {'d': 0.4534191743170413, 'e': 0.880901017988019, 'f': 2.274447809604445, 'g': 1.300301429285425}
