prev {'d': 0.5138594940749641, 'e': 1.0883161148598632, 'f': 2.3082400998556225, 'g': 1.274393907816652}
Starting ML Fit
Box_n50_39_1400
       message: Optimization terminated successfully.
       success: True
        status: 0
           fun: 6704.394142221409
             x: [ 4.995e-01  1.094e+00  2.308e+00  1.275e+00]
           nit: 100
          nfev: 178
 final_simplex: (array([[ 4.995e-01,  1.094e+00,  2.308e+00,  1.275e+00],
                       [ 4.995e-01,  1.094e+00,  2.308e+00,  1.275e+00],
                       ...,
                       [ 4.995e-01,  1.094e+00,  2.308e+00,  1.275e+00],
                       [ 4.995e-01,  1.094e+00,  2.308e+00,  1.275e+00]]), array([ 6.704e+03,  6.704e+03,  6.704e+03,  6.704e+03,
                        6.704e+03]))
   param_names: ['d', 'e', 'f', 'g']
[0.49946586 1.09434801 2.30822249 1.27458339]
{'d': 0.4994658599034695, 'e': 1.094348013857349, 'f': 2.3082224884985747, 'g': 1.2745833934890274}
Previous:  {'d': 0.5138594940749641, 'e': 1.0883161148598632, 'f': 2.3082400998556225, 'g': 1.274393907816652}
