prev {'d': 0.47327262373323414, 'e': 1.0805185338915348, 'f': 2.3341097494767102, 'g': 1.2762796177945472}
Starting ML Fit
Box_n50_2_1400
       message: Optimization terminated successfully.
       success: True
        status: 0
           fun: 6961.522177570192
             x: [ 4.728e-01  1.064e+00  2.335e+00  1.263e+00]
           nit: 114
          nfev: 195
 final_simplex: (array([[ 4.728e-01,  1.064e+00,  2.335e+00,  1.263e+00],
                       [ 4.728e-01,  1.064e+00,  2.335e+00,  1.263e+00],
                       ...,
                       [ 4.728e-01,  1.064e+00,  2.335e+00,  1.263e+00],
                       [ 4.728e-01,  1.064e+00,  2.335e+00,  1.263e+00]]), array([ 6.962e+03,  6.962e+03,  6.962e+03,  6.962e+03,
                        6.962e+03]))
   param_names: ['d', 'e', 'f', 'g']
[0.47284233 1.06421512 2.33541631 1.26288184]
{'d': 0.4728423255795089, 'e': 1.0642151214785422, 'f': 2.3354163057872155, 'g': 1.262881837214671}
Previous:  {'d': 0.47327262373323414, 'e': 1.0805185338915348, 'f': 2.3341097494767102, 'g': 1.2762796177945472}
