prev {'d': 0.46311985956028956, 'e': 0.9902822052666262, 'f': 2.3444729764491643, 'g': 1.2619995816609249}
Starting ML Fit
Box46_1400
       message: Optimization terminated successfully.
       success: True
        status: 0
           fun: 5626.787230886145
             x: [ 4.693e-01  1.003e+00  2.343e+00  1.290e+00]
           nit: 105
          nfev: 186
 final_simplex: (array([[ 4.693e-01,  1.003e+00,  2.343e+00,  1.290e+00],
                       [ 4.693e-01,  1.003e+00,  2.343e+00,  1.290e+00],
                       ...,
                       [ 4.693e-01,  1.003e+00,  2.343e+00,  1.290e+00],
                       [ 4.693e-01,  1.003e+00,  2.343e+00,  1.290e+00]]), array([ 5.627e+03,  5.627e+03,  5.627e+03,  5.627e+03,
                        5.627e+03]))
   param_names: ['d', 'e', 'f', 'g']
[0.46929937 1.00257838 2.34280349 1.29018468]
{'d': 0.46929937190645465, 'e': 1.0025783819620866, 'f': 2.3428034900608994, 'g': 1.2901846825905872}
Previous:  {'d': 0.46311985956028956, 'e': 0.9902822052666262, 'f': 2.3444729764491643, 'g': 1.2619995816609249}
