prev {'d': 0.4196046190843987, 'e': 0.9698602687229635, 'f': 2.3401937603072285, 'g': 1.2637337905556238}
Starting ML Fit
Box48_1400
       message: Optimization terminated successfully.
       success: True
        status: 0
           fun: 5112.578370682912
             x: [ 4.325e-01  9.733e-01  2.339e+00  1.282e+00]
           nit: 96
          nfev: 169
 final_simplex: (array([[ 4.325e-01,  9.733e-01,  2.339e+00,  1.282e+00],
                       [ 4.325e-01,  9.732e-01,  2.339e+00,  1.282e+00],
                       ...,
                       [ 4.325e-01,  9.733e-01,  2.339e+00,  1.283e+00],
                       [ 4.325e-01,  9.732e-01,  2.339e+00,  1.282e+00]]), array([ 5.113e+03,  5.113e+03,  5.113e+03,  5.113e+03,
                        5.113e+03]))
   param_names: ['d', 'e', 'f', 'g']
[0.43251665 0.97327373 2.3392641  1.28249625]
{'d': 0.4325166491203102, 'e': 0.9732737268859155, 'f': 2.3392640978920642, 'g': 1.282496250744335}
Previous:  {'d': 0.4196046190843987, 'e': 0.9698602687229635, 'f': 2.3401937603072285, 'g': 1.2637337905556238}
