prev {'d': 0.4263746915486315, 'e': 1.0336011153078464, 'f': 2.347399278888972, 'g': 1.2821186314347488}
Starting ML Fit
Box10_1400
       message: Optimization terminated successfully.
       success: True
        status: 0
           fun: 6406.152996970244
             x: [ 4.273e-01  1.030e+00  2.348e+00  1.287e+00]
           nit: 77
          nfev: 142
 final_simplex: (array([[ 4.273e-01,  1.030e+00,  2.348e+00,  1.287e+00],
                       [ 4.273e-01,  1.030e+00,  2.348e+00,  1.287e+00],
                       ...,
                       [ 4.273e-01,  1.030e+00,  2.348e+00,  1.287e+00],
                       [ 4.273e-01,  1.030e+00,  2.348e+00,  1.287e+00]]), array([ 6.406e+03,  6.406e+03,  6.406e+03,  6.406e+03,
                        6.406e+03]))
   param_names: ['d', 'e', 'f', 'g']
[0.42728527 1.02966504 2.34821907 1.28737069]
{'d': 0.42728526844081505, 'e': 1.0296650364870197, 'f': 2.3482190700551016, 'g': 1.2873706876232043}
Previous:  {'d': 0.4263746915486315, 'e': 1.0336011153078464, 'f': 2.347399278888972, 'g': 1.2821186314347488}
