prev {'d': 0.40537196204459575, 'e': 0.8258450317582633, 'f': 2.300503464084473, 'g': 1.2411560877657066}
Starting ML Fit
Box_n50_48_1400
       message: Optimization terminated successfully.
       success: True
        status: 0
           fun: 4204.176277073841
             x: [ 4.023e-01  8.210e-01  2.301e+00  1.241e+00]
           nit: 99
          nfev: 176
 final_simplex: (array([[ 4.023e-01,  8.210e-01,  2.301e+00,  1.241e+00],
                       [ 4.023e-01,  8.210e-01,  2.301e+00,  1.241e+00],
                       ...,
                       [ 4.023e-01,  8.210e-01,  2.301e+00,  1.241e+00],
                       [ 4.023e-01,  8.210e-01,  2.301e+00,  1.241e+00]]), array([ 4.204e+03,  4.204e+03,  4.204e+03,  4.204e+03,
                        4.204e+03]))
   param_names: ['d', 'e', 'f', 'g']
[0.40233976 0.82099722 2.30053756 1.24095016]
{'d': 0.4023397628181089, 'e': 0.8209972199440885, 'f': 2.300537557495361, 'g': 1.2409501607348887}
Previous:  {'d': 0.40537196204459575, 'e': 0.8258450317582633, 'f': 2.300503464084473, 'g': 1.2411560877657066}
