prev {'d': 0.5231745631899376, 'e': 1.2079311608974377, 'f': 2.231361609384506, 'g': 1.1718622094927995}
Starting ML Fit
Box59_1400
       message: Optimization terminated successfully.
       success: True
        status: 0
           fun: 9618.084385581169
             x: [ 5.055e-01  1.207e+00  2.231e+00  1.172e+00]
           nit: 110
          nfev: 194
 final_simplex: (array([[ 5.055e-01,  1.207e+00,  2.231e+00,  1.172e+00],
                       [ 5.055e-01,  1.207e+00,  2.231e+00,  1.172e+00],
                       ...,
                       [ 5.055e-01,  1.207e+00,  2.231e+00,  1.172e+00],
                       [ 5.055e-01,  1.207e+00,  2.231e+00,  1.172e+00]]), array([ 9.618e+03,  9.618e+03,  9.618e+03,  9.618e+03,
                        9.618e+03]))
   param_names: ['d', 'e', 'f', 'g']
[0.50553676 1.2073851  2.23139594 1.17152073]
{'d': 0.5055367604160363, 'e': 1.2073850997098359, 'f': 2.231395940988424, 'g': 1.1715207301557706}
Previous:  {'d': 0.5231745631899376, 'e': 1.2079311608974377, 'f': 2.231361609384506, 'g': 1.1718622094927995}
