prev {'d': 0.3821828142530367, 'e': 1.083650502227731, 'f': 2.3260885409245846, 'g': 1.1937423588590999}
Starting ML Fit
Box21_1400
       message: Optimization terminated successfully.
       success: True
        status: 0
           fun: 4015.2518268895037
             x: [ 3.824e-01  1.084e+00  2.326e+00  1.183e+00]
           nit: 94
          nfev: 169
 final_simplex: (array([[ 3.824e-01,  1.084e+00,  2.326e+00,  1.183e+00],
                       [ 3.824e-01,  1.084e+00,  2.326e+00,  1.183e+00],
                       ...,
                       [ 3.824e-01,  1.084e+00,  2.326e+00,  1.183e+00],
                       [ 3.824e-01,  1.084e+00,  2.326e+00,  1.184e+00]]), array([ 4.015e+03,  4.015e+03,  4.015e+03,  4.015e+03,
                        4.015e+03]))
   param_names: ['d', 'e', 'f', 'g']
[0.38236467 1.08379143 2.32598325 1.18349702]
{'d': 0.38236466612933995, 'e': 1.0837914253969418, 'f': 2.3259832467712327, 'g': 1.1834970235948221}
Previous:  {'d': 0.3821828142530367, 'e': 1.083650502227731, 'f': 2.3260885409245846, 'g': 1.1937423588590999}
