prev {'d': 0.3813052130673953, 'e': 0.9933974380690143, 'f': 2.3356147015719815, 'g': 1.2083322793539732}
Starting ML Fit
Box49_1400
       message: Optimization terminated successfully.
       success: True
        status: 0
           fun: 727.8839281168395
             x: [ 3.796e-01  9.931e-01  2.336e+00  1.191e+00]
           nit: 105
          nfev: 190
 final_simplex: (array([[ 3.796e-01,  9.931e-01,  2.336e+00,  1.191e+00],
                       [ 3.796e-01,  9.931e-01,  2.336e+00,  1.191e+00],
                       ...,
                       [ 3.796e-01,  9.930e-01,  2.336e+00,  1.191e+00],
                       [ 3.796e-01,  9.930e-01,  2.336e+00,  1.191e+00]]), array([ 7.279e+02,  7.279e+02,  7.279e+02,  7.279e+02,
                        7.279e+02]))
   param_names: ['d', 'e', 'f', 'g']
[0.37957377 0.9930611  2.3359857  1.19058749]
{'d': 0.37957376831335676, 'e': 0.9930610960128915, 'f': 2.335985699627634, 'g': 1.1905874882911869}
Previous:  {'d': 0.3813052130673953, 'e': 0.9933974380690143, 'f': 2.3356147015719815, 'g': 1.2083322793539732}
