Leaving out Box90_1400
alist [1.0, 0.953321, 0.866399, 0.787402, 0.715608, 0.65036, 0.620002, 0.591061, 0.563471, 0.537169, 0.512095, 0.488191, 0.403224, 0.366459]
scaling input
scaling output
Iter 1/250 - Loss: 10.1264
Iter 2/250 - Loss: 9.2433
Iter 3/250 - Loss: 8.1962
Iter 4/250 - Loss: 7.3157
Iter 5/250 - Loss: 6.4025
Iter 6/250 - Loss: 5.5679
Iter 7/250 - Loss: 4.7596
Iter 8/250 - Loss: 4.0172
Iter 9/250 - Loss: 3.3520
Iter 10/250 - Loss: 2.7739
Iter 11/250 - Loss: 2.2922
Iter 12/250 - Loss: 1.9030
Iter 13/250 - Loss: 1.5931
Iter 14/250 - Loss: 1.3453
Iter 15/250 - Loss: 1.1445
Iter 16/250 - Loss: 0.9796
Iter 17/250 - Loss: 0.8449
Iter 18/250 - Loss: 0.7386
Iter 19/250 - Loss: 0.6604
Iter 20/250 - Loss: 0.6090
Iter 21/250 - Loss: 0.5789
Iter 22/250 - Loss: 0.5606
Iter 23/250 - Loss: 0.5445
Iter 24/250 - Loss: 0.5236
Iter 25/250 - Loss: 0.4944
Iter 26/250 - Loss: 0.4560
Iter 27/250 - Loss: 0.4093
Iter 28/250 - Loss: 0.3557
Iter 29/250 - Loss: 0.2970
Iter 30/250 - Loss: 0.2349
Iter 31/250 - Loss: 0.1720
Iter 32/250 - Loss: 0.1110
Iter 33/250 - Loss: 0.0544
Iter 34/250 - Loss: 0.0035
Iter 35/250 - Loss: -0.0416
Iter 36/250 - Loss: -0.0816
Iter 37/250 - Loss: -0.1177
Iter 38/250 - Loss: -0.1512
Iter 39/250 - Loss: -0.1830
Iter 40/250 - Loss: -0.2140
Iter 41/250 - Loss: -0.2447
Iter 42/250 - Loss: -0.2752
Iter 43/250 - Loss: -0.3055
Iter 44/250 - Loss: -0.3353
Iter 45/250 - Loss: -0.3642
Iter 46/250 - Loss: -0.3918
Iter 47/250 - Loss: -0.4177
Iter 48/250 - Loss: -0.4416
Iter 49/250 - Loss: -0.4632
Iter 50/250 - Loss: -0.4826
Iter 51/250 - Loss: -0.5000
Iter 52/250 - Loss: -0.5154
Iter 53/250 - Loss: -0.5293
Iter 54/250 - Loss: -0.5418
Iter 55/250 - Loss: -0.5533
Iter 56/250 - Loss: -0.5640
Iter 57/250 - Loss: -0.5743
Iter 58/250 - Loss: -0.5844
Iter 59/250 - Loss: -0.5946
Iter 60/250 - Loss: -0.6053
Iter 61/250 - Loss: -0.6165
Iter 62/250 - Loss: -0.6284
Iter 63/250 - Loss: -0.6407
Iter 64/250 - Loss: -0.6532
Iter 65/250 - Loss: -0.6652
Iter 66/250 - Loss: -0.6764
Iter 67/250 - Loss: -0.6863
Iter 68/250 - Loss: -0.6949
Iter 69/250 - Loss: -0.7024
Iter 70/250 - Loss: -0.7088
Iter 71/250 - Loss: -0.7147
Iter 72/250 - Loss: -0.7201
Iter 73/250 - Loss: -0.7252
Iter 74/250 - Loss: -0.7298
Iter 75/250 - Loss: -0.7338
Iter 76/250 - Loss: -0.7379
Iter 77/250 - Loss: -0.7428
Iter 78/250 - Loss: -0.7489
Iter 79/250 - Loss: -0.7554
Iter 80/250 - Loss: -0.7616
Iter 81/250 - Loss: -0.7669
Iter 82/250 - Loss: -0.7712
Iter 83/250 - Loss: -0.7748
Iter 84/250 - Loss: -0.7779
Iter 85/250 - Loss: -0.7807
Iter 86/250 - Loss: -0.7835
Iter 87/250 - Loss: -0.7864
Iter 88/250 - Loss: -0.7893
Iter 89/250 - Loss: -0.7924
Iter 90/250 - Loss: -0.7955
Iter 91/250 - Loss: -0.7984
Iter 92/250 - Loss: -0.8011
Iter 93/250 - Loss: -0.8033
Iter 94/250 - Loss: -0.8051
Iter 95/250 - Loss: -0.8068
Iter 96/250 - Loss: -0.8084
Iter 97/250 - Loss: -0.8101
Iter 98/250 - Loss: -0.8116
Iter 99/250 - Loss: -0.8129
Iter 100/250 - Loss: -0.8139
Iter 101/250 - Loss: -0.8149
Iter 102/250 - Loss: -0.8162
Iter 103/250 - Loss: -0.8174
Iter 104/250 - Loss: -0.8182
Iter 105/250 - Loss: -0.8191
Iter 106/250 - Loss: -0.8198
Iter 107/250 - Loss: -0.8205
Iter 108/250 - Loss: -0.8212
Iter 109/250 - Loss: -0.8219
Iter 110/250 - Loss: -0.8225
Iter 111/250 - Loss: -0.8230
Iter 112/250 - Loss: -0.8236
Iter 113/250 - Loss: -0.8243
Iter 114/250 - Loss: -0.8248
Iter 115/250 - Loss: -0.8255
Iter 116/250 - Loss: -0.8260
Iter 117/250 - Loss: -0.8266
Iter 118/250 - Loss: -0.8271
Iter 119/250 - Loss: -0.8276
Iter 120/250 - Loss: -0.8280
Iter 121/250 - Loss: -0.8285
Iter 122/250 - Loss: -0.8289
Iter 123/250 - Loss: -0.8293
Iter 124/250 - Loss: -0.8298
Iter 125/250 - Loss: -0.8302
Iter 126/250 - Loss: -0.8306
Iter 127/250 - Loss: -0.8310
Iter 128/250 - Loss: -0.8313
Iter 129/250 - Loss: -0.8316
Iter 130/250 - Loss: -0.8320
Iter 131/250 - Loss: -0.8323
Iter 132/250 - Loss: -0.8326
Iter 133/250 - Loss: -0.8329
Iter 134/250 - Loss: -0.8332
Iter 135/250 - Loss: -0.8334
Iter 136/250 - Loss: -0.8337
Iter 137/250 - Loss: -0.8340
Iter 138/250 - Loss: -0.8343
Iter 139/250 - Loss: -0.8345
Iter 140/250 - Loss: -0.8348
Iter 141/250 - Loss: -0.8350
Iter 142/250 - Loss: -0.8352
Iter 143/250 - Loss: -0.8355
Iter 144/250 - Loss: -0.8357
Iter 145/250 - Loss: -0.8359
Iter 146/250 - Loss: -0.8361
Iter 147/250 - Loss: -0.8363
Iter 148/250 - Loss: -0.8365
Iter 149/250 - Loss: -0.8367
Iter 150/250 - Loss: -0.8369
Iter 151/250 - Loss: -0.8371
Iter 152/250 - Loss: -0.8373
Iter 153/250 - Loss: -0.8375
Iter 154/250 - Loss: -0.8377
Iter 155/250 - Loss: -0.8378
Iter 156/250 - Loss: -0.8380
Iter 157/250 - Loss: -0.8382
Iter 158/250 - Loss: -0.8384
Iter 159/250 - Loss: -0.8385
Iter 160/250 - Loss: -0.8387
Iter 161/250 - Loss: -0.8388
Iter 162/250 - Loss: -0.8389
Iter 163/250 - Loss: -0.8390
Iter 164/250 - Loss: -0.8392
Iter 165/250 - Loss: -0.8394
Iter 166/250 - Loss: -0.8397
Iter 167/250 - Loss: -0.8398
Iter 168/250 - Loss: -0.8399
Iter 169/250 - Loss: -0.8400
Iter 170/250 - Loss: -0.8402
Iter 171/250 - Loss: -0.8403
Iter 172/250 - Loss: -0.8405
Iter 173/250 - Loss: -0.8406
Iter 174/250 - Loss: -0.8407
Iter 175/250 - Loss: -0.8408
Iter 176/250 - Loss: -0.8410
Iter 177/250 - Loss: -0.8411
Iter 178/250 - Loss: -0.8412
Iter 179/250 - Loss: -0.8413
Iter 180/250 - Loss: -0.8414
Iter 181/250 - Loss: -0.8416
Iter 182/250 - Loss: -0.8417
Iter 183/250 - Loss: -0.8418
Iter 184/250 - Loss: -0.8419
Iter 185/250 - Loss: -0.8420
Iter 186/250 - Loss: -0.8421
Iter 187/250 - Loss: -0.8422
Iter 188/250 - Loss: -0.8423
Iter 189/250 - Loss: -0.8424
Iter 190/250 - Loss: -0.8425
Iter 191/250 - Loss: -0.8426
Iter 192/250 - Loss: -0.8428
Iter 193/250 - Loss: -0.8428
Iter 194/250 - Loss: -0.8429
Iter 195/250 - Loss: -0.8430
Iter 196/250 - Loss: -0.8431
Iter 197/250 - Loss: -0.8432
Iter 198/250 - Loss: -0.8433
Iter 199/250 - Loss: -0.8434
Iter 200/250 - Loss: -0.8435
Iter 201/250 - Loss: -0.8436
Iter 202/250 - Loss: -0.8437
Iter 203/250 - Loss: -0.8437
Iter 204/250 - Loss: -0.8438
Iter 205/250 - Loss: -0.8439
Iter 206/250 - Loss: -0.8439
Iter 207/250 - Loss: -0.8441
Iter 208/250 - Loss: -0.8441
Iter 209/250 - Loss: -0.8442
Iter 210/250 - Loss: -0.8442
Iter 211/250 - Loss: -0.8443
Iter 212/250 - Loss: -0.8443
Iter 213/250 - Loss: -0.8444
Iter 214/250 - Loss: -0.8444
Iter 215/250 - Loss: -0.8444
Iter 216/250 - Loss: -0.8446
Iter 217/250 - Loss: -0.8447
Iter 218/250 - Loss: -0.8448
Iter 219/250 - Loss: -0.8449
Iter 220/250 - Loss: -0.8449
Iter 221/250 - Loss: -0.8450
Iter 222/250 - Loss: -0.8450
Iter 223/250 - Loss: -0.8451
Iter 224/250 - Loss: -0.8452
Iter 225/250 - Loss: -0.8453
Iter 226/250 - Loss: -0.8453
Iter 227/250 - Loss: -0.8454
Iter 228/250 - Loss: -0.8454
Iter 229/250 - Loss: -0.8455
Iter 230/250 - Loss: -0.8456
Iter 231/250 - Loss: -0.8456
Iter 232/250 - Loss: -0.8457
Iter 233/250 - Loss: -0.8457
Iter 234/250 - Loss: -0.8458
Iter 235/250 - Loss: -0.8459
Iter 236/250 - Loss: -0.8459
Iter 237/250 - Loss: -0.8460
Iter 238/250 - Loss: -0.8460
Iter 239/250 - Loss: -0.8461
Iter 240/250 - Loss: -0.8461
Iter 241/250 - Loss: -0.8462
Iter 242/250 - Loss: -0.8463
Iter 243/250 - Loss: -0.8463
Iter 244/250 - Loss: -0.8464
Iter 245/250 - Loss: -0.8464
Iter 246/250 - Loss: -0.8464
Iter 247/250 - Loss: -0.8465
Iter 248/250 - Loss: -0.8466
Iter 249/250 - Loss: -0.8466
Iter 250/250 - Loss: -0.8466
now training with smaller learning rate
Iter 1/250 - Loss: -0.8467
Iter 2/250 - Loss: -0.8463
Iter 3/250 - Loss: -0.8471
Iter 4/250 - Loss: -0.8470
Iter 5/250 - Loss: -0.8473
Iter 6/250 - Loss: -0.8476
Iter 7/250 - Loss: -0.8478
Iter 8/250 - Loss: -0.8480
Iter 9/250 - Loss: -0.8482
Iter 10/250 - Loss: -0.8484
Iter 11/250 - Loss: -0.8485
Iter 12/250 - Loss: -0.8487
Iter 13/250 - Loss: -0.8490
Iter 14/250 - Loss: -0.8492
Iter 15/250 - Loss: -0.8493
Iter 16/250 - Loss: -0.8496
Iter 17/250 - Loss: -0.8498
Iter 18/250 - Loss: -0.8501
Iter 19/250 - Loss: -0.8502
Iter 20/250 - Loss: -0.8505
Iter 21/250 - Loss: -0.8508
Iter 22/250 - Loss: -0.8510
Iter 23/250 - Loss: -0.8512
Iter 24/250 - Loss: -0.8515
Iter 25/250 - Loss: -0.8518
Iter 26/250 - Loss: -0.8522
Iter 27/250 - Loss: -0.8525
Iter 28/250 - Loss: -0.8528
Iter 29/250 - Loss: -0.8532
Iter 30/250 - Loss: -0.8537
Iter 31/250 - Loss: -0.8541
Iter 32/250 - Loss: -0.8545
Iter 33/250 - Loss: -0.8550
Iter 34/250 - Loss: -0.8556
Iter 35/250 - Loss: -0.8561
Iter 36/250 - Loss: -0.8566
Iter 37/250 - Loss: -0.8573
Iter 38/250 - Loss: -0.8579
Iter 39/250 - Loss: -0.8584
Iter 40/250 - Loss: -0.8591
Iter 41/250 - Loss: -0.8597
Iter 42/250 - Loss: -0.8603
Iter 43/250 - Loss: -0.8608
Iter 44/250 - Loss: -0.8614
Iter 45/250 - Loss: -0.8618
Iter 46/250 - Loss: -0.8623
Iter 47/250 - Loss: -0.8628
Iter 48/250 - Loss: -0.8632
Iter 49/250 - Loss: -0.8636
Iter 50/250 - Loss: -0.8639
Iter 51/250 - Loss: -0.8643
Iter 52/250 - Loss: -0.8647
Iter 53/250 - Loss: -0.8650
Iter 54/250 - Loss: -0.8654
Iter 55/250 - Loss: -0.8658
Iter 56/250 - Loss: -0.8662
Iter 57/250 - Loss: -0.8666
Iter 58/250 - Loss: -0.8669
Iter 59/250 - Loss: -0.8673
Iter 60/250 - Loss: -0.8677
Iter 61/250 - Loss: -0.8680
Iter 62/250 - Loss: -0.8684
Iter 63/250 - Loss: -0.8687
Iter 64/250 - Loss: -0.8691
Iter 65/250 - Loss: -0.8694
Iter 66/250 - Loss: -0.8697
Iter 67/250 - Loss: -0.8700
Iter 68/250 - Loss: -0.8703
Iter 69/250 - Loss: -0.8706
Iter 70/250 - Loss: -0.8709
Iter 71/250 - Loss: -0.8712
Iter 72/250 - Loss: -0.8715
Iter 73/250 - Loss: -0.8718
Iter 74/250 - Loss: -0.8721
Iter 75/250 - Loss: -0.8724
Iter 76/250 - Loss: -0.8727
Iter 77/250 - Loss: -0.8730
Iter 78/250 - Loss: -0.8733
Iter 79/250 - Loss: -0.8736
Iter 80/250 - Loss: -0.8738
Iter 81/250 - Loss: -0.8741
Iter 82/250 - Loss: -0.8743
Iter 83/250 - Loss: -0.8746
Iter 84/250 - Loss: -0.8749
Iter 85/250 - Loss: -0.8751
Iter 86/250 - Loss: -0.8755
Iter 87/250 - Loss: -0.8756
Iter 88/250 - Loss: -0.8759
Iter 89/250 - Loss: -0.8761
Iter 90/250 - Loss: -0.8764
Iter 91/250 - Loss: -0.8766
Iter 92/250 - Loss: -0.8768
Iter 93/250 - Loss: -0.8771
Iter 94/250 - Loss: -0.8773
Iter 95/250 - Loss: -0.8775
Iter 96/250 - Loss: -0.8778
Iter 97/250 - Loss: -0.8779
Iter 98/250 - Loss: -0.8782
Iter 99/250 - Loss: -0.8784
Iter 100/250 - Loss: -0.8785
Iter 101/250 - Loss: -0.8788
Iter 102/250 - Loss: -0.8790
Iter 103/250 - Loss: -0.8792
Iter 104/250 - Loss: -0.8794
Iter 105/250 - Loss: -0.8795
Iter 106/250 - Loss: -0.8796
Iter 107/250 - Loss: -0.8798
Iter 108/250 - Loss: -0.8800
Iter 109/250 - Loss: -0.8802
Iter 110/250 - Loss: -0.8803
Iter 111/250 - Loss: -0.8805
Iter 112/250 - Loss: -0.8805
Iter 113/250 - Loss: -0.8806
Iter 114/250 - Loss: -0.8808
Iter 115/250 - Loss: -0.8810
Iter 116/250 - Loss: -0.8810
Iter 117/250 - Loss: -0.8812
Iter 118/250 - Loss: -0.8813
Iter 119/250 - Loss: -0.8814
Iter 120/250 - Loss: -0.8814
Iter 121/250 - Loss: -0.8816
Iter 122/250 - Loss: -0.8816
Iter 123/250 - Loss: -0.8816
Iter 124/250 - Loss: -0.8819
Iter 125/250 - Loss: -0.8819
Iter 126/250 - Loss: -0.8819
Iter 127/250 - Loss: -0.8821
Iter 128/250 - Loss: -0.8822
Iter 129/250 - Loss: -0.8822
Iter 130/250 - Loss: -0.8825
Iter 131/250 - Loss: -0.8824
Iter 132/250 - Loss: -0.8825
Iter 133/250 - Loss: -0.8825
Iter 134/250 - Loss: -0.8825
Iter 135/250 - Loss: -0.8827
Iter 136/250 - Loss: -0.8826
Iter 137/250 - Loss: -0.8829
Iter 138/250 - Loss: -0.8829
Iter 139/250 - Loss: -0.8829
Iter 140/250 - Loss: -0.8830
Iter 141/250 - Loss: -0.8831
Iter 142/250 - Loss: -0.8832
Iter 143/250 - Loss: -0.8831
Iter 144/250 - Loss: -0.8833
Iter 145/250 - Loss: -0.8832
Iter 146/250 - Loss: -0.8833
Iter 147/250 - Loss: -0.8833
Iter 148/250 - Loss: -0.8836
Iter 149/250 - Loss: -0.8835
Iter 150/250 - Loss: -0.8836
Iter 151/250 - Loss: -0.8837
Iter 152/250 - Loss: -0.8836
Iter 153/250 - Loss: -0.8837
Iter 154/250 - Loss: -0.8837
Iter 155/250 - Loss: -0.8838
Iter 156/250 - Loss: -0.8839
Iter 157/250 - Loss: -0.8839
Iter 158/250 - Loss: -0.8839
Iter 159/250 - Loss: -0.8842
Iter 160/250 - Loss: -0.8841
Iter 161/250 - Loss: -0.8841
Iter 162/250 - Loss: -0.8841
Iter 163/250 - Loss: -0.8843
Iter 164/250 - Loss: -0.8843
Iter 165/250 - Loss: -0.8844
Iter 166/250 - Loss: -0.8843
Iter 167/250 - Loss: -0.8845
Iter 168/250 - Loss: -0.8844
Iter 169/250 - Loss: -0.8846
Iter 170/250 - Loss: -0.8846
Iter 171/250 - Loss: -0.8846
Iter 172/250 - Loss: -0.8847
Iter 173/250 - Loss: -0.8849
Iter 174/250 - Loss: -0.8847
Iter 175/250 - Loss: -0.8850
Iter 176/250 - Loss: -0.8851
Iter 177/250 - Loss: -0.8851
Iter 178/250 - Loss: -0.8851
Iter 179/250 - Loss: -0.8852
Iter 180/250 - Loss: -0.8853
Iter 181/250 - Loss: -0.8853
Iter 182/250 - Loss: -0.8854
Iter 183/250 - Loss: -0.8856
Iter 184/250 - Loss: -0.8855
Iter 185/250 - Loss: -0.8856
Iter 186/250 - Loss: -0.8856
Iter 187/250 - Loss: -0.8856
Iter 188/250 - Loss: -0.8857
Iter 189/250 - Loss: -0.8858
Iter 190/250 - Loss: -0.8859
Iter 191/250 - Loss: -0.8859
Iter 192/250 - Loss: -0.8861
Iter 193/250 - Loss: -0.8860
Iter 194/250 - Loss: -0.8862
Iter 195/250 - Loss: -0.8861
Iter 196/250 - Loss: -0.8862
Iter 197/250 - Loss: -0.8864
Iter 198/250 - Loss: -0.8864
Iter 199/250 - Loss: -0.8865
Iter 200/250 - Loss: -0.8865
Iter 201/250 - Loss: -0.8866
Iter 202/250 - Loss: -0.8867
Iter 203/250 - Loss: -0.8868
Iter 204/250 - Loss: -0.8869
Iter 205/250 - Loss: -0.8870
Iter 206/250 - Loss: -0.8871
Iter 207/250 - Loss: -0.8871
Iter 208/250 - Loss: -0.8873
Iter 209/250 - Loss: -0.8873
Iter 210/250 - Loss: -0.8874
Iter 211/250 - Loss: -0.8876
Iter 212/250 - Loss: -0.8877
Iter 213/250 - Loss: -0.8879
Iter 214/250 - Loss: -0.8879
Iter 215/250 - Loss: -0.8880
Iter 216/250 - Loss: -0.8884
Iter 217/250 - Loss: -0.8884
Iter 218/250 - Loss: -0.8887
Iter 219/250 - Loss: -0.8888
Iter 220/250 - Loss: -0.8891
Iter 221/250 - Loss: -0.8893
Iter 222/250 - Loss: -0.8895
Iter 223/250 - Loss: -0.8898
Iter 224/250 - Loss: -0.8900
Iter 225/250 - Loss: -0.8903
Iter 226/250 - Loss: -0.8907
Iter 227/250 - Loss: -0.8910
Iter 228/250 - Loss: -0.8913
Iter 229/250 - Loss: -0.8917
Iter 230/250 - Loss: -0.8921
Iter 231/250 - Loss: -0.8926
Iter 232/250 - Loss: -0.8930
Iter 233/250 - Loss: -0.8935
Iter 234/250 - Loss: -0.8940
Iter 235/250 - Loss: -0.8945
Iter 236/250 - Loss: -0.8950
Iter 237/250 - Loss: -0.8957
Iter 238/250 - Loss: -0.8963
Iter 239/250 - Loss: -0.8970
Iter 240/250 - Loss: -0.8976
Iter 241/250 - Loss: -0.8983
Iter 242/250 - Loss: -0.8990
Iter 243/250 - Loss: -0.8998
Iter 244/250 - Loss: -0.9006
Iter 245/250 - Loss: -0.9013
Iter 246/250 - Loss: -0.9021
Iter 247/250 - Loss: -0.9029
Iter 248/250 - Loss: -0.9037
Iter 249/250 - Loss: -0.9044
Iter 250/250 - Loss: -0.9052
