prev {'d': 0.5030346489940468, 'e': 1.1297561985073725, 'f': 2.337122499209767, 'g': 1.2921406892818492}
Starting ML Fit
Box7_1400
       message: Optimization terminated successfully.
       success: True
        status: 0
           fun: 9881.246106559382
             x: [ 4.844e-01  1.081e+00  2.345e+00  1.278e+00]
           nit: 105
          nfev: 186
 final_simplex: (array([[ 4.844e-01,  1.081e+00,  2.345e+00,  1.278e+00],
                       [ 4.844e-01,  1.081e+00,  2.345e+00,  1.278e+00],
                       ...,
                       [ 4.844e-01,  1.081e+00,  2.345e+00,  1.278e+00],
                       [ 4.844e-01,  1.081e+00,  2.345e+00,  1.278e+00]]), array([ 9.881e+03,  9.881e+03,  9.881e+03,  9.881e+03,
                        9.881e+03]))
   param_names: ['d', 'e', 'f', 'g']
[0.48442494 1.08113496 2.34518859 1.27782933]
{'d': 0.4844249416383304, 'e': 1.0811349559214034, 'f': 2.345188593961904, 'g': 1.277829332050116}
Previous:  {'d': 0.5030346489940468, 'e': 1.1297561985073725, 'f': 2.337122499209767, 'g': 1.2921406892818492}
