prev {'d': 0.4727234042355314, 'e': 1.0363786929520145, 'f': 2.336181873557573, 'g': 1.3015083516082844}
Starting ML Fit
Box67_1400
       message: Optimization terminated successfully.
       success: True
        status: 0
           fun: 6995.283108182116
             x: [ 4.572e-01  1.003e+00  2.342e+00  1.299e+00]
           nit: 101
          nfev: 182
 final_simplex: (array([[ 4.572e-01,  1.003e+00,  2.342e+00,  1.299e+00],
                       [ 4.572e-01,  1.003e+00,  2.342e+00,  1.299e+00],
                       ...,
                       [ 4.572e-01,  1.003e+00,  2.342e+00,  1.299e+00],
                       [ 4.572e-01,  1.003e+00,  2.342e+00,  1.299e+00]]), array([ 6.995e+03,  6.995e+03,  6.995e+03,  6.995e+03,
                        6.995e+03]))
   param_names: ['d', 'e', 'f', 'g']
[0.45721213 1.00336091 2.34178029 1.29866669]
{'d': 0.4572121268703241, 'e': 1.0033609095230505, 'f': 2.3417802855808274, 'g': 1.298666688187362}
Previous:  {'d': 0.4727234042355314, 'e': 1.0363786929520145, 'f': 2.336181873557573, 'g': 1.3015083516082844}
