prev {'d': 0.48209569065226276, 'e': 1.0422605435141887, 'f': 2.337259501310088, 'g': 1.3003073147789188}
Starting ML Fit
Box_n50_16_1400
       message: Optimization terminated successfully.
       success: True
        status: 0
           fun: 9099.599537826665
             x: [ 4.774e-01  1.007e+00  2.341e+00  1.303e+00]
           nit: 80
          nfev: 144
 final_simplex: (array([[ 4.774e-01,  1.007e+00,  2.341e+00,  1.303e+00],
                       [ 4.774e-01,  1.007e+00,  2.341e+00,  1.303e+00],
                       ...,
                       [ 4.774e-01,  1.007e+00,  2.341e+00,  1.303e+00],
                       [ 4.774e-01,  1.007e+00,  2.341e+00,  1.303e+00]]), array([ 9.100e+03,  9.100e+03,  9.100e+03,  9.100e+03,
                        9.100e+03]))
   param_names: ['d', 'e', 'f', 'g']
[0.4773705  1.00722284 2.34114222 1.30272867]
{'d': 0.4773704962731922, 'e': 1.0072228405509605, 'f': 2.3411422164619857, 'g': 1.3027286712224346}
Previous:  {'d': 0.48209569065226276, 'e': 1.0422605435141887, 'f': 2.337259501310088, 'g': 1.3003073147789188}
