prev {'d': 0.45314677429567146, 'e': 0.9910445788763254, 'f': 2.3308583026306398, 'g': 1.2844134706721468}
Starting ML Fit
Box39_1400
       message: Optimization terminated successfully.
       success: True
        status: 0
           fun: 4060.255753395228
             x: [ 4.487e-01  1.001e+00  2.330e+00  1.279e+00]
           nit: 92
          nfev: 164
 final_simplex: (array([[ 4.487e-01,  1.001e+00,  2.330e+00,  1.279e+00],
                       [ 4.487e-01,  1.001e+00,  2.330e+00,  1.279e+00],
                       ...,
                       [ 4.487e-01,  1.001e+00,  2.330e+00,  1.279e+00],
                       [ 4.487e-01,  1.001e+00,  2.330e+00,  1.279e+00]]), array([ 4.060e+03,  4.060e+03,  4.060e+03,  4.060e+03,
                        4.060e+03]))
   param_names: ['d', 'e', 'f', 'g']
[0.44873676 1.00082597 2.33031302 1.27948656]
{'d': 0.44873676281579666, 'e': 1.0008259676427609, 'f': 2.330313020392142, 'g': 1.2794865560695965}
Previous:  {'d': 0.45314677429567146, 'e': 0.9910445788763254, 'f': 2.3308583026306398, 'g': 1.2844134706721468}
