prev {'d': 0.4085865319700901, 'e': 0.9995810151726655, 'f': 2.3199425709816364, 'g': 1.2712493679864236}
Starting ML Fit
Box_n50_36_1400
       message: Optimization terminated successfully.
       success: True
        status: 0
           fun: 3313.141697986395
             x: [ 3.964e-01  9.952e-01  2.322e+00  1.263e+00]
           nit: 100
          nfev: 184
 final_simplex: (array([[ 3.964e-01,  9.952e-01,  2.322e+00,  1.263e+00],
                       [ 3.964e-01,  9.952e-01,  2.322e+00,  1.263e+00],
                       ...,
                       [ 3.964e-01,  9.952e-01,  2.322e+00,  1.263e+00],
                       [ 3.964e-01,  9.952e-01,  2.322e+00,  1.263e+00]]), array([ 3.313e+03,  3.313e+03,  3.313e+03,  3.313e+03,
                        3.313e+03]))
   param_names: ['d', 'e', 'f', 'g']
[0.39641715 0.99517568 2.32198639 1.26341376]
{'d': 0.39641714878725104, 'e': 0.9951756846000821, 'f': 2.321986394949759, 'g': 1.2634137585573195}
Previous:  {'d': 0.4085865319700901, 'e': 0.9995810151726655, 'f': 2.3199425709816364, 'g': 1.2712493679864236}
