prev {'d': 0.45767802481289666, 'e': 0.9629575314413662, 'f': 2.3341407344483804, 'g': 1.2927872244594698}
Starting ML Fit
Box39_1400
       message: Optimization terminated successfully.
       success: True
        status: 0
           fun: 4720.256529180681
             x: [ 4.531e-01  9.910e-01  2.331e+00  1.284e+00]
           nit: 103
          nfev: 175
 final_simplex: (array([[ 4.531e-01,  9.910e-01,  2.331e+00,  1.284e+00],
                       [ 4.531e-01,  9.910e-01,  2.331e+00,  1.284e+00],
                       ...,
                       [ 4.532e-01,  9.911e-01,  2.331e+00,  1.284e+00],
                       [ 4.531e-01,  9.911e-01,  2.331e+00,  1.284e+00]]), array([ 4.720e+03,  4.720e+03,  4.720e+03,  4.720e+03,
                        4.720e+03]))
   param_names: ['d', 'e', 'f', 'g']
[0.45314677 0.99104458 2.3308583  1.28441347]
{'d': 0.45314677429567146, 'e': 0.9910445788763254, 'f': 2.3308583026306398, 'g': 1.2844134706721468}
Previous:  {'d': 0.45767802481289666, 'e': 0.9629575314413662, 'f': 2.3341407344483804, 'g': 1.2927872244594698}
