prev {'d': 0.547865915183003, 'e': 1.2135913770536, 'f': 2.3131629475849755, 'g': 1.3066458324958377}
Starting ML Fit
Box83_1400
       message: Optimization terminated successfully.
       success: True
        status: 0
           fun: 9458.778485510758
             x: [ 5.353e-01  1.196e+00  2.311e+00  1.300e+00]
           nit: 100
          nfev: 173
 final_simplex: (array([[ 5.353e-01,  1.196e+00,  2.311e+00,  1.300e+00],
                       [ 5.353e-01,  1.196e+00,  2.311e+00,  1.300e+00],
                       ...,
                       [ 5.353e-01,  1.196e+00,  2.311e+00,  1.300e+00],
                       [ 5.353e-01,  1.196e+00,  2.311e+00,  1.300e+00]]), array([ 9.459e+03,  9.459e+03,  9.459e+03,  9.459e+03,
                        9.459e+03]))
   param_names: ['d', 'e', 'f', 'g']
[0.53528086 1.19570336 2.31079955 1.29983299]
{'d': 0.5352808588516416, 'e': 1.1957033550975475, 'f': 2.3107995502287206, 'g': 1.2998329927890644}
Previous:  {'d': 0.547865915183003, 'e': 1.2135913770536, 'f': 2.3131629475849755, 'g': 1.3066458324958377}
