prev {'d': 0.41713157299104464, 'e': 1.0750034970328362, 'f': 2.326451001117153, 'g': 1.194431250825054}
Starting ML Fit
Box59_1400
       message: Optimization terminated successfully.
       success: True
        status: 0
           fun: 3312.32986702523
             x: [ 4.391e-01  1.072e+00  2.327e+00  1.183e+00]
           nit: 126
          nfev: 222
 final_simplex: (array([[ 4.391e-01,  1.072e+00,  2.327e+00,  1.183e+00],
                       [ 4.392e-01,  1.072e+00,  2.327e+00,  1.183e+00],
                       ...,
                       [ 4.391e-01,  1.072e+00,  2.327e+00,  1.183e+00],
                       [ 4.392e-01,  1.072e+00,  2.327e+00,  1.183e+00]]), array([ 3.312e+03,  3.312e+03,  3.312e+03,  3.312e+03,
                        3.312e+03]))
   param_names: ['d', 'e', 'f', 'g']
[0.43914946 1.07199521 2.32710765 1.18317521]
{'d': 0.4391494563549855, 'e': 1.0719952119448515, 'f': 2.3271076515690754, 'g': 1.1831752133553328}
Previous:  {'d': 0.41713157299104464, 'e': 1.0750034970328362, 'f': 2.326451001117153, 'g': 1.194431250825054}
