prev {'d': 0.503474342168633, 'e': 0.9302010813958108, 'f': 2.3403442139718527, 'g': 1.3404759851869719}
Starting ML Fit
Box31_1400
       message: Optimization terminated successfully.
       success: True
        status: 0
           fun: 11842.89996141471
             x: [ 5.029e-01  7.950e-01  2.339e+00  1.376e+00]
           nit: 108
          nfev: 195
 final_simplex: (array([[ 5.029e-01,  7.950e-01,  2.339e+00,  1.376e+00],
                       [ 5.029e-01,  7.950e-01,  2.339e+00,  1.376e+00],
                       ...,
                       [ 5.029e-01,  7.950e-01,  2.339e+00,  1.376e+00],
                       [ 5.029e-01,  7.950e-01,  2.339e+00,  1.376e+00]]), array([ 1.184e+04,  1.184e+04,  1.184e+04,  1.184e+04,
                        1.184e+04]))
   param_names: ['d', 'e', 'f', 'g']
[0.50289571 0.79501807 2.33921431 1.37593391]
{'d': 0.5028957107285854, 'e': 0.7950180713679205, 'f': 2.3392143090718673, 'g': 1.37593391285567}
Previous:  {'d': 0.503474342168633, 'e': 0.9302010813958108, 'f': 2.3403442139718527, 'g': 1.3404759851869719}
