prev {'d': 0.4842506163160867, 'e': 1.1534750295604144, 'f': 2.3369132547260447, 'g': 1.27968929180033}
Starting ML Fit
Box76_1400
       message: Optimization terminated successfully.
       success: True
        status: 0
           fun: 12127.036319641835
             x: [ 5.056e-01  1.171e+00  2.335e+00  1.281e+00]
           nit: 96
          nfev: 168
 final_simplex: (array([[ 5.056e-01,  1.171e+00,  2.335e+00,  1.281e+00],
                       [ 5.056e-01,  1.171e+00,  2.335e+00,  1.281e+00],
                       ...,
                       [ 5.056e-01,  1.171e+00,  2.335e+00,  1.281e+00],
                       [ 5.056e-01,  1.171e+00,  2.335e+00,  1.281e+00]]), array([ 1.213e+04,  1.213e+04,  1.213e+04,  1.213e+04,
                        1.213e+04]))
   param_names: ['d', 'e', 'f', 'g']
[0.50560827 1.17052678 2.33494362 1.28105118]
{'d': 0.5056082688834143, 'e': 1.1705267837339342, 'f': 2.33494361755806, 'g': 1.2810511845084172}
Previous:  {'d': 0.4842506163160867, 'e': 1.1534750295604144, 'f': 2.3369132547260447, 'g': 1.27968929180033}
