prev {'d': 0.4230674456570702, 'e': 0.8975345514646043, 'f': 2.3824718210607356, 'g': 1.2709959783688083}
Starting ML Fit
Box11_1400
       message: Optimization terminated successfully.
       success: True
        status: 0
           fun: 6027.784731103493
             x: [ 4.169e-01  8.661e-01  2.383e+00  1.270e+00]
           nit: 109
          nfev: 192
 final_simplex: (array([[ 4.169e-01,  8.661e-01,  2.383e+00,  1.270e+00],
                       [ 4.169e-01,  8.661e-01,  2.383e+00,  1.270e+00],
                       ...,
                       [ 4.169e-01,  8.662e-01,  2.383e+00,  1.270e+00],
                       [ 4.169e-01,  8.661e-01,  2.383e+00,  1.270e+00]]), array([ 6.028e+03,  6.028e+03,  6.028e+03,  6.028e+03,
                        6.028e+03]))
   param_names: ['d', 'e', 'f', 'g']
[0.41691265 0.86614809 2.38266066 1.2698181 ]
{'d': 0.4169126477112409, 'e': 0.8661480947673865, 'f': 2.3826606559510104, 'g': 1.2698181007436125}
Previous:  {'d': 0.4230674456570702, 'e': 0.8975345514646043, 'f': 2.3824718210607356, 'g': 1.2709959783688083}
