prev {'d': 0.4710933204995449, 'e': 1.0389217889719178, 'f': 2.30513283669404, 'g': 1.2983903611372218}
Starting ML Fit
Box_n50_4_1400
       message: Optimization terminated successfully.
       success: True
        status: 0
           fun: 11900.922891926371
             x: [ 4.596e-01  1.005e+00  2.305e+00  1.298e+00]
           nit: 117
          nfev: 195
 final_simplex: (array([[ 4.596e-01,  1.005e+00,  2.305e+00,  1.298e+00],
                       [ 4.596e-01,  1.005e+00,  2.305e+00,  1.298e+00],
                       ...,
                       [ 4.596e-01,  1.005e+00,  2.305e+00,  1.298e+00],
                       [ 4.596e-01,  1.005e+00,  2.305e+00,  1.298e+00]]), array([ 1.190e+04,  1.190e+04,  1.190e+04,  1.190e+04,
                        1.190e+04]))
   param_names: ['d', 'e', 'f', 'g']
[0.45961615 1.00525449 2.30521155 1.29798781]
{'d': 0.45961614520681626, 'e': 1.005254489889634, 'f': 2.305211546753231, 'g': 1.2979878099706967}
Previous:  {'d': 0.4710933204995449, 'e': 1.0389217889719178, 'f': 2.30513283669404, 'g': 1.2983903611372218}
