prev {'d': 0.5290132243921206, 'e': 1.1771532627184365, 'f': 2.315861949476224, 'g': 1.2689769264175446}
Starting ML Fit
Box34_1400
       message: Optimization terminated successfully.
       success: True
        status: 0
           fun: 10719.775190331426
             x: [ 5.408e-01  1.204e+00  2.315e+00  1.290e+00]
           nit: 97
          nfev: 166
 final_simplex: (array([[ 5.408e-01,  1.204e+00,  2.315e+00,  1.290e+00],
                       [ 5.408e-01,  1.204e+00,  2.315e+00,  1.290e+00],
                       ...,
                       [ 5.408e-01,  1.204e+00,  2.315e+00,  1.290e+00],
                       [ 5.408e-01,  1.204e+00,  2.315e+00,  1.290e+00]]), array([ 1.072e+04,  1.072e+04,  1.072e+04,  1.072e+04,
                        1.072e+04]))
   param_names: ['d', 'e', 'f', 'g']
[0.54077151 1.20396539 2.31516495 1.28976591]
{'d': 0.5407715072263167, 'e': 1.2039653906198136, 'f': 2.3151649454552614, 'g': 1.289765914032274}
Previous:  {'d': 0.5290132243921206, 'e': 1.1771532627184365, 'f': 2.315861949476224, 'g': 1.2689769264175446}
