prev {'d': 0.4662923505393843, 'e': 0.6895433803209197, 'f': 2.322835605237003, 'g': 1.3534241460064236}
Starting ML Fit
Box97_1400
       message: Optimization terminated successfully.
       success: True
        status: 0
           fun: 5611.657382033816
             x: [ 4.592e-01  7.279e-01  2.320e+00  1.345e+00]
           nit: 97
          nfev: 177
 final_simplex: (array([[ 4.592e-01,  7.279e-01,  2.320e+00,  1.345e+00],
                       [ 4.592e-01,  7.279e-01,  2.320e+00,  1.345e+00],
                       ...,
                       [ 4.592e-01,  7.279e-01,  2.320e+00,  1.345e+00],
                       [ 4.592e-01,  7.279e-01,  2.320e+00,  1.345e+00]]), array([ 5.612e+03,  5.612e+03,  5.612e+03,  5.612e+03,
                        5.612e+03]))
   param_names: ['d', 'e', 'f', 'g']
[0.45918494 0.72789661 2.31992629 1.34465006]
{'d': 0.45918494324127246, 'e': 0.7278966068862824, 'f': 2.319926291072698, 'g': 1.3446500599156668}
Previous:  {'d': 0.4662923505393843, 'e': 0.6895433803209197, 'f': 2.322835605237003, 'g': 1.3534241460064236}
