prev {'d': 0.42794862147238255, 'e': 0.7935389780994364, 'f': 2.327955722231729, 'g': 1.2917634617479763}
Starting ML Fit
Box53_1400
       message: Optimization terminated successfully.
       success: True
        status: 0
           fun: 4765.399205043635
             x: [ 4.206e-01  7.787e-01  2.330e+00  1.286e+00]
           nit: 99
          nfev: 173
 final_simplex: (array([[ 4.206e-01,  7.787e-01,  2.330e+00,  1.286e+00],
                       [ 4.206e-01,  7.787e-01,  2.330e+00,  1.286e+00],
                       ...,
                       [ 4.206e-01,  7.787e-01,  2.330e+00,  1.286e+00],
                       [ 4.206e-01,  7.788e-01,  2.330e+00,  1.286e+00]]), array([ 4.765e+03,  4.765e+03,  4.765e+03,  4.765e+03,
                        4.765e+03]))
   param_names: ['d', 'e', 'f', 'g']
[0.42057482 0.77874706 2.32968871 1.28616854]
{'d': 0.4205748198282419, 'e': 0.7787470610955112, 'f': 2.3296887138616977, 'g': 1.286168540660685}
Previous:  {'d': 0.42794862147238255, 'e': 0.7935389780994364, 'f': 2.327955722231729, 'g': 1.2917634617479763}
