prev {'d': 0.5036943469957476, 'e': 1.2304942502460043, 'f': 2.33782037781065, 'g': 1.250197996498977}
Starting ML Fit
Box36_1400
       message: Optimization terminated successfully.
       success: True
        status: 0
           fun: 3546.96252069775
             x: [ 4.964e-01  1.237e+00  2.337e+00  1.248e+00]
           nit: 79
          nfev: 145
 final_simplex: (array([[ 4.964e-01,  1.237e+00,  2.337e+00,  1.248e+00],
                       [ 4.964e-01,  1.237e+00,  2.337e+00,  1.248e+00],
                       ...,
                       [ 4.964e-01,  1.237e+00,  2.337e+00,  1.248e+00],
                       [ 4.964e-01,  1.237e+00,  2.337e+00,  1.248e+00]]), array([ 3.547e+03,  3.547e+03,  3.547e+03,  3.547e+03,
                        3.547e+03]))
   param_names: ['d', 'e', 'f', 'g']
[0.49636755 1.23684576 2.33692441 1.24809266]
{'d': 0.49636754633481944, 'e': 1.2368457614440653, 'f': 2.3369244064324253, 'g': 1.2480926614655323}
Previous:  {'d': 0.5036943469957476, 'e': 1.2304942502460043, 'f': 2.33782037781065, 'g': 1.250197996498977}
