prev {'d': 0.5401215663182579, 'e': 1.1923934622167538, 'f': 2.340046134598079, 'g': 1.3068202649677119}
Starting ML Fit
Box73_1400
       message: Optimization terminated successfully.
       success: True
        status: 0
           fun: 14515.939949833413
             x: [ 5.310e-01  1.157e+00  2.342e+00  1.317e+00]
           nit: 94
          nfev: 168
 final_simplex: (array([[ 5.310e-01,  1.157e+00,  2.342e+00,  1.317e+00],
                       [ 5.310e-01,  1.157e+00,  2.342e+00,  1.317e+00],
                       ...,
                       [ 5.310e-01,  1.157e+00,  2.342e+00,  1.317e+00],
                       [ 5.310e-01,  1.157e+00,  2.342e+00,  1.317e+00]]), array([ 1.452e+04,  1.452e+04,  1.452e+04,  1.452e+04,
                        1.452e+04]))
   param_names: ['d', 'e', 'f', 'g']
[0.53102349 1.15667758 2.34190009 1.31682453]
{'d': 0.531023486234085, 'e': 1.156677577265551, 'f': 2.341900094182675, 'g': 1.3168245254942743}
Previous:  {'d': 0.5401215663182579, 'e': 1.1923934622167538, 'f': 2.340046134598079, 'g': 1.3068202649677119}
