prev {'d': 0.5027397451166602, 'e': 1.1127305425405938, 'f': 2.338332370733233, 'g': 1.2363741482353006}
Starting ML Fit
Box20_1400
       message: Optimization terminated successfully.
       success: True
        status: 0
           fun: 6952.152287360357
             x: [ 4.836e-01  1.101e+00  2.342e+00  1.234e+00]
           nit: 99
          nfev: 172
 final_simplex: (array([[ 4.836e-01,  1.101e+00,  2.342e+00,  1.234e+00],
                       [ 4.836e-01,  1.101e+00,  2.342e+00,  1.234e+00],
                       ...,
                       [ 4.836e-01,  1.101e+00,  2.342e+00,  1.234e+00],
                       [ 4.836e-01,  1.101e+00,  2.342e+00,  1.234e+00]]), array([ 6.952e+03,  6.952e+03,  6.952e+03,  6.952e+03,
                        6.952e+03]))
   param_names: ['d', 'e', 'f', 'g']
[0.48356998 1.10110705 2.34178351 1.23449518]
{'d': 0.4835699841426476, 'e': 1.1011070523460518, 'f': 2.341783514840073, 'g': 1.2344951758896863}
Previous:  {'d': 0.5027397451166602, 'e': 1.1127305425405938, 'f': 2.338332370733233, 'g': 1.2363741482353006}
