prev {'d': 0.5239357546514238, 'e': 1.2908237352115637, 'f': 2.3077895435311855, 'g': 1.268908613047362}
Starting ML Fit
Box89_1400
       message: Optimization terminated successfully.
       success: True
        status: 0
           fun: 8616.723281405986
             x: [ 5.023e-01  1.309e+00  2.304e+00  1.264e+00]
           nit: 86
          nfev: 150
 final_simplex: (array([[ 5.023e-01,  1.309e+00,  2.304e+00,  1.264e+00],
                       [ 5.023e-01,  1.309e+00,  2.304e+00,  1.264e+00],
                       ...,
                       [ 5.023e-01,  1.309e+00,  2.304e+00,  1.264e+00],
                       [ 5.023e-01,  1.309e+00,  2.304e+00,  1.264e+00]]), array([ 8.617e+03,  8.617e+03,  8.617e+03,  8.617e+03,
                        8.617e+03]))
   param_names: ['d', 'e', 'f', 'g']
[0.50232431 1.30904424 2.30383547 1.2640681 ]
{'d': 0.5023243122898519, 'e': 1.3090442442830899, 'f': 2.303835465401969, 'g': 1.2640680951286734}
Previous:  {'d': 0.5239357546514238, 'e': 1.2908237352115637, 'f': 2.3077895435311855, 'g': 1.268908613047362}
