prev {'d': 0.409425469577421, 'e': 0.9527099894666018, 'f': 2.3441340332251106, 'g': 1.2612877901407373}
Starting ML Fit
Box37_1400
       message: Optimization terminated successfully.
       success: True
        status: 0
           fun: 6159.358431547409
             x: [ 4.331e-01  9.649e-01  2.341e+00  1.263e+00]
           nit: 106
          nfev: 181
 final_simplex: (array([[ 4.331e-01,  9.649e-01,  2.341e+00,  1.263e+00],
                       [ 4.331e-01,  9.648e-01,  2.341e+00,  1.263e+00],
                       ...,
                       [ 4.331e-01,  9.649e-01,  2.341e+00,  1.263e+00],
                       [ 4.331e-01,  9.648e-01,  2.341e+00,  1.263e+00]]), array([ 6.159e+03,  6.159e+03,  6.159e+03,  6.159e+03,
                        6.159e+03]))
   param_names: ['d', 'e', 'f', 'g']
[0.43312273 0.96486085 2.34054744 1.26294533]
{'d': 0.4331227336296417, 'e': 0.9648608515121692, 'f': 2.3405474408640785, 'g': 1.2629453349361555}
Previous:  {'d': 0.409425469577421, 'e': 0.9527099894666018, 'f': 2.3441340332251106, 'g': 1.2612877901407373}
