prev {'d': 0.4816210242429768, 'e': 0.8114373505768471, 'f': 2.3374220232292195, 'g': 1.294931893431353}
Starting ML Fit
Box68_1400
       message: Optimization terminated successfully.
       success: True
        status: 0
           fun: 8324.914953255233
             x: [ 4.696e-01  7.821e-01  2.343e+00  1.299e+00]
           nit: 103
          nfev: 178
 final_simplex: (array([[ 4.696e-01,  7.821e-01,  2.343e+00,  1.299e+00],
                       [ 4.696e-01,  7.821e-01,  2.343e+00,  1.299e+00],
                       ...,
                       [ 4.696e-01,  7.820e-01,  2.343e+00,  1.299e+00],
                       [ 4.696e-01,  7.821e-01,  2.343e+00,  1.299e+00]]), array([ 8.325e+03,  8.325e+03,  8.325e+03,  8.325e+03,
                        8.325e+03]))
   param_names: ['d', 'e', 'f', 'g']
[0.46956286 0.78205668 2.34287304 1.29916696]
{'d': 0.4695628569734922, 'e': 0.7820566821453486, 'f': 2.34287303852699, 'g': 1.2991669567825177}
Previous:  {'d': 0.4816210242429768, 'e': 0.8114373505768471, 'f': 2.3374220232292195, 'g': 1.294931893431353}
