prev {'d': 0.41295442576586505, 'e': 0.8085974834574253, 'f': 2.244815481490932, 'g': 1.2188415644935993}
Starting ML Fit
Box_n50_41_1400
       message: Optimization terminated successfully.
       success: True
        status: 0
           fun: 9205.620228461716
             x: [ 4.041e-01  7.606e-01  2.245e+00  1.218e+00]
           nit: 85
          nfev: 152
 final_simplex: (array([[ 4.041e-01,  7.606e-01,  2.245e+00,  1.218e+00],
                       [ 4.041e-01,  7.607e-01,  2.245e+00,  1.218e+00],
                       ...,
                       [ 4.041e-01,  7.606e-01,  2.245e+00,  1.218e+00],
                       [ 4.041e-01,  7.606e-01,  2.245e+00,  1.218e+00]]), array([ 9.206e+03,  9.206e+03,  9.206e+03,  9.206e+03,
                        9.206e+03]))
   param_names: ['d', 'e', 'f', 'g']
[0.40410582 0.76060806 2.24504112 1.21756098]
{'d': 0.40410582356150193, 'e': 0.7606080570366112, 'f': 2.245041117731307, 'g': 1.2175609798626459}
Previous:  {'d': 0.41295442576586505, 'e': 0.8085974834574253, 'f': 2.244815481490932, 'g': 1.2188415644935993}
