prev {'d': 0.45301418133082877, 'e': 0.9638625571333084, 'f': 2.3371643558081563, 'g': 1.2755392888813772}
Starting ML Fit
Box_n50_2_1400
       message: Optimization terminated successfully.
       success: True
        status: 0
           fun: 7553.585280255467
             x: [ 4.451e-01  9.418e-01  2.337e+00  1.275e+00]
           nit: 90
          nfev: 159
 final_simplex: (array([[ 4.451e-01,  9.418e-01,  2.337e+00,  1.275e+00],
                       [ 4.451e-01,  9.418e-01,  2.337e+00,  1.275e+00],
                       ...,
                       [ 4.451e-01,  9.419e-01,  2.337e+00,  1.275e+00],
                       [ 4.451e-01,  9.419e-01,  2.337e+00,  1.275e+00]]), array([ 7.554e+03,  7.554e+03,  7.554e+03,  7.554e+03,
                        7.554e+03]))
   param_names: ['d', 'e', 'f', 'g']
[0.44507015 0.94182149 2.33726076 1.27509277]
{'d': 0.4450701454790942, 'e': 0.9418214947283232, 'f': 2.33726075799747, 'g': 1.275092771009855}
Previous:  {'d': 0.45301418133082877, 'e': 0.9638625571333084, 'f': 2.3371643558081563, 'g': 1.2755392888813772}
