prev {'d': 0.4945514199654406, 'e': 0.6059450036358638, 'f': 2.2828651939968876, 'g': 1.3929564378419808}
Starting ML Fit
Box31_1400
       message: Optimization terminated successfully.
       success: True
        status: 0
           fun: 8478.495899836296
             x: [ 4.838e-01  6.026e-01  2.283e+00  1.393e+00]
           nit: 102
          nfev: 183
 final_simplex: (array([[ 4.838e-01,  6.026e-01,  2.283e+00,  1.393e+00],
                       [ 4.838e-01,  6.026e-01,  2.283e+00,  1.393e+00],
                       ...,
                       [ 4.838e-01,  6.026e-01,  2.283e+00,  1.393e+00],
                       [ 4.838e-01,  6.026e-01,  2.283e+00,  1.393e+00]]), array([ 8.478e+03,  8.478e+03,  8.478e+03,  8.478e+03,
                        8.478e+03]))
   param_names: ['d', 'e', 'f', 'g']
[0.48376746 0.6025827  2.28277678 1.39320308]
{'d': 0.48376746218282707, 'e': 0.6025827035273673, 'f': 2.28277677802738, 'g': 1.3932030842705578}
Previous:  {'d': 0.4945514199654406, 'e': 0.6059450036358638, 'f': 2.2828651939968876, 'g': 1.3929564378419808}
