prev {'d': 0.40905425616286945, 'e': 1.1216129820521372, 'f': 2.3445220318461066, 'g': 1.206125965289902}
Starting ML Fit
Box_n50_10_1400
       message: Optimization terminated successfully.
       success: True
        status: 0
           fun: 2227.205930386504
             x: [ 4.125e-01  1.118e+00  2.346e+00  1.212e+00]
           nit: 88
          nfev: 158
 final_simplex: (array([[ 4.125e-01,  1.118e+00,  2.346e+00,  1.212e+00],
                       [ 4.125e-01,  1.118e+00,  2.346e+00,  1.212e+00],
                       ...,
                       [ 4.125e-01,  1.118e+00,  2.346e+00,  1.212e+00],
                       [ 4.125e-01,  1.118e+00,  2.346e+00,  1.212e+00]]), array([ 2.227e+03,  2.227e+03,  2.227e+03,  2.227e+03,
                        2.227e+03]))
   param_names: ['d', 'e', 'f', 'g']
[0.41248933 1.11831814 2.34592213 1.21243469]
{'d': 0.4124893301767918, 'e': 1.1183181429868772, 'f': 2.345922127848107, 'g': 1.2124346852487078}
Previous:  {'d': 0.40905425616286945, 'e': 1.1216129820521372, 'f': 2.3445220318461066, 'g': 1.206125965289902}
