prev {'d': 0.44221997868379936, 'e': 0.9187503794993187, 'f': 2.321173825600897, 'g': 1.3041528480356919}
Starting ML Fit
Box0_1400
       message: Optimization terminated successfully.
       success: True
        status: 0
           fun: 10710.503665752805
             x: [ 4.377e-01  9.232e-01  2.319e+00  1.300e+00]
           nit: 119
          nfev: 205
 final_simplex: (array([[ 4.377e-01,  9.232e-01,  2.319e+00,  1.300e+00],
                       [ 4.377e-01,  9.232e-01,  2.319e+00,  1.300e+00],
                       ...,
                       [ 4.377e-01,  9.232e-01,  2.319e+00,  1.300e+00],
                       [ 4.377e-01,  9.233e-01,  2.319e+00,  1.300e+00]]), array([ 1.071e+04,  1.071e+04,  1.071e+04,  1.071e+04,
                        1.071e+04]))
   param_names: ['d', 'e', 'f', 'g']
[0.43774537 0.92322628 2.31910037 1.30003582]
{'d': 0.43774537048467554, 'e': 0.9232262811801941, 'f': 2.3191003740473652, 'g': 1.3000358240593686}
Previous:  {'d': 0.44221997868379936, 'e': 0.9187503794993187, 'f': 2.321173825600897, 'g': 1.3041528480356919}
