prev {'d': 0.4647231515290478, 'e': 1.0063629383878223, 'f': 2.336415028924086, 'g': 1.306498287494807}
Starting ML Fit
Box77_1400
       message: Optimization terminated successfully.
       success: True
        status: 0
           fun: 3928.5293736595436
             x: [ 4.725e-01  1.023e+00  2.334e+00  1.321e+00]
           nit: 108
          nfev: 197
 final_simplex: (array([[ 4.725e-01,  1.023e+00,  2.334e+00,  1.321e+00],
                       [ 4.725e-01,  1.023e+00,  2.334e+00,  1.321e+00],
                       ...,
                       [ 4.725e-01,  1.023e+00,  2.334e+00,  1.321e+00],
                       [ 4.725e-01,  1.023e+00,  2.334e+00,  1.321e+00]]), array([ 3.929e+03,  3.929e+03,  3.929e+03,  3.929e+03,
                        3.929e+03]))
   param_names: ['d', 'e', 'f', 'g']
[0.4724942  1.02320862 2.33427536 1.32144008]
{'d': 0.47249419646966995, 'e': 1.023208622868421, 'f': 2.3342753620316814, 'g': 1.3214400763764824}
Previous:  {'d': 0.4647231515290478, 'e': 1.0063629383878223, 'f': 2.336415028924086, 'g': 1.306498287494807}
