prev {'d': 0.4275199956926331, 'e': 0.8973357858476105, 'f': 2.3209153493355563, 'g': 1.2080254696468884}
Starting ML Fit
Box51_1400
       message: Optimization terminated successfully.
       success: True
        status: 0
           fun: 3547.9132460199003
             x: [ 4.208e-01  8.748e-01  2.321e+00  1.207e+00]
           nit: 93
          nfev: 165
 final_simplex: (array([[ 4.208e-01,  8.748e-01,  2.321e+00,  1.207e+00],
                       [ 4.208e-01,  8.748e-01,  2.321e+00,  1.207e+00],
                       ...,
                       [ 4.208e-01,  8.748e-01,  2.321e+00,  1.207e+00],
                       [ 4.208e-01,  8.748e-01,  2.321e+00,  1.207e+00]]), array([ 3.548e+03,  3.548e+03,  3.548e+03,  3.548e+03,
                        3.548e+03]))
   param_names: ['d', 'e', 'f', 'g']
[0.42078207 0.87481412 2.32104618 1.20725068]
{'d': 0.4207820735704997, 'e': 0.8748141156765998, 'f': 2.321046177158738, 'g': 1.2072506831996148}
Previous:  {'d': 0.4275199956926331, 'e': 0.8973357858476105, 'f': 2.3209153493355563, 'g': 1.2080254696468884}
