prev {'d': 0.47446874663291183, 'e': 1.2029624439252764, 'f': 2.3358652044601156, 'g': 1.2237056338354282}
Starting ML Fit
Box21_1400
       message: Optimization terminated successfully.
       success: True
        status: 0
           fun: 5584.138218516607
             x: [ 4.800e-01  1.198e+00  2.337e+00  1.203e+00]
           nit: 92
          nfev: 169
 final_simplex: (array([[ 4.800e-01,  1.198e+00,  2.337e+00,  1.203e+00],
                       [ 4.800e-01,  1.198e+00,  2.337e+00,  1.203e+00],
                       ...,
                       [ 4.800e-01,  1.198e+00,  2.337e+00,  1.203e+00],
                       [ 4.800e-01,  1.198e+00,  2.337e+00,  1.203e+00]]), array([ 5.584e+03,  5.584e+03,  5.584e+03,  5.584e+03,
                        5.584e+03]))
   param_names: ['d', 'e', 'f', 'g']
[0.47997854 1.19846022 2.33666951 1.20280599]
{'d': 0.4799785382348781, 'e': 1.198460221483488, 'f': 2.3366695149657533, 'g': 1.2028059876688766}
Previous:  {'d': 0.47446874663291183, 'e': 1.2029624439252764, 'f': 2.3358652044601156, 'g': 1.2237056338354282}
