prev {'d': 0.4341956287588721, 'e': 0.8360308419684537, 'f': 2.348671231493298, 'g': 1.2795663614600001}
Starting ML Fit
Box14_1400
       message: Optimization terminated successfully.
       success: True
        status: 0
           fun: 6102.194313552721
             x: [ 4.289e-01  8.322e-01  2.349e+00  1.278e+00]
           nit: 82
          nfev: 153
 final_simplex: (array([[ 4.289e-01,  8.322e-01,  2.349e+00,  1.278e+00],
                       [ 4.289e-01,  8.322e-01,  2.349e+00,  1.278e+00],
                       ...,
                       [ 4.289e-01,  8.321e-01,  2.349e+00,  1.278e+00],
                       [ 4.289e-01,  8.322e-01,  2.349e+00,  1.278e+00]]), array([ 6.102e+03,  6.102e+03,  6.102e+03,  6.102e+03,
                        6.102e+03]))
   param_names: ['d', 'e', 'f', 'g']
[0.42889616 0.83216321 2.34927565 1.27763778]
{'d': 0.4288961559934098, 'e': 0.832163214776064, 'f': 2.3492756469019644, 'g': 1.2776377760368147}
Previous:  {'d': 0.4341956287588721, 'e': 0.8360308419684537, 'f': 2.348671231493298, 'g': 1.2795663614600001}
