Leaving out Box26_1400
alist [1.0, 0.953321, 0.866399, 0.787402, 0.715608, 0.65036, 0.620002, 0.591061, 0.563471, 0.537169, 0.512095, 0.488191, 0.403224, 0.366459]
(2030, 10)
(2030, 4)
scaling input
(2030, 10)
scaling output
(2030, 4)
Iter 1/300 - Loss: 3.0734
Iter 2/300 - Loss: 2.6998
Iter 3/300 - Loss: 2.3584
Iter 4/300 - Loss: 2.0530
Iter 5/300 - Loss: 1.7835
Iter 6/300 - Loss: 1.5488
Iter 7/300 - Loss: 1.3492
Iter 8/300 - Loss: 1.1870
Iter 9/300 - Loss: 1.0655
Iter 10/300 - Loss: 0.9864
Iter 11/300 - Loss: 0.9431
Iter 12/300 - Loss: 0.9224
Iter 13/300 - Loss: 0.9110
Iter 14/300 - Loss: 0.8972
Iter 15/300 - Loss: 0.8771
Iter 16/300 - Loss: 0.8486
Iter 17/300 - Loss: 0.8100
Iter 18/300 - Loss: 0.7609
Iter 19/300 - Loss: 0.7008
Iter 20/300 - Loss: 0.6337
Iter 21/300 - Loss: 0.5641
Iter 22/300 - Loss: 0.4971
Iter 23/300 - Loss: 0.4359
Iter 24/300 - Loss: 0.3817
Iter 25/300 - Loss: 0.3350
Iter 26/300 - Loss: 0.2949
Iter 27/300 - Loss: 0.2590
Iter 28/300 - Loss: 0.2250
Iter 29/300 - Loss: 0.1907
Iter 30/300 - Loss: 0.1547
Iter 31/300 - Loss: 0.1162
Iter 32/300 - Loss: 0.0753
Iter 33/300 - Loss: 0.0324
Iter 34/300 - Loss: -0.0116
Iter 35/300 - Loss: -0.0558
Iter 36/300 - Loss: -0.0990
Iter 37/300 - Loss: -0.1401
Iter 38/300 - Loss: -0.1785
Iter 39/300 - Loss: -0.2140
Iter 40/300 - Loss: -0.2469
Iter 41/300 - Loss: -0.2777
Iter 42/300 - Loss: -0.3069
Iter 43/300 - Loss: -0.3350
Iter 44/300 - Loss: -0.3622
Iter 45/300 - Loss: -0.3889
Iter 46/300 - Loss: -0.4149
Iter 47/300 - Loss: -0.4404
Iter 48/300 - Loss: -0.4647
Iter 49/300 - Loss: -0.4867
Iter 50/300 - Loss: -0.5070
Iter 51/300 - Loss: -0.5250
Iter 52/300 - Loss: -0.5415
Iter 53/300 - Loss: -0.5563
Iter 54/300 - Loss: -0.5703
Iter 55/300 - Loss: -0.5836
Iter 56/300 - Loss: -0.5963
Iter 57/300 - Loss: -0.6085
Iter 58/300 - Loss: -0.6200
Iter 59/300 - Loss: -0.6308
Iter 60/300 - Loss: -0.6407
Iter 61/300 - Loss: -0.6498
Iter 62/300 - Loss: -0.6585
Iter 63/300 - Loss: -0.6668
Iter 64/300 - Loss: -0.6751
Iter 65/300 - Loss: -0.6832
Iter 66/300 - Loss: -0.6909
Iter 67/300 - Loss: -0.6977
Iter 68/300 - Loss: -0.7036
Iter 69/300 - Loss: -0.7086
Iter 70/300 - Loss: -0.7129
Iter 71/300 - Loss: -0.7168
Iter 72/300 - Loss: -0.7203
Iter 73/300 - Loss: -0.7235
Iter 74/300 - Loss: -0.7263
Iter 75/300 - Loss: -0.7286
Iter 76/300 - Loss: -0.7306
Iter 77/300 - Loss: -0.7323
Iter 78/300 - Loss: -0.7338
Iter 79/300 - Loss: -0.7344
Iter 80/300 - Loss: -0.7366
Iter 81/300 - Loss: -0.7398
Iter 82/300 - Loss: -0.7400
Iter 83/300 - Loss: -0.7418
Iter 84/300 - Loss: -0.7427
Iter 85/300 - Loss: -0.7461
Iter 86/300 - Loss: -0.7457
Iter 87/300 - Loss: -0.7486
Iter 88/300 - Loss: -0.7489
Iter 89/300 - Loss: -0.7508
Iter 90/300 - Loss: -0.7515
Iter 91/300 - Loss: -0.7526
Iter 92/300 - Loss: -0.7533
Iter 93/300 - Loss: -0.7542
Iter 94/300 - Loss: -0.7550
Iter 95/300 - Loss: -0.7557
Iter 96/300 - Loss: -0.7566
Iter 97/300 - Loss: -0.7571
Iter 98/300 - Loss: -0.7579
Iter 99/300 - Loss: -0.7583
Iter 100/300 - Loss: -0.7590
Iter 101/300 - Loss: -0.7596
Iter 102/300 - Loss: -0.7601
Iter 103/300 - Loss: -0.7608
Iter 104/300 - Loss: -0.7613
Iter 105/300 - Loss: -0.7619
Iter 106/300 - Loss: -0.7623
Iter 107/300 - Loss: -0.7630
Iter 108/300 - Loss: -0.7633
Iter 109/300 - Loss: -0.7639
Iter 110/300 - Loss: -0.7642
Iter 111/300 - Loss: -0.7647
Iter 112/300 - Loss: -0.7651
Iter 113/300 - Loss: -0.7655
Iter 114/300 - Loss: -0.7658
Iter 115/300 - Loss: -0.7662
Iter 116/300 - Loss: -0.7665
Iter 117/300 - Loss: -0.7668
Iter 118/300 - Loss: -0.7672
Iter 119/300 - Loss: -0.7674
Iter 120/300 - Loss: -0.7678
Iter 121/300 - Loss: -0.7680
Iter 122/300 - Loss: -0.7683
Iter 123/300 - Loss: -0.7685
Iter 124/300 - Loss: -0.7688
Iter 125/300 - Loss: -0.7690
Iter 126/300 - Loss: -0.7692
Iter 127/300 - Loss: -0.7694
Iter 128/300 - Loss: -0.7696
Iter 129/300 - Loss: -0.7698
Iter 130/300 - Loss: -0.7700
Iter 131/300 - Loss: -0.7701
Iter 132/300 - Loss: -0.7703
Iter 133/300 - Loss: -0.7705
Iter 134/300 - Loss: -0.7706
Iter 135/300 - Loss: -0.7707
Iter 136/300 - Loss: -0.7709
Iter 137/300 - Loss: -0.7710
Iter 138/300 - Loss: -0.7711
Iter 139/300 - Loss: -0.7712
Iter 140/300 - Loss: -0.7714
Iter 141/300 - Loss: -0.7715
Iter 142/300 - Loss: -0.7716
Iter 143/300 - Loss: -0.7717
Iter 144/300 - Loss: -0.7719
Iter 145/300 - Loss: -0.7720
Iter 146/300 - Loss: -0.7721
Iter 147/300 - Loss: -0.7723
Iter 148/300 - Loss: -0.7725
Iter 149/300 - Loss: -0.7728
Iter 150/300 - Loss: -0.7731
Iter 151/300 - Loss: -0.7735
Iter 152/300 - Loss: -0.7741
Iter 153/300 - Loss: -0.7741
Iter 154/300 - Loss: -0.7742
Iter 155/300 - Loss: -0.7743
Iter 156/300 - Loss: -0.7744
Iter 157/300 - Loss: -0.7745
Iter 158/300 - Loss: -0.7746
Iter 159/300 - Loss: -0.7747
Iter 160/300 - Loss: -0.7749
Iter 161/300 - Loss: -0.7750
Iter 162/300 - Loss: -0.7751
Iter 163/300 - Loss: -0.7753
Iter 164/300 - Loss: -0.7755
Iter 165/300 - Loss: -0.7756
Iter 166/300 - Loss: -0.7758
Iter 167/300 - Loss: -0.7760
Iter 168/300 - Loss: -0.7762
Iter 169/300 - Loss: -0.7764
Iter 170/300 - Loss: -0.7767
Iter 171/300 - Loss: -0.7769
Iter 172/300 - Loss: -0.7771
Iter 173/300 - Loss: -0.7774
Iter 174/300 - Loss: -0.7776
Iter 175/300 - Loss: -0.7779
Iter 176/300 - Loss: -0.7782
Iter 177/300 - Loss: -0.7785
Iter 178/300 - Loss: -0.7788
Iter 179/300 - Loss: -0.7791
Iter 180/300 - Loss: -0.7794
Iter 181/300 - Loss: -0.7797
Iter 182/300 - Loss: -0.7800
Iter 183/300 - Loss: -0.7803
Iter 184/300 - Loss: -0.7806
Iter 185/300 - Loss: -0.7810
Iter 186/300 - Loss: -0.7813
Iter 187/300 - Loss: -0.7816
Iter 188/300 - Loss: -0.7820
Iter 189/300 - Loss: -0.7823
Iter 190/300 - Loss: -0.7827
Iter 191/300 - Loss: -0.7830
Iter 192/300 - Loss: -0.7833
Iter 193/300 - Loss: -0.7837
Iter 194/300 - Loss: -0.7840
Iter 195/300 - Loss: -0.7843
Iter 196/300 - Loss: -0.7847
Iter 197/300 - Loss: -0.7850
Iter 198/300 - Loss: -0.7853
Iter 199/300 - Loss: -0.7857
Iter 200/300 - Loss: -0.7860
Iter 201/300 - Loss: -0.7863
Iter 202/300 - Loss: -0.7866
Iter 203/300 - Loss: -0.7869
Iter 204/300 - Loss: -0.7873
Iter 205/300 - Loss: -0.7876
Iter 206/300 - Loss: -0.7879
Iter 207/300 - Loss: -0.7882
Iter 208/300 - Loss: -0.7885
Iter 209/300 - Loss: -0.7888
Iter 210/300 - Loss: -0.7890
Iter 211/300 - Loss: -0.7893
Iter 212/300 - Loss: -0.7896
Iter 213/300 - Loss: -0.7899
Iter 214/300 - Loss: -0.7902
Iter 215/300 - Loss: -0.7904
Iter 216/300 - Loss: -0.7907
Iter 217/300 - Loss: -0.7910
Iter 218/300 - Loss: -0.7912
Iter 219/300 - Loss: -0.7915
Iter 220/300 - Loss: -0.7917
Iter 221/300 - Loss: -0.7920
Iter 222/300 - Loss: -0.7922
Iter 223/300 - Loss: -0.7925
Iter 224/300 - Loss: -0.7927
Iter 225/300 - Loss: -0.7930
Iter 226/300 - Loss: -0.7932
Iter 227/300 - Loss: -0.7934
Iter 228/300 - Loss: -0.7937
Iter 229/300 - Loss: -0.7939
Iter 230/300 - Loss: -0.7941
Iter 231/300 - Loss: -0.7943
Iter 232/300 - Loss: -0.7945
Iter 233/300 - Loss: -0.7947
Iter 234/300 - Loss: -0.7949
Iter 235/300 - Loss: -0.7952
Iter 236/300 - Loss: -0.7954
Iter 237/300 - Loss: -0.7956
Iter 238/300 - Loss: -0.7958
Iter 239/300 - Loss: -0.7960
Iter 240/300 - Loss: -0.7961
Iter 241/300 - Loss: -0.7963
Iter 242/300 - Loss: -0.7965
Iter 243/300 - Loss: -0.7967
Iter 244/300 - Loss: -0.7969
Iter 245/300 - Loss: -0.7971
Iter 246/300 - Loss: -0.7973
Iter 247/300 - Loss: -0.7974
Iter 248/300 - Loss: -0.7976
Iter 249/300 - Loss: -0.7978
Iter 250/300 - Loss: -0.7980
Iter 251/300 - Loss: -0.7981
Iter 252/300 - Loss: -0.7983
Iter 253/300 - Loss: -0.7985
Iter 254/300 - Loss: -0.7986
Iter 255/300 - Loss: -0.7988
Iter 256/300 - Loss: -0.7990
Iter 257/300 - Loss: -0.7991
Iter 258/300 - Loss: -0.7993
Iter 259/300 - Loss: -0.7995
Iter 260/300 - Loss: -0.7996
Iter 261/300 - Loss: -0.7998
Iter 262/300 - Loss: -0.7999
Iter 263/300 - Loss: -0.8001
Iter 264/300 - Loss: -0.8003
Iter 265/300 - Loss: -0.8004
Iter 266/300 - Loss: -0.8006
Iter 267/300 - Loss: -0.8007
Iter 268/300 - Loss: -0.8009
Iter 269/300 - Loss: -0.8010
Iter 270/300 - Loss: -0.8012
Iter 271/300 - Loss: -0.8013
Iter 272/300 - Loss: -0.8015
Iter 273/300 - Loss: -0.8016
Iter 274/300 - Loss: -0.8018
Iter 275/300 - Loss: -0.8019
Iter 276/300 - Loss: -0.8021
Iter 277/300 - Loss: -0.8022
Iter 278/300 - Loss: -0.8024
Iter 279/300 - Loss: -0.8025
Iter 280/300 - Loss: -0.8027
Iter 281/300 - Loss: -0.8028
Iter 282/300 - Loss: -0.8030
Iter 283/300 - Loss: -0.8031
Iter 284/300 - Loss: -0.8033
Iter 285/300 - Loss: -0.8034
Iter 286/300 - Loss: -0.8035
Iter 287/300 - Loss: -0.8037
Iter 288/300 - Loss: -0.8038
Iter 289/300 - Loss: -0.8040
Iter 290/300 - Loss: -0.8041
Iter 291/300 - Loss: -0.8043
Iter 292/300 - Loss: -0.8044
Iter 293/300 - Loss: -0.8046
Iter 294/300 - Loss: -0.8047
Iter 295/300 - Loss: -0.8049
Iter 296/300 - Loss: -0.8050
Iter 297/300 - Loss: -0.8051
Iter 298/300 - Loss: -0.8053
Iter 299/300 - Loss: -0.8054
Iter 300/300 - Loss: -0.8056
