prev {'d': 0.41341178616960694, 'e': 0.6781577086749044, 'f': 2.306694048073624, 'g': 1.3127037193289157}
Starting ML Fit
Box0_1400
       message: Optimization terminated successfully.
       success: True
        status: 0
           fun: 9959.328869418976
             x: [ 4.031e-01  6.178e-01  2.307e+00  1.311e+00]
           nit: 100
          nfev: 181
 final_simplex: (array([[ 4.031e-01,  6.178e-01,  2.307e+00,  1.311e+00],
                       [ 4.031e-01,  6.177e-01,  2.307e+00,  1.311e+00],
                       ...,
                       [ 4.031e-01,  6.177e-01,  2.307e+00,  1.311e+00],
                       [ 4.031e-01,  6.178e-01,  2.307e+00,  1.311e+00]]), array([ 9.959e+03,  9.959e+03,  9.959e+03,  9.959e+03,
                        9.959e+03]))
   param_names: ['d', 'e', 'f', 'g']
[0.40305251 0.61776155 2.30693975 1.31129633]
{'d': 0.4030525053603546, 'e': 0.6177615470334655, 'f': 2.3069397519725454, 'g': 1.3112963264138693}
Previous:  {'d': 0.41341178616960694, 'e': 0.6781577086749044, 'f': 2.306694048073624, 'g': 1.3127037193289157}
