prev {'d': 0.37322407561169285, 'e': 0.7525074311928264, 'f': 2.339622657232777, 'g': 1.250751756537131}
Starting ML Fit
Box70_1400
       message: Optimization terminated successfully.
       success: True
        status: 0
           fun: 3189.484016671314
             x: [ 3.739e-01  7.451e-01  2.340e+00  1.250e+00]
           nit: 78
          nfev: 144
 final_simplex: (array([[ 3.739e-01,  7.451e-01,  2.340e+00,  1.250e+00],
                       [ 3.739e-01,  7.451e-01,  2.340e+00,  1.250e+00],
                       ...,
                       [ 3.739e-01,  7.451e-01,  2.340e+00,  1.250e+00],
                       [ 3.739e-01,  7.451e-01,  2.340e+00,  1.250e+00]]), array([ 3.189e+03,  3.189e+03,  3.189e+03,  3.189e+03,
                        3.189e+03]))
   param_names: ['d', 'e', 'f', 'g']
[0.37391438 0.74506943 2.33968061 1.25023771]
{'d': 0.37391438329230187, 'e': 0.7450694261054569, 'f': 2.339680606688396, 'g': 1.250237707978929}
Previous:  {'d': 0.37322407561169285, 'e': 0.7525074311928264, 'f': 2.339622657232777, 'g': 1.250751756537131}
