prev {'d': 0.460120981849823, 'e': 1.0788459899210099, 'f': 2.3404398624834, 'g': 1.265916753672665}
Starting ML Fit
Box57_1400
       message: Optimization terminated successfully.
       success: True
        status: 0
           fun: 3128.999589650856
             x: [ 4.490e-01  1.070e+00  2.341e+00  1.266e+00]
           nit: 123
          nfev: 210
 final_simplex: (array([[ 4.490e-01,  1.070e+00,  2.341e+00,  1.266e+00],
                       [ 4.490e-01,  1.070e+00,  2.341e+00,  1.266e+00],
                       ...,
                       [ 4.490e-01,  1.070e+00,  2.341e+00,  1.266e+00],
                       [ 4.490e-01,  1.070e+00,  2.341e+00,  1.266e+00]]), array([ 3.129e+03,  3.129e+03,  3.129e+03,  3.129e+03,
                        3.129e+03]))
   param_names: ['d', 'e', 'f', 'g']
[0.44895722 1.07009872 2.34050421 1.26550303]
{'d': 0.4489572180044308, 'e': 1.0700987196909322, 'f': 2.3405042101637736, 'g': 1.2655030305906234}
Previous:  {'d': 0.460120981849823, 'e': 1.0788459899210099, 'f': 2.3404398624834, 'g': 1.265916753672665}
