Curr: Box29_1400, Prev: Box_n50_49_1400
alist [1.0, 0.953321, 0.866399, 0.787402, 0.715608, 0.65036, 0.620002, 0.591061, 0.563471, 0.537169, 0.512095, 0.488191, 0.403224, 0.366459]
python -u fit_individ_iter.py Box29_1400 1.000000 Box_n50_49_1400 1.000000
Submitted batch job 22055626
python -u fit_individ_iter.py Box29_1400 0.953321 Box29_1400 1.000000
Submitted batch job 22055771
python -u fit_individ_iter.py Box29_1400 0.866399 Box29_1400 0.953321
Submitted batch job 22055835
python -u fit_individ_iter.py Box29_1400 0.787402 Box29_1400 0.866399
Submitted batch job 22055908
python -u fit_individ_iter.py Box29_1400 0.715608 Box29_1400 0.787402
Submitted batch job 22056043
python -u fit_individ_iter.py Box29_1400 0.650360 Box29_1400 0.715608
Submitted batch job 22056103
python -u fit_individ_iter.py Box29_1400 0.620002 Box29_1400 0.650360
Submitted batch job 22056124
python -u fit_individ_iter.py Box29_1400 0.591061 Box29_1400 0.620002
Submitted batch job 22056234
python -u fit_individ_iter.py Box29_1400 0.563471 Box29_1400 0.591061
Submitted batch job 22056321
python -u fit_individ_iter.py Box29_1400 0.537169 Box29_1400 0.563471
Submitted batch job 22056349
python -u fit_individ_iter.py Box29_1400 0.512095 Box29_1400 0.537169
Submitted batch job 22056486
python -u fit_individ_iter.py Box29_1400 0.488191 Box29_1400 0.512095
Submitted batch job 22056578
python -u fit_individ_iter.py Box29_1400 0.403224 Box29_1400 0.488191
Submitted batch job 22056651
python -u fit_individ_iter.py Box29_1400 0.366459 Box29_1400 0.403224
Submitted batch job 22056706
