prev {'d': 0.47114536086266745, 'e': 1.0457831557382835, 'f': 2.331520914306377, 'g': 1.3028906589485283}
Starting ML Fit
Box_n50_37_1400
       message: Optimization terminated successfully.
       success: True
        status: 0
           fun: 4199.05062913627
             x: [ 4.632e-01  1.009e+00  2.332e+00  1.302e+00]
           nit: 91
          nfev: 164
 final_simplex: (array([[ 4.632e-01,  1.009e+00,  2.332e+00,  1.302e+00],
                       [ 4.632e-01,  1.009e+00,  2.332e+00,  1.302e+00],
                       ...,
                       [ 4.632e-01,  1.009e+00,  2.332e+00,  1.302e+00],
                       [ 4.632e-01,  1.009e+00,  2.332e+00,  1.302e+00]]), array([ 4.199e+03,  4.199e+03,  4.199e+03,  4.199e+03,
                        4.199e+03]))
   param_names: ['d', 'e', 'f', 'g']
[0.46316508 1.00856204 2.33166488 1.30225757]
{'d': 0.46316507993489575, 'e': 1.008562037472925, 'f': 2.331664877156963, 'g': 1.3022575721010898}
Previous:  {'d': 0.47114536086266745, 'e': 1.0457831557382835, 'f': 2.331520914306377, 'g': 1.3028906589485283}
