prev {'d': 0.502710242841839, 'e': 1.2090196663235546, 'f': 2.33478980445278, 'g': 1.242136593511327}
Starting ML Fit
Box15_1400
       message: Optimization terminated successfully.
       success: True
        status: 0
           fun: 16635.009403999968
             x: [ 4.960e-01  1.234e+00  2.331e+00  1.242e+00]
           nit: 73
          nfev: 137
 final_simplex: (array([[ 4.960e-01,  1.234e+00,  2.331e+00,  1.242e+00],
                       [ 4.960e-01,  1.234e+00,  2.331e+00,  1.242e+00],
                       ...,
                       [ 4.960e-01,  1.234e+00,  2.331e+00,  1.242e+00],
                       [ 4.960e-01,  1.234e+00,  2.331e+00,  1.242e+00]]), array([ 1.664e+04,  1.664e+04,  1.664e+04,  1.664e+04,
                        1.664e+04]))
   param_names: ['d', 'e', 'f', 'g']
[0.49598141 1.23390581 2.33110803 1.24206254]
{'d': 0.49598141344713575, 'e': 1.2339058125065392, 'f': 2.331108028787728, 'g': 1.2420625408446089}
Previous:  {'d': 0.502710242841839, 'e': 1.2090196663235546, 'f': 2.33478980445278, 'g': 1.242136593511327}
