prev {'d': 0.4473106724696424, 'e': 0.9939456998815147, 'f': 2.3392733476630614, 'g': 1.2720860167836359}
Starting ML Fit
Box20_1400
       message: Optimization terminated successfully.
       success: True
        status: 0
           fun: 1871.9172736048747
             x: [ 4.266e-01  9.950e-01  2.340e+00  1.237e+00]
           nit: 115
          nfev: 201
 final_simplex: (array([[ 4.266e-01,  9.950e-01,  2.340e+00,  1.237e+00],
                       [ 4.266e-01,  9.950e-01,  2.340e+00,  1.237e+00],
                       ...,
                       [ 4.266e-01,  9.950e-01,  2.340e+00,  1.237e+00],
                       [ 4.266e-01,  9.950e-01,  2.340e+00,  1.237e+00]]), array([ 1.872e+03,  1.872e+03,  1.872e+03,  1.872e+03,
                        1.872e+03]))
   param_names: ['d', 'e', 'f', 'g']
[0.42655872 0.99502209 2.33968385 1.23716399]
{'d': 0.4265587167550938, 'e': 0.9950220883308858, 'f': 2.339683850164008, 'g': 1.237163990375696}
Previous:  {'d': 0.4473106724696424, 'e': 0.9939456998815147, 'f': 2.3392733476630614, 'g': 1.2720860167836359}
