no change     /home/users/delon/miniconda3/condabin/conda
no change     /home/users/delon/miniconda3/bin/conda
no change     /home/users/delon/miniconda3/bin/conda-env
no change     /home/users/delon/miniconda3/bin/activate
no change     /home/users/delon/miniconda3/bin/deactivate
no change     /home/users/delon/miniconda3/etc/profile.d/conda.sh
no change     /home/users/delon/miniconda3/etc/fish/conf.d/conda.fish
no change     /home/users/delon/miniconda3/shell/condabin/Conda.psm1
no change     /home/users/delon/miniconda3/shell/condabin/conda-hook.ps1
no change     /home/users/delon/miniconda3/lib/python3.10/site-packages/xontrib/conda.xsh
no change     /home/users/delon/miniconda3/etc/profile.d/conda.csh
no change     /home/users/delon/.bashrc
No action taken.
Box_n50_0_1400
       message: Optimization terminated successfully.
       success: True
        status: 0
           fun: 98.61629488256739
             x: [ 2.543e-01  3.861e-04  2.023e+00  1.418e+00]
           nit: 1768
          nfev: 2906
 final_simplex: (array([[ 2.543e-01,  3.861e-04,  2.023e+00,  1.418e+00],
                       [ 2.542e-01,  3.849e-04,  2.023e+00,  1.418e+00],
                       ...,
                       [ 2.543e-01,  3.858e-04,  2.023e+00,  1.418e+00],
                       [ 2.543e-01,  3.855e-04,  2.023e+00,  1.418e+00]]), array([ 9.862e+01,  9.862e+01,  9.862e+01,  9.862e+01,
                        9.862e+01]))
   param_names: ['d', 'e', 'f', 'g']
[2.54291570e-01 3.86113807e-04 2.02298397e+00 1.41821227e+00]
(10000, 32, 4)
