prev {'d': 0.5028771818749715, 'e': 1.1190051159872743, 'f': 2.3230867452235913, 'g': 1.2877921079149046}
Starting ML Fit
Box48_1400
       message: Optimization terminated successfully.
       success: True
        status: 0
           fun: 13229.610050578345
             x: [ 4.973e-01  1.106e+00  2.326e+00  1.293e+00]
           nit: 88
          nfev: 161
 final_simplex: (array([[ 4.973e-01,  1.106e+00,  2.326e+00,  1.293e+00],
                       [ 4.973e-01,  1.106e+00,  2.326e+00,  1.293e+00],
                       ...,
                       [ 4.973e-01,  1.106e+00,  2.326e+00,  1.293e+00],
                       [ 4.973e-01,  1.106e+00,  2.326e+00,  1.293e+00]]), array([ 1.323e+04,  1.323e+04,  1.323e+04,  1.323e+04,
                        1.323e+04]))
   param_names: ['d', 'e', 'f', 'g']
[0.49734552 1.10565044 2.32613014 1.29254646]
{'d': 0.4973455231472453, 'e': 1.105650443643579, 'f': 2.326130140551669, 'g': 1.2925464629894206}
Previous:  {'d': 0.5028771818749715, 'e': 1.1190051159872743, 'f': 2.3230867452235913, 'g': 1.2877921079149046}
