prev {'d': 0.3926515670168643, 'e': 0.8179817033490742, 'f': 2.33560833656657, 'g': 1.2639953411084588}
Starting ML Fit
Box_n50_0_1400
       message: Optimization terminated successfully.
       success: True
        status: 0
           fun: 5774.776003444473
             x: [ 3.791e-01  8.105e-01  2.338e+00  1.256e+00]
           nit: 106
          nfev: 191
 final_simplex: (array([[ 3.791e-01,  8.105e-01,  2.338e+00,  1.256e+00],
                       [ 3.791e-01,  8.106e-01,  2.338e+00,  1.256e+00],
                       ...,
                       [ 3.791e-01,  8.106e-01,  2.338e+00,  1.256e+00],
                       [ 3.791e-01,  8.106e-01,  2.338e+00,  1.256e+00]]), array([ 5.775e+03,  5.775e+03,  5.775e+03,  5.775e+03,
                        5.775e+03]))
   param_names: ['d', 'e', 'f', 'g']
[0.37908996 0.81054142 2.33808872 1.25580265]
{'d': 0.37908996335224054, 'e': 0.8105414245522731, 'f': 2.338088723275677, 'g': 1.25580264590073}
Previous:  {'d': 0.3926515670168643, 'e': 0.8179817033490742, 'f': 2.33560833656657, 'g': 1.2639953411084588}
