no change     /oak/stanford/orgs/kipac/users/delon/miniconda3/condabin/conda
no change     /oak/stanford/orgs/kipac/users/delon/miniconda3/bin/conda
no change     /oak/stanford/orgs/kipac/users/delon/miniconda3/bin/conda-env
no change     /oak/stanford/orgs/kipac/users/delon/miniconda3/bin/activate
no change     /oak/stanford/orgs/kipac/users/delon/miniconda3/bin/deactivate
no change     /oak/stanford/orgs/kipac/users/delon/miniconda3/etc/profile.d/conda.sh
no change     /oak/stanford/orgs/kipac/users/delon/miniconda3/etc/fish/conf.d/conda.fish
no change     /oak/stanford/orgs/kipac/users/delon/miniconda3/shell/condabin/Conda.psm1
no change     /oak/stanford/orgs/kipac/users/delon/miniconda3/shell/condabin/conda-hook.ps1
no change     /oak/stanford/orgs/kipac/users/delon/miniconda3/lib/python3.10/site-packages/xontrib/conda.xsh
no change     /oak/stanford/orgs/kipac/users/delon/miniconda3/etc/profile.d/conda.csh
no change     /home/users/delon/.bashrc
No action taken.
Starting ML Fit
Box_n50_14_1400
       message: Optimization terminated successfully.
       success: True
        status: 0
           fun: 23674716.12336286
             x: [-1.098e+00  7.711e-01  2.873e+00  1.444e+00  2.499e-04
                  9.998e-04]
           nit: 779
          nfev: 1322
 final_simplex: (array([[-1.098e+00,  7.711e-01, ...,  2.499e-04,
                         9.998e-04],
                       [-1.098e+00,  7.711e-01, ...,  2.499e-04,
                         9.998e-04],
                       ...,
                       [-1.098e+00,  7.711e-01, ...,  2.499e-04,
                         9.998e-04],
                       [-1.098e+00,  7.711e-01, ...,  2.499e-04,
                         9.998e-04]]), array([ 2.367e+07,  2.367e+07,  2.367e+07,  2.367e+07,
                        2.367e+07,  2.367e+07,  2.367e+07]))
   param_names: ['d1', 'e0', 'e1', 'f0', 'g0', 'g1']
[-1.09818487e+00  7.71124803e-01  2.87285321e+00  1.44394015e+00
  2.49946764e-04  9.99787056e-04]
(5000, 64, 6)
