prev {'d': 0.44437447007884334, 'e': 1.2179300088181835, 'f': 2.3344072215314347, 'g': 1.2868131242206224}
Starting ML Fit
Box93_1400
       message: Optimization terminated successfully.
       success: True
        status: 0
           fun: 4045.7407182101883
             x: [ 4.262e-01  1.218e+00  2.335e+00  1.272e+00]
           nit: 76
          nfev: 139
 final_simplex: (array([[ 4.262e-01,  1.218e+00,  2.335e+00,  1.272e+00],
                       [ 4.262e-01,  1.218e+00,  2.335e+00,  1.272e+00],
                       ...,
                       [ 4.262e-01,  1.218e+00,  2.335e+00,  1.272e+00],
                       [ 4.262e-01,  1.218e+00,  2.335e+00,  1.272e+00]]), array([ 4.046e+03,  4.046e+03,  4.046e+03,  4.046e+03,
                        4.046e+03]))
   param_names: ['d', 'e', 'f', 'g']
[0.42618772 1.21830576 2.33456079 1.27170564]
{'d': 0.42618771630082364, 'e': 1.21830575794172, 'f': 2.3345607936325177, 'g': 1.271705635221432}
Previous:  {'d': 0.44437447007884334, 'e': 1.2179300088181835, 'f': 2.3344072215314347, 'g': 1.2868131242206224}
