Leaving out Box38_1400
alist [1.0, 0.953321, 0.866399, 0.787402, 0.715608, 0.65036, 0.620002, 0.591061, 0.563471, 0.537169, 0.512095, 0.488191, 0.403224, 0.366459]
(2030, 10)
(2030, 4)
scaling input
(2030, 10)
scaling output
(2030, 4)
Iter 1/300 - Loss: 3.0988
Iter 2/300 - Loss: 2.7236
Iter 3/300 - Loss: 2.3803
Iter 4/300 - Loss: 2.0724
Iter 5/300 - Loss: 1.8003
Iter 6/300 - Loss: 1.5631
Iter 7/300 - Loss: 1.3604
Iter 8/300 - Loss: 1.1940
Iter 9/300 - Loss: 1.0664
Iter 10/300 - Loss: 0.9793
Iter 11/300 - Loss: 0.9294
Iter 12/300 - Loss: 0.9059
Iter 13/300 - Loss: 0.8948
Iter 14/300 - Loss: 0.8862
Iter 15/300 - Loss: 0.8736
Iter 16/300 - Loss: 0.8537
Iter 17/300 - Loss: 0.8229
Iter 18/300 - Loss: 0.7790
Iter 19/300 - Loss: 0.7211
Iter 20/300 - Loss: 0.6515
Iter 21/300 - Loss: 0.5750
Iter 22/300 - Loss: 0.4990
Iter 23/300 - Loss: 0.4295
Iter 24/300 - Loss: 0.3701
Iter 25/300 - Loss: 0.3213
Iter 26/300 - Loss: 0.2812
Iter 27/300 - Loss: 0.2461
Iter 28/300 - Loss: 0.2128
Iter 29/300 - Loss: 0.1787
Iter 30/300 - Loss: 0.1424
Iter 31/300 - Loss: 0.1033
Iter 32/300 - Loss: 0.0616
Iter 33/300 - Loss: 0.0177
Iter 34/300 - Loss: -0.0274
Iter 35/300 - Loss: -0.0726
Iter 36/300 - Loss: -0.1167
Iter 37/300 - Loss: -0.1584
Iter 38/300 - Loss: -0.1971
Iter 39/300 - Loss: -0.2321
Iter 40/300 - Loss: -0.2634
Iter 41/300 - Loss: -0.2917
Iter 42/300 - Loss: -0.3179
Iter 43/300 - Loss: -0.3419
Iter 44/300 - Loss: -0.3696
Iter 45/300 - Loss: -0.3985
Iter 46/300 - Loss: -0.4246
Iter 47/300 - Loss: -0.4517
Iter 48/300 - Loss: -0.4755
Iter 49/300 - Loss: -0.4972
Iter 50/300 - Loss: -0.5174
Iter 51/300 - Loss: -0.5343
Iter 52/300 - Loss: -0.5500
Iter 53/300 - Loss: -0.5650
Iter 54/300 - Loss: -0.5787
Iter 55/300 - Loss: -0.5917
Iter 56/300 - Loss: -0.6049
Iter 57/300 - Loss: -0.6177
Iter 58/300 - Loss: -0.6298
Iter 59/300 - Loss: -0.6414
Iter 60/300 - Loss: -0.6523
Iter 61/300 - Loss: -0.6623
Iter 62/300 - Loss: -0.6712
Iter 63/300 - Loss: -0.6796
Iter 64/300 - Loss: -0.6878
Iter 65/300 - Loss: -0.6957
Iter 66/300 - Loss: -0.7032
Iter 67/300 - Loss: -0.7102
Iter 68/300 - Loss: -0.7163
Iter 69/300 - Loss: -0.7212
Iter 70/300 - Loss: -0.7256
Iter 71/300 - Loss: -0.7295
Iter 72/300 - Loss: -0.7332
Iter 73/300 - Loss: -0.7368
Iter 74/300 - Loss: -0.7402
Iter 75/300 - Loss: -0.7432
Iter 76/300 - Loss: -0.7458
Iter 77/300 - Loss: -0.7478
Iter 78/300 - Loss: -0.7497
Iter 79/300 - Loss: -0.7514
Iter 80/300 - Loss: -0.7526
Iter 81/300 - Loss: -0.7517
Iter 82/300 - Loss: -0.7529
Iter 83/300 - Loss: -0.7580
Iter 84/300 - Loss: -0.7571
Iter 85/300 - Loss: -0.7597
Iter 86/300 - Loss: -0.7606
Iter 87/300 - Loss: -0.7619
Iter 88/300 - Loss: -0.7636
Iter 89/300 - Loss: -0.7643
Iter 90/300 - Loss: -0.7660
Iter 91/300 - Loss: -0.7661
Iter 92/300 - Loss: -0.7676
Iter 93/300 - Loss: -0.7675
Iter 94/300 - Loss: -0.7689
Iter 95/300 - Loss: -0.7690
Iter 96/300 - Loss: -0.7702
Iter 97/300 - Loss: -0.7703
Iter 98/300 - Loss: -0.7711
Iter 99/300 - Loss: -0.7714
Iter 100/300 - Loss: -0.7720
Iter 101/300 - Loss: -0.7724
Iter 102/300 - Loss: -0.7730
Iter 103/300 - Loss: -0.7734
Iter 104/300 - Loss: -0.7739
Iter 105/300 - Loss: -0.7741
Iter 106/300 - Loss: -0.7746
Iter 107/300 - Loss: -0.7747
Iter 108/300 - Loss: -0.7752
Iter 109/300 - Loss: -0.7753
Iter 110/300 - Loss: -0.7757
Iter 111/300 - Loss: -0.7758
Iter 112/300 - Loss: -0.7762
Iter 113/300 - Loss: -0.7764
Iter 114/300 - Loss: -0.7767
Iter 115/300 - Loss: -0.7769
Iter 116/300 - Loss: -0.7771
Iter 117/300 - Loss: -0.7774
Iter 118/300 - Loss: -0.7775
Iter 119/300 - Loss: -0.7778
Iter 120/300 - Loss: -0.7779
Iter 121/300 - Loss: -0.7781
Iter 122/300 - Loss: -0.7783
Iter 123/300 - Loss: -0.7784
Iter 124/300 - Loss: -0.7786
Iter 125/300 - Loss: -0.7787
Iter 126/300 - Loss: -0.7788
Iter 127/300 - Loss: -0.7789
Iter 128/300 - Loss: -0.7791
Iter 129/300 - Loss: -0.7792
Iter 130/300 - Loss: -0.7793
Iter 131/300 - Loss: -0.7794
Iter 132/300 - Loss: -0.7795
Iter 133/300 - Loss: -0.7797
Iter 134/300 - Loss: -0.7797
Iter 135/300 - Loss: -0.7798
Iter 136/300 - Loss: -0.7799
Iter 137/300 - Loss: -0.7800
Iter 138/300 - Loss: -0.7801
Iter 139/300 - Loss: -0.7802
Iter 140/300 - Loss: -0.7803
Iter 141/300 - Loss: -0.7803
Iter 142/300 - Loss: -0.7804
Iter 143/300 - Loss: -0.7805
Iter 144/300 - Loss: -0.7805
Iter 145/300 - Loss: -0.7806
Iter 146/300 - Loss: -0.7807
Iter 147/300 - Loss: -0.7807
Iter 148/300 - Loss: -0.7808
Iter 149/300 - Loss: -0.7809
Iter 150/300 - Loss: -0.7809
Iter 151/300 - Loss: -0.7810
Iter 152/300 - Loss: -0.7811
Iter 153/300 - Loss: -0.7811
Iter 154/300 - Loss: -0.7811
Iter 155/300 - Loss: -0.7811
Iter 156/300 - Loss: -0.7811
Iter 157/300 - Loss: -0.7811
Iter 158/300 - Loss: -0.7811
Iter 159/300 - Loss: -0.7811
Iter 160/300 - Loss: -0.7811
Iter 161/300 - Loss: -0.7812
Iter 162/300 - Loss: -0.7812
Iter 163/300 - Loss: -0.7812
Iter 164/300 - Loss: -0.7812
Iter 165/300 - Loss: -0.7812
Iter 166/300 - Loss: -0.7812
Iter 167/300 - Loss: -0.7812
Iter 168/300 - Loss: -0.7812
Iter 169/300 - Loss: -0.7813
Iter 170/300 - Loss: -0.7813
Iter 171/300 - Loss: -0.7813
Iter 172/300 - Loss: -0.7813
Iter 173/300 - Loss: -0.7813
Iter 174/300 - Loss: -0.7813
Iter 175/300 - Loss: -0.7814
Iter 176/300 - Loss: -0.7814
Iter 177/300 - Loss: -0.7814
Iter 178/300 - Loss: -0.7814
Iter 179/300 - Loss: -0.7815
Iter 180/300 - Loss: -0.7815
Iter 181/300 - Loss: -0.7815
Iter 182/300 - Loss: -0.7815
Iter 183/300 - Loss: -0.7816
Iter 184/300 - Loss: -0.7816
Iter 185/300 - Loss: -0.7816
Iter 186/300 - Loss: -0.7817
Iter 187/300 - Loss: -0.7817
Iter 188/300 - Loss: -0.7818
Iter 189/300 - Loss: -0.7818
Iter 190/300 - Loss: -0.7818
Iter 191/300 - Loss: -0.7819
Iter 192/300 - Loss: -0.7819
Iter 193/300 - Loss: -0.7820
Iter 194/300 - Loss: -0.7820
Iter 195/300 - Loss: -0.7821
Iter 196/300 - Loss: -0.7822
Iter 197/300 - Loss: -0.7822
Iter 198/300 - Loss: -0.7823
Iter 199/300 - Loss: -0.7824
Iter 200/300 - Loss: -0.7824
Iter 201/300 - Loss: -0.7825
Iter 202/300 - Loss: -0.7826
Iter 203/300 - Loss: -0.7827
Iter 204/300 - Loss: -0.7828
Iter 205/300 - Loss: -0.7829
Iter 206/300 - Loss: -0.7830
Iter 207/300 - Loss: -0.7832
Iter 208/300 - Loss: -0.7833
Iter 209/300 - Loss: -0.7834
Iter 210/300 - Loss: -0.7836
Iter 211/300 - Loss: -0.7837
Iter 212/300 - Loss: -0.7839
Iter 213/300 - Loss: -0.7840
Iter 214/300 - Loss: -0.7842
Iter 215/300 - Loss: -0.7844
Iter 216/300 - Loss: -0.7846
Iter 217/300 - Loss: -0.7848
Iter 218/300 - Loss: -0.7850
Iter 219/300 - Loss: -0.7853
Iter 220/300 - Loss: -0.7855
Iter 221/300 - Loss: -0.7858
Iter 222/300 - Loss: -0.7861
Iter 223/300 - Loss: -0.7863
Iter 224/300 - Loss: -0.7866
Iter 225/300 - Loss: -0.7869
Iter 226/300 - Loss: -0.7873
Iter 227/300 - Loss: -0.7876
Iter 228/300 - Loss: -0.7879
Iter 229/300 - Loss: -0.7883
Iter 230/300 - Loss: -0.7886
Iter 231/300 - Loss: -0.7890
Iter 232/300 - Loss: -0.7894
Iter 233/300 - Loss: -0.7898
Iter 234/300 - Loss: -0.7902
Iter 235/300 - Loss: -0.7905
Iter 236/300 - Loss: -0.7909
Iter 237/300 - Loss: -0.7913
Iter 238/300 - Loss: -0.7917
Iter 239/300 - Loss: -0.7921
Iter 240/300 - Loss: -0.7925
Iter 241/300 - Loss: -0.7929
Iter 242/300 - Loss: -0.7933
Iter 243/300 - Loss: -0.7937
Iter 244/300 - Loss: -0.7941
Iter 245/300 - Loss: -0.7945
Iter 246/300 - Loss: -0.7949
Iter 247/300 - Loss: -0.7952
Iter 248/300 - Loss: -0.7956
Iter 249/300 - Loss: -0.7960
Iter 250/300 - Loss: -0.7963
Iter 251/300 - Loss: -0.7967
Iter 252/300 - Loss: -0.7970
Iter 253/300 - Loss: -0.7974
Iter 254/300 - Loss: -0.7977
Iter 255/300 - Loss: -0.7981
Iter 256/300 - Loss: -0.7984
Iter 257/300 - Loss: -0.7987
Iter 258/300 - Loss: -0.7991
Iter 259/300 - Loss: -0.7994
Iter 260/300 - Loss: -0.7997
Iter 261/300 - Loss: -0.8000
Iter 262/300 - Loss: -0.8003
Iter 263/300 - Loss: -0.8006
Iter 264/300 - Loss: -0.8009
Iter 265/300 - Loss: -0.8012
Iter 266/300 - Loss: -0.8015
Iter 267/300 - Loss: -0.8018
Iter 268/300 - Loss: -0.8021
Iter 269/300 - Loss: -0.8024
Iter 270/300 - Loss: -0.8026
Iter 271/300 - Loss: -0.8029
Iter 272/300 - Loss: -0.8032
Iter 273/300 - Loss: -0.8034
Iter 274/300 - Loss: -0.8037
Iter 275/300 - Loss: -0.8039
Iter 276/300 - Loss: -0.8042
Iter 277/300 - Loss: -0.8044
Iter 278/300 - Loss: -0.8047
Iter 279/300 - Loss: -0.8049
Iter 280/300 - Loss: -0.8051
Iter 281/300 - Loss: -0.8054
Iter 282/300 - Loss: -0.8056
Iter 283/300 - Loss: -0.8058
Iter 284/300 - Loss: -0.8060
Iter 285/300 - Loss: -0.8062
Iter 286/300 - Loss: -0.8064
Iter 287/300 - Loss: -0.8067
Iter 288/300 - Loss: -0.8069
Iter 289/300 - Loss: -0.8071
Iter 290/300 - Loss: -0.8073
Iter 291/300 - Loss: -0.8075
Iter 292/300 - Loss: -0.8076
Iter 293/300 - Loss: -0.8078
Iter 294/300 - Loss: -0.8080
Iter 295/300 - Loss: -0.8082
Iter 296/300 - Loss: -0.8084
Iter 297/300 - Loss: -0.8086
Iter 298/300 - Loss: -0.8088
Iter 299/300 - Loss: -0.8089
Iter 300/300 - Loss: -0.8091
