prev {'d': 0.4301937831360387, 'e': 0.9703860549074519, 'f': 2.3395796605661534, 'g': 1.2867008802845916}
Starting ML Fit
Box56_1400
       message: Optimization terminated successfully.
       success: True
        status: 0
           fun: 6609.198852995743
             x: [ 4.156e-01  9.636e-01  2.343e+00  1.265e+00]
           nit: 93
          nfev: 167
 final_simplex: (array([[ 4.156e-01,  9.636e-01,  2.343e+00,  1.265e+00],
                       [ 4.156e-01,  9.636e-01,  2.343e+00,  1.265e+00],
                       ...,
                       [ 4.156e-01,  9.636e-01,  2.343e+00,  1.265e+00],
                       [ 4.156e-01,  9.636e-01,  2.343e+00,  1.265e+00]]), array([ 6.609e+03,  6.609e+03,  6.609e+03,  6.609e+03,
                        6.609e+03]))
   param_names: ['d', 'e', 'f', 'g']
[0.41559915 0.96363482 2.3425931  1.26532935]
{'d': 0.41559914861101455, 'e': 0.9636348190104729, 'f': 2.3425931029936904, 'g': 1.2653293500458305}
Previous:  {'d': 0.4301937831360387, 'e': 0.9703860549074519, 'f': 2.3395796605661534, 'g': 1.2867008802845916}
