prev {'d': 0.4870365012024278, 'e': 1.4433051403700636, 'f': 2.300265356601449, 'g': 1.2100358877847572}
Starting ML Fit
Box32_1400
       message: Optimization terminated successfully.
       success: True
        status: 0
           fun: 7595.965441134707
             x: [ 4.792e-01  1.450e+00  2.299e+00  1.210e+00]
           nit: 73
          nfev: 133
 final_simplex: (array([[ 4.792e-01,  1.450e+00,  2.299e+00,  1.210e+00],
                       [ 4.792e-01,  1.450e+00,  2.299e+00,  1.210e+00],
                       ...,
                       [ 4.792e-01,  1.450e+00,  2.299e+00,  1.210e+00],
                       [ 4.792e-01,  1.450e+00,  2.299e+00,  1.210e+00]]), array([ 7.596e+03,  7.596e+03,  7.596e+03,  7.596e+03,
                        7.596e+03]))
   param_names: ['d', 'e', 'f', 'g']
[0.47916459 1.4496893  2.29853653 1.21031855]
{'d': 0.4791645945312541, 'e': 1.449689302895409, 'f': 2.2985365280048926, 'g': 1.2103185492043669}
Previous:  {'d': 0.4870365012024278, 'e': 1.4433051403700636, 'f': 2.300265356601449, 'g': 1.2100358877847572}
