prev {'d': 0.4747089699316934, 'e': 1.0052136634270228, 'f': 2.3299961289620894, 'g': 1.269118562223476}
Starting ML Fit
Box79_1400
       message: Optimization terminated successfully.
       success: True
        status: 0
           fun: 11167.85690756189
             x: [ 4.673e-01  1.012e+00  2.327e+00  1.266e+00]
           nit: 91
          nfev: 168
 final_simplex: (array([[ 4.673e-01,  1.012e+00,  2.327e+00,  1.266e+00],
                       [ 4.673e-01,  1.012e+00,  2.327e+00,  1.266e+00],
                       ...,
                       [ 4.673e-01,  1.012e+00,  2.327e+00,  1.266e+00],
                       [ 4.673e-01,  1.012e+00,  2.327e+00,  1.266e+00]]), array([ 1.117e+04,  1.117e+04,  1.117e+04,  1.117e+04,
                        1.117e+04]))
   param_names: ['d', 'e', 'f', 'g']
[0.46733837 1.01213317 2.32735268 1.26589462]
{'d': 0.4673383655704229, 'e': 1.012133172432607, 'f': 2.327352682840229, 'g': 1.2658946186768696}
Previous:  {'d': 0.4747089699316934, 'e': 1.0052136634270228, 'f': 2.3299961289620894, 'g': 1.269118562223476}
