prev {'d': 0.4564022888873188, 'e': 1.2238718974294551, 'f': 2.3428832107792323, 'g': 1.2745098370537762}
Starting ML Fit
Box62_1400
       message: Optimization terminated successfully.
       success: True
        status: 0
           fun: 7352.972320588967
             x: [ 4.554e-01  1.228e+00  2.342e+00  1.277e+00]
           nit: 74
          nfev: 134
 final_simplex: (array([[ 4.554e-01,  1.228e+00,  2.342e+00,  1.277e+00],
                       [ 4.554e-01,  1.228e+00,  2.342e+00,  1.277e+00],
                       ...,
                       [ 4.554e-01,  1.228e+00,  2.342e+00,  1.277e+00],
                       [ 4.554e-01,  1.228e+00,  2.342e+00,  1.277e+00]]), array([ 7.353e+03,  7.353e+03,  7.353e+03,  7.353e+03,
                        7.353e+03]))
   param_names: ['d', 'e', 'f', 'g']
[0.45541508 1.22812306 2.34176367 1.27741877]
{'d': 0.4554150817683348, 'e': 1.2281230559108232, 'f': 2.341763673334658, 'g': 1.2774187697780912}
Previous:  {'d': 0.4564022888873188, 'e': 1.2238718974294551, 'f': 2.3428832107792323, 'g': 1.2745098370537762}
