prev {'d': 0.5092557572695268, 'e': 1.3153690865106942, 'f': 2.3202669254841375, 'g': 1.2313010285314347}
Starting ML Fit
Box45_1400
       message: Optimization terminated successfully.
       success: True
        status: 0
           fun: 6842.396961996634
             x: [ 5.030e-01  1.323e+00  2.319e+00  1.230e+00]
           nit: 79
          nfev: 147
 final_simplex: (array([[ 5.030e-01,  1.323e+00,  2.319e+00,  1.230e+00],
                       [ 5.030e-01,  1.323e+00,  2.319e+00,  1.230e+00],
                       ...,
                       [ 5.030e-01,  1.323e+00,  2.319e+00,  1.230e+00],
                       [ 5.030e-01,  1.323e+00,  2.319e+00,  1.230e+00]]), array([ 6.842e+03,  6.842e+03,  6.842e+03,  6.842e+03,
                        6.842e+03]))
   param_names: ['d', 'e', 'f', 'g']
[0.50304739 1.32345514 2.31892768 1.23045968]
{'d': 0.503047394171994, 'e': 1.3234551432525845, 'f': 2.3189276776753696, 'g': 1.230459682169731}
Previous:  {'d': 0.5092557572695268, 'e': 1.3153690865106942, 'f': 2.3202669254841375, 'g': 1.2313010285314347}
