prev {'d': 0.4655495364016371, 'e': 0.9278412283786476, 'f': 2.335798899478352, 'g': 1.277344562792104}
Starting ML Fit
Box86_1400
       message: Optimization terminated successfully.
       success: True
        status: 0
           fun: 14101.990000614223
             x: [ 4.600e-01  9.211e-01  2.337e+00  1.276e+00]
           nit: 84
          nfev: 152
 final_simplex: (array([[ 4.600e-01,  9.211e-01,  2.337e+00,  1.276e+00],
                       [ 4.600e-01,  9.211e-01,  2.337e+00,  1.276e+00],
                       ...,
                       [ 4.600e-01,  9.211e-01,  2.337e+00,  1.276e+00],
                       [ 4.600e-01,  9.211e-01,  2.337e+00,  1.276e+00]]), array([ 1.410e+04,  1.410e+04,  1.410e+04,  1.410e+04,
                        1.410e+04]))
   param_names: ['d', 'e', 'f', 'g']
[0.46004775 0.92109257 2.33653746 1.27599989]
{'d': 0.46004774711640883, 'e': 0.9210925705769741, 'f': 2.3365374609967184, 'g': 1.2759998908354064}
Previous:  {'d': 0.4655495364016371, 'e': 0.9278412283786476, 'f': 2.335798899478352, 'g': 1.277344562792104}
