prev {'d': 0.4576145508580335, 'e': 1.0010411930266108, 'f': 2.3414717513113095, 'g': 1.301088379245421}
Starting ML Fit
Box67_1400
       message: Optimization terminated successfully.
       success: True
        status: 0
           fun: 3692.869364125211
             x: [ 4.437e-01  9.418e-01  2.342e+00  1.300e+00]
           nit: 104
          nfev: 186
 final_simplex: (array([[ 4.437e-01,  9.418e-01,  2.342e+00,  1.300e+00],
                       [ 4.437e-01,  9.418e-01,  2.342e+00,  1.300e+00],
                       ...,
                       [ 4.437e-01,  9.418e-01,  2.342e+00,  1.300e+00],
                       [ 4.437e-01,  9.418e-01,  2.342e+00,  1.300e+00]]), array([ 3.693e+03,  3.693e+03,  3.693e+03,  3.693e+03,
                        3.693e+03]))
   param_names: ['d', 'e', 'f', 'g']
[0.4437363  0.94182574 2.34165597 1.3004108 ]
{'d': 0.4437363046760627, 'e': 0.941825735289336, 'f': 2.3416559679985793, 'g': 1.3004108015358464}
Previous:  {'d': 0.4576145508580335, 'e': 1.0010411930266108, 'f': 2.3414717513113095, 'g': 1.301088379245421}
