prev {'d': 0.5607600204054392, 'e': 1.0980754575020684, 'f': 2.325531225851438, 'g': 1.3065866176828722}
Starting ML Fit
Box72_1400
       message: Optimization terminated successfully.
       success: True
        status: 0
           fun: 7072.438677367748
             x: [ 5.581e-01  1.136e+00  2.323e+00  1.289e+00]
           nit: 89
          nfev: 159
 final_simplex: (array([[ 5.581e-01,  1.136e+00,  2.323e+00,  1.289e+00],
                       [ 5.581e-01,  1.136e+00,  2.323e+00,  1.289e+00],
                       ...,
                       [ 5.581e-01,  1.136e+00,  2.323e+00,  1.289e+00],
                       [ 5.581e-01,  1.136e+00,  2.323e+00,  1.289e+00]]), array([ 7.072e+03,  7.072e+03,  7.072e+03,  7.072e+03,
                        7.072e+03]))
   param_names: ['d', 'e', 'f', 'g']
[0.55812186 1.13613863 2.32303786 1.28945525]
{'d': 0.5581218589709419, 'e': 1.1361386282445771, 'f': 2.3230378646173646, 'g': 1.2894552475637409}
Previous:  {'d': 0.5607600204054392, 'e': 1.0980754575020684, 'f': 2.325531225851438, 'g': 1.3065866176828722}
