prev {'d': 0.4985581174738649, 'e': 1.1969080151882703, 'f': 2.335055950135771, 'g': 1.2957857404554591}
Starting ML Fit
Box24_1400
       message: Optimization terminated successfully.
       success: True
        status: 0
           fun: 6884.324406884798
             x: [ 5.017e-01  1.219e+00  2.333e+00  1.312e+00]
           nit: 108
          nfev: 194
 final_simplex: (array([[ 5.017e-01,  1.219e+00,  2.333e+00,  1.312e+00],
                       [ 5.017e-01,  1.219e+00,  2.333e+00,  1.312e+00],
                       ...,
                       [ 5.017e-01,  1.219e+00,  2.333e+00,  1.312e+00],
                       [ 5.017e-01,  1.219e+00,  2.333e+00,  1.312e+00]]), array([ 6.884e+03,  6.884e+03,  6.884e+03,  6.884e+03,
                        6.884e+03]))
   param_names: ['d', 'e', 'f', 'g']
[0.50167032 1.2193534  2.33286906 1.31210764]
{'d': 0.5016703173914703, 'e': 1.2193534027452821, 'f': 2.3328690646377046, 'g': 1.3121076367549667}
Previous:  {'d': 0.4985581174738649, 'e': 1.1969080151882703, 'f': 2.335055950135771, 'g': 1.2957857404554591}
