prev {'d': 0.4841280502090314, 'e': 1.2317798420379513, 'f': 2.307900367582685, 'g': 1.2761847380833586}
Starting ML Fit
Box_n50_43_1400
       message: Optimization terminated successfully.
       success: True
        status: 0
           fun: 6577.176353704001
             x: [ 4.735e-01  1.255e+00  2.304e+00  1.275e+00]
           nit: 129
          nfev: 224
 final_simplex: (array([[ 4.735e-01,  1.255e+00,  2.304e+00,  1.275e+00],
                       [ 4.735e-01,  1.255e+00,  2.304e+00,  1.275e+00],
                       ...,
                       [ 4.735e-01,  1.255e+00,  2.304e+00,  1.275e+00],
                       [ 4.735e-01,  1.255e+00,  2.304e+00,  1.275e+00]]), array([ 6.577e+03,  6.577e+03,  6.577e+03,  6.577e+03,
                        6.577e+03]))
   param_names: ['d', 'e', 'f', 'g']
[0.47346759 1.25476106 2.30377968 1.27537436]
{'d': 0.4734675876736595, 'e': 1.2547610607378796, 'f': 2.303779676315796, 'g': 1.2753743627958198}
Previous:  {'d': 0.4841280502090314, 'e': 1.2317798420379513, 'f': 2.307900367582685, 'g': 1.2761847380833586}
