prev {'d': 0.44069335154728195, 'e': 1.1960583575657233, 'f': 2.3290647173827805, 'g': 1.2706564952937822}
Starting ML Fit
Box_n50_49_1400
       message: Optimization terminated successfully.
       success: True
        status: 0
           fun: 1647.5846549589232
             x: [ 4.265e-01  1.199e+00  2.329e+00  1.266e+00]
           nit: 112
          nfev: 192
 final_simplex: (array([[ 4.265e-01,  1.199e+00,  2.329e+00,  1.266e+00],
                       [ 4.265e-01,  1.199e+00,  2.329e+00,  1.266e+00],
                       ...,
                       [ 4.265e-01,  1.199e+00,  2.329e+00,  1.266e+00],
                       [ 4.265e-01,  1.199e+00,  2.329e+00,  1.266e+00]]), array([ 1.648e+03,  1.648e+03,  1.648e+03,  1.648e+03,
                        1.648e+03]))
   param_names: ['d', 'e', 'f', 'g']
[0.42646621 1.19864015 2.32873054 1.2663297 ]
{'d': 0.42646621254616635, 'e': 1.198640153411196, 'f': 2.328730542622134, 'g': 1.2663297032622824}
Previous:  {'d': 0.44069335154728195, 'e': 1.1960583575657233, 'f': 2.3290647173827805, 'g': 1.2706564952937822}
