prev {'d': 0.44106983431265645, 'e': 1.1602095544198652, 'f': 2.3764592384354026, 'g': 1.2414081465470592}
Starting ML Fit
Box20_1400
       message: Optimization terminated successfully.
       success: True
        status: 0
           fun: 1854.1994704677375
             x: [ 4.380e-01  1.159e+00  2.376e+00  1.241e+00]
           nit: 77
          nfev: 143
 final_simplex: (array([[ 4.380e-01,  1.159e+00,  2.376e+00,  1.241e+00],
                       [ 4.380e-01,  1.159e+00,  2.376e+00,  1.241e+00],
                       ...,
                       [ 4.380e-01,  1.159e+00,  2.376e+00,  1.241e+00],
                       [ 4.380e-01,  1.159e+00,  2.376e+00,  1.241e+00]]), array([ 1.854e+03,  1.854e+03,  1.854e+03,  1.854e+03,
                        1.854e+03]))
   param_names: ['d', 'e', 'f', 'g']
[0.43801695 1.159185   2.37647012 1.24131351]
{'d': 0.43801694564818794, 'e': 1.1591850002859834, 'f': 2.3764701206997576, 'g': 1.2413135098867036}
Previous:  {'d': 0.44106983431265645, 'e': 1.1602095544198652, 'f': 2.3764592384354026, 'g': 1.2414081465470592}
