prev {'d': 0.444876328641131, 'e': 1.0485420421067275, 'f': 2.3273995777908554, 'g': 1.2448698716289863}
Starting ML Fit
Box_n50_30_1400
       message: Optimization terminated successfully.
       success: True
        status: 0
           fun: 6417.789987131509
             x: [ 4.366e-01  1.026e+00  2.334e+00  1.235e+00]
           nit: 97
          nfev: 172
 final_simplex: (array([[ 4.366e-01,  1.026e+00,  2.334e+00,  1.235e+00],
                       [ 4.366e-01,  1.026e+00,  2.334e+00,  1.235e+00],
                       ...,
                       [ 4.366e-01,  1.026e+00,  2.334e+00,  1.235e+00],
                       [ 4.366e-01,  1.026e+00,  2.334e+00,  1.235e+00]]), array([ 6.418e+03,  6.418e+03,  6.418e+03,  6.418e+03,
                        6.418e+03]))
   param_names: ['d', 'e', 'f', 'g']
[0.43656193 1.02627377 2.33352271 1.23452601]
{'d': 0.4365619295298421, 'e': 1.0262737747560209, 'f': 2.33352271458762, 'g': 1.2345260097421622}
Previous:  {'d': 0.444876328641131, 'e': 1.0485420421067275, 'f': 2.3273995777908554, 'g': 1.2448698716289863}
