prev {'d': 0.46602143443619337, 'e': 1.2153360678649507, 'f': 2.348972478909749, 'g': 1.2744129763291983}
Starting ML Fit
Box_n50_47_1400
       message: Optimization terminated successfully.
       success: True
        status: 0
           fun: 4805.741513015029
             x: [ 4.616e-01  1.218e+00  2.349e+00  1.271e+00]
           nit: 78
          nfev: 141
 final_simplex: (array([[ 4.616e-01,  1.218e+00,  2.349e+00,  1.271e+00],
                       [ 4.616e-01,  1.218e+00,  2.349e+00,  1.271e+00],
                       ...,
                       [ 4.616e-01,  1.218e+00,  2.349e+00,  1.271e+00],
                       [ 4.616e-01,  1.218e+00,  2.349e+00,  1.271e+00]]), array([ 4.806e+03,  4.806e+03,  4.806e+03,  4.806e+03,
                        4.806e+03]))
   param_names: ['d', 'e', 'f', 'g']
[0.46156757 1.21764684 2.34923727 1.27126655]
{'d': 0.4615675696006356, 'e': 1.2176468381584078, 'f': 2.3492372702912396, 'g': 1.271266554802242}
Previous:  {'d': 0.46602143443619337, 'e': 1.2153360678649507, 'f': 2.348972478909749, 'g': 1.2744129763291983}
