alist [1.0, 0.953321, 0.866399, 0.787402, 0.715608, 0.65036, 0.620002, 0.591061, 0.563471, 0.537169, 0.512095, 0.488191, 0.403224, 0.366459]
Leaving out Box42_1400
Iter 1/500 - Loss: 4.8370
Iter 2/500 - Loss: 4.4504
Iter 3/500 - Loss: 4.0317
Iter 4/500 - Loss: 3.6660
Iter 5/500 - Loss: 3.3275
Iter 6/500 - Loss: 3.0113
Iter 7/500 - Loss: 2.7135
Iter 8/500 - Loss: 2.4412
Iter 9/500 - Loss: 2.1917
Iter 10/500 - Loss: 1.9612
Iter 11/500 - Loss: 1.7480
Iter 12/500 - Loss: 1.5505
Iter 13/500 - Loss: 1.3673
Iter 14/500 - Loss: 1.1970
Iter 15/500 - Loss: 1.0388
Iter 16/500 - Loss: 0.8918
Iter 17/500 - Loss: 0.7554
Iter 18/500 - Loss: 0.6297
Iter 19/500 - Loss: 0.5155
Iter 20/500 - Loss: 0.4139
Iter 21/500 - Loss: 0.3237
Iter 22/500 - Loss: 0.2425
Iter 23/500 - Loss: 0.1678
Iter 24/500 - Loss: 0.0978
Iter 25/500 - Loss: 0.0311
Iter 26/500 - Loss: -0.0325
Iter 27/500 - Loss: -0.0935
Iter 28/500 - Loss: -0.1513
Iter 29/500 - Loss: -0.2054
Iter 30/500 - Loss: -0.2588
Iter 31/500 - Loss: -0.3133
Iter 32/500 - Loss: -0.3693
Iter 33/500 - Loss: -0.4239
Iter 34/500 - Loss: -0.4739
Iter 35/500 - Loss: -0.5223
Iter 36/500 - Loss: -0.5729
Iter 37/500 - Loss: -0.6232
Iter 38/500 - Loss: -0.6711
Iter 39/500 - Loss: -0.7169
Iter 40/500 - Loss: -0.7624
Iter 41/500 - Loss: -0.8094
Iter 42/500 - Loss: -0.8572
Iter 43/500 - Loss: -0.9020
Iter 44/500 - Loss: -0.9465
Iter 45/500 - Loss: -0.9940
Iter 46/500 - Loss: -1.0415
Iter 47/500 - Loss: -1.0873
Iter 48/500 - Loss: -1.1335
Iter 49/500 - Loss: -1.1809
Iter 50/500 - Loss: -1.2294
Iter 51/500 - Loss: -1.2781
Iter 52/500 - Loss: -1.3272
Iter 53/500 - Loss: -1.3781
Iter 54/500 - Loss: -1.4302
Iter 55/500 - Loss: -1.4815
Iter 56/500 - Loss: -1.5315
Iter 57/500 - Loss: -1.5804
Iter 58/500 - Loss: -1.6271
Iter 59/500 - Loss: -1.6708
Iter 60/500 - Loss: -1.7122
Iter 61/500 - Loss: -1.7525
Iter 62/500 - Loss: -1.7924
Iter 63/500 - Loss: -1.8319
Iter 64/500 - Loss: -1.8715
Iter 65/500 - Loss: -1.9119
Iter 66/500 - Loss: -1.9527
Iter 67/500 - Loss: -1.9934
Iter 68/500 - Loss: -2.0343
Iter 69/500 - Loss: -2.0754
Iter 70/500 - Loss: -2.1159
Iter 71/500 - Loss: -2.1555
Iter 72/500 - Loss: -2.1942
Iter 73/500 - Loss: -2.2315
Iter 74/500 - Loss: -2.2668
Iter 75/500 - Loss: -2.3002
Iter 76/500 - Loss: -2.3316
Iter 77/500 - Loss: -2.3612
Iter 78/500 - Loss: -2.3895
Iter 79/500 - Loss: -2.4169
Iter 80/500 - Loss: -2.4435
Iter 81/500 - Loss: -2.4689
Iter 82/500 - Loss: -2.4930
Iter 83/500 - Loss: -2.5154
Iter 84/500 - Loss: -2.5361
Iter 85/500 - Loss: -2.5551
Iter 86/500 - Loss: -2.5728
Iter 87/500 - Loss: -2.5894
Iter 88/500 - Loss: -2.6051
Iter 89/500 - Loss: -2.6202
Iter 90/500 - Loss: -2.6345
Iter 91/500 - Loss: -2.6480
Iter 92/500 - Loss: -2.6608
Iter 93/500 - Loss: -2.6727
Iter 94/500 - Loss: -2.6837
Iter 95/500 - Loss: -2.6940
Iter 96/500 - Loss: -2.7035
Iter 97/500 - Loss: -2.7124
Iter 98/500 - Loss: -2.7208
Iter 99/500 - Loss: -2.7288
Iter 100/500 - Loss: -2.7364
Iter 101/500 - Loss: -2.7436
Iter 102/500 - Loss: -2.7503
Iter 103/500 - Loss: -2.7566
Iter 104/500 - Loss: -2.7625
Iter 105/500 - Loss: -2.7680
Iter 106/500 - Loss: -2.7732
Iter 107/500 - Loss: -2.7780
Iter 108/500 - Loss: -2.7826
Iter 109/500 - Loss: -2.7870
Iter 110/500 - Loss: -2.7912
Iter 111/500 - Loss: -2.7951
Iter 112/500 - Loss: -2.7988
Iter 113/500 - Loss: -2.8023
Iter 114/500 - Loss: -2.8056
Iter 115/500 - Loss: -2.8087
Iter 116/500 - Loss: -2.8116
Iter 117/500 - Loss: -2.8144
Iter 118/500 - Loss: -2.8170
Iter 119/500 - Loss: -2.8196
Iter 120/500 - Loss: -2.8220
Iter 121/500 - Loss: -2.8243
Iter 122/500 - Loss: -2.8265
Iter 123/500 - Loss: -2.8285
Iter 124/500 - Loss: -2.8305
Iter 125/500 - Loss: -2.8324
Iter 126/500 - Loss: -2.8342
Iter 127/500 - Loss: -2.8360
Iter 128/500 - Loss: -2.8377
Iter 129/500 - Loss: -2.8392
Iter 130/500 - Loss: -2.8407
Iter 131/500 - Loss: -2.8419
Iter 132/500 - Loss: -2.8431
Iter 133/500 - Loss: -2.8449
Iter 134/500 - Loss: -2.8464
Iter 135/500 - Loss: -2.8473
Iter 136/500 - Loss: -2.8490
Iter 137/500 - Loss: -2.8501
Iter 138/500 - Loss: -2.8512
Iter 139/500 - Loss: -2.8526
Iter 140/500 - Loss: -2.8535
Iter 141/500 - Loss: -2.8549
Iter 142/500 - Loss: -2.8558
Iter 143/500 - Loss: -2.8569
Iter 144/500 - Loss: -2.8580
Iter 145/500 - Loss: -2.8589
Iter 146/500 - Loss: -2.8600
Iter 147/500 - Loss: -2.8609
Iter 148/500 - Loss: -2.8620
Iter 149/500 - Loss: -2.8628
Iter 150/500 - Loss: -2.8638
Iter 151/500 - Loss: -2.8647
Iter 152/500 - Loss: -2.8655
Iter 153/500 - Loss: -2.8665
Iter 154/500 - Loss: -2.8673
Iter 155/500 - Loss: -2.8682
Iter 156/500 - Loss: -2.8690
Iter 157/500 - Loss: -2.8699
Iter 158/500 - Loss: -2.8707
Iter 159/500 - Loss: -2.8715
Iter 160/500 - Loss: -2.8724
Iter 161/500 - Loss: -2.8733
Iter 162/500 - Loss: -2.8743
Iter 163/500 - Loss: -2.8753
Iter 164/500 - Loss: -2.8764
Iter 165/500 - Loss: -2.8774
Iter 166/500 - Loss: -2.8784
Iter 167/500 - Loss: -2.8793
Iter 168/500 - Loss: -2.8800
Iter 169/500 - Loss: -2.8808
Iter 170/500 - Loss: -2.8815
Iter 171/500 - Loss: -2.8822
Iter 172/500 - Loss: -2.8829
Iter 173/500 - Loss: -2.8836
Iter 174/500 - Loss: -2.8843
Iter 175/500 - Loss: -2.8850
Iter 176/500 - Loss: -2.8856
Iter 177/500 - Loss: -2.8862
Iter 178/500 - Loss: -2.8868
Iter 179/500 - Loss: -2.8873
Iter 180/500 - Loss: -2.8878
Iter 181/500 - Loss: -2.8883
Iter 182/500 - Loss: -2.8888
Iter 183/500 - Loss: -2.8893
Iter 184/500 - Loss: -2.8898
Iter 185/500 - Loss: -2.8902
Iter 186/500 - Loss: -2.8907
Iter 187/500 - Loss: -2.8911
Iter 188/500 - Loss: -2.8915
Iter 189/500 - Loss: -2.8919
Iter 190/500 - Loss: -2.8923
Iter 191/500 - Loss: -2.8927
Iter 192/500 - Loss: -2.8930
Iter 193/500 - Loss: -2.8934
Iter 194/500 - Loss: -2.8938
Iter 195/500 - Loss: -2.8941
Iter 196/500 - Loss: -2.8945
Iter 197/500 - Loss: -2.8948
Iter 198/500 - Loss: -2.8952
Iter 199/500 - Loss: -2.8955
Iter 200/500 - Loss: -2.8958
Iter 201/500 - Loss: -2.8961
Iter 202/500 - Loss: -2.8964
Iter 203/500 - Loss: -2.8967
Iter 204/500 - Loss: -2.8970
Iter 205/500 - Loss: -2.8973
Iter 206/500 - Loss: -2.8976
Iter 207/500 - Loss: -2.8979
Iter 208/500 - Loss: -2.8982
Iter 209/500 - Loss: -2.8985
Iter 210/500 - Loss: -2.8988
Iter 211/500 - Loss: -2.8990
Iter 212/500 - Loss: -2.8993
Iter 213/500 - Loss: -2.8996
Iter 214/500 - Loss: -2.8998
Iter 215/500 - Loss: -2.9001
Iter 216/500 - Loss: -2.9003
Iter 217/500 - Loss: -2.9006
Iter 218/500 - Loss: -2.9008
Iter 219/500 - Loss: -2.9011
Iter 220/500 - Loss: -2.9013
Iter 221/500 - Loss: -2.9015
Iter 222/500 - Loss: -2.9018
Iter 223/500 - Loss: -2.9020
Iter 224/500 - Loss: -2.9022
Iter 225/500 - Loss: -2.9024
Iter 226/500 - Loss: -2.9027
Iter 227/500 - Loss: -2.9029
Iter 228/500 - Loss: -2.9031
Iter 229/500 - Loss: -2.9033
Iter 230/500 - Loss: -2.9035
Iter 231/500 - Loss: -2.9037
Iter 232/500 - Loss: -2.9039
Iter 233/500 - Loss: -2.9041
Iter 234/500 - Loss: -2.9043
Iter 235/500 - Loss: -2.9045
Iter 236/500 - Loss: -2.9047
Iter 237/500 - Loss: -2.9049
Iter 238/500 - Loss: -2.9051
Iter 239/500 - Loss: -2.9053
Iter 240/500 - Loss: -2.9054
Iter 241/500 - Loss: -2.9056
Iter 242/500 - Loss: -2.9058
Iter 243/500 - Loss: -2.9060
Iter 244/500 - Loss: -2.9062
Iter 245/500 - Loss: -2.9063
Iter 246/500 - Loss: -2.9065
Iter 247/500 - Loss: -2.9067
Iter 248/500 - Loss: -2.9068
Iter 249/500 - Loss: -2.9070
Iter 250/500 - Loss: -2.9072
Iter 251/500 - Loss: -2.9073
Iter 252/500 - Loss: -2.9075
Iter 253/500 - Loss: -2.9076
Iter 254/500 - Loss: -2.9078
Iter 255/500 - Loss: -2.9079
Iter 256/500 - Loss: -2.9081
Iter 257/500 - Loss: -2.9082
Iter 258/500 - Loss: -2.9083
Iter 259/500 - Loss: -2.9085
Iter 260/500 - Loss: -2.9086
Iter 261/500 - Loss: -2.9088
Iter 262/500 - Loss: -2.9090
Iter 263/500 - Loss: -2.9091
Iter 264/500 - Loss: -2.9092
Iter 265/500 - Loss: -2.9094
Iter 266/500 - Loss: -2.9095
Iter 267/500 - Loss: -2.9096
Iter 268/500 - Loss: -2.9098
Iter 269/500 - Loss: -2.9099
Iter 270/500 - Loss: -2.9101
Iter 271/500 - Loss: -2.9102
Iter 272/500 - Loss: -2.9103
Iter 273/500 - Loss: -2.9105
Iter 274/500 - Loss: -2.9106
Iter 275/500 - Loss: -2.9107
Iter 276/500 - Loss: -2.9108
Iter 277/500 - Loss: -2.9109
Iter 278/500 - Loss: -2.9111
Iter 279/500 - Loss: -2.9112
Iter 280/500 - Loss: -2.9113
Iter 281/500 - Loss: -2.9114
Iter 282/500 - Loss: -2.9115
Iter 283/500 - Loss: -2.9117
Iter 284/500 - Loss: -2.9118
Iter 285/500 - Loss: -2.9119
Iter 286/500 - Loss: -2.9120
Iter 287/500 - Loss: -2.9121
Iter 288/500 - Loss: -2.9122
Iter 289/500 - Loss: -2.9123
Iter 290/500 - Loss: -2.9124
Iter 291/500 - Loss: -2.9125
Iter 292/500 - Loss: -2.9127
Iter 293/500 - Loss: -2.9128
Iter 294/500 - Loss: -2.9129
Iter 295/500 - Loss: -2.9130
Iter 296/500 - Loss: -2.9131
Iter 297/500 - Loss: -2.9132
Iter 298/500 - Loss: -2.9133
Iter 299/500 - Loss: -2.9134
Iter 300/500 - Loss: -2.9135
Iter 301/500 - Loss: -2.9136
Iter 302/500 - Loss: -2.9137
Iter 303/500 - Loss: -2.9138
Iter 304/500 - Loss: -2.9139
Iter 305/500 - Loss: -2.9139
Iter 306/500 - Loss: -2.9140
Iter 307/500 - Loss: -2.9141
Iter 308/500 - Loss: -2.9142
Iter 309/500 - Loss: -2.9143
Iter 310/500 - Loss: -2.9144
Iter 311/500 - Loss: -2.9145
Iter 312/500 - Loss: -2.9146
Iter 313/500 - Loss: -2.9147
Iter 314/500 - Loss: -2.9148
Iter 315/500 - Loss: -2.9148
Iter 316/500 - Loss: -2.9149
Iter 317/500 - Loss: -2.9150
Iter 318/500 - Loss: -2.9151
Iter 319/500 - Loss: -2.9152
Iter 320/500 - Loss: -2.9153
Iter 321/500 - Loss: -2.9154
Iter 322/500 - Loss: -2.9154
Iter 323/500 - Loss: -2.9155
Iter 324/500 - Loss: -2.9156
Iter 325/500 - Loss: -2.9157
Iter 326/500 - Loss: -2.9158
Iter 327/500 - Loss: -2.9158
Iter 328/500 - Loss: -2.9159
Iter 329/500 - Loss: -2.9160
Iter 330/500 - Loss: -2.9161
Iter 331/500 - Loss: -2.9162
Iter 332/500 - Loss: -2.9162
Iter 333/500 - Loss: -2.9163
Iter 334/500 - Loss: -2.9164
Iter 335/500 - Loss: -2.9165
Iter 336/500 - Loss: -2.9165
Iter 337/500 - Loss: -2.9166
Iter 338/500 - Loss: -2.9167
Iter 339/500 - Loss: -2.9168
Iter 340/500 - Loss: -2.9169
Iter 341/500 - Loss: -2.9169
Iter 342/500 - Loss: -2.9170
Iter 343/500 - Loss: -2.9171
Iter 344/500 - Loss: -2.9172
Iter 345/500 - Loss: -2.9172
Iter 346/500 - Loss: -2.9173
Iter 347/500 - Loss: -2.9174
Iter 348/500 - Loss: -2.9175
Iter 349/500 - Loss: -2.9175
Iter 350/500 - Loss: -2.9176
Iter 351/500 - Loss: -2.9177
Iter 352/500 - Loss: -2.9178
Iter 353/500 - Loss: -2.9178
Iter 354/500 - Loss: -2.9179
Iter 355/500 - Loss: -2.9180
Iter 356/500 - Loss: -2.9181
Iter 357/500 - Loss: -2.9181
Iter 358/500 - Loss: -2.9182
Iter 359/500 - Loss: -2.9183
Iter 360/500 - Loss: -2.9184
Iter 361/500 - Loss: -2.9185
Iter 362/500 - Loss: -2.9185
Iter 363/500 - Loss: -2.9186
Iter 364/500 - Loss: -2.9187
Iter 365/500 - Loss: -2.9188
Iter 366/500 - Loss: -2.9189
Iter 367/500 - Loss: -2.9189
Iter 368/500 - Loss: -2.9190
Iter 369/500 - Loss: -2.9190
Iter 370/500 - Loss: -2.9191
Iter 371/500 - Loss: -2.9193
Iter 372/500 - Loss: -2.9194
Iter 373/500 - Loss: -2.9195
Iter 374/500 - Loss: -2.9195
Iter 375/500 - Loss: -2.9196
Iter 376/500 - Loss: -2.9197
Iter 377/500 - Loss: -2.9198
Iter 378/500 - Loss: -2.9198
Iter 379/500 - Loss: -2.9199
Iter 380/500 - Loss: -2.9200
Iter 381/500 - Loss: -2.9200
Iter 382/500 - Loss: -2.9201
Iter 383/500 - Loss: -2.9202
Iter 384/500 - Loss: -2.9202
Iter 385/500 - Loss: -2.9203
Iter 386/500 - Loss: -2.9204
Iter 387/500 - Loss: -2.9204
Iter 388/500 - Loss: -2.9205
Iter 389/500 - Loss: -2.9206
Iter 390/500 - Loss: -2.9206
Iter 391/500 - Loss: -2.9207
Iter 392/500 - Loss: -2.9208
Iter 393/500 - Loss: -2.9209
Iter 394/500 - Loss: -2.9209
Iter 395/500 - Loss: -2.9210
Iter 396/500 - Loss: -2.9211
Iter 397/500 - Loss: -2.9211
Iter 398/500 - Loss: -2.9212
Iter 399/500 - Loss: -2.9213
Iter 400/500 - Loss: -2.9213
Iter 401/500 - Loss: -2.9214
Iter 402/500 - Loss: -2.9215
Iter 403/500 - Loss: -2.9216
Iter 404/500 - Loss: -2.9216
Iter 405/500 - Loss: -2.9217
Iter 406/500 - Loss: -2.9218
Iter 407/500 - Loss: -2.9219
Iter 408/500 - Loss: -2.9219
Iter 409/500 - Loss: -2.9220
Iter 410/500 - Loss: -2.9221
Iter 411/500 - Loss: -2.9222
Iter 412/500 - Loss: -2.9222
Iter 413/500 - Loss: -2.9223
Iter 414/500 - Loss: -2.9223
Iter 415/500 - Loss: -2.9224
Iter 416/500 - Loss: -2.9225
Iter 417/500 - Loss: -2.9227
Iter 418/500 - Loss: -2.9229
Iter 419/500 - Loss: -2.9230
Iter 420/500 - Loss: -2.9230
Iter 421/500 - Loss: -2.9232
Iter 422/500 - Loss: -2.9233
Iter 423/500 - Loss: -2.9235
Iter 424/500 - Loss: -2.9236
Iter 425/500 - Loss: -2.9237
Iter 426/500 - Loss: -2.9238
Iter 427/500 - Loss: -2.9240
Iter 428/500 - Loss: -2.9241
Iter 429/500 - Loss: -2.9242
Iter 430/500 - Loss: -2.9243
Iter 431/500 - Loss: -2.9244
Iter 432/500 - Loss: -2.9245
Iter 433/500 - Loss: -2.9246
Iter 434/500 - Loss: -2.9247
Iter 435/500 - Loss: -2.9248
Iter 436/500 - Loss: -2.9249
Iter 437/500 - Loss: -2.9250
Iter 438/500 - Loss: -2.9251
Iter 439/500 - Loss: -2.9252
Iter 440/500 - Loss: -2.9252
Iter 441/500 - Loss: -2.9253
Iter 442/500 - Loss: -2.9254
Iter 443/500 - Loss: -2.9256
Iter 444/500 - Loss: -2.9258
Iter 445/500 - Loss: -2.9258
Iter 446/500 - Loss: -2.9259
Iter 447/500 - Loss: -2.9260
Iter 448/500 - Loss: -2.9262
Iter 449/500 - Loss: -2.9263
Iter 450/500 - Loss: -2.9263
Iter 451/500 - Loss: -2.9264
Iter 452/500 - Loss: -2.9266
Iter 453/500 - Loss: -2.9267
Iter 454/500 - Loss: -2.9267
Iter 455/500 - Loss: -2.9269
Iter 456/500 - Loss: -2.9270
Iter 457/500 - Loss: -2.9271
Iter 458/500 - Loss: -2.9272
Iter 459/500 - Loss: -2.9273
Iter 460/500 - Loss: -2.9274
Iter 461/500 - Loss: -2.9275
Iter 462/500 - Loss: -2.9276
Iter 463/500 - Loss: -2.9277
Iter 464/500 - Loss: -2.9278
Iter 465/500 - Loss: -2.9280
Iter 466/500 - Loss: -2.9281
Iter 467/500 - Loss: -2.9282
Iter 468/500 - Loss: -2.9283
Iter 469/500 - Loss: -2.9284
Iter 470/500 - Loss: -2.9285
Iter 471/500 - Loss: -2.9286
Iter 472/500 - Loss: -2.9287
Iter 473/500 - Loss: -2.9288
Iter 474/500 - Loss: -2.9290
Iter 475/500 - Loss: -2.9291
Iter 476/500 - Loss: -2.9292
Iter 477/500 - Loss: -2.9293
Iter 478/500 - Loss: -2.9295
Iter 479/500 - Loss: -2.9296
Iter 480/500 - Loss: -2.9297
Iter 481/500 - Loss: -2.9299
Iter 482/500 - Loss: -2.9300
Iter 483/500 - Loss: -2.9301
Iter 484/500 - Loss: -2.9303
Iter 485/500 - Loss: -2.9304
Iter 486/500 - Loss: -2.9305
Iter 487/500 - Loss: -2.9307
Iter 488/500 - Loss: -2.9308
Iter 489/500 - Loss: -2.9310
Iter 490/500 - Loss: -2.9311
Iter 491/500 - Loss: -2.9313
Iter 492/500 - Loss: -2.9315
Iter 493/500 - Loss: -2.9316
Iter 494/500 - Loss: -2.9318
Iter 495/500 - Loss: -2.9319
Iter 496/500 - Loss: -2.9321
Iter 497/500 - Loss: -2.9323
Iter 498/500 - Loss: -2.9324
Iter 499/500 - Loss: -2.9326
Iter 500/500 - Loss: -2.9327
{'d': 0.41103375, 'e': 0.986166, 'f': 2.3306613, 'g': 1.2675225}
{'d': 0.4166016, 'e': 0.9843527, 'f': 2.3309472, 'g': 1.2717211}
{'d': 0.4296549, 'e': 0.9771927, 'f': 2.3317482, 'g': 1.2811927}
{'d': 0.43333474, 'e': 0.9746559, 'f': 2.3319945, 'g': 1.2837148}
{'d': 0.43718567, 'e': 0.9718709, 'f': 2.3322568, 'g': 1.2862586}
{'d': 0.44121295, 'e': 0.9689459, 'f': 2.3325253, 'g': 1.2887942}
{'d': 0.4454182, 'e': 0.9659668, 'f': 2.3327951, 'g': 1.291289}
{'d': 0.4498107, 'e': 0.96317554, 'f': 2.3330479, 'g': 1.2936977}
{'d': 0.4543935, 'e': 0.9607594, 'f': 2.3332715, 'g': 1.2959763}
{'d': 0.46417162, 'e': 0.9585553, 'f': 2.3335192, 'g': 1.2999117}
{'d': 0.47483072, 'e': 0.9630435, 'f': 2.333272, 'g': 1.3025886}
{'d': 0.48642617, 'e': 0.9791704, 'f': 2.3321636, 'g': 1.3034508}
{'d': 0.49891722, 'e': 1.0125319, 'f': 2.3297696, 'g': 1.301976}
{'d': 0.5054306, 'e': 1.0372205, 'f': 2.3279676, 'g': 1.3002427}
