prev {'d': 0.4540228059164677, 'e': 0.7376628371499973, 'f': 2.372301855482611, 'g': 1.3181114018919815}
Starting ML Fit
Box81_1400
       message: Optimization terminated successfully.
       success: True
        status: 0
           fun: 15538.277519249716
             x: [ 4.401e-01  6.762e-01  2.373e+00  1.317e+00]
           nit: 125
          nfev: 217
 final_simplex: (array([[ 4.401e-01,  6.762e-01,  2.373e+00,  1.317e+00],
                       [ 4.401e-01,  6.762e-01,  2.373e+00,  1.317e+00],
                       ...,
                       [ 4.401e-01,  6.762e-01,  2.373e+00,  1.317e+00],
                       [ 4.401e-01,  6.762e-01,  2.373e+00,  1.317e+00]]), array([ 1.554e+04,  1.554e+04,  1.554e+04,  1.554e+04,
                        1.554e+04]))
   param_names: ['d', 'e', 'f', 'g']
[0.44013825 0.67617294 2.37259054 1.3165207 ]
{'d': 0.44013824624601566, 'e': 0.6761729420120997, 'f': 2.372590544383818, 'g': 1.3165206973854628}
Previous:  {'d': 0.4540228059164677, 'e': 0.7376628371499973, 'f': 2.372301855482611, 'g': 1.3181114018919815}
