prev {'d': 0.5178899832785584, 'e': 1.2049049267050118, 'f': 2.337269392140306, 'g': 1.2963529727055385}
Starting ML Fit
Box24_1400
       message: Optimization terminated successfully.
       success: True
        status: 0
           fun: 4837.625204128662
             x: [ 5.171e-01  1.206e+00  2.337e+00  1.314e+00]
           nit: 81
          nfev: 143
 final_simplex: (array([[ 5.171e-01,  1.206e+00,  2.337e+00,  1.314e+00],
                       [ 5.171e-01,  1.206e+00,  2.337e+00,  1.314e+00],
                       ...,
                       [ 5.171e-01,  1.206e+00,  2.337e+00,  1.314e+00],
                       [ 5.171e-01,  1.206e+00,  2.337e+00,  1.314e+00]]), array([ 4.838e+03,  4.838e+03,  4.838e+03,  4.838e+03,
                        4.838e+03]))
   param_names: ['d', 'e', 'f', 'g']
[0.51711404 1.20610384 2.33728156 1.31358119]
{'d': 0.5171140440462951, 'e': 1.2061038378593454, 'f': 2.337281557123452, 'g': 1.313581187261262}
Previous:  {'d': 0.5178899832785584, 'e': 1.2049049267050118, 'f': 2.337269392140306, 'g': 1.2963529727055385}
