prev {'d': 0.4276000170685966, 'e': 1.0215634310084378, 'f': 2.364623509076118, 'g': 1.2098521883622302}
Starting ML Fit
Box30_1400
       message: Optimization terminated successfully.
       success: True
        status: 0
           fun: 5840.459758388333
             x: [ 4.222e-01  1.009e+00  2.368e+00  1.211e+00]
           nit: 87
          nfev: 155
 final_simplex: (array([[ 4.222e-01,  1.009e+00,  2.368e+00,  1.211e+00],
                       [ 4.222e-01,  1.009e+00,  2.368e+00,  1.211e+00],
                       ...,
                       [ 4.222e-01,  1.009e+00,  2.368e+00,  1.211e+00],
                       [ 4.222e-01,  1.009e+00,  2.368e+00,  1.211e+00]]), array([ 5.840e+03,  5.840e+03,  5.840e+03,  5.840e+03,
                        5.840e+03]))
   param_names: ['d', 'e', 'f', 'g']
[0.42216259 1.00914951 2.36824719 1.21125224]
{'d': 0.42216259051531907, 'e': 1.0091495095494039, 'f': 2.3682471886552596, 'g': 1.211252237463877}
Previous:  {'d': 0.4276000170685966, 'e': 1.0215634310084378, 'f': 2.364623509076118, 'g': 1.2098521883622302}
