prev {'d': 0.43818636234451547, 'e': 0.9886418520129747, 'f': 2.3349868084465677, 'g': 1.2567321169926982}
Starting ML Fit
Box_n50_45_1400
       message: Optimization terminated successfully.
       success: True
        status: 0
           fun: 2538.6101126402805
             x: [ 4.259e-01  9.934e-01  2.334e+00  1.254e+00]
           nit: 104
          nfev: 178
 final_simplex: (array([[ 4.259e-01,  9.934e-01,  2.334e+00,  1.254e+00],
                       [ 4.259e-01,  9.934e-01,  2.334e+00,  1.254e+00],
                       ...,
                       [ 4.259e-01,  9.934e-01,  2.334e+00,  1.254e+00],
                       [ 4.259e-01,  9.934e-01,  2.334e+00,  1.254e+00]]), array([ 2.539e+03,  2.539e+03,  2.539e+03,  2.539e+03,
                        2.539e+03]))
   param_names: ['d', 'e', 'f', 'g']
[0.42591163 0.9934128  2.33448326 1.25413483]
{'d': 0.42591162620371514, 'e': 0.9934128027489484, 'f': 2.3344832596113507, 'g': 1.2541348280039735}
Previous:  {'d': 0.43818636234451547, 'e': 0.9886418520129747, 'f': 2.3349868084465677, 'g': 1.2567321169926982}
