prev {'d': 0.5184812418907792, 'e': 1.1701526948173253, 'f': 2.3150893600735265, 'g': 1.2717451757482428}
Starting ML Fit
Box_n50_45_1400
       message: Optimization terminated successfully.
       success: True
        status: 0
           fun: 3159.573594410993
             x: [ 5.111e-01  1.159e+00  2.316e+00  1.271e+00]
           nit: 86
          nfev: 150
 final_simplex: (array([[ 5.111e-01,  1.159e+00,  2.316e+00,  1.271e+00],
                       [ 5.111e-01,  1.159e+00,  2.316e+00,  1.271e+00],
                       ...,
                       [ 5.111e-01,  1.159e+00,  2.316e+00,  1.271e+00],
                       [ 5.111e-01,  1.159e+00,  2.316e+00,  1.271e+00]]), array([ 3.160e+03,  3.160e+03,  3.160e+03,  3.160e+03,
                        3.160e+03]))
   param_names: ['d', 'e', 'f', 'g']
[0.51110853 1.15920217 2.31583113 1.27094559]
{'d': 0.511108532907018, 'e': 1.159202172018364, 'f': 2.315831130099047, 'g': 1.2709455880626817}
Previous:  {'d': 0.5184812418907792, 'e': 1.1701526948173253, 'f': 2.3150893600735265, 'g': 1.2717451757482428}
