prev {'d': 0.4064936906725274, 'e': 1.196654939913304, 'f': 2.270055937659548, 'g': 1.1891204949900462}
Starting ML Fit
Box47_1400
       message: Optimization terminated successfully.
       success: True
        status: 0
           fun: 3408.8401425501465
             x: [ 3.994e-01  1.201e+00  2.270e+00  1.190e+00]
           nit: 92
          nfev: 171
 final_simplex: (array([[ 3.994e-01,  1.201e+00,  2.270e+00,  1.190e+00],
                       [ 3.994e-01,  1.201e+00,  2.270e+00,  1.190e+00],
                       ...,
                       [ 3.994e-01,  1.201e+00,  2.270e+00,  1.190e+00],
                       [ 3.994e-01,  1.201e+00,  2.270e+00,  1.190e+00]]), array([ 3.409e+03,  3.409e+03,  3.409e+03,  3.409e+03,
                        3.409e+03]))
   param_names: ['d', 'e', 'f', 'g']
[0.39939016 1.20077556 2.27001418 1.18958066]
{'d': 0.3993901560149018, 'e': 1.2007755559995221, 'f': 2.2700141785510373, 'g': 1.1895806644426827}
Previous:  {'d': 0.4064936906725274, 'e': 1.196654939913304, 'f': 2.270055937659548, 'g': 1.1891204949900462}
