prev {'d': 0.43799968432803016, 'e': 1.0932428717051348, 'f': 2.346624146607888, 'g': 1.2485953086168973}
Starting ML Fit
Box33_1400
       message: Optimization terminated successfully.
       success: True
        status: 0
           fun: 6387.828205464395
             x: [ 4.351e-01  1.087e+00  2.348e+00  1.251e+00]
           nit: 83
          nfev: 154
 final_simplex: (array([[ 4.351e-01,  1.087e+00,  2.348e+00,  1.251e+00],
                       [ 4.351e-01,  1.087e+00,  2.348e+00,  1.251e+00],
                       ...,
                       [ 4.351e-01,  1.087e+00,  2.348e+00,  1.251e+00],
                       [ 4.351e-01,  1.087e+00,  2.348e+00,  1.251e+00]]), array([ 6.388e+03,  6.388e+03,  6.388e+03,  6.388e+03,
                        6.388e+03]))
   param_names: ['d', 'e', 'f', 'g']
[0.43514222 1.08722403 2.34833019 1.25073646]
{'d': 0.43514222439203787, 'e': 1.0872240317422044, 'f': 2.348330187259225, 'g': 1.250736457853419}
Previous:  {'d': 0.43799968432803016, 'e': 1.0932428717051348, 'f': 2.346624146607888, 'g': 1.2485953086168973}
