prev {'d': 0.4423257695435293, 'e': 1.135283505523859, 'f': 2.337814018117192, 'g': 1.2804386560454275}
Starting ML Fit
Box3_1400
       message: Optimization terminated successfully.
       success: True
        status: 0
           fun: 2015.3452473490786
             x: [ 4.356e-01  1.138e+00  2.337e+00  1.275e+00]
           nit: 71
          nfev: 133
 final_simplex: (array([[ 4.356e-01,  1.138e+00,  2.337e+00,  1.275e+00],
                       [ 4.356e-01,  1.138e+00,  2.337e+00,  1.275e+00],
                       ...,
                       [ 4.356e-01,  1.138e+00,  2.337e+00,  1.275e+00],
                       [ 4.356e-01,  1.138e+00,  2.337e+00,  1.275e+00]]), array([ 2.015e+03,  2.015e+03,  2.015e+03,  2.015e+03,
                        2.015e+03]))
   param_names: ['d', 'e', 'f', 'g']
[0.43560754 1.13800767 2.33711935 1.27463971]
{'d': 0.4356075424069892, 'e': 1.1380076728902946, 'f': 2.3371193482334487, 'g': 1.274639707754438}
Previous:  {'d': 0.4423257695435293, 'e': 1.135283505523859, 'f': 2.337814018117192, 'g': 1.2804386560454275}
