prev {'d': 0.5666709891501616, 'e': 1.1478725662741875, 'f': 2.313458384170033, 'g': 1.271027241571136}
Starting ML Fit
Box71_1400
       message: Optimization terminated successfully.
       success: True
        status: 0
           fun: 13353.35049015551
             x: [ 5.756e-01  1.229e+00  2.310e+00  1.269e+00]
           nit: 81
          nfev: 146
 final_simplex: (array([[ 5.756e-01,  1.229e+00,  2.310e+00,  1.269e+00],
                       [ 5.756e-01,  1.229e+00,  2.310e+00,  1.269e+00],
                       ...,
                       [ 5.756e-01,  1.229e+00,  2.310e+00,  1.269e+00],
                       [ 5.756e-01,  1.229e+00,  2.310e+00,  1.269e+00]]), array([ 1.335e+04,  1.335e+04,  1.335e+04,  1.335e+04,
                        1.335e+04]))
   param_names: ['d', 'e', 'f', 'g']
[0.57555541 1.22865823 2.31045065 1.26901006]
{'d': 0.5755554142018772, 'e': 1.2286582347458483, 'f': 2.3104506485173184, 'g': 1.2690100600434517}
Previous:  {'d': 0.5666709891501616, 'e': 1.1478725662741875, 'f': 2.313458384170033, 'g': 1.271027241571136}
