no change     /oak/stanford/orgs/kipac/users/delon/miniconda3/condabin/conda
no change     /oak/stanford/orgs/kipac/users/delon/miniconda3/bin/conda
no change     /oak/stanford/orgs/kipac/users/delon/miniconda3/bin/conda-env
no change     /oak/stanford/orgs/kipac/users/delon/miniconda3/bin/activate
no change     /oak/stanford/orgs/kipac/users/delon/miniconda3/bin/deactivate
no change     /oak/stanford/orgs/kipac/users/delon/miniconda3/etc/profile.d/conda.sh
no change     /oak/stanford/orgs/kipac/users/delon/miniconda3/etc/fish/conf.d/conda.fish
no change     /oak/stanford/orgs/kipac/users/delon/miniconda3/shell/condabin/Conda.psm1
no change     /oak/stanford/orgs/kipac/users/delon/miniconda3/shell/condabin/conda-hook.ps1
no change     /oak/stanford/orgs/kipac/users/delon/miniconda3/lib/python3.10/site-packages/xontrib/conda.xsh
no change     /oak/stanford/orgs/kipac/users/delon/miniconda3/etc/profile.d/conda.csh
no change     /home/users/delon/.bashrc
No action taken.
16
5284776
5284776
12.98039428800845 14.293738117783525
54942.0
7406543
7406543
12.98039428800845 14.59116481726774
158071.0
8938222
8938222
12.98039428800845 14.839264304301622
315917.0
9426356
9426356
12.98039428800845 14.97526173398636
404979.0
9894649
9894649
12.98039428800845 15.297191289031987
579829.0
9919498
9919498
12.98039428800845 15.324076579739486
619417.0
9920966
9920966
12.98039428800845 15.317979808761542
656247.0
9897362
9897362
12.98039428800845 15.316976239321548
690694.0
9850579
9850579
12.98039428800845 15.444200988864159
722859.0
9789575
9789575
12.98039428800845 15.52864678848809
751969.0
9708121
9708121
12.98039428800845 15.572011451726313
777636.0
9519458
9519458
12.98039428800845 15.601668950299379
823741.0
9303118
9303118
12.98039428800845 15.603566548522874
860407.0
9082083
9082083
12.98039428800845 15.729731595287035
889486.0
8867534
8867534
12.98039428800845 15.871613794663737
913172.0
8764047
8764047
12.98039428800845 15.93903476909489
922897.0
