prev {'d': 0.4291435948372855, 'e': 0.8041278141425645, 'f': 2.2926373845896038, 'g': 1.247136332711315}
Starting ML Fit
Box_n50_30_1400
       message: Optimization terminated successfully.
       success: True
        status: 0
           fun: 5913.647749019579
             x: [ 4.182e-01  7.451e-01  2.293e+00  1.246e+00]
           nit: 94
          nfev: 171
 final_simplex: (array([[ 4.182e-01,  7.451e-01,  2.293e+00,  1.246e+00],
                       [ 4.182e-01,  7.451e-01,  2.293e+00,  1.246e+00],
                       ...,
                       [ 4.182e-01,  7.451e-01,  2.293e+00,  1.246e+00],
                       [ 4.182e-01,  7.451e-01,  2.293e+00,  1.246e+00]]), array([ 5.914e+03,  5.914e+03,  5.914e+03,  5.914e+03,
                        5.914e+03]))
   param_names: ['d', 'e', 'f', 'g']
[0.41819234 0.74508497 2.29284293 1.24632763]
{'d': 0.41819233515860654, 'e': 0.7450849711205705, 'f': 2.292842930856644, 'g': 1.2463276297085508}
Previous:  {'d': 0.4291435948372855, 'e': 0.8041278141425645, 'f': 2.2926373845896038, 'g': 1.247136332711315}
