Leaving out Box86_1400
alist [1.0, 0.953321, 0.866399, 0.787402, 0.715608, 0.65036, 0.620002, 0.591061, 0.563471, 0.537169, 0.512095, 0.488191, 0.403224, 0.366459]
Iter 1/250 - Loss: 3.1750
Iter 2/250 - Loss: 2.8179
Iter 3/250 - Loss: 2.4882
Iter 4/250 - Loss: 2.1870
Iter 5/250 - Loss: 1.9156
Iter 6/250 - Loss: 1.6765
Iter 7/250 - Loss: 1.4730
Iter 8/250 - Loss: 1.3069
Iter 9/250 - Loss: 1.1761
Iter 10/250 - Loss: 1.0732
Iter 11/250 - Loss: 0.9878
Iter 12/250 - Loss: 0.9109
Iter 13/250 - Loss: 0.8335
Iter 14/250 - Loss: 0.7514
Iter 15/250 - Loss: 0.6665
Iter 16/250 - Loss: 0.5842
Iter 17/250 - Loss: 0.5081
Iter 18/250 - Loss: 0.4389
Iter 19/250 - Loss: 0.3790
Iter 20/250 - Loss: 0.3277
Iter 21/250 - Loss: 0.2781
Iter 22/250 - Loss: 0.2259
Iter 23/250 - Loss: 0.1707
Iter 24/250 - Loss: 0.1129
Iter 25/250 - Loss: 0.0535
Iter 26/250 - Loss: -0.0063
Iter 27/250 - Loss: -0.0643
Iter 28/250 - Loss: -0.1193
Iter 29/250 - Loss: -0.1706
Iter 30/250 - Loss: -0.2190
Iter 31/250 - Loss: -0.2657
Iter 32/250 - Loss: -0.3125
Iter 33/250 - Loss: -0.3608
Iter 34/250 - Loss: -0.4106
Iter 35/250 - Loss: -0.4611
Iter 36/250 - Loss: -0.5108
Iter 37/250 - Loss: -0.5588
Iter 38/250 - Loss: -0.6046
Iter 39/250 - Loss: -0.6486
Iter 40/250 - Loss: -0.6913
Iter 41/250 - Loss: -0.7336
Iter 42/250 - Loss: -0.7756
Iter 43/250 - Loss: -0.8176
Iter 44/250 - Loss: -0.8595
Iter 45/250 - Loss: -0.9013
Iter 46/250 - Loss: -0.9429
Iter 47/250 - Loss: -0.9844
Iter 48/250 - Loss: -1.0258
Iter 49/250 - Loss: -1.0671
Iter 50/250 - Loss: -1.1085
Iter 51/250 - Loss: -1.1501
Iter 52/250 - Loss: -1.1922
Iter 53/250 - Loss: -1.2347
Iter 54/250 - Loss: -1.2776
Iter 55/250 - Loss: -1.3202
Iter 56/250 - Loss: -1.3620
Iter 57/250 - Loss: -1.4030
Iter 58/250 - Loss: -1.4436
Iter 59/250 - Loss: -1.4844
Iter 60/250 - Loss: -1.5252
Iter 61/250 - Loss: -1.5656
Iter 62/250 - Loss: -1.6050
Iter 63/250 - Loss: -1.6441
Iter 64/250 - Loss: -1.6840
Iter 65/250 - Loss: -1.7252
Iter 66/250 - Loss: -1.7676
Iter 67/250 - Loss: -1.8100
Iter 68/250 - Loss: -1.8519
Iter 69/250 - Loss: -1.8939
Iter 70/250 - Loss: -1.9342
Iter 71/250 - Loss: -1.9735
Iter 72/250 - Loss: -2.0120
Iter 73/250 - Loss: -2.0493
Iter 74/250 - Loss: -2.0865
Iter 75/250 - Loss: -2.1215
Iter 76/250 - Loss: -2.1549
Iter 77/250 - Loss: -2.1871
Iter 78/250 - Loss: -2.2171
Iter 79/250 - Loss: -2.2457
Iter 80/250 - Loss: -2.2736
Iter 81/250 - Loss: -2.3003
Iter 82/250 - Loss: -2.3256
Iter 83/250 - Loss: -2.3508
Iter 84/250 - Loss: -2.3746
Iter 85/250 - Loss: -2.3979
Iter 86/250 - Loss: -2.4197
Iter 87/250 - Loss: -2.4402
Iter 88/250 - Loss: -2.4595
Iter 89/250 - Loss: -2.4777
Iter 90/250 - Loss: -2.4949
Iter 91/250 - Loss: -2.5113
Iter 92/250 - Loss: -2.5266
Iter 93/250 - Loss: -2.5413
Iter 94/250 - Loss: -2.5551
Iter 95/250 - Loss: -2.5683
Iter 96/250 - Loss: -2.5808
Iter 97/250 - Loss: -2.5926
Iter 98/250 - Loss: -2.6038
Iter 99/250 - Loss: -2.6143
Iter 100/250 - Loss: -2.6244
Iter 101/250 - Loss: -2.6341
Iter 102/250 - Loss: -2.6434
Iter 103/250 - Loss: -2.6525
Iter 104/250 - Loss: -2.6614
Iter 105/250 - Loss: -2.6699
Iter 106/250 - Loss: -2.6780
Iter 107/250 - Loss: -2.6857
Iter 108/250 - Loss: -2.6931
Iter 109/250 - Loss: -2.7000
Iter 110/250 - Loss: -2.7067
Iter 111/250 - Loss: -2.7130
Iter 112/250 - Loss: -2.7191
Iter 113/250 - Loss: -2.7249
Iter 114/250 - Loss: -2.7305
Iter 115/250 - Loss: -2.7359
Iter 116/250 - Loss: -2.7412
Iter 117/250 - Loss: -2.7461
Iter 118/250 - Loss: -2.7508
Iter 119/250 - Loss: -2.7552
Iter 120/250 - Loss: -2.7592
Iter 121/250 - Loss: -2.7628
Iter 122/250 - Loss: -2.7661
Iter 123/250 - Loss: -2.7691
Iter 124/250 - Loss: -2.7719
Iter 125/250 - Loss: -2.7745
Iter 126/250 - Loss: -2.7769
Iter 127/250 - Loss: -2.7792
Iter 128/250 - Loss: -2.7813
Iter 129/250 - Loss: -2.7833
Iter 130/250 - Loss: -2.7852
Iter 131/250 - Loss: -2.7870
Iter 132/250 - Loss: -2.7887
Iter 133/250 - Loss: -2.7904
Iter 134/250 - Loss: -2.7920
Iter 135/250 - Loss: -2.7935
Iter 136/250 - Loss: -2.7950
Iter 137/250 - Loss: -2.7964
Iter 138/250 - Loss: -2.7977
Iter 139/250 - Loss: -2.7990
Iter 140/250 - Loss: -2.8003
Iter 141/250 - Loss: -2.8015
Iter 142/250 - Loss: -2.8027
Iter 143/250 - Loss: -2.8038
Iter 144/250 - Loss: -2.8049
Iter 145/250 - Loss: -2.8059
Iter 146/250 - Loss: -2.8070
Iter 147/250 - Loss: -2.8080
Iter 148/250 - Loss: -2.8089
Iter 149/250 - Loss: -2.8099
Iter 150/250 - Loss: -2.8108
Iter 151/250 - Loss: -2.8117
Iter 152/250 - Loss: -2.8126
Iter 153/250 - Loss: -2.8134
Iter 154/250 - Loss: -2.8142
Iter 155/250 - Loss: -2.8150
Iter 156/250 - Loss: -2.8158
Iter 157/250 - Loss: -2.8165
Iter 158/250 - Loss: -2.8173
Iter 159/250 - Loss: -2.8180
Iter 160/250 - Loss: -2.8187
Iter 161/250 - Loss: -2.8194
Iter 162/250 - Loss: -2.8200
Iter 163/250 - Loss: -2.8207
Iter 164/250 - Loss: -2.8213
Iter 165/250 - Loss: -2.8220
Iter 166/250 - Loss: -2.8226
Iter 167/250 - Loss: -2.8232
Iter 168/250 - Loss: -2.8238
Iter 169/250 - Loss: -2.8243
Iter 170/250 - Loss: -2.8249
Iter 171/250 - Loss: -2.8255
Iter 172/250 - Loss: -2.8260
Iter 173/250 - Loss: -2.8266
Iter 174/250 - Loss: -2.8271
Iter 175/250 - Loss: -2.8276
Iter 176/250 - Loss: -2.8281
Iter 177/250 - Loss: -2.8287
Iter 178/250 - Loss: -2.8292
Iter 179/250 - Loss: -2.8297
Iter 180/250 - Loss: -2.8302
Iter 181/250 - Loss: -2.8307
Iter 182/250 - Loss: -2.8312
Iter 183/250 - Loss: -2.8317
Iter 184/250 - Loss: -2.8322
Iter 185/250 - Loss: -2.8327
Iter 186/250 - Loss: -2.8332
Iter 187/250 - Loss: -2.8337
Iter 188/250 - Loss: -2.8342
Iter 189/250 - Loss: -2.8347
Iter 190/250 - Loss: -2.8353
Iter 191/250 - Loss: -2.8358
Iter 192/250 - Loss: -2.8364
Iter 193/250 - Loss: -2.8369
Iter 194/250 - Loss: -2.8375
Iter 195/250 - Loss: -2.8381
Iter 196/250 - Loss: -2.8387
Iter 197/250 - Loss: -2.8394
Iter 198/250 - Loss: -2.8400
Iter 199/250 - Loss: -2.8406
Iter 200/250 - Loss: -2.8413
Iter 201/250 - Loss: -2.8419
Iter 202/250 - Loss: -2.8425
Iter 203/250 - Loss: -2.8431
Iter 204/250 - Loss: -2.8437
Iter 205/250 - Loss: -2.8443
Iter 206/250 - Loss: -2.8448
Iter 207/250 - Loss: -2.8453
Iter 208/250 - Loss: -2.8458
Iter 209/250 - Loss: -2.8462
Iter 210/250 - Loss: -2.8467
Iter 211/250 - Loss: -2.8471
Iter 212/250 - Loss: -2.8475
Iter 213/250 - Loss: -2.8479
Iter 214/250 - Loss: -2.8484
Iter 215/250 - Loss: -2.8488
Iter 216/250 - Loss: -2.8492
Iter 217/250 - Loss: -2.8497
Iter 218/250 - Loss: -2.8502
Iter 219/250 - Loss: -2.8507
Iter 220/250 - Loss: -2.8512
Iter 221/250 - Loss: -2.8517
Iter 222/250 - Loss: -2.8522
Iter 223/250 - Loss: -2.8528
Iter 224/250 - Loss: -2.8533
Iter 225/250 - Loss: -2.8539
Iter 226/250 - Loss: -2.8545
Iter 227/250 - Loss: -2.8551
Iter 228/250 - Loss: -2.8557
Iter 229/250 - Loss: -2.8563
Iter 230/250 - Loss: -2.8569
Iter 231/250 - Loss: -2.8574
Iter 232/250 - Loss: -2.8580
Iter 233/250 - Loss: -2.8585
Iter 234/250 - Loss: -2.8591
Iter 235/250 - Loss: -2.8596
Iter 236/250 - Loss: -2.8601
Iter 237/250 - Loss: -2.8607
Iter 238/250 - Loss: -2.8612
Iter 239/250 - Loss: -2.8618
Iter 240/250 - Loss: -2.8624
Iter 241/250 - Loss: -2.8630
Iter 242/250 - Loss: -2.8636
Iter 243/250 - Loss: -2.8642
Iter 244/250 - Loss: -2.8649
Iter 245/250 - Loss: -2.8655
Iter 246/250 - Loss: -2.8662
Iter 247/250 - Loss: -2.8669
Iter 248/250 - Loss: -2.8676
Iter 249/250 - Loss: -2.8683
Iter 250/250 - Loss: -2.8690
now training with smaller learning rate
Iter 1/250 - Loss: -2.8697
Iter 2/250 - Loss: -2.8701
Iter 3/250 - Loss: -2.8709
Iter 4/250 - Loss: -2.8715
Iter 5/250 - Loss: -2.8719
Iter 6/250 - Loss: -2.8725
Iter 7/250 - Loss: -2.8732
Iter 8/250 - Loss: -2.8738
Iter 9/250 - Loss: -2.8743
Iter 10/250 - Loss: -2.8748
Iter 11/250 - Loss: -2.8753
Iter 12/250 - Loss: -2.8759
Iter 13/250 - Loss: -2.8764
Iter 14/250 - Loss: -2.8770
Iter 15/250 - Loss: -2.8775
Iter 16/250 - Loss: -2.8780
Iter 17/250 - Loss: -2.8785
Iter 18/250 - Loss: -2.8790
Iter 19/250 - Loss: -2.8795
Iter 20/250 - Loss: -2.8800
Iter 21/250 - Loss: -2.8805
Iter 22/250 - Loss: -2.8809
Iter 23/250 - Loss: -2.8814
Iter 24/250 - Loss: -2.8819
Iter 25/250 - Loss: -2.8824
Iter 26/250 - Loss: -2.8828
Iter 27/250 - Loss: -2.8833
Iter 28/250 - Loss: -2.8838
Iter 29/250 - Loss: -2.8842
Iter 30/250 - Loss: -2.8847
Iter 31/250 - Loss: -2.8852
Iter 32/250 - Loss: -2.8856
Iter 33/250 - Loss: -2.8861
Iter 34/250 - Loss: -2.8865
Iter 35/250 - Loss: -2.8870
Iter 36/250 - Loss: -2.8874
Iter 37/250 - Loss: -2.8878
Iter 38/250 - Loss: -2.8883
Iter 39/250 - Loss: -2.8887
Iter 40/250 - Loss: -2.8891
Iter 41/250 - Loss: -2.8896
Iter 42/250 - Loss: -2.8900
Iter 43/250 - Loss: -2.8904
Iter 44/250 - Loss: -2.8908
Iter 45/250 - Loss: -2.8912
Iter 46/250 - Loss: -2.8916
Iter 47/250 - Loss: -2.8920
Iter 48/250 - Loss: -2.8924
Iter 49/250 - Loss: -2.8928
Iter 50/250 - Loss: -2.8932
Iter 51/250 - Loss: -2.8936
Iter 52/250 - Loss: -2.8940
Iter 53/250 - Loss: -2.8944
Iter 54/250 - Loss: -2.8947
Iter 55/250 - Loss: -2.8951
Iter 56/250 - Loss: -2.8955
Iter 57/250 - Loss: -2.8958
Iter 58/250 - Loss: -2.8962
Iter 59/250 - Loss: -2.8965
Iter 60/250 - Loss: -2.8968
Iter 61/250 - Loss: -2.8972
Iter 62/250 - Loss: -2.8975
Iter 63/250 - Loss: -2.8978
Iter 64/250 - Loss: -2.8981
Iter 65/250 - Loss: -2.8984
Iter 66/250 - Loss: -2.8987
Iter 67/250 - Loss: -2.8990
Iter 68/250 - Loss: -2.8993
Iter 69/250 - Loss: -2.8996
Iter 70/250 - Loss: -2.8999
Iter 71/250 - Loss: -2.9002
Iter 72/250 - Loss: -2.9005
Iter 73/250 - Loss: -2.9008
Iter 74/250 - Loss: -2.9011
Iter 75/250 - Loss: -2.9013
Iter 76/250 - Loss: -2.9016
Iter 77/250 - Loss: -2.9019
Iter 78/250 - Loss: -2.9022
Iter 79/250 - Loss: -2.9024
Iter 80/250 - Loss: -2.9027
Iter 81/250 - Loss: -2.9029
Iter 82/250 - Loss: -2.9032
Iter 83/250 - Loss: -2.9035
Iter 84/250 - Loss: -2.9037
Iter 85/250 - Loss: -2.9040
Iter 86/250 - Loss: -2.9042
Iter 87/250 - Loss: -2.9044
Iter 88/250 - Loss: -2.9047
Iter 89/250 - Loss: -2.9049
Iter 90/250 - Loss: -2.9052
Iter 91/250 - Loss: -2.9054
Iter 92/250 - Loss: -2.9056
Iter 93/250 - Loss: -2.9058
Iter 94/250 - Loss: -2.9061
Iter 95/250 - Loss: -2.9063
Iter 96/250 - Loss: -2.9065
Iter 97/250 - Loss: -2.9067
Iter 98/250 - Loss: -2.9069
Iter 99/250 - Loss: -2.9072
Iter 100/250 - Loss: -2.9074
Iter 101/250 - Loss: -2.9076
Iter 102/250 - Loss: -2.9078
Iter 103/250 - Loss: -2.9080
Iter 104/250 - Loss: -2.9082
Iter 105/250 - Loss: -2.9084
Iter 106/250 - Loss: -2.9086
Iter 107/250 - Loss: -2.9088
Iter 108/250 - Loss: -2.9090
Iter 109/250 - Loss: -2.9091
Iter 110/250 - Loss: -2.9093
Iter 111/250 - Loss: -2.9095
Iter 112/250 - Loss: -2.9097
Iter 113/250 - Loss: -2.9099
Iter 114/250 - Loss: -2.9100
Iter 115/250 - Loss: -2.9102
Iter 116/250 - Loss: -2.9104
Iter 117/250 - Loss: -2.9106
Iter 118/250 - Loss: -2.9107
Iter 119/250 - Loss: -2.9109
Iter 120/250 - Loss: -2.9110
Iter 121/250 - Loss: -2.9112
Iter 122/250 - Loss: -2.9114
Iter 123/250 - Loss: -2.9115
Iter 124/250 - Loss: -2.9117
Iter 125/250 - Loss: -2.9118
Iter 126/250 - Loss: -2.9120
Iter 127/250 - Loss: -2.9121
Iter 128/250 - Loss: -2.9123
Iter 129/250 - Loss: -2.9124
Iter 130/250 - Loss: -2.9126
Iter 131/250 - Loss: -2.9127
Iter 132/250 - Loss: -2.9129
Iter 133/250 - Loss: -2.9130
Iter 134/250 - Loss: -2.9132
Iter 135/250 - Loss: -2.9133
Iter 136/250 - Loss: -2.9134
Iter 137/250 - Loss: -2.9136
Iter 138/250 - Loss: -2.9137
Iter 139/250 - Loss: -2.9138
Iter 140/250 - Loss: -2.9140
Iter 141/250 - Loss: -2.9141
Iter 142/250 - Loss: -2.9142
Iter 143/250 - Loss: -2.9143
Iter 144/250 - Loss: -2.9145
Iter 145/250 - Loss: -2.9146
Iter 146/250 - Loss: -2.9147
Iter 147/250 - Loss: -2.9148
Iter 148/250 - Loss: -2.9149
Iter 149/250 - Loss: -2.9151
Iter 150/250 - Loss: -2.9152
Iter 151/250 - Loss: -2.9153
Iter 152/250 - Loss: -2.9154
Iter 153/250 - Loss: -2.9155
Iter 154/250 - Loss: -2.9156
Iter 155/250 - Loss: -2.9157
Iter 156/250 - Loss: -2.9159
Iter 157/250 - Loss: -2.9160
Iter 158/250 - Loss: -2.9161
Iter 159/250 - Loss: -2.9162
Iter 160/250 - Loss: -2.9163
Iter 161/250 - Loss: -2.9164
Iter 162/250 - Loss: -2.9165
Iter 163/250 - Loss: -2.9166
Iter 164/250 - Loss: -2.9167
Iter 165/250 - Loss: -2.9168
Iter 166/250 - Loss: -2.9169
Iter 167/250 - Loss: -2.9170
Iter 168/250 - Loss: -2.9171
Iter 169/250 - Loss: -2.9172
Iter 170/250 - Loss: -2.9173
Iter 171/250 - Loss: -2.9174
Iter 172/250 - Loss: -2.9175
Iter 173/250 - Loss: -2.9176
Iter 174/250 - Loss: -2.9177
Iter 175/250 - Loss: -2.9177
Iter 176/250 - Loss: -2.9178
Iter 177/250 - Loss: -2.9179
Iter 178/250 - Loss: -2.9180
Iter 179/250 - Loss: -2.9181
Iter 180/250 - Loss: -2.9182
Iter 181/250 - Loss: -2.9183
Iter 182/250 - Loss: -2.9184
Iter 183/250 - Loss: -2.9185
Iter 184/250 - Loss: -2.9186
Iter 185/250 - Loss: -2.9186
Iter 186/250 - Loss: -2.9187
Iter 187/250 - Loss: -2.9188
Iter 188/250 - Loss: -2.9189
Iter 189/250 - Loss: -2.9190
Iter 190/250 - Loss: -2.9191
Iter 191/250 - Loss: -2.9191
Iter 192/250 - Loss: -2.9192
Iter 193/250 - Loss: -2.9193
Iter 194/250 - Loss: -2.9194
Iter 195/250 - Loss: -2.9195
Iter 196/250 - Loss: -2.9196
Iter 197/250 - Loss: -2.9196
Iter 198/250 - Loss: -2.9197
Iter 199/250 - Loss: -2.9198
Iter 200/250 - Loss: -2.9199
Iter 201/250 - Loss: -2.9200
Iter 202/250 - Loss: -2.9200
Iter 203/250 - Loss: -2.9201
Iter 204/250 - Loss: -2.9202
Iter 205/250 - Loss: -2.9202
Iter 206/250 - Loss: -2.9203
Iter 207/250 - Loss: -2.9204
Iter 208/250 - Loss: -2.9205
Iter 209/250 - Loss: -2.9205
Iter 210/250 - Loss: -2.9206
Iter 211/250 - Loss: -2.9207
Iter 212/250 - Loss: -2.9208
Iter 213/250 - Loss: -2.9208
Iter 214/250 - Loss: -2.9209
Iter 215/250 - Loss: -2.9210
Iter 216/250 - Loss: -2.9210
Iter 217/250 - Loss: -2.9211
Iter 218/250 - Loss: -2.9212
Iter 219/250 - Loss: -2.9212
Iter 220/250 - Loss: -2.9213
Iter 221/250 - Loss: -2.9214
Iter 222/250 - Loss: -2.9215
Iter 223/250 - Loss: -2.9215
Iter 224/250 - Loss: -2.9216
Iter 225/250 - Loss: -2.9217
Iter 226/250 - Loss: -2.9217
Iter 227/250 - Loss: -2.9218
Iter 228/250 - Loss: -2.9219
Iter 229/250 - Loss: -2.9219
Iter 230/250 - Loss: -2.9220
Iter 231/250 - Loss: -2.9221
Iter 232/250 - Loss: -2.9221
Iter 233/250 - Loss: -2.9222
Iter 234/250 - Loss: -2.9222
Iter 235/250 - Loss: -2.9223
Iter 236/250 - Loss: -2.9224
Iter 237/250 - Loss: -2.9224
Iter 238/250 - Loss: -2.9225
Iter 239/250 - Loss: -2.9225
Iter 240/250 - Loss: -2.9226
Iter 241/250 - Loss: -2.9227
Iter 242/250 - Loss: -2.9227
Iter 243/250 - Loss: -2.9228
Iter 244/250 - Loss: -2.9229
Iter 245/250 - Loss: -2.9229
Iter 246/250 - Loss: -2.9230
Iter 247/250 - Loss: -2.9230
Iter 248/250 - Loss: -2.9231
Iter 249/250 - Loss: -2.9232
Iter 250/250 - Loss: -2.9232
