alist [1.0, 0.953321, 0.866399, 0.787402, 0.715608, 0.65036, 0.620002, 0.591061, 0.563471, 0.537169, 0.512095, 0.488191, 0.403224, 0.366459]
Leaving out Box18_1400
Iter 1/250 - Loss: 6.1929
Iter 2/250 - Loss: 5.8299
Iter 3/250 - Loss: 5.1560
Iter 4/250 - Loss: 4.7988
Iter 5/250 - Loss: 4.3887
Iter 6/250 - Loss: 4.0022
Iter 7/250 - Loss: 3.5684
Iter 8/250 - Loss: 3.2425
Iter 9/250 - Loss: 2.9296
Iter 10/250 - Loss: 2.6699
Iter 11/250 - Loss: 2.4093
Iter 12/250 - Loss: 2.1701
Iter 13/250 - Loss: 1.9499
Iter 14/250 - Loss: 1.7444
Iter 15/250 - Loss: 1.5519
Iter 16/250 - Loss: 1.3726
Iter 17/250 - Loss: 1.2058
Iter 18/250 - Loss: 1.0506
Iter 19/250 - Loss: 0.9052
Iter 20/250 - Loss: 0.7688
Iter 21/250 - Loss: 0.6410
Iter 22/250 - Loss: 0.5234
Iter 23/250 - Loss: 0.4196
Iter 24/250 - Loss: 0.3337
Iter 25/250 - Loss: 0.2648
Iter 26/250 - Loss: 0.2016
Iter 27/250 - Loss: 0.1324
Iter 28/250 - Loss: 0.0547
Iter 29/250 - Loss: -0.0290
Iter 30/250 - Loss: -0.1136
Iter 31/250 - Loss: -0.1914
Iter 32/250 - Loss: -0.2632
Iter 33/250 - Loss: -0.3286
Iter 34/250 - Loss: -0.3880
Iter 35/250 - Loss: -0.4432
Iter 36/250 - Loss: -0.4901
Iter 37/250 - Loss: -0.5332
Iter 38/250 - Loss: -0.5769
Iter 39/250 - Loss: -0.6280
Iter 40/250 - Loss: -0.6855
Iter 41/250 - Loss: -0.7466
Iter 42/250 - Loss: -0.8045
Iter 43/250 - Loss: -0.8623
Iter 44/250 - Loss: -0.9151
Iter 45/250 - Loss: -0.9662
Iter 46/250 - Loss: -1.0136
Iter 47/250 - Loss: -1.0609
Iter 48/250 - Loss: -1.1073
Iter 49/250 - Loss: -1.1518
Iter 50/250 - Loss: -1.1977
Iter 51/250 - Loss: -1.2440
Iter 52/250 - Loss: -1.2914
Iter 53/250 - Loss: -1.3391
Iter 54/250 - Loss: -1.3858
Iter 55/250 - Loss: -1.4325
Iter 56/250 - Loss: -1.4786
Iter 57/250 - Loss: -1.5231
Iter 58/250 - Loss: -1.5676
Iter 59/250 - Loss: -1.6110
Iter 60/250 - Loss: -1.6546
Iter 61/250 - Loss: -1.6976
Iter 62/250 - Loss: -1.7403
Iter 63/250 - Loss: -1.7822
Iter 64/250 - Loss: -1.8225
Iter 65/250 - Loss: -1.8606
Iter 66/250 - Loss: -1.8963
Iter 67/250 - Loss: -1.9303
Iter 68/250 - Loss: -1.9636
Iter 69/250 - Loss: -1.9969
Iter 70/250 - Loss: -2.0306
Iter 71/250 - Loss: -2.0650
Iter 72/250 - Loss: -2.1001
Iter 73/250 - Loss: -2.1350
Iter 74/250 - Loss: -2.1686
Iter 75/250 - Loss: -2.1998
Iter 76/250 - Loss: -2.2287
Iter 77/250 - Loss: -2.2556
Iter 78/250 - Loss: -2.2813
Iter 79/250 - Loss: -2.3061
Iter 80/250 - Loss: -2.3303
Iter 81/250 - Loss: -2.3540
Iter 82/250 - Loss: -2.3774
Iter 83/250 - Loss: -2.4005
Iter 84/250 - Loss: -2.4232
Iter 85/250 - Loss: -2.4456
Iter 86/250 - Loss: -2.4673
Iter 87/250 - Loss: -2.4880
Iter 88/250 - Loss: -2.5076
Iter 89/250 - Loss: -2.5262
Iter 90/250 - Loss: -2.5439
Iter 91/250 - Loss: -2.5610
Iter 92/250 - Loss: -2.5774
Iter 93/250 - Loss: -2.5927
Iter 94/250 - Loss: -2.6069
Iter 95/250 - Loss: -2.6204
Iter 96/250 - Loss: -2.6333
Iter 97/250 - Loss: -2.6458
Iter 98/250 - Loss: -2.6581
Iter 99/250 - Loss: -2.6700
Iter 100/250 - Loss: -2.6812
Iter 101/250 - Loss: -2.6917
Iter 102/250 - Loss: -2.7014
Iter 103/250 - Loss: -2.7104
Iter 104/250 - Loss: -2.7189
Iter 105/250 - Loss: -2.7271
Iter 106/250 - Loss: -2.7352
Iter 107/250 - Loss: -2.7430
Iter 108/250 - Loss: -2.7507
Iter 109/250 - Loss: -2.7580
Iter 110/250 - Loss: -2.7650
Iter 111/250 - Loss: -2.7715
Iter 112/250 - Loss: -2.7777
Iter 113/250 - Loss: -2.7835
Iter 114/250 - Loss: -2.7891
Iter 115/250 - Loss: -2.7946
Iter 116/250 - Loss: -2.7999
Iter 117/250 - Loss: -2.8050
Iter 118/250 - Loss: -2.8098
Iter 119/250 - Loss: -2.8142
Iter 120/250 - Loss: -2.8183
Iter 121/250 - Loss: -2.8222
Iter 122/250 - Loss: -2.8259
Iter 123/250 - Loss: -2.8296
Iter 124/250 - Loss: -2.8331
Iter 125/250 - Loss: -2.8364
Iter 126/250 - Loss: -2.8395
Iter 127/250 - Loss: -2.8425
Iter 128/250 - Loss: -2.8453
Iter 129/250 - Loss: -2.8479
Iter 130/250 - Loss: -2.8504
Iter 131/250 - Loss: -2.8527
Iter 132/250 - Loss: -2.8550
Iter 133/250 - Loss: -2.8571
Iter 134/250 - Loss: -2.8590
Iter 135/250 - Loss: -2.8609
Iter 136/250 - Loss: -2.8626
Iter 137/250 - Loss: -2.8643
Iter 138/250 - Loss: -2.8658
Iter 139/250 - Loss: -2.8673
Iter 140/250 - Loss: -2.8688
Iter 141/250 - Loss: -2.8701
Iter 142/250 - Loss: -2.8714
Iter 143/250 - Loss: -2.8726
Iter 144/250 - Loss: -2.8738
Iter 145/250 - Loss: -2.8749
Iter 146/250 - Loss: -2.8760
Iter 147/250 - Loss: -2.8770
Iter 148/250 - Loss: -2.8780
Iter 149/250 - Loss: -2.8790
Iter 150/250 - Loss: -2.8799
Iter 151/250 - Loss: -2.8808
Iter 152/250 - Loss: -2.8816
Iter 153/250 - Loss: -2.8825
Iter 154/250 - Loss: -2.8833
Iter 155/250 - Loss: -2.8841
Iter 156/250 - Loss: -2.8848
Iter 157/250 - Loss: -2.8855
Iter 158/250 - Loss: -2.8862
Iter 159/250 - Loss: -2.8869
Iter 160/250 - Loss: -2.8876
Iter 161/250 - Loss: -2.8882
Iter 162/250 - Loss: -2.8889
Iter 163/250 - Loss: -2.8895
Iter 164/250 - Loss: -2.8900
Iter 165/250 - Loss: -2.8906
Iter 166/250 - Loss: -2.8912
Iter 167/250 - Loss: -2.8918
Iter 168/250 - Loss: -2.8923
Iter 169/250 - Loss: -2.8928
Iter 170/250 - Loss: -2.8933
Iter 171/250 - Loss: -2.8938
Iter 172/250 - Loss: -2.8943
Iter 173/250 - Loss: -2.8948
Iter 174/250 - Loss: -2.8952
Iter 175/250 - Loss: -2.8957
Iter 176/250 - Loss: -2.8961
Iter 177/250 - Loss: -2.8966
Iter 178/250 - Loss: -2.8970
Iter 179/250 - Loss: -2.8974
Iter 180/250 - Loss: -2.8978
Iter 181/250 - Loss: -2.8982
Iter 182/250 - Loss: -2.8985
Iter 183/250 - Loss: -2.8989
Iter 184/250 - Loss: -2.8993
Iter 185/250 - Loss: -2.8997
Iter 186/250 - Loss: -2.9000
Iter 187/250 - Loss: -2.9004
Iter 188/250 - Loss: -2.9007
Iter 189/250 - Loss: -2.9010
Iter 190/250 - Loss: -2.9013
Iter 191/250 - Loss: -2.9017
Iter 192/250 - Loss: -2.9020
Iter 193/250 - Loss: -2.9023
Iter 194/250 - Loss: -2.9026
Iter 195/250 - Loss: -2.9029
Iter 196/250 - Loss: -2.9032
Iter 197/250 - Loss: -2.9035
Iter 198/250 - Loss: -2.9037
Iter 199/250 - Loss: -2.9040
Iter 200/250 - Loss: -2.9043
Iter 201/250 - Loss: -2.9046
Iter 202/250 - Loss: -2.9049
Iter 203/250 - Loss: -2.9051
Iter 204/250 - Loss: -2.9054
Iter 205/250 - Loss: -2.9056
Iter 206/250 - Loss: -2.9059
Iter 207/250 - Loss: -2.9061
Iter 208/250 - Loss: -2.9064
Iter 209/250 - Loss: -2.9066
Iter 210/250 - Loss: -2.9068
Iter 211/250 - Loss: -2.9071
Iter 212/250 - Loss: -2.9073
Iter 213/250 - Loss: -2.9075
Iter 214/250 - Loss: -2.9078
Iter 215/250 - Loss: -2.9080
Iter 216/250 - Loss: -2.9082
Iter 217/250 - Loss: -2.9084
Iter 218/250 - Loss: -2.9086
Iter 219/250 - Loss: -2.9088
Iter 220/250 - Loss: -2.9090
Iter 221/250 - Loss: -2.9092
Iter 222/250 - Loss: -2.9094
Iter 223/250 - Loss: -2.9096
Iter 224/250 - Loss: -2.9098
Iter 225/250 - Loss: -2.9100
Iter 226/250 - Loss: -2.9102
Iter 227/250 - Loss: -2.9104
Iter 228/250 - Loss: -2.9106
Iter 229/250 - Loss: -2.9107
Iter 230/250 - Loss: -2.9109
Iter 231/250 - Loss: -2.9111
Iter 232/250 - Loss: -2.9112
Iter 233/250 - Loss: -2.9114
Iter 234/250 - Loss: -2.9116
Iter 235/250 - Loss: -2.9118
Iter 236/250 - Loss: -2.9119
Iter 237/250 - Loss: -2.9121
Iter 238/250 - Loss: -2.9123
Iter 239/250 - Loss: -2.9124
Iter 240/250 - Loss: -2.9126
Iter 241/250 - Loss: -2.9127
Iter 242/250 - Loss: -2.9129
Iter 243/250 - Loss: -2.9130
Iter 244/250 - Loss: -2.9132
Iter 245/250 - Loss: -2.9133
Iter 246/250 - Loss: -2.9135
Iter 247/250 - Loss: -2.9136
Iter 248/250 - Loss: -2.9138
Iter 249/250 - Loss: -2.9139
Iter 250/250 - Loss: -2.9141
{'d': 0.43887767, 'e': 1.1868432, 'f': 2.3217573, 'g': 1.26344}
{'d': 0.4478398, 'e': 1.19176, 'f': 2.3211648, 'g': 1.2650608}
{'d': 0.46828592, 'e': 1.1932383, 'f': 2.3195708, 'g': 1.2678928}
{'d': 0.4739526, 'e': 1.1935762, 'f': 2.3189795, 'g': 1.268367}
{'d': 0.4798321, 'e': 1.1941574, 'f': 2.3183067, 'g': 1.2687268}
{'d': 0.48595434, 'e': 1.1956357, 'f': 2.317527, 'g': 1.2689449}
{'d': 0.4922756, 'e': 1.1974685, 'f': 2.3167017, 'g': 1.269058}
{'d': 0.4988245, 'e': 1.2002617, 'f': 2.3157995, 'g': 1.2690512}
{'d': 0.5055364, 'e': 1.2031528, 'f': 2.3149137, 'g': 1.2689914}
{'d': 0.51938677, 'e': 1.2091284, 'f': 2.3132942, 'g': 1.2687968}
{'d': 0.5333673, 'e': 1.2111628, 'f': 2.3123243, 'g': 1.26888}
{'d': 0.5468559, 'e': 1.2052332, 'f': 2.3124208, 'g': 1.2695917}
{'d': 0.5591059, 'e': 1.1887119, 'f': 2.3137965, 'g': 1.2711136}
{'d': 0.5645196, 'e': 1.1762339, 'f': 2.3149595, 'g': 1.2721759}
