prev {'d': 0.4554726822796628, 'e': 0.9939402229217351, 'f': 2.3390594870945343, 'g': 1.2960106710260464}
Starting ML Fit
Box56_1400
       message: Optimization terminated successfully.
       success: True
        status: 0
           fun: 4119.753005034406
             x: [ 4.473e-01  9.939e-01  2.339e+00  1.272e+00]
           nit: 97
          nfev: 172
 final_simplex: (array([[ 4.473e-01,  9.939e-01,  2.339e+00,  1.272e+00],
                       [ 4.473e-01,  9.940e-01,  2.339e+00,  1.272e+00],
                       ...,
                       [ 4.473e-01,  9.940e-01,  2.339e+00,  1.272e+00],
                       [ 4.473e-01,  9.940e-01,  2.339e+00,  1.272e+00]]), array([ 4.120e+03,  4.120e+03,  4.120e+03,  4.120e+03,
                        4.120e+03]))
   param_names: ['d', 'e', 'f', 'g']
[0.44731067 0.9939457  2.33927335 1.27208602]
{'d': 0.4473106724696424, 'e': 0.9939456998815147, 'f': 2.3392733476630614, 'g': 1.2720860167836359}
Previous:  {'d': 0.4554726822796628, 'e': 0.9939402229217351, 'f': 2.3390594870945343, 'g': 1.2960106710260464}
