prev {'d': 0.4636362050102961, 'e': 1.056326936812359, 'f': 2.328057178700762, 'g': 1.2857576154028296}
Starting ML Fit
Box_n50_39_1400
       message: Optimization terminated successfully.
       success: True
        status: 0
           fun: 8469.448377930326
             x: [ 4.589e-01  1.041e+00  2.331e+00  1.274e+00]
           nit: 88
          nfev: 156
 final_simplex: (array([[ 4.589e-01,  1.041e+00,  2.331e+00,  1.274e+00],
                       [ 4.589e-01,  1.041e+00,  2.331e+00,  1.274e+00],
                       ...,
                       [ 4.589e-01,  1.041e+00,  2.331e+00,  1.274e+00],
                       [ 4.589e-01,  1.041e+00,  2.331e+00,  1.274e+00]]), array([ 8.469e+03,  8.469e+03,  8.469e+03,  8.469e+03,
                        8.469e+03]))
   param_names: ['d', 'e', 'f', 'g']
[0.45893302 1.04094556 2.33051664 1.27412153]
{'d': 0.45893302171819295, 'e': 1.0409455606995373, 'f': 2.330516636079015, 'g': 1.2741215282722074}
Previous:  {'d': 0.4636362050102961, 'e': 1.056326936812359, 'f': 2.328057178700762, 'g': 1.2857576154028296}
