prev {'d': 0.5246136515289853, 'e': 1.1599647872209162, 'f': 2.3398638408267765, 'g': 1.2778583120679616}
Starting ML Fit
Box2_1400
       message: Optimization terminated successfully.
       success: True
        status: 0
           fun: 11745.862470292675
             x: [ 5.170e-01  1.185e+00  2.338e+00  1.277e+00]
           nit: 104
          nfev: 185
 final_simplex: (array([[ 5.170e-01,  1.185e+00,  2.338e+00,  1.277e+00],
                       [ 5.170e-01,  1.185e+00,  2.338e+00,  1.277e+00],
                       ...,
                       [ 5.170e-01,  1.185e+00,  2.338e+00,  1.277e+00],
                       [ 5.170e-01,  1.185e+00,  2.338e+00,  1.277e+00]]), array([ 1.175e+04,  1.175e+04,  1.175e+04,  1.175e+04,
                        1.175e+04]))
   param_names: ['d', 'e', 'f', 'g']
[0.51702088 1.18509175 2.33810581 1.27744505]
{'d': 0.5170208835392169, 'e': 1.185091745363973, 'f': 2.3381058117762636, 'g': 1.2774450535625381}
Previous:  {'d': 0.5246136515289853, 'e': 1.1599647872209162, 'f': 2.3398638408267765, 'g': 1.2778583120679616}
