prev {'d': 0.5320316126787044, 'e': 1.172710852984722, 'f': 2.322756177377551, 'g': 1.2961650828939684}
Starting ML Fit
Box62_1400
       message: Optimization terminated successfully.
       success: True
        status: 0
           fun: 11509.946834504
             x: [ 5.287e-01  1.159e+00  2.325e+00  1.289e+00]
           nit: 89
          nfev: 164
 final_simplex: (array([[ 5.287e-01,  1.159e+00,  2.325e+00,  1.289e+00],
                       [ 5.287e-01,  1.159e+00,  2.325e+00,  1.289e+00],
                       ...,
                       [ 5.287e-01,  1.159e+00,  2.325e+00,  1.289e+00],
                       [ 5.287e-01,  1.159e+00,  2.325e+00,  1.289e+00]]), array([ 1.151e+04,  1.151e+04,  1.151e+04,  1.151e+04,
                        1.151e+04]))
   param_names: ['d', 'e', 'f', 'g']
[0.52873472 1.15875968 2.32495738 1.2894262 ]
{'d': 0.5287347183968198, 'e': 1.1587596831523101, 'f': 2.324957378652547, 'g': 1.2894262008195336}
Previous:  {'d': 0.5320316126787044, 'e': 1.172710852984722, 'f': 2.322756177377551, 'g': 1.2961650828939684}
