prev {'d': 0.4885780855588685, 'e': 1.233479194192241, 'f': 2.2748755313323046, 'g': 1.2185174138401493}
Starting ML Fit
Box32_1400
       message: Optimization terminated successfully.
       success: True
        status: 0
           fun: 6283.887539619556
             x: [ 4.818e-01  1.224e+00  2.275e+00  1.218e+00]
           nit: 81
          nfev: 143
 final_simplex: (array([[ 4.818e-01,  1.224e+00,  2.275e+00,  1.218e+00],
                       [ 4.818e-01,  1.224e+00,  2.275e+00,  1.218e+00],
                       ...,
                       [ 4.818e-01,  1.224e+00,  2.275e+00,  1.218e+00],
                       [ 4.818e-01,  1.224e+00,  2.275e+00,  1.218e+00]]), array([ 6.284e+03,  6.284e+03,  6.284e+03,  6.284e+03,
                        6.284e+03]))
   param_names: ['d', 'e', 'f', 'g']
[0.48178101 1.22449294 2.27494609 1.21804756]
{'d': 0.48178100911932265, 'e': 1.2244929399846054, 'f': 2.2749460917111266, 'g': 1.2180475611289452}
Previous:  {'d': 0.4885780855588685, 'e': 1.233479194192241, 'f': 2.2748755313323046, 'g': 1.2185174138401493}
