prev {'d': 0.5324511041459308, 'e': 1.1431105238850159, 'f': 2.2835549796447836, 'g': 1.2799955420756821}
Starting ML Fit
Box_n50_6_1400
       message: Optimization terminated successfully.
       success: True
        status: 0
           fun: 6302.402080188204
             x: [ 5.160e-01  1.136e+00  2.284e+00  1.280e+00]
           nit: 107
          nfev: 188
 final_simplex: (array([[ 5.160e-01,  1.136e+00,  2.284e+00,  1.280e+00],
                       [ 5.160e-01,  1.136e+00,  2.284e+00,  1.280e+00],
                       ...,
                       [ 5.160e-01,  1.136e+00,  2.284e+00,  1.280e+00],
                       [ 5.160e-01,  1.136e+00,  2.284e+00,  1.280e+00]]), array([ 6.302e+03,  6.302e+03,  6.302e+03,  6.302e+03,
                        6.302e+03]))
   param_names: ['d', 'e', 'f', 'g']
[0.51604835 1.1364158  2.28355912 1.27997254]
{'d': 0.51604835334132, 'e': 1.13641580173204, 'f': 2.2835591151034222, 'g': 1.2799725367465185}
Previous:  {'d': 0.5324511041459308, 'e': 1.1431105238850159, 'f': 2.2835549796447836, 'g': 1.2799955420756821}
