prev {'d': 0.41323348697544626, 'e': 1.302846024854753, 'f': 2.309302119653974, 'g': 1.2310045629042092}
Starting ML Fit
Box_n50_14_1400
       message: Optimization terminated successfully.
       success: True
        status: 0
           fun: 3864.792344264517
             x: [ 4.023e-01  1.300e+00  2.311e+00  1.227e+00]
           nit: 81
          nfev: 148
 final_simplex: (array([[ 4.023e-01,  1.300e+00,  2.311e+00,  1.227e+00],
                       [ 4.023e-01,  1.300e+00,  2.311e+00,  1.227e+00],
                       ...,
                       [ 4.023e-01,  1.300e+00,  2.311e+00,  1.227e+00],
                       [ 4.023e-01,  1.300e+00,  2.311e+00,  1.227e+00]]), array([ 3.865e+03,  3.865e+03,  3.865e+03,  3.865e+03,
                        3.865e+03]))
   param_names: ['d', 'e', 'f', 'g']
[0.40227111 1.2996856  2.31086113 1.22708927]
{'d': 0.4022711058573114, 'e': 1.29968560154265, 'f': 2.310861128024335, 'g': 1.227089266732111}
Previous:  {'d': 0.41323348697544626, 'e': 1.302846024854753, 'f': 2.309302119653974, 'g': 1.2310045629042092}
