prev {'d': 0.46804093687217047, 'e': 1.1278522658337766, 'f': 2.355708417717884, 'g': 1.2777926185455115}
Starting ML Fit
Box56_1400
       message: Optimization terminated successfully.
       success: True
        status: 0
           fun: 3920.232541156088
             x: [ 4.601e-01  1.105e+00  2.356e+00  1.277e+00]
           nit: 82
          nfev: 150
 final_simplex: (array([[ 4.601e-01,  1.105e+00,  2.356e+00,  1.277e+00],
                       [ 4.601e-01,  1.105e+00,  2.356e+00,  1.277e+00],
                       ...,
                       [ 4.601e-01,  1.105e+00,  2.356e+00,  1.277e+00],
                       [ 4.601e-01,  1.105e+00,  2.356e+00,  1.277e+00]]), array([ 3.920e+03,  3.920e+03,  3.920e+03,  3.920e+03,
                        3.920e+03]))
   param_names: ['d', 'e', 'f', 'g']
[0.46008406 1.10506305 2.35582706 1.27716198]
{'d': 0.4600840562368499, 'e': 1.1050630530817043, 'f': 2.355827060893179, 'g': 1.2771619814436137}
Previous:  {'d': 0.46804093687217047, 'e': 1.1278522658337766, 'f': 2.355708417717884, 'g': 1.2777926185455115}
