prev {'d': 0.52543941006043, 'e': 1.0677313076023565, 'f': 2.3300574805060386, 'g': 1.2678796378686652}
Starting ML Fit
Box_n50_23_1400
       message: Optimization terminated successfully.
       success: True
        status: 0
           fun: 7051.71241741936
             x: [ 5.129e-01  1.080e+00  2.329e+00  1.266e+00]
           nit: 100
          nfev: 176
 final_simplex: (array([[ 5.129e-01,  1.080e+00,  2.329e+00,  1.266e+00],
                       [ 5.129e-01,  1.081e+00,  2.329e+00,  1.266e+00],
                       ...,
                       [ 5.129e-01,  1.080e+00,  2.329e+00,  1.266e+00],
                       [ 5.129e-01,  1.080e+00,  2.329e+00,  1.266e+00]]), array([ 7.052e+03,  7.052e+03,  7.052e+03,  7.052e+03,
                        7.052e+03]))
   param_names: ['d', 'e', 'f', 'g']
[0.51288501 1.08049595 2.32949339 1.26580703]
{'d': 0.5128850124418864, 'e': 1.0804959506019902, 'f': 2.329493387463061, 'g': 1.2658070304467608}
Previous:  {'d': 0.52543941006043, 'e': 1.0677313076023565, 'f': 2.3300574805060386, 'g': 1.2678796378686652}
