no change     /oak/stanford/orgs/kipac/users/delon/miniconda3/condabin/conda
no change     /oak/stanford/orgs/kipac/users/delon/miniconda3/bin/conda
no change     /oak/stanford/orgs/kipac/users/delon/miniconda3/bin/conda-env
no change     /oak/stanford/orgs/kipac/users/delon/miniconda3/bin/activate
no change     /oak/stanford/orgs/kipac/users/delon/miniconda3/bin/deactivate
no change     /oak/stanford/orgs/kipac/users/delon/miniconda3/etc/profile.d/conda.sh
no change     /oak/stanford/orgs/kipac/users/delon/miniconda3/etc/fish/conf.d/conda.fish
no change     /oak/stanford/orgs/kipac/users/delon/miniconda3/shell/condabin/Conda.psm1
no change     /oak/stanford/orgs/kipac/users/delon/miniconda3/shell/condabin/conda-hook.ps1
no change     /oak/stanford/orgs/kipac/users/delon/miniconda3/lib/python3.10/site-packages/xontrib/conda.xsh
no change     /oak/stanford/orgs/kipac/users/delon/miniconda3/etc/profile.d/conda.csh
no change     /home/users/delon/.bashrc
No action taken.
16
2003502
2003502
12.774676056244932 13.697403723200487
4845.0
3874235
3874235
12.774676056244932 13.980557823023023
29465.0
5874413
5874413
12.774676056244932 14.226857570288724
97918.0
6768625
6768625
12.774676056244932 14.291146761731886
151396.0
8161819
8161819
12.774676056244932 14.677196186010544
288075.0
8421749
8421749
12.774676056244932 14.70493942619734
325956.0
8647183
8647183
12.774676056244932 14.78071325425874
364114.0
8840461
8840461
12.774676056244932 14.914131512630894
402091.0
9002858
9002858
12.774676056244932 14.982054031493703
440241.0
9139167
9139167
12.774676056244932 15.027797943350299
477562.0
9252690
9252690
12.774676056244932 15.080048967578852
514475.0
9410803
9410803
12.774676056244932 15.129270860121315
584472.0
9502999
9502999
12.774676056244932 15.208736877114406
649423.0
9546234
9546234
12.774676056244932 15.270934912874859
708558.0
9550739
9550739
12.774676056244932 15.319543258077312
761470.0
9546197
9546197
12.774676056244932 15.318543299122021
786876.0
