alist [1.0, 0.953321, 0.866399, 0.787402, 0.715608, 0.65036, 0.620002, 0.591061, 0.563471, 0.537169, 0.512095, 0.488191, 0.403224, 0.366459]
Leaving out Box25_1400
Iter 1/200 - Loss: 2.1822
Iter 2/200 - Loss: 1.8968
Iter 3/200 - Loss: 1.6863
Iter 4/200 - Loss: 1.5292
Iter 5/200 - Loss: 1.4085
Iter 6/200 - Loss: 1.3121
Iter 7/200 - Loss: 1.2321
Iter 8/200 - Loss: 1.1630
Iter 9/200 - Loss: 1.1014
Iter 10/200 - Loss: 1.0450
Iter 11/200 - Loss: 0.9920
Iter 12/200 - Loss: 0.9415
Iter 13/200 - Loss: 0.8924
Iter 14/200 - Loss: 0.8443
Iter 15/200 - Loss: 0.7965
Iter 16/200 - Loss: 0.7488
Iter 17/200 - Loss: 0.7008
Iter 18/200 - Loss: 0.6526
Iter 19/200 - Loss: 0.6038
Iter 20/200 - Loss: 0.5545
Iter 21/200 - Loss: 0.5046
Iter 22/200 - Loss: 0.4541
Iter 23/200 - Loss: 0.4031
Iter 24/200 - Loss: 0.3517
Iter 25/200 - Loss: 0.2998
Iter 26/200 - Loss: 0.2477
Iter 27/200 - Loss: 0.1954
Iter 28/200 - Loss: 0.1431
Iter 29/200 - Loss: 0.0906
Iter 30/200 - Loss: 0.0383
Iter 31/200 - Loss: -0.0141
Iter 32/200 - Loss: -0.0663
Iter 33/200 - Loss: -0.1186
Iter 34/200 - Loss: -0.1708
Iter 35/200 - Loss: -0.2229
Iter 36/200 - Loss: -0.2749
Iter 37/200 - Loss: -0.3266
Iter 38/200 - Loss: -0.3780
Iter 39/200 - Loss: -0.4289
Iter 40/200 - Loss: -0.4795
Iter 41/200 - Loss: -0.5295
Iter 42/200 - Loss: -0.5790
Iter 43/200 - Loss: -0.6279
Iter 44/200 - Loss: -0.6764
Iter 45/200 - Loss: -0.7244
Iter 46/200 - Loss: -0.7719
Iter 47/200 - Loss: -0.8189
Iter 48/200 - Loss: -0.8654
Iter 49/200 - Loss: -0.9115
Iter 50/200 - Loss: -0.9575
Iter 51/200 - Loss: -1.0035
Iter 52/200 - Loss: -1.0498
Iter 53/200 - Loss: -1.0964
Iter 54/200 - Loss: -1.1431
Iter 55/200 - Loss: -1.1896
Iter 56/200 - Loss: -1.2357
Iter 57/200 - Loss: -1.2811
Iter 58/200 - Loss: -1.3255
Iter 59/200 - Loss: -1.3691
Iter 60/200 - Loss: -1.4116
Iter 61/200 - Loss: -1.4531
Iter 62/200 - Loss: -1.4940
Iter 63/200 - Loss: -1.5343
Iter 64/200 - Loss: -1.5738
Iter 65/200 - Loss: -1.6129
Iter 66/200 - Loss: -1.6514
Iter 67/200 - Loss: -1.6896
Iter 68/200 - Loss: -1.7276
Iter 69/200 - Loss: -1.7649
Iter 70/200 - Loss: -1.8018
Iter 71/200 - Loss: -1.8383
Iter 72/200 - Loss: -1.8742
Iter 73/200 - Loss: -1.9094
Iter 74/200 - Loss: -1.9439
Iter 75/200 - Loss: -1.9777
Iter 76/200 - Loss: -2.0104
Iter 77/200 - Loss: -2.0427
Iter 78/200 - Loss: -2.0743
Iter 79/200 - Loss: -2.1051
Iter 80/200 - Loss: -2.1350
Iter 81/200 - Loss: -2.1643
Iter 82/200 - Loss: -2.1932
Iter 83/200 - Loss: -2.2213
Iter 84/200 - Loss: -2.2486
Iter 85/200 - Loss: -2.2749
Iter 86/200 - Loss: -2.2997
Iter 87/200 - Loss: -2.3230
Iter 88/200 - Loss: -2.3442
Iter 89/200 - Loss: -2.3653
Iter 90/200 - Loss: -2.3895
Iter 91/200 - Loss: -2.4088
Iter 92/200 - Loss: -2.4281
Iter 93/200 - Loss: -2.4477
Iter 94/200 - Loss: -2.4652
Iter 95/200 - Loss: -2.4822
Iter 96/200 - Loss: -2.4980
Iter 97/200 - Loss: -2.5138
Iter 98/200 - Loss: -2.5286
Iter 99/200 - Loss: -2.5409
Iter 100/200 - Loss: -2.5542
Iter 101/200 - Loss: -2.5659
Iter 102/200 - Loss: -2.5779
Iter 103/200 - Loss: -2.5895
Iter 104/200 - Loss: -2.5987
Iter 105/200 - Loss: -2.6091
Iter 106/200 - Loss: -2.6174
Iter 107/200 - Loss: -2.6244
Iter 108/200 - Loss: -2.6307
Iter 109/200 - Loss: -2.6380
Iter 110/200 - Loss: -2.6477
Iter 111/200 - Loss: -2.6576
Iter 112/200 - Loss: -2.6613
Iter 113/200 - Loss: -2.6683
Iter 114/200 - Loss: -2.6737
Iter 115/200 - Loss: -2.6806
Iter 116/200 - Loss: -2.6855
Iter 117/200 - Loss: -2.6919
Iter 118/200 - Loss: -2.6949
Iter 119/200 - Loss: -2.7000
Iter 120/200 - Loss: -2.7040
Iter 121/200 - Loss: -2.7095
Iter 122/200 - Loss: -2.7134
Iter 123/200 - Loss: -2.7166
Iter 124/200 - Loss: -2.7205
Iter 125/200 - Loss: -2.7246
Iter 126/200 - Loss: -2.7277
Iter 127/200 - Loss: -2.7307
Iter 128/200 - Loss: -2.7329
Iter 129/200 - Loss: -2.7363
Iter 130/200 - Loss: -2.7379
Iter 131/200 - Loss: -2.7345
Iter 132/200 - Loss: -2.7254
Iter 133/200 - Loss: -2.7282
Iter 134/200 - Loss: -2.7455
Iter 135/200 - Loss: -2.7438
Iter 136/200 - Loss: -2.7436
Iter 137/200 - Loss: -2.7529
Iter 138/200 - Loss: -2.7518
Iter 139/200 - Loss: -2.7547
Iter 140/200 - Loss: -2.7600
Iter 141/200 - Loss: -2.7580
Iter 142/200 - Loss: -2.7638
Iter 143/200 - Loss: -2.7640
Iter 144/200 - Loss: -2.7658
Iter 145/200 - Loss: -2.7694
Iter 146/200 - Loss: -2.7691
Iter 147/200 - Loss: -2.7725
Iter 148/200 - Loss: -2.7735
Iter 149/200 - Loss: -2.7749
Iter 150/200 - Loss: -2.7776
Iter 151/200 - Loss: -2.7777
Iter 152/200 - Loss: -2.7804
Iter 153/200 - Loss: -2.7812
Iter 154/200 - Loss: -2.7827
Iter 155/200 - Loss: -2.7847
Iter 156/200 - Loss: -2.7858
Iter 157/200 - Loss: -2.7870
Iter 158/200 - Loss: -2.7889
Iter 159/200 - Loss: -2.7897
Iter 160/200 - Loss: -2.7909
Iter 161/200 - Loss: -2.7925
Iter 162/200 - Loss: -2.7934
Iter 163/200 - Loss: -2.7944
Iter 164/200 - Loss: -2.7961
Iter 165/200 - Loss: -2.7972
Iter 166/200 - Loss: -2.7982
Iter 167/200 - Loss: -2.7991
Iter 168/200 - Loss: -2.8003
Iter 169/200 - Loss: -2.8016
Iter 170/200 - Loss: -2.8027
Iter 171/200 - Loss: -2.8038
Iter 172/200 - Loss: -2.8046
Iter 173/200 - Loss: -2.8053
Iter 174/200 - Loss: -2.8059
Iter 175/200 - Loss: -2.8056
Iter 176/200 - Loss: -2.8037
Iter 177/200 - Loss: -2.7976
Iter 178/200 - Loss: -2.7893
Iter 179/200 - Loss: -2.7928
Iter 180/200 - Loss: -2.8095
Iter 181/200 - Loss: -2.8073
Iter 182/200 - Loss: -2.8013
Iter 183/200 - Loss: -2.8114
Iter 184/200 - Loss: -2.8115
Iter 185/200 - Loss: -2.8075
Iter 186/200 - Loss: -2.8146
Iter 187/200 - Loss: -2.8140
Iter 188/200 - Loss: -2.8130
Iter 189/200 - Loss: -2.8173
Iter 190/200 - Loss: -2.8160
Iter 191/200 - Loss: -2.8172
Iter 192/200 - Loss: -2.8196
Iter 193/200 - Loss: -2.8185
Iter 194/200 - Loss: -2.8207
Iter 195/200 - Loss: -2.8214
Iter 196/200 - Loss: -2.8214
Iter 197/200 - Loss: -2.8238
Iter 198/200 - Loss: -2.8234
Iter 199/200 - Loss: -2.8244
Iter 200/200 - Loss: -2.8258
{'d': 0.38226503, 'e': 0.8849082, 'f': 2.358781, 'g': 1.2708212}
{'d': 0.3905269, 'e': 0.8969579, 'f': 2.3577666, 'g': 1.2739141}
{'d': 0.4098997, 'e': 0.9270253, 'f': 2.355077, 'g': 1.2799723}
{'d': 0.41534376, 'e': 0.9351852, 'f': 2.354303, 'g': 1.2814425}
{'d': 0.42110723, 'e': 0.9446919, 'f': 2.353402, 'g': 1.2828085}
{'d': 0.42706823, 'e': 0.95354486, 'f': 2.3525307, 'g': 1.2841737}
{'d': 0.43324244, 'e': 0.96197927, 'f': 2.3516636, 'g': 1.2855122}
{'d': 0.43987393, 'e': 0.9739173, 'f': 2.3504927, 'g': 1.2865759}
{'d': 0.44661874, 'e': 0.98395765, 'f': 2.3494477, 'g': 1.2876767}
{'d': 0.46099162, 'e': 1.0075414, 'f': 2.3469877, 'g': 1.2893746}
{'d': 0.47609308, 'e': 1.0302149, 'f': 2.344475, 'g': 1.2906911}
{'d': 0.4919625, 'e': 1.055275, 'f': 2.3416495, 'g': 1.2914064}
{'d': 0.50829154, 'e': 1.0813116, 'f': 2.3386135, 'g': 1.2916538}
{'d': 0.5164174, 'e': 1.092591, 'f': 2.337188, 'g': 1.2917598}
