prev {'d': 0.4825948854935177, 'e': 1.1675771060815094, 'f': 2.3413675257823616, 'g': 1.2042672340610538}
Starting ML Fit
Box21_1400
       message: Optimization terminated successfully.
       success: True
        status: 0
           fun: 6738.89300626598
             x: [ 4.720e-01  1.159e+00  2.341e+00  1.204e+00]
           nit: 107
          nfev: 193
 final_simplex: (array([[ 4.720e-01,  1.159e+00,  2.341e+00,  1.204e+00],
                       [ 4.720e-01,  1.159e+00,  2.341e+00,  1.204e+00],
                       ...,
                       [ 4.720e-01,  1.159e+00,  2.341e+00,  1.204e+00],
                       [ 4.720e-01,  1.159e+00,  2.341e+00,  1.204e+00]]), array([ 6.739e+03,  6.739e+03,  6.739e+03,  6.739e+03,
                        6.739e+03]))
   param_names: ['d', 'e', 'f', 'g']
[0.47201985 1.1591558  2.34139278 1.20419831]
{'d': 0.47201985183246087, 'e': 1.1591557996810335, 'f': 2.3413927751093584, 'g': 1.204198312937071}
Previous:  {'d': 0.4825948854935177, 'e': 1.1675771060815094, 'f': 2.3413675257823616, 'g': 1.2042672340610538}
