prev {'d': 0.4076456400761258, 'e': 0.9532467334037188, 'f': 2.3404467485515053, 'g': 1.2480008849713056}
Starting ML Fit
Box36_1400
       message: Optimization terminated successfully.
       success: True
        status: 0
           fun: 3448.7351088637124
             x: [ 4.004e-01  9.177e-01  2.341e+00  1.247e+00]
           nit: 83
          nfev: 154
 final_simplex: (array([[ 4.004e-01,  9.177e-01,  2.341e+00,  1.247e+00],
                       [ 4.004e-01,  9.178e-01,  2.341e+00,  1.247e+00],
                       ...,
                       [ 4.004e-01,  9.177e-01,  2.341e+00,  1.247e+00],
                       [ 4.004e-01,  9.177e-01,  2.341e+00,  1.247e+00]]), array([ 3.449e+03,  3.449e+03,  3.449e+03,  3.449e+03,
                        3.449e+03]))
   param_names: ['d', 'e', 'f', 'g']
[0.40042362 0.91773518 2.34065472 1.24678761]
{'d': 0.40042362351142774, 'e': 0.9177351756923932, 'f': 2.340654716078387, 'g': 1.2467876134085691}
Previous:  {'d': 0.4076456400761258, 'e': 0.9532467334037188, 'f': 2.3404467485515053, 'g': 1.2480008849713056}
