prev {'d': 0.4862027049193146, 'e': 1.2164832977796334, 'f': 2.3375804387004164, 'g': 1.2680411909929987}
Starting ML Fit
Box2_1400
       message: Optimization terminated successfully.
       success: True
        status: 0
           fun: 8883.722405509507
             x: [ 4.723e-01  1.218e+00  2.338e+00  1.258e+00]
           nit: 105
          nfev: 188
 final_simplex: (array([[ 4.723e-01,  1.218e+00,  2.338e+00,  1.258e+00],
                       [ 4.723e-01,  1.218e+00,  2.338e+00,  1.258e+00],
                       ...,
                       [ 4.723e-01,  1.218e+00,  2.338e+00,  1.258e+00],
                       [ 4.723e-01,  1.218e+00,  2.338e+00,  1.258e+00]]), array([ 8.884e+03,  8.884e+03,  8.884e+03,  8.884e+03,
                        8.884e+03]))
   param_names: ['d', 'e', 'f', 'g']
[0.47230428 1.21754872 2.3378109  1.25815791]
{'d': 0.4723042820442355, 'e': 1.2175487182939286, 'f': 2.3378109008741053, 'g': 1.2581579109769474}
Previous:  {'d': 0.4862027049193146, 'e': 1.2164832977796334, 'f': 2.3375804387004164, 'g': 1.2680411909929987}
