prev {'d': 0.5218043499091944, 'e': 1.1440645768171187, 'f': 2.318739747780122, 'g': 1.2773365972547297}
Starting ML Fit
Box_n50_25_1400
       message: Optimization terminated successfully.
       success: True
        status: 0
           fun: 4005.568487784936
             x: [ 5.234e-01  1.099e+00  2.323e+00  1.262e+00]
           nit: 105
          nfev: 186
 final_simplex: (array([[ 5.234e-01,  1.099e+00,  2.323e+00,  1.262e+00],
                       [ 5.234e-01,  1.099e+00,  2.323e+00,  1.262e+00],
                       ...,
                       [ 5.234e-01,  1.099e+00,  2.323e+00,  1.262e+00],
                       [ 5.234e-01,  1.099e+00,  2.323e+00,  1.262e+00]]), array([ 4.006e+03,  4.006e+03,  4.006e+03,  4.006e+03,
                        4.006e+03]))
   param_names: ['d', 'e', 'f', 'g']
[0.52338343 1.0990805  2.32343421 1.26152884]
{'d': 0.5233834274516933, 'e': 1.0990804973985475, 'f': 2.3234342105420867, 'g': 1.2615288392741153}
Previous:  {'d': 0.5218043499091944, 'e': 1.1440645768171187, 'f': 2.318739747780122, 'g': 1.2773365972547297}
