prev {'d': 0.501809140665292, 'e': 0.936233442769411, 'f': 2.3102074810421374, 'g': 1.3237359167659544}
Starting ML Fit
Box80_1400
       message: Optimization terminated successfully.
       success: True
        status: 0
           fun: 12038.290400809416
             x: [ 4.859e-01  9.045e-01  2.307e+00  1.321e+00]
           nit: 108
          nfev: 189
 final_simplex: (array([[ 4.859e-01,  9.045e-01,  2.307e+00,  1.321e+00],
                       [ 4.859e-01,  9.045e-01,  2.307e+00,  1.321e+00],
                       ...,
                       [ 4.859e-01,  9.046e-01,  2.307e+00,  1.321e+00],
                       [ 4.859e-01,  9.045e-01,  2.307e+00,  1.321e+00]]), array([ 1.204e+04,  1.204e+04,  1.204e+04,  1.204e+04,
                        1.204e+04]))
   param_names: ['d', 'e', 'f', 'g']
[0.48586482 0.90452311 2.30710069 1.32130362]
{'d': 0.48586481890539424, 'e': 0.904523114039256, 'f': 2.307100690939375, 'g': 1.3213036231690172}
Previous:  {'d': 0.501809140665292, 'e': 0.936233442769411, 'f': 2.3102074810421374, 'g': 1.3237359167659544}
