Leaving out Box31_1400
alist [1.0, 0.953321, 0.866399, 0.787402, 0.715608, 0.65036, 0.620002, 0.591061, 0.563471, 0.537169, 0.512095, 0.488191, 0.403224, 0.366459]
(2030, 10)
(2030, 4)
scaling input
(2030, 10)
scaling output
(2030, 4)
Iter 1/300 - Loss: 3.2556
Iter 2/300 - Loss: 2.8712
Iter 3/300 - Loss: 2.5158
Iter 4/300 - Loss: 2.1942
Iter 5/300 - Loss: 1.9082
Iter 6/300 - Loss: 1.6569
Iter 7/300 - Loss: 1.4396
Iter 8/300 - Loss: 1.2580
Iter 9/300 - Loss: 1.1164
Iter 10/300 - Loss: 1.0183
Iter 11/300 - Loss: 0.9623
Iter 12/300 - Loss: 0.9370
Iter 13/300 - Loss: 0.9258
Iter 14/300 - Loss: 0.9155
Iter 15/300 - Loss: 0.8984
Iter 16/300 - Loss: 0.8713
Iter 17/300 - Loss: 0.8323
Iter 18/300 - Loss: 0.7808
Iter 19/300 - Loss: 0.7174
Iter 20/300 - Loss: 0.6454
Iter 21/300 - Loss: 0.5708
Iter 22/300 - Loss: 0.5002
Iter 23/300 - Loss: 0.4377
Iter 24/300 - Loss: 0.3844
Iter 25/300 - Loss: 0.3395
Iter 26/300 - Loss: 0.3012
Iter 27/300 - Loss: 0.2666
Iter 28/300 - Loss: 0.2329
Iter 29/300 - Loss: 0.1977
Iter 30/300 - Loss: 0.1599
Iter 31/300 - Loss: 0.1191
Iter 32/300 - Loss: 0.0755
Iter 33/300 - Loss: 0.0299
Iter 34/300 - Loss: -0.0166
Iter 35/300 - Loss: -0.0627
Iter 36/300 - Loss: -0.1072
Iter 37/300 - Loss: -0.1490
Iter 38/300 - Loss: -0.1871
Iter 39/300 - Loss: -0.2216
Iter 40/300 - Loss: -0.2529
Iter 41/300 - Loss: -0.2820
Iter 42/300 - Loss: -0.3100
Iter 43/300 - Loss: -0.3379
Iter 44/300 - Loss: -0.3662
Iter 45/300 - Loss: -0.3946
Iter 46/300 - Loss: -0.4224
Iter 47/300 - Loss: -0.4481
Iter 48/300 - Loss: -0.4718
Iter 49/300 - Loss: -0.4931
Iter 50/300 - Loss: -0.5122
Iter 51/300 - Loss: -0.5291
Iter 52/300 - Loss: -0.5445
Iter 53/300 - Loss: -0.5584
Iter 54/300 - Loss: -0.5715
Iter 55/300 - Loss: -0.5839
Iter 56/300 - Loss: -0.5959
Iter 57/300 - Loss: -0.6074
Iter 58/300 - Loss: -0.6184
Iter 59/300 - Loss: -0.6289
Iter 60/300 - Loss: -0.6387
Iter 61/300 - Loss: -0.6479
Iter 62/300 - Loss: -0.6565
Iter 63/300 - Loss: -0.6649
Iter 64/300 - Loss: -0.6730
Iter 65/300 - Loss: -0.6812
Iter 66/300 - Loss: -0.6891
Iter 67/300 - Loss: -0.6966
Iter 68/300 - Loss: -0.7034
Iter 69/300 - Loss: -0.7091
Iter 70/300 - Loss: -0.7137
Iter 71/300 - Loss: -0.7176
Iter 72/300 - Loss: -0.7208
Iter 73/300 - Loss: -0.7236
Iter 74/300 - Loss: -0.7262
Iter 75/300 - Loss: -0.7286
Iter 76/300 - Loss: -0.7305
Iter 77/300 - Loss: -0.7312
Iter 78/300 - Loss: -0.7324
Iter 79/300 - Loss: -0.7353
Iter 80/300 - Loss: -0.7370
Iter 81/300 - Loss: -0.7390
Iter 82/300 - Loss: -0.7413
Iter 83/300 - Loss: -0.7432
Iter 84/300 - Loss: -0.7450
Iter 85/300 - Loss: -0.7467
Iter 86/300 - Loss: -0.7481
Iter 87/300 - Loss: -0.7496
Iter 88/300 - Loss: -0.7509
Iter 89/300 - Loss: -0.7523
Iter 90/300 - Loss: -0.7532
Iter 91/300 - Loss: -0.7543
Iter 92/300 - Loss: -0.7551
Iter 93/300 - Loss: -0.7560
Iter 94/300 - Loss: -0.7566
Iter 95/300 - Loss: -0.7574
Iter 96/300 - Loss: -0.7580
Iter 97/300 - Loss: -0.7587
Iter 98/300 - Loss: -0.7593
Iter 99/300 - Loss: -0.7599
Iter 100/300 - Loss: -0.7605
Iter 101/300 - Loss: -0.7610
Iter 102/300 - Loss: -0.7616
Iter 103/300 - Loss: -0.7620
Iter 104/300 - Loss: -0.7626
Iter 105/300 - Loss: -0.7630
Iter 106/300 - Loss: -0.7635
Iter 107/300 - Loss: -0.7638
Iter 108/300 - Loss: -0.7643
Iter 109/300 - Loss: -0.7646
Iter 110/300 - Loss: -0.7650
Iter 111/300 - Loss: -0.7653
Iter 112/300 - Loss: -0.7658
Iter 113/300 - Loss: -0.7660
Iter 114/300 - Loss: -0.7664
Iter 115/300 - Loss: -0.7667
Iter 116/300 - Loss: -0.7671
Iter 117/300 - Loss: -0.7674
Iter 118/300 - Loss: -0.7677
Iter 119/300 - Loss: -0.7680
Iter 120/300 - Loss: -0.7682
Iter 121/300 - Loss: -0.7684
Iter 122/300 - Loss: -0.7686
Iter 123/300 - Loss: -0.7689
Iter 124/300 - Loss: -0.7693
Iter 125/300 - Loss: -0.7696
Iter 126/300 - Loss: -0.7698
Iter 127/300 - Loss: -0.7700
Iter 128/300 - Loss: -0.7702
Iter 129/300 - Loss: -0.7704
Iter 130/300 - Loss: -0.7707
Iter 131/300 - Loss: -0.7709
Iter 132/300 - Loss: -0.7710
Iter 133/300 - Loss: -0.7712
Iter 134/300 - Loss: -0.7714
Iter 135/300 - Loss: -0.7716
Iter 136/300 - Loss: -0.7718
Iter 137/300 - Loss: -0.7719
Iter 138/300 - Loss: -0.7720
Iter 139/300 - Loss: -0.7722
Iter 140/300 - Loss: -0.7723
Iter 141/300 - Loss: -0.7725
Iter 142/300 - Loss: -0.7727
Iter 143/300 - Loss: -0.7728
Iter 144/300 - Loss: -0.7729
Iter 145/300 - Loss: -0.7730
Iter 146/300 - Loss: -0.7732
Iter 147/300 - Loss: -0.7733
Iter 148/300 - Loss: -0.7735
Iter 149/300 - Loss: -0.7737
Iter 150/300 - Loss: -0.7738
Iter 151/300 - Loss: -0.7740
Iter 152/300 - Loss: -0.7742
Iter 153/300 - Loss: -0.7743
Iter 154/300 - Loss: -0.7743
Iter 155/300 - Loss: -0.7744
Iter 156/300 - Loss: -0.7744
Iter 157/300 - Loss: -0.7744
Iter 158/300 - Loss: -0.7745
Iter 159/300 - Loss: -0.7745
Iter 160/300 - Loss: -0.7746
Iter 161/300 - Loss: -0.7746
Iter 162/300 - Loss: -0.7746
Iter 163/300 - Loss: -0.7747
Iter 164/300 - Loss: -0.7748
Iter 165/300 - Loss: -0.7748
Iter 166/300 - Loss: -0.7749
Iter 167/300 - Loss: -0.7750
Iter 168/300 - Loss: -0.7750
Iter 169/300 - Loss: -0.7751
Iter 170/300 - Loss: -0.7752
Iter 171/300 - Loss: -0.7753
Iter 172/300 - Loss: -0.7754
Iter 173/300 - Loss: -0.7755
Iter 174/300 - Loss: -0.7756
Iter 175/300 - Loss: -0.7757
Iter 176/300 - Loss: -0.7758
Iter 177/300 - Loss: -0.7759
Iter 178/300 - Loss: -0.7761
Iter 179/300 - Loss: -0.7762
Iter 180/300 - Loss: -0.7764
Iter 181/300 - Loss: -0.7765
Iter 182/300 - Loss: -0.7767
Iter 183/300 - Loss: -0.7768
Iter 184/300 - Loss: -0.7770
Iter 185/300 - Loss: -0.7772
Iter 186/300 - Loss: -0.7774
Iter 187/300 - Loss: -0.7776
Iter 188/300 - Loss: -0.7778
Iter 189/300 - Loss: -0.7781
Iter 190/300 - Loss: -0.7783
Iter 191/300 - Loss: -0.7785
Iter 192/300 - Loss: -0.7788
Iter 193/300 - Loss: -0.7790
Iter 194/300 - Loss: -0.7793
Iter 195/300 - Loss: -0.7796
Iter 196/300 - Loss: -0.7799
Iter 197/300 - Loss: -0.7802
Iter 198/300 - Loss: -0.7805
Iter 199/300 - Loss: -0.7808
Iter 200/300 - Loss: -0.7811
Iter 201/300 - Loss: -0.7814
Iter 202/300 - Loss: -0.7817
Iter 203/300 - Loss: -0.7821
Iter 204/300 - Loss: -0.7824
Iter 205/300 - Loss: -0.7827
Iter 206/300 - Loss: -0.7831
Iter 207/300 - Loss: -0.7834
Iter 208/300 - Loss: -0.7837
Iter 209/300 - Loss: -0.7841
Iter 210/300 - Loss: -0.7844
Iter 211/300 - Loss: -0.7848
Iter 212/300 - Loss: -0.7851
Iter 213/300 - Loss: -0.7855
Iter 214/300 - Loss: -0.7858
Iter 215/300 - Loss: -0.7862
Iter 216/300 - Loss: -0.7865
Iter 217/300 - Loss: -0.7868
Iter 218/300 - Loss: -0.7872
Iter 219/300 - Loss: -0.7875
Iter 220/300 - Loss: -0.7879
Iter 221/300 - Loss: -0.7882
Iter 222/300 - Loss: -0.7885
Iter 223/300 - Loss: -0.7888
Iter 224/300 - Loss: -0.7892
Iter 225/300 - Loss: -0.7895
Iter 226/300 - Loss: -0.7898
Iter 227/300 - Loss: -0.7901
Iter 228/300 - Loss: -0.7904
Iter 229/300 - Loss: -0.7907
Iter 230/300 - Loss: -0.7911
Iter 231/300 - Loss: -0.7914
Iter 232/300 - Loss: -0.7917
Iter 233/300 - Loss: -0.7919
Iter 234/300 - Loss: -0.7922
Iter 235/300 - Loss: -0.7925
Iter 236/300 - Loss: -0.7928
Iter 237/300 - Loss: -0.7931
Iter 238/300 - Loss: -0.7934
Iter 239/300 - Loss: -0.7937
Iter 240/300 - Loss: -0.7939
Iter 241/300 - Loss: -0.7942
Iter 242/300 - Loss: -0.7945
Iter 243/300 - Loss: -0.7947
Iter 244/300 - Loss: -0.7950
Iter 245/300 - Loss: -0.7952
Iter 246/300 - Loss: -0.7955
Iter 247/300 - Loss: -0.7957
Iter 248/300 - Loss: -0.7960
Iter 249/300 - Loss: -0.7962
Iter 250/300 - Loss: -0.7965
Iter 251/300 - Loss: -0.7967
Iter 252/300 - Loss: -0.7969
Iter 253/300 - Loss: -0.7971
Iter 254/300 - Loss: -0.7974
Iter 255/300 - Loss: -0.7976
Iter 256/300 - Loss: -0.7978
Iter 257/300 - Loss: -0.7980
Iter 258/300 - Loss: -0.7982
Iter 259/300 - Loss: -0.7984
Iter 260/300 - Loss: -0.7986
Iter 261/300 - Loss: -0.7988
Iter 262/300 - Loss: -0.7990
Iter 263/300 - Loss: -0.7992
Iter 264/300 - Loss: -0.7994
Iter 265/300 - Loss: -0.7996
Iter 266/300 - Loss: -0.7998
Iter 267/300 - Loss: -0.8000
Iter 268/300 - Loss: -0.8002
Iter 269/300 - Loss: -0.8003
Iter 270/300 - Loss: -0.8005
Iter 271/300 - Loss: -0.8007
Iter 272/300 - Loss: -0.8008
Iter 273/300 - Loss: -0.8010
Iter 274/300 - Loss: -0.8012
Iter 275/300 - Loss: -0.8013
Iter 276/300 - Loss: -0.8015
Iter 277/300 - Loss: -0.8017
Iter 278/300 - Loss: -0.8018
Iter 279/300 - Loss: -0.8020
Iter 280/300 - Loss: -0.8021
Iter 281/300 - Loss: -0.8023
Iter 282/300 - Loss: -0.8024
Iter 283/300 - Loss: -0.8025
Iter 284/300 - Loss: -0.8027
Iter 285/300 - Loss: -0.8028
Iter 286/300 - Loss: -0.8030
Iter 287/300 - Loss: -0.8031
Iter 288/300 - Loss: -0.8032
Iter 289/300 - Loss: -0.8034
Iter 290/300 - Loss: -0.8035
Iter 291/300 - Loss: -0.8036
Iter 292/300 - Loss: -0.8037
Iter 293/300 - Loss: -0.8039
Iter 294/300 - Loss: -0.8040
Iter 295/300 - Loss: -0.8041
Iter 296/300 - Loss: -0.8042
Iter 297/300 - Loss: -0.8043
Iter 298/300 - Loss: -0.8045
Iter 299/300 - Loss: -0.8046
Iter 300/300 - Loss: -0.8047
