prev {'d': 0.5120362481817713, 'e': 0.9735608649180394, 'f': 2.3214605742289223, 'g': 1.315408382402886}
Starting ML Fit
Box80_1400
       message: Optimization terminated successfully.
       success: True
        status: 0
           fun: 12417.300409623695
             x: [ 5.089e-01  9.283e-01  2.317e+00  1.325e+00]
           nit: 87
          nfev: 160
 final_simplex: (array([[ 5.089e-01,  9.283e-01,  2.317e+00,  1.325e+00],
                       [ 5.089e-01,  9.283e-01,  2.317e+00,  1.325e+00],
                       ...,
                       [ 5.089e-01,  9.283e-01,  2.317e+00,  1.325e+00],
                       [ 5.089e-01,  9.283e-01,  2.317e+00,  1.325e+00]]), array([ 1.242e+04,  1.242e+04,  1.242e+04,  1.242e+04,
                        1.242e+04]))
   param_names: ['d', 'e', 'f', 'g']
[0.5089156  0.92833045 2.31665279 1.32461372]
{'d': 0.5089156041280988, 'e': 0.9283304453795751, 'f': 2.3166527923353533, 'g': 1.3246137186724787}
Previous:  {'d': 0.5120362481817713, 'e': 0.9735608649180394, 'f': 2.3214605742289223, 'g': 1.315408382402886}
