Leaving out Box32_1400
alist [1.0, 0.953321, 0.866399, 0.787402, 0.715608, 0.65036, 0.620002, 0.591061, 0.563471, 0.537169, 0.512095, 0.488191, 0.403224, 0.366459]
(2030, 10)
(2030, 4)
scaling input
(2030, 10)
scaling output
(2030, 4)
Iter 1/300 - Loss: 3.1499
Iter 2/300 - Loss: 2.7738
Iter 3/300 - Loss: 2.4282
Iter 4/300 - Loss: 2.1171
Iter 5/300 - Loss: 1.8418
Iter 6/300 - Loss: 1.6024
Iter 7/300 - Loss: 1.3995
Iter 8/300 - Loss: 1.2349
Iter 9/300 - Loss: 1.1114
Iter 10/300 - Loss: 1.0286
Iter 11/300 - Loss: 0.9807
Iter 12/300 - Loss: 0.9567
Iter 13/300 - Loss: 0.9447
Iter 14/300 - Loss: 0.9341
Iter 15/300 - Loss: 0.9188
Iter 16/300 - Loss: 0.8950
Iter 17/300 - Loss: 0.8610
Iter 18/300 - Loss: 0.8158
Iter 19/300 - Loss: 0.7591
Iter 20/300 - Loss: 0.6929
Iter 21/300 - Loss: 0.6212
Iter 22/300 - Loss: 0.5501
Iter 23/300 - Loss: 0.4843
Iter 24/300 - Loss: 0.4262
Iter 25/300 - Loss: 0.3761
Iter 26/300 - Loss: 0.3334
Iter 27/300 - Loss: 0.2963
Iter 28/300 - Loss: 0.2623
Iter 29/300 - Loss: 0.2288
Iter 30/300 - Loss: 0.1940
Iter 31/300 - Loss: 0.1568
Iter 32/300 - Loss: 0.1168
Iter 33/300 - Loss: 0.0741
Iter 34/300 - Loss: 0.0295
Iter 35/300 - Loss: -0.0161
Iter 36/300 - Loss: -0.0614
Iter 37/300 - Loss: -0.1052
Iter 38/300 - Loss: -0.1463
Iter 39/300 - Loss: -0.1838
Iter 40/300 - Loss: -0.2174
Iter 41/300 - Loss: -0.2479
Iter 42/300 - Loss: -0.2764
Iter 43/300 - Loss: -0.3044
Iter 44/300 - Loss: -0.3327
Iter 45/300 - Loss: -0.3615
Iter 46/300 - Loss: -0.3906
Iter 47/300 - Loss: -0.4188
Iter 48/300 - Loss: -0.4447
Iter 49/300 - Loss: -0.4687
Iter 50/300 - Loss: -0.4897
Iter 51/300 - Loss: -0.5087
Iter 52/300 - Loss: -0.5254
Iter 53/300 - Loss: -0.5406
Iter 54/300 - Loss: -0.5546
Iter 55/300 - Loss: -0.5678
Iter 56/300 - Loss: -0.5803
Iter 57/300 - Loss: -0.5923
Iter 58/300 - Loss: -0.6036
Iter 59/300 - Loss: -0.6141
Iter 60/300 - Loss: -0.6238
Iter 61/300 - Loss: -0.6327
Iter 62/300 - Loss: -0.6409
Iter 63/300 - Loss: -0.6488
Iter 64/300 - Loss: -0.6567
Iter 65/300 - Loss: -0.6648
Iter 66/300 - Loss: -0.6730
Iter 67/300 - Loss: -0.6810
Iter 68/300 - Loss: -0.6882
Iter 69/300 - Loss: -0.6944
Iter 70/300 - Loss: -0.6996
Iter 71/300 - Loss: -0.7038
Iter 72/300 - Loss: -0.7076
Iter 73/300 - Loss: -0.7112
Iter 74/300 - Loss: -0.7145
Iter 75/300 - Loss: -0.7176
Iter 76/300 - Loss: -0.7202
Iter 77/300 - Loss: -0.7221
Iter 78/300 - Loss: -0.7207
Iter 79/300 - Loss: -0.7228
Iter 80/300 - Loss: -0.7260
Iter 81/300 - Loss: -0.7272
Iter 82/300 - Loss: -0.7305
Iter 83/300 - Loss: -0.7318
Iter 84/300 - Loss: -0.7339
Iter 85/300 - Loss: -0.7360
Iter 86/300 - Loss: -0.7365
Iter 87/300 - Loss: -0.7392
Iter 88/300 - Loss: -0.7392
Iter 89/300 - Loss: -0.7416
Iter 90/300 - Loss: -0.7419
Iter 91/300 - Loss: -0.7431
Iter 92/300 - Loss: -0.7441
Iter 93/300 - Loss: -0.7442
Iter 94/300 - Loss: -0.7456
Iter 95/300 - Loss: -0.7456
Iter 96/300 - Loss: -0.7466
Iter 97/300 - Loss: -0.7472
Iter 98/300 - Loss: -0.7475
Iter 99/300 - Loss: -0.7483
Iter 100/300 - Loss: -0.7485
Iter 101/300 - Loss: -0.7491
Iter 102/300 - Loss: -0.7497
Iter 103/300 - Loss: -0.7499
Iter 104/300 - Loss: -0.7506
Iter 105/300 - Loss: -0.7508
Iter 106/300 - Loss: -0.7513
Iter 107/300 - Loss: -0.7517
Iter 108/300 - Loss: -0.7520
Iter 109/300 - Loss: -0.7526
Iter 110/300 - Loss: -0.7529
Iter 111/300 - Loss: -0.7534
Iter 112/300 - Loss: -0.7537
Iter 113/300 - Loss: -0.7541
Iter 114/300 - Loss: -0.7545
Iter 115/300 - Loss: -0.7549
Iter 116/300 - Loss: -0.7553
Iter 117/300 - Loss: -0.7556
Iter 118/300 - Loss: -0.7561
Iter 119/300 - Loss: -0.7564
Iter 120/300 - Loss: -0.7568
Iter 121/300 - Loss: -0.7571
Iter 122/300 - Loss: -0.7575
Iter 123/300 - Loss: -0.7578
Iter 124/300 - Loss: -0.7581
Iter 125/300 - Loss: -0.7585
Iter 126/300 - Loss: -0.7588
Iter 127/300 - Loss: -0.7591
Iter 128/300 - Loss: -0.7595
Iter 129/300 - Loss: -0.7598
Iter 130/300 - Loss: -0.7601
Iter 131/300 - Loss: -0.7605
Iter 132/300 - Loss: -0.7608
Iter 133/300 - Loss: -0.7611
Iter 134/300 - Loss: -0.7614
Iter 135/300 - Loss: -0.7618
Iter 136/300 - Loss: -0.7621
Iter 137/300 - Loss: -0.7624
Iter 138/300 - Loss: -0.7628
Iter 139/300 - Loss: -0.7631
Iter 140/300 - Loss: -0.7634
Iter 141/300 - Loss: -0.7637
Iter 142/300 - Loss: -0.7640
Iter 143/300 - Loss: -0.7643
Iter 144/300 - Loss: -0.7645
Iter 145/300 - Loss: -0.7648
Iter 146/300 - Loss: -0.7649
Iter 147/300 - Loss: -0.7651
Iter 148/300 - Loss: -0.7654
Iter 149/300 - Loss: -0.7659
Iter 150/300 - Loss: -0.7664
Iter 151/300 - Loss: -0.7667
Iter 152/300 - Loss: -0.7668
Iter 153/300 - Loss: -0.7669
Iter 154/300 - Loss: -0.7671
Iter 155/300 - Loss: -0.7671
Iter 156/300 - Loss: -0.7671
Iter 157/300 - Loss: -0.7671
Iter 158/300 - Loss: -0.7672
Iter 159/300 - Loss: -0.7673
Iter 160/300 - Loss: -0.7674
Iter 161/300 - Loss: -0.7674
Iter 162/300 - Loss: -0.7674
Iter 163/300 - Loss: -0.7674
Iter 164/300 - Loss: -0.7675
Iter 165/300 - Loss: -0.7676
Iter 166/300 - Loss: -0.7677
Iter 167/300 - Loss: -0.7677
Iter 168/300 - Loss: -0.7678
Iter 169/300 - Loss: -0.7678
Iter 170/300 - Loss: -0.7679
Iter 171/300 - Loss: -0.7680
Iter 172/300 - Loss: -0.7681
Iter 173/300 - Loss: -0.7681
Iter 174/300 - Loss: -0.7682
Iter 175/300 - Loss: -0.7683
Iter 176/300 - Loss: -0.7684
Iter 177/300 - Loss: -0.7685
Iter 178/300 - Loss: -0.7686
Iter 179/300 - Loss: -0.7687
Iter 180/300 - Loss: -0.7688
Iter 181/300 - Loss: -0.7690
Iter 182/300 - Loss: -0.7691
Iter 183/300 - Loss: -0.7692
Iter 184/300 - Loss: -0.7694
Iter 185/300 - Loss: -0.7695
Iter 186/300 - Loss: -0.7697
Iter 187/300 - Loss: -0.7698
Iter 188/300 - Loss: -0.7700
Iter 189/300 - Loss: -0.7702
Iter 190/300 - Loss: -0.7704
Iter 191/300 - Loss: -0.7706
Iter 192/300 - Loss: -0.7708
Iter 193/300 - Loss: -0.7710
Iter 194/300 - Loss: -0.7712
Iter 195/300 - Loss: -0.7715
Iter 196/300 - Loss: -0.7717
Iter 197/300 - Loss: -0.7720
Iter 198/300 - Loss: -0.7722
Iter 199/300 - Loss: -0.7725
Iter 200/300 - Loss: -0.7728
Iter 201/300 - Loss: -0.7731
Iter 202/300 - Loss: -0.7734
Iter 203/300 - Loss: -0.7737
Iter 204/300 - Loss: -0.7741
Iter 205/300 - Loss: -0.7744
Iter 206/300 - Loss: -0.7747
Iter 207/300 - Loss: -0.7751
Iter 208/300 - Loss: -0.7754
Iter 209/300 - Loss: -0.7758
Iter 210/300 - Loss: -0.7761
Iter 211/300 - Loss: -0.7765
Iter 212/300 - Loss: -0.7769
Iter 213/300 - Loss: -0.7772
Iter 214/300 - Loss: -0.7776
Iter 215/300 - Loss: -0.7780
Iter 216/300 - Loss: -0.7783
Iter 217/300 - Loss: -0.7787
Iter 218/300 - Loss: -0.7791
Iter 219/300 - Loss: -0.7794
Iter 220/300 - Loss: -0.7798
Iter 221/300 - Loss: -0.7802
Iter 222/300 - Loss: -0.7805
Iter 223/300 - Loss: -0.7809
Iter 224/300 - Loss: -0.7812
Iter 225/300 - Loss: -0.7816
Iter 226/300 - Loss: -0.7819
Iter 227/300 - Loss: -0.7823
Iter 228/300 - Loss: -0.7826
Iter 229/300 - Loss: -0.7830
Iter 230/300 - Loss: -0.7833
Iter 231/300 - Loss: -0.7836
Iter 232/300 - Loss: -0.7839
Iter 233/300 - Loss: -0.7843
Iter 234/300 - Loss: -0.7846
Iter 235/300 - Loss: -0.7849
Iter 236/300 - Loss: -0.7852
Iter 237/300 - Loss: -0.7855
Iter 238/300 - Loss: -0.7858
Iter 239/300 - Loss: -0.7861
Iter 240/300 - Loss: -0.7864
Iter 241/300 - Loss: -0.7867
Iter 242/300 - Loss: -0.7870
Iter 243/300 - Loss: -0.7873
Iter 244/300 - Loss: -0.7876
Iter 245/300 - Loss: -0.7878
Iter 246/300 - Loss: -0.7881
Iter 247/300 - Loss: -0.7884
Iter 248/300 - Loss: -0.7886
Iter 249/300 - Loss: -0.7889
Iter 250/300 - Loss: -0.7892
Iter 251/300 - Loss: -0.7894
Iter 252/300 - Loss: -0.7897
Iter 253/300 - Loss: -0.7899
Iter 254/300 - Loss: -0.7901
Iter 255/300 - Loss: -0.7904
Iter 256/300 - Loss: -0.7906
Iter 257/300 - Loss: -0.7909
Iter 258/300 - Loss: -0.7911
Iter 259/300 - Loss: -0.7913
Iter 260/300 - Loss: -0.7915
Iter 261/300 - Loss: -0.7918
Iter 262/300 - Loss: -0.7920
Iter 263/300 - Loss: -0.7922
Iter 264/300 - Loss: -0.7924
Iter 265/300 - Loss: -0.7926
Iter 266/300 - Loss: -0.7928
Iter 267/300 - Loss: -0.7930
Iter 268/300 - Loss: -0.7932
Iter 269/300 - Loss: -0.7934
Iter 270/300 - Loss: -0.7936
Iter 271/300 - Loss: -0.7938
Iter 272/300 - Loss: -0.7940
Iter 273/300 - Loss: -0.7942
Iter 274/300 - Loss: -0.7944
Iter 275/300 - Loss: -0.7946
Iter 276/300 - Loss: -0.7948
Iter 277/300 - Loss: -0.7949
Iter 278/300 - Loss: -0.7951
Iter 279/300 - Loss: -0.7953
Iter 280/300 - Loss: -0.7955
Iter 281/300 - Loss: -0.7956
Iter 282/300 - Loss: -0.7958
Iter 283/300 - Loss: -0.7960
Iter 284/300 - Loss: -0.7962
Iter 285/300 - Loss: -0.7963
Iter 286/300 - Loss: -0.7965
Iter 287/300 - Loss: -0.7967
Iter 288/300 - Loss: -0.7968
Iter 289/300 - Loss: -0.7970
Iter 290/300 - Loss: -0.7972
Iter 291/300 - Loss: -0.7973
Iter 292/300 - Loss: -0.7975
Iter 293/300 - Loss: -0.7976
Iter 294/300 - Loss: -0.7978
Iter 295/300 - Loss: -0.7979
Iter 296/300 - Loss: -0.7981
Iter 297/300 - Loss: -0.7983
Iter 298/300 - Loss: -0.7984
Iter 299/300 - Loss: -0.7986
Iter 300/300 - Loss: -0.7987
