prev {'d': 0.5241003487768364, 'e': 1.1451873990028094, 'f': 2.324677391555325, 'g': 1.2963061778564917}
Starting ML Fit
Box_n50_29_1400
       message: Optimization terminated successfully.
       success: True
        status: 0
           fun: 9495.1419532026
             x: [ 5.113e-01  1.122e+00  2.327e+00  1.298e+00]
           nit: 110
          nfev: 189
 final_simplex: (array([[ 5.113e-01,  1.122e+00,  2.327e+00,  1.298e+00],
                       [ 5.113e-01,  1.122e+00,  2.327e+00,  1.298e+00],
                       ...,
                       [ 5.113e-01,  1.122e+00,  2.327e+00,  1.298e+00],
                       [ 5.113e-01,  1.122e+00,  2.327e+00,  1.298e+00]]), array([ 9.495e+03,  9.495e+03,  9.495e+03,  9.495e+03,
                        9.495e+03]))
   param_names: ['d', 'e', 'f', 'g']
[0.51128183 1.1215176  2.32670894 1.29845214]
{'d': 0.511281831620395, 'e': 1.1215175955942422, 'f': 2.3267089442545084, 'g': 1.2984521399793993}
Previous:  {'d': 0.5241003487768364, 'e': 1.1451873990028094, 'f': 2.324677391555325, 'g': 1.2963061778564917}
