prev {'d': 0.4966465307648426, 'e': 1.1389736848685144, 'f': 2.3229148382809948, 'g': 1.2689836622302746}
Starting ML Fit
Box_n50_45_1400
       message: Optimization terminated successfully.
       success: True
        status: 0
           fun: 6013.550418079361
             x: [ 4.756e-01  1.142e+00  2.323e+00  1.269e+00]
           nit: 151
          nfev: 262
 final_simplex: (array([[ 4.756e-01,  1.142e+00,  2.323e+00,  1.269e+00],
                       [ 4.756e-01,  1.142e+00,  2.323e+00,  1.269e+00],
                       ...,
                       [ 4.756e-01,  1.142e+00,  2.323e+00,  1.269e+00],
                       [ 4.756e-01,  1.142e+00,  2.323e+00,  1.269e+00]]), array([ 6.014e+03,  6.014e+03,  6.014e+03,  6.014e+03,
                        6.014e+03]))
   param_names: ['d', 'e', 'f', 'g']
[0.47558521 1.14239847 2.32271075 1.26908683]
{'d': 0.4755852134905373, 'e': 1.1423984652344394, 'f': 2.3227107481531437, 'g': 1.269086834327466}
Previous:  {'d': 0.4966465307648426, 'e': 1.1389736848685144, 'f': 2.3229148382809948, 'g': 1.2689836622302746}
