prev {'d': 0.4799625452201289, 'e': 1.1266822719226401, 'f': 2.3356838182845676, 'g': 1.2371788337741645}
Starting ML Fit
Box_n50_10_1400
       message: Optimization terminated successfully.
       success: True
        status: 0
           fun: 7904.019246480167
             x: [ 4.659e-01  1.125e+00  2.337e+00  1.233e+00]
           nit: 117
          nfev: 202
 final_simplex: (array([[ 4.659e-01,  1.125e+00,  2.337e+00,  1.233e+00],
                       [ 4.659e-01,  1.125e+00,  2.337e+00,  1.233e+00],
                       ...,
                       [ 4.659e-01,  1.125e+00,  2.337e+00,  1.233e+00],
                       [ 4.659e-01,  1.125e+00,  2.337e+00,  1.233e+00]]), array([ 7.904e+03,  7.904e+03,  7.904e+03,  7.904e+03,
                        7.904e+03]))
   param_names: ['d', 'e', 'f', 'g']
[0.46589309 1.12539676 2.33667345 1.23252297]
{'d': 0.4658930914258056, 'e': 1.1253967621330827, 'f': 2.336673450394195, 'g': 1.2325229742566677}
Previous:  {'d': 0.4799625452201289, 'e': 1.1266822719226401, 'f': 2.3356838182845676, 'g': 1.2371788337741645}
