no change     /home/users/delon/miniconda3/condabin/conda
no change     /home/users/delon/miniconda3/bin/conda
no change     /home/users/delon/miniconda3/bin/conda-env
no change     /home/users/delon/miniconda3/bin/activate
no change     /home/users/delon/miniconda3/bin/deactivate
no change     /home/users/delon/miniconda3/etc/profile.d/conda.sh
no change     /home/users/delon/miniconda3/etc/fish/conf.d/conda.fish
no change     /home/users/delon/miniconda3/shell/condabin/Conda.psm1
no change     /home/users/delon/miniconda3/shell/condabin/conda-hook.ps1
no change     /home/users/delon/miniconda3/lib/python3.10/site-packages/xontrib/conda.xsh
no change     /home/users/delon/miniconda3/etc/profile.d/conda.csh
no change     /home/users/delon/.bashrc
No action taken.
(240,)
(240,)
(210, 210)
(210,)
Box30_1400
       message: Maximum number of function evaluations has been exceeded.
       success: False
        status: 1
           fun: 14290.033840350397
             x: [ 1.418e+00  6.615e-01  3.618e+00 -4.515e+00  1.728e-01
                 -1.704e-02  5.335e-01  4.168e-01]
           nit: 1054
          nfev: 1600
 final_simplex: (array([[ 1.418e+00,  6.615e-01, ...,  5.335e-01,
                         4.168e-01],
                       [ 1.417e+00,  6.605e-01, ...,  5.333e-01,
                         4.151e-01],
                       ...,
                       [ 1.421e+00,  6.635e-01, ...,  5.338e-01,
                         4.176e-01],
                       [ 1.420e+00,  6.627e-01, ...,  5.333e-01,
                         4.138e-01]]), array([ 1.429e+04,  1.429e+04,  1.429e+04,  1.429e+04,
                        1.430e+04,  1.430e+04,  1.430e+04,  1.430e+04,
                        1.431e+04]))
   param_names: ['d0', 'd1', 'e0', 'e1', 'f0', 'f1', 'g0', 'g1']
[ 1.41836099  0.66145283  3.61834719 -4.5148617   0.17283245 -0.01703683
  0.5334545   0.41679299]
(240,)
(240,)
(210, 210)
(210,)
Box31_1400
       message: Maximum number of function evaluations has been exceeded.
       success: False
        status: 1
           fun: 347124.63816078345
             x: [ 1.623e-01  2.710e-01  3.378e+00 -6.488e+00  5.901e-01
                 -9.627e-01  3.373e-01  4.930e-01]
           nit: 1028
          nfev: 1600
 final_simplex: (array([[ 1.623e-01,  2.710e-01, ...,  3.373e-01,
                         4.930e-01],
                       [ 1.623e-01,  2.710e-01, ...,  3.373e-01,
                         4.930e-01],
                       ...,
                       [ 1.622e-01,  2.709e-01, ...,  3.373e-01,
                         4.928e-01],
                       [ 1.623e-01,  2.710e-01, ...,  3.373e-01,
                         4.930e-01]]), array([ 3.471e+05,  3.471e+05,  3.471e+05,  3.471e+05,
                        3.471e+05,  3.471e+05,  3.471e+05,  3.471e+05,
                        3.471e+05]))
   param_names: ['d0', 'd1', 'e0', 'e1', 'f0', 'f1', 'g0', 'g1']
[ 0.1623017   0.27098559  3.37807906 -6.4876834   0.59011724 -0.96268228
  0.33732552  0.49304367]
(240,)
(240,)
(210, 210)
(210,)
Box32_1400
       message: Maximum number of function evaluations has been exceeded.
       success: False
        status: 1
           fun: 10602.14637657988
             x: [ 1.575e+00  4.059e-01  1.346e+00 -2.690e+00  7.113e-01
                 -6.066e-01  5.322e-01  1.515e-01]
           nit: 1051
          nfev: 1600
 final_simplex: (array([[ 1.575e+00,  4.059e-01, ...,  5.322e-01,
                         1.515e-01],
                       [ 1.576e+00,  4.061e-01, ...,  5.324e-01,
                         1.512e-01],
                       ...,
                       [ 1.576e+00,  4.061e-01, ...,  5.324e-01,
                         1.512e-01],
                       [ 1.575e+00,  4.059e-01, ...,  5.323e-01,
                         1.514e-01]]), array([ 1.060e+04,  1.060e+04,  1.060e+04,  1.060e+04,
                        1.060e+04,  1.060e+04,  1.060e+04,  1.060e+04,
                        1.060e+04]))
   param_names: ['d0', 'd1', 'e0', 'e1', 'f0', 'f1', 'g0', 'g1']
[ 1.57489277  0.40592133  1.3460298  -2.68957447  0.71125352 -0.60661902
  0.53224336  0.15153422]
(240,)
(240,)
(210, 210)
(210,)
Box33_1400
       message: Optimization terminated successfully.
       success: True
        status: 0
           fun: 27098.58546410394
             x: [ 9.543e-01  1.067e-01  3.938e+00 -4.250e+00  5.651e-01
                 -7.723e-01  5.085e-01  3.141e-01]
           nit: 900
          nfev: 1403
 final_simplex: (array([[ 9.543e-01,  1.067e-01, ...,  5.085e-01,
                         3.141e-01],
                       [ 9.543e-01,  1.067e-01, ...,  5.085e-01,
                         3.141e-01],
                       ...,
                       [ 9.543e-01,  1.067e-01, ...,  5.085e-01,
                         3.141e-01],
                       [ 9.543e-01,  1.067e-01, ...,  5.085e-01,
                         3.141e-01]]), array([ 2.710e+04,  2.710e+04,  2.710e+04,  2.710e+04,
                        2.710e+04,  2.710e+04,  2.710e+04,  2.710e+04,
                        2.710e+04]))
   param_names: ['d0', 'd1', 'e0', 'e1', 'f0', 'f1', 'g0', 'g1']
[ 0.95430914  0.10670169  3.93761884 -4.24952464  0.56511157 -0.7722564
  0.50854806  0.31408174]
(240,)
(240,)
(210, 210)
(210,)
Box34_1400
       message: Maximum number of function evaluations has been exceeded.
       success: False
        status: 1
           fun: 15883.4562897018
             x: [ 1.956e+00  8.791e-01  2.237e+00 -2.393e+00  5.247e-01
                 -3.884e-01  6.884e-01  7.174e-01]
           nit: 1094
          nfev: 1600
 final_simplex: (array([[ 1.956e+00,  8.791e-01, ...,  6.884e-01,
                         7.174e-01],
                       [ 1.951e+00,  8.583e-01, ...,  6.884e-01,
                         7.202e-01],
                       ...,
                       [ 1.959e+00,  8.756e-01, ...,  6.892e-01,
                         7.101e-01],
                       [ 1.964e+00,  8.611e-01, ...,  6.910e-01,
                         7.116e-01]]), array([ 1.588e+04,  1.589e+04,  1.590e+04,  1.590e+04,
                        1.590e+04,  1.590e+04,  1.591e+04,  1.591e+04,
                        1.591e+04]))
   param_names: ['d0', 'd1', 'e0', 'e1', 'f0', 'f1', 'g0', 'g1']
[ 1.95551353  0.87911282  2.23663338 -2.39346448  0.52471121 -0.38843487
  0.68836355  0.71738205]
(240,)
(240,)
(240,)
(240,)
(210, 210)
(210,)
Box36_1400
       message: Maximum number of function evaluations has been exceeded.
       success: False
        status: 1
           fun: 64138.57589840713
             x: [ 2.482e-01  9.864e-01  4.165e+00 -3.319e+00  3.357e-01
                 -5.145e-01  3.916e-01  4.950e-01]
           nit: 1040
          nfev: 1600
 final_simplex: (array([[ 2.482e-01,  9.864e-01, ...,  3.916e-01,
                         4.950e-01],
                       [ 2.482e-01,  9.861e-01, ...,  3.918e-01,
                         4.957e-01],
                       ...,
                       [ 2.483e-01,  9.877e-01, ...,  3.911e-01,
                         5.003e-01],
                       [ 2.483e-01,  9.884e-01, ...,  3.912e-01,
                         4.966e-01]]), array([ 6.414e+04,  6.418e+04,  6.421e+04,  6.422e+04,
                        6.433e+04,  6.436e+04,  6.440e+04,  6.442e+04,
                        6.448e+04]))
   param_names: ['d0', 'd1', 'e0', 'e1', 'f0', 'f1', 'g0', 'g1']
[ 0.24820621  0.98635354  4.16524324 -3.31913898  0.33568744 -0.51453873
  0.39157016  0.49499267]
(240,)
(240,)
(210, 210)
(210,)
Box37_1400
       message: Maximum number of function evaluations has been exceeded.
       success: False
        status: 1
           fun: 15207.449405558857
             x: [ 1.346e+00  3.457e-01  3.738e+00 -5.049e+00  3.316e-01
                 -1.950e-01  5.833e-01  2.671e-01]
           nit: 1037
          nfev: 1600
 final_simplex: (array([[ 1.346e+00,  3.457e-01, ...,  5.833e-01,
                         2.671e-01],
                       [ 1.346e+00,  3.457e-01, ...,  5.833e-01,
                         2.672e-01],
                       ...,
                       [ 1.346e+00,  3.457e-01, ...,  5.833e-01,
                         2.672e-01],
                       [ 1.346e+00,  3.457e-01, ...,  5.833e-01,
                         2.673e-01]]), array([ 1.521e+04,  1.521e+04,  1.521e+04,  1.521e+04,
                        1.521e+04,  1.521e+04,  1.521e+04,  1.521e+04,
                        1.521e+04]))
   param_names: ['d0', 'd1', 'e0', 'e1', 'f0', 'f1', 'g0', 'g1']
[ 1.34606301  0.3456557   3.73774404 -5.0490153   0.33155492 -0.19501242
  0.58325853  0.26711197]
(240,)
(240,)
(210, 210)
(210,)
Box38_1400
       message: Optimization terminated successfully.
       success: True
        status: 0
           fun: 89119.65565223616
             x: [ 1.355e+00  6.349e-01  3.972e+00 -4.110e+00  2.169e-01
                 -1.529e-01  5.705e-01  9.599e-01]
           nit: 921
          nfev: 1433
 final_simplex: (array([[ 1.355e+00,  6.349e-01, ...,  5.705e-01,
                         9.599e-01],
                       [ 1.355e+00,  6.349e-01, ...,  5.705e-01,
                         9.599e-01],
                       ...,
                       [ 1.355e+00,  6.349e-01, ...,  5.705e-01,
                         9.599e-01],
                       [ 1.355e+00,  6.349e-01, ...,  5.705e-01,
                         9.599e-01]]), array([ 8.912e+04,  8.912e+04,  8.912e+04,  8.912e+04,
                        8.912e+04,  8.912e+04,  8.912e+04,  8.912e+04,
                        8.912e+04]))
   param_names: ['d0', 'd1', 'e0', 'e1', 'f0', 'f1', 'g0', 'g1']
[ 1.35547522  0.63493551  3.97239517 -4.11041931  0.21685168 -0.15288085
  0.57051344  0.95990192]
(240,)
(240,)
(210, 210)
(210,)
Box39_1400
       message: Maximum number of function evaluations has been exceeded.
       success: False
        status: 1
           fun: 13470.135938585174
             x: [ 1.268e+00  8.850e-01  3.829e+00 -4.563e+00  2.479e-01
                 -1.229e-01  5.601e-01  4.944e-01]
           nit: 1062
          nfev: 1600
 final_simplex: (array([[ 1.268e+00,  8.850e-01, ...,  5.601e-01,
                         4.944e-01],
                       [ 1.268e+00,  8.850e-01, ...,  5.601e-01,
                         4.944e-01],
                       ...,
                       [ 1.268e+00,  8.850e-01, ...,  5.601e-01,
                         4.944e-01],
                       [ 1.268e+00,  8.850e-01, ...,  5.601e-01,
                         4.944e-01]]), array([ 1.347e+04,  1.347e+04,  1.347e+04,  1.347e+04,
                        1.347e+04,  1.347e+04,  1.347e+04,  1.347e+04,
                        1.347e+04]))
   param_names: ['d0', 'd1', 'e0', 'e1', 'f0', 'f1', 'g0', 'g1']
[ 1.2682606   0.88498725  3.828837   -4.56328686  0.24786034 -0.12292318
  0.56006112  0.49439247]
