no change     /home/users/delon/miniconda3/condabin/conda
no change     /home/users/delon/miniconda3/bin/conda
no change     /home/users/delon/miniconda3/bin/conda-env
no change     /home/users/delon/miniconda3/bin/activate
no change     /home/users/delon/miniconda3/bin/deactivate
no change     /home/users/delon/miniconda3/etc/profile.d/conda.sh
no change     /home/users/delon/miniconda3/etc/fish/conf.d/conda.fish
no change     /home/users/delon/miniconda3/shell/condabin/Conda.psm1
no change     /home/users/delon/miniconda3/shell/condabin/conda-hook.ps1
no change     /home/users/delon/miniconda3/lib/python3.10/site-packages/xontrib/conda.xsh
no change     /home/users/delon/miniconda3/etc/profile.d/conda.csh
no change     /home/users/delon/.bashrc
No action taken.
0.25 0 15
2967739 15
2967739 2967739
15 (15, 512) (15, 15)
0.302679 0 15
5201181 15
5201181 5201181
15 (15, 512) (15, 15)
0.366459 0 15
7392702 15
7392702 7392702
15 (15, 512) (15, 15)
0.403224 0 15
8319263 15
8319263 8319263
15 (15, 512) (15, 15)
0.488191 0 15
9688233 15
9688233 9688233
15 (15, 512) (15, 15)
0.512095 0 15
9927947 15
9927947 9927947
15 (15, 512) (15, 15)
0.537169 0 15
10123246 15
10123246 10123246
15 (15, 512) (15, 15)
0.563471 0 15
10283618 15
10283618 10283618
15 (15, 512) (15, 15)
0.591061 0 15
10411787 15
10411787 10411787
15 (15, 512) (15, 15)
0.620002 0 15
10503098 15
10503098 10503098
15 (15, 512) (15, 15)
0.65036 0 15
10566899 15
10566899 10566899
15 (15, 512) (15, 15)
0.715608 0 15
10613874 15
10613874 10613874
15 (15, 512) (15, 15)
0.787402 0 15
10581135 15
10581135 10581135
15 (15, 512) (15, 15)
0.866399 0 15
10483825 15
10483825 10483825
15 (15, 512) (15, 15)
0.953321 0 15
10343538 15
10343538 10343538
15 (15, 512) (15, 15)
1.0 0 15
10263253 15
10263253 10263253
15 (15, 512) (15, 15)
0.25 0 15
3269488 15
3269488 3269488
15 (15, 512) (15, 15)
0.302679 0 15
5638798 15
5638798 5638798
15 (15, 512) (15, 15)
0.366459 0 15
7955708 15
7955708 7955708
15 (15, 512) (15, 15)
0.403224 0 15
8940731 15
8940731 8940731
15 (15, 512) (15, 15)
0.488191 0 15
10394955 15
10394955 10394955
15 (15, 512) (15, 15)
0.512095 0 15
10646708 15
10646708 10646708
15 (15, 512) (15, 15)
0.537169 0 15
10850895 15
10850895 10850895
15 (15, 512) (15, 15)
0.563471 0 15
11019239 15
11019239 11019239
15 (15, 512) (15, 15)
0.591061 0 15
11145599 15
11145599 11145599
15 (15, 512) (15, 15)
0.620002 0 15
11233713 15
11233713 11233713
15 (15, 512) (15, 15)
0.65036 0 15
11290158 15
11290158 11290158
15 (15, 512) (15, 15)
0.715608 0 15
11312812 15
11312812 11312812
15 (15, 512) (15, 15)
0.787402 0 15
11242568 15
11242568 11242568
15 (15, 512) (15, 15)
0.866399 0 15
11102009 15
11102009 11102009
15 (15, 512) (15, 15)
0.953321 0 15
10920612 15
10920612 10920612
15 (15, 512) (15, 15)
1.0 0 15
10823221 15
10823221 10823221
15 (15, 512) (15, 15)
0.25 0 15
2123774 15
2123774 2123774
15 (15, 512) (15, 15)
0.302679 0 15
4168000 15
4168000 4168000
15 (15, 512) (15, 15)
0.366459 0 15
6444383 15
6444383 6444383
15 (15, 512) (15, 15)
0.403224 0 15
7501252 15
7501252 7501252
15 (15, 512) (15, 15)
0.488191 0 15
9225188 15
9225188 9225188
15 (15, 512) (15, 15)
0.512095 0 15
9556252 15
9556252 9556252
15 (15, 512) (15, 15)
0.537169 0 15
9852593 15
9852593 9852593
15 (15, 512) (15, 15)
0.563471 0 15
10108399 15
10108399 10108399
15 (15, 512) (15, 15)
0.591061 0 15
10327435 15
10327435 10327435
15 (15, 512) (15, 15)
0.620002 0 15
10508166 15
10508166 10508166
15 (15, 512) (15, 15)
0.65036 0 15
10657124 15
10657124 10657124
15 (15, 512) (15, 15)
0.715608 0 15
10861685 15
10861685 10861685
15 (15, 512) (15, 15)
0.787402 0 15
10963057 15
10963057 10963057
15 (15, 512) (15, 15)
0.866399 0 15
10985056 15
10985056 10985056
15 (15, 512) (15, 15)
0.953321 0 15
10943073 15
10943073 10943073
15 (15, 512) (15, 15)
1.0 0 15
10907599 15
10907599 10907599
15 (15, 512) (15, 15)
