prev {'d': 0.48910423944188697, 'e': 1.110870745238575, 'f': 2.318076766134449, 'g': 1.2903892696778598}
Starting ML Fit
Box_n50_13_1400
       message: Optimization terminated successfully.
       success: True
        status: 0
           fun: 7106.61586138883
             x: [ 4.764e-01  1.109e+00  2.319e+00  1.291e+00]
           nit: 95
          nfev: 168
 final_simplex: (array([[ 4.764e-01,  1.109e+00,  2.319e+00,  1.291e+00],
                       [ 4.764e-01,  1.109e+00,  2.319e+00,  1.291e+00],
                       ...,
                       [ 4.764e-01,  1.109e+00,  2.319e+00,  1.291e+00],
                       [ 4.764e-01,  1.109e+00,  2.319e+00,  1.291e+00]]), array([ 7.107e+03,  7.107e+03,  7.107e+03,  7.107e+03,
                        7.107e+03]))
   param_names: ['d', 'e', 'f', 'g']
[0.47636867 1.10910537 2.31916978 1.29072761]
{'d': 0.4763686737622149, 'e': 1.1091053689902655, 'f': 2.31916978236241, 'g': 1.290727612346569}
Previous:  {'d': 0.48910423944188697, 'e': 1.110870745238575, 'f': 2.318076766134449, 'g': 1.2903892696778598}
