alist [1.0, 0.953321, 0.866399, 0.787402, 0.715608, 0.65036, 0.620002, 0.591061, 0.563471, 0.537169, 0.512095, 0.488191, 0.403224, 0.366459]
Leaving out Box39_1400
Iter 1/200 - Loss: 2.7219
Iter 2/200 - Loss: 2.2930
Iter 3/200 - Loss: 1.9757
Iter 4/200 - Loss: 1.7439
Iter 5/200 - Loss: 1.5737
Iter 6/200 - Loss: 1.4487
Iter 7/200 - Loss: 1.3569
Iter 8/200 - Loss: 1.2881
Iter 9/200 - Loss: 1.2345
Iter 10/200 - Loss: 1.1899
Iter 11/200 - Loss: 1.1502
Iter 12/200 - Loss: 1.1128
Iter 13/200 - Loss: 1.0761
Iter 14/200 - Loss: 1.0392
Iter 15/200 - Loss: 1.0016
Iter 16/200 - Loss: 0.9632
Iter 17/200 - Loss: 0.9238
Iter 18/200 - Loss: 0.8835
Iter 19/200 - Loss: 0.8423
Iter 20/200 - Loss: 0.8002
Iter 21/200 - Loss: 0.7573
Iter 22/200 - Loss: 0.7136
Iter 23/200 - Loss: 0.6692
Iter 24/200 - Loss: 0.6241
Iter 25/200 - Loss: 0.5784
Iter 26/200 - Loss: 0.5321
Iter 27/200 - Loss: 0.4853
Iter 28/200 - Loss: 0.4380
Iter 29/200 - Loss: 0.3903
Iter 30/200 - Loss: 0.3421
Iter 31/200 - Loss: 0.2935
Iter 32/200 - Loss: 0.2445
Iter 33/200 - Loss: 0.1952
Iter 34/200 - Loss: 0.1455
Iter 35/200 - Loss: 0.0956
Iter 36/200 - Loss: 0.0454
Iter 37/200 - Loss: -0.0050
Iter 38/200 - Loss: -0.0556
Iter 39/200 - Loss: -0.1063
Iter 40/200 - Loss: -0.1571
Iter 41/200 - Loss: -0.2080
Iter 42/200 - Loss: -0.2588
Iter 43/200 - Loss: -0.3096
Iter 44/200 - Loss: -0.3603
Iter 45/200 - Loss: -0.4108
Iter 46/200 - Loss: -0.4612
Iter 47/200 - Loss: -0.5113
Iter 48/200 - Loss: -0.5611
Iter 49/200 - Loss: -0.6107
Iter 50/200 - Loss: -0.6599
Iter 51/200 - Loss: -0.7088
Iter 52/200 - Loss: -0.7573
Iter 53/200 - Loss: -0.8054
Iter 54/200 - Loss: -0.8530
Iter 55/200 - Loss: -0.9000
Iter 56/200 - Loss: -0.9464
Iter 57/200 - Loss: -0.9922
Iter 58/200 - Loss: -1.0373
Iter 59/200 - Loss: -1.0817
Iter 60/200 - Loss: -1.1255
Iter 61/200 - Loss: -1.1685
Iter 62/200 - Loss: -1.2107
Iter 63/200 - Loss: -1.2521
Iter 64/200 - Loss: -1.2926
Iter 65/200 - Loss: -1.3322
Iter 66/200 - Loss: -1.3710
Iter 67/200 - Loss: -1.4088
Iter 68/200 - Loss: -1.4458
Iter 69/200 - Loss: -1.4818
Iter 70/200 - Loss: -1.5170
Iter 71/200 - Loss: -1.5513
Iter 72/200 - Loss: -1.5848
Iter 73/200 - Loss: -1.6174
Iter 74/200 - Loss: -1.6493
Iter 75/200 - Loss: -1.6805
Iter 76/200 - Loss: -1.7110
Iter 77/200 - Loss: -1.7410
Iter 78/200 - Loss: -1.7704
Iter 79/200 - Loss: -1.7993
Iter 80/200 - Loss: -1.8278
Iter 81/200 - Loss: -1.8559
Iter 82/200 - Loss: -1.8837
Iter 83/200 - Loss: -1.9112
Iter 84/200 - Loss: -1.9383
Iter 85/200 - Loss: -1.9653
Iter 86/200 - Loss: -1.9919
Iter 87/200 - Loss: -2.0182
Iter 88/200 - Loss: -2.0443
Iter 89/200 - Loss: -2.0700
Iter 90/200 - Loss: -2.0954
Iter 91/200 - Loss: -2.1206
Iter 92/200 - Loss: -2.1452
Iter 93/200 - Loss: -2.1695
Iter 94/200 - Loss: -2.1935
Iter 95/200 - Loss: -2.2171
Iter 96/200 - Loss: -2.2401
Iter 97/200 - Loss: -2.2628
Iter 98/200 - Loss: -2.2849
Iter 99/200 - Loss: -2.3065
Iter 100/200 - Loss: -2.3275
Iter 101/200 - Loss: -2.3479
Iter 102/200 - Loss: -2.3675
Iter 103/200 - Loss: -2.3862
Iter 104/200 - Loss: -2.4044
Iter 105/200 - Loss: -2.4221
Iter 106/200 - Loss: -2.4394
Iter 107/200 - Loss: -2.4587
Iter 108/200 - Loss: -2.4738
Iter 109/200 - Loss: -2.4904
Iter 110/200 - Loss: -2.5065
Iter 111/200 - Loss: -2.5212
Iter 112/200 - Loss: -2.5372
Iter 113/200 - Loss: -2.5513
Iter 114/200 - Loss: -2.5645
Iter 115/200 - Loss: -2.5777
Iter 116/200 - Loss: -2.5908
Iter 117/200 - Loss: -2.6006
Iter 118/200 - Loss: -2.6114
Iter 119/200 - Loss: -2.6195
Iter 120/200 - Loss: -2.6272
Iter 121/200 - Loss: -2.6350
Iter 122/200 - Loss: -2.6404
Iter 123/200 - Loss: -2.6451
Iter 124/200 - Loss: -2.6505
Iter 125/200 - Loss: -2.6567
Iter 126/200 - Loss: -2.6664
Iter 127/200 - Loss: -2.6638
Iter 128/200 - Loss: -2.6730
Iter 129/200 - Loss: -2.6749
Iter 130/200 - Loss: -2.6871
Iter 131/200 - Loss: -2.6844
Iter 132/200 - Loss: -2.7014
Iter 133/200 - Loss: -2.6982
Iter 134/200 - Loss: -2.7069
Iter 135/200 - Loss: -2.7061
Iter 136/200 - Loss: -2.7158
Iter 137/200 - Loss: -2.7181
Iter 138/200 - Loss: -2.7257
Iter 139/200 - Loss: -2.7279
Iter 140/200 - Loss: -2.7346
Iter 141/200 - Loss: -2.7371
Iter 142/200 - Loss: -2.7422
Iter 143/200 - Loss: -2.7465
Iter 144/200 - Loss: -2.7484
Iter 145/200 - Loss: -2.7517
Iter 146/200 - Loss: -2.7537
Iter 147/200 - Loss: -2.7575
Iter 148/200 - Loss: -2.7600
Iter 149/200 - Loss: -2.7625
Iter 150/200 - Loss: -2.7665
Iter 151/200 - Loss: -2.7672
Iter 152/200 - Loss: -2.7705
Iter 153/200 - Loss: -2.7713
Iter 154/200 - Loss: -2.7740
Iter 155/200 - Loss: -2.7752
Iter 156/200 - Loss: -2.7777
Iter 157/200 - Loss: -2.7798
Iter 158/200 - Loss: -2.7812
Iter 159/200 - Loss: -2.7832
Iter 160/200 - Loss: -2.7840
Iter 161/200 - Loss: -2.7858
Iter 162/200 - Loss: -2.7873
Iter 163/200 - Loss: -2.7891
Iter 164/200 - Loss: -2.7901
Iter 165/200 - Loss: -2.7916
Iter 166/200 - Loss: -2.7927
Iter 167/200 - Loss: -2.7935
Iter 168/200 - Loss: -2.7942
Iter 169/200 - Loss: -2.7942
Iter 170/200 - Loss: -2.7952
Iter 171/200 - Loss: -2.7962
Iter 172/200 - Loss: -2.7967
Iter 173/200 - Loss: -2.7989
Iter 174/200 - Loss: -2.8000
Iter 175/200 - Loss: -2.7999
Iter 176/200 - Loss: -2.8014
Iter 177/200 - Loss: -2.8007
Iter 178/200 - Loss: -2.8002
Iter 179/200 - Loss: -2.8010
Iter 180/200 - Loss: -2.7982
Iter 181/200 - Loss: -2.7975
Iter 182/200 - Loss: -2.8032
Iter 183/200 - Loss: -2.8068
Iter 184/200 - Loss: -2.8056
Iter 185/200 - Loss: -2.8051
Iter 186/200 - Loss: -2.8061
Iter 187/200 - Loss: -2.8096
Iter 188/200 - Loss: -2.8098
Iter 189/200 - Loss: -2.8089
Iter 190/200 - Loss: -2.8114
Iter 191/200 - Loss: -2.8131
Iter 192/200 - Loss: -2.8119
Iter 193/200 - Loss: -2.8126
Iter 194/200 - Loss: -2.8134
Iter 195/200 - Loss: -2.8152
Iter 196/200 - Loss: -2.8155
Iter 197/200 - Loss: -2.8151
Iter 198/200 - Loss: -2.8148
Iter 199/200 - Loss: -2.8122
Iter 200/200 - Loss: -2.8086
{'d': 0.41700673, 'e': 1.1033235, 'f': 2.3406982, 'g': 1.2524452}
{'d': 0.4252112, 'e': 1.1217518, 'f': 2.3404832, 'g': 1.2580093}
{'d': 0.44406402, 'e': 1.1551791, 'f': 2.339427, 'g': 1.2704489}
{'d': 0.4493388, 'e': 1.1617194, 'f': 2.3390012, 'g': 1.2737408}
{'d': 0.4548626, 'e': 1.168093, 'f': 2.3384814, 'g': 1.2770425}
{'d': 0.46063766, 'e': 1.1731158, 'f': 2.3378794, 'g': 1.2803265}
{'d': 0.46667674, 'e': 1.1768593, 'f': 2.3371823, 'g': 1.2835461}
{'d': 0.4729826, 'e': 1.1795915, 'f': 2.3363876, 'g': 1.2866514}
{'d': 0.47956863, 'e': 1.1811965, 'f': 2.3354805, 'g': 1.2895808}
{'d': 0.49357736, 'e': 1.1800642, 'f': 2.3333454, 'g': 1.2946882}
{'d': 0.50870764, 'e': 1.1763449, 'f': 2.3307583, 'g': 1.2983605}
{'d': 0.5248917, 'e': 1.1728575, 'f': 2.327754, 'g': 1.3001577}
{'d': 0.5419766, 'e': 1.1745888, 'f': 2.3244226, 'g': 1.2997864}
{'d': 0.55078375, 'e': 1.1791998, 'f': 2.3226757, 'g': 1.2987602}
