prev {'d': 0.4554726822796628, 'e': 0.9939402229217351, 'f': 2.3390594870945343, 'g': 1.2960106710260464}
Starting ML Fit
Box_n50_16_1400
       message: Optimization terminated successfully.
       success: True
        status: 0
           fun: 4290.86758065303
             x: [ 4.536e-01  9.898e-01  2.339e+00  1.297e+00]
           nit: 84
          nfev: 151
 final_simplex: (array([[ 4.536e-01,  9.898e-01,  2.339e+00,  1.297e+00],
                       [ 4.536e-01,  9.898e-01,  2.339e+00,  1.297e+00],
                       ...,
                       [ 4.536e-01,  9.898e-01,  2.339e+00,  1.297e+00],
                       [ 4.536e-01,  9.898e-01,  2.339e+00,  1.297e+00]]), array([ 4.291e+03,  4.291e+03,  4.291e+03,  4.291e+03,
                        4.291e+03]))
   param_names: ['d', 'e', 'f', 'g']
[0.45361866 0.98981949 2.33872435 1.2965652 ]
{'d': 0.45361866366854, 'e': 0.9898194886537013, 'f': 2.3387243478159205, 'g': 1.2965652010050686}
Previous:  {'d': 0.4554726822796628, 'e': 0.9939402229217351, 'f': 2.3390594870945343, 'g': 1.2960106710260464}
