prev {'d': 0.4943743218609371, 'e': 1.3249189385242097, 'f': 2.3195579488301483, 'g': 1.2751588409243881}
Starting ML Fit
Box_n50_43_1400
       message: Optimization terminated successfully.
       success: True
        status: 0
           fun: 7255.028174205001
             x: [ 4.836e-01  1.351e+00  2.315e+00  1.275e+00]
           nit: 100
          nfev: 177
 final_simplex: (array([[ 4.836e-01,  1.351e+00,  2.315e+00,  1.275e+00],
                       [ 4.836e-01,  1.351e+00,  2.315e+00,  1.275e+00],
                       ...,
                       [ 4.836e-01,  1.351e+00,  2.315e+00,  1.275e+00],
                       [ 4.836e-01,  1.351e+00,  2.315e+00,  1.275e+00]]), array([ 7.255e+03,  7.255e+03,  7.255e+03,  7.255e+03,
                        7.255e+03]))
   param_names: ['d', 'e', 'f', 'g']
[0.48355346 1.35077576 2.31504533 1.2747123 ]
{'d': 0.48355345644698455, 'e': 1.3507757593206056, 'f': 2.3150453298633566, 'g': 1.2747123036819517}
Previous:  {'d': 0.4943743218609371, 'e': 1.3249189385242097, 'f': 2.3195579488301483, 'g': 1.2751588409243881}
