prev {'d': 0.48274989334710916, 'e': 1.5467753251536205, 'f': 2.2913061122290004, 'g': 1.2342384863075586}
Starting ML Fit
Box_n50_20_1400
       message: Optimization terminated successfully.
       success: True
        status: 0
           fun: 4366.78202780075
             x: [ 4.783e-01  1.560e+00  2.289e+00  1.233e+00]
           nit: 77
          nfev: 139
 final_simplex: (array([[ 4.783e-01,  1.560e+00,  2.289e+00,  1.233e+00],
                       [ 4.783e-01,  1.560e+00,  2.289e+00,  1.233e+00],
                       ...,
                       [ 4.783e-01,  1.560e+00,  2.289e+00,  1.233e+00],
                       [ 4.783e-01,  1.560e+00,  2.289e+00,  1.233e+00]]), array([ 4.367e+03,  4.367e+03,  4.367e+03,  4.367e+03,
                        4.367e+03]))
   param_names: ['d', 'e', 'f', 'g']
[0.47828516 1.55957768 2.28922979 1.2329344 ]
{'d': 0.47828516165320467, 'e': 1.559577683190813, 'f': 2.2892297859624917, 'g': 1.2329343998298128}
Previous:  {'d': 0.48274989334710916, 'e': 1.5467753251536205, 'f': 2.2913061122290004, 'g': 1.2342384863075586}
