prev {'d': 0.45019343941260276, 'e': 1.0965190004335161, 'f': 2.329740649830546, 'g': 1.2750172940508464}
Starting ML Fit
Box76_1400
       message: Optimization terminated successfully.
       success: True
        status: 0
           fun: 12840.364788510824
             x: [ 4.707e-01  1.122e+00  2.325e+00  1.280e+00]
           nit: 102
          nfev: 180
 final_simplex: (array([[ 4.707e-01,  1.122e+00,  2.325e+00,  1.280e+00],
                       [ 4.707e-01,  1.122e+00,  2.325e+00,  1.280e+00],
                       ...,
                       [ 4.707e-01,  1.122e+00,  2.325e+00,  1.280e+00],
                       [ 4.707e-01,  1.122e+00,  2.325e+00,  1.280e+00]]), array([ 1.284e+04,  1.284e+04,  1.284e+04,  1.284e+04,
                        1.284e+04]))
   param_names: ['d', 'e', 'f', 'g']
[0.47071998 1.12204373 2.32473392 1.28016131]
{'d': 0.4707199784600131, 'e': 1.1220437318005136, 'f': 2.32473391523046, 'g': 1.280161311472901}
Previous:  {'d': 0.45019343941260276, 'e': 1.0965190004335161, 'f': 2.329740649830546, 'g': 1.2750172940508464}
