prev {'d': 0.4298202103704478, 'e': 1.1285121647748908, 'f': 2.306455361104275, 'g': 1.2370373349157529}
Starting ML Fit
Box15_1400
       message: Optimization terminated successfully.
       success: True
        status: 0
           fun: 6927.684448234235
             x: [ 4.243e-01  1.118e+00  2.307e+00  1.237e+00]
           nit: 79
          nfev: 143
 final_simplex: (array([[ 4.243e-01,  1.118e+00,  2.307e+00,  1.237e+00],
                       [ 4.243e-01,  1.118e+00,  2.307e+00,  1.237e+00],
                       ...,
                       [ 4.243e-01,  1.118e+00,  2.307e+00,  1.237e+00],
                       [ 4.243e-01,  1.118e+00,  2.307e+00,  1.237e+00]]), array([ 6.928e+03,  6.928e+03,  6.928e+03,  6.928e+03,
                        6.928e+03]))
   param_names: ['d', 'e', 'f', 'g']
[0.42431493 1.1179751  2.30653354 1.23655525]
{'d': 0.4243149302767547, 'e': 1.1179751027421558, 'f': 2.306533542611958, 'g': 1.2365552461102287}
Previous:  {'d': 0.4298202103704478, 'e': 1.1285121647748908, 'f': 2.306455361104275, 'g': 1.2370373349157529}
