prev {'d': 0.40759936348780035, 'e': 0.9665688980906835, 'f': 2.341125359608628, 'g': 1.2698128677390697}
Starting ML Fit
Box15_1400
       message: Optimization terminated successfully.
       success: True
        status: 0
           fun: 1977.1109424244298
             x: [ 4.254e-01  9.652e-01  2.341e+00  1.259e+00]
           nit: 121
          nfev: 210
 final_simplex: (array([[ 4.254e-01,  9.652e-01,  2.341e+00,  1.259e+00],
                       [ 4.254e-01,  9.652e-01,  2.341e+00,  1.259e+00],
                       ...,
                       [ 4.254e-01,  9.652e-01,  2.341e+00,  1.259e+00],
                       [ 4.254e-01,  9.652e-01,  2.341e+00,  1.259e+00]]), array([ 1.977e+03,  1.977e+03,  1.977e+03,  1.977e+03,
                        1.977e+03]))
   param_names: ['d', 'e', 'f', 'g']
[0.42540989 0.96515807 2.34109526 1.25926495]
{'d': 0.4254098887512765, 'e': 0.9651580689226607, 'f': 2.341095258125271, 'g': 1.2592649488628997}
Previous:  {'d': 0.40759936348780035, 'e': 0.9665688980906835, 'f': 2.341125359608628, 'g': 1.2698128677390697}
