prev {'d': 0.40540521147931596, 'e': 0.6523289585967926, 'f': 2.343687870792669, 'g': 1.2572233404486548}
Starting ML Fit
Box82_1400
       message: Optimization terminated successfully.
       success: True
        status: 0
           fun: 5017.310898556965
             x: [ 3.993e-01  6.119e-01  2.344e+00  1.256e+00]
           nit: 102
          nfev: 184
 final_simplex: (array([[ 3.993e-01,  6.119e-01,  2.344e+00,  1.256e+00],
                       [ 3.993e-01,  6.120e-01,  2.344e+00,  1.256e+00],
                       ...,
                       [ 3.993e-01,  6.120e-01,  2.344e+00,  1.256e+00],
                       [ 3.993e-01,  6.119e-01,  2.344e+00,  1.256e+00]]), array([ 5.017e+03,  5.017e+03,  5.017e+03,  5.017e+03,
                        5.017e+03]))
   param_names: ['d', 'e', 'f', 'g']
[0.39931732 0.61194735 2.34387106 1.2560757 ]
{'d': 0.39931732495567, 'e': 0.6119473451261174, 'f': 2.3438710575008717, 'g': 1.2560756956059076}
Previous:  {'d': 0.40540521147931596, 'e': 0.6523289585967926, 'f': 2.343687870792669, 'g': 1.2572233404486548}
