prev {'d': 0.4450498933698508, 'e': 0.9446601752236835, 'f': 2.344256827107869, 'g': 1.3019839203153518}
Starting ML Fit
Box80_1400
       message: Optimization terminated successfully.
       success: True
        status: 0
           fun: 6339.6784442166245
             x: [ 4.455e-01  9.381e-01  2.344e+00  1.304e+00]
           nit: 82
          nfev: 150
 final_simplex: (array([[ 4.455e-01,  9.381e-01,  2.344e+00,  1.304e+00],
                       [ 4.455e-01,  9.381e-01,  2.344e+00,  1.304e+00],
                       ...,
                       [ 4.455e-01,  9.381e-01,  2.344e+00,  1.304e+00],
                       [ 4.455e-01,  9.382e-01,  2.344e+00,  1.304e+00]]), array([ 6.340e+03,  6.340e+03,  6.340e+03,  6.340e+03,
                        6.340e+03]))
   param_names: ['d', 'e', 'f', 'g']
[0.44548707 0.93812534 2.34372421 1.30382092]
{'d': 0.44548707297516743, 'e': 0.9381253399484291, 'f': 2.3437242112415895, 'g': 1.3038209190039027}
Previous:  {'d': 0.4450498933698508, 'e': 0.9446601752236835, 'f': 2.344256827107869, 'g': 1.3019839203153518}
