prev {'d': 0.4488200723348049, 'e': 1.016621821428091, 'f': 2.306088838418299, 'g': 1.3004495929667599}
Starting ML Fit
Box77_1400
       message: Optimization terminated successfully.
       success: True
        status: 0
           fun: 5521.129022097975
             x: [ 4.477e-01  1.056e+00  2.299e+00  1.296e+00]
           nit: 87
          nfev: 162
 final_simplex: (array([[ 4.477e-01,  1.056e+00,  2.299e+00,  1.296e+00],
                       [ 4.477e-01,  1.056e+00,  2.299e+00,  1.296e+00],
                       ...,
                       [ 4.477e-01,  1.056e+00,  2.299e+00,  1.296e+00],
                       [ 4.477e-01,  1.056e+00,  2.299e+00,  1.296e+00]]), array([ 5.521e+03,  5.521e+03,  5.521e+03,  5.521e+03,
                        5.521e+03]))
   param_names: ['d', 'e', 'f', 'g']
[0.4476993  1.05574648 2.29891288 1.29618394]
{'d': 0.44769930242144296, 'e': 1.05574648360732, 'f': 2.2989128756176447, 'g': 1.2961839353908862}
Previous:  {'d': 0.4488200723348049, 'e': 1.016621821428091, 'f': 2.306088838418299, 'g': 1.3004495929667599}
