prev {'d': 0.45604323608749764, 'e': 0.8887547743082209, 'f': 2.364572224797393, 'g': 1.313219800813647}
Starting ML Fit
Box_n50_16_1400
       message: Optimization terminated successfully.
       success: True
        status: 0
           fun: 3934.219284610551
             x: [ 4.472e-01  8.527e-01  2.365e+00  1.313e+00]
           nit: 100
          nfev: 177
 final_simplex: (array([[ 4.472e-01,  8.527e-01,  2.365e+00,  1.313e+00],
                       [ 4.472e-01,  8.527e-01,  2.365e+00,  1.313e+00],
                       ...,
                       [ 4.472e-01,  8.527e-01,  2.365e+00,  1.313e+00],
                       [ 4.472e-01,  8.527e-01,  2.365e+00,  1.313e+00]]), array([ 3.934e+03,  3.934e+03,  3.934e+03,  3.934e+03,
                        3.934e+03]))
   param_names: ['d', 'e', 'f', 'g']
[0.447226   0.85272385 2.36467353 1.31279277]
{'d': 0.44722600089980213, 'e': 0.8527238471193097, 'f': 2.364673534961809, 'g': 1.3127927707911877}
Previous:  {'d': 0.45604323608749764, 'e': 0.8887547743082209, 'f': 2.364572224797393, 'g': 1.313219800813647}
