prev {'d': 0.437657389262497, 'e': 1.1327400830275818, 'f': 2.340688727939634, 'g': 1.2536321771583676}
Starting ML Fit
Box40_1400
       message: Optimization terminated successfully.
       success: True
        status: 0
           fun: 9606.014510766105
             x: [ 4.309e-01  1.132e+00  2.341e+00  1.252e+00]
           nit: 80
          nfev: 148
 final_simplex: (array([[ 4.309e-01,  1.132e+00,  2.341e+00,  1.252e+00],
                       [ 4.309e-01,  1.132e+00,  2.341e+00,  1.252e+00],
                       ...,
                       [ 4.309e-01,  1.132e+00,  2.341e+00,  1.252e+00],
                       [ 4.309e-01,  1.132e+00,  2.341e+00,  1.252e+00]]), array([ 9.606e+03,  9.606e+03,  9.606e+03,  9.606e+03,
                        9.606e+03]))
   param_names: ['d', 'e', 'f', 'g']
[0.43088702 1.13223506 2.34059897 1.25179381]
{'d': 0.43088702438725857, 'e': 1.1322350603846738, 'f': 2.3405989668418448, 'g': 1.2517938069996688}
Previous:  {'d': 0.437657389262497, 'e': 1.1327400830275818, 'f': 2.340688727939634, 'g': 1.2536321771583676}
