prev {'d': 0.5038163953615871, 'e': 0.9604888800185716, 'f': 2.3261406149627817, 'g': 1.331986693290234}
Starting ML Fit
Box_n50_34_1400
       message: Optimization terminated successfully.
       success: True
        status: 0
           fun: 9711.220937317861
             x: [ 4.893e-01  9.238e-01  2.327e+00  1.334e+00]
           nit: 94
          nfev: 169
 final_simplex: (array([[ 4.893e-01,  9.238e-01,  2.327e+00,  1.334e+00],
                       [ 4.893e-01,  9.238e-01,  2.327e+00,  1.334e+00],
                       ...,
                       [ 4.893e-01,  9.238e-01,  2.327e+00,  1.334e+00],
                       [ 4.893e-01,  9.238e-01,  2.327e+00,  1.334e+00]]), array([ 9.711e+03,  9.711e+03,  9.711e+03,  9.711e+03,
                        9.711e+03]))
   param_names: ['d', 'e', 'f', 'g']
[0.48933984 0.92377504 2.32663405 1.33370501]
{'d': 0.4893398372151889, 'e': 0.9237750373491317, 'f': 2.3266340493844737, 'g': 1.333705005812726}
Previous:  {'d': 0.5038163953615871, 'e': 0.9604888800185716, 'f': 2.3261406149627817, 'g': 1.331986693290234}
