prev {'d': 0.4255855751606377, 'e': 0.9621016952625133, 'f': 2.3660362252772194, 'g': 1.2780410458291833}
Starting ML Fit
Box60_1400
       message: Optimization terminated successfully.
       success: True
        status: 0
           fun: 5958.560805714685
             x: [ 4.247e-01  9.687e-01  2.364e+00  1.277e+00]
           nit: 90
          nfev: 167
 final_simplex: (array([[ 4.247e-01,  9.687e-01,  2.364e+00,  1.277e+00],
                       [ 4.247e-01,  9.687e-01,  2.364e+00,  1.277e+00],
                       ...,
                       [ 4.247e-01,  9.687e-01,  2.364e+00,  1.277e+00],
                       [ 4.247e-01,  9.687e-01,  2.364e+00,  1.277e+00]]), array([ 5.959e+03,  5.959e+03,  5.959e+03,  5.959e+03,
                        5.959e+03]))
   param_names: ['d', 'e', 'f', 'g']
[0.42468679 0.96869601 2.36428328 1.2772583 ]
{'d': 0.424686793909048, 'e': 0.9686960103533513, 'f': 2.3642832846579402, 'g': 1.2772583016423007}
Previous:  {'d': 0.4255855751606377, 'e': 0.9621016952625133, 'f': 2.3660362252772194, 'g': 1.2780410458291833}
