prev {'d': 0.45947334395956313, 'e': 1.0317111523432234, 'f': 2.3341628714098297, 'g': 1.2956541040780767}
Starting ML Fit
Box0_1400
       message: Optimization terminated successfully.
       success: True
        status: 0
           fun: 9071.224155453652
             x: [ 4.526e-01  1.025e+00  2.333e+00  1.302e+00]
           nit: 110
          nfev: 191
 final_simplex: (array([[ 4.526e-01,  1.025e+00,  2.333e+00,  1.302e+00],
                       [ 4.526e-01,  1.025e+00,  2.333e+00,  1.302e+00],
                       ...,
                       [ 4.526e-01,  1.025e+00,  2.333e+00,  1.302e+00],
                       [ 4.526e-01,  1.025e+00,  2.333e+00,  1.302e+00]]), array([ 9.071e+03,  9.071e+03,  9.071e+03,  9.071e+03,
                        9.071e+03]))
   param_names: ['d', 'e', 'f', 'g']
[0.452624   1.02488837 2.33300991 1.30237283]
{'d': 0.4526240008632211, 'e': 1.0248883699789484, 'f': 2.3330099100474557, 'g': 1.3023728330873148}
Previous:  {'d': 0.45947334395956313, 'e': 1.0317111523432234, 'f': 2.3341628714098297, 'g': 1.2956541040780767}
