prev {'d': 0.4325352488889553, 'e': 0.9555107710398519, 'f': 2.3638343662553636, 'g': 1.3098577425616533}
Starting ML Fit
Box93_1400
       message: Optimization terminated successfully.
       success: True
        status: 0
           fun: 6891.4584819826405
             x: [ 4.152e-01  8.801e-01  2.364e+00  1.308e+00]
           nit: 90
          nfev: 161
 final_simplex: (array([[ 4.152e-01,  8.801e-01,  2.364e+00,  1.308e+00],
                       [ 4.152e-01,  8.801e-01,  2.364e+00,  1.308e+00],
                       ...,
                       [ 4.152e-01,  8.801e-01,  2.364e+00,  1.308e+00],
                       [ 4.152e-01,  8.801e-01,  2.364e+00,  1.308e+00]]), array([ 6.891e+03,  6.891e+03,  6.891e+03,  6.891e+03,
                        6.891e+03]))
   param_names: ['d', 'e', 'f', 'g']
[0.41523381 0.88014387 2.3642239  1.30765668]
{'d': 0.41523380868990095, 'e': 0.8801438722650359, 'f': 2.3642238950421763, 'g': 1.3076566826038898}
Previous:  {'d': 0.4325352488889553, 'e': 0.9555107710398519, 'f': 2.3638343662553636, 'g': 1.3098577425616533}
