prev {'d': 0.4196046190843987, 'e': 0.9698602687229635, 'f': 2.3401937603072285, 'g': 1.2637337905556238}
Starting ML Fit
Box_n50_25_1400
       message: Optimization terminated successfully.
       success: True
        status: 0
           fun: 3767.0335233242026
             x: [ 4.269e-01  9.745e-01  2.339e+00  1.249e+00]
           nit: 157
          nfev: 268
 final_simplex: (array([[ 4.269e-01,  9.745e-01,  2.339e+00,  1.249e+00],
                       [ 4.269e-01,  9.745e-01,  2.339e+00,  1.249e+00],
                       ...,
                       [ 4.269e-01,  9.745e-01,  2.339e+00,  1.249e+00],
                       [ 4.269e-01,  9.745e-01,  2.339e+00,  1.249e+00]]), array([ 3.767e+03,  3.767e+03,  3.767e+03,  3.767e+03,
                        3.767e+03]))
   param_names: ['d', 'e', 'f', 'g']
[0.42693771 0.97448099 2.33896659 1.24909132]
{'d': 0.4269377140635814, 'e': 0.9744809875794767, 'f': 2.3389665926140952, 'g': 1.249091317364722}
Previous:  {'d': 0.4196046190843987, 'e': 0.9698602687229635, 'f': 2.3401937603072285, 'g': 1.2637337905556238}
