prev {'d': 0.4271648481178467, 'e': 0.8571457566670684, 'f': 2.33730008996832, 'g': 1.290982306951764}
Starting ML Fit
Box_n50_21_1400
       message: Optimization terminated successfully.
       success: True
        status: 0
           fun: 6397.014845630186
             x: [ 4.201e-01  8.475e-01  2.339e+00  1.289e+00]
           nit: 79
          nfev: 142
 final_simplex: (array([[ 4.201e-01,  8.475e-01,  2.339e+00,  1.289e+00],
                       [ 4.202e-01,  8.476e-01,  2.339e+00,  1.289e+00],
                       ...,
                       [ 4.201e-01,  8.475e-01,  2.339e+00,  1.289e+00],
                       [ 4.201e-01,  8.475e-01,  2.339e+00,  1.289e+00]]), array([ 6.397e+03,  6.397e+03,  6.397e+03,  6.397e+03,
                        6.397e+03]))
   param_names: ['d', 'e', 'f', 'g']
[0.42014738 0.84751747 2.33873088 1.28885255]
{'d': 0.42014738276581315, 'e': 0.8475174720310841, 'f': 2.3387308766362827, 'g': 1.2888525527107377}
Previous:  {'d': 0.4271648481178467, 'e': 0.8571457566670684, 'f': 2.33730008996832, 'g': 1.290982306951764}
