prev {'d': 0.5392057726853099, 'e': 1.3176722763854705, 'f': 2.3179758561593444, 'g': 1.1850700858548322}
Starting ML Fit
Box59_1400
       message: Optimization terminated successfully.
       success: True
        status: 0
           fun: 9734.617643184565
             x: [ 5.195e-01  1.330e+00  2.315e+00  1.180e+00]
           nit: 92
          nfev: 162
 final_simplex: (array([[ 5.195e-01,  1.330e+00,  2.315e+00,  1.180e+00],
                       [ 5.195e-01,  1.330e+00,  2.315e+00,  1.180e+00],
                       ...,
                       [ 5.195e-01,  1.330e+00,  2.315e+00,  1.180e+00],
                       [ 5.195e-01,  1.330e+00,  2.315e+00,  1.180e+00]]), array([ 9.735e+03,  9.735e+03,  9.735e+03,  9.735e+03,
                        9.735e+03]))
   param_names: ['d', 'e', 'f', 'g']
[0.51946621 1.32960316 2.31527117 1.18010133]
{'d': 0.5194662089266857, 'e': 1.32960315559854, 'f': 2.3152711733201805, 'g': 1.1801013346814289}
Previous:  {'d': 0.5392057726853099, 'e': 1.3176722763854705, 'f': 2.3179758561593444, 'g': 1.1850700858548322}
