prev {'d': 0.4593206619102871, 'e': 1.0800610740714511, 'f': 2.3382719136827608, 'g': 1.3040381001729215}
Starting ML Fit
Box65_1400
       message: Optimization terminated successfully.
       success: True
        status: 0
           fun: 10186.9890067476
             x: [ 4.455e-01  1.107e+00  2.335e+00  1.293e+00]
           nit: 103
          nfev: 176
 final_simplex: (array([[ 4.455e-01,  1.107e+00,  2.335e+00,  1.293e+00],
                       [ 4.455e-01,  1.107e+00,  2.335e+00,  1.293e+00],
                       ...,
                       [ 4.455e-01,  1.107e+00,  2.335e+00,  1.293e+00],
                       [ 4.455e-01,  1.107e+00,  2.335e+00,  1.293e+00]]), array([ 1.019e+04,  1.019e+04,  1.019e+04,  1.019e+04,
                        1.019e+04]))
   param_names: ['d', 'e', 'f', 'g']
[0.44546551 1.1069618  2.33499553 1.29334596]
{'d': 0.4454655083190502, 'e': 1.1069618000525416, 'f': 2.334995526850848, 'g': 1.2933459577475697}
Previous:  {'d': 0.4593206619102871, 'e': 1.0800610740714511, 'f': 2.3382719136827608, 'g': 1.3040381001729215}
