prev {'d': 0.4269377140635814, 'e': 0.9744809875794767, 'f': 2.3389665926140952, 'g': 1.249091317364722}
Starting ML Fit
Box14_1400
       message: Optimization terminated successfully.
       success: True
        status: 0
           fun: 4089.3895048728746
             x: [ 4.293e-01  9.740e-01  2.339e+00  1.262e+00]
           nit: 103
          nfev: 182
 final_simplex: (array([[ 4.293e-01,  9.740e-01,  2.339e+00,  1.262e+00],
                       [ 4.293e-01,  9.740e-01,  2.339e+00,  1.262e+00],
                       ...,
                       [ 4.293e-01,  9.740e-01,  2.339e+00,  1.262e+00],
                       [ 4.293e-01,  9.740e-01,  2.339e+00,  1.262e+00]]), array([ 4.089e+03,  4.089e+03,  4.089e+03,  4.089e+03,
                        4.089e+03]))
   param_names: ['d', 'e', 'f', 'g']
[0.42932064 0.97400722 2.33873073 1.26200053]
{'d': 0.42932064195770553, 'e': 0.9740072236412555, 'f': 2.3387307292403863, 'g': 1.2620005279960123}
Previous:  {'d': 0.4269377140635814, 'e': 0.9744809875794767, 'f': 2.3389665926140952, 'g': 1.249091317364722}
