prev {'d': 0.48794440704926595, 'e': 1.1556669364902916, 'f': 2.2737358888744836, 'g': 1.279914764042637}
Starting ML Fit
Box_n50_44_1400
       message: Optimization terminated successfully.
       success: True
        status: 0
           fun: 22761.872380239558
             x: [ 4.737e-01  1.126e+00  2.274e+00  1.279e+00]
           nit: 99
          nfev: 178
 final_simplex: (array([[ 4.737e-01,  1.126e+00,  2.274e+00,  1.279e+00],
                       [ 4.737e-01,  1.126e+00,  2.274e+00,  1.279e+00],
                       ...,
                       [ 4.737e-01,  1.126e+00,  2.274e+00,  1.279e+00],
                       [ 4.737e-01,  1.126e+00,  2.274e+00,  1.279e+00]]), array([ 2.276e+04,  2.276e+04,  2.276e+04,  2.276e+04,
                        2.276e+04]))
   param_names: ['d', 'e', 'f', 'g']
[0.47367568 1.12579569 2.27390286 1.27909279]
{'d': 0.4736756846020955, 'e': 1.1257956930690698, 'f': 2.2739028590507027, 'g': 1.2790927913789836}
Previous:  {'d': 0.48794440704926595, 'e': 1.1556669364902916, 'f': 2.2737358888744836, 'g': 1.279914764042637}
