prev {'d': 0.5032160351680586, 'e': 0.8796043644168894, 'f': 2.2538500688861887, 'g': 1.3348365587041853}
Starting ML Fit
Box55_1400
       message: Optimization terminated successfully.
       success: True
        status: 0
           fun: 11803.010245726582
             x: [ 4.903e-01  8.722e-01  2.254e+00  1.335e+00]
           nit: 99
          nfev: 177
 final_simplex: (array([[ 4.903e-01,  8.722e-01,  2.254e+00,  1.335e+00],
                       [ 4.903e-01,  8.722e-01,  2.254e+00,  1.335e+00],
                       ...,
                       [ 4.903e-01,  8.722e-01,  2.254e+00,  1.335e+00],
                       [ 4.903e-01,  8.722e-01,  2.254e+00,  1.335e+00]]), array([ 1.180e+04,  1.180e+04,  1.180e+04,  1.180e+04,
                        1.180e+04]))
   param_names: ['d', 'e', 'f', 'g']
[0.49028688 0.87222028 2.25373868 1.33530358]
{'d': 0.49028687728592363, 'e': 0.8722202834102767, 'f': 2.2537386842717897, 'g': 1.3353035831057862}
Previous:  {'d': 0.5032160351680586, 'e': 0.8796043644168894, 'f': 2.2538500688861887, 'g': 1.3348365587041853}
