prev {'d': 0.5515928357083352, 'e': 1.2002489966652907, 'f': 2.337738704648324, 'g': 1.2705937503979203}
Starting ML Fit
Box20_1400
       message: Optimization terminated successfully.
       success: True
        status: 0
           fun: 9693.407849769092
             x: [ 5.223e-01  1.180e+00  2.343e+00  1.229e+00]
           nit: 105
          nfev: 187
 final_simplex: (array([[ 5.223e-01,  1.180e+00,  2.343e+00,  1.229e+00],
                       [ 5.223e-01,  1.180e+00,  2.343e+00,  1.229e+00],
                       ...,
                       [ 5.223e-01,  1.180e+00,  2.343e+00,  1.229e+00],
                       [ 5.223e-01,  1.180e+00,  2.343e+00,  1.229e+00]]), array([ 9.693e+03,  9.693e+03,  9.693e+03,  9.693e+03,
                        9.693e+03]))
   param_names: ['d', 'e', 'f', 'g']
[0.52233855 1.18008104 2.34348926 1.22910159]
{'d': 0.522338545494099, 'e': 1.1800810439438085, 'f': 2.343489258704036, 'g': 1.2291015865876949}
Previous:  {'d': 0.5515928357083352, 'e': 1.2002489966652907, 'f': 2.337738704648324, 'g': 1.2705937503979203}
