prev {'d': 0.5237194548409946, 'e': 0.9113434119134116, 'f': 2.3278589359592496, 'g': 1.3460013721329585}
Starting ML Fit
Box9_1400
       message: Optimization terminated successfully.
       success: True
        status: 0
           fun: 9416.952740895153
             x: [ 5.077e-01  8.539e-01  2.326e+00  1.345e+00]
           nit: 127
          nfev: 213
 final_simplex: (array([[ 5.077e-01,  8.539e-01,  2.326e+00,  1.345e+00],
                       [ 5.077e-01,  8.539e-01,  2.326e+00,  1.345e+00],
                       ...,
                       [ 5.077e-01,  8.539e-01,  2.326e+00,  1.345e+00],
                       [ 5.077e-01,  8.539e-01,  2.326e+00,  1.345e+00]]), array([ 9.417e+03,  9.417e+03,  9.417e+03,  9.417e+03,
                        9.417e+03]))
   param_names: ['d', 'e', 'f', 'g']
[0.50766751 0.85387727 2.32625988 1.3446067 ]
{'d': 0.5076675070180717, 'e': 0.853877270169108, 'f': 2.326259879565546, 'g': 1.3446066993010168}
Previous:  {'d': 0.5237194548409946, 'e': 0.9113434119134116, 'f': 2.3278589359592496, 'g': 1.3460013721329585}
