prev {'d': 0.4622191305463764, 'e': 1.4661144512157853, 'f': 2.276611360136629, 'g': 1.2285656709340764}
Starting ML Fit
Box_n50_20_1400
       message: Optimization terminated successfully.
       success: True
        status: 0
           fun: 4689.983443303764
             x: [ 4.565e-01  1.467e+00  2.277e+00  1.227e+00]
           nit: 82
          nfev: 148
 final_simplex: (array([[ 4.565e-01,  1.467e+00,  2.277e+00,  1.227e+00],
                       [ 4.565e-01,  1.467e+00,  2.277e+00,  1.227e+00],
                       ...,
                       [ 4.565e-01,  1.467e+00,  2.277e+00,  1.227e+00],
                       [ 4.565e-01,  1.467e+00,  2.277e+00,  1.227e+00]]), array([ 4.690e+03,  4.690e+03,  4.690e+03,  4.690e+03,
                        4.690e+03]))
   param_names: ['d', 'e', 'f', 'g']
[0.45649223 1.46717284 2.27683214 1.22676021]
{'d': 0.45649222696056335, 'e': 1.467172837870764, 'f': 2.276832144533816, 'g': 1.2267602068519778}
Previous:  {'d': 0.4622191305463764, 'e': 1.4661144512157853, 'f': 2.276611360136629, 'g': 1.2285656709340764}
