prev {'d': 0.5379985145809377, 'e': 1.0437300890683214, 'f': 2.352736767132284, 'g': 1.306469434945407}
Starting ML Fit
Box39_1400
       message: Optimization terminated successfully.
       success: True
        status: 0
           fun: 8845.851333512139
             x: [ 5.300e-01  1.010e+00  2.353e+00  1.307e+00]
           nit: 91
          nfev: 165
 final_simplex: (array([[ 5.300e-01,  1.010e+00,  2.353e+00,  1.307e+00],
                       [ 5.300e-01,  1.010e+00,  2.353e+00,  1.307e+00],
                       ...,
                       [ 5.300e-01,  1.010e+00,  2.353e+00,  1.307e+00],
                       [ 5.300e-01,  1.010e+00,  2.353e+00,  1.307e+00]]), array([ 8.846e+03,  8.846e+03,  8.846e+03,  8.846e+03,
                        8.846e+03]))
   param_names: ['d', 'e', 'f', 'g']
[0.52996145 1.00962543 2.35268509 1.30682529]
{'d': 0.5299614451590238, 'e': 1.009625434762976, 'f': 2.352685093129947, 'g': 1.3068252919960728}
Previous:  {'d': 0.5379985145809377, 'e': 1.0437300890683214, 'f': 2.352736767132284, 'g': 1.306469434945407}
