prev {'d': 0.45257126802810643, 'e': 1.05445064058185, 'f': 2.331257928483128, 'g': 1.281169998404116}
Starting ML Fit
Box57_1400
       message: Optimization terminated successfully.
       success: True
        status: 0
           fun: 3390.749736539207
             x: [ 4.185e-01  1.062e+00  2.330e+00  1.255e+00]
           nit: 100
          nfev: 174
 final_simplex: (array([[ 4.185e-01,  1.062e+00,  2.330e+00,  1.255e+00],
                       [ 4.185e-01,  1.062e+00,  2.330e+00,  1.255e+00],
                       ...,
                       [ 4.185e-01,  1.062e+00,  2.330e+00,  1.255e+00],
                       [ 4.185e-01,  1.062e+00,  2.330e+00,  1.255e+00]]), array([ 3.391e+03,  3.391e+03,  3.391e+03,  3.391e+03,
                        3.391e+03]))
   param_names: ['d', 'e', 'f', 'g']
[0.41851959 1.06181512 2.32976704 1.25475809]
{'d': 0.4185195924950289, 'e': 1.0618151241858702, 'f': 2.3297670402830124, 'g': 1.2547580890537295}
Previous:  {'d': 0.45257126802810643, 'e': 1.05445064058185, 'f': 2.331257928483128, 'g': 1.281169998404116}
