prev {'d': 0.44882808728340395, 'e': 0.9738395680471243, 'f': 2.3455718733005293, 'g': 1.281995753914419}
Starting ML Fit
Box40_1400
       message: Optimization terminated successfully.
       success: True
        status: 0
           fun: 7462.099241691344
             x: [ 4.295e-01  9.817e-01  2.344e+00  1.261e+00]
           nit: 100
          nfev: 177
 final_simplex: (array([[ 4.295e-01,  9.817e-01,  2.344e+00,  1.261e+00],
                       [ 4.295e-01,  9.817e-01,  2.344e+00,  1.261e+00],
                       ...,
                       [ 4.295e-01,  9.817e-01,  2.344e+00,  1.261e+00],
                       [ 4.295e-01,  9.817e-01,  2.344e+00,  1.261e+00]]), array([ 7.462e+03,  7.462e+03,  7.462e+03,  7.462e+03,
                        7.462e+03]))
   param_names: ['d', 'e', 'f', 'g']
[0.42946258 0.98172673 2.34404495 1.26127687]
{'d': 0.4294625757646735, 'e': 0.9817267256106934, 'f': 2.344044949834764, 'g': 1.2612768666113805}
Previous:  {'d': 0.44882808728340395, 'e': 0.9738395680471243, 'f': 2.3455718733005293, 'g': 1.281995753914419}
