prev {'d': 0.4672250078213393, 'e': 1.0659801485439995, 'f': 2.3284051263220933, 'g': 1.2811972184866376}
Starting ML Fit
Box37_1400
       message: Optimization terminated successfully.
       success: True
        status: 0
           fun: 7085.0135626067295
             x: [ 4.940e-01  1.097e+00  2.325e+00  1.274e+00]
           nit: 112
          nfev: 195
 final_simplex: (array([[ 4.940e-01,  1.097e+00,  2.325e+00,  1.274e+00],
                       [ 4.940e-01,  1.097e+00,  2.325e+00,  1.274e+00],
                       ...,
                       [ 4.940e-01,  1.097e+00,  2.325e+00,  1.274e+00],
                       [ 4.940e-01,  1.097e+00,  2.325e+00,  1.274e+00]]), array([ 7.085e+03,  7.085e+03,  7.085e+03,  7.085e+03,
                        7.085e+03]))
   param_names: ['d', 'e', 'f', 'g']
[0.49395575 1.09728227 2.32461997 1.27442842]
{'d': 0.49395574794090213, 'e': 1.0972822669133266, 'f': 2.324619965322129, 'g': 1.2744284185143961}
Previous:  {'d': 0.4672250078213393, 'e': 1.0659801485439995, 'f': 2.3284051263220933, 'g': 1.2811972184866376}
