prev {'d': 0.534743846221295, 'e': 1.1059481179116604, 'f': 2.327034133904153, 'g': 1.313139311087194}
Starting ML Fit
Box87_1400
       message: Optimization terminated successfully.
       success: True
        status: 0
           fun: 11854.286098266819
             x: [ 5.231e-01  1.075e+00  2.327e+00  1.313e+00]
           nit: 102
          nfev: 183
 final_simplex: (array([[ 5.231e-01,  1.075e+00,  2.327e+00,  1.313e+00],
                       [ 5.231e-01,  1.075e+00,  2.327e+00,  1.313e+00],
                       ...,
                       [ 5.231e-01,  1.075e+00,  2.327e+00,  1.313e+00],
                       [ 5.231e-01,  1.075e+00,  2.327e+00,  1.313e+00]]), array([ 1.185e+04,  1.185e+04,  1.185e+04,  1.185e+04,
                        1.185e+04]))
   param_names: ['d', 'e', 'f', 'g']
[0.52314841 1.07508906 2.3270094  1.31318119]
{'d': 0.5231484062489777, 'e': 1.0750890639967348, 'f': 2.3270094038811044, 'g': 1.313181191019646}
Previous:  {'d': 0.534743846221295, 'e': 1.1059481179116604, 'f': 2.327034133904153, 'g': 1.313139311087194}
