prev {'d': 0.45477448408004073, 'e': 0.971140981478544, 'f': 2.3399683933901994, 'g': 1.2923304711815184}
Starting ML Fit
Box92_1400
       message: Optimization terminated successfully.
       success: True
        status: 0
           fun: 10274.110320011121
             x: [ 4.368e-01  9.889e-01  2.336e+00  1.274e+00]
           nit: 95
          nfev: 163
 final_simplex: (array([[ 4.368e-01,  9.889e-01,  2.336e+00,  1.274e+00],
                       [ 4.368e-01,  9.889e-01,  2.336e+00,  1.274e+00],
                       ...,
                       [ 4.368e-01,  9.888e-01,  2.336e+00,  1.274e+00],
                       [ 4.368e-01,  9.889e-01,  2.336e+00,  1.274e+00]]), array([ 1.027e+04,  1.027e+04,  1.027e+04,  1.027e+04,
                        1.027e+04]))
   param_names: ['d', 'e', 'f', 'g']
[0.4367653  0.98886732 2.33588474 1.27409025]
{'d': 0.43676530232661426, 'e': 0.9888673173979403, 'f': 2.335884744971086, 'g': 1.2740902515561934}
Previous:  {'d': 0.45477448408004073, 'e': 0.971140981478544, 'f': 2.3399683933901994, 'g': 1.2923304711815184}
