
CommandNotFoundError: Your shell has not been properly configured to use 'conda activate'.
To initialize your shell, run

    $ conda init <SHELL_NAME>

Currently supported shells are:
  - bash
  - fish
  - tcsh
  - xonsh
  - zsh
  - powershell

See 'conda init --help' for more information and options.

IMPORTANT: You may need to close and restart your shell after running 'conda init'.


  0%|                                                     | 0/14 [00:00<?, ?it/s]/home/users/delon/aemulusnu_massfunction/utils.py:36: IntegrationWarning: The occurrence of roundoff error is detected, which prevents 
  the requested tolerance from being achieved.  The error may be 
  underestimated.
  res, err = quad(dσ2dk, 0, 20/R, limit=1000)
/home/users/delon/aemulusnu_massfunction/utils.py:60: IntegrationWarning: The occurrence of roundoff error is detected, which prevents 
  the requested tolerance from being achieved.  The error may be 
  underestimated.
  res, err = quad(dσ2dRdk, 0, 20/R, limit=1000)
  7%|███▏                                         | 1/14 [00:15<03:20, 15.44s/it] 14%|██████▍                                      | 2/14 [00:30<03:04, 15.34s/it] 21%|█████████▋                                   | 3/14 [00:46<02:49, 15.38s/it] 29%|████████████▊                                | 4/14 [01:01<02:34, 15.40s/it] 36%|████████████████                             | 5/14 [01:17<02:18, 15.42s/it] 43%|███████████████████▎                         | 6/14 [01:32<02:03, 15.44s/it] 50%|██████████████████████▌                      | 7/14 [01:47<01:48, 15.44s/it] 57%|█████████████████████████▋                   | 8/14 [02:03<01:32, 15.41s/it] 64%|████████████████████████████▉                | 9/14 [02:18<01:17, 15.41s/it] 71%|███████████████████████████████▍            | 10/14 [02:34<01:01, 15.41s/it] 79%|██████████████████████████████████▌         | 11/14 [02:49<00:46, 15.38s/it] 86%|█████████████████████████████████████▋      | 12/14 [03:04<00:30, 15.34s/it] 93%|████████████████████████████████████████▊   | 13/14 [03:19<00:15, 15.19s/it]100%|████████████████████████████████████████████| 14/14 [03:34<00:00, 15.09s/it]100%|████████████████████████████████████████████| 14/14 [03:34<00:00, 15.31s/it]
