prev {'d': 0.42268316567913455, 'e': 0.6113583505164535, 'f': 2.3350840064087572, 'g': 1.3309281481739377}
Starting ML Fit
Box91_1400
       message: Optimization terminated successfully.
       success: True
        status: 0
           fun: 6377.673839707406
             x: [ 4.160e-01  5.835e-01  2.335e+00  1.330e+00]
           nit: 96
          nfev: 169
 final_simplex: (array([[ 4.160e-01,  5.835e-01,  2.335e+00,  1.330e+00],
                       [ 4.160e-01,  5.835e-01,  2.335e+00,  1.330e+00],
                       ...,
                       [ 4.160e-01,  5.835e-01,  2.335e+00,  1.330e+00],
                       [ 4.160e-01,  5.835e-01,  2.335e+00,  1.330e+00]]), array([ 6.378e+03,  6.378e+03,  6.378e+03,  6.378e+03,
                        6.378e+03]))
   param_names: ['d', 'e', 'f', 'g']
[0.41598062 0.58347008 2.3352032  1.33022085]
{'d': 0.41598062351888565, 'e': 0.5834700801351728, 'f': 2.3352032040488937, 'g': 1.3302208536731972}
Previous:  {'d': 0.42268316567913455, 'e': 0.6113583505164535, 'f': 2.3350840064087572, 'g': 1.3309281481739377}
