prev {'d': 0.4218198722032172, 'e': 0.8478622423072497, 'f': 2.3512848616700204, 'g': 1.2793848084921828}
Starting ML Fit
Box_n50_8_1400
       message: Optimization terminated successfully.
       success: True
        status: 0
           fun: 5033.49802057472
             x: [ 4.171e-01  8.328e-01  2.353e+00  1.278e+00]
           nit: 90
          nfev: 164
 final_simplex: (array([[ 4.171e-01,  8.328e-01,  2.353e+00,  1.278e+00],
                       [ 4.171e-01,  8.328e-01,  2.353e+00,  1.278e+00],
                       ...,
                       [ 4.171e-01,  8.328e-01,  2.353e+00,  1.278e+00],
                       [ 4.171e-01,  8.327e-01,  2.353e+00,  1.278e+00]]), array([ 5.033e+03,  5.033e+03,  5.033e+03,  5.033e+03,
                        5.033e+03]))
   param_names: ['d', 'e', 'f', 'g']
[0.41714452 0.83276004 2.3534568  1.2782541 ]
{'d': 0.4171445205989729, 'e': 0.8327600380688589, 'f': 2.3534567950804917, 'g': 1.278254095111922}
Previous:  {'d': 0.4218198722032172, 'e': 0.8478622423072497, 'f': 2.3512848616700204, 'g': 1.2793848084921828}
