prev {'d': 0.5114818060773418, 'e': 0.9721911434908899, 'f': 2.3349703517353575, 'g': 1.309662444511214}
Starting ML Fit
Box97_1400
       message: Optimization terminated successfully.
       success: True
        status: 0
           fun: 6669.912365583759
             x: [ 5.182e-01  8.742e-01  2.334e+00  1.345e+00]
           nit: 110
          nfev: 194
 final_simplex: (array([[ 5.182e-01,  8.742e-01,  2.334e+00,  1.345e+00],
                       [ 5.182e-01,  8.742e-01,  2.334e+00,  1.345e+00],
                       ...,
                       [ 5.182e-01,  8.741e-01,  2.334e+00,  1.345e+00],
                       [ 5.182e-01,  8.742e-01,  2.334e+00,  1.345e+00]]), array([ 6.670e+03,  6.670e+03,  6.670e+03,  6.670e+03,
                        6.670e+03]))
   param_names: ['d', 'e', 'f', 'g']
[0.51815671 0.87419878 2.33404204 1.34493511]
{'d': 0.5181567053952776, 'e': 0.8741987822309791, 'f': 2.334042039855933, 'g': 1.3449351092645818}
Previous:  {'d': 0.5114818060773418, 'e': 0.9721911434908899, 'f': 2.3349703517353575, 'g': 1.309662444511214}
