prev {'d': 0.45130311346667856, 'e': 1.0139327098149344, 'f': 2.3347789570671273, 'g': 1.2973444253208843}
Starting ML Fit
Box67_1400
       message: Optimization terminated successfully.
       success: True
        status: 0
           fun: 2510.655168726327
             x: [ 4.253e-01  1.010e+00  2.337e+00  1.281e+00]
           nit: 115
          nfev: 201
 final_simplex: (array([[ 4.253e-01,  1.010e+00,  2.337e+00,  1.281e+00],
                       [ 4.253e-01,  1.010e+00,  2.337e+00,  1.281e+00],
                       ...,
                       [ 4.253e-01,  1.010e+00,  2.337e+00,  1.281e+00],
                       [ 4.253e-01,  1.010e+00,  2.337e+00,  1.281e+00]]), array([ 2.511e+03,  2.511e+03,  2.511e+03,  2.511e+03,
                        2.511e+03]))
   param_names: ['d', 'e', 'f', 'g']
[0.42529854 1.00972864 2.33704297 1.28127326]
{'d': 0.4252985354468714, 'e': 1.0097286423702143, 'f': 2.337042970131434, 'g': 1.281273256628161}
Previous:  {'d': 0.45130311346667856, 'e': 1.0139327098149344, 'f': 2.3347789570671273, 'g': 1.2973444253208843}
