prev {'d': 0.3634686292337212, 'e': 0.9522856468908185, 'f': 2.345074720302602, 'g': 1.2312639254174442}
Starting ML Fit
Box22_1400
       message: Optimization terminated successfully.
       success: True
        status: 0
           fun: 798.2284946023492
             x: [ 4.037e-01  9.479e-01  2.346e+00  1.210e+00]
           nit: 161
          nfev: 280
 final_simplex: (array([[ 4.037e-01,  9.479e-01,  2.346e+00,  1.210e+00],
                       [ 4.037e-01,  9.480e-01,  2.346e+00,  1.210e+00],
                       ...,
                       [ 4.037e-01,  9.480e-01,  2.346e+00,  1.210e+00],
                       [ 4.037e-01,  9.479e-01,  2.346e+00,  1.210e+00]]), array([ 7.982e+02,  7.982e+02,  7.982e+02,  7.982e+02,
                        7.982e+02]))
   param_names: ['d', 'e', 'f', 'g']
[0.40370532 0.94794707 2.34579988 1.20968489]
{'d': 0.40370532317811264, 'e': 0.9479470692399887, 'f': 2.3457998820159136, 'g': 1.2096848937932703}
Previous:  {'d': 0.3634686292337212, 'e': 0.9522856468908185, 'f': 2.345074720302602, 'g': 1.2312639254174442}
