prev {'d': 0.46012219926534015, 'e': 0.9948902456140769, 'f': 2.3711600134827284, 'g': 1.2989649388242546}
Starting ML Fit
Box66_1400
       message: Optimization terminated successfully.
       success: True
        status: 0
           fun: 8340.576076863339
             x: [ 4.426e-01  1.003e+00  2.371e+00  1.295e+00]
           nit: 125
          nfev: 212
 final_simplex: (array([[ 4.426e-01,  1.003e+00,  2.371e+00,  1.295e+00],
                       [ 4.426e-01,  1.003e+00,  2.371e+00,  1.295e+00],
                       ...,
                       [ 4.426e-01,  1.003e+00,  2.371e+00,  1.295e+00],
                       [ 4.426e-01,  1.003e+00,  2.371e+00,  1.295e+00]]), array([ 8.341e+03,  8.341e+03,  8.341e+03,  8.341e+03,
                        8.341e+03]))
   param_names: ['d', 'e', 'f', 'g']
[0.44255335 1.00275811 2.37092334 1.29501247]
{'d': 0.4425533472249477, 'e': 1.0027581082923251, 'f': 2.3709233418593536, 'g': 1.295012467274523}
Previous:  {'d': 0.46012219926534015, 'e': 0.9948902456140769, 'f': 2.3711600134827284, 'g': 1.2989649388242546}
