prev {'d': 0.507676913551259, 'e': 1.1250623075260728, 'f': 2.325965305824081, 'g': 1.2765499060520202}
Starting ML Fit
Box2_1400
       message: Optimization terminated successfully.
       success: True
        status: 0
           fun: 16538.850739265137
             x: [ 4.923e-01  1.146e+00  2.325e+00  1.272e+00]
           nit: 103
          nfev: 186
 final_simplex: (array([[ 4.923e-01,  1.146e+00,  2.325e+00,  1.272e+00],
                       [ 4.923e-01,  1.146e+00,  2.325e+00,  1.272e+00],
                       ...,
                       [ 4.923e-01,  1.146e+00,  2.325e+00,  1.272e+00],
                       [ 4.923e-01,  1.146e+00,  2.325e+00,  1.272e+00]]), array([ 1.654e+04,  1.654e+04,  1.654e+04,  1.654e+04,
                        1.654e+04]))
   param_names: ['d', 'e', 'f', 'g']
[0.49227827 1.14602586 2.32496047 1.27155774]
{'d': 0.4922782748596395, 'e': 1.1460258595895887, 'f': 2.3249604704401428, 'g': 1.2715577369781603}
Previous:  {'d': 0.507676913551259, 'e': 1.1250623075260728, 'f': 2.325965305824081, 'g': 1.2765499060520202}
