prev {'d': 0.4710771243388657, 'e': 0.9528135017653967, 'f': 2.3462227127687063, 'g': 1.300282172848866}
Starting ML Fit
Box46_1400
       message: Optimization terminated successfully.
       success: True
        status: 0
           fun: 5597.52842377211
             x: [ 4.678e-01  9.704e-01  2.345e+00  1.293e+00]
           nit: 96
          nfev: 171
 final_simplex: (array([[ 4.678e-01,  9.704e-01,  2.345e+00,  1.293e+00],
                       [ 4.678e-01,  9.703e-01,  2.345e+00,  1.293e+00],
                       ...,
                       [ 4.678e-01,  9.703e-01,  2.345e+00,  1.293e+00],
                       [ 4.678e-01,  9.703e-01,  2.345e+00,  1.293e+00]]), array([ 5.598e+03,  5.598e+03,  5.598e+03,  5.598e+03,
                        5.598e+03]))
   param_names: ['d', 'e', 'f', 'g']
[0.46779712 0.97037009 2.34451492 1.29330344]
{'d': 0.46779711686676884, 'e': 0.9703700851385222, 'f': 2.3445149220054495, 'g': 1.2933034394327967}
Previous:  {'d': 0.4710771243388657, 'e': 0.9528135017653967, 'f': 2.3462227127687063, 'g': 1.300282172848866}
