prev {'d': 0.37279831487349124, 'e': 1.1601818726726645, 'f': 2.3650730061197462, 'g': 1.2240555450076114}
Starting ML Fit
Box70_1400
       message: Optimization terminated successfully.
       success: True
        status: 0
           fun: 2398.8732706554274
             x: [ 3.887e-01  1.159e+00  2.365e+00  1.235e+00]
           nit: 114
          nfev: 195
 final_simplex: (array([[ 3.887e-01,  1.159e+00,  2.365e+00,  1.235e+00],
                       [ 3.887e-01,  1.159e+00,  2.365e+00,  1.235e+00],
                       ...,
                       [ 3.887e-01,  1.159e+00,  2.365e+00,  1.235e+00],
                       [ 3.887e-01,  1.159e+00,  2.365e+00,  1.235e+00]]), array([ 2.399e+03,  2.399e+03,  2.399e+03,  2.399e+03,
                        2.399e+03]))
   param_names: ['d', 'e', 'f', 'g']
[0.38871971 1.15908448 2.3651099  1.2354024 ]
{'d': 0.38871971375134806, 'e': 1.1590844818743795, 'f': 2.365109904604518, 'g': 1.235402399984734}
Previous:  {'d': 0.37279831487349124, 'e': 1.1601818726726645, 'f': 2.3650730061197462, 'g': 1.2240555450076114}
