Leaving out Box_n50_3_1400
alist [1.0, 0.953321, 0.866399, 0.787402, 0.715608, 0.65036, 0.620002, 0.591061, 0.563471, 0.537169, 0.512095, 0.488191, 0.403224, 0.366459]
scaling input
scaling output
Iter 1/250 - Loss: 10.1791
Iter 2/250 - Loss: 9.2997
Iter 3/250 - Loss: 8.2697
Iter 4/250 - Loss: 7.3830
Iter 5/250 - Loss: 6.4596
Iter 6/250 - Loss: 5.6296
Iter 7/250 - Loss: 4.8151
Iter 8/250 - Loss: 4.0743
Iter 9/250 - Loss: 3.3951
Iter 10/250 - Loss: 2.8039
Iter 11/250 - Loss: 2.3115
Iter 12/250 - Loss: 1.9164
Iter 13/250 - Loss: 1.6056
Iter 14/250 - Loss: 1.3594
Iter 15/250 - Loss: 1.1595
Iter 16/250 - Loss: 0.9950
Iter 17/250 - Loss: 0.8613
Iter 18/250 - Loss: 0.7582
Iter 19/250 - Loss: 0.6857
Iter 20/250 - Loss: 0.6397
Iter 21/250 - Loss: 0.6109
Iter 22/250 - Loss: 0.5888
Iter 23/250 - Loss: 0.5659
Iter 24/250 - Loss: 0.5385
Iter 25/250 - Loss: 0.5047
Iter 26/250 - Loss: 0.4641
Iter 27/250 - Loss: 0.4172
Iter 28/250 - Loss: 0.3647
Iter 29/250 - Loss: 0.3082
Iter 30/250 - Loss: 0.2489
Iter 31/250 - Loss: 0.1889
Iter 32/250 - Loss: 0.1304
Iter 33/250 - Loss: 0.0758
Iter 34/250 - Loss: 0.0260
Iter 35/250 - Loss: -0.0187
Iter 36/250 - Loss: -0.0590
Iter 37/250 - Loss: -0.0958
Iter 38/250 - Loss: -0.1300
Iter 39/250 - Loss: -0.1624
Iter 40/250 - Loss: -0.1939
Iter 41/250 - Loss: -0.2247
Iter 42/250 - Loss: -0.2550
Iter 43/250 - Loss: -0.2849
Iter 44/250 - Loss: -0.3143
Iter 45/250 - Loss: -0.3428
Iter 46/250 - Loss: -0.3703
Iter 47/250 - Loss: -0.3965
Iter 48/250 - Loss: -0.4211
Iter 49/250 - Loss: -0.4440
Iter 50/250 - Loss: -0.4651
Iter 51/250 - Loss: -0.4843
Iter 52/250 - Loss: -0.5017
Iter 53/250 - Loss: -0.5175
Iter 54/250 - Loss: -0.5318
Iter 55/250 - Loss: -0.5449
Iter 56/250 - Loss: -0.5569
Iter 57/250 - Loss: -0.5684
Iter 58/250 - Loss: -0.5794
Iter 59/250 - Loss: -0.5904
Iter 60/250 - Loss: -0.6018
Iter 61/250 - Loss: -0.6136
Iter 62/250 - Loss: -0.6263
Iter 63/250 - Loss: -0.6394
Iter 64/250 - Loss: -0.6527
Iter 65/250 - Loss: -0.6656
Iter 66/250 - Loss: -0.6775
Iter 67/250 - Loss: -0.6879
Iter 68/250 - Loss: -0.6967
Iter 69/250 - Loss: -0.7038
Iter 70/250 - Loss: -0.7096
Iter 71/250 - Loss: -0.7147
Iter 72/250 - Loss: -0.7198
Iter 73/250 - Loss: -0.7250
Iter 74/250 - Loss: -0.7303
Iter 75/250 - Loss: -0.7353
Iter 76/250 - Loss: -0.7400
Iter 77/250 - Loss: -0.7450
Iter 78/250 - Loss: -0.7505
Iter 79/250 - Loss: -0.7566
Iter 80/250 - Loss: -0.7628
Iter 81/250 - Loss: -0.7685
Iter 82/250 - Loss: -0.7733
Iter 83/250 - Loss: -0.7769
Iter 84/250 - Loss: -0.7798
Iter 85/250 - Loss: -0.7823
Iter 86/250 - Loss: -0.7847
Iter 87/250 - Loss: -0.7874
Iter 88/250 - Loss: -0.7904
Iter 89/250 - Loss: -0.7937
Iter 90/250 - Loss: -0.7969
Iter 91/250 - Loss: -0.7999
Iter 92/250 - Loss: -0.8025
Iter 93/250 - Loss: -0.8049
Iter 94/250 - Loss: -0.8066
Iter 95/250 - Loss: -0.8079
Iter 96/250 - Loss: -0.8093
Iter 97/250 - Loss: -0.8104
Iter 98/250 - Loss: -0.8114
Iter 99/250 - Loss: -0.8127
Iter 100/250 - Loss: -0.8138
Iter 101/250 - Loss: -0.8151
Iter 102/250 - Loss: -0.8163
Iter 103/250 - Loss: -0.8172
Iter 104/250 - Loss: -0.8180
Iter 105/250 - Loss: -0.8186
Iter 106/250 - Loss: -0.8192
Iter 107/250 - Loss: -0.8198
Iter 108/250 - Loss: -0.8205
Iter 109/250 - Loss: -0.8212
Iter 110/250 - Loss: -0.8219
Iter 111/250 - Loss: -0.8226
Iter 112/250 - Loss: -0.8234
Iter 113/250 - Loss: -0.8241
Iter 114/250 - Loss: -0.8247
Iter 115/250 - Loss: -0.8254
Iter 116/250 - Loss: -0.8259
Iter 117/250 - Loss: -0.8264
Iter 118/250 - Loss: -0.8270
Iter 119/250 - Loss: -0.8275
Iter 120/250 - Loss: -0.8280
Iter 121/250 - Loss: -0.8284
Iter 122/250 - Loss: -0.8287
Iter 123/250 - Loss: -0.8291
Iter 124/250 - Loss: -0.8298
Iter 125/250 - Loss: -0.8303
Iter 126/250 - Loss: -0.8306
Iter 127/250 - Loss: -0.8309
Iter 128/250 - Loss: -0.8313
Iter 129/250 - Loss: -0.8318
Iter 130/250 - Loss: -0.8321
Iter 131/250 - Loss: -0.8324
Iter 132/250 - Loss: -0.8328
Iter 133/250 - Loss: -0.8331
Iter 134/250 - Loss: -0.8334
Iter 135/250 - Loss: -0.8337
Iter 136/250 - Loss: -0.8340
Iter 137/250 - Loss: -0.8342
Iter 138/250 - Loss: -0.8345
Iter 139/250 - Loss: -0.8348
Iter 140/250 - Loss: -0.8351
Iter 141/250 - Loss: -0.8353
Iter 142/250 - Loss: -0.8356
Iter 143/250 - Loss: -0.8358
Iter 144/250 - Loss: -0.8360
Iter 145/250 - Loss: -0.8363
Iter 146/250 - Loss: -0.8365
Iter 147/250 - Loss: -0.8367
Iter 148/250 - Loss: -0.8370
Iter 149/250 - Loss: -0.8372
Iter 150/250 - Loss: -0.8374
Iter 151/250 - Loss: -0.8376
Iter 152/250 - Loss: -0.8378
Iter 153/250 - Loss: -0.8380
Iter 154/250 - Loss: -0.8382
Iter 155/250 - Loss: -0.8384
Iter 156/250 - Loss: -0.8386
Iter 157/250 - Loss: -0.8387
Iter 158/250 - Loss: -0.8389
Iter 159/250 - Loss: -0.8391
Iter 160/250 - Loss: -0.8393
Iter 161/250 - Loss: -0.8395
Iter 162/250 - Loss: -0.8396
Iter 163/250 - Loss: -0.8398
Iter 164/250 - Loss: -0.8400
Iter 165/250 - Loss: -0.8401
Iter 166/250 - Loss: -0.8403
Iter 167/250 - Loss: -0.8404
Iter 168/250 - Loss: -0.8405
Iter 169/250 - Loss: -0.8407
Iter 170/250 - Loss: -0.8409
Iter 171/250 - Loss: -0.8410
Iter 172/250 - Loss: -0.8411
Iter 173/250 - Loss: -0.8413
Iter 174/250 - Loss: -0.8414
Iter 175/250 - Loss: -0.8415
Iter 176/250 - Loss: -0.8416
Iter 177/250 - Loss: -0.8417
Iter 178/250 - Loss: -0.8419
Iter 179/250 - Loss: -0.8420
Iter 180/250 - Loss: -0.8421
Iter 181/250 - Loss: -0.8423
Iter 182/250 - Loss: -0.8423
Iter 183/250 - Loss: -0.8425
Iter 184/250 - Loss: -0.8426
Iter 185/250 - Loss: -0.8427
Iter 186/250 - Loss: -0.8428
Iter 187/250 - Loss: -0.8429
Iter 188/250 - Loss: -0.8430
Iter 189/250 - Loss: -0.8431
Iter 190/250 - Loss: -0.8432
Iter 191/250 - Loss: -0.8433
Iter 192/250 - Loss: -0.8434
Iter 193/250 - Loss: -0.8435
Iter 194/250 - Loss: -0.8436
Iter 195/250 - Loss: -0.8437
Iter 196/250 - Loss: -0.8438
Iter 197/250 - Loss: -0.8439
Iter 198/250 - Loss: -0.8440
Iter 199/250 - Loss: -0.8440
Iter 200/250 - Loss: -0.8442
Iter 201/250 - Loss: -0.8443
Iter 202/250 - Loss: -0.8443
Iter 203/250 - Loss: -0.8444
Iter 204/250 - Loss: -0.8445
Iter 205/250 - Loss: -0.8446
Iter 206/250 - Loss: -0.8447
Iter 207/250 - Loss: -0.8448
Iter 208/250 - Loss: -0.8448
Iter 209/250 - Loss: -0.8449
Iter 210/250 - Loss: -0.8450
Iter 211/250 - Loss: -0.8451
Iter 212/250 - Loss: -0.8451
Iter 213/250 - Loss: -0.8452
Iter 214/250 - Loss: -0.8453
Iter 215/250 - Loss: -0.8454
Iter 216/250 - Loss: -0.8454
Iter 217/250 - Loss: -0.8455
Iter 218/250 - Loss: -0.8455
Iter 219/250 - Loss: -0.8456
Iter 220/250 - Loss: -0.8457
Iter 221/250 - Loss: -0.8458
Iter 222/250 - Loss: -0.8458
Iter 223/250 - Loss: -0.8458
Iter 224/250 - Loss: -0.8458
Iter 225/250 - Loss: -0.8458
Iter 226/250 - Loss: -0.8457
Iter 227/250 - Loss: -0.8456
Iter 228/250 - Loss: -0.8457
Iter 229/250 - Loss: -0.8461
Iter 230/250 - Loss: -0.8463
Iter 231/250 - Loss: -0.8462
Iter 232/250 - Loss: -0.8461
Iter 233/250 - Loss: -0.8463
Iter 234/250 - Loss: -0.8465
Iter 235/250 - Loss: -0.8465
Iter 236/250 - Loss: -0.8465
Iter 237/250 - Loss: -0.8466
Iter 238/250 - Loss: -0.8468
Iter 239/250 - Loss: -0.8467
Iter 240/250 - Loss: -0.8467
Iter 241/250 - Loss: -0.8469
Iter 242/250 - Loss: -0.8469
Iter 243/250 - Loss: -0.8470
Iter 244/250 - Loss: -0.8470
Iter 245/250 - Loss: -0.8471
Iter 246/250 - Loss: -0.8472
Iter 247/250 - Loss: -0.8472
Iter 248/250 - Loss: -0.8472
Iter 249/250 - Loss: -0.8473
Iter 250/250 - Loss: -0.8473
now training with smaller learning rate
Iter 1/250 - Loss: -0.8474
Iter 2/250 - Loss: -0.8467
Iter 3/250 - Loss: -0.8477
Iter 4/250 - Loss: -0.8477
Iter 5/250 - Loss: -0.8477
Iter 6/250 - Loss: -0.8481
Iter 7/250 - Loss: -0.8484
Iter 8/250 - Loss: -0.8486
Iter 9/250 - Loss: -0.8487
Iter 10/250 - Loss: -0.8489
Iter 11/250 - Loss: -0.8492
Iter 12/250 - Loss: -0.8493
Iter 13/250 - Loss: -0.8495
Iter 14/250 - Loss: -0.8496
Iter 15/250 - Loss: -0.8499
Iter 16/250 - Loss: -0.8501
Iter 17/250 - Loss: -0.8503
Iter 18/250 - Loss: -0.8504
Iter 19/250 - Loss: -0.8506
Iter 20/250 - Loss: -0.8508
Iter 21/250 - Loss: -0.8511
Iter 22/250 - Loss: -0.8512
Iter 23/250 - Loss: -0.8515
Iter 24/250 - Loss: -0.8517
Iter 25/250 - Loss: -0.8519
Iter 26/250 - Loss: -0.8522
Iter 27/250 - Loss: -0.8525
Iter 28/250 - Loss: -0.8527
Iter 29/250 - Loss: -0.8530
Iter 30/250 - Loss: -0.8534
Iter 31/250 - Loss: -0.8537
Iter 32/250 - Loss: -0.8540
Iter 33/250 - Loss: -0.8544
Iter 34/250 - Loss: -0.8548
Iter 35/250 - Loss: -0.8553
Iter 36/250 - Loss: -0.8557
Iter 37/250 - Loss: -0.8562
Iter 38/250 - Loss: -0.8566
Iter 39/250 - Loss: -0.8572
Iter 40/250 - Loss: -0.8576
Iter 41/250 - Loss: -0.8581
Iter 42/250 - Loss: -0.8586
Iter 43/250 - Loss: -0.8591
Iter 44/250 - Loss: -0.8595
Iter 45/250 - Loss: -0.8600
Iter 46/250 - Loss: -0.8604
Iter 47/250 - Loss: -0.8608
Iter 48/250 - Loss: -0.8613
Iter 49/250 - Loss: -0.8616
Iter 50/250 - Loss: -0.8621
Iter 51/250 - Loss: -0.8625
Iter 52/250 - Loss: -0.8629
Iter 53/250 - Loss: -0.8633
Iter 54/250 - Loss: -0.8637
Iter 55/250 - Loss: -0.8641
Iter 56/250 - Loss: -0.8645
Iter 57/250 - Loss: -0.8648
Iter 58/250 - Loss: -0.8652
Iter 59/250 - Loss: -0.8656
Iter 60/250 - Loss: -0.8660
Iter 61/250 - Loss: -0.8664
Iter 62/250 - Loss: -0.8667
Iter 63/250 - Loss: -0.8671
Iter 64/250 - Loss: -0.8675
Iter 65/250 - Loss: -0.8679
Iter 66/250 - Loss: -0.8682
Iter 67/250 - Loss: -0.8686
Iter 68/250 - Loss: -0.8690
Iter 69/250 - Loss: -0.8693
Iter 70/250 - Loss: -0.8697
Iter 71/250 - Loss: -0.8700
Iter 72/250 - Loss: -0.8704
Iter 73/250 - Loss: -0.8707
Iter 74/250 - Loss: -0.8710
Iter 75/250 - Loss: -0.8713
Iter 76/250 - Loss: -0.8717
Iter 77/250 - Loss: -0.8720
Iter 78/250 - Loss: -0.8723
Iter 79/250 - Loss: -0.8725
Iter 80/250 - Loss: -0.8729
Iter 81/250 - Loss: -0.8733
Iter 82/250 - Loss: -0.8735
Iter 83/250 - Loss: -0.8738
Iter 84/250 - Loss: -0.8740
Iter 85/250 - Loss: -0.8743
Iter 86/250 - Loss: -0.8747
Iter 87/250 - Loss: -0.8749
Iter 88/250 - Loss: -0.8751
Iter 89/250 - Loss: -0.8754
Iter 90/250 - Loss: -0.8757
Iter 91/250 - Loss: -0.8759
Iter 92/250 - Loss: -0.8762
Iter 93/250 - Loss: -0.8764
Iter 94/250 - Loss: -0.8766
Iter 95/250 - Loss: -0.8768
Iter 96/250 - Loss: -0.8771
Iter 97/250 - Loss: -0.8773
Iter 98/250 - Loss: -0.8775
Iter 99/250 - Loss: -0.8777
Iter 100/250 - Loss: -0.8778
Iter 101/250 - Loss: -0.8781
Iter 102/250 - Loss: -0.8782
Iter 103/250 - Loss: -0.8784
Iter 104/250 - Loss: -0.8786
Iter 105/250 - Loss: -0.8788
Iter 106/250 - Loss: -0.8789
Iter 107/250 - Loss: -0.8790
Iter 108/250 - Loss: -0.8792
Iter 109/250 - Loss: -0.8794
Iter 110/250 - Loss: -0.8796
Iter 111/250 - Loss: -0.8797
Iter 112/250 - Loss: -0.8799
Iter 113/250 - Loss: -0.8802
Iter 114/250 - Loss: -0.8802
Iter 115/250 - Loss: -0.8804
Iter 116/250 - Loss: -0.8805
Iter 117/250 - Loss: -0.8807
Iter 118/250 - Loss: -0.8808
Iter 119/250 - Loss: -0.8810
Iter 120/250 - Loss: -0.8811
Iter 121/250 - Loss: -0.8812
Iter 122/250 - Loss: -0.8813
Iter 123/250 - Loss: -0.8815
Iter 124/250 - Loss: -0.8817
Iter 125/250 - Loss: -0.8818
Iter 126/250 - Loss: -0.8820
Iter 127/250 - Loss: -0.8822
Iter 128/250 - Loss: -0.8822
Iter 129/250 - Loss: -0.8825
Iter 130/250 - Loss: -0.8825
Iter 131/250 - Loss: -0.8827
Iter 132/250 - Loss: -0.8829
Iter 133/250 - Loss: -0.8830
Iter 134/250 - Loss: -0.8831
Iter 135/250 - Loss: -0.8833
Iter 136/250 - Loss: -0.8836
Iter 137/250 - Loss: -0.8837
Iter 138/250 - Loss: -0.8839
Iter 139/250 - Loss: -0.8841
Iter 140/250 - Loss: -0.8841
Iter 141/250 - Loss: -0.8843
Iter 142/250 - Loss: -0.8844
Iter 143/250 - Loss: -0.8845
Iter 144/250 - Loss: -0.8847
Iter 145/250 - Loss: -0.8848
Iter 146/250 - Loss: -0.8849
Iter 147/250 - Loss: -0.8849
Iter 148/250 - Loss: -0.8850
Iter 149/250 - Loss: -0.8852
Iter 150/250 - Loss: -0.8852
Iter 151/250 - Loss: -0.8853
Iter 152/250 - Loss: -0.8854
Iter 153/250 - Loss: -0.8855
Iter 154/250 - Loss: -0.8856
Iter 155/250 - Loss: -0.8856
Iter 156/250 - Loss: -0.8858
Iter 157/250 - Loss: -0.8858
Iter 158/250 - Loss: -0.8858
Iter 159/250 - Loss: -0.8860
Iter 160/250 - Loss: -0.8861
Iter 161/250 - Loss: -0.8862
Iter 162/250 - Loss: -0.8863
Iter 163/250 - Loss: -0.8863
Iter 164/250 - Loss: -0.8865
Iter 165/250 - Loss: -0.8865
Iter 166/250 - Loss: -0.8865
Iter 167/250 - Loss: -0.8866
Iter 168/250 - Loss: -0.8869
Iter 169/250 - Loss: -0.8869
Iter 170/250 - Loss: -0.8869
Iter 171/250 - Loss: -0.8871
Iter 172/250 - Loss: -0.8871
Iter 173/250 - Loss: -0.8872
Iter 174/250 - Loss: -0.8873
Iter 175/250 - Loss: -0.8874
Iter 176/250 - Loss: -0.8875
Iter 177/250 - Loss: -0.8876
Iter 178/250 - Loss: -0.8876
Iter 179/250 - Loss: -0.8878
Iter 180/250 - Loss: -0.8878
Iter 181/250 - Loss: -0.8878
Iter 182/250 - Loss: -0.8880
Iter 183/250 - Loss: -0.8881
Iter 184/250 - Loss: -0.8881
Iter 185/250 - Loss: -0.8881
Iter 186/250 - Loss: -0.8883
Iter 187/250 - Loss: -0.8883
Iter 188/250 - Loss: -0.8884
Iter 189/250 - Loss: -0.8885
Iter 190/250 - Loss: -0.8886
Iter 191/250 - Loss: -0.8887
Iter 192/250 - Loss: -0.8888
Iter 193/250 - Loss: -0.8889
Iter 194/250 - Loss: -0.8890
Iter 195/250 - Loss: -0.8891
Iter 196/250 - Loss: -0.8892
Iter 197/250 - Loss: -0.8893
Iter 198/250 - Loss: -0.8893
Iter 199/250 - Loss: -0.8895
Iter 200/250 - Loss: -0.8896
Iter 201/250 - Loss: -0.8897
Iter 202/250 - Loss: -0.8898
Iter 203/250 - Loss: -0.8899
Iter 204/250 - Loss: -0.8900
Iter 205/250 - Loss: -0.8901
Iter 206/250 - Loss: -0.8902
Iter 207/250 - Loss: -0.8904
Iter 208/250 - Loss: -0.8906
Iter 209/250 - Loss: -0.8906
Iter 210/250 - Loss: -0.8908
Iter 211/250 - Loss: -0.8909
Iter 212/250 - Loss: -0.8911
Iter 213/250 - Loss: -0.8913
Iter 214/250 - Loss: -0.8916
Iter 215/250 - Loss: -0.8916
Iter 216/250 - Loss: -0.8919
Iter 217/250 - Loss: -0.8921
Iter 218/250 - Loss: -0.8922
Iter 219/250 - Loss: -0.8925
Iter 220/250 - Loss: -0.8928
Iter 221/250 - Loss: -0.8931
Iter 222/250 - Loss: -0.8933
Iter 223/250 - Loss: -0.8937
Iter 224/250 - Loss: -0.8940
Iter 225/250 - Loss: -0.8943
Iter 226/250 - Loss: -0.8947
Iter 227/250 - Loss: -0.8951
Iter 228/250 - Loss: -0.8955
Iter 229/250 - Loss: -0.8958
Iter 230/250 - Loss: -0.8963
Iter 231/250 - Loss: -0.8968
Iter 232/250 - Loss: -0.8973
Iter 233/250 - Loss: -0.8978
Iter 234/250 - Loss: -0.8984
Iter 235/250 - Loss: -0.8989
Iter 236/250 - Loss: -0.8995
Iter 237/250 - Loss: -0.9001
Iter 238/250 - Loss: -0.9007
Iter 239/250 - Loss: -0.9013
Iter 240/250 - Loss: -0.9020
Iter 241/250 - Loss: -0.9027
Iter 242/250 - Loss: -0.9034
Iter 243/250 - Loss: -0.9041
Iter 244/250 - Loss: -0.9047
Iter 245/250 - Loss: -0.9055
Iter 246/250 - Loss: -0.9062
Iter 247/250 - Loss: -0.9068
Iter 248/250 - Loss: -0.9075
Iter 249/250 - Loss: -0.9082
Iter 250/250 - Loss: -0.9089
