prev {'d': 0.5434865478693672, 'e': 1.0470175557239685, 'f': 2.3196087681773623, 'g': 1.3114219077966802}
Starting ML Fit
Box96_1400
       message: Optimization terminated successfully.
       success: True
        status: 0
           fun: 14891.374118891516
             x: [ 5.353e-01  1.095e+00  2.315e+00  1.313e+00]
           nit: 84
          nfev: 152
 final_simplex: (array([[ 5.353e-01,  1.095e+00,  2.315e+00,  1.313e+00],
                       [ 5.353e-01,  1.095e+00,  2.315e+00,  1.313e+00],
                       ...,
                       [ 5.353e-01,  1.095e+00,  2.315e+00,  1.313e+00],
                       [ 5.353e-01,  1.095e+00,  2.315e+00,  1.313e+00]]), array([ 1.489e+04,  1.489e+04,  1.489e+04,  1.489e+04,
                        1.489e+04]))
   param_names: ['d', 'e', 'f', 'g']
[0.53526401 1.09462329 2.31483118 1.31315027]
{'d': 0.5352640055506968, 'e': 1.0946232932697013, 'f': 2.3148311821276444, 'g': 1.3131502728344846}
Previous:  {'d': 0.5434865478693672, 'e': 1.0470175557239685, 'f': 2.3196087681773623, 'g': 1.3114219077966802}
