prev {'d': 0.4450498933698508, 'e': 0.9446601752236835, 'f': 2.344256827107869, 'g': 1.3019839203153518}
Starting ML Fit
Box38_1400
       message: Optimization terminated successfully.
       success: True
        status: 0
           fun: 9083.908611090143
             x: [ 4.342e-01  9.541e-01  2.343e+00  1.248e+00]
           nit: 103
          nfev: 176
 final_simplex: (array([[ 4.342e-01,  9.541e-01,  2.343e+00,  1.248e+00],
                       [ 4.342e-01,  9.541e-01,  2.343e+00,  1.248e+00],
                       ...,
                       [ 4.342e-01,  9.541e-01,  2.343e+00,  1.248e+00],
                       [ 4.342e-01,  9.541e-01,  2.343e+00,  1.248e+00]]), array([ 9.084e+03,  9.084e+03,  9.084e+03,  9.084e+03,
                        9.084e+03]))
   param_names: ['d', 'e', 'f', 'g']
[0.43419368 0.95411105 2.34342964 1.2478297 ]
{'d': 0.43419367592956604, 'e': 0.9541110507461155, 'f': 2.3434296425317176, 'g': 1.2478296962649225}
Previous:  {'d': 0.4450498933698508, 'e': 0.9446601752236835, 'f': 2.344256827107869, 'g': 1.3019839203153518}
