prev {'d': 0.45456117409850816, 'e': 1.1723129624026005, 'f': 2.231650848836295, 'g': 1.1698570547815104}
Starting ML Fit
Box59_1400
       message: Optimization terminated successfully.
       success: True
        status: 0
           fun: 3863.9073404187257
             x: [ 4.467e-01  1.167e+00  2.232e+00  1.170e+00]
           nit: 77
          nfev: 140
 final_simplex: (array([[ 4.467e-01,  1.167e+00,  2.232e+00,  1.170e+00],
                       [ 4.467e-01,  1.167e+00,  2.232e+00,  1.170e+00],
                       ...,
                       [ 4.467e-01,  1.167e+00,  2.232e+00,  1.170e+00],
                       [ 4.467e-01,  1.167e+00,  2.232e+00,  1.170e+00]]), array([ 3.864e+03,  3.864e+03,  3.864e+03,  3.864e+03,
                        3.864e+03]))
   param_names: ['d', 'e', 'f', 'g']
[0.44672246 1.16740976 2.23168508 1.16966636]
{'d': 0.44672246216428424, 'e': 1.167409762636564, 'f': 2.2316850761886977, 'g': 1.1696663620267178}
Previous:  {'d': 0.45456117409850816, 'e': 1.1723129624026005, 'f': 2.231650848836295, 'g': 1.1698570547815104}
