prev {'d': 0.39882070574391254, 'e': 0.9478209451565149, 'f': 2.3459316016768184, 'g': 1.2494004438264186}
Starting ML Fit
Box51_1400
       message: Optimization terminated successfully.
       success: True
        status: 0
           fun: 1594.3470753225395
             x: [ 3.997e-01  9.472e-01  2.347e+00  1.198e+00]
           nit: 127
          nfev: 229
 final_simplex: (array([[ 3.997e-01,  9.472e-01,  2.347e+00,  1.198e+00],
                       [ 3.997e-01,  9.472e-01,  2.346e+00,  1.198e+00],
                       ...,
                       [ 3.997e-01,  9.472e-01,  2.347e+00,  1.198e+00],
                       [ 3.997e-01,  9.472e-01,  2.346e+00,  1.198e+00]]), array([ 1.594e+03,  1.594e+03,  1.594e+03,  1.594e+03,
                        1.594e+03]))
   param_names: ['d', 'e', 'f', 'g']
[0.39968895 0.94718987 2.34650419 1.19805047]
{'d': 0.39968895171096297, 'e': 0.947189865366904, 'f': 2.346504192729965, 'g': 1.1980504690961027}
Previous:  {'d': 0.39882070574391254, 'e': 0.9478209451565149, 'f': 2.3459316016768184, 'g': 1.2494004438264186}
