prev {'d': 0.4614442638501156, 'e': 1.3884006394726134, 'f': 2.318702642628253, 'g': 1.266313071546569}
Starting ML Fit
Box76_1400
       message: Optimization terminated successfully.
       success: True
        status: 0
           fun: 5631.847936052438
             x: [ 4.463e-01  1.394e+00  2.317e+00  1.259e+00]
           nit: 93
          nfev: 165
 final_simplex: (array([[ 4.463e-01,  1.394e+00,  2.317e+00,  1.259e+00],
                       [ 4.463e-01,  1.394e+00,  2.317e+00,  1.259e+00],
                       ...,
                       [ 4.463e-01,  1.394e+00,  2.317e+00,  1.259e+00],
                       [ 4.463e-01,  1.394e+00,  2.317e+00,  1.259e+00]]), array([ 5.632e+03,  5.632e+03,  5.632e+03,  5.632e+03,
                        5.632e+03]))
   param_names: ['d', 'e', 'f', 'g']
[0.44631371 1.39404871 2.31730221 1.25889681]
{'d': 0.44631370560474315, 'e': 1.3940487123857843, 'f': 2.317302205763821, 'g': 1.25889681064026}
Previous:  {'d': 0.4614442638501156, 'e': 1.3884006394726134, 'f': 2.318702642628253, 'g': 1.266313071546569}
