prev {'d': 0.4305315104786594, 'e': 1.0428800920005186, 'f': 2.3453737420882463, 'g': 1.2829758939103875}
Starting ML Fit
Box10_1400
       message: Optimization terminated successfully.
       success: True
        status: 0
           fun: 2915.676967288262
             x: [ 4.264e-01  1.034e+00  2.347e+00  1.282e+00]
           nit: 75
          nfev: 135
 final_simplex: (array([[ 4.264e-01,  1.034e+00,  2.347e+00,  1.282e+00],
                       [ 4.264e-01,  1.034e+00,  2.347e+00,  1.282e+00],
                       ...,
                       [ 4.264e-01,  1.034e+00,  2.347e+00,  1.282e+00],
                       [ 4.264e-01,  1.034e+00,  2.347e+00,  1.282e+00]]), array([ 2.916e+03,  2.916e+03,  2.916e+03,  2.916e+03,
                        2.916e+03]))
   param_names: ['d', 'e', 'f', 'g']
[0.42637469 1.03360112 2.34739928 1.28211863]
{'d': 0.4263746915486315, 'e': 1.0336011153078464, 'f': 2.347399278888972, 'g': 1.2821186314347488}
Previous:  {'d': 0.4305315104786594, 'e': 1.0428800920005186, 'f': 2.3453737420882463, 'g': 1.2829758939103875}
