prev {'d': 0.44749624708165514, 'e': 1.115690851449124, 'f': 2.3253085089363776, 'g': 1.2514927309767105}
Starting ML Fit
Box11_1400
       message: Optimization terminated successfully.
       success: True
        status: 0
           fun: 11870.321382274378
             x: [ 4.410e-01  1.123e+00  2.324e+00  1.246e+00]
           nit: 86
          nfev: 156
 final_simplex: (array([[ 4.410e-01,  1.123e+00,  2.324e+00,  1.246e+00],
                       [ 4.410e-01,  1.123e+00,  2.324e+00,  1.246e+00],
                       ...,
                       [ 4.410e-01,  1.123e+00,  2.324e+00,  1.246e+00],
                       [ 4.410e-01,  1.123e+00,  2.324e+00,  1.246e+00]]), array([ 1.187e+04,  1.187e+04,  1.187e+04,  1.187e+04,
                        1.187e+04]))
   param_names: ['d', 'e', 'f', 'g']
[0.44096761 1.12296084 2.3239447  1.24603956]
{'d': 0.44096761394773815, 'e': 1.122960837696231, 'f': 2.323944700845531, 'g': 1.246039564500847}
Previous:  {'d': 0.44749624708165514, 'e': 1.115690851449124, 'f': 2.3253085089363776, 'g': 1.2514927309767105}
