prev {'d': 0.5116193823386498, 'e': 0.8009749542152674, 'f': 2.267903810703893, 'g': 1.330434487744978}
Starting ML Fit
Box78_1400
       message: Optimization terminated successfully.
       success: True
        status: 0
           fun: 12969.064752619426
             x: [ 5.043e-01  7.927e-01  2.268e+00  1.331e+00]
           nit: 89
          nfev: 159
 final_simplex: (array([[ 5.043e-01,  7.927e-01,  2.268e+00,  1.331e+00],
                       [ 5.043e-01,  7.927e-01,  2.268e+00,  1.331e+00],
                       ...,
                       [ 5.043e-01,  7.927e-01,  2.268e+00,  1.331e+00],
                       [ 5.043e-01,  7.927e-01,  2.268e+00,  1.331e+00]]), array([ 1.297e+04,  1.297e+04,  1.297e+04,  1.297e+04,
                        1.297e+04]))
   param_names: ['d', 'e', 'f', 'g']
[0.50426944 0.79269313 2.26780208 1.33069533]
{'d': 0.5042694356147082, 'e': 0.7926931325136759, 'f': 2.2678020837732085, 'g': 1.330695333155104}
Previous:  {'d': 0.5116193823386498, 'e': 0.8009749542152674, 'f': 2.267903810703893, 'g': 1.330434487744978}
