prev {'d': 0.5013406886910736, 'e': 1.1127016073308127, 'f': 2.2542428226220537, 'g': 1.2796137095216915}
Starting ML Fit
Box75_1400
       message: Optimization terminated successfully.
       success: True
        status: 0
           fun: 7175.13866023751
             x: [ 4.867e-01  1.094e+00  2.254e+00  1.279e+00]
           nit: 104
          nfev: 181
 final_simplex: (array([[ 4.867e-01,  1.094e+00,  2.254e+00,  1.279e+00],
                       [ 4.867e-01,  1.094e+00,  2.254e+00,  1.279e+00],
                       ...,
                       [ 4.867e-01,  1.094e+00,  2.254e+00,  1.279e+00],
                       [ 4.867e-01,  1.094e+00,  2.254e+00,  1.279e+00]]), array([ 7.175e+03,  7.175e+03,  7.175e+03,  7.175e+03,
                        7.175e+03]))
   param_names: ['d', 'e', 'f', 'g']
[0.48672821 1.09432768 2.25434268 1.27909368]
{'d': 0.4867282067297922, 'e': 1.0943276769420578, 'f': 2.2543426828754054, 'g': 1.2790936810830777}
Previous:  {'d': 0.5013406886910736, 'e': 1.1127016073308127, 'f': 2.2542428226220537, 'g': 1.2796137095216915}
