prev {'d': 0.5133660020154194, 'e': 0.8579448683694064, 'f': 2.325933001795219, 'g': 1.3467892444992897}
Starting ML Fit
Box31_1400
       message: Optimization terminated successfully.
       success: True
        status: 0
           fun: 20408.072635561177
             x: [ 5.034e-01  6.351e-01  2.319e+00  1.402e+00]
           nit: 98
          nfev: 177
 final_simplex: (array([[ 5.034e-01,  6.351e-01,  2.319e+00,  1.402e+00],
                       [ 5.034e-01,  6.351e-01,  2.319e+00,  1.402e+00],
                       ...,
                       [ 5.034e-01,  6.351e-01,  2.319e+00,  1.402e+00],
                       [ 5.034e-01,  6.351e-01,  2.319e+00,  1.402e+00]]), array([ 2.041e+04,  2.041e+04,  2.041e+04,  2.041e+04,
                        2.041e+04]))
   param_names: ['d', 'e', 'f', 'g']
[0.50341726 0.63506655 2.31868534 1.40233889]
{'d': 0.5034172556718557, 'e': 0.6350665461537988, 'f': 2.3186853350933356, 'g': 1.402338894414107}
Previous:  {'d': 0.5133660020154194, 'e': 0.8579448683694064, 'f': 2.325933001795219, 'g': 1.3467892444992897}
