prev {'d': 0.5063486780666921, 'e': 1.2869842469412838, 'f': 2.325689252242327, 'g': 1.1898989776520634}
Starting ML Fit
Box49_1400
       message: Optimization terminated successfully.
       success: True
        status: 0
           fun: 3823.051459415467
             x: [ 4.900e-01  1.290e+00  2.325e+00  1.189e+00]
           nit: 114
          nfev: 192
 final_simplex: (array([[ 4.900e-01,  1.290e+00,  2.325e+00,  1.189e+00],
                       [ 4.900e-01,  1.290e+00,  2.325e+00,  1.189e+00],
                       ...,
                       [ 4.900e-01,  1.290e+00,  2.325e+00,  1.189e+00],
                       [ 4.900e-01,  1.290e+00,  2.325e+00,  1.189e+00]]), array([ 3.823e+03,  3.823e+03,  3.823e+03,  3.823e+03,
                        3.823e+03]))
   param_names: ['d', 'e', 'f', 'g']
[0.49001637 1.28950683 2.32530922 1.18911978]
{'d': 0.49001637048281255, 'e': 1.2895068342280622, 'f': 2.325309220045874, 'g': 1.1891197780804448}
Previous:  {'d': 0.5063486780666921, 'e': 1.2869842469412838, 'f': 2.325689252242327, 'g': 1.1898989776520634}
