prev {'d': 0.4842524405214329, 'e': 1.022349794982055, 'f': 2.35649970915797, 'g': 1.2848121590734274}
Starting ML Fit
Box_n50_3_1400
       message: Optimization terminated successfully.
       success: True
        status: 0
           fun: 7280.2411561068675
             x: [ 4.721e-01  1.029e+00  2.357e+00  1.282e+00]
           nit: 100
          nfev: 172
 final_simplex: (array([[ 4.721e-01,  1.029e+00,  2.357e+00,  1.282e+00],
                       [ 4.721e-01,  1.029e+00,  2.357e+00,  1.282e+00],
                       ...,
                       [ 4.721e-01,  1.029e+00,  2.357e+00,  1.282e+00],
                       [ 4.721e-01,  1.029e+00,  2.357e+00,  1.282e+00]]), array([ 7.280e+03,  7.280e+03,  7.280e+03,  7.280e+03,
                        7.280e+03]))
   param_names: ['d', 'e', 'f', 'g']
[0.4721084  1.02854574 2.35658843 1.28237144]
{'d': 0.47210839820813616, 'e': 1.028545735961008, 'f': 2.3565884252606764, 'g': 1.282371443154438}
Previous:  {'d': 0.4842524405214329, 'e': 1.022349794982055, 'f': 2.35649970915797, 'g': 1.2848121590734274}
