prev {'d': 0.4385262293725911, 'e': 0.9420964631792107, 'f': 2.3607219884641792, 'g': 1.2829028494510866}
Starting ML Fit
Box_n50_8_1400
       message: Optimization terminated successfully.
       success: True
        status: 0
           fun: 3910.4703838019827
             x: [ 4.316e-01  9.277e-01  2.363e+00  1.278e+00]
           nit: 82
          nfev: 147
 final_simplex: (array([[ 4.316e-01,  9.277e-01,  2.363e+00,  1.278e+00],
                       [ 4.316e-01,  9.277e-01,  2.363e+00,  1.278e+00],
                       ...,
                       [ 4.316e-01,  9.278e-01,  2.363e+00,  1.278e+00],
                       [ 4.316e-01,  9.277e-01,  2.363e+00,  1.278e+00]]), array([ 3.910e+03,  3.910e+03,  3.910e+03,  3.910e+03,
                        3.910e+03]))
   param_names: ['d', 'e', 'f', 'g']
[0.43161165 0.92770938 2.36281364 1.27848743]
{'d': 0.4316116511164083, 'e': 0.9277093785600088, 'f': 2.362813641189912, 'g': 1.2784874347307724}
Previous:  {'d': 0.4385262293725911, 'e': 0.9420964631792107, 'f': 2.3607219884641792, 'g': 1.2829028494510866}
