Leaving out Box99_1400
alist [1.0, 0.953321, 0.866399, 0.787402, 0.715608, 0.65036, 0.620002, 0.591061, 0.563471, 0.537169, 0.512095, 0.488191, 0.403224, 0.366459]
(2030, 10)
(2030, 4)
scaling input
(2030, 10)
scaling output
(2030, 4)
Iter 1/300 - Loss: 3.0454
Iter 2/300 - Loss: 2.6775
Iter 3/300 - Loss: 2.3403
Iter 4/300 - Loss: 2.0376
Iter 5/300 - Loss: 1.7715
Iter 6/300 - Loss: 1.5421
Iter 7/300 - Loss: 1.3463
Iter 8/300 - Loss: 1.1838
Iter 9/300 - Loss: 1.0571
Iter 10/300 - Loss: 0.9653
Iter 11/300 - Loss: 0.9051
Iter 12/300 - Loss: 0.8734
Iter 13/300 - Loss: 0.8599
Iter 14/300 - Loss: 0.8498
Iter 15/300 - Loss: 0.8353
Iter 16/300 - Loss: 0.8107
Iter 17/300 - Loss: 0.7742
Iter 18/300 - Loss: 0.7261
Iter 19/300 - Loss: 0.6680
Iter 20/300 - Loss: 0.6037
Iter 21/300 - Loss: 0.5365
Iter 22/300 - Loss: 0.4719
Iter 23/300 - Loss: 0.4109
Iter 24/300 - Loss: 0.3559
Iter 25/300 - Loss: 0.3073
Iter 26/300 - Loss: 0.2640
Iter 27/300 - Loss: 0.2257
Iter 28/300 - Loss: 0.1898
Iter 29/300 - Loss: 0.1549
Iter 30/300 - Loss: 0.1200
Iter 31/300 - Loss: 0.0838
Iter 32/300 - Loss: 0.0461
Iter 33/300 - Loss: 0.0070
Iter 34/300 - Loss: -0.0334
Iter 35/300 - Loss: -0.0744
Iter 36/300 - Loss: -0.1154
Iter 37/300 - Loss: -0.1554
Iter 38/300 - Loss: -0.1941
Iter 39/300 - Loss: -0.2301
Iter 40/300 - Loss: -0.2634
Iter 41/300 - Loss: -0.2936
Iter 42/300 - Loss: -0.3212
Iter 43/300 - Loss: -0.3468
Iter 44/300 - Loss: -0.3711
Iter 45/300 - Loss: -0.3946
Iter 46/300 - Loss: -0.4179
Iter 47/300 - Loss: -0.4413
Iter 48/300 - Loss: -0.4646
Iter 49/300 - Loss: -0.4871
Iter 50/300 - Loss: -0.5082
Iter 51/300 - Loss: -0.5273
Iter 52/300 - Loss: -0.5444
Iter 53/300 - Loss: -0.5598
Iter 54/300 - Loss: -0.5739
Iter 55/300 - Loss: -0.5870
Iter 56/300 - Loss: -0.5994
Iter 57/300 - Loss: -0.6115
Iter 58/300 - Loss: -0.6234
Iter 59/300 - Loss: -0.6348
Iter 60/300 - Loss: -0.6458
Iter 61/300 - Loss: -0.6561
Iter 62/300 - Loss: -0.6656
Iter 63/300 - Loss: -0.6743
Iter 64/300 - Loss: -0.6824
Iter 65/300 - Loss: -0.6901
Iter 66/300 - Loss: -0.6976
Iter 67/300 - Loss: -0.7048
Iter 68/300 - Loss: -0.7114
Iter 69/300 - Loss: -0.7173
Iter 70/300 - Loss: -0.7225
Iter 71/300 - Loss: -0.7271
Iter 72/300 - Loss: -0.7312
Iter 73/300 - Loss: -0.7350
Iter 74/300 - Loss: -0.7383
Iter 75/300 - Loss: -0.7411
Iter 76/300 - Loss: -0.7434
Iter 77/300 - Loss: -0.7451
Iter 78/300 - Loss: -0.7465
Iter 79/300 - Loss: -0.7478
Iter 80/300 - Loss: -0.7492
Iter 81/300 - Loss: -0.7508
Iter 82/300 - Loss: -0.7523
Iter 83/300 - Loss: -0.7536
Iter 84/300 - Loss: -0.7549
Iter 85/300 - Loss: -0.7560
Iter 86/300 - Loss: -0.7571
Iter 87/300 - Loss: -0.7582
Iter 88/300 - Loss: -0.7593
Iter 89/300 - Loss: -0.7602
Iter 90/300 - Loss: -0.7611
Iter 91/300 - Loss: -0.7617
Iter 92/300 - Loss: -0.7623
Iter 93/300 - Loss: -0.7629
Iter 94/300 - Loss: -0.7636
Iter 95/300 - Loss: -0.7643
Iter 96/300 - Loss: -0.7650
Iter 97/300 - Loss: -0.7656
Iter 98/300 - Loss: -0.7660
Iter 99/300 - Loss: -0.7664
Iter 100/300 - Loss: -0.7669
Iter 101/300 - Loss: -0.7674
Iter 102/300 - Loss: -0.7677
Iter 103/300 - Loss: -0.7681
Iter 104/300 - Loss: -0.7685
Iter 105/300 - Loss: -0.7688
Iter 106/300 - Loss: -0.7691
Iter 107/300 - Loss: -0.7693
Iter 108/300 - Loss: -0.7696
Iter 109/300 - Loss: -0.7698
Iter 110/300 - Loss: -0.7701
Iter 111/300 - Loss: -0.7703
Iter 112/300 - Loss: -0.7705
Iter 113/300 - Loss: -0.7707
Iter 114/300 - Loss: -0.7709
Iter 115/300 - Loss: -0.7711
Iter 116/300 - Loss: -0.7712
Iter 117/300 - Loss: -0.7714
Iter 118/300 - Loss: -0.7715
Iter 119/300 - Loss: -0.7717
Iter 120/300 - Loss: -0.7718
Iter 121/300 - Loss: -0.7719
Iter 122/300 - Loss: -0.7721
Iter 123/300 - Loss: -0.7722
Iter 124/300 - Loss: -0.7724
Iter 125/300 - Loss: -0.7726
Iter 126/300 - Loss: -0.7728
Iter 127/300 - Loss: -0.7729
Iter 128/300 - Loss: -0.7730
Iter 129/300 - Loss: -0.7731
Iter 130/300 - Loss: -0.7731
Iter 131/300 - Loss: -0.7733
Iter 132/300 - Loss: -0.7734
Iter 133/300 - Loss: -0.7735
Iter 134/300 - Loss: -0.7736
Iter 135/300 - Loss: -0.7737
Iter 136/300 - Loss: -0.7737
Iter 137/300 - Loss: -0.7738
Iter 138/300 - Loss: -0.7739
Iter 139/300 - Loss: -0.7739
Iter 140/300 - Loss: -0.7740
Iter 141/300 - Loss: -0.7741
Iter 142/300 - Loss: -0.7742
Iter 143/300 - Loss: -0.7743
Iter 144/300 - Loss: -0.7744
Iter 145/300 - Loss: -0.7745
Iter 146/300 - Loss: -0.7746
Iter 147/300 - Loss: -0.7747
Iter 148/300 - Loss: -0.7748
Iter 149/300 - Loss: -0.7750
Iter 150/300 - Loss: -0.7753
Iter 151/300 - Loss: -0.7757
Iter 152/300 - Loss: -0.7763
Iter 153/300 - Loss: -0.7766
Iter 154/300 - Loss: -0.7770
Iter 155/300 - Loss: -0.7772
Iter 156/300 - Loss: -0.7771
Iter 157/300 - Loss: -0.7772
Iter 158/300 - Loss: -0.7774
Iter 159/300 - Loss: -0.7778
Iter 160/300 - Loss: -0.7780
Iter 161/300 - Loss: -0.7781
Iter 162/300 - Loss: -0.7782
Iter 163/300 - Loss: -0.7785
Iter 164/300 - Loss: -0.7789
Iter 165/300 - Loss: -0.7791
Iter 166/300 - Loss: -0.7793
Iter 167/300 - Loss: -0.7796
Iter 168/300 - Loss: -0.7799
Iter 169/300 - Loss: -0.7802
Iter 170/300 - Loss: -0.7806
Iter 171/300 - Loss: -0.7808
Iter 172/300 - Loss: -0.7811
Iter 173/300 - Loss: -0.7815
Iter 174/300 - Loss: -0.7819
Iter 175/300 - Loss: -0.7822
Iter 176/300 - Loss: -0.7825
Iter 177/300 - Loss: -0.7829
Iter 178/300 - Loss: -0.7832
Iter 179/300 - Loss: -0.7836
Iter 180/300 - Loss: -0.7840
Iter 181/300 - Loss: -0.7843
Iter 182/300 - Loss: -0.7846
Iter 183/300 - Loss: -0.7850
Iter 184/300 - Loss: -0.7853
Iter 185/300 - Loss: -0.7857
Iter 186/300 - Loss: -0.7860
Iter 187/300 - Loss: -0.7863
Iter 188/300 - Loss: -0.7866
Iter 189/300 - Loss: -0.7870
Iter 190/300 - Loss: -0.7873
Iter 191/300 - Loss: -0.7876
Iter 192/300 - Loss: -0.7879
Iter 193/300 - Loss: -0.7882
Iter 194/300 - Loss: -0.7885
Iter 195/300 - Loss: -0.7888
Iter 196/300 - Loss: -0.7891
Iter 197/300 - Loss: -0.7894
Iter 198/300 - Loss: -0.7896
Iter 199/300 - Loss: -0.7899
Iter 200/300 - Loss: -0.7902
Iter 201/300 - Loss: -0.7904
Iter 202/300 - Loss: -0.7907
Iter 203/300 - Loss: -0.7910
Iter 204/300 - Loss: -0.7912
Iter 205/300 - Loss: -0.7915
Iter 206/300 - Loss: -0.7917
Iter 207/300 - Loss: -0.7920
Iter 208/300 - Loss: -0.7922
Iter 209/300 - Loss: -0.7925
Iter 210/300 - Loss: -0.7927
Iter 211/300 - Loss: -0.7929
Iter 212/300 - Loss: -0.7931
Iter 213/300 - Loss: -0.7934
Iter 214/300 - Loss: -0.7936
Iter 215/300 - Loss: -0.7938
Iter 216/300 - Loss: -0.7940
Iter 217/300 - Loss: -0.7942
Iter 218/300 - Loss: -0.7944
Iter 219/300 - Loss: -0.7946
Iter 220/300 - Loss: -0.7948
Iter 221/300 - Loss: -0.7950
Iter 222/300 - Loss: -0.7952
Iter 223/300 - Loss: -0.7954
Iter 224/300 - Loss: -0.7956
Iter 225/300 - Loss: -0.7958
Iter 226/300 - Loss: -0.7959
Iter 227/300 - Loss: -0.7961
Iter 228/300 - Loss: -0.7963
Iter 229/300 - Loss: -0.7965
Iter 230/300 - Loss: -0.7966
Iter 231/300 - Loss: -0.7968
Iter 232/300 - Loss: -0.7970
Iter 233/300 - Loss: -0.7971
Iter 234/300 - Loss: -0.7973
Iter 235/300 - Loss: -0.7975
Iter 236/300 - Loss: -0.7976
Iter 237/300 - Loss: -0.7978
Iter 238/300 - Loss: -0.7979
Iter 239/300 - Loss: -0.7981
Iter 240/300 - Loss: -0.7982
Iter 241/300 - Loss: -0.7984
Iter 242/300 - Loss: -0.7985
Iter 243/300 - Loss: -0.7987
Iter 244/300 - Loss: -0.7988
Iter 245/300 - Loss: -0.7990
Iter 246/300 - Loss: -0.7991
Iter 247/300 - Loss: -0.7992
Iter 248/300 - Loss: -0.7994
Iter 249/300 - Loss: -0.7995
Iter 250/300 - Loss: -0.7996
Iter 251/300 - Loss: -0.7998
Iter 252/300 - Loss: -0.7999
Iter 253/300 - Loss: -0.8000
Iter 254/300 - Loss: -0.8002
Iter 255/300 - Loss: -0.8003
Iter 256/300 - Loss: -0.8004
Iter 257/300 - Loss: -0.8006
Iter 258/300 - Loss: -0.8007
Iter 259/300 - Loss: -0.8008
Iter 260/300 - Loss: -0.8009
Iter 261/300 - Loss: -0.8011
Iter 262/300 - Loss: -0.8012
Iter 263/300 - Loss: -0.8013
Iter 264/300 - Loss: -0.8014
Iter 265/300 - Loss: -0.8016
Iter 266/300 - Loss: -0.8017
Iter 267/300 - Loss: -0.8018
Iter 268/300 - Loss: -0.8019
Iter 269/300 - Loss: -0.8020
Iter 270/300 - Loss: -0.8022
Iter 271/300 - Loss: -0.8023
Iter 272/300 - Loss: -0.8024
Iter 273/300 - Loss: -0.8025
Iter 274/300 - Loss: -0.8026
Iter 275/300 - Loss: -0.8028
Iter 276/300 - Loss: -0.8029
Iter 277/300 - Loss: -0.8030
Iter 278/300 - Loss: -0.8031
Iter 279/300 - Loss: -0.8032
Iter 280/300 - Loss: -0.8033
Iter 281/300 - Loss: -0.8034
Iter 282/300 - Loss: -0.8036
Iter 283/300 - Loss: -0.8037
Iter 284/300 - Loss: -0.8038
Iter 285/300 - Loss: -0.8039
Iter 286/300 - Loss: -0.8040
Iter 287/300 - Loss: -0.8041
Iter 288/300 - Loss: -0.8042
Iter 289/300 - Loss: -0.8043
Iter 290/300 - Loss: -0.8045
Iter 291/300 - Loss: -0.8046
Iter 292/300 - Loss: -0.8047
Iter 293/300 - Loss: -0.8048
Iter 294/300 - Loss: -0.8049
Iter 295/300 - Loss: -0.8050
Iter 296/300 - Loss: -0.8051
Iter 297/300 - Loss: -0.8052
Iter 298/300 - Loss: -0.8053
Iter 299/300 - Loss: -0.8054
Iter 300/300 - Loss: -0.8056
