prev {'d': 0.5247138892446455, 'e': 1.1625271453259889, 'f': 2.2623785398019214, 'g': 1.2574134539661779}
Starting ML Fit
Box34_1400
       message: Optimization terminated successfully.
       success: True
        status: 0
           fun: 10750.526026513498
             x: [ 5.360e-01  1.185e+00  2.257e+00  1.277e+00]
           nit: 111
          nfev: 201
 final_simplex: (array([[ 5.360e-01,  1.185e+00,  2.257e+00,  1.277e+00],
                       [ 5.360e-01,  1.185e+00,  2.257e+00,  1.277e+00],
                       ...,
                       [ 5.360e-01,  1.185e+00,  2.257e+00,  1.277e+00],
                       [ 5.360e-01,  1.185e+00,  2.257e+00,  1.277e+00]]), array([ 1.075e+04,  1.075e+04,  1.075e+04,  1.075e+04,
                        1.075e+04]))
   param_names: ['d', 'e', 'f', 'g']
[0.53598255 1.18532416 2.25699475 1.2774529 ]
{'d': 0.5359825484358522, 'e': 1.1853241595450634, 'f': 2.2569947531269126, 'g': 1.277452900691093}
Previous:  {'d': 0.5247138892446455, 'e': 1.1625271453259889, 'f': 2.2623785398019214, 'g': 1.2574134539661779}
