prev {'d': 0.4441598502234669, 'e': 1.032229680747428, 'f': 2.361935192231596, 'g': 1.2945327066466248}
Starting ML Fit
Box67_1400
       message: Optimization terminated successfully.
       success: True
        status: 0
           fun: 3028.795682992692
             x: [ 4.400e-01  1.026e+00  2.364e+00  1.295e+00]
           nit: 109
          nfev: 188
 final_simplex: (array([[ 4.400e-01,  1.026e+00,  2.364e+00,  1.295e+00],
                       [ 4.400e-01,  1.026e+00,  2.364e+00,  1.295e+00],
                       ...,
                       [ 4.400e-01,  1.026e+00,  2.364e+00,  1.295e+00],
                       [ 4.400e-01,  1.026e+00,  2.364e+00,  1.295e+00]]), array([ 3.029e+03,  3.029e+03,  3.029e+03,  3.029e+03,
                        3.029e+03]))
   param_names: ['d', 'e', 'f', 'g']
[0.44001521 1.02624549 2.36395306 1.29466615]
{'d': 0.44001521418061185, 'e': 1.026245491723613, 'f': 2.363953055804282, 'g': 1.294666147732487}
Previous:  {'d': 0.4441598502234669, 'e': 1.032229680747428, 'f': 2.361935192231596, 'g': 1.2945327066466248}
