prev {'d': 0.5320842208591885, 'e': 1.1588914367564973, 'f': 2.3361131989018764, 'g': 1.3018872056677688}
Starting ML Fit
Box28_1400
       message: Optimization terminated successfully.
       success: True
        status: 0
           fun: 12522.135615152521
             x: [ 5.166e-01  1.127e+00  2.342e+00  1.304e+00]
           nit: 129
          nfev: 219
 final_simplex: (array([[ 5.166e-01,  1.127e+00,  2.342e+00,  1.304e+00],
                       [ 5.166e-01,  1.127e+00,  2.342e+00,  1.304e+00],
                       ...,
                       [ 5.166e-01,  1.127e+00,  2.342e+00,  1.304e+00],
                       [ 5.166e-01,  1.127e+00,  2.342e+00,  1.304e+00]]), array([ 1.252e+04,  1.252e+04,  1.252e+04,  1.252e+04,
                        1.252e+04]))
   param_names: ['d', 'e', 'f', 'g']
[0.51657932 1.12693357 2.34192268 1.30373532]
{'d': 0.5165793215610531, 'e': 1.126933574025101, 'f': 2.3419226828177164, 'g': 1.3037353227616006}
Previous:  {'d': 0.5320842208591885, 'e': 1.1588914367564973, 'f': 2.3361131989018764, 'g': 1.3018872056677688}
