Leaving out Box_n50_19_1400
alist [1.0, 0.953321, 0.866399, 0.787402, 0.715608, 0.65036, 0.620002, 0.591061, 0.563471, 0.537169, 0.512095, 0.488191, 0.403224, 0.366459]
Iter 1/250 - Loss: 3.1875
Iter 2/250 - Loss: 2.8246
Iter 3/250 - Loss: 2.4893
Iter 4/250 - Loss: 2.1820
Iter 5/250 - Loss: 1.9032
Iter 6/250 - Loss: 1.6539
Iter 7/250 - Loss: 1.4356
Iter 8/250 - Loss: 1.2497
Iter 9/250 - Loss: 1.0968
Iter 10/250 - Loss: 0.9750
Iter 11/250 - Loss: 0.8792
Iter 12/250 - Loss: 0.8021
Iter 13/250 - Loss: 0.7354
Iter 14/250 - Loss: 0.6732
Iter 15/250 - Loss: 0.6126
Iter 16/250 - Loss: 0.5526
Iter 17/250 - Loss: 0.4911
Iter 18/250 - Loss: 0.4268
Iter 19/250 - Loss: 0.3617
Iter 20/250 - Loss: 0.2988
Iter 21/250 - Loss: 0.2407
Iter 22/250 - Loss: 0.1875
Iter 23/250 - Loss: 0.1368
Iter 24/250 - Loss: 0.0853
Iter 25/250 - Loss: 0.0319
Iter 26/250 - Loss: -0.0219
Iter 27/250 - Loss: -0.0739
Iter 28/250 - Loss: -0.1233
Iter 29/250 - Loss: -0.1706
Iter 30/250 - Loss: -0.2178
Iter 31/250 - Loss: -0.2658
Iter 32/250 - Loss: -0.3143
Iter 33/250 - Loss: -0.3622
Iter 34/250 - Loss: -0.4091
Iter 35/250 - Loss: -0.4547
Iter 36/250 - Loss: -0.4989
Iter 37/250 - Loss: -0.5426
Iter 38/250 - Loss: -0.5864
Iter 39/250 - Loss: -0.6297
Iter 40/250 - Loss: -0.6712
Iter 41/250 - Loss: -0.7106
Iter 42/250 - Loss: -0.7488
Iter 43/250 - Loss: -0.7865
Iter 44/250 - Loss: -0.8237
Iter 45/250 - Loss: -0.8601
Iter 46/250 - Loss: -0.8956
Iter 47/250 - Loss: -0.9310
Iter 48/250 - Loss: -0.9665
Iter 49/250 - Loss: -1.0025
Iter 50/250 - Loss: -1.0393
Iter 51/250 - Loss: -1.0770
Iter 52/250 - Loss: -1.1155
Iter 53/250 - Loss: -1.1541
Iter 54/250 - Loss: -1.1925
Iter 55/250 - Loss: -1.2302
Iter 56/250 - Loss: -1.2672
Iter 57/250 - Loss: -1.3032
Iter 58/250 - Loss: -1.3383
Iter 59/250 - Loss: -1.3725
Iter 60/250 - Loss: -1.4057
Iter 61/250 - Loss: -1.4381
Iter 62/250 - Loss: -1.4698
Iter 63/250 - Loss: -1.5009
Iter 64/250 - Loss: -1.5315
Iter 65/250 - Loss: -1.5618
Iter 66/250 - Loss: -1.5919
Iter 67/250 - Loss: -1.6219
Iter 68/250 - Loss: -1.6519
Iter 69/250 - Loss: -1.6819
Iter 70/250 - Loss: -1.7117
Iter 71/250 - Loss: -1.7414
Iter 72/250 - Loss: -1.7709
Iter 73/250 - Loss: -1.8003
Iter 74/250 - Loss: -1.8296
Iter 75/250 - Loss: -1.8591
Iter 76/250 - Loss: -1.8888
Iter 77/250 - Loss: -1.9190
Iter 78/250 - Loss: -1.9496
Iter 79/250 - Loss: -1.9809
Iter 80/250 - Loss: -2.0131
Iter 81/250 - Loss: -2.0453
Iter 82/250 - Loss: -2.0754
Iter 83/250 - Loss: -2.1022
Iter 84/250 - Loss: -2.1278
Iter 85/250 - Loss: -2.1538
Iter 86/250 - Loss: -2.1807
Iter 87/250 - Loss: -2.2084
Iter 88/250 - Loss: -2.2365
Iter 89/250 - Loss: -2.2644
Iter 90/250 - Loss: -2.2901
Iter 91/250 - Loss: -2.3202
Iter 92/250 - Loss: -2.3472
Iter 93/250 - Loss: -2.3735
Iter 94/250 - Loss: -2.3977
Iter 95/250 - Loss: -2.4213
Iter 96/250 - Loss: -2.4426
Iter 97/250 - Loss: -2.4626
Iter 98/250 - Loss: -2.4810
Iter 99/250 - Loss: -2.4996
Iter 100/250 - Loss: -2.5164
Iter 101/250 - Loss: -2.5342
Iter 102/250 - Loss: -2.5498
Iter 103/250 - Loss: -2.5658
Iter 104/250 - Loss: -2.5804
Iter 105/250 - Loss: -2.5952
Iter 106/250 - Loss: -2.6087
Iter 107/250 - Loss: -2.6217
Iter 108/250 - Loss: -2.6339
Iter 109/250 - Loss: -2.6452
Iter 110/250 - Loss: -2.6570
Iter 111/250 - Loss: -2.6686
Iter 112/250 - Loss: -2.6800
Iter 113/250 - Loss: -2.6901
Iter 114/250 - Loss: -2.6990
Iter 115/250 - Loss: -2.7075
Iter 116/250 - Loss: -2.7158
Iter 117/250 - Loss: -2.7238
Iter 118/250 - Loss: -2.7316
Iter 119/250 - Loss: -2.7390
Iter 120/250 - Loss: -2.7458
Iter 121/250 - Loss: -2.7521
Iter 122/250 - Loss: -2.7579
Iter 123/250 - Loss: -2.7633
Iter 124/250 - Loss: -2.7682
Iter 125/250 - Loss: -2.7726
Iter 126/250 - Loss: -2.7766
Iter 127/250 - Loss: -2.7801
Iter 128/250 - Loss: -2.7833
Iter 129/250 - Loss: -2.7863
Iter 130/250 - Loss: -2.7891
Iter 131/250 - Loss: -2.7917
Iter 132/250 - Loss: -2.7942
Iter 133/250 - Loss: -2.7966
Iter 134/250 - Loss: -2.7988
Iter 135/250 - Loss: -2.8009
Iter 136/250 - Loss: -2.8030
Iter 137/250 - Loss: -2.8050
Iter 138/250 - Loss: -2.8069
Iter 139/250 - Loss: -2.8087
Iter 140/250 - Loss: -2.8105
Iter 141/250 - Loss: -2.8122
Iter 142/250 - Loss: -2.8139
Iter 143/250 - Loss: -2.8155
Iter 144/250 - Loss: -2.8171
Iter 145/250 - Loss: -2.8186
Iter 146/250 - Loss: -2.8200
Iter 147/250 - Loss: -2.8214
Iter 148/250 - Loss: -2.8228
Iter 149/250 - Loss: -2.8241
Iter 150/250 - Loss: -2.8254
Iter 151/250 - Loss: -2.8266
Iter 152/250 - Loss: -2.8278
Iter 153/250 - Loss: -2.8289
Iter 154/250 - Loss: -2.8301
Iter 155/250 - Loss: -2.8312
Iter 156/250 - Loss: -2.8322
Iter 157/250 - Loss: -2.8332
Iter 158/250 - Loss: -2.8342
Iter 159/250 - Loss: -2.8352
Iter 160/250 - Loss: -2.8362
Iter 161/250 - Loss: -2.8371
Iter 162/250 - Loss: -2.8380
Iter 163/250 - Loss: -2.8389
Iter 164/250 - Loss: -2.8398
Iter 165/250 - Loss: -2.8406
Iter 166/250 - Loss: -2.8415
Iter 167/250 - Loss: -2.8423
Iter 168/250 - Loss: -2.8431
Iter 169/250 - Loss: -2.8439
Iter 170/250 - Loss: -2.8446
Iter 171/250 - Loss: -2.8454
Iter 172/250 - Loss: -2.8461
Iter 173/250 - Loss: -2.8468
Iter 174/250 - Loss: -2.8475
Iter 175/250 - Loss: -2.8481
Iter 176/250 - Loss: -2.8488
Iter 177/250 - Loss: -2.8494
Iter 178/250 - Loss: -2.8500
Iter 179/250 - Loss: -2.8506
Iter 180/250 - Loss: -2.8512
Iter 181/250 - Loss: -2.8518
Iter 182/250 - Loss: -2.8523
Iter 183/250 - Loss: -2.8529
Iter 184/250 - Loss: -2.8534
Iter 185/250 - Loss: -2.8539
Iter 186/250 - Loss: -2.8544
Iter 187/250 - Loss: -2.8549
Iter 188/250 - Loss: -2.8554
Iter 189/250 - Loss: -2.8559
Iter 190/250 - Loss: -2.8564
Iter 191/250 - Loss: -2.8568
Iter 192/250 - Loss: -2.8573
Iter 193/250 - Loss: -2.8577
Iter 194/250 - Loss: -2.8581
Iter 195/250 - Loss: -2.8585
Iter 196/250 - Loss: -2.8590
Iter 197/250 - Loss: -2.8594
Iter 198/250 - Loss: -2.8598
Iter 199/250 - Loss: -2.8601
Iter 200/250 - Loss: -2.8605
Iter 201/250 - Loss: -2.8609
Iter 202/250 - Loss: -2.8613
Iter 203/250 - Loss: -2.8616
Iter 204/250 - Loss: -2.8620
Iter 205/250 - Loss: -2.8623
Iter 206/250 - Loss: -2.8627
Iter 207/250 - Loss: -2.8630
Iter 208/250 - Loss: -2.8633
Iter 209/250 - Loss: -2.8637
Iter 210/250 - Loss: -2.8640
Iter 211/250 - Loss: -2.8643
Iter 212/250 - Loss: -2.8647
Iter 213/250 - Loss: -2.8650
Iter 214/250 - Loss: -2.8653
Iter 215/250 - Loss: -2.8656
Iter 216/250 - Loss: -2.8659
Iter 217/250 - Loss: -2.8663
Iter 218/250 - Loss: -2.8666
Iter 219/250 - Loss: -2.8669
Iter 220/250 - Loss: -2.8673
Iter 221/250 - Loss: -2.8676
Iter 222/250 - Loss: -2.8680
Iter 223/250 - Loss: -2.8684
Iter 224/250 - Loss: -2.8688
Iter 225/250 - Loss: -2.8693
Iter 226/250 - Loss: -2.8697
Iter 227/250 - Loss: -2.8702
Iter 228/250 - Loss: -2.8707
Iter 229/250 - Loss: -2.8712
Iter 230/250 - Loss: -2.8717
Iter 231/250 - Loss: -2.8722
Iter 232/250 - Loss: -2.8726
Iter 233/250 - Loss: -2.8731
Iter 234/250 - Loss: -2.8735
Iter 235/250 - Loss: -2.8739
Iter 236/250 - Loss: -2.8743
Iter 237/250 - Loss: -2.8746
Iter 238/250 - Loss: -2.8750
Iter 239/250 - Loss: -2.8753
Iter 240/250 - Loss: -2.8757
Iter 241/250 - Loss: -2.8760
Iter 242/250 - Loss: -2.8763
Iter 243/250 - Loss: -2.8765
Iter 244/250 - Loss: -2.8768
Iter 245/250 - Loss: -2.8771
Iter 246/250 - Loss: -2.8773
Iter 247/250 - Loss: -2.8775
Iter 248/250 - Loss: -2.8778
Iter 249/250 - Loss: -2.8780
Iter 250/250 - Loss: -2.8782
now training with smaller learning rate
Iter 1/250 - Loss: -2.8784
Iter 2/250 - Loss: -2.8787
Iter 3/250 - Loss: -2.8793
Iter 4/250 - Loss: -2.8798
Iter 5/250 - Loss: -2.8801
Iter 6/250 - Loss: -2.8806
Iter 7/250 - Loss: -2.8811
Iter 8/250 - Loss: -2.8816
Iter 9/250 - Loss: -2.8820
Iter 10/250 - Loss: -2.8824
Iter 11/250 - Loss: -2.8829
Iter 12/250 - Loss: -2.8833
Iter 13/250 - Loss: -2.8838
Iter 14/250 - Loss: -2.8842
Iter 15/250 - Loss: -2.8846
Iter 16/250 - Loss: -2.8850
Iter 17/250 - Loss: -2.8854
Iter 18/250 - Loss: -2.8858
Iter 19/250 - Loss: -2.8863
Iter 20/250 - Loss: -2.8867
Iter 21/250 - Loss: -2.8871
Iter 22/250 - Loss: -2.8875
Iter 23/250 - Loss: -2.8879
Iter 24/250 - Loss: -2.8883
Iter 25/250 - Loss: -2.8887
Iter 26/250 - Loss: -2.8891
Iter 27/250 - Loss: -2.8894
Iter 28/250 - Loss: -2.8898
Iter 29/250 - Loss: -2.8902
Iter 30/250 - Loss: -2.8906
Iter 31/250 - Loss: -2.8910
Iter 32/250 - Loss: -2.8914
Iter 33/250 - Loss: -2.8918
Iter 34/250 - Loss: -2.8921
Iter 35/250 - Loss: -2.8925
Iter 36/250 - Loss: -2.8929
Iter 37/250 - Loss: -2.8932
Iter 38/250 - Loss: -2.8936
Iter 39/250 - Loss: -2.8940
Iter 40/250 - Loss: -2.8943
Iter 41/250 - Loss: -2.8947
Iter 42/250 - Loss: -2.8950
Iter 43/250 - Loss: -2.8954
Iter 44/250 - Loss: -2.8958
Iter 45/250 - Loss: -2.8961
Iter 46/250 - Loss: -2.8965
Iter 47/250 - Loss: -2.8968
Iter 48/250 - Loss: -2.8972
Iter 49/250 - Loss: -2.8975
Iter 50/250 - Loss: -2.8979
Iter 51/250 - Loss: -2.8982
Iter 52/250 - Loss: -2.8985
Iter 53/250 - Loss: -2.8989
Iter 54/250 - Loss: -2.8992
Iter 55/250 - Loss: -2.8995
Iter 56/250 - Loss: -2.8999
Iter 57/250 - Loss: -2.9002
Iter 58/250 - Loss: -2.9005
Iter 59/250 - Loss: -2.9008
Iter 60/250 - Loss: -2.9012
Iter 61/250 - Loss: -2.9015
Iter 62/250 - Loss: -2.9018
Iter 63/250 - Loss: -2.9021
Iter 64/250 - Loss: -2.9024
Iter 65/250 - Loss: -2.9027
Iter 66/250 - Loss: -2.9030
Iter 67/250 - Loss: -2.9033
Iter 68/250 - Loss: -2.9036
Iter 69/250 - Loss: -2.9038
Iter 70/250 - Loss: -2.9041
Iter 71/250 - Loss: -2.9044
Iter 72/250 - Loss: -2.9047
Iter 73/250 - Loss: -2.9050
Iter 74/250 - Loss: -2.9052
Iter 75/250 - Loss: -2.9055
Iter 76/250 - Loss: -2.9058
Iter 77/250 - Loss: -2.9060
Iter 78/250 - Loss: -2.9063
Iter 79/250 - Loss: -2.9065
Iter 80/250 - Loss: -2.9068
Iter 81/250 - Loss: -2.9070
Iter 82/250 - Loss: -2.9073
Iter 83/250 - Loss: -2.9075
Iter 84/250 - Loss: -2.9077
Iter 85/250 - Loss: -2.9080
Iter 86/250 - Loss: -2.9082
Iter 87/250 - Loss: -2.9084
Iter 88/250 - Loss: -2.9086
Iter 89/250 - Loss: -2.9089
Iter 90/250 - Loss: -2.9091
Iter 91/250 - Loss: -2.9093
Iter 92/250 - Loss: -2.9095
Iter 93/250 - Loss: -2.9098
Iter 94/250 - Loss: -2.9100
Iter 95/250 - Loss: -2.9102
Iter 96/250 - Loss: -2.9104
Iter 97/250 - Loss: -2.9106
Iter 98/250 - Loss: -2.9108
Iter 99/250 - Loss: -2.9110
Iter 100/250 - Loss: -2.9112
Iter 101/250 - Loss: -2.9114
Iter 102/250 - Loss: -2.9116
Iter 103/250 - Loss: -2.9118
Iter 104/250 - Loss: -2.9120
Iter 105/250 - Loss: -2.9122
Iter 106/250 - Loss: -2.9123
Iter 107/250 - Loss: -2.9125
Iter 108/250 - Loss: -2.9127
Iter 109/250 - Loss: -2.9129
Iter 110/250 - Loss: -2.9131
Iter 111/250 - Loss: -2.9133
Iter 112/250 - Loss: -2.9134
Iter 113/250 - Loss: -2.9136
Iter 114/250 - Loss: -2.9138
Iter 115/250 - Loss: -2.9140
Iter 116/250 - Loss: -2.9141
Iter 117/250 - Loss: -2.9143
Iter 118/250 - Loss: -2.9145
Iter 119/250 - Loss: -2.9146
Iter 120/250 - Loss: -2.9148
Iter 121/250 - Loss: -2.9150
Iter 122/250 - Loss: -2.9151
Iter 123/250 - Loss: -2.9153
Iter 124/250 - Loss: -2.9155
Iter 125/250 - Loss: -2.9156
Iter 126/250 - Loss: -2.9157
Iter 127/250 - Loss: -2.9159
Iter 128/250 - Loss: -2.9160
Iter 129/250 - Loss: -2.9162
Iter 130/250 - Loss: -2.9164
Iter 131/250 - Loss: -2.9165
Iter 132/250 - Loss: -2.9166
Iter 133/250 - Loss: -2.9167
Iter 134/250 - Loss: -2.9169
Iter 135/250 - Loss: -2.9170
Iter 136/250 - Loss: -2.9171
Iter 137/250 - Loss: -2.9173
Iter 138/250 - Loss: -2.9174
Iter 139/250 - Loss: -2.9175
Iter 140/250 - Loss: -2.9176
Iter 141/250 - Loss: -2.9178
Iter 142/250 - Loss: -2.9179
Iter 143/250 - Loss: -2.9180
Iter 144/250 - Loss: -2.9181
Iter 145/250 - Loss: -2.9182
Iter 146/250 - Loss: -2.9184
Iter 147/250 - Loss: -2.9185
Iter 148/250 - Loss: -2.9186
Iter 149/250 - Loss: -2.9187
Iter 150/250 - Loss: -2.9188
Iter 151/250 - Loss: -2.9189
Iter 152/250 - Loss: -2.9190
Iter 153/250 - Loss: -2.9191
Iter 154/250 - Loss: -2.9193
Iter 155/250 - Loss: -2.9194
Iter 156/250 - Loss: -2.9195
Iter 157/250 - Loss: -2.9196
Iter 158/250 - Loss: -2.9197
Iter 159/250 - Loss: -2.9198
Iter 160/250 - Loss: -2.9199
Iter 161/250 - Loss: -2.9200
Iter 162/250 - Loss: -2.9201
Iter 163/250 - Loss: -2.9202
Iter 164/250 - Loss: -2.9203
Iter 165/250 - Loss: -2.9204
Iter 166/250 - Loss: -2.9205
Iter 167/250 - Loss: -2.9206
Iter 168/250 - Loss: -2.9207
Iter 169/250 - Loss: -2.9208
Iter 170/250 - Loss: -2.9209
Iter 171/250 - Loss: -2.9209
Iter 172/250 - Loss: -2.9210
Iter 173/250 - Loss: -2.9211
Iter 174/250 - Loss: -2.9212
Iter 175/250 - Loss: -2.9213
Iter 176/250 - Loss: -2.9214
Iter 177/250 - Loss: -2.9215
Iter 178/250 - Loss: -2.9216
Iter 179/250 - Loss: -2.9216
Iter 180/250 - Loss: -2.9217
Iter 181/250 - Loss: -2.9218
Iter 182/250 - Loss: -2.9219
Iter 183/250 - Loss: -2.9220
Iter 184/250 - Loss: -2.9221
Iter 185/250 - Loss: -2.9221
Iter 186/250 - Loss: -2.9222
Iter 187/250 - Loss: -2.9223
Iter 188/250 - Loss: -2.9224
Iter 189/250 - Loss: -2.9225
Iter 190/250 - Loss: -2.9225
Iter 191/250 - Loss: -2.9226
Iter 192/250 - Loss: -2.9227
Iter 193/250 - Loss: -2.9227
Iter 194/250 - Loss: -2.9228
Iter 195/250 - Loss: -2.9229
Iter 196/250 - Loss: -2.9229
Iter 197/250 - Loss: -2.9230
Iter 198/250 - Loss: -2.9231
Iter 199/250 - Loss: -2.9232
Iter 200/250 - Loss: -2.9232
Iter 201/250 - Loss: -2.9233
Iter 202/250 - Loss: -2.9234
Iter 203/250 - Loss: -2.9234
Iter 204/250 - Loss: -2.9235
Iter 205/250 - Loss: -2.9236
Iter 206/250 - Loss: -2.9236
Iter 207/250 - Loss: -2.9237
Iter 208/250 - Loss: -2.9237
Iter 209/250 - Loss: -2.9238
Iter 210/250 - Loss: -2.9239
Iter 211/250 - Loss: -2.9239
Iter 212/250 - Loss: -2.9240
Iter 213/250 - Loss: -2.9240
Iter 214/250 - Loss: -2.9241
Iter 215/250 - Loss: -2.9242
Iter 216/250 - Loss: -2.9242
Iter 217/250 - Loss: -2.9243
Iter 218/250 - Loss: -2.9243
Iter 219/250 - Loss: -2.9244
Iter 220/250 - Loss: -2.9244
Iter 221/250 - Loss: -2.9245
Iter 222/250 - Loss: -2.9245
Iter 223/250 - Loss: -2.9246
Iter 224/250 - Loss: -2.9246
Iter 225/250 - Loss: -2.9247
Iter 226/250 - Loss: -2.9248
Iter 227/250 - Loss: -2.9248
Iter 228/250 - Loss: -2.9248
Iter 229/250 - Loss: -2.9249
Iter 230/250 - Loss: -2.9250
Iter 231/250 - Loss: -2.9250
Iter 232/250 - Loss: -2.9250
Iter 233/250 - Loss: -2.9251
Iter 234/250 - Loss: -2.9251
Iter 235/250 - Loss: -2.9252
Iter 236/250 - Loss: -2.9252
Iter 237/250 - Loss: -2.9253
Iter 238/250 - Loss: -2.9253
Iter 239/250 - Loss: -2.9253
Iter 240/250 - Loss: -2.9254
Iter 241/250 - Loss: -2.9255
Iter 242/250 - Loss: -2.9255
Iter 243/250 - Loss: -2.9255
Iter 244/250 - Loss: -2.9256
Iter 245/250 - Loss: -2.9256
Iter 246/250 - Loss: -2.9257
Iter 247/250 - Loss: -2.9257
Iter 248/250 - Loss: -2.9258
Iter 249/250 - Loss: -2.9258
Iter 250/250 - Loss: -2.9258
