prev {'d': 0.4726100249813064, 'e': 1.4462709434816747, 'f': 2.279965961362981, 'g': 1.2343198092102372}
Starting ML Fit
Box_n50_20_1400
       message: Optimization terminated successfully.
       success: True
        status: 0
           fun: 4637.927241491006
             x: [ 4.682e-01  1.457e+00  2.278e+00  1.233e+00]
           nit: 91
          nfev: 160
 final_simplex: (array([[ 4.682e-01,  1.457e+00,  2.278e+00,  1.233e+00],
                       [ 4.682e-01,  1.457e+00,  2.278e+00,  1.233e+00],
                       ...,
                       [ 4.682e-01,  1.457e+00,  2.278e+00,  1.233e+00],
                       [ 4.682e-01,  1.457e+00,  2.278e+00,  1.233e+00]]), array([ 4.638e+03,  4.638e+03,  4.638e+03,  4.638e+03,
                        4.638e+03]))
   param_names: ['d', 'e', 'f', 'g']
[0.4681639  1.45663603 2.27843505 1.23317139]
{'d': 0.468163901657344, 'e': 1.4566360319159801, 'f': 2.2784350545501892, 'g': 1.2331713868503424}
Previous:  {'d': 0.4726100249813064, 'e': 1.4462709434816747, 'f': 2.279965961362981, 'g': 1.2343198092102372}
