prev {'d': 0.5150128573458879, 'e': 1.1431797156457717, 'f': 2.332140861795047, 'g': 1.2503573579437288}
Starting ML Fit
Box_n50_30_1400
       message: Optimization terminated successfully.
       success: True
        status: 0
           fun: 9848.68724935629
             x: [ 4.992e-01  1.118e+00  2.335e+00  1.248e+00]
           nit: 98
          nfev: 173
 final_simplex: (array([[ 4.992e-01,  1.118e+00,  2.335e+00,  1.248e+00],
                       [ 4.992e-01,  1.118e+00,  2.335e+00,  1.248e+00],
                       ...,
                       [ 4.992e-01,  1.118e+00,  2.335e+00,  1.248e+00],
                       [ 4.992e-01,  1.118e+00,  2.335e+00,  1.248e+00]]), array([ 9.849e+03,  9.849e+03,  9.849e+03,  9.849e+03,
                        9.849e+03]))
   param_names: ['d', 'e', 'f', 'g']
[0.49921531 1.11764362 2.33511291 1.24808224]
{'d': 0.4992153055297901, 'e': 1.1176436153295861, 'f': 2.335112912389003, 'g': 1.2480822397115605}
Previous:  {'d': 0.5150128573458879, 'e': 1.1431797156457717, 'f': 2.332140861795047, 'g': 1.2503573579437288}
