prev {'d': 0.39293339829783935, 'e': 0.9693819464465356, 'f': 2.339921980523144, 'g': 1.2287574573388897}
Starting ML Fit
Box49_1400
       message: Optimization terminated successfully.
       success: True
        status: 0
           fun: 423.3203345268759
             x: [ 3.699e-01  9.711e-01  2.340e+00  1.201e+00]
           nit: 112
          nfev: 201
 final_simplex: (array([[ 3.699e-01,  9.711e-01,  2.340e+00,  1.201e+00],
                       [ 3.699e-01,  9.711e-01,  2.340e+00,  1.201e+00],
                       ...,
                       [ 3.699e-01,  9.711e-01,  2.340e+00,  1.201e+00],
                       [ 3.699e-01,  9.711e-01,  2.340e+00,  1.201e+00]]), array([ 4.233e+02,  4.233e+02,  4.233e+02,  4.233e+02,
                        4.233e+02]))
   param_names: ['d', 'e', 'f', 'g']
[0.36989178 0.97107344 2.33993179 1.20097152]
{'d': 0.3698917820534556, 'e': 0.971073440269497, 'f': 2.3399317928359715, 'g': 1.200971519563275}
Previous:  {'d': 0.39293339829783935, 'e': 0.9693819464465356, 'f': 2.339921980523144, 'g': 1.2287574573388897}
