prev {'d': 0.4751304835454416, 'e': 1.0082480331199952, 'f': 2.3343282399409735, 'g': 1.2753457500598135}
Starting ML Fit
Box50_1400
       message: Optimization terminated successfully.
       success: True
        status: 0
           fun: 15622.31015740286
             x: [ 4.742e-01  9.893e-01  2.335e+00  1.304e+00]
           nit: 99
          nfev: 181
 final_simplex: (array([[ 4.742e-01,  9.893e-01,  2.335e+00,  1.304e+00],
                       [ 4.742e-01,  9.893e-01,  2.335e+00,  1.304e+00],
                       ...,
                       [ 4.742e-01,  9.893e-01,  2.335e+00,  1.304e+00],
                       [ 4.742e-01,  9.893e-01,  2.335e+00,  1.304e+00]]), array([ 1.562e+04,  1.562e+04,  1.562e+04,  1.562e+04,
                        1.562e+04]))
   param_names: ['d', 'e', 'f', 'g']
[0.47424566 0.98930005 2.33477154 1.30408394]
{'d': 0.4742456586079711, 'e': 0.9893000482280967, 'f': 2.334771542093782, 'g': 1.3040839412219873}
Previous:  {'d': 0.4751304835454416, 'e': 1.0082480331199952, 'f': 2.3343282399409735, 'g': 1.2753457500598135}
