prev {'d': 0.521639403602863, 'e': 1.2049482166359469, 'f': 2.338216379565435, 'g': 1.2968529168198215}
Starting ML Fit
Box_n50_29_1400
       message: Optimization terminated successfully.
       success: True
        status: 0
           fun: 8307.806228210311
             x: [ 5.091e-01  1.198e+00  2.339e+00  1.299e+00]
           nit: 106
          nfev: 189
 final_simplex: (array([[ 5.091e-01,  1.198e+00,  2.339e+00,  1.299e+00],
                       [ 5.091e-01,  1.198e+00,  2.339e+00,  1.299e+00],
                       ...,
                       [ 5.091e-01,  1.198e+00,  2.339e+00,  1.299e+00],
                       [ 5.091e-01,  1.198e+00,  2.339e+00,  1.299e+00]]), array([ 8.308e+03,  8.308e+03,  8.308e+03,  8.308e+03,
                        8.308e+03]))
   param_names: ['d', 'e', 'f', 'g']
[0.50906578 1.19845967 2.33901779 1.29854389]
{'d': 0.509065780752041, 'e': 1.1984596741361924, 'f': 2.339017786495563, 'g': 1.2985438948505066}
Previous:  {'d': 0.521639403602863, 'e': 1.2049482166359469, 'f': 2.338216379565435, 'g': 1.2968529168198215}
