prev {'d': 0.4614822755518305, 'e': 0.9197640519137102, 'f': 2.319262419509335, 'g': 1.324778738510273}
Starting ML Fit
Box77_1400
       message: Optimization terminated successfully.
       success: True
        status: 0
           fun: 3221.269345080023
             x: [ 4.590e-01  9.483e-01  2.316e+00  1.318e+00]
           nit: 66
          nfev: 126
 final_simplex: (array([[ 4.590e-01,  9.483e-01,  2.316e+00,  1.318e+00],
                       [ 4.590e-01,  9.483e-01,  2.316e+00,  1.318e+00],
                       ...,
                       [ 4.590e-01,  9.483e-01,  2.316e+00,  1.318e+00],
                       [ 4.590e-01,  9.483e-01,  2.316e+00,  1.318e+00]]), array([ 3.221e+03,  3.221e+03,  3.221e+03,  3.221e+03,
                        3.221e+03]))
   param_names: ['d', 'e', 'f', 'g']
[0.45899147 0.94826932 2.31625136 1.3177778 ]
{'d': 0.4589914683201615, 'e': 0.9482693195980366, 'f': 2.3162513580042168, 'g': 1.3177777978021694}
Previous:  {'d': 0.4614822755518305, 'e': 0.9197640519137102, 'f': 2.319262419509335, 'g': 1.324778738510273}
