prev {'d': 0.4396999841329933, 'e': 0.8005025525586662, 'f': 2.291323194572982, 'g': 1.2979615004274203}
Starting ML Fit
Box53_1400
       message: Optimization terminated successfully.
       success: True
        status: 0
           fun: 5309.790132509758
             x: [ 4.289e-01  7.340e-01  2.291e+00  1.297e+00]
           nit: 99
          nfev: 180
 final_simplex: (array([[ 4.289e-01,  7.340e-01,  2.291e+00,  1.297e+00],
                       [ 4.289e-01,  7.340e-01,  2.291e+00,  1.297e+00],
                       ...,
                       [ 4.289e-01,  7.340e-01,  2.291e+00,  1.297e+00],
                       [ 4.289e-01,  7.340e-01,  2.291e+00,  1.297e+00]]), array([ 5.310e+03,  5.310e+03,  5.310e+03,  5.310e+03,
                        5.310e+03]))
   param_names: ['d', 'e', 'f', 'g']
[0.42888998 0.73402001 2.29148702 1.29739008]
{'d': 0.4288899791793034, 'e': 0.734020009669949, 'f': 2.291487018631512, 'g': 1.297390081671012}
Previous:  {'d': 0.4396999841329933, 'e': 0.8005025525586662, 'f': 2.291323194572982, 'g': 1.2979615004274203}
