alist [1.0, 0.953321, 0.866399, 0.787402, 0.715608, 0.65036, 0.620002, 0.591061, 0.563471, 0.537169, 0.512095, 0.488191, 0.403224, 0.366459]
Leaving out Box93_1400
Iter 1/250 - Loss: 6.2156
Iter 2/250 - Loss: 5.8708
Iter 3/250 - Loss: 5.2149
Iter 4/250 - Loss: 4.9123
Iter 5/250 - Loss: 4.4139
Iter 6/250 - Loss: 4.0269
Iter 7/250 - Loss: 3.6156
Iter 8/250 - Loss: 3.2996
Iter 9/250 - Loss: 2.9692
Iter 10/250 - Loss: 2.6788
Iter 11/250 - Loss: 2.4098
Iter 12/250 - Loss: 2.1629
Iter 13/250 - Loss: 1.9327
Iter 14/250 - Loss: 1.7170
Iter 15/250 - Loss: 1.5149
Iter 16/250 - Loss: 1.3252
Iter 17/250 - Loss: 1.1490
Iter 18/250 - Loss: 0.9897
Iter 19/250 - Loss: 0.8502
Iter 20/250 - Loss: 0.7236
Iter 21/250 - Loss: 0.6038
Iter 22/250 - Loss: 0.4891
Iter 23/250 - Loss: 0.3797
Iter 24/250 - Loss: 0.2765
Iter 25/250 - Loss: 0.1798
Iter 26/250 - Loss: 0.0900
Iter 27/250 - Loss: 0.0071
Iter 28/250 - Loss: -0.0693
Iter 29/250 - Loss: -0.1403
Iter 30/250 - Loss: -0.2068
Iter 31/250 - Loss: -0.2697
Iter 32/250 - Loss: -0.3294
Iter 33/250 - Loss: -0.3862
Iter 34/250 - Loss: -0.4400
Iter 35/250 - Loss: -0.4915
Iter 36/250 - Loss: -0.5415
Iter 37/250 - Loss: -0.5905
Iter 38/250 - Loss: -0.6386
Iter 39/250 - Loss: -0.6854
Iter 40/250 - Loss: -0.7308
Iter 41/250 - Loss: -0.7748
Iter 42/250 - Loss: -0.8179
Iter 43/250 - Loss: -0.8610
Iter 44/250 - Loss: -0.9044
Iter 45/250 - Loss: -0.9484
Iter 46/250 - Loss: -0.9930
Iter 47/250 - Loss: -1.0379
Iter 48/250 - Loss: -1.0829
Iter 49/250 - Loss: -1.1280
Iter 50/250 - Loss: -1.1731
Iter 51/250 - Loss: -1.2181
Iter 52/250 - Loss: -1.2631
Iter 53/250 - Loss: -1.3081
Iter 54/250 - Loss: -1.3536
Iter 55/250 - Loss: -1.3998
Iter 56/250 - Loss: -1.4463
Iter 57/250 - Loss: -1.4924
Iter 58/250 - Loss: -1.5382
Iter 59/250 - Loss: -1.5836
Iter 60/250 - Loss: -1.6282
Iter 61/250 - Loss: -1.6716
Iter 62/250 - Loss: -1.7133
Iter 63/250 - Loss: -1.7532
Iter 64/250 - Loss: -1.7920
Iter 65/250 - Loss: -1.8305
Iter 66/250 - Loss: -1.8692
Iter 67/250 - Loss: -1.9084
Iter 68/250 - Loss: -1.9483
Iter 69/250 - Loss: -1.9888
Iter 70/250 - Loss: -2.0296
Iter 71/250 - Loss: -2.0705
Iter 72/250 - Loss: -2.1110
Iter 73/250 - Loss: -2.1506
Iter 74/250 - Loss: -2.1890
Iter 75/250 - Loss: -2.2258
Iter 76/250 - Loss: -2.2608
Iter 77/250 - Loss: -2.2939
Iter 78/250 - Loss: -2.3249
Iter 79/250 - Loss: -2.3543
Iter 80/250 - Loss: -2.3820
Iter 81/250 - Loss: -2.4084
Iter 82/250 - Loss: -2.4336
Iter 83/250 - Loss: -2.4580
Iter 84/250 - Loss: -2.4815
Iter 85/250 - Loss: -2.5042
Iter 86/250 - Loss: -2.5258
Iter 87/250 - Loss: -2.5463
Iter 88/250 - Loss: -2.5657
Iter 89/250 - Loss: -2.5838
Iter 90/250 - Loss: -2.6007
Iter 91/250 - Loss: -2.6165
Iter 92/250 - Loss: -2.6313
Iter 93/250 - Loss: -2.6452
Iter 94/250 - Loss: -2.6583
Iter 95/250 - Loss: -2.6708
Iter 96/250 - Loss: -2.6826
Iter 97/250 - Loss: -2.6938
Iter 98/250 - Loss: -2.7046
Iter 99/250 - Loss: -2.7148
Iter 100/250 - Loss: -2.7244
Iter 101/250 - Loss: -2.7335
Iter 102/250 - Loss: -2.7422
Iter 103/250 - Loss: -2.7503
Iter 104/250 - Loss: -2.7579
Iter 105/250 - Loss: -2.7650
Iter 106/250 - Loss: -2.7718
Iter 107/250 - Loss: -2.7781
Iter 108/250 - Loss: -2.7840
Iter 109/250 - Loss: -2.7896
Iter 110/250 - Loss: -2.7949
Iter 111/250 - Loss: -2.7999
Iter 112/250 - Loss: -2.8045
Iter 113/250 - Loss: -2.8089
Iter 114/250 - Loss: -2.8133
Iter 115/250 - Loss: -2.8173
Iter 116/250 - Loss: -2.8210
Iter 117/250 - Loss: -2.8246
Iter 118/250 - Loss: -2.8280
Iter 119/250 - Loss: -2.8312
Iter 120/250 - Loss: -2.8342
Iter 121/250 - Loss: -2.8371
Iter 122/250 - Loss: -2.8399
Iter 123/250 - Loss: -2.8425
Iter 124/250 - Loss: -2.8450
Iter 125/250 - Loss: -2.8474
Iter 126/250 - Loss: -2.8497
Iter 127/250 - Loss: -2.8519
Iter 128/250 - Loss: -2.8540
Iter 129/250 - Loss: -2.8560
Iter 130/250 - Loss: -2.8580
Iter 131/250 - Loss: -2.8598
Iter 132/250 - Loss: -2.8615
Iter 133/250 - Loss: -2.8631
Iter 134/250 - Loss: -2.8645
Iter 135/250 - Loss: -2.8663
Iter 136/250 - Loss: -2.8676
Iter 137/250 - Loss: -2.8692
Iter 138/250 - Loss: -2.8705
Iter 139/250 - Loss: -2.8718
Iter 140/250 - Loss: -2.8730
Iter 141/250 - Loss: -2.8742
Iter 142/250 - Loss: -2.8754
Iter 143/250 - Loss: -2.8765
Iter 144/250 - Loss: -2.8775
Iter 145/250 - Loss: -2.8786
Iter 146/250 - Loss: -2.8795
Iter 147/250 - Loss: -2.8805
Iter 148/250 - Loss: -2.8814
Iter 149/250 - Loss: -2.8823
Iter 150/250 - Loss: -2.8832
Iter 151/250 - Loss: -2.8840
Iter 152/250 - Loss: -2.8848
Iter 153/250 - Loss: -2.8856
Iter 154/250 - Loss: -2.8864
Iter 155/250 - Loss: -2.8871
Iter 156/250 - Loss: -2.8878
Iter 157/250 - Loss: -2.8885
Iter 158/250 - Loss: -2.8891
Iter 159/250 - Loss: -2.8897
Iter 160/250 - Loss: -2.8904
Iter 161/250 - Loss: -2.8910
Iter 162/250 - Loss: -2.8916
Iter 163/250 - Loss: -2.8921
Iter 164/250 - Loss: -2.8927
Iter 165/250 - Loss: -2.8932
Iter 166/250 - Loss: -2.8938
Iter 167/250 - Loss: -2.8942
Iter 168/250 - Loss: -2.8947
Iter 169/250 - Loss: -2.8952
Iter 170/250 - Loss: -2.8957
Iter 171/250 - Loss: -2.8962
Iter 172/250 - Loss: -2.8966
Iter 173/250 - Loss: -2.8970
Iter 174/250 - Loss: -2.8975
Iter 175/250 - Loss: -2.8979
Iter 176/250 - Loss: -2.8983
Iter 177/250 - Loss: -2.8987
Iter 178/250 - Loss: -2.8991
Iter 179/250 - Loss: -2.8995
Iter 180/250 - Loss: -2.8999
Iter 181/250 - Loss: -2.9003
Iter 182/250 - Loss: -2.9006
Iter 183/250 - Loss: -2.9011
Iter 184/250 - Loss: -2.9014
Iter 185/250 - Loss: -2.9019
Iter 186/250 - Loss: -2.9024
Iter 187/250 - Loss: -2.9028
Iter 188/250 - Loss: -2.9032
Iter 189/250 - Loss: -2.9036
Iter 190/250 - Loss: -2.9040
Iter 191/250 - Loss: -2.9043
Iter 192/250 - Loss: -2.9046
Iter 193/250 - Loss: -2.9049
Iter 194/250 - Loss: -2.9052
Iter 195/250 - Loss: -2.9056
Iter 196/250 - Loss: -2.9059
Iter 197/250 - Loss: -2.9062
Iter 198/250 - Loss: -2.9065
Iter 199/250 - Loss: -2.9068
Iter 200/250 - Loss: -2.9070
Iter 201/250 - Loss: -2.9072
Iter 202/250 - Loss: -2.9074
Iter 203/250 - Loss: -2.9077
Iter 204/250 - Loss: -2.9080
Iter 205/250 - Loss: -2.9082
Iter 206/250 - Loss: -2.9084
Iter 207/250 - Loss: -2.9087
Iter 208/250 - Loss: -2.9089
Iter 209/250 - Loss: -2.9091
Iter 210/250 - Loss: -2.9093
Iter 211/250 - Loss: -2.9095
Iter 212/250 - Loss: -2.9097
Iter 213/250 - Loss: -2.9099
Iter 214/250 - Loss: -2.9102
Iter 215/250 - Loss: -2.9104
Iter 216/250 - Loss: -2.9106
Iter 217/250 - Loss: -2.9108
Iter 218/250 - Loss: -2.9110
Iter 219/250 - Loss: -2.9112
Iter 220/250 - Loss: -2.9114
Iter 221/250 - Loss: -2.9116
Iter 222/250 - Loss: -2.9118
Iter 223/250 - Loss: -2.9120
Iter 224/250 - Loss: -2.9121
Iter 225/250 - Loss: -2.9123
Iter 226/250 - Loss: -2.9125
Iter 227/250 - Loss: -2.9126
Iter 228/250 - Loss: -2.9128
Iter 229/250 - Loss: -2.9130
Iter 230/250 - Loss: -2.9131
Iter 231/250 - Loss: -2.9133
Iter 232/250 - Loss: -2.9135
Iter 233/250 - Loss: -2.9136
Iter 234/250 - Loss: -2.9138
Iter 235/250 - Loss: -2.9139
Iter 236/250 - Loss: -2.9141
Iter 237/250 - Loss: -2.9142
Iter 238/250 - Loss: -2.9144
Iter 239/250 - Loss: -2.9145
Iter 240/250 - Loss: -2.9147
Iter 241/250 - Loss: -2.9148
Iter 242/250 - Loss: -2.9150
Iter 243/250 - Loss: -2.9151
Iter 244/250 - Loss: -2.9152
Iter 245/250 - Loss: -2.9154
Iter 246/250 - Loss: -2.9155
Iter 247/250 - Loss: -2.9157
Iter 248/250 - Loss: -2.9158
Iter 249/250 - Loss: -2.9159
Iter 250/250 - Loss: -2.9161
{'d': 0.41690913, 'e': 1.2093871, 'f': 2.2947226, 'g': 1.257759}
{'d': 0.42363134, 'e': 1.2136084, 'f': 2.2947636, 'g': 1.2617885}
{'d': 0.43928108, 'e': 1.2084816, 'f': 2.2962475, 'g': 1.2717613}
{'d': 0.4436914, 'e': 1.2042999, 'f': 2.2969384, 'g': 1.2745823}
{'d': 0.4483231, 'e': 1.1991124, 'f': 2.2977557, 'g': 1.2774858}
{'d': 0.45316756, 'e': 1.1927191, 'f': 2.298719, 'g': 1.280454}
{'d': 0.45824325, 'e': 1.1853052, 'f': 2.2998197, 'g': 1.2834461}
{'d': 0.46359634, 'e': 1.1774642, 'f': 2.301014, 'g': 1.2863929}
{'d': 0.46920866, 'e': 1.1688836, 'f': 2.3023374, 'g': 1.2892761}
{'d': 0.48129195, 'e': 1.1504865, 'f': 2.3053138, 'g': 1.294659}
{'d': 0.49450856, 'e': 1.1310862, 'f': 2.3087041, 'g': 1.2992679}
{'d': 0.50868344, 'e': 1.1121626, 'f': 2.3123949, 'g': 1.3028241}
{'d': 0.52324927, 'e': 1.0949347, 'f': 2.316226, 'g': 1.3051428}
{'d': 0.5304083, 'e': 1.0877271, 'f': 2.318097, 'g': 1.3057808}
