prev {'d': 0.4721826288214404, 'e': 1.1421509937386227, 'f': 2.3325656201220193, 'g': 1.1692303308161436}
Starting ML Fit
Box12_1400
       message: Optimization terminated successfully.
       success: True
        status: 0
           fun: 8697.883608295935
             x: [ 4.641e-01  1.119e+00  2.339e+00  1.169e+00]
           nit: 79
          nfev: 145
 final_simplex: (array([[ 4.641e-01,  1.119e+00,  2.339e+00,  1.169e+00],
                       [ 4.641e-01,  1.119e+00,  2.339e+00,  1.169e+00],
                       ...,
                       [ 4.641e-01,  1.119e+00,  2.339e+00,  1.169e+00],
                       [ 4.641e-01,  1.119e+00,  2.339e+00,  1.169e+00]]), array([ 8.698e+03,  8.698e+03,  8.698e+03,  8.698e+03,
                        8.698e+03]))
   param_names: ['d', 'e', 'f', 'g']
[0.4640809  1.11869137 2.33877093 1.16932462]
{'d': 0.4640809016705312, 'e': 1.118691369992499, 'f': 2.338770927739442, 'g': 1.1693246203768655}
Previous:  {'d': 0.4721826288214404, 'e': 1.1421509937386227, 'f': 2.3325656201220193, 'g': 1.1692303308161436}
