prev {'d': 0.526227605173508, 'e': 1.053547503470437, 'f': 2.3375982027532873, 'g': 1.3108987613078615}
Starting ML Fit
Box66_1400
       message: Optimization terminated successfully.
       success: True
        status: 0
           fun: 4398.610034811143
             x: [ 5.243e-01  1.015e+00  2.342e+00  1.308e+00]
           nit: 99
          nfev: 177
 final_simplex: (array([[ 5.243e-01,  1.015e+00,  2.342e+00,  1.308e+00],
                       [ 5.243e-01,  1.015e+00,  2.342e+00,  1.308e+00],
                       ...,
                       [ 5.243e-01,  1.015e+00,  2.342e+00,  1.308e+00],
                       [ 5.243e-01,  1.015e+00,  2.342e+00,  1.308e+00]]), array([ 4.399e+03,  4.399e+03,  4.399e+03,  4.399e+03,
                        4.399e+03]))
   param_names: ['d', 'e', 'f', 'g']
[0.52434159 1.01510784 2.3416609  1.30814962]
{'d': 0.5243415903966568, 'e': 1.0151078361575943, 'f': 2.341660903625395, 'g': 1.3081496164106228}
Previous:  {'d': 0.526227605173508, 'e': 1.053547503470437, 'f': 2.3375982027532873, 'g': 1.3108987613078615}
