prev {'d': 0.44864100595675377, 'e': 1.0627853423420628, 'f': 2.3309765336164694, 'g': 1.2146180251927972}
Starting ML Fit
Box30_1400
       message: Optimization terminated successfully.
       success: True
        status: 0
           fun: 7231.410370431869
             x: [ 4.420e-01  1.055e+00  2.334e+00  1.212e+00]
           nit: 80
          nfev: 148
 final_simplex: (array([[ 4.420e-01,  1.055e+00,  2.334e+00,  1.212e+00],
                       [ 4.420e-01,  1.055e+00,  2.334e+00,  1.212e+00],
                       ...,
                       [ 4.420e-01,  1.055e+00,  2.334e+00,  1.212e+00],
                       [ 4.420e-01,  1.055e+00,  2.334e+00,  1.212e+00]]), array([ 7.231e+03,  7.231e+03,  7.231e+03,  7.231e+03,
                        7.231e+03]))
   param_names: ['d', 'e', 'f', 'g']
[0.44196979 1.05509335 2.33358981 1.21175307]
{'d': 0.44196978804526244, 'e': 1.0550933546922132, 'f': 2.3335898065267133, 'g': 1.2117530666260048}
Previous:  {'d': 0.44864100595675377, 'e': 1.0627853423420628, 'f': 2.3309765336164694, 'g': 1.2146180251927972}
