prev {'d': 0.43466964494672544, 'e': 1.0409433156657655, 'f': 2.337888801753048, 'g': 1.210045758292082}
Starting ML Fit
Box30_1400
       message: Optimization terminated successfully.
       success: True
        status: 0
           fun: 5396.892154115031
             x: [ 4.258e-01  1.033e+00  2.341e+00  1.207e+00]
           nit: 90
          nfev: 159
 final_simplex: (array([[ 4.258e-01,  1.033e+00,  2.341e+00,  1.207e+00],
                       [ 4.258e-01,  1.033e+00,  2.341e+00,  1.207e+00],
                       ...,
                       [ 4.258e-01,  1.033e+00,  2.341e+00,  1.207e+00],
                       [ 4.258e-01,  1.033e+00,  2.341e+00,  1.207e+00]]), array([ 5.397e+03,  5.397e+03,  5.397e+03,  5.397e+03,
                        5.397e+03]))
   param_names: ['d', 'e', 'f', 'g']
[0.42580205 1.03256932 2.34062391 1.20695043]
{'d': 0.42580205409676775, 'e': 1.032569319506616, 'f': 2.34062390939465, 'g': 1.2069504342911372}
Previous:  {'d': 0.43466964494672544, 'e': 1.0409433156657655, 'f': 2.337888801753048, 'g': 1.210045758292082}
