prev {'d': 0.4735458957626802, 'e': 1.2832335727405038, 'f': 2.3096695416381077, 'g': 1.2336674838239448}
Starting ML Fit
Box_n50_9_1400
       message: Optimization terminated successfully.
       success: True
        status: 0
           fun: 2777.920663787134
             x: [ 4.688e-01  1.293e+00  2.307e+00  1.234e+00]
           nit: 73
          nfev: 138
 final_simplex: (array([[ 4.688e-01,  1.293e+00,  2.307e+00,  1.234e+00],
                       [ 4.688e-01,  1.293e+00,  2.307e+00,  1.234e+00],
                       ...,
                       [ 4.688e-01,  1.293e+00,  2.307e+00,  1.234e+00],
                       [ 4.688e-01,  1.293e+00,  2.307e+00,  1.234e+00]]), array([ 2.778e+03,  2.778e+03,  2.778e+03,  2.778e+03,
                        2.778e+03]))
   param_names: ['d', 'e', 'f', 'g']
[0.46876307 1.2927088  2.30729746 1.23447578]
{'d': 0.4687630698626146, 'e': 1.2927087968315985, 'f': 2.30729746393937, 'g': 1.234475775910298}
Previous:  {'d': 0.4735458957626802, 'e': 1.2832335727405038, 'f': 2.3096695416381077, 'g': 1.2336674838239448}
