prev {'d': 0.5160940718764034, 'e': 1.081900211723885, 'f': 2.3259081493950604, 'g': 1.2630516351792136}
Starting ML Fit
Box_n50_25_1400
       message: Optimization terminated successfully.
       success: True
        status: 0
           fun: 4397.672364028791
             x: [ 5.006e-01  1.060e+00  2.329e+00  1.264e+00]
           nit: 92
          nfev: 164
 final_simplex: (array([[ 5.006e-01,  1.060e+00,  2.329e+00,  1.264e+00],
                       [ 5.006e-01,  1.060e+00,  2.329e+00,  1.264e+00],
                       ...,
                       [ 5.006e-01,  1.060e+00,  2.329e+00,  1.264e+00],
                       [ 5.006e-01,  1.060e+00,  2.329e+00,  1.264e+00]]), array([ 4.398e+03,  4.398e+03,  4.398e+03,  4.398e+03,
                        4.398e+03]))
   param_names: ['d', 'e', 'f', 'g']
[0.50064709 1.06026231 2.32878025 1.26403517]
{'d': 0.5006470854142864, 'e': 1.0602623062878664, 'f': 2.3287802513529203, 'g': 1.2640351742072338}
Previous:  {'d': 0.5160940718764034, 'e': 1.081900211723885, 'f': 2.3259081493950604, 'g': 1.2630516351792136}
