prev {'d': 0.4973867819739552, 'e': 1.0063430505114037, 'f': 2.3378749217185, 'g': 1.263809396674441}
Starting ML Fit
Box_n50_40_1400
       message: Optimization terminated successfully.
       success: True
        status: 0
           fun: 9353.212021117719
             x: [ 4.833e-01  9.676e-01  2.340e+00  1.269e+00]
           nit: 97
          nfev: 168
 final_simplex: (array([[ 4.833e-01,  9.676e-01,  2.340e+00,  1.269e+00],
                       [ 4.833e-01,  9.676e-01,  2.340e+00,  1.269e+00],
                       ...,
                       [ 4.833e-01,  9.676e-01,  2.340e+00,  1.269e+00],
                       [ 4.833e-01,  9.676e-01,  2.340e+00,  1.269e+00]]), array([ 9.353e+03,  9.353e+03,  9.353e+03,  9.353e+03,
                        9.353e+03]))
   param_names: ['d', 'e', 'f', 'g']
[0.48328907 0.96755667 2.33974085 1.26893146]
{'d': 0.483289068790943, 'e': 0.9675566719696396, 'f': 2.339740847648091, 'g': 1.2689314637719409}
Previous:  {'d': 0.4973867819739552, 'e': 1.0063430505114037, 'f': 2.3378749217185, 'g': 1.263809396674441}
