prev {'d': 0.521764190034633, 'e': 1.2210295300820624, 'f': 2.3138505164915855, 'g': 1.2315786172866825}
Starting ML Fit
Box4_1400
       message: Optimization terminated successfully.
       success: True
        status: 0
           fun: 12470.781392703451
             x: [ 5.061e-01  1.228e+00  2.315e+00  1.234e+00]
           nit: 102
          nfev: 181
 final_simplex: (array([[ 5.061e-01,  1.228e+00,  2.315e+00,  1.234e+00],
                       [ 5.061e-01,  1.228e+00,  2.315e+00,  1.234e+00],
                       ...,
                       [ 5.061e-01,  1.228e+00,  2.315e+00,  1.234e+00],
                       [ 5.061e-01,  1.228e+00,  2.315e+00,  1.234e+00]]), array([ 1.247e+04,  1.247e+04,  1.247e+04,  1.247e+04,
                        1.247e+04]))
   param_names: ['d', 'e', 'f', 'g']
[0.5060876  1.22831943 2.314519   1.23357908]
{'d': 0.5060876029341532, 'e': 1.2283194257434116, 'f': 2.314519000798336, 'g': 1.2335790786344079}
Previous:  {'d': 0.521764190034633, 'e': 1.2210295300820624, 'f': 2.3138505164915855, 'g': 1.2315786172866825}
