prev {'d': 0.44892115530470555, 'e': 1.070527303798791, 'f': 2.334075369661327, 'g': 1.2888159780226234}
Starting ML Fit
Box24_1400
       message: Optimization terminated successfully.
       success: True
        status: 0
           fun: 5727.619319744755
             x: [ 4.582e-01  1.087e+00  2.331e+00  1.303e+00]
           nit: 84
          nfev: 157
 final_simplex: (array([[ 4.582e-01,  1.087e+00,  2.331e+00,  1.303e+00],
                       [ 4.582e-01,  1.087e+00,  2.331e+00,  1.303e+00],
                       ...,
                       [ 4.582e-01,  1.087e+00,  2.331e+00,  1.303e+00],
                       [ 4.582e-01,  1.087e+00,  2.331e+00,  1.303e+00]]), array([ 5.728e+03,  5.728e+03,  5.728e+03,  5.728e+03,
                        5.728e+03]))
   param_names: ['d', 'e', 'f', 'g']
[0.45816556 1.08670172 2.33058315 1.30301604]
{'d': 0.45816555700564554, 'e': 1.0867017203008094, 'f': 2.3305831513180344, 'g': 1.3030160442989245}
Previous:  {'d': 0.44892115530470555, 'e': 1.070527303798791, 'f': 2.334075369661327, 'g': 1.2888159780226234}
