prev {'d': 0.4636362050102961, 'e': 1.056326936812359, 'f': 2.328057178700762, 'g': 1.2857576154028296}
Starting ML Fit
Box_n50_13_1400
       message: Optimization terminated successfully.
       success: True
        status: 0
           fun: 6321.091305518427
             x: [ 4.562e-01  1.068e+00  2.327e+00  1.290e+00]
           nit: 92
          nfev: 162
 final_simplex: (array([[ 4.562e-01,  1.068e+00,  2.327e+00,  1.290e+00],
                       [ 4.562e-01,  1.068e+00,  2.327e+00,  1.290e+00],
                       ...,
                       [ 4.562e-01,  1.068e+00,  2.327e+00,  1.290e+00],
                       [ 4.562e-01,  1.068e+00,  2.327e+00,  1.290e+00]]), array([ 6.321e+03,  6.321e+03,  6.321e+03,  6.321e+03,
                        6.321e+03]))
   param_names: ['d', 'e', 'f', 'g']
[0.4561981  1.06767852 2.32653521 1.28971715]
{'d': 0.45619809706182035, 'e': 1.0676785184367483, 'f': 2.3265352122077534, 'g': 1.289717148915452}
Previous:  {'d': 0.4636362050102961, 'e': 1.056326936812359, 'f': 2.328057178700762, 'g': 1.2857576154028296}
