prev {'d': 0.4274585673642911, 'e': 1.337500533138341, 'f': 2.3147360782640183, 'g': 1.25593369629076}
Starting ML Fit
Box41_1400
       message: Optimization terminated successfully.
       success: True
        status: 0
           fun: 3472.770376228898
             x: [ 4.206e-01  1.339e+00  2.314e+00  1.250e+00]
           nit: 85
          nfev: 152
 final_simplex: (array([[ 4.206e-01,  1.339e+00,  2.314e+00,  1.250e+00],
                       [ 4.206e-01,  1.339e+00,  2.314e+00,  1.250e+00],
                       ...,
                       [ 4.206e-01,  1.339e+00,  2.315e+00,  1.250e+00],
                       [ 4.206e-01,  1.339e+00,  2.314e+00,  1.250e+00]]), array([ 3.473e+03,  3.473e+03,  3.473e+03,  3.473e+03,
                        3.473e+03]))
   param_names: ['d', 'e', 'f', 'g']
[0.42057813 1.33864772 2.31449363 1.24962907]
{'d': 0.4205781338544923, 'e': 1.3386477164755086, 'f': 2.3144936304898733, 'g': 1.2496290733174957}
Previous:  {'d': 0.4274585673642911, 'e': 1.337500533138341, 'f': 2.3147360782640183, 'g': 1.25593369629076}
