prev {'d': 0.46779711686676884, 'e': 0.9703700851385222, 'f': 2.3445149220054495, 'g': 1.2933034394327967}
Starting ML Fit
Box46_1400
       message: Optimization terminated successfully.
       success: True
        status: 0
           fun: 5232.086437118828
             x: [ 4.640e-01  9.807e-01  2.344e+00  1.290e+00]
           nit: 86
          nfev: 156
 final_simplex: (array([[ 4.640e-01,  9.807e-01,  2.344e+00,  1.290e+00],
                       [ 4.640e-01,  9.807e-01,  2.344e+00,  1.290e+00],
                       ...,
                       [ 4.640e-01,  9.807e-01,  2.344e+00,  1.290e+00],
                       [ 4.640e-01,  9.807e-01,  2.344e+00,  1.290e+00]]), array([ 5.232e+03,  5.232e+03,  5.232e+03,  5.232e+03,
                        5.232e+03]))
   param_names: ['d', 'e', 'f', 'g']
[0.46403703 0.9807007  2.34385144 1.28981708]
{'d': 0.464037031471487, 'e': 0.9807007031856458, 'f': 2.343851439963645, 'g': 1.2898170791841026}
Previous:  {'d': 0.46779711686676884, 'e': 0.9703700851385222, 'f': 2.3445149220054495, 'g': 1.2933034394327967}
