Leaving out Box58_1400
alist [1.0, 0.953321, 0.866399, 0.787402, 0.715608, 0.65036, 0.620002, 0.591061, 0.563471, 0.537169, 0.512095, 0.488191, 0.403224, 0.366459]
scaling input
scaling output
Iter 1/250 - Loss: 10.5090
Iter 2/250 - Loss: 9.6385
Iter 3/250 - Loss: 8.7197
Iter 4/250 - Loss: 7.7260
Iter 5/250 - Loss: 6.8427
Iter 6/250 - Loss: 5.9838
Iter 7/250 - Loss: 5.1517
Iter 8/250 - Loss: 4.3899
Iter 9/250 - Loss: 3.6968
Iter 10/250 - Loss: 3.0845
Iter 11/250 - Loss: 2.5650
Iter 12/250 - Loss: 2.1409
Iter 13/250 - Loss: 1.8003
Iter 14/250 - Loss: 1.5250
Iter 15/250 - Loss: 1.2978
Iter 16/250 - Loss: 1.1074
Iter 17/250 - Loss: 0.9494
Iter 18/250 - Loss: 0.8234
Iter 19/250 - Loss: 0.7319
Iter 20/250 - Loss: 0.6770
Iter 21/250 - Loss: 0.6541
Iter 22/250 - Loss: 0.6511
Iter 23/250 - Loss: 0.6538
Iter 24/250 - Loss: 0.6500
Iter 25/250 - Loss: 0.6311
Iter 26/250 - Loss: 0.5923
Iter 27/250 - Loss: 0.5340
Iter 28/250 - Loss: 0.4609
Iter 29/250 - Loss: 0.3813
Iter 30/250 - Loss: 0.3030
Iter 31/250 - Loss: 0.2307
Iter 32/250 - Loss: 0.1664
Iter 33/250 - Loss: 0.1106
Iter 34/250 - Loss: 0.0628
Iter 35/250 - Loss: 0.0212
Iter 36/250 - Loss: -0.0162
Iter 37/250 - Loss: -0.0513
Iter 38/250 - Loss: -0.0855
Iter 39/250 - Loss: -0.1194
Iter 40/250 - Loss: -0.1537
Iter 41/250 - Loss: -0.1884
Iter 42/250 - Loss: -0.2235
Iter 43/250 - Loss: -0.2587
Iter 44/250 - Loss: -0.2937
Iter 45/250 - Loss: -0.3279
Iter 46/250 - Loss: -0.3609
Iter 47/250 - Loss: -0.3921
Iter 48/250 - Loss: -0.4210
Iter 49/250 - Loss: -0.4472
Iter 50/250 - Loss: -0.4704
Iter 51/250 - Loss: -0.4908
Iter 52/250 - Loss: -0.5083
Iter 53/250 - Loss: -0.5235
Iter 54/250 - Loss: -0.5368
Iter 55/250 - Loss: -0.5486
Iter 56/250 - Loss: -0.5592
Iter 57/250 - Loss: -0.5692
Iter 58/250 - Loss: -0.5787
Iter 59/250 - Loss: -0.5878
Iter 60/250 - Loss: -0.5966
Iter 61/250 - Loss: -0.6050
Iter 62/250 - Loss: -0.6134
Iter 63/250 - Loss: -0.6219
Iter 64/250 - Loss: -0.6306
Iter 65/250 - Loss: -0.6397
Iter 66/250 - Loss: -0.6493
Iter 67/250 - Loss: -0.6590
Iter 68/250 - Loss: -0.6687
Iter 69/250 - Loss: -0.6781
Iter 70/250 - Loss: -0.6871
Iter 71/250 - Loss: -0.6957
Iter 72/250 - Loss: -0.7037
Iter 73/250 - Loss: -0.7115
Iter 74/250 - Loss: -0.7186
Iter 75/250 - Loss: -0.7252
Iter 76/250 - Loss: -0.7310
Iter 77/250 - Loss: -0.7356
Iter 78/250 - Loss: -0.7390
Iter 79/250 - Loss: -0.7417
Iter 80/250 - Loss: -0.7446
Iter 81/250 - Loss: -0.7484
Iter 82/250 - Loss: -0.7535
Iter 83/250 - Loss: -0.7594
Iter 84/250 - Loss: -0.7654
Iter 85/250 - Loss: -0.7708
Iter 86/250 - Loss: -0.7751
Iter 87/250 - Loss: -0.7785
Iter 88/250 - Loss: -0.7812
Iter 89/250 - Loss: -0.7836
Iter 90/250 - Loss: -0.7857
Iter 91/250 - Loss: -0.7878
Iter 92/250 - Loss: -0.7901
Iter 93/250 - Loss: -0.7924
Iter 94/250 - Loss: -0.7948
Iter 95/250 - Loss: -0.7973
Iter 96/250 - Loss: -0.7997
Iter 97/250 - Loss: -0.8020
Iter 98/250 - Loss: -0.8041
Iter 99/250 - Loss: -0.8059
Iter 100/250 - Loss: -0.8075
Iter 101/250 - Loss: -0.8087
Iter 102/250 - Loss: -0.8100
Iter 103/250 - Loss: -0.8115
Iter 104/250 - Loss: -0.8128
Iter 105/250 - Loss: -0.8138
Iter 106/250 - Loss: -0.8152
Iter 107/250 - Loss: -0.8163
Iter 108/250 - Loss: -0.8174
Iter 109/250 - Loss: -0.8184
Iter 110/250 - Loss: -0.8191
Iter 111/250 - Loss: -0.8200
Iter 112/250 - Loss: -0.8206
Iter 113/250 - Loss: -0.8213
Iter 114/250 - Loss: -0.8220
Iter 115/250 - Loss: -0.8226
Iter 116/250 - Loss: -0.8233
Iter 117/250 - Loss: -0.8239
Iter 118/250 - Loss: -0.8245
Iter 119/250 - Loss: -0.8252
Iter 120/250 - Loss: -0.8257
Iter 121/250 - Loss: -0.8263
Iter 122/250 - Loss: -0.8268
Iter 123/250 - Loss: -0.8273
Iter 124/250 - Loss: -0.8278
Iter 125/250 - Loss: -0.8283
Iter 126/250 - Loss: -0.8287
Iter 127/250 - Loss: -0.8292
Iter 128/250 - Loss: -0.8297
Iter 129/250 - Loss: -0.8301
Iter 130/250 - Loss: -0.8305
Iter 131/250 - Loss: -0.8309
Iter 132/250 - Loss: -0.8313
Iter 133/250 - Loss: -0.8317
Iter 134/250 - Loss: -0.8320
Iter 135/250 - Loss: -0.8324
Iter 136/250 - Loss: -0.8327
Iter 137/250 - Loss: -0.8331
Iter 138/250 - Loss: -0.8334
Iter 139/250 - Loss: -0.8338
Iter 140/250 - Loss: -0.8341
Iter 141/250 - Loss: -0.8344
Iter 142/250 - Loss: -0.8347
Iter 143/250 - Loss: -0.8350
Iter 144/250 - Loss: -0.8353
Iter 145/250 - Loss: -0.8356
Iter 146/250 - Loss: -0.8359
Iter 147/250 - Loss: -0.8361
Iter 148/250 - Loss: -0.8364
Iter 149/250 - Loss: -0.8366
Iter 150/250 - Loss: -0.8369
Iter 151/250 - Loss: -0.8371
Iter 152/250 - Loss: -0.8374
Iter 153/250 - Loss: -0.8377
Iter 154/250 - Loss: -0.8379
Iter 155/250 - Loss: -0.8381
Iter 156/250 - Loss: -0.8383
Iter 157/250 - Loss: -0.8385
Iter 158/250 - Loss: -0.8387
Iter 159/250 - Loss: -0.8389
Iter 160/250 - Loss: -0.8392
Iter 161/250 - Loss: -0.8394
Iter 162/250 - Loss: -0.8396
Iter 163/250 - Loss: -0.8398
Iter 164/250 - Loss: -0.8400
Iter 165/250 - Loss: -0.8401
Iter 166/250 - Loss: -0.8403
Iter 167/250 - Loss: -0.8405
Iter 168/250 - Loss: -0.8407
Iter 169/250 - Loss: -0.8408
Iter 170/250 - Loss: -0.8410
Iter 171/250 - Loss: -0.8412
Iter 172/250 - Loss: -0.8413
Iter 173/250 - Loss: -0.8415
Iter 174/250 - Loss: -0.8416
Iter 175/250 - Loss: -0.8418
Iter 176/250 - Loss: -0.8420
Iter 177/250 - Loss: -0.8421
Iter 178/250 - Loss: -0.8423
Iter 179/250 - Loss: -0.8424
Iter 180/250 - Loss: -0.8426
Iter 181/250 - Loss: -0.8427
Iter 182/250 - Loss: -0.8428
Iter 183/250 - Loss: -0.8430
Iter 184/250 - Loss: -0.8431
Iter 185/250 - Loss: -0.8432
Iter 186/250 - Loss: -0.8433
Iter 187/250 - Loss: -0.8434
Iter 188/250 - Loss: -0.8435
Iter 189/250 - Loss: -0.8436
Iter 190/250 - Loss: -0.8437
Iter 191/250 - Loss: -0.8437
Iter 192/250 - Loss: -0.8438
Iter 193/250 - Loss: -0.8440
Iter 194/250 - Loss: -0.8442
Iter 195/250 - Loss: -0.8444
Iter 196/250 - Loss: -0.8444
Iter 197/250 - Loss: -0.8445
Iter 198/250 - Loss: -0.8446
Iter 199/250 - Loss: -0.8447
Iter 200/250 - Loss: -0.8449
Iter 201/250 - Loss: -0.8450
Iter 202/250 - Loss: -0.8451
Iter 203/250 - Loss: -0.8451
Iter 204/250 - Loss: -0.8453
Iter 205/250 - Loss: -0.8454
Iter 206/250 - Loss: -0.8455
Iter 207/250 - Loss: -0.8455
Iter 208/250 - Loss: -0.8456
Iter 209/250 - Loss: -0.8457
Iter 210/250 - Loss: -0.8458
Iter 211/250 - Loss: -0.8459
Iter 212/250 - Loss: -0.8460
Iter 213/250 - Loss: -0.8460
Iter 214/250 - Loss: -0.8461
Iter 215/250 - Loss: -0.8462
Iter 216/250 - Loss: -0.8463
Iter 217/250 - Loss: -0.8464
Iter 218/250 - Loss: -0.8465
Iter 219/250 - Loss: -0.8465
Iter 220/250 - Loss: -0.8466
Iter 221/250 - Loss: -0.8467
Iter 222/250 - Loss: -0.8467
Iter 223/250 - Loss: -0.8468
Iter 224/250 - Loss: -0.8469
Iter 225/250 - Loss: -0.8470
Iter 226/250 - Loss: -0.8470
Iter 227/250 - Loss: -0.8471
Iter 228/250 - Loss: -0.8472
Iter 229/250 - Loss: -0.8472
Iter 230/250 - Loss: -0.8473
Iter 231/250 - Loss: -0.8474
Iter 232/250 - Loss: -0.8474
Iter 233/250 - Loss: -0.8475
Iter 234/250 - Loss: -0.8476
Iter 235/250 - Loss: -0.8476
Iter 236/250 - Loss: -0.8477
Iter 237/250 - Loss: -0.8477
Iter 238/250 - Loss: -0.8478
Iter 239/250 - Loss: -0.8479
Iter 240/250 - Loss: -0.8480
Iter 241/250 - Loss: -0.8480
Iter 242/250 - Loss: -0.8480
Iter 243/250 - Loss: -0.8481
Iter 244/250 - Loss: -0.8481
Iter 245/250 - Loss: -0.8482
Iter 246/250 - Loss: -0.8483
Iter 247/250 - Loss: -0.8483
Iter 248/250 - Loss: -0.8484
Iter 249/250 - Loss: -0.8484
Iter 250/250 - Loss: -0.8485
now training with smaller learning rate
Iter 1/250 - Loss: -0.8485
Iter 2/250 - Loss: -0.8482
Iter 3/250 - Loss: -0.8489
Iter 4/250 - Loss: -0.8489
Iter 5/250 - Loss: -0.8492
Iter 6/250 - Loss: -0.8495
Iter 7/250 - Loss: -0.8497
Iter 8/250 - Loss: -0.8498
Iter 9/250 - Loss: -0.8501
Iter 10/250 - Loss: -0.8503
Iter 11/250 - Loss: -0.8505
Iter 12/250 - Loss: -0.8506
Iter 13/250 - Loss: -0.8509
Iter 14/250 - Loss: -0.8511
Iter 15/250 - Loss: -0.8513
Iter 16/250 - Loss: -0.8514
Iter 17/250 - Loss: -0.8517
Iter 18/250 - Loss: -0.8519
Iter 19/250 - Loss: -0.8520
Iter 20/250 - Loss: -0.8523
Iter 21/250 - Loss: -0.8525
Iter 22/250 - Loss: -0.8528
Iter 23/250 - Loss: -0.8530
Iter 24/250 - Loss: -0.8532
Iter 25/250 - Loss: -0.8535
Iter 26/250 - Loss: -0.8538
Iter 27/250 - Loss: -0.8541
Iter 28/250 - Loss: -0.8544
Iter 29/250 - Loss: -0.8547
Iter 30/250 - Loss: -0.8551
Iter 31/250 - Loss: -0.8555
Iter 32/250 - Loss: -0.8559
Iter 33/250 - Loss: -0.8563
Iter 34/250 - Loss: -0.8568
Iter 35/250 - Loss: -0.8573
Iter 36/250 - Loss: -0.8578
Iter 37/250 - Loss: -0.8583
Iter 38/250 - Loss: -0.8588
Iter 39/250 - Loss: -0.8593
Iter 40/250 - Loss: -0.8599
Iter 41/250 - Loss: -0.8604
Iter 42/250 - Loss: -0.8610
Iter 43/250 - Loss: -0.8615
Iter 44/250 - Loss: -0.8620
Iter 45/250 - Loss: -0.8625
Iter 46/250 - Loss: -0.8629
Iter 47/250 - Loss: -0.8633
Iter 48/250 - Loss: -0.8637
Iter 49/250 - Loss: -0.8641
Iter 50/250 - Loss: -0.8645
Iter 51/250 - Loss: -0.8649
Iter 52/250 - Loss: -0.8653
Iter 53/250 - Loss: -0.8657
Iter 54/250 - Loss: -0.8661
Iter 55/250 - Loss: -0.8664
Iter 56/250 - Loss: -0.8668
Iter 57/250 - Loss: -0.8672
Iter 58/250 - Loss: -0.8676
Iter 59/250 - Loss: -0.8679
Iter 60/250 - Loss: -0.8682
Iter 61/250 - Loss: -0.8686
Iter 62/250 - Loss: -0.8689
Iter 63/250 - Loss: -0.8693
Iter 64/250 - Loss: -0.8695
Iter 65/250 - Loss: -0.8699
Iter 66/250 - Loss: -0.8702
Iter 67/250 - Loss: -0.8705
Iter 68/250 - Loss: -0.8708
Iter 69/250 - Loss: -0.8711
Iter 70/250 - Loss: -0.8714
Iter 71/250 - Loss: -0.8716
Iter 72/250 - Loss: -0.8719
Iter 73/250 - Loss: -0.8722
Iter 74/250 - Loss: -0.8725
Iter 75/250 - Loss: -0.8727
Iter 76/250 - Loss: -0.8730
Iter 77/250 - Loss: -0.8732
Iter 78/250 - Loss: -0.8734
Iter 79/250 - Loss: -0.8737
Iter 80/250 - Loss: -0.8739
Iter 81/250 - Loss: -0.8741
Iter 82/250 - Loss: -0.8744
Iter 83/250 - Loss: -0.8746
Iter 84/250 - Loss: -0.8748
Iter 85/250 - Loss: -0.8750
Iter 86/250 - Loss: -0.8752
Iter 87/250 - Loss: -0.8753
Iter 88/250 - Loss: -0.8756
Iter 89/250 - Loss: -0.8758
Iter 90/250 - Loss: -0.8759
Iter 91/250 - Loss: -0.8761
Iter 92/250 - Loss: -0.8763
Iter 93/250 - Loss: -0.8765
Iter 94/250 - Loss: -0.8766
Iter 95/250 - Loss: -0.8768
Iter 96/250 - Loss: -0.8769
Iter 97/250 - Loss: -0.8770
Iter 98/250 - Loss: -0.8773
Iter 99/250 - Loss: -0.8773
Iter 100/250 - Loss: -0.8774
Iter 101/250 - Loss: -0.8775
Iter 102/250 - Loss: -0.8777
Iter 103/250 - Loss: -0.8778
Iter 104/250 - Loss: -0.8779
Iter 105/250 - Loss: -0.8780
Iter 106/250 - Loss: -0.8781
Iter 107/250 - Loss: -0.8782
Iter 108/250 - Loss: -0.8783
Iter 109/250 - Loss: -0.8785
Iter 110/250 - Loss: -0.8786
Iter 111/250 - Loss: -0.8787
Iter 112/250 - Loss: -0.8786
Iter 113/250 - Loss: -0.8788
Iter 114/250 - Loss: -0.8789
Iter 115/250 - Loss: -0.8789
Iter 116/250 - Loss: -0.8790
Iter 117/250 - Loss: -0.8791
Iter 118/250 - Loss: -0.8792
Iter 119/250 - Loss: -0.8792
Iter 120/250 - Loss: -0.8794
Iter 121/250 - Loss: -0.8794
Iter 122/250 - Loss: -0.8795
Iter 123/250 - Loss: -0.8797
Iter 124/250 - Loss: -0.8795
Iter 125/250 - Loss: -0.8797
Iter 126/250 - Loss: -0.8798
Iter 127/250 - Loss: -0.8799
Iter 128/250 - Loss: -0.8800
Iter 129/250 - Loss: -0.8800
Iter 130/250 - Loss: -0.8802
Iter 131/250 - Loss: -0.8803
Iter 132/250 - Loss: -0.8804
Iter 133/250 - Loss: -0.8803
Iter 134/250 - Loss: -0.8805
Iter 135/250 - Loss: -0.8806
Iter 136/250 - Loss: -0.8807
Iter 137/250 - Loss: -0.8808
Iter 138/250 - Loss: -0.8808
Iter 139/250 - Loss: -0.8810
Iter 140/250 - Loss: -0.8810
Iter 141/250 - Loss: -0.8811
Iter 142/250 - Loss: -0.8812
Iter 143/250 - Loss: -0.8813
Iter 144/250 - Loss: -0.8813
Iter 145/250 - Loss: -0.8812
Iter 146/250 - Loss: -0.8814
Iter 147/250 - Loss: -0.8814
Iter 148/250 - Loss: -0.8815
Iter 149/250 - Loss: -0.8815
Iter 150/250 - Loss: -0.8816
Iter 151/250 - Loss: -0.8817
Iter 152/250 - Loss: -0.8816
Iter 153/250 - Loss: -0.8817
Iter 154/250 - Loss: -0.8817
Iter 155/250 - Loss: -0.8816
Iter 156/250 - Loss: -0.8819
Iter 157/250 - Loss: -0.8817
Iter 158/250 - Loss: -0.8820
Iter 159/250 - Loss: -0.8819
Iter 160/250 - Loss: -0.8818
Iter 161/250 - Loss: -0.8820
Iter 162/250 - Loss: -0.8821
Iter 163/250 - Loss: -0.8821
Iter 164/250 - Loss: -0.8822
Iter 165/250 - Loss: -0.8821
Iter 166/250 - Loss: -0.8821
Iter 167/250 - Loss: -0.8824
Iter 168/250 - Loss: -0.8823
Iter 169/250 - Loss: -0.8822
Iter 170/250 - Loss: -0.8824
Iter 171/250 - Loss: -0.8824
Iter 172/250 - Loss: -0.8825
Iter 173/250 - Loss: -0.8824
Iter 174/250 - Loss: -0.8826
Iter 175/250 - Loss: -0.8825
Iter 176/250 - Loss: -0.8825
Iter 177/250 - Loss: -0.8826
Iter 178/250 - Loss: -0.8826
Iter 179/250 - Loss: -0.8826
Iter 180/250 - Loss: -0.8828
Iter 181/250 - Loss: -0.8827
Iter 182/250 - Loss: -0.8828
Iter 183/250 - Loss: -0.8828
Iter 184/250 - Loss: -0.8829
Iter 185/250 - Loss: -0.8828
Iter 186/250 - Loss: -0.8828
Iter 187/250 - Loss: -0.8829
Iter 188/250 - Loss: -0.8830
Iter 189/250 - Loss: -0.8830
Iter 190/250 - Loss: -0.8832
Iter 191/250 - Loss: -0.8832
Iter 192/250 - Loss: -0.8832
Iter 193/250 - Loss: -0.8834
Iter 194/250 - Loss: -0.8833
Iter 195/250 - Loss: -0.8833
Iter 196/250 - Loss: -0.8833
Iter 197/250 - Loss: -0.8835
Iter 198/250 - Loss: -0.8835
Iter 199/250 - Loss: -0.8835
Iter 200/250 - Loss: -0.8835
Iter 201/250 - Loss: -0.8836
Iter 202/250 - Loss: -0.8836
Iter 203/250 - Loss: -0.8837
Iter 204/250 - Loss: -0.8838
Iter 205/250 - Loss: -0.8838
Iter 206/250 - Loss: -0.8837
Iter 207/250 - Loss: -0.8840
Iter 208/250 - Loss: -0.8840
Iter 209/250 - Loss: -0.8839
Iter 210/250 - Loss: -0.8839
Iter 211/250 - Loss: -0.8840
Iter 212/250 - Loss: -0.8841
Iter 213/250 - Loss: -0.8841
Iter 214/250 - Loss: -0.8842
Iter 215/250 - Loss: -0.8844
Iter 216/250 - Loss: -0.8843
Iter 217/250 - Loss: -0.8844
Iter 218/250 - Loss: -0.8843
Iter 219/250 - Loss: -0.8844
Iter 220/250 - Loss: -0.8844
Iter 221/250 - Loss: -0.8845
Iter 222/250 - Loss: -0.8845
Iter 223/250 - Loss: -0.8845
Iter 224/250 - Loss: -0.8845
Iter 225/250 - Loss: -0.8846
Iter 226/250 - Loss: -0.8846
Iter 227/250 - Loss: -0.8847
Iter 228/250 - Loss: -0.8847
Iter 229/250 - Loss: -0.8847
Iter 230/250 - Loss: -0.8848
Iter 231/250 - Loss: -0.8847
Iter 232/250 - Loss: -0.8848
Iter 233/250 - Loss: -0.8848
Iter 234/250 - Loss: -0.8850
Iter 235/250 - Loss: -0.8849
Iter 236/250 - Loss: -0.8850
Iter 237/250 - Loss: -0.8850
Iter 238/250 - Loss: -0.8851
Iter 239/250 - Loss: -0.8850
Iter 240/250 - Loss: -0.8851
Iter 241/250 - Loss: -0.8851
Iter 242/250 - Loss: -0.8851
Iter 243/250 - Loss: -0.8851
Iter 244/250 - Loss: -0.8850
Iter 245/250 - Loss: -0.8852
Iter 246/250 - Loss: -0.8852
Iter 247/250 - Loss: -0.8853
Iter 248/250 - Loss: -0.8852
Iter 249/250 - Loss: -0.8852
Iter 250/250 - Loss: -0.8852
