prev {'d': 0.46940491368634774, 'e': 1.1461435939663729, 'f': 2.3148871056888014, 'g': 1.3037284208814337}
Starting ML Fit
Box43_1400
       message: Optimization terminated successfully.
       success: True
        status: 0
           fun: 11855.23676237756
             x: [ 4.675e-01  1.202e+00  2.308e+00  1.298e+00]
           nit: 89
          nfev: 151
 final_simplex: (array([[ 4.675e-01,  1.202e+00,  2.308e+00,  1.298e+00],
                       [ 4.675e-01,  1.202e+00,  2.308e+00,  1.298e+00],
                       ...,
                       [ 4.675e-01,  1.202e+00,  2.308e+00,  1.298e+00],
                       [ 4.675e-01,  1.202e+00,  2.308e+00,  1.298e+00]]), array([ 1.186e+04,  1.186e+04,  1.186e+04,  1.186e+04,
                        1.186e+04]))
   param_names: ['d', 'e', 'f', 'g']
[0.46750372 1.20231405 2.30806384 1.29754254]
{'d': 0.4675037175056775, 'e': 1.2023140537154395, 'f': 2.3080638416246146, 'g': 1.2975425439440604}
Previous:  {'d': 0.46940491368634774, 'e': 1.1461435939663729, 'f': 2.3148871056888014, 'g': 1.3037284208814337}
