no change     /oak/stanford/orgs/kipac/users/delon/miniconda3/condabin/conda
no change     /oak/stanford/orgs/kipac/users/delon/miniconda3/bin/conda
no change     /oak/stanford/orgs/kipac/users/delon/miniconda3/bin/conda-env
no change     /oak/stanford/orgs/kipac/users/delon/miniconda3/bin/activate
no change     /oak/stanford/orgs/kipac/users/delon/miniconda3/bin/deactivate
no change     /oak/stanford/orgs/kipac/users/delon/miniconda3/etc/profile.d/conda.sh
no change     /oak/stanford/orgs/kipac/users/delon/miniconda3/etc/fish/conf.d/conda.fish
no change     /oak/stanford/orgs/kipac/users/delon/miniconda3/shell/condabin/Conda.psm1
no change     /oak/stanford/orgs/kipac/users/delon/miniconda3/shell/condabin/conda-hook.ps1
no change     /oak/stanford/orgs/kipac/users/delon/miniconda3/lib/python3.10/site-packages/xontrib/conda.xsh
no change     /oak/stanford/orgs/kipac/users/delon/miniconda3/etc/profile.d/conda.csh
no change     /home/users/delon/.bashrc
No action taken.
Starting ML Fit
Box89_1400
       message: Optimization terminated successfully.
       success: True
        status: 0
           fun: 55711.62266572253
             x: [ 1.276e+00  3.956e+00 -2.000e-01  5.428e-01  9.658e-01
                 -9.430e-02]
           nit: 897
          nfev: 1435
 final_simplex: (array([[ 1.276e+00,  3.956e+00, ...,  9.658e-01,
                        -9.430e-02],
                       [ 1.276e+00,  3.956e+00, ...,  9.658e-01,
                        -9.430e-02],
                       ...,
                       [ 1.276e+00,  3.956e+00, ...,  9.658e-01,
                        -9.430e-02],
                       [ 1.276e+00,  3.956e+00, ...,  9.658e-01,
                        -9.430e-02]]), array([ 5.571e+04,  5.571e+04,  5.571e+04,  5.571e+04,
                        5.571e+04,  5.571e+04,  5.571e+04]))
   param_names: ['d0', 'd1', 'e1', 'f0', 'g0', 'g1']
[ 1.27633106  3.95629931 -0.2         0.54276701  0.96581546 -0.09430036]
(5000, 64, 6)
