prev {'d': 0.4762404378760384, 'e': 1.093820170573955, 'f': 2.3472018419133596, 'g': 1.299843402939321}
Starting ML Fit
Box_n50_46_1400
       message: Optimization terminated successfully.
       success: True
        status: 0
           fun: 12973.823654602013
             x: [ 4.701e-01  1.084e+00  2.347e+00  1.300e+00]
           nit: 107
          nfev: 183
 final_simplex: (array([[ 4.701e-01,  1.084e+00,  2.347e+00,  1.300e+00],
                       [ 4.701e-01,  1.084e+00,  2.347e+00,  1.300e+00],
                       ...,
                       [ 4.701e-01,  1.084e+00,  2.347e+00,  1.300e+00],
                       [ 4.701e-01,  1.084e+00,  2.347e+00,  1.300e+00]]), array([ 1.297e+04,  1.297e+04,  1.297e+04,  1.297e+04,
                        1.297e+04]))
   param_names: ['d', 'e', 'f', 'g']
[0.47009291 1.08387928 2.34726761 1.29956103]
{'d': 0.470092905911896, 'e': 1.0838792844038057, 'f': 2.3472676120553366, 'g': 1.2995610259598318}
Previous:  {'d': 0.4762404378760384, 'e': 1.093820170573955, 'f': 2.3472018419133596, 'g': 1.299843402939321}
