prev {'d': 0.3932603368238936, 'e': 0.949342631235062, 'f': 2.345710069599171, 'g': 1.2615647155850542}
Starting ML Fit
Box15_1400
       message: Optimization terminated successfully.
       success: True
        status: 0
           fun: 3083.071445101148
             x: [ 4.184e-01  9.474e-01  2.346e+00  1.257e+00]
           nit: 105
          nfev: 180
 final_simplex: (array([[ 4.184e-01,  9.474e-01,  2.346e+00,  1.257e+00],
                       [ 4.184e-01,  9.474e-01,  2.346e+00,  1.257e+00],
                       ...,
                       [ 4.184e-01,  9.474e-01,  2.346e+00,  1.257e+00],
                       [ 4.184e-01,  9.474e-01,  2.346e+00,  1.257e+00]]), array([ 3.083e+03,  3.083e+03,  3.083e+03,  3.083e+03,
                        3.083e+03]))
   param_names: ['d', 'e', 'f', 'g']
[0.41843975 0.94736543 2.34565302 1.2574475 ]
{'d': 0.4184397494799932, 'e': 0.9473654271712013, 'f': 2.3456530159859486, 'g': 1.2574475027561056}
Previous:  {'d': 0.3932603368238936, 'e': 0.949342631235062, 'f': 2.345710069599171, 'g': 1.2615647155850542}
