prev {'d': 0.5505430613805353, 'e': 1.0875840464853013, 'f': 2.191590908462321, 'g': 1.2705261436989859}
Starting ML Fit
Box50_1400
       message: Optimization terminated successfully.
       success: True
        status: 0
           fun: 20020.387260691154
             x: [ 5.349e-01  1.066e+00  2.191e+00  1.271e+00]
           nit: 103
          nfev: 181
 final_simplex: (array([[ 5.349e-01,  1.066e+00,  2.191e+00,  1.271e+00],
                       [ 5.349e-01,  1.066e+00,  2.191e+00,  1.271e+00],
                       ...,
                       [ 5.349e-01,  1.066e+00,  2.191e+00,  1.271e+00],
                       [ 5.349e-01,  1.066e+00,  2.191e+00,  1.271e+00]]), array([ 2.002e+04,  2.002e+04,  2.002e+04,  2.002e+04,
                        2.002e+04]))
   param_names: ['d', 'e', 'f', 'g']
[0.53492986 1.06644207 2.1914264  1.27127183]
{'d': 0.5349298648646938, 'e': 1.0664420725200363, 'f': 2.191426397993212, 'g': 1.2712718289572638}
Previous:  {'d': 0.5505430613805353, 'e': 1.0875840464853013, 'f': 2.191590908462321, 'g': 1.2705261436989859}
