prev {'d': 0.472659100703284, 'e': 1.160328867684945, 'f': 2.354279523808229, 'g': 1.2961079431828353}
Starting ML Fit
Box93_1400
       message: Optimization terminated successfully.
       success: True
        status: 0
           fun: 7644.912705872006
             x: [ 4.665e-01  1.163e+00  2.355e+00  1.296e+00]
           nit: 74
          nfev: 138
 final_simplex: (array([[ 4.665e-01,  1.163e+00,  2.355e+00,  1.296e+00],
                       [ 4.665e-01,  1.163e+00,  2.355e+00,  1.296e+00],
                       ...,
                       [ 4.665e-01,  1.163e+00,  2.355e+00,  1.296e+00],
                       [ 4.665e-01,  1.163e+00,  2.355e+00,  1.296e+00]]), array([ 7.645e+03,  7.645e+03,  7.645e+03,  7.645e+03,
                        7.645e+03]))
   param_names: ['d', 'e', 'f', 'g']
[0.46646238 1.16333411 2.3552506  1.29551114]
{'d': 0.4664623801165839, 'e': 1.1633341134678554, 'f': 2.3552505954578944, 'g': 1.2955111395168373}
Previous:  {'d': 0.472659100703284, 'e': 1.160328867684945, 'f': 2.354279523808229, 'g': 1.2961079431828353}
