prev {'d': 0.48328830680585433, 'e': 1.324942472391652, 'f': 2.326011123598727, 'g': 1.2320058484577765}
Starting ML Fit
Box_n50_9_1400
       message: Optimization terminated successfully.
       success: True
        status: 0
           fun: 4409.362513930767
             x: [ 4.804e-01  1.331e+00  2.324e+00  1.234e+00]
           nit: 80
          nfev: 147
 final_simplex: (array([[ 4.804e-01,  1.331e+00,  2.324e+00,  1.234e+00],
                       [ 4.804e-01,  1.331e+00,  2.324e+00,  1.234e+00],
                       ...,
                       [ 4.804e-01,  1.331e+00,  2.324e+00,  1.234e+00],
                       [ 4.804e-01,  1.331e+00,  2.324e+00,  1.234e+00]]), array([ 4.409e+03,  4.409e+03,  4.409e+03,  4.409e+03,
                        4.409e+03]))
   param_names: ['d', 'e', 'f', 'g']
[0.48036038 1.33079452 2.32406073 1.23393975]
{'d': 0.48036038372446543, 'e': 1.3307945204453995, 'f': 2.3240607255872168, 'g': 1.2339397512466275}
Previous:  {'d': 0.48328830680585433, 'e': 1.324942472391652, 'f': 2.326011123598727, 'g': 1.2320058484577765}
