prev {'d': 0.49606906970909026, 'e': 1.1146236723938958, 'f': 2.329550526537572, 'g': 1.2217734793749337}
Starting ML Fit
Box99_1400
       message: Optimization terminated successfully.
       success: True
        status: 0
           fun: 8710.716004737173
             x: [ 4.755e-01  1.107e+00  2.333e+00  1.206e+00]
           nit: 103
          nfev: 182
 final_simplex: (array([[ 4.755e-01,  1.107e+00,  2.333e+00,  1.206e+00],
                       [ 4.755e-01,  1.107e+00,  2.333e+00,  1.206e+00],
                       ...,
                       [ 4.755e-01,  1.107e+00,  2.333e+00,  1.206e+00],
                       [ 4.755e-01,  1.107e+00,  2.332e+00,  1.206e+00]]), array([ 8.711e+03,  8.711e+03,  8.711e+03,  8.711e+03,
                        8.711e+03]))
   param_names: ['d', 'e', 'f', 'g']
[0.47551841 1.10669301 2.33250104 1.20623595]
{'d': 0.47551840751498853, 'e': 1.106693012484832, 'f': 2.332501040417044, 'g': 1.206235954103475}
Previous:  {'d': 0.49606906970909026, 'e': 1.1146236723938958, 'f': 2.329550526537572, 'g': 1.2217734793749337}
