alist [1.0, 0.953321, 0.866399, 0.787402, 0.715608, 0.65036, 0.620002, 0.591061, 0.563471, 0.537169, 0.512095, 0.488191, 0.403224, 0.366459]
Leaving out Box_n50_46_1400
Iter 1/500 - Loss: 4.8552
Iter 2/500 - Loss: 4.4652
Iter 3/500 - Loss: 4.0466
Iter 4/500 - Loss: 3.6783
Iter 5/500 - Loss: 3.3402
Iter 6/500 - Loss: 3.0157
Iter 7/500 - Loss: 2.7169
Iter 8/500 - Loss: 2.4406
Iter 9/500 - Loss: 2.1836
Iter 10/500 - Loss: 1.9448
Iter 11/500 - Loss: 1.7224
Iter 12/500 - Loss: 1.5143
Iter 13/500 - Loss: 1.3205
Iter 14/500 - Loss: 1.1460
Iter 15/500 - Loss: 0.9969
Iter 16/500 - Loss: 0.8650
Iter 17/500 - Loss: 0.7412
Iter 18/500 - Loss: 0.6245
Iter 19/500 - Loss: 0.5155
Iter 20/500 - Loss: 0.4150
Iter 21/500 - Loss: 0.3232
Iter 22/500 - Loss: 0.2396
Iter 23/500 - Loss: 0.1632
Iter 24/500 - Loss: 0.0926
Iter 25/500 - Loss: 0.0264
Iter 26/500 - Loss: -0.0363
Iter 27/500 - Loss: -0.0961
Iter 28/500 - Loss: -0.1529
Iter 29/500 - Loss: -0.2072
Iter 30/500 - Loss: -0.2605
Iter 31/500 - Loss: -0.3137
Iter 32/500 - Loss: -0.3669
Iter 33/500 - Loss: -0.4189
Iter 34/500 - Loss: -0.4691
Iter 35/500 - Loss: -0.5179
Iter 36/500 - Loss: -0.5675
Iter 37/500 - Loss: -0.6169
Iter 38/500 - Loss: -0.6659
Iter 39/500 - Loss: -0.7132
Iter 40/500 - Loss: -0.7589
Iter 41/500 - Loss: -0.8060
Iter 42/500 - Loss: -0.8525
Iter 43/500 - Loss: -0.8981
Iter 44/500 - Loss: -0.9429
Iter 45/500 - Loss: -0.9878
Iter 46/500 - Loss: -1.0339
Iter 47/500 - Loss: -1.0793
Iter 48/500 - Loss: -1.1247
Iter 49/500 - Loss: -1.1711
Iter 50/500 - Loss: -1.2183
Iter 51/500 - Loss: -1.2655
Iter 52/500 - Loss: -1.3122
Iter 53/500 - Loss: -1.3599
Iter 54/500 - Loss: -1.4090
Iter 55/500 - Loss: -1.4574
Iter 56/500 - Loss: -1.5058
Iter 57/500 - Loss: -1.5545
Iter 58/500 - Loss: -1.6026
Iter 59/500 - Loss: -1.6480
Iter 60/500 - Loss: -1.6907
Iter 61/500 - Loss: -1.7320
Iter 62/500 - Loss: -1.7724
Iter 63/500 - Loss: -1.8127
Iter 64/500 - Loss: -1.8535
Iter 65/500 - Loss: -1.8950
Iter 66/500 - Loss: -1.9369
Iter 67/500 - Loss: -1.9792
Iter 68/500 - Loss: -2.0219
Iter 69/500 - Loss: -2.0647
Iter 70/500 - Loss: -2.1073
Iter 71/500 - Loss: -2.1493
Iter 72/500 - Loss: -2.1906
Iter 73/500 - Loss: -2.2308
Iter 74/500 - Loss: -2.2696
Iter 75/500 - Loss: -2.3068
Iter 76/500 - Loss: -2.3422
Iter 77/500 - Loss: -2.3757
Iter 78/500 - Loss: -2.4070
Iter 79/500 - Loss: -2.4364
Iter 80/500 - Loss: -2.4639
Iter 81/500 - Loss: -2.4898
Iter 82/500 - Loss: -2.5141
Iter 83/500 - Loss: -2.5372
Iter 84/500 - Loss: -2.5592
Iter 85/500 - Loss: -2.5800
Iter 86/500 - Loss: -2.5996
Iter 87/500 - Loss: -2.6180
Iter 88/500 - Loss: -2.6353
Iter 89/500 - Loss: -2.6513
Iter 90/500 - Loss: -2.6663
Iter 91/500 - Loss: -2.6802
Iter 92/500 - Loss: -2.6932
Iter 93/500 - Loss: -2.7053
Iter 94/500 - Loss: -2.7166
Iter 95/500 - Loss: -2.7273
Iter 96/500 - Loss: -2.7372
Iter 97/500 - Loss: -2.7466
Iter 98/500 - Loss: -2.7555
Iter 99/500 - Loss: -2.7638
Iter 100/500 - Loss: -2.7717
Iter 101/500 - Loss: -2.7792
Iter 102/500 - Loss: -2.7862
Iter 103/500 - Loss: -2.7928
Iter 104/500 - Loss: -2.7990
Iter 105/500 - Loss: -2.8048
Iter 106/500 - Loss: -2.8102
Iter 107/500 - Loss: -2.8154
Iter 108/500 - Loss: -2.8202
Iter 109/500 - Loss: -2.8247
Iter 110/500 - Loss: -2.8290
Iter 111/500 - Loss: -2.8331
Iter 112/500 - Loss: -2.8369
Iter 113/500 - Loss: -2.8404
Iter 114/500 - Loss: -2.8438
Iter 115/500 - Loss: -2.8472
Iter 116/500 - Loss: -2.8502
Iter 117/500 - Loss: -2.8531
Iter 118/500 - Loss: -2.8559
Iter 119/500 - Loss: -2.8585
Iter 120/500 - Loss: -2.8610
Iter 121/500 - Loss: -2.8633
Iter 122/500 - Loss: -2.8656
Iter 123/500 - Loss: -2.8677
Iter 124/500 - Loss: -2.8699
Iter 125/500 - Loss: -2.8718
Iter 126/500 - Loss: -2.8737
Iter 127/500 - Loss: -2.8755
Iter 128/500 - Loss: -2.8773
Iter 129/500 - Loss: -2.8790
Iter 130/500 - Loss: -2.8806
Iter 131/500 - Loss: -2.8821
Iter 132/500 - Loss: -2.8836
Iter 133/500 - Loss: -2.8851
Iter 134/500 - Loss: -2.8864
Iter 135/500 - Loss: -2.8878
Iter 136/500 - Loss: -2.8891
Iter 137/500 - Loss: -2.8903
Iter 138/500 - Loss: -2.8915
Iter 139/500 - Loss: -2.8927
Iter 140/500 - Loss: -2.8938
Iter 141/500 - Loss: -2.8949
Iter 142/500 - Loss: -2.8959
Iter 143/500 - Loss: -2.8969
Iter 144/500 - Loss: -2.8978
Iter 145/500 - Loss: -2.8988
Iter 146/500 - Loss: -2.8996
Iter 147/500 - Loss: -2.9005
Iter 148/500 - Loss: -2.9013
Iter 149/500 - Loss: -2.9021
Iter 150/500 - Loss: -2.9029
Iter 151/500 - Loss: -2.9037
Iter 152/500 - Loss: -2.9044
Iter 153/500 - Loss: -2.9051
Iter 154/500 - Loss: -2.9058
Iter 155/500 - Loss: -2.9065
Iter 156/500 - Loss: -2.9071
Iter 157/500 - Loss: -2.9078
Iter 158/500 - Loss: -2.9084
Iter 159/500 - Loss: -2.9090
Iter 160/500 - Loss: -2.9095
Iter 161/500 - Loss: -2.9101
Iter 162/500 - Loss: -2.9106
Iter 163/500 - Loss: -2.9112
Iter 164/500 - Loss: -2.9117
Iter 165/500 - Loss: -2.9122
Iter 166/500 - Loss: -2.9127
Iter 167/500 - Loss: -2.9132
Iter 168/500 - Loss: -2.9136
Iter 169/500 - Loss: -2.9141
Iter 170/500 - Loss: -2.9145
Iter 171/500 - Loss: -2.9150
Iter 172/500 - Loss: -2.9154
Iter 173/500 - Loss: -2.9158
Iter 174/500 - Loss: -2.9162
Iter 175/500 - Loss: -2.9166
Iter 176/500 - Loss: -2.9170
Iter 177/500 - Loss: -2.9174
Iter 178/500 - Loss: -2.9178
Iter 179/500 - Loss: -2.9182
Iter 180/500 - Loss: -2.9185
Iter 181/500 - Loss: -2.9189
Iter 182/500 - Loss: -2.9192
Iter 183/500 - Loss: -2.9196
Iter 184/500 - Loss: -2.9199
Iter 185/500 - Loss: -2.9202
Iter 186/500 - Loss: -2.9206
Iter 187/500 - Loss: -2.9209
Iter 188/500 - Loss: -2.9212
Iter 189/500 - Loss: -2.9215
Iter 190/500 - Loss: -2.9218
Iter 191/500 - Loss: -2.9221
Iter 192/500 - Loss: -2.9224
Iter 193/500 - Loss: -2.9227
Iter 194/500 - Loss: -2.9230
Iter 195/500 - Loss: -2.9232
Iter 196/500 - Loss: -2.9235
Iter 197/500 - Loss: -2.9238
Iter 198/500 - Loss: -2.9240
Iter 199/500 - Loss: -2.9243
Iter 200/500 - Loss: -2.9245
Iter 201/500 - Loss: -2.9248
Iter 202/500 - Loss: -2.9251
Iter 203/500 - Loss: -2.9253
Iter 204/500 - Loss: -2.9255
Iter 205/500 - Loss: -2.9258
Iter 206/500 - Loss: -2.9260
Iter 207/500 - Loss: -2.9262
Iter 208/500 - Loss: -2.9265
Iter 209/500 - Loss: -2.9267
Iter 210/500 - Loss: -2.9269
Iter 211/500 - Loss: -2.9271
Iter 212/500 - Loss: -2.9273
Iter 213/500 - Loss: -2.9276
Iter 214/500 - Loss: -2.9278
Iter 215/500 - Loss: -2.9280
Iter 216/500 - Loss: -2.9282
Iter 217/500 - Loss: -2.9284
Iter 218/500 - Loss: -2.9286
Iter 219/500 - Loss: -2.9288
Iter 220/500 - Loss: -2.9290
Iter 221/500 - Loss: -2.9292
Iter 222/500 - Loss: -2.9293
Iter 223/500 - Loss: -2.9295
Iter 224/500 - Loss: -2.9297
Iter 225/500 - Loss: -2.9299
Iter 226/500 - Loss: -2.9301
Iter 227/500 - Loss: -2.9302
Iter 228/500 - Loss: -2.9304
Iter 229/500 - Loss: -2.9306
Iter 230/500 - Loss: -2.9308
Iter 231/500 - Loss: -2.9309
Iter 232/500 - Loss: -2.9311
Iter 233/500 - Loss: -2.9312
Iter 234/500 - Loss: -2.9314
Iter 235/500 - Loss: -2.9315
Iter 236/500 - Loss: -2.9317
Iter 237/500 - Loss: -2.9319
Iter 238/500 - Loss: -2.9320
Iter 239/500 - Loss: -2.9322
Iter 240/500 - Loss: -2.9323
Iter 241/500 - Loss: -2.9325
Iter 242/500 - Loss: -2.9326
Iter 243/500 - Loss: -2.9327
Iter 244/500 - Loss: -2.9329
Iter 245/500 - Loss: -2.9330
Iter 246/500 - Loss: -2.9332
Iter 247/500 - Loss: -2.9333
Iter 248/500 - Loss: -2.9334
Iter 249/500 - Loss: -2.9336
Iter 250/500 - Loss: -2.9337
Iter 251/500 - Loss: -2.9338
Iter 252/500 - Loss: -2.9340
Iter 253/500 - Loss: -2.9341
Iter 254/500 - Loss: -2.9342
Iter 255/500 - Loss: -2.9343
Iter 256/500 - Loss: -2.9345
Iter 257/500 - Loss: -2.9346
Iter 258/500 - Loss: -2.9347
Iter 259/500 - Loss: -2.9348
Iter 260/500 - Loss: -2.9349
Iter 261/500 - Loss: -2.9350
Iter 262/500 - Loss: -2.9352
Iter 263/500 - Loss: -2.9353
Iter 264/500 - Loss: -2.9354
Iter 265/500 - Loss: -2.9355
Iter 266/500 - Loss: -2.9356
Iter 267/500 - Loss: -2.9357
Iter 268/500 - Loss: -2.9358
Iter 269/500 - Loss: -2.9359
Iter 270/500 - Loss: -2.9360
Iter 271/500 - Loss: -2.9361
Iter 272/500 - Loss: -2.9362
Iter 273/500 - Loss: -2.9363
Iter 274/500 - Loss: -2.9364
Iter 275/500 - Loss: -2.9365
Iter 276/500 - Loss: -2.9366
Iter 277/500 - Loss: -2.9367
Iter 278/500 - Loss: -2.9368
Iter 279/500 - Loss: -2.9369
Iter 280/500 - Loss: -2.9370
Iter 281/500 - Loss: -2.9371
Iter 282/500 - Loss: -2.9372
Iter 283/500 - Loss: -2.9373
Iter 284/500 - Loss: -2.9374
Iter 285/500 - Loss: -2.9375
Iter 286/500 - Loss: -2.9376
Iter 287/500 - Loss: -2.9376
Iter 288/500 - Loss: -2.9377
Iter 289/500 - Loss: -2.9378
Iter 290/500 - Loss: -2.9379
Iter 291/500 - Loss: -2.9380
Iter 292/500 - Loss: -2.9381
Iter 293/500 - Loss: -2.9381
Iter 294/500 - Loss: -2.9382
Iter 295/500 - Loss: -2.9383
Iter 296/500 - Loss: -2.9384
Iter 297/500 - Loss: -2.9385
Iter 298/500 - Loss: -2.9386
Iter 299/500 - Loss: -2.9386
Iter 300/500 - Loss: -2.9387
Iter 301/500 - Loss: -2.9388
Iter 302/500 - Loss: -2.9389
Iter 303/500 - Loss: -2.9389
Iter 304/500 - Loss: -2.9390
Iter 305/500 - Loss: -2.9391
Iter 306/500 - Loss: -2.9392
Iter 307/500 - Loss: -2.9392
Iter 308/500 - Loss: -2.9393
Iter 309/500 - Loss: -2.9394
Iter 310/500 - Loss: -2.9394
Iter 311/500 - Loss: -2.9395
Iter 312/500 - Loss: -2.9396
Iter 313/500 - Loss: -2.9397
Iter 314/500 - Loss: -2.9397
Iter 315/500 - Loss: -2.9398
Iter 316/500 - Loss: -2.9399
Iter 317/500 - Loss: -2.9400
Iter 318/500 - Loss: -2.9400
Iter 319/500 - Loss: -2.9401
Iter 320/500 - Loss: -2.9402
Iter 321/500 - Loss: -2.9402
Iter 322/500 - Loss: -2.9403
Iter 323/500 - Loss: -2.9404
Iter 324/500 - Loss: -2.9404
Iter 325/500 - Loss: -2.9405
Iter 326/500 - Loss: -2.9406
Iter 327/500 - Loss: -2.9406
Iter 328/500 - Loss: -2.9407
Iter 329/500 - Loss: -2.9407
Iter 330/500 - Loss: -2.9408
Iter 331/500 - Loss: -2.9408
Iter 332/500 - Loss: -2.9409
Iter 333/500 - Loss: -2.9410
Iter 334/500 - Loss: -2.9410
Iter 335/500 - Loss: -2.9411
Iter 336/500 - Loss: -2.9411
Iter 337/500 - Loss: -2.9412
Iter 338/500 - Loss: -2.9412
Iter 339/500 - Loss: -2.9413
Iter 340/500 - Loss: -2.9413
Iter 341/500 - Loss: -2.9414
Iter 342/500 - Loss: -2.9415
Iter 343/500 - Loss: -2.9415
Iter 344/500 - Loss: -2.9416
Iter 345/500 - Loss: -2.9416
Iter 346/500 - Loss: -2.9417
Iter 347/500 - Loss: -2.9417
Iter 348/500 - Loss: -2.9418
Iter 349/500 - Loss: -2.9418
Iter 350/500 - Loss: -2.9419
Iter 351/500 - Loss: -2.9419
Iter 352/500 - Loss: -2.9420
Iter 353/500 - Loss: -2.9420
Iter 354/500 - Loss: -2.9421
Iter 355/500 - Loss: -2.9421
Iter 356/500 - Loss: -2.9422
Iter 357/500 - Loss: -2.9422
Iter 358/500 - Loss: -2.9422
Iter 359/500 - Loss: -2.9423
Iter 360/500 - Loss: -2.9423
Iter 361/500 - Loss: -2.9424
Iter 362/500 - Loss: -2.9424
Iter 363/500 - Loss: -2.9425
Iter 364/500 - Loss: -2.9425
Iter 365/500 - Loss: -2.9426
Iter 366/500 - Loss: -2.9426
Iter 367/500 - Loss: -2.9427
Iter 368/500 - Loss: -2.9427
Iter 369/500 - Loss: -2.9427
Iter 370/500 - Loss: -2.9428
Iter 371/500 - Loss: -2.9428
Iter 372/500 - Loss: -2.9428
Iter 373/500 - Loss: -2.9429
Iter 374/500 - Loss: -2.9429
Iter 375/500 - Loss: -2.9430
Iter 376/500 - Loss: -2.9430
Iter 377/500 - Loss: -2.9430
Iter 378/500 - Loss: -2.9431
Iter 379/500 - Loss: -2.9432
Iter 380/500 - Loss: -2.9432
Iter 381/500 - Loss: -2.9432
Iter 382/500 - Loss: -2.9432
Iter 383/500 - Loss: -2.9433
Iter 384/500 - Loss: -2.9433
Iter 385/500 - Loss: -2.9433
Iter 386/500 - Loss: -2.9434
Iter 387/500 - Loss: -2.9435
Iter 388/500 - Loss: -2.9435
Iter 389/500 - Loss: -2.9435
Iter 390/500 - Loss: -2.9435
Iter 391/500 - Loss: -2.9436
Iter 392/500 - Loss: -2.9436
Iter 393/500 - Loss: -2.9437
Iter 394/500 - Loss: -2.9437
Iter 395/500 - Loss: -2.9437
Iter 396/500 - Loss: -2.9438
Iter 397/500 - Loss: -2.9438
Iter 398/500 - Loss: -2.9438
Iter 399/500 - Loss: -2.9439
Iter 400/500 - Loss: -2.9439
Iter 401/500 - Loss: -2.9440
Iter 402/500 - Loss: -2.9440
Iter 403/500 - Loss: -2.9440
Iter 404/500 - Loss: -2.9440
Iter 405/500 - Loss: -2.9441
Iter 406/500 - Loss: -2.9441
Iter 407/500 - Loss: -2.9441
Iter 408/500 - Loss: -2.9442
Iter 409/500 - Loss: -2.9442
Iter 410/500 - Loss: -2.9442
Iter 411/500 - Loss: -2.9443
Iter 412/500 - Loss: -2.9443
Iter 413/500 - Loss: -2.9444
Iter 414/500 - Loss: -2.9444
Iter 415/500 - Loss: -2.9444
Iter 416/500 - Loss: -2.9445
Iter 417/500 - Loss: -2.9445
Iter 418/500 - Loss: -2.9446
Iter 419/500 - Loss: -2.9446
Iter 420/500 - Loss: -2.9446
Iter 421/500 - Loss: -2.9446
Iter 422/500 - Loss: -2.9447
Iter 423/500 - Loss: -2.9447
Iter 424/500 - Loss: -2.9447
Iter 425/500 - Loss: -2.9448
Iter 426/500 - Loss: -2.9448
Iter 427/500 - Loss: -2.9448
Iter 428/500 - Loss: -2.9448
Iter 429/500 - Loss: -2.9449
Iter 430/500 - Loss: -2.9449
Iter 431/500 - Loss: -2.9449
Iter 432/500 - Loss: -2.9450
Iter 433/500 - Loss: -2.9450
Iter 434/500 - Loss: -2.9450
Iter 435/500 - Loss: -2.9450
Iter 436/500 - Loss: -2.9451
Iter 437/500 - Loss: -2.9451
Iter 438/500 - Loss: -2.9451
Iter 439/500 - Loss: -2.9451
Iter 440/500 - Loss: -2.9452
Iter 441/500 - Loss: -2.9452
Iter 442/500 - Loss: -2.9452
Iter 443/500 - Loss: -2.9453
Iter 444/500 - Loss: -2.9453
Iter 445/500 - Loss: -2.9453
Iter 446/500 - Loss: -2.9453
Iter 447/500 - Loss: -2.9454
Iter 448/500 - Loss: -2.9454
Iter 449/500 - Loss: -2.9454
Iter 450/500 - Loss: -2.9454
Iter 451/500 - Loss: -2.9455
Iter 452/500 - Loss: -2.9455
Iter 453/500 - Loss: -2.9455
Iter 454/500 - Loss: -2.9455
Iter 455/500 - Loss: -2.9456
Iter 456/500 - Loss: -2.9456
Iter 457/500 - Loss: -2.9456
Iter 458/500 - Loss: -2.9456
Iter 459/500 - Loss: -2.9457
Iter 460/500 - Loss: -2.9457
Iter 461/500 - Loss: -2.9457
Iter 462/500 - Loss: -2.9457
Iter 463/500 - Loss: -2.9457
Iter 464/500 - Loss: -2.9457
Iter 465/500 - Loss: -2.9458
Iter 466/500 - Loss: -2.9458
Iter 467/500 - Loss: -2.9458
Iter 468/500 - Loss: -2.9458
Iter 469/500 - Loss: -2.9459
Iter 470/500 - Loss: -2.9459
Iter 471/500 - Loss: -2.9459
Iter 472/500 - Loss: -2.9459
Iter 473/500 - Loss: -2.9459
Iter 474/500 - Loss: -2.9460
Iter 475/500 - Loss: -2.9460
Iter 476/500 - Loss: -2.9460
Iter 477/500 - Loss: -2.9460
Iter 478/500 - Loss: -2.9461
Iter 479/500 - Loss: -2.9461
Iter 480/500 - Loss: -2.9461
Iter 481/500 - Loss: -2.9461
Iter 482/500 - Loss: -2.9461
Iter 483/500 - Loss: -2.9462
Iter 484/500 - Loss: -2.9462
Iter 485/500 - Loss: -2.9462
Iter 486/500 - Loss: -2.9462
Iter 487/500 - Loss: -2.9462
Iter 488/500 - Loss: -2.9463
Iter 489/500 - Loss: -2.9463
Iter 490/500 - Loss: -2.9463
Iter 491/500 - Loss: -2.9463
Iter 492/500 - Loss: -2.9463
Iter 493/500 - Loss: -2.9463
Iter 494/500 - Loss: -2.9464
Iter 495/500 - Loss: -2.9464
Iter 496/500 - Loss: -2.9464
Iter 497/500 - Loss: -2.9464
Iter 498/500 - Loss: -2.9465
Iter 499/500 - Loss: -2.9465
Iter 500/500 - Loss: -2.9465
{'d': 0.41062066, 'e': 0.99785626, 'f': 2.3148415, 'g': 1.2660663}
{'d': 0.41866758, 'e': 1.0038458, 'f': 2.3146656, 'g': 1.2709532}
{'d': 0.4382788, 'e': 1.0108603, 'f': 2.3151197, 'g': 1.2826047}
{'d': 0.4438415, 'e': 1.011696, 'f': 2.3154309, 'g': 1.2857621}
{'d': 0.4496815, 'e': 1.0130892, 'f': 2.3157334, 'g': 1.2888902}
{'d': 0.4557333, 'e': 1.0145503, 'f': 2.316098, 'g': 1.2919664}
{'d': 0.46200404, 'e': 1.0165198, 'f': 2.316472, 'g': 1.2949125}
{'d': 0.46851176, 'e': 1.019501, 'f': 2.3168104, 'g': 1.2976472}
{'d': 0.47528377, 'e': 1.0240308, 'f': 2.3170707, 'g': 1.3000824}
{'d': 0.48958877, 'e': 1.0365057, 'f': 2.317465, 'g': 1.3039461}
{'d': 0.50506353, 'e': 1.0537275, 'f': 2.3177297, 'g': 1.3062161}
{'d': 0.5216745, 'e': 1.0749345, 'f': 2.3181212, 'g': 1.3067743}
{'d': 0.53901076, 'e': 1.1028751, 'f': 2.3185937, 'g': 1.3054185}
{'d': 0.54766923, 'e': 1.1216251, 'f': 2.3186927, 'g': 1.3038974}
