prev {'d': 0.47182961447645577, 'e': 0.8985774411939453, 'f': 2.37611926738397, 'g': 1.2871882964319616}
Starting ML Fit
Box23_1400
       message: Optimization terminated successfully.
       success: True
        status: 0
           fun: 7942.815843812804
             x: [ 4.568e-01  8.504e-01  2.376e+00  1.286e+00]
           nit: 103
          nfev: 183
 final_simplex: (array([[ 4.568e-01,  8.504e-01,  2.376e+00,  1.286e+00],
                       [ 4.568e-01,  8.504e-01,  2.376e+00,  1.286e+00],
                       ...,
                       [ 4.568e-01,  8.504e-01,  2.376e+00,  1.286e+00],
                       [ 4.568e-01,  8.504e-01,  2.376e+00,  1.286e+00]]), array([ 7.943e+03,  7.943e+03,  7.943e+03,  7.943e+03,
                        7.943e+03]))
   param_names: ['d', 'e', 'f', 'g']
[0.45680602 0.85043983 2.37627527 1.28645546]
{'d': 0.4568060200190516, 'e': 0.8504398314913203, 'f': 2.3762752672280167, 'g': 1.286455458680091}
Previous:  {'d': 0.47182961447645577, 'e': 0.8985774411939453, 'f': 2.37611926738397, 'g': 1.2871882964319616}
