prev {'d': 0.44602631504545415, 'e': 0.730984887704178, 'f': 2.2967393967057292, 'g': 1.3351800949654107}
Starting ML Fit
Box97_1400
       message: Optimization terminated successfully.
       success: True
        status: 0
           fun: 5088.625914014551
             x: [ 4.390e-01  6.950e-01  2.297e+00  1.334e+00]
           nit: 95
          nfev: 172
 final_simplex: (array([[ 4.390e-01,  6.950e-01,  2.297e+00,  1.334e+00],
                       [ 4.390e-01,  6.950e-01,  2.297e+00,  1.334e+00],
                       ...,
                       [ 4.390e-01,  6.950e-01,  2.297e+00,  1.334e+00],
                       [ 4.390e-01,  6.950e-01,  2.297e+00,  1.334e+00]]), array([ 5.089e+03,  5.089e+03,  5.089e+03,  5.089e+03,
                        5.089e+03]))
   param_names: ['d', 'e', 'f', 'g']
[0.43902266 0.69499574 2.29695257 1.33403019]
{'d': 0.4390226585105691, 'e': 0.6949957410260079, 'f': 2.296952574927654, 'g': 1.3340301855295162}
Previous:  {'d': 0.44602631504545415, 'e': 0.730984887704178, 'f': 2.2967393967057292, 'g': 1.3351800949654107}
