prev {'d': 0.4666839371556305, 'e': 0.9605051576112595, 'f': 2.3432647496618006, 'g': 1.299935809276115}
Starting ML Fit
Box66_1400
       message: Optimization terminated successfully.
       success: True
        status: 0
           fun: 7339.029189321468
             x: [ 4.673e-01  9.533e-01  2.345e+00  1.300e+00]
           nit: 68
          nfev: 128
 final_simplex: (array([[ 4.673e-01,  9.533e-01,  2.345e+00,  1.300e+00],
                       [ 4.673e-01,  9.534e-01,  2.345e+00,  1.300e+00],
                       ...,
                       [ 4.673e-01,  9.533e-01,  2.345e+00,  1.300e+00],
                       [ 4.673e-01,  9.533e-01,  2.345e+00,  1.300e+00]]), array([ 7.339e+03,  7.339e+03,  7.339e+03,  7.339e+03,
                        7.339e+03]))
   param_names: ['d', 'e', 'f', 'g']
[0.46734201 0.95330939 2.34483358 1.29995229]
{'d': 0.4673420093225014, 'e': 0.9533093944827277, 'f': 2.3448335782898972, 'g': 1.2999522864225481}
Previous:  {'d': 0.4666839371556305, 'e': 0.9605051576112595, 'f': 2.3432647496618006, 'g': 1.299935809276115}
