Leaving out Box58_1400
alist [1.0, 0.953321, 0.866399, 0.787402, 0.715608, 0.65036, 0.620002, 0.591061, 0.563471, 0.537169, 0.512095, 0.488191, 0.403224, 0.366459]
(2030, 10)
(2030, 4)
scaling input
(2030, 10)
scaling output
(2030, 4)
Iter 1/300 - Loss: 3.0658
Iter 2/300 - Loss: 2.6927
Iter 3/300 - Loss: 2.3532
Iter 4/300 - Loss: 2.0508
Iter 5/300 - Loss: 1.7856
Iter 6/300 - Loss: 1.5555
Iter 7/300 - Loss: 1.3613
Iter 8/300 - Loss: 1.2088
Iter 9/300 - Loss: 1.0994
Iter 10/300 - Loss: 1.0278
Iter 11/300 - Loss: 0.9862
Iter 12/300 - Loss: 0.9627
Iter 13/300 - Loss: 0.9420
Iter 14/300 - Loss: 0.9135
Iter 15/300 - Loss: 0.8765
Iter 16/300 - Loss: 0.8331
Iter 17/300 - Loss: 0.7827
Iter 18/300 - Loss: 0.7240
Iter 19/300 - Loss: 0.6586
Iter 20/300 - Loss: 0.5905
Iter 21/300 - Loss: 0.5247
Iter 22/300 - Loss: 0.4654
Iter 23/300 - Loss: 0.4137
Iter 24/300 - Loss: 0.3688
Iter 25/300 - Loss: 0.3290
Iter 26/300 - Loss: 0.2925
Iter 27/300 - Loss: 0.2570
Iter 28/300 - Loss: 0.2205
Iter 29/300 - Loss: 0.1820
Iter 30/300 - Loss: 0.1407
Iter 31/300 - Loss: 0.0970
Iter 32/300 - Loss: 0.0513
Iter 33/300 - Loss: 0.0049
Iter 34/300 - Loss: -0.0410
Iter 35/300 - Loss: -0.0854
Iter 36/300 - Loss: -0.1276
Iter 37/300 - Loss: -0.1666
Iter 38/300 - Loss: -0.2019
Iter 39/300 - Loss: -0.2342
Iter 40/300 - Loss: -0.2643
Iter 41/300 - Loss: -0.2930
Iter 42/300 - Loss: -0.3218
Iter 43/300 - Loss: -0.3506
Iter 44/300 - Loss: -0.3794
Iter 45/300 - Loss: -0.4075
Iter 46/300 - Loss: -0.4338
Iter 47/300 - Loss: -0.4581
Iter 48/300 - Loss: -0.4802
Iter 49/300 - Loss: -0.5002
Iter 50/300 - Loss: -0.5184
Iter 51/300 - Loss: -0.5350
Iter 52/300 - Loss: -0.5504
Iter 53/300 - Loss: -0.5649
Iter 54/300 - Loss: -0.5787
Iter 55/300 - Loss: -0.5919
Iter 56/300 - Loss: -0.6046
Iter 57/300 - Loss: -0.6167
Iter 58/300 - Loss: -0.6283
Iter 59/300 - Loss: -0.6392
Iter 60/300 - Loss: -0.6496
Iter 61/300 - Loss: -0.6595
Iter 62/300 - Loss: -0.6691
Iter 63/300 - Loss: -0.6784
Iter 64/300 - Loss: -0.6873
Iter 65/300 - Loss: -0.6958
Iter 66/300 - Loss: -0.7035
Iter 67/300 - Loss: -0.7103
Iter 68/300 - Loss: -0.7160
Iter 69/300 - Loss: -0.7209
Iter 70/300 - Loss: -0.7250
Iter 71/300 - Loss: -0.7287
Iter 72/300 - Loss: -0.7321
Iter 73/300 - Loss: -0.7352
Iter 74/300 - Loss: -0.7381
Iter 75/300 - Loss: -0.7407
Iter 76/300 - Loss: -0.7430
Iter 77/300 - Loss: -0.7450
Iter 78/300 - Loss: -0.7461
Iter 79/300 - Loss: -0.7464
Iter 80/300 - Loss: -0.7507
Iter 81/300 - Loss: -0.7524
Iter 82/300 - Loss: -0.7536
Iter 83/300 - Loss: -0.7561
Iter 84/300 - Loss: -0.7561
Iter 85/300 - Loss: -0.7582
Iter 86/300 - Loss: -0.7587
Iter 87/300 - Loss: -0.7609
Iter 88/300 - Loss: -0.7607
Iter 89/300 - Loss: -0.7623
Iter 90/300 - Loss: -0.7628
Iter 91/300 - Loss: -0.7639
Iter 92/300 - Loss: -0.7641
Iter 93/300 - Loss: -0.7653
Iter 94/300 - Loss: -0.7656
Iter 95/300 - Loss: -0.7664
Iter 96/300 - Loss: -0.7669
Iter 97/300 - Loss: -0.7674
Iter 98/300 - Loss: -0.7678
Iter 99/300 - Loss: -0.7684
Iter 100/300 - Loss: -0.7686
Iter 101/300 - Loss: -0.7691
Iter 102/300 - Loss: -0.7695
Iter 103/300 - Loss: -0.7699
Iter 104/300 - Loss: -0.7702
Iter 105/300 - Loss: -0.7707
Iter 106/300 - Loss: -0.7709
Iter 107/300 - Loss: -0.7714
Iter 108/300 - Loss: -0.7716
Iter 109/300 - Loss: -0.7720
Iter 110/300 - Loss: -0.7722
Iter 111/300 - Loss: -0.7726
Iter 112/300 - Loss: -0.7727
Iter 113/300 - Loss: -0.7730
Iter 114/300 - Loss: -0.7732
Iter 115/300 - Loss: -0.7734
Iter 116/300 - Loss: -0.7736
Iter 117/300 - Loss: -0.7738
Iter 118/300 - Loss: -0.7740
Iter 119/300 - Loss: -0.7742
Iter 120/300 - Loss: -0.7744
Iter 121/300 - Loss: -0.7745
Iter 122/300 - Loss: -0.7747
Iter 123/300 - Loss: -0.7748
Iter 124/300 - Loss: -0.7750
Iter 125/300 - Loss: -0.7751
Iter 126/300 - Loss: -0.7752
Iter 127/300 - Loss: -0.7754
Iter 128/300 - Loss: -0.7755
Iter 129/300 - Loss: -0.7756
Iter 130/300 - Loss: -0.7757
Iter 131/300 - Loss: -0.7759
Iter 132/300 - Loss: -0.7760
Iter 133/300 - Loss: -0.7761
Iter 134/300 - Loss: -0.7762
Iter 135/300 - Loss: -0.7763
Iter 136/300 - Loss: -0.7764
Iter 137/300 - Loss: -0.7765
Iter 138/300 - Loss: -0.7767
Iter 139/300 - Loss: -0.7768
Iter 140/300 - Loss: -0.7770
Iter 141/300 - Loss: -0.7772
Iter 142/300 - Loss: -0.7774
Iter 143/300 - Loss: -0.7777
Iter 144/300 - Loss: -0.7781
Iter 145/300 - Loss: -0.7786
Iter 146/300 - Loss: -0.7794
Iter 147/300 - Loss: -0.7803
Iter 148/300 - Loss: -0.7816
Iter 149/300 - Loss: -0.7831
Iter 150/300 - Loss: -0.7848
Iter 151/300 - Loss: -0.7866
Iter 152/300 - Loss: -0.7883
Iter 153/300 - Loss: -0.7885
Iter 154/300 - Loss: -0.7887
Iter 155/300 - Loss: -0.7889
Iter 156/300 - Loss: -0.7891
Iter 157/300 - Loss: -0.7893
Iter 158/300 - Loss: -0.7896
Iter 159/300 - Loss: -0.7898
Iter 160/300 - Loss: -0.7901
Iter 161/300 - Loss: -0.7903
Iter 162/300 - Loss: -0.7906
Iter 163/300 - Loss: -0.7908
Iter 164/300 - Loss: -0.7911
Iter 165/300 - Loss: -0.7913
Iter 166/300 - Loss: -0.7916
Iter 167/300 - Loss: -0.7918
Iter 168/300 - Loss: -0.7921
Iter 169/300 - Loss: -0.7923
Iter 170/300 - Loss: -0.7926
Iter 171/300 - Loss: -0.7928
Iter 172/300 - Loss: -0.7931
Iter 173/300 - Loss: -0.7933
Iter 174/300 - Loss: -0.7936
Iter 175/300 - Loss: -0.7938
Iter 176/300 - Loss: -0.7940
Iter 177/300 - Loss: -0.7943
Iter 178/300 - Loss: -0.7945
Iter 179/300 - Loss: -0.7947
Iter 180/300 - Loss: -0.7949
Iter 181/300 - Loss: -0.7951
Iter 182/300 - Loss: -0.7954
Iter 183/300 - Loss: -0.7956
Iter 184/300 - Loss: -0.7958
Iter 185/300 - Loss: -0.7960
Iter 186/300 - Loss: -0.7962
Iter 187/300 - Loss: -0.7964
Iter 188/300 - Loss: -0.7966
Iter 189/300 - Loss: -0.7968
Iter 190/300 - Loss: -0.7969
Iter 191/300 - Loss: -0.7971
Iter 192/300 - Loss: -0.7973
Iter 193/300 - Loss: -0.7975
Iter 194/300 - Loss: -0.7977
Iter 195/300 - Loss: -0.7978
Iter 196/300 - Loss: -0.7980
Iter 197/300 - Loss: -0.7982
Iter 198/300 - Loss: -0.7984
Iter 199/300 - Loss: -0.7985
Iter 200/300 - Loss: -0.7987
Iter 201/300 - Loss: -0.7989
Iter 202/300 - Loss: -0.7990
Iter 203/300 - Loss: -0.7992
Iter 204/300 - Loss: -0.7993
Iter 205/300 - Loss: -0.7995
Iter 206/300 - Loss: -0.7996
Iter 207/300 - Loss: -0.7998
Iter 208/300 - Loss: -0.7999
Iter 209/300 - Loss: -0.8001
Iter 210/300 - Loss: -0.8002
Iter 211/300 - Loss: -0.8003
Iter 212/300 - Loss: -0.8005
Iter 213/300 - Loss: -0.8006
Iter 214/300 - Loss: -0.8007
Iter 215/300 - Loss: -0.8009
Iter 216/300 - Loss: -0.8010
Iter 217/300 - Loss: -0.8011
Iter 218/300 - Loss: -0.8013
Iter 219/300 - Loss: -0.8014
Iter 220/300 - Loss: -0.8015
Iter 221/300 - Loss: -0.8016
Iter 222/300 - Loss: -0.8018
Iter 223/300 - Loss: -0.8019
Iter 224/300 - Loss: -0.8020
Iter 225/300 - Loss: -0.8021
Iter 226/300 - Loss: -0.8022
Iter 227/300 - Loss: -0.8024
Iter 228/300 - Loss: -0.8025
Iter 229/300 - Loss: -0.8026
Iter 230/300 - Loss: -0.8027
Iter 231/300 - Loss: -0.8028
Iter 232/300 - Loss: -0.8029
Iter 233/300 - Loss: -0.8030
Iter 234/300 - Loss: -0.8031
Iter 235/300 - Loss: -0.8032
Iter 236/300 - Loss: -0.8033
Iter 237/300 - Loss: -0.8035
Iter 238/300 - Loss: -0.8036
Iter 239/300 - Loss: -0.8037
Iter 240/300 - Loss: -0.8038
Iter 241/300 - Loss: -0.8039
Iter 242/300 - Loss: -0.8040
Iter 243/300 - Loss: -0.8041
Iter 244/300 - Loss: -0.8042
Iter 245/300 - Loss: -0.8043
Iter 246/300 - Loss: -0.8043
Iter 247/300 - Loss: -0.8044
Iter 248/300 - Loss: -0.8045
Iter 249/300 - Loss: -0.8046
Iter 250/300 - Loss: -0.8047
Iter 251/300 - Loss: -0.8048
Iter 252/300 - Loss: -0.8049
Iter 253/300 - Loss: -0.8050
Iter 254/300 - Loss: -0.8051
Iter 255/300 - Loss: -0.8052
Iter 256/300 - Loss: -0.8053
Iter 257/300 - Loss: -0.8054
Iter 258/300 - Loss: -0.8054
Iter 259/300 - Loss: -0.8055
Iter 260/300 - Loss: -0.8056
Iter 261/300 - Loss: -0.8057
Iter 262/300 - Loss: -0.8058
Iter 263/300 - Loss: -0.8059
Iter 264/300 - Loss: -0.8060
Iter 265/300 - Loss: -0.8060
Iter 266/300 - Loss: -0.8061
Iter 267/300 - Loss: -0.8062
Iter 268/300 - Loss: -0.8063
Iter 269/300 - Loss: -0.8064
Iter 270/300 - Loss: -0.8064
Iter 271/300 - Loss: -0.8065
Iter 272/300 - Loss: -0.8066
Iter 273/300 - Loss: -0.8067
Iter 274/300 - Loss: -0.8068
Iter 275/300 - Loss: -0.8068
Iter 276/300 - Loss: -0.8069
Iter 277/300 - Loss: -0.8070
Iter 278/300 - Loss: -0.8071
Iter 279/300 - Loss: -0.8071
Iter 280/300 - Loss: -0.8072
Iter 281/300 - Loss: -0.8073
Iter 282/300 - Loss: -0.8074
Iter 283/300 - Loss: -0.8074
Iter 284/300 - Loss: -0.8075
Iter 285/300 - Loss: -0.8076
Iter 286/300 - Loss: -0.8077
Iter 287/300 - Loss: -0.8077
Iter 288/300 - Loss: -0.8078
Iter 289/300 - Loss: -0.8079
Iter 290/300 - Loss: -0.8080
Iter 291/300 - Loss: -0.8080
Iter 292/300 - Loss: -0.8081
Iter 293/300 - Loss: -0.8082
Iter 294/300 - Loss: -0.8082
Iter 295/300 - Loss: -0.8083
Iter 296/300 - Loss: -0.8084
Iter 297/300 - Loss: -0.8084
Iter 298/300 - Loss: -0.8085
Iter 299/300 - Loss: -0.8086
Iter 300/300 - Loss: -0.8086
