prev {'d': 0.46438847318333165, 'e': 1.0184648928272317, 'f': 2.3400137031755492, 'g': 1.3105922301277333}
Starting ML Fit
Box65_1400
       message: Optimization terminated successfully.
       success: True
        status: 0
           fun: 7325.606675431557
             x: [ 4.623e-01  1.050e+00  2.339e+00  1.309e+00]
           nit: 77
          nfev: 144
 final_simplex: (array([[ 4.623e-01,  1.050e+00,  2.339e+00,  1.309e+00],
                       [ 4.623e-01,  1.050e+00,  2.339e+00,  1.309e+00],
                       ...,
                       [ 4.623e-01,  1.050e+00,  2.339e+00,  1.309e+00],
                       [ 4.623e-01,  1.050e+00,  2.339e+00,  1.309e+00]]), array([ 7.326e+03,  7.326e+03,  7.326e+03,  7.326e+03,
                        7.326e+03]))
   param_names: ['d', 'e', 'f', 'g']
[0.46230797 1.04984551 2.33917919 1.30919538]
{'d': 0.4623079733566252, 'e': 1.0498455054428166, 'f': 2.3391791863598423, 'g': 1.3091953761986812}
Previous:  {'d': 0.46438847318333165, 'e': 1.0184648928272317, 'f': 2.3400137031755492, 'g': 1.3105922301277333}
