Leaving out Box36_1400
alist [1.0, 0.953321, 0.866399, 0.787402, 0.715608, 0.65036, 0.620002, 0.591061, 0.563471, 0.537169, 0.512095, 0.488191, 0.403224, 0.366459]
(2030, 10)
(2030, 4)
scaling input
(2030, 10)
scaling output
(2030, 4)
Iter 1/300 - Loss: 3.4918
Iter 2/300 - Loss: 3.0996
Iter 3/300 - Loss: 2.7328
Iter 4/300 - Loss: 2.3966
Iter 5/300 - Loss: 2.0936
Iter 6/300 - Loss: 1.8239
Iter 7/300 - Loss: 1.5866
Iter 8/300 - Loss: 1.3821
Iter 9/300 - Loss: 1.2123
Iter 10/300 - Loss: 1.0807
Iter 11/300 - Loss: 0.9905
Iter 12/300 - Loss: 0.9391
Iter 13/300 - Loss: 0.9166
Iter 14/300 - Loss: 0.9102
Iter 15/300 - Loss: 0.9097
Iter 16/300 - Loss: 0.9090
Iter 17/300 - Loss: 0.9040
Iter 18/300 - Loss: 0.8909
Iter 19/300 - Loss: 0.8687
Iter 20/300 - Loss: 0.8336
Iter 21/300 - Loss: 0.7851
Iter 22/300 - Loss: 0.7222
Iter 23/300 - Loss: 0.6483
Iter 24/300 - Loss: 0.5693
Iter 25/300 - Loss: 0.4936
Iter 26/300 - Loss: 0.4276
Iter 27/300 - Loss: 0.3741
Iter 28/300 - Loss: 0.3317
Iter 29/300 - Loss: 0.2978
Iter 30/300 - Loss: 0.2684
Iter 31/300 - Loss: 0.2400
Iter 32/300 - Loss: 0.2100
Iter 33/300 - Loss: 0.1767
Iter 34/300 - Loss: 0.1396
Iter 35/300 - Loss: 0.0988
Iter 36/300 - Loss: 0.0550
Iter 37/300 - Loss: 0.0093
Iter 38/300 - Loss: -0.0373
Iter 39/300 - Loss: -0.0833
Iter 40/300 - Loss: -0.1275
Iter 41/300 - Loss: -0.1690
Iter 42/300 - Loss: -0.2073
Iter 43/300 - Loss: -0.2422
Iter 44/300 - Loss: -0.2741
Iter 45/300 - Loss: -0.3035
Iter 46/300 - Loss: -0.3311
Iter 47/300 - Loss: -0.3580
Iter 48/300 - Loss: -0.3850
Iter 49/300 - Loss: -0.4111
Iter 50/300 - Loss: -0.4374
Iter 51/300 - Loss: -0.4629
Iter 52/300 - Loss: -0.4871
Iter 53/300 - Loss: -0.5093
Iter 54/300 - Loss: -0.5293
Iter 55/300 - Loss: -0.5465
Iter 56/300 - Loss: -0.5615
Iter 57/300 - Loss: -0.5747
Iter 58/300 - Loss: -0.5865
Iter 59/300 - Loss: -0.5976
Iter 60/300 - Loss: -0.6083
Iter 61/300 - Loss: -0.6187
Iter 62/300 - Loss: -0.6288
Iter 63/300 - Loss: -0.6384
Iter 64/300 - Loss: -0.6476
Iter 65/300 - Loss: -0.6561
Iter 66/300 - Loss: -0.6641
Iter 67/300 - Loss: -0.6718
Iter 68/300 - Loss: -0.6793
Iter 69/300 - Loss: -0.6870
Iter 70/300 - Loss: -0.6947
Iter 71/300 - Loss: -0.7023
Iter 72/300 - Loss: -0.7094
Iter 73/300 - Loss: -0.7158
Iter 74/300 - Loss: -0.7213
Iter 75/300 - Loss: -0.7259
Iter 76/300 - Loss: -0.7300
Iter 77/300 - Loss: -0.7336
Iter 78/300 - Loss: -0.7364
Iter 79/300 - Loss: -0.7387
Iter 80/300 - Loss: -0.7423
Iter 81/300 - Loss: -0.7444
Iter 82/300 - Loss: -0.7456
Iter 83/300 - Loss: -0.7482
Iter 84/300 - Loss: -0.7490
Iter 85/300 - Loss: -0.7508
Iter 86/300 - Loss: -0.7532
Iter 87/300 - Loss: -0.7545
Iter 88/300 - Loss: -0.7568
Iter 89/300 - Loss: -0.7581
Iter 90/300 - Loss: -0.7597
Iter 91/300 - Loss: -0.7613
Iter 92/300 - Loss: -0.7625
Iter 93/300 - Loss: -0.7641
Iter 94/300 - Loss: -0.7649
Iter 95/300 - Loss: -0.7663
Iter 96/300 - Loss: -0.7669
Iter 97/300 - Loss: -0.7679
Iter 98/300 - Loss: -0.7684
Iter 99/300 - Loss: -0.7691
Iter 100/300 - Loss: -0.7696
Iter 101/300 - Loss: -0.7703
Iter 102/300 - Loss: -0.7708
Iter 103/300 - Loss: -0.7714
Iter 104/300 - Loss: -0.7719
Iter 105/300 - Loss: -0.7724
Iter 106/300 - Loss: -0.7729
Iter 107/300 - Loss: -0.7733
Iter 108/300 - Loss: -0.7738
Iter 109/300 - Loss: -0.7742
Iter 110/300 - Loss: -0.7747
Iter 111/300 - Loss: -0.7750
Iter 112/300 - Loss: -0.7754
Iter 113/300 - Loss: -0.7757
Iter 114/300 - Loss: -0.7760
Iter 115/300 - Loss: -0.7764
Iter 116/300 - Loss: -0.7767
Iter 117/300 - Loss: -0.7770
Iter 118/300 - Loss: -0.7772
Iter 119/300 - Loss: -0.7775
Iter 120/300 - Loss: -0.7778
Iter 121/300 - Loss: -0.7781
Iter 122/300 - Loss: -0.7784
Iter 123/300 - Loss: -0.7786
Iter 124/300 - Loss: -0.7788
Iter 125/300 - Loss: -0.7789
Iter 126/300 - Loss: -0.7789
Iter 127/300 - Loss: -0.7787
Iter 128/300 - Loss: -0.7788
Iter 129/300 - Loss: -0.7797
Iter 130/300 - Loss: -0.7803
Iter 131/300 - Loss: -0.7801
Iter 132/300 - Loss: -0.7801
Iter 133/300 - Loss: -0.7807
Iter 134/300 - Loss: -0.7809
Iter 135/300 - Loss: -0.7808
Iter 136/300 - Loss: -0.7812
Iter 137/300 - Loss: -0.7815
Iter 138/300 - Loss: -0.7815
Iter 139/300 - Loss: -0.7816
Iter 140/300 - Loss: -0.7820
Iter 141/300 - Loss: -0.7821
Iter 142/300 - Loss: -0.7821
Iter 143/300 - Loss: -0.7823
Iter 144/300 - Loss: -0.7826
Iter 145/300 - Loss: -0.7826
Iter 146/300 - Loss: -0.7827
Iter 147/300 - Loss: -0.7830
Iter 148/300 - Loss: -0.7832
Iter 149/300 - Loss: -0.7832
Iter 150/300 - Loss: -0.7834
Iter 151/300 - Loss: -0.7836
Iter 152/300 - Loss: -0.7838
Iter 153/300 - Loss: -0.7838
Iter 154/300 - Loss: -0.7838
Iter 155/300 - Loss: -0.7838
Iter 156/300 - Loss: -0.7838
Iter 157/300 - Loss: -0.7838
Iter 158/300 - Loss: -0.7839
Iter 159/300 - Loss: -0.7839
Iter 160/300 - Loss: -0.7839
Iter 161/300 - Loss: -0.7839
Iter 162/300 - Loss: -0.7839
Iter 163/300 - Loss: -0.7840
Iter 164/300 - Loss: -0.7840
Iter 165/300 - Loss: -0.7840
Iter 166/300 - Loss: -0.7840
Iter 167/300 - Loss: -0.7840
Iter 168/300 - Loss: -0.7841
Iter 169/300 - Loss: -0.7841
Iter 170/300 - Loss: -0.7841
Iter 171/300 - Loss: -0.7841
Iter 172/300 - Loss: -0.7842
Iter 173/300 - Loss: -0.7842
Iter 174/300 - Loss: -0.7842
Iter 175/300 - Loss: -0.7842
Iter 176/300 - Loss: -0.7843
Iter 177/300 - Loss: -0.7843
Iter 178/300 - Loss: -0.7843
Iter 179/300 - Loss: -0.7844
Iter 180/300 - Loss: -0.7844
Iter 181/300 - Loss: -0.7844
Iter 182/300 - Loss: -0.7845
Iter 183/300 - Loss: -0.7845
Iter 184/300 - Loss: -0.7846
Iter 185/300 - Loss: -0.7846
Iter 186/300 - Loss: -0.7847
Iter 187/300 - Loss: -0.7847
Iter 188/300 - Loss: -0.7848
Iter 189/300 - Loss: -0.7848
Iter 190/300 - Loss: -0.7849
Iter 191/300 - Loss: -0.7849
Iter 192/300 - Loss: -0.7850
Iter 193/300 - Loss: -0.7851
Iter 194/300 - Loss: -0.7851
Iter 195/300 - Loss: -0.7852
Iter 196/300 - Loss: -0.7853
Iter 197/300 - Loss: -0.7854
Iter 198/300 - Loss: -0.7855
Iter 199/300 - Loss: -0.7856
Iter 200/300 - Loss: -0.7857
Iter 201/300 - Loss: -0.7858
Iter 202/300 - Loss: -0.7859
Iter 203/300 - Loss: -0.7860
Iter 204/300 - Loss: -0.7862
Iter 205/300 - Loss: -0.7863
Iter 206/300 - Loss: -0.7865
Iter 207/300 - Loss: -0.7866
Iter 208/300 - Loss: -0.7868
Iter 209/300 - Loss: -0.7870
Iter 210/300 - Loss: -0.7872
Iter 211/300 - Loss: -0.7874
Iter 212/300 - Loss: -0.7876
Iter 213/300 - Loss: -0.7878
Iter 214/300 - Loss: -0.7880
Iter 215/300 - Loss: -0.7882
Iter 216/300 - Loss: -0.7885
Iter 217/300 - Loss: -0.7887
Iter 218/300 - Loss: -0.7890
Iter 219/300 - Loss: -0.7893
Iter 220/300 - Loss: -0.7896
Iter 221/300 - Loss: -0.7898
Iter 222/300 - Loss: -0.7901
Iter 223/300 - Loss: -0.7904
Iter 224/300 - Loss: -0.7907
Iter 225/300 - Loss: -0.7911
Iter 226/300 - Loss: -0.7914
Iter 227/300 - Loss: -0.7917
Iter 228/300 - Loss: -0.7920
Iter 229/300 - Loss: -0.7923
Iter 230/300 - Loss: -0.7927
Iter 231/300 - Loss: -0.7930
Iter 232/300 - Loss: -0.7933
Iter 233/300 - Loss: -0.7936
Iter 234/300 - Loss: -0.7939
Iter 235/300 - Loss: -0.7943
Iter 236/300 - Loss: -0.7946
Iter 237/300 - Loss: -0.7949
Iter 238/300 - Loss: -0.7952
Iter 239/300 - Loss: -0.7955
Iter 240/300 - Loss: -0.7958
Iter 241/300 - Loss: -0.7961
Iter 242/300 - Loss: -0.7964
Iter 243/300 - Loss: -0.7967
Iter 244/300 - Loss: -0.7970
Iter 245/300 - Loss: -0.7972
Iter 246/300 - Loss: -0.7975
Iter 247/300 - Loss: -0.7978
Iter 248/300 - Loss: -0.7981
Iter 249/300 - Loss: -0.7983
Iter 250/300 - Loss: -0.7986
Iter 251/300 - Loss: -0.7989
Iter 252/300 - Loss: -0.7991
Iter 253/300 - Loss: -0.7994
Iter 254/300 - Loss: -0.7996
Iter 255/300 - Loss: -0.7999
Iter 256/300 - Loss: -0.8001
Iter 257/300 - Loss: -0.8004
Iter 258/300 - Loss: -0.8006
Iter 259/300 - Loss: -0.8008
Iter 260/300 - Loss: -0.8011
Iter 261/300 - Loss: -0.8013
Iter 262/300 - Loss: -0.8015
Iter 263/300 - Loss: -0.8017
Iter 264/300 - Loss: -0.8019
Iter 265/300 - Loss: -0.8022
Iter 266/300 - Loss: -0.8024
Iter 267/300 - Loss: -0.8026
Iter 268/300 - Loss: -0.8028
Iter 269/300 - Loss: -0.8030
Iter 270/300 - Loss: -0.8032
Iter 271/300 - Loss: -0.8034
Iter 272/300 - Loss: -0.8036
Iter 273/300 - Loss: -0.8038
Iter 274/300 - Loss: -0.8040
Iter 275/300 - Loss: -0.8041
Iter 276/300 - Loss: -0.8043
Iter 277/300 - Loss: -0.8045
Iter 278/300 - Loss: -0.8047
Iter 279/300 - Loss: -0.8049
Iter 280/300 - Loss: -0.8050
Iter 281/300 - Loss: -0.8052
Iter 282/300 - Loss: -0.8054
Iter 283/300 - Loss: -0.8055
Iter 284/300 - Loss: -0.8057
Iter 285/300 - Loss: -0.8058
Iter 286/300 - Loss: -0.8060
Iter 287/300 - Loss: -0.8062
Iter 288/300 - Loss: -0.8063
Iter 289/300 - Loss: -0.8065
Iter 290/300 - Loss: -0.8066
Iter 291/300 - Loss: -0.8068
Iter 292/300 - Loss: -0.8069
Iter 293/300 - Loss: -0.8071
Iter 294/300 - Loss: -0.8072
Iter 295/300 - Loss: -0.8073
Iter 296/300 - Loss: -0.8075
Iter 297/300 - Loss: -0.8076
Iter 298/300 - Loss: -0.8078
Iter 299/300 - Loss: -0.8079
Iter 300/300 - Loss: -0.8080
