no change     /oak/stanford/orgs/kipac/users/delon/miniconda3/condabin/conda
no change     /oak/stanford/orgs/kipac/users/delon/miniconda3/bin/conda
no change     /oak/stanford/orgs/kipac/users/delon/miniconda3/bin/conda-env
no change     /oak/stanford/orgs/kipac/users/delon/miniconda3/bin/activate
no change     /oak/stanford/orgs/kipac/users/delon/miniconda3/bin/deactivate
no change     /oak/stanford/orgs/kipac/users/delon/miniconda3/etc/profile.d/conda.sh
no change     /oak/stanford/orgs/kipac/users/delon/miniconda3/etc/fish/conf.d/conda.fish
no change     /oak/stanford/orgs/kipac/users/delon/miniconda3/shell/condabin/Conda.psm1
no change     /oak/stanford/orgs/kipac/users/delon/miniconda3/shell/condabin/conda-hook.ps1
no change     /oak/stanford/orgs/kipac/users/delon/miniconda3/lib/python3.10/site-packages/xontrib/conda.xsh
no change     /oak/stanford/orgs/kipac/users/delon/miniconda3/etc/profile.d/conda.csh
no change     /home/users/delon/.bashrc
No action taken.
Starting ML Fit
Box_n50_29_1400
       message: Optimization terminated successfully.
       success: True
        status: 0
           fun: 190909.30788256816
             x: [ 9.077e-01  7.128e-01 -2.000e-01  5.613e-01  1.004e+00
                 -7.564e-02]
           nit: 1289
          nfev: 2022
 final_simplex: (array([[ 9.077e-01,  7.128e-01, ...,  1.004e+00,
                        -7.564e-02],
                       [ 9.077e-01,  7.127e-01, ...,  1.004e+00,
                        -7.564e-02],
                       ...,
                       [ 9.077e-01,  7.127e-01, ...,  1.004e+00,
                        -7.564e-02],
                       [ 9.077e-01,  7.128e-01, ...,  1.004e+00,
                        -7.564e-02]]), array([ 1.909e+05,  1.909e+05,  1.909e+05,  1.909e+05,
                        1.909e+05,  1.909e+05,  1.909e+05]))
   param_names: ['d0', 'd1', 'e1', 'f0', 'g0', 'g1']
[ 0.90771348  0.71279702 -0.2         0.56125366  1.00398599 -0.07564418]
(5000, 64, 6)
