prev {'d': 0.5080618432585433, 'e': 1.2029116574342897, 'f': 2.3165726148001555, 'g': 1.2937758420111083}
Starting ML Fit
Box42_1400
       message: Optimization terminated successfully.
       success: True
        status: 0
           fun: 6945.679158401272
             x: [ 5.039e-01  1.239e+00  2.314e+00  1.290e+00]
           nit: 88
          nfev: 160
 final_simplex: (array([[ 5.039e-01,  1.239e+00,  2.314e+00,  1.290e+00],
                       [ 5.039e-01,  1.239e+00,  2.314e+00,  1.290e+00],
                       ...,
                       [ 5.039e-01,  1.239e+00,  2.314e+00,  1.290e+00],
                       [ 5.039e-01,  1.239e+00,  2.314e+00,  1.290e+00]]), array([ 6.946e+03,  6.946e+03,  6.946e+03,  6.946e+03,
                        6.946e+03]))
   param_names: ['d', 'e', 'f', 'g']
[0.50388727 1.23901914 2.31401583 1.29028365]
{'d': 0.5038872658559164, 'e': 1.2390191394663403, 'f': 2.314015828398567, 'g': 1.2902836542549743}
Previous:  {'d': 0.5080618432585433, 'e': 1.2029116574342897, 'f': 2.3165726148001555, 'g': 1.2937758420111083}
