prev {'d': 0.4733950244773144, 'e': 1.183744802743277, 'f': 2.322943621484783, 'g': 1.2856016817459492}
Starting ML Fit
Box_n50_12_1400
       message: Optimization terminated successfully.
       success: True
        status: 0
           fun: 10089.962704313344
             x: [ 4.678e-01  1.187e+00  2.323e+00  1.283e+00]
           nit: 83
          nfev: 147
 final_simplex: (array([[ 4.678e-01,  1.187e+00,  2.323e+00,  1.283e+00],
                       [ 4.678e-01,  1.187e+00,  2.323e+00,  1.283e+00],
                       ...,
                       [ 4.678e-01,  1.187e+00,  2.323e+00,  1.283e+00],
                       [ 4.678e-01,  1.187e+00,  2.323e+00,  1.283e+00]]), array([ 1.009e+04,  1.009e+04,  1.009e+04,  1.009e+04,
                        1.009e+04]))
   param_names: ['d', 'e', 'f', 'g']
[0.46784738 1.18700043 2.32311917 1.28325794]
{'d': 0.46784737726347664, 'e': 1.1870004346589011, 'f': 2.323119169090671, 'g': 1.2832579423596155}
Previous:  {'d': 0.4733950244773144, 'e': 1.183744802743277, 'f': 2.322943621484783, 'g': 1.2856016817459492}
