prev {'d': 0.44362171250258803, 'e': 1.1200313227238867, 'f': 2.3234627183847194, 'g': 1.2487983767597362}
Starting ML Fit
Box_n50_32_1400
       message: Optimization terminated successfully.
       success: True
        status: 0
           fun: 3717.2091692255517
             x: [ 4.385e-01  1.123e+00  2.323e+00  1.247e+00]
           nit: 84
          nfev: 152
 final_simplex: (array([[ 4.385e-01,  1.123e+00,  2.323e+00,  1.247e+00],
                       [ 4.385e-01,  1.123e+00,  2.323e+00,  1.247e+00],
                       ...,
                       [ 4.385e-01,  1.123e+00,  2.323e+00,  1.247e+00],
                       [ 4.385e-01,  1.123e+00,  2.323e+00,  1.247e+00]]), array([ 3.717e+03,  3.717e+03,  3.717e+03,  3.717e+03,
                        3.717e+03]))
   param_names: ['d', 'e', 'f', 'g']
[0.43850787 1.12339203 2.32269171 1.24680246]
{'d': 0.4385078732831148, 'e': 1.123392033033472, 'f': 2.3226917054745044, 'g': 1.246802456682159}
Previous:  {'d': 0.44362171250258803, 'e': 1.1200313227238867, 'f': 2.3234627183847194, 'g': 1.2487983767597362}
