prev {'d': 0.4396778171625009, 'e': 1.1718528000433042, 'f': 2.333568128805176, 'g': 1.241730163344942}
Starting ML Fit
Box_n50_25_1400
       message: Optimization terminated successfully.
       success: True
        status: 0
           fun: 4338.2990405480205
             x: [ 4.195e-01  1.176e+00  2.332e+00  1.235e+00]
           nit: 120
          nfev: 207
 final_simplex: (array([[ 4.195e-01,  1.176e+00,  2.332e+00,  1.235e+00],
                       [ 4.195e-01,  1.176e+00,  2.332e+00,  1.235e+00],
                       ...,
                       [ 4.195e-01,  1.176e+00,  2.332e+00,  1.235e+00],
                       [ 4.195e-01,  1.176e+00,  2.332e+00,  1.235e+00]]), array([ 4.338e+03,  4.338e+03,  4.338e+03,  4.338e+03,
                        4.338e+03]))
   param_names: ['d', 'e', 'f', 'g']
[0.41949901 1.17605871 2.33246106 1.23486785]
{'d': 0.41949900736957807, 'e': 1.1760587099310706, 'f': 2.332461057182676, 'g': 1.234867848320127}
Previous:  {'d': 0.4396778171625009, 'e': 1.1718528000433042, 'f': 2.333568128805176, 'g': 1.241730163344942}
