prev {'d': 0.458644779485625, 'e': 1.0603795926524735, 'f': 2.3325791735059154, 'g': 1.2697984001763447}
Starting ML Fit
Box48_1400
       message: Optimization terminated successfully.
       success: True
        status: 0
           fun: 3074.4321270952287
             x: [ 4.572e-01  1.069e+00  2.331e+00  1.282e+00]
           nit: 87
          nfev: 159
 final_simplex: (array([[ 4.572e-01,  1.069e+00,  2.331e+00,  1.282e+00],
                       [ 4.572e-01,  1.069e+00,  2.331e+00,  1.282e+00],
                       ...,
                       [ 4.572e-01,  1.069e+00,  2.331e+00,  1.282e+00],
                       [ 4.572e-01,  1.069e+00,  2.331e+00,  1.282e+00]]), array([ 3.074e+03,  3.074e+03,  3.074e+03,  3.074e+03,
                        3.074e+03]))
   param_names: ['d', 'e', 'f', 'g']
[0.45719974 1.069225   2.33116779 1.28172416]
{'d': 0.45719974300263533, 'e': 1.069224998832241, 'f': 2.331167789702514, 'g': 1.281724163592497}
Previous:  {'d': 0.458644779485625, 'e': 1.0603795926524735, 'f': 2.3325791735059154, 'g': 1.2697984001763447}
