prev {'d': 0.4974374829680581, 'e': 1.121384840371773, 'f': 2.2817114828374416, 'g': 1.2083376018179517}
Starting ML Fit
Box99_1400
       message: Optimization terminated successfully.
       success: True
        status: 0
           fun: 9785.278558907285
             x: [ 4.810e-01  1.059e+00  2.282e+00  1.207e+00]
           nit: 93
          nfev: 162
 final_simplex: (array([[ 4.810e-01,  1.059e+00,  2.282e+00,  1.207e+00],
                       [ 4.810e-01,  1.059e+00,  2.282e+00,  1.207e+00],
                       ...,
                       [ 4.810e-01,  1.059e+00,  2.282e+00,  1.207e+00],
                       [ 4.810e-01,  1.059e+00,  2.282e+00,  1.207e+00]]), array([ 9.785e+03,  9.785e+03,  9.785e+03,  9.785e+03,
                        9.785e+03]))
   param_names: ['d', 'e', 'f', 'g']
[0.48104877 1.05863477 2.2819577  1.20723796]
{'d': 0.4810487725777375, 'e': 1.0586347713395567, 'f': 2.2819576950132023, 'g': 1.2072379564479325}
Previous:  {'d': 0.4974374829680581, 'e': 1.121384840371773, 'f': 2.2817114828374416, 'g': 1.2083376018179517}
