no change     /oak/stanford/orgs/kipac/users/delon/miniconda3/condabin/conda
no change     /oak/stanford/orgs/kipac/users/delon/miniconda3/bin/conda
no change     /oak/stanford/orgs/kipac/users/delon/miniconda3/bin/conda-env
no change     /oak/stanford/orgs/kipac/users/delon/miniconda3/bin/activate
no change     /oak/stanford/orgs/kipac/users/delon/miniconda3/bin/deactivate
no change     /oak/stanford/orgs/kipac/users/delon/miniconda3/etc/profile.d/conda.sh
no change     /oak/stanford/orgs/kipac/users/delon/miniconda3/etc/fish/conf.d/conda.fish
no change     /oak/stanford/orgs/kipac/users/delon/miniconda3/shell/condabin/Conda.psm1
no change     /oak/stanford/orgs/kipac/users/delon/miniconda3/shell/condabin/conda-hook.ps1
no change     /oak/stanford/orgs/kipac/users/delon/miniconda3/lib/python3.10/site-packages/xontrib/conda.xsh
no change     /oak/stanford/orgs/kipac/users/delon/miniconda3/etc/profile.d/conda.csh
no change     /home/users/delon/.bashrc
No action taken.
['As', 'ns', 'H0', 'w0', 'ombh2', 'omch2', 'nu_mass_ev', 'sigma']
['As', 'ns', 'H0', 'w0', 'ombh2', 'omch2', 'nu_mass_ev', 'sigma']
Starting ML Fit
Box5_1400
       message: Optimization terminated successfully.
       success: True
        status: 0
           fun: 40624.6747781879
             x: [ 9.343e-02 -7.959e-02  3.751e+00 -4.998e+00  9.430e-01
                  1.550e-01  1.037e+00 -4.619e-02]
           nit: 969
          nfev: 1487
 final_simplex: (array([[ 9.343e-02, -7.959e-02, ...,  1.037e+00,
                        -4.619e-02],
                       [ 9.343e-02, -7.959e-02, ...,  1.037e+00,
                        -4.618e-02],
                       ...,
                       [ 9.343e-02, -7.959e-02, ...,  1.037e+00,
                        -4.617e-02],
                       [ 9.344e-02, -7.959e-02, ...,  1.037e+00,
                        -4.617e-02]]), array([ 4.062e+04,  4.062e+04,  4.062e+04,  4.062e+04,
                        4.062e+04,  4.062e+04,  4.062e+04,  4.062e+04,
                        4.062e+04]))
   param_names: ['d0', 'd1', 'e0', 'e1', 'f0', 'f1', 'g0', 'g1']
[ 0.09343237 -0.0795899   3.75057585 -4.99769636  0.94295708  0.15500167
  1.03725123 -0.04619237]
(10000, 64, 8)
