prev {'d': 0.45564159765039086, 'e': 1.0737087103451335, 'f': 2.3429638648748563, 'g': 1.2692911706918022}
Starting ML Fit
Box_n50_22_1400
       message: Optimization terminated successfully.
       success: True
        status: 0
           fun: 6726.426901430624
             x: [ 4.509e-01  1.075e+00  2.344e+00  1.267e+00]
           nit: 79
          nfev: 146
 final_simplex: (array([[ 4.509e-01,  1.075e+00,  2.344e+00,  1.267e+00],
                       [ 4.509e-01,  1.075e+00,  2.344e+00,  1.267e+00],
                       ...,
                       [ 4.509e-01,  1.075e+00,  2.344e+00,  1.267e+00],
                       [ 4.509e-01,  1.075e+00,  2.344e+00,  1.267e+00]]), array([ 6.726e+03,  6.726e+03,  6.726e+03,  6.726e+03,
                        6.726e+03]))
   param_names: ['d', 'e', 'f', 'g']
[0.45093429 1.07455565 2.34364336 1.26723033]
{'d': 0.4509342916436147, 'e': 1.0745556546503867, 'f': 2.3436433636449694, 'g': 1.267230333210319}
Previous:  {'d': 0.45564159765039086, 'e': 1.0737087103451335, 'f': 2.3429638648748563, 'g': 1.2692911706918022}
