prev {'d': 0.5090876494417447, 'e': 1.4123066243983202, 'f': 2.3052292279568487, 'g': 1.2554891090211513}
Starting ML Fit
Box92_1400
       message: Optimization terminated successfully.
       success: True
        status: 0
           fun: 7130.723574908725
             x: [ 4.939e-01  1.438e+00  2.300e+00  1.255e+00]
           nit: 97
          nfev: 171
 final_simplex: (array([[ 4.939e-01,  1.438e+00,  2.300e+00,  1.255e+00],
                       [ 4.939e-01,  1.438e+00,  2.300e+00,  1.255e+00],
                       ...,
                       [ 4.939e-01,  1.438e+00,  2.300e+00,  1.255e+00],
                       [ 4.939e-01,  1.438e+00,  2.300e+00,  1.255e+00]]), array([ 7.131e+03,  7.131e+03,  7.131e+03,  7.131e+03,
                        7.131e+03]))
   param_names: ['d', 'e', 'f', 'g']
[0.49394554 1.43805364 2.29991565 1.25454785]
{'d': 0.49394554359396525, 'e': 1.4380536391366783, 'f': 2.2999156452915877, 'g': 1.2545478458202988}
Previous:  {'d': 0.5090876494417447, 'e': 1.4123066243983202, 'f': 2.3052292279568487, 'g': 1.2554891090211513}
