prev {'d': 0.4560276901177713, 'e': 1.0437120164245755, 'f': 2.330514389517843, 'g': 1.292678914580569}
Starting ML Fit
Box94_1400
       message: Optimization terminated successfully.
       success: True
        status: 0
           fun: 4140.162657373336
             x: [ 4.627e-01  1.021e+00  2.335e+00  1.313e+00]
           nit: 108
          nfev: 191
 final_simplex: (array([[ 4.627e-01,  1.021e+00,  2.335e+00,  1.313e+00],
                       [ 4.627e-01,  1.021e+00,  2.335e+00,  1.313e+00],
                       ...,
                       [ 4.627e-01,  1.021e+00,  2.335e+00,  1.313e+00],
                       [ 4.627e-01,  1.021e+00,  2.335e+00,  1.313e+00]]), array([ 4.140e+03,  4.140e+03,  4.140e+03,  4.140e+03,
                        4.140e+03]))
   param_names: ['d', 'e', 'f', 'g']
[0.46267691 1.0206442  2.33484738 1.31299497]
{'d': 0.462676909695527, 'e': 1.0206441987486834, 'f': 2.3348473755143457, 'g': 1.3129949663189855}
Previous:  {'d': 0.4560276901177713, 'e': 1.0437120164245755, 'f': 2.330514389517843, 'g': 1.292678914580569}
