prev {'d': 0.5287347183968198, 'e': 1.1587596831523101, 'f': 2.324957378652547, 'g': 1.2894262008195336}
Starting ML Fit
Box57_1400
       message: Optimization terminated successfully.
       success: True
        status: 0
           fun: 4595.393701565399
             x: [ 5.025e-01  1.157e+00  2.326e+00  1.264e+00]
           nit: 127
          nfev: 217
 final_simplex: (array([[ 5.025e-01,  1.157e+00,  2.326e+00,  1.264e+00],
                       [ 5.025e-01,  1.157e+00,  2.326e+00,  1.264e+00],
                       ...,
                       [ 5.025e-01,  1.157e+00,  2.326e+00,  1.264e+00],
                       [ 5.025e-01,  1.157e+00,  2.326e+00,  1.264e+00]]), array([ 4.595e+03,  4.595e+03,  4.595e+03,  4.595e+03,
                        4.595e+03]))
   param_names: ['d', 'e', 'f', 'g']
[0.50248164 1.15681081 2.3256024  1.26440977]
{'d': 0.502481641208669, 'e': 1.156810806833875, 'f': 2.3256023974458246, 'g': 1.2644097653482744}
Previous:  {'d': 0.5287347183968198, 'e': 1.1587596831523101, 'f': 2.324957378652547, 'g': 1.2894262008195336}
