no change     /oak/stanford/orgs/kipac/users/delon/miniconda3/condabin/conda
no change     /oak/stanford/orgs/kipac/users/delon/miniconda3/bin/conda
no change     /oak/stanford/orgs/kipac/users/delon/miniconda3/bin/conda-env
no change     /oak/stanford/orgs/kipac/users/delon/miniconda3/bin/activate
no change     /oak/stanford/orgs/kipac/users/delon/miniconda3/bin/deactivate
no change     /oak/stanford/orgs/kipac/users/delon/miniconda3/etc/profile.d/conda.sh
no change     /oak/stanford/orgs/kipac/users/delon/miniconda3/etc/fish/conf.d/conda.fish
no change     /oak/stanford/orgs/kipac/users/delon/miniconda3/shell/condabin/Conda.psm1
no change     /oak/stanford/orgs/kipac/users/delon/miniconda3/shell/condabin/conda-hook.ps1
no change     /oak/stanford/orgs/kipac/users/delon/miniconda3/lib/python3.10/site-packages/xontrib/conda.xsh
no change     /oak/stanford/orgs/kipac/users/delon/miniconda3/etc/profile.d/conda.csh
no change     /home/users/delon/.bashrc
No action taken.
Starting ML Fit
Box_n50_32_1400
       message: Optimization terminated successfully.
       success: True
        status: 0
           fun: 18738.04044369921
             x: [ 3.135e-01  2.017e-01  3.272e-01  1.592e+00  1.168e+00
                  1.385e-02]
           nit: 1066
          nfev: 1643
 final_simplex: (array([[ 3.135e-01,  2.017e-01, ...,  1.168e+00,
                         1.385e-02],
                       [ 3.135e-01,  2.017e-01, ...,  1.168e+00,
                         1.384e-02],
                       ...,
                       [ 3.135e-01,  2.017e-01, ...,  1.168e+00,
                         1.384e-02],
                       [ 3.135e-01,  2.017e-01, ...,  1.168e+00,
                         1.385e-02]]), array([ 1.874e+04,  1.874e+04,  1.874e+04,  1.874e+04,
                        1.874e+04,  1.874e+04,  1.874e+04]))
   param_names: ['d0', 'd1', 'e1', 'f0', 'g0', 'g1']
[0.31345159 0.20165946 0.3271602  1.59177884 1.16815079 0.013852  ]
(5000, 64, 6)
