prev {'d': 0.4458376834208786, 'e': 0.8959420659708941, 'f': 2.3445075695927313, 'g': 1.2878231373777176}
Starting ML Fit
Box_n50_8_1400
       message: Optimization terminated successfully.
       success: True
        status: 0
           fun: 6422.832207709143
             x: [ 4.396e-01  8.862e-01  2.346e+00  1.287e+00]
           nit: 116
          nfev: 201
 final_simplex: (array([[ 4.396e-01,  8.862e-01,  2.346e+00,  1.287e+00],
                       [ 4.396e-01,  8.862e-01,  2.346e+00,  1.287e+00],
                       ...,
                       [ 4.396e-01,  8.862e-01,  2.346e+00,  1.286e+00],
                       [ 4.396e-01,  8.862e-01,  2.346e+00,  1.286e+00]]), array([ 6.423e+03,  6.423e+03,  6.423e+03,  6.423e+03,
                        6.423e+03]))
   param_names: ['d', 'e', 'f', 'g']
[0.43963511 0.88619023 2.34634835 1.28650255]
{'d': 0.4396351072545912, 'e': 0.8861902324412227, 'f': 2.346348353072356, 'g': 1.2865025524077205}
Previous:  {'d': 0.4458376834208786, 'e': 0.8959420659708941, 'f': 2.3445075695927313, 'g': 1.2878231373777176}
