no change     /oak/stanford/orgs/kipac/users/delon/miniconda3/condabin/conda
no change     /oak/stanford/orgs/kipac/users/delon/miniconda3/bin/conda
no change     /oak/stanford/orgs/kipac/users/delon/miniconda3/bin/conda-env
no change     /oak/stanford/orgs/kipac/users/delon/miniconda3/bin/activate
no change     /oak/stanford/orgs/kipac/users/delon/miniconda3/bin/deactivate
no change     /oak/stanford/orgs/kipac/users/delon/miniconda3/etc/profile.d/conda.sh
no change     /oak/stanford/orgs/kipac/users/delon/miniconda3/etc/fish/conf.d/conda.fish
no change     /oak/stanford/orgs/kipac/users/delon/miniconda3/shell/condabin/Conda.psm1
no change     /oak/stanford/orgs/kipac/users/delon/miniconda3/shell/condabin/conda-hook.ps1
no change     /oak/stanford/orgs/kipac/users/delon/miniconda3/lib/python3.10/site-packages/xontrib/conda.xsh
no change     /oak/stanford/orgs/kipac/users/delon/miniconda3/etc/profile.d/conda.csh
no change     /home/users/delon/.bashrc
No action taken.
16
2114022
2114022
12.979769562727238 13.737168779714985
3625.0
4122465
4122465
12.979769562727238 14.022552084185014
24544.0
6309320
6309320
12.979769562727238 14.342541108623305
90079.0
7295347
7295347
12.979769562727238 14.436814394889435
145101.0
8834804
8834804
12.979769562727238 14.646570353535727
291668.0
9114647
9114647
12.979769562727238 14.76066369113944
332828.0
9357151
9357151
12.979769562727238 14.913760886412323
375406.0
9561770
9561770
12.979769562727238 14.994396348089467
418315.0
9727381
9727381
12.979769562727238 15.0338658673479
461340.0
9857290
9857290
12.979769562727238 15.120277720339368
503066.0
9957402
9957402
12.979769562727238 15.162892840714255
545155.0
10076119
10076119
12.979769562727238 15.266584447066863
623733.0
10108016
10108016
12.979769562727238 15.313909382835272
695585.0
10078667
10078667
12.979769562727238 15.29459847845371
758755.0
10003742
10003742
12.979769562727238 15.343113054845938
814424.0
9958679
9958679
12.979769562727238 15.347017601324948
839681.0
