Leaving out Box_n50_22_1400
alist [1.0, 0.953321, 0.866399, 0.787402, 0.715608, 0.65036, 0.620002, 0.591061, 0.563471, 0.537169, 0.512095, 0.488191, 0.403224, 0.366459]
scaling input
scaling output
Iter 1/250 - Loss: 10.4770
Iter 2/250 - Loss: 9.6112
Iter 3/250 - Loss: 8.5832
Iter 4/250 - Loss: 7.8018
Iter 5/250 - Loss: 6.8135
Iter 6/250 - Loss: 5.9357
Iter 7/250 - Loss: 5.1348
Iter 8/250 - Loss: 4.3834
Iter 9/250 - Loss: 3.6959
Iter 10/250 - Loss: 3.0872
Iter 11/250 - Loss: 2.5719
Iter 12/250 - Loss: 2.1497
Iter 13/250 - Loss: 1.8088
Iter 14/250 - Loss: 1.5318
Iter 15/250 - Loss: 1.3021
Iter 16/250 - Loss: 1.1090
Iter 17/250 - Loss: 0.9472
Iter 18/250 - Loss: 0.8158
Iter 19/250 - Loss: 0.7155
Iter 20/250 - Loss: 0.6469
Iter 21/250 - Loss: 0.6050
Iter 22/250 - Loss: 0.5796
Iter 23/250 - Loss: 0.5608
Iter 24/250 - Loss: 0.5417
Iter 25/250 - Loss: 0.5176
Iter 26/250 - Loss: 0.4851
Iter 27/250 - Loss: 0.4430
Iter 28/250 - Loss: 0.3917
Iter 29/250 - Loss: 0.3332
Iter 30/250 - Loss: 0.2696
Iter 31/250 - Loss: 0.2037
Iter 32/250 - Loss: 0.1385
Iter 33/250 - Loss: 0.0775
Iter 34/250 - Loss: 0.0230
Iter 35/250 - Loss: -0.0245
Iter 36/250 - Loss: -0.0659
Iter 37/250 - Loss: -0.1028
Iter 38/250 - Loss: -0.1368
Iter 39/250 - Loss: -0.1692
Iter 40/250 - Loss: -0.2007
Iter 41/250 - Loss: -0.2321
Iter 42/250 - Loss: -0.2635
Iter 43/250 - Loss: -0.2948
Iter 44/250 - Loss: -0.3259
Iter 45/250 - Loss: -0.3564
Iter 46/250 - Loss: -0.3859
Iter 47/250 - Loss: -0.4140
Iter 48/250 - Loss: -0.4402
Iter 49/250 - Loss: -0.4643
Iter 50/250 - Loss: -0.4861
Iter 51/250 - Loss: -0.5055
Iter 52/250 - Loss: -0.5225
Iter 53/250 - Loss: -0.5371
Iter 54/250 - Loss: -0.5498
Iter 55/250 - Loss: -0.5615
Iter 56/250 - Loss: -0.5718
Iter 57/250 - Loss: -0.5815
Iter 58/250 - Loss: -0.5910
Iter 59/250 - Loss: -0.6004
Iter 60/250 - Loss: -0.6100
Iter 61/250 - Loss: -0.6199
Iter 62/250 - Loss: -0.6305
Iter 63/250 - Loss: -0.6414
Iter 64/250 - Loss: -0.6528
Iter 65/250 - Loss: -0.6642
Iter 66/250 - Loss: -0.6752
Iter 67/250 - Loss: -0.6855
Iter 68/250 - Loss: -0.6947
Iter 69/250 - Loss: -0.7028
Iter 70/250 - Loss: -0.7101
Iter 71/250 - Loss: -0.7168
Iter 72/250 - Loss: -0.7231
Iter 73/250 - Loss: -0.7293
Iter 74/250 - Loss: -0.7353
Iter 75/250 - Loss: -0.7408
Iter 76/250 - Loss: -0.7454
Iter 77/250 - Loss: -0.7494
Iter 78/250 - Loss: -0.7531
Iter 79/250 - Loss: -0.7573
Iter 80/250 - Loss: -0.7623
Iter 81/250 - Loss: -0.7678
Iter 82/250 - Loss: -0.7733
Iter 83/250 - Loss: -0.7781
Iter 84/250 - Loss: -0.7820
Iter 85/250 - Loss: -0.7851
Iter 86/250 - Loss: -0.7878
Iter 87/250 - Loss: -0.7902
Iter 88/250 - Loss: -0.7928
Iter 89/250 - Loss: -0.7956
Iter 90/250 - Loss: -0.7985
Iter 91/250 - Loss: -0.8015
Iter 92/250 - Loss: -0.8044
Iter 93/250 - Loss: -0.8071
Iter 94/250 - Loss: -0.8094
Iter 95/250 - Loss: -0.8113
Iter 96/250 - Loss: -0.8130
Iter 97/250 - Loss: -0.8144
Iter 98/250 - Loss: -0.8158
Iter 99/250 - Loss: -0.8171
Iter 100/250 - Loss: -0.8185
Iter 101/250 - Loss: -0.8198
Iter 102/250 - Loss: -0.8211
Iter 103/250 - Loss: -0.8224
Iter 104/250 - Loss: -0.8234
Iter 105/250 - Loss: -0.8242
Iter 106/250 - Loss: -0.8249
Iter 107/250 - Loss: -0.8253
Iter 108/250 - Loss: -0.8256
Iter 109/250 - Loss: -0.8260
Iter 110/250 - Loss: -0.8269
Iter 111/250 - Loss: -0.8279
Iter 112/250 - Loss: -0.8283
Iter 113/250 - Loss: -0.8289
Iter 114/250 - Loss: -0.8298
Iter 115/250 - Loss: -0.8300
Iter 116/250 - Loss: -0.8305
Iter 117/250 - Loss: -0.8312
Iter 118/250 - Loss: -0.8314
Iter 119/250 - Loss: -0.8319
Iter 120/250 - Loss: -0.8324
Iter 121/250 - Loss: -0.8328
Iter 122/250 - Loss: -0.8332
Iter 123/250 - Loss: -0.8337
Iter 124/250 - Loss: -0.8340
Iter 125/250 - Loss: -0.8344
Iter 126/250 - Loss: -0.8348
Iter 127/250 - Loss: -0.8350
Iter 128/250 - Loss: -0.8354
Iter 129/250 - Loss: -0.8357
Iter 130/250 - Loss: -0.8361
Iter 131/250 - Loss: -0.8364
Iter 132/250 - Loss: -0.8367
Iter 133/250 - Loss: -0.8369
Iter 134/250 - Loss: -0.8372
Iter 135/250 - Loss: -0.8374
Iter 136/250 - Loss: -0.8376
Iter 137/250 - Loss: -0.8379
Iter 138/250 - Loss: -0.8381
Iter 139/250 - Loss: -0.8384
Iter 140/250 - Loss: -0.8386
Iter 141/250 - Loss: -0.8388
Iter 142/250 - Loss: -0.8390
Iter 143/250 - Loss: -0.8392
Iter 144/250 - Loss: -0.8394
Iter 145/250 - Loss: -0.8396
Iter 146/250 - Loss: -0.8398
Iter 147/250 - Loss: -0.8400
Iter 148/250 - Loss: -0.8402
Iter 149/250 - Loss: -0.8403
Iter 150/250 - Loss: -0.8405
Iter 151/250 - Loss: -0.8407
Iter 152/250 - Loss: -0.8409
Iter 153/250 - Loss: -0.8410
Iter 154/250 - Loss: -0.8412
Iter 155/250 - Loss: -0.8413
Iter 156/250 - Loss: -0.8415
Iter 157/250 - Loss: -0.8417
Iter 158/250 - Loss: -0.8418
Iter 159/250 - Loss: -0.8420
Iter 160/250 - Loss: -0.8421
Iter 161/250 - Loss: -0.8422
Iter 162/250 - Loss: -0.8424
Iter 163/250 - Loss: -0.8425
Iter 164/250 - Loss: -0.8427
Iter 165/250 - Loss: -0.8428
Iter 166/250 - Loss: -0.8429
Iter 167/250 - Loss: -0.8431
Iter 168/250 - Loss: -0.8432
Iter 169/250 - Loss: -0.8433
Iter 170/250 - Loss: -0.8434
Iter 171/250 - Loss: -0.8435
Iter 172/250 - Loss: -0.8437
Iter 173/250 - Loss: -0.8438
Iter 174/250 - Loss: -0.8439
Iter 175/250 - Loss: -0.8440
Iter 176/250 - Loss: -0.8441
Iter 177/250 - Loss: -0.8442
Iter 178/250 - Loss: -0.8443
Iter 179/250 - Loss: -0.8445
Iter 180/250 - Loss: -0.8445
Iter 181/250 - Loss: -0.8447
Iter 182/250 - Loss: -0.8447
Iter 183/250 - Loss: -0.8449
Iter 184/250 - Loss: -0.8450
Iter 185/250 - Loss: -0.8451
Iter 186/250 - Loss: -0.8452
Iter 187/250 - Loss: -0.8452
Iter 188/250 - Loss: -0.8453
Iter 189/250 - Loss: -0.8454
Iter 190/250 - Loss: -0.8455
Iter 191/250 - Loss: -0.8456
Iter 192/250 - Loss: -0.8457
Iter 193/250 - Loss: -0.8458
Iter 194/250 - Loss: -0.8459
Iter 195/250 - Loss: -0.8460
Iter 196/250 - Loss: -0.8461
Iter 197/250 - Loss: -0.8462
Iter 198/250 - Loss: -0.8462
Iter 199/250 - Loss: -0.8463
Iter 200/250 - Loss: -0.8464
Iter 201/250 - Loss: -0.8465
Iter 202/250 - Loss: -0.8465
Iter 203/250 - Loss: -0.8466
Iter 204/250 - Loss: -0.8467
Iter 205/250 - Loss: -0.8468
Iter 206/250 - Loss: -0.8469
Iter 207/250 - Loss: -0.8469
Iter 208/250 - Loss: -0.8470
Iter 209/250 - Loss: -0.8471
Iter 210/250 - Loss: -0.8471
Iter 211/250 - Loss: -0.8472
Iter 212/250 - Loss: -0.8473
Iter 213/250 - Loss: -0.8473
Iter 214/250 - Loss: -0.8474
Iter 215/250 - Loss: -0.8475
Iter 216/250 - Loss: -0.8475
Iter 217/250 - Loss: -0.8476
Iter 218/250 - Loss: -0.8477
Iter 219/250 - Loss: -0.8477
Iter 220/250 - Loss: -0.8478
Iter 221/250 - Loss: -0.8478
Iter 222/250 - Loss: -0.8479
Iter 223/250 - Loss: -0.8479
Iter 224/250 - Loss: -0.8480
Iter 225/250 - Loss: -0.8481
Iter 226/250 - Loss: -0.8482
Iter 227/250 - Loss: -0.8482
Iter 228/250 - Loss: -0.8483
Iter 229/250 - Loss: -0.8483
Iter 230/250 - Loss: -0.8483
Iter 231/250 - Loss: -0.8484
Iter 232/250 - Loss: -0.8484
Iter 233/250 - Loss: -0.8485
Iter 234/250 - Loss: -0.8486
Iter 235/250 - Loss: -0.8485
Iter 236/250 - Loss: -0.8485
Iter 237/250 - Loss: -0.8483
Iter 238/250 - Loss: -0.8481
Iter 239/250 - Loss: -0.8480
Iter 240/250 - Loss: -0.8484
Iter 241/250 - Loss: -0.8489
Iter 242/250 - Loss: -0.8487
Iter 243/250 - Loss: -0.8485
Iter 244/250 - Loss: -0.8489
Iter 245/250 - Loss: -0.8491
Iter 246/250 - Loss: -0.8488
Iter 247/250 - Loss: -0.8490
Iter 248/250 - Loss: -0.8492
Iter 249/250 - Loss: -0.8491
Iter 250/250 - Loss: -0.8491
now training with smaller learning rate
Iter 1/250 - Loss: -0.8494
Iter 2/250 - Loss: -0.8490
Iter 3/250 - Loss: -0.8498
Iter 4/250 - Loss: -0.8497
Iter 5/250 - Loss: -0.8499
Iter 6/250 - Loss: -0.8502
Iter 7/250 - Loss: -0.8504
Iter 8/250 - Loss: -0.8506
Iter 9/250 - Loss: -0.8509
Iter 10/250 - Loss: -0.8510
Iter 11/250 - Loss: -0.8512
Iter 12/250 - Loss: -0.8514
Iter 13/250 - Loss: -0.8517
Iter 14/250 - Loss: -0.8519
Iter 15/250 - Loss: -0.8520
Iter 16/250 - Loss: -0.8522
Iter 17/250 - Loss: -0.8524
Iter 18/250 - Loss: -0.8527
Iter 19/250 - Loss: -0.8529
Iter 20/250 - Loss: -0.8531
Iter 21/250 - Loss: -0.8533
Iter 22/250 - Loss: -0.8536
Iter 23/250 - Loss: -0.8538
Iter 24/250 - Loss: -0.8542
Iter 25/250 - Loss: -0.8544
Iter 26/250 - Loss: -0.8547
Iter 27/250 - Loss: -0.8551
Iter 28/250 - Loss: -0.8554
Iter 29/250 - Loss: -0.8558
Iter 30/250 - Loss: -0.8561
Iter 31/250 - Loss: -0.8566
Iter 32/250 - Loss: -0.8571
Iter 33/250 - Loss: -0.8576
Iter 34/250 - Loss: -0.8580
Iter 35/250 - Loss: -0.8586
Iter 36/250 - Loss: -0.8591
Iter 37/250 - Loss: -0.8597
Iter 38/250 - Loss: -0.8603
Iter 39/250 - Loss: -0.8610
Iter 40/250 - Loss: -0.8616
Iter 41/250 - Loss: -0.8622
Iter 42/250 - Loss: -0.8628
Iter 43/250 - Loss: -0.8634
Iter 44/250 - Loss: -0.8640
Iter 45/250 - Loss: -0.8646
Iter 46/250 - Loss: -0.8651
Iter 47/250 - Loss: -0.8656
Iter 48/250 - Loss: -0.8660
Iter 49/250 - Loss: -0.8664
Iter 50/250 - Loss: -0.8668
Iter 51/250 - Loss: -0.8672
Iter 52/250 - Loss: -0.8675
Iter 53/250 - Loss: -0.8679
Iter 54/250 - Loss: -0.8682
Iter 55/250 - Loss: -0.8686
Iter 56/250 - Loss: -0.8690
Iter 57/250 - Loss: -0.8694
Iter 58/250 - Loss: -0.8697
Iter 59/250 - Loss: -0.8701
Iter 60/250 - Loss: -0.8704
Iter 61/250 - Loss: -0.8707
Iter 62/250 - Loss: -0.8711
Iter 63/250 - Loss: -0.8713
Iter 64/250 - Loss: -0.8717
Iter 65/250 - Loss: -0.8720
Iter 66/250 - Loss: -0.8723
Iter 67/250 - Loss: -0.8726
Iter 68/250 - Loss: -0.8729
Iter 69/250 - Loss: -0.8731
Iter 70/250 - Loss: -0.8734
Iter 71/250 - Loss: -0.8737
Iter 72/250 - Loss: -0.8739
Iter 73/250 - Loss: -0.8742
Iter 74/250 - Loss: -0.8744
Iter 75/250 - Loss: -0.8746
Iter 76/250 - Loss: -0.8749
Iter 77/250 - Loss: -0.8751
Iter 78/250 - Loss: -0.8753
Iter 79/250 - Loss: -0.8755
Iter 80/250 - Loss: -0.8757
Iter 81/250 - Loss: -0.8759
Iter 82/250 - Loss: -0.8761
Iter 83/250 - Loss: -0.8763
Iter 84/250 - Loss: -0.8765
Iter 85/250 - Loss: -0.8767
Iter 86/250 - Loss: -0.8768
Iter 87/250 - Loss: -0.8770
Iter 88/250 - Loss: -0.8772
Iter 89/250 - Loss: -0.8773
Iter 90/250 - Loss: -0.8774
Iter 91/250 - Loss: -0.8776
Iter 92/250 - Loss: -0.8778
Iter 93/250 - Loss: -0.8779
Iter 94/250 - Loss: -0.8781
Iter 95/250 - Loss: -0.8781
Iter 96/250 - Loss: -0.8783
Iter 97/250 - Loss: -0.8784
Iter 98/250 - Loss: -0.8786
Iter 99/250 - Loss: -0.8787
Iter 100/250 - Loss: -0.8788
Iter 101/250 - Loss: -0.8790
Iter 102/250 - Loss: -0.8791
Iter 103/250 - Loss: -0.8791
Iter 104/250 - Loss: -0.8792
Iter 105/250 - Loss: -0.8793
Iter 106/250 - Loss: -0.8794
Iter 107/250 - Loss: -0.8795
Iter 108/250 - Loss: -0.8795
Iter 109/250 - Loss: -0.8796
Iter 110/250 - Loss: -0.8797
Iter 111/250 - Loss: -0.8799
Iter 112/250 - Loss: -0.8799
Iter 113/250 - Loss: -0.8799
Iter 114/250 - Loss: -0.8800
Iter 115/250 - Loss: -0.8801
Iter 116/250 - Loss: -0.8802
Iter 117/250 - Loss: -0.8803
Iter 118/250 - Loss: -0.8805
Iter 119/250 - Loss: -0.8804
Iter 120/250 - Loss: -0.8804
Iter 121/250 - Loss: -0.8806
Iter 122/250 - Loss: -0.8806
Iter 123/250 - Loss: -0.8805
Iter 124/250 - Loss: -0.8808
Iter 125/250 - Loss: -0.8809
Iter 126/250 - Loss: -0.8807
Iter 127/250 - Loss: -0.8808
Iter 128/250 - Loss: -0.8809
Iter 129/250 - Loss: -0.8811
Iter 130/250 - Loss: -0.8810
Iter 131/250 - Loss: -0.8810
Iter 132/250 - Loss: -0.8811
Iter 133/250 - Loss: -0.8813
Iter 134/250 - Loss: -0.8812
Iter 135/250 - Loss: -0.8812
Iter 136/250 - Loss: -0.8813
Iter 137/250 - Loss: -0.8814
Iter 138/250 - Loss: -0.8815
Iter 139/250 - Loss: -0.8814
Iter 140/250 - Loss: -0.8815
Iter 141/250 - Loss: -0.8815
Iter 142/250 - Loss: -0.8815
Iter 143/250 - Loss: -0.8816
Iter 144/250 - Loss: -0.8817
Iter 145/250 - Loss: -0.8817
Iter 146/250 - Loss: -0.8817
Iter 147/250 - Loss: -0.8818
Iter 148/250 - Loss: -0.8818
Iter 149/250 - Loss: -0.8819
Iter 150/250 - Loss: -0.8821
Iter 151/250 - Loss: -0.8821
Iter 152/250 - Loss: -0.8820
Iter 153/250 - Loss: -0.8820
Iter 154/250 - Loss: -0.8822
Iter 155/250 - Loss: -0.8823
Iter 156/250 - Loss: -0.8821
Iter 157/250 - Loss: -0.8823
Iter 158/250 - Loss: -0.8824
Iter 159/250 - Loss: -0.8823
Iter 160/250 - Loss: -0.8825
Iter 161/250 - Loss: -0.8826
Iter 162/250 - Loss: -0.8826
Iter 163/250 - Loss: -0.8827
Iter 164/250 - Loss: -0.8827
Iter 165/250 - Loss: -0.8828
Iter 166/250 - Loss: -0.8828
Iter 167/250 - Loss: -0.8828
Iter 168/250 - Loss: -0.8829
Iter 169/250 - Loss: -0.8829
Iter 170/250 - Loss: -0.8830
Iter 171/250 - Loss: -0.8830
Iter 172/250 - Loss: -0.8831
Iter 173/250 - Loss: -0.8830
Iter 174/250 - Loss: -0.8832
Iter 175/250 - Loss: -0.8833
Iter 176/250 - Loss: -0.8832
Iter 177/250 - Loss: -0.8831
Iter 178/250 - Loss: -0.8833
Iter 179/250 - Loss: -0.8834
Iter 180/250 - Loss: -0.8835
Iter 181/250 - Loss: -0.8834
Iter 182/250 - Loss: -0.8835
Iter 183/250 - Loss: -0.8835
Iter 184/250 - Loss: -0.8835
Iter 185/250 - Loss: -0.8838
Iter 186/250 - Loss: -0.8837
Iter 187/250 - Loss: -0.8838
Iter 188/250 - Loss: -0.8839
Iter 189/250 - Loss: -0.8839
Iter 190/250 - Loss: -0.8838
Iter 191/250 - Loss: -0.8839
Iter 192/250 - Loss: -0.8841
Iter 193/250 - Loss: -0.8839
Iter 194/250 - Loss: -0.8841
Iter 195/250 - Loss: -0.8842
Iter 196/250 - Loss: -0.8842
Iter 197/250 - Loss: -0.8842
Iter 198/250 - Loss: -0.8844
Iter 199/250 - Loss: -0.8844
Iter 200/250 - Loss: -0.8844
Iter 201/250 - Loss: -0.8847
Iter 202/250 - Loss: -0.8848
Iter 203/250 - Loss: -0.8848
Iter 204/250 - Loss: -0.8848
Iter 205/250 - Loss: -0.8849
Iter 206/250 - Loss: -0.8850
Iter 207/250 - Loss: -0.8852
Iter 208/250 - Loss: -0.8853
Iter 209/250 - Loss: -0.8854
Iter 210/250 - Loss: -0.8855
Iter 211/250 - Loss: -0.8856
Iter 212/250 - Loss: -0.8857
Iter 213/250 - Loss: -0.8857
Iter 214/250 - Loss: -0.8859
Iter 215/250 - Loss: -0.8862
Iter 216/250 - Loss: -0.8861
Iter 217/250 - Loss: -0.8862
Iter 218/250 - Loss: -0.8863
Iter 219/250 - Loss: -0.8864
Iter 220/250 - Loss: -0.8864
Iter 221/250 - Loss: -0.8868
Iter 222/250 - Loss: -0.8866
Iter 223/250 - Loss: -0.8866
Iter 224/250 - Loss: -0.8867
Iter 225/250 - Loss: -0.8869
Iter 226/250 - Loss: -0.8869
Iter 227/250 - Loss: -0.8870
Iter 228/250 - Loss: -0.8871
Iter 229/250 - Loss: -0.8870
Iter 230/250 - Loss: -0.8872
Iter 231/250 - Loss: -0.8873
Iter 232/250 - Loss: -0.8874
Iter 233/250 - Loss: -0.8875
Iter 234/250 - Loss: -0.8875
Iter 235/250 - Loss: -0.8875
Iter 236/250 - Loss: -0.8878
Iter 237/250 - Loss: -0.8878
Iter 238/250 - Loss: -0.8879
Iter 239/250 - Loss: -0.8877
Iter 240/250 - Loss: -0.8878
Iter 241/250 - Loss: -0.8879
Iter 242/250 - Loss: -0.8880
Iter 243/250 - Loss: -0.8881
Iter 244/250 - Loss: -0.8881
Iter 245/250 - Loss: -0.8882
Iter 246/250 - Loss: -0.8884
Iter 247/250 - Loss: -0.8884
Iter 248/250 - Loss: -0.8882
Iter 249/250 - Loss: -0.8884
Iter 250/250 - Loss: -0.8884
