prev {'d': 0.46828043061647906, 'e': 0.9404468809571961, 'f': 2.2920215874072234, 'g': 1.3068648562178458}
Starting ML Fit
Box88_1400
       message: Optimization terminated successfully.
       success: True
        status: 0
           fun: 8084.2219036514825
             x: [ 4.616e-01  9.130e-01  2.292e+00  1.307e+00]
           nit: 94
          nfev: 167
 final_simplex: (array([[ 4.616e-01,  9.130e-01,  2.292e+00,  1.307e+00],
                       [ 4.616e-01,  9.130e-01,  2.292e+00,  1.307e+00],
                       ...,
                       [ 4.616e-01,  9.130e-01,  2.292e+00,  1.307e+00],
                       [ 4.616e-01,  9.130e-01,  2.292e+00,  1.307e+00]]), array([ 8.084e+03,  8.084e+03,  8.084e+03,  8.084e+03,
                        8.084e+03]))
   param_names: ['d', 'e', 'f', 'g']
[0.46158863 0.91295387 2.29204815 1.30679239]
{'d': 0.4615886305238445, 'e': 0.9129538700693952, 'f': 2.292048154806401, 'g': 1.306792388082376}
Previous:  {'d': 0.46828043061647906, 'e': 0.9404468809571961, 'f': 2.2920215874072234, 'g': 1.3068648562178458}
