prev {'d': 0.40880572916154256, 'e': 1.0217681311321232, 'f': 2.3444941646101825, 'g': 1.208924741403524}
Starting ML Fit
Box30_1400
       message: Optimization terminated successfully.
       success: True
        status: 0
           fun: 6647.839648175531
             x: [ 3.985e-01  1.019e+00  2.346e+00  1.205e+00]
           nit: 89
          nfev: 155
 final_simplex: (array([[ 3.985e-01,  1.019e+00,  2.346e+00,  1.205e+00],
                       [ 3.985e-01,  1.019e+00,  2.346e+00,  1.205e+00],
                       ...,
                       [ 3.985e-01,  1.019e+00,  2.346e+00,  1.205e+00],
                       [ 3.985e-01,  1.019e+00,  2.346e+00,  1.205e+00]]), array([ 6.648e+03,  6.648e+03,  6.648e+03,  6.648e+03,
                        6.648e+03]))
   param_names: ['d', 'e', 'f', 'g']
[0.39851476 1.0188211  2.34612173 1.20518415]
{'d': 0.39851476108431355, 'e': 1.018821097034982, 'f': 2.3461217278839115, 'g': 1.2051841529434917}
Previous:  {'d': 0.40880572916154256, 'e': 1.0217681311321232, 'f': 2.3444941646101825, 'g': 1.208924741403524}
