prev {'d': 0.4067525247079701, 'e': 0.9486920844846314, 'f': 2.3454004305434983, 'g': 1.275754633316856}
Starting ML Fit
Box_n50_12_1400
       message: Optimization terminated successfully.
       success: True
        status: 0
           fun: 3885.3844900373806
             x: [ 3.933e-01  9.493e-01  2.346e+00  1.262e+00]
           nit: 88
          nfev: 156
 final_simplex: (array([[ 3.933e-01,  9.493e-01,  2.346e+00,  1.262e+00],
                       [ 3.933e-01,  9.494e-01,  2.346e+00,  1.262e+00],
                       ...,
                       [ 3.933e-01,  9.493e-01,  2.346e+00,  1.262e+00],
                       [ 3.933e-01,  9.494e-01,  2.346e+00,  1.262e+00]]), array([ 3.885e+03,  3.885e+03,  3.885e+03,  3.885e+03,
                        3.885e+03]))
   param_names: ['d', 'e', 'f', 'g']
[0.39326034 0.94934263 2.34571007 1.26156472]
{'d': 0.3932603368238936, 'e': 0.949342631235062, 'f': 2.345710069599171, 'g': 1.2615647155850542}
Previous:  {'d': 0.4067525247079701, 'e': 0.9486920844846314, 'f': 2.3454004305434983, 'g': 1.275754633316856}
