prev {'d': 0.5015879705191715, 'e': 1.307376913390271, 'f': 2.329654100495369, 'g': 1.2321237343692184}
Starting ML Fit
Box4_1400
       message: Optimization terminated successfully.
       success: True
        status: 0
           fun: 6416.448035765891
             x: [ 4.862e-01  1.287e+00  2.336e+00  1.229e+00]
           nit: 88
          nfev: 157
 final_simplex: (array([[ 4.862e-01,  1.287e+00,  2.336e+00,  1.229e+00],
                       [ 4.862e-01,  1.287e+00,  2.336e+00,  1.229e+00],
                       ...,
                       [ 4.862e-01,  1.287e+00,  2.336e+00,  1.229e+00],
                       [ 4.862e-01,  1.287e+00,  2.336e+00,  1.229e+00]]), array([ 6.416e+03,  6.416e+03,  6.416e+03,  6.416e+03,
                        6.416e+03]))
   param_names: ['d', 'e', 'f', 'g']
[0.48617842 1.28738204 2.33578804 1.22884614]
{'d': 0.4861784231471723, 'e': 1.2873820372398952, 'f': 2.3357880392080075, 'g': 1.228846144627545}
Previous:  {'d': 0.5015879705191715, 'e': 1.307376913390271, 'f': 2.329654100495369, 'g': 1.2321237343692184}
