
CommandNotFoundError: Your shell has not been properly configured to use 'conda activate'.
To initialize your shell, run

    $ conda init <SHELL_NAME>

Currently supported shells are:
  - bash
  - fish
  - tcsh
  - xonsh
  - zsh
  - powershell

See 'conda init --help' for more information and options.

IMPORTANT: You may need to close and restart your shell after running 'conda init'.


  0%|                                                     | 0/14 [00:00<?, ?it/s]/home/users/delon/aemulusnu_massfunction/utils.py:36: IntegrationWarning: The occurrence of roundoff error is detected, which prevents 
  the requested tolerance from being achieved.  The error may be 
  underestimated.
  res, err = quad(dσ2dk, 0, 20/R, limit=1000)
/home/users/delon/aemulusnu_massfunction/utils.py:60: IntegrationWarning: The occurrence of roundoff error is detected, which prevents 
  the requested tolerance from being achieved.  The error may be 
  underestimated.
  res, err = quad(dσ2dRdk, 0, 20/R, limit=1000)
  7%|███▏                                         | 1/14 [00:20<04:28, 20.66s/it] 14%|██████▍                                      | 2/14 [00:40<04:02, 20.21s/it] 21%|█████████▋                                   | 3/14 [01:00<03:41, 20.11s/it] 29%|████████████▊                                | 4/14 [01:20<03:20, 20.03s/it] 36%|████████████████                             | 5/14 [01:40<02:58, 19.86s/it] 43%|███████████████████▎                         | 6/14 [01:59<02:37, 19.72s/it] 50%|██████████████████████▌                      | 7/14 [02:18<02:17, 19.64s/it] 57%|█████████████████████████▋                   | 8/14 [02:38<01:57, 19.59s/it] 64%|████████████████████████████▉                | 9/14 [02:57<01:37, 19.51s/it] 71%|███████████████████████████████▍            | 10/14 [03:17<01:17, 19.44s/it] 79%|██████████████████████████████████▌         | 11/14 [03:36<00:58, 19.40s/it] 86%|█████████████████████████████████████▋      | 12/14 [03:55<00:38, 19.30s/it] 93%|████████████████████████████████████████▊   | 13/14 [04:12<00:18, 18.73s/it]100%|████████████████████████████████████████████| 14/14 [04:29<00:00, 18.15s/it]100%|████████████████████████████████████████████| 14/14 [04:29<00:00, 19.26s/it]
