Leaving out Box_n50_7_1400
alist [1.0, 0.953321, 0.866399, 0.787402, 0.715608, 0.65036, 0.620002, 0.591061, 0.563471, 0.537169, 0.512095, 0.488191, 0.403224, 0.366459]
scaling input
scaling output
Iter 1/250 - Loss: 10.2868
Iter 2/250 - Loss: 9.4173
Iter 3/250 - Loss: 8.3979
Iter 4/250 - Loss: 7.5068
Iter 5/250 - Loss: 6.6412
Iter 6/250 - Loss: 5.7840
Iter 7/250 - Loss: 4.9763
Iter 8/250 - Loss: 4.2234
Iter 9/250 - Loss: 3.5443
Iter 10/250 - Loss: 2.9475
Iter 11/250 - Loss: 2.4457
Iter 12/250 - Loss: 2.0361
Iter 13/250 - Loss: 1.7063
Iter 14/250 - Loss: 1.4387
Iter 15/250 - Loss: 1.2177
Iter 16/250 - Loss: 1.0332
Iter 17/250 - Loss: 0.8808
Iter 18/250 - Loss: 0.7588
Iter 19/250 - Loss: 0.6663
Iter 20/250 - Loss: 0.6001
Iter 21/250 - Loss: 0.5547
Iter 22/250 - Loss: 0.5252
Iter 23/250 - Loss: 0.5067
Iter 24/250 - Loss: 0.4914
Iter 25/250 - Loss: 0.4713
Iter 26/250 - Loss: 0.4415
Iter 27/250 - Loss: 0.4005
Iter 28/250 - Loss: 0.3490
Iter 29/250 - Loss: 0.2887
Iter 30/250 - Loss: 0.2232
Iter 31/250 - Loss: 0.1566
Iter 32/250 - Loss: 0.0928
Iter 33/250 - Loss: 0.0346
Iter 34/250 - Loss: -0.0166
Iter 35/250 - Loss: -0.0609
Iter 36/250 - Loss: -0.0994
Iter 37/250 - Loss: -0.1338
Iter 38/250 - Loss: -0.1654
Iter 39/250 - Loss: -0.1955
Iter 40/250 - Loss: -0.2248
Iter 41/250 - Loss: -0.2536
Iter 42/250 - Loss: -0.2821
Iter 43/250 - Loss: -0.3102
Iter 44/250 - Loss: -0.3379
Iter 45/250 - Loss: -0.3648
Iter 46/250 - Loss: -0.3908
Iter 47/250 - Loss: -0.4155
Iter 48/250 - Loss: -0.4386
Iter 49/250 - Loss: -0.4600
Iter 50/250 - Loss: -0.4795
Iter 51/250 - Loss: -0.4972
Iter 52/250 - Loss: -0.5131
Iter 53/250 - Loss: -0.5275
Iter 54/250 - Loss: -0.5408
Iter 55/250 - Loss: -0.5531
Iter 56/250 - Loss: -0.5647
Iter 57/250 - Loss: -0.5760
Iter 58/250 - Loss: -0.5872
Iter 59/250 - Loss: -0.5986
Iter 60/250 - Loss: -0.6104
Iter 61/250 - Loss: -0.6227
Iter 62/250 - Loss: -0.6356
Iter 63/250 - Loss: -0.6487
Iter 64/250 - Loss: -0.6618
Iter 65/250 - Loss: -0.6742
Iter 66/250 - Loss: -0.6857
Iter 67/250 - Loss: -0.6958
Iter 68/250 - Loss: -0.7043
Iter 69/250 - Loss: -0.7113
Iter 70/250 - Loss: -0.7168
Iter 71/250 - Loss: -0.7212
Iter 72/250 - Loss: -0.7251
Iter 73/250 - Loss: -0.7287
Iter 74/250 - Loss: -0.7325
Iter 75/250 - Loss: -0.7369
Iter 76/250 - Loss: -0.7418
Iter 77/250 - Loss: -0.7473
Iter 78/250 - Loss: -0.7534
Iter 79/250 - Loss: -0.7596
Iter 80/250 - Loss: -0.7655
Iter 81/250 - Loss: -0.7706
Iter 82/250 - Loss: -0.7747
Iter 83/250 - Loss: -0.7779
Iter 84/250 - Loss: -0.7805
Iter 85/250 - Loss: -0.7829
Iter 86/250 - Loss: -0.7851
Iter 87/250 - Loss: -0.7876
Iter 88/250 - Loss: -0.7902
Iter 89/250 - Loss: -0.7931
Iter 90/250 - Loss: -0.7962
Iter 91/250 - Loss: -0.7992
Iter 92/250 - Loss: -0.8021
Iter 93/250 - Loss: -0.8047
Iter 94/250 - Loss: -0.8069
Iter 95/250 - Loss: -0.8087
Iter 96/250 - Loss: -0.8101
Iter 97/250 - Loss: -0.8114
Iter 98/250 - Loss: -0.8128
Iter 99/250 - Loss: -0.8143
Iter 100/250 - Loss: -0.8158
Iter 101/250 - Loss: -0.8174
Iter 102/250 - Loss: -0.8188
Iter 103/250 - Loss: -0.8200
Iter 104/250 - Loss: -0.8210
Iter 105/250 - Loss: -0.8217
Iter 106/250 - Loss: -0.8221
Iter 107/250 - Loss: -0.8229
Iter 108/250 - Loss: -0.8241
Iter 109/250 - Loss: -0.8246
Iter 110/250 - Loss: -0.8253
Iter 111/250 - Loss: -0.8265
Iter 112/250 - Loss: -0.8268
Iter 113/250 - Loss: -0.8277
Iter 114/250 - Loss: -0.8284
Iter 115/250 - Loss: -0.8286
Iter 116/250 - Loss: -0.8294
Iter 117/250 - Loss: -0.8298
Iter 118/250 - Loss: -0.8302
Iter 119/250 - Loss: -0.8308
Iter 120/250 - Loss: -0.8312
Iter 121/250 - Loss: -0.8315
Iter 122/250 - Loss: -0.8321
Iter 123/250 - Loss: -0.8324
Iter 124/250 - Loss: -0.8327
Iter 125/250 - Loss: -0.8331
Iter 126/250 - Loss: -0.8333
Iter 127/250 - Loss: -0.8337
Iter 128/250 - Loss: -0.8340
Iter 129/250 - Loss: -0.8342
Iter 130/250 - Loss: -0.8346
Iter 131/250 - Loss: -0.8348
Iter 132/250 - Loss: -0.8351
Iter 133/250 - Loss: -0.8353
Iter 134/250 - Loss: -0.8356
Iter 135/250 - Loss: -0.8358
Iter 136/250 - Loss: -0.8361
Iter 137/250 - Loss: -0.8363
Iter 138/250 - Loss: -0.8365
Iter 139/250 - Loss: -0.8367
Iter 140/250 - Loss: -0.8369
Iter 141/250 - Loss: -0.8371
Iter 142/250 - Loss: -0.8373
Iter 143/250 - Loss: -0.8375
Iter 144/250 - Loss: -0.8376
Iter 145/250 - Loss: -0.8379
Iter 146/250 - Loss: -0.8380
Iter 147/250 - Loss: -0.8382
Iter 148/250 - Loss: -0.8384
Iter 149/250 - Loss: -0.8385
Iter 150/250 - Loss: -0.8387
Iter 151/250 - Loss: -0.8389
Iter 152/250 - Loss: -0.8390
Iter 153/250 - Loss: -0.8392
Iter 154/250 - Loss: -0.8393
Iter 155/250 - Loss: -0.8395
Iter 156/250 - Loss: -0.8397
Iter 157/250 - Loss: -0.8398
Iter 158/250 - Loss: -0.8400
Iter 159/250 - Loss: -0.8401
Iter 160/250 - Loss: -0.8402
Iter 161/250 - Loss: -0.8404
Iter 162/250 - Loss: -0.8405
Iter 163/250 - Loss: -0.8406
Iter 164/250 - Loss: -0.8408
Iter 165/250 - Loss: -0.8409
Iter 166/250 - Loss: -0.8410
Iter 167/250 - Loss: -0.8412
Iter 168/250 - Loss: -0.8413
Iter 169/250 - Loss: -0.8414
Iter 170/250 - Loss: -0.8415
Iter 171/250 - Loss: -0.8417
Iter 172/250 - Loss: -0.8418
Iter 173/250 - Loss: -0.8419
Iter 174/250 - Loss: -0.8420
Iter 175/250 - Loss: -0.8421
Iter 176/250 - Loss: -0.8422
Iter 177/250 - Loss: -0.8424
Iter 178/250 - Loss: -0.8424
Iter 179/250 - Loss: -0.8426
Iter 180/250 - Loss: -0.8427
Iter 181/250 - Loss: -0.8428
Iter 182/250 - Loss: -0.8429
Iter 183/250 - Loss: -0.8430
Iter 184/250 - Loss: -0.8431
Iter 185/250 - Loss: -0.8431
Iter 186/250 - Loss: -0.8433
Iter 187/250 - Loss: -0.8434
Iter 188/250 - Loss: -0.8434
Iter 189/250 - Loss: -0.8435
Iter 190/250 - Loss: -0.8436
Iter 191/250 - Loss: -0.8437
Iter 192/250 - Loss: -0.8438
Iter 193/250 - Loss: -0.8439
Iter 194/250 - Loss: -0.8440
Iter 195/250 - Loss: -0.8440
Iter 196/250 - Loss: -0.8441
Iter 197/250 - Loss: -0.8442
Iter 198/250 - Loss: -0.8443
Iter 199/250 - Loss: -0.8444
Iter 200/250 - Loss: -0.8445
Iter 201/250 - Loss: -0.8446
Iter 202/250 - Loss: -0.8446
Iter 203/250 - Loss: -0.8447
Iter 204/250 - Loss: -0.8448
Iter 205/250 - Loss: -0.8449
Iter 206/250 - Loss: -0.8449
Iter 207/250 - Loss: -0.8450
Iter 208/250 - Loss: -0.8451
Iter 209/250 - Loss: -0.8451
Iter 210/250 - Loss: -0.8452
Iter 211/250 - Loss: -0.8453
Iter 212/250 - Loss: -0.8453
Iter 213/250 - Loss: -0.8454
Iter 214/250 - Loss: -0.8455
Iter 215/250 - Loss: -0.8455
Iter 216/250 - Loss: -0.8456
Iter 217/250 - Loss: -0.8457
Iter 218/250 - Loss: -0.8457
Iter 219/250 - Loss: -0.8458
Iter 220/250 - Loss: -0.8459
Iter 221/250 - Loss: -0.8459
Iter 222/250 - Loss: -0.8460
Iter 223/250 - Loss: -0.8460
Iter 224/250 - Loss: -0.8461
Iter 225/250 - Loss: -0.8462
Iter 226/250 - Loss: -0.8462
Iter 227/250 - Loss: -0.8463
Iter 228/250 - Loss: -0.8463
Iter 229/250 - Loss: -0.8464
Iter 230/250 - Loss: -0.8464
Iter 231/250 - Loss: -0.8465
Iter 232/250 - Loss: -0.8465
Iter 233/250 - Loss: -0.8466
Iter 234/250 - Loss: -0.8467
Iter 235/250 - Loss: -0.8467
Iter 236/250 - Loss: -0.8467
Iter 237/250 - Loss: -0.8468
Iter 238/250 - Loss: -0.8468
Iter 239/250 - Loss: -0.8469
Iter 240/250 - Loss: -0.8470
Iter 241/250 - Loss: -0.8470
Iter 242/250 - Loss: -0.8471
Iter 243/250 - Loss: -0.8471
Iter 244/250 - Loss: -0.8472
Iter 245/250 - Loss: -0.8472
Iter 246/250 - Loss: -0.8472
Iter 247/250 - Loss: -0.8473
Iter 248/250 - Loss: -0.8473
Iter 249/250 - Loss: -0.8473
Iter 250/250 - Loss: -0.8474
now training with smaller learning rate
Iter 1/250 - Loss: -0.8474
Iter 2/250 - Loss: -0.8469
Iter 3/250 - Loss: -0.8477
Iter 4/250 - Loss: -0.8478
Iter 5/250 - Loss: -0.8479
Iter 6/250 - Loss: -0.8482
Iter 7/250 - Loss: -0.8485
Iter 8/250 - Loss: -0.8487
Iter 9/250 - Loss: -0.8488
Iter 10/250 - Loss: -0.8490
Iter 11/250 - Loss: -0.8493
Iter 12/250 - Loss: -0.8495
Iter 13/250 - Loss: -0.8497
Iter 14/250 - Loss: -0.8498
Iter 15/250 - Loss: -0.8501
Iter 16/250 - Loss: -0.8503
Iter 17/250 - Loss: -0.8505
Iter 18/250 - Loss: -0.8507
Iter 19/250 - Loss: -0.8509
Iter 20/250 - Loss: -0.8512
Iter 21/250 - Loss: -0.8515
Iter 22/250 - Loss: -0.8517
Iter 23/250 - Loss: -0.8520
Iter 24/250 - Loss: -0.8523
Iter 25/250 - Loss: -0.8526
Iter 26/250 - Loss: -0.8530
Iter 27/250 - Loss: -0.8533
Iter 28/250 - Loss: -0.8537
Iter 29/250 - Loss: -0.8541
Iter 30/250 - Loss: -0.8545
Iter 31/250 - Loss: -0.8550
Iter 32/250 - Loss: -0.8555
Iter 33/250 - Loss: -0.8560
Iter 34/250 - Loss: -0.8566
Iter 35/250 - Loss: -0.8572
Iter 36/250 - Loss: -0.8578
Iter 37/250 - Loss: -0.8584
Iter 38/250 - Loss: -0.8590
Iter 39/250 - Loss: -0.8597
Iter 40/250 - Loss: -0.8603
Iter 41/250 - Loss: -0.8609
Iter 42/250 - Loss: -0.8615
Iter 43/250 - Loss: -0.8621
Iter 44/250 - Loss: -0.8627
Iter 45/250 - Loss: -0.8633
Iter 46/250 - Loss: -0.8638
Iter 47/250 - Loss: -0.8642
Iter 48/250 - Loss: -0.8647
Iter 49/250 - Loss: -0.8651
Iter 50/250 - Loss: -0.8655
Iter 51/250 - Loss: -0.8657
Iter 52/250 - Loss: -0.8661
Iter 53/250 - Loss: -0.8665
Iter 54/250 - Loss: -0.8668
Iter 55/250 - Loss: -0.8671
Iter 56/250 - Loss: -0.8675
Iter 57/250 - Loss: -0.8678
Iter 58/250 - Loss: -0.8682
Iter 59/250 - Loss: -0.8685
Iter 60/250 - Loss: -0.8688
Iter 61/250 - Loss: -0.8691
Iter 62/250 - Loss: -0.8694
Iter 63/250 - Loss: -0.8697
Iter 64/250 - Loss: -0.8700
Iter 65/250 - Loss: -0.8703
Iter 66/250 - Loss: -0.8706
Iter 67/250 - Loss: -0.8708
Iter 68/250 - Loss: -0.8712
Iter 69/250 - Loss: -0.8714
Iter 70/250 - Loss: -0.8716
Iter 71/250 - Loss: -0.8719
Iter 72/250 - Loss: -0.8721
Iter 73/250 - Loss: -0.8723
Iter 74/250 - Loss: -0.8725
Iter 75/250 - Loss: -0.8727
Iter 76/250 - Loss: -0.8729
Iter 77/250 - Loss: -0.8731
Iter 78/250 - Loss: -0.8734
Iter 79/250 - Loss: -0.8736
Iter 80/250 - Loss: -0.8737
Iter 81/250 - Loss: -0.8739
Iter 82/250 - Loss: -0.8741
Iter 83/250 - Loss: -0.8743
Iter 84/250 - Loss: -0.8745
Iter 85/250 - Loss: -0.8747
Iter 86/250 - Loss: -0.8748
Iter 87/250 - Loss: -0.8750
Iter 88/250 - Loss: -0.8751
Iter 89/250 - Loss: -0.8752
Iter 90/250 - Loss: -0.8754
Iter 91/250 - Loss: -0.8755
Iter 92/250 - Loss: -0.8757
Iter 93/250 - Loss: -0.8759
Iter 94/250 - Loss: -0.8760
Iter 95/250 - Loss: -0.8760
Iter 96/250 - Loss: -0.8762
Iter 97/250 - Loss: -0.8763
Iter 98/250 - Loss: -0.8765
Iter 99/250 - Loss: -0.8765
Iter 100/250 - Loss: -0.8766
Iter 101/250 - Loss: -0.8767
Iter 102/250 - Loss: -0.8769
Iter 103/250 - Loss: -0.8768
Iter 104/250 - Loss: -0.8771
Iter 105/250 - Loss: -0.8771
Iter 106/250 - Loss: -0.8772
Iter 107/250 - Loss: -0.8772
Iter 108/250 - Loss: -0.8772
Iter 109/250 - Loss: -0.8775
Iter 110/250 - Loss: -0.8776
Iter 111/250 - Loss: -0.8774
Iter 112/250 - Loss: -0.8777
Iter 113/250 - Loss: -0.8777
Iter 114/250 - Loss: -0.8778
Iter 115/250 - Loss: -0.8778
Iter 116/250 - Loss: -0.8779
Iter 117/250 - Loss: -0.8780
Iter 118/250 - Loss: -0.8779
Iter 119/250 - Loss: -0.8781
Iter 120/250 - Loss: -0.8782
Iter 121/250 - Loss: -0.8782
Iter 122/250 - Loss: -0.8782
Iter 123/250 - Loss: -0.8783
Iter 124/250 - Loss: -0.8785
Iter 125/250 - Loss: -0.8785
Iter 126/250 - Loss: -0.8785
Iter 127/250 - Loss: -0.8785
Iter 128/250 - Loss: -0.8785
Iter 129/250 - Loss: -0.8787
Iter 130/250 - Loss: -0.8787
Iter 131/250 - Loss: -0.8787
Iter 132/250 - Loss: -0.8787
Iter 133/250 - Loss: -0.8789
Iter 134/250 - Loss: -0.8789
Iter 135/250 - Loss: -0.8788
Iter 136/250 - Loss: -0.8789
Iter 137/250 - Loss: -0.8790
Iter 138/250 - Loss: -0.8791
Iter 139/250 - Loss: -0.8792
Iter 140/250 - Loss: -0.8793
Iter 141/250 - Loss: -0.8793
Iter 142/250 - Loss: -0.8792
Iter 143/250 - Loss: -0.8793
Iter 144/250 - Loss: -0.8791
Iter 145/250 - Loss: -0.8794
Iter 146/250 - Loss: -0.8794
Iter 147/250 - Loss: -0.8795
Iter 148/250 - Loss: -0.8794
Iter 149/250 - Loss: -0.8795
Iter 150/250 - Loss: -0.8797
Iter 151/250 - Loss: -0.8797
Iter 152/250 - Loss: -0.8800
Iter 153/250 - Loss: -0.8799
Iter 154/250 - Loss: -0.8800
Iter 155/250 - Loss: -0.8800
Iter 156/250 - Loss: -0.8802
Iter 157/250 - Loss: -0.8803
Iter 158/250 - Loss: -0.8804
Iter 159/250 - Loss: -0.8803
Iter 160/250 - Loss: -0.8804
Iter 161/250 - Loss: -0.8801
Iter 162/250 - Loss: -0.8805
Iter 163/250 - Loss: -0.8805
Iter 164/250 - Loss: -0.8804
Iter 165/250 - Loss: -0.8806
Iter 166/250 - Loss: -0.8806
Iter 167/250 - Loss: -0.8807
Iter 168/250 - Loss: -0.8807
Iter 169/250 - Loss: -0.8806
Iter 170/250 - Loss: -0.8807
Iter 171/250 - Loss: -0.8807
Iter 172/250 - Loss: -0.8808
Iter 173/250 - Loss: -0.8806
Iter 174/250 - Loss: -0.8810
Iter 175/250 - Loss: -0.8807
Iter 176/250 - Loss: -0.8808
Iter 177/250 - Loss: -0.8809
Iter 178/250 - Loss: -0.8810
Iter 179/250 - Loss: -0.8810
Iter 180/250 - Loss: -0.8809
Iter 181/250 - Loss: -0.8810
Iter 182/250 - Loss: -0.8810
Iter 183/250 - Loss: -0.8810
Iter 184/250 - Loss: -0.8810
Iter 185/250 - Loss: -0.8809
Iter 186/250 - Loss: -0.8810
Iter 187/250 - Loss: -0.8811
Iter 188/250 - Loss: -0.8811
Iter 189/250 - Loss: -0.8811
Iter 190/250 - Loss: -0.8812
Iter 191/250 - Loss: -0.8813
Iter 192/250 - Loss: -0.8814
Iter 193/250 - Loss: -0.8812
Iter 194/250 - Loss: -0.8813
Iter 195/250 - Loss: -0.8813
Iter 196/250 - Loss: -0.8813
Iter 197/250 - Loss: -0.8813
Iter 198/250 - Loss: -0.8814
Iter 199/250 - Loss: -0.8814
Iter 200/250 - Loss: -0.8816
Iter 201/250 - Loss: -0.8814
Iter 202/250 - Loss: -0.8813
Iter 203/250 - Loss: -0.8816
Iter 204/250 - Loss: -0.8814
Iter 205/250 - Loss: -0.8816
Iter 206/250 - Loss: -0.8816
Iter 207/250 - Loss: -0.8815
Iter 208/250 - Loss: -0.8816
Iter 209/250 - Loss: -0.8818
Iter 210/250 - Loss: -0.8815
Iter 211/250 - Loss: -0.8817
Iter 212/250 - Loss: -0.8818
Iter 213/250 - Loss: -0.8817
Iter 214/250 - Loss: -0.8816
Iter 215/250 - Loss: -0.8817
Iter 216/250 - Loss: -0.8817
Iter 217/250 - Loss: -0.8818
Iter 218/250 - Loss: -0.8820
Iter 219/250 - Loss: -0.8819
Iter 220/250 - Loss: -0.8821
Iter 221/250 - Loss: -0.8819
Iter 222/250 - Loss: -0.8820
Iter 223/250 - Loss: -0.8821
Iter 224/250 - Loss: -0.8821
Iter 225/250 - Loss: -0.8823
Iter 226/250 - Loss: -0.8822
Iter 227/250 - Loss: -0.8821
Iter 228/250 - Loss: -0.8823
Iter 229/250 - Loss: -0.8823
Iter 230/250 - Loss: -0.8822
Iter 231/250 - Loss: -0.8825
Iter 232/250 - Loss: -0.8827
Iter 233/250 - Loss: -0.8825
Iter 234/250 - Loss: -0.8823
Iter 235/250 - Loss: -0.8825
Iter 236/250 - Loss: -0.8824
Iter 237/250 - Loss: -0.8825
Iter 238/250 - Loss: -0.8825
Iter 239/250 - Loss: -0.8827
Iter 240/250 - Loss: -0.8827
Iter 241/250 - Loss: -0.8827
Iter 242/250 - Loss: -0.8828
Iter 243/250 - Loss: -0.8828
Iter 244/250 - Loss: -0.8828
Iter 245/250 - Loss: -0.8829
Iter 246/250 - Loss: -0.8829
Iter 247/250 - Loss: -0.8831
Iter 248/250 - Loss: -0.8829
Iter 249/250 - Loss: -0.8830
Iter 250/250 - Loss: -0.8830
