prev {'d': 0.4407865319713439, 'e': 0.7584122819118597, 'f': 2.3203641485078643, 'g': 1.3220851741080215}
Starting ML Fit
Box9_1400
       message: Optimization terminated successfully.
       success: True
        status: 0
           fun: 9703.103079310562
             x: [ 4.355e-01  7.589e-01  2.319e+00  1.318e+00]
           nit: 89
          nfev: 159
 final_simplex: (array([[ 4.355e-01,  7.589e-01,  2.319e+00,  1.318e+00],
                       [ 4.355e-01,  7.589e-01,  2.319e+00,  1.318e+00],
                       ...,
                       [ 4.355e-01,  7.589e-01,  2.319e+00,  1.318e+00],
                       [ 4.355e-01,  7.589e-01,  2.319e+00,  1.318e+00]]), array([ 9.703e+03,  9.703e+03,  9.703e+03,  9.703e+03,
                        9.703e+03]))
   param_names: ['d', 'e', 'f', 'g']
[0.43553794 0.7588962  2.31880122 1.31784914]
{'d': 0.435537944385157, 'e': 0.7588961962096369, 'f': 2.3188012243351257, 'g': 1.317849138955299}
Previous:  {'d': 0.4407865319713439, 'e': 0.7584122819118597, 'f': 2.3203641485078643, 'g': 1.3220851741080215}
