prev {'d': 0.533934042760769, 'e': 1.0934912372282044, 'f': 2.3367954433327798, 'g': 1.3162400787807003}
Starting ML Fit
Box_n50_28_1400
       message: Optimization terminated successfully.
       success: True
        status: 0
           fun: 9253.666584102746
             x: [ 5.412e-01  1.102e+00  2.340e+00  1.321e+00]
           nit: 77
          nfev: 142
 final_simplex: (array([[ 5.412e-01,  1.102e+00,  2.340e+00,  1.321e+00],
                       [ 5.412e-01,  1.102e+00,  2.340e+00,  1.321e+00],
                       ...,
                       [ 5.412e-01,  1.102e+00,  2.340e+00,  1.321e+00],
                       [ 5.412e-01,  1.102e+00,  2.340e+00,  1.321e+00]]), array([ 9.254e+03,  9.254e+03,  9.254e+03,  9.254e+03,
                        9.254e+03]))
   param_names: ['d', 'e', 'f', 'g']
[0.54122651 1.10175289 2.33973019 1.32094116]
{'d': 0.5412265063286803, 'e': 1.1017528889195465, 'f': 2.3397301912715425, 'g': 1.3209411599078211}
Previous:  {'d': 0.533934042760769, 'e': 1.0934912372282044, 'f': 2.3367954433327798, 'g': 1.3162400787807003}
