prev {'d': 0.4689097403184772, 'e': 1.230028697188688, 'f': 2.340876526021758, 'g': 1.2645688281009728}
Starting ML Fit
Box56_1400
       message: Optimization terminated successfully.
       success: True
        status: 0
           fun: 4106.667677450899
             x: [ 4.632e-01  1.229e+00  2.341e+00  1.264e+00]
           nit: 73
          nfev: 135
 final_simplex: (array([[ 4.632e-01,  1.229e+00,  2.341e+00,  1.264e+00],
                       [ 4.632e-01,  1.229e+00,  2.341e+00,  1.264e+00],
                       ...,
                       [ 4.632e-01,  1.229e+00,  2.341e+00,  1.264e+00],
                       [ 4.632e-01,  1.229e+00,  2.341e+00,  1.264e+00]]), array([ 4.107e+03,  4.107e+03,  4.107e+03,  4.107e+03,
                        4.107e+03]))
   param_names: ['d', 'e', 'f', 'g']
[0.46317051 1.22879654 2.34121841 1.26432312]
{'d': 0.46317050616787264, 'e': 1.2287965434248216, 'f': 2.3412184063083306, 'g': 1.2643231223842597}
Previous:  {'d': 0.4689097403184772, 'e': 1.230028697188688, 'f': 2.340876526021758, 'g': 1.2645688281009728}
