prev {'d': 0.432605704329874, 'e': 0.8591052280270756, 'f': 2.323616127942172, 'g': 1.284981625235345}
Starting ML Fit
Box_n50_0_1400
       message: Optimization terminated successfully.
       success: True
        status: 0
           fun: 7796.58925047454
             x: [ 4.252e-01  8.173e-01  2.324e+00  1.285e+00]
           nit: 94
          nfev: 168
 final_simplex: (array([[ 4.252e-01,  8.173e-01,  2.324e+00,  1.285e+00],
                       [ 4.252e-01,  8.173e-01,  2.324e+00,  1.285e+00],
                       ...,
                       [ 4.252e-01,  8.173e-01,  2.324e+00,  1.285e+00],
                       [ 4.252e-01,  8.173e-01,  2.324e+00,  1.285e+00]]), array([ 7.797e+03,  7.797e+03,  7.797e+03,  7.797e+03,
                        7.797e+03]))
   param_names: ['d', 'e', 'f', 'g']
[0.42518145 0.81730652 2.32371703 1.28463606]
{'d': 0.4251814462812936, 'e': 0.8173065199141438, 'f': 2.3237170283204747, 'g': 1.284636061445125}
Previous:  {'d': 0.432605704329874, 'e': 0.8591052280270756, 'f': 2.323616127942172, 'g': 1.284981625235345}
