prev {'d': 0.4614760780130552, 'e': 1.0622660305042713, 'f': 2.329749288174871, 'g': 1.292540627980547}
Starting ML Fit
Box_n50_27_1400
       message: Optimization terminated successfully.
       success: True
        status: 0
           fun: 6521.542309535758
             x: [ 4.545e-01  1.058e+00  2.330e+00  1.262e+00]
           nit: 93
          nfev: 163
 final_simplex: (array([[ 4.545e-01,  1.058e+00,  2.330e+00,  1.262e+00],
                       [ 4.545e-01,  1.058e+00,  2.330e+00,  1.262e+00],
                       ...,
                       [ 4.545e-01,  1.058e+00,  2.330e+00,  1.262e+00],
                       [ 4.545e-01,  1.058e+00,  2.330e+00,  1.262e+00]]), array([ 6.522e+03,  6.522e+03,  6.522e+03,  6.522e+03,
                        6.522e+03]))
   param_names: ['d', 'e', 'f', 'g']
[0.45448453 1.05832116 2.33046686 1.26154043]
{'d': 0.45448452982298676, 'e': 1.0583211640612635, 'f': 2.3304668617425706, 'g': 1.26154042723015}
Previous:  {'d': 0.4614760780130552, 'e': 1.0622660305042713, 'f': 2.329749288174871, 'g': 1.292540627980547}
