prev {'d': 0.4867630698929638, 'e': 1.0653948800824544, 'f': 2.3315916026906436, 'g': 1.3029422364673477}
Starting ML Fit
Box67_1400
       message: Optimization terminated successfully.
       success: True
        status: 0
           fun: 4679.941891876717
             x: [ 4.727e-01  1.036e+00  2.336e+00  1.302e+00]
           nit: 113
          nfev: 201
 final_simplex: (array([[ 4.727e-01,  1.036e+00,  2.336e+00,  1.302e+00],
                       [ 4.727e-01,  1.036e+00,  2.336e+00,  1.302e+00],
                       ...,
                       [ 4.727e-01,  1.036e+00,  2.336e+00,  1.302e+00],
                       [ 4.727e-01,  1.036e+00,  2.336e+00,  1.302e+00]]), array([ 4.680e+03,  4.680e+03,  4.680e+03,  4.680e+03,
                        4.680e+03]))
   param_names: ['d', 'e', 'f', 'g']
[0.4727234  1.03637869 2.33618187 1.30150835]
{'d': 0.4727234042355314, 'e': 1.0363786929520145, 'f': 2.336181873557573, 'g': 1.3015083516082844}
Previous:  {'d': 0.4867630698929638, 'e': 1.0653948800824544, 'f': 2.3315916026906436, 'g': 1.3029422364673477}
