prev {'d': 0.43114705569455447, 'e': 1.1951660172150944, 'f': 2.324535072434591, 'g': 1.248066793927041}
Starting ML Fit
Box95_1400
       message: Optimization terminated successfully.
       success: True
        status: 0
           fun: 4766.611173280782
             x: [ 4.305e-01  1.194e+00  2.325e+00  1.248e+00]
           nit: 78
          nfev: 144
 final_simplex: (array([[ 4.305e-01,  1.194e+00,  2.325e+00,  1.248e+00],
                       [ 4.305e-01,  1.194e+00,  2.325e+00,  1.248e+00],
                       ...,
                       [ 4.305e-01,  1.194e+00,  2.325e+00,  1.248e+00],
                       [ 4.305e-01,  1.194e+00,  2.325e+00,  1.248e+00]]), array([ 4.767e+03,  4.767e+03,  4.767e+03,  4.767e+03,
                        4.767e+03]))
   param_names: ['d', 'e', 'f', 'g']
[0.43052403 1.19351021 2.32455519 1.24786594]
{'d': 0.43052403241503845, 'e': 1.1935102085988443, 'f': 2.3245551866583085, 'g': 1.2478659416306397}
Previous:  {'d': 0.43114705569455447, 'e': 1.1951660172150944, 'f': 2.324535072434591, 'g': 1.248066793927041}
