prev {'d': 0.4704707172853052, 'e': 1.0603345812865648, 'f': 2.3584024018994816, 'g': 1.246797145363149}
Starting ML Fit
Box16_1400
       message: Optimization terminated successfully.
       success: True
        status: 0
           fun: 4082.0677364359967
             x: [ 4.644e-01  1.037e+00  2.365e+00  1.250e+00]
           nit: 98
          nfev: 172
 final_simplex: (array([[ 4.644e-01,  1.037e+00,  2.365e+00,  1.250e+00],
                       [ 4.644e-01,  1.037e+00,  2.365e+00,  1.250e+00],
                       ...,
                       [ 4.644e-01,  1.037e+00,  2.365e+00,  1.250e+00],
                       [ 4.644e-01,  1.037e+00,  2.365e+00,  1.250e+00]]), array([ 4.082e+03,  4.082e+03,  4.082e+03,  4.082e+03,
                        4.082e+03]))
   param_names: ['d', 'e', 'f', 'g']
[0.46437156 1.03667756 2.36471885 1.24993513]
{'d': 0.464371562958833, 'e': 1.0366775597344393, 'f': 2.364718850446501, 'g': 1.2499351346141383}
Previous:  {'d': 0.4704707172853052, 'e': 1.0603345812865648, 'f': 2.3584024018994816, 'g': 1.246797145363149}
