no change     /oak/stanford/orgs/kipac/users/delon/miniconda3/condabin/conda
no change     /oak/stanford/orgs/kipac/users/delon/miniconda3/bin/conda
no change     /oak/stanford/orgs/kipac/users/delon/miniconda3/bin/conda-env
no change     /oak/stanford/orgs/kipac/users/delon/miniconda3/bin/activate
no change     /oak/stanford/orgs/kipac/users/delon/miniconda3/bin/deactivate
no change     /oak/stanford/orgs/kipac/users/delon/miniconda3/etc/profile.d/conda.sh
no change     /oak/stanford/orgs/kipac/users/delon/miniconda3/etc/fish/conf.d/conda.fish
no change     /oak/stanford/orgs/kipac/users/delon/miniconda3/shell/condabin/Conda.psm1
no change     /oak/stanford/orgs/kipac/users/delon/miniconda3/shell/condabin/conda-hook.ps1
no change     /oak/stanford/orgs/kipac/users/delon/miniconda3/lib/python3.10/site-packages/xontrib/conda.xsh
no change     /oak/stanford/orgs/kipac/users/delon/miniconda3/etc/profile.d/conda.csh
no change     /home/users/delon/.bashrc
No action taken.
16
2948336
2948336
12.870563078396083 13.841140390612114
12790.0
5062035
5062035
12.870563078396083 14.214075208502809
58153.0
7044910
7044910
12.870563078396083 14.57022761169757
158034.0
7844583
7844583
12.870563078396083 14.657314056945244
227488.0
8961173
8961173
12.870563078396083 14.910592391831072
386796.0
9141194
9141194
12.870563078396083 14.939619078956698
427372.0
9287469
9287469
12.870563078396083 14.97744922738234
466906.0
9400575
9400575
12.870563078396083 15.033303101372574
506338.0
9485078
9485078
12.870563078396083 15.08639542712425
544882.0
9543245
9543245
12.870563078396083 15.133443097549097
581612.0
9581445
9581445
12.870563078396083 15.184379080658596
616817.0
9598031
9598031
12.870563078396083 15.394819274573399
681353.0
9560827
9560827
12.870563078396083 15.494850021680094
738216.0
9488332
9488332
12.870563078396083 15.616937395330238
787762.0
9398656
9398656
12.870563078396083 15.673822367153049
830896.0
9347294
9347294
12.870563078396083 15.70123112512726
850526.0
16
3082384
3082384
12.886108151964574 13.921140013017784
14825.0
5186170
5186170
12.886108151964574 14.160138257723402
64275.0
7122552
7122552
12.886108151964574 14.57723896226884
169099.0
7893271
7893271
12.886108151964574 14.679164332552691
240059.0
8953442
8953442
12.886108151964574 15.064570292244026
399683.0
9122724
9122724
12.886108151964574 15.141230218896581
440178.0
9259177
9259177
12.886108151964574 15.216693599169755
479955.0
9363849
9363849
12.886108151964574 15.243583675998192
518680.0
9440357
9440357
12.886108151964574 15.271097792213117
555978.0
9493064
9493064
12.886108151964574 15.300834519161612
592080.0
9522405
9522405
12.886108151964574 15.332761535609807
625636.0
9529337
9529337
12.886108151964574 15.383240712265223
687431.0
9487295
9487295
12.886108151964574 15.408934958678802
742592.0
9410406
9410406
12.886108151964574 15.445090217598354
790780.0
9312514
9312514
12.886108151964574 15.536747773889752
833143.0
9259666
9259666
12.886108151964574 15.565056398811961
852466.0
16
2636750
2636750
12.811660783963289 13.836760722978243
11710.0
4653496
4653496
12.811660783963289 14.269396182694992
55027.0
6600215
6600215
12.811660783963289 14.492271357949134
151190.0
7399422
7399422
12.811660783963289 14.628235622589084
218248.0
8525923
8525923
12.811660783963289 14.916932724520217
372535.0
8712795
8712795
12.811660783963289 15.026533264523296
411608.0
8861263
8861263
12.811660783963289 15.185031920432769
450854.0
8979656
8979656
12.811660783963289 15.284926786990287
488706.0
9067748
9067748
12.811660783963289 15.32905193335993
525323.0
9131655
9131655
12.811660783963289 15.38264730315471
560297.0
9172193
9172193
12.811660783963289 15.475787371974642
593665.0
9198734
9198734
12.811660783963289 15.549505967401098
655052.0
9175732
9175732
12.811660783963289 15.621747346264817
709788.0
9118949
9118949
12.811660783963289 15.65553219593693
758400.0
9043839
9043839
12.811660783963289 15.678409108821421
800197.0
9002637
9002637
12.811660783963289 15.695525453969385
820263.0
16
3340824
3340824
12.828355654985101 13.86177926718194
16215.0
5524802
5524802
12.828355654985101 14.23744319537546
69047.0
7495834
7495834
12.828355654985101 14.499439629201742
179594.0
8269149
8269149
12.828355654985101 14.624581150566767
254225.0
9294690
9294690
12.828355654985101 14.846077200065166
421229.0
9450787
9450787
12.828355654985101 14.855767426026247
462593.0
9566765
9566765
12.828355654985101 14.883161567012115
503708.0
9654681
9654681
12.828355654985101 14.923927571958751
543397.0
9708128
9708128
12.828355654985101 14.993868105633167
581497.0
9742701
9742701
12.828355654985101 15.043440876244475
617874.0
9752602
9752602
12.828355654985101 15.086893471309455
651904.0
9721920
9721920
12.828355654985101 15.222170008681765
714407.0
9647155
9647155
12.828355654985101 15.384227929177051
769038.0
9544245
9544245
12.828355654985101 15.477555332198982
816607.0
9433134
9433134
12.828355654985101 15.526894715584671
857507.0
9376740
9376740
12.828355654985101 15.539126303345391
877055.0
16
