prev {'d': 0.5243415903966568, 'e': 1.0151078361575943, 'f': 2.341660903625395, 'g': 1.3081496164106228}
Starting ML Fit
Box88_1400
       message: Optimization terminated successfully.
       success: True
        status: 0
           fun: 20653.56046725732
             x: [ 5.187e-01  9.867e-01  2.337e+00  1.326e+00]
           nit: 88
          nfev: 160
 final_simplex: (array([[ 5.187e-01,  9.867e-01,  2.337e+00,  1.326e+00],
                       [ 5.187e-01,  9.868e-01,  2.337e+00,  1.326e+00],
                       ...,
                       [ 5.187e-01,  9.868e-01,  2.337e+00,  1.326e+00],
                       [ 5.187e-01,  9.868e-01,  2.337e+00,  1.326e+00]]), array([ 2.065e+04,  2.065e+04,  2.065e+04,  2.065e+04,
                        2.065e+04]))
   param_names: ['d', 'e', 'f', 'g']
[0.51872363 0.98673258 2.33735399 1.32584189]
{'d': 0.5187236280406278, 'e': 0.9867325828113501, 'f': 2.3373539853080967, 'g': 1.3258418922903255}
Previous:  {'d': 0.5243415903966568, 'e': 1.0151078361575943, 'f': 2.341660903625395, 'g': 1.3081496164106228}
