Leaving out Box85_1400
alist [1.0, 0.953321, 0.866399, 0.787402, 0.715608, 0.65036, 0.620002, 0.591061, 0.563471, 0.537169, 0.512095, 0.488191, 0.403224, 0.366459]
(2030, 10)
(2030, 4)
scaling input
(2030, 10)
scaling output
(2030, 4)
Iter 1/300 - Loss: 3.1837
Iter 2/300 - Loss: 2.8056
Iter 3/300 - Loss: 2.4579
Iter 4/300 - Loss: 2.1451
Iter 5/300 - Loss: 1.8681
Iter 6/300 - Loss: 1.6264
Iter 7/300 - Loss: 1.4201
Iter 8/300 - Loss: 1.2537
Iter 9/300 - Loss: 1.1331
Iter 10/300 - Loss: 1.0542
Iter 11/300 - Loss: 1.0096
Iter 12/300 - Loss: 0.9889
Iter 13/300 - Loss: 0.9758
Iter 14/300 - Loss: 0.9583
Iter 15/300 - Loss: 0.9352
Iter 16/300 - Loss: 0.9097
Iter 17/300 - Loss: 0.8816
Iter 18/300 - Loss: 0.8471
Iter 19/300 - Loss: 0.8030
Iter 20/300 - Loss: 0.7481
Iter 21/300 - Loss: 0.6840
Iter 22/300 - Loss: 0.6148
Iter 23/300 - Loss: 0.5469
Iter 24/300 - Loss: 0.4867
Iter 25/300 - Loss: 0.4376
Iter 26/300 - Loss: 0.3987
Iter 27/300 - Loss: 0.3661
Iter 28/300 - Loss: 0.3358
Iter 29/300 - Loss: 0.3047
Iter 30/300 - Loss: 0.2708
Iter 31/300 - Loss: 0.2329
Iter 32/300 - Loss: 0.1908
Iter 33/300 - Loss: 0.1448
Iter 34/300 - Loss: 0.0960
Iter 35/300 - Loss: 0.0454
Iter 36/300 - Loss: -0.0054
Iter 37/300 - Loss: -0.0550
Iter 38/300 - Loss: -0.1021
Iter 39/300 - Loss: -0.1458
Iter 40/300 - Loss: -0.1857
Iter 41/300 - Loss: -0.2218
Iter 42/300 - Loss: -0.2549
Iter 43/300 - Loss: -0.2858
Iter 44/300 - Loss: -0.3157
Iter 45/300 - Loss: -0.3452
Iter 46/300 - Loss: -0.3746
Iter 47/300 - Loss: -0.4032
Iter 48/300 - Loss: -0.4303
Iter 49/300 - Loss: -0.4550
Iter 50/300 - Loss: -0.4769
Iter 51/300 - Loss: -0.4961
Iter 52/300 - Loss: -0.5129
Iter 53/300 - Loss: -0.5279
Iter 54/300 - Loss: -0.5417
Iter 55/300 - Loss: -0.5545
Iter 56/300 - Loss: -0.5666
Iter 57/300 - Loss: -0.5782
Iter 58/300 - Loss: -0.5893
Iter 59/300 - Loss: -0.5998
Iter 60/300 - Loss: -0.6097
Iter 61/300 - Loss: -0.6191
Iter 62/300 - Loss: -0.6280
Iter 63/300 - Loss: -0.6367
Iter 64/300 - Loss: -0.6453
Iter 65/300 - Loss: -0.6541
Iter 66/300 - Loss: -0.6631
Iter 67/300 - Loss: -0.6720
Iter 68/300 - Loss: -0.6804
Iter 69/300 - Loss: -0.6880
Iter 70/300 - Loss: -0.6945
Iter 71/300 - Loss: -0.7002
Iter 72/300 - Loss: -0.7052
Iter 73/300 - Loss: -0.7098
Iter 74/300 - Loss: -0.7141
Iter 75/300 - Loss: -0.7182
Iter 76/300 - Loss: -0.7220
Iter 77/300 - Loss: -0.7253
Iter 78/300 - Loss: -0.7283
Iter 79/300 - Loss: -0.7311
Iter 80/300 - Loss: -0.7339
Iter 81/300 - Loss: -0.7368
Iter 82/300 - Loss: -0.7397
Iter 83/300 - Loss: -0.7424
Iter 84/300 - Loss: -0.7446
Iter 85/300 - Loss: -0.7451
Iter 86/300 - Loss: -0.7459
Iter 87/300 - Loss: -0.7505
Iter 88/300 - Loss: -0.7499
Iter 89/300 - Loss: -0.7532
Iter 90/300 - Loss: -0.7535
Iter 91/300 - Loss: -0.7557
Iter 92/300 - Loss: -0.7563
Iter 93/300 - Loss: -0.7576
Iter 94/300 - Loss: -0.7582
Iter 95/300 - Loss: -0.7590
Iter 96/300 - Loss: -0.7597
Iter 97/300 - Loss: -0.7605
Iter 98/300 - Loss: -0.7613
Iter 99/300 - Loss: -0.7619
Iter 100/300 - Loss: -0.7626
Iter 101/300 - Loss: -0.7633
Iter 102/300 - Loss: -0.7638
Iter 103/300 - Loss: -0.7646
Iter 104/300 - Loss: -0.7649
Iter 105/300 - Loss: -0.7656
Iter 106/300 - Loss: -0.7659
Iter 107/300 - Loss: -0.7665
Iter 108/300 - Loss: -0.7666
Iter 109/300 - Loss: -0.7669
Iter 110/300 - Loss: -0.7660
Iter 111/300 - Loss: -0.7649
Iter 112/300 - Loss: -0.7672
Iter 113/300 - Loss: -0.7679
Iter 114/300 - Loss: -0.7671
Iter 115/300 - Loss: -0.7690
Iter 116/300 - Loss: -0.7680
Iter 117/300 - Loss: -0.7696
Iter 118/300 - Loss: -0.7690
Iter 119/300 - Loss: -0.7699
Iter 120/300 - Loss: -0.7697
Iter 121/300 - Loss: -0.7703
Iter 122/300 - Loss: -0.7703
Iter 123/300 - Loss: -0.7707
Iter 124/300 - Loss: -0.7709
Iter 125/300 - Loss: -0.7710
Iter 126/300 - Loss: -0.7713
Iter 127/300 - Loss: -0.7714
Iter 128/300 - Loss: -0.7717
Iter 129/300 - Loss: -0.7717
Iter 130/300 - Loss: -0.7721
Iter 131/300 - Loss: -0.7721
Iter 132/300 - Loss: -0.7723
Iter 133/300 - Loss: -0.7724
Iter 134/300 - Loss: -0.7726
Iter 135/300 - Loss: -0.7727
Iter 136/300 - Loss: -0.7728
Iter 137/300 - Loss: -0.7730
Iter 138/300 - Loss: -0.7730
Iter 139/300 - Loss: -0.7732
Iter 140/300 - Loss: -0.7733
Iter 141/300 - Loss: -0.7735
Iter 142/300 - Loss: -0.7737
Iter 143/300 - Loss: -0.7739
Iter 144/300 - Loss: -0.7742
Iter 145/300 - Loss: -0.7745
Iter 146/300 - Loss: -0.7750
Iter 147/300 - Loss: -0.7757
Iter 148/300 - Loss: -0.7765
Iter 149/300 - Loss: -0.7778
Iter 150/300 - Loss: -0.7792
Iter 151/300 - Loss: -0.7809
Iter 152/300 - Loss: -0.7827
Iter 153/300 - Loss: -0.7829
Iter 154/300 - Loss: -0.7831
Iter 155/300 - Loss: -0.7833
Iter 156/300 - Loss: -0.7835
Iter 157/300 - Loss: -0.7837
Iter 158/300 - Loss: -0.7840
Iter 159/300 - Loss: -0.7842
Iter 160/300 - Loss: -0.7845
Iter 161/300 - Loss: -0.7847
Iter 162/300 - Loss: -0.7850
Iter 163/300 - Loss: -0.7853
Iter 164/300 - Loss: -0.7855
Iter 165/300 - Loss: -0.7858
Iter 166/300 - Loss: -0.7861
Iter 167/300 - Loss: -0.7863
Iter 168/300 - Loss: -0.7866
Iter 169/300 - Loss: -0.7869
Iter 170/300 - Loss: -0.7871
Iter 171/300 - Loss: -0.7874
Iter 172/300 - Loss: -0.7876
Iter 173/300 - Loss: -0.7879
Iter 174/300 - Loss: -0.7882
Iter 175/300 - Loss: -0.7884
Iter 176/300 - Loss: -0.7887
Iter 177/300 - Loss: -0.7889
Iter 178/300 - Loss: -0.7891
Iter 179/300 - Loss: -0.7894
Iter 180/300 - Loss: -0.7896
Iter 181/300 - Loss: -0.7899
Iter 182/300 - Loss: -0.7901
Iter 183/300 - Loss: -0.7903
Iter 184/300 - Loss: -0.7905
Iter 185/300 - Loss: -0.7908
Iter 186/300 - Loss: -0.7910
Iter 187/300 - Loss: -0.7912
Iter 188/300 - Loss: -0.7914
Iter 189/300 - Loss: -0.7916
Iter 190/300 - Loss: -0.7918
Iter 191/300 - Loss: -0.7920
Iter 192/300 - Loss: -0.7922
Iter 193/300 - Loss: -0.7924
Iter 194/300 - Loss: -0.7926
Iter 195/300 - Loss: -0.7928
Iter 196/300 - Loss: -0.7930
Iter 197/300 - Loss: -0.7932
Iter 198/300 - Loss: -0.7934
Iter 199/300 - Loss: -0.7935
Iter 200/300 - Loss: -0.7937
Iter 201/300 - Loss: -0.7939
Iter 202/300 - Loss: -0.7941
Iter 203/300 - Loss: -0.7942
Iter 204/300 - Loss: -0.7944
Iter 205/300 - Loss: -0.7946
Iter 206/300 - Loss: -0.7947
Iter 207/300 - Loss: -0.7949
Iter 208/300 - Loss: -0.7951
Iter 209/300 - Loss: -0.7952
Iter 210/300 - Loss: -0.7954
Iter 211/300 - Loss: -0.7955
Iter 212/300 - Loss: -0.7957
Iter 213/300 - Loss: -0.7958
Iter 214/300 - Loss: -0.7960
Iter 215/300 - Loss: -0.7961
Iter 216/300 - Loss: -0.7962
Iter 217/300 - Loss: -0.7964
Iter 218/300 - Loss: -0.7965
Iter 219/300 - Loss: -0.7967
Iter 220/300 - Loss: -0.7968
Iter 221/300 - Loss: -0.7969
Iter 222/300 - Loss: -0.7971
Iter 223/300 - Loss: -0.7972
Iter 224/300 - Loss: -0.7973
Iter 225/300 - Loss: -0.7974
Iter 226/300 - Loss: -0.7976
Iter 227/300 - Loss: -0.7977
Iter 228/300 - Loss: -0.7978
Iter 229/300 - Loss: -0.7979
Iter 230/300 - Loss: -0.7981
Iter 231/300 - Loss: -0.7982
Iter 232/300 - Loss: -0.7983
Iter 233/300 - Loss: -0.7984
Iter 234/300 - Loss: -0.7985
Iter 235/300 - Loss: -0.7986
Iter 236/300 - Loss: -0.7988
Iter 237/300 - Loss: -0.7989
Iter 238/300 - Loss: -0.7990
Iter 239/300 - Loss: -0.7991
Iter 240/300 - Loss: -0.7992
Iter 241/300 - Loss: -0.7993
Iter 242/300 - Loss: -0.7994
Iter 243/300 - Loss: -0.7995
Iter 244/300 - Loss: -0.7996
Iter 245/300 - Loss: -0.7997
Iter 246/300 - Loss: -0.7998
Iter 247/300 - Loss: -0.7999
Iter 248/300 - Loss: -0.8000
Iter 249/300 - Loss: -0.8001
Iter 250/300 - Loss: -0.8002
Iter 251/300 - Loss: -0.8003
Iter 252/300 - Loss: -0.8004
Iter 253/300 - Loss: -0.8005
Iter 254/300 - Loss: -0.8006
Iter 255/300 - Loss: -0.8007
Iter 256/300 - Loss: -0.8008
Iter 257/300 - Loss: -0.8009
Iter 258/300 - Loss: -0.8010
Iter 259/300 - Loss: -0.8011
Iter 260/300 - Loss: -0.8011
Iter 261/300 - Loss: -0.8012
Iter 262/300 - Loss: -0.8013
Iter 263/300 - Loss: -0.8014
Iter 264/300 - Loss: -0.8015
Iter 265/300 - Loss: -0.8016
Iter 266/300 - Loss: -0.8017
Iter 267/300 - Loss: -0.8018
Iter 268/300 - Loss: -0.8018
Iter 269/300 - Loss: -0.8019
Iter 270/300 - Loss: -0.8020
Iter 271/300 - Loss: -0.8021
Iter 272/300 - Loss: -0.8022
Iter 273/300 - Loss: -0.8022
Iter 274/300 - Loss: -0.8023
Iter 275/300 - Loss: -0.8024
Iter 276/300 - Loss: -0.8025
Iter 277/300 - Loss: -0.8026
Iter 278/300 - Loss: -0.8026
Iter 279/300 - Loss: -0.8027
Iter 280/300 - Loss: -0.8028
Iter 281/300 - Loss: -0.8029
Iter 282/300 - Loss: -0.8030
Iter 283/300 - Loss: -0.8030
Iter 284/300 - Loss: -0.8031
Iter 285/300 - Loss: -0.8032
Iter 286/300 - Loss: -0.8033
Iter 287/300 - Loss: -0.8033
Iter 288/300 - Loss: -0.8034
Iter 289/300 - Loss: -0.8035
Iter 290/300 - Loss: -0.8036
Iter 291/300 - Loss: -0.8036
Iter 292/300 - Loss: -0.8037
Iter 293/300 - Loss: -0.8038
Iter 294/300 - Loss: -0.8039
Iter 295/300 - Loss: -0.8039
Iter 296/300 - Loss: -0.8040
Iter 297/300 - Loss: -0.8041
Iter 298/300 - Loss: -0.8041
Iter 299/300 - Loss: -0.8042
Iter 300/300 - Loss: -0.8043
