no change     /oak/stanford/orgs/kipac/users/delon/miniconda3/condabin/conda
no change     /oak/stanford/orgs/kipac/users/delon/miniconda3/bin/conda
no change     /oak/stanford/orgs/kipac/users/delon/miniconda3/bin/conda-env
no change     /oak/stanford/orgs/kipac/users/delon/miniconda3/bin/activate
no change     /oak/stanford/orgs/kipac/users/delon/miniconda3/bin/deactivate
no change     /oak/stanford/orgs/kipac/users/delon/miniconda3/etc/profile.d/conda.sh
no change     /oak/stanford/orgs/kipac/users/delon/miniconda3/etc/fish/conf.d/conda.fish
no change     /oak/stanford/orgs/kipac/users/delon/miniconda3/shell/condabin/Conda.psm1
no change     /oak/stanford/orgs/kipac/users/delon/miniconda3/shell/condabin/conda-hook.ps1
no change     /oak/stanford/orgs/kipac/users/delon/miniconda3/lib/python3.10/site-packages/xontrib/conda.xsh
no change     /oak/stanford/orgs/kipac/users/delon/miniconda3/etc/profile.d/conda.csh
no change     /home/users/delon/.bashrc
No action taken.
Starting ML Fit
Box_n50_3_1400
       message: Optimization terminated successfully.
       success: True
        status: 0
           fun: 17818.076851041606
             x: [-3.317e-01  9.608e-01  1.549e-01  4.538e-01  1.264e+00
                  5.312e-02]
           nit: 692
          nfev: 1070
 final_simplex: (array([[-3.317e-01,  9.608e-01, ...,  1.264e+00,
                         5.312e-02],
                       [-3.316e-01,  9.608e-01, ...,  1.264e+00,
                         5.315e-02],
                       ...,
                       [-3.317e-01,  9.608e-01, ...,  1.264e+00,
                         5.312e-02],
                       [-3.317e-01,  9.608e-01, ...,  1.264e+00,
                         5.314e-02]]), array([ 1.782e+04,  1.782e+04,  1.782e+04,  1.782e+04,
                        1.782e+04,  1.782e+04,  1.782e+04]))
   param_names: ['d1', 'e0', 'e1', 'f0', 'g0', 'g1']
[-0.33171348  0.96082677  0.1548905   0.45383439  1.26359041  0.05311774]
(5000, 64, 6)
