Leaving out Box_n50_16_1400
alist [1.0, 0.953321, 0.866399, 0.787402, 0.715608, 0.65036, 0.620002, 0.591061, 0.563471, 0.537169, 0.512095, 0.488191, 0.403224, 0.366459]
scaling input
scaling output
Iter 1/300 - Loss: 3.1833
Iter 2/300 - Loss: 2.8059
Iter 3/300 - Loss: 2.4583
Iter 4/300 - Loss: 2.1447
Iter 5/300 - Loss: 1.8661
Iter 6/300 - Loss: 1.6218
Iter 7/300 - Loss: 1.4106
Iter 8/300 - Loss: 1.2329
Iter 9/300 - Loss: 1.0915
Iter 10/300 - Loss: 0.9908
Iter 11/300 - Loss: 0.9324
Iter 12/300 - Loss: 0.9109
Iter 13/300 - Loss: 0.9100
Iter 14/300 - Loss: 0.9112
Iter 15/300 - Loss: 0.9035
Iter 16/300 - Loss: 0.8840
Iter 17/300 - Loss: 0.8505
Iter 18/300 - Loss: 0.8012
Iter 19/300 - Loss: 0.7363
Iter 20/300 - Loss: 0.6597
Iter 21/300 - Loss: 0.5792
Iter 22/300 - Loss: 0.5032
Iter 23/300 - Loss: 0.4364
Iter 24/300 - Loss: 0.3811
Iter 25/300 - Loss: 0.3361
Iter 26/300 - Loss: 0.2989
Iter 27/300 - Loss: 0.2657
Iter 28/300 - Loss: 0.2333
Iter 29/300 - Loss: 0.1996
Iter 30/300 - Loss: 0.1633
Iter 31/300 - Loss: 0.1238
Iter 32/300 - Loss: 0.0814
Iter 33/300 - Loss: 0.0365
Iter 34/300 - Loss: -0.0098
Iter 35/300 - Loss: -0.0565
Iter 36/300 - Loss: -0.1024
Iter 37/300 - Loss: -0.1461
Iter 38/300 - Loss: -0.1866
Iter 39/300 - Loss: -0.2232
Iter 40/300 - Loss: -0.2558
Iter 41/300 - Loss: -0.2847
Iter 42/300 - Loss: -0.3114
Iter 43/300 - Loss: -0.3372
Iter 44/300 - Loss: -0.3633
Iter 45/300 - Loss: -0.3903
Iter 46/300 - Loss: -0.4177
Iter 47/300 - Loss: -0.4446
Iter 48/300 - Loss: -0.4700
Iter 49/300 - Loss: -0.4930
Iter 50/300 - Loss: -0.5134
Iter 51/300 - Loss: -0.5312
Iter 52/300 - Loss: -0.5468
Iter 53/300 - Loss: -0.5609
Iter 54/300 - Loss: -0.5739
Iter 55/300 - Loss: -0.5864
Iter 56/300 - Loss: -0.5986
Iter 57/300 - Loss: -0.6105
Iter 58/300 - Loss: -0.6221
Iter 59/300 - Loss: -0.6331
Iter 60/300 - Loss: -0.6434
Iter 61/300 - Loss: -0.6528
Iter 62/300 - Loss: -0.6614
Iter 63/300 - Loss: -0.6694
Iter 64/300 - Loss: -0.6771
Iter 65/300 - Loss: -0.6848
Iter 66/300 - Loss: -0.6923
Iter 67/300 - Loss: -0.6993
Iter 68/300 - Loss: -0.7053
Iter 69/300 - Loss: -0.7102
Iter 70/300 - Loss: -0.7141
Iter 71/300 - Loss: -0.7173
Iter 72/300 - Loss: -0.7202
Iter 73/300 - Loss: -0.7231
Iter 74/300 - Loss: -0.7259
Iter 75/300 - Loss: -0.7287
Iter 76/300 - Loss: -0.7311
Iter 77/300 - Loss: -0.7329
Iter 78/300 - Loss: -0.7324
Iter 79/300 - Loss: -0.7321
Iter 80/300 - Loss: -0.7385
Iter 81/300 - Loss: -0.7377
Iter 82/300 - Loss: -0.7427
Iter 83/300 - Loss: -0.7425
Iter 84/300 - Loss: -0.7459
Iter 85/300 - Loss: -0.7463
Iter 86/300 - Loss: -0.7487
Iter 87/300 - Loss: -0.7492
Iter 88/300 - Loss: -0.7516
Iter 89/300 - Loss: -0.7516
Iter 90/300 - Loss: -0.7541
Iter 91/300 - Loss: -0.7536
Iter 92/300 - Loss: -0.7556
Iter 93/300 - Loss: -0.7556
Iter 94/300 - Loss: -0.7566
Iter 95/300 - Loss: -0.7573
Iter 96/300 - Loss: -0.7578
Iter 97/300 - Loss: -0.7586
Iter 98/300 - Loss: -0.7590
Iter 99/300 - Loss: -0.7596
Iter 100/300 - Loss: -0.7599
Iter 101/300 - Loss: -0.7605
Iter 102/300 - Loss: -0.7606
Iter 103/300 - Loss: -0.7613
Iter 104/300 - Loss: -0.7614
Iter 105/300 - Loss: -0.7620
Iter 106/300 - Loss: -0.7621
Iter 107/300 - Loss: -0.7626
Iter 108/300 - Loss: -0.7628
Iter 109/300 - Loss: -0.7632
Iter 110/300 - Loss: -0.7634
Iter 111/300 - Loss: -0.7638
Iter 112/300 - Loss: -0.7639
Iter 113/300 - Loss: -0.7642
Iter 114/300 - Loss: -0.7645
Iter 115/300 - Loss: -0.7647
Iter 116/300 - Loss: -0.7650
Iter 117/300 - Loss: -0.7651
Iter 118/300 - Loss: -0.7654
Iter 119/300 - Loss: -0.7655
Iter 120/300 - Loss: -0.7657
Iter 121/300 - Loss: -0.7659
Iter 122/300 - Loss: -0.7661
Iter 123/300 - Loss: -0.7663
Iter 124/300 - Loss: -0.7664
Iter 125/300 - Loss: -0.7666
Iter 126/300 - Loss: -0.7667
Iter 127/300 - Loss: -0.7669
Iter 128/300 - Loss: -0.7670
Iter 129/300 - Loss: -0.7671
Iter 130/300 - Loss: -0.7672
Iter 131/300 - Loss: -0.7673
Iter 132/300 - Loss: -0.7674
Iter 133/300 - Loss: -0.7675
Iter 134/300 - Loss: -0.7676
Iter 135/300 - Loss: -0.7677
Iter 136/300 - Loss: -0.7678
Iter 137/300 - Loss: -0.7679
Iter 138/300 - Loss: -0.7680
Iter 139/300 - Loss: -0.7681
Iter 140/300 - Loss: -0.7681
Iter 141/300 - Loss: -0.7682
Iter 142/300 - Loss: -0.7683
Iter 143/300 - Loss: -0.7684
Iter 144/300 - Loss: -0.7685
Iter 145/300 - Loss: -0.7686
Iter 146/300 - Loss: -0.7687
Iter 147/300 - Loss: -0.7688
Iter 148/300 - Loss: -0.7689
Iter 149/300 - Loss: -0.7691
Iter 150/300 - Loss: -0.7694
Iter 151/300 - Loss: -0.7697
Iter 152/300 - Loss: -0.7702
Iter 153/300 - Loss: -0.7703
Iter 154/300 - Loss: -0.7703
Iter 155/300 - Loss: -0.7704
Iter 156/300 - Loss: -0.7705
Iter 157/300 - Loss: -0.7706
Iter 158/300 - Loss: -0.7707
Iter 159/300 - Loss: -0.7709
Iter 160/300 - Loss: -0.7710
Iter 161/300 - Loss: -0.7712
Iter 162/300 - Loss: -0.7713
Iter 163/300 - Loss: -0.7715
Iter 164/300 - Loss: -0.7717
Iter 165/300 - Loss: -0.7719
Iter 166/300 - Loss: -0.7721
Iter 167/300 - Loss: -0.7724
Iter 168/300 - Loss: -0.7726
Iter 169/300 - Loss: -0.7729
Iter 170/300 - Loss: -0.7732
Iter 171/300 - Loss: -0.7734
Iter 172/300 - Loss: -0.7737
Iter 173/300 - Loss: -0.7740
Iter 174/300 - Loss: -0.7744
Iter 175/300 - Loss: -0.7747
Iter 176/300 - Loss: -0.7750
Iter 177/300 - Loss: -0.7753
Iter 178/300 - Loss: -0.7757
Iter 179/300 - Loss: -0.7760
Iter 180/300 - Loss: -0.7764
Iter 181/300 - Loss: -0.7767
Iter 182/300 - Loss: -0.7771
Iter 183/300 - Loss: -0.7774
Iter 184/300 - Loss: -0.7778
Iter 185/300 - Loss: -0.7781
Iter 186/300 - Loss: -0.7785
Iter 187/300 - Loss: -0.7788
Iter 188/300 - Loss: -0.7792
Iter 189/300 - Loss: -0.7795
Iter 190/300 - Loss: -0.7798
Iter 191/300 - Loss: -0.7802
Iter 192/300 - Loss: -0.7805
Iter 193/300 - Loss: -0.7808
Iter 194/300 - Loss: -0.7811
Iter 195/300 - Loss: -0.7814
Iter 196/300 - Loss: -0.7817
Iter 197/300 - Loss: -0.7820
Iter 198/300 - Loss: -0.7823
Iter 199/300 - Loss: -0.7826
Iter 200/300 - Loss: -0.7829
Iter 201/300 - Loss: -0.7832
Iter 202/300 - Loss: -0.7835
Iter 203/300 - Loss: -0.7837
Iter 204/300 - Loss: -0.7840
Iter 205/300 - Loss: -0.7843
Iter 206/300 - Loss: -0.7846
Iter 207/300 - Loss: -0.7848
Iter 208/300 - Loss: -0.7851
Iter 209/300 - Loss: -0.7853
Iter 210/300 - Loss: -0.7856
Iter 211/300 - Loss: -0.7858
Iter 212/300 - Loss: -0.7861
Iter 213/300 - Loss: -0.7863
Iter 214/300 - Loss: -0.7866
Iter 215/300 - Loss: -0.7868
Iter 216/300 - Loss: -0.7870
Iter 217/300 - Loss: -0.7873
Iter 218/300 - Loss: -0.7875
Iter 219/300 - Loss: -0.7877
Iter 220/300 - Loss: -0.7879
Iter 221/300 - Loss: -0.7882
Iter 222/300 - Loss: -0.7884
Iter 223/300 - Loss: -0.7886
Iter 224/300 - Loss: -0.7888
Iter 225/300 - Loss: -0.7890
Iter 226/300 - Loss: -0.7892
Iter 227/300 - Loss: -0.7894
Iter 228/300 - Loss: -0.7896
Iter 229/300 - Loss: -0.7898
Iter 230/300 - Loss: -0.7900
Iter 231/300 - Loss: -0.7902
Iter 232/300 - Loss: -0.7904
Iter 233/300 - Loss: -0.7906
Iter 234/300 - Loss: -0.7908
Iter 235/300 - Loss: -0.7909
Iter 236/300 - Loss: -0.7911
Iter 237/300 - Loss: -0.7913
Iter 238/300 - Loss: -0.7915
Iter 239/300 - Loss: -0.7917
Iter 240/300 - Loss: -0.7919
Iter 241/300 - Loss: -0.7920
Iter 242/300 - Loss: -0.7922
Iter 243/300 - Loss: -0.7924
Iter 244/300 - Loss: -0.7926
Iter 245/300 - Loss: -0.7927
Iter 246/300 - Loss: -0.7929
Iter 247/300 - Loss: -0.7931
Iter 248/300 - Loss: -0.7932
Iter 249/300 - Loss: -0.7934
Iter 250/300 - Loss: -0.7936
Iter 251/300 - Loss: -0.7937
Iter 252/300 - Loss: -0.7939
Iter 253/300 - Loss: -0.7941
Iter 254/300 - Loss: -0.7942
Iter 255/300 - Loss: -0.7944
Iter 256/300 - Loss: -0.7946
Iter 257/300 - Loss: -0.7947
Iter 258/300 - Loss: -0.7949
Iter 259/300 - Loss: -0.7951
Iter 260/300 - Loss: -0.7952
Iter 261/300 - Loss: -0.7954
Iter 262/300 - Loss: -0.7955
Iter 263/300 - Loss: -0.7957
Iter 264/300 - Loss: -0.7959
Iter 265/300 - Loss: -0.7960
Iter 266/300 - Loss: -0.7962
Iter 267/300 - Loss: -0.7963
Iter 268/300 - Loss: -0.7965
Iter 269/300 - Loss: -0.7967
Iter 270/300 - Loss: -0.7968
Iter 271/300 - Loss: -0.7970
Iter 272/300 - Loss: -0.7971
Iter 273/300 - Loss: -0.7973
Iter 274/300 - Loss: -0.7974
Iter 275/300 - Loss: -0.7976
Iter 276/300 - Loss: -0.7978
Iter 277/300 - Loss: -0.7979
Iter 278/300 - Loss: -0.7981
Iter 279/300 - Loss: -0.7982
Iter 280/300 - Loss: -0.7984
Iter 281/300 - Loss: -0.7985
Iter 282/300 - Loss: -0.7987
Iter 283/300 - Loss: -0.7988
Iter 284/300 - Loss: -0.7990
Iter 285/300 - Loss: -0.7991
Iter 286/300 - Loss: -0.7993
Iter 287/300 - Loss: -0.7994
Iter 288/300 - Loss: -0.7996
Iter 289/300 - Loss: -0.7997
Iter 290/300 - Loss: -0.7999
Iter 291/300 - Loss: -0.8000
Iter 292/300 - Loss: -0.8002
Iter 293/300 - Loss: -0.8003
Iter 294/300 - Loss: -0.8005
Iter 295/300 - Loss: -0.8006
Iter 296/300 - Loss: -0.8007
Iter 297/300 - Loss: -0.8009
Iter 298/300 - Loss: -0.8010
Iter 299/300 - Loss: -0.8012
Iter 300/300 - Loss: -0.8013
