prev {'d': 0.4814608689968441, 'e': 1.1320268401918083, 'f': 2.2973320691891117, 'g': 1.2570729446095954}
Starting ML Fit
Box_n50_31_1400
       message: Optimization terminated successfully.
       success: True
        status: 0
           fun: 8250.086131664586
             x: [ 4.718e-01  1.129e+00  2.297e+00  1.256e+00]
           nit: 94
          nfev: 170
 final_simplex: (array([[ 4.718e-01,  1.129e+00,  2.297e+00,  1.256e+00],
                       [ 4.718e-01,  1.129e+00,  2.297e+00,  1.256e+00],
                       ...,
                       [ 4.718e-01,  1.129e+00,  2.297e+00,  1.256e+00],
                       [ 4.718e-01,  1.129e+00,  2.297e+00,  1.256e+00]]), array([ 8.250e+03,  8.250e+03,  8.250e+03,  8.250e+03,
                        8.250e+03]))
   param_names: ['d', 'e', 'f', 'g']
[0.47175678 1.12890981 2.29745882 1.25605338]
{'d': 0.47175677818461415, 'e': 1.1289098089889622, 'f': 2.297458818284614, 'g': 1.256053379137708}
Previous:  {'d': 0.4814608689968441, 'e': 1.1320268401918083, 'f': 2.2973320691891117, 'g': 1.2570729446095954}
