Leaving out Box_n50_49_1400
alist [1.0, 0.953321, 0.866399, 0.787402, 0.715608, 0.65036, 0.620002, 0.591061, 0.563471, 0.537169, 0.512095, 0.488191, 0.403224, 0.366459]
Iter 1/250 - Loss: 3.2479
Iter 2/250 - Loss: 2.8759
Iter 3/250 - Loss: 2.5303
Iter 4/250 - Loss: 2.2119
Iter 5/250 - Loss: 1.9215
Iter 6/250 - Loss: 1.6613
Iter 7/250 - Loss: 1.4362
Iter 8/250 - Loss: 1.2506
Iter 9/250 - Loss: 1.1035
Iter 10/250 - Loss: 0.9887
Iter 11/250 - Loss: 0.8986
Iter 12/250 - Loss: 0.8256
Iter 13/250 - Loss: 0.7625
Iter 14/250 - Loss: 0.7038
Iter 15/250 - Loss: 0.6453
Iter 16/250 - Loss: 0.5845
Iter 17/250 - Loss: 0.5198
Iter 18/250 - Loss: 0.4510
Iter 19/250 - Loss: 0.3812
Iter 20/250 - Loss: 0.3143
Iter 21/250 - Loss: 0.2521
Iter 22/250 - Loss: 0.1946
Iter 23/250 - Loss: 0.1414
Iter 24/250 - Loss: 0.0904
Iter 25/250 - Loss: 0.0387
Iter 26/250 - Loss: -0.0145
Iter 27/250 - Loss: -0.0682
Iter 28/250 - Loss: -0.1214
Iter 29/250 - Loss: -0.1733
Iter 30/250 - Loss: -0.2229
Iter 31/250 - Loss: -0.2699
Iter 32/250 - Loss: -0.3159
Iter 33/250 - Loss: -0.3629
Iter 34/250 - Loss: -0.4112
Iter 35/250 - Loss: -0.4594
Iter 36/250 - Loss: -0.5059
Iter 37/250 - Loss: -0.5499
Iter 38/250 - Loss: -0.5920
Iter 39/250 - Loss: -0.6338
Iter 40/250 - Loss: -0.6757
Iter 41/250 - Loss: -0.7171
Iter 42/250 - Loss: -0.7573
Iter 43/250 - Loss: -0.7962
Iter 44/250 - Loss: -0.8340
Iter 45/250 - Loss: -0.8710
Iter 46/250 - Loss: -0.9077
Iter 47/250 - Loss: -0.9445
Iter 48/250 - Loss: -0.9818
Iter 49/250 - Loss: -1.0199
Iter 50/250 - Loss: -1.0590
Iter 51/250 - Loss: -1.0990
Iter 52/250 - Loss: -1.1393
Iter 53/250 - Loss: -1.1798
Iter 54/250 - Loss: -1.2200
Iter 55/250 - Loss: -1.2597
Iter 56/250 - Loss: -1.2989
Iter 57/250 - Loss: -1.3375
Iter 58/250 - Loss: -1.3751
Iter 59/250 - Loss: -1.4118
Iter 60/250 - Loss: -1.4476
Iter 61/250 - Loss: -1.4824
Iter 62/250 - Loss: -1.5163
Iter 63/250 - Loss: -1.5496
Iter 64/250 - Loss: -1.5824
Iter 65/250 - Loss: -1.6148
Iter 66/250 - Loss: -1.6472
Iter 67/250 - Loss: -1.6798
Iter 68/250 - Loss: -1.7130
Iter 69/250 - Loss: -1.7469
Iter 70/250 - Loss: -1.7813
Iter 71/250 - Loss: -1.8159
Iter 72/250 - Loss: -1.8506
Iter 73/250 - Loss: -1.8853
Iter 74/250 - Loss: -1.9203
Iter 75/250 - Loss: -1.9559
Iter 76/250 - Loss: -1.9924
Iter 77/250 - Loss: -2.0294
Iter 78/250 - Loss: -2.0663
Iter 79/250 - Loss: -2.1027
Iter 80/250 - Loss: -2.1378
Iter 81/250 - Loss: -2.1704
Iter 82/250 - Loss: -2.1998
Iter 83/250 - Loss: -2.2333
Iter 84/250 - Loss: -2.2597
Iter 85/250 - Loss: -2.2905
Iter 86/250 - Loss: -2.3153
Iter 87/250 - Loss: -2.3439
Iter 88/250 - Loss: -2.3670
Iter 89/250 - Loss: -2.3932
Iter 90/250 - Loss: -2.4155
Iter 91/250 - Loss: -2.4383
Iter 92/250 - Loss: -2.4605
Iter 93/250 - Loss: -2.4798
Iter 94/250 - Loss: -2.4991
Iter 95/250 - Loss: -2.5170
Iter 96/250 - Loss: -2.5331
Iter 97/250 - Loss: -2.5490
Iter 98/250 - Loss: -2.5648
Iter 99/250 - Loss: -2.5800
Iter 100/250 - Loss: -2.5945
Iter 101/250 - Loss: -2.6086
Iter 102/250 - Loss: -2.6220
Iter 103/250 - Loss: -2.6344
Iter 104/250 - Loss: -2.6459
Iter 105/250 - Loss: -2.6568
Iter 106/250 - Loss: -2.6676
Iter 107/250 - Loss: -2.6782
Iter 108/250 - Loss: -2.6886
Iter 109/250 - Loss: -2.6984
Iter 110/250 - Loss: -2.7077
Iter 111/250 - Loss: -2.7164
Iter 112/250 - Loss: -2.7245
Iter 113/250 - Loss: -2.7321
Iter 114/250 - Loss: -2.7391
Iter 115/250 - Loss: -2.7456
Iter 116/250 - Loss: -2.7514
Iter 117/250 - Loss: -2.7567
Iter 118/250 - Loss: -2.7614
Iter 119/250 - Loss: -2.7658
Iter 120/250 - Loss: -2.7699
Iter 121/250 - Loss: -2.7739
Iter 122/250 - Loss: -2.7777
Iter 123/250 - Loss: -2.7812
Iter 124/250 - Loss: -2.7846
Iter 125/250 - Loss: -2.7877
Iter 126/250 - Loss: -2.7906
Iter 127/250 - Loss: -2.7934
Iter 128/250 - Loss: -2.7959
Iter 129/250 - Loss: -2.7983
Iter 130/250 - Loss: -2.8005
Iter 131/250 - Loss: -2.8026
Iter 132/250 - Loss: -2.8047
Iter 133/250 - Loss: -2.8066
Iter 134/250 - Loss: -2.8086
Iter 135/250 - Loss: -2.8104
Iter 136/250 - Loss: -2.8122
Iter 137/250 - Loss: -2.8139
Iter 138/250 - Loss: -2.8155
Iter 139/250 - Loss: -2.8171
Iter 140/250 - Loss: -2.8187
Iter 141/250 - Loss: -2.8202
Iter 142/250 - Loss: -2.8217
Iter 143/250 - Loss: -2.8232
Iter 144/250 - Loss: -2.8246
Iter 145/250 - Loss: -2.8260
Iter 146/250 - Loss: -2.8273
Iter 147/250 - Loss: -2.8287
Iter 148/250 - Loss: -2.8300
Iter 149/250 - Loss: -2.8312
Iter 150/250 - Loss: -2.8324
Iter 151/250 - Loss: -2.8337
Iter 152/250 - Loss: -2.8349
Iter 153/250 - Loss: -2.8361
Iter 154/250 - Loss: -2.8373
Iter 155/250 - Loss: -2.8384
Iter 156/250 - Loss: -2.8396
Iter 157/250 - Loss: -2.8407
Iter 158/250 - Loss: -2.8419
Iter 159/250 - Loss: -2.8430
Iter 160/250 - Loss: -2.8440
Iter 161/250 - Loss: -2.8451
Iter 162/250 - Loss: -2.8461
Iter 163/250 - Loss: -2.8470
Iter 164/250 - Loss: -2.8480
Iter 165/250 - Loss: -2.8489
Iter 166/250 - Loss: -2.8497
Iter 167/250 - Loss: -2.8505
Iter 168/250 - Loss: -2.8513
Iter 169/250 - Loss: -2.8521
Iter 170/250 - Loss: -2.8529
Iter 171/250 - Loss: -2.8536
Iter 172/250 - Loss: -2.8543
Iter 173/250 - Loss: -2.8550
Iter 174/250 - Loss: -2.8557
Iter 175/250 - Loss: -2.8563
Iter 176/250 - Loss: -2.8569
Iter 177/250 - Loss: -2.8575
Iter 178/250 - Loss: -2.8581
Iter 179/250 - Loss: -2.8587
Iter 180/250 - Loss: -2.8592
Iter 181/250 - Loss: -2.8597
Iter 182/250 - Loss: -2.8602
Iter 183/250 - Loss: -2.8607
Iter 184/250 - Loss: -2.8612
Iter 185/250 - Loss: -2.8616
Iter 186/250 - Loss: -2.8621
Iter 187/250 - Loss: -2.8625
Iter 188/250 - Loss: -2.8630
Iter 189/250 - Loss: -2.8634
Iter 190/250 - Loss: -2.8638
Iter 191/250 - Loss: -2.8642
Iter 192/250 - Loss: -2.8646
Iter 193/250 - Loss: -2.8650
Iter 194/250 - Loss: -2.8654
Iter 195/250 - Loss: -2.8658
Iter 196/250 - Loss: -2.8662
Iter 197/250 - Loss: -2.8665
Iter 198/250 - Loss: -2.8669
Iter 199/250 - Loss: -2.8673
Iter 200/250 - Loss: -2.8676
Iter 201/250 - Loss: -2.8679
Iter 202/250 - Loss: -2.8683
Iter 203/250 - Loss: -2.8686
Iter 204/250 - Loss: -2.8690
Iter 205/250 - Loss: -2.8693
Iter 206/250 - Loss: -2.8696
Iter 207/250 - Loss: -2.8699
Iter 208/250 - Loss: -2.8702
Iter 209/250 - Loss: -2.8705
Iter 210/250 - Loss: -2.8708
Iter 211/250 - Loss: -2.8712
Iter 212/250 - Loss: -2.8715
Iter 213/250 - Loss: -2.8718
Iter 214/250 - Loss: -2.8721
Iter 215/250 - Loss: -2.8724
Iter 216/250 - Loss: -2.8727
Iter 217/250 - Loss: -2.8730
Iter 218/250 - Loss: -2.8734
Iter 219/250 - Loss: -2.8738
Iter 220/250 - Loss: -2.8743
Iter 221/250 - Loss: -2.8748
Iter 222/250 - Loss: -2.8753
Iter 223/250 - Loss: -2.8757
Iter 224/250 - Loss: -2.8761
Iter 225/250 - Loss: -2.8764
Iter 226/250 - Loss: -2.8766
Iter 227/250 - Loss: -2.8768
Iter 228/250 - Loss: -2.8770
Iter 229/250 - Loss: -2.8773
Iter 230/250 - Loss: -2.8776
Iter 231/250 - Loss: -2.8779
Iter 232/250 - Loss: -2.8782
Iter 233/250 - Loss: -2.8785
Iter 234/250 - Loss: -2.8788
Iter 235/250 - Loss: -2.8790
Iter 236/250 - Loss: -2.8792
Iter 237/250 - Loss: -2.8794
Iter 238/250 - Loss: -2.8796
Iter 239/250 - Loss: -2.8798
Iter 240/250 - Loss: -2.8800
Iter 241/250 - Loss: -2.8803
Iter 242/250 - Loss: -2.8805
Iter 243/250 - Loss: -2.8807
Iter 244/250 - Loss: -2.8810
Iter 245/250 - Loss: -2.8812
Iter 246/250 - Loss: -2.8814
Iter 247/250 - Loss: -2.8816
Iter 248/250 - Loss: -2.8818
Iter 249/250 - Loss: -2.8820
Iter 250/250 - Loss: -2.8822
now training with smaller learning rate
Iter 1/250 - Loss: -2.8824
Iter 2/250 - Loss: -2.8827
Iter 3/250 - Loss: -2.8833
Iter 4/250 - Loss: -2.8837
Iter 5/250 - Loss: -2.8841
Iter 6/250 - Loss: -2.8846
Iter 7/250 - Loss: -2.8851
Iter 8/250 - Loss: -2.8855
Iter 9/250 - Loss: -2.8859
Iter 10/250 - Loss: -2.8863
Iter 11/250 - Loss: -2.8867
Iter 12/250 - Loss: -2.8872
Iter 13/250 - Loss: -2.8876
Iter 14/250 - Loss: -2.8880
Iter 15/250 - Loss: -2.8884
Iter 16/250 - Loss: -2.8888
Iter 17/250 - Loss: -2.8892
Iter 18/250 - Loss: -2.8897
Iter 19/250 - Loss: -2.8901
Iter 20/250 - Loss: -2.8905
Iter 21/250 - Loss: -2.8908
Iter 22/250 - Loss: -2.8912
Iter 23/250 - Loss: -2.8916
Iter 24/250 - Loss: -2.8920
Iter 25/250 - Loss: -2.8924
Iter 26/250 - Loss: -2.8928
Iter 27/250 - Loss: -2.8932
Iter 28/250 - Loss: -2.8935
Iter 29/250 - Loss: -2.8939
Iter 30/250 - Loss: -2.8943
Iter 31/250 - Loss: -2.8947
Iter 32/250 - Loss: -2.8950
Iter 33/250 - Loss: -2.8954
Iter 34/250 - Loss: -2.8957
Iter 35/250 - Loss: -2.8961
Iter 36/250 - Loss: -2.8964
Iter 37/250 - Loss: -2.8968
Iter 38/250 - Loss: -2.8971
Iter 39/250 - Loss: -2.8975
Iter 40/250 - Loss: -2.8978
Iter 41/250 - Loss: -2.8981
Iter 42/250 - Loss: -2.8985
Iter 43/250 - Loss: -2.8988
Iter 44/250 - Loss: -2.8991
Iter 45/250 - Loss: -2.8995
Iter 46/250 - Loss: -2.8998
Iter 47/250 - Loss: -2.9001
Iter 48/250 - Loss: -2.9004
Iter 49/250 - Loss: -2.9007
Iter 50/250 - Loss: -2.9011
Iter 51/250 - Loss: -2.9014
Iter 52/250 - Loss: -2.9017
Iter 53/250 - Loss: -2.9020
Iter 54/250 - Loss: -2.9023
Iter 55/250 - Loss: -2.9026
Iter 56/250 - Loss: -2.9029
Iter 57/250 - Loss: -2.9032
Iter 58/250 - Loss: -2.9035
Iter 59/250 - Loss: -2.9037
Iter 60/250 - Loss: -2.9040
Iter 61/250 - Loss: -2.9043
Iter 62/250 - Loss: -2.9046
Iter 63/250 - Loss: -2.9049
Iter 64/250 - Loss: -2.9051
Iter 65/250 - Loss: -2.9054
Iter 66/250 - Loss: -2.9057
Iter 67/250 - Loss: -2.9060
Iter 68/250 - Loss: -2.9062
Iter 69/250 - Loss: -2.9065
Iter 70/250 - Loss: -2.9067
Iter 71/250 - Loss: -2.9070
Iter 72/250 - Loss: -2.9073
Iter 73/250 - Loss: -2.9075
Iter 74/250 - Loss: -2.9078
Iter 75/250 - Loss: -2.9080
Iter 76/250 - Loss: -2.9082
Iter 77/250 - Loss: -2.9085
Iter 78/250 - Loss: -2.9087
Iter 79/250 - Loss: -2.9090
Iter 80/250 - Loss: -2.9092
Iter 81/250 - Loss: -2.9094
Iter 82/250 - Loss: -2.9097
Iter 83/250 - Loss: -2.9099
Iter 84/250 - Loss: -2.9101
Iter 85/250 - Loss: -2.9103
Iter 86/250 - Loss: -2.9106
Iter 87/250 - Loss: -2.9108
Iter 88/250 - Loss: -2.9110
Iter 89/250 - Loss: -2.9112
Iter 90/250 - Loss: -2.9114
Iter 91/250 - Loss: -2.9116
Iter 92/250 - Loss: -2.9118
Iter 93/250 - Loss: -2.9121
Iter 94/250 - Loss: -2.9122
Iter 95/250 - Loss: -2.9124
Iter 96/250 - Loss: -2.9126
Iter 97/250 - Loss: -2.9128
Iter 98/250 - Loss: -2.9130
Iter 99/250 - Loss: -2.9132
Iter 100/250 - Loss: -2.9134
Iter 101/250 - Loss: -2.9136
Iter 102/250 - Loss: -2.9138
Iter 103/250 - Loss: -2.9140
Iter 104/250 - Loss: -2.9141
Iter 105/250 - Loss: -2.9143
Iter 106/250 - Loss: -2.9145
Iter 107/250 - Loss: -2.9147
Iter 108/250 - Loss: -2.9148
Iter 109/250 - Loss: -2.9150
Iter 110/250 - Loss: -2.9152
Iter 111/250 - Loss: -2.9153
Iter 112/250 - Loss: -2.9155
Iter 113/250 - Loss: -2.9157
Iter 114/250 - Loss: -2.9158
Iter 115/250 - Loss: -2.9160
Iter 116/250 - Loss: -2.9161
Iter 117/250 - Loss: -2.9163
Iter 118/250 - Loss: -2.9165
Iter 119/250 - Loss: -2.9166
Iter 120/250 - Loss: -2.9168
Iter 121/250 - Loss: -2.9169
Iter 122/250 - Loss: -2.9171
Iter 123/250 - Loss: -2.9172
Iter 124/250 - Loss: -2.9174
Iter 125/250 - Loss: -2.9175
Iter 126/250 - Loss: -2.9176
Iter 127/250 - Loss: -2.9178
Iter 128/250 - Loss: -2.9179
Iter 129/250 - Loss: -2.9181
Iter 130/250 - Loss: -2.9182
Iter 131/250 - Loss: -2.9183
Iter 132/250 - Loss: -2.9185
Iter 133/250 - Loss: -2.9186
Iter 134/250 - Loss: -2.9188
Iter 135/250 - Loss: -2.9189
Iter 136/250 - Loss: -2.9190
Iter 137/250 - Loss: -2.9191
Iter 138/250 - Loss: -2.9193
Iter 139/250 - Loss: -2.9194
Iter 140/250 - Loss: -2.9195
Iter 141/250 - Loss: -2.9196
Iter 142/250 - Loss: -2.9198
Iter 143/250 - Loss: -2.9199
Iter 144/250 - Loss: -2.9200
Iter 145/250 - Loss: -2.9201
Iter 146/250 - Loss: -2.9203
Iter 147/250 - Loss: -2.9204
Iter 148/250 - Loss: -2.9205
Iter 149/250 - Loss: -2.9206
Iter 150/250 - Loss: -2.9207
Iter 151/250 - Loss: -2.9209
Iter 152/250 - Loss: -2.9210
Iter 153/250 - Loss: -2.9211
Iter 154/250 - Loss: -2.9212
Iter 155/250 - Loss: -2.9213
Iter 156/250 - Loss: -2.9214
Iter 157/250 - Loss: -2.9215
Iter 158/250 - Loss: -2.9216
Iter 159/250 - Loss: -2.9217
Iter 160/250 - Loss: -2.9218
Iter 161/250 - Loss: -2.9220
Iter 162/250 - Loss: -2.9221
Iter 163/250 - Loss: -2.9222
Iter 164/250 - Loss: -2.9223
Iter 165/250 - Loss: -2.9224
Iter 166/250 - Loss: -2.9225
Iter 167/250 - Loss: -2.9226
Iter 168/250 - Loss: -2.9227
Iter 169/250 - Loss: -2.9228
Iter 170/250 - Loss: -2.9229
Iter 171/250 - Loss: -2.9230
Iter 172/250 - Loss: -2.9231
Iter 173/250 - Loss: -2.9232
Iter 174/250 - Loss: -2.9232
Iter 175/250 - Loss: -2.9233
Iter 176/250 - Loss: -2.9234
Iter 177/250 - Loss: -2.9235
Iter 178/250 - Loss: -2.9236
Iter 179/250 - Loss: -2.9237
Iter 180/250 - Loss: -2.9238
Iter 181/250 - Loss: -2.9239
Iter 182/250 - Loss: -2.9240
Iter 183/250 - Loss: -2.9240
Iter 184/250 - Loss: -2.9241
Iter 185/250 - Loss: -2.9242
Iter 186/250 - Loss: -2.9243
Iter 187/250 - Loss: -2.9244
Iter 188/250 - Loss: -2.9245
Iter 189/250 - Loss: -2.9245
Iter 190/250 - Loss: -2.9246
Iter 191/250 - Loss: -2.9247
Iter 192/250 - Loss: -2.9248
Iter 193/250 - Loss: -2.9248
Iter 194/250 - Loss: -2.9249
Iter 195/250 - Loss: -2.9250
Iter 196/250 - Loss: -2.9251
Iter 197/250 - Loss: -2.9251
Iter 198/250 - Loss: -2.9252
Iter 199/250 - Loss: -2.9253
Iter 200/250 - Loss: -2.9253
Iter 201/250 - Loss: -2.9254
Iter 202/250 - Loss: -2.9255
Iter 203/250 - Loss: -2.9255
Iter 204/250 - Loss: -2.9256
Iter 205/250 - Loss: -2.9257
Iter 206/250 - Loss: -2.9257
Iter 207/250 - Loss: -2.9258
Iter 208/250 - Loss: -2.9259
Iter 209/250 - Loss: -2.9259
Iter 210/250 - Loss: -2.9260
Iter 211/250 - Loss: -2.9260
Iter 212/250 - Loss: -2.9261
Iter 213/250 - Loss: -2.9262
Iter 214/250 - Loss: -2.9262
Iter 215/250 - Loss: -2.9263
Iter 216/250 - Loss: -2.9264
Iter 217/250 - Loss: -2.9264
Iter 218/250 - Loss: -2.9265
Iter 219/250 - Loss: -2.9265
Iter 220/250 - Loss: -2.9266
Iter 221/250 - Loss: -2.9266
Iter 222/250 - Loss: -2.9267
Iter 223/250 - Loss: -2.9267
Iter 224/250 - Loss: -2.9268
Iter 225/250 - Loss: -2.9268
Iter 226/250 - Loss: -2.9269
Iter 227/250 - Loss: -2.9269
Iter 228/250 - Loss: -2.9270
Iter 229/250 - Loss: -2.9270
Iter 230/250 - Loss: -2.9271
Iter 231/250 - Loss: -2.9271
Iter 232/250 - Loss: -2.9272
Iter 233/250 - Loss: -2.9272
Iter 234/250 - Loss: -2.9273
Iter 235/250 - Loss: -2.9273
Iter 236/250 - Loss: -2.9274
Iter 237/250 - Loss: -2.9274
Iter 238/250 - Loss: -2.9275
Iter 239/250 - Loss: -2.9275
Iter 240/250 - Loss: -2.9276
Iter 241/250 - Loss: -2.9276
Iter 242/250 - Loss: -2.9277
Iter 243/250 - Loss: -2.9277
Iter 244/250 - Loss: -2.9277
Iter 245/250 - Loss: -2.9278
Iter 246/250 - Loss: -2.9278
Iter 247/250 - Loss: -2.9279
Iter 248/250 - Loss: -2.9279
Iter 249/250 - Loss: -2.9279
Iter 250/250 - Loss: -2.9280
