prev {'d': 0.516596889443057, 'e': 1.125633688847739, 'f': 2.3189690688951026, 'g': 1.2091133062461554}
Starting ML Fit
Box51_1400
       message: Optimization terminated successfully.
       success: True
        status: 0
           fun: 8460.607217310848
             x: [ 5.010e-01  1.156e+00  2.316e+00  1.201e+00]
           nit: 104
          nfev: 181
 final_simplex: (array([[ 5.010e-01,  1.156e+00,  2.316e+00,  1.201e+00],
                       [ 5.010e-01,  1.156e+00,  2.316e+00,  1.201e+00],
                       ...,
                       [ 5.010e-01,  1.156e+00,  2.316e+00,  1.201e+00],
                       [ 5.010e-01,  1.156e+00,  2.316e+00,  1.201e+00]]), array([ 8.461e+03,  8.461e+03,  8.461e+03,  8.461e+03,
                        8.461e+03]))
   param_names: ['d', 'e', 'f', 'g']
[0.50101176 1.15613117 2.31634859 1.20094739]
{'d': 0.50101175955316, 'e': 1.1561311711543123, 'f': 2.316348591891336, 'g': 1.2009473921203435}
Previous:  {'d': 0.516596889443057, 'e': 1.125633688847739, 'f': 2.3189690688951026, 'g': 1.2091133062461554}
