prev {'d': 0.536901467224481, 'e': 1.1712384163560823, 'f': 2.263106430217668, 'g': 1.2197015718570359}
Starting ML Fit
Box4_1400
       message: Optimization terminated successfully.
       success: True
        status: 0
           fun: 10577.402233318027
             x: [ 5.304e-01  1.181e+00  2.263e+00  1.220e+00]
           nit: 89
          nfev: 161
 final_simplex: (array([[ 5.304e-01,  1.181e+00,  2.263e+00,  1.220e+00],
                       [ 5.304e-01,  1.181e+00,  2.263e+00,  1.220e+00],
                       ...,
                       [ 5.304e-01,  1.181e+00,  2.263e+00,  1.220e+00],
                       [ 5.304e-01,  1.181e+00,  2.263e+00,  1.220e+00]]), array([ 1.058e+04,  1.058e+04,  1.058e+04,  1.058e+04,
                        1.058e+04]))
   param_names: ['d', 'e', 'f', 'g']
[0.53041605 1.1814437  2.26308554 1.21985919]
{'d': 0.5304160538093892, 'e': 1.1814436991821586, 'f': 2.2630855396901657, 'g': 1.2198591925366362}
Previous:  {'d': 0.536901467224481, 'e': 1.1712384163560823, 'f': 2.263106430217668, 'g': 1.2197015718570359}
