prev {'d': 0.4739698762407946, 'e': 1.1157610248595755, 'f': 2.3309319483607878, 'g': 1.2921518711379112}
Starting ML Fit
Box_n50_37_1400
       message: Optimization terminated successfully.
       success: True
        status: 0
           fun: 3940.4489502334654
             x: [ 4.679e-01  1.113e+00  2.332e+00  1.290e+00]
           nit: 95
          nfev: 169
 final_simplex: (array([[ 4.679e-01,  1.113e+00,  2.332e+00,  1.290e+00],
                       [ 4.679e-01,  1.113e+00,  2.332e+00,  1.290e+00],
                       ...,
                       [ 4.679e-01,  1.113e+00,  2.332e+00,  1.290e+00],
                       [ 4.679e-01,  1.113e+00,  2.332e+00,  1.290e+00]]), array([ 3.940e+03,  3.940e+03,  3.940e+03,  3.940e+03,
                        3.940e+03]))
   param_names: ['d', 'e', 'f', 'g']
[0.46786119 1.1126659  2.33204809 1.29038785]
{'d': 0.4678611904296929, 'e': 1.112665902956504, 'f': 2.332048086493369, 'g': 1.2903878481966635}
Previous:  {'d': 0.4739698762407946, 'e': 1.1157610248595755, 'f': 2.3309319483607878, 'g': 1.2921518711379112}
