prev {'d': 0.5074405647930107, 'e': 1.0557365432859536, 'f': 2.336703809101487, 'g': 1.3161802781342538}
Starting ML Fit
Box_n50_36_1400
       message: Optimization terminated successfully.
       success: True
        status: 0
           fun: 4918.402102743098
             x: [ 4.915e-01  1.029e+00  2.338e+00  1.315e+00]
           nit: 116
          nfev: 203
 final_simplex: (array([[ 4.915e-01,  1.029e+00,  2.338e+00,  1.315e+00],
                       [ 4.915e-01,  1.029e+00,  2.338e+00,  1.315e+00],
                       ...,
                       [ 4.915e-01,  1.029e+00,  2.338e+00,  1.315e+00],
                       [ 4.915e-01,  1.029e+00,  2.338e+00,  1.315e+00]]), array([ 4.918e+03,  4.918e+03,  4.918e+03,  4.918e+03,
                        4.918e+03]))
   param_names: ['d', 'e', 'f', 'g']
[0.49148087 1.02870195 2.33776767 1.31497973]
{'d': 0.49148086654115664, 'e': 1.0287019464312546, 'f': 2.3377676724631042, 'g': 1.3149797266476992}
Previous:  {'d': 0.5074405647930107, 'e': 1.0557365432859536, 'f': 2.336703809101487, 'g': 1.3161802781342538}
