no change     /oak/stanford/orgs/kipac/users/delon/miniconda3/condabin/conda
no change     /oak/stanford/orgs/kipac/users/delon/miniconda3/bin/conda
no change     /oak/stanford/orgs/kipac/users/delon/miniconda3/bin/conda-env
no change     /oak/stanford/orgs/kipac/users/delon/miniconda3/bin/activate
no change     /oak/stanford/orgs/kipac/users/delon/miniconda3/bin/deactivate
no change     /oak/stanford/orgs/kipac/users/delon/miniconda3/etc/profile.d/conda.sh
no change     /oak/stanford/orgs/kipac/users/delon/miniconda3/etc/fish/conf.d/conda.fish
no change     /oak/stanford/orgs/kipac/users/delon/miniconda3/shell/condabin/Conda.psm1
no change     /oak/stanford/orgs/kipac/users/delon/miniconda3/shell/condabin/conda-hook.ps1
no change     /oak/stanford/orgs/kipac/users/delon/miniconda3/lib/python3.10/site-packages/xontrib/conda.xsh
no change     /oak/stanford/orgs/kipac/users/delon/miniconda3/etc/profile.d/conda.csh
no change     /home/users/delon/.bashrc
No action taken.
Starting ML Fit
Box72_1400
       message: Optimization terminated successfully.
       success: True
        status: 0
           fun: 178743.84178736887
             x: [ 9.881e-01  9.598e-01 -2.000e-01  5.565e-01  9.815e-01
                 -1.948e-01]
           nit: 346
          nfev: 569
 final_simplex: (array([[ 9.881e-01,  9.598e-01, ...,  9.815e-01,
                        -1.948e-01],
                       [ 9.881e-01,  9.598e-01, ...,  9.815e-01,
                        -1.948e-01],
                       ...,
                       [ 9.881e-01,  9.598e-01, ...,  9.815e-01,
                        -1.949e-01],
                       [ 9.881e-01,  9.598e-01, ...,  9.815e-01,
                        -1.948e-01]]), array([ 1.787e+05,  1.787e+05,  1.787e+05,  1.787e+05,
                        1.787e+05,  1.787e+05,  1.787e+05]))
   param_names: ['d0', 'd1', 'e1', 'f0', 'g0', 'g1']
[ 0.98806701  0.95982023 -0.2         0.55650256  0.9815499  -0.19484523]
(5000, 64, 6)
