prev {'d': 0.5190048105646629, 'e': 1.0036546768317576, 'f': 2.3491892414258007, 'g': 1.3078510605101663}
Starting ML Fit
Box66_1400
       message: Optimization terminated successfully.
       success: True
        status: 0
           fun: 8348.831960071318
             x: [ 5.066e-01  1.018e+00  2.349e+00  1.308e+00]
           nit: 107
          nfev: 187
 final_simplex: (array([[ 5.066e-01,  1.018e+00,  2.349e+00,  1.308e+00],
                       [ 5.066e-01,  1.018e+00,  2.349e+00,  1.308e+00],
                       ...,
                       [ 5.066e-01,  1.018e+00,  2.349e+00,  1.308e+00],
                       [ 5.066e-01,  1.018e+00,  2.349e+00,  1.308e+00]]), array([ 8.349e+03,  8.349e+03,  8.349e+03,  8.349e+03,
                        8.349e+03]))
   param_names: ['d', 'e', 'f', 'g']
[0.50661371 1.01815077 2.34915269 1.30809565]
{'d': 0.506613711809087, 'e': 1.0181507676986774, 'f': 2.3491526897598773, 'g': 1.308095646303225}
Previous:  {'d': 0.5190048105646629, 'e': 1.0036546768317576, 'f': 2.3491892414258007, 'g': 1.3078510605101663}
