prev {'d': 0.4185938397088187, 'e': 0.9722874197157338, 'f': 2.363490367438829, 'g': 1.2719138193707062}
Starting ML Fit
Box60_1400
       message: Optimization terminated successfully.
       success: True
        status: 0
           fun: 1602.080758291822
             x: [ 4.145e-01  9.735e-01  2.363e+00  1.269e+00]
           nit: 69
          nfev: 131
 final_simplex: (array([[ 4.145e-01,  9.735e-01,  2.363e+00,  1.269e+00],
                       [ 4.145e-01,  9.735e-01,  2.363e+00,  1.269e+00],
                       ...,
                       [ 4.145e-01,  9.735e-01,  2.363e+00,  1.269e+00],
                       [ 4.145e-01,  9.735e-01,  2.363e+00,  1.269e+00]]), array([ 1.602e+03,  1.602e+03,  1.602e+03,  1.602e+03,
                        1.602e+03]))
   param_names: ['d', 'e', 'f', 'g']
[0.41452638 0.97347051 2.36322133 1.26911965]
{'d': 0.4145263843852092, 'e': 0.9734705122066196, 'f': 2.3632213347578688, 'g': 1.2691196533302092}
Previous:  {'d': 0.4185938397088187, 'e': 0.9722874197157338, 'f': 2.363490367438829, 'g': 1.2719138193707062}
