prev {'d': 0.444021516304335, 'e': 1.3666724245619872, 'f': 2.2732567365378262, 'g': 1.236528144322644}
Starting ML Fit
Box89_1400
       message: Optimization terminated successfully.
       success: True
        status: 0
           fun: 8585.976930054087
             x: [ 4.377e-01  1.376e+00  2.271e+00  1.231e+00]
           nit: 82
          nfev: 147
 final_simplex: (array([[ 4.377e-01,  1.376e+00,  2.271e+00,  1.231e+00],
                       [ 4.377e-01,  1.376e+00,  2.271e+00,  1.231e+00],
                       ...,
                       [ 4.377e-01,  1.376e+00,  2.271e+00,  1.231e+00],
                       [ 4.377e-01,  1.376e+00,  2.271e+00,  1.231e+00]]), array([ 8.586e+03,  8.586e+03,  8.586e+03,  8.586e+03,
                        8.586e+03]))
   param_names: ['d', 'e', 'f', 'g']
[0.43771076 1.37568611 2.27078588 1.23115092]
{'d': 0.43771076225759914, 'e': 1.3756861053264404, 'f': 2.2707858780150314, 'g': 1.2311509233634435}
Previous:  {'d': 0.444021516304335, 'e': 1.3666724245619872, 'f': 2.2732567365378262, 'g': 1.236528144322644}
