prev {'d': 0.45129803098968796, 'e': 0.8150980108635901, 'f': 2.333940001116244, 'g': 1.2762781286193992}
Starting ML Fit
Box_n50_7_1400
       message: Optimization terminated successfully.
       success: True
        status: 0
           fun: 7919.5045660273145
             x: [ 4.448e-01  7.829e-01  2.336e+00  1.277e+00]
           nit: 98
          nfev: 167
 final_simplex: (array([[ 4.448e-01,  7.829e-01,  2.336e+00,  1.277e+00],
                       [ 4.448e-01,  7.829e-01,  2.336e+00,  1.277e+00],
                       ...,
                       [ 4.448e-01,  7.829e-01,  2.336e+00,  1.277e+00],
                       [ 4.448e-01,  7.829e-01,  2.336e+00,  1.277e+00]]), array([ 7.920e+03,  7.920e+03,  7.920e+03,  7.920e+03,
                        7.920e+03]))
   param_names: ['d', 'e', 'f', 'g']
[0.44475832 0.78290691 2.33566749 1.27675487]
{'d': 0.44475831520483766, 'e': 0.7829069146579799, 'f': 2.335667493430381, 'g': 1.2767548701521028}
Previous:  {'d': 0.45129803098968796, 'e': 0.8150980108635901, 'f': 2.333940001116244, 'g': 1.2762781286193992}
