prev {'d': 0.5106724805168184, 'e': 0.9695711062655756, 'f': 2.3085956238240977, 'g': 1.3185960292785197}
Starting ML Fit
Box88_1400
       message: Optimization terminated successfully.
       success: True
        status: 0
           fun: 18703.192510851204
             x: [ 4.958e-01  9.566e-01  2.305e+00  1.314e+00]
           nit: 103
          nfev: 181
 final_simplex: (array([[ 4.958e-01,  9.566e-01,  2.305e+00,  1.314e+00],
                       [ 4.958e-01,  9.567e-01,  2.305e+00,  1.314e+00],
                       ...,
                       [ 4.958e-01,  9.567e-01,  2.305e+00,  1.314e+00],
                       [ 4.958e-01,  9.567e-01,  2.305e+00,  1.314e+00]]), array([ 1.870e+04,  1.870e+04,  1.870e+04,  1.870e+04,
                        1.870e+04]))
   param_names: ['d', 'e', 'f', 'g']
[0.49583208 0.95662902 2.3048387  1.31399982]
{'d': 0.49583207939010177, 'e': 0.9566290207342574, 'f': 2.3048386969635093, 'g': 1.3139998197828784}
Previous:  {'d': 0.5106724805168184, 'e': 0.9695711062655756, 'f': 2.3085956238240977, 'g': 1.3185960292785197}
