prev {'d': 0.46637597063031816, 'e': 1.2264177436012706, 'f': 2.3098977430885252, 'g': 1.2474796530137584}
Starting ML Fit
Box95_1400
       message: Optimization terminated successfully.
       success: True
        status: 0
           fun: 4489.537061332909
             x: [ 4.498e-01  1.232e+00  2.309e+00  1.242e+00]
           nit: 89
          nfev: 160
 final_simplex: (array([[ 4.498e-01,  1.232e+00,  2.309e+00,  1.242e+00],
                       [ 4.498e-01,  1.232e+00,  2.309e+00,  1.242e+00],
                       ...,
                       [ 4.498e-01,  1.232e+00,  2.309e+00,  1.242e+00],
                       [ 4.498e-01,  1.232e+00,  2.309e+00,  1.242e+00]]), array([ 4.490e+03,  4.490e+03,  4.490e+03,  4.490e+03,
                        4.490e+03]))
   param_names: ['d', 'e', 'f', 'g']
[0.44984712 1.23216444 2.30853686 1.24171794]
{'d': 0.4498471172236057, 'e': 1.2321644387126365, 'f': 2.3085368637826575, 'g': 1.2417179374134188}
Previous:  {'d': 0.46637597063031816, 'e': 1.2264177436012706, 'f': 2.3098977430885252, 'g': 1.2474796530137584}
