prev {'d': 0.4265719629095235, 'e': 0.8735246861020326, 'f': 2.244482531290371, 'g': 1.2208268350441185}
Starting ML Fit
Box_n50_41_1400
       message: Optimization terminated successfully.
       success: True
        status: 0
           fun: 4711.919582714223
             x: [ 4.196e-01  8.428e-01  2.245e+00  1.220e+00]
           nit: 87
          nfev: 159
 final_simplex: (array([[ 4.196e-01,  8.428e-01,  2.245e+00,  1.220e+00],
                       [ 4.196e-01,  8.428e-01,  2.245e+00,  1.220e+00],
                       ...,
                       [ 4.196e-01,  8.428e-01,  2.245e+00,  1.220e+00],
                       [ 4.196e-01,  8.428e-01,  2.245e+00,  1.220e+00]]), array([ 4.712e+03,  4.712e+03,  4.712e+03,  4.712e+03,
                        4.712e+03]))
   param_names: ['d', 'e', 'f', 'g']
[0.41963569 0.84277514 2.24464109 1.2198617 ]
{'d': 0.419635693855975, 'e': 0.842775138532923, 'f': 2.2446410879908245, 'g': 1.2198617006526393}
Previous:  {'d': 0.4265719629095235, 'e': 0.8735246861020326, 'f': 2.244482531290371, 'g': 1.2208268350441185}
