prev {'d': 0.4405153577721913, 'e': 0.869600230459068, 'f': 2.2133173927245373, 'g': 1.2494281270310175}
Starting ML Fit
Box86_1400
       message: Optimization terminated successfully.
       success: True
        status: 0
           fun: 11774.482288081392
             x: [ 4.153e-01  8.040e-01  2.214e+00  1.248e+00]
           nit: 115
          nfev: 204
 final_simplex: (array([[ 4.153e-01,  8.040e-01,  2.214e+00,  1.248e+00],
                       [ 4.153e-01,  8.040e-01,  2.214e+00,  1.248e+00],
                       ...,
                       [ 4.153e-01,  8.040e-01,  2.214e+00,  1.248e+00],
                       [ 4.153e-01,  8.040e-01,  2.214e+00,  1.248e+00]]), array([ 1.177e+04,  1.177e+04,  1.177e+04,  1.177e+04,
                        1.177e+04]))
   param_names: ['d', 'e', 'f', 'g']
[0.4152753  0.80400398 2.21359246 1.24820397]
{'d': 0.41527529738549757, 'e': 0.8040039843628319, 'f': 2.213592457704733, 'g': 1.2482039739627628}
Previous:  {'d': 0.4405153577721913, 'e': 0.869600230459068, 'f': 2.2133173927245373, 'g': 1.2494281270310175}
