prev {'d': 0.4721629377993726, 'e': 1.143573914209035, 'f': 2.3185312251623165, 'g': 1.2490454550086625}
Starting ML Fit
Box_n50_32_1400
       message: Optimization terminated successfully.
       success: True
        status: 0
           fun: 6880.669817048232
             x: [ 4.592e-01  1.138e+00  2.320e+00  1.249e+00]
           nit: 111
          nfev: 194
 final_simplex: (array([[ 4.592e-01,  1.138e+00,  2.320e+00,  1.249e+00],
                       [ 4.592e-01,  1.138e+00,  2.320e+00,  1.249e+00],
                       ...,
                       [ 4.592e-01,  1.138e+00,  2.320e+00,  1.249e+00],
                       [ 4.592e-01,  1.138e+00,  2.320e+00,  1.249e+00]]), array([ 6.881e+03,  6.881e+03,  6.881e+03,  6.881e+03,
                        6.881e+03]))
   param_names: ['d', 'e', 'f', 'g']
[0.45924541 1.1383461  2.31968324 1.24890466]
{'d': 0.4592454106323196, 'e': 1.1383461026035402, 'f': 2.3196832410348023, 'g': 1.2489046605469336}
Previous:  {'d': 0.4721629377993726, 'e': 1.143573914209035, 'f': 2.3185312251623165, 'g': 1.2490454550086625}
