prev {'d': 0.4880795992509955, 'e': 0.9845981650761586, 'f': 2.291275778901399, 'g': 1.3033848199831617}
Starting ML Fit
Box27_1400
       message: Optimization terminated successfully.
       success: True
        status: 0
           fun: 7674.636576272824
             x: [ 4.828e-01  9.604e-01  2.291e+00  1.303e+00]
           nit: 89
          nfev: 163
 final_simplex: (array([[ 4.828e-01,  9.604e-01,  2.291e+00,  1.303e+00],
                       [ 4.828e-01,  9.605e-01,  2.291e+00,  1.303e+00],
                       ...,
                       [ 4.828e-01,  9.604e-01,  2.291e+00,  1.303e+00],
                       [ 4.828e-01,  9.605e-01,  2.291e+00,  1.303e+00]]), array([ 7.675e+03,  7.675e+03,  7.675e+03,  7.675e+03,
                        7.675e+03]))
   param_names: ['d', 'e', 'f', 'g']
[0.48280149 0.96043122 2.29143043 1.30254183]
{'d': 0.482801485133735, 'e': 0.9604312226040915, 'f': 2.2914304334675757, 'g': 1.3025418345852118}
Previous:  {'d': 0.4880795992509955, 'e': 0.9845981650761586, 'f': 2.291275778901399, 'g': 1.3033848199831617}
