prev {'d': 0.427802170603536, 'e': 0.9340378525520201, 'f': 2.2747867745460395, 'g': 1.2747872258067154}
Starting ML Fit
Box_n50_44_1400
       message: Optimization terminated successfully.
       success: True
        status: 0
           fun: 9820.730220292911
             x: [ 4.254e-01  9.304e-01  2.275e+00  1.274e+00]
           nit: 85
          nfev: 151
 final_simplex: (array([[ 4.254e-01,  9.304e-01,  2.275e+00,  1.274e+00],
                       [ 4.254e-01,  9.304e-01,  2.275e+00,  1.274e+00],
                       ...,
                       [ 4.254e-01,  9.304e-01,  2.275e+00,  1.274e+00],
                       [ 4.254e-01,  9.304e-01,  2.275e+00,  1.274e+00]]), array([ 9.821e+03,  9.821e+03,  9.821e+03,  9.821e+03,
                        9.821e+03]))
   param_names: ['d', 'e', 'f', 'g']
[0.42538699 0.93040908 2.27483203 1.2744335 ]
{'d': 0.4253869912997172, 'e': 0.9304090774207988, 'f': 2.2748320297718583, 'g': 1.2744335006791703}
Previous:  {'d': 0.427802170603536, 'e': 0.9340378525520201, 'f': 2.2747867745460395, 'g': 1.2747872258067154}
