prev {'d': 0.5361432896700867, 'e': 1.2675263938527037, 'f': 2.322719877198753, 'g': 1.2805300375719164}
Starting ML Fit
Box75_1400
       message: Optimization terminated successfully.
       success: True
        status: 0
           fun: 11815.077385143548
             x: [ 5.193e-01  1.288e+00  2.321e+00  1.280e+00]
           nit: 97
          nfev: 174
 final_simplex: (array([[ 5.193e-01,  1.288e+00,  2.321e+00,  1.280e+00],
                       [ 5.193e-01,  1.288e+00,  2.321e+00,  1.280e+00],
                       ...,
                       [ 5.193e-01,  1.288e+00,  2.321e+00,  1.280e+00],
                       [ 5.193e-01,  1.288e+00,  2.321e+00,  1.280e+00]]), array([ 1.182e+04,  1.182e+04,  1.182e+04,  1.182e+04,
                        1.182e+04]))
   param_names: ['d', 'e', 'f', 'g']
[0.51928529 1.28814551 2.32106892 1.27966287]
{'d': 0.5192852921492203, 'e': 1.2881455087551317, 'f': 2.3210689167507246, 'g': 1.279662867805913}
Previous:  {'d': 0.5361432896700867, 'e': 1.2675263938527037, 'f': 2.322719877198753, 'g': 1.2805300375719164}
