prev {'d': 0.4341021885188099, 'e': 1.0322927672451117, 'f': 2.3289604627232445, 'g': 1.265087057225641}
Starting ML Fit
Box_n50_2_1400
       message: Optimization terminated successfully.
       success: True
        status: 0
           fun: 4814.126900324913
             x: [ 4.263e-01  1.018e+00  2.332e+00  1.248e+00]
           nit: 108
          nfev: 184
 final_simplex: (array([[ 4.263e-01,  1.018e+00,  2.332e+00,  1.248e+00],
                       [ 4.263e-01,  1.018e+00,  2.332e+00,  1.248e+00],
                       ...,
                       [ 4.263e-01,  1.018e+00,  2.332e+00,  1.248e+00],
                       [ 4.263e-01,  1.018e+00,  2.332e+00,  1.248e+00]]), array([ 4.814e+03,  4.814e+03,  4.814e+03,  4.814e+03,
                        4.814e+03]))
   param_names: ['d', 'e', 'f', 'g']
[0.42634685 1.01776506 2.33222564 1.24835428]
{'d': 0.4263468467235546, 'e': 1.0177650611917746, 'f': 2.332225635485707, 'g': 1.248354283935814}
Previous:  {'d': 0.4341021885188099, 'e': 1.0322927672451117, 'f': 2.3289604627232445, 'g': 1.265087057225641}
