prev {'d': 0.46696778181106735, 'e': 0.9707825553741768, 'f': 2.332222992574924, 'g': 1.3050896788353503}
Starting ML Fit
Box_n50_35_1400
       message: Optimization terminated successfully.
       success: True
        status: 0
           fun: 23924.519963749957
             x: [ 4.594e-01  9.590e-01  2.335e+00  1.305e+00]
           nit: 100
          nfev: 179
 final_simplex: (array([[ 4.594e-01,  9.590e-01,  2.335e+00,  1.305e+00],
                       [ 4.594e-01,  9.591e-01,  2.335e+00,  1.305e+00],
                       ...,
                       [ 4.594e-01,  9.591e-01,  2.335e+00,  1.305e+00],
                       [ 4.594e-01,  9.591e-01,  2.335e+00,  1.305e+00]]), array([ 2.392e+04,  2.392e+04,  2.392e+04,  2.392e+04,
                        2.392e+04]))
   param_names: ['d', 'e', 'f', 'g']
[0.45935818 0.95903033 2.33467871 1.30514618]
{'d': 0.45935817853656713, 'e': 0.959030330369758, 'f': 2.3346787115420735, 'g': 1.305146181263386}
Previous:  {'d': 0.46696778181106735, 'e': 0.9707825553741768, 'f': 2.332222992574924, 'g': 1.3050896788353503}
