prev {'d': 0.5022305825702325, 'e': 1.4784274248603944, 'f': 2.3206447398136163, 'g': 1.2477759660341836}
Starting ML Fit
Box71_1400
       message: Optimization terminated successfully.
       success: True
        status: 0
           fun: 10952.41675560695
             x: [ 4.965e-01  1.482e+00  2.322e+00  1.245e+00]
           nit: 86
          nfev: 156
 final_simplex: (array([[ 4.965e-01,  1.482e+00,  2.322e+00,  1.245e+00],
                       [ 4.966e-01,  1.482e+00,  2.322e+00,  1.245e+00],
                       ...,
                       [ 4.966e-01,  1.482e+00,  2.322e+00,  1.245e+00],
                       [ 4.966e-01,  1.482e+00,  2.322e+00,  1.245e+00]]), array([ 1.095e+04,  1.095e+04,  1.095e+04,  1.095e+04,
                        1.095e+04]))
   param_names: ['d', 'e', 'f', 'g']
[0.49654917 1.4821938  2.32175082 1.24514246]
{'d': 0.49654916683475, 'e': 1.482193803552903, 'f': 2.321750817721931, 'g': 1.24514246068115}
Previous:  {'d': 0.5022305825702325, 'e': 1.4784274248603944, 'f': 2.3206447398136163, 'g': 1.2477759660341836}
