alist [1.0, 0.953321, 0.866399, 0.787402, 0.715608, 0.65036, 0.620002, 0.591061, 0.563471, 0.537169, 0.512095, 0.488191, 0.403224, 0.366459]
Leaving out Box73_1400
Iter 1/500 - Loss: 4.7716
Iter 2/500 - Loss: 4.3763
Iter 3/500 - Loss: 3.9724
Iter 4/500 - Loss: 3.6024
Iter 5/500 - Loss: 3.2510
Iter 6/500 - Loss: 2.9350
Iter 7/500 - Loss: 2.6404
Iter 8/500 - Loss: 2.3683
Iter 9/500 - Loss: 2.1171
Iter 10/500 - Loss: 1.8851
Iter 11/500 - Loss: 1.6708
Iter 12/500 - Loss: 1.4745
Iter 13/500 - Loss: 1.2977
Iter 14/500 - Loss: 1.1386
Iter 15/500 - Loss: 0.9924
Iter 16/500 - Loss: 0.8557
Iter 17/500 - Loss: 0.7278
Iter 18/500 - Loss: 0.6089
Iter 19/500 - Loss: 0.4994
Iter 20/500 - Loss: 0.3999
Iter 21/500 - Loss: 0.3099
Iter 22/500 - Loss: 0.2286
Iter 23/500 - Loss: 0.1546
Iter 24/500 - Loss: 0.0863
Iter 25/500 - Loss: 0.0224
Iter 26/500 - Loss: -0.0381
Iter 27/500 - Loss: -0.0960
Iter 28/500 - Loss: -0.1516
Iter 29/500 - Loss: -0.2052
Iter 30/500 - Loss: -0.2578
Iter 31/500 - Loss: -0.3100
Iter 32/500 - Loss: -0.3619
Iter 33/500 - Loss: -0.4126
Iter 34/500 - Loss: -0.4618
Iter 35/500 - Loss: -0.5093
Iter 36/500 - Loss: -0.5564
Iter 37/500 - Loss: -0.6033
Iter 38/500 - Loss: -0.6493
Iter 39/500 - Loss: -0.6937
Iter 40/500 - Loss: -0.7370
Iter 41/500 - Loss: -0.7807
Iter 42/500 - Loss: -0.8243
Iter 43/500 - Loss: -0.8674
Iter 44/500 - Loss: -0.9097
Iter 45/500 - Loss: -0.9524
Iter 46/500 - Loss: -0.9956
Iter 47/500 - Loss: -1.0384
Iter 48/500 - Loss: -1.0808
Iter 49/500 - Loss: -1.1232
Iter 50/500 - Loss: -1.1661
Iter 51/500 - Loss: -1.2096
Iter 52/500 - Loss: -1.2536
Iter 53/500 - Loss: -1.2986
Iter 54/500 - Loss: -1.3444
Iter 55/500 - Loss: -1.3904
Iter 56/500 - Loss: -1.4362
Iter 57/500 - Loss: -1.4815
Iter 58/500 - Loss: -1.5267
Iter 59/500 - Loss: -1.5715
Iter 60/500 - Loss: -1.6159
Iter 61/500 - Loss: -1.6598
Iter 62/500 - Loss: -1.7028
Iter 63/500 - Loss: -1.7443
Iter 64/500 - Loss: -1.7842
Iter 65/500 - Loss: -1.8229
Iter 66/500 - Loss: -1.8609
Iter 67/500 - Loss: -1.8990
Iter 68/500 - Loss: -1.9375
Iter 69/500 - Loss: -1.9769
Iter 70/500 - Loss: -2.0172
Iter 71/500 - Loss: -2.0583
Iter 72/500 - Loss: -2.0997
Iter 73/500 - Loss: -2.1410
Iter 74/500 - Loss: -2.1817
Iter 75/500 - Loss: -2.2212
Iter 76/500 - Loss: -2.2589
Iter 77/500 - Loss: -2.2947
Iter 78/500 - Loss: -2.3283
Iter 79/500 - Loss: -2.3599
Iter 80/500 - Loss: -2.3899
Iter 81/500 - Loss: -2.4189
Iter 82/500 - Loss: -2.4470
Iter 83/500 - Loss: -2.4743
Iter 84/500 - Loss: -2.5009
Iter 85/500 - Loss: -2.5262
Iter 86/500 - Loss: -2.5496
Iter 87/500 - Loss: -2.5714
Iter 88/500 - Loss: -2.5915
Iter 89/500 - Loss: -2.6101
Iter 90/500 - Loss: -2.6277
Iter 91/500 - Loss: -2.6443
Iter 92/500 - Loss: -2.6600
Iter 93/500 - Loss: -2.6749
Iter 94/500 - Loss: -2.6890
Iter 95/500 - Loss: -2.7022
Iter 96/500 - Loss: -2.7144
Iter 97/500 - Loss: -2.7258
Iter 98/500 - Loss: -2.7364
Iter 99/500 - Loss: -2.7461
Iter 100/500 - Loss: -2.7552
Iter 101/500 - Loss: -2.7636
Iter 102/500 - Loss: -2.7715
Iter 103/500 - Loss: -2.7790
Iter 104/500 - Loss: -2.7860
Iter 105/500 - Loss: -2.7927
Iter 106/500 - Loss: -2.7990
Iter 107/500 - Loss: -2.8049
Iter 108/500 - Loss: -2.8104
Iter 109/500 - Loss: -2.8156
Iter 110/500 - Loss: -2.8204
Iter 111/500 - Loss: -2.8250
Iter 112/500 - Loss: -2.8293
Iter 113/500 - Loss: -2.8333
Iter 114/500 - Loss: -2.8371
Iter 115/500 - Loss: -2.8408
Iter 116/500 - Loss: -2.8442
Iter 117/500 - Loss: -2.8475
Iter 118/500 - Loss: -2.8506
Iter 119/500 - Loss: -2.8536
Iter 120/500 - Loss: -2.8564
Iter 121/500 - Loss: -2.8591
Iter 122/500 - Loss: -2.8616
Iter 123/500 - Loss: -2.8640
Iter 124/500 - Loss: -2.8662
Iter 125/500 - Loss: -2.8684
Iter 126/500 - Loss: -2.8704
Iter 127/500 - Loss: -2.8724
Iter 128/500 - Loss: -2.8743
Iter 129/500 - Loss: -2.8761
Iter 130/500 - Loss: -2.8779
Iter 131/500 - Loss: -2.8795
Iter 132/500 - Loss: -2.8811
Iter 133/500 - Loss: -2.8827
Iter 134/500 - Loss: -2.8841
Iter 135/500 - Loss: -2.8855
Iter 136/500 - Loss: -2.8869
Iter 137/500 - Loss: -2.8882
Iter 138/500 - Loss: -2.8894
Iter 139/500 - Loss: -2.8906
Iter 140/500 - Loss: -2.8918
Iter 141/500 - Loss: -2.8929
Iter 142/500 - Loss: -2.8940
Iter 143/500 - Loss: -2.8951
Iter 144/500 - Loss: -2.8961
Iter 145/500 - Loss: -2.8970
Iter 146/500 - Loss: -2.8980
Iter 147/500 - Loss: -2.8989
Iter 148/500 - Loss: -2.8998
Iter 149/500 - Loss: -2.9006
Iter 150/500 - Loss: -2.9014
Iter 151/500 - Loss: -2.9022
Iter 152/500 - Loss: -2.9030
Iter 153/500 - Loss: -2.9038
Iter 154/500 - Loss: -2.9045
Iter 155/500 - Loss: -2.9052
Iter 156/500 - Loss: -2.9059
Iter 157/500 - Loss: -2.9065
Iter 158/500 - Loss: -2.9072
Iter 159/500 - Loss: -2.9078
Iter 160/500 - Loss: -2.9084
Iter 161/500 - Loss: -2.9090
Iter 162/500 - Loss: -2.9096
Iter 163/500 - Loss: -2.9101
Iter 164/500 - Loss: -2.9107
Iter 165/500 - Loss: -2.9112
Iter 166/500 - Loss: -2.9117
Iter 167/500 - Loss: -2.9122
Iter 168/500 - Loss: -2.9127
Iter 169/500 - Loss: -2.9132
Iter 170/500 - Loss: -2.9137
Iter 171/500 - Loss: -2.9141
Iter 172/500 - Loss: -2.9146
Iter 173/500 - Loss: -2.9150
Iter 174/500 - Loss: -2.9154
Iter 175/500 - Loss: -2.9159
Iter 176/500 - Loss: -2.9163
Iter 177/500 - Loss: -2.9167
Iter 178/500 - Loss: -2.9171
Iter 179/500 - Loss: -2.9174
Iter 180/500 - Loss: -2.9178
Iter 181/500 - Loss: -2.9182
Iter 182/500 - Loss: -2.9185
Iter 183/500 - Loss: -2.9189
Iter 184/500 - Loss: -2.9192
Iter 185/500 - Loss: -2.9196
Iter 186/500 - Loss: -2.9199
Iter 187/500 - Loss: -2.9203
Iter 188/500 - Loss: -2.9206
Iter 189/500 - Loss: -2.9209
Iter 190/500 - Loss: -2.9212
Iter 191/500 - Loss: -2.9215
Iter 192/500 - Loss: -2.9218
Iter 193/500 - Loss: -2.9221
Iter 194/500 - Loss: -2.9224
Iter 195/500 - Loss: -2.9227
Iter 196/500 - Loss: -2.9230
Iter 197/500 - Loss: -2.9233
Iter 198/500 - Loss: -2.9235
Iter 199/500 - Loss: -2.9238
Iter 200/500 - Loss: -2.9241
Iter 201/500 - Loss: -2.9243
Iter 202/500 - Loss: -2.9246
Iter 203/500 - Loss: -2.9248
Iter 204/500 - Loss: -2.9251
Iter 205/500 - Loss: -2.9253
Iter 206/500 - Loss: -2.9256
Iter 207/500 - Loss: -2.9258
Iter 208/500 - Loss: -2.9260
Iter 209/500 - Loss: -2.9263
Iter 210/500 - Loss: -2.9265
Iter 211/500 - Loss: -2.9267
Iter 212/500 - Loss: -2.9270
Iter 213/500 - Loss: -2.9272
Iter 214/500 - Loss: -2.9274
Iter 215/500 - Loss: -2.9276
Iter 216/500 - Loss: -2.9278
Iter 217/500 - Loss: -2.9280
Iter 218/500 - Loss: -2.9282
Iter 219/500 - Loss: -2.9284
Iter 220/500 - Loss: -2.9286
Iter 221/500 - Loss: -2.9288
Iter 222/500 - Loss: -2.9290
Iter 223/500 - Loss: -2.9292
Iter 224/500 - Loss: -2.9294
Iter 225/500 - Loss: -2.9296
Iter 226/500 - Loss: -2.9298
Iter 227/500 - Loss: -2.9299
Iter 228/500 - Loss: -2.9301
Iter 229/500 - Loss: -2.9303
Iter 230/500 - Loss: -2.9305
Iter 231/500 - Loss: -2.9306
Iter 232/500 - Loss: -2.9308
Iter 233/500 - Loss: -2.9310
Iter 234/500 - Loss: -2.9311
Iter 235/500 - Loss: -2.9313
Iter 236/500 - Loss: -2.9314
Iter 237/500 - Loss: -2.9316
Iter 238/500 - Loss: -2.9318
Iter 239/500 - Loss: -2.9319
Iter 240/500 - Loss: -2.9321
Iter 241/500 - Loss: -2.9322
Iter 242/500 - Loss: -2.9324
Iter 243/500 - Loss: -2.9325
Iter 244/500 - Loss: -2.9327
Iter 245/500 - Loss: -2.9328
Iter 246/500 - Loss: -2.9330
Iter 247/500 - Loss: -2.9331
Iter 248/500 - Loss: -2.9332
Iter 249/500 - Loss: -2.9334
Iter 250/500 - Loss: -2.9335
Iter 251/500 - Loss: -2.9336
Iter 252/500 - Loss: -2.9338
Iter 253/500 - Loss: -2.9339
Iter 254/500 - Loss: -2.9340
Iter 255/500 - Loss: -2.9342
Iter 256/500 - Loss: -2.9343
Iter 257/500 - Loss: -2.9344
Iter 258/500 - Loss: -2.9345
Iter 259/500 - Loss: -2.9346
Iter 260/500 - Loss: -2.9348
Iter 261/500 - Loss: -2.9349
Iter 262/500 - Loss: -2.9350
Iter 263/500 - Loss: -2.9351
Iter 264/500 - Loss: -2.9352
Iter 265/500 - Loss: -2.9353
Iter 266/500 - Loss: -2.9355
Iter 267/500 - Loss: -2.9356
Iter 268/500 - Loss: -2.9357
Iter 269/500 - Loss: -2.9358
Iter 270/500 - Loss: -2.9359
Iter 271/500 - Loss: -2.9360
Iter 272/500 - Loss: -2.9361
Iter 273/500 - Loss: -2.9362
Iter 274/500 - Loss: -2.9363
Iter 275/500 - Loss: -2.9364
Iter 276/500 - Loss: -2.9365
Iter 277/500 - Loss: -2.9366
Iter 278/500 - Loss: -2.9367
Iter 279/500 - Loss: -2.9368
Iter 280/500 - Loss: -2.9369
Iter 281/500 - Loss: -2.9370
Iter 282/500 - Loss: -2.9371
Iter 283/500 - Loss: -2.9372
Iter 284/500 - Loss: -2.9373
Iter 285/500 - Loss: -2.9373
Iter 286/500 - Loss: -2.9375
Iter 287/500 - Loss: -2.9375
Iter 288/500 - Loss: -2.9376
Iter 289/500 - Loss: -2.9377
Iter 290/500 - Loss: -2.9378
Iter 291/500 - Loss: -2.9379
Iter 292/500 - Loss: -2.9380
Iter 293/500 - Loss: -2.9381
Iter 294/500 - Loss: -2.9382
Iter 295/500 - Loss: -2.9382
Iter 296/500 - Loss: -2.9383
Iter 297/500 - Loss: -2.9384
Iter 298/500 - Loss: -2.9385
Iter 299/500 - Loss: -2.9386
Iter 300/500 - Loss: -2.9387
Iter 301/500 - Loss: -2.9388
Iter 302/500 - Loss: -2.9388
Iter 303/500 - Loss: -2.9389
Iter 304/500 - Loss: -2.9390
Iter 305/500 - Loss: -2.9391
Iter 306/500 - Loss: -2.9391
Iter 307/500 - Loss: -2.9392
Iter 308/500 - Loss: -2.9393
Iter 309/500 - Loss: -2.9394
Iter 310/500 - Loss: -2.9394
Iter 311/500 - Loss: -2.9395
Iter 312/500 - Loss: -2.9396
Iter 313/500 - Loss: -2.9396
Iter 314/500 - Loss: -2.9397
Iter 315/500 - Loss: -2.9398
Iter 316/500 - Loss: -2.9398
Iter 317/500 - Loss: -2.9399
Iter 318/500 - Loss: -2.9400
Iter 319/500 - Loss: -2.9400
Iter 320/500 - Loss: -2.9401
Iter 321/500 - Loss: -2.9402
Iter 322/500 - Loss: -2.9402
Iter 323/500 - Loss: -2.9403
Iter 324/500 - Loss: -2.9404
Iter 325/500 - Loss: -2.9404
Iter 326/500 - Loss: -2.9405
Iter 327/500 - Loss: -2.9405
Iter 328/500 - Loss: -2.9406
Iter 329/500 - Loss: -2.9406
Iter 330/500 - Loss: -2.9407
Iter 331/500 - Loss: -2.9408
Iter 332/500 - Loss: -2.9408
Iter 333/500 - Loss: -2.9409
Iter 334/500 - Loss: -2.9410
Iter 335/500 - Loss: -2.9410
Iter 336/500 - Loss: -2.9411
Iter 337/500 - Loss: -2.9411
Iter 338/500 - Loss: -2.9412
Iter 339/500 - Loss: -2.9412
Iter 340/500 - Loss: -2.9413
Iter 341/500 - Loss: -2.9413
Iter 342/500 - Loss: -2.9414
Iter 343/500 - Loss: -2.9414
Iter 344/500 - Loss: -2.9415
Iter 345/500 - Loss: -2.9416
Iter 346/500 - Loss: -2.9416
Iter 347/500 - Loss: -2.9416
Iter 348/500 - Loss: -2.9417
Iter 349/500 - Loss: -2.9418
Iter 350/500 - Loss: -2.9418
Iter 351/500 - Loss: -2.9419
Iter 352/500 - Loss: -2.9419
Iter 353/500 - Loss: -2.9419
Iter 354/500 - Loss: -2.9420
Iter 355/500 - Loss: -2.9420
Iter 356/500 - Loss: -2.9421
Iter 357/500 - Loss: -2.9421
Iter 358/500 - Loss: -2.9422
Iter 359/500 - Loss: -2.9422
Iter 360/500 - Loss: -2.9423
Iter 361/500 - Loss: -2.9423
Iter 362/500 - Loss: -2.9424
Iter 363/500 - Loss: -2.9424
Iter 364/500 - Loss: -2.9425
Iter 365/500 - Loss: -2.9425
Iter 366/500 - Loss: -2.9425
Iter 367/500 - Loss: -2.9426
Iter 368/500 - Loss: -2.9426
Iter 369/500 - Loss: -2.9427
Iter 370/500 - Loss: -2.9427
Iter 371/500 - Loss: -2.9427
Iter 372/500 - Loss: -2.9428
Iter 373/500 - Loss: -2.9428
Iter 374/500 - Loss: -2.9429
Iter 375/500 - Loss: -2.9429
Iter 376/500 - Loss: -2.9430
Iter 377/500 - Loss: -2.9430
Iter 378/500 - Loss: -2.9430
Iter 379/500 - Loss: -2.9431
Iter 380/500 - Loss: -2.9431
Iter 381/500 - Loss: -2.9432
Iter 382/500 - Loss: -2.9432
Iter 383/500 - Loss: -2.9432
Iter 384/500 - Loss: -2.9433
Iter 385/500 - Loss: -2.9433
Iter 386/500 - Loss: -2.9433
Iter 387/500 - Loss: -2.9434
Iter 388/500 - Loss: -2.9434
Iter 389/500 - Loss: -2.9435
Iter 390/500 - Loss: -2.9435
Iter 391/500 - Loss: -2.9435
Iter 392/500 - Loss: -2.9436
Iter 393/500 - Loss: -2.9436
Iter 394/500 - Loss: -2.9437
Iter 395/500 - Loss: -2.9437
Iter 396/500 - Loss: -2.9437
Iter 397/500 - Loss: -2.9437
Iter 398/500 - Loss: -2.9438
Iter 399/500 - Loss: -2.9438
Iter 400/500 - Loss: -2.9438
Iter 401/500 - Loss: -2.9439
Iter 402/500 - Loss: -2.9439
Iter 403/500 - Loss: -2.9439
Iter 404/500 - Loss: -2.9440
Iter 405/500 - Loss: -2.9440
Iter 406/500 - Loss: -2.9440
Iter 407/500 - Loss: -2.9441
Iter 408/500 - Loss: -2.9441
Iter 409/500 - Loss: -2.9442
Iter 410/500 - Loss: -2.9442
Iter 411/500 - Loss: -2.9442
Iter 412/500 - Loss: -2.9442
Iter 413/500 - Loss: -2.9443
Iter 414/500 - Loss: -2.9443
Iter 415/500 - Loss: -2.9444
Iter 416/500 - Loss: -2.9444
Iter 417/500 - Loss: -2.9444
Iter 418/500 - Loss: -2.9444
Iter 419/500 - Loss: -2.9445
Iter 420/500 - Loss: -2.9445
Iter 421/500 - Loss: -2.9445
Iter 422/500 - Loss: -2.9446
Iter 423/500 - Loss: -2.9446
Iter 424/500 - Loss: -2.9447
Iter 425/500 - Loss: -2.9447
Iter 426/500 - Loss: -2.9447
Iter 427/500 - Loss: -2.9447
Iter 428/500 - Loss: -2.9448
Iter 429/500 - Loss: -2.9448
Iter 430/500 - Loss: -2.9448
Iter 431/500 - Loss: -2.9448
Iter 432/500 - Loss: -2.9449
Iter 433/500 - Loss: -2.9449
Iter 434/500 - Loss: -2.9449
Iter 435/500 - Loss: -2.9449
Iter 436/500 - Loss: -2.9450
Iter 437/500 - Loss: -2.9450
Iter 438/500 - Loss: -2.9450
Iter 439/500 - Loss: -2.9450
Iter 440/500 - Loss: -2.9451
Iter 441/500 - Loss: -2.9451
Iter 442/500 - Loss: -2.9451
Iter 443/500 - Loss: -2.9451
Iter 444/500 - Loss: -2.9452
Iter 445/500 - Loss: -2.9452
Iter 446/500 - Loss: -2.9452
Iter 447/500 - Loss: -2.9452
Iter 448/500 - Loss: -2.9452
Iter 449/500 - Loss: -2.9453
Iter 450/500 - Loss: -2.9453
Iter 451/500 - Loss: -2.9453
Iter 452/500 - Loss: -2.9454
Iter 453/500 - Loss: -2.9454
Iter 454/500 - Loss: -2.9454
Iter 455/500 - Loss: -2.9454
Iter 456/500 - Loss: -2.9455
Iter 457/500 - Loss: -2.9455
Iter 458/500 - Loss: -2.9455
Iter 459/500 - Loss: -2.9455
Iter 460/500 - Loss: -2.9455
Iter 461/500 - Loss: -2.9456
Iter 462/500 - Loss: -2.9456
Iter 463/500 - Loss: -2.9456
Iter 464/500 - Loss: -2.9456
Iter 465/500 - Loss: -2.9457
Iter 466/500 - Loss: -2.9457
Iter 467/500 - Loss: -2.9457
Iter 468/500 - Loss: -2.9457
Iter 469/500 - Loss: -2.9457
Iter 470/500 - Loss: -2.9458
Iter 471/500 - Loss: -2.9458
Iter 472/500 - Loss: -2.9458
Iter 473/500 - Loss: -2.9458
Iter 474/500 - Loss: -2.9459
Iter 475/500 - Loss: -2.9459
Iter 476/500 - Loss: -2.9459
Iter 477/500 - Loss: -2.9459
Iter 478/500 - Loss: -2.9459
Iter 479/500 - Loss: -2.9460
Iter 480/500 - Loss: -2.9460
Iter 481/500 - Loss: -2.9460
Iter 482/500 - Loss: -2.9460
Iter 483/500 - Loss: -2.9460
Iter 484/500 - Loss: -2.9461
Iter 485/500 - Loss: -2.9460
Iter 486/500 - Loss: -2.9461
Iter 487/500 - Loss: -2.9461
Iter 488/500 - Loss: -2.9461
Iter 489/500 - Loss: -2.9461
Iter 490/500 - Loss: -2.9462
Iter 491/500 - Loss: -2.9462
Iter 492/500 - Loss: -2.9462
Iter 493/500 - Loss: -2.9462
Iter 494/500 - Loss: -2.9462
Iter 495/500 - Loss: -2.9463
Iter 496/500 - Loss: -2.9463
Iter 497/500 - Loss: -2.9463
Iter 498/500 - Loss: -2.9463
Iter 499/500 - Loss: -2.9463
Iter 500/500 - Loss: -2.9464
{'d': 0.39996344, 'e': 0.95087224, 'f': 2.3178444, 'g': 1.275836}
{'d': 0.40610862, 'e': 0.9489665, 'f': 2.3187485, 'g': 1.2812842}
{'d': 0.4206016, 'e': 0.93988305, 'f': 2.3214989, 'g': 1.2940614}
{'d': 0.42468944, 'e': 0.9366998, 'f': 2.3223763, 'g': 1.2975687}
{'d': 0.4290054, 'e': 0.9338249, 'f': 2.3232534, 'g': 1.3011159}
{'d': 0.433556, 'e': 0.9313342, 'f': 2.3241415, 'g': 1.3046736}
{'d': 0.4383759, 'e': 0.92964184, 'f': 2.3249962, 'g': 1.3081791}
{'d': 0.44349045, 'e': 0.92895997, 'f': 2.3257737, 'g': 1.3115833}
{'d': 0.44897333, 'e': 0.93003285, 'f': 2.326423, 'g': 1.3147874}
{'d': 0.46122187, 'e': 0.9383499, 'f': 2.3272269, 'g': 1.3203515}
{'d': 0.47557253, 'e': 0.9573698, 'f': 2.3272116, 'g': 1.3242711}
{'d': 0.49221903, 'e': 0.98874223, 'f': 2.3263628, 'g': 1.3260083}
{'d': 0.51073104, 'e': 1.0338014, 'f': 2.3247933, 'g': 1.3251064}
{'d': 0.5203393, 'e': 1.062278, 'f': 2.3237145, 'g': 1.3235388}
