prev {'d': 0.5038872658559164, 'e': 1.2390191394663403, 'f': 2.314015828398567, 'g': 1.2902836542549743}
Starting ML Fit
Box42_1400
       message: Optimization terminated successfully.
       success: True
        status: 0
           fun: 5433.974314878233
             x: [ 4.945e-01  1.276e+00  2.310e+00  1.282e+00]
           nit: 123
          nfev: 206
 final_simplex: (array([[ 4.945e-01,  1.276e+00,  2.310e+00,  1.282e+00],
                       [ 4.945e-01,  1.276e+00,  2.310e+00,  1.282e+00],
                       ...,
                       [ 4.945e-01,  1.276e+00,  2.310e+00,  1.282e+00],
                       [ 4.945e-01,  1.276e+00,  2.310e+00,  1.282e+00]]), array([ 5.434e+03,  5.434e+03,  5.434e+03,  5.434e+03,
                        5.434e+03]))
   param_names: ['d', 'e', 'f', 'g']
[0.49447524 1.27581845 2.31013845 1.2823055 ]
{'d': 0.4944752449679646, 'e': 1.275818446197745, 'f': 2.310138447168236, 'g': 1.282305499179837}
Previous:  {'d': 0.5038872658559164, 'e': 1.2390191394663403, 'f': 2.314015828398567, 'g': 1.2902836542549743}
