Leaving out Box_n50_44_1400
alist [1.0, 0.953321, 0.866399, 0.787402, 0.715608, 0.65036, 0.620002, 0.591061, 0.563471, 0.537169, 0.512095, 0.488191, 0.403224, 0.366459]
scaling input
scaling output
Iter 1/300 - Loss: 3.2530
Iter 2/300 - Loss: 2.8701
Iter 3/300 - Loss: 2.5161
Iter 4/300 - Loss: 2.1960
Iter 5/300 - Loss: 1.9114
Iter 6/300 - Loss: 1.6612
Iter 7/300 - Loss: 1.4441
Iter 8/300 - Loss: 1.2608
Iter 9/300 - Loss: 1.1147
Iter 10/300 - Loss: 1.0107
Iter 11/300 - Loss: 0.9500
Iter 12/300 - Loss: 0.9249
Iter 13/300 - Loss: 0.9191
Iter 14/300 - Loss: 0.9128
Iter 15/300 - Loss: 0.8938
Iter 16/300 - Loss: 0.8609
Iter 17/300 - Loss: 0.8163
Iter 18/300 - Loss: 0.7620
Iter 19/300 - Loss: 0.6986
Iter 20/300 - Loss: 0.6278
Iter 21/300 - Loss: 0.5549
Iter 22/300 - Loss: 0.4860
Iter 23/300 - Loss: 0.4249
Iter 24/300 - Loss: 0.3727
Iter 25/300 - Loss: 0.3285
Iter 26/300 - Loss: 0.2903
Iter 27/300 - Loss: 0.2555
Iter 28/300 - Loss: 0.2212
Iter 29/300 - Loss: 0.1857
Iter 30/300 - Loss: 0.1478
Iter 31/300 - Loss: 0.1070
Iter 32/300 - Loss: 0.0638
Iter 33/300 - Loss: 0.0188
Iter 34/300 - Loss: -0.0269
Iter 35/300 - Loss: -0.0723
Iter 36/300 - Loss: -0.1165
Iter 37/300 - Loss: -0.1584
Iter 38/300 - Loss: -0.1971
Iter 39/300 - Loss: -0.2320
Iter 40/300 - Loss: -0.2634
Iter 41/300 - Loss: -0.2922
Iter 42/300 - Loss: -0.3189
Iter 43/300 - Loss: -0.3452
Iter 44/300 - Loss: -0.3719
Iter 45/300 - Loss: -0.3988
Iter 46/300 - Loss: -0.4258
Iter 47/300 - Loss: -0.4518
Iter 48/300 - Loss: -0.4757
Iter 49/300 - Loss: -0.4972
Iter 50/300 - Loss: -0.5163
Iter 51/300 - Loss: -0.5330
Iter 52/300 - Loss: -0.5480
Iter 53/300 - Loss: -0.5616
Iter 54/300 - Loss: -0.5744
Iter 55/300 - Loss: -0.5865
Iter 56/300 - Loss: -0.5983
Iter 57/300 - Loss: -0.6097
Iter 58/300 - Loss: -0.6207
Iter 59/300 - Loss: -0.6311
Iter 60/300 - Loss: -0.6409
Iter 61/300 - Loss: -0.6501
Iter 62/300 - Loss: -0.6587
Iter 63/300 - Loss: -0.6669
Iter 64/300 - Loss: -0.6750
Iter 65/300 - Loss: -0.6829
Iter 66/300 - Loss: -0.6905
Iter 67/300 - Loss: -0.6976
Iter 68/300 - Loss: -0.7039
Iter 69/300 - Loss: -0.7093
Iter 70/300 - Loss: -0.7138
Iter 71/300 - Loss: -0.7177
Iter 72/300 - Loss: -0.7211
Iter 73/300 - Loss: -0.7242
Iter 74/300 - Loss: -0.7271
Iter 75/300 - Loss: -0.7297
Iter 76/300 - Loss: -0.7321
Iter 77/300 - Loss: -0.7341
Iter 78/300 - Loss: -0.7358
Iter 79/300 - Loss: -0.7375
Iter 80/300 - Loss: -0.7393
Iter 81/300 - Loss: -0.7410
Iter 82/300 - Loss: -0.7419
Iter 83/300 - Loss: -0.7419
Iter 84/300 - Loss: -0.7455
Iter 85/300 - Loss: -0.7472
Iter 86/300 - Loss: -0.7479
Iter 87/300 - Loss: -0.7501
Iter 88/300 - Loss: -0.7504
Iter 89/300 - Loss: -0.7527
Iter 90/300 - Loss: -0.7526
Iter 91/300 - Loss: -0.7548
Iter 92/300 - Loss: -0.7546
Iter 93/300 - Loss: -0.7563
Iter 94/300 - Loss: -0.7564
Iter 95/300 - Loss: -0.7576
Iter 96/300 - Loss: -0.7579
Iter 97/300 - Loss: -0.7589
Iter 98/300 - Loss: -0.7593
Iter 99/300 - Loss: -0.7601
Iter 100/300 - Loss: -0.7604
Iter 101/300 - Loss: -0.7610
Iter 102/300 - Loss: -0.7613
Iter 103/300 - Loss: -0.7619
Iter 104/300 - Loss: -0.7622
Iter 105/300 - Loss: -0.7626
Iter 106/300 - Loss: -0.7630
Iter 107/300 - Loss: -0.7633
Iter 108/300 - Loss: -0.7636
Iter 109/300 - Loss: -0.7638
Iter 110/300 - Loss: -0.7643
Iter 111/300 - Loss: -0.7644
Iter 112/300 - Loss: -0.7648
Iter 113/300 - Loss: -0.7650
Iter 114/300 - Loss: -0.7653
Iter 115/300 - Loss: -0.7655
Iter 116/300 - Loss: -0.7658
Iter 117/300 - Loss: -0.7661
Iter 118/300 - Loss: -0.7662
Iter 119/300 - Loss: -0.7665
Iter 120/300 - Loss: -0.7666
Iter 121/300 - Loss: -0.7668
Iter 122/300 - Loss: -0.7670
Iter 123/300 - Loss: -0.7672
Iter 124/300 - Loss: -0.7674
Iter 125/300 - Loss: -0.7675
Iter 126/300 - Loss: -0.7677
Iter 127/300 - Loss: -0.7678
Iter 128/300 - Loss: -0.7680
Iter 129/300 - Loss: -0.7681
Iter 130/300 - Loss: -0.7683
Iter 131/300 - Loss: -0.7684
Iter 132/300 - Loss: -0.7685
Iter 133/300 - Loss: -0.7686
Iter 134/300 - Loss: -0.7688
Iter 135/300 - Loss: -0.7689
Iter 136/300 - Loss: -0.7690
Iter 137/300 - Loss: -0.7691
Iter 138/300 - Loss: -0.7692
Iter 139/300 - Loss: -0.7693
Iter 140/300 - Loss: -0.7694
Iter 141/300 - Loss: -0.7695
Iter 142/300 - Loss: -0.7696
Iter 143/300 - Loss: -0.7698
Iter 144/300 - Loss: -0.7699
Iter 145/300 - Loss: -0.7701
Iter 146/300 - Loss: -0.7704
Iter 147/300 - Loss: -0.7707
Iter 148/300 - Loss: -0.7710
Iter 149/300 - Loss: -0.7715
Iter 150/300 - Loss: -0.7722
Iter 151/300 - Loss: -0.7731
Iter 152/300 - Loss: -0.7742
Iter 153/300 - Loss: -0.7743
Iter 154/300 - Loss: -0.7744
Iter 155/300 - Loss: -0.7746
Iter 156/300 - Loss: -0.7748
Iter 157/300 - Loss: -0.7750
Iter 158/300 - Loss: -0.7752
Iter 159/300 - Loss: -0.7755
Iter 160/300 - Loss: -0.7757
Iter 161/300 - Loss: -0.7760
Iter 162/300 - Loss: -0.7762
Iter 163/300 - Loss: -0.7765
Iter 164/300 - Loss: -0.7768
Iter 165/300 - Loss: -0.7771
Iter 166/300 - Loss: -0.7774
Iter 167/300 - Loss: -0.7777
Iter 168/300 - Loss: -0.7780
Iter 169/300 - Loss: -0.7783
Iter 170/300 - Loss: -0.7786
Iter 171/300 - Loss: -0.7789
Iter 172/300 - Loss: -0.7792
Iter 173/300 - Loss: -0.7795
Iter 174/300 - Loss: -0.7799
Iter 175/300 - Loss: -0.7802
Iter 176/300 - Loss: -0.7805
Iter 177/300 - Loss: -0.7808
Iter 178/300 - Loss: -0.7811
Iter 179/300 - Loss: -0.7814
Iter 180/300 - Loss: -0.7817
Iter 181/300 - Loss: -0.7820
Iter 182/300 - Loss: -0.7823
Iter 183/300 - Loss: -0.7826
Iter 184/300 - Loss: -0.7828
Iter 185/300 - Loss: -0.7831
Iter 186/300 - Loss: -0.7834
Iter 187/300 - Loss: -0.7837
Iter 188/300 - Loss: -0.7839
Iter 189/300 - Loss: -0.7842
Iter 190/300 - Loss: -0.7845
Iter 191/300 - Loss: -0.7847
Iter 192/300 - Loss: -0.7850
Iter 193/300 - Loss: -0.7852
Iter 194/300 - Loss: -0.7855
Iter 195/300 - Loss: -0.7857
Iter 196/300 - Loss: -0.7860
Iter 197/300 - Loss: -0.7862
Iter 198/300 - Loss: -0.7864
Iter 199/300 - Loss: -0.7867
Iter 200/300 - Loss: -0.7869
Iter 201/300 - Loss: -0.7871
Iter 202/300 - Loss: -0.7873
Iter 203/300 - Loss: -0.7876
Iter 204/300 - Loss: -0.7878
Iter 205/300 - Loss: -0.7880
Iter 206/300 - Loss: -0.7882
Iter 207/300 - Loss: -0.7884
Iter 208/300 - Loss: -0.7886
Iter 209/300 - Loss: -0.7888
Iter 210/300 - Loss: -0.7890
Iter 211/300 - Loss: -0.7892
Iter 212/300 - Loss: -0.7894
Iter 213/300 - Loss: -0.7896
Iter 214/300 - Loss: -0.7898
Iter 215/300 - Loss: -0.7899
Iter 216/300 - Loss: -0.7901
Iter 217/300 - Loss: -0.7903
Iter 218/300 - Loss: -0.7905
Iter 219/300 - Loss: -0.7906
Iter 220/300 - Loss: -0.7908
Iter 221/300 - Loss: -0.7910
Iter 222/300 - Loss: -0.7911
Iter 223/300 - Loss: -0.7913
Iter 224/300 - Loss: -0.7915
Iter 225/300 - Loss: -0.7916
Iter 226/300 - Loss: -0.7918
Iter 227/300 - Loss: -0.7919
Iter 228/300 - Loss: -0.7921
Iter 229/300 - Loss: -0.7922
Iter 230/300 - Loss: -0.7924
Iter 231/300 - Loss: -0.7925
Iter 232/300 - Loss: -0.7927
Iter 233/300 - Loss: -0.7928
Iter 234/300 - Loss: -0.7930
Iter 235/300 - Loss: -0.7931
Iter 236/300 - Loss: -0.7932
Iter 237/300 - Loss: -0.7934
Iter 238/300 - Loss: -0.7935
Iter 239/300 - Loss: -0.7936
Iter 240/300 - Loss: -0.7938
Iter 241/300 - Loss: -0.7939
Iter 242/300 - Loss: -0.7940
Iter 243/300 - Loss: -0.7942
Iter 244/300 - Loss: -0.7943
Iter 245/300 - Loss: -0.7944
Iter 246/300 - Loss: -0.7945
Iter 247/300 - Loss: -0.7947
Iter 248/300 - Loss: -0.7948
Iter 249/300 - Loss: -0.7949
Iter 250/300 - Loss: -0.7950
Iter 251/300 - Loss: -0.7951
Iter 252/300 - Loss: -0.7953
Iter 253/300 - Loss: -0.7954
Iter 254/300 - Loss: -0.7955
Iter 255/300 - Loss: -0.7956
Iter 256/300 - Loss: -0.7957
Iter 257/300 - Loss: -0.7959
Iter 258/300 - Loss: -0.7960
Iter 259/300 - Loss: -0.7961
Iter 260/300 - Loss: -0.7962
Iter 261/300 - Loss: -0.7963
Iter 262/300 - Loss: -0.7964
Iter 263/300 - Loss: -0.7965
Iter 264/300 - Loss: -0.7966
Iter 265/300 - Loss: -0.7968
Iter 266/300 - Loss: -0.7969
Iter 267/300 - Loss: -0.7970
Iter 268/300 - Loss: -0.7971
Iter 269/300 - Loss: -0.7972
Iter 270/300 - Loss: -0.7973
Iter 271/300 - Loss: -0.7974
Iter 272/300 - Loss: -0.7975
Iter 273/300 - Loss: -0.7976
Iter 274/300 - Loss: -0.7977
Iter 275/300 - Loss: -0.7978
Iter 276/300 - Loss: -0.7979
Iter 277/300 - Loss: -0.7980
Iter 278/300 - Loss: -0.7982
Iter 279/300 - Loss: -0.7983
Iter 280/300 - Loss: -0.7984
Iter 281/300 - Loss: -0.7985
Iter 282/300 - Loss: -0.7986
Iter 283/300 - Loss: -0.7987
Iter 284/300 - Loss: -0.7988
Iter 285/300 - Loss: -0.7989
Iter 286/300 - Loss: -0.7990
Iter 287/300 - Loss: -0.7991
Iter 288/300 - Loss: -0.7992
Iter 289/300 - Loss: -0.7993
Iter 290/300 - Loss: -0.7994
Iter 291/300 - Loss: -0.7995
Iter 292/300 - Loss: -0.7996
Iter 293/300 - Loss: -0.7998
Iter 294/300 - Loss: -0.7999
Iter 295/300 - Loss: -0.8000
Iter 296/300 - Loss: -0.8001
Iter 297/300 - Loss: -0.8002
Iter 298/300 - Loss: -0.8003
Iter 299/300 - Loss: -0.8004
Iter 300/300 - Loss: -0.8005
