Leaving out Box_n50_14_1400
alist [1.0, 0.953321, 0.866399, 0.787402, 0.715608, 0.65036, 0.620002, 0.591061, 0.563471, 0.537169, 0.512095, 0.488191, 0.403224, 0.366459]
scaling input
scaling output
Iter 1/250 - Loss: 10.3140
Iter 2/250 - Loss: 9.4356
Iter 3/250 - Loss: 8.3830
Iter 4/250 - Loss: 7.6314
Iter 5/250 - Loss: 6.6375
Iter 6/250 - Loss: 5.7525
Iter 7/250 - Loss: 4.9308
Iter 8/250 - Loss: 4.1714
Iter 9/250 - Loss: 3.4859
Iter 10/250 - Loss: 2.8975
Iter 11/250 - Loss: 2.4090
Iter 12/250 - Loss: 2.0145
Iter 13/250 - Loss: 1.6978
Iter 14/250 - Loss: 1.4409
Iter 15/250 - Loss: 1.2289
Iter 16/250 - Loss: 1.0527
Iter 17/250 - Loss: 0.9093
Iter 18/250 - Loss: 0.7988
Iter 19/250 - Loss: 0.7232
Iter 20/250 - Loss: 0.6823
Iter 21/250 - Loss: 0.6693
Iter 22/250 - Loss: 0.6725
Iter 23/250 - Loss: 0.6811
Iter 24/250 - Loss: 0.6865
Iter 25/250 - Loss: 0.6814
Iter 26/250 - Loss: 0.6573
Iter 27/250 - Loss: 0.6058
Iter 28/250 - Loss: 0.5257
Iter 29/250 - Loss: 0.4287
Iter 30/250 - Loss: 0.3329
Iter 31/250 - Loss: 0.2507
Iter 32/250 - Loss: 0.1848
Iter 33/250 - Loss: 0.1331
Iter 34/250 - Loss: 0.0917
Iter 35/250 - Loss: 0.0567
Iter 36/250 - Loss: 0.0248
Iter 37/250 - Loss: -0.0060
Iter 38/250 - Loss: -0.0370
Iter 39/250 - Loss: -0.0689
Iter 40/250 - Loss: -0.1019
Iter 41/250 - Loss: -0.1361
Iter 42/250 - Loss: -0.1712
Iter 43/250 - Loss: -0.2071
Iter 44/250 - Loss: -0.2431
Iter 45/250 - Loss: -0.2788
Iter 46/250 - Loss: -0.3138
Iter 47/250 - Loss: -0.3475
Iter 48/250 - Loss: -0.3793
Iter 49/250 - Loss: -0.4090
Iter 50/250 - Loss: -0.4361
Iter 51/250 - Loss: -0.4606
Iter 52/250 - Loss: -0.4823
Iter 53/250 - Loss: -0.5014
Iter 54/250 - Loss: -0.5180
Iter 55/250 - Loss: -0.5324
Iter 56/250 - Loss: -0.5449
Iter 57/250 - Loss: -0.5561
Iter 58/250 - Loss: -0.5664
Iter 59/250 - Loss: -0.5762
Iter 60/250 - Loss: -0.5858
Iter 61/250 - Loss: -0.5954
Iter 62/250 - Loss: -0.6050
Iter 63/250 - Loss: -0.6147
Iter 64/250 - Loss: -0.6247
Iter 65/250 - Loss: -0.6349
Iter 66/250 - Loss: -0.6455
Iter 67/250 - Loss: -0.6562
Iter 68/250 - Loss: -0.6668
Iter 69/250 - Loss: -0.6769
Iter 70/250 - Loss: -0.6863
Iter 71/250 - Loss: -0.6951
Iter 72/250 - Loss: -0.7032
Iter 73/250 - Loss: -0.7108
Iter 74/250 - Loss: -0.7181
Iter 75/250 - Loss: -0.7249
Iter 76/250 - Loss: -0.7310
Iter 77/250 - Loss: -0.7362
Iter 78/250 - Loss: -0.7401
Iter 79/250 - Loss: -0.7433
Iter 80/250 - Loss: -0.7467
Iter 81/250 - Loss: -0.7513
Iter 82/250 - Loss: -0.7572
Iter 83/250 - Loss: -0.7636
Iter 84/250 - Loss: -0.7697
Iter 85/250 - Loss: -0.7747
Iter 86/250 - Loss: -0.7786
Iter 87/250 - Loss: -0.7816
Iter 88/250 - Loss: -0.7840
Iter 89/250 - Loss: -0.7863
Iter 90/250 - Loss: -0.7887
Iter 91/250 - Loss: -0.7914
Iter 92/250 - Loss: -0.7943
Iter 93/250 - Loss: -0.7971
Iter 94/250 - Loss: -0.8000
Iter 95/250 - Loss: -0.8028
Iter 96/250 - Loss: -0.8053
Iter 97/250 - Loss: -0.8074
Iter 98/250 - Loss: -0.8094
Iter 99/250 - Loss: -0.8108
Iter 100/250 - Loss: -0.8117
Iter 101/250 - Loss: -0.8128
Iter 102/250 - Loss: -0.8143
Iter 103/250 - Loss: -0.8151
Iter 104/250 - Loss: -0.8166
Iter 105/250 - Loss: -0.8178
Iter 106/250 - Loss: -0.8190
Iter 107/250 - Loss: -0.8199
Iter 108/250 - Loss: -0.8208
Iter 109/250 - Loss: -0.8214
Iter 110/250 - Loss: -0.8222
Iter 111/250 - Loss: -0.8226
Iter 112/250 - Loss: -0.8234
Iter 113/250 - Loss: -0.8239
Iter 114/250 - Loss: -0.8246
Iter 115/250 - Loss: -0.8253
Iter 116/250 - Loss: -0.8260
Iter 117/250 - Loss: -0.8266
Iter 118/250 - Loss: -0.8272
Iter 119/250 - Loss: -0.8277
Iter 120/250 - Loss: -0.8282
Iter 121/250 - Loss: -0.8287
Iter 122/250 - Loss: -0.8291
Iter 123/250 - Loss: -0.8295
Iter 124/250 - Loss: -0.8300
Iter 125/250 - Loss: -0.8304
Iter 126/250 - Loss: -0.8308
Iter 127/250 - Loss: -0.8313
Iter 128/250 - Loss: -0.8317
Iter 129/250 - Loss: -0.8321
Iter 130/250 - Loss: -0.8324
Iter 131/250 - Loss: -0.8327
Iter 132/250 - Loss: -0.8331
Iter 133/250 - Loss: -0.8334
Iter 134/250 - Loss: -0.8337
Iter 135/250 - Loss: -0.8341
Iter 136/250 - Loss: -0.8344
Iter 137/250 - Loss: -0.8347
Iter 138/250 - Loss: -0.8350
Iter 139/250 - Loss: -0.8352
Iter 140/250 - Loss: -0.8355
Iter 141/250 - Loss: -0.8358
Iter 142/250 - Loss: -0.8360
Iter 143/250 - Loss: -0.8362
Iter 144/250 - Loss: -0.8365
Iter 145/250 - Loss: -0.8367
Iter 146/250 - Loss: -0.8369
Iter 147/250 - Loss: -0.8372
Iter 148/250 - Loss: -0.8374
Iter 149/250 - Loss: -0.8376
Iter 150/250 - Loss: -0.8378
Iter 151/250 - Loss: -0.8380
Iter 152/250 - Loss: -0.8382
Iter 153/250 - Loss: -0.8384
Iter 154/250 - Loss: -0.8386
Iter 155/250 - Loss: -0.8388
Iter 156/250 - Loss: -0.8390
Iter 157/250 - Loss: -0.8391
Iter 158/250 - Loss: -0.8393
Iter 159/250 - Loss: -0.8395
Iter 160/250 - Loss: -0.8397
Iter 161/250 - Loss: -0.8398
Iter 162/250 - Loss: -0.8400
Iter 163/250 - Loss: -0.8402
Iter 164/250 - Loss: -0.8403
Iter 165/250 - Loss: -0.8405
Iter 166/250 - Loss: -0.8406
Iter 167/250 - Loss: -0.8408
Iter 168/250 - Loss: -0.8409
Iter 169/250 - Loss: -0.8411
Iter 170/250 - Loss: -0.8412
Iter 171/250 - Loss: -0.8414
Iter 172/250 - Loss: -0.8415
Iter 173/250 - Loss: -0.8416
Iter 174/250 - Loss: -0.8418
Iter 175/250 - Loss: -0.8419
Iter 176/250 - Loss: -0.8420
Iter 177/250 - Loss: -0.8421
Iter 178/250 - Loss: -0.8423
Iter 179/250 - Loss: -0.8424
Iter 180/250 - Loss: -0.8425
Iter 181/250 - Loss: -0.8426
Iter 182/250 - Loss: -0.8427
Iter 183/250 - Loss: -0.8428
Iter 184/250 - Loss: -0.8430
Iter 185/250 - Loss: -0.8431
Iter 186/250 - Loss: -0.8432
Iter 187/250 - Loss: -0.8433
Iter 188/250 - Loss: -0.8434
Iter 189/250 - Loss: -0.8435
Iter 190/250 - Loss: -0.8436
Iter 191/250 - Loss: -0.8437
Iter 192/250 - Loss: -0.8438
Iter 193/250 - Loss: -0.8439
Iter 194/250 - Loss: -0.8440
Iter 195/250 - Loss: -0.8440
Iter 196/250 - Loss: -0.8441
Iter 197/250 - Loss: -0.8440
Iter 198/250 - Loss: -0.8439
Iter 199/250 - Loss: -0.8439
Iter 200/250 - Loss: -0.8443
Iter 201/250 - Loss: -0.8446
Iter 202/250 - Loss: -0.8446
Iter 203/250 - Loss: -0.8445
Iter 204/250 - Loss: -0.8447
Iter 205/250 - Loss: -0.8450
Iter 206/250 - Loss: -0.8448
Iter 207/250 - Loss: -0.8450
Iter 208/250 - Loss: -0.8452
Iter 209/250 - Loss: -0.8452
Iter 210/250 - Loss: -0.8452
Iter 211/250 - Loss: -0.8454
Iter 212/250 - Loss: -0.8455
Iter 213/250 - Loss: -0.8455
Iter 214/250 - Loss: -0.8456
Iter 215/250 - Loss: -0.8457
Iter 216/250 - Loss: -0.8458
Iter 217/250 - Loss: -0.8458
Iter 218/250 - Loss: -0.8459
Iter 219/250 - Loss: -0.8460
Iter 220/250 - Loss: -0.8461
Iter 221/250 - Loss: -0.8461
Iter 222/250 - Loss: -0.8462
Iter 223/250 - Loss: -0.8463
Iter 224/250 - Loss: -0.8463
Iter 225/250 - Loss: -0.8464
Iter 226/250 - Loss: -0.8465
Iter 227/250 - Loss: -0.8465
Iter 228/250 - Loss: -0.8466
Iter 229/250 - Loss: -0.8467
Iter 230/250 - Loss: -0.8467
Iter 231/250 - Loss: -0.8468
Iter 232/250 - Loss: -0.8469
Iter 233/250 - Loss: -0.8469
Iter 234/250 - Loss: -0.8470
Iter 235/250 - Loss: -0.8470
Iter 236/250 - Loss: -0.8471
Iter 237/250 - Loss: -0.8472
Iter 238/250 - Loss: -0.8472
Iter 239/250 - Loss: -0.8472
Iter 240/250 - Loss: -0.8473
Iter 241/250 - Loss: -0.8474
Iter 242/250 - Loss: -0.8474
Iter 243/250 - Loss: -0.8475
Iter 244/250 - Loss: -0.8475
Iter 245/250 - Loss: -0.8476
Iter 246/250 - Loss: -0.8476
Iter 247/250 - Loss: -0.8477
Iter 248/250 - Loss: -0.8477
Iter 249/250 - Loss: -0.8478
Iter 250/250 - Loss: -0.8479
now training with smaller learning rate
Iter 1/250 - Loss: -0.8479
Iter 2/250 - Loss: -0.8474
Iter 3/250 - Loss: -0.8483
Iter 4/250 - Loss: -0.8482
Iter 5/250 - Loss: -0.8484
Iter 6/250 - Loss: -0.8488
Iter 7/250 - Loss: -0.8490
Iter 8/250 - Loss: -0.8492
Iter 9/250 - Loss: -0.8494
Iter 10/250 - Loss: -0.8496
Iter 11/250 - Loss: -0.8498
Iter 12/250 - Loss: -0.8500
Iter 13/250 - Loss: -0.8502
Iter 14/250 - Loss: -0.8505
Iter 15/250 - Loss: -0.8506
Iter 16/250 - Loss: -0.8508
Iter 17/250 - Loss: -0.8510
Iter 18/250 - Loss: -0.8513
Iter 19/250 - Loss: -0.8515
Iter 20/250 - Loss: -0.8517
Iter 21/250 - Loss: -0.8519
Iter 22/250 - Loss: -0.8522
Iter 23/250 - Loss: -0.8525
Iter 24/250 - Loss: -0.8528
Iter 25/250 - Loss: -0.8531
Iter 26/250 - Loss: -0.8534
Iter 27/250 - Loss: -0.8537
Iter 28/250 - Loss: -0.8541
Iter 29/250 - Loss: -0.8544
Iter 30/250 - Loss: -0.8548
Iter 31/250 - Loss: -0.8552
Iter 32/250 - Loss: -0.8557
Iter 33/250 - Loss: -0.8562
Iter 34/250 - Loss: -0.8567
Iter 35/250 - Loss: -0.8572
Iter 36/250 - Loss: -0.8578
Iter 37/250 - Loss: -0.8583
Iter 38/250 - Loss: -0.8589
Iter 39/250 - Loss: -0.8595
Iter 40/250 - Loss: -0.8601
Iter 41/250 - Loss: -0.8607
Iter 42/250 - Loss: -0.8613
Iter 43/250 - Loss: -0.8619
Iter 44/250 - Loss: -0.8624
Iter 45/250 - Loss: -0.8629
Iter 46/250 - Loss: -0.8633
Iter 47/250 - Loss: -0.8637
Iter 48/250 - Loss: -0.8641
Iter 49/250 - Loss: -0.8645
Iter 50/250 - Loss: -0.8649
Iter 51/250 - Loss: -0.8653
Iter 52/250 - Loss: -0.8657
Iter 53/250 - Loss: -0.8660
Iter 54/250 - Loss: -0.8664
Iter 55/250 - Loss: -0.8668
Iter 56/250 - Loss: -0.8672
Iter 57/250 - Loss: -0.8676
Iter 58/250 - Loss: -0.8679
Iter 59/250 - Loss: -0.8683
Iter 60/250 - Loss: -0.8686
Iter 61/250 - Loss: -0.8690
Iter 62/250 - Loss: -0.8694
Iter 63/250 - Loss: -0.8697
Iter 64/250 - Loss: -0.8701
Iter 65/250 - Loss: -0.8704
Iter 66/250 - Loss: -0.8707
Iter 67/250 - Loss: -0.8710
Iter 68/250 - Loss: -0.8713
Iter 69/250 - Loss: -0.8716
Iter 70/250 - Loss: -0.8719
Iter 71/250 - Loss: -0.8722
Iter 72/250 - Loss: -0.8725
Iter 73/250 - Loss: -0.8728
Iter 74/250 - Loss: -0.8730
Iter 75/250 - Loss: -0.8732
Iter 76/250 - Loss: -0.8736
Iter 77/250 - Loss: -0.8738
Iter 78/250 - Loss: -0.8741
Iter 79/250 - Loss: -0.8743
Iter 80/250 - Loss: -0.8746
Iter 81/250 - Loss: -0.8748
Iter 82/250 - Loss: -0.8750
Iter 83/250 - Loss: -0.8752
Iter 84/250 - Loss: -0.8754
Iter 85/250 - Loss: -0.8756
Iter 86/250 - Loss: -0.8758
Iter 87/250 - Loss: -0.8760
Iter 88/250 - Loss: -0.8763
Iter 89/250 - Loss: -0.8764
Iter 90/250 - Loss: -0.8766
Iter 91/250 - Loss: -0.8767
Iter 92/250 - Loss: -0.8769
Iter 93/250 - Loss: -0.8771
Iter 94/250 - Loss: -0.8772
Iter 95/250 - Loss: -0.8774
Iter 96/250 - Loss: -0.8776
Iter 97/250 - Loss: -0.8778
Iter 98/250 - Loss: -0.8779
Iter 99/250 - Loss: -0.8780
Iter 100/250 - Loss: -0.8783
Iter 101/250 - Loss: -0.8783
Iter 102/250 - Loss: -0.8785
Iter 103/250 - Loss: -0.8785
Iter 104/250 - Loss: -0.8787
Iter 105/250 - Loss: -0.8787
Iter 106/250 - Loss: -0.8789
Iter 107/250 - Loss: -0.8791
Iter 108/250 - Loss: -0.8792
Iter 109/250 - Loss: -0.8792
Iter 110/250 - Loss: -0.8794
Iter 111/250 - Loss: -0.8794
Iter 112/250 - Loss: -0.8795
Iter 113/250 - Loss: -0.8796
Iter 114/250 - Loss: -0.8796
Iter 115/250 - Loss: -0.8798
Iter 116/250 - Loss: -0.8798
Iter 117/250 - Loss: -0.8800
Iter 118/250 - Loss: -0.8801
Iter 119/250 - Loss: -0.8802
Iter 120/250 - Loss: -0.8803
Iter 121/250 - Loss: -0.8803
Iter 122/250 - Loss: -0.8804
Iter 123/250 - Loss: -0.8804
Iter 124/250 - Loss: -0.8806
Iter 125/250 - Loss: -0.8807
Iter 126/250 - Loss: -0.8807
Iter 127/250 - Loss: -0.8808
Iter 128/250 - Loss: -0.8808
Iter 129/250 - Loss: -0.8810
Iter 130/250 - Loss: -0.8809
Iter 131/250 - Loss: -0.8809
Iter 132/250 - Loss: -0.8810
Iter 133/250 - Loss: -0.8811
Iter 134/250 - Loss: -0.8811
Iter 135/250 - Loss: -0.8812
Iter 136/250 - Loss: -0.8814
Iter 137/250 - Loss: -0.8813
Iter 138/250 - Loss: -0.8814
Iter 139/250 - Loss: -0.8814
Iter 140/250 - Loss: -0.8815
Iter 141/250 - Loss: -0.8816
Iter 142/250 - Loss: -0.8816
Iter 143/250 - Loss: -0.8815
Iter 144/250 - Loss: -0.8816
Iter 145/250 - Loss: -0.8818
Iter 146/250 - Loss: -0.8819
Iter 147/250 - Loss: -0.8819
Iter 148/250 - Loss: -0.8819
Iter 149/250 - Loss: -0.8821
Iter 150/250 - Loss: -0.8821
Iter 151/250 - Loss: -0.8822
Iter 152/250 - Loss: -0.8824
Iter 153/250 - Loss: -0.8825
Iter 154/250 - Loss: -0.8825
Iter 155/250 - Loss: -0.8826
Iter 156/250 - Loss: -0.8826
Iter 157/250 - Loss: -0.8826
Iter 158/250 - Loss: -0.8828
Iter 159/250 - Loss: -0.8829
Iter 160/250 - Loss: -0.8831
Iter 161/250 - Loss: -0.8831
Iter 162/250 - Loss: -0.8832
Iter 163/250 - Loss: -0.8832
Iter 164/250 - Loss: -0.8833
Iter 165/250 - Loss: -0.8833
Iter 166/250 - Loss: -0.8834
Iter 167/250 - Loss: -0.8835
Iter 168/250 - Loss: -0.8836
Iter 169/250 - Loss: -0.8837
Iter 170/250 - Loss: -0.8836
Iter 171/250 - Loss: -0.8837
Iter 172/250 - Loss: -0.8837
Iter 173/250 - Loss: -0.8839
Iter 174/250 - Loss: -0.8839
Iter 175/250 - Loss: -0.8839
Iter 176/250 - Loss: -0.8841
Iter 177/250 - Loss: -0.8840
Iter 178/250 - Loss: -0.8840
Iter 179/250 - Loss: -0.8842
Iter 180/250 - Loss: -0.8844
Iter 181/250 - Loss: -0.8843
Iter 182/250 - Loss: -0.8843
Iter 183/250 - Loss: -0.8846
Iter 184/250 - Loss: -0.8845
Iter 185/250 - Loss: -0.8847
Iter 186/250 - Loss: -0.8846
Iter 187/250 - Loss: -0.8846
Iter 188/250 - Loss: -0.8847
Iter 189/250 - Loss: -0.8848
Iter 190/250 - Loss: -0.8848
Iter 191/250 - Loss: -0.8849
Iter 192/250 - Loss: -0.8849
Iter 193/250 - Loss: -0.8851
Iter 194/250 - Loss: -0.8851
Iter 195/250 - Loss: -0.8851
Iter 196/250 - Loss: -0.8852
Iter 197/250 - Loss: -0.8853
Iter 198/250 - Loss: -0.8853
Iter 199/250 - Loss: -0.8852
Iter 200/250 - Loss: -0.8855
Iter 201/250 - Loss: -0.8853
Iter 202/250 - Loss: -0.8854
Iter 203/250 - Loss: -0.8855
Iter 204/250 - Loss: -0.8856
Iter 205/250 - Loss: -0.8856
Iter 206/250 - Loss: -0.8857
Iter 207/250 - Loss: -0.8856
Iter 208/250 - Loss: -0.8856
Iter 209/250 - Loss: -0.8857
Iter 210/250 - Loss: -0.8858
Iter 211/250 - Loss: -0.8860
Iter 212/250 - Loss: -0.8860
Iter 213/250 - Loss: -0.8859
Iter 214/250 - Loss: -0.8860
Iter 215/250 - Loss: -0.8861
Iter 216/250 - Loss: -0.8861
Iter 217/250 - Loss: -0.8862
Iter 218/250 - Loss: -0.8861
Iter 219/250 - Loss: -0.8862
Iter 220/250 - Loss: -0.8863
Iter 221/250 - Loss: -0.8864
Iter 222/250 - Loss: -0.8863
Iter 223/250 - Loss: -0.8864
Iter 224/250 - Loss: -0.8865
Iter 225/250 - Loss: -0.8865
Iter 226/250 - Loss: -0.8865
Iter 227/250 - Loss: -0.8867
Iter 228/250 - Loss: -0.8866
Iter 229/250 - Loss: -0.8867
Iter 230/250 - Loss: -0.8868
Iter 231/250 - Loss: -0.8868
Iter 232/250 - Loss: -0.8870
Iter 233/250 - Loss: -0.8869
Iter 234/250 - Loss: -0.8869
Iter 235/250 - Loss: -0.8872
Iter 236/250 - Loss: -0.8872
Iter 237/250 - Loss: -0.8872
Iter 238/250 - Loss: -0.8870
Iter 239/250 - Loss: -0.8872
Iter 240/250 - Loss: -0.8872
Iter 241/250 - Loss: -0.8874
Iter 242/250 - Loss: -0.8873
Iter 243/250 - Loss: -0.8874
Iter 244/250 - Loss: -0.8874
Iter 245/250 - Loss: -0.8876
Iter 246/250 - Loss: -0.8874
Iter 247/250 - Loss: -0.8877
Iter 248/250 - Loss: -0.8878
Iter 249/250 - Loss: -0.8878
Iter 250/250 - Loss: -0.8878
