prev {'d': 0.4169038702292762, 'e': 0.8607152650795458, 'f': 2.3335378408784075, 'g': 1.2457027217245935}
Starting ML Fit
Box_n50_40_1400
       message: Optimization terminated successfully.
       success: True
        status: 0
           fun: 4355.867060079614
             x: [ 4.109e-01  8.605e-01  2.333e+00  1.241e+00]
           nit: 74
          nfev: 135
 final_simplex: (array([[ 4.109e-01,  8.605e-01,  2.333e+00,  1.241e+00],
                       [ 4.109e-01,  8.605e-01,  2.333e+00,  1.241e+00],
                       ...,
                       [ 4.109e-01,  8.605e-01,  2.333e+00,  1.241e+00],
                       [ 4.109e-01,  8.605e-01,  2.333e+00,  1.241e+00]]), array([ 4.356e+03,  4.356e+03,  4.356e+03,  4.356e+03,
                        4.356e+03]))
   param_names: ['d', 'e', 'f', 'g']
[0.41085758 0.8604784  2.33309423 1.24083334]
{'d': 0.4108575782931416, 'e': 0.8604783983943345, 'f': 2.3330942269888464, 'g': 1.24083333758521}
Previous:  {'d': 0.4169038702292762, 'e': 0.8607152650795458, 'f': 2.3335378408784075, 'g': 1.2457027217245935}
