prev {'d': 0.4164992391630286, 'e': 1.0151126042501746, 'f': 2.331503247723236, 'g': 1.2631177382999093}
Starting ML Fit
Box76_1400
       message: Optimization terminated successfully.
       success: True
        status: 0
           fun: 7331.407576503635
             x: [ 4.415e-01  1.034e+00  2.327e+00  1.280e+00]
           nit: 102
          nfev: 182
 final_simplex: (array([[ 4.415e-01,  1.034e+00,  2.327e+00,  1.280e+00],
                       [ 4.415e-01,  1.034e+00,  2.327e+00,  1.280e+00],
                       ...,
                       [ 4.415e-01,  1.034e+00,  2.327e+00,  1.280e+00],
                       [ 4.415e-01,  1.034e+00,  2.327e+00,  1.280e+00]]), array([ 7.331e+03,  7.331e+03,  7.331e+03,  7.331e+03,
                        7.331e+03]))
   param_names: ['d', 'e', 'f', 'g']
[0.44150348 1.03372234 2.32679741 1.28023608]
{'d': 0.44150347617808683, 'e': 1.033722343049177, 'f': 2.326797407864916, 'g': 1.280236077694132}
Previous:  {'d': 0.4164992391630286, 'e': 1.0151126042501746, 'f': 2.331503247723236, 'g': 1.2631177382999093}
