prev {'d': 0.49867573874564786, 'e': 1.35421785235574, 'f': 2.3485208839575265, 'g': 1.2852783540850112}
Starting ML Fit
Box_n50_19_1400
       message: Optimization terminated successfully.
       success: True
        status: 0
           fun: 9631.129326792667
             x: [ 4.952e-01  1.370e+00  2.348e+00  1.285e+00]
           nit: 87
          nfev: 159
 final_simplex: (array([[ 4.952e-01,  1.370e+00,  2.348e+00,  1.285e+00],
                       [ 4.952e-01,  1.370e+00,  2.348e+00,  1.285e+00],
                       ...,
                       [ 4.952e-01,  1.370e+00,  2.348e+00,  1.285e+00],
                       [ 4.952e-01,  1.370e+00,  2.348e+00,  1.285e+00]]), array([ 9.631e+03,  9.631e+03,  9.631e+03,  9.631e+03,
                        9.631e+03]))
   param_names: ['d', 'e', 'f', 'g']
[0.49515922 1.36975479 2.34819554 1.28466154]
{'d': 0.4951592185850408, 'e': 1.3697547903046712, 'f': 2.3481955400367522, 'g': 1.284661544336081}
Previous:  {'d': 0.49867573874564786, 'e': 1.35421785235574, 'f': 2.3485208839575265, 'g': 1.2852783540850112}
