prev {'d': 0.482801485133735, 'e': 0.9604312226040915, 'f': 2.2914304334675757, 'g': 1.3025418345852118}
Starting ML Fit
Box27_1400
       message: Optimization terminated successfully.
       success: True
        status: 0
           fun: 6738.58847059434
             x: [ 4.788e-01  9.576e-01  2.292e+00  1.302e+00]
           nit: 83
          nfev: 152
 final_simplex: (array([[ 4.788e-01,  9.576e-01,  2.292e+00,  1.302e+00],
                       [ 4.788e-01,  9.576e-01,  2.292e+00,  1.302e+00],
                       ...,
                       [ 4.788e-01,  9.576e-01,  2.292e+00,  1.302e+00],
                       [ 4.788e-01,  9.576e-01,  2.292e+00,  1.302e+00]]), array([ 6.739e+03,  6.739e+03,  6.739e+03,  6.739e+03,
                        6.739e+03]))
   param_names: ['d', 'e', 'f', 'g']
[0.47883266 0.95764487 2.29154354 1.30177119]
{'d': 0.4788326637462217, 'e': 0.9576448675970851, 'f': 2.2915435432610405, 'g': 1.3017711887197412}
Previous:  {'d': 0.482801485133735, 'e': 0.9604312226040915, 'f': 2.2914304334675757, 'g': 1.3025418345852118}
