prev {'d': 0.4497473507614096, 'e': 1.036342722731825, 'f': 2.3489406425935933, 'g': 1.246924398175449}
Starting ML Fit
Box16_1400
       message: Optimization terminated successfully.
       success: True
        status: 0
           fun: 5321.420853746797
             x: [ 4.386e-01  1.044e+00  2.347e+00  1.254e+00]
           nit: 115
          nfev: 197
 final_simplex: (array([[ 4.386e-01,  1.044e+00,  2.347e+00,  1.254e+00],
                       [ 4.386e-01,  1.044e+00,  2.347e+00,  1.254e+00],
                       ...,
                       [ 4.386e-01,  1.044e+00,  2.347e+00,  1.254e+00],
                       [ 4.386e-01,  1.044e+00,  2.347e+00,  1.254e+00]]), array([ 5.321e+03,  5.321e+03,  5.321e+03,  5.321e+03,
                        5.321e+03]))
   param_names: ['d', 'e', 'f', 'g']
[0.43863489 1.04392003 2.34699942 1.25371662]
{'d': 0.4386348914171972, 'e': 1.0439200276951546, 'f': 2.3469994188965053, 'g': 1.253716615856984}
Previous:  {'d': 0.4497473507614096, 'e': 1.036342722731825, 'f': 2.3489406425935933, 'g': 1.246924398175449}
