prev {'d': 0.530426882105089, 'e': 1.0384486402090258, 'f': 2.349894418507935, 'g': 1.2711157809668827}
Starting ML Fit
Box26_1400
       message: Optimization terminated successfully.
       success: True
        status: 0
           fun: 30409.283745296143
             x: [ 5.195e-01  1.013e+00  2.350e+00  1.272e+00]
           nit: 95
          nfev: 165
 final_simplex: (array([[ 5.195e-01,  1.013e+00,  2.350e+00,  1.272e+00],
                       [ 5.195e-01,  1.013e+00,  2.350e+00,  1.272e+00],
                       ...,
                       [ 5.195e-01,  1.013e+00,  2.350e+00,  1.272e+00],
                       [ 5.195e-01,  1.013e+00,  2.350e+00,  1.272e+00]]), array([ 3.041e+04,  3.041e+04,  3.041e+04,  3.041e+04,
                        3.041e+04]))
   param_names: ['d', 'e', 'f', 'g']
[0.51951228 1.01329677 2.34982713 1.27157044]
{'d': 0.5195122781046329, 'e': 1.0132967707240508, 'f': 2.349827125292614, 'g': 1.271570442715334}
Previous:  {'d': 0.530426882105089, 'e': 1.0384486402090258, 'f': 2.349894418507935, 'g': 1.2711157809668827}
