prev {'d': 0.42331161777184523, 'e': 0.8823203370207945, 'f': 2.3661114521394095, 'g': 1.2705838667812892}
Starting ML Fit
Box14_1400
       message: Optimization terminated successfully.
       success: True
        status: 0
           fun: 2726.938776019038
             x: [ 4.080e-01  8.812e-01  2.367e+00  1.261e+00]
           nit: 93
          nfev: 166
 final_simplex: (array([[ 4.080e-01,  8.812e-01,  2.367e+00,  1.261e+00],
                       [ 4.080e-01,  8.812e-01,  2.367e+00,  1.261e+00],
                       ...,
                       [ 4.080e-01,  8.812e-01,  2.367e+00,  1.261e+00],
                       [ 4.080e-01,  8.812e-01,  2.367e+00,  1.261e+00]]), array([ 2.727e+03,  2.727e+03,  2.727e+03,  2.727e+03,
                        2.727e+03]))
   param_names: ['d', 'e', 'f', 'g']
[0.40795652 0.88120316 2.3670679  1.26086366]
{'d': 0.4079565201103103, 'e': 0.8812031637228499, 'f': 2.3670679030099424, 'g': 1.2608636631301815}
Previous:  {'d': 0.42331161777184523, 'e': 0.8823203370207945, 'f': 2.3661114521394095, 'g': 1.2705838667812892}
