prev {'d': 0.3835659834895742, 'e': 1.1128562529960315, 'f': 2.2442873998588957, 'g': 1.2063014640117875}
Starting ML Fit
Box54_1400
       message: Optimization terminated successfully.
       success: True
        status: 0
           fun: 1890.9467751709576
             x: [ 3.840e-01  1.117e+00  2.244e+00  1.207e+00]
           nit: 66
          nfev: 127
 final_simplex: (array([[ 3.840e-01,  1.117e+00,  2.244e+00,  1.207e+00],
                       [ 3.840e-01,  1.117e+00,  2.244e+00,  1.207e+00],
                       ...,
                       [ 3.840e-01,  1.117e+00,  2.244e+00,  1.207e+00],
                       [ 3.840e-01,  1.117e+00,  2.244e+00,  1.207e+00]]), array([ 1.891e+03,  1.891e+03,  1.891e+03,  1.891e+03,
                        1.891e+03]))
   param_names: ['d', 'e', 'f', 'g']
[0.38404196 1.11735644 2.24424249 1.20671603]
{'d': 0.3840419589405142, 'e': 1.1173564402967648, 'f': 2.2442424864661774, 'g': 1.2067160290828602}
Previous:  {'d': 0.3835659834895742, 'e': 1.1128562529960315, 'f': 2.2442873998588957, 'g': 1.2063014640117875}
