prev {'d': 0.40422642113523344, 'e': 1.2142108494184605, 'f': 2.2975433476145137, 'g': 1.230441543071139}
Starting ML Fit
Box_n50_14_1400
       message: Optimization terminated successfully.
       success: True
        status: 0
           fun: 4465.052070663592
             x: [ 3.934e-01  1.210e+00  2.300e+00  1.226e+00]
           nit: 97
          nfev: 172
 final_simplex: (array([[ 3.934e-01,  1.210e+00,  2.300e+00,  1.226e+00],
                       [ 3.934e-01,  1.210e+00,  2.300e+00,  1.226e+00],
                       ...,
                       [ 3.934e-01,  1.210e+00,  2.300e+00,  1.226e+00],
                       [ 3.934e-01,  1.210e+00,  2.299e+00,  1.226e+00]]), array([ 4.465e+03,  4.465e+03,  4.465e+03,  4.465e+03,
                        4.465e+03]))
   param_names: ['d', 'e', 'f', 'g']
[0.39344089 1.21000282 2.29950521 1.22647336]
{'d': 0.39344089235289476, 'e': 1.2100028178302247, 'f': 2.299505209243727, 'g': 1.2264733581273783}
Previous:  {'d': 0.40422642113523344, 'e': 1.2142108494184605, 'f': 2.2975433476145137, 'g': 1.230441543071139}
