prev {'d': 0.4606295326672397, 'e': 1.0918228896814979, 'f': 2.3206982939329714, 'g': 1.254939674511312}
Starting ML Fit
Box42_1400
       message: Optimization terminated successfully.
       success: True
        status: 0
           fun: 3310.85771036518
             x: [ 4.504e-01  1.109e+00  2.316e+00  1.274e+00]
           nit: 127
          nfev: 224
 final_simplex: (array([[ 4.504e-01,  1.109e+00,  2.316e+00,  1.274e+00],
                       [ 4.504e-01,  1.109e+00,  2.316e+00,  1.274e+00],
                       ...,
                       [ 4.504e-01,  1.109e+00,  2.316e+00,  1.274e+00],
                       [ 4.504e-01,  1.109e+00,  2.316e+00,  1.274e+00]]), array([ 3.311e+03,  3.311e+03,  3.311e+03,  3.311e+03,
                        3.311e+03]))
   param_names: ['d', 'e', 'f', 'g']
[0.45039227 1.10869066 2.31648409 1.27404223]
{'d': 0.45039227330518333, 'e': 1.108690657359514, 'f': 2.3164840938784295, 'g': 1.274042226783637}
Previous:  {'d': 0.4606295326672397, 'e': 1.0918228896814979, 'f': 2.3206982939329714, 'g': 1.254939674511312}
