prev {'d': 0.4436758704660018, 'e': 1.0696531558238251, 'f': 2.325534635566261, 'g': 1.2855255204089384}
Starting ML Fit
Box3_1400
       message: Optimization terminated successfully.
       success: True
        status: 0
           fun: 2201.7279867441425
             x: [ 4.394e-01  1.073e+00  2.325e+00  1.282e+00]
           nit: 67
          nfev: 127
 final_simplex: (array([[ 4.394e-01,  1.073e+00,  2.325e+00,  1.282e+00],
                       [ 4.394e-01,  1.073e+00,  2.325e+00,  1.282e+00],
                       ...,
                       [ 4.394e-01,  1.073e+00,  2.325e+00,  1.282e+00],
                       [ 4.394e-01,  1.073e+00,  2.325e+00,  1.282e+00]]), array([ 2.202e+03,  2.202e+03,  2.202e+03,  2.202e+03,
                        2.202e+03]))
   param_names: ['d', 'e', 'f', 'g']
[0.43936464 1.07295272 2.32491332 1.282494  ]
{'d': 0.439364638496626, 'e': 1.0729527234142746, 'f': 2.3249133152982244, 'g': 1.2824940017228372}
Previous:  {'d': 0.4436758704660018, 'e': 1.0696531558238251, 'f': 2.325534635566261, 'g': 1.2855255204089384}
