alist [1.0, 0.953321, 0.866399, 0.787402, 0.715608, 0.65036, 0.620002, 0.591061, 0.563471, 0.537169, 0.512095, 0.488191, 0.403224, 0.366459]
Leaving out Box61_1400
Iter 1/500 - Loss: 4.7991
Iter 2/500 - Loss: 4.4052
Iter 3/500 - Loss: 3.9926
Iter 4/500 - Loss: 3.6234
Iter 5/500 - Loss: 3.2804
Iter 6/500 - Loss: 2.9505
Iter 7/500 - Loss: 2.6497
Iter 8/500 - Loss: 2.3725
Iter 9/500 - Loss: 2.1149
Iter 10/500 - Loss: 1.8798
Iter 11/500 - Loss: 1.6702
Iter 12/500 - Loss: 1.4875
Iter 13/500 - Loss: 1.3219
Iter 14/500 - Loss: 1.1660
Iter 15/500 - Loss: 1.0183
Iter 16/500 - Loss: 0.8788
Iter 17/500 - Loss: 0.7480
Iter 18/500 - Loss: 0.6264
Iter 19/500 - Loss: 0.5145
Iter 20/500 - Loss: 0.4126
Iter 21/500 - Loss: 0.3204
Iter 22/500 - Loss: 0.2372
Iter 23/500 - Loss: 0.1619
Iter 24/500 - Loss: 0.0928
Iter 25/500 - Loss: 0.0284
Iter 26/500 - Loss: -0.0324
Iter 27/500 - Loss: -0.0903
Iter 28/500 - Loss: -0.1462
Iter 29/500 - Loss: -0.2000
Iter 30/500 - Loss: -0.2529
Iter 31/500 - Loss: -0.3058
Iter 32/500 - Loss: -0.3579
Iter 33/500 - Loss: -0.4086
Iter 34/500 - Loss: -0.4578
Iter 35/500 - Loss: -0.5055
Iter 36/500 - Loss: -0.5528
Iter 37/500 - Loss: -0.5995
Iter 38/500 - Loss: -0.6447
Iter 39/500 - Loss: -0.6875
Iter 40/500 - Loss: -0.7296
Iter 41/500 - Loss: -0.7712
Iter 42/500 - Loss: -0.8115
Iter 43/500 - Loss: -0.8501
Iter 44/500 - Loss: -0.8880
Iter 45/500 - Loss: -0.9261
Iter 46/500 - Loss: -0.9635
Iter 47/500 - Loss: -1.0002
Iter 48/500 - Loss: -1.0377
Iter 49/500 - Loss: -1.0759
Iter 50/500 - Loss: -1.1146
Iter 51/500 - Loss: -1.1543
Iter 52/500 - Loss: -1.1957
Iter 53/500 - Loss: -1.2377
Iter 54/500 - Loss: -1.2797
Iter 55/500 - Loss: -1.3214
Iter 56/500 - Loss: -1.3623
Iter 57/500 - Loss: -1.4020
Iter 58/500 - Loss: -1.4407
Iter 59/500 - Loss: -1.4786
Iter 60/500 - Loss: -1.5160
Iter 61/500 - Loss: -1.5529
Iter 62/500 - Loss: -1.5891
Iter 63/500 - Loss: -1.6248
Iter 64/500 - Loss: -1.6600
Iter 65/500 - Loss: -1.6949
Iter 66/500 - Loss: -1.7295
Iter 67/500 - Loss: -1.7639
Iter 68/500 - Loss: -1.7980
Iter 69/500 - Loss: -1.8321
Iter 70/500 - Loss: -1.8663
Iter 71/500 - Loss: -1.9006
Iter 72/500 - Loss: -1.9348
Iter 73/500 - Loss: -1.9689
Iter 74/500 - Loss: -2.0025
Iter 75/500 - Loss: -2.0357
Iter 76/500 - Loss: -2.0682
Iter 77/500 - Loss: -2.1004
Iter 78/500 - Loss: -2.1325
Iter 79/500 - Loss: -2.1645
Iter 80/500 - Loss: -2.1965
Iter 81/500 - Loss: -2.2283
Iter 82/500 - Loss: -2.2598
Iter 83/500 - Loss: -2.2909
Iter 84/500 - Loss: -2.3215
Iter 85/500 - Loss: -2.3514
Iter 86/500 - Loss: -2.3807
Iter 87/500 - Loss: -2.4092
Iter 88/500 - Loss: -2.4366
Iter 89/500 - Loss: -2.4626
Iter 90/500 - Loss: -2.4868
Iter 91/500 - Loss: -2.5095
Iter 92/500 - Loss: -2.5307
Iter 93/500 - Loss: -2.5497
Iter 94/500 - Loss: -2.5702
Iter 95/500 - Loss: -2.5872
Iter 96/500 - Loss: -2.6046
Iter 97/500 - Loss: -2.6196
Iter 98/500 - Loss: -2.6342
Iter 99/500 - Loss: -2.6472
Iter 100/500 - Loss: -2.6600
Iter 101/500 - Loss: -2.6713
Iter 102/500 - Loss: -2.6826
Iter 103/500 - Loss: -2.6925
Iter 104/500 - Loss: -2.7023
Iter 105/500 - Loss: -2.7112
Iter 106/500 - Loss: -2.7197
Iter 107/500 - Loss: -2.7280
Iter 108/500 - Loss: -2.7355
Iter 109/500 - Loss: -2.7430
Iter 110/500 - Loss: -2.7497
Iter 111/500 - Loss: -2.7563
Iter 112/500 - Loss: -2.7625
Iter 113/500 - Loss: -2.7681
Iter 114/500 - Loss: -2.7737
Iter 115/500 - Loss: -2.7788
Iter 116/500 - Loss: -2.7837
Iter 117/500 - Loss: -2.7883
Iter 118/500 - Loss: -2.7925
Iter 119/500 - Loss: -2.7966
Iter 120/500 - Loss: -2.8005
Iter 121/500 - Loss: -2.8041
Iter 122/500 - Loss: -2.8077
Iter 123/500 - Loss: -2.8109
Iter 124/500 - Loss: -2.8141
Iter 125/500 - Loss: -2.8170
Iter 126/500 - Loss: -2.8197
Iter 127/500 - Loss: -2.8222
Iter 128/500 - Loss: -2.8245
Iter 129/500 - Loss: -2.8267
Iter 130/500 - Loss: -2.8292
Iter 131/500 - Loss: -2.8315
Iter 132/500 - Loss: -2.8332
Iter 133/500 - Loss: -2.8351
Iter 134/500 - Loss: -2.8371
Iter 135/500 - Loss: -2.8387
Iter 136/500 - Loss: -2.8403
Iter 137/500 - Loss: -2.8420
Iter 138/500 - Loss: -2.8435
Iter 139/500 - Loss: -2.8448
Iter 140/500 - Loss: -2.8463
Iter 141/500 - Loss: -2.8476
Iter 142/500 - Loss: -2.8488
Iter 143/500 - Loss: -2.8501
Iter 144/500 - Loss: -2.8512
Iter 145/500 - Loss: -2.8523
Iter 146/500 - Loss: -2.8534
Iter 147/500 - Loss: -2.8545
Iter 148/500 - Loss: -2.8554
Iter 149/500 - Loss: -2.8565
Iter 150/500 - Loss: -2.8574
Iter 151/500 - Loss: -2.8583
Iter 152/500 - Loss: -2.8592
Iter 153/500 - Loss: -2.8599
Iter 154/500 - Loss: -2.8603
Iter 155/500 - Loss: -2.8613
Iter 156/500 - Loss: -2.8627
Iter 157/500 - Loss: -2.8631
Iter 158/500 - Loss: -2.8640
Iter 159/500 - Loss: -2.8651
Iter 160/500 - Loss: -2.8656
Iter 161/500 - Loss: -2.8666
Iter 162/500 - Loss: -2.8673
Iter 163/500 - Loss: -2.8680
Iter 164/500 - Loss: -2.8689
Iter 165/500 - Loss: -2.8695
Iter 166/500 - Loss: -2.8704
Iter 167/500 - Loss: -2.8710
Iter 168/500 - Loss: -2.8718
Iter 169/500 - Loss: -2.8725
Iter 170/500 - Loss: -2.8732
Iter 171/500 - Loss: -2.8739
Iter 172/500 - Loss: -2.8746
Iter 173/500 - Loss: -2.8754
Iter 174/500 - Loss: -2.8760
Iter 175/500 - Loss: -2.8767
Iter 176/500 - Loss: -2.8773
Iter 177/500 - Loss: -2.8780
Iter 178/500 - Loss: -2.8787
Iter 179/500 - Loss: -2.8793
Iter 180/500 - Loss: -2.8800
Iter 181/500 - Loss: -2.8806
Iter 182/500 - Loss: -2.8813
Iter 183/500 - Loss: -2.8819
Iter 184/500 - Loss: -2.8825
Iter 185/500 - Loss: -2.8831
Iter 186/500 - Loss: -2.8837
Iter 187/500 - Loss: -2.8843
Iter 188/500 - Loss: -2.8849
Iter 189/500 - Loss: -2.8855
Iter 190/500 - Loss: -2.8860
Iter 191/500 - Loss: -2.8866
Iter 192/500 - Loss: -2.8872
Iter 193/500 - Loss: -2.8877
Iter 194/500 - Loss: -2.8883
Iter 195/500 - Loss: -2.8888
Iter 196/500 - Loss: -2.8893
Iter 197/500 - Loss: -2.8898
Iter 198/500 - Loss: -2.8903
Iter 199/500 - Loss: -2.8908
Iter 200/500 - Loss: -2.8913
Iter 201/500 - Loss: -2.8918
Iter 202/500 - Loss: -2.8922
Iter 203/500 - Loss: -2.8927
Iter 204/500 - Loss: -2.8931
Iter 205/500 - Loss: -2.8936
Iter 206/500 - Loss: -2.8940
Iter 207/500 - Loss: -2.8944
Iter 208/500 - Loss: -2.8948
Iter 209/500 - Loss: -2.8952
Iter 210/500 - Loss: -2.8956
Iter 211/500 - Loss: -2.8960
Iter 212/500 - Loss: -2.8964
Iter 213/500 - Loss: -2.8968
Iter 214/500 - Loss: -2.8972
Iter 215/500 - Loss: -2.8975
Iter 216/500 - Loss: -2.8979
Iter 217/500 - Loss: -2.8982
Iter 218/500 - Loss: -2.8986
Iter 219/500 - Loss: -2.8989
Iter 220/500 - Loss: -2.8993
Iter 221/500 - Loss: -2.8996
Iter 222/500 - Loss: -2.8999
Iter 223/500 - Loss: -2.9002
Iter 224/500 - Loss: -2.9006
Iter 225/500 - Loss: -2.9009
Iter 226/500 - Loss: -2.9012
Iter 227/500 - Loss: -2.9015
Iter 228/500 - Loss: -2.9018
Iter 229/500 - Loss: -2.9021
Iter 230/500 - Loss: -2.9023
Iter 231/500 - Loss: -2.9026
Iter 232/500 - Loss: -2.9029
Iter 233/500 - Loss: -2.9032
Iter 234/500 - Loss: -2.9034
Iter 235/500 - Loss: -2.9037
Iter 236/500 - Loss: -2.9040
Iter 237/500 - Loss: -2.9042
Iter 238/500 - Loss: -2.9045
Iter 239/500 - Loss: -2.9047
Iter 240/500 - Loss: -2.9050
Iter 241/500 - Loss: -2.9052
Iter 242/500 - Loss: -2.9055
Iter 243/500 - Loss: -2.9057
Iter 244/500 - Loss: -2.9059
Iter 245/500 - Loss: -2.9062
Iter 246/500 - Loss: -2.9064
Iter 247/500 - Loss: -2.9066
Iter 248/500 - Loss: -2.9069
Iter 249/500 - Loss: -2.9071
Iter 250/500 - Loss: -2.9073
Iter 251/500 - Loss: -2.9075
Iter 252/500 - Loss: -2.9077
Iter 253/500 - Loss: -2.9079
Iter 254/500 - Loss: -2.9081
Iter 255/500 - Loss: -2.9083
Iter 256/500 - Loss: -2.9085
Iter 257/500 - Loss: -2.9087
Iter 258/500 - Loss: -2.9089
Iter 259/500 - Loss: -2.9091
Iter 260/500 - Loss: -2.9093
Iter 261/500 - Loss: -2.9095
Iter 262/500 - Loss: -2.9097
Iter 263/500 - Loss: -2.9099
Iter 264/500 - Loss: -2.9101
Iter 265/500 - Loss: -2.9103
Iter 266/500 - Loss: -2.9104
Iter 267/500 - Loss: -2.9106
Iter 268/500 - Loss: -2.9108
Iter 269/500 - Loss: -2.9109
Iter 270/500 - Loss: -2.9111
Iter 271/500 - Loss: -2.9113
Iter 272/500 - Loss: -2.9114
Iter 273/500 - Loss: -2.9116
Iter 274/500 - Loss: -2.9118
Iter 275/500 - Loss: -2.9119
Iter 276/500 - Loss: -2.9121
Iter 277/500 - Loss: -2.9122
Iter 278/500 - Loss: -2.9124
Iter 279/500 - Loss: -2.9125
Iter 280/500 - Loss: -2.9127
Iter 281/500 - Loss: -2.9128
Iter 282/500 - Loss: -2.9130
Iter 283/500 - Loss: -2.9131
Iter 284/500 - Loss: -2.9133
Iter 285/500 - Loss: -2.9134
Iter 286/500 - Loss: -2.9135
Iter 287/500 - Loss: -2.9137
Iter 288/500 - Loss: -2.9138
Iter 289/500 - Loss: -2.9140
Iter 290/500 - Loss: -2.9141
Iter 291/500 - Loss: -2.9142
Iter 292/500 - Loss: -2.9143
Iter 293/500 - Loss: -2.9145
Iter 294/500 - Loss: -2.9146
Iter 295/500 - Loss: -2.9147
Iter 296/500 - Loss: -2.9148
Iter 297/500 - Loss: -2.9150
Iter 298/500 - Loss: -2.9151
Iter 299/500 - Loss: -2.9152
Iter 300/500 - Loss: -2.9153
Iter 301/500 - Loss: -2.9154
Iter 302/500 - Loss: -2.9156
Iter 303/500 - Loss: -2.9157
Iter 304/500 - Loss: -2.9158
Iter 305/500 - Loss: -2.9159
Iter 306/500 - Loss: -2.9160
Iter 307/500 - Loss: -2.9161
Iter 308/500 - Loss: -2.9162
Iter 309/500 - Loss: -2.9163
Iter 310/500 - Loss: -2.9164
Iter 311/500 - Loss: -2.9165
Iter 312/500 - Loss: -2.9166
Iter 313/500 - Loss: -2.9167
Iter 314/500 - Loss: -2.9168
Iter 315/500 - Loss: -2.9169
Iter 316/500 - Loss: -2.9170
Iter 317/500 - Loss: -2.9171
Iter 318/500 - Loss: -2.9172
Iter 319/500 - Loss: -2.9173
Iter 320/500 - Loss: -2.9174
Iter 321/500 - Loss: -2.9175
Iter 322/500 - Loss: -2.9176
Iter 323/500 - Loss: -2.9177
Iter 324/500 - Loss: -2.9178
Iter 325/500 - Loss: -2.9179
Iter 326/500 - Loss: -2.9180
Iter 327/500 - Loss: -2.9181
Iter 328/500 - Loss: -2.9181
Iter 329/500 - Loss: -2.9181
Iter 330/500 - Loss: -2.9181
Iter 331/500 - Loss: -2.9183
Iter 332/500 - Loss: -2.9185
Iter 333/500 - Loss: -2.9186
Iter 334/500 - Loss: -2.9186
Iter 335/500 - Loss: -2.9188
Iter 336/500 - Loss: -2.9189
Iter 337/500 - Loss: -2.9189
Iter 338/500 - Loss: -2.9191
Iter 339/500 - Loss: -2.9192
Iter 340/500 - Loss: -2.9192
Iter 341/500 - Loss: -2.9194
Iter 342/500 - Loss: -2.9195
Iter 343/500 - Loss: -2.9195
Iter 344/500 - Loss: -2.9197
Iter 345/500 - Loss: -2.9198
Iter 346/500 - Loss: -2.9199
Iter 347/500 - Loss: -2.9200
Iter 348/500 - Loss: -2.9201
Iter 349/500 - Loss: -2.9202
Iter 350/500 - Loss: -2.9203
Iter 351/500 - Loss: -2.9204
Iter 352/500 - Loss: -2.9205
Iter 353/500 - Loss: -2.9206
Iter 354/500 - Loss: -2.9207
Iter 355/500 - Loss: -2.9208
Iter 356/500 - Loss: -2.9208
Iter 357/500 - Loss: -2.9209
Iter 358/500 - Loss: -2.9210
Iter 359/500 - Loss: -2.9211
Iter 360/500 - Loss: -2.9211
Iter 361/500 - Loss: -2.9212
Iter 362/500 - Loss: -2.9213
Iter 363/500 - Loss: -2.9214
Iter 364/500 - Loss: -2.9215
Iter 365/500 - Loss: -2.9215
Iter 366/500 - Loss: -2.9216
Iter 367/500 - Loss: -2.9217
Iter 368/500 - Loss: -2.9218
Iter 369/500 - Loss: -2.9219
Iter 370/500 - Loss: -2.9219
Iter 371/500 - Loss: -2.9220
Iter 372/500 - Loss: -2.9221
Iter 373/500 - Loss: -2.9222
Iter 374/500 - Loss: -2.9222
Iter 375/500 - Loss: -2.9223
Iter 376/500 - Loss: -2.9224
Iter 377/500 - Loss: -2.9224
Iter 378/500 - Loss: -2.9225
Iter 379/500 - Loss: -2.9226
Iter 380/500 - Loss: -2.9227
Iter 381/500 - Loss: -2.9228
Iter 382/500 - Loss: -2.9228
Iter 383/500 - Loss: -2.9229
Iter 384/500 - Loss: -2.9230
Iter 385/500 - Loss: -2.9231
Iter 386/500 - Loss: -2.9232
Iter 387/500 - Loss: -2.9232
Iter 388/500 - Loss: -2.9233
Iter 389/500 - Loss: -2.9234
Iter 390/500 - Loss: -2.9235
Iter 391/500 - Loss: -2.9236
Iter 392/500 - Loss: -2.9237
Iter 393/500 - Loss: -2.9238
Iter 394/500 - Loss: -2.9239
Iter 395/500 - Loss: -2.9240
Iter 396/500 - Loss: -2.9241
Iter 397/500 - Loss: -2.9242
Iter 398/500 - Loss: -2.9243
Iter 399/500 - Loss: -2.9244
Iter 400/500 - Loss: -2.9245
Iter 401/500 - Loss: -2.9246
Iter 402/500 - Loss: -2.9247
Iter 403/500 - Loss: -2.9248
Iter 404/500 - Loss: -2.9249
Iter 405/500 - Loss: -2.9250
Iter 406/500 - Loss: -2.9252
Iter 407/500 - Loss: -2.9253
Iter 408/500 - Loss: -2.9254
Iter 409/500 - Loss: -2.9255
Iter 410/500 - Loss: -2.9257
Iter 411/500 - Loss: -2.9258
Iter 412/500 - Loss: -2.9259
Iter 413/500 - Loss: -2.9260
Iter 414/500 - Loss: -2.9261
Iter 415/500 - Loss: -2.9263
Iter 416/500 - Loss: -2.9264
Iter 417/500 - Loss: -2.9265
Iter 418/500 - Loss: -2.9266
Iter 419/500 - Loss: -2.9267
Iter 420/500 - Loss: -2.9268
Iter 421/500 - Loss: -2.9270
Iter 422/500 - Loss: -2.9271
Iter 423/500 - Loss: -2.9272
Iter 424/500 - Loss: -2.9273
Iter 425/500 - Loss: -2.9275
Iter 426/500 - Loss: -2.9276
Iter 427/500 - Loss: -2.9277
Iter 428/500 - Loss: -2.9278
Iter 429/500 - Loss: -2.9279
Iter 430/500 - Loss: -2.9281
Iter 431/500 - Loss: -2.9282
Iter 432/500 - Loss: -2.9283
Iter 433/500 - Loss: -2.9285
Iter 434/500 - Loss: -2.9286
Iter 435/500 - Loss: -2.9287
Iter 436/500 - Loss: -2.9289
Iter 437/500 - Loss: -2.9290
Iter 438/500 - Loss: -2.9291
Iter 439/500 - Loss: -2.9293
Iter 440/500 - Loss: -2.9294
Iter 441/500 - Loss: -2.9295
Iter 442/500 - Loss: -2.9297
Iter 443/500 - Loss: -2.9298
Iter 444/500 - Loss: -2.9300
Iter 445/500 - Loss: -2.9301
Iter 446/500 - Loss: -2.9303
Iter 447/500 - Loss: -2.9304
Iter 448/500 - Loss: -2.9306
Iter 449/500 - Loss: -2.9307
Iter 450/500 - Loss: -2.9308
Iter 451/500 - Loss: -2.9310
Iter 452/500 - Loss: -2.9310
Iter 453/500 - Loss: -2.9310
Iter 454/500 - Loss: -2.9310
Iter 455/500 - Loss: -2.9315
Iter 456/500 - Loss: -2.9318
Iter 457/500 - Loss: -2.9318
Iter 458/500 - Loss: -2.9319
Iter 459/500 - Loss: -2.9323
Iter 460/500 - Loss: -2.9324
Iter 461/500 - Loss: -2.9325
Iter 462/500 - Loss: -2.9328
Iter 463/500 - Loss: -2.9329
Iter 464/500 - Loss: -2.9331
Iter 465/500 - Loss: -2.9334
Iter 466/500 - Loss: -2.9334
Iter 467/500 - Loss: -2.9336
Iter 468/500 - Loss: -2.9339
Iter 469/500 - Loss: -2.9340
Iter 470/500 - Loss: -2.9341
Iter 471/500 - Loss: -2.9343
Iter 472/500 - Loss: -2.9344
Iter 473/500 - Loss: -2.9346
Iter 474/500 - Loss: -2.9348
Iter 475/500 - Loss: -2.9349
Iter 476/500 - Loss: -2.9351
Iter 477/500 - Loss: -2.9352
Iter 478/500 - Loss: -2.9354
Iter 479/500 - Loss: -2.9355
Iter 480/500 - Loss: -2.9357
Iter 481/500 - Loss: -2.9358
Iter 482/500 - Loss: -2.9359
Iter 483/500 - Loss: -2.9361
Iter 484/500 - Loss: -2.9362
Iter 485/500 - Loss: -2.9363
Iter 486/500 - Loss: -2.9364
Iter 487/500 - Loss: -2.9366
Iter 488/500 - Loss: -2.9367
Iter 489/500 - Loss: -2.9368
Iter 490/500 - Loss: -2.9369
Iter 491/500 - Loss: -2.9370
Iter 492/500 - Loss: -2.9371
Iter 493/500 - Loss: -2.9373
Iter 494/500 - Loss: -2.9374
Iter 495/500 - Loss: -2.9375
Iter 496/500 - Loss: -2.9376
Iter 497/500 - Loss: -2.9377
Iter 498/500 - Loss: -2.9378
Iter 499/500 - Loss: -2.9379
Iter 500/500 - Loss: -2.9380
{'d': 0.4244563, 'e': 0.9765729, 'f': 2.288597, 'g': 1.2781096}
{'d': 0.43120635, 'e': 0.9938517, 'f': 2.2867954, 'g': 1.2829411}
{'d': 0.44894817, 'e': 0.9981898, 'f': 2.2868938, 'g': 1.2988845}
{'d': 0.4540596, 'e': 0.9898295, 'f': 2.288008, 'g': 1.3043703}
{'d': 0.45931986, 'e': 0.97716296, 'f': 2.2896173, 'g': 1.31042}
{'d': 0.46466732, 'e': 0.9605932, 'f': 2.2916937, 'g': 1.3169314}
{'d': 0.47004205, 'e': 0.94089293, 'f': 2.2941785, 'g': 1.3237475}
{'d': 0.4754107, 'e': 0.9194374, 'f': 2.2969646, 'g': 1.3306441}
{'d': 0.48077282, 'e': 0.89807487, 'f': 2.2999055, 'g': 1.3373382}
{'d': 0.49169624, 'e': 0.8646046, 'f': 2.3055544, 'g': 1.348793}
{'d': 0.503609, 'e': 0.8576358, 'f': 2.309846, 'g': 1.3555076}
{'d': 0.51733416, 'e': 0.8868473, 'f': 2.3121402, 'g': 1.3556978}
{'d': 0.53254795, 'e': 0.95086426, 'f': 2.3125439, 'g': 1.3490316}
{'d': 0.5400785, 'e': 0.9933994, 'f': 2.312132, 'g': 1.3433943}
