prev {'d': 0.48350886833139806, 'e': 1.1790005741345273, 'f': 2.123084424112328, 'g': 1.238621967820405}
Starting ML Fit
Box_n50_43_1400
       message: Optimization terminated successfully.
       success: True
        status: 0
           fun: 3217.669266821168
             x: [ 4.709e-01  1.190e+00  2.105e+00  1.233e+00]
           nit: 99
          nfev: 174
 final_simplex: (array([[ 4.709e-01,  1.190e+00,  2.105e+00,  1.233e+00],
                       [ 4.709e-01,  1.190e+00,  2.105e+00,  1.233e+00],
                       ...,
                       [ 4.709e-01,  1.190e+00,  2.105e+00,  1.233e+00],
                       [ 4.709e-01,  1.190e+00,  2.105e+00,  1.233e+00]]), array([ 3.218e+03,  3.218e+03,  3.218e+03,  3.218e+03,
                        3.218e+03]))
   param_names: ['d', 'e', 'f', 'g']
[0.47090563 1.1903643  2.10487655 1.23341725]
{'d': 0.47090563480483166, 'e': 1.1903642993167405, 'f': 2.1048765473947855, 'g': 1.2334172549265618}
Previous:  {'d': 0.48350886833139806, 'e': 1.1790005741345273, 'f': 2.123084424112328, 'g': 1.238621967820405}
