prev {'d': 0.392759459977688, 'e': 0.6715914926260809, 'f': 2.4352274483049725, 'g': 1.3003549408494148}
Starting ML Fit
Box60_1400
       message: Optimization terminated successfully.
       success: True
        status: 0
           fun: 2482.254446175501
             x: [ 3.915e-01  6.598e-01  2.435e+00  1.300e+00]
           nit: 82
          nfev: 152
 final_simplex: (array([[ 3.915e-01,  6.598e-01,  2.435e+00,  1.300e+00],
                       [ 3.915e-01,  6.598e-01,  2.435e+00,  1.300e+00],
                       ...,
                       [ 3.915e-01,  6.598e-01,  2.435e+00,  1.300e+00],
                       [ 3.915e-01,  6.597e-01,  2.435e+00,  1.300e+00]]), array([ 2.482e+03,  2.482e+03,  2.482e+03,  2.482e+03,
                        2.482e+03]))
   param_names: ['d', 'e', 'f', 'g']
[0.39149171 0.65978698 2.43531102 1.29961823]
{'d': 0.39149171289518797, 'e': 0.6597869809215755, 'f': 2.4353110233290596, 'g': 1.2996182261550466}
Previous:  {'d': 0.392759459977688, 'e': 0.6715914926260809, 'f': 2.4352274483049725, 'g': 1.3003549408494148}
