prev {'d': 0.4611793971766808, 'e': 0.9872231133720486, 'f': 2.337505331326816, 'g': 1.2701202705219456}
Starting ML Fit
Box39_1400
       message: Optimization terminated successfully.
       success: True
        status: 0
           fun: 3999.817238126514
             x: [ 4.533e-01  9.993e-01  2.336e+00  1.282e+00]
           nit: 95
          nfev: 166
 final_simplex: (array([[ 4.533e-01,  9.993e-01,  2.336e+00,  1.282e+00],
                       [ 4.533e-01,  9.993e-01,  2.336e+00,  1.282e+00],
                       ...,
                       [ 4.533e-01,  9.993e-01,  2.336e+00,  1.282e+00],
                       [ 4.533e-01,  9.993e-01,  2.336e+00,  1.282e+00]]), array([ 4.000e+03,  4.000e+03,  4.000e+03,  4.000e+03,
                        4.000e+03]))
   param_names: ['d', 'e', 'f', 'g']
[0.45329347 0.9992905  2.33631753 1.28155175]
{'d': 0.4532934722196816, 'e': 0.9992904953651636, 'f': 2.3363175302882917, 'g': 1.2815517531238811}
Previous:  {'d': 0.4611793971766808, 'e': 0.9872231133720486, 'f': 2.337505331326816, 'g': 1.2701202705219456}
