Leaving out Box33_1400
alist [1.0, 0.953321, 0.866399, 0.787402, 0.715608, 0.65036, 0.620002, 0.591061, 0.563471, 0.537169, 0.512095, 0.488191, 0.403224, 0.366459]
Iter 1/250 - Loss: 2.6372
Iter 2/250 - Loss: 2.4452
Iter 3/250 - Loss: 2.2706
Iter 4/250 - Loss: 2.0966
Iter 5/250 - Loss: 1.9253
Iter 6/250 - Loss: 1.7531
Iter 7/250 - Loss: 1.5789
Iter 8/250 - Loss: 1.4180
Iter 9/250 - Loss: 1.2831
Iter 10/250 - Loss: 1.2190
Iter 11/250 - Loss: 1.2377
Iter 12/250 - Loss: 1.1227
Iter 13/250 - Loss: 1.0222
Iter 14/250 - Loss: 0.8924
Iter 15/250 - Loss: 0.8601
Iter 16/250 - Loss: 0.8154
Iter 17/250 - Loss: 0.8206
Iter 18/250 - Loss: 0.7406
Iter 19/250 - Loss: 0.6747
Iter 20/250 - Loss: 0.5962
Iter 21/250 - Loss: 0.5305
Iter 22/250 - Loss: 0.4840
Iter 23/250 - Loss: 0.4350
Iter 24/250 - Loss: 0.3842
Iter 25/250 - Loss: 0.3371
Iter 26/250 - Loss: 0.2885
Iter 27/250 - Loss: 0.2332
Iter 28/250 - Loss: 0.1777
Iter 29/250 - Loss: 0.1250
Iter 30/250 - Loss: 0.0684
Iter 31/250 - Loss: 0.0089
Iter 32/250 - Loss: -0.0474
Iter 33/250 - Loss: -0.1019
Iter 34/250 - Loss: -0.1585
Iter 35/250 - Loss: -0.2156
Iter 36/250 - Loss: -0.2705
Iter 37/250 - Loss: -0.3246
Iter 38/250 - Loss: -0.3800
Iter 39/250 - Loss: -0.4355
Iter 40/250 - Loss: -0.4896
Iter 41/250 - Loss: -0.5440
Iter 42/250 - Loss: -0.5989
Iter 43/250 - Loss: -0.6527
Iter 44/250 - Loss: -0.7051
Iter 45/250 - Loss: -0.7576
Iter 46/250 - Loss: -0.8104
Iter 47/250 - Loss: -0.8623
Iter 48/250 - Loss: -0.9134
Iter 49/250 - Loss: -0.9650
Iter 50/250 - Loss: -1.0170
Iter 51/250 - Loss: -1.0688
Iter 52/250 - Loss: -1.1213
Iter 53/250 - Loss: -1.1741
Iter 54/250 - Loss: -1.2255
Iter 55/250 - Loss: -1.2748
Iter 56/250 - Loss: -1.3216
Iter 57/250 - Loss: -1.3676
Iter 58/250 - Loss: -1.4150
Iter 59/250 - Loss: -1.4632
Iter 60/250 - Loss: -1.5104
Iter 61/250 - Loss: -1.5549
Iter 62/250 - Loss: -1.5984
Iter 63/250 - Loss: -1.6439
Iter 64/250 - Loss: -1.6905
Iter 65/250 - Loss: -1.7357
Iter 66/250 - Loss: -1.7783
Iter 67/250 - Loss: -1.8217
Iter 68/250 - Loss: -1.8678
Iter 69/250 - Loss: -1.9121
Iter 70/250 - Loss: -1.9494
Iter 71/250 - Loss: -1.9870
Iter 72/250 - Loss: -2.0027
Iter 73/250 - Loss: -1.9616
Iter 74/250 - Loss: -2.0697
Iter 75/250 - Loss: -2.0763
Iter 76/250 - Loss: -2.1034
Iter 77/250 - Loss: -2.1357
Iter 78/250 - Loss: -2.1652
Iter 79/250 - Loss: -2.1949
Iter 80/250 - Loss: -2.2275
Iter 81/250 - Loss: -2.2628
Iter 82/250 - Loss: -2.3005
Iter 83/250 - Loss: -2.3397
Iter 84/250 - Loss: -2.3778
Iter 85/250 - Loss: -2.4086
Iter 86/250 - Loss: -2.4364
Iter 87/250 - Loss: -2.4595
Iter 88/250 - Loss: -2.4809
Iter 89/250 - Loss: -2.5023
Iter 90/250 - Loss: -2.5230
Iter 91/250 - Loss: -2.5395
Iter 92/250 - Loss: -2.5546
Iter 93/250 - Loss: -2.5718
Iter 94/250 - Loss: -2.5924
Iter 95/250 - Loss: -2.6134
Iter 96/250 - Loss: -2.6273
Iter 97/250 - Loss: -2.6390
Iter 98/250 - Loss: -2.6548
Iter 99/250 - Loss: -2.6716
Iter 100/250 - Loss: -2.6813
Iter 101/250 - Loss: -2.6898
Iter 102/250 - Loss: -2.7017
Iter 103/250 - Loss: -2.7122
Iter 104/250 - Loss: -2.7191
Iter 105/250 - Loss: -2.7294
Iter 106/250 - Loss: -2.7411
Iter 107/250 - Loss: -2.7491
Iter 108/250 - Loss: -2.7578
Iter 109/250 - Loss: -2.7656
Iter 110/250 - Loss: -2.7691
Iter 111/250 - Loss: -2.7745
Iter 112/250 - Loss: -2.7816
Iter 113/250 - Loss: -2.7873
Iter 114/250 - Loss: -2.7955
Iter 115/250 - Loss: -2.7987
Iter 116/250 - Loss: -2.8023
Iter 117/250 - Loss: -2.8094
Iter 118/250 - Loss: -2.8085
Iter 119/250 - Loss: -2.8163
Iter 120/250 - Loss: -2.8196
Iter 121/250 - Loss: -2.8248
Iter 122/250 - Loss: -2.8261
Iter 123/250 - Loss: -2.8299
Iter 124/250 - Loss: -2.8360
Iter 125/250 - Loss: -2.8349
Iter 126/250 - Loss: -2.8402
Iter 127/250 - Loss: -2.8445
Iter 128/250 - Loss: -2.8460
Iter 129/250 - Loss: -2.8494
Iter 130/250 - Loss: -2.8513
Iter 131/250 - Loss: -2.8548
Iter 132/250 - Loss: -2.8555
Iter 133/250 - Loss: -2.8593
Iter 134/250 - Loss: -2.8608
Iter 135/250 - Loss: -2.8615
Iter 136/250 - Loss: -2.8630
Iter 137/250 - Loss: -2.8670
Iter 138/250 - Loss: -2.8659
Iter 139/250 - Loss: -2.8673
Iter 140/250 - Loss: -2.8704
Iter 141/250 - Loss: -2.8705
Iter 142/250 - Loss: -2.8714
Iter 143/250 - Loss: -2.8754
Iter 144/250 - Loss: -2.8745
Iter 145/250 - Loss: -2.8760
Iter 146/250 - Loss: -2.8796
Iter 147/250 - Loss: -2.8783
Iter 148/250 - Loss: -2.8791
Iter 149/250 - Loss: -2.8796
Iter 150/250 - Loss: -2.8699
Iter 151/250 - Loss: -2.8623
Iter 152/250 - Loss: -2.8667
Iter 153/250 - Loss: -2.8755
Iter 154/250 - Loss: -2.8740
Iter 155/250 - Loss: -2.8776
Iter 156/250 - Loss: -2.8790
Iter 157/250 - Loss: -2.8821
Iter 158/250 - Loss: -2.8825
Iter 159/250 - Loss: -2.8827
Iter 160/250 - Loss: -2.8859
Iter 161/250 - Loss: -2.8859
Iter 162/250 - Loss: -2.8877
Iter 163/250 - Loss: -2.8876
Iter 164/250 - Loss: -2.8880
Iter 165/250 - Loss: -2.8908
Iter 166/250 - Loss: -2.8911
Iter 167/250 - Loss: -2.8904
Iter 168/250 - Loss: -2.8939
Iter 169/250 - Loss: -2.8904
Iter 170/250 - Loss: -2.8954
Iter 171/250 - Loss: -2.8953
Iter 172/250 - Loss: -2.8973
Iter 173/250 - Loss: -2.8972
Iter 174/250 - Loss: -2.8995
Iter 175/250 - Loss: -2.8986
Iter 176/250 - Loss: -2.9013
Iter 177/250 - Loss: -2.9012
Iter 178/250 - Loss: -2.9011
Iter 179/250 - Loss: -2.9038
Iter 180/250 - Loss: -2.9024
Iter 181/250 - Loss: -2.9033
Iter 182/250 - Loss: -2.9052
Iter 183/250 - Loss: -2.9054
Iter 184/250 - Loss: -2.9055
Iter 185/250 - Loss: -2.9044
Iter 186/250 - Loss: -2.8994
Iter 187/250 - Loss: -2.8814
Iter 188/250 - Loss: -2.8672
Iter 189/250 - Loss: -2.8924
Iter 190/250 - Loss: -2.8935
Iter 191/250 - Loss: -2.9001
Iter 192/250 - Loss: -2.8960
Iter 193/250 - Loss: -2.9039
Iter 194/250 - Loss: -2.8972
Iter 195/250 - Loss: -2.9015
Iter 196/250 - Loss: -2.9043
Iter 197/250 - Loss: -2.9005
Iter 198/250 - Loss: -2.9010
Iter 199/250 - Loss: -2.9033
Iter 200/250 - Loss: -2.9039
Iter 201/250 - Loss: -2.9025
Iter 202/250 - Loss: -2.9003
Iter 203/250 - Loss: -2.9003
Iter 204/250 - Loss: -2.8978
Iter 205/250 - Loss: -2.9024
Iter 206/250 - Loss: -2.9064
Iter 207/250 - Loss: -2.9039
Iter 208/250 - Loss: -2.9098
Iter 209/250 - Loss: -2.9073
Iter 210/250 - Loss: -2.9070
Iter 211/250 - Loss: -2.9084
Iter 212/250 - Loss: -2.9114
Iter 213/250 - Loss: -2.9140
Iter 214/250 - Loss: -2.9130
Iter 215/250 - Loss: -2.9143
Iter 216/250 - Loss: -2.9160
Iter 217/250 - Loss: -2.9148
Iter 218/250 - Loss: -2.9157
Iter 219/250 - Loss: -2.9180
Iter 220/250 - Loss: -2.9187
Iter 221/250 - Loss: -2.9177
Iter 222/250 - Loss: -2.9159
Iter 223/250 - Loss: -2.8978
Iter 224/250 - Loss: -2.8183
Iter 225/250 - Loss: -2.8021
Iter 226/250 - Loss: -2.8271
Iter 227/250 - Loss: -2.8909
Iter 228/250 - Loss: -2.8632
Iter 229/250 - Loss: -2.8569
Iter 230/250 - Loss: -2.8598
Iter 231/250 - Loss: -2.8616
Iter 232/250 - Loss: -2.8728
Iter 233/250 - Loss: -2.8324
Iter 234/250 - Loss: -2.8643
Iter 235/250 - Loss: -2.8300
Iter 236/250 - Loss: -2.8514
Iter 237/250 - Loss: -2.8720
Iter 238/250 - Loss: -2.8543
Iter 239/250 - Loss: -2.8567
Iter 240/250 - Loss: -2.8786
Iter 241/250 - Loss: -2.8791
Iter 242/250 - Loss: -2.8742
Iter 243/250 - Loss: -2.9001
Iter 244/250 - Loss: -2.8840
Iter 245/250 - Loss: -2.8921
Iter 246/250 - Loss: -2.8943
Iter 247/250 - Loss: -2.8935
Iter 248/250 - Loss: -2.8971
Iter 249/250 - Loss: -2.9030
Iter 250/250 - Loss: -2.8969
now training with smaller learning rate
Iter 1/250 - Loss: -2.9064
Iter 2/250 - Loss: -2.9053
Iter 3/250 - Loss: -2.9135
Iter 4/250 - Loss: -2.9099
Iter 5/250 - Loss: -2.9092
Iter 6/250 - Loss: -2.9131
Iter 7/250 - Loss: -2.9162
Iter 8/250 - Loss: -2.9165
Iter 9/250 - Loss: -2.9152
Iter 10/250 - Loss: -2.9153
Iter 11/250 - Loss: -2.9174
Iter 12/250 - Loss: -2.9194
Iter 13/250 - Loss: -2.9203
Iter 14/250 - Loss: -2.9198
Iter 15/250 - Loss: -2.9201
Iter 16/250 - Loss: -2.9214
Iter 17/250 - Loss: -2.9224
Iter 18/250 - Loss: -2.9227
Iter 19/250 - Loss: -2.9231
Iter 20/250 - Loss: -2.9234
Iter 21/250 - Loss: -2.9243
Iter 22/250 - Loss: -2.9248
Iter 23/250 - Loss: -2.9251
Iter 24/250 - Loss: -2.9255
Iter 25/250 - Loss: -2.9260
Iter 26/250 - Loss: -2.9266
Iter 27/250 - Loss: -2.9273
Iter 28/250 - Loss: -2.9278
Iter 29/250 - Loss: -2.9283
Iter 30/250 - Loss: -2.9286
Iter 31/250 - Loss: -2.9293
Iter 32/250 - Loss: -2.9297
Iter 33/250 - Loss: -2.9302
Iter 34/250 - Loss: -2.9306
Iter 35/250 - Loss: -2.9308
Iter 36/250 - Loss: -2.9312
Iter 37/250 - Loss: -2.9317
Iter 38/250 - Loss: -2.9322
Iter 39/250 - Loss: -2.9324
Iter 40/250 - Loss: -2.9327
Iter 41/250 - Loss: -2.9331
Iter 42/250 - Loss: -2.9335
Iter 43/250 - Loss: -2.9338
Iter 44/250 - Loss: -2.9343
Iter 45/250 - Loss: -2.9346
Iter 46/250 - Loss: -2.9350
Iter 47/250 - Loss: -2.9353
Iter 48/250 - Loss: -2.9356
Iter 49/250 - Loss: -2.9360
Iter 50/250 - Loss: -2.9363
Iter 51/250 - Loss: -2.9368
Iter 52/250 - Loss: -2.9370
Iter 53/250 - Loss: -2.9373
Iter 54/250 - Loss: -2.9376
Iter 55/250 - Loss: -2.9379
Iter 56/250 - Loss: -2.9382
Iter 57/250 - Loss: -2.9385
Iter 58/250 - Loss: -2.9387
Iter 59/250 - Loss: -2.9390
Iter 60/250 - Loss: -2.9392
Iter 61/250 - Loss: -2.9393
Iter 62/250 - Loss: -2.9392
Iter 63/250 - Loss: -2.9392
Iter 64/250 - Loss: -2.9400
Iter 65/250 - Loss: -2.9407
Iter 66/250 - Loss: -2.9404
Iter 67/250 - Loss: -2.9406
Iter 68/250 - Loss: -2.9414
Iter 69/250 - Loss: -2.9414
Iter 70/250 - Loss: -2.9413
Iter 71/250 - Loss: -2.9420
Iter 72/250 - Loss: -2.9423
Iter 73/250 - Loss: -2.9421
Iter 74/250 - Loss: -2.9425
Iter 75/250 - Loss: -2.9431
Iter 76/250 - Loss: -2.9431
Iter 77/250 - Loss: -2.9432
Iter 78/250 - Loss: -2.9437
Iter 79/250 - Loss: -2.9441
Iter 80/250 - Loss: -2.9441
Iter 81/250 - Loss: -2.9441
Iter 82/250 - Loss: -2.9445
Iter 83/250 - Loss: -2.9449
Iter 84/250 - Loss: -2.9450
Iter 85/250 - Loss: -2.9447
Iter 86/250 - Loss: -2.9436
Iter 87/250 - Loss: -2.9443
Iter 88/250 - Loss: -2.9454
Iter 89/250 - Loss: -2.9448
Iter 90/250 - Loss: -2.9453
Iter 91/250 - Loss: -2.9458
Iter 92/250 - Loss: -2.9465
Iter 93/250 - Loss: -2.9460
Iter 94/250 - Loss: -2.9469
Iter 95/250 - Loss: -2.9465
Iter 96/250 - Loss: -2.9475
Iter 97/250 - Loss: -2.9471
Iter 98/250 - Loss: -2.9477
Iter 99/250 - Loss: -2.9477
Iter 100/250 - Loss: -2.9481
Iter 101/250 - Loss: -2.9482
Iter 102/250 - Loss: -2.9485
Iter 103/250 - Loss: -2.9484
Iter 104/250 - Loss: -2.9490
Iter 105/250 - Loss: -2.9490
Iter 106/250 - Loss: -2.9494
Iter 107/250 - Loss: -2.9496
Iter 108/250 - Loss: -2.9496
Iter 109/250 - Loss: -2.9499
Iter 110/250 - Loss: -2.9497
Iter 111/250 - Loss: -2.9490
Iter 112/250 - Loss: -2.9467
Iter 113/250 - Loss: -2.9459
Iter 114/250 - Loss: -2.9502
Iter 115/250 - Loss: -2.9499
Iter 116/250 - Loss: -2.9487
Iter 117/250 - Loss: -2.9513
Iter 118/250 - Loss: -2.9496
Iter 119/250 - Loss: -2.9513
Iter 120/250 - Loss: -2.9506
Iter 121/250 - Loss: -2.9514
Iter 122/250 - Loss: -2.9513
Iter 123/250 - Loss: -2.9516
Iter 124/250 - Loss: -2.9519
Iter 125/250 - Loss: -2.9520
Iter 126/250 - Loss: -2.9524
Iter 127/250 - Loss: -2.9523
Iter 128/250 - Loss: -2.9529
Iter 129/250 - Loss: -2.9527
Iter 130/250 - Loss: -2.9533
Iter 131/250 - Loss: -2.9531
Iter 132/250 - Loss: -2.9537
Iter 133/250 - Loss: -2.9536
Iter 134/250 - Loss: -2.9539
Iter 135/250 - Loss: -2.9542
Iter 136/250 - Loss: -2.9541
Iter 137/250 - Loss: -2.9545
Iter 138/250 - Loss: -2.9547
Iter 139/250 - Loss: -2.9547
Iter 140/250 - Loss: -2.9549
Iter 141/250 - Loss: -2.9552
Iter 142/250 - Loss: -2.9553
Iter 143/250 - Loss: -2.9554
Iter 144/250 - Loss: -2.9555
Iter 145/250 - Loss: -2.9557
Iter 146/250 - Loss: -2.9559
Iter 147/250 - Loss: -2.9561
Iter 148/250 - Loss: -2.9562
Iter 149/250 - Loss: -2.9563
Iter 150/250 - Loss: -2.9564
Iter 151/250 - Loss: -2.9565
Iter 152/250 - Loss: -2.9565
Iter 153/250 - Loss: -2.9563
Iter 154/250 - Loss: -2.9559
Iter 155/250 - Loss: -2.9556
Iter 156/250 - Loss: -2.9557
Iter 157/250 - Loss: -2.9561
Iter 158/250 - Loss: -2.9562
Iter 159/250 - Loss: -2.9569
Iter 160/250 - Loss: -2.9577
Iter 161/250 - Loss: -2.9574
Iter 162/250 - Loss: -2.9575
Iter 163/250 - Loss: -2.9582
Iter 164/250 - Loss: -2.9579
Iter 165/250 - Loss: -2.9582
Iter 166/250 - Loss: -2.9588
Iter 167/250 - Loss: -2.9584
Iter 168/250 - Loss: -2.9588
Iter 169/250 - Loss: -2.9592
Iter 170/250 - Loss: -2.9589
Iter 171/250 - Loss: -2.9592
Iter 172/250 - Loss: -2.9598
Iter 173/250 - Loss: -2.9597
Iter 174/250 - Loss: -2.9596
Iter 175/250 - Loss: -2.9598
Iter 176/250 - Loss: -2.9601
Iter 177/250 - Loss: -2.9597
Iter 178/250 - Loss: -2.9582
Iter 179/250 - Loss: -2.9540
Iter 180/250 - Loss: -2.9494
Iter 181/250 - Loss: -2.9555
Iter 182/250 - Loss: -2.9588
Iter 183/250 - Loss: -2.9564
Iter 184/250 - Loss: -2.9600
Iter 185/250 - Loss: -2.9578
Iter 186/250 - Loss: -2.9602
Iter 187/250 - Loss: -2.9590
Iter 188/250 - Loss: -2.9598
Iter 189/250 - Loss: -2.9602
Iter 190/250 - Loss: -2.9594
Iter 191/250 - Loss: -2.9609
Iter 192/250 - Loss: -2.9599
Iter 193/250 - Loss: -2.9607
Iter 194/250 - Loss: -2.9610
Iter 195/250 - Loss: -2.9606
Iter 196/250 - Loss: -2.9615
Iter 197/250 - Loss: -2.9613
Iter 198/250 - Loss: -2.9615
Iter 199/250 - Loss: -2.9620
Iter 200/250 - Loss: -2.9617
Iter 201/250 - Loss: -2.9624
Iter 202/250 - Loss: -2.9622
Iter 203/250 - Loss: -2.9626
Iter 204/250 - Loss: -2.9626
Iter 205/250 - Loss: -2.9629
Iter 206/250 - Loss: -2.9630
Iter 207/250 - Loss: -2.9632
Iter 208/250 - Loss: -2.9633
Iter 209/250 - Loss: -2.9635
Iter 210/250 - Loss: -2.9635
Iter 211/250 - Loss: -2.9638
Iter 212/250 - Loss: -2.9638
Iter 213/250 - Loss: -2.9641
Iter 214/250 - Loss: -2.9640
Iter 215/250 - Loss: -2.9643
Iter 216/250 - Loss: -2.9645
Iter 217/250 - Loss: -2.9645
Iter 218/250 - Loss: -2.9648
Iter 219/250 - Loss: -2.9648
Iter 220/250 - Loss: -2.9649
Iter 221/250 - Loss: -2.9651
Iter 222/250 - Loss: -2.9652
Iter 223/250 - Loss: -2.9653
Iter 224/250 - Loss: -2.9655
Iter 225/250 - Loss: -2.9656
Iter 226/250 - Loss: -2.9655
Iter 227/250 - Loss: -2.9649
Iter 228/250 - Loss: -2.9629
Iter 229/250 - Loss: -2.9578
Iter 230/250 - Loss: -2.9563
Iter 231/250 - Loss: -2.9646
Iter 232/250 - Loss: -2.9626
Iter 233/250 - Loss: -2.9637
Iter 234/250 - Loss: -2.9641
Iter 235/250 - Loss: -2.9646
Iter 236/250 - Loss: -2.9642
Iter 237/250 - Loss: -2.9653
Iter 238/250 - Loss: -2.9643
Iter 239/250 - Loss: -2.9658
Iter 240/250 - Loss: -2.9647
Iter 241/250 - Loss: -2.9660
Iter 242/250 - Loss: -2.9656
Iter 243/250 - Loss: -2.9659
Iter 244/250 - Loss: -2.9664
Iter 245/250 - Loss: -2.9659
Iter 246/250 - Loss: -2.9671
Iter 247/250 - Loss: -2.9663
Iter 248/250 - Loss: -2.9673
Iter 249/250 - Loss: -2.9669
Iter 250/250 - Loss: -2.9675
