prev {'d': 0.49837495302529056, 'e': 1.1023553989083141, 'f': 2.340900154596905, 'g': 1.2992715051235426}
Starting ML Fit
Box10_1400
       message: Optimization terminated successfully.
       success: True
        status: 0
           fun: 8924.290307920332
             x: [ 4.807e-01  1.079e+00  2.343e+00  1.297e+00]
           nit: 102
          nfev: 178
 final_simplex: (array([[ 4.807e-01,  1.079e+00,  2.343e+00,  1.297e+00],
                       [ 4.807e-01,  1.079e+00,  2.343e+00,  1.297e+00],
                       ...,
                       [ 4.807e-01,  1.079e+00,  2.343e+00,  1.297e+00],
                       [ 4.807e-01,  1.079e+00,  2.343e+00,  1.297e+00]]), array([ 8.924e+03,  8.924e+03,  8.924e+03,  8.924e+03,
                        8.924e+03]))
   param_names: ['d', 'e', 'f', 'g']
[0.48072314 1.07911069 2.34253402 1.29712495]
{'d': 0.48072313584260273, 'e': 1.0791106917289865, 'f': 2.342534018389351, 'g': 1.2971249451076652}
Previous:  {'d': 0.49837495302529056, 'e': 1.1023553989083141, 'f': 2.340900154596905, 'g': 1.2992715051235426}
