prev {'d': 0.3954982265647045, 'e': 0.9458435168207868, 'f': 2.346366232505995, 'g': 1.2259396188521565}
Starting ML Fit
Box68_1400
       message: Optimization terminated successfully.
       success: True
        status: 0
           fun: 5628.965559671077
             x: [ 4.019e-01  9.415e-01  2.348e+00  1.232e+00]
           nit: 86
          nfev: 153
 final_simplex: (array([[ 4.019e-01,  9.415e-01,  2.348e+00,  1.232e+00],
                       [ 4.019e-01,  9.415e-01,  2.348e+00,  1.232e+00],
                       ...,
                       [ 4.019e-01,  9.415e-01,  2.348e+00,  1.232e+00],
                       [ 4.019e-01,  9.415e-01,  2.348e+00,  1.232e+00]]), array([ 5.629e+03,  5.629e+03,  5.629e+03,  5.629e+03,
                        5.629e+03]))
   param_names: ['d', 'e', 'f', 'g']
[0.40191545 0.94151784 2.34797282 1.23218306]
{'d': 0.40191545295811654, 'e': 0.9415178368760393, 'f': 2.347972818991347, 'g': 1.2321830597529713}
Previous:  {'d': 0.3954982265647045, 'e': 0.9458435168207868, 'f': 2.346366232505995, 'g': 1.2259396188521565}
