prev {'d': 0.408218429825724, 'e': 1.0636326203326827, 'f': 2.3355114408646864, 'g': 1.240255790728868}
Starting ML Fit
Box19_1400
       message: Optimization terminated successfully.
       success: True
        status: 0
           fun: 1989.76466867296
             x: [ 4.073e-01  1.060e+00  2.336e+00  1.240e+00]
           nit: 81
          nfev: 145
 final_simplex: (array([[ 4.073e-01,  1.060e+00,  2.336e+00,  1.240e+00],
                       [ 4.073e-01,  1.060e+00,  2.336e+00,  1.240e+00],
                       ...,
                       [ 4.073e-01,  1.060e+00,  2.336e+00,  1.240e+00],
                       [ 4.073e-01,  1.060e+00,  2.336e+00,  1.240e+00]]), array([ 1.990e+03,  1.990e+03,  1.990e+03,  1.990e+03,
                        1.990e+03]))
   param_names: ['d', 'e', 'f', 'g']
[0.40726181 1.06014663 2.33554403 1.23994077]
{'d': 0.4072618083887619, 'e': 1.0601466283972762, 'f': 2.3355440289222487, 'g': 1.2399407735616967}
Previous:  {'d': 0.408218429825724, 'e': 1.0636326203326827, 'f': 2.3355114408646864, 'g': 1.240255790728868}
