Leaving out Box92_1400
alist [1.0, 0.953321, 0.866399, 0.787402, 0.715608, 0.65036, 0.620002, 0.591061, 0.563471, 0.537169, 0.512095, 0.488191, 0.403224, 0.366459]
(2030, 10)
(2030, 4)
scaling input
(2030, 10)
scaling output
(2030, 4)
Iter 1/300 - Loss: 3.1378
Iter 2/300 - Loss: 2.7635
Iter 3/300 - Loss: 2.4195
Iter 4/300 - Loss: 2.1096
Iter 5/300 - Loss: 1.8344
Iter 6/300 - Loss: 1.5932
Iter 7/300 - Loss: 1.3869
Iter 8/300 - Loss: 1.2161
Iter 9/300 - Loss: 1.0818
Iter 10/300 - Loss: 0.9850
Iter 11/300 - Loss: 0.9226
Iter 12/300 - Loss: 0.8873
Iter 13/300 - Loss: 0.8694
Iter 14/300 - Loss: 0.8567
Iter 15/300 - Loss: 0.8391
Iter 16/300 - Loss: 0.8114
Iter 17/300 - Loss: 0.7717
Iter 18/300 - Loss: 0.7203
Iter 19/300 - Loss: 0.6603
Iter 20/300 - Loss: 0.5961
Iter 21/300 - Loss: 0.5319
Iter 22/300 - Loss: 0.4710
Iter 23/300 - Loss: 0.4136
Iter 24/300 - Loss: 0.3605
Iter 25/300 - Loss: 0.3115
Iter 26/300 - Loss: 0.2674
Iter 27/300 - Loss: 0.2271
Iter 28/300 - Loss: 0.1900
Iter 29/300 - Loss: 0.1545
Iter 30/300 - Loss: 0.1194
Iter 31/300 - Loss: 0.0837
Iter 32/300 - Loss: 0.0470
Iter 33/300 - Loss: 0.0089
Iter 34/300 - Loss: -0.0302
Iter 35/300 - Loss: -0.0700
Iter 36/300 - Loss: -0.1098
Iter 37/300 - Loss: -0.1490
Iter 38/300 - Loss: -0.1868
Iter 39/300 - Loss: -0.2228
Iter 40/300 - Loss: -0.2566
Iter 41/300 - Loss: -0.2882
Iter 42/300 - Loss: -0.3176
Iter 43/300 - Loss: -0.3449
Iter 44/300 - Loss: -0.3702
Iter 45/300 - Loss: -0.3941
Iter 46/300 - Loss: -0.4171
Iter 47/300 - Loss: -0.4398
Iter 48/300 - Loss: -0.4621
Iter 49/300 - Loss: -0.4836
Iter 50/300 - Loss: -0.5039
Iter 51/300 - Loss: -0.5228
Iter 52/300 - Loss: -0.5401
Iter 53/300 - Loss: -0.5557
Iter 54/300 - Loss: -0.5699
Iter 55/300 - Loss: -0.5829
Iter 56/300 - Loss: -0.5951
Iter 57/300 - Loss: -0.6068
Iter 58/300 - Loss: -0.6181
Iter 59/300 - Loss: -0.6291
Iter 60/300 - Loss: -0.6399
Iter 61/300 - Loss: -0.6501
Iter 62/300 - Loss: -0.6598
Iter 63/300 - Loss: -0.6688
Iter 64/300 - Loss: -0.6770
Iter 65/300 - Loss: -0.6845
Iter 66/300 - Loss: -0.6915
Iter 67/300 - Loss: -0.6979
Iter 68/300 - Loss: -0.7038
Iter 69/300 - Loss: -0.7091
Iter 70/300 - Loss: -0.7138
Iter 71/300 - Loss: -0.7178
Iter 72/300 - Loss: -0.7213
Iter 73/300 - Loss: -0.7245
Iter 74/300 - Loss: -0.7274
Iter 75/300 - Loss: -0.7301
Iter 76/300 - Loss: -0.7325
Iter 77/300 - Loss: -0.7347
Iter 78/300 - Loss: -0.7360
Iter 79/300 - Loss: -0.7358
Iter 80/300 - Loss: -0.7376
Iter 81/300 - Loss: -0.7412
Iter 82/300 - Loss: -0.7421
Iter 83/300 - Loss: -0.7430
Iter 84/300 - Loss: -0.7463
Iter 85/300 - Loss: -0.7461
Iter 86/300 - Loss: -0.7482
Iter 87/300 - Loss: -0.7492
Iter 88/300 - Loss: -0.7501
Iter 89/300 - Loss: -0.7514
Iter 90/300 - Loss: -0.7521
Iter 91/300 - Loss: -0.7531
Iter 92/300 - Loss: -0.7540
Iter 93/300 - Loss: -0.7545
Iter 94/300 - Loss: -0.7554
Iter 95/300 - Loss: -0.7559
Iter 96/300 - Loss: -0.7567
Iter 97/300 - Loss: -0.7573
Iter 98/300 - Loss: -0.7579
Iter 99/300 - Loss: -0.7584
Iter 100/300 - Loss: -0.7589
Iter 101/300 - Loss: -0.7594
Iter 102/300 - Loss: -0.7598
Iter 103/300 - Loss: -0.7603
Iter 104/300 - Loss: -0.7606
Iter 105/300 - Loss: -0.7612
Iter 106/300 - Loss: -0.7614
Iter 107/300 - Loss: -0.7619
Iter 108/300 - Loss: -0.7621
Iter 109/300 - Loss: -0.7626
Iter 110/300 - Loss: -0.7628
Iter 111/300 - Loss: -0.7632
Iter 112/300 - Loss: -0.7635
Iter 113/300 - Loss: -0.7638
Iter 114/300 - Loss: -0.7641
Iter 115/300 - Loss: -0.7643
Iter 116/300 - Loss: -0.7646
Iter 117/300 - Loss: -0.7648
Iter 118/300 - Loss: -0.7650
Iter 119/300 - Loss: -0.7652
Iter 120/300 - Loss: -0.7655
Iter 121/300 - Loss: -0.7657
Iter 122/300 - Loss: -0.7659
Iter 123/300 - Loss: -0.7661
Iter 124/300 - Loss: -0.7663
Iter 125/300 - Loss: -0.7665
Iter 126/300 - Loss: -0.7666
Iter 127/300 - Loss: -0.7668
Iter 128/300 - Loss: -0.7670
Iter 129/300 - Loss: -0.7671
Iter 130/300 - Loss: -0.7673
Iter 131/300 - Loss: -0.7674
Iter 132/300 - Loss: -0.7675
Iter 133/300 - Loss: -0.7677
Iter 134/300 - Loss: -0.7678
Iter 135/300 - Loss: -0.7679
Iter 136/300 - Loss: -0.7680
Iter 137/300 - Loss: -0.7682
Iter 138/300 - Loss: -0.7683
Iter 139/300 - Loss: -0.7684
Iter 140/300 - Loss: -0.7685
Iter 141/300 - Loss: -0.7686
Iter 142/300 - Loss: -0.7688
Iter 143/300 - Loss: -0.7689
Iter 144/300 - Loss: -0.7691
Iter 145/300 - Loss: -0.7693
Iter 146/300 - Loss: -0.7696
Iter 147/300 - Loss: -0.7699
Iter 148/300 - Loss: -0.7704
Iter 149/300 - Loss: -0.7711
Iter 150/300 - Loss: -0.7720
Iter 151/300 - Loss: -0.7732
Iter 152/300 - Loss: -0.7747
Iter 153/300 - Loss: -0.7749
Iter 154/300 - Loss: -0.7751
Iter 155/300 - Loss: -0.7753
Iter 156/300 - Loss: -0.7755
Iter 157/300 - Loss: -0.7758
Iter 158/300 - Loss: -0.7761
Iter 159/300 - Loss: -0.7763
Iter 160/300 - Loss: -0.7766
Iter 161/300 - Loss: -0.7769
Iter 162/300 - Loss: -0.7773
Iter 163/300 - Loss: -0.7776
Iter 164/300 - Loss: -0.7779
Iter 165/300 - Loss: -0.7782
Iter 166/300 - Loss: -0.7786
Iter 167/300 - Loss: -0.7789
Iter 168/300 - Loss: -0.7792
Iter 169/300 - Loss: -0.7795
Iter 170/300 - Loss: -0.7799
Iter 171/300 - Loss: -0.7802
Iter 172/300 - Loss: -0.7805
Iter 173/300 - Loss: -0.7808
Iter 174/300 - Loss: -0.7812
Iter 175/300 - Loss: -0.7815
Iter 176/300 - Loss: -0.7818
Iter 177/300 - Loss: -0.7821
Iter 178/300 - Loss: -0.7824
Iter 179/300 - Loss: -0.7827
Iter 180/300 - Loss: -0.7830
Iter 181/300 - Loss: -0.7833
Iter 182/300 - Loss: -0.7836
Iter 183/300 - Loss: -0.7839
Iter 184/300 - Loss: -0.7841
Iter 185/300 - Loss: -0.7844
Iter 186/300 - Loss: -0.7847
Iter 187/300 - Loss: -0.7849
Iter 188/300 - Loss: -0.7852
Iter 189/300 - Loss: -0.7855
Iter 190/300 - Loss: -0.7857
Iter 191/300 - Loss: -0.7860
Iter 192/300 - Loss: -0.7862
Iter 193/300 - Loss: -0.7865
Iter 194/300 - Loss: -0.7867
Iter 195/300 - Loss: -0.7870
Iter 196/300 - Loss: -0.7872
Iter 197/300 - Loss: -0.7874
Iter 198/300 - Loss: -0.7877
Iter 199/300 - Loss: -0.7879
Iter 200/300 - Loss: -0.7881
Iter 201/300 - Loss: -0.7883
Iter 202/300 - Loss: -0.7885
Iter 203/300 - Loss: -0.7887
Iter 204/300 - Loss: -0.7889
Iter 205/300 - Loss: -0.7891
Iter 206/300 - Loss: -0.7893
Iter 207/300 - Loss: -0.7895
Iter 208/300 - Loss: -0.7897
Iter 209/300 - Loss: -0.7899
Iter 210/300 - Loss: -0.7901
Iter 211/300 - Loss: -0.7903
Iter 212/300 - Loss: -0.7905
Iter 213/300 - Loss: -0.7906
Iter 214/300 - Loss: -0.7908
Iter 215/300 - Loss: -0.7910
Iter 216/300 - Loss: -0.7912
Iter 217/300 - Loss: -0.7913
Iter 218/300 - Loss: -0.7915
Iter 219/300 - Loss: -0.7917
Iter 220/300 - Loss: -0.7918
Iter 221/300 - Loss: -0.7920
Iter 222/300 - Loss: -0.7921
Iter 223/300 - Loss: -0.7923
Iter 224/300 - Loss: -0.7924
Iter 225/300 - Loss: -0.7926
Iter 226/300 - Loss: -0.7927
Iter 227/300 - Loss: -0.7929
Iter 228/300 - Loss: -0.7930
Iter 229/300 - Loss: -0.7932
Iter 230/300 - Loss: -0.7933
Iter 231/300 - Loss: -0.7935
Iter 232/300 - Loss: -0.7936
Iter 233/300 - Loss: -0.7937
Iter 234/300 - Loss: -0.7939
Iter 235/300 - Loss: -0.7940
Iter 236/300 - Loss: -0.7941
Iter 237/300 - Loss: -0.7943
Iter 238/300 - Loss: -0.7944
Iter 239/300 - Loss: -0.7945
Iter 240/300 - Loss: -0.7946
Iter 241/300 - Loss: -0.7947
Iter 242/300 - Loss: -0.7949
Iter 243/300 - Loss: -0.7950
Iter 244/300 - Loss: -0.7951
Iter 245/300 - Loss: -0.7952
Iter 246/300 - Loss: -0.7953
Iter 247/300 - Loss: -0.7955
Iter 248/300 - Loss: -0.7956
Iter 249/300 - Loss: -0.7957
Iter 250/300 - Loss: -0.7958
Iter 251/300 - Loss: -0.7959
Iter 252/300 - Loss: -0.7960
Iter 253/300 - Loss: -0.7961
Iter 254/300 - Loss: -0.7962
Iter 255/300 - Loss: -0.7963
Iter 256/300 - Loss: -0.7964
Iter 257/300 - Loss: -0.7965
Iter 258/300 - Loss: -0.7966
Iter 259/300 - Loss: -0.7967
Iter 260/300 - Loss: -0.7968
Iter 261/300 - Loss: -0.7969
Iter 262/300 - Loss: -0.7970
Iter 263/300 - Loss: -0.7971
Iter 264/300 - Loss: -0.7972
Iter 265/300 - Loss: -0.7973
Iter 266/300 - Loss: -0.7974
Iter 267/300 - Loss: -0.7975
Iter 268/300 - Loss: -0.7976
Iter 269/300 - Loss: -0.7977
Iter 270/300 - Loss: -0.7978
Iter 271/300 - Loss: -0.7979
Iter 272/300 - Loss: -0.7980
Iter 273/300 - Loss: -0.7981
Iter 274/300 - Loss: -0.7982
Iter 275/300 - Loss: -0.7983
Iter 276/300 - Loss: -0.7984
Iter 277/300 - Loss: -0.7984
Iter 278/300 - Loss: -0.7985
Iter 279/300 - Loss: -0.7986
Iter 280/300 - Loss: -0.7987
Iter 281/300 - Loss: -0.7988
Iter 282/300 - Loss: -0.7989
Iter 283/300 - Loss: -0.7990
Iter 284/300 - Loss: -0.7991
Iter 285/300 - Loss: -0.7991
Iter 286/300 - Loss: -0.7992
Iter 287/300 - Loss: -0.7993
Iter 288/300 - Loss: -0.7994
Iter 289/300 - Loss: -0.7995
Iter 290/300 - Loss: -0.7995
Iter 291/300 - Loss: -0.7996
Iter 292/300 - Loss: -0.7997
Iter 293/300 - Loss: -0.7998
Iter 294/300 - Loss: -0.7999
Iter 295/300 - Loss: -0.8000
Iter 296/300 - Loss: -0.8000
Iter 297/300 - Loss: -0.8001
Iter 298/300 - Loss: -0.8002
Iter 299/300 - Loss: -0.8003
Iter 300/300 - Loss: -0.8004
