alist [1.0, 0.953321, 0.866399, 0.787402, 0.715608, 0.65036, 0.620002, 0.591061, 0.563471, 0.537169, 0.512095, 0.488191, 0.403224, 0.366459]
Leaving out Box6_1400
Iter 1/150 - Loss: 3.100
Iter 2/150 - Loss: 2.810
Iter 3/150 - Loss: 2.541
Iter 4/150 - Loss: 2.292
Iter 5/150 - Loss: 2.062
Iter 6/150 - Loss: 1.851
Iter 7/150 - Loss: 1.657
Iter 8/150 - Loss: 1.480
Iter 9/150 - Loss: 1.317
Iter 10/150 - Loss: 1.169
Iter 11/150 - Loss: 1.034
Iter 12/150 - Loss: 0.912
Iter 13/150 - Loss: 0.803
Iter 14/150 - Loss: 0.705
Iter 15/150 - Loss: 0.617
Iter 16/150 - Loss: 0.539
Iter 17/150 - Loss: 0.469
Iter 18/150 - Loss: 0.405
Iter 19/150 - Loss: 0.345
Iter 20/150 - Loss: 0.287
Iter 21/150 - Loss: 0.231
Iter 22/150 - Loss: 0.176
Iter 23/150 - Loss: 0.121
Iter 24/150 - Loss: 0.067
Iter 25/150 - Loss: 0.012
Iter 26/150 - Loss: -0.039
Iter 27/150 - Loss: -0.090
Iter 28/150 - Loss: -0.139
Iter 29/150 - Loss: -0.187
Iter 30/150 - Loss: -0.237
Iter 31/150 - Loss: -0.289
Iter 32/150 - Loss: -0.340
Iter 33/150 - Loss: -0.389
Iter 34/150 - Loss: -0.436
Iter 35/150 - Loss: -0.480
Iter 36/150 - Loss: -0.525
Iter 37/150 - Loss: -0.570
Iter 38/150 - Loss: -0.615
Iter 39/150 - Loss: -0.659
Iter 40/150 - Loss: -0.701
Iter 41/150 - Loss: -0.740
Iter 42/150 - Loss: -0.779
Iter 43/150 - Loss: -0.819
Iter 44/150 - Loss: -0.858
Iter 45/150 - Loss: -0.897
Iter 46/150 - Loss: -0.935
Iter 47/150 - Loss: -0.974
Iter 48/150 - Loss: -1.014
Iter 49/150 - Loss: -1.054
Iter 50/150 - Loss: -1.095
Iter 51/150 - Loss: -1.136
Iter 52/150 - Loss: -1.177
Iter 53/150 - Loss: -1.219
Iter 54/150 - Loss: -1.260
Iter 55/150 - Loss: -1.302
Iter 56/150 - Loss: -1.344
Iter 57/150 - Loss: -1.386
Iter 58/150 - Loss: -1.428
Iter 59/150 - Loss: -1.471
Iter 60/150 - Loss: -1.513
Iter 61/150 - Loss: -1.555
Iter 62/150 - Loss: -1.596
Iter 63/150 - Loss: -1.637
Iter 64/150 - Loss: -1.677
Iter 65/150 - Loss: -1.716
Iter 66/150 - Loss: -1.753
Iter 67/150 - Loss: -1.789
Iter 68/150 - Loss: -1.825
Iter 69/150 - Loss: -1.861
Iter 70/150 - Loss: -1.899
Iter 71/150 - Loss: -1.938
Iter 72/150 - Loss: -1.979
Iter 73/150 - Loss: -2.021
Iter 74/150 - Loss: -2.063
Iter 75/150 - Loss: -2.104
Iter 76/150 - Loss: -2.144
Iter 77/150 - Loss: -2.182
Iter 78/150 - Loss: -2.218
Iter 79/150 - Loss: -2.252
Iter 80/150 - Loss: -2.284
Iter 81/150 - Loss: -2.316
Iter 82/150 - Loss: -2.347
Iter 83/150 - Loss: -2.377
Iter 84/150 - Loss: -2.406
Iter 85/150 - Loss: -2.432
Iter 86/150 - Loss: -2.457
Iter 87/150 - Loss: -2.480
Iter 88/150 - Loss: -2.502
Iter 89/150 - Loss: -2.523
Iter 90/150 - Loss: -2.543
Iter 91/150 - Loss: -2.561
Iter 92/150 - Loss: -2.576
Iter 93/150 - Loss: -2.597
Iter 94/150 - Loss: -2.612
Iter 95/150 - Loss: -2.628
Iter 96/150 - Loss: -2.642
Iter 97/150 - Loss: -2.655
Iter 98/150 - Loss: -2.668
Iter 99/150 - Loss: -2.681
Iter 100/150 - Loss: -2.692
Iter 101/150 - Loss: -2.704
Iter 102/150 - Loss: -2.713
Iter 103/150 - Loss: -2.724
Iter 104/150 - Loss: -2.733
Iter 105/150 - Loss: -2.742
Iter 106/150 - Loss: -2.751
Iter 107/150 - Loss: -2.759
Iter 108/150 - Loss: -2.766
Iter 109/150 - Loss: -2.773
Iter 110/150 - Loss: -2.779
Iter 111/150 - Loss: -2.784
Iter 112/150 - Loss: -2.790
Iter 113/150 - Loss: -2.795
Iter 114/150 - Loss: -2.799
Iter 115/150 - Loss: -2.803
Iter 116/150 - Loss: -2.807
Iter 117/150 - Loss: -2.811
Iter 118/150 - Loss: -2.814
Iter 119/150 - Loss: -2.817
Iter 120/150 - Loss: -2.820
Iter 121/150 - Loss: -2.823
Iter 122/150 - Loss: -2.826
Iter 123/150 - Loss: -2.828
Iter 124/150 - Loss: -2.830
Iter 125/150 - Loss: -2.833
Iter 126/150 - Loss: -2.835
Iter 127/150 - Loss: -2.837
Iter 128/150 - Loss: -2.839
Iter 129/150 - Loss: -2.841
Iter 130/150 - Loss: -2.842
Iter 131/150 - Loss: -2.844
Iter 132/150 - Loss: -2.846
Iter 133/150 - Loss: -2.847
Iter 134/150 - Loss: -2.849
Iter 135/150 - Loss: -2.850
Iter 136/150 - Loss: -2.851
Iter 137/150 - Loss: -2.853
Iter 138/150 - Loss: -2.854
Iter 139/150 - Loss: -2.855
Iter 140/150 - Loss: -2.857
Iter 141/150 - Loss: -2.858
Iter 142/150 - Loss: -2.859
Iter 143/150 - Loss: -2.860
Iter 144/150 - Loss: -2.861
Iter 145/150 - Loss: -2.862
Iter 146/150 - Loss: -2.863
Iter 147/150 - Loss: -2.864
Iter 148/150 - Loss: -2.865
Iter 149/150 - Loss: -2.866
Iter 150/150 - Loss: -2.867
{'d': 0.42964345, 'e': 1.0452365, 'f': 2.317511, 'g': 1.2696942}
