prev {'d': 0.4400376634294802, 'e': 1.1799973382800668, 'f': 2.3207284079633115, 'g': 1.2351949696991107}
Starting ML Fit
Box15_1400
       message: Optimization terminated successfully.
       success: True
        status: 0
           fun: 8154.277041937702
             x: [ 4.318e-01  1.186e+00  2.320e+00  1.235e+00]
           nit: 74
          nfev: 136
 final_simplex: (array([[ 4.318e-01,  1.186e+00,  2.320e+00,  1.235e+00],
                       [ 4.318e-01,  1.186e+00,  2.320e+00,  1.235e+00],
                       ...,
                       [ 4.318e-01,  1.186e+00,  2.320e+00,  1.235e+00],
                       [ 4.318e-01,  1.186e+00,  2.320e+00,  1.235e+00]]), array([ 8.154e+03,  8.154e+03,  8.154e+03,  8.154e+03,
                        8.154e+03]))
   param_names: ['d', 'e', 'f', 'g']
[0.43183624 1.18601277 2.31955817 1.23457007]
{'d': 0.43183624300964185, 'e': 1.1860127722032106, 'f': 2.319558171527541, 'g': 1.2345700682223588}
Previous:  {'d': 0.4400376634294802, 'e': 1.1799973382800668, 'f': 2.3207284079633115, 'g': 1.2351949696991107}
