prev {'d': 0.5207776456369078, 'e': 1.2344339578138388, 'f': 2.328597623542005, 'g': 1.269620605984286}
Starting ML Fit
Box_n50_45_1400
       message: Optimization terminated successfully.
       success: True
        status: 0
           fun: 8361.05044572991
             x: [ 5.043e-01  1.222e+00  2.330e+00  1.274e+00]
           nit: 93
          nfev: 168
 final_simplex: (array([[ 5.043e-01,  1.222e+00,  2.330e+00,  1.274e+00],
                       [ 5.043e-01,  1.222e+00,  2.330e+00,  1.274e+00],
                       ...,
                       [ 5.043e-01,  1.222e+00,  2.330e+00,  1.274e+00],
                       [ 5.043e-01,  1.222e+00,  2.330e+00,  1.274e+00]]), array([ 8.361e+03,  8.361e+03,  8.361e+03,  8.361e+03,
                        8.361e+03]))
   param_names: ['d', 'e', 'f', 'g']
[0.50425949 1.22220793 2.32972891 1.27399249]
{'d': 0.5042594896926442, 'e': 1.2222079313283887, 'f': 2.3297289085772963, 'g': 1.2739924859999792}
Previous:  {'d': 0.5207776456369078, 'e': 1.2344339578138388, 'f': 2.328597623542005, 'g': 1.269620605984286}
