prev {'d': 0.44917941123206745, 'e': 1.1285468962931402, 'f': 2.3424880507299486, 'g': 1.257392211290109}
Starting ML Fit
Box40_1400
       message: Optimization terminated successfully.
       success: True
        status: 0
           fun: 10635.41012925548
             x: [ 4.437e-01  1.129e+00  2.342e+00  1.257e+00]
           nit: 75
          nfev: 139
 final_simplex: (array([[ 4.437e-01,  1.129e+00,  2.342e+00,  1.257e+00],
                       [ 4.437e-01,  1.129e+00,  2.342e+00,  1.257e+00],
                       ...,
                       [ 4.437e-01,  1.129e+00,  2.342e+00,  1.257e+00],
                       [ 4.437e-01,  1.129e+00,  2.342e+00,  1.257e+00]]), array([ 1.064e+04,  1.064e+04,  1.064e+04,  1.064e+04,
                        1.064e+04]))
   param_names: ['d', 'e', 'f', 'g']
[0.44370737 1.12917227 2.34174963 1.2571769 ]
{'d': 0.443707368518673, 'e': 1.1291722668390587, 'f': 2.341749631530755, 'g': 1.2571768997404287}
Previous:  {'d': 0.44917941123206745, 'e': 1.1285468962931402, 'f': 2.3424880507299486, 'g': 1.257392211290109}
