prev {'d': 0.546300163891756, 'e': 1.2740365647187981, 'f': 2.1988116128049207, 'g': 1.244281501606864}
Starting ML Fit
Box71_1400
       message: Optimization terminated successfully.
       success: True
        status: 0
           fun: 11548.873626753326
             x: [ 5.298e-01  1.247e+00  2.199e+00  1.244e+00]
           nit: 92
          nfev: 165
 final_simplex: (array([[ 5.298e-01,  1.247e+00,  2.199e+00,  1.244e+00],
                       [ 5.298e-01,  1.247e+00,  2.199e+00,  1.244e+00],
                       ...,
                       [ 5.298e-01,  1.247e+00,  2.199e+00,  1.244e+00],
                       [ 5.298e-01,  1.247e+00,  2.199e+00,  1.244e+00]]), array([ 1.155e+04,  1.155e+04,  1.155e+04,  1.155e+04,
                        1.155e+04]))
   param_names: ['d', 'e', 'f', 'g']
[0.529807   1.24737748 2.19895576 1.24360325]
{'d': 0.5298070008964326, 'e': 1.2473774790999055, 'f': 2.1989557579845984, 'g': 1.2436032519701667}
Previous:  {'d': 0.546300163891756, 'e': 1.2740365647187981, 'f': 2.1988116128049207, 'g': 1.244281501606864}
