prev {'d': 0.4711193186996055, 'e': 1.1261253403673674, 'f': 2.3382964547044565, 'g': 1.278195625358997}
Starting ML Fit
Box_n50_47_1400
       message: Optimization terminated successfully.
       success: True
        status: 0
           fun: 16158.507794850619
             x: [ 4.671e-01  1.142e+00  2.337e+00  1.278e+00]
           nit: 79
          nfev: 145
 final_simplex: (array([[ 4.671e-01,  1.142e+00,  2.337e+00,  1.278e+00],
                       [ 4.671e-01,  1.142e+00,  2.337e+00,  1.278e+00],
                       ...,
                       [ 4.671e-01,  1.142e+00,  2.337e+00,  1.278e+00],
                       [ 4.671e-01,  1.142e+00,  2.337e+00,  1.278e+00]]), array([ 1.616e+04,  1.616e+04,  1.616e+04,  1.616e+04,
                        1.616e+04]))
   param_names: ['d', 'e', 'f', 'g']
[0.46705644 1.14172586 2.33718077 1.27832641]
{'d': 0.4670564357885367, 'e': 1.1417258609518033, 'f': 2.3371807733030048, 'g': 1.278326414388356}
Previous:  {'d': 0.4711193186996055, 'e': 1.1261253403673674, 'f': 2.3382964547044565, 'g': 1.278195625358997}
