prev {'d': 0.4751304835454416, 'e': 1.0082480331199952, 'f': 2.3343282399409735, 'g': 1.2753457500598135}
Starting ML Fit
Box86_1400
       message: Optimization terminated successfully.
       success: True
        status: 0
           fun: 13295.118431612536
             x: [ 4.636e-01  9.931e-01  2.337e+00  1.274e+00]
           nit: 90
          nfev: 162
 final_simplex: (array([[ 4.636e-01,  9.931e-01,  2.337e+00,  1.274e+00],
                       [ 4.636e-01,  9.931e-01,  2.337e+00,  1.274e+00],
                       ...,
                       [ 4.636e-01,  9.932e-01,  2.337e+00,  1.274e+00],
                       [ 4.636e-01,  9.931e-01,  2.337e+00,  1.274e+00]]), array([ 1.330e+04,  1.330e+04,  1.330e+04,  1.330e+04,
                        1.330e+04]))
   param_names: ['d', 'e', 'f', 'g']
[0.46363396 0.99312438 2.33679612 1.27353476]
{'d': 0.46363395838439675, 'e': 0.9931243846630909, 'f': 2.3367961152254053, 'g': 1.2735347607354006}
Previous:  {'d': 0.4751304835454416, 'e': 1.0082480331199952, 'f': 2.3343282399409735, 'g': 1.2753457500598135}
