prev {'d': 0.5139849822352989, 'e': 0.9598013548917885, 'f': 2.352635173895072, 'g': 1.3071661756068382}
Starting ML Fit
Box39_1400
       message: Optimization terminated successfully.
       success: True
        status: 0
           fun: 5951.899483654865
             x: [ 5.021e-01  9.631e-01  2.353e+00  1.308e+00]
           nit: 99
          nfev: 174
 final_simplex: (array([[ 5.021e-01,  9.631e-01,  2.353e+00,  1.308e+00],
                       [ 5.021e-01,  9.631e-01,  2.353e+00,  1.308e+00],
                       ...,
                       [ 5.021e-01,  9.631e-01,  2.353e+00,  1.308e+00],
                       [ 5.021e-01,  9.631e-01,  2.353e+00,  1.308e+00]]), array([ 5.952e+03,  5.952e+03,  5.952e+03,  5.952e+03,
                        5.952e+03]))
   param_names: ['d', 'e', 'f', 'g']
[0.5021162  0.96305276 2.35257389 1.30751684]
{'d': 0.5021162048974215, 'e': 0.9630527637555639, 'f': 2.3525738948212354, 'g': 1.3075168379878361}
Previous:  {'d': 0.5139849822352989, 'e': 0.9598013548917885, 'f': 2.352635173895072, 'g': 1.3071661756068382}
