prev {'d': 0.4743879802478696, 'e': 1.2323782817987077, 'f': 2.3056558819917856, 'g': 1.2711553788706196}
Starting ML Fit
Box75_1400
       message: Optimization terminated successfully.
       success: True
        status: 0
           fun: 6837.366755105879
             x: [ 4.672e-01  1.235e+00  2.304e+00  1.272e+00]
           nit: 99
          nfev: 168
 final_simplex: (array([[ 4.672e-01,  1.235e+00,  2.304e+00,  1.272e+00],
                       [ 4.672e-01,  1.235e+00,  2.304e+00,  1.272e+00],
                       ...,
                       [ 4.672e-01,  1.235e+00,  2.304e+00,  1.272e+00],
                       [ 4.672e-01,  1.235e+00,  2.304e+00,  1.272e+00]]), array([ 6.837e+03,  6.837e+03,  6.837e+03,  6.837e+03,
                        6.837e+03]))
   param_names: ['d', 'e', 'f', 'g']
[0.46720166 1.23472769 2.30449873 1.27241041]
{'d': 0.4672016577253962, 'e': 1.2347276875639557, 'f': 2.304498734913742, 'g': 1.2724104054412444}
Previous:  {'d': 0.4743879802478696, 'e': 1.2323782817987077, 'f': 2.3056558819917856, 'g': 1.2711553788706196}
