prev {'d': 0.4842803954460574, 'e': 1.2680996731680252, 'f': 2.3395208601441624, 'g': 1.286019997175706}
Starting ML Fit
Box_n50_19_1400
       message: Optimization terminated successfully.
       success: True
        status: 0
           fun: 8484.741709006117
             x: [ 4.794e-01  1.281e+00  2.339e+00  1.286e+00]
           nit: 102
          nfev: 181
 final_simplex: (array([[ 4.794e-01,  1.281e+00,  2.339e+00,  1.286e+00],
                       [ 4.794e-01,  1.281e+00,  2.339e+00,  1.286e+00],
                       ...,
                       [ 4.794e-01,  1.281e+00,  2.339e+00,  1.286e+00],
                       [ 4.795e-01,  1.281e+00,  2.339e+00,  1.286e+00]]), array([ 8.485e+03,  8.485e+03,  8.485e+03,  8.485e+03,
                        8.485e+03]))
   param_names: ['d', 'e', 'f', 'g']
[0.479448   1.28132939 2.33918115 1.28551925]
{'d': 0.4794479973272961, 'e': 1.2813293918943702, 'f': 2.3391811529338646, 'g': 1.2855192476786796}
Previous:  {'d': 0.4842803954460574, 'e': 1.2680996731680252, 'f': 2.3395208601441624, 'g': 1.286019997175706}
