prev {'d': 0.41931700078437045, 'e': 1.2436768295248646, 'f': 2.3308880320106535, 'g': 1.2398444193589668}
Starting ML Fit
Box_n50_32_1400
       message: Optimization terminated successfully.
       success: True
        status: 0
           fun: 1835.0968240012564
             x: [ 4.076e-01  1.242e+00  2.332e+00  1.235e+00]
           nit: 75
          nfev: 138
 final_simplex: (array([[ 4.076e-01,  1.242e+00,  2.332e+00,  1.235e+00],
                       [ 4.076e-01,  1.242e+00,  2.332e+00,  1.235e+00],
                       ...,
                       [ 4.076e-01,  1.242e+00,  2.332e+00,  1.235e+00],
                       [ 4.076e-01,  1.242e+00,  2.332e+00,  1.235e+00]]), array([ 1.835e+03,  1.835e+03,  1.835e+03,  1.835e+03,
                        1.835e+03]))
   param_names: ['d', 'e', 'f', 'g']
[0.40763811 1.24177842 2.33208371 1.23534651]
{'d': 0.40763810872917006, 'e': 1.2417784150796762, 'f': 2.3320837137414325, 'g': 1.235346514913759}
Previous:  {'d': 0.41931700078437045, 'e': 1.2436768295248646, 'f': 2.3308880320106535, 'g': 1.2398444193589668}
