prev {'d': 0.5545201109763898, 'e': 1.2023677810574953, 'f': 2.3367317111771078, 'g': 1.3006187994369287}
Starting ML Fit
Box_n50_16_1400
       message: Optimization terminated successfully.
       success: True
        status: 0
           fun: 11741.742746217442
             x: [ 5.400e-01  1.099e+00  2.340e+00  1.303e+00]
           nit: 111
          nfev: 194
 final_simplex: (array([[ 5.400e-01,  1.099e+00,  2.340e+00,  1.303e+00],
                       [ 5.400e-01,  1.099e+00,  2.340e+00,  1.303e+00],
                       ...,
                       [ 5.399e-01,  1.099e+00,  2.340e+00,  1.303e+00],
                       [ 5.400e-01,  1.099e+00,  2.340e+00,  1.303e+00]]), array([ 1.174e+04,  1.174e+04,  1.174e+04,  1.174e+04,
                        1.174e+04]))
   param_names: ['d', 'e', 'f', 'g']
[0.53995131 1.09908402 2.33967555 1.30271606]
{'d': 0.5399513080522047, 'e': 1.099084018530236, 'f': 2.3396755522935404, 'g': 1.3027160555616757}
Previous:  {'d': 0.5545201109763898, 'e': 1.2023677810574953, 'f': 2.3367317111771078, 'g': 1.3006187994369287}
