prev {'d': 0.4425533472249477, 'e': 1.0027581082923251, 'f': 2.3709233418593536, 'g': 1.295012467274523}
Starting ML Fit
Box66_1400
       message: Optimization terminated successfully.
       success: True
        status: 0
           fun: 3422.3837057546802
             x: [ 4.292e-01  1.002e+00  2.372e+00  1.285e+00]
           nit: 91
          nfev: 161
 final_simplex: (array([[ 4.292e-01,  1.002e+00,  2.372e+00,  1.285e+00],
                       [ 4.292e-01,  1.002e+00,  2.372e+00,  1.285e+00],
                       ...,
                       [ 4.292e-01,  1.002e+00,  2.372e+00,  1.285e+00],
                       [ 4.292e-01,  1.002e+00,  2.372e+00,  1.285e+00]]), array([ 3.422e+03,  3.422e+03,  3.422e+03,  3.422e+03,
                        3.422e+03]))
   param_names: ['d', 'e', 'f', 'g']
[0.42923763 1.00231836 2.37181847 1.2846088 ]
{'d': 0.4292376317905049, 'e': 1.002318363933073, 'f': 2.3718184736991486, 'g': 1.2846088039309729}
Previous:  {'d': 0.4425533472249477, 'e': 1.0027581082923251, 'f': 2.3709233418593536, 'g': 1.295012467274523}
