prev {'d': 0.48496130121117886, 'e': 1.0808618509453585, 'f': 2.275609022021231, 'g': 1.2837841067717055}
Starting ML Fit
Box_n50_13_1400
       message: Optimization terminated successfully.
       success: True
        status: 0
           fun: 7145.086777722455
             x: [ 4.719e-01  1.072e+00  2.276e+00  1.284e+00]
           nit: 94
          nfev: 169
 final_simplex: (array([[ 4.719e-01,  1.072e+00,  2.276e+00,  1.284e+00],
                       [ 4.719e-01,  1.072e+00,  2.276e+00,  1.284e+00],
                       ...,
                       [ 4.719e-01,  1.072e+00,  2.276e+00,  1.284e+00],
                       [ 4.719e-01,  1.072e+00,  2.276e+00,  1.284e+00]]), array([ 7.145e+03,  7.145e+03,  7.145e+03,  7.145e+03,
                        7.145e+03]))
   param_names: ['d', 'e', 'f', 'g']
[0.47194008 1.07176571 2.27564118 1.28370776]
{'d': 0.4719400843866025, 'e': 1.0717657141753705, 'f': 2.2756411761668023, 'g': 1.2837077598654898}
Previous:  {'d': 0.48496130121117886, 'e': 1.0808618509453585, 'f': 2.275609022021231, 'g': 1.2837841067717055}
