prev {'d': 0.5076908311775485, 'e': 1.1314224533253285, 'f': 2.3280685336970928, 'g': 1.2876649771960595}
Starting ML Fit
Box25_1400
       message: Optimization terminated successfully.
       success: True
        status: 0
           fun: 5606.2242000435635
             x: [ 4.928e-01  1.118e+00  2.330e+00  1.282e+00]
           nit: 95
          nfev: 170
 final_simplex: (array([[ 4.928e-01,  1.118e+00,  2.330e+00,  1.282e+00],
                       [ 4.928e-01,  1.117e+00,  2.330e+00,  1.282e+00],
                       ...,
                       [ 4.928e-01,  1.118e+00,  2.330e+00,  1.282e+00],
                       [ 4.928e-01,  1.118e+00,  2.330e+00,  1.282e+00]]), array([ 5.606e+03,  5.606e+03,  5.606e+03,  5.606e+03,
                        5.606e+03]))
   param_names: ['d', 'e', 'f', 'g']
[0.49284973 1.11752054 2.33023828 1.28196287]
{'d': 0.49284973335848276, 'e': 1.1175205440810676, 'f': 2.3302382827232817, 'g': 1.2819628668156469}
Previous:  {'d': 0.5076908311775485, 'e': 1.1314224533253285, 'f': 2.3280685336970928, 'g': 1.2876649771960595}
