prev {'d': 0.42780269344915856, 'e': 0.9034208883151704, 'f': 2.3313038805030786, 'g': 1.259411975955635}
Starting ML Fit
Box_n50_25_1400
       message: Optimization terminated successfully.
       success: True
        status: 0
           fun: 4475.2282104262995
             x: [ 4.189e-01  8.688e-01  2.331e+00  1.258e+00]
           nit: 85
          nfev: 154
 final_simplex: (array([[ 4.189e-01,  8.688e-01,  2.331e+00,  1.258e+00],
                       [ 4.189e-01,  8.688e-01,  2.331e+00,  1.258e+00],
                       ...,
                       [ 4.189e-01,  8.688e-01,  2.331e+00,  1.258e+00],
                       [ 4.189e-01,  8.688e-01,  2.331e+00,  1.258e+00]]), array([ 4.475e+03,  4.475e+03,  4.475e+03,  4.475e+03,
                        4.475e+03]))
   param_names: ['d', 'e', 'f', 'g']
[0.41888996 0.8687727  2.33149505 1.25826803]
{'d': 0.41888996220910124, 'e': 0.8687726955646682, 'f': 2.33149504619758, 'g': 1.258268026205812}
Previous:  {'d': 0.42780269344915856, 'e': 0.9034208883151704, 'f': 2.3313038805030786, 'g': 1.259411975955635}
