prev {'d': 0.46221228017252014, 'e': 1.0176068063773842, 'f': 2.337109929222974, 'g': 1.2750467444413447}
Starting ML Fit
Box20_1400
       message: Optimization terminated successfully.
       success: True
        status: 0
           fun: 5922.801604259698
             x: [ 4.387e-01  1.017e+00  2.338e+00  1.239e+00]
           nit: 116
          nfev: 204
 final_simplex: (array([[ 4.387e-01,  1.017e+00,  2.338e+00,  1.239e+00],
                       [ 4.387e-01,  1.017e+00,  2.338e+00,  1.239e+00],
                       ...,
                       [ 4.387e-01,  1.017e+00,  2.338e+00,  1.239e+00],
                       [ 4.387e-01,  1.017e+00,  2.338e+00,  1.239e+00]]), array([ 5.923e+03,  5.923e+03,  5.923e+03,  5.923e+03,
                        5.923e+03]))
   param_names: ['d', 'e', 'f', 'g']
[0.43868206 1.01745704 2.33802856 1.23885976]
{'d': 0.4386820634650218, 'e': 1.017457035023225, 'f': 2.338028559529513, 'g': 1.2388597563379158}
Previous:  {'d': 0.46221228017252014, 'e': 1.0176068063773842, 'f': 2.337109929222974, 'g': 1.2750467444413447}
