prev {'d': 0.48767685813563977, 'e': 1.263864394675966, 'f': 2.3238928218815564, 'g': 1.1930547861321934}
Starting ML Fit
Box49_1400
       message: Optimization terminated successfully.
       success: True
        status: 0
           fun: 6276.377499545297
             x: [ 5.047e-01  1.265e+00  2.323e+00  1.190e+00]
           nit: 86
          nfev: 154
 final_simplex: (array([[ 5.047e-01,  1.265e+00,  2.323e+00,  1.190e+00],
                       [ 5.047e-01,  1.265e+00,  2.323e+00,  1.190e+00],
                       ...,
                       [ 5.047e-01,  1.265e+00,  2.323e+00,  1.190e+00],
                       [ 5.047e-01,  1.265e+00,  2.323e+00,  1.190e+00]]), array([ 6.276e+03,  6.276e+03,  6.276e+03,  6.276e+03,
                        6.276e+03]))
   param_names: ['d', 'e', 'f', 'g']
[0.50469422 1.26469855 2.32340703 1.19019565]
{'d': 0.5046942169098483, 'e': 1.2646985466033347, 'f': 2.3234070264523776, 'g': 1.19019565201477}
Previous:  {'d': 0.48767685813563977, 'e': 1.263864394675966, 'f': 2.3238928218815564, 'g': 1.1930547861321934}
