no change     /oak/stanford/orgs/kipac/users/delon/miniconda3/condabin/conda
no change     /oak/stanford/orgs/kipac/users/delon/miniconda3/bin/conda
no change     /oak/stanford/orgs/kipac/users/delon/miniconda3/bin/conda-env
no change     /oak/stanford/orgs/kipac/users/delon/miniconda3/bin/activate
no change     /oak/stanford/orgs/kipac/users/delon/miniconda3/bin/deactivate
no change     /oak/stanford/orgs/kipac/users/delon/miniconda3/etc/profile.d/conda.sh
no change     /oak/stanford/orgs/kipac/users/delon/miniconda3/etc/fish/conf.d/conda.fish
no change     /oak/stanford/orgs/kipac/users/delon/miniconda3/shell/condabin/Conda.psm1
no change     /oak/stanford/orgs/kipac/users/delon/miniconda3/shell/condabin/conda-hook.ps1
no change     /oak/stanford/orgs/kipac/users/delon/miniconda3/lib/python3.10/site-packages/xontrib/conda.xsh
no change     /oak/stanford/orgs/kipac/users/delon/miniconda3/etc/profile.d/conda.csh
no change     /home/users/delon/.bashrc
No action taken.
16
1388262
1388262
redshift 3.0
3143488
3143488
redshift 2.3038301302700224
leftlog10 13.2
sumN 6697.0
N [3.520e+03 1.766e+03 8.150e+02 3.680e+02 1.570e+02 4.800e+01 1.700e+01
 4.000e+00 2.000e+00 0.000e+00 0.000e+00 0.000e+00 0.000e+00 0.000e+00
 0.000e+00 0.000e+00 0.000e+00 0.000e+00]
edges [13.2 13.3 13.4 13.5 13.6 13.7 13.8 13.9 14.  14.1 14.2 14.3 14.4 14.5
 14.6 14.7 14.8 14.9 15. ]
---
[3.520e+03 1.766e+03 8.150e+02 3.680e+02 1.570e+02 4.800e+01 1.700e+01
 4.000e+00 2.000e+00 0.000e+00 0.000e+00 0.000e+00 0.000e+00 0.000e+00
 0.000e+00 0.000e+00 0.000e+00]
[1.58489319e+13 1.99526231e+13 2.51188643e+13 3.16227766e+13
 3.98107171e+13 5.01187234e+13 6.30957344e+13 7.94328235e+13
 1.00000000e+14 1.25892541e+14 1.58489319e+14 1.99526231e+14
 2.51188643e+14 3.16227766e+14 3.98107171e+14 5.01187234e+14
 6.30957344e+14 7.94328235e+14]
---
---
[3.520e+03 1.766e+03 8.150e+02 3.680e+02 1.570e+02 4.800e+01 1.700e+01
 4.000e+00 2.000e+00 0.000e+00 0.000e+00 0.000e+00 0.000e+00 0.000e+00
 0.000e+00 0.000e+00]
[1.58489319e+13 1.99526231e+13 2.51188643e+13 3.16227766e+13
 3.98107171e+13 5.01187234e+13 6.30957344e+13 7.94328235e+13
 1.00000000e+14 1.25892541e+14 1.58489319e+14 1.99526231e+14
 2.51188643e+14 3.16227766e+14 3.98107171e+14 5.01187234e+14
 6.30957344e+14]
---
---
[3.520e+03 1.766e+03 8.150e+02 3.680e+02 1.570e+02 4.800e+01 1.700e+01
 4.000e+00 2.000e+00 0.000e+00 0.000e+00 0.000e+00 0.000e+00 0.000e+00
 0.000e+00]
[1.58489319e+13 1.99526231e+13 2.51188643e+13 3.16227766e+13
 3.98107171e+13 5.01187234e+13 6.30957344e+13 7.94328235e+13
 1.00000000e+14 1.25892541e+14 1.58489319e+14 1.99526231e+14
 2.51188643e+14 3.16227766e+14 3.98107171e+14 5.01187234e+14]
---
---
[3.520e+03 1.766e+03 8.150e+02 3.680e+02 1.570e+02 4.800e+01 1.700e+01
 4.000e+00 2.000e+00 0.000e+00 0.000e+00 0.000e+00 0.000e+00 0.000e+00]
[1.58489319e+13 1.99526231e+13 2.51188643e+13 3.16227766e+13
 3.98107171e+13 5.01187234e+13 6.30957344e+13 7.94328235e+13
 1.00000000e+14 1.25892541e+14 1.58489319e+14 1.99526231e+14
 2.51188643e+14 3.16227766e+14 3.98107171e+14]
---
---
[3.520e+03 1.766e+03 8.150e+02 3.680e+02 1.570e+02 4.800e+01 1.700e+01
 4.000e+00 2.000e+00 0.000e+00 0.000e+00 0.000e+00 0.000e+00]
[1.58489319e+13 1.99526231e+13 2.51188643e+13 3.16227766e+13
 3.98107171e+13 5.01187234e+13 6.30957344e+13 7.94328235e+13
 1.00000000e+14 1.25892541e+14 1.58489319e+14 1.99526231e+14
 2.51188643e+14 3.16227766e+14]
---
---
[3.520e+03 1.766e+03 8.150e+02 3.680e+02 1.570e+02 4.800e+01 1.700e+01
 4.000e+00 2.000e+00 0.000e+00 0.000e+00 0.000e+00]
[1.58489319e+13 1.99526231e+13 2.51188643e+13 3.16227766e+13
 3.98107171e+13 5.01187234e+13 6.30957344e+13 7.94328235e+13
 1.00000000e+14 1.25892541e+14 1.58489319e+14 1.99526231e+14
 2.51188643e+14]
---
---
[3.520e+03 1.766e+03 8.150e+02 3.680e+02 1.570e+02 4.800e+01 1.700e+01
 4.000e+00 2.000e+00 0.000e+00 0.000e+00]
[1.58489319e+13 1.99526231e+13 2.51188643e+13 3.16227766e+13
 3.98107171e+13 5.01187234e+13 6.30957344e+13 7.94328235e+13
 1.00000000e+14 1.25892541e+14 1.58489319e+14 1.99526231e+14]
---
---
[3.520e+03 1.766e+03 8.150e+02 3.680e+02 1.570e+02 4.800e+01 1.700e+01
 4.000e+00 2.000e+00 0.000e+00]
[1.58489319e+13 1.99526231e+13 2.51188643e+13 3.16227766e+13
 3.98107171e+13 5.01187234e+13 6.30957344e+13 7.94328235e+13
 1.00000000e+14 1.25892541e+14 1.58489319e+14]
---
---
[3.520e+03 1.766e+03 8.150e+02 3.680e+02 1.570e+02 4.800e+01 1.700e+01
 4.000e+00 2.000e+00]
[1.58489319e+13 1.99526231e+13 2.51188643e+13 3.16227766e+13
 3.98107171e+13 5.01187234e+13 6.30957344e+13 7.94328235e+13
 1.00000000e+14 1.25892541e+14]
---
after adaptive [3520. 1766.  815.  368.  157.   48.   23.]
5350167
5350167
redshift 1.7288182306888356
leftlog10 13.2
sumN 35936.0
N [1.567e+04 9.365e+03 5.288e+03 2.895e+03 1.499e+03 7.260e+02 2.900e+02
 1.290e+02 5.300e+01 1.600e+01 4.000e+00 1.000e+00 0.000e+00 0.000e+00
 0.000e+00 0.000e+00 0.000e+00 0.000e+00 0.000e+00 0.000e+00 0.000e+00]
edges [13.2 13.3 13.4 13.5 13.6 13.7 13.8 13.9 14.  14.1 14.2 14.3 14.4 14.5
 14.6 14.7 14.8 14.9 15.  15.1 15.2 15.3]
---
[1.567e+04 9.365e+03 5.288e+03 2.895e+03 1.499e+03 7.260e+02 2.900e+02
 1.290e+02 5.300e+01 1.600e+01 4.000e+00 1.000e+00 0.000e+00 0.000e+00
 0.000e+00 0.000e+00 0.000e+00 0.000e+00 0.000e+00 0.000e+00]
[1.58489319e+13 1.99526231e+13 2.51188643e+13 3.16227766e+13
 3.98107171e+13 5.01187234e+13 6.30957344e+13 7.94328235e+13
 1.00000000e+14 1.25892541e+14 1.58489319e+14 1.99526231e+14
 2.51188643e+14 3.16227766e+14 3.98107171e+14 5.01187234e+14
 6.30957344e+14 7.94328235e+14 1.00000000e+15 1.25892541e+15
 1.58489319e+15]
---
---
[1.567e+04 9.365e+03 5.288e+03 2.895e+03 1.499e+03 7.260e+02 2.900e+02
 1.290e+02 5.300e+01 1.600e+01 4.000e+00 1.000e+00 0.000e+00 0.000e+00
 0.000e+00 0.000e+00 0.000e+00 0.000e+00 0.000e+00]
[1.58489319e+13 1.99526231e+13 2.51188643e+13 3.16227766e+13
 3.98107171e+13 5.01187234e+13 6.30957344e+13 7.94328235e+13
 1.00000000e+14 1.25892541e+14 1.58489319e+14 1.99526231e+14
 2.51188643e+14 3.16227766e+14 3.98107171e+14 5.01187234e+14
 6.30957344e+14 7.94328235e+14 1.00000000e+15 1.25892541e+15]
---
---
[1.567e+04 9.365e+03 5.288e+03 2.895e+03 1.499e+03 7.260e+02 2.900e+02
 1.290e+02 5.300e+01 1.600e+01 4.000e+00 1.000e+00 0.000e+00 0.000e+00
 0.000e+00 0.000e+00 0.000e+00 0.000e+00]
[1.58489319e+13 1.99526231e+13 2.51188643e+13 3.16227766e+13
 3.98107171e+13 5.01187234e+13 6.30957344e+13 7.94328235e+13
 1.00000000e+14 1.25892541e+14 1.58489319e+14 1.99526231e+14
 2.51188643e+14 3.16227766e+14 3.98107171e+14 5.01187234e+14
 6.30957344e+14 7.94328235e+14 1.00000000e+15]
---
---
[1.567e+04 9.365e+03 5.288e+03 2.895e+03 1.499e+03 7.260e+02 2.900e+02
 1.290e+02 5.300e+01 1.600e+01 4.000e+00 1.000e+00 0.000e+00 0.000e+00
 0.000e+00 0.000e+00 0.000e+00]
[1.58489319e+13 1.99526231e+13 2.51188643e+13 3.16227766e+13
 3.98107171e+13 5.01187234e+13 6.30957344e+13 7.94328235e+13
 1.00000000e+14 1.25892541e+14 1.58489319e+14 1.99526231e+14
 2.51188643e+14 3.16227766e+14 3.98107171e+14 5.01187234e+14
 6.30957344e+14 7.94328235e+14]
---
---
[1.567e+04 9.365e+03 5.288e+03 2.895e+03 1.499e+03 7.260e+02 2.900e+02
 1.290e+02 5.300e+01 1.600e+01 4.000e+00 1.000e+00 0.000e+00 0.000e+00
 0.000e+00 0.000e+00]
[1.58489319e+13 1.99526231e+13 2.51188643e+13 3.16227766e+13
 3.98107171e+13 5.01187234e+13 6.30957344e+13 7.94328235e+13
 1.00000000e+14 1.25892541e+14 1.58489319e+14 1.99526231e+14
 2.51188643e+14 3.16227766e+14 3.98107171e+14 5.01187234e+14
 6.30957344e+14]
---
---
[1.567e+04 9.365e+03 5.288e+03 2.895e+03 1.499e+03 7.260e+02 2.900e+02
 1.290e+02 5.300e+01 1.600e+01 4.000e+00 1.000e+00 0.000e+00 0.000e+00
 0.000e+00]
[1.58489319e+13 1.99526231e+13 2.51188643e+13 3.16227766e+13
 3.98107171e+13 5.01187234e+13 6.30957344e+13 7.94328235e+13
 1.00000000e+14 1.25892541e+14 1.58489319e+14 1.99526231e+14
 2.51188643e+14 3.16227766e+14 3.98107171e+14 5.01187234e+14]
---
---
[1.567e+04 9.365e+03 5.288e+03 2.895e+03 1.499e+03 7.260e+02 2.900e+02
 1.290e+02 5.300e+01 1.600e+01 4.000e+00 1.000e+00 0.000e+00 0.000e+00]
[1.58489319e+13 1.99526231e+13 2.51188643e+13 3.16227766e+13
 3.98107171e+13 5.01187234e+13 6.30957344e+13 7.94328235e+13
 1.00000000e+14 1.25892541e+14 1.58489319e+14 1.99526231e+14
 2.51188643e+14 3.16227766e+14 3.98107171e+14]
---
---
[1.567e+04 9.365e+03 5.288e+03 2.895e+03 1.499e+03 7.260e+02 2.900e+02
 1.290e+02 5.300e+01 1.600e+01 4.000e+00 1.000e+00 0.000e+00]
[1.58489319e+13 1.99526231e+13 2.51188643e+13 3.16227766e+13
 3.98107171e+13 5.01187234e+13 6.30957344e+13 7.94328235e+13
 1.00000000e+14 1.25892541e+14 1.58489319e+14 1.99526231e+14
 2.51188643e+14 3.16227766e+14]
---
---
[1.567e+04 9.365e+03 5.288e+03 2.895e+03 1.499e+03 7.260e+02 2.900e+02
 1.290e+02 5.300e+01 1.600e+01 4.000e+00 1.000e+00]
[1.58489319e+13 1.99526231e+13 2.51188643e+13 3.16227766e+13
 3.98107171e+13 5.01187234e+13 6.30957344e+13 7.94328235e+13
 1.00000000e+14 1.25892541e+14 1.58489319e+14 1.99526231e+14
 2.51188643e+14]
---
after adaptive [15670.  9365.  5288.  2895.  1499.   726.   290.   129.    53.    21.]
6448497
6448497
redshift 1.4800111104497748
leftlog10 13.2
sumN 67246.0
N [2.6962e+04 1.7042e+04 1.0449e+04 5.9800e+03 3.3760e+03 1.8690e+03
 8.7000e+02 4.0600e+02 1.8500e+02 7.4000e+01 2.7000e+01 5.0000e+00
 1.0000e+00 0.0000e+00 0.0000e+00 0.0000e+00 0.0000e+00 0.0000e+00
 0.0000e+00 0.0000e+00 0.0000e+00 0.0000e+00]
edges [13.2 13.3 13.4 13.5 13.6 13.7 13.8 13.9 14.  14.1 14.2 14.3 14.4 14.5
 14.6 14.7 14.8 14.9 15.  15.1 15.2 15.3 15.4]
---
[2.6962e+04 1.7042e+04 1.0449e+04 5.9800e+03 3.3760e+03 1.8690e+03
 8.7000e+02 4.0600e+02 1.8500e+02 7.4000e+01 2.7000e+01 5.0000e+00
 1.0000e+00 0.0000e+00 0.0000e+00 0.0000e+00 0.0000e+00 0.0000e+00
 0.0000e+00 0.0000e+00 0.0000e+00]
[1.58489319e+13 1.99526231e+13 2.51188643e+13 3.16227766e+13
 3.98107171e+13 5.01187234e+13 6.30957344e+13 7.94328235e+13
 1.00000000e+14 1.25892541e+14 1.58489319e+14 1.99526231e+14
 2.51188643e+14 3.16227766e+14 3.98107171e+14 5.01187234e+14
 6.30957344e+14 7.94328235e+14 1.00000000e+15 1.25892541e+15
 1.58489319e+15 1.99526231e+15]
---
---
[2.6962e+04 1.7042e+04 1.0449e+04 5.9800e+03 3.3760e+03 1.8690e+03
 8.7000e+02 4.0600e+02 1.8500e+02 7.4000e+01 2.7000e+01 5.0000e+00
 1.0000e+00 0.0000e+00 0.0000e+00 0.0000e+00 0.0000e+00 0.0000e+00
 0.0000e+00 0.0000e+00]
[1.58489319e+13 1.99526231e+13 2.51188643e+13 3.16227766e+13
 3.98107171e+13 5.01187234e+13 6.30957344e+13 7.94328235e+13
 1.00000000e+14 1.25892541e+14 1.58489319e+14 1.99526231e+14
 2.51188643e+14 3.16227766e+14 3.98107171e+14 5.01187234e+14
 6.30957344e+14 7.94328235e+14 1.00000000e+15 1.25892541e+15
 1.58489319e+15]
---
---
[2.6962e+04 1.7042e+04 1.0449e+04 5.9800e+03 3.3760e+03 1.8690e+03
 8.7000e+02 4.0600e+02 1.8500e+02 7.4000e+01 2.7000e+01 5.0000e+00
 1.0000e+00 0.0000e+00 0.0000e+00 0.0000e+00 0.0000e+00 0.0000e+00
 0.0000e+00]
[1.58489319e+13 1.99526231e+13 2.51188643e+13 3.16227766e+13
 3.98107171e+13 5.01187234e+13 6.30957344e+13 7.94328235e+13
 1.00000000e+14 1.25892541e+14 1.58489319e+14 1.99526231e+14
 2.51188643e+14 3.16227766e+14 3.98107171e+14 5.01187234e+14
 6.30957344e+14 7.94328235e+14 1.00000000e+15 1.25892541e+15]
---
---
[2.6962e+04 1.7042e+04 1.0449e+04 5.9800e+03 3.3760e+03 1.8690e+03
 8.7000e+02 4.0600e+02 1.8500e+02 7.4000e+01 2.7000e+01 5.0000e+00
 1.0000e+00 0.0000e+00 0.0000e+00 0.0000e+00 0.0000e+00 0.0000e+00]
[1.58489319e+13 1.99526231e+13 2.51188643e+13 3.16227766e+13
 3.98107171e+13 5.01187234e+13 6.30957344e+13 7.94328235e+13
 1.00000000e+14 1.25892541e+14 1.58489319e+14 1.99526231e+14
 2.51188643e+14 3.16227766e+14 3.98107171e+14 5.01187234e+14
 6.30957344e+14 7.94328235e+14 1.00000000e+15]
---
---
[2.6962e+04 1.7042e+04 1.0449e+04 5.9800e+03 3.3760e+03 1.8690e+03
 8.7000e+02 4.0600e+02 1.8500e+02 7.4000e+01 2.7000e+01 5.0000e+00
 1.0000e+00 0.0000e+00 0.0000e+00 0.0000e+00 0.0000e+00]
[1.58489319e+13 1.99526231e+13 2.51188643e+13 3.16227766e+13
 3.98107171e+13 5.01187234e+13 6.30957344e+13 7.94328235e+13
 1.00000000e+14 1.25892541e+14 1.58489319e+14 1.99526231e+14
 2.51188643e+14 3.16227766e+14 3.98107171e+14 5.01187234e+14
 6.30957344e+14 7.94328235e+14]
---
---
[2.6962e+04 1.7042e+04 1.0449e+04 5.9800e+03 3.3760e+03 1.8690e+03
 8.7000e+02 4.0600e+02 1.8500e+02 7.4000e+01 2.7000e+01 5.0000e+00
 1.0000e+00 0.0000e+00 0.0000e+00 0.0000e+00]
[1.58489319e+13 1.99526231e+13 2.51188643e+13 3.16227766e+13
 3.98107171e+13 5.01187234e+13 6.30957344e+13 7.94328235e+13
 1.00000000e+14 1.25892541e+14 1.58489319e+14 1.99526231e+14
 2.51188643e+14 3.16227766e+14 3.98107171e+14 5.01187234e+14
 6.30957344e+14]
---
---
[2.6962e+04 1.7042e+04 1.0449e+04 5.9800e+03 3.3760e+03 1.8690e+03
 8.7000e+02 4.0600e+02 1.8500e+02 7.4000e+01 2.7000e+01 5.0000e+00
 1.0000e+00 0.0000e+00 0.0000e+00]
[1.58489319e+13 1.99526231e+13 2.51188643e+13 3.16227766e+13
 3.98107171e+13 5.01187234e+13 6.30957344e+13 7.94328235e+13
 1.00000000e+14 1.25892541e+14 1.58489319e+14 1.99526231e+14
 2.51188643e+14 3.16227766e+14 3.98107171e+14 5.01187234e+14]
---
---
[2.6962e+04 1.7042e+04 1.0449e+04 5.9800e+03 3.3760e+03 1.8690e+03
 8.7000e+02 4.0600e+02 1.8500e+02 7.4000e+01 2.7000e+01 5.0000e+00
 1.0000e+00 0.0000e+00]
[1.58489319e+13 1.99526231e+13 2.51188643e+13 3.16227766e+13
 3.98107171e+13 5.01187234e+13 6.30957344e+13 7.94328235e+13
 1.00000000e+14 1.25892541e+14 1.58489319e+14 1.99526231e+14
 2.51188643e+14 3.16227766e+14 3.98107171e+14]
---
---
[2.6962e+04 1.7042e+04 1.0449e+04 5.9800e+03 3.3760e+03 1.8690e+03
 8.7000e+02 4.0600e+02 1.8500e+02 7.4000e+01 2.7000e+01 5.0000e+00
 1.0000e+00]
[1.58489319e+13 1.99526231e+13 2.51188643e+13 3.16227766e+13
 3.98107171e+13 5.01187234e+13 6.30957344e+13 7.94328235e+13
 1.00000000e+14 1.25892541e+14 1.58489319e+14 1.99526231e+14
 2.51188643e+14 3.16227766e+14]
---
after adaptive [26962. 17042. 10449.  5980.  3376.  1869.   870.   406.   185.    74.
    33.]
8331948
8331948
redshift 1.0483786059144884
leftlog10 13.2
sumN 169880.0
N [5.8035e+04 4.0145e+04 2.7044e+04 1.7816e+04 1.1199e+04 7.0020e+03
 4.0380e+03 2.2980e+03 1.2420e+03 5.9400e+02 2.9000e+02 1.1300e+02
 4.9000e+01 1.2000e+01 3.0000e+00 0.0000e+00 0.0000e+00 0.0000e+00
 0.0000e+00 0.0000e+00 0.0000e+00 0.0000e+00 0.0000e+00 0.0000e+00]
edges [13.2 13.3 13.4 13.5 13.6 13.7 13.8 13.9 14.  14.1 14.2 14.3 14.4 14.5
 14.6 14.7 14.8 14.9 15.  15.1 15.2 15.3 15.4 15.5 15.6]
---
[5.8035e+04 4.0145e+04 2.7044e+04 1.7816e+04 1.1199e+04 7.0020e+03
 4.0380e+03 2.2980e+03 1.2420e+03 5.9400e+02 2.9000e+02 1.1300e+02
 4.9000e+01 1.2000e+01 3.0000e+00 0.0000e+00 0.0000e+00 0.0000e+00
 0.0000e+00 0.0000e+00 0.0000e+00 0.0000e+00 0.0000e+00]
[1.58489319e+13 1.99526231e+13 2.51188643e+13 3.16227766e+13
 3.98107171e+13 5.01187234e+13 6.30957344e+13 7.94328235e+13
 1.00000000e+14 1.25892541e+14 1.58489319e+14 1.99526231e+14
 2.51188643e+14 3.16227766e+14 3.98107171e+14 5.01187234e+14
 6.30957344e+14 7.94328235e+14 1.00000000e+15 1.25892541e+15
 1.58489319e+15 1.99526231e+15 2.51188643e+15 3.16227766e+15]
---
---
[5.8035e+04 4.0145e+04 2.7044e+04 1.7816e+04 1.1199e+04 7.0020e+03
 4.0380e+03 2.2980e+03 1.2420e+03 5.9400e+02 2.9000e+02 1.1300e+02
 4.9000e+01 1.2000e+01 3.0000e+00 0.0000e+00 0.0000e+00 0.0000e+00
 0.0000e+00 0.0000e+00 0.0000e+00 0.0000e+00]
[1.58489319e+13 1.99526231e+13 2.51188643e+13 3.16227766e+13
 3.98107171e+13 5.01187234e+13 6.30957344e+13 7.94328235e+13
 1.00000000e+14 1.25892541e+14 1.58489319e+14 1.99526231e+14
 2.51188643e+14 3.16227766e+14 3.98107171e+14 5.01187234e+14
 6.30957344e+14 7.94328235e+14 1.00000000e+15 1.25892541e+15
 1.58489319e+15 1.99526231e+15 2.51188643e+15]
---
---
[5.8035e+04 4.0145e+04 2.7044e+04 1.7816e+04 1.1199e+04 7.0020e+03
 4.0380e+03 2.2980e+03 1.2420e+03 5.9400e+02 2.9000e+02 1.1300e+02
 4.9000e+01 1.2000e+01 3.0000e+00 0.0000e+00 0.0000e+00 0.0000e+00
 0.0000e+00 0.0000e+00 0.0000e+00]
[1.58489319e+13 1.99526231e+13 2.51188643e+13 3.16227766e+13
 3.98107171e+13 5.01187234e+13 6.30957344e+13 7.94328235e+13
 1.00000000e+14 1.25892541e+14 1.58489319e+14 1.99526231e+14
 2.51188643e+14 3.16227766e+14 3.98107171e+14 5.01187234e+14
 6.30957344e+14 7.94328235e+14 1.00000000e+15 1.25892541e+15
 1.58489319e+15 1.99526231e+15]
---
---
[5.8035e+04 4.0145e+04 2.7044e+04 1.7816e+04 1.1199e+04 7.0020e+03
 4.0380e+03 2.2980e+03 1.2420e+03 5.9400e+02 2.9000e+02 1.1300e+02
 4.9000e+01 1.2000e+01 3.0000e+00 0.0000e+00 0.0000e+00 0.0000e+00
 0.0000e+00 0.0000e+00]
[1.58489319e+13 1.99526231e+13 2.51188643e+13 3.16227766e+13
 3.98107171e+13 5.01187234e+13 6.30957344e+13 7.94328235e+13
 1.00000000e+14 1.25892541e+14 1.58489319e+14 1.99526231e+14
 2.51188643e+14 3.16227766e+14 3.98107171e+14 5.01187234e+14
 6.30957344e+14 7.94328235e+14 1.00000000e+15 1.25892541e+15
 1.58489319e+15]
---
---
[5.8035e+04 4.0145e+04 2.7044e+04 1.7816e+04 1.1199e+04 7.0020e+03
 4.0380e+03 2.2980e+03 1.2420e+03 5.9400e+02 2.9000e+02 1.1300e+02
 4.9000e+01 1.2000e+01 3.0000e+00 0.0000e+00 0.0000e+00 0.0000e+00
 0.0000e+00]
[1.58489319e+13 1.99526231e+13 2.51188643e+13 3.16227766e+13
 3.98107171e+13 5.01187234e+13 6.30957344e+13 7.94328235e+13
 1.00000000e+14 1.25892541e+14 1.58489319e+14 1.99526231e+14
 2.51188643e+14 3.16227766e+14 3.98107171e+14 5.01187234e+14
 6.30957344e+14 7.94328235e+14 1.00000000e+15 1.25892541e+15]
---
---
[5.8035e+04 4.0145e+04 2.7044e+04 1.7816e+04 1.1199e+04 7.0020e+03
 4.0380e+03 2.2980e+03 1.2420e+03 5.9400e+02 2.9000e+02 1.1300e+02
 4.9000e+01 1.2000e+01 3.0000e+00 0.0000e+00 0.0000e+00 0.0000e+00]
[1.58489319e+13 1.99526231e+13 2.51188643e+13 3.16227766e+13
 3.98107171e+13 5.01187234e+13 6.30957344e+13 7.94328235e+13
 1.00000000e+14 1.25892541e+14 1.58489319e+14 1.99526231e+14
 2.51188643e+14 3.16227766e+14 3.98107171e+14 5.01187234e+14
 6.30957344e+14 7.94328235e+14 1.00000000e+15]
---
---
[5.8035e+04 4.0145e+04 2.7044e+04 1.7816e+04 1.1199e+04 7.0020e+03
 4.0380e+03 2.2980e+03 1.2420e+03 5.9400e+02 2.9000e+02 1.1300e+02
 4.9000e+01 1.2000e+01 3.0000e+00 0.0000e+00 0.0000e+00]
[1.58489319e+13 1.99526231e+13 2.51188643e+13 3.16227766e+13
 3.98107171e+13 5.01187234e+13 6.30957344e+13 7.94328235e+13
 1.00000000e+14 1.25892541e+14 1.58489319e+14 1.99526231e+14
 2.51188643e+14 3.16227766e+14 3.98107171e+14 5.01187234e+14
 6.30957344e+14 7.94328235e+14]
---
---
[5.8035e+04 4.0145e+04 2.7044e+04 1.7816e+04 1.1199e+04 7.0020e+03
 4.0380e+03 2.2980e+03 1.2420e+03 5.9400e+02 2.9000e+02 1.1300e+02
 4.9000e+01 1.2000e+01 3.0000e+00 0.0000e+00]
[1.58489319e+13 1.99526231e+13 2.51188643e+13 3.16227766e+13
 3.98107171e+13 5.01187234e+13 6.30957344e+13 7.94328235e+13
 1.00000000e+14 1.25892541e+14 1.58489319e+14 1.99526231e+14
 2.51188643e+14 3.16227766e+14 3.98107171e+14 5.01187234e+14
 6.30957344e+14]
---
---
[5.8035e+04 4.0145e+04 2.7044e+04 1.7816e+04 1.1199e+04 7.0020e+03
 4.0380e+03 2.2980e+03 1.2420e+03 5.9400e+02 2.9000e+02 1.1300e+02
 4.9000e+01 1.2000e+01 3.0000e+00]
[1.58489319e+13 1.99526231e+13 2.51188643e+13 3.16227766e+13
 3.98107171e+13 5.01187234e+13 6.30957344e+13 7.94328235e+13
 1.00000000e+14 1.25892541e+14 1.58489319e+14 1.99526231e+14
 2.51188643e+14 3.16227766e+14 3.98107171e+14 5.01187234e+14]
---
after adaptive [5.8035e+04 4.0145e+04 2.7044e+04 1.7816e+04 1.1199e+04 7.0020e+03
 4.0380e+03 2.2980e+03 1.2420e+03 5.9400e+02 2.9000e+02 1.1300e+02
 4.9000e+01 1.5000e+01]
8708613
8708613
redshift 0.9527626709887815
leftlog10 13.2
sumN 202623.0
N [6.6427e+04 4.6863e+04 3.2277e+04 2.1866e+04 1.4209e+04 8.9700e+03
 5.4170e+03 3.1550e+03 1.7500e+03 9.1200e+02 4.4100e+02 2.0400e+02
 9.9000e+01 2.2000e+01 1.0000e+01 1.0000e+00 0.0000e+00 0.0000e+00
 0.0000e+00 0.0000e+00 0.0000e+00 0.0000e+00 0.0000e+00 0.0000e+00
 0.0000e+00]
edges [13.2 13.3 13.4 13.5 13.6 13.7 13.8 13.9 14.  14.1 14.2 14.3 14.4 14.5
 14.6 14.7 14.8 14.9 15.  15.1 15.2 15.3 15.4 15.5 15.6 15.7]
---
[6.6427e+04 4.6863e+04 3.2277e+04 2.1866e+04 1.4209e+04 8.9700e+03
 5.4170e+03 3.1550e+03 1.7500e+03 9.1200e+02 4.4100e+02 2.0400e+02
 9.9000e+01 2.2000e+01 1.0000e+01 1.0000e+00 0.0000e+00 0.0000e+00
 0.0000e+00 0.0000e+00 0.0000e+00 0.0000e+00 0.0000e+00 0.0000e+00]
[1.58489319e+13 1.99526231e+13 2.51188643e+13 3.16227766e+13
 3.98107171e+13 5.01187234e+13 6.30957344e+13 7.94328235e+13
 1.00000000e+14 1.25892541e+14 1.58489319e+14 1.99526231e+14
 2.51188643e+14 3.16227766e+14 3.98107171e+14 5.01187234e+14
 6.30957344e+14 7.94328235e+14 1.00000000e+15 1.25892541e+15
 1.58489319e+15 1.99526231e+15 2.51188643e+15 3.16227766e+15
 3.98107171e+15]
---
---
[6.6427e+04 4.6863e+04 3.2277e+04 2.1866e+04 1.4209e+04 8.9700e+03
 5.4170e+03 3.1550e+03 1.7500e+03 9.1200e+02 4.4100e+02 2.0400e+02
 9.9000e+01 2.2000e+01 1.0000e+01 1.0000e+00 0.0000e+00 0.0000e+00
 0.0000e+00 0.0000e+00 0.0000e+00 0.0000e+00 0.0000e+00]
[1.58489319e+13 1.99526231e+13 2.51188643e+13 3.16227766e+13
 3.98107171e+13 5.01187234e+13 6.30957344e+13 7.94328235e+13
 1.00000000e+14 1.25892541e+14 1.58489319e+14 1.99526231e+14
 2.51188643e+14 3.16227766e+14 3.98107171e+14 5.01187234e+14
 6.30957344e+14 7.94328235e+14 1.00000000e+15 1.25892541e+15
 1.58489319e+15 1.99526231e+15 2.51188643e+15 3.16227766e+15]
---
---
[6.6427e+04 4.6863e+04 3.2277e+04 2.1866e+04 1.4209e+04 8.9700e+03
 5.4170e+03 3.1550e+03 1.7500e+03 9.1200e+02 4.4100e+02 2.0400e+02
 9.9000e+01 2.2000e+01 1.0000e+01 1.0000e+00 0.0000e+00 0.0000e+00
 0.0000e+00 0.0000e+00 0.0000e+00 0.0000e+00]
[1.58489319e+13 1.99526231e+13 2.51188643e+13 3.16227766e+13
 3.98107171e+13 5.01187234e+13 6.30957344e+13 7.94328235e+13
 1.00000000e+14 1.25892541e+14 1.58489319e+14 1.99526231e+14
 2.51188643e+14 3.16227766e+14 3.98107171e+14 5.01187234e+14
 6.30957344e+14 7.94328235e+14 1.00000000e+15 1.25892541e+15
 1.58489319e+15 1.99526231e+15 2.51188643e+15]
---
---
[6.6427e+04 4.6863e+04 3.2277e+04 2.1866e+04 1.4209e+04 8.9700e+03
 5.4170e+03 3.1550e+03 1.7500e+03 9.1200e+02 4.4100e+02 2.0400e+02
 9.9000e+01 2.2000e+01 1.0000e+01 1.0000e+00 0.0000e+00 0.0000e+00
 0.0000e+00 0.0000e+00 0.0000e+00]
[1.58489319e+13 1.99526231e+13 2.51188643e+13 3.16227766e+13
 3.98107171e+13 5.01187234e+13 6.30957344e+13 7.94328235e+13
 1.00000000e+14 1.25892541e+14 1.58489319e+14 1.99526231e+14
 2.51188643e+14 3.16227766e+14 3.98107171e+14 5.01187234e+14
 6.30957344e+14 7.94328235e+14 1.00000000e+15 1.25892541e+15
 1.58489319e+15 1.99526231e+15]
---
---
[6.6427e+04 4.6863e+04 3.2277e+04 2.1866e+04 1.4209e+04 8.9700e+03
 5.4170e+03 3.1550e+03 1.7500e+03 9.1200e+02 4.4100e+02 2.0400e+02
 9.9000e+01 2.2000e+01 1.0000e+01 1.0000e+00 0.0000e+00 0.0000e+00
 0.0000e+00 0.0000e+00]
[1.58489319e+13 1.99526231e+13 2.51188643e+13 3.16227766e+13
 3.98107171e+13 5.01187234e+13 6.30957344e+13 7.94328235e+13
 1.00000000e+14 1.25892541e+14 1.58489319e+14 1.99526231e+14
 2.51188643e+14 3.16227766e+14 3.98107171e+14 5.01187234e+14
 6.30957344e+14 7.94328235e+14 1.00000000e+15 1.25892541e+15
 1.58489319e+15]
---
---
[6.6427e+04 4.6863e+04 3.2277e+04 2.1866e+04 1.4209e+04 8.9700e+03
 5.4170e+03 3.1550e+03 1.7500e+03 9.1200e+02 4.4100e+02 2.0400e+02
 9.9000e+01 2.2000e+01 1.0000e+01 1.0000e+00 0.0000e+00 0.0000e+00
 0.0000e+00]
[1.58489319e+13 1.99526231e+13 2.51188643e+13 3.16227766e+13
 3.98107171e+13 5.01187234e+13 6.30957344e+13 7.94328235e+13
 1.00000000e+14 1.25892541e+14 1.58489319e+14 1.99526231e+14
 2.51188643e+14 3.16227766e+14 3.98107171e+14 5.01187234e+14
 6.30957344e+14 7.94328235e+14 1.00000000e+15 1.25892541e+15]
---
---
[6.6427e+04 4.6863e+04 3.2277e+04 2.1866e+04 1.4209e+04 8.9700e+03
 5.4170e+03 3.1550e+03 1.7500e+03 9.1200e+02 4.4100e+02 2.0400e+02
 9.9000e+01 2.2000e+01 1.0000e+01 1.0000e+00 0.0000e+00 0.0000e+00]
[1.58489319e+13 1.99526231e+13 2.51188643e+13 3.16227766e+13
 3.98107171e+13 5.01187234e+13 6.30957344e+13 7.94328235e+13
 1.00000000e+14 1.25892541e+14 1.58489319e+14 1.99526231e+14
 2.51188643e+14 3.16227766e+14 3.98107171e+14 5.01187234e+14
 6.30957344e+14 7.94328235e+14 1.00000000e+15]
---
---
[6.6427e+04 4.6863e+04 3.2277e+04 2.1866e+04 1.4209e+04 8.9700e+03
 5.4170e+03 3.1550e+03 1.7500e+03 9.1200e+02 4.4100e+02 2.0400e+02
 9.9000e+01 2.2000e+01 1.0000e+01 1.0000e+00 0.0000e+00]
[1.58489319e+13 1.99526231e+13 2.51188643e+13 3.16227766e+13
 3.98107171e+13 5.01187234e+13 6.30957344e+13 7.94328235e+13
 1.00000000e+14 1.25892541e+14 1.58489319e+14 1.99526231e+14
 2.51188643e+14 3.16227766e+14 3.98107171e+14 5.01187234e+14
 6.30957344e+14 7.94328235e+14]
---
---
[6.6427e+04 4.6863e+04 3.2277e+04 2.1866e+04 1.4209e+04 8.9700e+03
 5.4170e+03 3.1550e+03 1.7500e+03 9.1200e+02 4.4100e+02 2.0400e+02
 9.9000e+01 2.2000e+01 1.0000e+01 1.0000e+00]
[1.58489319e+13 1.99526231e+13 2.51188643e+13 3.16227766e+13
 3.98107171e+13 5.01187234e+13 6.30957344e+13 7.94328235e+13
 1.00000000e+14 1.25892541e+14 1.58489319e+14 1.99526231e+14
 2.51188643e+14 3.16227766e+14 3.98107171e+14 5.01187234e+14
 6.30957344e+14]
---
after adaptive [6.6427e+04 4.6863e+04 3.2277e+04 2.1866e+04 1.4209e+04 8.9700e+03
 5.4170e+03 3.1550e+03 1.7500e+03 9.1200e+02 4.4100e+02 2.0400e+02
 9.9000e+01 3.3000e+01]
9041757
9041757
redshift 0.8616115226306804
leftlog10 13.2
sumN 238237.0
N [7.5479e+04 5.4001e+04 3.7950e+04 2.5898e+04 1.7383e+04 1.1298e+04
 7.1160e+03 4.1510e+03 2.4250e+03 1.3470e+03 6.4000e+02 3.2700e+02
 1.4500e+02 5.9000e+01 1.4000e+01 4.0000e+00 0.0000e+00 0.0000e+00
 0.0000e+00 0.0000e+00 0.0000e+00 0.0000e+00 0.0000e+00 0.0000e+00
 0.0000e+00]
edges [13.2 13.3 13.4 13.5 13.6 13.7 13.8 13.9 14.  14.1 14.2 14.3 14.4 14.5
 14.6 14.7 14.8 14.9 15.  15.1 15.2 15.3 15.4 15.5 15.6 15.7]
---
[7.5479e+04 5.4001e+04 3.7950e+04 2.5898e+04 1.7383e+04 1.1298e+04
 7.1160e+03 4.1510e+03 2.4250e+03 1.3470e+03 6.4000e+02 3.2700e+02
 1.4500e+02 5.9000e+01 1.4000e+01 4.0000e+00 0.0000e+00 0.0000e+00
 0.0000e+00 0.0000e+00 0.0000e+00 0.0000e+00 0.0000e+00 0.0000e+00]
[1.58489319e+13 1.99526231e+13 2.51188643e+13 3.16227766e+13
 3.98107171e+13 5.01187234e+13 6.30957344e+13 7.94328235e+13
 1.00000000e+14 1.25892541e+14 1.58489319e+14 1.99526231e+14
 2.51188643e+14 3.16227766e+14 3.98107171e+14 5.01187234e+14
 6.30957344e+14 7.94328235e+14 1.00000000e+15 1.25892541e+15
 1.58489319e+15 1.99526231e+15 2.51188643e+15 3.16227766e+15
 3.98107171e+15]
---
---
[7.5479e+04 5.4001e+04 3.7950e+04 2.5898e+04 1.7383e+04 1.1298e+04
 7.1160e+03 4.1510e+03 2.4250e+03 1.3470e+03 6.4000e+02 3.2700e+02
 1.4500e+02 5.9000e+01 1.4000e+01 4.0000e+00 0.0000e+00 0.0000e+00
 0.0000e+00 0.0000e+00 0.0000e+00 0.0000e+00 0.0000e+00]
[1.58489319e+13 1.99526231e+13 2.51188643e+13 3.16227766e+13
 3.98107171e+13 5.01187234e+13 6.30957344e+13 7.94328235e+13
 1.00000000e+14 1.25892541e+14 1.58489319e+14 1.99526231e+14
 2.51188643e+14 3.16227766e+14 3.98107171e+14 5.01187234e+14
 6.30957344e+14 7.94328235e+14 1.00000000e+15 1.25892541e+15
 1.58489319e+15 1.99526231e+15 2.51188643e+15 3.16227766e+15]
---
---
[7.5479e+04 5.4001e+04 3.7950e+04 2.5898e+04 1.7383e+04 1.1298e+04
 7.1160e+03 4.1510e+03 2.4250e+03 1.3470e+03 6.4000e+02 3.2700e+02
 1.4500e+02 5.9000e+01 1.4000e+01 4.0000e+00 0.0000e+00 0.0000e+00
 0.0000e+00 0.0000e+00 0.0000e+00 0.0000e+00]
[1.58489319e+13 1.99526231e+13 2.51188643e+13 3.16227766e+13
 3.98107171e+13 5.01187234e+13 6.30957344e+13 7.94328235e+13
 1.00000000e+14 1.25892541e+14 1.58489319e+14 1.99526231e+14
 2.51188643e+14 3.16227766e+14 3.98107171e+14 5.01187234e+14
 6.30957344e+14 7.94328235e+14 1.00000000e+15 1.25892541e+15
 1.58489319e+15 1.99526231e+15 2.51188643e+15]
---
---
[7.5479e+04 5.4001e+04 3.7950e+04 2.5898e+04 1.7383e+04 1.1298e+04
 7.1160e+03 4.1510e+03 2.4250e+03 1.3470e+03 6.4000e+02 3.2700e+02
 1.4500e+02 5.9000e+01 1.4000e+01 4.0000e+00 0.0000e+00 0.0000e+00
 0.0000e+00 0.0000e+00 0.0000e+00]
[1.58489319e+13 1.99526231e+13 2.51188643e+13 3.16227766e+13
 3.98107171e+13 5.01187234e+13 6.30957344e+13 7.94328235e+13
 1.00000000e+14 1.25892541e+14 1.58489319e+14 1.99526231e+14
 2.51188643e+14 3.16227766e+14 3.98107171e+14 5.01187234e+14
 6.30957344e+14 7.94328235e+14 1.00000000e+15 1.25892541e+15
 1.58489319e+15 1.99526231e+15]
---
---
[7.5479e+04 5.4001e+04 3.7950e+04 2.5898e+04 1.7383e+04 1.1298e+04
 7.1160e+03 4.1510e+03 2.4250e+03 1.3470e+03 6.4000e+02 3.2700e+02
 1.4500e+02 5.9000e+01 1.4000e+01 4.0000e+00 0.0000e+00 0.0000e+00
 0.0000e+00 0.0000e+00]
[1.58489319e+13 1.99526231e+13 2.51188643e+13 3.16227766e+13
 3.98107171e+13 5.01187234e+13 6.30957344e+13 7.94328235e+13
 1.00000000e+14 1.25892541e+14 1.58489319e+14 1.99526231e+14
 2.51188643e+14 3.16227766e+14 3.98107171e+14 5.01187234e+14
 6.30957344e+14 7.94328235e+14 1.00000000e+15 1.25892541e+15
 1.58489319e+15]
---
---
[7.5479e+04 5.4001e+04 3.7950e+04 2.5898e+04 1.7383e+04 1.1298e+04
 7.1160e+03 4.1510e+03 2.4250e+03 1.3470e+03 6.4000e+02 3.2700e+02
 1.4500e+02 5.9000e+01 1.4000e+01 4.0000e+00 0.0000e+00 0.0000e+00
 0.0000e+00]
[1.58489319e+13 1.99526231e+13 2.51188643e+13 3.16227766e+13
 3.98107171e+13 5.01187234e+13 6.30957344e+13 7.94328235e+13
 1.00000000e+14 1.25892541e+14 1.58489319e+14 1.99526231e+14
 2.51188643e+14 3.16227766e+14 3.98107171e+14 5.01187234e+14
 6.30957344e+14 7.94328235e+14 1.00000000e+15 1.25892541e+15]
---
---
[7.5479e+04 5.4001e+04 3.7950e+04 2.5898e+04 1.7383e+04 1.1298e+04
 7.1160e+03 4.1510e+03 2.4250e+03 1.3470e+03 6.4000e+02 3.2700e+02
 1.4500e+02 5.9000e+01 1.4000e+01 4.0000e+00 0.0000e+00 0.0000e+00]
[1.58489319e+13 1.99526231e+13 2.51188643e+13 3.16227766e+13
 3.98107171e+13 5.01187234e+13 6.30957344e+13 7.94328235e+13
 1.00000000e+14 1.25892541e+14 1.58489319e+14 1.99526231e+14
 2.51188643e+14 3.16227766e+14 3.98107171e+14 5.01187234e+14
 6.30957344e+14 7.94328235e+14 1.00000000e+15]
---
---
[7.5479e+04 5.4001e+04 3.7950e+04 2.5898e+04 1.7383e+04 1.1298e+04
 7.1160e+03 4.1510e+03 2.4250e+03 1.3470e+03 6.4000e+02 3.2700e+02
 1.4500e+02 5.9000e+01 1.4000e+01 4.0000e+00 0.0000e+00]
[1.58489319e+13 1.99526231e+13 2.51188643e+13 3.16227766e+13
 3.98107171e+13 5.01187234e+13 6.30957344e+13 7.94328235e+13
 1.00000000e+14 1.25892541e+14 1.58489319e+14 1.99526231e+14
 2.51188643e+14 3.16227766e+14 3.98107171e+14 5.01187234e+14
 6.30957344e+14 7.94328235e+14]
---
---
[7.5479e+04 5.4001e+04 3.7950e+04 2.5898e+04 1.7383e+04 1.1298e+04
 7.1160e+03 4.1510e+03 2.4250e+03 1.3470e+03 6.4000e+02 3.2700e+02
 1.4500e+02 5.9000e+01 1.4000e+01 4.0000e+00]
[1.58489319e+13 1.99526231e+13 2.51188643e+13 3.16227766e+13
 3.98107171e+13 5.01187234e+13 6.30957344e+13 7.94328235e+13
 1.00000000e+14 1.25892541e+14 1.58489319e+14 1.99526231e+14
 2.51188643e+14 3.16227766e+14 3.98107171e+14 5.01187234e+14
 6.30957344e+14]
---
after adaptive [7.5479e+04 5.4001e+04 3.7950e+04 2.5898e+04 1.7383e+04 1.1298e+04
 7.1160e+03 4.1510e+03 2.4250e+03 1.3470e+03 6.4000e+02 3.2700e+02
 1.4500e+02 5.9000e+01 1.8000e+01]
9334122
9334122
redshift 0.7747142266416549
leftlog10 13.2
sumN 275822.0
N [8.4741e+04 6.1257e+04 4.3690e+04 3.0207e+04 2.0803e+04 1.3865e+04
 8.9260e+03 5.4450e+03 3.2030e+03 1.8430e+03 1.0080e+03 4.7500e+02
 2.1400e+02 1.0100e+02 2.8000e+01 1.4000e+01 2.0000e+00 0.0000e+00
 0.0000e+00 0.0000e+00 0.0000e+00 0.0000e+00 0.0000e+00 0.0000e+00
 0.0000e+00 0.0000e+00]
edges [13.2 13.3 13.4 13.5 13.6 13.7 13.8 13.9 14.  14.1 14.2 14.3 14.4 14.5
 14.6 14.7 14.8 14.9 15.  15.1 15.2 15.3 15.4 15.5 15.6 15.7 15.8]
---
[8.4741e+04 6.1257e+04 4.3690e+04 3.0207e+04 2.0803e+04 1.3865e+04
 8.9260e+03 5.4450e+03 3.2030e+03 1.8430e+03 1.0080e+03 4.7500e+02
 2.1400e+02 1.0100e+02 2.8000e+01 1.4000e+01 2.0000e+00 0.0000e+00
 0.0000e+00 0.0000e+00 0.0000e+00 0.0000e+00 0.0000e+00 0.0000e+00
 0.0000e+00]
[1.58489319e+13 1.99526231e+13 2.51188643e+13 3.16227766e+13
 3.98107171e+13 5.01187234e+13 6.30957344e+13 7.94328235e+13
 1.00000000e+14 1.25892541e+14 1.58489319e+14 1.99526231e+14
 2.51188643e+14 3.16227766e+14 3.98107171e+14 5.01187234e+14
 6.30957344e+14 7.94328235e+14 1.00000000e+15 1.25892541e+15
 1.58489319e+15 1.99526231e+15 2.51188643e+15 3.16227766e+15
 3.98107171e+15 5.01187234e+15]
---
---
[8.4741e+04 6.1257e+04 4.3690e+04 3.0207e+04 2.0803e+04 1.3865e+04
 8.9260e+03 5.4450e+03 3.2030e+03 1.8430e+03 1.0080e+03 4.7500e+02
 2.1400e+02 1.0100e+02 2.8000e+01 1.4000e+01 2.0000e+00 0.0000e+00
 0.0000e+00 0.0000e+00 0.0000e+00 0.0000e+00 0.0000e+00 0.0000e+00]
[1.58489319e+13 1.99526231e+13 2.51188643e+13 3.16227766e+13
 3.98107171e+13 5.01187234e+13 6.30957344e+13 7.94328235e+13
 1.00000000e+14 1.25892541e+14 1.58489319e+14 1.99526231e+14
 2.51188643e+14 3.16227766e+14 3.98107171e+14 5.01187234e+14
 6.30957344e+14 7.94328235e+14 1.00000000e+15 1.25892541e+15
 1.58489319e+15 1.99526231e+15 2.51188643e+15 3.16227766e+15
 3.98107171e+15]
---
---
[8.4741e+04 6.1257e+04 4.3690e+04 3.0207e+04 2.0803e+04 1.3865e+04
 8.9260e+03 5.4450e+03 3.2030e+03 1.8430e+03 1.0080e+03 4.7500e+02
 2.1400e+02 1.0100e+02 2.8000e+01 1.4000e+01 2.0000e+00 0.0000e+00
 0.0000e+00 0.0000e+00 0.0000e+00 0.0000e+00 0.0000e+00]
[1.58489319e+13 1.99526231e+13 2.51188643e+13 3.16227766e+13
 3.98107171e+13 5.01187234e+13 6.30957344e+13 7.94328235e+13
 1.00000000e+14 1.25892541e+14 1.58489319e+14 1.99526231e+14
 2.51188643e+14 3.16227766e+14 3.98107171e+14 5.01187234e+14
 6.30957344e+14 7.94328235e+14 1.00000000e+15 1.25892541e+15
 1.58489319e+15 1.99526231e+15 2.51188643e+15 3.16227766e+15]
---
---
[8.4741e+04 6.1257e+04 4.3690e+04 3.0207e+04 2.0803e+04 1.3865e+04
 8.9260e+03 5.4450e+03 3.2030e+03 1.8430e+03 1.0080e+03 4.7500e+02
 2.1400e+02 1.0100e+02 2.8000e+01 1.4000e+01 2.0000e+00 0.0000e+00
 0.0000e+00 0.0000e+00 0.0000e+00 0.0000e+00]
[1.58489319e+13 1.99526231e+13 2.51188643e+13 3.16227766e+13
 3.98107171e+13 5.01187234e+13 6.30957344e+13 7.94328235e+13
 1.00000000e+14 1.25892541e+14 1.58489319e+14 1.99526231e+14
 2.51188643e+14 3.16227766e+14 3.98107171e+14 5.01187234e+14
 6.30957344e+14 7.94328235e+14 1.00000000e+15 1.25892541e+15
 1.58489319e+15 1.99526231e+15 2.51188643e+15]
---
---
[8.4741e+04 6.1257e+04 4.3690e+04 3.0207e+04 2.0803e+04 1.3865e+04
 8.9260e+03 5.4450e+03 3.2030e+03 1.8430e+03 1.0080e+03 4.7500e+02
 2.1400e+02 1.0100e+02 2.8000e+01 1.4000e+01 2.0000e+00 0.0000e+00
 0.0000e+00 0.0000e+00 0.0000e+00]
[1.58489319e+13 1.99526231e+13 2.51188643e+13 3.16227766e+13
 3.98107171e+13 5.01187234e+13 6.30957344e+13 7.94328235e+13
 1.00000000e+14 1.25892541e+14 1.58489319e+14 1.99526231e+14
 2.51188643e+14 3.16227766e+14 3.98107171e+14 5.01187234e+14
 6.30957344e+14 7.94328235e+14 1.00000000e+15 1.25892541e+15
 1.58489319e+15 1.99526231e+15]
---
---
[8.4741e+04 6.1257e+04 4.3690e+04 3.0207e+04 2.0803e+04 1.3865e+04
 8.9260e+03 5.4450e+03 3.2030e+03 1.8430e+03 1.0080e+03 4.7500e+02
 2.1400e+02 1.0100e+02 2.8000e+01 1.4000e+01 2.0000e+00 0.0000e+00
 0.0000e+00 0.0000e+00]
[1.58489319e+13 1.99526231e+13 2.51188643e+13 3.16227766e+13
 3.98107171e+13 5.01187234e+13 6.30957344e+13 7.94328235e+13
 1.00000000e+14 1.25892541e+14 1.58489319e+14 1.99526231e+14
 2.51188643e+14 3.16227766e+14 3.98107171e+14 5.01187234e+14
 6.30957344e+14 7.94328235e+14 1.00000000e+15 1.25892541e+15
 1.58489319e+15]
---
---
[8.4741e+04 6.1257e+04 4.3690e+04 3.0207e+04 2.0803e+04 1.3865e+04
 8.9260e+03 5.4450e+03 3.2030e+03 1.8430e+03 1.0080e+03 4.7500e+02
 2.1400e+02 1.0100e+02 2.8000e+01 1.4000e+01 2.0000e+00 0.0000e+00
 0.0000e+00]
[1.58489319e+13 1.99526231e+13 2.51188643e+13 3.16227766e+13
 3.98107171e+13 5.01187234e+13 6.30957344e+13 7.94328235e+13
 1.00000000e+14 1.25892541e+14 1.58489319e+14 1.99526231e+14
 2.51188643e+14 3.16227766e+14 3.98107171e+14 5.01187234e+14
 6.30957344e+14 7.94328235e+14 1.00000000e+15 1.25892541e+15]
---
---
[8.4741e+04 6.1257e+04 4.3690e+04 3.0207e+04 2.0803e+04 1.3865e+04
 8.9260e+03 5.4450e+03 3.2030e+03 1.8430e+03 1.0080e+03 4.7500e+02
 2.1400e+02 1.0100e+02 2.8000e+01 1.4000e+01 2.0000e+00 0.0000e+00]
[1.58489319e+13 1.99526231e+13 2.51188643e+13 3.16227766e+13
 3.98107171e+13 5.01187234e+13 6.30957344e+13 7.94328235e+13
 1.00000000e+14 1.25892541e+14 1.58489319e+14 1.99526231e+14
 2.51188643e+14 3.16227766e+14 3.98107171e+14 5.01187234e+14
 6.30957344e+14 7.94328235e+14 1.00000000e+15]
---
---
[8.4741e+04 6.1257e+04 4.3690e+04 3.0207e+04 2.0803e+04 1.3865e+04
 8.9260e+03 5.4450e+03 3.2030e+03 1.8430e+03 1.0080e+03 4.7500e+02
 2.1400e+02 1.0100e+02 2.8000e+01 1.4000e+01 2.0000e+00]
[1.58489319e+13 1.99526231e+13 2.51188643e+13 3.16227766e+13
 3.98107171e+13 5.01187234e+13 6.30957344e+13 7.94328235e+13
 1.00000000e+14 1.25892541e+14 1.58489319e+14 1.99526231e+14
 2.51188643e+14 3.16227766e+14 3.98107171e+14 5.01187234e+14
 6.30957344e+14 7.94328235e+14]
---
after adaptive [8.4741e+04 6.1257e+04 4.3690e+04 3.0207e+04 2.0803e+04 1.3865e+04
 8.9260e+03 5.4450e+03 3.2030e+03 1.8430e+03 1.0080e+03 4.7500e+02
 2.1400e+02 1.0100e+02 2.8000e+01 1.6000e+01]
9589557
9589557
redshift 0.691872750866662
leftlog10 13.2
sumN 314735.0
N [9.3597e+04 6.8264e+04 4.9699e+04 3.4999e+04 2.4369e+04 1.6671e+04
 1.0985e+04 6.7970e+03 4.1940e+03 2.4540e+03 1.4000e+03 7.0500e+02
 3.6000e+02 1.5400e+02 6.0000e+01 2.2000e+01 4.0000e+00 1.0000e+00
 0.0000e+00 0.0000e+00 0.0000e+00 0.0000e+00 0.0000e+00 0.0000e+00
 0.0000e+00 0.0000e+00 0.0000e+00]
edges [13.2 13.3 13.4 13.5 13.6 13.7 13.8 13.9 14.  14.1 14.2 14.3 14.4 14.5
 14.6 14.7 14.8 14.9 15.  15.1 15.2 15.3 15.4 15.5 15.6 15.7 15.8 15.9]
---
[9.3597e+04 6.8264e+04 4.9699e+04 3.4999e+04 2.4369e+04 1.6671e+04
 1.0985e+04 6.7970e+03 4.1940e+03 2.4540e+03 1.4000e+03 7.0500e+02
 3.6000e+02 1.5400e+02 6.0000e+01 2.2000e+01 4.0000e+00 1.0000e+00
 0.0000e+00 0.0000e+00 0.0000e+00 0.0000e+00 0.0000e+00 0.0000e+00
 0.0000e+00 0.0000e+00]
[1.58489319e+13 1.99526231e+13 2.51188643e+13 3.16227766e+13
 3.98107171e+13 5.01187234e+13 6.30957344e+13 7.94328235e+13
 1.00000000e+14 1.25892541e+14 1.58489319e+14 1.99526231e+14
 2.51188643e+14 3.16227766e+14 3.98107171e+14 5.01187234e+14
 6.30957344e+14 7.94328235e+14 1.00000000e+15 1.25892541e+15
 1.58489319e+15 1.99526231e+15 2.51188643e+15 3.16227766e+15
 3.98107171e+15 5.01187234e+15 6.30957344e+15]
---
---
[9.3597e+04 6.8264e+04 4.9699e+04 3.4999e+04 2.4369e+04 1.6671e+04
 1.0985e+04 6.7970e+03 4.1940e+03 2.4540e+03 1.4000e+03 7.0500e+02
 3.6000e+02 1.5400e+02 6.0000e+01 2.2000e+01 4.0000e+00 1.0000e+00
 0.0000e+00 0.0000e+00 0.0000e+00 0.0000e+00 0.0000e+00 0.0000e+00
 0.0000e+00]
[1.58489319e+13 1.99526231e+13 2.51188643e+13 3.16227766e+13
 3.98107171e+13 5.01187234e+13 6.30957344e+13 7.94328235e+13
 1.00000000e+14 1.25892541e+14 1.58489319e+14 1.99526231e+14
 2.51188643e+14 3.16227766e+14 3.98107171e+14 5.01187234e+14
 6.30957344e+14 7.94328235e+14 1.00000000e+15 1.25892541e+15
 1.58489319e+15 1.99526231e+15 2.51188643e+15 3.16227766e+15
 3.98107171e+15 5.01187234e+15]
---
---
[9.3597e+04 6.8264e+04 4.9699e+04 3.4999e+04 2.4369e+04 1.6671e+04
 1.0985e+04 6.7970e+03 4.1940e+03 2.4540e+03 1.4000e+03 7.0500e+02
 3.6000e+02 1.5400e+02 6.0000e+01 2.2000e+01 4.0000e+00 1.0000e+00
 0.0000e+00 0.0000e+00 0.0000e+00 0.0000e+00 0.0000e+00 0.0000e+00]
[1.58489319e+13 1.99526231e+13 2.51188643e+13 3.16227766e+13
 3.98107171e+13 5.01187234e+13 6.30957344e+13 7.94328235e+13
 1.00000000e+14 1.25892541e+14 1.58489319e+14 1.99526231e+14
 2.51188643e+14 3.16227766e+14 3.98107171e+14 5.01187234e+14
 6.30957344e+14 7.94328235e+14 1.00000000e+15 1.25892541e+15
 1.58489319e+15 1.99526231e+15 2.51188643e+15 3.16227766e+15
 3.98107171e+15]
---
---
[9.3597e+04 6.8264e+04 4.9699e+04 3.4999e+04 2.4369e+04 1.6671e+04
 1.0985e+04 6.7970e+03 4.1940e+03 2.4540e+03 1.4000e+03 7.0500e+02
 3.6000e+02 1.5400e+02 6.0000e+01 2.2000e+01 4.0000e+00 1.0000e+00
 0.0000e+00 0.0000e+00 0.0000e+00 0.0000e+00 0.0000e+00]
[1.58489319e+13 1.99526231e+13 2.51188643e+13 3.16227766e+13
 3.98107171e+13 5.01187234e+13 6.30957344e+13 7.94328235e+13
 1.00000000e+14 1.25892541e+14 1.58489319e+14 1.99526231e+14
 2.51188643e+14 3.16227766e+14 3.98107171e+14 5.01187234e+14
 6.30957344e+14 7.94328235e+14 1.00000000e+15 1.25892541e+15
 1.58489319e+15 1.99526231e+15 2.51188643e+15 3.16227766e+15]
---
---
[9.3597e+04 6.8264e+04 4.9699e+04 3.4999e+04 2.4369e+04 1.6671e+04
 1.0985e+04 6.7970e+03 4.1940e+03 2.4540e+03 1.4000e+03 7.0500e+02
 3.6000e+02 1.5400e+02 6.0000e+01 2.2000e+01 4.0000e+00 1.0000e+00
 0.0000e+00 0.0000e+00 0.0000e+00 0.0000e+00]
[1.58489319e+13 1.99526231e+13 2.51188643e+13 3.16227766e+13
 3.98107171e+13 5.01187234e+13 6.30957344e+13 7.94328235e+13
 1.00000000e+14 1.25892541e+14 1.58489319e+14 1.99526231e+14
 2.51188643e+14 3.16227766e+14 3.98107171e+14 5.01187234e+14
 6.30957344e+14 7.94328235e+14 1.00000000e+15 1.25892541e+15
 1.58489319e+15 1.99526231e+15 2.51188643e+15]
---
---
[9.3597e+04 6.8264e+04 4.9699e+04 3.4999e+04 2.4369e+04 1.6671e+04
 1.0985e+04 6.7970e+03 4.1940e+03 2.4540e+03 1.4000e+03 7.0500e+02
 3.6000e+02 1.5400e+02 6.0000e+01 2.2000e+01 4.0000e+00 1.0000e+00
 0.0000e+00 0.0000e+00 0.0000e+00]
[1.58489319e+13 1.99526231e+13 2.51188643e+13 3.16227766e+13
 3.98107171e+13 5.01187234e+13 6.30957344e+13 7.94328235e+13
 1.00000000e+14 1.25892541e+14 1.58489319e+14 1.99526231e+14
 2.51188643e+14 3.16227766e+14 3.98107171e+14 5.01187234e+14
 6.30957344e+14 7.94328235e+14 1.00000000e+15 1.25892541e+15
 1.58489319e+15 1.99526231e+15]
---
---
[9.3597e+04 6.8264e+04 4.9699e+04 3.4999e+04 2.4369e+04 1.6671e+04
 1.0985e+04 6.7970e+03 4.1940e+03 2.4540e+03 1.4000e+03 7.0500e+02
 3.6000e+02 1.5400e+02 6.0000e+01 2.2000e+01 4.0000e+00 1.0000e+00
 0.0000e+00 0.0000e+00]
[1.58489319e+13 1.99526231e+13 2.51188643e+13 3.16227766e+13
 3.98107171e+13 5.01187234e+13 6.30957344e+13 7.94328235e+13
 1.00000000e+14 1.25892541e+14 1.58489319e+14 1.99526231e+14
 2.51188643e+14 3.16227766e+14 3.98107171e+14 5.01187234e+14
 6.30957344e+14 7.94328235e+14 1.00000000e+15 1.25892541e+15
 1.58489319e+15]
---
---
[9.3597e+04 6.8264e+04 4.9699e+04 3.4999e+04 2.4369e+04 1.6671e+04
 1.0985e+04 6.7970e+03 4.1940e+03 2.4540e+03 1.4000e+03 7.0500e+02
 3.6000e+02 1.5400e+02 6.0000e+01 2.2000e+01 4.0000e+00 1.0000e+00
 0.0000e+00]
[1.58489319e+13 1.99526231e+13 2.51188643e+13 3.16227766e+13
 3.98107171e+13 5.01187234e+13 6.30957344e+13 7.94328235e+13
 1.00000000e+14 1.25892541e+14 1.58489319e+14 1.99526231e+14
 2.51188643e+14 3.16227766e+14 3.98107171e+14 5.01187234e+14
 6.30957344e+14 7.94328235e+14 1.00000000e+15 1.25892541e+15]
---
---
[9.3597e+04 6.8264e+04 4.9699e+04 3.4999e+04 2.4369e+04 1.6671e+04
 1.0985e+04 6.7970e+03 4.1940e+03 2.4540e+03 1.4000e+03 7.0500e+02
 3.6000e+02 1.5400e+02 6.0000e+01 2.2000e+01 4.0000e+00 1.0000e+00]
[1.58489319e+13 1.99526231e+13 2.51188643e+13 3.16227766e+13
 3.98107171e+13 5.01187234e+13 6.30957344e+13 7.94328235e+13
 1.00000000e+14 1.25892541e+14 1.58489319e+14 1.99526231e+14
 2.51188643e+14 3.16227766e+14 3.98107171e+14 5.01187234e+14
 6.30957344e+14 7.94328235e+14 1.00000000e+15]
---
after adaptive [9.3597e+04 6.8264e+04 4.9699e+04 3.4999e+04 2.4369e+04 1.6671e+04
 1.0985e+04 6.7970e+03 4.1940e+03 2.4540e+03 1.4000e+03 7.0500e+02
 3.6000e+02 1.5400e+02 6.0000e+01 2.7000e+01]
9799025
9799025
redshift 0.6128980229096033
leftlog10 13.2
sumN 354494.0
N [1.01851e+05 7.58290e+04 5.53940e+04 3.98620e+04 2.79110e+04 1.95750e+04
 1.32280e+04 8.51700e+03 5.33100e+03 3.22300e+03 1.83000e+03 1.00600e+03
 5.29000e+02 2.63000e+02 9.10000e+01 3.90000e+01 1.40000e+01 1.00000e+00
 0.00000e+00 0.00000e+00 0.00000e+00 0.00000e+00 0.00000e+00 0.00000e+00
 0.00000e+00 0.00000e+00 0.00000e+00]
edges [13.2 13.3 13.4 13.5 13.6 13.7 13.8 13.9 14.  14.1 14.2 14.3 14.4 14.5
 14.6 14.7 14.8 14.9 15.  15.1 15.2 15.3 15.4 15.5 15.6 15.7 15.8 15.9]
---
[1.01851e+05 7.58290e+04 5.53940e+04 3.98620e+04 2.79110e+04 1.95750e+04
 1.32280e+04 8.51700e+03 5.33100e+03 3.22300e+03 1.83000e+03 1.00600e+03
 5.29000e+02 2.63000e+02 9.10000e+01 3.90000e+01 1.40000e+01 1.00000e+00
 0.00000e+00 0.00000e+00 0.00000e+00 0.00000e+00 0.00000e+00 0.00000e+00
 0.00000e+00 0.00000e+00]
[1.58489319e+13 1.99526231e+13 2.51188643e+13 3.16227766e+13
 3.98107171e+13 5.01187234e+13 6.30957344e+13 7.94328235e+13
 1.00000000e+14 1.25892541e+14 1.58489319e+14 1.99526231e+14
 2.51188643e+14 3.16227766e+14 3.98107171e+14 5.01187234e+14
 6.30957344e+14 7.94328235e+14 1.00000000e+15 1.25892541e+15
 1.58489319e+15 1.99526231e+15 2.51188643e+15 3.16227766e+15
 3.98107171e+15 5.01187234e+15 6.30957344e+15]
---
---
[1.01851e+05 7.58290e+04 5.53940e+04 3.98620e+04 2.79110e+04 1.95750e+04
 1.32280e+04 8.51700e+03 5.33100e+03 3.22300e+03 1.83000e+03 1.00600e+03
 5.29000e+02 2.63000e+02 9.10000e+01 3.90000e+01 1.40000e+01 1.00000e+00
 0.00000e+00 0.00000e+00 0.00000e+00 0.00000e+00 0.00000e+00 0.00000e+00
 0.00000e+00]
[1.58489319e+13 1.99526231e+13 2.51188643e+13 3.16227766e+13
 3.98107171e+13 5.01187234e+13 6.30957344e+13 7.94328235e+13
 1.00000000e+14 1.25892541e+14 1.58489319e+14 1.99526231e+14
 2.51188643e+14 3.16227766e+14 3.98107171e+14 5.01187234e+14
 6.30957344e+14 7.94328235e+14 1.00000000e+15 1.25892541e+15
 1.58489319e+15 1.99526231e+15 2.51188643e+15 3.16227766e+15
 3.98107171e+15 5.01187234e+15]
---
---
[1.01851e+05 7.58290e+04 5.53940e+04 3.98620e+04 2.79110e+04 1.95750e+04
 1.32280e+04 8.51700e+03 5.33100e+03 3.22300e+03 1.83000e+03 1.00600e+03
 5.29000e+02 2.63000e+02 9.10000e+01 3.90000e+01 1.40000e+01 1.00000e+00
 0.00000e+00 0.00000e+00 0.00000e+00 0.00000e+00 0.00000e+00 0.00000e+00]
[1.58489319e+13 1.99526231e+13 2.51188643e+13 3.16227766e+13
 3.98107171e+13 5.01187234e+13 6.30957344e+13 7.94328235e+13
 1.00000000e+14 1.25892541e+14 1.58489319e+14 1.99526231e+14
 2.51188643e+14 3.16227766e+14 3.98107171e+14 5.01187234e+14
 6.30957344e+14 7.94328235e+14 1.00000000e+15 1.25892541e+15
 1.58489319e+15 1.99526231e+15 2.51188643e+15 3.16227766e+15
 3.98107171e+15]
---
---
[1.01851e+05 7.58290e+04 5.53940e+04 3.98620e+04 2.79110e+04 1.95750e+04
 1.32280e+04 8.51700e+03 5.33100e+03 3.22300e+03 1.83000e+03 1.00600e+03
 5.29000e+02 2.63000e+02 9.10000e+01 3.90000e+01 1.40000e+01 1.00000e+00
 0.00000e+00 0.00000e+00 0.00000e+00 0.00000e+00 0.00000e+00]
[1.58489319e+13 1.99526231e+13 2.51188643e+13 3.16227766e+13
 3.98107171e+13 5.01187234e+13 6.30957344e+13 7.94328235e+13
 1.00000000e+14 1.25892541e+14 1.58489319e+14 1.99526231e+14
 2.51188643e+14 3.16227766e+14 3.98107171e+14 5.01187234e+14
 6.30957344e+14 7.94328235e+14 1.00000000e+15 1.25892541e+15
 1.58489319e+15 1.99526231e+15 2.51188643e+15 3.16227766e+15]
---
---
[1.01851e+05 7.58290e+04 5.53940e+04 3.98620e+04 2.79110e+04 1.95750e+04
 1.32280e+04 8.51700e+03 5.33100e+03 3.22300e+03 1.83000e+03 1.00600e+03
 5.29000e+02 2.63000e+02 9.10000e+01 3.90000e+01 1.40000e+01 1.00000e+00
 0.00000e+00 0.00000e+00 0.00000e+00 0.00000e+00]
[1.58489319e+13 1.99526231e+13 2.51188643e+13 3.16227766e+13
 3.98107171e+13 5.01187234e+13 6.30957344e+13 7.94328235e+13
 1.00000000e+14 1.25892541e+14 1.58489319e+14 1.99526231e+14
 2.51188643e+14 3.16227766e+14 3.98107171e+14 5.01187234e+14
 6.30957344e+14 7.94328235e+14 1.00000000e+15 1.25892541e+15
 1.58489319e+15 1.99526231e+15 2.51188643e+15]
---
---
[1.01851e+05 7.58290e+04 5.53940e+04 3.98620e+04 2.79110e+04 1.95750e+04
 1.32280e+04 8.51700e+03 5.33100e+03 3.22300e+03 1.83000e+03 1.00600e+03
 5.29000e+02 2.63000e+02 9.10000e+01 3.90000e+01 1.40000e+01 1.00000e+00
 0.00000e+00 0.00000e+00 0.00000e+00]
[1.58489319e+13 1.99526231e+13 2.51188643e+13 3.16227766e+13
 3.98107171e+13 5.01187234e+13 6.30957344e+13 7.94328235e+13
 1.00000000e+14 1.25892541e+14 1.58489319e+14 1.99526231e+14
 2.51188643e+14 3.16227766e+14 3.98107171e+14 5.01187234e+14
 6.30957344e+14 7.94328235e+14 1.00000000e+15 1.25892541e+15
 1.58489319e+15 1.99526231e+15]
---
---
[1.01851e+05 7.58290e+04 5.53940e+04 3.98620e+04 2.79110e+04 1.95750e+04
 1.32280e+04 8.51700e+03 5.33100e+03 3.22300e+03 1.83000e+03 1.00600e+03
 5.29000e+02 2.63000e+02 9.10000e+01 3.90000e+01 1.40000e+01 1.00000e+00
 0.00000e+00 0.00000e+00]
[1.58489319e+13 1.99526231e+13 2.51188643e+13 3.16227766e+13
 3.98107171e+13 5.01187234e+13 6.30957344e+13 7.94328235e+13
 1.00000000e+14 1.25892541e+14 1.58489319e+14 1.99526231e+14
 2.51188643e+14 3.16227766e+14 3.98107171e+14 5.01187234e+14
 6.30957344e+14 7.94328235e+14 1.00000000e+15 1.25892541e+15
 1.58489319e+15]
---
---
[1.01851e+05 7.58290e+04 5.53940e+04 3.98620e+04 2.79110e+04 1.95750e+04
 1.32280e+04 8.51700e+03 5.33100e+03 3.22300e+03 1.83000e+03 1.00600e+03
 5.29000e+02 2.63000e+02 9.10000e+01 3.90000e+01 1.40000e+01 1.00000e+00
 0.00000e+00]
[1.58489319e+13 1.99526231e+13 2.51188643e+13 3.16227766e+13
 3.98107171e+13 5.01187234e+13 6.30957344e+13 7.94328235e+13
 1.00000000e+14 1.25892541e+14 1.58489319e+14 1.99526231e+14
 2.51188643e+14 3.16227766e+14 3.98107171e+14 5.01187234e+14
 6.30957344e+14 7.94328235e+14 1.00000000e+15 1.25892541e+15]
---
---
[1.01851e+05 7.58290e+04 5.53940e+04 3.98620e+04 2.79110e+04 1.95750e+04
 1.32280e+04 8.51700e+03 5.33100e+03 3.22300e+03 1.83000e+03 1.00600e+03
 5.29000e+02 2.63000e+02 9.10000e+01 3.90000e+01 1.40000e+01 1.00000e+00]
[1.58489319e+13 1.99526231e+13 2.51188643e+13 3.16227766e+13
 3.98107171e+13 5.01187234e+13 6.30957344e+13 7.94328235e+13
 1.00000000e+14 1.25892541e+14 1.58489319e+14 1.99526231e+14
 2.51188643e+14 3.16227766e+14 3.98107171e+14 5.01187234e+14
 6.30957344e+14 7.94328235e+14 1.00000000e+15]
---
after adaptive [1.01851e+05 7.58290e+04 5.53940e+04 3.98620e+04 2.79110e+04 1.95750e+04
 1.32280e+04 8.51700e+03 5.33100e+03 3.22300e+03 1.83000e+03 1.00600e+03
 5.29000e+02 2.63000e+02 9.10000e+01 3.90000e+01 1.50000e+01]
9975232
9975232
redshift 0.5376099391106464
leftlog10 13.2
sumN 394948.0
N [1.10674e+05 8.24330e+04 6.11150e+04 4.46140e+04 3.18310e+04 2.24690e+04
 1.57230e+04 1.01610e+04 6.70300e+03 4.06600e+03 2.40500e+03 1.38900e+03
 7.39000e+02 3.80000e+02 1.49000e+02 6.60000e+01 2.20000e+01 9.00000e+00
 0.00000e+00 0.00000e+00 0.00000e+00 0.00000e+00 0.00000e+00 0.00000e+00
 0.00000e+00 0.00000e+00 0.00000e+00]
edges [13.2 13.3 13.4 13.5 13.6 13.7 13.8 13.9 14.  14.1 14.2 14.3 14.4 14.5
 14.6 14.7 14.8 14.9 15.  15.1 15.2 15.3 15.4 15.5 15.6 15.7 15.8 15.9]
---
[1.10674e+05 8.24330e+04 6.11150e+04 4.46140e+04 3.18310e+04 2.24690e+04
 1.57230e+04 1.01610e+04 6.70300e+03 4.06600e+03 2.40500e+03 1.38900e+03
 7.39000e+02 3.80000e+02 1.49000e+02 6.60000e+01 2.20000e+01 9.00000e+00
 0.00000e+00 0.00000e+00 0.00000e+00 0.00000e+00 0.00000e+00 0.00000e+00
 0.00000e+00 0.00000e+00]
[1.58489319e+13 1.99526231e+13 2.51188643e+13 3.16227766e+13
 3.98107171e+13 5.01187234e+13 6.30957344e+13 7.94328235e+13
 1.00000000e+14 1.25892541e+14 1.58489319e+14 1.99526231e+14
 2.51188643e+14 3.16227766e+14 3.98107171e+14 5.01187234e+14
 6.30957344e+14 7.94328235e+14 1.00000000e+15 1.25892541e+15
 1.58489319e+15 1.99526231e+15 2.51188643e+15 3.16227766e+15
 3.98107171e+15 5.01187234e+15 6.30957344e+15]
---
---
[1.10674e+05 8.24330e+04 6.11150e+04 4.46140e+04 3.18310e+04 2.24690e+04
 1.57230e+04 1.01610e+04 6.70300e+03 4.06600e+03 2.40500e+03 1.38900e+03
 7.39000e+02 3.80000e+02 1.49000e+02 6.60000e+01 2.20000e+01 9.00000e+00
 0.00000e+00 0.00000e+00 0.00000e+00 0.00000e+00 0.00000e+00 0.00000e+00
 0.00000e+00]
[1.58489319e+13 1.99526231e+13 2.51188643e+13 3.16227766e+13
 3.98107171e+13 5.01187234e+13 6.30957344e+13 7.94328235e+13
 1.00000000e+14 1.25892541e+14 1.58489319e+14 1.99526231e+14
 2.51188643e+14 3.16227766e+14 3.98107171e+14 5.01187234e+14
 6.30957344e+14 7.94328235e+14 1.00000000e+15 1.25892541e+15
 1.58489319e+15 1.99526231e+15 2.51188643e+15 3.16227766e+15
 3.98107171e+15 5.01187234e+15]
---
---
[1.10674e+05 8.24330e+04 6.11150e+04 4.46140e+04 3.18310e+04 2.24690e+04
 1.57230e+04 1.01610e+04 6.70300e+03 4.06600e+03 2.40500e+03 1.38900e+03
 7.39000e+02 3.80000e+02 1.49000e+02 6.60000e+01 2.20000e+01 9.00000e+00
 0.00000e+00 0.00000e+00 0.00000e+00 0.00000e+00 0.00000e+00 0.00000e+00]
[1.58489319e+13 1.99526231e+13 2.51188643e+13 3.16227766e+13
 3.98107171e+13 5.01187234e+13 6.30957344e+13 7.94328235e+13
 1.00000000e+14 1.25892541e+14 1.58489319e+14 1.99526231e+14
 2.51188643e+14 3.16227766e+14 3.98107171e+14 5.01187234e+14
 6.30957344e+14 7.94328235e+14 1.00000000e+15 1.25892541e+15
 1.58489319e+15 1.99526231e+15 2.51188643e+15 3.16227766e+15
 3.98107171e+15]
---
---
[1.10674e+05 8.24330e+04 6.11150e+04 4.46140e+04 3.18310e+04 2.24690e+04
 1.57230e+04 1.01610e+04 6.70300e+03 4.06600e+03 2.40500e+03 1.38900e+03
 7.39000e+02 3.80000e+02 1.49000e+02 6.60000e+01 2.20000e+01 9.00000e+00
 0.00000e+00 0.00000e+00 0.00000e+00 0.00000e+00 0.00000e+00]
[1.58489319e+13 1.99526231e+13 2.51188643e+13 3.16227766e+13
 3.98107171e+13 5.01187234e+13 6.30957344e+13 7.94328235e+13
 1.00000000e+14 1.25892541e+14 1.58489319e+14 1.99526231e+14
 2.51188643e+14 3.16227766e+14 3.98107171e+14 5.01187234e+14
 6.30957344e+14 7.94328235e+14 1.00000000e+15 1.25892541e+15
 1.58489319e+15 1.99526231e+15 2.51188643e+15 3.16227766e+15]
---
---
[1.10674e+05 8.24330e+04 6.11150e+04 4.46140e+04 3.18310e+04 2.24690e+04
 1.57230e+04 1.01610e+04 6.70300e+03 4.06600e+03 2.40500e+03 1.38900e+03
 7.39000e+02 3.80000e+02 1.49000e+02 6.60000e+01 2.20000e+01 9.00000e+00
 0.00000e+00 0.00000e+00 0.00000e+00 0.00000e+00]
[1.58489319e+13 1.99526231e+13 2.51188643e+13 3.16227766e+13
 3.98107171e+13 5.01187234e+13 6.30957344e+13 7.94328235e+13
 1.00000000e+14 1.25892541e+14 1.58489319e+14 1.99526231e+14
 2.51188643e+14 3.16227766e+14 3.98107171e+14 5.01187234e+14
 6.30957344e+14 7.94328235e+14 1.00000000e+15 1.25892541e+15
 1.58489319e+15 1.99526231e+15 2.51188643e+15]
---
---
[1.10674e+05 8.24330e+04 6.11150e+04 4.46140e+04 3.18310e+04 2.24690e+04
 1.57230e+04 1.01610e+04 6.70300e+03 4.06600e+03 2.40500e+03 1.38900e+03
 7.39000e+02 3.80000e+02 1.49000e+02 6.60000e+01 2.20000e+01 9.00000e+00
 0.00000e+00 0.00000e+00 0.00000e+00]
[1.58489319e+13 1.99526231e+13 2.51188643e+13 3.16227766e+13
 3.98107171e+13 5.01187234e+13 6.30957344e+13 7.94328235e+13
 1.00000000e+14 1.25892541e+14 1.58489319e+14 1.99526231e+14
 2.51188643e+14 3.16227766e+14 3.98107171e+14 5.01187234e+14
 6.30957344e+14 7.94328235e+14 1.00000000e+15 1.25892541e+15
 1.58489319e+15 1.99526231e+15]
---
---
[1.10674e+05 8.24330e+04 6.11150e+04 4.46140e+04 3.18310e+04 2.24690e+04
 1.57230e+04 1.01610e+04 6.70300e+03 4.06600e+03 2.40500e+03 1.38900e+03
 7.39000e+02 3.80000e+02 1.49000e+02 6.60000e+01 2.20000e+01 9.00000e+00
 0.00000e+00 0.00000e+00]
[1.58489319e+13 1.99526231e+13 2.51188643e+13 3.16227766e+13
 3.98107171e+13 5.01187234e+13 6.30957344e+13 7.94328235e+13
 1.00000000e+14 1.25892541e+14 1.58489319e+14 1.99526231e+14
 2.51188643e+14 3.16227766e+14 3.98107171e+14 5.01187234e+14
 6.30957344e+14 7.94328235e+14 1.00000000e+15 1.25892541e+15
 1.58489319e+15]
---
---
[1.10674e+05 8.24330e+04 6.11150e+04 4.46140e+04 3.18310e+04 2.24690e+04
 1.57230e+04 1.01610e+04 6.70300e+03 4.06600e+03 2.40500e+03 1.38900e+03
 7.39000e+02 3.80000e+02 1.49000e+02 6.60000e+01 2.20000e+01 9.00000e+00
 0.00000e+00]
[1.58489319e+13 1.99526231e+13 2.51188643e+13 3.16227766e+13
 3.98107171e+13 5.01187234e+13 6.30957344e+13 7.94328235e+13
 1.00000000e+14 1.25892541e+14 1.58489319e+14 1.99526231e+14
 2.51188643e+14 3.16227766e+14 3.98107171e+14 5.01187234e+14
 6.30957344e+14 7.94328235e+14 1.00000000e+15 1.25892541e+15]
---
---
[1.10674e+05 8.24330e+04 6.11150e+04 4.46140e+04 3.18310e+04 2.24690e+04
 1.57230e+04 1.01610e+04 6.70300e+03 4.06600e+03 2.40500e+03 1.38900e+03
 7.39000e+02 3.80000e+02 1.49000e+02 6.60000e+01 2.20000e+01 9.00000e+00]
[1.58489319e+13 1.99526231e+13 2.51188643e+13 3.16227766e+13
 3.98107171e+13 5.01187234e+13 6.30957344e+13 7.94328235e+13
 1.00000000e+14 1.25892541e+14 1.58489319e+14 1.99526231e+14
 2.51188643e+14 3.16227766e+14 3.98107171e+14 5.01187234e+14
 6.30957344e+14 7.94328235e+14 1.00000000e+15]
---
after adaptive [1.10674e+05 8.24330e+04 6.11150e+04 4.46140e+04 3.18310e+04 2.24690e+04
 1.57230e+04 1.01610e+04 6.70300e+03 4.06600e+03 2.40500e+03 1.38900e+03
 7.39000e+02 3.80000e+02 1.49000e+02 6.60000e+01 3.10000e+01]
10214421
10214421
redshift 0.3974131088528914
leftlog10 13.2
sumN 474681.0
N [1.25735e+05 9.59720e+04 7.17090e+04 5.39850e+04 3.91300e+04 2.87350e+04
 2.05900e+04 1.40990e+04 9.52600e+03 6.27300e+03 3.92300e+03 2.32300e+03
 1.33800e+03 6.99000e+02 3.82000e+02 1.59000e+02 7.10000e+01 2.80000e+01
 3.00000e+00 1.00000e+00 0.00000e+00 0.00000e+00 0.00000e+00 0.00000e+00
 0.00000e+00 0.00000e+00 0.00000e+00 0.00000e+00 0.00000e+00]
edges [13.2 13.3 13.4 13.5 13.6 13.7 13.8 13.9 14.  14.1 14.2 14.3 14.4 14.5
 14.6 14.7 14.8 14.9 15.  15.1 15.2 15.3 15.4 15.5 15.6 15.7 15.8 15.9
 16.  16.1]
---
[1.25735e+05 9.59720e+04 7.17090e+04 5.39850e+04 3.91300e+04 2.87350e+04
 2.05900e+04 1.40990e+04 9.52600e+03 6.27300e+03 3.92300e+03 2.32300e+03
 1.33800e+03 6.99000e+02 3.82000e+02 1.59000e+02 7.10000e+01 2.80000e+01
 3.00000e+00 1.00000e+00 0.00000e+00 0.00000e+00 0.00000e+00 0.00000e+00
 0.00000e+00 0.00000e+00 0.00000e+00 0.00000e+00]
[1.58489319e+13 1.99526231e+13 2.51188643e+13 3.16227766e+13
 3.98107171e+13 5.01187234e+13 6.30957344e+13 7.94328235e+13
 1.00000000e+14 1.25892541e+14 1.58489319e+14 1.99526231e+14
 2.51188643e+14 3.16227766e+14 3.98107171e+14 5.01187234e+14
 6.30957344e+14 7.94328235e+14 1.00000000e+15 1.25892541e+15
 1.58489319e+15 1.99526231e+15 2.51188643e+15 3.16227766e+15
 3.98107171e+15 5.01187234e+15 6.30957344e+15 7.94328235e+15
 1.00000000e+16]
---
---
[1.25735e+05 9.59720e+04 7.17090e+04 5.39850e+04 3.91300e+04 2.87350e+04
 2.05900e+04 1.40990e+04 9.52600e+03 6.27300e+03 3.92300e+03 2.32300e+03
 1.33800e+03 6.99000e+02 3.82000e+02 1.59000e+02 7.10000e+01 2.80000e+01
 3.00000e+00 1.00000e+00 0.00000e+00 0.00000e+00 0.00000e+00 0.00000e+00
 0.00000e+00 0.00000e+00 0.00000e+00]
[1.58489319e+13 1.99526231e+13 2.51188643e+13 3.16227766e+13
 3.98107171e+13 5.01187234e+13 6.30957344e+13 7.94328235e+13
 1.00000000e+14 1.25892541e+14 1.58489319e+14 1.99526231e+14
 2.51188643e+14 3.16227766e+14 3.98107171e+14 5.01187234e+14
 6.30957344e+14 7.94328235e+14 1.00000000e+15 1.25892541e+15
 1.58489319e+15 1.99526231e+15 2.51188643e+15 3.16227766e+15
 3.98107171e+15 5.01187234e+15 6.30957344e+15 7.94328235e+15]
---
---
[1.25735e+05 9.59720e+04 7.17090e+04 5.39850e+04 3.91300e+04 2.87350e+04
 2.05900e+04 1.40990e+04 9.52600e+03 6.27300e+03 3.92300e+03 2.32300e+03
 1.33800e+03 6.99000e+02 3.82000e+02 1.59000e+02 7.10000e+01 2.80000e+01
 3.00000e+00 1.00000e+00 0.00000e+00 0.00000e+00 0.00000e+00 0.00000e+00
 0.00000e+00 0.00000e+00]
[1.58489319e+13 1.99526231e+13 2.51188643e+13 3.16227766e+13
 3.98107171e+13 5.01187234e+13 6.30957344e+13 7.94328235e+13
 1.00000000e+14 1.25892541e+14 1.58489319e+14 1.99526231e+14
 2.51188643e+14 3.16227766e+14 3.98107171e+14 5.01187234e+14
 6.30957344e+14 7.94328235e+14 1.00000000e+15 1.25892541e+15
 1.58489319e+15 1.99526231e+15 2.51188643e+15 3.16227766e+15
 3.98107171e+15 5.01187234e+15 6.30957344e+15]
---
---
[1.25735e+05 9.59720e+04 7.17090e+04 5.39850e+04 3.91300e+04 2.87350e+04
 2.05900e+04 1.40990e+04 9.52600e+03 6.27300e+03 3.92300e+03 2.32300e+03
 1.33800e+03 6.99000e+02 3.82000e+02 1.59000e+02 7.10000e+01 2.80000e+01
 3.00000e+00 1.00000e+00 0.00000e+00 0.00000e+00 0.00000e+00 0.00000e+00
 0.00000e+00]
[1.58489319e+13 1.99526231e+13 2.51188643e+13 3.16227766e+13
 3.98107171e+13 5.01187234e+13 6.30957344e+13 7.94328235e+13
 1.00000000e+14 1.25892541e+14 1.58489319e+14 1.99526231e+14
 2.51188643e+14 3.16227766e+14 3.98107171e+14 5.01187234e+14
 6.30957344e+14 7.94328235e+14 1.00000000e+15 1.25892541e+15
 1.58489319e+15 1.99526231e+15 2.51188643e+15 3.16227766e+15
 3.98107171e+15 5.01187234e+15]
---
---
[1.25735e+05 9.59720e+04 7.17090e+04 5.39850e+04 3.91300e+04 2.87350e+04
 2.05900e+04 1.40990e+04 9.52600e+03 6.27300e+03 3.92300e+03 2.32300e+03
 1.33800e+03 6.99000e+02 3.82000e+02 1.59000e+02 7.10000e+01 2.80000e+01
 3.00000e+00 1.00000e+00 0.00000e+00 0.00000e+00 0.00000e+00 0.00000e+00]
[1.58489319e+13 1.99526231e+13 2.51188643e+13 3.16227766e+13
 3.98107171e+13 5.01187234e+13 6.30957344e+13 7.94328235e+13
 1.00000000e+14 1.25892541e+14 1.58489319e+14 1.99526231e+14
 2.51188643e+14 3.16227766e+14 3.98107171e+14 5.01187234e+14
 6.30957344e+14 7.94328235e+14 1.00000000e+15 1.25892541e+15
 1.58489319e+15 1.99526231e+15 2.51188643e+15 3.16227766e+15
 3.98107171e+15]
---
---
[1.25735e+05 9.59720e+04 7.17090e+04 5.39850e+04 3.91300e+04 2.87350e+04
 2.05900e+04 1.40990e+04 9.52600e+03 6.27300e+03 3.92300e+03 2.32300e+03
 1.33800e+03 6.99000e+02 3.82000e+02 1.59000e+02 7.10000e+01 2.80000e+01
 3.00000e+00 1.00000e+00 0.00000e+00 0.00000e+00 0.00000e+00]
[1.58489319e+13 1.99526231e+13 2.51188643e+13 3.16227766e+13
 3.98107171e+13 5.01187234e+13 6.30957344e+13 7.94328235e+13
 1.00000000e+14 1.25892541e+14 1.58489319e+14 1.99526231e+14
 2.51188643e+14 3.16227766e+14 3.98107171e+14 5.01187234e+14
 6.30957344e+14 7.94328235e+14 1.00000000e+15 1.25892541e+15
 1.58489319e+15 1.99526231e+15 2.51188643e+15 3.16227766e+15]
---
---
[1.25735e+05 9.59720e+04 7.17090e+04 5.39850e+04 3.91300e+04 2.87350e+04
 2.05900e+04 1.40990e+04 9.52600e+03 6.27300e+03 3.92300e+03 2.32300e+03
 1.33800e+03 6.99000e+02 3.82000e+02 1.59000e+02 7.10000e+01 2.80000e+01
 3.00000e+00 1.00000e+00 0.00000e+00 0.00000e+00]
[1.58489319e+13 1.99526231e+13 2.51188643e+13 3.16227766e+13
 3.98107171e+13 5.01187234e+13 6.30957344e+13 7.94328235e+13
 1.00000000e+14 1.25892541e+14 1.58489319e+14 1.99526231e+14
 2.51188643e+14 3.16227766e+14 3.98107171e+14 5.01187234e+14
 6.30957344e+14 7.94328235e+14 1.00000000e+15 1.25892541e+15
 1.58489319e+15 1.99526231e+15 2.51188643e+15]
---
---
[1.25735e+05 9.59720e+04 7.17090e+04 5.39850e+04 3.91300e+04 2.87350e+04
 2.05900e+04 1.40990e+04 9.52600e+03 6.27300e+03 3.92300e+03 2.32300e+03
 1.33800e+03 6.99000e+02 3.82000e+02 1.59000e+02 7.10000e+01 2.80000e+01
 3.00000e+00 1.00000e+00 0.00000e+00]
[1.58489319e+13 1.99526231e+13 2.51188643e+13 3.16227766e+13
 3.98107171e+13 5.01187234e+13 6.30957344e+13 7.94328235e+13
 1.00000000e+14 1.25892541e+14 1.58489319e+14 1.99526231e+14
 2.51188643e+14 3.16227766e+14 3.98107171e+14 5.01187234e+14
 6.30957344e+14 7.94328235e+14 1.00000000e+15 1.25892541e+15
 1.58489319e+15 1.99526231e+15]
---
---
[1.25735e+05 9.59720e+04 7.17090e+04 5.39850e+04 3.91300e+04 2.87350e+04
 2.05900e+04 1.40990e+04 9.52600e+03 6.27300e+03 3.92300e+03 2.32300e+03
 1.33800e+03 6.99000e+02 3.82000e+02 1.59000e+02 7.10000e+01 2.80000e+01
 3.00000e+00 1.00000e+00]
[1.58489319e+13 1.99526231e+13 2.51188643e+13 3.16227766e+13
 3.98107171e+13 5.01187234e+13 6.30957344e+13 7.94328235e+13
 1.00000000e+14 1.25892541e+14 1.58489319e+14 1.99526231e+14
 2.51188643e+14 3.16227766e+14 3.98107171e+14 5.01187234e+14
 6.30957344e+14 7.94328235e+14 1.00000000e+15 1.25892541e+15
 1.58489319e+15]
---
after adaptive [1.25735e+05 9.59720e+04 7.17090e+04 5.39850e+04 3.91300e+04 2.87350e+04
 2.05900e+04 1.40990e+04 9.52600e+03 6.27300e+03 3.92300e+03 2.32300e+03
 1.33800e+03 6.99000e+02 3.82000e+02 1.59000e+02 7.10000e+01 3.20000e+01]
10335022
10335022
redshift 0.26999931420037027
leftlog10 13.2
sumN 550825.0
N [1.38515e+05 1.07495e+05 8.17630e+04 6.22280e+04 4.67320e+04 3.50130e+04
 2.53620e+04 1.82440e+04 1.27990e+04 8.64200e+03 5.64000e+03 3.70800e+03
 2.13000e+03 1.27400e+03 6.70000e+02 3.47000e+02 1.55000e+02 7.60000e+01
 2.30000e+01 8.00000e+00 1.00000e+00 0.00000e+00 0.00000e+00 0.00000e+00
 0.00000e+00 0.00000e+00 0.00000e+00 0.00000e+00 0.00000e+00 0.00000e+00]
edges [13.2 13.3 13.4 13.5 13.6 13.7 13.8 13.9 14.  14.1 14.2 14.3 14.4 14.5
 14.6 14.7 14.8 14.9 15.  15.1 15.2 15.3 15.4 15.5 15.6 15.7 15.8 15.9
 16.  16.1 16.2]
---
[1.38515e+05 1.07495e+05 8.17630e+04 6.22280e+04 4.67320e+04 3.50130e+04
 2.53620e+04 1.82440e+04 1.27990e+04 8.64200e+03 5.64000e+03 3.70800e+03
 2.13000e+03 1.27400e+03 6.70000e+02 3.47000e+02 1.55000e+02 7.60000e+01
 2.30000e+01 8.00000e+00 1.00000e+00 0.00000e+00 0.00000e+00 0.00000e+00
 0.00000e+00 0.00000e+00 0.00000e+00 0.00000e+00 0.00000e+00]
[1.58489319e+13 1.99526231e+13 2.51188643e+13 3.16227766e+13
 3.98107171e+13 5.01187234e+13 6.30957344e+13 7.94328235e+13
 1.00000000e+14 1.25892541e+14 1.58489319e+14 1.99526231e+14
 2.51188643e+14 3.16227766e+14 3.98107171e+14 5.01187234e+14
 6.30957344e+14 7.94328235e+14 1.00000000e+15 1.25892541e+15
 1.58489319e+15 1.99526231e+15 2.51188643e+15 3.16227766e+15
 3.98107171e+15 5.01187234e+15 6.30957344e+15 7.94328235e+15
 1.00000000e+16 1.25892541e+16]
---
---
[1.38515e+05 1.07495e+05 8.17630e+04 6.22280e+04 4.67320e+04 3.50130e+04
 2.53620e+04 1.82440e+04 1.27990e+04 8.64200e+03 5.64000e+03 3.70800e+03
 2.13000e+03 1.27400e+03 6.70000e+02 3.47000e+02 1.55000e+02 7.60000e+01
 2.30000e+01 8.00000e+00 1.00000e+00 0.00000e+00 0.00000e+00 0.00000e+00
 0.00000e+00 0.00000e+00 0.00000e+00 0.00000e+00]
[1.58489319e+13 1.99526231e+13 2.51188643e+13 3.16227766e+13
 3.98107171e+13 5.01187234e+13 6.30957344e+13 7.94328235e+13
 1.00000000e+14 1.25892541e+14 1.58489319e+14 1.99526231e+14
 2.51188643e+14 3.16227766e+14 3.98107171e+14 5.01187234e+14
 6.30957344e+14 7.94328235e+14 1.00000000e+15 1.25892541e+15
 1.58489319e+15 1.99526231e+15 2.51188643e+15 3.16227766e+15
 3.98107171e+15 5.01187234e+15 6.30957344e+15 7.94328235e+15
 1.00000000e+16]
---
---
[1.38515e+05 1.07495e+05 8.17630e+04 6.22280e+04 4.67320e+04 3.50130e+04
 2.53620e+04 1.82440e+04 1.27990e+04 8.64200e+03 5.64000e+03 3.70800e+03
 2.13000e+03 1.27400e+03 6.70000e+02 3.47000e+02 1.55000e+02 7.60000e+01
 2.30000e+01 8.00000e+00 1.00000e+00 0.00000e+00 0.00000e+00 0.00000e+00
 0.00000e+00 0.00000e+00 0.00000e+00]
[1.58489319e+13 1.99526231e+13 2.51188643e+13 3.16227766e+13
 3.98107171e+13 5.01187234e+13 6.30957344e+13 7.94328235e+13
 1.00000000e+14 1.25892541e+14 1.58489319e+14 1.99526231e+14
 2.51188643e+14 3.16227766e+14 3.98107171e+14 5.01187234e+14
 6.30957344e+14 7.94328235e+14 1.00000000e+15 1.25892541e+15
 1.58489319e+15 1.99526231e+15 2.51188643e+15 3.16227766e+15
 3.98107171e+15 5.01187234e+15 6.30957344e+15 7.94328235e+15]
---
---
[1.38515e+05 1.07495e+05 8.17630e+04 6.22280e+04 4.67320e+04 3.50130e+04
 2.53620e+04 1.82440e+04 1.27990e+04 8.64200e+03 5.64000e+03 3.70800e+03
 2.13000e+03 1.27400e+03 6.70000e+02 3.47000e+02 1.55000e+02 7.60000e+01
 2.30000e+01 8.00000e+00 1.00000e+00 0.00000e+00 0.00000e+00 0.00000e+00
 0.00000e+00 0.00000e+00]
[1.58489319e+13 1.99526231e+13 2.51188643e+13 3.16227766e+13
 3.98107171e+13 5.01187234e+13 6.30957344e+13 7.94328235e+13
 1.00000000e+14 1.25892541e+14 1.58489319e+14 1.99526231e+14
 2.51188643e+14 3.16227766e+14 3.98107171e+14 5.01187234e+14
 6.30957344e+14 7.94328235e+14 1.00000000e+15 1.25892541e+15
 1.58489319e+15 1.99526231e+15 2.51188643e+15 3.16227766e+15
 3.98107171e+15 5.01187234e+15 6.30957344e+15]
---
---
[1.38515e+05 1.07495e+05 8.17630e+04 6.22280e+04 4.67320e+04 3.50130e+04
 2.53620e+04 1.82440e+04 1.27990e+04 8.64200e+03 5.64000e+03 3.70800e+03
 2.13000e+03 1.27400e+03 6.70000e+02 3.47000e+02 1.55000e+02 7.60000e+01
 2.30000e+01 8.00000e+00 1.00000e+00 0.00000e+00 0.00000e+00 0.00000e+00
 0.00000e+00]
[1.58489319e+13 1.99526231e+13 2.51188643e+13 3.16227766e+13
 3.98107171e+13 5.01187234e+13 6.30957344e+13 7.94328235e+13
 1.00000000e+14 1.25892541e+14 1.58489319e+14 1.99526231e+14
 2.51188643e+14 3.16227766e+14 3.98107171e+14 5.01187234e+14
 6.30957344e+14 7.94328235e+14 1.00000000e+15 1.25892541e+15
 1.58489319e+15 1.99526231e+15 2.51188643e+15 3.16227766e+15
 3.98107171e+15 5.01187234e+15]
---
---
[1.38515e+05 1.07495e+05 8.17630e+04 6.22280e+04 4.67320e+04 3.50130e+04
 2.53620e+04 1.82440e+04 1.27990e+04 8.64200e+03 5.64000e+03 3.70800e+03
 2.13000e+03 1.27400e+03 6.70000e+02 3.47000e+02 1.55000e+02 7.60000e+01
 2.30000e+01 8.00000e+00 1.00000e+00 0.00000e+00 0.00000e+00 0.00000e+00]
[1.58489319e+13 1.99526231e+13 2.51188643e+13 3.16227766e+13
 3.98107171e+13 5.01187234e+13 6.30957344e+13 7.94328235e+13
 1.00000000e+14 1.25892541e+14 1.58489319e+14 1.99526231e+14
 2.51188643e+14 3.16227766e+14 3.98107171e+14 5.01187234e+14
 6.30957344e+14 7.94328235e+14 1.00000000e+15 1.25892541e+15
 1.58489319e+15 1.99526231e+15 2.51188643e+15 3.16227766e+15
 3.98107171e+15]
---
---
[1.38515e+05 1.07495e+05 8.17630e+04 6.22280e+04 4.67320e+04 3.50130e+04
 2.53620e+04 1.82440e+04 1.27990e+04 8.64200e+03 5.64000e+03 3.70800e+03
 2.13000e+03 1.27400e+03 6.70000e+02 3.47000e+02 1.55000e+02 7.60000e+01
 2.30000e+01 8.00000e+00 1.00000e+00 0.00000e+00 0.00000e+00]
[1.58489319e+13 1.99526231e+13 2.51188643e+13 3.16227766e+13
 3.98107171e+13 5.01187234e+13 6.30957344e+13 7.94328235e+13
 1.00000000e+14 1.25892541e+14 1.58489319e+14 1.99526231e+14
 2.51188643e+14 3.16227766e+14 3.98107171e+14 5.01187234e+14
 6.30957344e+14 7.94328235e+14 1.00000000e+15 1.25892541e+15
 1.58489319e+15 1.99526231e+15 2.51188643e+15 3.16227766e+15]
---
---
[1.38515e+05 1.07495e+05 8.17630e+04 6.22280e+04 4.67320e+04 3.50130e+04
 2.53620e+04 1.82440e+04 1.27990e+04 8.64200e+03 5.64000e+03 3.70800e+03
 2.13000e+03 1.27400e+03 6.70000e+02 3.47000e+02 1.55000e+02 7.60000e+01
 2.30000e+01 8.00000e+00 1.00000e+00 0.00000e+00]
[1.58489319e+13 1.99526231e+13 2.51188643e+13 3.16227766e+13
 3.98107171e+13 5.01187234e+13 6.30957344e+13 7.94328235e+13
 1.00000000e+14 1.25892541e+14 1.58489319e+14 1.99526231e+14
 2.51188643e+14 3.16227766e+14 3.98107171e+14 5.01187234e+14
 6.30957344e+14 7.94328235e+14 1.00000000e+15 1.25892541e+15
 1.58489319e+15 1.99526231e+15 2.51188643e+15]
---
---
[1.38515e+05 1.07495e+05 8.17630e+04 6.22280e+04 4.67320e+04 3.50130e+04
 2.53620e+04 1.82440e+04 1.27990e+04 8.64200e+03 5.64000e+03 3.70800e+03
 2.13000e+03 1.27400e+03 6.70000e+02 3.47000e+02 1.55000e+02 7.60000e+01
 2.30000e+01 8.00000e+00 1.00000e+00]
[1.58489319e+13 1.99526231e+13 2.51188643e+13 3.16227766e+13
 3.98107171e+13 5.01187234e+13 6.30957344e+13 7.94328235e+13
 1.00000000e+14 1.25892541e+14 1.58489319e+14 1.99526231e+14
 2.51188643e+14 3.16227766e+14 3.98107171e+14 5.01187234e+14
 6.30957344e+14 7.94328235e+14 1.00000000e+15 1.25892541e+15
 1.58489319e+15 1.99526231e+15]
---
after adaptive [1.38515e+05 1.07495e+05 8.17630e+04 6.22280e+04 4.67320e+04 3.50130e+04
 2.53620e+04 1.82440e+04 1.27990e+04 8.64200e+03 5.64000e+03 3.70800e+03
 2.13000e+03 1.27400e+03 6.70000e+02 3.47000e+02 1.55000e+02 7.60000e+01
 3.20000e+01]
10354204
10354204
redshift 0.15420262488760939
leftlog10 13.2
sumN 621465.0
N [1.49606e+05 1.16537e+05 9.11630e+04 6.99220e+04 5.32740e+04 4.07150e+04
 3.03670e+04 2.21400e+04 1.61050e+04 1.12660e+04 7.65400e+03 5.09500e+03
 3.24700e+03 2.01800e+03 1.14000e+03 6.56000e+02 3.14000e+02 1.49000e+02
 6.80000e+01 2.00000e+01 4.00000e+00 5.00000e+00 0.00000e+00 0.00000e+00
 0.00000e+00 0.00000e+00 0.00000e+00 0.00000e+00 0.00000e+00 0.00000e+00
 0.00000e+00]
edges [13.2 13.3 13.4 13.5 13.6 13.7 13.8 13.9 14.  14.1 14.2 14.3 14.4 14.5
 14.6 14.7 14.8 14.9 15.  15.1 15.2 15.3 15.4 15.5 15.6 15.7 15.8 15.9
 16.  16.1 16.2 16.3]
---
[1.49606e+05 1.16537e+05 9.11630e+04 6.99220e+04 5.32740e+04 4.07150e+04
 3.03670e+04 2.21400e+04 1.61050e+04 1.12660e+04 7.65400e+03 5.09500e+03
 3.24700e+03 2.01800e+03 1.14000e+03 6.56000e+02 3.14000e+02 1.49000e+02
 6.80000e+01 2.00000e+01 4.00000e+00 5.00000e+00 0.00000e+00 0.00000e+00
 0.00000e+00 0.00000e+00 0.00000e+00 0.00000e+00 0.00000e+00 0.00000e+00]
[1.58489319e+13 1.99526231e+13 2.51188643e+13 3.16227766e+13
 3.98107171e+13 5.01187234e+13 6.30957344e+13 7.94328235e+13
 1.00000000e+14 1.25892541e+14 1.58489319e+14 1.99526231e+14
 2.51188643e+14 3.16227766e+14 3.98107171e+14 5.01187234e+14
 6.30957344e+14 7.94328235e+14 1.00000000e+15 1.25892541e+15
 1.58489319e+15 1.99526231e+15 2.51188643e+15 3.16227766e+15
 3.98107171e+15 5.01187234e+15 6.30957344e+15 7.94328235e+15
 1.00000000e+16 1.25892541e+16 1.58489319e+16]
---
---
[1.49606e+05 1.16537e+05 9.11630e+04 6.99220e+04 5.32740e+04 4.07150e+04
 3.03670e+04 2.21400e+04 1.61050e+04 1.12660e+04 7.65400e+03 5.09500e+03
 3.24700e+03 2.01800e+03 1.14000e+03 6.56000e+02 3.14000e+02 1.49000e+02
 6.80000e+01 2.00000e+01 4.00000e+00 5.00000e+00 0.00000e+00 0.00000e+00
 0.00000e+00 0.00000e+00 0.00000e+00 0.00000e+00 0.00000e+00]
[1.58489319e+13 1.99526231e+13 2.51188643e+13 3.16227766e+13
 3.98107171e+13 5.01187234e+13 6.30957344e+13 7.94328235e+13
 1.00000000e+14 1.25892541e+14 1.58489319e+14 1.99526231e+14
 2.51188643e+14 3.16227766e+14 3.98107171e+14 5.01187234e+14
 6.30957344e+14 7.94328235e+14 1.00000000e+15 1.25892541e+15
 1.58489319e+15 1.99526231e+15 2.51188643e+15 3.16227766e+15
 3.98107171e+15 5.01187234e+15 6.30957344e+15 7.94328235e+15
 1.00000000e+16 1.25892541e+16]
---
---
[1.49606e+05 1.16537e+05 9.11630e+04 6.99220e+04 5.32740e+04 4.07150e+04
 3.03670e+04 2.21400e+04 1.61050e+04 1.12660e+04 7.65400e+03 5.09500e+03
 3.24700e+03 2.01800e+03 1.14000e+03 6.56000e+02 3.14000e+02 1.49000e+02
 6.80000e+01 2.00000e+01 4.00000e+00 5.00000e+00 0.00000e+00 0.00000e+00
 0.00000e+00 0.00000e+00 0.00000e+00 0.00000e+00]
[1.58489319e+13 1.99526231e+13 2.51188643e+13 3.16227766e+13
 3.98107171e+13 5.01187234e+13 6.30957344e+13 7.94328235e+13
 1.00000000e+14 1.25892541e+14 1.58489319e+14 1.99526231e+14
 2.51188643e+14 3.16227766e+14 3.98107171e+14 5.01187234e+14
 6.30957344e+14 7.94328235e+14 1.00000000e+15 1.25892541e+15
 1.58489319e+15 1.99526231e+15 2.51188643e+15 3.16227766e+15
 3.98107171e+15 5.01187234e+15 6.30957344e+15 7.94328235e+15
 1.00000000e+16]
---
---
[1.49606e+05 1.16537e+05 9.11630e+04 6.99220e+04 5.32740e+04 4.07150e+04
 3.03670e+04 2.21400e+04 1.61050e+04 1.12660e+04 7.65400e+03 5.09500e+03
 3.24700e+03 2.01800e+03 1.14000e+03 6.56000e+02 3.14000e+02 1.49000e+02
 6.80000e+01 2.00000e+01 4.00000e+00 5.00000e+00 0.00000e+00 0.00000e+00
 0.00000e+00 0.00000e+00 0.00000e+00]
[1.58489319e+13 1.99526231e+13 2.51188643e+13 3.16227766e+13
 3.98107171e+13 5.01187234e+13 6.30957344e+13 7.94328235e+13
 1.00000000e+14 1.25892541e+14 1.58489319e+14 1.99526231e+14
 2.51188643e+14 3.16227766e+14 3.98107171e+14 5.01187234e+14
 6.30957344e+14 7.94328235e+14 1.00000000e+15 1.25892541e+15
 1.58489319e+15 1.99526231e+15 2.51188643e+15 3.16227766e+15
 3.98107171e+15 5.01187234e+15 6.30957344e+15 7.94328235e+15]
---
---
[1.49606e+05 1.16537e+05 9.11630e+04 6.99220e+04 5.32740e+04 4.07150e+04
 3.03670e+04 2.21400e+04 1.61050e+04 1.12660e+04 7.65400e+03 5.09500e+03
 3.24700e+03 2.01800e+03 1.14000e+03 6.56000e+02 3.14000e+02 1.49000e+02
 6.80000e+01 2.00000e+01 4.00000e+00 5.00000e+00 0.00000e+00 0.00000e+00
 0.00000e+00 0.00000e+00]
[1.58489319e+13 1.99526231e+13 2.51188643e+13 3.16227766e+13
 3.98107171e+13 5.01187234e+13 6.30957344e+13 7.94328235e+13
 1.00000000e+14 1.25892541e+14 1.58489319e+14 1.99526231e+14
 2.51188643e+14 3.16227766e+14 3.98107171e+14 5.01187234e+14
 6.30957344e+14 7.94328235e+14 1.00000000e+15 1.25892541e+15
 1.58489319e+15 1.99526231e+15 2.51188643e+15 3.16227766e+15
 3.98107171e+15 5.01187234e+15 6.30957344e+15]
---
---
[1.49606e+05 1.16537e+05 9.11630e+04 6.99220e+04 5.32740e+04 4.07150e+04
 3.03670e+04 2.21400e+04 1.61050e+04 1.12660e+04 7.65400e+03 5.09500e+03
 3.24700e+03 2.01800e+03 1.14000e+03 6.56000e+02 3.14000e+02 1.49000e+02
 6.80000e+01 2.00000e+01 4.00000e+00 5.00000e+00 0.00000e+00 0.00000e+00
 0.00000e+00]
[1.58489319e+13 1.99526231e+13 2.51188643e+13 3.16227766e+13
 3.98107171e+13 5.01187234e+13 6.30957344e+13 7.94328235e+13
 1.00000000e+14 1.25892541e+14 1.58489319e+14 1.99526231e+14
 2.51188643e+14 3.16227766e+14 3.98107171e+14 5.01187234e+14
 6.30957344e+14 7.94328235e+14 1.00000000e+15 1.25892541e+15
 1.58489319e+15 1.99526231e+15 2.51188643e+15 3.16227766e+15
 3.98107171e+15 5.01187234e+15]
---
---
[1.49606e+05 1.16537e+05 9.11630e+04 6.99220e+04 5.32740e+04 4.07150e+04
 3.03670e+04 2.21400e+04 1.61050e+04 1.12660e+04 7.65400e+03 5.09500e+03
 3.24700e+03 2.01800e+03 1.14000e+03 6.56000e+02 3.14000e+02 1.49000e+02
 6.80000e+01 2.00000e+01 4.00000e+00 5.00000e+00 0.00000e+00 0.00000e+00]
[1.58489319e+13 1.99526231e+13 2.51188643e+13 3.16227766e+13
 3.98107171e+13 5.01187234e+13 6.30957344e+13 7.94328235e+13
 1.00000000e+14 1.25892541e+14 1.58489319e+14 1.99526231e+14
 2.51188643e+14 3.16227766e+14 3.98107171e+14 5.01187234e+14
 6.30957344e+14 7.94328235e+14 1.00000000e+15 1.25892541e+15
 1.58489319e+15 1.99526231e+15 2.51188643e+15 3.16227766e+15
 3.98107171e+15]
---
---
[1.49606e+05 1.16537e+05 9.11630e+04 6.99220e+04 5.32740e+04 4.07150e+04
 3.03670e+04 2.21400e+04 1.61050e+04 1.12660e+04 7.65400e+03 5.09500e+03
 3.24700e+03 2.01800e+03 1.14000e+03 6.56000e+02 3.14000e+02 1.49000e+02
 6.80000e+01 2.00000e+01 4.00000e+00 5.00000e+00 0.00000e+00]
[1.58489319e+13 1.99526231e+13 2.51188643e+13 3.16227766e+13
 3.98107171e+13 5.01187234e+13 6.30957344e+13 7.94328235e+13
 1.00000000e+14 1.25892541e+14 1.58489319e+14 1.99526231e+14
 2.51188643e+14 3.16227766e+14 3.98107171e+14 5.01187234e+14
 6.30957344e+14 7.94328235e+14 1.00000000e+15 1.25892541e+15
 1.58489319e+15 1.99526231e+15 2.51188643e+15 3.16227766e+15]
---
---
[1.49606e+05 1.16537e+05 9.11630e+04 6.99220e+04 5.32740e+04 4.07150e+04
 3.03670e+04 2.21400e+04 1.61050e+04 1.12660e+04 7.65400e+03 5.09500e+03
 3.24700e+03 2.01800e+03 1.14000e+03 6.56000e+02 3.14000e+02 1.49000e+02
 6.80000e+01 2.00000e+01 4.00000e+00 5.00000e+00]
[1.58489319e+13 1.99526231e+13 2.51188643e+13 3.16227766e+13
 3.98107171e+13 5.01187234e+13 6.30957344e+13 7.94328235e+13
 1.00000000e+14 1.25892541e+14 1.58489319e+14 1.99526231e+14
 2.51188643e+14 3.16227766e+14 3.98107171e+14 5.01187234e+14
 6.30957344e+14 7.94328235e+14 1.00000000e+15 1.25892541e+15
 1.58489319e+15 1.99526231e+15 2.51188643e+15]
---
after adaptive [1.49606e+05 1.16537e+05 9.11630e+04 6.99220e+04 5.32740e+04 4.07150e+04
 3.03670e+04 2.21400e+04 1.61050e+04 1.12660e+04 7.65400e+03 5.09500e+03
 3.24700e+03 2.01800e+03 1.14000e+03 6.56000e+02 3.14000e+02 1.49000e+02
 6.80000e+01 2.90000e+01]
10300537
10300537
redshift 0.04896461947234987
leftlog10 13.2
sumN 684603.0
N [1.58383e+05 1.24611e+05 9.81300e+04 7.63460e+04 5.93900e+04 4.58450e+04
 3.47410e+04 2.61920e+04 1.92400e+04 1.40490e+04 9.68000e+03 6.73100e+03
 4.46300e+03 2.88700e+03 1.80600e+03 1.01300e+03 6.04000e+02 2.80000e+02
 1.24000e+02 6.00000e+01 1.90000e+01 5.00000e+00 3.00000e+00 1.00000e+00
 0.00000e+00 0.00000e+00 0.00000e+00 0.00000e+00 0.00000e+00 0.00000e+00
 0.00000e+00 0.00000e+00 0.00000e+00]
edges [13.2 13.3 13.4 13.5 13.6 13.7 13.8 13.9 14.  14.1 14.2 14.3 14.4 14.5
 14.6 14.7 14.8 14.9 15.  15.1 15.2 15.3 15.4 15.5 15.6 15.7 15.8 15.9
 16.  16.1 16.2 16.3 16.4 16.5]
---
[1.58383e+05 1.24611e+05 9.81300e+04 7.63460e+04 5.93900e+04 4.58450e+04
 3.47410e+04 2.61920e+04 1.92400e+04 1.40490e+04 9.68000e+03 6.73100e+03
 4.46300e+03 2.88700e+03 1.80600e+03 1.01300e+03 6.04000e+02 2.80000e+02
 1.24000e+02 6.00000e+01 1.90000e+01 5.00000e+00 3.00000e+00 1.00000e+00
 0.00000e+00 0.00000e+00 0.00000e+00 0.00000e+00 0.00000e+00 0.00000e+00
 0.00000e+00 0.00000e+00]
[1.58489319e+13 1.99526231e+13 2.51188643e+13 3.16227766e+13
 3.98107171e+13 5.01187234e+13 6.30957344e+13 7.94328235e+13
 1.00000000e+14 1.25892541e+14 1.58489319e+14 1.99526231e+14
 2.51188643e+14 3.16227766e+14 3.98107171e+14 5.01187234e+14
 6.30957344e+14 7.94328235e+14 1.00000000e+15 1.25892541e+15
 1.58489319e+15 1.99526231e+15 2.51188643e+15 3.16227766e+15
 3.98107171e+15 5.01187234e+15 6.30957344e+15 7.94328235e+15
 1.00000000e+16 1.25892541e+16 1.58489319e+16 1.99526231e+16
 2.51188643e+16]
---
---
[1.58383e+05 1.24611e+05 9.81300e+04 7.63460e+04 5.93900e+04 4.58450e+04
 3.47410e+04 2.61920e+04 1.92400e+04 1.40490e+04 9.68000e+03 6.73100e+03
 4.46300e+03 2.88700e+03 1.80600e+03 1.01300e+03 6.04000e+02 2.80000e+02
 1.24000e+02 6.00000e+01 1.90000e+01 5.00000e+00 3.00000e+00 1.00000e+00
 0.00000e+00 0.00000e+00 0.00000e+00 0.00000e+00 0.00000e+00 0.00000e+00
 0.00000e+00]
[1.58489319e+13 1.99526231e+13 2.51188643e+13 3.16227766e+13
 3.98107171e+13 5.01187234e+13 6.30957344e+13 7.94328235e+13
 1.00000000e+14 1.25892541e+14 1.58489319e+14 1.99526231e+14
 2.51188643e+14 3.16227766e+14 3.98107171e+14 5.01187234e+14
 6.30957344e+14 7.94328235e+14 1.00000000e+15 1.25892541e+15
 1.58489319e+15 1.99526231e+15 2.51188643e+15 3.16227766e+15
 3.98107171e+15 5.01187234e+15 6.30957344e+15 7.94328235e+15
 1.00000000e+16 1.25892541e+16 1.58489319e+16 1.99526231e+16]
---
---
[1.58383e+05 1.24611e+05 9.81300e+04 7.63460e+04 5.93900e+04 4.58450e+04
 3.47410e+04 2.61920e+04 1.92400e+04 1.40490e+04 9.68000e+03 6.73100e+03
 4.46300e+03 2.88700e+03 1.80600e+03 1.01300e+03 6.04000e+02 2.80000e+02
 1.24000e+02 6.00000e+01 1.90000e+01 5.00000e+00 3.00000e+00 1.00000e+00
 0.00000e+00 0.00000e+00 0.00000e+00 0.00000e+00 0.00000e+00 0.00000e+00]
[1.58489319e+13 1.99526231e+13 2.51188643e+13 3.16227766e+13
 3.98107171e+13 5.01187234e+13 6.30957344e+13 7.94328235e+13
 1.00000000e+14 1.25892541e+14 1.58489319e+14 1.99526231e+14
 2.51188643e+14 3.16227766e+14 3.98107171e+14 5.01187234e+14
 6.30957344e+14 7.94328235e+14 1.00000000e+15 1.25892541e+15
 1.58489319e+15 1.99526231e+15 2.51188643e+15 3.16227766e+15
 3.98107171e+15 5.01187234e+15 6.30957344e+15 7.94328235e+15
 1.00000000e+16 1.25892541e+16 1.58489319e+16]
---
---
[1.58383e+05 1.24611e+05 9.81300e+04 7.63460e+04 5.93900e+04 4.58450e+04
 3.47410e+04 2.61920e+04 1.92400e+04 1.40490e+04 9.68000e+03 6.73100e+03
 4.46300e+03 2.88700e+03 1.80600e+03 1.01300e+03 6.04000e+02 2.80000e+02
 1.24000e+02 6.00000e+01 1.90000e+01 5.00000e+00 3.00000e+00 1.00000e+00
 0.00000e+00 0.00000e+00 0.00000e+00 0.00000e+00 0.00000e+00]
[1.58489319e+13 1.99526231e+13 2.51188643e+13 3.16227766e+13
 3.98107171e+13 5.01187234e+13 6.30957344e+13 7.94328235e+13
 1.00000000e+14 1.25892541e+14 1.58489319e+14 1.99526231e+14
 2.51188643e+14 3.16227766e+14 3.98107171e+14 5.01187234e+14
 6.30957344e+14 7.94328235e+14 1.00000000e+15 1.25892541e+15
 1.58489319e+15 1.99526231e+15 2.51188643e+15 3.16227766e+15
 3.98107171e+15 5.01187234e+15 6.30957344e+15 7.94328235e+15
 1.00000000e+16 1.25892541e+16]
---
---
[1.58383e+05 1.24611e+05 9.81300e+04 7.63460e+04 5.93900e+04 4.58450e+04
 3.47410e+04 2.61920e+04 1.92400e+04 1.40490e+04 9.68000e+03 6.73100e+03
 4.46300e+03 2.88700e+03 1.80600e+03 1.01300e+03 6.04000e+02 2.80000e+02
 1.24000e+02 6.00000e+01 1.90000e+01 5.00000e+00 3.00000e+00 1.00000e+00
 0.00000e+00 0.00000e+00 0.00000e+00 0.00000e+00]
[1.58489319e+13 1.99526231e+13 2.51188643e+13 3.16227766e+13
 3.98107171e+13 5.01187234e+13 6.30957344e+13 7.94328235e+13
 1.00000000e+14 1.25892541e+14 1.58489319e+14 1.99526231e+14
 2.51188643e+14 3.16227766e+14 3.98107171e+14 5.01187234e+14
 6.30957344e+14 7.94328235e+14 1.00000000e+15 1.25892541e+15
 1.58489319e+15 1.99526231e+15 2.51188643e+15 3.16227766e+15
 3.98107171e+15 5.01187234e+15 6.30957344e+15 7.94328235e+15
 1.00000000e+16]
---
---
[1.58383e+05 1.24611e+05 9.81300e+04 7.63460e+04 5.93900e+04 4.58450e+04
 3.47410e+04 2.61920e+04 1.92400e+04 1.40490e+04 9.68000e+03 6.73100e+03
 4.46300e+03 2.88700e+03 1.80600e+03 1.01300e+03 6.04000e+02 2.80000e+02
 1.24000e+02 6.00000e+01 1.90000e+01 5.00000e+00 3.00000e+00 1.00000e+00
 0.00000e+00 0.00000e+00 0.00000e+00]
[1.58489319e+13 1.99526231e+13 2.51188643e+13 3.16227766e+13
 3.98107171e+13 5.01187234e+13 6.30957344e+13 7.94328235e+13
 1.00000000e+14 1.25892541e+14 1.58489319e+14 1.99526231e+14
 2.51188643e+14 3.16227766e+14 3.98107171e+14 5.01187234e+14
 6.30957344e+14 7.94328235e+14 1.00000000e+15 1.25892541e+15
 1.58489319e+15 1.99526231e+15 2.51188643e+15 3.16227766e+15
 3.98107171e+15 5.01187234e+15 6.30957344e+15 7.94328235e+15]
---
---
[1.58383e+05 1.24611e+05 9.81300e+04 7.63460e+04 5.93900e+04 4.58450e+04
 3.47410e+04 2.61920e+04 1.92400e+04 1.40490e+04 9.68000e+03 6.73100e+03
 4.46300e+03 2.88700e+03 1.80600e+03 1.01300e+03 6.04000e+02 2.80000e+02
 1.24000e+02 6.00000e+01 1.90000e+01 5.00000e+00 3.00000e+00 1.00000e+00
 0.00000e+00 0.00000e+00]
[1.58489319e+13 1.99526231e+13 2.51188643e+13 3.16227766e+13
 3.98107171e+13 5.01187234e+13 6.30957344e+13 7.94328235e+13
 1.00000000e+14 1.25892541e+14 1.58489319e+14 1.99526231e+14
 2.51188643e+14 3.16227766e+14 3.98107171e+14 5.01187234e+14
 6.30957344e+14 7.94328235e+14 1.00000000e+15 1.25892541e+15
 1.58489319e+15 1.99526231e+15 2.51188643e+15 3.16227766e+15
 3.98107171e+15 5.01187234e+15 6.30957344e+15]
---
---
[1.58383e+05 1.24611e+05 9.81300e+04 7.63460e+04 5.93900e+04 4.58450e+04
 3.47410e+04 2.61920e+04 1.92400e+04 1.40490e+04 9.68000e+03 6.73100e+03
 4.46300e+03 2.88700e+03 1.80600e+03 1.01300e+03 6.04000e+02 2.80000e+02
 1.24000e+02 6.00000e+01 1.90000e+01 5.00000e+00 3.00000e+00 1.00000e+00
 0.00000e+00]
[1.58489319e+13 1.99526231e+13 2.51188643e+13 3.16227766e+13
 3.98107171e+13 5.01187234e+13 6.30957344e+13 7.94328235e+13
 1.00000000e+14 1.25892541e+14 1.58489319e+14 1.99526231e+14
 2.51188643e+14 3.16227766e+14 3.98107171e+14 5.01187234e+14
 6.30957344e+14 7.94328235e+14 1.00000000e+15 1.25892541e+15
 1.58489319e+15 1.99526231e+15 2.51188643e+15 3.16227766e+15
 3.98107171e+15 5.01187234e+15]
---
---
[1.58383e+05 1.24611e+05 9.81300e+04 7.63460e+04 5.93900e+04 4.58450e+04
 3.47410e+04 2.61920e+04 1.92400e+04 1.40490e+04 9.68000e+03 6.73100e+03
 4.46300e+03 2.88700e+03 1.80600e+03 1.01300e+03 6.04000e+02 2.80000e+02
 1.24000e+02 6.00000e+01 1.90000e+01 5.00000e+00 3.00000e+00 1.00000e+00]
[1.58489319e+13 1.99526231e+13 2.51188643e+13 3.16227766e+13
 3.98107171e+13 5.01187234e+13 6.30957344e+13 7.94328235e+13
 1.00000000e+14 1.25892541e+14 1.58489319e+14 1.99526231e+14
 2.51188643e+14 3.16227766e+14 3.98107171e+14 5.01187234e+14
 6.30957344e+14 7.94328235e+14 1.00000000e+15 1.25892541e+15
 1.58489319e+15 1.99526231e+15 2.51188643e+15 3.16227766e+15
 3.98107171e+15]
---
after adaptive [1.58383e+05 1.24611e+05 9.81300e+04 7.63460e+04 5.93900e+04 4.58450e+04
 3.47410e+04 2.61920e+04 1.92400e+04 1.40490e+04 9.68000e+03 6.73100e+03
 4.46300e+03 2.88700e+03 1.80600e+03 1.01300e+03 6.04000e+02 2.80000e+02
 1.24000e+02 6.00000e+01 2.80000e+01]
10250229
10250229
redshift 0.0
leftlog10 13.2
sumN 713497.0
N [1.61934e+05 1.28406e+05 1.00676e+05 7.94870e+04 6.20190e+04 4.84120e+04
 3.67510e+04 2.78130e+04 2.09440e+04 1.52930e+04 1.07970e+04 7.56500e+03
 5.16800e+03 3.37600e+03 2.17100e+03 1.24700e+03 7.48000e+02 3.89000e+02
 1.66000e+02 9.00000e+01 3.20000e+01 7.00000e+00 5.00000e+00 1.00000e+00
 0.00000e+00 0.00000e+00 0.00000e+00 0.00000e+00 0.00000e+00 0.00000e+00
 0.00000e+00 0.00000e+00 0.00000e+00]
edges [13.2 13.3 13.4 13.5 13.6 13.7 13.8 13.9 14.  14.1 14.2 14.3 14.4 14.5
 14.6 14.7 14.8 14.9 15.  15.1 15.2 15.3 15.4 15.5 15.6 15.7 15.8 15.9
 16.  16.1 16.2 16.3 16.4 16.5]
---
[1.61934e+05 1.28406e+05 1.00676e+05 7.94870e+04 6.20190e+04 4.84120e+04
 3.67510e+04 2.78130e+04 2.09440e+04 1.52930e+04 1.07970e+04 7.56500e+03
 5.16800e+03 3.37600e+03 2.17100e+03 1.24700e+03 7.48000e+02 3.89000e+02
 1.66000e+02 9.00000e+01 3.20000e+01 7.00000e+00 5.00000e+00 1.00000e+00
 0.00000e+00 0.00000e+00 0.00000e+00 0.00000e+00 0.00000e+00 0.00000e+00
 0.00000e+00 0.00000e+00]
[1.58489319e+13 1.99526231e+13 2.51188643e+13 3.16227766e+13
 3.98107171e+13 5.01187234e+13 6.30957344e+13 7.94328235e+13
 1.00000000e+14 1.25892541e+14 1.58489319e+14 1.99526231e+14
 2.51188643e+14 3.16227766e+14 3.98107171e+14 5.01187234e+14
 6.30957344e+14 7.94328235e+14 1.00000000e+15 1.25892541e+15
 1.58489319e+15 1.99526231e+15 2.51188643e+15 3.16227766e+15
 3.98107171e+15 5.01187234e+15 6.30957344e+15 7.94328235e+15
 1.00000000e+16 1.25892541e+16 1.58489319e+16 1.99526231e+16
 2.51188643e+16]
---
---
[1.61934e+05 1.28406e+05 1.00676e+05 7.94870e+04 6.20190e+04 4.84120e+04
 3.67510e+04 2.78130e+04 2.09440e+04 1.52930e+04 1.07970e+04 7.56500e+03
 5.16800e+03 3.37600e+03 2.17100e+03 1.24700e+03 7.48000e+02 3.89000e+02
 1.66000e+02 9.00000e+01 3.20000e+01 7.00000e+00 5.00000e+00 1.00000e+00
 0.00000e+00 0.00000e+00 0.00000e+00 0.00000e+00 0.00000e+00 0.00000e+00
 0.00000e+00]
[1.58489319e+13 1.99526231e+13 2.51188643e+13 3.16227766e+13
 3.98107171e+13 5.01187234e+13 6.30957344e+13 7.94328235e+13
 1.00000000e+14 1.25892541e+14 1.58489319e+14 1.99526231e+14
 2.51188643e+14 3.16227766e+14 3.98107171e+14 5.01187234e+14
 6.30957344e+14 7.94328235e+14 1.00000000e+15 1.25892541e+15
 1.58489319e+15 1.99526231e+15 2.51188643e+15 3.16227766e+15
 3.98107171e+15 5.01187234e+15 6.30957344e+15 7.94328235e+15
 1.00000000e+16 1.25892541e+16 1.58489319e+16 1.99526231e+16]
---
---
[1.61934e+05 1.28406e+05 1.00676e+05 7.94870e+04 6.20190e+04 4.84120e+04
 3.67510e+04 2.78130e+04 2.09440e+04 1.52930e+04 1.07970e+04 7.56500e+03
 5.16800e+03 3.37600e+03 2.17100e+03 1.24700e+03 7.48000e+02 3.89000e+02
 1.66000e+02 9.00000e+01 3.20000e+01 7.00000e+00 5.00000e+00 1.00000e+00
 0.00000e+00 0.00000e+00 0.00000e+00 0.00000e+00 0.00000e+00 0.00000e+00]
[1.58489319e+13 1.99526231e+13 2.51188643e+13 3.16227766e+13
 3.98107171e+13 5.01187234e+13 6.30957344e+13 7.94328235e+13
 1.00000000e+14 1.25892541e+14 1.58489319e+14 1.99526231e+14
 2.51188643e+14 3.16227766e+14 3.98107171e+14 5.01187234e+14
 6.30957344e+14 7.94328235e+14 1.00000000e+15 1.25892541e+15
 1.58489319e+15 1.99526231e+15 2.51188643e+15 3.16227766e+15
 3.98107171e+15 5.01187234e+15 6.30957344e+15 7.94328235e+15
 1.00000000e+16 1.25892541e+16 1.58489319e+16]
---
---
[1.61934e+05 1.28406e+05 1.00676e+05 7.94870e+04 6.20190e+04 4.84120e+04
 3.67510e+04 2.78130e+04 2.09440e+04 1.52930e+04 1.07970e+04 7.56500e+03
 5.16800e+03 3.37600e+03 2.17100e+03 1.24700e+03 7.48000e+02 3.89000e+02
 1.66000e+02 9.00000e+01 3.20000e+01 7.00000e+00 5.00000e+00 1.00000e+00
 0.00000e+00 0.00000e+00 0.00000e+00 0.00000e+00 0.00000e+00]
[1.58489319e+13 1.99526231e+13 2.51188643e+13 3.16227766e+13
 3.98107171e+13 5.01187234e+13 6.30957344e+13 7.94328235e+13
 1.00000000e+14 1.25892541e+14 1.58489319e+14 1.99526231e+14
 2.51188643e+14 3.16227766e+14 3.98107171e+14 5.01187234e+14
 6.30957344e+14 7.94328235e+14 1.00000000e+15 1.25892541e+15
 1.58489319e+15 1.99526231e+15 2.51188643e+15 3.16227766e+15
 3.98107171e+15 5.01187234e+15 6.30957344e+15 7.94328235e+15
 1.00000000e+16 1.25892541e+16]
---
---
[1.61934e+05 1.28406e+05 1.00676e+05 7.94870e+04 6.20190e+04 4.84120e+04
 3.67510e+04 2.78130e+04 2.09440e+04 1.52930e+04 1.07970e+04 7.56500e+03
 5.16800e+03 3.37600e+03 2.17100e+03 1.24700e+03 7.48000e+02 3.89000e+02
 1.66000e+02 9.00000e+01 3.20000e+01 7.00000e+00 5.00000e+00 1.00000e+00
 0.00000e+00 0.00000e+00 0.00000e+00 0.00000e+00]
[1.58489319e+13 1.99526231e+13 2.51188643e+13 3.16227766e+13
 3.98107171e+13 5.01187234e+13 6.30957344e+13 7.94328235e+13
 1.00000000e+14 1.25892541e+14 1.58489319e+14 1.99526231e+14
 2.51188643e+14 3.16227766e+14 3.98107171e+14 5.01187234e+14
 6.30957344e+14 7.94328235e+14 1.00000000e+15 1.25892541e+15
 1.58489319e+15 1.99526231e+15 2.51188643e+15 3.16227766e+15
 3.98107171e+15 5.01187234e+15 6.30957344e+15 7.94328235e+15
 1.00000000e+16]
---
---
[1.61934e+05 1.28406e+05 1.00676e+05 7.94870e+04 6.20190e+04 4.84120e+04
 3.67510e+04 2.78130e+04 2.09440e+04 1.52930e+04 1.07970e+04 7.56500e+03
 5.16800e+03 3.37600e+03 2.17100e+03 1.24700e+03 7.48000e+02 3.89000e+02
 1.66000e+02 9.00000e+01 3.20000e+01 7.00000e+00 5.00000e+00 1.00000e+00
 0.00000e+00 0.00000e+00 0.00000e+00]
[1.58489319e+13 1.99526231e+13 2.51188643e+13 3.16227766e+13
 3.98107171e+13 5.01187234e+13 6.30957344e+13 7.94328235e+13
 1.00000000e+14 1.25892541e+14 1.58489319e+14 1.99526231e+14
 2.51188643e+14 3.16227766e+14 3.98107171e+14 5.01187234e+14
 6.30957344e+14 7.94328235e+14 1.00000000e+15 1.25892541e+15
 1.58489319e+15 1.99526231e+15 2.51188643e+15 3.16227766e+15
 3.98107171e+15 5.01187234e+15 6.30957344e+15 7.94328235e+15]
---
---
[1.61934e+05 1.28406e+05 1.00676e+05 7.94870e+04 6.20190e+04 4.84120e+04
 3.67510e+04 2.78130e+04 2.09440e+04 1.52930e+04 1.07970e+04 7.56500e+03
 5.16800e+03 3.37600e+03 2.17100e+03 1.24700e+03 7.48000e+02 3.89000e+02
 1.66000e+02 9.00000e+01 3.20000e+01 7.00000e+00 5.00000e+00 1.00000e+00
 0.00000e+00 0.00000e+00]
[1.58489319e+13 1.99526231e+13 2.51188643e+13 3.16227766e+13
 3.98107171e+13 5.01187234e+13 6.30957344e+13 7.94328235e+13
 1.00000000e+14 1.25892541e+14 1.58489319e+14 1.99526231e+14
 2.51188643e+14 3.16227766e+14 3.98107171e+14 5.01187234e+14
 6.30957344e+14 7.94328235e+14 1.00000000e+15 1.25892541e+15
 1.58489319e+15 1.99526231e+15 2.51188643e+15 3.16227766e+15
 3.98107171e+15 5.01187234e+15 6.30957344e+15]
---
---
[1.61934e+05 1.28406e+05 1.00676e+05 7.94870e+04 6.20190e+04 4.84120e+04
 3.67510e+04 2.78130e+04 2.09440e+04 1.52930e+04 1.07970e+04 7.56500e+03
 5.16800e+03 3.37600e+03 2.17100e+03 1.24700e+03 7.48000e+02 3.89000e+02
 1.66000e+02 9.00000e+01 3.20000e+01 7.00000e+00 5.00000e+00 1.00000e+00
 0.00000e+00]
[1.58489319e+13 1.99526231e+13 2.51188643e+13 3.16227766e+13
 3.98107171e+13 5.01187234e+13 6.30957344e+13 7.94328235e+13
 1.00000000e+14 1.25892541e+14 1.58489319e+14 1.99526231e+14
 2.51188643e+14 3.16227766e+14 3.98107171e+14 5.01187234e+14
 6.30957344e+14 7.94328235e+14 1.00000000e+15 1.25892541e+15
 1.58489319e+15 1.99526231e+15 2.51188643e+15 3.16227766e+15
 3.98107171e+15 5.01187234e+15]
---
---
[1.61934e+05 1.28406e+05 1.00676e+05 7.94870e+04 6.20190e+04 4.84120e+04
 3.67510e+04 2.78130e+04 2.09440e+04 1.52930e+04 1.07970e+04 7.56500e+03
 5.16800e+03 3.37600e+03 2.17100e+03 1.24700e+03 7.48000e+02 3.89000e+02
 1.66000e+02 9.00000e+01 3.20000e+01 7.00000e+00 5.00000e+00 1.00000e+00]
[1.58489319e+13 1.99526231e+13 2.51188643e+13 3.16227766e+13
 3.98107171e+13 5.01187234e+13 6.30957344e+13 7.94328235e+13
 1.00000000e+14 1.25892541e+14 1.58489319e+14 1.99526231e+14
 2.51188643e+14 3.16227766e+14 3.98107171e+14 5.01187234e+14
 6.30957344e+14 7.94328235e+14 1.00000000e+15 1.25892541e+15
 1.58489319e+15 1.99526231e+15 2.51188643e+15 3.16227766e+15
 3.98107171e+15]
---
after adaptive [1.61934e+05 1.28406e+05 1.00676e+05 7.94870e+04 6.20190e+04 4.84120e+04
 3.67510e+04 2.78130e+04 2.09440e+04 1.52930e+04 1.07970e+04 7.56500e+03
 5.16800e+03 3.37600e+03 2.17100e+03 1.24700e+03 7.48000e+02 3.89000e+02
 1.66000e+02 9.00000e+01 4.50000e+01]
