prev {'d': 0.4962501751955846, 'e': 1.1412474365766598, 'f': 2.3300072390292614, 'g': 1.2996039719646009}
Starting ML Fit
Box_n50_11_1400
       message: Optimization terminated successfully.
       success: True
        status: 0
           fun: 11369.719489722265
             x: [ 4.883e-01  1.093e+00  2.334e+00  1.299e+00]
           nit: 95
          nfev: 166
 final_simplex: (array([[ 4.883e-01,  1.093e+00,  2.334e+00,  1.299e+00],
                       [ 4.883e-01,  1.093e+00,  2.334e+00,  1.299e+00],
                       ...,
                       [ 4.883e-01,  1.093e+00,  2.334e+00,  1.299e+00],
                       [ 4.883e-01,  1.093e+00,  2.334e+00,  1.299e+00]]), array([ 1.137e+04,  1.137e+04,  1.137e+04,  1.137e+04,
                        1.137e+04]))
   param_names: ['d', 'e', 'f', 'g']
[0.48830925 1.09349443 2.33398036 1.29876764]
{'d': 0.4883092544755871, 'e': 1.093494429375094, 'f': 2.3339803591551997, 'g': 1.2987676353826914}
Previous:  {'d': 0.4962501751955846, 'e': 1.1412474365766598, 'f': 2.3300072390292614, 'g': 1.2996039719646009}
