prev {'d': 0.5028018692798097, 'e': 1.1504780817025833, 'f': 2.3308091428578126, 'g': 1.2942969169933292}
Starting ML Fit
Box_n50_46_1400
       message: Optimization terminated successfully.
       success: True
        status: 0
           fun: 9623.897281389045
             x: [ 4.895e-01  1.149e+00  2.333e+00  1.294e+00]
           nit: 99
          nfev: 173
 final_simplex: (array([[ 4.895e-01,  1.149e+00,  2.333e+00,  1.294e+00],
                       [ 4.895e-01,  1.149e+00,  2.333e+00,  1.294e+00],
                       ...,
                       [ 4.895e-01,  1.149e+00,  2.333e+00,  1.294e+00],
                       [ 4.895e-01,  1.149e+00,  2.333e+00,  1.294e+00]]), array([ 9.624e+03,  9.624e+03,  9.624e+03,  9.624e+03,
                        9.624e+03]))
   param_names: ['d', 'e', 'f', 'g']
[0.48949438 1.14922019 2.3332066  1.2939042 ]
{'d': 0.48949437928549566, 'e': 1.1492201850110946, 'f': 2.333206601624969, 'g': 1.2939042043354614}
Previous:  {'d': 0.5028018692798097, 'e': 1.1504780817025833, 'f': 2.3308091428578126, 'g': 1.2942969169933292}
