prev {'d': 0.42138088087078984, 'e': 0.9406403610370848, 'f': 2.3474008706796834, 'g': 1.2904975044868139}
Starting ML Fit
Box31_1400
       message: Optimization terminated successfully.
       success: True
        status: 0
           fun: 8518.959602299456
             x: [ 4.400e-01  9.712e-01  2.340e+00  1.301e+00]
           nit: 145
          nfev: 244
 final_simplex: (array([[ 4.400e-01,  9.712e-01,  2.340e+00,  1.301e+00],
                       [ 4.400e-01,  9.712e-01,  2.340e+00,  1.301e+00],
                       ...,
                       [ 4.400e-01,  9.712e-01,  2.340e+00,  1.301e+00],
                       [ 4.400e-01,  9.712e-01,  2.340e+00,  1.301e+00]]), array([ 8.519e+03,  8.519e+03,  8.519e+03,  8.519e+03,
                        8.519e+03]))
   param_names: ['d', 'e', 'f', 'g']
[0.43996057 0.97123337 2.340206   1.30068268]
{'d': 0.43996057251864873, 'e': 0.9712333684321117, 'f': 2.3402060029062657, 'g': 1.3006826752965381}
Previous:  {'d': 0.42138088087078984, 'e': 0.9406403610370848, 'f': 2.3474008706796834, 'g': 1.2904975044868139}
