prev {'d': 0.5238372719258945, 'e': 1.0426032521990485, 'f': 2.3167335278848933, 'g': 1.3303476528106473}
Starting ML Fit
Box43_1400
       message: Optimization terminated successfully.
       success: True
        status: 0
           fun: 16591.84333778123
             x: [ 5.121e-01  1.092e+00  2.318e+00  1.317e+00]
           nit: 93
          nfev: 163
 final_simplex: (array([[ 5.121e-01,  1.092e+00,  2.318e+00,  1.317e+00],
                       [ 5.121e-01,  1.092e+00,  2.318e+00,  1.317e+00],
                       ...,
                       [ 5.121e-01,  1.092e+00,  2.318e+00,  1.317e+00],
                       [ 5.121e-01,  1.092e+00,  2.318e+00,  1.317e+00]]), array([ 1.659e+04,  1.659e+04,  1.659e+04,  1.659e+04,
                        1.659e+04]))
   param_names: ['d', 'e', 'f', 'g']
[0.51212318 1.09227989 2.31829644 1.31688767]
{'d': 0.5121231841054323, 'e': 1.0922798908546565, 'f': 2.318296441775009, 'g': 1.3168876723244871}
Previous:  {'d': 0.5238372719258945, 'e': 1.0426032521990485, 'f': 2.3167335278848933, 'g': 1.3303476528106473}
