prev {'d': 0.5273934778540988, 'e': 1.1376300496477767, 'f': 2.3310841971326686, 'g': 1.2513535760028769}
Starting ML Fit
Box_n50_48_1400
       message: Optimization terminated successfully.
       success: True
        status: 0
           fun: 6461.105358995936
             x: [ 5.450e-01  1.147e+00  2.331e+00  1.250e+00]
           nit: 105
          nfev: 180
 final_simplex: (array([[ 5.450e-01,  1.147e+00,  2.331e+00,  1.250e+00],
                       [ 5.450e-01,  1.147e+00,  2.331e+00,  1.250e+00],
                       ...,
                       [ 5.450e-01,  1.147e+00,  2.331e+00,  1.250e+00],
                       [ 5.450e-01,  1.147e+00,  2.331e+00,  1.250e+00]]), array([ 6.461e+03,  6.461e+03,  6.461e+03,  6.461e+03,
                        6.461e+03]))
   param_names: ['d', 'e', 'f', 'g']
[0.5449785  1.14728964 2.33130427 1.24984244]
{'d': 0.5449784994037983, 'e': 1.147289642499696, 'f': 2.3313042684039815, 'g': 1.2498424433776387}
Previous:  {'d': 0.5273934778540988, 'e': 1.1376300496477767, 'f': 2.3310841971326686, 'g': 1.2513535760028769}
