prev {'d': 0.5243162323117271, 'e': 1.4352524283661185, 'f': 2.319715414588109, 'g': 1.2527018928032059}
Starting ML Fit
Box71_1400
       message: Optimization terminated successfully.
       success: True
        status: 0
           fun: 12637.971115292343
             x: [ 5.197e-01  1.457e+00  2.318e+00  1.251e+00]
           nit: 78
          nfev: 137
 final_simplex: (array([[ 5.197e-01,  1.457e+00,  2.318e+00,  1.251e+00],
                       [ 5.197e-01,  1.457e+00,  2.318e+00,  1.251e+00],
                       ...,
                       [ 5.197e-01,  1.457e+00,  2.318e+00,  1.251e+00],
                       [ 5.197e-01,  1.457e+00,  2.318e+00,  1.251e+00]]), array([ 1.264e+04,  1.264e+04,  1.264e+04,  1.264e+04,
                        1.264e+04]))
   param_names: ['d', 'e', 'f', 'g']
[0.51970136 1.45735756 2.31800477 1.25118263]
{'d': 0.519701356370381, 'e': 1.457357559212146, 'f': 2.3180047749433923, 'g': 1.2511826253030183}
Previous:  {'d': 0.5243162323117271, 'e': 1.4352524283661185, 'f': 2.319715414588109, 'g': 1.2527018928032059}
