no change     /home/users/delon/miniconda3/condabin/conda
no change     /home/users/delon/miniconda3/bin/conda
no change     /home/users/delon/miniconda3/bin/conda-env
no change     /home/users/delon/miniconda3/bin/activate
no change     /home/users/delon/miniconda3/bin/deactivate
no change     /home/users/delon/miniconda3/etc/profile.d/conda.sh
no change     /home/users/delon/miniconda3/etc/fish/conf.d/conda.fish
no change     /home/users/delon/miniconda3/shell/condabin/Conda.psm1
no change     /home/users/delon/miniconda3/shell/condabin/conda-hook.ps1
no change     /home/users/delon/miniconda3/lib/python3.10/site-packages/xontrib/conda.xsh
no change     /home/users/delon/miniconda3/etc/profile.d/conda.csh
no change     /home/users/delon/.bashrc
No action taken.
Box_n50_0_1400
       message: Optimization terminated successfully.
       success: True
        status: 0
           fun: 238.18441402073532
             x: [ 5.415e-01  2.881e-14  1.912e+00  1.042e+00]
           nit: 354
          nfev: 622
 final_simplex: (array([[ 5.415e-01,  2.881e-14,  1.912e+00,  1.042e+00],
                       [ 5.415e-01,  3.405e-14,  1.912e+00,  1.042e+00],
                       ...,
                       [ 5.415e-01,  1.008e-13,  1.912e+00,  1.042e+00],
                       [ 5.415e-01,  1.347e-13,  1.912e+00,  1.042e+00]]), array([ 2.382e+02,  2.382e+02,  2.382e+02,  2.382e+02,
                        2.382e+02]))
   param_names: ['d', 'e', 'f', 'g']
[5.41511792e-01 2.88125423e-14 1.91180520e+00 1.04175867e+00]
(5000, 32, 4)
