prev {'d': 0.4881892448809526, 'e': 1.3911218183459755, 'f': 2.289437897500104, 'g': 1.2287246639521845}
Starting ML Fit
Box69_1400
       message: Optimization terminated successfully.
       success: True
        status: 0
           fun: 450.74860809684014
             x: [ 4.739e-01  1.393e+00  2.289e+00  1.233e+00]
           nit: 94
          nfev: 168
 final_simplex: (array([[ 4.739e-01,  1.393e+00,  2.289e+00,  1.233e+00],
                       [ 4.738e-01,  1.393e+00,  2.289e+00,  1.233e+00],
                       ...,
                       [ 4.738e-01,  1.393e+00,  2.289e+00,  1.233e+00],
                       [ 4.738e-01,  1.393e+00,  2.289e+00,  1.233e+00]]), array([ 4.507e+02,  4.507e+02,  4.507e+02,  4.507e+02,
                        4.507e+02]))
   param_names: ['d', 'e', 'f', 'g']
[0.47385005 1.39258101 2.28915444 1.23285369]
{'d': 0.47385004930348495, 'e': 1.392581006837331, 'f': 2.2891544437129605, 'g': 1.232853690272733}
Previous:  {'d': 0.4881892448809526, 'e': 1.3911218183459755, 'f': 2.289437897500104, 'g': 1.2287246639521845}
