prev {'d': 0.45020313948275403, 'e': 1.1259143709211799, 'f': 2.3501443260427743, 'g': 1.276179864780622}
Starting ML Fit
Box48_1400
       message: Optimization terminated successfully.
       success: True
        status: 0
           fun: 6374.078261279638
             x: [ 4.479e-01  1.123e+00  2.352e+00  1.279e+00]
           nit: 72
          nfev: 131
 final_simplex: (array([[ 4.479e-01,  1.123e+00,  2.352e+00,  1.279e+00],
                       [ 4.479e-01,  1.123e+00,  2.352e+00,  1.279e+00],
                       ...,
                       [ 4.479e-01,  1.123e+00,  2.352e+00,  1.279e+00],
                       [ 4.479e-01,  1.122e+00,  2.352e+00,  1.279e+00]]), array([ 6.374e+03,  6.374e+03,  6.374e+03,  6.374e+03,
                        6.374e+03]))
   param_names: ['d', 'e', 'f', 'g']
[0.44789494 1.12252029 2.35170282 1.27880146]
{'d': 0.4478949422707155, 'e': 1.1225202920959596, 'f': 2.3517028219890097, 'g': 1.2788014625343318}
Previous:  {'d': 0.45020313948275403, 'e': 1.1259143709211799, 'f': 2.3501443260427743, 'g': 1.276179864780622}
