prev {'d': 0.4429453574050562, 'e': 0.9377973031913067, 'f': 2.335305543904859, 'g': 1.3044852887452834}
Starting ML Fit
Box28_1400
       message: Optimization terminated successfully.
       success: True
        status: 0
           fun: 6855.7853525720075
             x: [ 4.342e-01  9.105e-01  2.335e+00  1.304e+00]
           nit: 78
          nfev: 146
 final_simplex: (array([[ 4.342e-01,  9.105e-01,  2.335e+00,  1.304e+00],
                       [ 4.342e-01,  9.105e-01,  2.335e+00,  1.304e+00],
                       ...,
                       [ 4.342e-01,  9.105e-01,  2.335e+00,  1.304e+00],
                       [ 4.342e-01,  9.105e-01,  2.335e+00,  1.304e+00]]), array([ 6.856e+03,  6.856e+03,  6.856e+03,  6.856e+03,
                        6.856e+03]))
   param_names: ['d', 'e', 'f', 'g']
[0.43421054 0.91046673 2.33545627 1.30362997]
{'d': 0.43421053558638967, 'e': 0.9104667348279436, 'f': 2.3354562749397085, 'g': 1.3036299680643975}
Previous:  {'d': 0.4429453574050562, 'e': 0.9377973031913067, 'f': 2.335305543904859, 'g': 1.3044852887452834}
