prev {'d': 0.4565368358855265, 'e': 1.3827634444643022, 'f': 2.289613509394216, 'g': 1.2397898018568756}
Starting ML Fit
Box89_1400
       message: Optimization terminated successfully.
       success: True
        status: 0
           fun: 10757.466403341337
             x: [ 4.500e-01  1.392e+00  2.287e+00  1.238e+00]
           nit: 92
          nfev: 158
 final_simplex: (array([[ 4.500e-01,  1.392e+00,  2.287e+00,  1.238e+00],
                       [ 4.500e-01,  1.392e+00,  2.287e+00,  1.238e+00],
                       ...,
                       [ 4.500e-01,  1.392e+00,  2.287e+00,  1.238e+00],
                       [ 4.500e-01,  1.392e+00,  2.287e+00,  1.238e+00]]), array([ 1.076e+04,  1.076e+04,  1.076e+04,  1.076e+04,
                        1.076e+04]))
   param_names: ['d', 'e', 'f', 'g']
[0.45004473 1.39247969 2.28722157 1.23787074]
{'d': 0.45004472878919155, 'e': 1.392479690566385, 'f': 2.287221571384365, 'g': 1.2378707356419867}
Previous:  {'d': 0.4565368358855265, 'e': 1.3827634444643022, 'f': 2.289613509394216, 'g': 1.2397898018568756}
