prev {'d': 0.37829526220810317, 'e': 0.901045644726619, 'f': 2.3267193882655204, 'g': 1.2142703406790423}
Starting ML Fit
Box85_1400
       message: Optimization terminated successfully.
       success: True
        status: 0
           fun: 4827.126766988975
             x: [ 3.708e-01  8.673e-01  2.327e+00  1.212e+00]
           nit: 101
          nfev: 177
 final_simplex: (array([[ 3.708e-01,  8.673e-01,  2.327e+00,  1.212e+00],
                       [ 3.708e-01,  8.674e-01,  2.327e+00,  1.212e+00],
                       ...,
                       [ 3.708e-01,  8.674e-01,  2.327e+00,  1.212e+00],
                       [ 3.708e-01,  8.674e-01,  2.327e+00,  1.212e+00]]), array([ 4.827e+03,  4.827e+03,  4.827e+03,  4.827e+03,
                        4.827e+03]))
   param_names: ['d', 'e', 'f', 'g']
[0.37077703 0.86731976 2.32697442 1.21234802]
{'d': 0.3707770326001906, 'e': 0.8673197649817587, 'f': 2.3269744190012935, 'g': 1.212348022566061}
Previous:  {'d': 0.37829526220810317, 'e': 0.901045644726619, 'f': 2.3267193882655204, 'g': 1.2142703406790423}
