prev {'d': 0.4830417044817715, 'e': 0.9490219552228916, 'f': 2.286326122999674, 'g': 1.31898907927267}
Starting ML Fit
Box_n50_34_1400
       message: Optimization terminated successfully.
       success: True
        status: 0
           fun: 6628.0327750988745
             x: [ 4.702e-01  9.108e-01  2.286e+00  1.319e+00]
           nit: 114
          nfev: 195
 final_simplex: (array([[ 4.702e-01,  9.108e-01,  2.286e+00,  1.319e+00],
                       [ 4.702e-01,  9.108e-01,  2.286e+00,  1.319e+00],
                       ...,
                       [ 4.702e-01,  9.107e-01,  2.286e+00,  1.319e+00],
                       [ 4.702e-01,  9.107e-01,  2.286e+00,  1.319e+00]]), array([ 6.628e+03,  6.628e+03,  6.628e+03,  6.628e+03,
                        6.628e+03]))
   param_names: ['d', 'e', 'f', 'g']
[0.47018916 0.91077079 2.28637418 1.31881926]
{'d': 0.4701891560119943, 'e': 0.9107707876952937, 'f': 2.2863741810669516, 'g': 1.3188192563803436}
Previous:  {'d': 0.4830417044817715, 'e': 0.9490219552228916, 'f': 2.286326122999674, 'g': 1.31898907927267}
