prev {'d': 0.4535295956157444, 'e': 1.2536121565160454, 'f': 2.3361985094349484, 'g': 1.2660785537634227}
Starting ML Fit
Box34_1400
       message: Optimization terminated successfully.
       success: True
        status: 0
           fun: 10491.463198447897
             x: [ 4.496e-01  1.264e+00  2.335e+00  1.262e+00]
           nit: 87
          nfev: 156
 final_simplex: (array([[ 4.496e-01,  1.264e+00,  2.335e+00,  1.262e+00],
                       [ 4.496e-01,  1.264e+00,  2.335e+00,  1.262e+00],
                       ...,
                       [ 4.496e-01,  1.264e+00,  2.335e+00,  1.262e+00],
                       [ 4.496e-01,  1.264e+00,  2.335e+00,  1.262e+00]]), array([ 1.049e+04,  1.049e+04,  1.049e+04,  1.049e+04,
                        1.049e+04]))
   param_names: ['d', 'e', 'f', 'g']
[0.44959067 1.26414176 2.33509804 1.26176358]
{'d': 0.44959067156766586, 'e': 1.2641417584584747, 'f': 2.3350980374928594, 'g': 1.2617635818649933}
Previous:  {'d': 0.4535295956157444, 'e': 1.2536121565160454, 'f': 2.3361985094349484, 'g': 1.2660785537634227}
