prev {'d': 0.3981834821628478, 'e': 0.9573592309559413, 'f': 2.3431582517743426, 'g': 1.2550783135035164}
Starting ML Fit
Box_n50_9_1400
       message: Optimization terminated successfully.
       success: True
        status: 0
           fun: 5357.916987596684
             x: [ 4.019e-01  9.624e-01  2.341e+00  1.241e+00]
           nit: 99
          nfev: 171
 final_simplex: (array([[ 4.019e-01,  9.624e-01,  2.341e+00,  1.241e+00],
                       [ 4.020e-01,  9.625e-01,  2.341e+00,  1.241e+00],
                       ...,
                       [ 4.020e-01,  9.625e-01,  2.341e+00,  1.241e+00],
                       [ 4.020e-01,  9.624e-01,  2.341e+00,  1.241e+00]]), array([ 5.358e+03,  5.358e+03,  5.358e+03,  5.358e+03,
                        5.358e+03]))
   param_names: ['d', 'e', 'f', 'g']
[0.40194862 0.96241118 2.34130874 1.2406468 ]
{'d': 0.4019486168214164, 'e': 0.9624111842937733, 'f': 2.3413087396584884, 'g': 1.2406467977149038}
Previous:  {'d': 0.3981834821628478, 'e': 0.9573592309559413, 'f': 2.3431582517743426, 'g': 1.2550783135035164}
