prev {'d': 0.46068617853444727, 'e': 1.1784927354953174, 'f': 2.260077735944014, 'g': 1.181165373174464}
Starting ML Fit
Box49_1400
       message: Optimization terminated successfully.
       success: True
        status: 0
           fun: 1296.9173757234817
             x: [ 4.474e-01  1.180e+00  2.260e+00  1.181e+00]
           nit: 97
          nfev: 173
 final_simplex: (array([[ 4.474e-01,  1.180e+00,  2.260e+00,  1.181e+00],
                       [ 4.474e-01,  1.180e+00,  2.260e+00,  1.181e+00],
                       ...,
                       [ 4.474e-01,  1.180e+00,  2.260e+00,  1.181e+00],
                       [ 4.474e-01,  1.180e+00,  2.260e+00,  1.181e+00]]), array([ 1.297e+03,  1.297e+03,  1.297e+03,  1.297e+03,
                        1.297e+03]))
   param_names: ['d', 'e', 'f', 'g']
[0.44738253 1.17950452 2.26007778 1.18115095]
{'d': 0.4473825318218159, 'e': 1.1795045190859907, 'f': 2.260077780301743, 'g': 1.1811509517188439}
Previous:  {'d': 0.46068617853444727, 'e': 1.1784927354953174, 'f': 2.260077735944014, 'g': 1.181165373174464}
