prev {'d': 0.5218295023219068, 'e': 1.1368245041714498, 'f': 2.3346361942357126, 'g': 1.246742542131417}
Starting ML Fit
Box_n50_48_1400
       message: Optimization terminated successfully.
       success: True
        status: 0
           fun: 9487.741844552766
             x: [ 5.076e-01  1.132e+00  2.337e+00  1.249e+00]
           nit: 99
          nfev: 180
 final_simplex: (array([[ 5.076e-01,  1.132e+00,  2.337e+00,  1.249e+00],
                       [ 5.076e-01,  1.132e+00,  2.337e+00,  1.249e+00],
                       ...,
                       [ 5.076e-01,  1.132e+00,  2.337e+00,  1.249e+00],
                       [ 5.076e-01,  1.132e+00,  2.337e+00,  1.249e+00]]), array([ 9.488e+03,  9.488e+03,  9.488e+03,  9.488e+03,
                        9.488e+03]))
   param_names: ['d', 'e', 'f', 'g']
[0.50762335 1.13234636 2.33724071 1.24858177]
{'d': 0.5076233546423036, 'e': 1.13234635858864, 'f': 2.3372407117094367, 'g': 1.2485817680508857}
Previous:  {'d': 0.5218295023219068, 'e': 1.1368245041714498, 'f': 2.3346361942357126, 'g': 1.246742542131417}
