prev {'d': 0.4949191672063063, 'e': 0.861477448121283, 'f': 2.3345203568963964, 'g': 1.3337822562994806}
Starting ML Fit
Box91_1400
       message: Optimization terminated successfully.
       success: True
        status: 0
           fun: 9244.538081712308
             x: [ 4.807e-01  8.372e-01  2.334e+00  1.334e+00]
           nit: 101
          nfev: 179
 final_simplex: (array([[ 4.807e-01,  8.372e-01,  2.334e+00,  1.334e+00],
                       [ 4.807e-01,  8.372e-01,  2.334e+00,  1.334e+00],
                       ...,
                       [ 4.807e-01,  8.372e-01,  2.334e+00,  1.334e+00],
                       [ 4.807e-01,  8.372e-01,  2.334e+00,  1.334e+00]]), array([ 9.245e+03,  9.245e+03,  9.245e+03,  9.245e+03,
                        9.245e+03]))
   param_names: ['d', 'e', 'f', 'g']
[0.48068975 0.83718767 2.33449266 1.33381869]
{'d': 0.48068974671021825, 'e': 0.8371876693949599, 'f': 2.3344926597432067, 'g': 1.3338186935699778}
Previous:  {'d': 0.4949191672063063, 'e': 0.861477448121283, 'f': 2.3345203568963964, 'g': 1.3337822562994806}
