prev {'d': 0.5346385905903546, 'e': 1.1754947858914915, 'f': 2.3343892912013002, 'g': 1.2989803621197378}
Starting ML Fit
Box0_1400
       message: Optimization terminated successfully.
       success: True
        status: 0
           fun: 13380.683089453178
             x: [ 5.140e-01  1.098e+00  2.335e+00  1.319e+00]
           nit: 115
          nfev: 207
 final_simplex: (array([[ 5.140e-01,  1.098e+00,  2.335e+00,  1.319e+00],
                       [ 5.140e-01,  1.098e+00,  2.335e+00,  1.319e+00],
                       ...,
                       [ 5.140e-01,  1.098e+00,  2.335e+00,  1.319e+00],
                       [ 5.140e-01,  1.098e+00,  2.335e+00,  1.319e+00]]), array([ 1.338e+04,  1.338e+04,  1.338e+04,  1.338e+04,
                        1.338e+04]))
   param_names: ['d', 'e', 'f', 'g']
[0.51397989 1.09768722 2.33475545 1.31895163]
{'d': 0.5139798900545075, 'e': 1.097687219861311, 'f': 2.334755449509393, 'g': 1.3189516266125023}
Previous:  {'d': 0.5346385905903546, 'e': 1.1754947858914915, 'f': 2.3343892912013002, 'g': 1.2989803621197378}
