
CommandNotFoundError: Your shell has not been properly configured to use 'conda activate'.
To initialize your shell, run

    $ conda init <SHELL_NAME>

Currently supported shells are:
  - bash
  - fish
  - tcsh
  - xonsh
  - zsh
  - powershell

See 'conda init --help' for more information and options.

IMPORTANT: You may need to close and restart your shell after running 'conda init'.


  0%|                                                     | 0/14 [00:00<?, ?it/s]/home/users/delon/aemulusnu_massfunction/utils.py:36: IntegrationWarning: The occurrence of roundoff error is detected, which prevents 
  the requested tolerance from being achieved.  The error may be 
  underestimated.
  res, err = quad(dσ2dk, 0, 20/R, limit=1000)
/home/users/delon/aemulusnu_massfunction/utils.py:60: IntegrationWarning: The occurrence of roundoff error is detected, which prevents 
  the requested tolerance from being achieved.  The error may be 
  underestimated.
  res, err = quad(dσ2dRdk, 0, 20/R, limit=1000)
  7%|███▏                                         | 1/14 [00:17<03:53, 17.94s/it] 14%|██████▍                                      | 2/14 [00:35<03:34, 17.87s/it] 21%|█████████▋                                   | 3/14 [00:53<03:17, 17.92s/it] 29%|████████████▊                                | 4/14 [01:11<02:58, 17.83s/it] 36%|████████████████                             | 5/14 [01:29<02:40, 17.81s/it] 43%|███████████████████▎                         | 6/14 [01:46<02:22, 17.77s/it] 50%|██████████████████████▌                      | 7/14 [02:04<02:04, 17.75s/it] 57%|█████████████████████████▋                   | 8/14 [02:22<01:46, 17.71s/it] 64%|████████████████████████████▉                | 9/14 [02:39<01:28, 17.70s/it] 71%|███████████████████████████████▍            | 10/14 [02:57<01:10, 17.65s/it] 79%|██████████████████████████████████▌         | 11/14 [03:15<00:52, 17.64s/it] 86%|█████████████████████████████████████▋      | 12/14 [03:32<00:35, 17.59s/it] 93%|████████████████████████████████████████▊   | 13/14 [03:49<00:17, 17.50s/it]100%|████████████████████████████████████████████| 14/14 [04:07<00:00, 17.41s/it]100%|████████████████████████████████████████████| 14/14 [04:07<00:00, 17.65s/it]
