prev {'d': 0.5050515019221151, 'e': 0.8169451335782004, 'f': 2.303409241391649, 'g': 1.346310109183701}
Starting ML Fit
Box6_1400
       message: Optimization terminated successfully.
       success: True
        status: 0
           fun: 9187.931674910722
             x: [ 4.858e-01  7.624e-01  2.303e+00  1.346e+00]
           nit: 99
          nfev: 179
 final_simplex: (array([[ 4.858e-01,  7.624e-01,  2.303e+00,  1.346e+00],
                       [ 4.858e-01,  7.624e-01,  2.303e+00,  1.346e+00],
                       ...,
                       [ 4.858e-01,  7.624e-01,  2.303e+00,  1.346e+00],
                       [ 4.858e-01,  7.624e-01,  2.303e+00,  1.346e+00]]), array([ 9.188e+03,  9.188e+03,  9.188e+03,  9.188e+03,
                        9.188e+03]))
   param_names: ['d', 'e', 'f', 'g']
[0.48578059 0.7624333  2.30340731 1.34617506]
{'d': 0.4857805935106926, 'e': 0.7624332960145106, 'f': 2.3034073099842196, 'g': 1.3461750617197858}
Previous:  {'d': 0.5050515019221151, 'e': 0.8169451335782004, 'f': 2.303409241391649, 'g': 1.346310109183701}
