prev {'d': 0.49216938400918364, 'e': 1.1919389492308232, 'f': 2.304792584299024, 'g': 1.2917606215925157}
Starting ML Fit
Box_n50_24_1400
       message: Optimization terminated successfully.
       success: True
        status: 0
           fun: 5285.865091807293
             x: [ 4.803e-01  1.188e+00  2.305e+00  1.291e+00]
           nit: 103
          nfev: 188
 final_simplex: (array([[ 4.803e-01,  1.188e+00,  2.305e+00,  1.291e+00],
                       [ 4.803e-01,  1.188e+00,  2.305e+00,  1.291e+00],
                       ...,
                       [ 4.803e-01,  1.188e+00,  2.305e+00,  1.291e+00],
                       [ 4.803e-01,  1.188e+00,  2.305e+00,  1.291e+00]]), array([ 5.286e+03,  5.286e+03,  5.286e+03,  5.286e+03,
                        5.286e+03]))
   param_names: ['d', 'e', 'f', 'g']
[0.48027656 1.18759015 2.30489296 1.29108535]
{'d': 0.48027655571406586, 'e': 1.187590146441896, 'f': 2.304892961843548, 'g': 1.291085350743527}
Previous:  {'d': 0.49216938400918364, 'e': 1.1919389492308232, 'f': 2.304792584299024, 'g': 1.2917606215925157}
