prev {'d': 0.47562052202394334, 'e': 0.9731097371269904, 'f': 2.3351150916336376, 'g': 1.313651102555973}
Starting ML Fit
Box65_1400
       message: Optimization terminated successfully.
       success: True
        status: 0
           fun: 9690.420820515996
             x: [ 4.821e-01  9.844e-01  2.337e+00  1.320e+00]
           nit: 90
          nfev: 156
 final_simplex: (array([[ 4.821e-01,  9.844e-01,  2.337e+00,  1.320e+00],
                       [ 4.821e-01,  9.844e-01,  2.337e+00,  1.320e+00],
                       ...,
                       [ 4.821e-01,  9.844e-01,  2.337e+00,  1.320e+00],
                       [ 4.821e-01,  9.844e-01,  2.337e+00,  1.320e+00]]), array([ 9.690e+03,  9.690e+03,  9.690e+03,  9.690e+03,
                        9.690e+03]))
   param_names: ['d', 'e', 'f', 'g']
[0.48206442 0.98435139 2.33685151 1.31952032]
{'d': 0.48206442124663945, 'e': 0.9843513932198407, 'f': 2.3368515135905845, 'g': 1.3195203176408543}
Previous:  {'d': 0.47562052202394334, 'e': 0.9731097371269904, 'f': 2.3351150916336376, 'g': 1.313651102555973}
