prev {'d': 0.44015251080036466, 'e': 1.2888586436727898, 'f': 2.330849757450351, 'g': 1.2596650351874707}
Starting ML Fit
Box34_1400
       message: Optimization terminated successfully.
       success: True
        status: 0
           fun: 5545.999096804929
             x: [ 4.165e-01  1.294e+00  2.330e+00  1.240e+00]
           nit: 96
          nfev: 167
 final_simplex: (array([[ 4.165e-01,  1.294e+00,  2.330e+00,  1.240e+00],
                       [ 4.165e-01,  1.294e+00,  2.330e+00,  1.240e+00],
                       ...,
                       [ 4.165e-01,  1.294e+00,  2.330e+00,  1.240e+00],
                       [ 4.165e-01,  1.294e+00,  2.330e+00,  1.240e+00]]), array([ 5.546e+03,  5.546e+03,  5.546e+03,  5.546e+03,
                        5.546e+03]))
   param_names: ['d', 'e', 'f', 'g']
[0.41651695 1.29441341 2.33001691 1.24039422]
{'d': 0.41651694877174184, 'e': 1.2944134072285611, 'f': 2.330016909918869, 'g': 1.2403942163874901}
Previous:  {'d': 0.44015251080036466, 'e': 1.2888586436727898, 'f': 2.330849757450351, 'g': 1.2596650351874707}
