prev {'d': 0.4478879190722378, 'e': 1.0053820473584492, 'f': 2.3085077672516334, 'g': 1.2736639115209778}
Starting ML Fit
Box_n50_39_1400
       message: Optimization terminated successfully.
       success: True
        status: 0
           fun: 11804.445857960332
             x: [ 4.419e-01  9.905e-01  2.309e+00  1.273e+00]
           nit: 75
          nfev: 139
 final_simplex: (array([[ 4.419e-01,  9.905e-01,  2.309e+00,  1.273e+00],
                       [ 4.419e-01,  9.905e-01,  2.309e+00,  1.273e+00],
                       ...,
                       [ 4.419e-01,  9.905e-01,  2.309e+00,  1.273e+00],
                       [ 4.419e-01,  9.905e-01,  2.309e+00,  1.273e+00]]), array([ 1.180e+04,  1.180e+04,  1.180e+04,  1.180e+04,
                        1.180e+04]))
   param_names: ['d', 'e', 'f', 'g']
[0.44188133 0.9904804  2.30857494 1.27339229]
{'d': 0.44188133300723154, 'e': 0.9904804011258002, 'f': 2.308574938195116, 'g': 1.2733922934435142}
Previous:  {'d': 0.4478879190722378, 'e': 1.0053820473584492, 'f': 2.3085077672516334, 'g': 1.2736639115209778}
