prev {'d': 0.44778451581881024, 'e': 1.294216499326613, 'f': 2.327284899223394, 'g': 1.2804289271957088}
Starting ML Fit
Box24_1400
       message: Optimization terminated successfully.
       success: True
        status: 0
           fun: 1043.799116952203
             x: [ 4.309e-01  1.295e+00  2.327e+00  1.268e+00]
           nit: 81
          nfev: 150
 final_simplex: (array([[ 4.309e-01,  1.295e+00,  2.327e+00,  1.268e+00],
                       [ 4.309e-01,  1.295e+00,  2.327e+00,  1.268e+00],
                       ...,
                       [ 4.309e-01,  1.295e+00,  2.327e+00,  1.268e+00],
                       [ 4.309e-01,  1.295e+00,  2.327e+00,  1.268e+00]]), array([ 1.044e+03,  1.044e+03,  1.044e+03,  1.044e+03,
                        1.044e+03]))
   param_names: ['d', 'e', 'f', 'g']
[0.43091402 1.29508339 2.32740277 1.2679582 ]
{'d': 0.43091401858142986, 'e': 1.2950833926142333, 'f': 2.327402767594905, 'g': 1.267958195495174}
Previous:  {'d': 0.44778451581881024, 'e': 1.294216499326613, 'f': 2.327284899223394, 'g': 1.2804289271957088}
