prev {'d': 0.4272949943234181, 'e': 0.9519315916830886, 'f': 2.344415394430282, 'g': 1.28524802091499}
Starting ML Fit
Box29_1400
       message: Optimization terminated successfully.
       success: True
        status: 0
           fun: 3745.0786067780878
             x: [ 4.347e-01  9.615e-01  2.341e+00  1.282e+00]
           nit: 65
          nfev: 120
 final_simplex: (array([[ 4.347e-01,  9.615e-01,  2.341e+00,  1.282e+00],
                       [ 4.347e-01,  9.615e-01,  2.341e+00,  1.282e+00],
                       ...,
                       [ 4.347e-01,  9.615e-01,  2.341e+00,  1.282e+00],
                       [ 4.347e-01,  9.615e-01,  2.341e+00,  1.282e+00]]), array([ 3.745e+03,  3.745e+03,  3.745e+03,  3.745e+03,
                        3.745e+03]))
   param_names: ['d', 'e', 'f', 'g']
[0.43470259 0.9615129  2.34148504 1.28160066]
{'d': 0.43470259098693764, 'e': 0.9615128998053937, 'f': 2.3414850397550575, 'g': 1.2816006557659627}
Previous:  {'d': 0.4272949943234181, 'e': 0.9519315916830886, 'f': 2.344415394430282, 'g': 1.28524802091499}
