prev {'d': 0.448209422094996, 'e': 1.039639110206422, 'f': 2.3419029437702785, 'g': 1.2434979912312136}
Starting ML Fit
Box82_1400
       message: Optimization terminated successfully.
       success: True
        status: 0
           fun: 5366.213567305734
             x: [ 4.425e-01  1.049e+00  2.339e+00  1.237e+00]
           nit: 83
          nfev: 150
 final_simplex: (array([[ 4.425e-01,  1.049e+00,  2.339e+00,  1.237e+00],
                       [ 4.425e-01,  1.049e+00,  2.339e+00,  1.237e+00],
                       ...,
                       [ 4.425e-01,  1.049e+00,  2.339e+00,  1.237e+00],
                       [ 4.425e-01,  1.049e+00,  2.339e+00,  1.237e+00]]), array([ 5.366e+03,  5.366e+03,  5.366e+03,  5.366e+03,
                        5.366e+03]))
   param_names: ['d', 'e', 'f', 'g']
[0.44245504 1.04910347 2.33944038 1.23669995]
{'d': 0.4424550422977555, 'e': 1.0491034744239562, 'f': 2.339440377800917, 'g': 1.2366999477252372}
Previous:  {'d': 0.448209422094996, 'e': 1.039639110206422, 'f': 2.3419029437702785, 'g': 1.2434979912312136}
