Leaving out Box48_1400
alist [1.0, 0.953321, 0.866399, 0.787402, 0.715608, 0.65036, 0.620002, 0.591061, 0.563471, 0.537169, 0.512095, 0.488191, 0.403224, 0.366459]
scaling input
scaling output
Iter 1/250 - Loss: 10.0568
Iter 2/250 - Loss: 9.1774
Iter 3/250 - Loss: 8.2447
Iter 4/250 - Loss: 7.3041
Iter 5/250 - Loss: 6.4233
Iter 6/250 - Loss: 5.5368
Iter 7/250 - Loss: 4.7328
Iter 8/250 - Loss: 3.9881
Iter 9/250 - Loss: 3.3140
Iter 10/250 - Loss: 2.7290
Iter 11/250 - Loss: 2.2438
Iter 12/250 - Loss: 1.8562
Iter 13/250 - Loss: 1.5518
Iter 14/250 - Loss: 1.3140
Iter 15/250 - Loss: 1.1263
Iter 16/250 - Loss: 0.9738
Iter 17/250 - Loss: 0.8489
Iter 18/250 - Loss: 0.7496
Iter 19/250 - Loss: 0.6749
Iter 20/250 - Loss: 0.6214
Iter 21/250 - Loss: 0.5837
Iter 22/250 - Loss: 0.5562
Iter 23/250 - Loss: 0.5337
Iter 24/250 - Loss: 0.5115
Iter 25/250 - Loss: 0.4855
Iter 26/250 - Loss: 0.4528
Iter 27/250 - Loss: 0.4122
Iter 28/250 - Loss: 0.3640
Iter 29/250 - Loss: 0.3091
Iter 30/250 - Loss: 0.2497
Iter 31/250 - Loss: 0.1885
Iter 32/250 - Loss: 0.1284
Iter 33/250 - Loss: 0.0718
Iter 34/250 - Loss: 0.0203
Iter 35/250 - Loss: -0.0258
Iter 36/250 - Loss: -0.0667
Iter 37/250 - Loss: -0.1032
Iter 38/250 - Loss: -0.1365
Iter 39/250 - Loss: -0.1677
Iter 40/250 - Loss: -0.1976
Iter 41/250 - Loss: -0.2270
Iter 42/250 - Loss: -0.2562
Iter 43/250 - Loss: -0.2851
Iter 44/250 - Loss: -0.3136
Iter 45/250 - Loss: -0.3415
Iter 46/250 - Loss: -0.3687
Iter 47/250 - Loss: -0.3947
Iter 48/250 - Loss: -0.4196
Iter 49/250 - Loss: -0.4430
Iter 50/250 - Loss: -0.4649
Iter 51/250 - Loss: -0.4853
Iter 52/250 - Loss: -0.5041
Iter 53/250 - Loss: -0.5215
Iter 54/250 - Loss: -0.5371
Iter 55/250 - Loss: -0.5515
Iter 56/250 - Loss: -0.5647
Iter 57/250 - Loss: -0.5768
Iter 58/250 - Loss: -0.5884
Iter 59/250 - Loss: -0.5998
Iter 60/250 - Loss: -0.6112
Iter 61/250 - Loss: -0.6231
Iter 62/250 - Loss: -0.6354
Iter 63/250 - Loss: -0.6483
Iter 64/250 - Loss: -0.6611
Iter 65/250 - Loss: -0.6737
Iter 66/250 - Loss: -0.6854
Iter 67/250 - Loss: -0.6957
Iter 68/250 - Loss: -0.7042
Iter 69/250 - Loss: -0.7107
Iter 70/250 - Loss: -0.7155
Iter 71/250 - Loss: -0.7190
Iter 72/250 - Loss: -0.7218
Iter 73/250 - Loss: -0.7249
Iter 74/250 - Loss: -0.7290
Iter 75/250 - Loss: -0.7341
Iter 76/250 - Loss: -0.7403
Iter 77/250 - Loss: -0.7468
Iter 78/250 - Loss: -0.7530
Iter 79/250 - Loss: -0.7584
Iter 80/250 - Loss: -0.7629
Iter 81/250 - Loss: -0.7668
Iter 82/250 - Loss: -0.7705
Iter 83/250 - Loss: -0.7740
Iter 84/250 - Loss: -0.7775
Iter 85/250 - Loss: -0.7808
Iter 86/250 - Loss: -0.7839
Iter 87/250 - Loss: -0.7868
Iter 88/250 - Loss: -0.7896
Iter 89/250 - Loss: -0.7924
Iter 90/250 - Loss: -0.7952
Iter 91/250 - Loss: -0.7979
Iter 92/250 - Loss: -0.8006
Iter 93/250 - Loss: -0.8029
Iter 94/250 - Loss: -0.8048
Iter 95/250 - Loss: -0.8063
Iter 96/250 - Loss: -0.8075
Iter 97/250 - Loss: -0.8087
Iter 98/250 - Loss: -0.8100
Iter 99/250 - Loss: -0.8114
Iter 100/250 - Loss: -0.8129
Iter 101/250 - Loss: -0.8142
Iter 102/250 - Loss: -0.8154
Iter 103/250 - Loss: -0.8165
Iter 104/250 - Loss: -0.8173
Iter 105/250 - Loss: -0.8181
Iter 106/250 - Loss: -0.8190
Iter 107/250 - Loss: -0.8198
Iter 108/250 - Loss: -0.8205
Iter 109/250 - Loss: -0.8212
Iter 110/250 - Loss: -0.8220
Iter 111/250 - Loss: -0.8231
Iter 112/250 - Loss: -0.8238
Iter 113/250 - Loss: -0.8244
Iter 114/250 - Loss: -0.8253
Iter 115/250 - Loss: -0.8260
Iter 116/250 - Loss: -0.8265
Iter 117/250 - Loss: -0.8271
Iter 118/250 - Loss: -0.8277
Iter 119/250 - Loss: -0.8283
Iter 120/250 - Loss: -0.8289
Iter 121/250 - Loss: -0.8294
Iter 122/250 - Loss: -0.8300
Iter 123/250 - Loss: -0.8305
Iter 124/250 - Loss: -0.8309
Iter 125/250 - Loss: -0.8314
Iter 126/250 - Loss: -0.8319
Iter 127/250 - Loss: -0.8323
Iter 128/250 - Loss: -0.8327
Iter 129/250 - Loss: -0.8332
Iter 130/250 - Loss: -0.8335
Iter 131/250 - Loss: -0.8340
Iter 132/250 - Loss: -0.8343
Iter 133/250 - Loss: -0.8347
Iter 134/250 - Loss: -0.8351
Iter 135/250 - Loss: -0.8354
Iter 136/250 - Loss: -0.8357
Iter 137/250 - Loss: -0.8361
Iter 138/250 - Loss: -0.8364
Iter 139/250 - Loss: -0.8367
Iter 140/250 - Loss: -0.8370
Iter 141/250 - Loss: -0.8373
Iter 142/250 - Loss: -0.8375
Iter 143/250 - Loss: -0.8378
Iter 144/250 - Loss: -0.8381
Iter 145/250 - Loss: -0.8383
Iter 146/250 - Loss: -0.8386
Iter 147/250 - Loss: -0.8388
Iter 148/250 - Loss: -0.8391
Iter 149/250 - Loss: -0.8393
Iter 150/250 - Loss: -0.8395
Iter 151/250 - Loss: -0.8398
Iter 152/250 - Loss: -0.8400
Iter 153/250 - Loss: -0.8402
Iter 154/250 - Loss: -0.8405
Iter 155/250 - Loss: -0.8407
Iter 156/250 - Loss: -0.8409
Iter 157/250 - Loss: -0.8411
Iter 158/250 - Loss: -0.8413
Iter 159/250 - Loss: -0.8415
Iter 160/250 - Loss: -0.8417
Iter 161/250 - Loss: -0.8419
Iter 162/250 - Loss: -0.8420
Iter 163/250 - Loss: -0.8422
Iter 164/250 - Loss: -0.8424
Iter 165/250 - Loss: -0.8425
Iter 166/250 - Loss: -0.8427
Iter 167/250 - Loss: -0.8428
Iter 168/250 - Loss: -0.8429
Iter 169/250 - Loss: -0.8429
Iter 170/250 - Loss: -0.8431
Iter 171/250 - Loss: -0.8434
Iter 172/250 - Loss: -0.8437
Iter 173/250 - Loss: -0.8438
Iter 174/250 - Loss: -0.8438
Iter 175/250 - Loss: -0.8440
Iter 176/250 - Loss: -0.8442
Iter 177/250 - Loss: -0.8444
Iter 178/250 - Loss: -0.8444
Iter 179/250 - Loss: -0.8445
Iter 180/250 - Loss: -0.8448
Iter 181/250 - Loss: -0.8449
Iter 182/250 - Loss: -0.8450
Iter 183/250 - Loss: -0.8451
Iter 184/250 - Loss: -0.8452
Iter 185/250 - Loss: -0.8454
Iter 186/250 - Loss: -0.8455
Iter 187/250 - Loss: -0.8456
Iter 188/250 - Loss: -0.8458
Iter 189/250 - Loss: -0.8459
Iter 190/250 - Loss: -0.8460
Iter 191/250 - Loss: -0.8460
Iter 192/250 - Loss: -0.8462
Iter 193/250 - Loss: -0.8463
Iter 194/250 - Loss: -0.8464
Iter 195/250 - Loss: -0.8465
Iter 196/250 - Loss: -0.8466
Iter 197/250 - Loss: -0.8467
Iter 198/250 - Loss: -0.8468
Iter 199/250 - Loss: -0.8469
Iter 200/250 - Loss: -0.8470
Iter 201/250 - Loss: -0.8471
Iter 202/250 - Loss: -0.8472
Iter 203/250 - Loss: -0.8473
Iter 204/250 - Loss: -0.8473
Iter 205/250 - Loss: -0.8474
Iter 206/250 - Loss: -0.8476
Iter 207/250 - Loss: -0.8476
Iter 208/250 - Loss: -0.8477
Iter 209/250 - Loss: -0.8478
Iter 210/250 - Loss: -0.8478
Iter 211/250 - Loss: -0.8479
Iter 212/250 - Loss: -0.8480
Iter 213/250 - Loss: -0.8481
Iter 214/250 - Loss: -0.8482
Iter 215/250 - Loss: -0.8482
Iter 216/250 - Loss: -0.8483
Iter 217/250 - Loss: -0.8484
Iter 218/250 - Loss: -0.8485
Iter 219/250 - Loss: -0.8485
Iter 220/250 - Loss: -0.8486
Iter 221/250 - Loss: -0.8487
Iter 222/250 - Loss: -0.8488
Iter 223/250 - Loss: -0.8488
Iter 224/250 - Loss: -0.8489
Iter 225/250 - Loss: -0.8490
Iter 226/250 - Loss: -0.8490
Iter 227/250 - Loss: -0.8491
Iter 228/250 - Loss: -0.8491
Iter 229/250 - Loss: -0.8492
Iter 230/250 - Loss: -0.8493
Iter 231/250 - Loss: -0.8493
Iter 232/250 - Loss: -0.8494
Iter 233/250 - Loss: -0.8495
Iter 234/250 - Loss: -0.8496
Iter 235/250 - Loss: -0.8496
Iter 236/250 - Loss: -0.8497
Iter 237/250 - Loss: -0.8497
Iter 238/250 - Loss: -0.8498
Iter 239/250 - Loss: -0.8498
Iter 240/250 - Loss: -0.8499
Iter 241/250 - Loss: -0.8499
Iter 242/250 - Loss: -0.8500
Iter 243/250 - Loss: -0.8500
Iter 244/250 - Loss: -0.8501
Iter 245/250 - Loss: -0.8502
Iter 246/250 - Loss: -0.8502
Iter 247/250 - Loss: -0.8503
Iter 248/250 - Loss: -0.8503
Iter 249/250 - Loss: -0.8503
Iter 250/250 - Loss: -0.8504
now training with smaller learning rate
Iter 1/250 - Loss: -0.8504
Iter 2/250 - Loss: -0.8496
Iter 3/250 - Loss: -0.8508
Iter 4/250 - Loss: -0.8507
Iter 5/250 - Loss: -0.8507
Iter 6/250 - Loss: -0.8511
Iter 7/250 - Loss: -0.8516
Iter 8/250 - Loss: -0.8519
Iter 9/250 - Loss: -0.8518
Iter 10/250 - Loss: -0.8520
Iter 11/250 - Loss: -0.8523
Iter 12/250 - Loss: -0.8526
Iter 13/250 - Loss: -0.8529
Iter 14/250 - Loss: -0.8529
Iter 15/250 - Loss: -0.8531
Iter 16/250 - Loss: -0.8534
Iter 17/250 - Loss: -0.8538
Iter 18/250 - Loss: -0.8540
Iter 19/250 - Loss: -0.8542
Iter 20/250 - Loss: -0.8544
Iter 21/250 - Loss: -0.8547
Iter 22/250 - Loss: -0.8551
Iter 23/250 - Loss: -0.8554
Iter 24/250 - Loss: -0.8557
Iter 25/250 - Loss: -0.8560
Iter 26/250 - Loss: -0.8563
Iter 27/250 - Loss: -0.8568
Iter 28/250 - Loss: -0.8572
Iter 29/250 - Loss: -0.8576
Iter 30/250 - Loss: -0.8581
Iter 31/250 - Loss: -0.8586
Iter 32/250 - Loss: -0.8591
Iter 33/250 - Loss: -0.8596
Iter 34/250 - Loss: -0.8601
Iter 35/250 - Loss: -0.8607
Iter 36/250 - Loss: -0.8613
Iter 37/250 - Loss: -0.8619
Iter 38/250 - Loss: -0.8625
Iter 39/250 - Loss: -0.8631
Iter 40/250 - Loss: -0.8637
Iter 41/250 - Loss: -0.8643
Iter 42/250 - Loss: -0.8648
Iter 43/250 - Loss: -0.8653
Iter 44/250 - Loss: -0.8658
Iter 45/250 - Loss: -0.8662
Iter 46/250 - Loss: -0.8666
Iter 47/250 - Loss: -0.8670
Iter 48/250 - Loss: -0.8673
Iter 49/250 - Loss: -0.8677
Iter 50/250 - Loss: -0.8680
Iter 51/250 - Loss: -0.8684
Iter 52/250 - Loss: -0.8687
Iter 53/250 - Loss: -0.8691
Iter 54/250 - Loss: -0.8694
Iter 55/250 - Loss: -0.8698
Iter 56/250 - Loss: -0.8701
Iter 57/250 - Loss: -0.8705
Iter 58/250 - Loss: -0.8708
Iter 59/250 - Loss: -0.8711
Iter 60/250 - Loss: -0.8714
Iter 61/250 - Loss: -0.8717
Iter 62/250 - Loss: -0.8720
Iter 63/250 - Loss: -0.8723
Iter 64/250 - Loss: -0.8725
Iter 65/250 - Loss: -0.8728
Iter 66/250 - Loss: -0.8731
Iter 67/250 - Loss: -0.8734
Iter 68/250 - Loss: -0.8736
Iter 69/250 - Loss: -0.8739
Iter 70/250 - Loss: -0.8741
Iter 71/250 - Loss: -0.8744
Iter 72/250 - Loss: -0.8746
Iter 73/250 - Loss: -0.8748
Iter 74/250 - Loss: -0.8751
Iter 75/250 - Loss: -0.8753
Iter 76/250 - Loss: -0.8755
Iter 77/250 - Loss: -0.8757
Iter 78/250 - Loss: -0.8759
Iter 79/250 - Loss: -0.8761
Iter 80/250 - Loss: -0.8763
Iter 81/250 - Loss: -0.8766
Iter 82/250 - Loss: -0.8767
Iter 83/250 - Loss: -0.8769
Iter 84/250 - Loss: -0.8771
Iter 85/250 - Loss: -0.8773
Iter 86/250 - Loss: -0.8775
Iter 87/250 - Loss: -0.8776
Iter 88/250 - Loss: -0.8777
Iter 89/250 - Loss: -0.8779
Iter 90/250 - Loss: -0.8780
Iter 91/250 - Loss: -0.8782
Iter 92/250 - Loss: -0.8783
Iter 93/250 - Loss: -0.8785
Iter 94/250 - Loss: -0.8787
Iter 95/250 - Loss: -0.8788
Iter 96/250 - Loss: -0.8789
Iter 97/250 - Loss: -0.8790
Iter 98/250 - Loss: -0.8792
Iter 99/250 - Loss: -0.8794
Iter 100/250 - Loss: -0.8793
Iter 101/250 - Loss: -0.8794
Iter 102/250 - Loss: -0.8795
Iter 103/250 - Loss: -0.8797
Iter 104/250 - Loss: -0.8798
Iter 105/250 - Loss: -0.8799
Iter 106/250 - Loss: -0.8801
Iter 107/250 - Loss: -0.8802
Iter 108/250 - Loss: -0.8803
Iter 109/250 - Loss: -0.8804
Iter 110/250 - Loss: -0.8804
Iter 111/250 - Loss: -0.8805
Iter 112/250 - Loss: -0.8805
Iter 113/250 - Loss: -0.8808
Iter 114/250 - Loss: -0.8809
Iter 115/250 - Loss: -0.8809
Iter 116/250 - Loss: -0.8810
Iter 117/250 - Loss: -0.8811
Iter 118/250 - Loss: -0.8813
Iter 119/250 - Loss: -0.8814
Iter 120/250 - Loss: -0.8813
Iter 121/250 - Loss: -0.8815
Iter 122/250 - Loss: -0.8816
Iter 123/250 - Loss: -0.8816
Iter 124/250 - Loss: -0.8817
Iter 125/250 - Loss: -0.8819
Iter 126/250 - Loss: -0.8819
Iter 127/250 - Loss: -0.8819
Iter 128/250 - Loss: -0.8820
Iter 129/250 - Loss: -0.8821
Iter 130/250 - Loss: -0.8821
Iter 131/250 - Loss: -0.8822
Iter 132/250 - Loss: -0.8824
Iter 133/250 - Loss: -0.8824
Iter 134/250 - Loss: -0.8826
Iter 135/250 - Loss: -0.8826
Iter 136/250 - Loss: -0.8825
Iter 137/250 - Loss: -0.8827
Iter 138/250 - Loss: -0.8828
Iter 139/250 - Loss: -0.8828
Iter 140/250 - Loss: -0.8830
Iter 141/250 - Loss: -0.8831
Iter 142/250 - Loss: -0.8833
Iter 143/250 - Loss: -0.8833
Iter 144/250 - Loss: -0.8834
Iter 145/250 - Loss: -0.8834
Iter 146/250 - Loss: -0.8835
Iter 147/250 - Loss: -0.8836
Iter 148/250 - Loss: -0.8838
Iter 149/250 - Loss: -0.8837
Iter 150/250 - Loss: -0.8839
Iter 151/250 - Loss: -0.8839
Iter 152/250 - Loss: -0.8839
Iter 153/250 - Loss: -0.8839
Iter 154/250 - Loss: -0.8841
Iter 155/250 - Loss: -0.8841
Iter 156/250 - Loss: -0.8842
Iter 157/250 - Loss: -0.8841
Iter 158/250 - Loss: -0.8842
Iter 159/250 - Loss: -0.8842
Iter 160/250 - Loss: -0.8843
Iter 161/250 - Loss: -0.8844
Iter 162/250 - Loss: -0.8844
Iter 163/250 - Loss: -0.8845
Iter 164/250 - Loss: -0.8846
Iter 165/250 - Loss: -0.8845
Iter 166/250 - Loss: -0.8846
Iter 167/250 - Loss: -0.8846
Iter 168/250 - Loss: -0.8846
Iter 169/250 - Loss: -0.8846
Iter 170/250 - Loss: -0.8848
Iter 171/250 - Loss: -0.8847
Iter 172/250 - Loss: -0.8848
Iter 173/250 - Loss: -0.8848
Iter 174/250 - Loss: -0.8848
Iter 175/250 - Loss: -0.8850
Iter 176/250 - Loss: -0.8848
Iter 177/250 - Loss: -0.8849
Iter 178/250 - Loss: -0.8849
Iter 179/250 - Loss: -0.8850
Iter 180/250 - Loss: -0.8851
Iter 181/250 - Loss: -0.8850
Iter 182/250 - Loss: -0.8850
Iter 183/250 - Loss: -0.8851
Iter 184/250 - Loss: -0.8851
Iter 185/250 - Loss: -0.8852
Iter 186/250 - Loss: -0.8853
Iter 187/250 - Loss: -0.8853
Iter 188/250 - Loss: -0.8852
Iter 189/250 - Loss: -0.8852
Iter 190/250 - Loss: -0.8853
Iter 191/250 - Loss: -0.8854
Iter 192/250 - Loss: -0.8855
Iter 193/250 - Loss: -0.8853
Iter 194/250 - Loss: -0.8854
Iter 195/250 - Loss: -0.8854
Iter 196/250 - Loss: -0.8855
Iter 197/250 - Loss: -0.8855
Iter 198/250 - Loss: -0.8856
Iter 199/250 - Loss: -0.8857
Iter 200/250 - Loss: -0.8855
Iter 201/250 - Loss: -0.8855
Iter 202/250 - Loss: -0.8857
Iter 203/250 - Loss: -0.8857
Iter 204/250 - Loss: -0.8858
Iter 205/250 - Loss: -0.8859
Iter 206/250 - Loss: -0.8857
Iter 207/250 - Loss: -0.8858
Iter 208/250 - Loss: -0.8858
Iter 209/250 - Loss: -0.8858
Iter 210/250 - Loss: -0.8858
Iter 211/250 - Loss: -0.8860
Iter 212/250 - Loss: -0.8860
Iter 213/250 - Loss: -0.8860
Iter 214/250 - Loss: -0.8861
Iter 215/250 - Loss: -0.8861
Iter 216/250 - Loss: -0.8862
Iter 217/250 - Loss: -0.8861
Iter 218/250 - Loss: -0.8862
Iter 219/250 - Loss: -0.8863
Iter 220/250 - Loss: -0.8863
Iter 221/250 - Loss: -0.8863
Iter 222/250 - Loss: -0.8864
Iter 223/250 - Loss: -0.8865
Iter 224/250 - Loss: -0.8866
Iter 225/250 - Loss: -0.8866
Iter 226/250 - Loss: -0.8866
Iter 227/250 - Loss: -0.8866
Iter 228/250 - Loss: -0.8867
Iter 229/250 - Loss: -0.8867
Iter 230/250 - Loss: -0.8866
Iter 231/250 - Loss: -0.8867
Iter 232/250 - Loss: -0.8869
Iter 233/250 - Loss: -0.8869
Iter 234/250 - Loss: -0.8868
Iter 235/250 - Loss: -0.8871
Iter 236/250 - Loss: -0.8870
Iter 237/250 - Loss: -0.8871
Iter 238/250 - Loss: -0.8870
Iter 239/250 - Loss: -0.8870
Iter 240/250 - Loss: -0.8870
Iter 241/250 - Loss: -0.8873
Iter 242/250 - Loss: -0.8872
Iter 243/250 - Loss: -0.8872
Iter 244/250 - Loss: -0.8872
Iter 245/250 - Loss: -0.8871
Iter 246/250 - Loss: -0.8872
Iter 247/250 - Loss: -0.8873
Iter 248/250 - Loss: -0.8873
Iter 249/250 - Loss: -0.8873
Iter 250/250 - Loss: -0.8874
