prev {'d': 0.5110600375142521, 'e': 1.2025891721950255, 'f': 2.3376976462313923, 'g': 1.3137576266845719}
Starting ML Fit
Box24_1400
       message: Optimization terminated successfully.
       success: True
        status: 0
           fun: 6769.977206974481
             x: [ 5.021e-01  1.226e+00  2.336e+00  1.312e+00]
           nit: 102
          nfev: 186
 final_simplex: (array([[ 5.021e-01,  1.226e+00,  2.336e+00,  1.312e+00],
                       [ 5.021e-01,  1.226e+00,  2.336e+00,  1.312e+00],
                       ...,
                       [ 5.021e-01,  1.226e+00,  2.336e+00,  1.312e+00],
                       [ 5.021e-01,  1.226e+00,  2.336e+00,  1.312e+00]]), array([ 6.770e+03,  6.770e+03,  6.770e+03,  6.770e+03,
                        6.770e+03]))
   param_names: ['d', 'e', 'f', 'g']
[0.50213125 1.22609024 2.33566311 1.31228896]
{'d': 0.5021312483590081, 'e': 1.2260902443798987, 'f': 2.3356631052636723, 'g': 1.3122889631536863}
Previous:  {'d': 0.5110600375142521, 'e': 1.2025891721950255, 'f': 2.3376976462313923, 'g': 1.3137576266845719}
