prev {'d': 0.45766859180526276, 'e': 1.1524367273550773, 'f': 2.32937437969244, 'g': 1.258830067092389}
Starting ML Fit
Box36_1400
       message: Optimization terminated successfully.
       success: True
        status: 0
           fun: 4502.007031098342
             x: [ 4.471e-01  1.139e+00  2.334e+00  1.242e+00]
           nit: 115
          nfev: 203
 final_simplex: (array([[ 4.471e-01,  1.139e+00,  2.334e+00,  1.242e+00],
                       [ 4.471e-01,  1.139e+00,  2.334e+00,  1.242e+00],
                       ...,
                       [ 4.471e-01,  1.139e+00,  2.334e+00,  1.242e+00],
                       [ 4.471e-01,  1.139e+00,  2.334e+00,  1.242e+00]]), array([ 4.502e+03,  4.502e+03,  4.502e+03,  4.502e+03,
                        4.502e+03]))
   param_names: ['d', 'e', 'f', 'g']
[0.44709232 1.13934116 2.33361146 1.24218794]
{'d': 0.44709232075523486, 'e': 1.1393411639491253, 'f': 2.3336114646611463, 'g': 1.2421879391460386}
Previous:  {'d': 0.45766859180526276, 'e': 1.1524367273550773, 'f': 2.32937437969244, 'g': 1.258830067092389}
