prev {'d': 0.5335264988523104, 'e': 1.174163784157396, 'f': 2.3360638875656248, 'g': 1.2597747675514985}
Starting ML Fit
Box_n50_25_1400
       message: Optimization terminated successfully.
       success: True
        status: 0
           fun: 5301.841915729192
             x: [ 5.264e-01  1.160e+00  2.338e+00  1.262e+00]
           nit: 109
          nfev: 191
 final_simplex: (array([[ 5.264e-01,  1.160e+00,  2.338e+00,  1.262e+00],
                       [ 5.264e-01,  1.160e+00,  2.338e+00,  1.262e+00],
                       ...,
                       [ 5.264e-01,  1.160e+00,  2.338e+00,  1.262e+00],
                       [ 5.264e-01,  1.160e+00,  2.338e+00,  1.262e+00]]), array([ 5.302e+03,  5.302e+03,  5.302e+03,  5.302e+03,
                        5.302e+03]))
   param_names: ['d', 'e', 'f', 'g']
[0.52643387 1.16042115 2.33831606 1.26155296]
{'d': 0.5264338727405394, 'e': 1.160421145020028, 'f': 2.3383160604222937, 'g': 1.2615529600691855}
Previous:  {'d': 0.5335264988523104, 'e': 1.174163784157396, 'f': 2.3360638875656248, 'g': 1.2597747675514985}
