prev {'d': 0.43817707255100646, 'e': 0.8568745595929326, 'f': 2.358983382852929, 'g': 1.302247526142835}
Starting ML Fit
Box_n50_11_1400
       message: Optimization terminated successfully.
       success: True
        status: 0
           fun: 12819.090863288033
             x: [ 4.317e-01  8.378e-01  2.362e+00  1.303e+00]
           nit: 86
          nfev: 161
 final_simplex: (array([[ 4.317e-01,  8.378e-01,  2.362e+00,  1.303e+00],
                       [ 4.317e-01,  8.378e-01,  2.362e+00,  1.303e+00],
                       ...,
                       [ 4.317e-01,  8.378e-01,  2.362e+00,  1.303e+00],
                       [ 4.317e-01,  8.379e-01,  2.362e+00,  1.303e+00]]), array([ 1.282e+04,  1.282e+04,  1.282e+04,  1.282e+04,
                        1.282e+04]))
   param_names: ['d', 'e', 'f', 'g']
[0.43171858 0.837807   2.36171928 1.30296359]
{'d': 0.4317185756602958, 'e': 0.8378070044104724, 'f': 2.361719279297031, 'g': 1.3029635889090567}
Previous:  {'d': 0.43817707255100646, 'e': 0.8568745595929326, 'f': 2.358983382852929, 'g': 1.302247526142835}
