prev {'d': 0.3968021212183534, 'e': 1.0322601839426846, 'f': 2.237050719691637, 'g': 1.1760313864890362}
Starting ML Fit
Box22_1400
       message: Optimization terminated successfully.
       success: True
        status: 0
           fun: 8156.521995717799
             x: [ 3.878e-01  9.881e-01  2.237e+00  1.175e+00]
           nit: 83
          nfev: 152
 final_simplex: (array([[ 3.878e-01,  9.881e-01,  2.237e+00,  1.175e+00],
                       [ 3.878e-01,  9.881e-01,  2.237e+00,  1.175e+00],
                       ...,
                       [ 3.878e-01,  9.881e-01,  2.237e+00,  1.175e+00],
                       [ 3.878e-01,  9.881e-01,  2.237e+00,  1.175e+00]]), array([ 8.157e+03,  8.157e+03,  8.157e+03,  8.157e+03,
                        8.157e+03]))
   param_names: ['d', 'e', 'f', 'g']
[0.38776604 0.98812701 2.23729212 1.1748339 ]
{'d': 0.38776603580555247, 'e': 0.9881270076730118, 'f': 2.237292121485785, 'g': 1.1748339038123325}
Previous:  {'d': 0.3968021212183534, 'e': 1.0322601839426846, 'f': 2.237050719691637, 'g': 1.1760313864890362}
