Leaving out Box_n50_7_1400
alist [1.0, 0.953321, 0.866399, 0.787402, 0.715608, 0.65036, 0.620002, 0.591061, 0.563471, 0.537169, 0.512095, 0.488191, 0.403224, 0.366459]
(2030, 10)
(2030, 4)
scaling input
(2030, 10)
scaling output
(2030, 4)
Iter 1/300 - Loss: 3.1219
Iter 2/300 - Loss: 2.7425
Iter 3/300 - Loss: 2.3944
Iter 4/300 - Loss: 2.0827
Iter 5/300 - Loss: 1.8082
Iter 6/300 - Loss: 1.5696
Iter 7/300 - Loss: 1.3666
Iter 8/300 - Loss: 1.2014
Iter 9/300 - Loss: 1.0789
Iter 10/300 - Loss: 1.0020
Iter 11/300 - Loss: 0.9636
Iter 12/300 - Loss: 0.9476
Iter 13/300 - Loss: 0.9370
Iter 14/300 - Loss: 0.9231
Iter 15/300 - Loss: 0.9017
Iter 16/300 - Loss: 0.8710
Iter 17/300 - Loss: 0.8305
Iter 18/300 - Loss: 0.7788
Iter 19/300 - Loss: 0.7158
Iter 20/300 - Loss: 0.6446
Iter 21/300 - Loss: 0.5715
Iter 22/300 - Loss: 0.5027
Iter 23/300 - Loss: 0.4421
Iter 24/300 - Loss: 0.3907
Iter 25/300 - Loss: 0.3474
Iter 26/300 - Loss: 0.3099
Iter 27/300 - Loss: 0.2754
Iter 28/300 - Loss: 0.2412
Iter 29/300 - Loss: 0.2055
Iter 30/300 - Loss: 0.1671
Iter 31/300 - Loss: 0.1258
Iter 32/300 - Loss: 0.0819
Iter 33/300 - Loss: 0.0361
Iter 34/300 - Loss: -0.0104
Iter 35/300 - Loss: -0.0565
Iter 36/300 - Loss: -0.1009
Iter 37/300 - Loss: -0.1424
Iter 38/300 - Loss: -0.1802
Iter 39/300 - Loss: -0.2143
Iter 40/300 - Loss: -0.2452
Iter 41/300 - Loss: -0.2745
Iter 42/300 - Loss: -0.3036
Iter 43/300 - Loss: -0.3331
Iter 44/300 - Loss: -0.3628
Iter 45/300 - Loss: -0.3919
Iter 46/300 - Loss: -0.4196
Iter 47/300 - Loss: -0.4455
Iter 48/300 - Loss: -0.4691
Iter 49/300 - Loss: -0.4905
Iter 50/300 - Loss: -0.5097
Iter 51/300 - Loss: -0.5270
Iter 52/300 - Loss: -0.5429
Iter 53/300 - Loss: -0.5577
Iter 54/300 - Loss: -0.5717
Iter 55/300 - Loss: -0.5851
Iter 56/300 - Loss: -0.5979
Iter 57/300 - Loss: -0.6100
Iter 58/300 - Loss: -0.6214
Iter 59/300 - Loss: -0.6318
Iter 60/300 - Loss: -0.6414
Iter 61/300 - Loss: -0.6503
Iter 62/300 - Loss: -0.6588
Iter 63/300 - Loss: -0.6671
Iter 64/300 - Loss: -0.6754
Iter 65/300 - Loss: -0.6836
Iter 66/300 - Loss: -0.6913
Iter 67/300 - Loss: -0.6983
Iter 68/300 - Loss: -0.7041
Iter 69/300 - Loss: -0.7090
Iter 70/300 - Loss: -0.7132
Iter 71/300 - Loss: -0.7168
Iter 72/300 - Loss: -0.7202
Iter 73/300 - Loss: -0.7233
Iter 74/300 - Loss: -0.7257
Iter 75/300 - Loss: -0.7269
Iter 76/300 - Loss: -0.7299
Iter 77/300 - Loss: -0.7320
Iter 78/300 - Loss: -0.7322
Iter 79/300 - Loss: -0.7336
Iter 80/300 - Loss: -0.7350
Iter 81/300 - Loss: -0.7400
Iter 82/300 - Loss: -0.7389
Iter 83/300 - Loss: -0.7433
Iter 84/300 - Loss: -0.7426
Iter 85/300 - Loss: -0.7459
Iter 86/300 - Loss: -0.7456
Iter 87/300 - Loss: -0.7484
Iter 88/300 - Loss: -0.7484
Iter 89/300 - Loss: -0.7505
Iter 90/300 - Loss: -0.7508
Iter 91/300 - Loss: -0.7519
Iter 92/300 - Loss: -0.7525
Iter 93/300 - Loss: -0.7531
Iter 94/300 - Loss: -0.7541
Iter 95/300 - Loss: -0.7544
Iter 96/300 - Loss: -0.7555
Iter 97/300 - Loss: -0.7557
Iter 98/300 - Loss: -0.7565
Iter 99/300 - Loss: -0.7568
Iter 100/300 - Loss: -0.7573
Iter 101/300 - Loss: -0.7578
Iter 102/300 - Loss: -0.7582
Iter 103/300 - Loss: -0.7588
Iter 104/300 - Loss: -0.7590
Iter 105/300 - Loss: -0.7596
Iter 106/300 - Loss: -0.7599
Iter 107/300 - Loss: -0.7604
Iter 108/300 - Loss: -0.7608
Iter 109/300 - Loss: -0.7612
Iter 110/300 - Loss: -0.7616
Iter 111/300 - Loss: -0.7619
Iter 112/300 - Loss: -0.7624
Iter 113/300 - Loss: -0.7627
Iter 114/300 - Loss: -0.7631
Iter 115/300 - Loss: -0.7634
Iter 116/300 - Loss: -0.7638
Iter 117/300 - Loss: -0.7641
Iter 118/300 - Loss: -0.7646
Iter 119/300 - Loss: -0.7649
Iter 120/300 - Loss: -0.7653
Iter 121/300 - Loss: -0.7656
Iter 122/300 - Loss: -0.7659
Iter 123/300 - Loss: -0.7662
Iter 124/300 - Loss: -0.7666
Iter 125/300 - Loss: -0.7669
Iter 126/300 - Loss: -0.7673
Iter 127/300 - Loss: -0.7675
Iter 128/300 - Loss: -0.7679
Iter 129/300 - Loss: -0.7682
Iter 130/300 - Loss: -0.7685
Iter 131/300 - Loss: -0.7688
Iter 132/300 - Loss: -0.7691
Iter 133/300 - Loss: -0.7694
Iter 134/300 - Loss: -0.7697
Iter 135/300 - Loss: -0.7699
Iter 136/300 - Loss: -0.7702
Iter 137/300 - Loss: -0.7705
Iter 138/300 - Loss: -0.7707
Iter 139/300 - Loss: -0.7710
Iter 140/300 - Loss: -0.7713
Iter 141/300 - Loss: -0.7715
Iter 142/300 - Loss: -0.7718
Iter 143/300 - Loss: -0.7720
Iter 144/300 - Loss: -0.7723
Iter 145/300 - Loss: -0.7726
Iter 146/300 - Loss: -0.7729
Iter 147/300 - Loss: -0.7732
Iter 148/300 - Loss: -0.7736
Iter 149/300 - Loss: -0.7741
Iter 150/300 - Loss: -0.7748
Iter 151/300 - Loss: -0.7756
Iter 152/300 - Loss: -0.7767
Iter 153/300 - Loss: -0.7768
Iter 154/300 - Loss: -0.7770
Iter 155/300 - Loss: -0.7772
Iter 156/300 - Loss: -0.7774
Iter 157/300 - Loss: -0.7776
Iter 158/300 - Loss: -0.7778
Iter 159/300 - Loss: -0.7780
Iter 160/300 - Loss: -0.7783
Iter 161/300 - Loss: -0.7786
Iter 162/300 - Loss: -0.7788
Iter 163/300 - Loss: -0.7791
Iter 164/300 - Loss: -0.7794
Iter 165/300 - Loss: -0.7797
Iter 166/300 - Loss: -0.7801
Iter 167/300 - Loss: -0.7804
Iter 168/300 - Loss: -0.7807
Iter 169/300 - Loss: -0.7811
Iter 170/300 - Loss: -0.7814
Iter 171/300 - Loss: -0.7818
Iter 172/300 - Loss: -0.7821
Iter 173/300 - Loss: -0.7825
Iter 174/300 - Loss: -0.7828
Iter 175/300 - Loss: -0.7831
Iter 176/300 - Loss: -0.7835
Iter 177/300 - Loss: -0.7838
Iter 178/300 - Loss: -0.7842
Iter 179/300 - Loss: -0.7845
Iter 180/300 - Loss: -0.7848
Iter 181/300 - Loss: -0.7852
Iter 182/300 - Loss: -0.7855
Iter 183/300 - Loss: -0.7858
Iter 184/300 - Loss: -0.7861
Iter 185/300 - Loss: -0.7865
Iter 186/300 - Loss: -0.7868
Iter 187/300 - Loss: -0.7871
Iter 188/300 - Loss: -0.7874
Iter 189/300 - Loss: -0.7877
Iter 190/300 - Loss: -0.7880
Iter 191/300 - Loss: -0.7883
Iter 192/300 - Loss: -0.7885
Iter 193/300 - Loss: -0.7888
Iter 194/300 - Loss: -0.7891
Iter 195/300 - Loss: -0.7894
Iter 196/300 - Loss: -0.7896
Iter 197/300 - Loss: -0.7899
Iter 198/300 - Loss: -0.7902
Iter 199/300 - Loss: -0.7904
Iter 200/300 - Loss: -0.7907
Iter 201/300 - Loss: -0.7909
Iter 202/300 - Loss: -0.7912
Iter 203/300 - Loss: -0.7914
Iter 204/300 - Loss: -0.7917
Iter 205/300 - Loss: -0.7919
Iter 206/300 - Loss: -0.7921
Iter 207/300 - Loss: -0.7923
Iter 208/300 - Loss: -0.7926
Iter 209/300 - Loss: -0.7928
Iter 210/300 - Loss: -0.7930
Iter 211/300 - Loss: -0.7932
Iter 212/300 - Loss: -0.7934
Iter 213/300 - Loss: -0.7936
Iter 214/300 - Loss: -0.7938
Iter 215/300 - Loss: -0.7940
Iter 216/300 - Loss: -0.7942
Iter 217/300 - Loss: -0.7944
Iter 218/300 - Loss: -0.7946
Iter 219/300 - Loss: -0.7948
Iter 220/300 - Loss: -0.7950
Iter 221/300 - Loss: -0.7952
Iter 222/300 - Loss: -0.7953
Iter 223/300 - Loss: -0.7955
Iter 224/300 - Loss: -0.7957
Iter 225/300 - Loss: -0.7959
Iter 226/300 - Loss: -0.7960
Iter 227/300 - Loss: -0.7962
Iter 228/300 - Loss: -0.7964
Iter 229/300 - Loss: -0.7965
Iter 230/300 - Loss: -0.7967
Iter 231/300 - Loss: -0.7968
Iter 232/300 - Loss: -0.7970
Iter 233/300 - Loss: -0.7971
Iter 234/300 - Loss: -0.7973
Iter 235/300 - Loss: -0.7975
Iter 236/300 - Loss: -0.7976
Iter 237/300 - Loss: -0.7977
Iter 238/300 - Loss: -0.7979
Iter 239/300 - Loss: -0.7980
Iter 240/300 - Loss: -0.7982
Iter 241/300 - Loss: -0.7983
Iter 242/300 - Loss: -0.7984
Iter 243/300 - Loss: -0.7986
Iter 244/300 - Loss: -0.7987
Iter 245/300 - Loss: -0.7988
Iter 246/300 - Loss: -0.7990
Iter 247/300 - Loss: -0.7991
Iter 248/300 - Loss: -0.7992
Iter 249/300 - Loss: -0.7993
Iter 250/300 - Loss: -0.7995
Iter 251/300 - Loss: -0.7996
Iter 252/300 - Loss: -0.7997
Iter 253/300 - Loss: -0.7998
Iter 254/300 - Loss: -0.8000
Iter 255/300 - Loss: -0.8001
Iter 256/300 - Loss: -0.8002
Iter 257/300 - Loss: -0.8003
Iter 258/300 - Loss: -0.8004
Iter 259/300 - Loss: -0.8005
Iter 260/300 - Loss: -0.8006
Iter 261/300 - Loss: -0.8008
Iter 262/300 - Loss: -0.8009
Iter 263/300 - Loss: -0.8010
Iter 264/300 - Loss: -0.8011
Iter 265/300 - Loss: -0.8012
Iter 266/300 - Loss: -0.8013
Iter 267/300 - Loss: -0.8014
Iter 268/300 - Loss: -0.8015
Iter 269/300 - Loss: -0.8016
Iter 270/300 - Loss: -0.8017
Iter 271/300 - Loss: -0.8018
Iter 272/300 - Loss: -0.8019
Iter 273/300 - Loss: -0.8020
Iter 274/300 - Loss: -0.8021
Iter 275/300 - Loss: -0.8022
Iter 276/300 - Loss: -0.8023
Iter 277/300 - Loss: -0.8024
Iter 278/300 - Loss: -0.8025
Iter 279/300 - Loss: -0.8026
Iter 280/300 - Loss: -0.8027
Iter 281/300 - Loss: -0.8028
Iter 282/300 - Loss: -0.8029
Iter 283/300 - Loss: -0.8030
Iter 284/300 - Loss: -0.8030
Iter 285/300 - Loss: -0.8031
Iter 286/300 - Loss: -0.8032
Iter 287/300 - Loss: -0.8033
Iter 288/300 - Loss: -0.8034
Iter 289/300 - Loss: -0.8035
Iter 290/300 - Loss: -0.8036
Iter 291/300 - Loss: -0.8037
Iter 292/300 - Loss: -0.8038
Iter 293/300 - Loss: -0.8039
Iter 294/300 - Loss: -0.8039
Iter 295/300 - Loss: -0.8040
Iter 296/300 - Loss: -0.8041
Iter 297/300 - Loss: -0.8042
Iter 298/300 - Loss: -0.8043
Iter 299/300 - Loss: -0.8044
Iter 300/300 - Loss: -0.8045
