prev {'d': 0.4651993315270354, 'e': 1.2877623452928124, 'f': 2.316818261521311, 'g': 1.2425384977070175}
Starting ML Fit
Box74_1400
       message: Optimization terminated successfully.
       success: True
        status: 0
           fun: 10130.305706192969
             x: [ 4.620e-01  1.300e+00  2.315e+00  1.240e+00]
           nit: 87
          nfev: 159
 final_simplex: (array([[ 4.620e-01,  1.300e+00,  2.315e+00,  1.240e+00],
                       [ 4.620e-01,  1.300e+00,  2.315e+00,  1.240e+00],
                       ...,
                       [ 4.620e-01,  1.300e+00,  2.315e+00,  1.240e+00],
                       [ 4.620e-01,  1.300e+00,  2.315e+00,  1.240e+00]]), array([ 1.013e+04,  1.013e+04,  1.013e+04,  1.013e+04,
                        1.013e+04]))
   param_names: ['d', 'e', 'f', 'g']
[0.46204631 1.30039151 2.31514047 1.23983598]
{'d': 0.4620463067531629, 'e': 1.3003915112439688, 'f': 2.3151404673389657, 'g': 1.2398359814408892}
Previous:  {'d': 0.4651993315270354, 'e': 1.2877623452928124, 'f': 2.316818261521311, 'g': 1.2425384977070175}
