prev {'d': 0.5214651599955632, 'e': 1.1701534757204377, 'f': 2.332330048369611, 'g': 1.2850968830289395}
Starting ML Fit
Box37_1400
       message: Optimization terminated successfully.
       success: True
        status: 0
           fun: 10729.583101188884
             x: [ 5.491e-01  1.195e+00  2.332e+00  1.280e+00]
           nit: 97
          nfev: 169
 final_simplex: (array([[ 5.491e-01,  1.195e+00,  2.332e+00,  1.280e+00],
                       [ 5.491e-01,  1.195e+00,  2.332e+00,  1.280e+00],
                       ...,
                       [ 5.491e-01,  1.195e+00,  2.332e+00,  1.280e+00],
                       [ 5.491e-01,  1.195e+00,  2.332e+00,  1.280e+00]]), array([ 1.073e+04,  1.073e+04,  1.073e+04,  1.073e+04,
                        1.073e+04]))
   param_names: ['d', 'e', 'f', 'g']
[0.54912436 1.19476939 2.33206744 1.2796424 ]
{'d': 0.5491243646207804, 'e': 1.19476939183734, 'f': 2.3320674400584744, 'g': 1.2796423997595552}
Previous:  {'d': 0.5214651599955632, 'e': 1.1701534757204377, 'f': 2.332330048369611, 'g': 1.2850968830289395}
