prev {'d': 0.5172125779532983, 'e': 1.150547508228938, 'f': 2.346900314427292, 'g': 1.2882145059879462}
Starting ML Fit
Box41_1400
       message: Optimization terminated successfully.
       success: True
        status: 0
           fun: 12472.082567397323
             x: [ 4.930e-01  1.184e+00  2.307e+00  1.284e+00]
           nit: 96
          nfev: 171
 final_simplex: (array([[ 4.930e-01,  1.184e+00,  2.307e+00,  1.284e+00],
                       [ 4.930e-01,  1.184e+00,  2.307e+00,  1.284e+00],
                       ...,
                       [ 4.930e-01,  1.184e+00,  2.307e+00,  1.284e+00],
                       [ 4.930e-01,  1.184e+00,  2.307e+00,  1.284e+00]]), array([ 1.247e+04,  1.247e+04,  1.247e+04,  1.247e+04,
                        1.247e+04]))
   param_names: ['d', 'e', 'f', 'g']
[0.49299841 1.18390768 2.30670235 1.28384886]
{'d': 0.4929984067411677, 'e': 1.1839076777580493, 'f': 2.3067023467948733, 'g': 1.2838488577698612}
Previous:  {'d': 0.5172125779532983, 'e': 1.150547508228938, 'f': 2.346900314427292, 'g': 1.2882145059879462}
