prev {'d': 0.4712517482949652, 'e': 0.842094572299118, 'f': 2.3736526194410197, 'g': 1.3225288361647969}
Starting ML Fit
Box46_1400
       message: Optimization terminated successfully.
       success: True
        status: 0
           fun: 6891.645819824744
             x: [ 4.609e-01  8.188e-01  2.374e+00  1.322e+00]
           nit: 100
          nfev: 180
 final_simplex: (array([[ 4.609e-01,  8.188e-01,  2.374e+00,  1.322e+00],
                       [ 4.609e-01,  8.189e-01,  2.374e+00,  1.322e+00],
                       ...,
                       [ 4.609e-01,  8.189e-01,  2.374e+00,  1.322e+00],
                       [ 4.609e-01,  8.188e-01,  2.374e+00,  1.322e+00]]), array([ 6.892e+03,  6.892e+03,  6.892e+03,  6.892e+03,
                        6.892e+03]))
   param_names: ['d', 'e', 'f', 'g']
[0.46090548 0.81884413 2.37379699 1.32172823]
{'d': 0.4609054774656166, 'e': 0.8188441317973365, 'f': 2.373796985159018, 'g': 1.3217282287500582}
Previous:  {'d': 0.4712517482949652, 'e': 0.842094572299118, 'f': 2.3736526194410197, 'g': 1.3225288361647969}
