prev {'d': 0.45689488891784014, 'e': 1.0334802314947673, 'f': 2.31981766535457, 'g': 1.258561997017841}
Starting ML Fit
Box79_1400
       message: Optimization terminated successfully.
       success: True
        status: 0
           fun: 7005.132779775287
             x: [ 4.502e-01  1.044e+00  2.316e+00  1.254e+00]
           nit: 91
          nfev: 158
 final_simplex: (array([[ 4.502e-01,  1.044e+00,  2.316e+00,  1.254e+00],
                       [ 4.502e-01,  1.044e+00,  2.316e+00,  1.254e+00],
                       ...,
                       [ 4.502e-01,  1.044e+00,  2.316e+00,  1.254e+00],
                       [ 4.502e-01,  1.044e+00,  2.316e+00,  1.254e+00]]), array([ 7.005e+03,  7.005e+03,  7.005e+03,  7.005e+03,
                        7.005e+03]))
   param_names: ['d', 'e', 'f', 'g']
[0.45020828 1.04397713 2.31624374 1.25413831]
{'d': 0.4502082840190259, 'e': 1.0439771312644615, 'f': 2.3162437353412537, 'g': 1.2541383071003815}
Previous:  {'d': 0.45689488891784014, 'e': 1.0334802314947673, 'f': 2.31981766535457, 'g': 1.258561997017841}
