prev {'d': 0.5327596661222339, 'e': 1.1253613773377003, 'f': 2.337434138141353, 'g': 1.3045439662205056}
Starting ML Fit
Box_n50_11_1400
       message: Optimization terminated successfully.
       success: True
        status: 0
           fun: 18518.484708990818
             x: [ 5.171e-01  1.091e+00  2.338e+00  1.304e+00]
           nit: 132
          nfev: 229
 final_simplex: (array([[ 5.171e-01,  1.091e+00,  2.338e+00,  1.304e+00],
                       [ 5.171e-01,  1.091e+00,  2.338e+00,  1.304e+00],
                       ...,
                       [ 5.171e-01,  1.091e+00,  2.338e+00,  1.304e+00],
                       [ 5.171e-01,  1.091e+00,  2.338e+00,  1.304e+00]]), array([ 1.852e+04,  1.852e+04,  1.852e+04,  1.852e+04,
                        1.852e+04]))
   param_names: ['d', 'e', 'f', 'g']
[0.51707543 1.0910971  2.33755484 1.30407505]
{'d': 0.5170754336265492, 'e': 1.091097102959427, 'f': 2.337554840532162, 'g': 1.3040750466653273}
Previous:  {'d': 0.5327596661222339, 'e': 1.1253613773377003, 'f': 2.337434138141353, 'g': 1.3045439662205056}
