Leaving out Box_n50_20_1400
alist [1.0, 0.953321, 0.866399, 0.787402, 0.715608, 0.65036, 0.620002, 0.591061, 0.563471, 0.537169, 0.512095, 0.488191, 0.403224, 0.366459]
scaling input
scaling output
Iter 1/300 - Loss: 3.2194
Iter 2/300 - Loss: 2.8400
Iter 3/300 - Loss: 2.4899
Iter 4/300 - Loss: 2.1736
Iter 5/300 - Loss: 1.8926
Iter 6/300 - Loss: 1.6470
Iter 7/300 - Loss: 1.4374
Iter 8/300 - Loss: 1.2661
Iter 9/300 - Loss: 1.1380
Iter 10/300 - Loss: 1.0540
Iter 11/300 - Loss: 1.0064
Iter 12/300 - Loss: 0.9827
Iter 13/300 - Loss: 0.9700
Iter 14/300 - Loss: 0.9578
Iter 15/300 - Loss: 0.9408
Iter 16/300 - Loss: 0.9157
Iter 17/300 - Loss: 0.8801
Iter 18/300 - Loss: 0.8315
Iter 19/300 - Loss: 0.7696
Iter 20/300 - Loss: 0.6970
Iter 21/300 - Loss: 0.6199
Iter 22/300 - Loss: 0.5462
Iter 23/300 - Loss: 0.4812
Iter 24/300 - Loss: 0.4263
Iter 25/300 - Loss: 0.3806
Iter 26/300 - Loss: 0.3427
Iter 27/300 - Loss: 0.3095
Iter 28/300 - Loss: 0.2780
Iter 29/300 - Loss: 0.2452
Iter 30/300 - Loss: 0.2097
Iter 31/300 - Loss: 0.1707
Iter 32/300 - Loss: 0.1285
Iter 33/300 - Loss: 0.0835
Iter 34/300 - Loss: 0.0367
Iter 35/300 - Loss: -0.0106
Iter 36/300 - Loss: -0.0572
Iter 37/300 - Loss: -0.1016
Iter 38/300 - Loss: -0.1428
Iter 39/300 - Loss: -0.1801
Iter 40/300 - Loss: -0.2137
Iter 41/300 - Loss: -0.2445
Iter 42/300 - Loss: -0.2741
Iter 43/300 - Loss: -0.3040
Iter 44/300 - Loss: -0.3348
Iter 45/300 - Loss: -0.3659
Iter 46/300 - Loss: -0.3961
Iter 47/300 - Loss: -0.4242
Iter 48/300 - Loss: -0.4495
Iter 49/300 - Loss: -0.4720
Iter 50/300 - Loss: -0.4920
Iter 51/300 - Loss: -0.5100
Iter 52/300 - Loss: -0.5263
Iter 53/300 - Loss: -0.5414
Iter 54/300 - Loss: -0.5556
Iter 55/300 - Loss: -0.5690
Iter 56/300 - Loss: -0.5816
Iter 57/300 - Loss: -0.5935
Iter 58/300 - Loss: -0.6046
Iter 59/300 - Loss: -0.6148
Iter 60/300 - Loss: -0.6242
Iter 61/300 - Loss: -0.6327
Iter 62/300 - Loss: -0.6408
Iter 63/300 - Loss: -0.6486
Iter 64/300 - Loss: -0.6565
Iter 65/300 - Loss: -0.6645
Iter 66/300 - Loss: -0.6724
Iter 67/300 - Loss: -0.6798
Iter 68/300 - Loss: -0.6863
Iter 69/300 - Loss: -0.6916
Iter 70/300 - Loss: -0.6960
Iter 71/300 - Loss: -0.6998
Iter 72/300 - Loss: -0.7032
Iter 73/300 - Loss: -0.7066
Iter 74/300 - Loss: -0.7098
Iter 75/300 - Loss: -0.7128
Iter 76/300 - Loss: -0.7153
Iter 77/300 - Loss: -0.7175
Iter 78/300 - Loss: -0.7195
Iter 79/300 - Loss: -0.7216
Iter 80/300 - Loss: -0.7237
Iter 81/300 - Loss: -0.7259
Iter 82/300 - Loss: -0.7278
Iter 83/300 - Loss: -0.7285
Iter 84/300 - Loss: -0.7302
Iter 85/300 - Loss: -0.7329
Iter 86/300 - Loss: -0.7333
Iter 87/300 - Loss: -0.7361
Iter 88/300 - Loss: -0.7363
Iter 89/300 - Loss: -0.7385
Iter 90/300 - Loss: -0.7387
Iter 91/300 - Loss: -0.7396
Iter 92/300 - Loss: -0.7408
Iter 93/300 - Loss: -0.7425
Iter 94/300 - Loss: -0.7425
Iter 95/300 - Loss: -0.7443
Iter 96/300 - Loss: -0.7444
Iter 97/300 - Loss: -0.7459
Iter 98/300 - Loss: -0.7461
Iter 99/300 - Loss: -0.7473
Iter 100/300 - Loss: -0.7476
Iter 101/300 - Loss: -0.7485
Iter 102/300 - Loss: -0.7489
Iter 103/300 - Loss: -0.7497
Iter 104/300 - Loss: -0.7501
Iter 105/300 - Loss: -0.7507
Iter 106/300 - Loss: -0.7512
Iter 107/300 - Loss: -0.7518
Iter 108/300 - Loss: -0.7522
Iter 109/300 - Loss: -0.7527
Iter 110/300 - Loss: -0.7532
Iter 111/300 - Loss: -0.7537
Iter 112/300 - Loss: -0.7541
Iter 113/300 - Loss: -0.7546
Iter 114/300 - Loss: -0.7550
Iter 115/300 - Loss: -0.7555
Iter 116/300 - Loss: -0.7559
Iter 117/300 - Loss: -0.7563
Iter 118/300 - Loss: -0.7567
Iter 119/300 - Loss: -0.7570
Iter 120/300 - Loss: -0.7573
Iter 121/300 - Loss: -0.7577
Iter 122/300 - Loss: -0.7579
Iter 123/300 - Loss: -0.7583
Iter 124/300 - Loss: -0.7585
Iter 125/300 - Loss: -0.7588
Iter 126/300 - Loss: -0.7591
Iter 127/300 - Loss: -0.7593
Iter 128/300 - Loss: -0.7596
Iter 129/300 - Loss: -0.7598
Iter 130/300 - Loss: -0.7601
Iter 131/300 - Loss: -0.7603
Iter 132/300 - Loss: -0.7605
Iter 133/300 - Loss: -0.7607
Iter 134/300 - Loss: -0.7608
Iter 135/300 - Loss: -0.7610
Iter 136/300 - Loss: -0.7611
Iter 137/300 - Loss: -0.7611
Iter 138/300 - Loss: -0.7611
Iter 139/300 - Loss: -0.7611
Iter 140/300 - Loss: -0.7613
Iter 141/300 - Loss: -0.7617
Iter 142/300 - Loss: -0.7621
Iter 143/300 - Loss: -0.7621
Iter 144/300 - Loss: -0.7620
Iter 145/300 - Loss: -0.7621
Iter 146/300 - Loss: -0.7625
Iter 147/300 - Loss: -0.7627
Iter 148/300 - Loss: -0.7627
Iter 149/300 - Loss: -0.7627
Iter 150/300 - Loss: -0.7629
Iter 151/300 - Loss: -0.7631
Iter 152/300 - Loss: -0.7633
Iter 153/300 - Loss: -0.7634
Iter 154/300 - Loss: -0.7634
Iter 155/300 - Loss: -0.7634
Iter 156/300 - Loss: -0.7634
Iter 157/300 - Loss: -0.7634
Iter 158/300 - Loss: -0.7635
Iter 159/300 - Loss: -0.7635
Iter 160/300 - Loss: -0.7635
Iter 161/300 - Loss: -0.7635
Iter 162/300 - Loss: -0.7636
Iter 163/300 - Loss: -0.7636
Iter 164/300 - Loss: -0.7636
Iter 165/300 - Loss: -0.7637
Iter 166/300 - Loss: -0.7637
Iter 167/300 - Loss: -0.7637
Iter 168/300 - Loss: -0.7638
Iter 169/300 - Loss: -0.7638
Iter 170/300 - Loss: -0.7639
Iter 171/300 - Loss: -0.7639
Iter 172/300 - Loss: -0.7640
Iter 173/300 - Loss: -0.7641
Iter 174/300 - Loss: -0.7641
Iter 175/300 - Loss: -0.7642
Iter 176/300 - Loss: -0.7643
Iter 177/300 - Loss: -0.7643
Iter 178/300 - Loss: -0.7644
Iter 179/300 - Loss: -0.7645
Iter 180/300 - Loss: -0.7646
Iter 181/300 - Loss: -0.7647
Iter 182/300 - Loss: -0.7648
Iter 183/300 - Loss: -0.7650
Iter 184/300 - Loss: -0.7651
Iter 185/300 - Loss: -0.7652
Iter 186/300 - Loss: -0.7654
Iter 187/300 - Loss: -0.7655
Iter 188/300 - Loss: -0.7657
Iter 189/300 - Loss: -0.7659
Iter 190/300 - Loss: -0.7661
Iter 191/300 - Loss: -0.7663
Iter 192/300 - Loss: -0.7665
Iter 193/300 - Loss: -0.7667
Iter 194/300 - Loss: -0.7670
Iter 195/300 - Loss: -0.7672
Iter 196/300 - Loss: -0.7675
Iter 197/300 - Loss: -0.7677
Iter 198/300 - Loss: -0.7680
Iter 199/300 - Loss: -0.7683
Iter 200/300 - Loss: -0.7686
Iter 201/300 - Loss: -0.7690
Iter 202/300 - Loss: -0.7693
Iter 203/300 - Loss: -0.7696
Iter 204/300 - Loss: -0.7700
Iter 205/300 - Loss: -0.7703
Iter 206/300 - Loss: -0.7707
Iter 207/300 - Loss: -0.7710
Iter 208/300 - Loss: -0.7714
Iter 209/300 - Loss: -0.7717
Iter 210/300 - Loss: -0.7721
Iter 211/300 - Loss: -0.7725
Iter 212/300 - Loss: -0.7728
Iter 213/300 - Loss: -0.7732
Iter 214/300 - Loss: -0.7735
Iter 215/300 - Loss: -0.7739
Iter 216/300 - Loss: -0.7742
Iter 217/300 - Loss: -0.7746
Iter 218/300 - Loss: -0.7749
Iter 219/300 - Loss: -0.7752
Iter 220/300 - Loss: -0.7756
Iter 221/300 - Loss: -0.7759
Iter 222/300 - Loss: -0.7762
Iter 223/300 - Loss: -0.7765
Iter 224/300 - Loss: -0.7768
Iter 225/300 - Loss: -0.7771
Iter 226/300 - Loss: -0.7774
Iter 227/300 - Loss: -0.7777
Iter 228/300 - Loss: -0.7780
Iter 229/300 - Loss: -0.7783
Iter 230/300 - Loss: -0.7786
Iter 231/300 - Loss: -0.7789
Iter 232/300 - Loss: -0.7791
Iter 233/300 - Loss: -0.7794
Iter 234/300 - Loss: -0.7797
Iter 235/300 - Loss: -0.7800
Iter 236/300 - Loss: -0.7802
Iter 237/300 - Loss: -0.7805
Iter 238/300 - Loss: -0.7808
Iter 239/300 - Loss: -0.7810
Iter 240/300 - Loss: -0.7813
Iter 241/300 - Loss: -0.7815
Iter 242/300 - Loss: -0.7818
Iter 243/300 - Loss: -0.7820
Iter 244/300 - Loss: -0.7822
Iter 245/300 - Loss: -0.7825
Iter 246/300 - Loss: -0.7827
Iter 247/300 - Loss: -0.7829
Iter 248/300 - Loss: -0.7832
Iter 249/300 - Loss: -0.7834
Iter 250/300 - Loss: -0.7836
Iter 251/300 - Loss: -0.7838
Iter 252/300 - Loss: -0.7840
Iter 253/300 - Loss: -0.7843
Iter 254/300 - Loss: -0.7845
Iter 255/300 - Loss: -0.7847
Iter 256/300 - Loss: -0.7849
Iter 257/300 - Loss: -0.7851
Iter 258/300 - Loss: -0.7853
Iter 259/300 - Loss: -0.7855
Iter 260/300 - Loss: -0.7857
Iter 261/300 - Loss: -0.7859
Iter 262/300 - Loss: -0.7861
Iter 263/300 - Loss: -0.7863
Iter 264/300 - Loss: -0.7865
Iter 265/300 - Loss: -0.7866
Iter 266/300 - Loss: -0.7868
Iter 267/300 - Loss: -0.7870
Iter 268/300 - Loss: -0.7872
Iter 269/300 - Loss: -0.7874
Iter 270/300 - Loss: -0.7876
Iter 271/300 - Loss: -0.7877
Iter 272/300 - Loss: -0.7879
Iter 273/300 - Loss: -0.7881
Iter 274/300 - Loss: -0.7883
Iter 275/300 - Loss: -0.7884
Iter 276/300 - Loss: -0.7886
Iter 277/300 - Loss: -0.7888
Iter 278/300 - Loss: -0.7889
Iter 279/300 - Loss: -0.7891
Iter 280/300 - Loss: -0.7893
Iter 281/300 - Loss: -0.7894
Iter 282/300 - Loss: -0.7896
Iter 283/300 - Loss: -0.7898
Iter 284/300 - Loss: -0.7899
Iter 285/300 - Loss: -0.7901
Iter 286/300 - Loss: -0.7902
Iter 287/300 - Loss: -0.7904
Iter 288/300 - Loss: -0.7906
Iter 289/300 - Loss: -0.7907
Iter 290/300 - Loss: -0.7909
Iter 291/300 - Loss: -0.7910
Iter 292/300 - Loss: -0.7912
Iter 293/300 - Loss: -0.7913
Iter 294/300 - Loss: -0.7915
Iter 295/300 - Loss: -0.7916
Iter 296/300 - Loss: -0.7917
Iter 297/300 - Loss: -0.7919
Iter 298/300 - Loss: -0.7920
Iter 299/300 - Loss: -0.7922
Iter 300/300 - Loss: -0.7923
