prev {'d': 0.4243320933391279, 'e': 1.1403424378432583, 'f': 2.3667581577790617, 'g': 1.247300558541451}
Starting ML Fit
Box33_1400
       message: Optimization terminated successfully.
       success: True
        status: 0
           fun: 2812.797667147446
             x: [ 4.186e-01  1.138e+00  2.368e+00  1.247e+00]
           nit: 78
          nfev: 137
 final_simplex: (array([[ 4.186e-01,  1.138e+00,  2.368e+00,  1.247e+00],
                       [ 4.186e-01,  1.138e+00,  2.368e+00,  1.247e+00],
                       ...,
                       [ 4.186e-01,  1.138e+00,  2.368e+00,  1.247e+00],
                       [ 4.186e-01,  1.138e+00,  2.368e+00,  1.247e+00]]), array([ 2.813e+03,  2.813e+03,  2.813e+03,  2.813e+03,
                        2.813e+03]))
   param_names: ['d', 'e', 'f', 'g']
[0.4185779  1.13849587 2.36759747 1.24681896]
{'d': 0.4185778961967924, 'e': 1.138495874156388, 'f': 2.367597470005416, 'g': 1.24681895600146}
Previous:  {'d': 0.4243320933391279, 'e': 1.1403424378432583, 'f': 2.3667581577790617, 'g': 1.247300558541451}
