Leaving out Box_n50_35_1400
alist [1.0, 0.953321, 0.866399, 0.787402, 0.715608, 0.65036, 0.620002, 0.591061, 0.563471, 0.537169, 0.512095, 0.488191, 0.403224, 0.366459]
(2030, 10)
(2030, 4)
scaling input
(2030, 10)
scaling output
(2030, 4)
Iter 1/300 - Loss: 2.9013
Iter 2/300 - Loss: 2.5289
Iter 3/300 - Loss: 2.1983
Iter 4/300 - Loss: 1.9138
Iter 5/300 - Loss: 1.6699
Iter 6/300 - Loss: 1.4613
Iter 7/300 - Loss: 1.2893
Iter 8/300 - Loss: 1.1560
Iter 9/300 - Loss: 1.0628
Iter 10/300 - Loss: 1.0056
Iter 11/300 - Loss: 0.9735
Iter 12/300 - Loss: 0.9563
Iter 13/300 - Loss: 0.9430
Iter 14/300 - Loss: 0.9271
Iter 15/300 - Loss: 0.9042
Iter 16/300 - Loss: 0.8703
Iter 17/300 - Loss: 0.8249
Iter 18/300 - Loss: 0.7684
Iter 19/300 - Loss: 0.7022
Iter 20/300 - Loss: 0.6305
Iter 21/300 - Loss: 0.5588
Iter 22/300 - Loss: 0.4926
Iter 23/300 - Loss: 0.4348
Iter 24/300 - Loss: 0.3860
Iter 25/300 - Loss: 0.3450
Iter 26/300 - Loss: 0.3092
Iter 27/300 - Loss: 0.2758
Iter 28/300 - Loss: 0.2423
Iter 29/300 - Loss: 0.2070
Iter 30/300 - Loss: 0.1691
Iter 31/300 - Loss: 0.1287
Iter 32/300 - Loss: 0.0861
Iter 33/300 - Loss: 0.0422
Iter 34/300 - Loss: -0.0023
Iter 35/300 - Loss: -0.0463
Iter 36/300 - Loss: -0.0889
Iter 37/300 - Loss: -0.1294
Iter 38/300 - Loss: -0.1672
Iter 39/300 - Loss: -0.2015
Iter 40/300 - Loss: -0.2338
Iter 41/300 - Loss: -0.2648
Iter 42/300 - Loss: -0.2932
Iter 43/300 - Loss: -0.3214
Iter 44/300 - Loss: -0.3490
Iter 45/300 - Loss: -0.3760
Iter 46/300 - Loss: -0.4035
Iter 47/300 - Loss: -0.4297
Iter 48/300 - Loss: -0.4547
Iter 49/300 - Loss: -0.4773
Iter 50/300 - Loss: -0.4979
Iter 51/300 - Loss: -0.5165
Iter 52/300 - Loss: -0.5334
Iter 53/300 - Loss: -0.5492
Iter 54/300 - Loss: -0.5641
Iter 55/300 - Loss: -0.5783
Iter 56/300 - Loss: -0.5921
Iter 57/300 - Loss: -0.6052
Iter 58/300 - Loss: -0.6175
Iter 59/300 - Loss: -0.6288
Iter 60/300 - Loss: -0.6391
Iter 61/300 - Loss: -0.6485
Iter 62/300 - Loss: -0.6571
Iter 63/300 - Loss: -0.6655
Iter 64/300 - Loss: -0.6737
Iter 65/300 - Loss: -0.6819
Iter 66/300 - Loss: -0.6897
Iter 67/300 - Loss: -0.6966
Iter 68/300 - Loss: -0.7025
Iter 69/300 - Loss: -0.7073
Iter 70/300 - Loss: -0.7113
Iter 71/300 - Loss: -0.7150
Iter 72/300 - Loss: -0.7186
Iter 73/300 - Loss: -0.7219
Iter 74/300 - Loss: -0.7250
Iter 75/300 - Loss: -0.7275
Iter 76/300 - Loss: -0.7297
Iter 77/300 - Loss: -0.7316
Iter 78/300 - Loss: -0.7335
Iter 79/300 - Loss: -0.7354
Iter 80/300 - Loss: -0.7373
Iter 81/300 - Loss: -0.7387
Iter 82/300 - Loss: -0.7397
Iter 83/300 - Loss: -0.7411
Iter 84/300 - Loss: -0.7431
Iter 85/300 - Loss: -0.7441
Iter 86/300 - Loss: -0.7456
Iter 87/300 - Loss: -0.7466
Iter 88/300 - Loss: -0.7481
Iter 89/300 - Loss: -0.7488
Iter 90/300 - Loss: -0.7499
Iter 91/300 - Loss: -0.7505
Iter 92/300 - Loss: -0.7513
Iter 93/300 - Loss: -0.7521
Iter 94/300 - Loss: -0.7527
Iter 95/300 - Loss: -0.7535
Iter 96/300 - Loss: -0.7540
Iter 97/300 - Loss: -0.7547
Iter 98/300 - Loss: -0.7550
Iter 99/300 - Loss: -0.7556
Iter 100/300 - Loss: -0.7559
Iter 101/300 - Loss: -0.7564
Iter 102/300 - Loss: -0.7568
Iter 103/300 - Loss: -0.7571
Iter 104/300 - Loss: -0.7575
Iter 105/300 - Loss: -0.7579
Iter 106/300 - Loss: -0.7582
Iter 107/300 - Loss: -0.7586
Iter 108/300 - Loss: -0.7590
Iter 109/300 - Loss: -0.7594
Iter 110/300 - Loss: -0.7597
Iter 111/300 - Loss: -0.7601
Iter 112/300 - Loss: -0.7604
Iter 113/300 - Loss: -0.7608
Iter 114/300 - Loss: -0.7611
Iter 115/300 - Loss: -0.7615
Iter 116/300 - Loss: -0.7618
Iter 117/300 - Loss: -0.7621
Iter 118/300 - Loss: -0.7624
Iter 119/300 - Loss: -0.7628
Iter 120/300 - Loss: -0.7630
Iter 121/300 - Loss: -0.7634
Iter 122/300 - Loss: -0.7637
Iter 123/300 - Loss: -0.7640
Iter 124/300 - Loss: -0.7643
Iter 125/300 - Loss: -0.7647
Iter 126/300 - Loss: -0.7650
Iter 127/300 - Loss: -0.7653
Iter 128/300 - Loss: -0.7656
Iter 129/300 - Loss: -0.7660
Iter 130/300 - Loss: -0.7663
Iter 131/300 - Loss: -0.7666
Iter 132/300 - Loss: -0.7669
Iter 133/300 - Loss: -0.7673
Iter 134/300 - Loss: -0.7676
Iter 135/300 - Loss: -0.7679
Iter 136/300 - Loss: -0.7683
Iter 137/300 - Loss: -0.7686
Iter 138/300 - Loss: -0.7690
Iter 139/300 - Loss: -0.7694
Iter 140/300 - Loss: -0.7699
Iter 141/300 - Loss: -0.7703
Iter 142/300 - Loss: -0.7709
Iter 143/300 - Loss: -0.7716
Iter 144/300 - Loss: -0.7725
Iter 145/300 - Loss: -0.7737
Iter 146/300 - Loss: -0.7752
Iter 147/300 - Loss: -0.7770
Iter 148/300 - Loss: -0.7792
Iter 149/300 - Loss: -0.7814
Iter 150/300 - Loss: -0.7836
Iter 151/300 - Loss: -0.7850
Iter 152/300 - Loss: -0.7856
Iter 153/300 - Loss: -0.7868
Iter 154/300 - Loss: -0.7884
Iter 155/300 - Loss: -0.7892
Iter 156/300 - Loss: -0.7889
Iter 157/300 - Loss: -0.7884
Iter 158/300 - Loss: -0.7887
Iter 159/300 - Loss: -0.7896
Iter 160/300 - Loss: -0.7905
Iter 161/300 - Loss: -0.7909
Iter 162/300 - Loss: -0.7910
Iter 163/300 - Loss: -0.7910
Iter 164/300 - Loss: -0.7913
Iter 165/300 - Loss: -0.7918
Iter 166/300 - Loss: -0.7924
Iter 167/300 - Loss: -0.7928
Iter 168/300 - Loss: -0.7931
Iter 169/300 - Loss: -0.7932
Iter 170/300 - Loss: -0.7934
Iter 171/300 - Loss: -0.7938
Iter 172/300 - Loss: -0.7942
Iter 173/300 - Loss: -0.7946
Iter 174/300 - Loss: -0.7948
Iter 175/300 - Loss: -0.7950
Iter 176/300 - Loss: -0.7952
Iter 177/300 - Loss: -0.7955
Iter 178/300 - Loss: -0.7958
Iter 179/300 - Loss: -0.7961
Iter 180/300 - Loss: -0.7964
Iter 181/300 - Loss: -0.7966
Iter 182/300 - Loss: -0.7968
Iter 183/300 - Loss: -0.7970
Iter 184/300 - Loss: -0.7973
Iter 185/300 - Loss: -0.7975
Iter 186/300 - Loss: -0.7977
Iter 187/300 - Loss: -0.7979
Iter 188/300 - Loss: -0.7981
Iter 189/300 - Loss: -0.7983
Iter 190/300 - Loss: -0.7986
Iter 191/300 - Loss: -0.7988
Iter 192/300 - Loss: -0.7990
Iter 193/300 - Loss: -0.7992
Iter 194/300 - Loss: -0.7994
Iter 195/300 - Loss: -0.7995
Iter 196/300 - Loss: -0.7997
Iter 197/300 - Loss: -0.7999
Iter 198/300 - Loss: -0.8001
Iter 199/300 - Loss: -0.8003
Iter 200/300 - Loss: -0.8004
Iter 201/300 - Loss: -0.8006
Iter 202/300 - Loss: -0.8008
Iter 203/300 - Loss: -0.8009
Iter 204/300 - Loss: -0.8011
Iter 205/300 - Loss: -0.8012
Iter 206/300 - Loss: -0.8014
Iter 207/300 - Loss: -0.8015
Iter 208/300 - Loss: -0.8017
Iter 209/300 - Loss: -0.8018
Iter 210/300 - Loss: -0.8020
Iter 211/300 - Loss: -0.8021
Iter 212/300 - Loss: -0.8023
Iter 213/300 - Loss: -0.8024
Iter 214/300 - Loss: -0.8025
Iter 215/300 - Loss: -0.8027
Iter 216/300 - Loss: -0.8028
Iter 217/300 - Loss: -0.8029
Iter 218/300 - Loss: -0.8031
Iter 219/300 - Loss: -0.8032
Iter 220/300 - Loss: -0.8033
Iter 221/300 - Loss: -0.8034
Iter 222/300 - Loss: -0.8035
Iter 223/300 - Loss: -0.8037
Iter 224/300 - Loss: -0.8038
Iter 225/300 - Loss: -0.8039
Iter 226/300 - Loss: -0.8040
Iter 227/300 - Loss: -0.8041
Iter 228/300 - Loss: -0.8042
Iter 229/300 - Loss: -0.8043
Iter 230/300 - Loss: -0.8044
Iter 231/300 - Loss: -0.8046
Iter 232/300 - Loss: -0.8047
Iter 233/300 - Loss: -0.8048
Iter 234/300 - Loss: -0.8049
Iter 235/300 - Loss: -0.8050
Iter 236/300 - Loss: -0.8051
Iter 237/300 - Loss: -0.8052
Iter 238/300 - Loss: -0.8053
Iter 239/300 - Loss: -0.8054
Iter 240/300 - Loss: -0.8054
Iter 241/300 - Loss: -0.8055
Iter 242/300 - Loss: -0.8056
Iter 243/300 - Loss: -0.8057
Iter 244/300 - Loss: -0.8058
Iter 245/300 - Loss: -0.8059
Iter 246/300 - Loss: -0.8060
Iter 247/300 - Loss: -0.8061
Iter 248/300 - Loss: -0.8062
Iter 249/300 - Loss: -0.8063
Iter 250/300 - Loss: -0.8064
Iter 251/300 - Loss: -0.8064
Iter 252/300 - Loss: -0.8065
Iter 253/300 - Loss: -0.8066
Iter 254/300 - Loss: -0.8067
Iter 255/300 - Loss: -0.8068
Iter 256/300 - Loss: -0.8069
Iter 257/300 - Loss: -0.8069
Iter 258/300 - Loss: -0.8070
Iter 259/300 - Loss: -0.8071
Iter 260/300 - Loss: -0.8072
Iter 261/300 - Loss: -0.8072
Iter 262/300 - Loss: -0.8073
Iter 263/300 - Loss: -0.8074
Iter 264/300 - Loss: -0.8075
Iter 265/300 - Loss: -0.8076
Iter 266/300 - Loss: -0.8076
Iter 267/300 - Loss: -0.8077
Iter 268/300 - Loss: -0.8078
Iter 269/300 - Loss: -0.8079
Iter 270/300 - Loss: -0.8079
Iter 271/300 - Loss: -0.8080
Iter 272/300 - Loss: -0.8081
Iter 273/300 - Loss: -0.8081
Iter 274/300 - Loss: -0.8082
Iter 275/300 - Loss: -0.8083
Iter 276/300 - Loss: -0.8084
Iter 277/300 - Loss: -0.8084
Iter 278/300 - Loss: -0.8085
Iter 279/300 - Loss: -0.8086
Iter 280/300 - Loss: -0.8086
Iter 281/300 - Loss: -0.8087
Iter 282/300 - Loss: -0.8088
Iter 283/300 - Loss: -0.8088
Iter 284/300 - Loss: -0.8089
Iter 285/300 - Loss: -0.8090
Iter 286/300 - Loss: -0.8090
Iter 287/300 - Loss: -0.8091
Iter 288/300 - Loss: -0.8092
Iter 289/300 - Loss: -0.8092
Iter 290/300 - Loss: -0.8093
Iter 291/300 - Loss: -0.8094
Iter 292/300 - Loss: -0.8094
Iter 293/300 - Loss: -0.8095
Iter 294/300 - Loss: -0.8096
Iter 295/300 - Loss: -0.8096
Iter 296/300 - Loss: -0.8097
Iter 297/300 - Loss: -0.8098
Iter 298/300 - Loss: -0.8098
Iter 299/300 - Loss: -0.8099
Iter 300/300 - Loss: -0.8100
