prev {'d': 0.3939413311403389, 'e': 0.9440756999310866, 'f': 2.3471039953620405, 'g': 1.2560525612844302}
Starting ML Fit
Box_n50_49_1400
       message: Optimization terminated successfully.
       success: True
        status: 0
           fun: -20.50138934361879
             x: [ 3.939e-01  9.441e-01  2.347e+00  1.256e+00]
           nit: 73
          nfev: 121
 final_simplex: (array([[ 3.939e-01,  9.441e-01,  2.347e+00,  1.256e+00],
                       [ 3.939e-01,  9.441e-01,  2.347e+00,  1.256e+00],
                       ...,
                       [ 3.939e-01,  9.441e-01,  2.347e+00,  1.256e+00],
                       [ 3.939e-01,  9.441e-01,  2.347e+00,  1.256e+00]]), array([-2.050e+01, -2.050e+01, -2.050e+01, -2.050e+01,
                       -2.050e+01]))
   param_names: ['d', 'e', 'f', 'g']
[0.39394133 0.9440757  2.347104   1.25605256]
{'d': 0.3939413311403389, 'e': 0.9440756999310866, 'f': 2.3471039953620405, 'g': 1.2560525612844302}
Previous:  {'d': 0.3939413311403389, 'e': 0.9440756999310866, 'f': 2.3471039953620405, 'g': 1.2560525612844302}
