prev {'d': 0.503243823223446, 'e': 1.2295409462595046, 'f': 2.2629679336332766, 'g': 1.2204814204441197}
Starting ML Fit
Box4_1400
       message: Optimization terminated successfully.
       success: True
        status: 0
           fun: 8605.032088069212
             x: [ 4.887e-01  1.227e+00  2.263e+00  1.221e+00]
           nit: 97
          nfev: 176
 final_simplex: (array([[ 4.887e-01,  1.227e+00,  2.263e+00,  1.221e+00],
                       [ 4.887e-01,  1.227e+00,  2.263e+00,  1.221e+00],
                       ...,
                       [ 4.887e-01,  1.227e+00,  2.263e+00,  1.221e+00],
                       [ 4.887e-01,  1.227e+00,  2.263e+00,  1.221e+00]]), array([ 8.605e+03,  8.605e+03,  8.605e+03,  8.605e+03,
                        8.605e+03]))
   param_names: ['d', 'e', 'f', 'g']
[0.48872171 1.22714486 2.26297962 1.22059792]
{'d': 0.4887217115524229, 'e': 1.2271448565496792, 'f': 2.2629796217082916, 'g': 1.2205979235455702}
Previous:  {'d': 0.503243823223446, 'e': 1.2295409462595046, 'f': 2.2629679336332766, 'g': 1.2204814204441197}
