prev {'d': 0.4036184057275058, 'e': 0.953933243667135, 'f': 2.343792159156305, 'g': 1.2666108599277033}
Starting ML Fit
Box_n50_5_1400
       message: Optimization terminated successfully.
       success: True
        status: 0
           fun: 3647.381658894791
             x: [ 3.985e-01  9.586e-01  2.343e+00  1.257e+00]
           nit: 75
          nfev: 136
 final_simplex: (array([[ 3.985e-01,  9.586e-01,  2.343e+00,  1.257e+00],
                       [ 3.984e-01,  9.585e-01,  2.343e+00,  1.257e+00],
                       ...,
                       [ 3.984e-01,  9.586e-01,  2.343e+00,  1.257e+00],
                       [ 3.984e-01,  9.586e-01,  2.343e+00,  1.257e+00]]), array([ 3.647e+03,  3.647e+03,  3.647e+03,  3.647e+03,
                        3.647e+03]))
   param_names: ['d', 'e', 'f', 'g']
[0.39845036 0.95855751 2.34253641 1.25665781]
{'d': 0.39845036376649123, 'e': 0.9585575129929398, 'f': 2.3425364122091326, 'g': 1.2566578136463744}
Previous:  {'d': 0.4036184057275058, 'e': 0.953933243667135, 'f': 2.343792159156305, 'g': 1.2666108599277033}
