prev {'d': 0.5359825484358522, 'e': 1.1853241595450634, 'f': 2.2569947531269126, 'g': 1.277452900691093}
Starting ML Fit
Box83_1400
       message: Optimization terminated successfully.
       success: True
        status: 0
           fun: 7671.647620535174
             x: [ 5.420e-01  1.194e+00  2.240e+00  1.291e+00]
           nit: 116
          nfev: 207
 final_simplex: (array([[ 5.420e-01,  1.194e+00,  2.240e+00,  1.291e+00],
                       [ 5.420e-01,  1.194e+00,  2.240e+00,  1.291e+00],
                       ...,
                       [ 5.420e-01,  1.194e+00,  2.240e+00,  1.291e+00],
                       [ 5.420e-01,  1.194e+00,  2.240e+00,  1.291e+00]]), array([ 7.672e+03,  7.672e+03,  7.672e+03,  7.672e+03,
                        7.672e+03]))
   param_names: ['d', 'e', 'f', 'g']
[0.5420184  1.19402148 2.24004371 1.29146134]
{'d': 0.5420184019790335, 'e': 1.194021477410749, 'f': 2.2400437063514236, 'g': 1.2914613423326644}
Previous:  {'d': 0.5359825484358522, 'e': 1.1853241595450634, 'f': 2.2569947531269126, 'g': 1.277452900691093}
