alist [1.0, 0.953321, 0.866399, 0.787402, 0.715608, 0.65036, 0.620002, 0.591061, 0.563471, 0.537169, 0.512095, 0.488191, 0.403224, 0.366459]
Leaving out Box90_1400
Iter 1/250 - Loss: 6.0852
Iter 2/250 - Loss: 5.7177
Iter 3/250 - Loss: 5.1915
Iter 4/250 - Loss: 4.6483
Iter 5/250 - Loss: 4.3025
Iter 6/250 - Loss: 3.9173
Iter 7/250 - Loss: 3.5591
Iter 8/250 - Loss: 3.2303
Iter 9/250 - Loss: 2.9241
Iter 10/250 - Loss: 2.6372
Iter 11/250 - Loss: 2.3779
Iter 12/250 - Loss: 2.1398
Iter 13/250 - Loss: 1.9199
Iter 14/250 - Loss: 1.7158
Iter 15/250 - Loss: 1.5250
Iter 16/250 - Loss: 1.3457
Iter 17/250 - Loss: 1.1765
Iter 18/250 - Loss: 1.0171
Iter 19/250 - Loss: 0.8672
Iter 20/250 - Loss: 0.7268
Iter 21/250 - Loss: 0.5957
Iter 22/250 - Loss: 0.4735
Iter 23/250 - Loss: 0.3600
Iter 24/250 - Loss: 0.2553
Iter 25/250 - Loss: 0.1593
Iter 26/250 - Loss: 0.0713
Iter 27/250 - Loss: -0.0094
Iter 28/250 - Loss: -0.0840
Iter 29/250 - Loss: -0.1536
Iter 30/250 - Loss: -0.2189
Iter 31/250 - Loss: -0.2807
Iter 32/250 - Loss: -0.3393
Iter 33/250 - Loss: -0.3953
Iter 34/250 - Loss: -0.4492
Iter 35/250 - Loss: -0.5015
Iter 36/250 - Loss: -0.5521
Iter 37/250 - Loss: -0.6011
Iter 38/250 - Loss: -0.6484
Iter 39/250 - Loss: -0.6943
Iter 40/250 - Loss: -0.7393
Iter 41/250 - Loss: -0.7833
Iter 42/250 - Loss: -0.8265
Iter 43/250 - Loss: -0.8695
Iter 44/250 - Loss: -0.9131
Iter 45/250 - Loss: -0.9577
Iter 46/250 - Loss: -1.0026
Iter 47/250 - Loss: -1.0475
Iter 48/250 - Loss: -1.0925
Iter 49/250 - Loss: -1.1376
Iter 50/250 - Loss: -1.1828
Iter 51/250 - Loss: -1.2279
Iter 52/250 - Loss: -1.2729
Iter 53/250 - Loss: -1.3185
Iter 54/250 - Loss: -1.3644
Iter 55/250 - Loss: -1.4096
Iter 56/250 - Loss: -1.4546
Iter 57/250 - Loss: -1.5001
Iter 58/250 - Loss: -1.5453
Iter 59/250 - Loss: -1.5899
Iter 60/250 - Loss: -1.6337
Iter 61/250 - Loss: -1.6769
Iter 62/250 - Loss: -1.7186
Iter 63/250 - Loss: -1.7583
Iter 64/250 - Loss: -1.7968
Iter 65/250 - Loss: -1.8346
Iter 66/250 - Loss: -1.8727
Iter 67/250 - Loss: -1.9115
Iter 68/250 - Loss: -1.9512
Iter 69/250 - Loss: -1.9916
Iter 70/250 - Loss: -2.0323
Iter 71/250 - Loss: -2.0731
Iter 72/250 - Loss: -2.1133
Iter 73/250 - Loss: -2.1526
Iter 74/250 - Loss: -2.1904
Iter 75/250 - Loss: -2.2267
Iter 76/250 - Loss: -2.2612
Iter 77/250 - Loss: -2.2938
Iter 78/250 - Loss: -2.3249
Iter 79/250 - Loss: -2.3546
Iter 80/250 - Loss: -2.3833
Iter 81/250 - Loss: -2.4110
Iter 82/250 - Loss: -2.4374
Iter 83/250 - Loss: -2.4626
Iter 84/250 - Loss: -2.4866
Iter 85/250 - Loss: -2.5091
Iter 86/250 - Loss: -2.5303
Iter 87/250 - Loss: -2.5503
Iter 88/250 - Loss: -2.5691
Iter 89/250 - Loss: -2.5868
Iter 90/250 - Loss: -2.6034
Iter 91/250 - Loss: -2.6190
Iter 92/250 - Loss: -2.6337
Iter 93/250 - Loss: -2.6476
Iter 94/250 - Loss: -2.6606
Iter 95/250 - Loss: -2.6730
Iter 96/250 - Loss: -2.6846
Iter 97/250 - Loss: -2.6956
Iter 98/250 - Loss: -2.7059
Iter 99/250 - Loss: -2.7156
Iter 100/250 - Loss: -2.7247
Iter 101/250 - Loss: -2.7333
Iter 102/250 - Loss: -2.7414
Iter 103/250 - Loss: -2.7490
Iter 104/250 - Loss: -2.7562
Iter 105/250 - Loss: -2.7630
Iter 106/250 - Loss: -2.7694
Iter 107/250 - Loss: -2.7754
Iter 108/250 - Loss: -2.7812
Iter 109/250 - Loss: -2.7865
Iter 110/250 - Loss: -2.7917
Iter 111/250 - Loss: -2.7965
Iter 112/250 - Loss: -2.8011
Iter 113/250 - Loss: -2.8054
Iter 114/250 - Loss: -2.8095
Iter 115/250 - Loss: -2.8133
Iter 116/250 - Loss: -2.8170
Iter 117/250 - Loss: -2.8206
Iter 118/250 - Loss: -2.8239
Iter 119/250 - Loss: -2.8271
Iter 120/250 - Loss: -2.8301
Iter 121/250 - Loss: -2.8330
Iter 122/250 - Loss: -2.8357
Iter 123/250 - Loss: -2.8384
Iter 124/250 - Loss: -2.8409
Iter 125/250 - Loss: -2.8433
Iter 126/250 - Loss: -2.8456
Iter 127/250 - Loss: -2.8478
Iter 128/250 - Loss: -2.8499
Iter 129/250 - Loss: -2.8519
Iter 130/250 - Loss: -2.8538
Iter 131/250 - Loss: -2.8557
Iter 132/250 - Loss: -2.8575
Iter 133/250 - Loss: -2.8592
Iter 134/250 - Loss: -2.8608
Iter 135/250 - Loss: -2.8624
Iter 136/250 - Loss: -2.8639
Iter 137/250 - Loss: -2.8654
Iter 138/250 - Loss: -2.8668
Iter 139/250 - Loss: -2.8681
Iter 140/250 - Loss: -2.8694
Iter 141/250 - Loss: -2.8707
Iter 142/250 - Loss: -2.8719
Iter 143/250 - Loss: -2.8731
Iter 144/250 - Loss: -2.8742
Iter 145/250 - Loss: -2.8754
Iter 146/250 - Loss: -2.8764
Iter 147/250 - Loss: -2.8774
Iter 148/250 - Loss: -2.8784
Iter 149/250 - Loss: -2.8794
Iter 150/250 - Loss: -2.8803
Iter 151/250 - Loss: -2.8812
Iter 152/250 - Loss: -2.8821
Iter 153/250 - Loss: -2.8829
Iter 154/250 - Loss: -2.8838
Iter 155/250 - Loss: -2.8845
Iter 156/250 - Loss: -2.8853
Iter 157/250 - Loss: -2.8860
Iter 158/250 - Loss: -2.8868
Iter 159/250 - Loss: -2.8874
Iter 160/250 - Loss: -2.8881
Iter 161/250 - Loss: -2.8888
Iter 162/250 - Loss: -2.8894
Iter 163/250 - Loss: -2.8900
Iter 164/250 - Loss: -2.8906
Iter 165/250 - Loss: -2.8912
Iter 166/250 - Loss: -2.8917
Iter 167/250 - Loss: -2.8923
Iter 168/250 - Loss: -2.8928
Iter 169/250 - Loss: -2.8933
Iter 170/250 - Loss: -2.8939
Iter 171/250 - Loss: -2.8943
Iter 172/250 - Loss: -2.8948
Iter 173/250 - Loss: -2.8953
Iter 174/250 - Loss: -2.8957
Iter 175/250 - Loss: -2.8962
Iter 176/250 - Loss: -2.8966
Iter 177/250 - Loss: -2.8970
Iter 178/250 - Loss: -2.8974
Iter 179/250 - Loss: -2.8978
Iter 180/250 - Loss: -2.8982
Iter 181/250 - Loss: -2.8986
Iter 182/250 - Loss: -2.8990
Iter 183/250 - Loss: -2.8994
Iter 184/250 - Loss: -2.8997
Iter 185/250 - Loss: -2.9001
Iter 186/250 - Loss: -2.9004
Iter 187/250 - Loss: -2.9007
Iter 188/250 - Loss: -2.9011
Iter 189/250 - Loss: -2.9014
Iter 190/250 - Loss: -2.9017
Iter 191/250 - Loss: -2.9020
Iter 192/250 - Loss: -2.9023
Iter 193/250 - Loss: -2.9026
Iter 194/250 - Loss: -2.9029
Iter 195/250 - Loss: -2.9032
Iter 196/250 - Loss: -2.9035
Iter 197/250 - Loss: -2.9038
Iter 198/250 - Loss: -2.9041
Iter 199/250 - Loss: -2.9043
Iter 200/250 - Loss: -2.9046
Iter 201/250 - Loss: -2.9048
Iter 202/250 - Loss: -2.9051
Iter 203/250 - Loss: -2.9053
Iter 204/250 - Loss: -2.9056
Iter 205/250 - Loss: -2.9058
Iter 206/250 - Loss: -2.9061
Iter 207/250 - Loss: -2.9063
Iter 208/250 - Loss: -2.9065
Iter 209/250 - Loss: -2.9068
Iter 210/250 - Loss: -2.9070
Iter 211/250 - Loss: -2.9072
Iter 212/250 - Loss: -2.9074
Iter 213/250 - Loss: -2.9076
Iter 214/250 - Loss: -2.9079
Iter 215/250 - Loss: -2.9081
Iter 216/250 - Loss: -2.9083
Iter 217/250 - Loss: -2.9085
Iter 218/250 - Loss: -2.9087
Iter 219/250 - Loss: -2.9089
Iter 220/250 - Loss: -2.9091
Iter 221/250 - Loss: -2.9093
Iter 222/250 - Loss: -2.9095
Iter 223/250 - Loss: -2.9096
Iter 224/250 - Loss: -2.9098
Iter 225/250 - Loss: -2.9100
Iter 226/250 - Loss: -2.9101
Iter 227/250 - Loss: -2.9103
Iter 228/250 - Loss: -2.9105
Iter 229/250 - Loss: -2.9107
Iter 230/250 - Loss: -2.9109
Iter 231/250 - Loss: -2.9110
Iter 232/250 - Loss: -2.9112
Iter 233/250 - Loss: -2.9114
Iter 234/250 - Loss: -2.9116
Iter 235/250 - Loss: -2.9117
Iter 236/250 - Loss: -2.9119
Iter 237/250 - Loss: -2.9120
Iter 238/250 - Loss: -2.9122
Iter 239/250 - Loss: -2.9123
Iter 240/250 - Loss: -2.9125
Iter 241/250 - Loss: -2.9126
Iter 242/250 - Loss: -2.9128
Iter 243/250 - Loss: -2.9129
Iter 244/250 - Loss: -2.9131
Iter 245/250 - Loss: -2.9132
Iter 246/250 - Loss: -2.9134
Iter 247/250 - Loss: -2.9135
Iter 248/250 - Loss: -2.9137
Iter 249/250 - Loss: -2.9138
Iter 250/250 - Loss: -2.9139
{'d': 0.4098117, 'e': 1.1379247, 'f': 2.296985, 'g': 1.2549347}
{'d': 0.41622612, 'e': 1.1344053, 'f': 2.2970805, 'g': 1.2570418}
{'d': 0.43285948, 'e': 1.1217421, 'f': 2.2981982, 'g': 1.2616231}
{'d': 0.43798023, 'e': 1.1188557, 'f': 2.2985957, 'g': 1.2627331}
{'d': 0.44353727, 'e': 1.1166062, 'f': 2.2990117, 'g': 1.2637947}
{'d': 0.4495635, 'e': 1.1154516, 'f': 2.2994106, 'g': 1.26479}
{'d': 0.45606032, 'e': 1.115411, 'f': 2.2998025, 'g': 1.265719}
{'d': 0.4630366, 'e': 1.1167309, 'f': 2.3001668, 'g': 1.2665807}
{'d': 0.4704816, 'e': 1.1194636, 'f': 2.3004956, 'g': 1.2673872}
{'d': 0.48652053, 'e': 1.1269125, 'f': 2.3012471, 'g': 1.2690104}
{'d': 0.50355315, 'e': 1.1337906, 'f': 2.3023512, 'g': 1.2709118}
{'d': 0.52054036, 'e': 1.1338794, 'f': 2.3042529, 'g': 1.2734625}
{'d': 0.53621507, 'e': 1.1213702, 'f': 2.3073378, 'g': 1.2768964}
{'d': 0.54317516, 'e': 1.1094054, 'f': 2.3093715, 'g': 1.278941}
