prev {'d': 0.3613715622254051, 'e': 0.8450946296447095, 'f': 2.3271610821759348, 'g': 1.2107140403882657}
Starting ML Fit
Box85_1400
       message: Optimization terminated successfully.
       success: True
        status: 0
           fun: 525.919084946626
             x: [ 3.581e-01  8.439e-01  2.327e+00  1.211e+00]
           nit: 75
          nfev: 140
 final_simplex: (array([[ 3.581e-01,  8.439e-01,  2.327e+00,  1.211e+00],
                       [ 3.581e-01,  8.439e-01,  2.327e+00,  1.211e+00],
                       ...,
                       [ 3.581e-01,  8.439e-01,  2.327e+00,  1.211e+00],
                       [ 3.581e-01,  8.439e-01,  2.327e+00,  1.211e+00]]), array([ 5.259e+02,  5.259e+02,  5.259e+02,  5.259e+02,
                        5.259e+02]))
   param_names: ['d', 'e', 'f', 'g']
[0.35805121 0.84386351 2.32717686 1.2105147 ]
{'d': 0.3580512127675425, 'e': 0.8438635089407029, 'f': 2.327176859542091, 'g': 1.2105147008374886}
Previous:  {'d': 0.3613715622254051, 'e': 0.8450946296447095, 'f': 2.3271610821759348, 'g': 1.2107140403882657}
