prev {'d': 0.5555659016790279, 'e': 1.1486856136757364, 'f': 2.3275219778324483, 'g': 1.2880194619394425}
Starting ML Fit
Box86_1400
       message: Optimization terminated successfully.
       success: True
        status: 0
           fun: 15724.026182683656
             x: [ 5.447e-01  1.119e+00  2.329e+00  1.277e+00]
           nit: 91
          nfev: 161
 final_simplex: (array([[ 5.447e-01,  1.119e+00,  2.329e+00,  1.277e+00],
                       [ 5.447e-01,  1.119e+00,  2.329e+00,  1.277e+00],
                       ...,
                       [ 5.447e-01,  1.119e+00,  2.329e+00,  1.277e+00],
                       [ 5.447e-01,  1.119e+00,  2.329e+00,  1.277e+00]]), array([ 1.572e+04,  1.572e+04,  1.572e+04,  1.572e+04,
                        1.572e+04]))
   param_names: ['d', 'e', 'f', 'g']
[0.54470358 1.11893449 2.32861875 1.27652326]
{'d': 0.5447035777612479, 'e': 1.1189344936116663, 'f': 2.3286187491705435, 'g': 1.276523255457348}
Previous:  {'d': 0.5555659016790279, 'e': 1.1486856136757364, 'f': 2.3275219778324483, 'g': 1.2880194619394425}
