prev {'d': 0.4727797654714217, 'e': 0.9775088408478154, 'f': 2.372576255473681, 'g': 1.280312379041864}
Starting ML Fit
Box_n50_23_1400
       message: Optimization terminated successfully.
       success: True
        status: 0
           fun: 6249.124916989376
             x: [ 4.654e-01  9.444e-01  2.373e+00  1.279e+00]
           nit: 95
          nfev: 171
 final_simplex: (array([[ 4.654e-01,  9.444e-01,  2.373e+00,  1.279e+00],
                       [ 4.654e-01,  9.444e-01,  2.373e+00,  1.279e+00],
                       ...,
                       [ 4.654e-01,  9.443e-01,  2.373e+00,  1.279e+00],
                       [ 4.654e-01,  9.443e-01,  2.373e+00,  1.279e+00]]), array([ 6.249e+03,  6.249e+03,  6.249e+03,  6.249e+03,
                        6.249e+03]))
   param_names: ['d', 'e', 'f', 'g']
[0.46543485 0.94435318 2.37276396 1.27930894]
{'d': 0.4654348455765883, 'e': 0.9443531817778069, 'f': 2.372763964703975, 'g': 1.2793089351764866}
Previous:  {'d': 0.4727797654714217, 'e': 0.9775088408478154, 'f': 2.372576255473681, 'g': 1.280312379041864}
