prev {'d': 0.44908836850391687, 'e': 1.2390446548893146, 'f': 2.3063109432699314, 'g': 1.2468091339386889}
Starting ML Fit
Box95_1400
       message: Optimization terminated successfully.
       success: True
        status: 0
           fun: 5858.102554021888
             x: [ 4.377e-01  1.241e+00  2.306e+00  1.243e+00]
           nit: 75
          nfev: 141
 final_simplex: (array([[ 4.377e-01,  1.241e+00,  2.306e+00,  1.243e+00],
                       [ 4.377e-01,  1.241e+00,  2.306e+00,  1.243e+00],
                       ...,
                       [ 4.377e-01,  1.241e+00,  2.306e+00,  1.243e+00],
                       [ 4.377e-01,  1.241e+00,  2.306e+00,  1.243e+00]]), array([ 5.858e+03,  5.858e+03,  5.858e+03,  5.858e+03,
                        5.858e+03]))
   param_names: ['d', 'e', 'f', 'g']
[0.43768837 1.2411489  2.3059907  1.24269851]
{'d': 0.4376883729944473, 'e': 1.241148901483542, 'f': 2.305990699666955, 'g': 1.2426985112488884}
Previous:  {'d': 0.44908836850391687, 'e': 1.2390446548893146, 'f': 2.3063109432699314, 'g': 1.2468091339386889}
