Leaving out Box47_1400
alist [1.0, 0.953321, 0.866399, 0.787402, 0.715608, 0.65036, 0.620002, 0.591061, 0.563471, 0.537169, 0.512095, 0.488191, 0.403224, 0.366459]
Iter 1/250 - Loss: 3.3417
Iter 2/250 - Loss: 2.9716
Iter 3/250 - Loss: 2.6282
Iter 4/250 - Loss: 2.3117
Iter 5/250 - Loss: 2.0221
Iter 6/250 - Loss: 1.7604
Iter 7/250 - Loss: 1.5283
Iter 8/250 - Loss: 1.3278
Iter 9/250 - Loss: 1.1595
Iter 10/250 - Loss: 1.0214
Iter 11/250 - Loss: 0.9098
Iter 12/250 - Loss: 0.8196
Iter 13/250 - Loss: 0.7440
Iter 14/250 - Loss: 0.6784
Iter 15/250 - Loss: 0.6199
Iter 16/250 - Loss: 0.5644
Iter 17/250 - Loss: 0.5079
Iter 18/250 - Loss: 0.4474
Iter 19/250 - Loss: 0.3831
Iter 20/250 - Loss: 0.3173
Iter 21/250 - Loss: 0.2513
Iter 22/250 - Loss: 0.1876
Iter 23/250 - Loss: 0.1292
Iter 24/250 - Loss: 0.0774
Iter 25/250 - Loss: 0.0300
Iter 26/250 - Loss: -0.0164
Iter 27/250 - Loss: -0.0652
Iter 28/250 - Loss: -0.1177
Iter 29/250 - Loss: -0.1719
Iter 30/250 - Loss: -0.2248
Iter 31/250 - Loss: -0.2746
Iter 32/250 - Loss: -0.3212
Iter 33/250 - Loss: -0.3663
Iter 34/250 - Loss: -0.4122
Iter 35/250 - Loss: -0.4594
Iter 36/250 - Loss: -0.5073
Iter 37/250 - Loss: -0.5552
Iter 38/250 - Loss: -0.6022
Iter 39/250 - Loss: -0.6476
Iter 40/250 - Loss: -0.6915
Iter 41/250 - Loss: -0.7345
Iter 42/250 - Loss: -0.7776
Iter 43/250 - Loss: -0.8214
Iter 44/250 - Loss: -0.8659
Iter 45/250 - Loss: -0.9106
Iter 46/250 - Loss: -0.9548
Iter 47/250 - Loss: -0.9987
Iter 48/250 - Loss: -1.0423
Iter 49/250 - Loss: -1.0861
Iter 50/250 - Loss: -1.1300
Iter 51/250 - Loss: -1.1742
Iter 52/250 - Loss: -1.2186
Iter 53/250 - Loss: -1.2631
Iter 54/250 - Loss: -1.3075
Iter 55/250 - Loss: -1.3518
Iter 56/250 - Loss: -1.3955
Iter 57/250 - Loss: -1.4379
Iter 58/250 - Loss: -1.4787
Iter 59/250 - Loss: -1.5187
Iter 60/250 - Loss: -1.5593
Iter 61/250 - Loss: -1.6011
Iter 62/250 - Loss: -1.6441
Iter 63/250 - Loss: -1.6886
Iter 64/250 - Loss: -1.7338
Iter 65/250 - Loss: -1.7788
Iter 66/250 - Loss: -1.8226
Iter 67/250 - Loss: -1.8647
Iter 68/250 - Loss: -1.9046
Iter 69/250 - Loss: -1.9433
Iter 70/250 - Loss: -1.9811
Iter 71/250 - Loss: -2.0186
Iter 72/250 - Loss: -2.0556
Iter 73/250 - Loss: -2.0910
Iter 74/250 - Loss: -2.1245
Iter 75/250 - Loss: -2.1566
Iter 76/250 - Loss: -2.1873
Iter 77/250 - Loss: -2.2169
Iter 78/250 - Loss: -2.2460
Iter 79/250 - Loss: -2.2744
Iter 80/250 - Loss: -2.3021
Iter 81/250 - Loss: -2.3291
Iter 82/250 - Loss: -2.3548
Iter 83/250 - Loss: -2.3795
Iter 84/250 - Loss: -2.4026
Iter 85/250 - Loss: -2.4244
Iter 86/250 - Loss: -2.4451
Iter 87/250 - Loss: -2.4646
Iter 88/250 - Loss: -2.4832
Iter 89/250 - Loss: -2.5007
Iter 90/250 - Loss: -2.5173
Iter 91/250 - Loss: -2.5330
Iter 92/250 - Loss: -2.5480
Iter 93/250 - Loss: -2.5625
Iter 94/250 - Loss: -2.5763
Iter 95/250 - Loss: -2.5896
Iter 96/250 - Loss: -2.6025
Iter 97/250 - Loss: -2.6149
Iter 98/250 - Loss: -2.6268
Iter 99/250 - Loss: -2.6381
Iter 100/250 - Loss: -2.6488
Iter 101/250 - Loss: -2.6588
Iter 102/250 - Loss: -2.6682
Iter 103/250 - Loss: -2.6772
Iter 104/250 - Loss: -2.6859
Iter 105/250 - Loss: -2.6943
Iter 106/250 - Loss: -2.7024
Iter 107/250 - Loss: -2.7102
Iter 108/250 - Loss: -2.7176
Iter 109/250 - Loss: -2.7247
Iter 110/250 - Loss: -2.7314
Iter 111/250 - Loss: -2.7377
Iter 112/250 - Loss: -2.7437
Iter 113/250 - Loss: -2.7494
Iter 114/250 - Loss: -2.7547
Iter 115/250 - Loss: -2.7598
Iter 116/250 - Loss: -2.7644
Iter 117/250 - Loss: -2.7688
Iter 118/250 - Loss: -2.7728
Iter 119/250 - Loss: -2.7766
Iter 120/250 - Loss: -2.7800
Iter 121/250 - Loss: -2.7832
Iter 122/250 - Loss: -2.7862
Iter 123/250 - Loss: -2.7890
Iter 124/250 - Loss: -2.7917
Iter 125/250 - Loss: -2.7942
Iter 126/250 - Loss: -2.7965
Iter 127/250 - Loss: -2.7988
Iter 128/250 - Loss: -2.8009
Iter 129/250 - Loss: -2.8028
Iter 130/250 - Loss: -2.8047
Iter 131/250 - Loss: -2.8065
Iter 132/250 - Loss: -2.8082
Iter 133/250 - Loss: -2.8098
Iter 134/250 - Loss: -2.8113
Iter 135/250 - Loss: -2.8128
Iter 136/250 - Loss: -2.8142
Iter 137/250 - Loss: -2.8156
Iter 138/250 - Loss: -2.8169
Iter 139/250 - Loss: -2.8181
Iter 140/250 - Loss: -2.8193
Iter 141/250 - Loss: -2.8205
Iter 142/250 - Loss: -2.8216
Iter 143/250 - Loss: -2.8227
Iter 144/250 - Loss: -2.8238
Iter 145/250 - Loss: -2.8248
Iter 146/250 - Loss: -2.8258
Iter 147/250 - Loss: -2.8267
Iter 148/250 - Loss: -2.8277
Iter 149/250 - Loss: -2.8286
Iter 150/250 - Loss: -2.8295
Iter 151/250 - Loss: -2.8304
Iter 152/250 - Loss: -2.8313
Iter 153/250 - Loss: -2.8321
Iter 154/250 - Loss: -2.8329
Iter 155/250 - Loss: -2.8338
Iter 156/250 - Loss: -2.8346
Iter 157/250 - Loss: -2.8353
Iter 158/250 - Loss: -2.8361
Iter 159/250 - Loss: -2.8369
Iter 160/250 - Loss: -2.8376
Iter 161/250 - Loss: -2.8384
Iter 162/250 - Loss: -2.8391
Iter 163/250 - Loss: -2.8398
Iter 164/250 - Loss: -2.8406
Iter 165/250 - Loss: -2.8413
Iter 166/250 - Loss: -2.8420
Iter 167/250 - Loss: -2.8427
Iter 168/250 - Loss: -2.8434
Iter 169/250 - Loss: -2.8442
Iter 170/250 - Loss: -2.8449
Iter 171/250 - Loss: -2.8456
Iter 172/250 - Loss: -2.8464
Iter 173/250 - Loss: -2.8471
Iter 174/250 - Loss: -2.8478
Iter 175/250 - Loss: -2.8485
Iter 176/250 - Loss: -2.8493
Iter 177/250 - Loss: -2.8500
Iter 178/250 - Loss: -2.8507
Iter 179/250 - Loss: -2.8515
Iter 180/250 - Loss: -2.8522
Iter 181/250 - Loss: -2.8529
Iter 182/250 - Loss: -2.8537
Iter 183/250 - Loss: -2.8544
Iter 184/250 - Loss: -2.8552
Iter 185/250 - Loss: -2.8560
Iter 186/250 - Loss: -2.8567
Iter 187/250 - Loss: -2.8575
Iter 188/250 - Loss: -2.8582
Iter 189/250 - Loss: -2.8590
Iter 190/250 - Loss: -2.8597
Iter 191/250 - Loss: -2.8604
Iter 192/250 - Loss: -2.8610
Iter 193/250 - Loss: -2.8617
Iter 194/250 - Loss: -2.8623
Iter 195/250 - Loss: -2.8629
Iter 196/250 - Loss: -2.8635
Iter 197/250 - Loss: -2.8640
Iter 198/250 - Loss: -2.8646
Iter 199/250 - Loss: -2.8651
Iter 200/250 - Loss: -2.8656
Iter 201/250 - Loss: -2.8661
Iter 202/250 - Loss: -2.8666
Iter 203/250 - Loss: -2.8670
Iter 204/250 - Loss: -2.8674
Iter 205/250 - Loss: -2.8678
Iter 206/250 - Loss: -2.8682
Iter 207/250 - Loss: -2.8686
Iter 208/250 - Loss: -2.8690
Iter 209/250 - Loss: -2.8694
Iter 210/250 - Loss: -2.8697
Iter 211/250 - Loss: -2.8700
Iter 212/250 - Loss: -2.8704
Iter 213/250 - Loss: -2.8707
Iter 214/250 - Loss: -2.8710
Iter 215/250 - Loss: -2.8713
Iter 216/250 - Loss: -2.8716
Iter 217/250 - Loss: -2.8719
Iter 218/250 - Loss: -2.8722
Iter 219/250 - Loss: -2.8725
Iter 220/250 - Loss: -2.8728
Iter 221/250 - Loss: -2.8731
Iter 222/250 - Loss: -2.8734
Iter 223/250 - Loss: -2.8736
Iter 224/250 - Loss: -2.8739
Iter 225/250 - Loss: -2.8742
Iter 226/250 - Loss: -2.8744
Iter 227/250 - Loss: -2.8747
Iter 228/250 - Loss: -2.8750
Iter 229/250 - Loss: -2.8752
Iter 230/250 - Loss: -2.8755
Iter 231/250 - Loss: -2.8758
Iter 232/250 - Loss: -2.8760
Iter 233/250 - Loss: -2.8763
Iter 234/250 - Loss: -2.8766
Iter 235/250 - Loss: -2.8768
Iter 236/250 - Loss: -2.8771
Iter 237/250 - Loss: -2.8774
Iter 238/250 - Loss: -2.8777
Iter 239/250 - Loss: -2.8780
Iter 240/250 - Loss: -2.8783
Iter 241/250 - Loss: -2.8786
Iter 242/250 - Loss: -2.8788
Iter 243/250 - Loss: -2.8790
Iter 244/250 - Loss: -2.8792
Iter 245/250 - Loss: -2.8795
Iter 246/250 - Loss: -2.8797
Iter 247/250 - Loss: -2.8799
Iter 248/250 - Loss: -2.8802
Iter 249/250 - Loss: -2.8804
Iter 250/250 - Loss: -2.8806
now training with smaller learning rate
Iter 1/250 - Loss: -2.8808
Iter 2/250 - Loss: -2.8811
Iter 3/250 - Loss: -2.8818
Iter 4/250 - Loss: -2.8822
Iter 5/250 - Loss: -2.8826
Iter 6/250 - Loss: -2.8831
Iter 7/250 - Loss: -2.8836
Iter 8/250 - Loss: -2.8840
Iter 9/250 - Loss: -2.8845
Iter 10/250 - Loss: -2.8849
Iter 11/250 - Loss: -2.8853
Iter 12/250 - Loss: -2.8858
Iter 13/250 - Loss: -2.8863
Iter 14/250 - Loss: -2.8867
Iter 15/250 - Loss: -2.8871
Iter 16/250 - Loss: -2.8875
Iter 17/250 - Loss: -2.8880
Iter 18/250 - Loss: -2.8884
Iter 19/250 - Loss: -2.8888
Iter 20/250 - Loss: -2.8893
Iter 21/250 - Loss: -2.8897
Iter 22/250 - Loss: -2.8901
Iter 23/250 - Loss: -2.8905
Iter 24/250 - Loss: -2.8909
Iter 25/250 - Loss: -2.8914
Iter 26/250 - Loss: -2.8918
Iter 27/250 - Loss: -2.8922
Iter 28/250 - Loss: -2.8926
Iter 29/250 - Loss: -2.8930
Iter 30/250 - Loss: -2.8934
Iter 31/250 - Loss: -2.8938
Iter 32/250 - Loss: -2.8942
Iter 33/250 - Loss: -2.8946
Iter 34/250 - Loss: -2.8950
Iter 35/250 - Loss: -2.8954
Iter 36/250 - Loss: -2.8958
Iter 37/250 - Loss: -2.8962
Iter 38/250 - Loss: -2.8966
Iter 39/250 - Loss: -2.8970
Iter 40/250 - Loss: -2.8974
Iter 41/250 - Loss: -2.8977
Iter 42/250 - Loss: -2.8981
Iter 43/250 - Loss: -2.8985
Iter 44/250 - Loss: -2.8989
Iter 45/250 - Loss: -2.8993
Iter 46/250 - Loss: -2.8996
Iter 47/250 - Loss: -2.9000
Iter 48/250 - Loss: -2.9003
Iter 49/250 - Loss: -2.9007
Iter 50/250 - Loss: -2.9010
Iter 51/250 - Loss: -2.9014
Iter 52/250 - Loss: -2.9017
Iter 53/250 - Loss: -2.9021
Iter 54/250 - Loss: -2.9024
Iter 55/250 - Loss: -2.9027
Iter 56/250 - Loss: -2.9031
Iter 57/250 - Loss: -2.9034
Iter 58/250 - Loss: -2.9037
Iter 59/250 - Loss: -2.9040
Iter 60/250 - Loss: -2.9043
Iter 61/250 - Loss: -2.9046
Iter 62/250 - Loss: -2.9049
Iter 63/250 - Loss: -2.9052
Iter 64/250 - Loss: -2.9055
Iter 65/250 - Loss: -2.9058
Iter 66/250 - Loss: -2.9061
Iter 67/250 - Loss: -2.9064
Iter 68/250 - Loss: -2.9067
Iter 69/250 - Loss: -2.9070
Iter 70/250 - Loss: -2.9072
Iter 71/250 - Loss: -2.9075
Iter 72/250 - Loss: -2.9078
Iter 73/250 - Loss: -2.9080
Iter 74/250 - Loss: -2.9083
Iter 75/250 - Loss: -2.9086
Iter 76/250 - Loss: -2.9088
Iter 77/250 - Loss: -2.9091
Iter 78/250 - Loss: -2.9093
Iter 79/250 - Loss: -2.9095
Iter 80/250 - Loss: -2.9098
Iter 81/250 - Loss: -2.9100
Iter 82/250 - Loss: -2.9103
Iter 83/250 - Loss: -2.9105
Iter 84/250 - Loss: -2.9107
Iter 85/250 - Loss: -2.9109
Iter 86/250 - Loss: -2.9112
Iter 87/250 - Loss: -2.9114
Iter 88/250 - Loss: -2.9116
Iter 89/250 - Loss: -2.9118
Iter 90/250 - Loss: -2.9120
Iter 91/250 - Loss: -2.9123
Iter 92/250 - Loss: -2.9125
Iter 93/250 - Loss: -2.9127
Iter 94/250 - Loss: -2.9129
Iter 95/250 - Loss: -2.9131
Iter 96/250 - Loss: -2.9133
Iter 97/250 - Loss: -2.9135
Iter 98/250 - Loss: -2.9137
Iter 99/250 - Loss: -2.9138
Iter 100/250 - Loss: -2.9140
Iter 101/250 - Loss: -2.9142
Iter 102/250 - Loss: -2.9144
Iter 103/250 - Loss: -2.9146
Iter 104/250 - Loss: -2.9148
Iter 105/250 - Loss: -2.9150
Iter 106/250 - Loss: -2.9151
Iter 107/250 - Loss: -2.9153
Iter 108/250 - Loss: -2.9155
Iter 109/250 - Loss: -2.9157
Iter 110/250 - Loss: -2.9158
Iter 111/250 - Loss: -2.9160
Iter 112/250 - Loss: -2.9162
Iter 113/250 - Loss: -2.9163
Iter 114/250 - Loss: -2.9165
Iter 115/250 - Loss: -2.9167
Iter 116/250 - Loss: -2.9168
Iter 117/250 - Loss: -2.9170
Iter 118/250 - Loss: -2.9171
Iter 119/250 - Loss: -2.9173
Iter 120/250 - Loss: -2.9174
Iter 121/250 - Loss: -2.9176
Iter 122/250 - Loss: -2.9178
Iter 123/250 - Loss: -2.9179
Iter 124/250 - Loss: -2.9181
Iter 125/250 - Loss: -2.9182
Iter 126/250 - Loss: -2.9184
Iter 127/250 - Loss: -2.9185
Iter 128/250 - Loss: -2.9187
Iter 129/250 - Loss: -2.9188
Iter 130/250 - Loss: -2.9189
Iter 131/250 - Loss: -2.9191
Iter 132/250 - Loss: -2.9192
Iter 133/250 - Loss: -2.9194
Iter 134/250 - Loss: -2.9195
Iter 135/250 - Loss: -2.9196
Iter 136/250 - Loss: -2.9198
Iter 137/250 - Loss: -2.9199
Iter 138/250 - Loss: -2.9201
Iter 139/250 - Loss: -2.9202
Iter 140/250 - Loss: -2.9203
Iter 141/250 - Loss: -2.9204
Iter 142/250 - Loss: -2.9206
Iter 143/250 - Loss: -2.9207
Iter 144/250 - Loss: -2.9208
Iter 145/250 - Loss: -2.9210
Iter 146/250 - Loss: -2.9211
Iter 147/250 - Loss: -2.9212
Iter 148/250 - Loss: -2.9213
Iter 149/250 - Loss: -2.9215
Iter 150/250 - Loss: -2.9216
Iter 151/250 - Loss: -2.9217
Iter 152/250 - Loss: -2.9218
Iter 153/250 - Loss: -2.9219
Iter 154/250 - Loss: -2.9221
Iter 155/250 - Loss: -2.9222
Iter 156/250 - Loss: -2.9223
Iter 157/250 - Loss: -2.9224
Iter 158/250 - Loss: -2.9225
Iter 159/250 - Loss: -2.9226
Iter 160/250 - Loss: -2.9228
Iter 161/250 - Loss: -2.9229
Iter 162/250 - Loss: -2.9230
Iter 163/250 - Loss: -2.9231
Iter 164/250 - Loss: -2.9232
Iter 165/250 - Loss: -2.9233
Iter 166/250 - Loss: -2.9234
Iter 167/250 - Loss: -2.9235
Iter 168/250 - Loss: -2.9237
Iter 169/250 - Loss: -2.9238
Iter 170/250 - Loss: -2.9239
Iter 171/250 - Loss: -2.9240
Iter 172/250 - Loss: -2.9241
Iter 173/250 - Loss: -2.9242
Iter 174/250 - Loss: -2.9243
Iter 175/250 - Loss: -2.9243
Iter 176/250 - Loss: -2.9245
Iter 177/250 - Loss: -2.9245
Iter 178/250 - Loss: -2.9246
Iter 179/250 - Loss: -2.9247
Iter 180/250 - Loss: -2.9248
Iter 181/250 - Loss: -2.9249
Iter 182/250 - Loss: -2.9250
Iter 183/250 - Loss: -2.9251
Iter 184/250 - Loss: -2.9251
Iter 185/250 - Loss: -2.9252
Iter 186/250 - Loss: -2.9253
Iter 187/250 - Loss: -2.9254
Iter 188/250 - Loss: -2.9254
Iter 189/250 - Loss: -2.9255
Iter 190/250 - Loss: -2.9256
Iter 191/250 - Loss: -2.9257
Iter 192/250 - Loss: -2.9257
Iter 193/250 - Loss: -2.9258
Iter 194/250 - Loss: -2.9259
Iter 195/250 - Loss: -2.9259
Iter 196/250 - Loss: -2.9260
Iter 197/250 - Loss: -2.9261
Iter 198/250 - Loss: -2.9262
Iter 199/250 - Loss: -2.9262
Iter 200/250 - Loss: -2.9263
Iter 201/250 - Loss: -2.9263
Iter 202/250 - Loss: -2.9264
Iter 203/250 - Loss: -2.9265
Iter 204/250 - Loss: -2.9265
Iter 205/250 - Loss: -2.9266
Iter 206/250 - Loss: -2.9267
Iter 207/250 - Loss: -2.9267
Iter 208/250 - Loss: -2.9268
Iter 209/250 - Loss: -2.9269
Iter 210/250 - Loss: -2.9269
Iter 211/250 - Loss: -2.9270
Iter 212/250 - Loss: -2.9270
Iter 213/250 - Loss: -2.9271
Iter 214/250 - Loss: -2.9271
Iter 215/250 - Loss: -2.9272
Iter 216/250 - Loss: -2.9273
Iter 217/250 - Loss: -2.9273
Iter 218/250 - Loss: -2.9274
Iter 219/250 - Loss: -2.9274
Iter 220/250 - Loss: -2.9275
Iter 221/250 - Loss: -2.9275
Iter 222/250 - Loss: -2.9276
Iter 223/250 - Loss: -2.9276
Iter 224/250 - Loss: -2.9277
Iter 225/250 - Loss: -2.9277
Iter 226/250 - Loss: -2.9278
Iter 227/250 - Loss: -2.9278
Iter 228/250 - Loss: -2.9279
Iter 229/250 - Loss: -2.9279
Iter 230/250 - Loss: -2.9280
Iter 231/250 - Loss: -2.9280
Iter 232/250 - Loss: -2.9281
Iter 233/250 - Loss: -2.9281
Iter 234/250 - Loss: -2.9282
Iter 235/250 - Loss: -2.9282
Iter 236/250 - Loss: -2.9282
Iter 237/250 - Loss: -2.9283
Iter 238/250 - Loss: -2.9283
Iter 239/250 - Loss: -2.9284
Iter 240/250 - Loss: -2.9284
Iter 241/250 - Loss: -2.9285
Iter 242/250 - Loss: -2.9285
Iter 243/250 - Loss: -2.9286
Iter 244/250 - Loss: -2.9286
Iter 245/250 - Loss: -2.9286
Iter 246/250 - Loss: -2.9287
Iter 247/250 - Loss: -2.9287
Iter 248/250 - Loss: -2.9288
Iter 249/250 - Loss: -2.9288
Iter 250/250 - Loss: -2.9289
