prev {'d': 0.4281657542202439, 'e': 1.2115475019828013, 'f': 2.243917508754334, 'g': 1.2255861750609016}
Starting ML Fit
Box_n50_9_1400
       message: Optimization terminated successfully.
       success: True
        status: 0
           fun: 5312.7086562266595
             x: [ 4.205e-01  1.210e+00  2.244e+00  1.225e+00]
           nit: 81
          nfev: 149
 final_simplex: (array([[ 4.205e-01,  1.210e+00,  2.244e+00,  1.225e+00],
                       [ 4.205e-01,  1.210e+00,  2.244e+00,  1.225e+00],
                       ...,
                       [ 4.205e-01,  1.210e+00,  2.244e+00,  1.225e+00],
                       [ 4.205e-01,  1.210e+00,  2.244e+00,  1.225e+00]]), array([ 5.313e+03,  5.313e+03,  5.313e+03,  5.313e+03,
                        5.313e+03]))
   param_names: ['d', 'e', 'f', 'g']
[0.42047401 1.20989705 2.24394599 1.22526939]
{'d': 0.42047400676167357, 'e': 1.2098970458213283, 'f': 2.243945988001757, 'g': 1.2252693875878187}
Previous:  {'d': 0.4281657542202439, 'e': 1.2115475019828013, 'f': 2.243917508754334, 'g': 1.2255861750609016}
