no change     /oak/stanford/orgs/kipac/users/delon/miniconda3/condabin/conda
no change     /oak/stanford/orgs/kipac/users/delon/miniconda3/bin/conda
no change     /oak/stanford/orgs/kipac/users/delon/miniconda3/bin/conda-env
no change     /oak/stanford/orgs/kipac/users/delon/miniconda3/bin/activate
no change     /oak/stanford/orgs/kipac/users/delon/miniconda3/bin/deactivate
no change     /oak/stanford/orgs/kipac/users/delon/miniconda3/etc/profile.d/conda.sh
no change     /oak/stanford/orgs/kipac/users/delon/miniconda3/etc/fish/conf.d/conda.fish
no change     /oak/stanford/orgs/kipac/users/delon/miniconda3/shell/condabin/Conda.psm1
no change     /oak/stanford/orgs/kipac/users/delon/miniconda3/shell/condabin/conda-hook.ps1
no change     /oak/stanford/orgs/kipac/users/delon/miniconda3/lib/python3.10/site-packages/xontrib/conda.xsh
no change     /oak/stanford/orgs/kipac/users/delon/miniconda3/etc/profile.d/conda.csh
no change     /home/users/delon/.bashrc
No action taken.
Starting ML Fit
Box_n50_36_1400
       message: Optimization terminated successfully.
       success: True
        status: 0
           fun: 47829.20778011387
             x: [ 3.096e-01  2.196e-01  2.316e-01  1.721e+00  1.212e+00
                  1.427e-01]
           nit: 517
          nfev: 823
 final_simplex: (array([[ 3.096e-01,  2.196e-01, ...,  1.212e+00,
                         1.427e-01],
                       [ 3.096e-01,  2.196e-01, ...,  1.212e+00,
                         1.426e-01],
                       ...,
                       [ 3.096e-01,  2.196e-01, ...,  1.212e+00,
                         1.427e-01],
                       [ 3.096e-01,  2.196e-01, ...,  1.212e+00,
                         1.427e-01]]), array([ 4.783e+04,  4.783e+04,  4.783e+04,  4.783e+04,
                        4.783e+04,  4.783e+04,  4.783e+04]))
   param_names: ['d0', 'd1', 'e1', 'f0', 'g0', 'g1']
[0.30955287 0.21963855 0.23163365 1.7212916  1.21228239 0.14265598]
(5000, 64, 6)
