prev {'d': 0.49884565891100485, 'e': 0.8477214221260208, 'f': 2.2783277307595724, 'g': 1.3296945991278273}
Starting ML Fit
Box9_1400
       message: Optimization terminated successfully.
       success: True
        status: 0
           fun: 15014.121345886348
             x: [ 4.827e-01  8.066e-01  2.278e+00  1.330e+00]
           nit: 114
          nfev: 201
 final_simplex: (array([[ 4.827e-01,  8.066e-01,  2.278e+00,  1.330e+00],
                       [ 4.827e-01,  8.066e-01,  2.278e+00,  1.330e+00],
                       ...,
                       [ 4.827e-01,  8.066e-01,  2.278e+00,  1.330e+00],
                       [ 4.827e-01,  8.066e-01,  2.278e+00,  1.330e+00]]), array([ 1.501e+04,  1.501e+04,  1.501e+04,  1.501e+04,
                        1.501e+04]))
   param_names: ['d', 'e', 'f', 'g']
[0.48269416 0.80656191 2.2782968  1.32972398]
{'d': 0.48269415987050035, 'e': 0.8065619137148444, 'f': 2.2782967957602893, 'g': 1.3297239804475003}
Previous:  {'d': 0.49884565891100485, 'e': 0.8477214221260208, 'f': 2.2783277307595724, 'g': 1.3296945991278273}
