no change     /oak/stanford/orgs/kipac/users/delon/miniconda3/condabin/conda
no change     /oak/stanford/orgs/kipac/users/delon/miniconda3/bin/conda
no change     /oak/stanford/orgs/kipac/users/delon/miniconda3/bin/conda-env
no change     /oak/stanford/orgs/kipac/users/delon/miniconda3/bin/activate
no change     /oak/stanford/orgs/kipac/users/delon/miniconda3/bin/deactivate
no change     /oak/stanford/orgs/kipac/users/delon/miniconda3/etc/profile.d/conda.sh
no change     /oak/stanford/orgs/kipac/users/delon/miniconda3/etc/fish/conf.d/conda.fish
no change     /oak/stanford/orgs/kipac/users/delon/miniconda3/shell/condabin/Conda.psm1
no change     /oak/stanford/orgs/kipac/users/delon/miniconda3/shell/condabin/conda-hook.ps1
no change     /oak/stanford/orgs/kipac/users/delon/miniconda3/lib/python3.10/site-packages/xontrib/conda.xsh
no change     /oak/stanford/orgs/kipac/users/delon/miniconda3/etc/profile.d/conda.csh
no change     /home/users/delon/.bashrc
No action taken.
Starting ML Fit
Box98_1400
       message: Optimization terminated successfully.
       success: True
        status: 0
           fun: 53211.83681589438
             x: [-2.913e-02  1.003e+00  4.301e-01  4.201e-01  1.283e+00
                  3.588e-01]
           nit: 332
          nfev: 544
 final_simplex: (array([[-2.913e-02,  1.003e+00, ...,  1.283e+00,
                         3.588e-01],
                       [-2.913e-02,  1.003e+00, ...,  1.283e+00,
                         3.588e-01],
                       ...,
                       [-2.913e-02,  1.003e+00, ...,  1.283e+00,
                         3.588e-01],
                       [-2.913e-02,  1.003e+00, ...,  1.283e+00,
                         3.588e-01]]), array([ 5.321e+04,  5.321e+04,  5.321e+04,  5.321e+04,
                        5.321e+04,  5.321e+04,  5.321e+04]))
   param_names: ['d1', 'e0', 'e1', 'f0', 'g0', 'g1']
[-0.02913044  1.00257003  0.43009918  0.42013836  1.28289032  0.35876763]
(5000, 64, 6)
