prev {'d': 0.49432844424589084, 'e': 1.06380520265339, 'f': 2.2888943646797792, 'g': 1.2715793311225525}
Starting ML Fit
Box_n50_5_1400
       message: Optimization terminated successfully.
       success: True
        status: 0
           fun: 7311.503482438889
             x: [ 4.784e-01  1.035e+00  2.289e+00  1.271e+00]
           nit: 121
          nfev: 214
 final_simplex: (array([[ 4.784e-01,  1.035e+00,  2.289e+00,  1.271e+00],
                       [ 4.784e-01,  1.035e+00,  2.289e+00,  1.271e+00],
                       ...,
                       [ 4.784e-01,  1.035e+00,  2.289e+00,  1.271e+00],
                       [ 4.784e-01,  1.035e+00,  2.289e+00,  1.271e+00]]), array([ 7.312e+03,  7.312e+03,  7.312e+03,  7.312e+03,
                        7.312e+03]))
   param_names: ['d', 'e', 'f', 'g']
[0.47837469 1.03510609 2.28892754 1.27149198]
{'d': 0.4783746911317903, 'e': 1.0351060928920117, 'f': 2.2889275358955725, 'g': 1.2714919784365875}
Previous:  {'d': 0.49432844424589084, 'e': 1.06380520265339, 'f': 2.2888943646797792, 'g': 1.2715793311225525}
