prev {'d': 0.47858395919490715, 'e': 0.8553843067707119, 'f': 2.2536274355857753, 'g': 1.335863233376689}
Starting ML Fit
Box55_1400
       message: Optimization terminated successfully.
       success: True
        status: 0
           fun: 11011.064675872733
             x: [ 4.676e-01  8.191e-01  2.254e+00  1.336e+00]
           nit: 100
          nfev: 175
 final_simplex: (array([[ 4.676e-01,  8.191e-01,  2.254e+00,  1.336e+00],
                       [ 4.676e-01,  8.191e-01,  2.254e+00,  1.336e+00],
                       ...,
                       [ 4.676e-01,  8.191e-01,  2.254e+00,  1.336e+00],
                       [ 4.676e-01,  8.191e-01,  2.254e+00,  1.336e+00]]), array([ 1.101e+04,  1.101e+04,  1.101e+04,  1.101e+04,
                        1.101e+04]))
   param_names: ['d', 'e', 'f', 'g']
[0.46755226 0.8191174  2.25355783 1.33618451]
{'d': 0.4675522577262946, 'e': 0.8191174003842363, 'f': 2.2535578259707822, 'g': 1.336184506788673}
Previous:  {'d': 0.47858395919490715, 'e': 0.8553843067707119, 'f': 2.2536274355857753, 'g': 1.335863233376689}
