prev {'d': 0.45987297910210445, 'e': 0.9631264829183901, 'f': 2.3267609898729047, 'g': 1.3140390809506628}
Starting ML Fit
Box87_1400
       message: Optimization terminated successfully.
       success: True
        status: 0
           fun: 8236.81460240348
             x: [ 4.551e-01  9.572e-01  2.327e+00  1.314e+00]
           nit: 87
          nfev: 154
 final_simplex: (array([[ 4.551e-01,  9.572e-01,  2.327e+00,  1.314e+00],
                       [ 4.551e-01,  9.572e-01,  2.327e+00,  1.314e+00],
                       ...,
                       [ 4.551e-01,  9.572e-01,  2.327e+00,  1.314e+00],
                       [ 4.551e-01,  9.571e-01,  2.327e+00,  1.314e+00]]), array([ 8.237e+03,  8.237e+03,  8.237e+03,  8.237e+03,
                        8.237e+03]))
   param_names: ['d', 'e', 'f', 'g']
[0.45511084 0.95716168 2.32677165 1.31398329]
{'d': 0.455110839524024, 'e': 0.9571616840081563, 'f': 2.326771645534454, 'g': 1.3139832867228107}
Previous:  {'d': 0.45987297910210445, 'e': 0.9631264829183901, 'f': 2.3267609898729047, 'g': 1.3140390809506628}
