Leaving out Box31_1400
alist [1.0, 0.953321, 0.866399, 0.787402, 0.715608, 0.65036, 0.620002, 0.591061, 0.563471, 0.537169, 0.512095, 0.488191, 0.403224, 0.366459]
Iter 1/250 - Loss: 3.1970
Iter 2/250 - Loss: 2.8294
Iter 3/250 - Loss: 2.4887
Iter 4/250 - Loss: 2.1753
Iter 5/250 - Loss: 1.8895
Iter 6/250 - Loss: 1.6337
Iter 7/250 - Loss: 1.4141
Iter 8/250 - Loss: 1.2422
Iter 9/250 - Loss: 1.1271
Iter 10/250 - Loss: 1.0571
Iter 11/250 - Loss: 1.0028
Iter 12/250 - Loss: 0.9419
Iter 13/250 - Loss: 0.8653
Iter 14/250 - Loss: 0.7748
Iter 15/250 - Loss: 0.6794
Iter 16/250 - Loss: 0.5897
Iter 17/250 - Loss: 0.5108
Iter 18/250 - Loss: 0.4419
Iter 19/250 - Loss: 0.3798
Iter 20/250 - Loss: 0.3218
Iter 21/250 - Loss: 0.2655
Iter 22/250 - Loss: 0.2098
Iter 23/250 - Loss: 0.1545
Iter 24/250 - Loss: 0.0994
Iter 25/250 - Loss: 0.0447
Iter 26/250 - Loss: -0.0098
Iter 27/250 - Loss: -0.0637
Iter 28/250 - Loss: -0.1168
Iter 29/250 - Loss: -0.1690
Iter 30/250 - Loss: -0.2203
Iter 31/250 - Loss: -0.2707
Iter 32/250 - Loss: -0.3203
Iter 33/250 - Loss: -0.3689
Iter 34/250 - Loss: -0.4170
Iter 35/250 - Loss: -0.4645
Iter 36/250 - Loss: -0.5113
Iter 37/250 - Loss: -0.5575
Iter 38/250 - Loss: -0.6031
Iter 39/250 - Loss: -0.6476
Iter 40/250 - Loss: -0.6910
Iter 41/250 - Loss: -0.7334
Iter 42/250 - Loss: -0.7749
Iter 43/250 - Loss: -0.8157
Iter 44/250 - Loss: -0.8561
Iter 45/250 - Loss: -0.8964
Iter 46/250 - Loss: -0.9367
Iter 47/250 - Loss: -0.9770
Iter 48/250 - Loss: -1.0174
Iter 49/250 - Loss: -1.0575
Iter 50/250 - Loss: -1.0975
Iter 51/250 - Loss: -1.1373
Iter 52/250 - Loss: -1.1768
Iter 53/250 - Loss: -1.2160
Iter 54/250 - Loss: -1.2548
Iter 55/250 - Loss: -1.2932
Iter 56/250 - Loss: -1.3312
Iter 57/250 - Loss: -1.3687
Iter 58/250 - Loss: -1.4058
Iter 59/250 - Loss: -1.4427
Iter 60/250 - Loss: -1.4799
Iter 61/250 - Loss: -1.5174
Iter 62/250 - Loss: -1.5555
Iter 63/250 - Loss: -1.5941
Iter 64/250 - Loss: -1.6332
Iter 65/250 - Loss: -1.6730
Iter 66/250 - Loss: -1.7136
Iter 67/250 - Loss: -1.7552
Iter 68/250 - Loss: -1.7978
Iter 69/250 - Loss: -1.8407
Iter 70/250 - Loss: -1.8835
Iter 71/250 - Loss: -1.9255
Iter 72/250 - Loss: -1.9666
Iter 73/250 - Loss: -2.0066
Iter 74/250 - Loss: -2.0460
Iter 75/250 - Loss: -2.0836
Iter 76/250 - Loss: -2.1199
Iter 77/250 - Loss: -2.1553
Iter 78/250 - Loss: -2.1883
Iter 79/250 - Loss: -2.2200
Iter 80/250 - Loss: -2.2510
Iter 81/250 - Loss: -2.2799
Iter 82/250 - Loss: -2.3077
Iter 83/250 - Loss: -2.3343
Iter 84/250 - Loss: -2.3588
Iter 85/250 - Loss: -2.3828
Iter 86/250 - Loss: -2.4052
Iter 87/250 - Loss: -2.4267
Iter 88/250 - Loss: -2.4472
Iter 89/250 - Loss: -2.4669
Iter 90/250 - Loss: -2.4859
Iter 91/250 - Loss: -2.5039
Iter 92/250 - Loss: -2.5214
Iter 93/250 - Loss: -2.5381
Iter 94/250 - Loss: -2.5542
Iter 95/250 - Loss: -2.5695
Iter 96/250 - Loss: -2.5840
Iter 97/250 - Loss: -2.5977
Iter 98/250 - Loss: -2.6106
Iter 99/250 - Loss: -2.6230
Iter 100/250 - Loss: -2.6349
Iter 101/250 - Loss: -2.6464
Iter 102/250 - Loss: -2.6573
Iter 103/250 - Loss: -2.6677
Iter 104/250 - Loss: -2.6774
Iter 105/250 - Loss: -2.6865
Iter 106/250 - Loss: -2.6950
Iter 107/250 - Loss: -2.7029
Iter 108/250 - Loss: -2.7102
Iter 109/250 - Loss: -2.7170
Iter 110/250 - Loss: -2.7232
Iter 111/250 - Loss: -2.7291
Iter 112/250 - Loss: -2.7345
Iter 113/250 - Loss: -2.7396
Iter 114/250 - Loss: -2.7443
Iter 115/250 - Loss: -2.7487
Iter 116/250 - Loss: -2.7528
Iter 117/250 - Loss: -2.7565
Iter 118/250 - Loss: -2.7600
Iter 119/250 - Loss: -2.7633
Iter 120/250 - Loss: -2.7664
Iter 121/250 - Loss: -2.7692
Iter 122/250 - Loss: -2.7719
Iter 123/250 - Loss: -2.7745
Iter 124/250 - Loss: -2.7769
Iter 125/250 - Loss: -2.7793
Iter 126/250 - Loss: -2.7815
Iter 127/250 - Loss: -2.7836
Iter 128/250 - Loss: -2.7857
Iter 129/250 - Loss: -2.7876
Iter 130/250 - Loss: -2.7894
Iter 131/250 - Loss: -2.7912
Iter 132/250 - Loss: -2.7929
Iter 133/250 - Loss: -2.7945
Iter 134/250 - Loss: -2.7960
Iter 135/250 - Loss: -2.7975
Iter 136/250 - Loss: -2.7990
Iter 137/250 - Loss: -2.8003
Iter 138/250 - Loss: -2.8017
Iter 139/250 - Loss: -2.8030
Iter 140/250 - Loss: -2.8042
Iter 141/250 - Loss: -2.8055
Iter 142/250 - Loss: -2.8067
Iter 143/250 - Loss: -2.8078
Iter 144/250 - Loss: -2.8089
Iter 145/250 - Loss: -2.8100
Iter 146/250 - Loss: -2.8110
Iter 147/250 - Loss: -2.8120
Iter 148/250 - Loss: -2.8130
Iter 149/250 - Loss: -2.8139
Iter 150/250 - Loss: -2.8148
Iter 151/250 - Loss: -2.8157
Iter 152/250 - Loss: -2.8166
Iter 153/250 - Loss: -2.8175
Iter 154/250 - Loss: -2.8184
Iter 155/250 - Loss: -2.8192
Iter 156/250 - Loss: -2.8201
Iter 157/250 - Loss: -2.8210
Iter 158/250 - Loss: -2.8218
Iter 159/250 - Loss: -2.8226
Iter 160/250 - Loss: -2.8235
Iter 161/250 - Loss: -2.8243
Iter 162/250 - Loss: -2.8251
Iter 163/250 - Loss: -2.8259
Iter 164/250 - Loss: -2.8266
Iter 165/250 - Loss: -2.8274
Iter 166/250 - Loss: -2.8281
Iter 167/250 - Loss: -2.8289
Iter 168/250 - Loss: -2.8296
Iter 169/250 - Loss: -2.8303
Iter 170/250 - Loss: -2.8310
Iter 171/250 - Loss: -2.8317
Iter 172/250 - Loss: -2.8324
Iter 173/250 - Loss: -2.8330
Iter 174/250 - Loss: -2.8337
Iter 175/250 - Loss: -2.8343
Iter 176/250 - Loss: -2.8350
Iter 177/250 - Loss: -2.8356
Iter 178/250 - Loss: -2.8362
Iter 179/250 - Loss: -2.8368
Iter 180/250 - Loss: -2.8373
Iter 181/250 - Loss: -2.8378
Iter 182/250 - Loss: -2.8384
Iter 183/250 - Loss: -2.8389
Iter 184/250 - Loss: -2.8394
Iter 185/250 - Loss: -2.8398
Iter 186/250 - Loss: -2.8403
Iter 187/250 - Loss: -2.8407
Iter 188/250 - Loss: -2.8411
Iter 189/250 - Loss: -2.8415
Iter 190/250 - Loss: -2.8419
Iter 191/250 - Loss: -2.8423
Iter 192/250 - Loss: -2.8427
Iter 193/250 - Loss: -2.8430
Iter 194/250 - Loss: -2.8434
Iter 195/250 - Loss: -2.8437
Iter 196/250 - Loss: -2.8441
Iter 197/250 - Loss: -2.8444
Iter 198/250 - Loss: -2.8447
Iter 199/250 - Loss: -2.8450
Iter 200/250 - Loss: -2.8453
Iter 201/250 - Loss: -2.8456
Iter 202/250 - Loss: -2.8459
Iter 203/250 - Loss: -2.8462
Iter 204/250 - Loss: -2.8465
Iter 205/250 - Loss: -2.8468
Iter 206/250 - Loss: -2.8471
Iter 207/250 - Loss: -2.8473
Iter 208/250 - Loss: -2.8476
Iter 209/250 - Loss: -2.8479
Iter 210/250 - Loss: -2.8481
Iter 211/250 - Loss: -2.8484
Iter 212/250 - Loss: -2.8487
Iter 213/250 - Loss: -2.8489
Iter 214/250 - Loss: -2.8491
Iter 215/250 - Loss: -2.8494
Iter 216/250 - Loss: -2.8496
Iter 217/250 - Loss: -2.8499
Iter 218/250 - Loss: -2.8501
Iter 219/250 - Loss: -2.8503
Iter 220/250 - Loss: -2.8506
Iter 221/250 - Loss: -2.8508
Iter 222/250 - Loss: -2.8510
Iter 223/250 - Loss: -2.8513
Iter 224/250 - Loss: -2.8515
Iter 225/250 - Loss: -2.8517
Iter 226/250 - Loss: -2.8519
Iter 227/250 - Loss: -2.8521
Iter 228/250 - Loss: -2.8524
Iter 229/250 - Loss: -2.8526
Iter 230/250 - Loss: -2.8528
Iter 231/250 - Loss: -2.8531
Iter 232/250 - Loss: -2.8533
Iter 233/250 - Loss: -2.8536
Iter 234/250 - Loss: -2.8538
Iter 235/250 - Loss: -2.8541
Iter 236/250 - Loss: -2.8544
Iter 237/250 - Loss: -2.8547
Iter 238/250 - Loss: -2.8550
Iter 239/250 - Loss: -2.8554
Iter 240/250 - Loss: -2.8557
Iter 241/250 - Loss: -2.8561
Iter 242/250 - Loss: -2.8564
Iter 243/250 - Loss: -2.8568
Iter 244/250 - Loss: -2.8572
Iter 245/250 - Loss: -2.8575
Iter 246/250 - Loss: -2.8579
Iter 247/250 - Loss: -2.8583
Iter 248/250 - Loss: -2.8587
Iter 249/250 - Loss: -2.8591
Iter 250/250 - Loss: -2.8596
now training with smaller learning rate
Iter 1/250 - Loss: -2.8601
Iter 2/250 - Loss: -2.8603
Iter 3/250 - Loss: -2.8611
Iter 4/250 - Loss: -2.8616
Iter 5/250 - Loss: -2.8620
Iter 6/250 - Loss: -2.8625
Iter 7/250 - Loss: -2.8631
Iter 8/250 - Loss: -2.8637
Iter 9/250 - Loss: -2.8641
Iter 10/250 - Loss: -2.8646
Iter 11/250 - Loss: -2.8650
Iter 12/250 - Loss: -2.8655
Iter 13/250 - Loss: -2.8660
Iter 14/250 - Loss: -2.8665
Iter 15/250 - Loss: -2.8669
Iter 16/250 - Loss: -2.8674
Iter 17/250 - Loss: -2.8678
Iter 18/250 - Loss: -2.8683
Iter 19/250 - Loss: -2.8687
Iter 20/250 - Loss: -2.8692
Iter 21/250 - Loss: -2.8696
Iter 22/250 - Loss: -2.8700
Iter 23/250 - Loss: -2.8704
Iter 24/250 - Loss: -2.8709
Iter 25/250 - Loss: -2.8713
Iter 26/250 - Loss: -2.8717
Iter 27/250 - Loss: -2.8721
Iter 28/250 - Loss: -2.8725
Iter 29/250 - Loss: -2.8729
Iter 30/250 - Loss: -2.8733
Iter 31/250 - Loss: -2.8737
Iter 32/250 - Loss: -2.8740
Iter 33/250 - Loss: -2.8744
Iter 34/250 - Loss: -2.8748
Iter 35/250 - Loss: -2.8752
Iter 36/250 - Loss: -2.8755
Iter 37/250 - Loss: -2.8759
Iter 38/250 - Loss: -2.8763
Iter 39/250 - Loss: -2.8766
Iter 40/250 - Loss: -2.8770
Iter 41/250 - Loss: -2.8773
Iter 42/250 - Loss: -2.8777
Iter 43/250 - Loss: -2.8780
Iter 44/250 - Loss: -2.8784
Iter 45/250 - Loss: -2.8787
Iter 46/250 - Loss: -2.8790
Iter 47/250 - Loss: -2.8794
Iter 48/250 - Loss: -2.8797
Iter 49/250 - Loss: -2.8800
Iter 50/250 - Loss: -2.8803
Iter 51/250 - Loss: -2.8807
Iter 52/250 - Loss: -2.8810
Iter 53/250 - Loss: -2.8813
Iter 54/250 - Loss: -2.8816
Iter 55/250 - Loss: -2.8819
Iter 56/250 - Loss: -2.8822
Iter 57/250 - Loss: -2.8825
Iter 58/250 - Loss: -2.8828
Iter 59/250 - Loss: -2.8831
Iter 60/250 - Loss: -2.8834
Iter 61/250 - Loss: -2.8837
Iter 62/250 - Loss: -2.8840
Iter 63/250 - Loss: -2.8843
Iter 64/250 - Loss: -2.8846
Iter 65/250 - Loss: -2.8849
Iter 66/250 - Loss: -2.8852
Iter 67/250 - Loss: -2.8854
Iter 68/250 - Loss: -2.8857
Iter 69/250 - Loss: -2.8860
Iter 70/250 - Loss: -2.8863
Iter 71/250 - Loss: -2.8865
Iter 72/250 - Loss: -2.8868
Iter 73/250 - Loss: -2.8871
Iter 74/250 - Loss: -2.8873
Iter 75/250 - Loss: -2.8876
Iter 76/250 - Loss: -2.8878
Iter 77/250 - Loss: -2.8881
Iter 78/250 - Loss: -2.8883
Iter 79/250 - Loss: -2.8886
Iter 80/250 - Loss: -2.8888
Iter 81/250 - Loss: -2.8891
Iter 82/250 - Loss: -2.8893
Iter 83/250 - Loss: -2.8896
Iter 84/250 - Loss: -2.8898
Iter 85/250 - Loss: -2.8900
Iter 86/250 - Loss: -2.8903
Iter 87/250 - Loss: -2.8905
Iter 88/250 - Loss: -2.8907
Iter 89/250 - Loss: -2.8909
Iter 90/250 - Loss: -2.8912
Iter 91/250 - Loss: -2.8914
Iter 92/250 - Loss: -2.8916
Iter 93/250 - Loss: -2.8918
Iter 94/250 - Loss: -2.8920
Iter 95/250 - Loss: -2.8923
Iter 96/250 - Loss: -2.8925
Iter 97/250 - Loss: -2.8927
Iter 98/250 - Loss: -2.8929
Iter 99/250 - Loss: -2.8931
Iter 100/250 - Loss: -2.8933
Iter 101/250 - Loss: -2.8935
Iter 102/250 - Loss: -2.8937
Iter 103/250 - Loss: -2.8939
Iter 104/250 - Loss: -2.8941
Iter 105/250 - Loss: -2.8943
Iter 106/250 - Loss: -2.8945
Iter 107/250 - Loss: -2.8947
Iter 108/250 - Loss: -2.8949
Iter 109/250 - Loss: -2.8950
Iter 110/250 - Loss: -2.8952
Iter 111/250 - Loss: -2.8954
Iter 112/250 - Loss: -2.8956
Iter 113/250 - Loss: -2.8958
Iter 114/250 - Loss: -2.8960
Iter 115/250 - Loss: -2.8961
Iter 116/250 - Loss: -2.8963
Iter 117/250 - Loss: -2.8965
Iter 118/250 - Loss: -2.8967
Iter 119/250 - Loss: -2.8969
Iter 120/250 - Loss: -2.8970
Iter 121/250 - Loss: -2.8972
Iter 122/250 - Loss: -2.8974
Iter 123/250 - Loss: -2.8975
Iter 124/250 - Loss: -2.8977
Iter 125/250 - Loss: -2.8979
Iter 126/250 - Loss: -2.8980
Iter 127/250 - Loss: -2.8982
Iter 128/250 - Loss: -2.8984
Iter 129/250 - Loss: -2.8985
Iter 130/250 - Loss: -2.8987
Iter 131/250 - Loss: -2.8989
Iter 132/250 - Loss: -2.8990
Iter 133/250 - Loss: -2.8992
Iter 134/250 - Loss: -2.8993
Iter 135/250 - Loss: -2.8995
Iter 136/250 - Loss: -2.8997
Iter 137/250 - Loss: -2.8998
Iter 138/250 - Loss: -2.9000
Iter 139/250 - Loss: -2.9001
Iter 140/250 - Loss: -2.9002
Iter 141/250 - Loss: -2.9004
Iter 142/250 - Loss: -2.9006
Iter 143/250 - Loss: -2.9007
Iter 144/250 - Loss: -2.9008
Iter 145/250 - Loss: -2.9010
Iter 146/250 - Loss: -2.9011
Iter 147/250 - Loss: -2.9013
Iter 148/250 - Loss: -2.9014
Iter 149/250 - Loss: -2.9015
Iter 150/250 - Loss: -2.9017
Iter 151/250 - Loss: -2.9018
Iter 152/250 - Loss: -2.9020
Iter 153/250 - Loss: -2.9021
Iter 154/250 - Loss: -2.9022
Iter 155/250 - Loss: -2.9024
Iter 156/250 - Loss: -2.9025
Iter 157/250 - Loss: -2.9026
Iter 158/250 - Loss: -2.9027
Iter 159/250 - Loss: -2.9029
Iter 160/250 - Loss: -2.9030
Iter 161/250 - Loss: -2.9031
Iter 162/250 - Loss: -2.9032
Iter 163/250 - Loss: -2.9033
Iter 164/250 - Loss: -2.9035
Iter 165/250 - Loss: -2.9036
Iter 166/250 - Loss: -2.9037
Iter 167/250 - Loss: -2.9038
Iter 168/250 - Loss: -2.9039
Iter 169/250 - Loss: -2.9040
Iter 170/250 - Loss: -2.9041
Iter 171/250 - Loss: -2.9043
Iter 172/250 - Loss: -2.9044
Iter 173/250 - Loss: -2.9045
Iter 174/250 - Loss: -2.9046
Iter 175/250 - Loss: -2.9047
Iter 176/250 - Loss: -2.9048
Iter 177/250 - Loss: -2.9049
Iter 178/250 - Loss: -2.9050
Iter 179/250 - Loss: -2.9051
Iter 180/250 - Loss: -2.9052
Iter 181/250 - Loss: -2.9053
Iter 182/250 - Loss: -2.9054
Iter 183/250 - Loss: -2.9055
Iter 184/250 - Loss: -2.9056
Iter 185/250 - Loss: -2.9057
Iter 186/250 - Loss: -2.9058
Iter 187/250 - Loss: -2.9059
Iter 188/250 - Loss: -2.9060
Iter 189/250 - Loss: -2.9061
Iter 190/250 - Loss: -2.9062
Iter 191/250 - Loss: -2.9063
Iter 192/250 - Loss: -2.9064
Iter 193/250 - Loss: -2.9065
Iter 194/250 - Loss: -2.9066
Iter 195/250 - Loss: -2.9066
Iter 196/250 - Loss: -2.9067
Iter 197/250 - Loss: -2.9068
Iter 198/250 - Loss: -2.9069
Iter 199/250 - Loss: -2.9070
Iter 200/250 - Loss: -2.9071
Iter 201/250 - Loss: -2.9072
Iter 202/250 - Loss: -2.9073
Iter 203/250 - Loss: -2.9073
Iter 204/250 - Loss: -2.9074
Iter 205/250 - Loss: -2.9075
Iter 206/250 - Loss: -2.9076
Iter 207/250 - Loss: -2.9077
Iter 208/250 - Loss: -2.9078
Iter 209/250 - Loss: -2.9078
Iter 210/250 - Loss: -2.9079
Iter 211/250 - Loss: -2.9080
Iter 212/250 - Loss: -2.9081
Iter 213/250 - Loss: -2.9082
Iter 214/250 - Loss: -2.9082
Iter 215/250 - Loss: -2.9083
Iter 216/250 - Loss: -2.9084
Iter 217/250 - Loss: -2.9085
Iter 218/250 - Loss: -2.9086
Iter 219/250 - Loss: -2.9086
Iter 220/250 - Loss: -2.9087
Iter 221/250 - Loss: -2.9088
Iter 222/250 - Loss: -2.9089
Iter 223/250 - Loss: -2.9089
Iter 224/250 - Loss: -2.9090
Iter 225/250 - Loss: -2.9091
Iter 226/250 - Loss: -2.9092
Iter 227/250 - Loss: -2.9092
Iter 228/250 - Loss: -2.9093
Iter 229/250 - Loss: -2.9094
Iter 230/250 - Loss: -2.9094
Iter 231/250 - Loss: -2.9095
Iter 232/250 - Loss: -2.9096
Iter 233/250 - Loss: -2.9097
Iter 234/250 - Loss: -2.9098
Iter 235/250 - Loss: -2.9098
Iter 236/250 - Loss: -2.9099
Iter 237/250 - Loss: -2.9100
Iter 238/250 - Loss: -2.9100
Iter 239/250 - Loss: -2.9101
Iter 240/250 - Loss: -2.9102
Iter 241/250 - Loss: -2.9102
Iter 242/250 - Loss: -2.9103
Iter 243/250 - Loss: -2.9104
Iter 244/250 - Loss: -2.9105
Iter 245/250 - Loss: -2.9105
Iter 246/250 - Loss: -2.9106
Iter 247/250 - Loss: -2.9107
Iter 248/250 - Loss: -2.9107
Iter 249/250 - Loss: -2.9108
Iter 250/250 - Loss: -2.9109
