[0.25, 0.302679, 0.366459, 0.403224, 0.488191, 0.512095, 0.537169, 0.563471, 0.591061, 0.620002, 0.65036, 0.715608, 0.787402, 0.866399, 0.953321, 1.0]
[3.0, 2.3038301302700224, 1.7288182306888356, 1.4800111104497748, 1.0483786059144884, 0.9527626709887815, 0.8616115226306804, 0.7747142266416549, 0.691872750866662, 0.6128980229096033, 0.5376099391106464, 0.3974131088528914, 0.26999931420037027, 0.15420262488760939, 0.04896461947234987, 0.0]
Starting ML Fit
Box5_1400
       message: Optimization terminated successfully.
       success: True
        status: 0
           fun: 21371.795716500128
             x: [ 4.064e-02  6.633e-39  1.952e+00  1.563e+00]
           nit: 3361
          nfev: 5556
 final_simplex: (array([[ 4.064e-02,  6.633e-39,  1.952e+00,  1.563e+00],
                       [ 4.064e-02,  6.649e-39,  1.952e+00,  1.563e+00],
                       ...,
                       [ 4.064e-02,  6.645e-39,  1.952e+00,  1.563e+00],
                       [ 4.065e-02,  6.727e-39,  1.952e+00,  1.563e+00]]), array([ 2.137e+04,  2.137e+04,  2.137e+04,  2.137e+04,
                        2.137e+04]))
   param_names: ['d', 'e', 'f', 'g']
[4.06440839e-02 6.63288386e-39 1.95205355e+00 1.56251139e+00]
{'d': 0.04064408386521534, 'e': 6.632883864575437e-39, 'f': 1.9520535472285316, 'g': 1.5625113908380621}
Previous:  {'d': 0.06476823753166716, 'e': 1.8305528944031865e-20, 'f': 1.4880305727509349, 'g': 1.3685106487539396}
