prev {'d': 0.44274220285459953, 'e': 1.234805598548327, 'f': 2.3079056799988087, 'g': 1.2398065387609982}
Starting ML Fit
Box95_1400
       message: Optimization terminated successfully.
       success: True
        status: 0
           fun: 5557.999140033288
             x: [ 4.491e-01  1.239e+00  2.306e+00  1.247e+00]
           nit: 79
          nfev: 147
 final_simplex: (array([[ 4.491e-01,  1.239e+00,  2.306e+00,  1.247e+00],
                       [ 4.491e-01,  1.239e+00,  2.306e+00,  1.247e+00],
                       ...,
                       [ 4.491e-01,  1.239e+00,  2.306e+00,  1.247e+00],
                       [ 4.491e-01,  1.239e+00,  2.306e+00,  1.247e+00]]), array([ 5.558e+03,  5.558e+03,  5.558e+03,  5.558e+03,
                        5.558e+03]))
   param_names: ['d', 'e', 'f', 'g']
[0.44908837 1.23904465 2.30631094 1.24680913]
{'d': 0.44908836850391687, 'e': 1.2390446548893146, 'f': 2.3063109432699314, 'g': 1.2468091339386889}
Previous:  {'d': 0.44274220285459953, 'e': 1.234805598548327, 'f': 2.3079056799988087, 'g': 1.2398065387609982}
