prev {'d': 0.43996660821708855, 'e': 1.1282329761002101, 'f': 2.3026919493952973, 'g': 1.2418376516251768}
Starting ML Fit
Box33_1400
       message: Optimization terminated successfully.
       success: True
        status: 0
           fun: 6496.229677883867
             x: [ 4.363e-01  1.120e+00  2.303e+00  1.242e+00]
           nit: 86
          nfev: 149
 final_simplex: (array([[ 4.363e-01,  1.120e+00,  2.303e+00,  1.242e+00],
                       [ 4.363e-01,  1.120e+00,  2.303e+00,  1.242e+00],
                       ...,
                       [ 4.363e-01,  1.120e+00,  2.303e+00,  1.242e+00],
                       [ 4.363e-01,  1.120e+00,  2.303e+00,  1.242e+00]]), array([ 6.496e+03,  6.496e+03,  6.496e+03,  6.496e+03,
                        6.496e+03]))
   param_names: ['d', 'e', 'f', 'g']
[0.43631953 1.11957001 2.30272144 1.24179932]
{'d': 0.4363195250193468, 'e': 1.1195700148062948, 'f': 2.3027214424748896, 'g': 1.2417993150667668}
Previous:  {'d': 0.43996660821708855, 'e': 1.1282329761002101, 'f': 2.3026919493952973, 'g': 1.2418376516251768}
