prev {'d': 0.44793211709197556, 'e': 0.836407968478994, 'f': 2.301723903064372, 'g': 1.299759066184194}
Starting ML Fit
Box_n50_17_1400
       message: Optimization terminated successfully.
       success: True
        status: 0
           fun: 7055.873768963795
             x: [ 4.392e-01  7.876e-01  2.302e+00  1.299e+00]
           nit: 89
          nfev: 161
 final_simplex: (array([[ 4.392e-01,  7.876e-01,  2.302e+00,  1.299e+00],
                       [ 4.392e-01,  7.876e-01,  2.302e+00,  1.299e+00],
                       ...,
                       [ 4.392e-01,  7.876e-01,  2.302e+00,  1.299e+00],
                       [ 4.392e-01,  7.876e-01,  2.302e+00,  1.299e+00]]), array([ 7.056e+03,  7.056e+03,  7.056e+03,  7.056e+03,
                        7.056e+03]))
   param_names: ['d', 'e', 'f', 'g']
[0.43923822 0.78758131 2.30183393 1.29933947]
{'d': 0.4392382223019301, 'e': 0.787581311705127, 'f': 2.301833933717336, 'g': 1.2993394704784686}
Previous:  {'d': 0.44793211709197556, 'e': 0.836407968478994, 'f': 2.301723903064372, 'g': 1.299759066184194}
