prev {'d': 0.5002664801005641, 'e': 1.2672068515100907, 'f': 2.330365599346977, 'g': 1.2775495979333256}
Starting ML Fit
Box34_1400
       message: Optimization terminated successfully.
       success: True
        status: 0
           fun: 8195.287064369457
             x: [ 4.848e-01  1.270e+00  2.331e+00  1.271e+00]
           nit: 125
          nfev: 217
 final_simplex: (array([[ 4.848e-01,  1.270e+00,  2.331e+00,  1.271e+00],
                       [ 4.848e-01,  1.270e+00,  2.331e+00,  1.271e+00],
                       ...,
                       [ 4.848e-01,  1.270e+00,  2.331e+00,  1.271e+00],
                       [ 4.848e-01,  1.270e+00,  2.331e+00,  1.271e+00]]), array([ 8.195e+03,  8.195e+03,  8.195e+03,  8.195e+03,
                        8.195e+03]))
   param_names: ['d', 'e', 'f', 'g']
[0.48479913 1.27027964 2.33072357 1.27074222]
{'d': 0.4847991283143309, 'e': 1.270279640533063, 'f': 2.3307235686647396, 'g': 1.2707422187179764}
Previous:  {'d': 0.5002664801005641, 'e': 1.2672068515100907, 'f': 2.330365599346977, 'g': 1.2775495979333256}
