Leaving out Box71_1400
alist [1.0, 0.953321, 0.866399, 0.787402, 0.715608, 0.65036, 0.620002, 0.591061, 0.563471, 0.537169, 0.512095, 0.488191, 0.403224, 0.366459]
(2030, 10)
(2030, 4)
scaling input
(2030, 10)
scaling output
(2030, 4)
Iter 1/300 - Loss: 3.3130
Iter 2/300 - Loss: 2.9243
Iter 3/300 - Loss: 2.5636
Iter 4/300 - Loss: 2.2361
Iter 5/300 - Loss: 1.9436
Iter 6/300 - Loss: 1.6857
Iter 7/300 - Loss: 1.4619
Iter 8/300 - Loss: 1.2733
Iter 9/300 - Loss: 1.1231
Iter 10/300 - Loss: 1.0143
Iter 11/300 - Loss: 0.9457
Iter 12/300 - Loss: 0.9100
Iter 13/300 - Loss: 0.8957
Iter 14/300 - Loss: 0.8906
Iter 15/300 - Loss: 0.8838
Iter 16/300 - Loss: 0.8688
Iter 17/300 - Loss: 0.8423
Iter 18/300 - Loss: 0.8026
Iter 19/300 - Loss: 0.7496
Iter 20/300 - Loss: 0.6845
Iter 21/300 - Loss: 0.6115
Iter 22/300 - Loss: 0.5367
Iter 23/300 - Loss: 0.4664
Iter 24/300 - Loss: 0.4047
Iter 25/300 - Loss: 0.3527
Iter 26/300 - Loss: 0.3093
Iter 27/300 - Loss: 0.2723
Iter 28/300 - Loss: 0.2384
Iter 29/300 - Loss: 0.2047
Iter 30/300 - Loss: 0.1691
Iter 31/300 - Loss: 0.1306
Iter 32/300 - Loss: 0.0889
Iter 33/300 - Loss: 0.0446
Iter 34/300 - Loss: -0.0014
Iter 35/300 - Loss: -0.0479
Iter 36/300 - Loss: -0.0935
Iter 37/300 - Loss: -0.1369
Iter 38/300 - Loss: -0.1772
Iter 39/300 - Loss: -0.2143
Iter 40/300 - Loss: -0.2487
Iter 41/300 - Loss: -0.2809
Iter 42/300 - Loss: -0.3116
Iter 43/300 - Loss: -0.3411
Iter 44/300 - Loss: -0.3694
Iter 45/300 - Loss: -0.3961
Iter 46/300 - Loss: -0.4211
Iter 47/300 - Loss: -0.4446
Iter 48/300 - Loss: -0.4666
Iter 49/300 - Loss: -0.4871
Iter 50/300 - Loss: -0.5059
Iter 51/300 - Loss: -0.5231
Iter 52/300 - Loss: -0.5387
Iter 53/300 - Loss: -0.5531
Iter 54/300 - Loss: -0.5664
Iter 55/300 - Loss: -0.5790
Iter 56/300 - Loss: -0.5910
Iter 57/300 - Loss: -0.6027
Iter 58/300 - Loss: -0.6142
Iter 59/300 - Loss: -0.6253
Iter 60/300 - Loss: -0.6361
Iter 61/300 - Loss: -0.6464
Iter 62/300 - Loss: -0.6563
Iter 63/300 - Loss: -0.6658
Iter 64/300 - Loss: -0.6748
Iter 65/300 - Loss: -0.6833
Iter 66/300 - Loss: -0.6912
Iter 67/300 - Loss: -0.6986
Iter 68/300 - Loss: -0.7050
Iter 69/300 - Loss: -0.7107
Iter 70/300 - Loss: -0.7162
Iter 71/300 - Loss: -0.7207
Iter 72/300 - Loss: -0.7237
Iter 73/300 - Loss: -0.7266
Iter 74/300 - Loss: -0.7295
Iter 75/300 - Loss: -0.7317
Iter 76/300 - Loss: -0.7336
Iter 77/300 - Loss: -0.7359
Iter 78/300 - Loss: -0.7384
Iter 79/300 - Loss: -0.7402
Iter 80/300 - Loss: -0.7419
Iter 81/300 - Loss: -0.7440
Iter 82/300 - Loss: -0.7461
Iter 83/300 - Loss: -0.7482
Iter 84/300 - Loss: -0.7492
Iter 85/300 - Loss: -0.7509
Iter 86/300 - Loss: -0.7533
Iter 87/300 - Loss: -0.7536
Iter 88/300 - Loss: -0.7549
Iter 89/300 - Loss: -0.7561
Iter 90/300 - Loss: -0.7564
Iter 91/300 - Loss: -0.7578
Iter 92/300 - Loss: -0.7582
Iter 93/300 - Loss: -0.7590
Iter 94/300 - Loss: -0.7599
Iter 95/300 - Loss: -0.7602
Iter 96/300 - Loss: -0.7612
Iter 97/300 - Loss: -0.7615
Iter 98/300 - Loss: -0.7622
Iter 99/300 - Loss: -0.7627
Iter 100/300 - Loss: -0.7630
Iter 101/300 - Loss: -0.7636
Iter 102/300 - Loss: -0.7639
Iter 103/300 - Loss: -0.7644
Iter 104/300 - Loss: -0.7648
Iter 105/300 - Loss: -0.7651
Iter 106/300 - Loss: -0.7656
Iter 107/300 - Loss: -0.7659
Iter 108/300 - Loss: -0.7662
Iter 109/300 - Loss: -0.7666
Iter 110/300 - Loss: -0.7669
Iter 111/300 - Loss: -0.7673
Iter 112/300 - Loss: -0.7676
Iter 113/300 - Loss: -0.7678
Iter 114/300 - Loss: -0.7681
Iter 115/300 - Loss: -0.7684
Iter 116/300 - Loss: -0.7686
Iter 117/300 - Loss: -0.7689
Iter 118/300 - Loss: -0.7691
Iter 119/300 - Loss: -0.7693
Iter 120/300 - Loss: -0.7695
Iter 121/300 - Loss: -0.7697
Iter 122/300 - Loss: -0.7699
Iter 123/300 - Loss: -0.7700
Iter 124/300 - Loss: -0.7702
Iter 125/300 - Loss: -0.7703
Iter 126/300 - Loss: -0.7704
Iter 127/300 - Loss: -0.7705
Iter 128/300 - Loss: -0.7704
Iter 129/300 - Loss: -0.7701
Iter 130/300 - Loss: -0.7700
Iter 131/300 - Loss: -0.7704
Iter 132/300 - Loss: -0.7712
Iter 133/300 - Loss: -0.7714
Iter 134/300 - Loss: -0.7710
Iter 135/300 - Loss: -0.7711
Iter 136/300 - Loss: -0.7717
Iter 137/300 - Loss: -0.7718
Iter 138/300 - Loss: -0.7716
Iter 139/300 - Loss: -0.7717
Iter 140/300 - Loss: -0.7721
Iter 141/300 - Loss: -0.7722
Iter 142/300 - Loss: -0.7721
Iter 143/300 - Loss: -0.7722
Iter 144/300 - Loss: -0.7725
Iter 145/300 - Loss: -0.7725
Iter 146/300 - Loss: -0.7725
Iter 147/300 - Loss: -0.7727
Iter 148/300 - Loss: -0.7729
Iter 149/300 - Loss: -0.7729
Iter 150/300 - Loss: -0.7729
Iter 151/300 - Loss: -0.7730
Iter 152/300 - Loss: -0.7732
Iter 153/300 - Loss: -0.7732
Iter 154/300 - Loss: -0.7732
Iter 155/300 - Loss: -0.7732
Iter 156/300 - Loss: -0.7732
Iter 157/300 - Loss: -0.7733
Iter 158/300 - Loss: -0.7733
Iter 159/300 - Loss: -0.7733
Iter 160/300 - Loss: -0.7733
Iter 161/300 - Loss: -0.7733
Iter 162/300 - Loss: -0.7733
Iter 163/300 - Loss: -0.7733
Iter 164/300 - Loss: -0.7733
Iter 165/300 - Loss: -0.7734
Iter 166/300 - Loss: -0.7734
Iter 167/300 - Loss: -0.7734
Iter 168/300 - Loss: -0.7734
Iter 169/300 - Loss: -0.7734
Iter 170/300 - Loss: -0.7734
Iter 171/300 - Loss: -0.7735
Iter 172/300 - Loss: -0.7735
Iter 173/300 - Loss: -0.7735
Iter 174/300 - Loss: -0.7735
Iter 175/300 - Loss: -0.7735
Iter 176/300 - Loss: -0.7736
Iter 177/300 - Loss: -0.7736
Iter 178/300 - Loss: -0.7736
Iter 179/300 - Loss: -0.7736
Iter 180/300 - Loss: -0.7737
Iter 181/300 - Loss: -0.7737
Iter 182/300 - Loss: -0.7737
Iter 183/300 - Loss: -0.7738
Iter 184/300 - Loss: -0.7738
Iter 185/300 - Loss: -0.7738
Iter 186/300 - Loss: -0.7739
Iter 187/300 - Loss: -0.7739
Iter 188/300 - Loss: -0.7739
Iter 189/300 - Loss: -0.7740
Iter 190/300 - Loss: -0.7740
Iter 191/300 - Loss: -0.7741
Iter 192/300 - Loss: -0.7741
Iter 193/300 - Loss: -0.7741
Iter 194/300 - Loss: -0.7742
Iter 195/300 - Loss: -0.7742
Iter 196/300 - Loss: -0.7743
Iter 197/300 - Loss: -0.7743
Iter 198/300 - Loss: -0.7744
Iter 199/300 - Loss: -0.7745
Iter 200/300 - Loss: -0.7745
Iter 201/300 - Loss: -0.7746
Iter 202/300 - Loss: -0.7746
Iter 203/300 - Loss: -0.7747
Iter 204/300 - Loss: -0.7748
Iter 205/300 - Loss: -0.7749
Iter 206/300 - Loss: -0.7749
Iter 207/300 - Loss: -0.7750
Iter 208/300 - Loss: -0.7751
Iter 209/300 - Loss: -0.7752
Iter 210/300 - Loss: -0.7753
Iter 211/300 - Loss: -0.7754
Iter 212/300 - Loss: -0.7755
Iter 213/300 - Loss: -0.7756
Iter 214/300 - Loss: -0.7757
Iter 215/300 - Loss: -0.7758
Iter 216/300 - Loss: -0.7759
Iter 217/300 - Loss: -0.7760
Iter 218/300 - Loss: -0.7761
Iter 219/300 - Loss: -0.7762
Iter 220/300 - Loss: -0.7764
Iter 221/300 - Loss: -0.7765
Iter 222/300 - Loss: -0.7766
Iter 223/300 - Loss: -0.7768
Iter 224/300 - Loss: -0.7769
Iter 225/300 - Loss: -0.7771
Iter 226/300 - Loss: -0.7773
Iter 227/300 - Loss: -0.7774
Iter 228/300 - Loss: -0.7776
Iter 229/300 - Loss: -0.7778
Iter 230/300 - Loss: -0.7780
Iter 231/300 - Loss: -0.7782
Iter 232/300 - Loss: -0.7784
Iter 233/300 - Loss: -0.7786
Iter 234/300 - Loss: -0.7788
Iter 235/300 - Loss: -0.7790
Iter 236/300 - Loss: -0.7792
Iter 237/300 - Loss: -0.7794
Iter 238/300 - Loss: -0.7797
Iter 239/300 - Loss: -0.7799
Iter 240/300 - Loss: -0.7802
Iter 241/300 - Loss: -0.7805
Iter 242/300 - Loss: -0.7807
Iter 243/300 - Loss: -0.7810
Iter 244/300 - Loss: -0.7813
Iter 245/300 - Loss: -0.7816
Iter 246/300 - Loss: -0.7819
Iter 247/300 - Loss: -0.7822
Iter 248/300 - Loss: -0.7825
Iter 249/300 - Loss: -0.7828
Iter 250/300 - Loss: -0.7831
Iter 251/300 - Loss: -0.7834
Iter 252/300 - Loss: -0.7838
Iter 253/300 - Loss: -0.7841
Iter 254/300 - Loss: -0.7844
Iter 255/300 - Loss: -0.7848
Iter 256/300 - Loss: -0.7851
Iter 257/300 - Loss: -0.7855
Iter 258/300 - Loss: -0.7858
Iter 259/300 - Loss: -0.7861
Iter 260/300 - Loss: -0.7865
Iter 261/300 - Loss: -0.7868
Iter 262/300 - Loss: -0.7872
Iter 263/300 - Loss: -0.7875
Iter 264/300 - Loss: -0.7879
Iter 265/300 - Loss: -0.7882
Iter 266/300 - Loss: -0.7886
Iter 267/300 - Loss: -0.7889
Iter 268/300 - Loss: -0.7892
Iter 269/300 - Loss: -0.7896
Iter 270/300 - Loss: -0.7899
Iter 271/300 - Loss: -0.7902
Iter 272/300 - Loss: -0.7906
Iter 273/300 - Loss: -0.7909
Iter 274/300 - Loss: -0.7912
Iter 275/300 - Loss: -0.7915
Iter 276/300 - Loss: -0.7918
Iter 277/300 - Loss: -0.7922
Iter 278/300 - Loss: -0.7925
Iter 279/300 - Loss: -0.7928
Iter 280/300 - Loss: -0.7931
Iter 281/300 - Loss: -0.7934
Iter 282/300 - Loss: -0.7936
Iter 283/300 - Loss: -0.7939
Iter 284/300 - Loss: -0.7942
Iter 285/300 - Loss: -0.7945
Iter 286/300 - Loss: -0.7948
Iter 287/300 - Loss: -0.7950
Iter 288/300 - Loss: -0.7953
Iter 289/300 - Loss: -0.7956
Iter 290/300 - Loss: -0.7958
Iter 291/300 - Loss: -0.7961
Iter 292/300 - Loss: -0.7963
Iter 293/300 - Loss: -0.7966
Iter 294/300 - Loss: -0.7968
Iter 295/300 - Loss: -0.7971
Iter 296/300 - Loss: -0.7973
Iter 297/300 - Loss: -0.7975
Iter 298/300 - Loss: -0.7978
Iter 299/300 - Loss: -0.7980
Iter 300/300 - Loss: -0.7982
