no change     /oak/stanford/orgs/kipac/users/delon/miniconda3/condabin/conda
no change     /oak/stanford/orgs/kipac/users/delon/miniconda3/bin/conda
no change     /oak/stanford/orgs/kipac/users/delon/miniconda3/bin/conda-env
no change     /oak/stanford/orgs/kipac/users/delon/miniconda3/bin/activate
no change     /oak/stanford/orgs/kipac/users/delon/miniconda3/bin/deactivate
no change     /oak/stanford/orgs/kipac/users/delon/miniconda3/etc/profile.d/conda.sh
no change     /oak/stanford/orgs/kipac/users/delon/miniconda3/etc/fish/conf.d/conda.fish
no change     /oak/stanford/orgs/kipac/users/delon/miniconda3/shell/condabin/Conda.psm1
no change     /oak/stanford/orgs/kipac/users/delon/miniconda3/shell/condabin/conda-hook.ps1
no change     /oak/stanford/orgs/kipac/users/delon/miniconda3/lib/python3.10/site-packages/xontrib/conda.xsh
no change     /oak/stanford/orgs/kipac/users/delon/miniconda3/etc/profile.d/conda.csh
no change     /home/users/delon/.bashrc
No action taken.
['As', 'ns', 'H0', 'w0', 'ombh2', 'omch2', 'nu_mass_ev', 'sigma']
['As', 'ns', 'H0', 'w0', 'ombh2', 'omch2', 'nu_mass_ev', 'sigma']
Starting ML Fit
Box_n50_37_1400
       message: Optimization terminated successfully.
       success: True
        status: 0
           fun: 25171.80373504108
             x: [ 3.316e+00 -2.965e+00  8.599e-01  5.468e-02  5.632e-01
                 -6.828e-02  1.425e+00 -4.884e-01]
           nit: 1974
          nfev: 2859
 final_simplex: (array([[ 3.316e+00, -2.965e+00, ...,  1.425e+00,
                        -4.884e-01],
                       [ 3.316e+00, -2.965e+00, ...,  1.425e+00,
                        -4.884e-01],
                       ...,
                       [ 3.316e+00, -2.965e+00, ...,  1.425e+00,
                        -4.884e-01],
                       [ 3.316e+00, -2.965e+00, ...,  1.425e+00,
                        -4.884e-01]]), array([ 2.517e+04,  2.517e+04,  2.517e+04,  2.517e+04,
                        2.517e+04,  2.517e+04,  2.517e+04,  2.517e+04,
                        2.517e+04]))
   param_names: ['d0', 'd1', 'e0', 'e1', 'f0', 'f1', 'g0', 'g1']
[ 3.31593499 -2.96459265  0.85989462  0.05468238  0.56323527 -0.06828158
  1.42466135 -0.48840455]
