prev {'d': 0.45447102815761675, 'e': 0.9725707226406828, 'f': 2.3419685816681692, 'g': 1.287486948604394}
Starting ML Fit
Box79_1400
       message: Optimization terminated successfully.
       success: True
        status: 0
           fun: 10906.732387261367
             x: [ 4.602e-01  9.855e-01  2.338e+00  1.266e+00]
           nit: 114
          nfev: 199
 final_simplex: (array([[ 4.602e-01,  9.855e-01,  2.338e+00,  1.266e+00],
                       [ 4.602e-01,  9.854e-01,  2.338e+00,  1.266e+00],
                       ...,
                       [ 4.602e-01,  9.854e-01,  2.338e+00,  1.266e+00],
                       [ 4.602e-01,  9.854e-01,  2.338e+00,  1.266e+00]]), array([ 1.091e+04,  1.091e+04,  1.091e+04,  1.091e+04,
                        1.091e+04]))
   param_names: ['d', 'e', 'f', 'g']
[0.46017755 0.98546082 2.33772428 1.26588579]
{'d': 0.46017755076099587, 'e': 0.9854608191632237, 'f': 2.3377242760820067, 'g': 1.2658857934636167}
Previous:  {'d': 0.45447102815761675, 'e': 0.9725707226406828, 'f': 2.3419685816681692, 'g': 1.287486948604394}
