alist [1.0, 0.953321, 0.866399, 0.787402, 0.715608, 0.65036, 0.620002, 0.591061, 0.563471, 0.537169, 0.512095, 0.488191, 0.403224, 0.366459]
Leaving out Box77_1400
Iter 1/500 - Loss: 4.7269
Iter 2/500 - Loss: 4.3293
Iter 3/500 - Loss: 3.9213
Iter 4/500 - Loss: 3.5524
Iter 5/500 - Loss: 3.2114
Iter 6/500 - Loss: 2.8924
Iter 7/500 - Loss: 2.5986
Iter 8/500 - Loss: 2.3269
Iter 9/500 - Loss: 2.0767
Iter 10/500 - Loss: 1.8490
Iter 11/500 - Loss: 1.6453
Iter 12/500 - Loss: 1.4627
Iter 13/500 - Loss: 1.2944
Iter 14/500 - Loss: 1.1365
Iter 15/500 - Loss: 0.9878
Iter 16/500 - Loss: 0.8484
Iter 17/500 - Loss: 0.7185
Iter 18/500 - Loss: 0.5985
Iter 19/500 - Loss: 0.4889
Iter 20/500 - Loss: 0.3898
Iter 21/500 - Loss: 0.3010
Iter 22/500 - Loss: 0.2211
Iter 23/500 - Loss: 0.1487
Iter 24/500 - Loss: 0.0817
Iter 25/500 - Loss: 0.0189
Iter 26/500 - Loss: -0.0408
Iter 27/500 - Loss: -0.0982
Iter 28/500 - Loss: -0.1531
Iter 29/500 - Loss: -0.2062
Iter 30/500 - Loss: -0.2588
Iter 31/500 - Loss: -0.3114
Iter 32/500 - Loss: -0.3638
Iter 33/500 - Loss: -0.4151
Iter 34/500 - Loss: -0.4645
Iter 35/500 - Loss: -0.5123
Iter 36/500 - Loss: -0.5603
Iter 37/500 - Loss: -0.6084
Iter 38/500 - Loss: -0.6553
Iter 39/500 - Loss: -0.7003
Iter 40/500 - Loss: -0.7445
Iter 41/500 - Loss: -0.7889
Iter 42/500 - Loss: -0.8329
Iter 43/500 - Loss: -0.8760
Iter 44/500 - Loss: -0.9187
Iter 45/500 - Loss: -0.9616
Iter 46/500 - Loss: -1.0047
Iter 47/500 - Loss: -1.0474
Iter 48/500 - Loss: -1.0899
Iter 49/500 - Loss: -1.1333
Iter 50/500 - Loss: -1.1777
Iter 51/500 - Loss: -1.2228
Iter 52/500 - Loss: -1.2686
Iter 53/500 - Loss: -1.3151
Iter 54/500 - Loss: -1.3620
Iter 55/500 - Loss: -1.4091
Iter 56/500 - Loss: -1.4560
Iter 57/500 - Loss: -1.5029
Iter 58/500 - Loss: -1.5495
Iter 59/500 - Loss: -1.5958
Iter 60/500 - Loss: -1.6410
Iter 61/500 - Loss: -1.6843
Iter 62/500 - Loss: -1.7256
Iter 63/500 - Loss: -1.7649
Iter 64/500 - Loss: -1.8032
Iter 65/500 - Loss: -1.8413
Iter 66/500 - Loss: -1.8796
Iter 67/500 - Loss: -1.9186
Iter 68/500 - Loss: -1.9587
Iter 69/500 - Loss: -1.9996
Iter 70/500 - Loss: -2.0411
Iter 71/500 - Loss: -2.0828
Iter 72/500 - Loss: -2.1242
Iter 73/500 - Loss: -2.1647
Iter 74/500 - Loss: -2.2035
Iter 75/500 - Loss: -2.2401
Iter 76/500 - Loss: -2.2741
Iter 77/500 - Loss: -2.3058
Iter 78/500 - Loss: -2.3358
Iter 79/500 - Loss: -2.3647
Iter 80/500 - Loss: -2.3932
Iter 81/500 - Loss: -2.4210
Iter 82/500 - Loss: -2.4478
Iter 83/500 - Loss: -2.4730
Iter 84/500 - Loss: -2.4968
Iter 85/500 - Loss: -2.5185
Iter 86/500 - Loss: -2.5382
Iter 87/500 - Loss: -2.5569
Iter 88/500 - Loss: -2.5742
Iter 89/500 - Loss: -2.5911
Iter 90/500 - Loss: -2.6069
Iter 91/500 - Loss: -2.6224
Iter 92/500 - Loss: -2.6368
Iter 93/500 - Loss: -2.6505
Iter 94/500 - Loss: -2.6632
Iter 95/500 - Loss: -2.6750
Iter 96/500 - Loss: -2.6861
Iter 97/500 - Loss: -2.6962
Iter 98/500 - Loss: -2.7059
Iter 99/500 - Loss: -2.7149
Iter 100/500 - Loss: -2.7235
Iter 101/500 - Loss: -2.7316
Iter 102/500 - Loss: -2.7392
Iter 103/500 - Loss: -2.7463
Iter 104/500 - Loss: -2.7527
Iter 105/500 - Loss: -2.7588
Iter 106/500 - Loss: -2.7644
Iter 107/500 - Loss: -2.7697
Iter 108/500 - Loss: -2.7747
Iter 109/500 - Loss: -2.7794
Iter 110/500 - Loss: -2.7839
Iter 111/500 - Loss: -2.7881
Iter 112/500 - Loss: -2.7921
Iter 113/500 - Loss: -2.7958
Iter 114/500 - Loss: -2.7993
Iter 115/500 - Loss: -2.8026
Iter 116/500 - Loss: -2.8057
Iter 117/500 - Loss: -2.8087
Iter 118/500 - Loss: -2.8115
Iter 119/500 - Loss: -2.8141
Iter 120/500 - Loss: -2.8167
Iter 121/500 - Loss: -2.8191
Iter 122/500 - Loss: -2.8214
Iter 123/500 - Loss: -2.8236
Iter 124/500 - Loss: -2.8256
Iter 125/500 - Loss: -2.8276
Iter 126/500 - Loss: -2.8294
Iter 127/500 - Loss: -2.8312
Iter 128/500 - Loss: -2.8329
Iter 129/500 - Loss: -2.8346
Iter 130/500 - Loss: -2.8360
Iter 131/500 - Loss: -2.8373
Iter 132/500 - Loss: -2.8387
Iter 133/500 - Loss: -2.8405
Iter 134/500 - Loss: -2.8416
Iter 135/500 - Loss: -2.8428
Iter 136/500 - Loss: -2.8443
Iter 137/500 - Loss: -2.8454
Iter 138/500 - Loss: -2.8467
Iter 139/500 - Loss: -2.8480
Iter 140/500 - Loss: -2.8488
Iter 141/500 - Loss: -2.8501
Iter 142/500 - Loss: -2.8512
Iter 143/500 - Loss: -2.8522
Iter 144/500 - Loss: -2.8532
Iter 145/500 - Loss: -2.8541
Iter 146/500 - Loss: -2.8552
Iter 147/500 - Loss: -2.8561
Iter 148/500 - Loss: -2.8570
Iter 149/500 - Loss: -2.8580
Iter 150/500 - Loss: -2.8588
Iter 151/500 - Loss: -2.8597
Iter 152/500 - Loss: -2.8605
Iter 153/500 - Loss: -2.8614
Iter 154/500 - Loss: -2.8623
Iter 155/500 - Loss: -2.8631
Iter 156/500 - Loss: -2.8640
Iter 157/500 - Loss: -2.8649
Iter 158/500 - Loss: -2.8658
Iter 159/500 - Loss: -2.8668
Iter 160/500 - Loss: -2.8678
Iter 161/500 - Loss: -2.8689
Iter 162/500 - Loss: -2.8700
Iter 163/500 - Loss: -2.8710
Iter 164/500 - Loss: -2.8720
Iter 165/500 - Loss: -2.8729
Iter 166/500 - Loss: -2.8736
Iter 167/500 - Loss: -2.8744
Iter 168/500 - Loss: -2.8752
Iter 169/500 - Loss: -2.8759
Iter 170/500 - Loss: -2.8767
Iter 171/500 - Loss: -2.8774
Iter 172/500 - Loss: -2.8782
Iter 173/500 - Loss: -2.8791
Iter 174/500 - Loss: -2.8799
Iter 175/500 - Loss: -2.8806
Iter 176/500 - Loss: -2.8813
Iter 177/500 - Loss: -2.8819
Iter 178/500 - Loss: -2.8825
Iter 179/500 - Loss: -2.8831
Iter 180/500 - Loss: -2.8837
Iter 181/500 - Loss: -2.8844
Iter 182/500 - Loss: -2.8850
Iter 183/500 - Loss: -2.8856
Iter 184/500 - Loss: -2.8862
Iter 185/500 - Loss: -2.8868
Iter 186/500 - Loss: -2.8873
Iter 187/500 - Loss: -2.8878
Iter 188/500 - Loss: -2.8883
Iter 189/500 - Loss: -2.8888
Iter 190/500 - Loss: -2.8893
Iter 191/500 - Loss: -2.8898
Iter 192/500 - Loss: -2.8903
Iter 193/500 - Loss: -2.8908
Iter 194/500 - Loss: -2.8912
Iter 195/500 - Loss: -2.8915
Iter 196/500 - Loss: -2.8918
Iter 197/500 - Loss: -2.8922
Iter 198/500 - Loss: -2.8928
Iter 199/500 - Loss: -2.8933
Iter 200/500 - Loss: -2.8937
Iter 201/500 - Loss: -2.8939
Iter 202/500 - Loss: -2.8944
Iter 203/500 - Loss: -2.8948
Iter 204/500 - Loss: -2.8951
Iter 205/500 - Loss: -2.8955
Iter 206/500 - Loss: -2.8958
Iter 207/500 - Loss: -2.8962
Iter 208/500 - Loss: -2.8964
Iter 209/500 - Loss: -2.8968
Iter 210/500 - Loss: -2.8971
Iter 211/500 - Loss: -2.8974
Iter 212/500 - Loss: -2.8977
Iter 213/500 - Loss: -2.8980
Iter 214/500 - Loss: -2.8983
Iter 215/500 - Loss: -2.8986
Iter 216/500 - Loss: -2.8988
Iter 217/500 - Loss: -2.8991
Iter 218/500 - Loss: -2.8994
Iter 219/500 - Loss: -2.8997
Iter 220/500 - Loss: -2.8999
Iter 221/500 - Loss: -2.9002
Iter 222/500 - Loss: -2.9004
Iter 223/500 - Loss: -2.9007
Iter 224/500 - Loss: -2.9009
Iter 225/500 - Loss: -2.9012
Iter 226/500 - Loss: -2.9014
Iter 227/500 - Loss: -2.9016
Iter 228/500 - Loss: -2.9019
Iter 229/500 - Loss: -2.9021
Iter 230/500 - Loss: -2.9023
Iter 231/500 - Loss: -2.9025
Iter 232/500 - Loss: -2.9028
Iter 233/500 - Loss: -2.9030
Iter 234/500 - Loss: -2.9032
Iter 235/500 - Loss: -2.9034
Iter 236/500 - Loss: -2.9036
Iter 237/500 - Loss: -2.9038
Iter 238/500 - Loss: -2.9040
Iter 239/500 - Loss: -2.9042
Iter 240/500 - Loss: -2.9044
Iter 241/500 - Loss: -2.9046
Iter 242/500 - Loss: -2.9048
Iter 243/500 - Loss: -2.9050
Iter 244/500 - Loss: -2.9052
Iter 245/500 - Loss: -2.9054
Iter 246/500 - Loss: -2.9056
Iter 247/500 - Loss: -2.9057
Iter 248/500 - Loss: -2.9059
Iter 249/500 - Loss: -2.9061
Iter 250/500 - Loss: -2.9063
Iter 251/500 - Loss: -2.9065
Iter 252/500 - Loss: -2.9066
Iter 253/500 - Loss: -2.9068
Iter 254/500 - Loss: -2.9070
Iter 255/500 - Loss: -2.9071
Iter 256/500 - Loss: -2.9073
Iter 257/500 - Loss: -2.9075
Iter 258/500 - Loss: -2.9076
Iter 259/500 - Loss: -2.9078
Iter 260/500 - Loss: -2.9079
Iter 261/500 - Loss: -2.9081
Iter 262/500 - Loss: -2.9082
Iter 263/500 - Loss: -2.9084
Iter 264/500 - Loss: -2.9085
Iter 265/500 - Loss: -2.9087
Iter 266/500 - Loss: -2.9088
Iter 267/500 - Loss: -2.9090
Iter 268/500 - Loss: -2.9091
Iter 269/500 - Loss: -2.9093
Iter 270/500 - Loss: -2.9094
Iter 271/500 - Loss: -2.9095
Iter 272/500 - Loss: -2.9097
Iter 273/500 - Loss: -2.9098
Iter 274/500 - Loss: -2.9100
Iter 275/500 - Loss: -2.9101
Iter 276/500 - Loss: -2.9102
Iter 277/500 - Loss: -2.9104
Iter 278/500 - Loss: -2.9105
Iter 279/500 - Loss: -2.9106
Iter 280/500 - Loss: -2.9107
Iter 281/500 - Loss: -2.9109
Iter 282/500 - Loss: -2.9110
Iter 283/500 - Loss: -2.9111
Iter 284/500 - Loss: -2.9112
Iter 285/500 - Loss: -2.9114
Iter 286/500 - Loss: -2.9115
Iter 287/500 - Loss: -2.9116
Iter 288/500 - Loss: -2.9117
Iter 289/500 - Loss: -2.9118
Iter 290/500 - Loss: -2.9119
Iter 291/500 - Loss: -2.9121
Iter 292/500 - Loss: -2.9122
Iter 293/500 - Loss: -2.9123
Iter 294/500 - Loss: -2.9124
Iter 295/500 - Loss: -2.9125
Iter 296/500 - Loss: -2.9126
Iter 297/500 - Loss: -2.9127
Iter 298/500 - Loss: -2.9128
Iter 299/500 - Loss: -2.9129
Iter 300/500 - Loss: -2.9130
Iter 301/500 - Loss: -2.9131
Iter 302/500 - Loss: -2.9132
Iter 303/500 - Loss: -2.9134
Iter 304/500 - Loss: -2.9135
Iter 305/500 - Loss: -2.9136
Iter 306/500 - Loss: -2.9137
Iter 307/500 - Loss: -2.9138
Iter 308/500 - Loss: -2.9138
Iter 309/500 - Loss: -2.9139
Iter 310/500 - Loss: -2.9140
Iter 311/500 - Loss: -2.9141
Iter 312/500 - Loss: -2.9142
Iter 313/500 - Loss: -2.9143
Iter 314/500 - Loss: -2.9144
Iter 315/500 - Loss: -2.9145
Iter 316/500 - Loss: -2.9146
Iter 317/500 - Loss: -2.9147
Iter 318/500 - Loss: -2.9148
Iter 319/500 - Loss: -2.9149
Iter 320/500 - Loss: -2.9150
Iter 321/500 - Loss: -2.9151
Iter 322/500 - Loss: -2.9151
Iter 323/500 - Loss: -2.9152
Iter 324/500 - Loss: -2.9153
Iter 325/500 - Loss: -2.9154
Iter 326/500 - Loss: -2.9155
Iter 327/500 - Loss: -2.9156
Iter 328/500 - Loss: -2.9156
Iter 329/500 - Loss: -2.9157
Iter 330/500 - Loss: -2.9158
Iter 331/500 - Loss: -2.9159
Iter 332/500 - Loss: -2.9160
Iter 333/500 - Loss: -2.9161
Iter 334/500 - Loss: -2.9161
Iter 335/500 - Loss: -2.9162
Iter 336/500 - Loss: -2.9163
Iter 337/500 - Loss: -2.9164
Iter 338/500 - Loss: -2.9165
Iter 339/500 - Loss: -2.9165
Iter 340/500 - Loss: -2.9166
Iter 341/500 - Loss: -2.9167
Iter 342/500 - Loss: -2.9168
Iter 343/500 - Loss: -2.9168
Iter 344/500 - Loss: -2.9169
Iter 345/500 - Loss: -2.9170
Iter 346/500 - Loss: -2.9171
Iter 347/500 - Loss: -2.9171
Iter 348/500 - Loss: -2.9172
Iter 349/500 - Loss: -2.9173
Iter 350/500 - Loss: -2.9174
Iter 351/500 - Loss: -2.9174
Iter 352/500 - Loss: -2.9175
Iter 353/500 - Loss: -2.9176
Iter 354/500 - Loss: -2.9177
Iter 355/500 - Loss: -2.9177
Iter 356/500 - Loss: -2.9178
Iter 357/500 - Loss: -2.9179
Iter 358/500 - Loss: -2.9179
Iter 359/500 - Loss: -2.9180
Iter 360/500 - Loss: -2.9181
Iter 361/500 - Loss: -2.9182
Iter 362/500 - Loss: -2.9182
Iter 363/500 - Loss: -2.9183
Iter 364/500 - Loss: -2.9184
Iter 365/500 - Loss: -2.9185
Iter 366/500 - Loss: -2.9185
Iter 367/500 - Loss: -2.9186
Iter 368/500 - Loss: -2.9187
Iter 369/500 - Loss: -2.9188
Iter 370/500 - Loss: -2.9189
Iter 371/500 - Loss: -2.9189
Iter 372/500 - Loss: -2.9190
Iter 373/500 - Loss: -2.9191
Iter 374/500 - Loss: -2.9192
Iter 375/500 - Loss: -2.9193
Iter 376/500 - Loss: -2.9193
Iter 377/500 - Loss: -2.9194
Iter 378/500 - Loss: -2.9195
Iter 379/500 - Loss: -2.9196
Iter 380/500 - Loss: -2.9197
Iter 381/500 - Loss: -2.9197
Iter 382/500 - Loss: -2.9198
Iter 383/500 - Loss: -2.9199
Iter 384/500 - Loss: -2.9200
Iter 385/500 - Loss: -2.9200
Iter 386/500 - Loss: -2.9201
Iter 387/500 - Loss: -2.9202
Iter 388/500 - Loss: -2.9202
Iter 389/500 - Loss: -2.9203
Iter 390/500 - Loss: -2.9204
Iter 391/500 - Loss: -2.9204
Iter 392/500 - Loss: -2.9205
Iter 393/500 - Loss: -2.9206
Iter 394/500 - Loss: -2.9206
Iter 395/500 - Loss: -2.9207
Iter 396/500 - Loss: -2.9208
Iter 397/500 - Loss: -2.9208
Iter 398/500 - Loss: -2.9209
Iter 399/500 - Loss: -2.9210
Iter 400/500 - Loss: -2.9210
Iter 401/500 - Loss: -2.9211
Iter 402/500 - Loss: -2.9212
Iter 403/500 - Loss: -2.9212
Iter 404/500 - Loss: -2.9213
Iter 405/500 - Loss: -2.9214
Iter 406/500 - Loss: -2.9214
Iter 407/500 - Loss: -2.9215
Iter 408/500 - Loss: -2.9216
Iter 409/500 - Loss: -2.9216
Iter 410/500 - Loss: -2.9217
Iter 411/500 - Loss: -2.9217
Iter 412/500 - Loss: -2.9218
Iter 413/500 - Loss: -2.9219
Iter 414/500 - Loss: -2.9219
Iter 415/500 - Loss: -2.9220
Iter 416/500 - Loss: -2.9221
Iter 417/500 - Loss: -2.9222
Iter 418/500 - Loss: -2.9222
Iter 419/500 - Loss: -2.9223
Iter 420/500 - Loss: -2.9224
Iter 421/500 - Loss: -2.9225
Iter 422/500 - Loss: -2.9225
Iter 423/500 - Loss: -2.9226
Iter 424/500 - Loss: -2.9227
Iter 425/500 - Loss: -2.9228
Iter 426/500 - Loss: -2.9229
Iter 427/500 - Loss: -2.9229
Iter 428/500 - Loss: -2.9230
Iter 429/500 - Loss: -2.9231
Iter 430/500 - Loss: -2.9232
Iter 431/500 - Loss: -2.9233
Iter 432/500 - Loss: -2.9234
Iter 433/500 - Loss: -2.9235
Iter 434/500 - Loss: -2.9236
Iter 435/500 - Loss: -2.9237
Iter 436/500 - Loss: -2.9238
Iter 437/500 - Loss: -2.9240
Iter 438/500 - Loss: -2.9241
Iter 439/500 - Loss: -2.9242
Iter 440/500 - Loss: -2.9243
Iter 441/500 - Loss: -2.9244
Iter 442/500 - Loss: -2.9245
Iter 443/500 - Loss: -2.9246
Iter 444/500 - Loss: -2.9248
Iter 445/500 - Loss: -2.9249
Iter 446/500 - Loss: -2.9250
Iter 447/500 - Loss: -2.9251
Iter 448/500 - Loss: -2.9252
Iter 449/500 - Loss: -2.9254
Iter 450/500 - Loss: -2.9255
Iter 451/500 - Loss: -2.9256
Iter 452/500 - Loss: -2.9257
Iter 453/500 - Loss: -2.9259
Iter 454/500 - Loss: -2.9260
Iter 455/500 - Loss: -2.9261
Iter 456/500 - Loss: -2.9262
Iter 457/500 - Loss: -2.9262
Iter 458/500 - Loss: -2.9261
Iter 459/500 - Loss: -2.9263
Iter 460/500 - Loss: -2.9267
Iter 461/500 - Loss: -2.9268
Iter 462/500 - Loss: -2.9268
Iter 463/500 - Loss: -2.9271
Iter 464/500 - Loss: -2.9273
Iter 465/500 - Loss: -2.9273
Iter 466/500 - Loss: -2.9276
Iter 467/500 - Loss: -2.9278
Iter 468/500 - Loss: -2.9278
Iter 469/500 - Loss: -2.9280
Iter 470/500 - Loss: -2.9282
Iter 471/500 - Loss: -2.9283
Iter 472/500 - Loss: -2.9285
Iter 473/500 - Loss: -2.9286
Iter 474/500 - Loss: -2.9287
Iter 475/500 - Loss: -2.9289
Iter 476/500 - Loss: -2.9291
Iter 477/500 - Loss: -2.9292
Iter 478/500 - Loss: -2.9293
Iter 479/500 - Loss: -2.9295
Iter 480/500 - Loss: -2.9296
Iter 481/500 - Loss: -2.9298
Iter 482/500 - Loss: -2.9299
Iter 483/500 - Loss: -2.9300
Iter 484/500 - Loss: -2.9302
Iter 485/500 - Loss: -2.9303
Iter 486/500 - Loss: -2.9305
Iter 487/500 - Loss: -2.9306
Iter 488/500 - Loss: -2.9308
Iter 489/500 - Loss: -2.9309
Iter 490/500 - Loss: -2.9310
Iter 491/500 - Loss: -2.9312
Iter 492/500 - Loss: -2.9313
Iter 493/500 - Loss: -2.9315
Iter 494/500 - Loss: -2.9316
Iter 495/500 - Loss: -2.9318
Iter 496/500 - Loss: -2.9319
Iter 497/500 - Loss: -2.9321
Iter 498/500 - Loss: -2.9322
Iter 499/500 - Loss: -2.9323
Iter 500/500 - Loss: -2.9325
{'d': 0.39624307, 'e': 0.68637353, 'f': 2.3218346, 'g': 1.292871}
{'d': 0.4024307, 'e': 0.6868179, 'f': 2.321497, 'g': 1.2988378}
{'d': 0.41817302, 'e': 0.6872796, 'f': 2.3210618, 'g': 1.3136332}
{'d': 0.42279348, 'e': 0.6873376, 'f': 2.3210392, 'g': 1.3178672}
{'d': 0.42766643, 'e': 0.6874517, 'f': 2.3210652, 'g': 1.3222533}
{'d': 0.4327753, 'e': 0.6877096, 'f': 2.3211477, 'g': 1.3267362}
{'d': 0.43810132, 'e': 0.68820953, 'f': 2.321296, 'g': 1.3312447}
{'d': 0.4436342, 'e': 0.68922675, 'f': 2.3215108, 'g': 1.3356816}
{'d': 0.4493672, 'e': 0.69110525, 'f': 2.321788, 'g': 1.3399308}
{'d': 0.46147007, 'e': 0.69978213, 'f': 2.3224568, 'g': 1.3472776}
{'d': 0.47464865, 'e': 0.7215807, 'f': 2.322945, 'g': 1.351881}
{'d': 0.48933408, 'e': 0.76826864, 'f': 2.3224914, 'g': 1.3521136}
{'d': 0.5058065, 'e': 0.8537362, 'f': 2.319988, 'g': 1.3465276}
{'d': 0.51460123, 'e': 0.9141392, 'f': 2.3176403, 'g': 1.3413187}
