Leaving out Box54_1400
alist [1.0, 0.953321, 0.866399, 0.787402, 0.715608, 0.65036, 0.620002, 0.591061, 0.563471, 0.537169, 0.512095, 0.488191, 0.403224, 0.366459]
(2030, 10)
(2030, 4)
scaling input
(2030, 10)
scaling output
(2030, 4)
Iter 1/300 - Loss: 3.2309
Iter 2/300 - Loss: 2.8448
Iter 3/300 - Loss: 2.4884
Iter 4/300 - Loss: 2.1668
Iter 5/300 - Loss: 1.8810
Iter 6/300 - Loss: 1.6293
Iter 7/300 - Loss: 1.4112
Iter 8/300 - Loss: 1.2297
Iter 9/300 - Loss: 1.0908
Iter 10/300 - Loss: 0.9990
Iter 11/300 - Loss: 0.9479
Iter 12/300 - Loss: 0.9225
Iter 13/300 - Loss: 0.9105
Iter 14/300 - Loss: 0.9034
Iter 15/300 - Loss: 0.8958
Iter 16/300 - Loss: 0.8842
Iter 17/300 - Loss: 0.8659
Iter 18/300 - Loss: 0.8391
Iter 19/300 - Loss: 0.8033
Iter 20/300 - Loss: 0.7585
Iter 21/300 - Loss: 0.7059
Iter 22/300 - Loss: 0.6478
Iter 23/300 - Loss: 0.5865
Iter 24/300 - Loss: 0.5251
Iter 25/300 - Loss: 0.4663
Iter 26/300 - Loss: 0.4127
Iter 27/300 - Loss: 0.3653
Iter 28/300 - Loss: 0.3244
Iter 29/300 - Loss: 0.2882
Iter 30/300 - Loss: 0.2550
Iter 31/300 - Loss: 0.2228
Iter 32/300 - Loss: 0.1899
Iter 33/300 - Loss: 0.1556
Iter 34/300 - Loss: 0.1192
Iter 35/300 - Loss: 0.0808
Iter 36/300 - Loss: 0.0406
Iter 37/300 - Loss: -0.0007
Iter 38/300 - Loss: -0.0425
Iter 39/300 - Loss: -0.0839
Iter 40/300 - Loss: -0.1243
Iter 41/300 - Loss: -0.1632
Iter 42/300 - Loss: -0.2003
Iter 43/300 - Loss: -0.2352
Iter 44/300 - Loss: -0.2677
Iter 45/300 - Loss: -0.2976
Iter 46/300 - Loss: -0.3243
Iter 47/300 - Loss: -0.3481
Iter 48/300 - Loss: -0.3759
Iter 49/300 - Loss: -0.4004
Iter 50/300 - Loss: -0.4273
Iter 51/300 - Loss: -0.4516
Iter 52/300 - Loss: -0.4771
Iter 53/300 - Loss: -0.4986
Iter 54/300 - Loss: -0.5195
Iter 55/300 - Loss: -0.5376
Iter 56/300 - Loss: -0.5530
Iter 57/300 - Loss: -0.5677
Iter 58/300 - Loss: -0.5810
Iter 59/300 - Loss: -0.5931
Iter 60/300 - Loss: -0.6051
Iter 61/300 - Loss: -0.6168
Iter 62/300 - Loss: -0.6276
Iter 63/300 - Loss: -0.6377
Iter 64/300 - Loss: -0.6473
Iter 65/300 - Loss: -0.6559
Iter 66/300 - Loss: -0.6636
Iter 67/300 - Loss: -0.6712
Iter 68/300 - Loss: -0.6788
Iter 69/300 - Loss: -0.6864
Iter 70/300 - Loss: -0.6941
Iter 71/300 - Loss: -0.7014
Iter 72/300 - Loss: -0.7079
Iter 73/300 - Loss: -0.7137
Iter 74/300 - Loss: -0.7187
Iter 75/300 - Loss: -0.7232
Iter 76/300 - Loss: -0.7274
Iter 77/300 - Loss: -0.7312
Iter 78/300 - Loss: -0.7348
Iter 79/300 - Loss: -0.7379
Iter 80/300 - Loss: -0.7406
Iter 81/300 - Loss: -0.7428
Iter 82/300 - Loss: -0.7448
Iter 83/300 - Loss: -0.7464
Iter 84/300 - Loss: -0.7468
Iter 85/300 - Loss: -0.7474
Iter 86/300 - Loss: -0.7522
Iter 87/300 - Loss: -0.7529
Iter 88/300 - Loss: -0.7542
Iter 89/300 - Loss: -0.7569
Iter 90/300 - Loss: -0.7571
Iter 91/300 - Loss: -0.7599
Iter 92/300 - Loss: -0.7603
Iter 93/300 - Loss: -0.7623
Iter 94/300 - Loss: -0.7630
Iter 95/300 - Loss: -0.7639
Iter 96/300 - Loss: -0.7650
Iter 97/300 - Loss: -0.7653
Iter 98/300 - Loss: -0.7665
Iter 99/300 - Loss: -0.7667
Iter 100/300 - Loss: -0.7677
Iter 101/300 - Loss: -0.7679
Iter 102/300 - Loss: -0.7687
Iter 103/300 - Loss: -0.7689
Iter 104/300 - Loss: -0.7695
Iter 105/300 - Loss: -0.7698
Iter 106/300 - Loss: -0.7704
Iter 107/300 - Loss: -0.7707
Iter 108/300 - Loss: -0.7711
Iter 109/300 - Loss: -0.7714
Iter 110/300 - Loss: -0.7716
Iter 111/300 - Loss: -0.7721
Iter 112/300 - Loss: -0.7722
Iter 113/300 - Loss: -0.7726
Iter 114/300 - Loss: -0.7728
Iter 115/300 - Loss: -0.7730
Iter 116/300 - Loss: -0.7733
Iter 117/300 - Loss: -0.7734
Iter 118/300 - Loss: -0.7738
Iter 119/300 - Loss: -0.7739
Iter 120/300 - Loss: -0.7741
Iter 121/300 - Loss: -0.7744
Iter 122/300 - Loss: -0.7745
Iter 123/300 - Loss: -0.7747
Iter 124/300 - Loss: -0.7749
Iter 125/300 - Loss: -0.7750
Iter 126/300 - Loss: -0.7752
Iter 127/300 - Loss: -0.7753
Iter 128/300 - Loss: -0.7755
Iter 129/300 - Loss: -0.7756
Iter 130/300 - Loss: -0.7757
Iter 131/300 - Loss: -0.7759
Iter 132/300 - Loss: -0.7760
Iter 133/300 - Loss: -0.7761
Iter 134/300 - Loss: -0.7762
Iter 135/300 - Loss: -0.7763
Iter 136/300 - Loss: -0.7764
Iter 137/300 - Loss: -0.7765
Iter 138/300 - Loss: -0.7766
Iter 139/300 - Loss: -0.7767
Iter 140/300 - Loss: -0.7768
Iter 141/300 - Loss: -0.7768
Iter 142/300 - Loss: -0.7769
Iter 143/300 - Loss: -0.7770
Iter 144/300 - Loss: -0.7771
Iter 145/300 - Loss: -0.7772
Iter 146/300 - Loss: -0.7773
Iter 147/300 - Loss: -0.7773
Iter 148/300 - Loss: -0.7774
Iter 149/300 - Loss: -0.7775
Iter 150/300 - Loss: -0.7775
Iter 151/300 - Loss: -0.7776
Iter 152/300 - Loss: -0.7777
Iter 153/300 - Loss: -0.7777
Iter 154/300 - Loss: -0.7777
Iter 155/300 - Loss: -0.7777
Iter 156/300 - Loss: -0.7777
Iter 157/300 - Loss: -0.7778
Iter 158/300 - Loss: -0.7778
Iter 159/300 - Loss: -0.7778
Iter 160/300 - Loss: -0.7778
Iter 161/300 - Loss: -0.7778
Iter 162/300 - Loss: -0.7778
Iter 163/300 - Loss: -0.7778
Iter 164/300 - Loss: -0.7778
Iter 165/300 - Loss: -0.7778
Iter 166/300 - Loss: -0.7779
Iter 167/300 - Loss: -0.7779
Iter 168/300 - Loss: -0.7779
Iter 169/300 - Loss: -0.7779
Iter 170/300 - Loss: -0.7779
Iter 171/300 - Loss: -0.7779
Iter 172/300 - Loss: -0.7780
Iter 173/300 - Loss: -0.7780
Iter 174/300 - Loss: -0.7780
Iter 175/300 - Loss: -0.7780
Iter 176/300 - Loss: -0.7780
Iter 177/300 - Loss: -0.7781
Iter 178/300 - Loss: -0.7781
Iter 179/300 - Loss: -0.7781
Iter 180/300 - Loss: -0.7781
Iter 181/300 - Loss: -0.7782
Iter 182/300 - Loss: -0.7782
Iter 183/300 - Loss: -0.7783
Iter 184/300 - Loss: -0.7783
Iter 185/300 - Loss: -0.7783
Iter 186/300 - Loss: -0.7784
Iter 187/300 - Loss: -0.7784
Iter 188/300 - Loss: -0.7785
Iter 189/300 - Loss: -0.7786
Iter 190/300 - Loss: -0.7786
Iter 191/300 - Loss: -0.7787
Iter 192/300 - Loss: -0.7788
Iter 193/300 - Loss: -0.7789
Iter 194/300 - Loss: -0.7789
Iter 195/300 - Loss: -0.7790
Iter 196/300 - Loss: -0.7791
Iter 197/300 - Loss: -0.7793
Iter 198/300 - Loss: -0.7794
Iter 199/300 - Loss: -0.7795
Iter 200/300 - Loss: -0.7797
Iter 201/300 - Loss: -0.7798
Iter 202/300 - Loss: -0.7800
Iter 203/300 - Loss: -0.7802
Iter 204/300 - Loss: -0.7803
Iter 205/300 - Loss: -0.7805
Iter 206/300 - Loss: -0.7808
Iter 207/300 - Loss: -0.7810
Iter 208/300 - Loss: -0.7812
Iter 209/300 - Loss: -0.7815
Iter 210/300 - Loss: -0.7817
Iter 211/300 - Loss: -0.7820
Iter 212/300 - Loss: -0.7823
Iter 213/300 - Loss: -0.7826
Iter 214/300 - Loss: -0.7829
Iter 215/300 - Loss: -0.7832
Iter 216/300 - Loss: -0.7835
Iter 217/300 - Loss: -0.7839
Iter 218/300 - Loss: -0.7842
Iter 219/300 - Loss: -0.7846
Iter 220/300 - Loss: -0.7849
Iter 221/300 - Loss: -0.7852
Iter 222/300 - Loss: -0.7856
Iter 223/300 - Loss: -0.7859
Iter 224/300 - Loss: -0.7863
Iter 225/300 - Loss: -0.7866
Iter 226/300 - Loss: -0.7870
Iter 227/300 - Loss: -0.7873
Iter 228/300 - Loss: -0.7877
Iter 229/300 - Loss: -0.7880
Iter 230/300 - Loss: -0.7883
Iter 231/300 - Loss: -0.7887
Iter 232/300 - Loss: -0.7890
Iter 233/300 - Loss: -0.7893
Iter 234/300 - Loss: -0.7896
Iter 235/300 - Loss: -0.7899
Iter 236/300 - Loss: -0.7902
Iter 237/300 - Loss: -0.7905
Iter 238/300 - Loss: -0.7908
Iter 239/300 - Loss: -0.7911
Iter 240/300 - Loss: -0.7914
Iter 241/300 - Loss: -0.7916
Iter 242/300 - Loss: -0.7919
Iter 243/300 - Loss: -0.7922
Iter 244/300 - Loss: -0.7924
Iter 245/300 - Loss: -0.7927
Iter 246/300 - Loss: -0.7930
Iter 247/300 - Loss: -0.7932
Iter 248/300 - Loss: -0.7935
Iter 249/300 - Loss: -0.7937
Iter 250/300 - Loss: -0.7940
Iter 251/300 - Loss: -0.7942
Iter 252/300 - Loss: -0.7944
Iter 253/300 - Loss: -0.7947
Iter 254/300 - Loss: -0.7949
Iter 255/300 - Loss: -0.7951
Iter 256/300 - Loss: -0.7953
Iter 257/300 - Loss: -0.7955
Iter 258/300 - Loss: -0.7957
Iter 259/300 - Loss: -0.7960
Iter 260/300 - Loss: -0.7962
Iter 261/300 - Loss: -0.7964
Iter 262/300 - Loss: -0.7966
Iter 263/300 - Loss: -0.7968
Iter 264/300 - Loss: -0.7969
Iter 265/300 - Loss: -0.7971
Iter 266/300 - Loss: -0.7973
Iter 267/300 - Loss: -0.7975
Iter 268/300 - Loss: -0.7977
Iter 269/300 - Loss: -0.7978
Iter 270/300 - Loss: -0.7980
Iter 271/300 - Loss: -0.7982
Iter 272/300 - Loss: -0.7984
Iter 273/300 - Loss: -0.7985
Iter 274/300 - Loss: -0.7987
Iter 275/300 - Loss: -0.7988
Iter 276/300 - Loss: -0.7990
Iter 277/300 - Loss: -0.7992
Iter 278/300 - Loss: -0.7993
Iter 279/300 - Loss: -0.7995
Iter 280/300 - Loss: -0.7996
Iter 281/300 - Loss: -0.7998
Iter 282/300 - Loss: -0.7999
Iter 283/300 - Loss: -0.8000
Iter 284/300 - Loss: -0.8002
Iter 285/300 - Loss: -0.8003
Iter 286/300 - Loss: -0.8005
Iter 287/300 - Loss: -0.8006
Iter 288/300 - Loss: -0.8007
Iter 289/300 - Loss: -0.8009
Iter 290/300 - Loss: -0.8010
Iter 291/300 - Loss: -0.8011
Iter 292/300 - Loss: -0.8012
Iter 293/300 - Loss: -0.8014
Iter 294/300 - Loss: -0.8015
Iter 295/300 - Loss: -0.8016
Iter 296/300 - Loss: -0.8017
Iter 297/300 - Loss: -0.8019
Iter 298/300 - Loss: -0.8020
Iter 299/300 - Loss: -0.8021
Iter 300/300 - Loss: -0.8022
