prev {'d': 0.4530919247882777, 'e': 0.6732896835123864, 'f': 2.3439124450743187, 'g': 1.3523904734270895}
Starting ML Fit
Box94_1400
       message: Optimization terminated successfully.
       success: True
        status: 0
           fun: 6074.602819259491
             x: [ 4.446e-01  6.392e-01  2.348e+00  1.349e+00]
           nit: 116
          nfev: 204
 final_simplex: (array([[ 4.446e-01,  6.392e-01,  2.348e+00,  1.349e+00],
                       [ 4.446e-01,  6.392e-01,  2.348e+00,  1.349e+00],
                       ...,
                       [ 4.446e-01,  6.392e-01,  2.348e+00,  1.349e+00],
                       [ 4.446e-01,  6.392e-01,  2.348e+00,  1.349e+00]]), array([ 6.075e+03,  6.075e+03,  6.075e+03,  6.075e+03,
                        6.075e+03]))
   param_names: ['d', 'e', 'f', 'g']
[0.44460219 0.6391914  2.34777989 1.34918732]
{'d': 0.444602188007638, 'e': 0.6391913982307146, 'f': 2.347779885429035, 'g': 1.34918732343598}
Previous:  {'d': 0.4530919247882777, 'e': 0.6732896835123864, 'f': 2.3439124450743187, 'g': 1.3523904734270895}
