prev {'d': 0.5068989707957395, 'e': 1.0124666838050884, 'f': 2.334367392926163, 'g': 1.3204369504896039}
Starting ML Fit
Box_n50_28_1400
       message: Optimization terminated successfully.
       success: True
        status: 0
           fun: 7716.429785763973
             x: [ 4.939e-01  1.018e+00  2.338e+00  1.320e+00]
           nit: 95
          nfev: 167
 final_simplex: (array([[ 4.939e-01,  1.018e+00,  2.338e+00,  1.320e+00],
                       [ 4.939e-01,  1.018e+00,  2.338e+00,  1.320e+00],
                       ...,
                       [ 4.939e-01,  1.018e+00,  2.338e+00,  1.320e+00],
                       [ 4.939e-01,  1.018e+00,  2.338e+00,  1.320e+00]]), array([ 7.716e+03,  7.716e+03,  7.716e+03,  7.716e+03,
                        7.716e+03]))
   param_names: ['d', 'e', 'f', 'g']
[0.49390504 1.01814827 2.3382878  1.31974916]
{'d': 0.49390504308356203, 'e': 1.0181482659751606, 'f': 2.3382878002547063, 'g': 1.3197491574063611}
Previous:  {'d': 0.5068989707957395, 'e': 1.0124666838050884, 'f': 2.334367392926163, 'g': 1.3204369504896039}
