prev {'d': 0.38051061598350977, 'e': 0.9666041386129215, 'f': 2.339960291853782, 'g': 1.259552907162427}
Starting ML Fit
Box24_1400
       message: Optimization terminated successfully.
       success: True
        status: 0
           fun: 2869.134083779265
             x: [ 3.988e-01  9.636e-01  2.341e+00  1.273e+00]
           nit: 93
          nfev: 162
 final_simplex: (array([[ 3.988e-01,  9.636e-01,  2.341e+00,  1.273e+00],
                       [ 3.988e-01,  9.637e-01,  2.341e+00,  1.273e+00],
                       ...,
                       [ 3.988e-01,  9.637e-01,  2.341e+00,  1.273e+00],
                       [ 3.988e-01,  9.637e-01,  2.341e+00,  1.273e+00]]), array([ 2.869e+03,  2.869e+03,  2.869e+03,  2.869e+03,
                        2.869e+03]))
   param_names: ['d', 'e', 'f', 'g']
[0.39880222 0.96364936 2.34067105 1.27284117]
{'d': 0.39880222271876187, 'e': 0.9636493624060565, 'f': 2.3406710457167765, 'g': 1.272841173600132}
Previous:  {'d': 0.38051061598350977, 'e': 0.9666041386129215, 'f': 2.339960291853782, 'g': 1.259552907162427}
