prev {'d': 0.5357565223476184, 'e': 1.0459555971409782, 'f': 2.3491664965580217, 'g': 1.3077611838364689}
Starting ML Fit
Box66_1400
       message: Optimization terminated successfully.
       success: True
        status: 0
           fun: 4413.742226463583
             x: [ 5.190e-01  1.004e+00  2.349e+00  1.308e+00]
           nit: 100
          nfev: 178
 final_simplex: (array([[ 5.190e-01,  1.004e+00,  2.349e+00,  1.308e+00],
                       [ 5.190e-01,  1.004e+00,  2.349e+00,  1.308e+00],
                       ...,
                       [ 5.190e-01,  1.004e+00,  2.349e+00,  1.308e+00],
                       [ 5.190e-01,  1.004e+00,  2.349e+00,  1.308e+00]]), array([ 4.414e+03,  4.414e+03,  4.414e+03,  4.414e+03,
                        4.414e+03]))
   param_names: ['d', 'e', 'f', 'g']
[0.51900481 1.00365468 2.34918924 1.30785106]
{'d': 0.5190048105646629, 'e': 1.0036546768317576, 'f': 2.3491892414258007, 'g': 1.3078510605101663}
Previous:  {'d': 0.5357565223476184, 'e': 1.0459555971409782, 'f': 2.3491664965580217, 'g': 1.3077611838364689}
