prev {'d': 0.4563616569892709, 'e': 1.1022642374719511, 'f': 2.339660076262644, 'g': 1.2520358477886646}
Starting ML Fit
Box36_1400
       message: Optimization terminated successfully.
       success: True
        status: 0
           fun: 5272.311816414569
             x: [ 4.398e-01  1.058e+00  2.340e+00  1.251e+00]
           nit: 100
          nfev: 176
 final_simplex: (array([[ 4.398e-01,  1.058e+00,  2.340e+00,  1.251e+00],
                       [ 4.398e-01,  1.058e+00,  2.340e+00,  1.251e+00],
                       ...,
                       [ 4.398e-01,  1.058e+00,  2.340e+00,  1.251e+00],
                       [ 4.398e-01,  1.058e+00,  2.340e+00,  1.251e+00]]), array([ 5.272e+03,  5.272e+03,  5.272e+03,  5.272e+03,
                        5.272e+03]))
   param_names: ['d', 'e', 'f', 'g']
[0.43983843 1.0581418  2.33986016 1.25116076]
{'d': 0.439838429159594, 'e': 1.0581418030099248, 'f': 2.3398601554468215, 'g': 1.2511607573546877}
Previous:  {'d': 0.4563616569892709, 'e': 1.1022642374719511, 'f': 2.339660076262644, 'g': 1.2520358477886646}
