alist [1.0, 0.953321, 0.866399, 0.787402, 0.715608, 0.65036, 0.620002, 0.591061, 0.563471, 0.537169, 0.512095, 0.488191, 0.403224, 0.366459]
Leaving out Box_n50_43_1400
Iter 1/250 - Loss: 6.3798
Iter 2/250 - Loss: 6.0406
Iter 3/250 - Loss: 5.3698
Iter 4/250 - Loss: 4.9295
Iter 5/250 - Loss: 4.5274
Iter 6/250 - Loss: 4.2022
Iter 7/250 - Loss: 3.7482
Iter 8/250 - Loss: 3.3898
Iter 9/250 - Loss: 3.0657
Iter 10/250 - Loss: 2.7677
Iter 11/250 - Loss: 2.4954
Iter 12/250 - Loss: 2.2458
Iter 13/250 - Loss: 2.0167
Iter 14/250 - Loss: 1.8066
Iter 15/250 - Loss: 1.6134
Iter 16/250 - Loss: 1.4360
Iter 17/250 - Loss: 1.2715
Iter 18/250 - Loss: 1.1173
Iter 19/250 - Loss: 0.9720
Iter 20/250 - Loss: 0.8344
Iter 21/250 - Loss: 0.7038
Iter 22/250 - Loss: 0.5799
Iter 23/250 - Loss: 0.4625
Iter 24/250 - Loss: 0.3513
Iter 25/250 - Loss: 0.2462
Iter 26/250 - Loss: 0.1474
Iter 27/250 - Loss: 0.0548
Iter 28/250 - Loss: -0.0313
Iter 29/250 - Loss: -0.1112
Iter 30/250 - Loss: -0.1854
Iter 31/250 - Loss: -0.2544
Iter 32/250 - Loss: -0.3188
Iter 33/250 - Loss: -0.3797
Iter 34/250 - Loss: -0.4371
Iter 35/250 - Loss: -0.4913
Iter 36/250 - Loss: -0.5440
Iter 37/250 - Loss: -0.5959
Iter 38/250 - Loss: -0.6472
Iter 39/250 - Loss: -0.6969
Iter 40/250 - Loss: -0.7453
Iter 41/250 - Loss: -0.7938
Iter 42/250 - Loss: -0.8423
Iter 43/250 - Loss: -0.8900
Iter 44/250 - Loss: -0.9370
Iter 45/250 - Loss: -0.9840
Iter 46/250 - Loss: -1.0314
Iter 47/250 - Loss: -1.0785
Iter 48/250 - Loss: -1.1254
Iter 49/250 - Loss: -1.1730
Iter 50/250 - Loss: -1.2214
Iter 51/250 - Loss: -1.2705
Iter 52/250 - Loss: -1.3203
Iter 53/250 - Loss: -1.3722
Iter 54/250 - Loss: -1.4254
Iter 55/250 - Loss: -1.4780
Iter 56/250 - Loss: -1.5297
Iter 57/250 - Loss: -1.5793
Iter 58/250 - Loss: -1.6256
Iter 59/250 - Loss: -1.6696
Iter 60/250 - Loss: -1.7122
Iter 61/250 - Loss: -1.7542
Iter 62/250 - Loss: -1.7958
Iter 63/250 - Loss: -1.8371
Iter 64/250 - Loss: -1.8783
Iter 65/250 - Loss: -1.9194
Iter 66/250 - Loss: -1.9605
Iter 67/250 - Loss: -2.0012
Iter 68/250 - Loss: -2.0416
Iter 69/250 - Loss: -2.0814
Iter 70/250 - Loss: -2.1206
Iter 71/250 - Loss: -2.1587
Iter 72/250 - Loss: -2.1958
Iter 73/250 - Loss: -2.2316
Iter 74/250 - Loss: -2.2659
Iter 75/250 - Loss: -2.2986
Iter 76/250 - Loss: -2.3298
Iter 77/250 - Loss: -2.3595
Iter 78/250 - Loss: -2.3878
Iter 79/250 - Loss: -2.4151
Iter 80/250 - Loss: -2.4412
Iter 81/250 - Loss: -2.4661
Iter 82/250 - Loss: -2.4899
Iter 83/250 - Loss: -2.5124
Iter 84/250 - Loss: -2.5336
Iter 85/250 - Loss: -2.5536
Iter 86/250 - Loss: -2.5725
Iter 87/250 - Loss: -2.5904
Iter 88/250 - Loss: -2.6073
Iter 89/250 - Loss: -2.6232
Iter 90/250 - Loss: -2.6381
Iter 91/250 - Loss: -2.6521
Iter 92/250 - Loss: -2.6652
Iter 93/250 - Loss: -2.6775
Iter 94/250 - Loss: -2.6891
Iter 95/250 - Loss: -2.7000
Iter 96/250 - Loss: -2.7102
Iter 97/250 - Loss: -2.7199
Iter 98/250 - Loss: -2.7289
Iter 99/250 - Loss: -2.7374
Iter 100/250 - Loss: -2.7455
Iter 101/250 - Loss: -2.7530
Iter 102/250 - Loss: -2.7602
Iter 103/250 - Loss: -2.7669
Iter 104/250 - Loss: -2.7732
Iter 105/250 - Loss: -2.7792
Iter 106/250 - Loss: -2.7849
Iter 107/250 - Loss: -2.7902
Iter 108/250 - Loss: -2.7953
Iter 109/250 - Loss: -2.8001
Iter 110/250 - Loss: -2.8046
Iter 111/250 - Loss: -2.8089
Iter 112/250 - Loss: -2.8130
Iter 113/250 - Loss: -2.8169
Iter 114/250 - Loss: -2.8206
Iter 115/250 - Loss: -2.8241
Iter 116/250 - Loss: -2.8274
Iter 117/250 - Loss: -2.8306
Iter 118/250 - Loss: -2.8336
Iter 119/250 - Loss: -2.8365
Iter 120/250 - Loss: -2.8393
Iter 121/250 - Loss: -2.8419
Iter 122/250 - Loss: -2.8444
Iter 123/250 - Loss: -2.8468
Iter 124/250 - Loss: -2.8491
Iter 125/250 - Loss: -2.8512
Iter 126/250 - Loss: -2.8533
Iter 127/250 - Loss: -2.8553
Iter 128/250 - Loss: -2.8573
Iter 129/250 - Loss: -2.8591
Iter 130/250 - Loss: -2.8609
Iter 131/250 - Loss: -2.8626
Iter 132/250 - Loss: -2.8642
Iter 133/250 - Loss: -2.8658
Iter 134/250 - Loss: -2.8673
Iter 135/250 - Loss: -2.8687
Iter 136/250 - Loss: -2.8701
Iter 137/250 - Loss: -2.8714
Iter 138/250 - Loss: -2.8727
Iter 139/250 - Loss: -2.8739
Iter 140/250 - Loss: -2.8751
Iter 141/250 - Loss: -2.8762
Iter 142/250 - Loss: -2.8774
Iter 143/250 - Loss: -2.8784
Iter 144/250 - Loss: -2.8795
Iter 145/250 - Loss: -2.8805
Iter 146/250 - Loss: -2.8814
Iter 147/250 - Loss: -2.8824
Iter 148/250 - Loss: -2.8833
Iter 149/250 - Loss: -2.8841
Iter 150/250 - Loss: -2.8850
Iter 151/250 - Loss: -2.8857
Iter 152/250 - Loss: -2.8865
Iter 153/250 - Loss: -2.8873
Iter 154/250 - Loss: -2.8880
Iter 155/250 - Loss: -2.8887
Iter 156/250 - Loss: -2.8894
Iter 157/250 - Loss: -2.8900
Iter 158/250 - Loss: -2.8907
Iter 159/250 - Loss: -2.8913
Iter 160/250 - Loss: -2.8919
Iter 161/250 - Loss: -2.8925
Iter 162/250 - Loss: -2.8931
Iter 163/250 - Loss: -2.8936
Iter 164/250 - Loss: -2.8941
Iter 165/250 - Loss: -2.8947
Iter 166/250 - Loss: -2.8952
Iter 167/250 - Loss: -2.8956
Iter 168/250 - Loss: -2.8961
Iter 169/250 - Loss: -2.8966
Iter 170/250 - Loss: -2.8970
Iter 171/250 - Loss: -2.8975
Iter 172/250 - Loss: -2.8979
Iter 173/250 - Loss: -2.8983
Iter 174/250 - Loss: -2.8987
Iter 175/250 - Loss: -2.8991
Iter 176/250 - Loss: -2.8995
Iter 177/250 - Loss: -2.8999
Iter 178/250 - Loss: -2.9003
Iter 179/250 - Loss: -2.9006
Iter 180/250 - Loss: -2.9010
Iter 181/250 - Loss: -2.9014
Iter 182/250 - Loss: -2.9017
Iter 183/250 - Loss: -2.9020
Iter 184/250 - Loss: -2.9023
Iter 185/250 - Loss: -2.9026
Iter 186/250 - Loss: -2.9030
Iter 187/250 - Loss: -2.9033
Iter 188/250 - Loss: -2.9036
Iter 189/250 - Loss: -2.9039
Iter 190/250 - Loss: -2.9042
Iter 191/250 - Loss: -2.9045
Iter 192/250 - Loss: -2.9047
Iter 193/250 - Loss: -2.9050
Iter 194/250 - Loss: -2.9053
Iter 195/250 - Loss: -2.9056
Iter 196/250 - Loss: -2.9058
Iter 197/250 - Loss: -2.9061
Iter 198/250 - Loss: -2.9064
Iter 199/250 - Loss: -2.9067
Iter 200/250 - Loss: -2.9070
Iter 201/250 - Loss: -2.9074
Iter 202/250 - Loss: -2.9077
Iter 203/250 - Loss: -2.9081
Iter 204/250 - Loss: -2.9084
Iter 205/250 - Loss: -2.9086
Iter 206/250 - Loss: -2.9088
Iter 207/250 - Loss: -2.9090
Iter 208/250 - Loss: -2.9093
Iter 209/250 - Loss: -2.9096
Iter 210/250 - Loss: -2.9099
Iter 211/250 - Loss: -2.9101
Iter 212/250 - Loss: -2.9103
Iter 213/250 - Loss: -2.9106
Iter 214/250 - Loss: -2.9107
Iter 215/250 - Loss: -2.9109
Iter 216/250 - Loss: -2.9111
Iter 217/250 - Loss: -2.9113
Iter 218/250 - Loss: -2.9115
Iter 219/250 - Loss: -2.9117
Iter 220/250 - Loss: -2.9118
Iter 221/250 - Loss: -2.9120
Iter 222/250 - Loss: -2.9122
Iter 223/250 - Loss: -2.9124
Iter 224/250 - Loss: -2.9126
Iter 225/250 - Loss: -2.9128
Iter 226/250 - Loss: -2.9129
Iter 227/250 - Loss: -2.9131
Iter 228/250 - Loss: -2.9132
Iter 229/250 - Loss: -2.9134
Iter 230/250 - Loss: -2.9136
Iter 231/250 - Loss: -2.9138
Iter 232/250 - Loss: -2.9139
Iter 233/250 - Loss: -2.9141
Iter 234/250 - Loss: -2.9142
Iter 235/250 - Loss: -2.9144
Iter 236/250 - Loss: -2.9145
Iter 237/250 - Loss: -2.9147
Iter 238/250 - Loss: -2.9148
Iter 239/250 - Loss: -2.9150
Iter 240/250 - Loss: -2.9151
Iter 241/250 - Loss: -2.9153
Iter 242/250 - Loss: -2.9154
Iter 243/250 - Loss: -2.9155
Iter 244/250 - Loss: -2.9157
Iter 245/250 - Loss: -2.9158
Iter 246/250 - Loss: -2.9159
Iter 247/250 - Loss: -2.9161
Iter 248/250 - Loss: -2.9162
Iter 249/250 - Loss: -2.9163
Iter 250/250 - Loss: -2.9164
{'d': 0.40810397, 'e': 1.1248703, 'f': 2.3246977, 'g': 1.2573043}
{'d': 0.4148427, 'e': 1.1253446, 'f': 2.3245444, 'g': 1.2607806}
{'d': 0.43114874, 'e': 1.1243918, 'f': 2.3241122, 'g': 1.268371}
{'d': 0.43586922, 'e': 1.1239383, 'f': 2.3239722, 'g': 1.2703141}
{'d': 0.44085035, 'e': 1.1232241, 'f': 2.3238204, 'g': 1.2722481}
{'d': 0.44612223, 'e': 1.1227033, 'f': 2.3236349, 'g': 1.2741263}
{'d': 0.4516594, 'e': 1.1218845, 'f': 2.3234725, 'g': 1.2759546}
{'d': 0.45748076, 'e': 1.1210682, 'f': 2.3232884, 'g': 1.277693}
{'d': 0.46359193, 'e': 1.1203346, 'f': 2.3231099, 'g': 1.2793138}
{'d': 0.47657734, 'e': 1.1179242, 'f': 2.3228524, 'g': 1.2821888}
{'d': 0.4905401, 'e': 1.1155343, 'f': 2.322724, 'g': 1.2843971}
{'d': 0.5052215, 'e': 1.1139724, 'f': 2.3227377, 'g': 1.2858171}
{'d': 0.52025867, 'e': 1.1161122, 'f': 2.3227396, 'g': 1.2862653}
{'d': 0.52773774, 'e': 1.1196241, 'f': 2.3226588, 'g': 1.2860739}
