prev {'d': 0.4546325235640947, 'e': 1.0507280361105873, 'f': 2.2627763575796243, 'g': 1.2557068105385554}
Starting ML Fit
Box_n50_27_1400
       message: Optimization terminated successfully.
       success: True
        status: 0
           fun: 7135.518340629252
             x: [ 4.459e-01  1.009e+00  2.263e+00  1.255e+00]
           nit: 93
          nfev: 166
 final_simplex: (array([[ 4.459e-01,  1.009e+00,  2.263e+00,  1.255e+00],
                       [ 4.459e-01,  1.009e+00,  2.263e+00,  1.255e+00],
                       ...,
                       [ 4.459e-01,  1.009e+00,  2.263e+00,  1.255e+00],
                       [ 4.459e-01,  1.009e+00,  2.263e+00,  1.255e+00]]), array([ 7.136e+03,  7.136e+03,  7.136e+03,  7.136e+03,
                        7.136e+03]))
   param_names: ['d', 'e', 'f', 'g']
[0.44591303 1.00946015 2.26293918 1.25497344]
{'d': 0.44591303141645516, 'e': 1.0094601476846539, 'f': 2.262939180714403, 'g': 1.2549734440530529}
Previous:  {'d': 0.4546325235640947, 'e': 1.0507280361105873, 'f': 2.2627763575796243, 'g': 1.2557068105385554}
