prev {'d': 0.5251156864234012, 'e': 1.0289355803909623, 'f': 2.3791365927946555, 'g': 1.2968023584779345}
Starting ML Fit
Box_n50_3_1400
       message: Optimization terminated successfully.
       success: True
        status: 0
           fun: 7807.372912012959
             x: [ 5.092e-01  1.016e+00  2.379e+00  1.297e+00]
           nit: 106
          nfev: 185
 final_simplex: (array([[ 5.092e-01,  1.016e+00,  2.379e+00,  1.297e+00],
                       [ 5.092e-01,  1.016e+00,  2.379e+00,  1.297e+00],
                       ...,
                       [ 5.092e-01,  1.016e+00,  2.379e+00,  1.297e+00],
                       [ 5.092e-01,  1.016e+00,  2.379e+00,  1.297e+00]]), array([ 7.807e+03,  7.807e+03,  7.807e+03,  7.807e+03,
                        7.807e+03]))
   param_names: ['d', 'e', 'f', 'g']
[0.50920274 1.01554071 2.37918312 1.29672266]
{'d': 0.5092027429955021, 'e': 1.0155407055291183, 'f': 2.3791831183490673, 'g': 1.2967226618342123}
Previous:  {'d': 0.5251156864234012, 'e': 1.0289355803909623, 'f': 2.3791365927946555, 'g': 1.2968023584779345}
