prev {'d': 0.5411275526993486, 'e': 1.0842282048993817, 'f': 2.324753510947562, 'g': 1.302704849219552}
Starting ML Fit
Box_n50_35_1400
       message: Optimization terminated successfully.
       success: True
        status: 0
           fun: 10020.80409907518
             x: [ 5.337e-01  1.066e+00  2.326e+00  1.306e+00]
           nit: 89
          nfev: 160
 final_simplex: (array([[ 5.337e-01,  1.066e+00,  2.326e+00,  1.306e+00],
                       [ 5.337e-01,  1.066e+00,  2.326e+00,  1.306e+00],
                       ...,
                       [ 5.337e-01,  1.066e+00,  2.326e+00,  1.306e+00],
                       [ 5.337e-01,  1.066e+00,  2.326e+00,  1.306e+00]]), array([ 1.002e+04,  1.002e+04,  1.002e+04,  1.002e+04,
                        1.002e+04]))
   param_names: ['d', 'e', 'f', 'g']
[0.53366229 1.0660234  2.32631403 1.30550508]
{'d': 0.5336622943929213, 'e': 1.0660234015562902, 'f': 2.326314034215055, 'g': 1.3055050755341469}
Previous:  {'d': 0.5411275526993486, 'e': 1.0842282048993817, 'f': 2.324753510947562, 'g': 1.302704849219552}
