prev {'d': 0.3988564766768364, 'e': 0.9418809808888412, 'f': 2.3482040964497806, 'g': 1.2158644875477242}
Starting ML Fit
Box_n50_41_1400
       message: Optimization terminated successfully.
       success: True
        status: 0
           fun: 1674.2870542713997
             x: [ 3.759e-01  9.445e-01  2.348e+00  1.192e+00]
           nit: 100
          nfev: 174
 final_simplex: (array([[ 3.759e-01,  9.445e-01,  2.348e+00,  1.192e+00],
                       [ 3.759e-01,  9.446e-01,  2.348e+00,  1.192e+00],
                       ...,
                       [ 3.759e-01,  9.445e-01,  2.348e+00,  1.192e+00],
                       [ 3.759e-01,  9.445e-01,  2.348e+00,  1.192e+00]]), array([ 1.674e+03,  1.674e+03,  1.674e+03,  1.674e+03,
                        1.674e+03]))
   param_names: ['d', 'e', 'f', 'g']
[0.37585707 0.94451783 2.34770626 1.19202964]
{'d': 0.37585707330521373, 'e': 0.9445178343591227, 'f': 2.347706258199671, 'g': 1.192029637879711}
Previous:  {'d': 0.3988564766768364, 'e': 0.9418809808888412, 'f': 2.3482040964497806, 'g': 1.2158644875477242}
