prev {'d': 0.5266346998344726, 'e': 1.1222149419601206, 'f': 2.3185878470386125, 'g': 1.2810406601817572}
Starting ML Fit
Box_n50_47_1400
       message: Optimization terminated successfully.
       success: True
        status: 0
           fun: 18018.964042027954
             x: [ 5.136e-01  1.139e+00  2.319e+00  1.281e+00]
           nit: 93
          nfev: 167
 final_simplex: (array([[ 5.136e-01,  1.139e+00,  2.319e+00,  1.281e+00],
                       [ 5.136e-01,  1.139e+00,  2.319e+00,  1.281e+00],
                       ...,
                       [ 5.136e-01,  1.139e+00,  2.319e+00,  1.281e+00],
                       [ 5.136e-01,  1.139e+00,  2.319e+00,  1.281e+00]]), array([ 1.802e+04,  1.802e+04,  1.802e+04,  1.802e+04,
                        1.802e+04]))
   param_names: ['d', 'e', 'f', 'g']
[0.51364247 1.13894301 2.3185895  1.28125893]
{'d': 0.513642474038655, 'e': 1.1389430071151434, 'f': 2.318589503713079, 'g': 1.281258932816674}
Previous:  {'d': 0.5266346998344726, 'e': 1.1222149419601206, 'f': 2.3185878470386125, 'g': 1.2810406601817572}
