prev {'d': 0.5513070306368202, 'e': 1.1898508591576071, 'f': 2.337629011770614, 'g': 1.2928254437591413}
Starting ML Fit
Box_n50_46_1400
       message: Optimization terminated successfully.
       success: True
        status: 0
           fun: 10767.159348660056
             x: [ 5.420e-01  1.179e+00  2.340e+00  1.297e+00]
           nit: 115
          nfev: 192
 final_simplex: (array([[ 5.420e-01,  1.179e+00,  2.340e+00,  1.297e+00],
                       [ 5.420e-01,  1.179e+00,  2.340e+00,  1.297e+00],
                       ...,
                       [ 5.420e-01,  1.179e+00,  2.340e+00,  1.297e+00],
                       [ 5.420e-01,  1.179e+00,  2.340e+00,  1.297e+00]]), array([ 1.077e+04,  1.077e+04,  1.077e+04,  1.077e+04,
                        1.077e+04]))
   param_names: ['d', 'e', 'f', 'g']
[0.54197718 1.179163   2.33979395 1.29662555]
{'d': 0.5419771761134617, 'e': 1.1791630011128555, 'f': 2.3397939471056004, 'g': 1.296625546105066}
Previous:  {'d': 0.5513070306368202, 'e': 1.1898508591576071, 'f': 2.337629011770614, 'g': 1.2928254437591413}
