prev {'d': 0.4233079587995887, 'e': 0.8879780151588543, 'f': 2.2718401172550204, 'g': 1.272596084768616}
Starting ML Fit
Box42_1400
       message: Optimization terminated successfully.
       success: True
        status: 0
           fun: 2871.9259604871168
             x: [ 4.143e-01  8.395e-01  2.272e+00  1.271e+00]
           nit: 90
          nfev: 165
 final_simplex: (array([[ 4.143e-01,  8.395e-01,  2.272e+00,  1.271e+00],
                       [ 4.143e-01,  8.395e-01,  2.272e+00,  1.271e+00],
                       ...,
                       [ 4.143e-01,  8.395e-01,  2.272e+00,  1.271e+00],
                       [ 4.143e-01,  8.395e-01,  2.272e+00,  1.271e+00]]), array([ 2.872e+03,  2.872e+03,  2.872e+03,  2.872e+03,
                        2.872e+03]))
   param_names: ['d', 'e', 'f', 'g']
[0.41429812 0.8395355  2.27209901 1.27104382]
{'d': 0.4142981186741733, 'e': 0.8395355039829004, 'f': 2.272099007538168, 'g': 1.2710438185435304}
Previous:  {'d': 0.4233079587995887, 'e': 0.8879780151588543, 'f': 2.2718401172550204, 'g': 1.272596084768616}
