prev {'d': 0.49107435702972235, 'e': 0.5952257820855273, 'f': 2.3254025573139003, 'g': 1.4115705147306807}
Starting ML Fit
Box31_1400
       message: Optimization terminated successfully.
       success: True
        status: 0
           fun: 9753.715068245521
             x: [ 4.819e-01  5.926e-01  2.325e+00  1.409e+00]
           nit: 98
          nfev: 172
 final_simplex: (array([[ 4.819e-01,  5.926e-01,  2.325e+00,  1.409e+00],
                       [ 4.819e-01,  5.926e-01,  2.325e+00,  1.409e+00],
                       ...,
                       [ 4.819e-01,  5.926e-01,  2.325e+00,  1.409e+00],
                       [ 4.819e-01,  5.926e-01,  2.325e+00,  1.409e+00]]), array([ 9.754e+03,  9.754e+03,  9.754e+03,  9.754e+03,
                        9.754e+03]))
   param_names: ['d', 'e', 'f', 'g']
[0.48189825 0.59259819 2.32480664 1.40873342]
{'d': 0.4818982456147065, 'e': 0.5925981938937475, 'f': 2.3248066365740407, 'g': 1.408733424976313}
Previous:  {'d': 0.49107435702972235, 'e': 0.5952257820855273, 'f': 2.3254025573139003, 'g': 1.4115705147306807}
