no change     /home/users/delon/miniconda3/condabin/conda
no change     /home/users/delon/miniconda3/bin/conda
no change     /home/users/delon/miniconda3/bin/conda-env
no change     /home/users/delon/miniconda3/bin/activate
no change     /home/users/delon/miniconda3/bin/deactivate
no change     /home/users/delon/miniconda3/etc/profile.d/conda.sh
no change     /home/users/delon/miniconda3/etc/fish/conf.d/conda.fish
no change     /home/users/delon/miniconda3/shell/condabin/Conda.psm1
no change     /home/users/delon/miniconda3/shell/condabin/conda-hook.ps1
no change     /home/users/delon/miniconda3/lib/python3.10/site-packages/xontrib/conda.xsh
no change     /home/users/delon/miniconda3/etc/profile.d/conda.csh
no change     /home/users/delon/.bashrc
No action taken.
Box_n50_0_1400
       message: Optimization terminated successfully.
       success: True
        status: 0
           fun: 393.54545319039795
             x: [ 8.694e-01  3.106e-02  8.610e-01  1.080e+00]
           nit: 71
          nfev: 133
 final_simplex: (array([[ 8.694e-01,  3.106e-02,  8.610e-01,  1.080e+00],
                       [ 8.695e-01,  3.106e-02,  8.610e-01,  1.080e+00],
                       ...,
                       [ 8.694e-01,  3.106e-02,  8.611e-01,  1.080e+00],
                       [ 8.694e-01,  3.105e-02,  8.611e-01,  1.080e+00]]), array([ 3.935e+02,  3.935e+02,  3.935e+02,  3.935e+02,
                        3.935e+02]))
   param_names: ['d', 'e', 'f', 'g']
[0.86943665 0.03105591 0.86104139 1.07953736]
(10000, 32, 4)
