prev {'d': 0.43896031571053373, 'e': 1.1313707682512264, 'f': 2.335106192940693, 'g': 1.197848092152044}
Starting ML Fit
Box21_1400
       message: Optimization terminated successfully.
       success: True
        status: 0
           fun: 6076.082593421883
             x: [ 4.299e-01  1.130e+00  2.335e+00  1.201e+00]
           nit: 99
          nfev: 174
 final_simplex: (array([[ 4.299e-01,  1.130e+00,  2.335e+00,  1.201e+00],
                       [ 4.299e-01,  1.130e+00,  2.336e+00,  1.201e+00],
                       ...,
                       [ 4.299e-01,  1.130e+00,  2.335e+00,  1.201e+00],
                       [ 4.299e-01,  1.130e+00,  2.336e+00,  1.201e+00]]), array([ 6.076e+03,  6.076e+03,  6.076e+03,  6.076e+03,
                        6.076e+03]))
   param_names: ['d', 'e', 'f', 'g']
[0.42990735 1.13015022 2.33549716 1.2011669 ]
{'d': 0.42990734922234763, 'e': 1.1301502219711037, 'f': 2.3354971633270742, 'g': 1.2011669013279445}
Previous:  {'d': 0.43896031571053373, 'e': 1.1313707682512264, 'f': 2.335106192940693, 'g': 1.197848092152044}
