prev {'d': 0.5216765929596359, 'e': 1.19738151653968, 'f': 2.310426065861649, 'g': 1.2621439210472911}
Starting ML Fit
Box_n50_14_1400
       message: Optimization terminated successfully.
       success: True
        status: 0
           fun: 25075.657622187908
             x: [ 5.035e-01  1.215e+00  2.307e+00  1.259e+00]
           nit: 92
          nfev: 168
 final_simplex: (array([[ 5.035e-01,  1.215e+00,  2.307e+00,  1.259e+00],
                       [ 5.035e-01,  1.215e+00,  2.307e+00,  1.259e+00],
                       ...,
                       [ 5.035e-01,  1.215e+00,  2.307e+00,  1.259e+00],
                       [ 5.035e-01,  1.215e+00,  2.307e+00,  1.259e+00]]), array([ 2.508e+04,  2.508e+04,  2.508e+04,  2.508e+04,
                        2.508e+04]))
   param_names: ['d', 'e', 'f', 'g']
[0.50354777 1.21546896 2.30670226 1.25906394]
{'d': 0.503547766454499, 'e': 1.2154689646745191, 'f': 2.306702261029093, 'g': 1.2590639377618622}
Previous:  {'d': 0.5216765929596359, 'e': 1.19738151653968, 'f': 2.310426065861649, 'g': 1.2621439210472911}
