prev {'d': 0.4764360704227647, 'e': 1.2341537749565932, 'f': 2.3394852450420993, 'g': 1.267012087158736}
Starting ML Fit
Box56_1400
       message: Optimization terminated successfully.
       success: True
        status: 0
           fun: 4431.255684367111
             x: [ 4.689e-01  1.230e+00  2.341e+00  1.265e+00]
           nit: 81
          nfev: 148
 final_simplex: (array([[ 4.689e-01,  1.230e+00,  2.341e+00,  1.265e+00],
                       [ 4.689e-01,  1.230e+00,  2.341e+00,  1.265e+00],
                       ...,
                       [ 4.689e-01,  1.230e+00,  2.341e+00,  1.265e+00],
                       [ 4.689e-01,  1.230e+00,  2.341e+00,  1.265e+00]]), array([ 4.431e+03,  4.431e+03,  4.431e+03,  4.431e+03,
                        4.431e+03]))
   param_names: ['d', 'e', 'f', 'g']
[0.46890974 1.2300287  2.34087653 1.26456883]
{'d': 0.4689097403184772, 'e': 1.230028697188688, 'f': 2.340876526021758, 'g': 1.2645688281009728}
Previous:  {'d': 0.4764360704227647, 'e': 1.2341537749565932, 'f': 2.3394852450420993, 'g': 1.267012087158736}
