prev {'d': 0.46103466574870716, 'e': 1.1690830291742218, 'f': 2.315978480145162, 'g': 1.2801231181256303}
Starting ML Fit
Box_n50_49_1400
       message: Optimization terminated successfully.
       success: True
        status: 0
           fun: 7727.284340917678
             x: [ 4.545e-01  1.173e+00  2.315e+00  1.276e+00]
           nit: 82
          nfev: 149
 final_simplex: (array([[ 4.545e-01,  1.173e+00,  2.315e+00,  1.276e+00],
                       [ 4.545e-01,  1.173e+00,  2.315e+00,  1.276e+00],
                       ...,
                       [ 4.545e-01,  1.173e+00,  2.315e+00,  1.276e+00],
                       [ 4.545e-01,  1.173e+00,  2.315e+00,  1.276e+00]]), array([ 7.727e+03,  7.727e+03,  7.727e+03,  7.727e+03,
                        7.727e+03]))
   param_names: ['d', 'e', 'f', 'g']
[0.45446966 1.17321991 2.31506875 1.27554879]
{'d': 0.45446965739818007, 'e': 1.173219906119829, 'f': 2.315068748581979, 'g': 1.2755487866760145}
Previous:  {'d': 0.46103466574870716, 'e': 1.1690830291742218, 'f': 2.315978480145162, 'g': 1.2801231181256303}
