prev {'d': 0.5356955602218285, 'e': 1.145384412649617, 'f': 2.3469265434812088, 'g': 1.300853744422969}
Starting ML Fit
Box_n50_46_1400
       message: Optimization terminated successfully.
       success: True
        status: 0
           fun: 12387.661941148528
             x: [ 5.191e-01  1.146e+00  2.347e+00  1.301e+00]
           nit: 97
          nfev: 178
 final_simplex: (array([[ 5.191e-01,  1.146e+00,  2.347e+00,  1.301e+00],
                       [ 5.191e-01,  1.146e+00,  2.347e+00,  1.301e+00],
                       ...,
                       [ 5.191e-01,  1.146e+00,  2.347e+00,  1.301e+00],
                       [ 5.191e-01,  1.146e+00,  2.347e+00,  1.301e+00]]), array([ 1.239e+04,  1.239e+04,  1.239e+04,  1.239e+04,
                        1.239e+04]))
   param_names: ['d', 'e', 'f', 'g']
[0.51907848 1.14643077 2.34698352 1.30060813]
{'d': 0.5190784762430087, 'e': 1.1464307682172725, 'f': 2.346983517952037, 'g': 1.3006081312270088}
Previous:  {'d': 0.5356955602218285, 'e': 1.145384412649617, 'f': 2.3469265434812088, 'g': 1.300853744422969}
