prev {'d': 0.4925238425935866, 'e': 1.1107866615741036, 'f': 2.3341324439272277, 'g': 1.3149147131990584}
Starting ML Fit
Box43_1400
       message: Optimization terminated successfully.
       success: True
        status: 0
           fun: 9618.199887729907
             x: [ 4.839e-01  1.134e+00  2.332e+00  1.310e+00]
           nit: 85
          nfev: 153
 final_simplex: (array([[ 4.839e-01,  1.134e+00,  2.332e+00,  1.310e+00],
                       [ 4.839e-01,  1.134e+00,  2.332e+00,  1.310e+00],
                       ...,
                       [ 4.839e-01,  1.134e+00,  2.332e+00,  1.310e+00],
                       [ 4.839e-01,  1.134e+00,  2.332e+00,  1.310e+00]]), array([ 9.618e+03,  9.618e+03,  9.618e+03,  9.618e+03,
                        9.618e+03]))
   param_names: ['d', 'e', 'f', 'g']
[0.48387291 1.13379874 2.33220558 1.30993496]
{'d': 0.48387291099280577, 'e': 1.1337987403948555, 'f': 2.3322055847903584, 'g': 1.3099349610650242}
Previous:  {'d': 0.4925238425935866, 'e': 1.1107866615741036, 'f': 2.3341324439272277, 'g': 1.3149147131990584}
