prev {'d': 0.4128271905437334, 'e': 0.9755784093682391, 'f': 2.362368095053047, 'g': 1.2703055778548935}
Starting ML Fit
Box60_1400
       message: Optimization terminated successfully.
       success: True
        status: 0
           fun: 674.9401226504303
             x: [ 3.865e-01  9.775e-01  2.362e+00  1.256e+00]
           nit: 96
          nfev: 168
 final_simplex: (array([[ 3.865e-01,  9.775e-01,  2.362e+00,  1.256e+00],
                       [ 3.865e-01,  9.775e-01,  2.362e+00,  1.256e+00],
                       ...,
                       [ 3.865e-01,  9.775e-01,  2.362e+00,  1.256e+00],
                       [ 3.865e-01,  9.775e-01,  2.362e+00,  1.256e+00]]), array([ 6.749e+02,  6.749e+02,  6.749e+02,  6.749e+02,
                        6.749e+02]))
   param_names: ['d', 'e', 'f', 'g']
[0.38650517 0.97748412 2.36237658 1.25623472]
{'d': 0.3865051719908249, 'e': 0.9774841180590548, 'f': 2.3623765821728897, 'g': 1.2562347208619855}
Previous:  {'d': 0.4128271905437334, 'e': 0.9755784093682391, 'f': 2.362368095053047, 'g': 1.2703055778548935}
