prev {'d': 0.5220046900470768, 'e': 1.0109277316842302, 'f': 2.345317518741762, 'g': 1.3131179471530818}
Starting ML Fit
Box46_1400
       message: Optimization terminated successfully.
       success: True
        status: 0
           fun: 12333.695301304986
             x: [ 5.124e-01  9.661e-01  2.346e+00  1.317e+00]
           nit: 90
          nfev: 161
 final_simplex: (array([[ 5.124e-01,  9.661e-01,  2.346e+00,  1.317e+00],
                       [ 5.124e-01,  9.662e-01,  2.346e+00,  1.317e+00],
                       ...,
                       [ 5.124e-01,  9.662e-01,  2.346e+00,  1.317e+00],
                       [ 5.124e-01,  9.661e-01,  2.346e+00,  1.317e+00]]), array([ 1.233e+04,  1.233e+04,  1.233e+04,  1.233e+04,
                        1.233e+04]))
   param_names: ['d', 'e', 'f', 'g']
[0.51239117 0.96613172 2.34633937 1.31657063]
{'d': 0.5123911723794528, 'e': 0.9661317195313499, 'f': 2.346339366098129, 'g': 1.3165706339844572}
Previous:  {'d': 0.5220046900470768, 'e': 1.0109277316842302, 'f': 2.345317518741762, 'g': 1.3131179471530818}
