prev {'d': 0.41821067775001347, 'e': 0.39283820727532964, 'f': 2.2845068508046493, 'g': 1.3833621517516834}
Starting ML Fit
Box31_1400
       message: Optimization terminated successfully.
       success: True
        status: 0
           fun: 14294.103571870113
             x: [ 4.092e-01  3.563e-01  2.285e+00  1.381e+00]
           nit: 118
          nfev: 208
 final_simplex: (array([[ 4.092e-01,  3.563e-01,  2.285e+00,  1.381e+00],
                       [ 4.092e-01,  3.563e-01,  2.285e+00,  1.381e+00],
                       ...,
                       [ 4.092e-01,  3.563e-01,  2.285e+00,  1.381e+00],
                       [ 4.092e-01,  3.563e-01,  2.285e+00,  1.381e+00]]), array([ 1.429e+04,  1.429e+04,  1.429e+04,  1.429e+04,
                        1.429e+04]))
   param_names: ['d', 'e', 'f', 'g']
[0.4092089  0.35629976 2.28484314 1.38113522]
{'d': 0.40920889813671135, 'e': 0.35629975944108383, 'f': 2.2848431430868095, 'g': 1.3811352172479363}
Previous:  {'d': 0.41821067775001347, 'e': 0.39283820727532964, 'f': 2.2845068508046493, 'g': 1.3833621517516834}
