prev {'d': 0.47406397817096024, 'e': 1.0977405530598523, 'f': 2.3296644092287804, 'g': 1.2720853225034008}
Starting ML Fit
Box48_1400
       message: Optimization terminated successfully.
       success: True
        status: 0
           fun: 6774.974155732195
             x: [ 4.687e-01  1.105e+00  2.329e+00  1.282e+00]
           nit: 99
          nfev: 178
 final_simplex: (array([[ 4.687e-01,  1.105e+00,  2.329e+00,  1.282e+00],
                       [ 4.687e-01,  1.105e+00,  2.329e+00,  1.282e+00],
                       ...,
                       [ 4.687e-01,  1.105e+00,  2.329e+00,  1.282e+00],
                       [ 4.687e-01,  1.105e+00,  2.329e+00,  1.282e+00]]), array([ 6.775e+03,  6.775e+03,  6.775e+03,  6.775e+03,
                        6.775e+03]))
   param_names: ['d', 'e', 'f', 'g']
[0.46870745 1.10543374 2.3290576  1.28202113]
{'d': 0.4687074468014374, 'e': 1.1054337392938725, 'f': 2.329057604810648, 'g': 1.2820211276859075}
Previous:  {'d': 0.47406397817096024, 'e': 1.0977405530598523, 'f': 2.3296644092287804, 'g': 1.2720853225034008}
