prev {'d': 0.45076327176401754, 'e': 0.8875906836334628, 'f': 2.3058396182254235, 'g': 1.3178842918002274}
Starting ML Fit
Box0_1400
       message: Optimization terminated successfully.
       success: True
        status: 0
           fun: 10031.317166977298
             x: [ 4.440e-01  8.472e-01  2.306e+00  1.317e+00]
           nit: 103
          nfev: 184
 final_simplex: (array([[ 4.440e-01,  8.472e-01,  2.306e+00,  1.317e+00],
                       [ 4.440e-01,  8.472e-01,  2.306e+00,  1.317e+00],
                       ...,
                       [ 4.440e-01,  8.472e-01,  2.306e+00,  1.317e+00],
                       [ 4.440e-01,  8.472e-01,  2.306e+00,  1.317e+00]]), array([ 1.003e+04,  1.003e+04,  1.003e+04,  1.003e+04,
                        1.003e+04]))
   param_names: ['d', 'e', 'f', 'g']
[0.44404625 0.84720897 2.30599472 1.31696923]
{'d': 0.4440462510937848, 'e': 0.8472089665081752, 'f': 2.3059947208521674, 'g': 1.3169692279184644}
Previous:  {'d': 0.45076327176401754, 'e': 0.8875906836334628, 'f': 2.3058396182254235, 'g': 1.3178842918002274}
