prev {'d': 0.4808265817751981, 'e': 1.1080899275975156, 'f': 2.328591488471228, 'g': 1.2483658579674977}
Starting ML Fit
Box69_1400
       message: Optimization terminated successfully.
       success: True
        status: 0
           fun: 6378.042080101008
             x: [ 5.030e-01  1.118e+00  2.326e+00  1.239e+00]
           nit: 103
          nfev: 177
 final_simplex: (array([[ 5.030e-01,  1.118e+00,  2.326e+00,  1.239e+00],
                       [ 5.030e-01,  1.118e+00,  2.326e+00,  1.239e+00],
                       ...,
                       [ 5.030e-01,  1.118e+00,  2.326e+00,  1.239e+00],
                       [ 5.030e-01,  1.118e+00,  2.326e+00,  1.239e+00]]), array([ 6.378e+03,  6.378e+03,  6.378e+03,  6.378e+03,
                        6.378e+03]))
   param_names: ['d', 'e', 'f', 'g']
[0.50300658 1.11837784 2.32571168 1.23935756]
{'d': 0.5030065782271192, 'e': 1.1183778363465393, 'f': 2.325711682522855, 'g': 1.2393575574490878}
Previous:  {'d': 0.4808265817751981, 'e': 1.1080899275975156, 'f': 2.328591488471228, 'g': 1.2483658579674977}
