prev {'d': 0.5060876029341532, 'e': 1.2283194257434116, 'f': 2.314519000798336, 'g': 1.2335790786344079}
Starting ML Fit
Box4_1400
       message: Optimization terminated successfully.
       success: True
        status: 0
           fun: 8458.298803488424
             x: [ 4.913e-01  1.226e+00  2.317e+00  1.232e+00]
           nit: 93
          nfev: 162
 final_simplex: (array([[ 4.913e-01,  1.226e+00,  2.317e+00,  1.232e+00],
                       [ 4.913e-01,  1.226e+00,  2.317e+00,  1.232e+00],
                       ...,
                       [ 4.913e-01,  1.226e+00,  2.317e+00,  1.232e+00],
                       [ 4.913e-01,  1.226e+00,  2.317e+00,  1.232e+00]]), array([ 8.458e+03,  8.458e+03,  8.458e+03,  8.458e+03,
                        8.458e+03]))
   param_names: ['d', 'e', 'f', 'g']
[0.49130614 1.22581671 2.31683554 1.23215132]
{'d': 0.4913061428002843, 'e': 1.225816712546708, 'f': 2.316835540296079, 'g': 1.2321513152097705}
Previous:  {'d': 0.5060876029341532, 'e': 1.2283194257434116, 'f': 2.314519000798336, 'g': 1.2335790786344079}
