prev {'d': 0.41596350056786574, 'e': 0.9504760221568775, 'f': 2.3443301958969602, 'g': 1.2832751390186263}
Starting ML Fit
Box80_1400
       message: Optimization terminated successfully.
       success: True
        status: 0
           fun: 6621.943837045864
             x: [ 4.063e-01  9.466e-01  2.345e+00  1.273e+00]
           nit: 97
          nfev: 174
 final_simplex: (array([[ 4.063e-01,  9.466e-01,  2.345e+00,  1.273e+00],
                       [ 4.063e-01,  9.467e-01,  2.345e+00,  1.273e+00],
                       ...,
                       [ 4.063e-01,  9.466e-01,  2.345e+00,  1.273e+00],
                       [ 4.063e-01,  9.467e-01,  2.345e+00,  1.273e+00]]), array([ 6.622e+03,  6.622e+03,  6.622e+03,  6.622e+03,
                        6.622e+03]))
   param_names: ['d', 'e', 'f', 'g']
[0.40629246 0.94663334 2.34547257 1.27253746]
{'d': 0.40629246354855525, 'e': 0.9466333445757538, 'f': 2.345472568490848, 'g': 1.2725374562119607}
Previous:  {'d': 0.41596350056786574, 'e': 0.9504760221568775, 'f': 2.3443301958969602, 'g': 1.2832751390186263}
