prev {'d': 0.4882690444206181, 'e': 1.203350438675022, 'f': 2.324307263070667, 'g': 1.2503614185880192}
Starting ML Fit
Box95_1400
       message: Optimization terminated successfully.
       success: True
        status: 0
           fun: 4276.95857470741
             x: [ 4.759e-01  1.213e+00  2.324e+00  1.250e+00]
           nit: 81
          nfev: 151
 final_simplex: (array([[ 4.759e-01,  1.213e+00,  2.324e+00,  1.250e+00],
                       [ 4.759e-01,  1.213e+00,  2.324e+00,  1.250e+00],
                       ...,
                       [ 4.759e-01,  1.213e+00,  2.324e+00,  1.250e+00],
                       [ 4.759e-01,  1.213e+00,  2.324e+00,  1.250e+00]]), array([ 4.277e+03,  4.277e+03,  4.277e+03,  4.277e+03,
                        4.277e+03]))
   param_names: ['d', 'e', 'f', 'g']
[0.47594875 1.21283842 2.32429655 1.25022469]
{'d': 0.4759487463321663, 'e': 1.212838419121956, 'f': 2.3242965543199112, 'g': 1.2502246916505078}
Previous:  {'d': 0.4882690444206181, 'e': 1.203350438675022, 'f': 2.324307263070667, 'g': 1.2503614185880192}
