prev {'d': 0.5006546671801761, 'e': 0.9536146562529476, 'f': 2.3361924997613803, 'g': 1.2862239513482199}
Starting ML Fit
Box14_1400
       message: Optimization terminated successfully.
       success: True
        status: 0
           fun: 14025.331324952798
             x: [ 4.834e-01  8.839e-01  2.343e+00  1.291e+00]
           nit: 92
          nfev: 170
 final_simplex: (array([[ 4.834e-01,  8.839e-01,  2.343e+00,  1.291e+00],
                       [ 4.834e-01,  8.839e-01,  2.343e+00,  1.291e+00],
                       ...,
                       [ 4.834e-01,  8.839e-01,  2.343e+00,  1.291e+00],
                       [ 4.834e-01,  8.839e-01,  2.343e+00,  1.291e+00]]), array([ 1.403e+04,  1.403e+04,  1.403e+04,  1.403e+04,
                        1.403e+04]))
   param_names: ['d', 'e', 'f', 'g']
[0.48342306 0.88385722 2.3434243  1.2907338 ]
{'d': 0.4834230646491949, 'e': 0.8838572230605626, 'f': 2.343424295451806, 'g': 1.290733795092157}
Previous:  {'d': 0.5006546671801761, 'e': 0.9536146562529476, 'f': 2.3361924997613803, 'g': 1.2862239513482199}
