prev {'d': 0.4499484200788178, 'e': 0.8878262966581922, 'f': 2.322345958933183, 'g': 1.2792878959648077}
Starting ML Fit
Box81_1400
       message: Optimization terminated successfully.
       success: True
        status: 0
           fun: 13008.010671157659
             x: [ 4.438e-01  8.959e-01  2.320e+00  1.272e+00]
           nit: 96
          nfev: 175
 final_simplex: (array([[ 4.438e-01,  8.959e-01,  2.320e+00,  1.272e+00],
                       [ 4.438e-01,  8.959e-01,  2.320e+00,  1.272e+00],
                       ...,
                       [ 4.438e-01,  8.959e-01,  2.320e+00,  1.272e+00],
                       [ 4.438e-01,  8.959e-01,  2.320e+00,  1.272e+00]]), array([ 1.301e+04,  1.301e+04,  1.301e+04,  1.301e+04,
                        1.301e+04]))
   param_names: ['d', 'e', 'f', 'g']
[0.44381379 0.89586524 2.32046301 1.27231835]
{'d': 0.4438137912812443, 'e': 0.8958652412992458, 'f': 2.3204630147240026, 'g': 1.272318351811878}
Previous:  {'d': 0.4499484200788178, 'e': 0.8878262966581922, 'f': 2.322345958933183, 'g': 1.2792878959648077}
