prev {'d': 0.4897981488714338, 'e': 1.1188373597744725, 'f': 2.3300981030970114, 'g': 1.2756308909508705}
Starting ML Fit
Box_n50_47_1400
       message: Optimization terminated successfully.
       success: True
        status: 0
           fun: 17031.895199061688
             x: [ 5.060e-01  1.108e+00  2.335e+00  1.285e+00]
           nit: 96
          nfev: 164
 final_simplex: (array([[ 5.060e-01,  1.108e+00,  2.335e+00,  1.285e+00],
                       [ 5.060e-01,  1.108e+00,  2.335e+00,  1.285e+00],
                       ...,
                       [ 5.060e-01,  1.108e+00,  2.335e+00,  1.285e+00],
                       [ 5.060e-01,  1.108e+00,  2.335e+00,  1.285e+00]]), array([ 1.703e+04,  1.703e+04,  1.703e+04,  1.703e+04,
                        1.703e+04]))
   param_names: ['d', 'e', 'f', 'g']
[0.50597377 1.10795511 2.33461075 1.28459591]
{'d': 0.5059737685426898, 'e': 1.107955114394894, 'f': 2.334610753844629, 'g': 1.2845959055838079}
Previous:  {'d': 0.4897981488714338, 'e': 1.1188373597744725, 'f': 2.3300981030970114, 'g': 1.2756308909508705}
