alist [1.0, 0.953321, 0.866399, 0.787402, 0.715608, 0.65036, 0.620002, 0.591061, 0.563471, 0.537169, 0.512095, 0.488191, 0.403224, 0.366459]
Leaving out Box_n50_41_1400
Iter 1/500 - Loss: 4.7304
Iter 2/500 - Loss: 4.3436
Iter 3/500 - Loss: 3.9456
Iter 4/500 - Loss: 3.5783
Iter 5/500 - Loss: 3.2445
Iter 6/500 - Loss: 2.9360
Iter 7/500 - Loss: 2.6481
Iter 8/500 - Loss: 2.3825
Iter 9/500 - Loss: 2.1376
Iter 10/500 - Loss: 1.9100
Iter 11/500 - Loss: 1.6988
Iter 12/500 - Loss: 1.5032
Iter 13/500 - Loss: 1.3218
Iter 14/500 - Loss: 1.1537
Iter 15/500 - Loss: 0.9988
Iter 16/500 - Loss: 0.8559
Iter 17/500 - Loss: 0.7243
Iter 18/500 - Loss: 0.6042
Iter 19/500 - Loss: 0.4954
Iter 20/500 - Loss: 0.3976
Iter 21/500 - Loss: 0.3099
Iter 22/500 - Loss: 0.2307
Iter 23/500 - Loss: 0.1581
Iter 24/500 - Loss: 0.0905
Iter 25/500 - Loss: 0.0269
Iter 26/500 - Loss: -0.0338
Iter 27/500 - Loss: -0.0922
Iter 28/500 - Loss: -0.1489
Iter 29/500 - Loss: -0.2039
Iter 30/500 - Loss: -0.2576
Iter 31/500 - Loss: -0.3097
Iter 32/500 - Loss: -0.3608
Iter 33/500 - Loss: -0.4112
Iter 34/500 - Loss: -0.4611
Iter 35/500 - Loss: -0.5106
Iter 36/500 - Loss: -0.5591
Iter 37/500 - Loss: -0.6062
Iter 38/500 - Loss: -0.6522
Iter 39/500 - Loss: -0.6975
Iter 40/500 - Loss: -0.7419
Iter 41/500 - Loss: -0.7862
Iter 42/500 - Loss: -0.8304
Iter 43/500 - Loss: -0.8742
Iter 44/500 - Loss: -0.9175
Iter 45/500 - Loss: -0.9608
Iter 46/500 - Loss: -1.0043
Iter 47/500 - Loss: -1.0477
Iter 48/500 - Loss: -1.0911
Iter 49/500 - Loss: -1.1349
Iter 50/500 - Loss: -1.1790
Iter 51/500 - Loss: -1.2235
Iter 52/500 - Loss: -1.2687
Iter 53/500 - Loss: -1.3143
Iter 54/500 - Loss: -1.3599
Iter 55/500 - Loss: -1.4058
Iter 56/500 - Loss: -1.4518
Iter 57/500 - Loss: -1.4975
Iter 58/500 - Loss: -1.5428
Iter 59/500 - Loss: -1.5880
Iter 60/500 - Loss: -1.6331
Iter 61/500 - Loss: -1.6773
Iter 62/500 - Loss: -1.7195
Iter 63/500 - Loss: -1.7598
Iter 64/500 - Loss: -1.7988
Iter 65/500 - Loss: -1.8368
Iter 66/500 - Loss: -1.8745
Iter 67/500 - Loss: -1.9123
Iter 68/500 - Loss: -1.9507
Iter 69/500 - Loss: -1.9897
Iter 70/500 - Loss: -2.0292
Iter 71/500 - Loss: -2.0688
Iter 72/500 - Loss: -2.1084
Iter 73/500 - Loss: -2.1477
Iter 74/500 - Loss: -2.1863
Iter 75/500 - Loss: -2.2237
Iter 76/500 - Loss: -2.2597
Iter 77/500 - Loss: -2.2942
Iter 78/500 - Loss: -2.3271
Iter 79/500 - Loss: -2.3585
Iter 80/500 - Loss: -2.3887
Iter 81/500 - Loss: -2.4176
Iter 82/500 - Loss: -2.4455
Iter 83/500 - Loss: -2.4726
Iter 84/500 - Loss: -2.4981
Iter 85/500 - Loss: -2.5221
Iter 86/500 - Loss: -2.5449
Iter 87/500 - Loss: -2.5658
Iter 88/500 - Loss: -2.5856
Iter 89/500 - Loss: -2.6040
Iter 90/500 - Loss: -2.6213
Iter 91/500 - Loss: -2.6378
Iter 92/500 - Loss: -2.6532
Iter 93/500 - Loss: -2.6680
Iter 94/500 - Loss: -2.6819
Iter 95/500 - Loss: -2.6950
Iter 96/500 - Loss: -2.7074
Iter 97/500 - Loss: -2.7189
Iter 98/500 - Loss: -2.7297
Iter 99/500 - Loss: -2.7397
Iter 100/500 - Loss: -2.7491
Iter 101/500 - Loss: -2.7577
Iter 102/500 - Loss: -2.7658
Iter 103/500 - Loss: -2.7733
Iter 104/500 - Loss: -2.7805
Iter 105/500 - Loss: -2.7872
Iter 106/500 - Loss: -2.7936
Iter 107/500 - Loss: -2.7995
Iter 108/500 - Loss: -2.8052
Iter 109/500 - Loss: -2.8105
Iter 110/500 - Loss: -2.8155
Iter 111/500 - Loss: -2.8202
Iter 112/500 - Loss: -2.8247
Iter 113/500 - Loss: -2.8288
Iter 114/500 - Loss: -2.8328
Iter 115/500 - Loss: -2.8366
Iter 116/500 - Loss: -2.8403
Iter 117/500 - Loss: -2.8437
Iter 118/500 - Loss: -2.8470
Iter 119/500 - Loss: -2.8502
Iter 120/500 - Loss: -2.8532
Iter 121/500 - Loss: -2.8561
Iter 122/500 - Loss: -2.8588
Iter 123/500 - Loss: -2.8614
Iter 124/500 - Loss: -2.8639
Iter 125/500 - Loss: -2.8662
Iter 126/500 - Loss: -2.8684
Iter 127/500 - Loss: -2.8706
Iter 128/500 - Loss: -2.8726
Iter 129/500 - Loss: -2.8746
Iter 130/500 - Loss: -2.8764
Iter 131/500 - Loss: -2.8781
Iter 132/500 - Loss: -2.8797
Iter 133/500 - Loss: -2.8816
Iter 134/500 - Loss: -2.8831
Iter 135/500 - Loss: -2.8845
Iter 136/500 - Loss: -2.8862
Iter 137/500 - Loss: -2.8874
Iter 138/500 - Loss: -2.8888
Iter 139/500 - Loss: -2.8901
Iter 140/500 - Loss: -2.8913
Iter 141/500 - Loss: -2.8926
Iter 142/500 - Loss: -2.8936
Iter 143/500 - Loss: -2.8948
Iter 144/500 - Loss: -2.8958
Iter 145/500 - Loss: -2.8969
Iter 146/500 - Loss: -2.8978
Iter 147/500 - Loss: -2.8988
Iter 148/500 - Loss: -2.8997
Iter 149/500 - Loss: -2.9006
Iter 150/500 - Loss: -2.9015
Iter 151/500 - Loss: -2.9023
Iter 152/500 - Loss: -2.9031
Iter 153/500 - Loss: -2.9039
Iter 154/500 - Loss: -2.9046
Iter 155/500 - Loss: -2.9053
Iter 156/500 - Loss: -2.9060
Iter 157/500 - Loss: -2.9067
Iter 158/500 - Loss: -2.9074
Iter 159/500 - Loss: -2.9080
Iter 160/500 - Loss: -2.9086
Iter 161/500 - Loss: -2.9093
Iter 162/500 - Loss: -2.9098
Iter 163/500 - Loss: -2.9104
Iter 164/500 - Loss: -2.9110
Iter 165/500 - Loss: -2.9115
Iter 166/500 - Loss: -2.9120
Iter 167/500 - Loss: -2.9125
Iter 168/500 - Loss: -2.9130
Iter 169/500 - Loss: -2.9135
Iter 170/500 - Loss: -2.9140
Iter 171/500 - Loss: -2.9145
Iter 172/500 - Loss: -2.9149
Iter 173/500 - Loss: -2.9154
Iter 174/500 - Loss: -2.9158
Iter 175/500 - Loss: -2.9162
Iter 176/500 - Loss: -2.9166
Iter 177/500 - Loss: -2.9170
Iter 178/500 - Loss: -2.9174
Iter 179/500 - Loss: -2.9178
Iter 180/500 - Loss: -2.9182
Iter 181/500 - Loss: -2.9186
Iter 182/500 - Loss: -2.9190
Iter 183/500 - Loss: -2.9193
Iter 184/500 - Loss: -2.9197
Iter 185/500 - Loss: -2.9200
Iter 186/500 - Loss: -2.9203
Iter 187/500 - Loss: -2.9207
Iter 188/500 - Loss: -2.9210
Iter 189/500 - Loss: -2.9213
Iter 190/500 - Loss: -2.9216
Iter 191/500 - Loss: -2.9219
Iter 192/500 - Loss: -2.9222
Iter 193/500 - Loss: -2.9225
Iter 194/500 - Loss: -2.9228
Iter 195/500 - Loss: -2.9231
Iter 196/500 - Loss: -2.9234
Iter 197/500 - Loss: -2.9237
Iter 198/500 - Loss: -2.9240
Iter 199/500 - Loss: -2.9242
Iter 200/500 - Loss: -2.9245
Iter 201/500 - Loss: -2.9248
Iter 202/500 - Loss: -2.9250
Iter 203/500 - Loss: -2.9253
Iter 204/500 - Loss: -2.9255
Iter 205/500 - Loss: -2.9258
Iter 206/500 - Loss: -2.9260
Iter 207/500 - Loss: -2.9263
Iter 208/500 - Loss: -2.9265
Iter 209/500 - Loss: -2.9267
Iter 210/500 - Loss: -2.9270
Iter 211/500 - Loss: -2.9272
Iter 212/500 - Loss: -2.9274
Iter 213/500 - Loss: -2.9276
Iter 214/500 - Loss: -2.9278
Iter 215/500 - Loss: -2.9280
Iter 216/500 - Loss: -2.9283
Iter 217/500 - Loss: -2.9285
Iter 218/500 - Loss: -2.9287
Iter 219/500 - Loss: -2.9289
Iter 220/500 - Loss: -2.9291
Iter 221/500 - Loss: -2.9293
Iter 222/500 - Loss: -2.9295
Iter 223/500 - Loss: -2.9296
Iter 224/500 - Loss: -2.9298
Iter 225/500 - Loss: -2.9300
Iter 226/500 - Loss: -2.9302
Iter 227/500 - Loss: -2.9304
Iter 228/500 - Loss: -2.9305
Iter 229/500 - Loss: -2.9307
Iter 230/500 - Loss: -2.9309
Iter 231/500 - Loss: -2.9311
Iter 232/500 - Loss: -2.9313
Iter 233/500 - Loss: -2.9314
Iter 234/500 - Loss: -2.9316
Iter 235/500 - Loss: -2.9317
Iter 236/500 - Loss: -2.9319
Iter 237/500 - Loss: -2.9320
Iter 238/500 - Loss: -2.9321
Iter 239/500 - Loss: -2.9323
Iter 240/500 - Loss: -2.9325
Iter 241/500 - Loss: -2.9327
Iter 242/500 - Loss: -2.9328
Iter 243/500 - Loss: -2.9330
Iter 244/500 - Loss: -2.9331
Iter 245/500 - Loss: -2.9333
Iter 246/500 - Loss: -2.9334
Iter 247/500 - Loss: -2.9335
Iter 248/500 - Loss: -2.9337
Iter 249/500 - Loss: -2.9338
Iter 250/500 - Loss: -2.9340
Iter 251/500 - Loss: -2.9341
Iter 252/500 - Loss: -2.9342
Iter 253/500 - Loss: -2.9344
Iter 254/500 - Loss: -2.9345
Iter 255/500 - Loss: -2.9346
Iter 256/500 - Loss: -2.9348
Iter 257/500 - Loss: -2.9349
Iter 258/500 - Loss: -2.9350
Iter 259/500 - Loss: -2.9351
Iter 260/500 - Loss: -2.9353
Iter 261/500 - Loss: -2.9354
Iter 262/500 - Loss: -2.9355
Iter 263/500 - Loss: -2.9356
Iter 264/500 - Loss: -2.9357
Iter 265/500 - Loss: -2.9359
Iter 266/500 - Loss: -2.9360
Iter 267/500 - Loss: -2.9361
Iter 268/500 - Loss: -2.9362
Iter 269/500 - Loss: -2.9363
Iter 270/500 - Loss: -2.9364
Iter 271/500 - Loss: -2.9365
Iter 272/500 - Loss: -2.9366
Iter 273/500 - Loss: -2.9367
Iter 274/500 - Loss: -2.9368
Iter 275/500 - Loss: -2.9369
Iter 276/500 - Loss: -2.9370
Iter 277/500 - Loss: -2.9371
Iter 278/500 - Loss: -2.9372
Iter 279/500 - Loss: -2.9373
Iter 280/500 - Loss: -2.9374
Iter 281/500 - Loss: -2.9375
Iter 282/500 - Loss: -2.9376
Iter 283/500 - Loss: -2.9377
Iter 284/500 - Loss: -2.9378
Iter 285/500 - Loss: -2.9379
Iter 286/500 - Loss: -2.9380
Iter 287/500 - Loss: -2.9381
Iter 288/500 - Loss: -2.9381
Iter 289/500 - Loss: -2.9382
Iter 290/500 - Loss: -2.9383
Iter 291/500 - Loss: -2.9384
Iter 292/500 - Loss: -2.9385
Iter 293/500 - Loss: -2.9386
Iter 294/500 - Loss: -2.9387
Iter 295/500 - Loss: -2.9387
Iter 296/500 - Loss: -2.9388
Iter 297/500 - Loss: -2.9389
Iter 298/500 - Loss: -2.9390
Iter 299/500 - Loss: -2.9390
Iter 300/500 - Loss: -2.9391
Iter 301/500 - Loss: -2.9392
Iter 302/500 - Loss: -2.9393
Iter 303/500 - Loss: -2.9394
Iter 304/500 - Loss: -2.9394
Iter 305/500 - Loss: -2.9395
Iter 306/500 - Loss: -2.9396
Iter 307/500 - Loss: -2.9397
Iter 308/500 - Loss: -2.9397
Iter 309/500 - Loss: -2.9398
Iter 310/500 - Loss: -2.9399
Iter 311/500 - Loss: -2.9399
Iter 312/500 - Loss: -2.9400
Iter 313/500 - Loss: -2.9401
Iter 314/500 - Loss: -2.9401
Iter 315/500 - Loss: -2.9402
Iter 316/500 - Loss: -2.9403
Iter 317/500 - Loss: -2.9403
Iter 318/500 - Loss: -2.9404
Iter 319/500 - Loss: -2.9405
Iter 320/500 - Loss: -2.9405
Iter 321/500 - Loss: -2.9406
Iter 322/500 - Loss: -2.9407
Iter 323/500 - Loss: -2.9407
Iter 324/500 - Loss: -2.9408
Iter 325/500 - Loss: -2.9409
Iter 326/500 - Loss: -2.9409
Iter 327/500 - Loss: -2.9410
Iter 328/500 - Loss: -2.9410
Iter 329/500 - Loss: -2.9411
Iter 330/500 - Loss: -2.9411
Iter 331/500 - Loss: -2.9412
Iter 332/500 - Loss: -2.9412
Iter 333/500 - Loss: -2.9413
Iter 334/500 - Loss: -2.9414
Iter 335/500 - Loss: -2.9414
Iter 336/500 - Loss: -2.9415
Iter 337/500 - Loss: -2.9415
Iter 338/500 - Loss: -2.9416
Iter 339/500 - Loss: -2.9416
Iter 340/500 - Loss: -2.9417
Iter 341/500 - Loss: -2.9417
Iter 342/500 - Loss: -2.9418
Iter 343/500 - Loss: -2.9419
Iter 344/500 - Loss: -2.9419
Iter 345/500 - Loss: -2.9420
Iter 346/500 - Loss: -2.9420
Iter 347/500 - Loss: -2.9420
Iter 348/500 - Loss: -2.9421
Iter 349/500 - Loss: -2.9422
Iter 350/500 - Loss: -2.9422
Iter 351/500 - Loss: -2.9423
Iter 352/500 - Loss: -2.9423
Iter 353/500 - Loss: -2.9424
Iter 354/500 - Loss: -2.9424
Iter 355/500 - Loss: -2.9424
Iter 356/500 - Loss: -2.9425
Iter 357/500 - Loss: -2.9425
Iter 358/500 - Loss: -2.9426
Iter 359/500 - Loss: -2.9426
Iter 360/500 - Loss: -2.9427
Iter 361/500 - Loss: -2.9427
Iter 362/500 - Loss: -2.9428
Iter 363/500 - Loss: -2.9428
Iter 364/500 - Loss: -2.9429
Iter 365/500 - Loss: -2.9429
Iter 366/500 - Loss: -2.9429
Iter 367/500 - Loss: -2.9430
Iter 368/500 - Loss: -2.9430
Iter 369/500 - Loss: -2.9430
Iter 370/500 - Loss: -2.9431
Iter 371/500 - Loss: -2.9431
Iter 372/500 - Loss: -2.9432
Iter 373/500 - Loss: -2.9432
Iter 374/500 - Loss: -2.9433
Iter 375/500 - Loss: -2.9433
Iter 376/500 - Loss: -2.9433
Iter 377/500 - Loss: -2.9433
Iter 378/500 - Loss: -2.9434
Iter 379/500 - Loss: -2.9434
Iter 380/500 - Loss: -2.9435
Iter 381/500 - Loss: -2.9435
Iter 382/500 - Loss: -2.9436
Iter 383/500 - Loss: -2.9436
Iter 384/500 - Loss: -2.9436
Iter 385/500 - Loss: -2.9437
Iter 386/500 - Loss: -2.9437
Iter 387/500 - Loss: -2.9437
Iter 388/500 - Loss: -2.9438
Iter 389/500 - Loss: -2.9438
Iter 390/500 - Loss: -2.9439
Iter 391/500 - Loss: -2.9439
Iter 392/500 - Loss: -2.9440
Iter 393/500 - Loss: -2.9440
Iter 394/500 - Loss: -2.9440
Iter 395/500 - Loss: -2.9440
Iter 396/500 - Loss: -2.9441
Iter 397/500 - Loss: -2.9441
Iter 398/500 - Loss: -2.9442
Iter 399/500 - Loss: -2.9442
Iter 400/500 - Loss: -2.9442
Iter 401/500 - Loss: -2.9442
Iter 402/500 - Loss: -2.9443
Iter 403/500 - Loss: -2.9443
Iter 404/500 - Loss: -2.9443
Iter 405/500 - Loss: -2.9444
Iter 406/500 - Loss: -2.9444
Iter 407/500 - Loss: -2.9444
Iter 408/500 - Loss: -2.9445
Iter 409/500 - Loss: -2.9445
Iter 410/500 - Loss: -2.9445
Iter 411/500 - Loss: -2.9446
Iter 412/500 - Loss: -2.9446
Iter 413/500 - Loss: -2.9446
Iter 414/500 - Loss: -2.9447
Iter 415/500 - Loss: -2.9447
Iter 416/500 - Loss: -2.9447
Iter 417/500 - Loss: -2.9448
Iter 418/500 - Loss: -2.9448
Iter 419/500 - Loss: -2.9448
Iter 420/500 - Loss: -2.9449
Iter 421/500 - Loss: -2.9449
Iter 422/500 - Loss: -2.9449
Iter 423/500 - Loss: -2.9449
Iter 424/500 - Loss: -2.9450
Iter 425/500 - Loss: -2.9450
Iter 426/500 - Loss: -2.9450
Iter 427/500 - Loss: -2.9450
Iter 428/500 - Loss: -2.9451
Iter 429/500 - Loss: -2.9451
Iter 430/500 - Loss: -2.9451
Iter 431/500 - Loss: -2.9451
Iter 432/500 - Loss: -2.9452
Iter 433/500 - Loss: -2.9452
Iter 434/500 - Loss: -2.9453
Iter 435/500 - Loss: -2.9453
Iter 436/500 - Loss: -2.9453
Iter 437/500 - Loss: -2.9453
Iter 438/500 - Loss: -2.9453
Iter 439/500 - Loss: -2.9454
Iter 440/500 - Loss: -2.9454
Iter 441/500 - Loss: -2.9454
Iter 442/500 - Loss: -2.9455
Iter 443/500 - Loss: -2.9455
Iter 444/500 - Loss: -2.9455
Iter 445/500 - Loss: -2.9456
Iter 446/500 - Loss: -2.9456
Iter 447/500 - Loss: -2.9456
Iter 448/500 - Loss: -2.9456
Iter 449/500 - Loss: -2.9456
Iter 450/500 - Loss: -2.9457
Iter 451/500 - Loss: -2.9457
Iter 452/500 - Loss: -2.9457
Iter 453/500 - Loss: -2.9457
Iter 454/500 - Loss: -2.9458
Iter 455/500 - Loss: -2.9458
Iter 456/500 - Loss: -2.9458
Iter 457/500 - Loss: -2.9458
Iter 458/500 - Loss: -2.9458
Iter 459/500 - Loss: -2.9459
Iter 460/500 - Loss: -2.9459
Iter 461/500 - Loss: -2.9459
Iter 462/500 - Loss: -2.9459
Iter 463/500 - Loss: -2.9459
Iter 464/500 - Loss: -2.9460
Iter 465/500 - Loss: -2.9460
Iter 466/500 - Loss: -2.9460
Iter 467/500 - Loss: -2.9461
Iter 468/500 - Loss: -2.9461
Iter 469/500 - Loss: -2.9461
Iter 470/500 - Loss: -2.9461
Iter 471/500 - Loss: -2.9461
Iter 472/500 - Loss: -2.9462
Iter 473/500 - Loss: -2.9462
Iter 474/500 - Loss: -2.9462
Iter 475/500 - Loss: -2.9462
Iter 476/500 - Loss: -2.9462
Iter 477/500 - Loss: -2.9462
Iter 478/500 - Loss: -2.9463
Iter 479/500 - Loss: -2.9463
Iter 480/500 - Loss: -2.9463
Iter 481/500 - Loss: -2.9463
Iter 482/500 - Loss: -2.9463
Iter 483/500 - Loss: -2.9464
Iter 484/500 - Loss: -2.9464
Iter 485/500 - Loss: -2.9464
Iter 486/500 - Loss: -2.9464
Iter 487/500 - Loss: -2.9465
Iter 488/500 - Loss: -2.9465
Iter 489/500 - Loss: -2.9465
Iter 490/500 - Loss: -2.9465
Iter 491/500 - Loss: -2.9466
Iter 492/500 - Loss: -2.9466
Iter 493/500 - Loss: -2.9466
Iter 494/500 - Loss: -2.9466
Iter 495/500 - Loss: -2.9467
Iter 496/500 - Loss: -2.9467
Iter 497/500 - Loss: -2.9467
Iter 498/500 - Loss: -2.9468
Iter 499/500 - Loss: -2.9468
Iter 500/500 - Loss: -2.9469
{'d': 0.39928252, 'e': 1.1653419, 'f': 2.3310752, 'g': 1.2001027}
{'d': 0.4047923, 'e': 1.1622742, 'f': 2.3314614, 'g': 1.2033991}
{'d': 0.4180731, 'e': 1.1521744, 'f': 2.3324041, 'g': 1.2110764}
{'d': 0.42198926, 'e': 1.1493456, 'f': 2.332608, 'g': 1.2131546}
{'d': 0.426136, 'e': 1.1457291, 'f': 2.3328419, 'g': 1.2153141}
{'d': 0.43060228, 'e': 1.1423596, 'f': 2.3330193, 'g': 1.2174853}
{'d': 0.43539077, 'e': 1.1389507, 'f': 2.3331332, 'g': 1.2196692}
{'d': 0.4405163, 'e': 1.1354139, 'f': 2.3332174, 'g': 1.2218547}
{'d': 0.44597867, 'e': 1.1314697, 'f': 2.333272, 'g': 1.2240427}
{'d': 0.45806932, 'e': 1.1240628, 'f': 2.3331807, 'g': 1.2282712}
{'d': 0.4717157, 'e': 1.1178306, 'f': 2.3328052, 'g': 1.2321813}
{'d': 0.48681843, 'e': 1.1156627, 'f': 2.332017, 'g': 1.2355295}
{'d': 0.5030024, 'e': 1.1218854, 'f': 2.330614, 'g': 1.238022}
{'d': 0.511307, 'e': 1.1298778, 'f': 2.3295832, 'g': 1.2388418}
