Leaving out Box_n50_42_1400
alist [1.0, 0.953321, 0.866399, 0.787402, 0.715608, 0.65036, 0.620002, 0.591061, 0.563471, 0.537169, 0.512095, 0.488191, 0.403224, 0.366459]
Iter 1/250 - Loss: 3.4041
Iter 2/250 - Loss: 2.7412
Iter 3/250 - Loss: 2.5505
Iter 4/250 - Loss: 2.4697
Iter 5/250 - Loss: 2.4056
Iter 6/250 - Loss: 2.3368
Iter 7/250 - Loss: 2.2597
Iter 8/250 - Loss: 2.1746
Iter 9/250 - Loss: 2.0833
Iter 10/250 - Loss: 1.9871
Iter 11/250 - Loss: 1.8872
Iter 12/250 - Loss: 1.7841
Iter 13/250 - Loss: 1.6791
Iter 14/250 - Loss: 1.5721
Iter 15/250 - Loss: 1.4639
Iter 16/250 - Loss: 1.3548
Iter 17/250 - Loss: 1.2454
Iter 18/250 - Loss: 1.1367
Iter 19/250 - Loss: 1.0297
Iter 20/250 - Loss: 0.9262
Iter 21/250 - Loss: 0.8276
Iter 22/250 - Loss: 0.7335
Iter 23/250 - Loss: 0.6417
Iter 24/250 - Loss: 0.5498
Iter 25/250 - Loss: 0.4574
Iter 26/250 - Loss: 0.3672
Iter 27/250 - Loss: 0.2830
Iter 28/250 - Loss: 0.2088
Iter 29/250 - Loss: 0.1439
Iter 30/250 - Loss: 0.0780
Iter 31/250 - Loss: 0.0075
Iter 32/250 - Loss: -0.0605
Iter 33/250 - Loss: -0.1209
Iter 34/250 - Loss: -0.1754
Iter 35/250 - Loss: -0.2313
Iter 36/250 - Loss: -0.2911
Iter 37/250 - Loss: -0.3502
Iter 38/250 - Loss: -0.4051
Iter 39/250 - Loss: -0.4561
Iter 40/250 - Loss: -0.5088
Iter 41/250 - Loss: -0.5635
Iter 42/250 - Loss: -0.6173
Iter 43/250 - Loss: -0.6672
Iter 44/250 - Loss: -0.7163
Iter 45/250 - Loss: -0.7667
Iter 46/250 - Loss: -0.8180
Iter 47/250 - Loss: -0.8669
Iter 48/250 - Loss: -0.9134
Iter 49/250 - Loss: -0.9607
Iter 50/250 - Loss: -1.0091
Iter 51/250 - Loss: -1.0569
Iter 52/250 - Loss: -1.1037
Iter 53/250 - Loss: -1.1502
Iter 54/250 - Loss: -1.1973
Iter 55/250 - Loss: -1.2446
Iter 56/250 - Loss: -1.2920
Iter 57/250 - Loss: -1.3392
Iter 58/250 - Loss: -1.3859
Iter 59/250 - Loss: -1.4319
Iter 60/250 - Loss: -1.4770
Iter 61/250 - Loss: -1.5207
Iter 62/250 - Loss: -1.5632
Iter 63/250 - Loss: -1.6047
Iter 64/250 - Loss: -1.6465
Iter 65/250 - Loss: -1.6883
Iter 66/250 - Loss: -1.7282
Iter 67/250 - Loss: -1.7671
Iter 68/250 - Loss: -1.8070
Iter 69/250 - Loss: -1.8464
Iter 70/250 - Loss: -1.8839
Iter 71/250 - Loss: -1.9204
Iter 72/250 - Loss: -1.9576
Iter 73/250 - Loss: -1.9942
Iter 74/250 - Loss: -2.0288
Iter 75/250 - Loss: -2.0621
Iter 76/250 - Loss: -2.0953
Iter 77/250 - Loss: -2.1285
Iter 78/250 - Loss: -2.1603
Iter 79/250 - Loss: -2.1905
Iter 80/250 - Loss: -2.2190
Iter 81/250 - Loss: -2.2461
Iter 82/250 - Loss: -2.2727
Iter 83/250 - Loss: -2.3017
Iter 84/250 - Loss: -2.3290
Iter 85/250 - Loss: -2.3529
Iter 86/250 - Loss: -2.3749
Iter 87/250 - Loss: -2.3980
Iter 88/250 - Loss: -2.4217
Iter 89/250 - Loss: -2.4435
Iter 90/250 - Loss: -2.4621
Iter 91/250 - Loss: -2.4794
Iter 92/250 - Loss: -2.4990
Iter 93/250 - Loss: -2.5190
Iter 94/250 - Loss: -2.5360
Iter 95/250 - Loss: -2.5503
Iter 96/250 - Loss: -2.5642
Iter 97/250 - Loss: -2.5789
Iter 98/250 - Loss: -2.5952
Iter 99/250 - Loss: -2.6089
Iter 100/250 - Loss: -2.6201
Iter 101/250 - Loss: -2.6307
Iter 102/250 - Loss: -2.6417
Iter 103/250 - Loss: -2.6547
Iter 104/250 - Loss: -2.6661
Iter 105/250 - Loss: -2.6748
Iter 106/250 - Loss: -2.6828
Iter 107/250 - Loss: -2.6910
Iter 108/250 - Loss: -2.6999
Iter 109/250 - Loss: -2.7096
Iter 110/250 - Loss: -2.7177
Iter 111/250 - Loss: -2.7245
Iter 112/250 - Loss: -2.7301
Iter 113/250 - Loss: -2.7351
Iter 114/250 - Loss: -2.7429
Iter 115/250 - Loss: -2.7497
Iter 116/250 - Loss: -2.7557
Iter 117/250 - Loss: -2.7615
Iter 118/250 - Loss: -2.7661
Iter 119/250 - Loss: -2.7698
Iter 120/250 - Loss: -2.7738
Iter 121/250 - Loss: -2.7770
Iter 122/250 - Loss: -2.7804
Iter 123/250 - Loss: -2.7861
Iter 124/250 - Loss: -2.7919
Iter 125/250 - Loss: -2.7963
Iter 126/250 - Loss: -2.7988
Iter 127/250 - Loss: -2.8010
Iter 128/250 - Loss: -2.8038
Iter 129/250 - Loss: -2.8081
Iter 130/250 - Loss: -2.8121
Iter 131/250 - Loss: -2.8148
Iter 132/250 - Loss: -2.8168
Iter 133/250 - Loss: -2.8189
Iter 134/250 - Loss: -2.8216
Iter 135/250 - Loss: -2.8244
Iter 136/250 - Loss: -2.8276
Iter 137/250 - Loss: -2.8301
Iter 138/250 - Loss: -2.8319
Iter 139/250 - Loss: -2.8334
Iter 140/250 - Loss: -2.8349
Iter 141/250 - Loss: -2.8358
Iter 142/250 - Loss: -2.8368
Iter 143/250 - Loss: -2.8375
Iter 144/250 - Loss: -2.8385
Iter 145/250 - Loss: -2.8405
Iter 146/250 - Loss: -2.8420
Iter 147/250 - Loss: -2.8435
Iter 148/250 - Loss: -2.8476
Iter 149/250 - Loss: -2.8509
Iter 150/250 - Loss: -2.8502
Iter 151/250 - Loss: -2.8504
Iter 152/250 - Loss: -2.8544
Iter 153/250 - Loss: -2.8567
Iter 154/250 - Loss: -2.8558
Iter 155/250 - Loss: -2.8568
Iter 156/250 - Loss: -2.8600
Iter 157/250 - Loss: -2.8612
Iter 158/250 - Loss: -2.8608
Iter 159/250 - Loss: -2.8621
Iter 160/250 - Loss: -2.8644
Iter 161/250 - Loss: -2.8656
Iter 162/250 - Loss: -2.8656
Iter 163/250 - Loss: -2.8658
Iter 164/250 - Loss: -2.8669
Iter 165/250 - Loss: -2.8690
Iter 166/250 - Loss: -2.8701
Iter 167/250 - Loss: -2.8703
Iter 168/250 - Loss: -2.8702
Iter 169/250 - Loss: -2.8699
Iter 170/250 - Loss: -2.8702
Iter 171/250 - Loss: -2.8712
Iter 172/250 - Loss: -2.8729
Iter 173/250 - Loss: -2.8743
Iter 174/250 - Loss: -2.8755
Iter 175/250 - Loss: -2.8750
Iter 176/250 - Loss: -2.8731
Iter 177/250 - Loss: -2.8714
Iter 178/250 - Loss: -2.8722
Iter 179/250 - Loss: -2.8774
Iter 180/250 - Loss: -2.8809
Iter 181/250 - Loss: -2.8789
Iter 182/250 - Loss: -2.8775
Iter 183/250 - Loss: -2.8806
Iter 184/250 - Loss: -2.8829
Iter 185/250 - Loss: -2.8818
Iter 186/250 - Loss: -2.8815
Iter 187/250 - Loss: -2.8840
Iter 188/250 - Loss: -2.8849
Iter 189/250 - Loss: -2.8842
Iter 190/250 - Loss: -2.8850
Iter 191/250 - Loss: -2.8865
Iter 192/250 - Loss: -2.8866
Iter 193/250 - Loss: -2.8866
Iter 194/250 - Loss: -2.8876
Iter 195/250 - Loss: -2.8888
Iter 196/250 - Loss: -2.8889
Iter 197/250 - Loss: -2.8883
Iter 198/250 - Loss: -2.8886
Iter 199/250 - Loss: -2.8894
Iter 200/250 - Loss: -2.8893
Iter 201/250 - Loss: -2.8871
Iter 202/250 - Loss: -2.8811
Iter 203/250 - Loss: -2.8735
Iter 204/250 - Loss: -2.8758
Iter 205/250 - Loss: -2.8868
Iter 206/250 - Loss: -2.8883
Iter 207/250 - Loss: -2.8844
Iter 208/250 - Loss: -2.8868
Iter 209/250 - Loss: -2.8899
Iter 210/250 - Loss: -2.8887
Iter 211/250 - Loss: -2.8904
Iter 212/250 - Loss: -2.8895
Iter 213/250 - Loss: -2.8914
Iter 214/250 - Loss: -2.8914
Iter 215/250 - Loss: -2.8931
Iter 216/250 - Loss: -2.8919
Iter 217/250 - Loss: -2.8940
Iter 218/250 - Loss: -2.8933
Iter 219/250 - Loss: -2.8956
Iter 220/250 - Loss: -2.8946
Iter 221/250 - Loss: -2.8957
Iter 222/250 - Loss: -2.8959
Iter 223/250 - Loss: -2.8965
Iter 224/250 - Loss: -2.8973
Iter 225/250 - Loss: -2.8964
Iter 226/250 - Loss: -2.8983
Iter 227/250 - Loss: -2.8979
Iter 228/250 - Loss: -2.8989
Iter 229/250 - Loss: -2.8989
Iter 230/250 - Loss: -2.8995
Iter 231/250 - Loss: -2.9002
Iter 232/250 - Loss: -2.9004
Iter 233/250 - Loss: -2.9013
Iter 234/250 - Loss: -2.9013
Iter 235/250 - Loss: -2.9023
Iter 236/250 - Loss: -2.9030
Iter 237/250 - Loss: -2.9032
Iter 238/250 - Loss: -2.9039
Iter 239/250 - Loss: -2.9044
Iter 240/250 - Loss: -2.9045
Iter 241/250 - Loss: -2.9044
Iter 242/250 - Loss: -2.9005
Iter 243/250 - Loss: -2.8748
Iter 244/250 - Loss: -2.7813
Iter 245/250 - Loss: -2.7727
Iter 246/250 - Loss: -2.8063
Iter 247/250 - Loss: -2.8686
Iter 248/250 - Loss: -2.8375
Iter 249/250 - Loss: -2.8564
Iter 250/250 - Loss: -2.8688
now training with smaller learning rate
Iter 1/250 - Loss: -2.8643
Iter 2/250 - Loss: -2.8704
Iter 3/250 - Loss: -2.8779
Iter 4/250 - Loss: -2.8856
Iter 5/250 - Loss: -2.8897
Iter 6/250 - Loss: -2.8927
Iter 7/250 - Loss: -2.8945
Iter 8/250 - Loss: -2.8960
Iter 9/250 - Loss: -2.8957
Iter 10/250 - Loss: -2.8962
Iter 11/250 - Loss: -2.8964
Iter 12/250 - Loss: -2.8970
Iter 13/250 - Loss: -2.8988
Iter 14/250 - Loss: -2.9001
Iter 15/250 - Loss: -2.9021
Iter 16/250 - Loss: -2.9035
Iter 17/250 - Loss: -2.9049
Iter 18/250 - Loss: -2.9065
Iter 19/250 - Loss: -2.9074
Iter 20/250 - Loss: -2.9085
Iter 21/250 - Loss: -2.9096
Iter 22/250 - Loss: -2.9101
Iter 23/250 - Loss: -2.9109
Iter 24/250 - Loss: -2.9113
Iter 25/250 - Loss: -2.9121
Iter 26/250 - Loss: -2.9126
Iter 27/250 - Loss: -2.9132
Iter 28/250 - Loss: -2.9138
Iter 29/250 - Loss: -2.9144
Iter 30/250 - Loss: -2.9152
Iter 31/250 - Loss: -2.9160
Iter 32/250 - Loss: -2.9164
Iter 33/250 - Loss: -2.9170
Iter 34/250 - Loss: -2.9176
Iter 35/250 - Loss: -2.9179
Iter 36/250 - Loss: -2.9184
Iter 37/250 - Loss: -2.9186
Iter 38/250 - Loss: -2.9191
Iter 39/250 - Loss: -2.9196
Iter 40/250 - Loss: -2.9201
Iter 41/250 - Loss: -2.9206
Iter 42/250 - Loss: -2.9211
Iter 43/250 - Loss: -2.9216
Iter 44/250 - Loss: -2.9220
Iter 45/250 - Loss: -2.9223
Iter 46/250 - Loss: -2.9227
Iter 47/250 - Loss: -2.9231
Iter 48/250 - Loss: -2.9233
Iter 49/250 - Loss: -2.9238
Iter 50/250 - Loss: -2.9242
Iter 51/250 - Loss: -2.9246
Iter 52/250 - Loss: -2.9248
Iter 53/250 - Loss: -2.9252
Iter 54/250 - Loss: -2.9255
Iter 55/250 - Loss: -2.9258
Iter 56/250 - Loss: -2.9261
Iter 57/250 - Loss: -2.9265
Iter 58/250 - Loss: -2.9268
Iter 59/250 - Loss: -2.9271
Iter 60/250 - Loss: -2.9275
Iter 61/250 - Loss: -2.9277
Iter 62/250 - Loss: -2.9281
Iter 63/250 - Loss: -2.9282
Iter 64/250 - Loss: -2.9285
Iter 65/250 - Loss: -2.9285
Iter 66/250 - Loss: -2.9284
Iter 67/250 - Loss: -2.9288
Iter 68/250 - Loss: -2.9287
Iter 69/250 - Loss: -2.9289
Iter 70/250 - Loss: -2.9298
Iter 71/250 - Loss: -2.9295
Iter 72/250 - Loss: -2.9304
Iter 73/250 - Loss: -2.9301
Iter 74/250 - Loss: -2.9309
Iter 75/250 - Loss: -2.9307
Iter 76/250 - Loss: -2.9312
Iter 77/250 - Loss: -2.9314
Iter 78/250 - Loss: -2.9315
Iter 79/250 - Loss: -2.9321
Iter 80/250 - Loss: -2.9319
Iter 81/250 - Loss: -2.9325
Iter 82/250 - Loss: -2.9323
Iter 83/250 - Loss: -2.9328
Iter 84/250 - Loss: -2.9328
Iter 85/250 - Loss: -2.9331
Iter 86/250 - Loss: -2.9334
Iter 87/250 - Loss: -2.9335
Iter 88/250 - Loss: -2.9338
Iter 89/250 - Loss: -2.9339
Iter 90/250 - Loss: -2.9342
Iter 91/250 - Loss: -2.9342
Iter 92/250 - Loss: -2.9345
Iter 93/250 - Loss: -2.9347
Iter 94/250 - Loss: -2.9348
Iter 95/250 - Loss: -2.9349
Iter 96/250 - Loss: -2.9344
Iter 97/250 - Loss: -2.9342
Iter 98/250 - Loss: -2.9348
Iter 99/250 - Loss: -2.9348
Iter 100/250 - Loss: -2.9350
Iter 101/250 - Loss: -2.9359
Iter 102/250 - Loss: -2.9356
Iter 103/250 - Loss: -2.9357
Iter 104/250 - Loss: -2.9364
Iter 105/250 - Loss: -2.9364
Iter 106/250 - Loss: -2.9363
Iter 107/250 - Loss: -2.9370
Iter 108/250 - Loss: -2.9369
Iter 109/250 - Loss: -2.9369
Iter 110/250 - Loss: -2.9375
Iter 111/250 - Loss: -2.9373
Iter 112/250 - Loss: -2.9376
Iter 113/250 - Loss: -2.9378
Iter 114/250 - Loss: -2.9379
Iter 115/250 - Loss: -2.9380
Iter 116/250 - Loss: -2.9383
Iter 117/250 - Loss: -2.9385
Iter 118/250 - Loss: -2.9384
Iter 119/250 - Loss: -2.9388
Iter 120/250 - Loss: -2.9389
Iter 121/250 - Loss: -2.9390
Iter 122/250 - Loss: -2.9391
Iter 123/250 - Loss: -2.9392
Iter 124/250 - Loss: -2.9394
Iter 125/250 - Loss: -2.9394
Iter 126/250 - Loss: -2.9391
Iter 127/250 - Loss: -2.9381
Iter 128/250 - Loss: -2.9375
Iter 129/250 - Loss: -2.9391
Iter 130/250 - Loss: -2.9393
Iter 131/250 - Loss: -2.9384
Iter 132/250 - Loss: -2.9401
Iter 133/250 - Loss: -2.9401
Iter 134/250 - Loss: -2.9394
Iter 135/250 - Loss: -2.9406
Iter 136/250 - Loss: -2.9403
Iter 137/250 - Loss: -2.9405
Iter 138/250 - Loss: -2.9407
Iter 139/250 - Loss: -2.9408
Iter 140/250 - Loss: -2.9412
Iter 141/250 - Loss: -2.9410
Iter 142/250 - Loss: -2.9414
Iter 143/250 - Loss: -2.9415
Iter 144/250 - Loss: -2.9415
Iter 145/250 - Loss: -2.9418
Iter 146/250 - Loss: -2.9419
Iter 147/250 - Loss: -2.9421
Iter 148/250 - Loss: -2.9422
Iter 149/250 - Loss: -2.9422
Iter 150/250 - Loss: -2.9425
Iter 151/250 - Loss: -2.9425
Iter 152/250 - Loss: -2.9426
Iter 153/250 - Loss: -2.9428
Iter 154/250 - Loss: -2.9428
Iter 155/250 - Loss: -2.9428
Iter 156/250 - Loss: -2.9432
Iter 157/250 - Loss: -2.9433
Iter 158/250 - Loss: -2.9433
Iter 159/250 - Loss: -2.9435
Iter 160/250 - Loss: -2.9434
Iter 161/250 - Loss: -2.9431
Iter 162/250 - Loss: -2.9423
Iter 163/250 - Loss: -2.9403
Iter 164/250 - Loss: -2.9382
Iter 165/250 - Loss: -2.9409
Iter 166/250 - Loss: -2.9441
Iter 167/250 - Loss: -2.9418
Iter 168/250 - Loss: -2.9428
Iter 169/250 - Loss: -2.9438
Iter 170/250 - Loss: -2.9430
Iter 171/250 - Loss: -2.9439
Iter 172/250 - Loss: -2.9438
Iter 173/250 - Loss: -2.9440
Iter 174/250 - Loss: -2.9442
Iter 175/250 - Loss: -2.9444
Iter 176/250 - Loss: -2.9443
Iter 177/250 - Loss: -2.9448
Iter 178/250 - Loss: -2.9444
Iter 179/250 - Loss: -2.9452
Iter 180/250 - Loss: -2.9447
Iter 181/250 - Loss: -2.9453
Iter 182/250 - Loss: -2.9452
Iter 183/250 - Loss: -2.9453
Iter 184/250 - Loss: -2.9457
Iter 185/250 - Loss: -2.9455
Iter 186/250 - Loss: -2.9458
Iter 187/250 - Loss: -2.9459
Iter 188/250 - Loss: -2.9460
Iter 189/250 - Loss: -2.9460
Iter 190/250 - Loss: -2.9463
Iter 191/250 - Loss: -2.9464
Iter 192/250 - Loss: -2.9462
Iter 193/250 - Loss: -2.9464
Iter 194/250 - Loss: -2.9467
Iter 195/250 - Loss: -2.9468
Iter 196/250 - Loss: -2.9468
Iter 197/250 - Loss: -2.9469
Iter 198/250 - Loss: -2.9468
Iter 199/250 - Loss: -2.9468
Iter 200/250 - Loss: -2.9469
Iter 201/250 - Loss: -2.9467
Iter 202/250 - Loss: -2.9465
Iter 203/250 - Loss: -2.9461
Iter 204/250 - Loss: -2.9457
Iter 205/250 - Loss: -2.9455
Iter 206/250 - Loss: -2.9461
Iter 207/250 - Loss: -2.9465
Iter 208/250 - Loss: -2.9463
Iter 209/250 - Loss: -2.9470
Iter 210/250 - Loss: -2.9474
Iter 211/250 - Loss: -2.9470
Iter 212/250 - Loss: -2.9478
Iter 213/250 - Loss: -2.9477
Iter 214/250 - Loss: -2.9474
Iter 215/250 - Loss: -2.9484
Iter 216/250 - Loss: -2.9479
Iter 217/250 - Loss: -2.9480
Iter 218/250 - Loss: -2.9484
Iter 219/250 - Loss: -2.9482
Iter 220/250 - Loss: -2.9487
Iter 221/250 - Loss: -2.9485
Iter 222/250 - Loss: -2.9485
Iter 223/250 - Loss: -2.9490
Iter 224/250 - Loss: -2.9489
Iter 225/250 - Loss: -2.9491
Iter 226/250 - Loss: -2.9492
Iter 227/250 - Loss: -2.9489
Iter 228/250 - Loss: -2.9489
Iter 229/250 - Loss: -2.9484
Iter 230/250 - Loss: -2.9468
Iter 231/250 - Loss: -2.9436
Iter 232/250 - Loss: -2.9396
Iter 233/250 - Loss: -2.9421
Iter 234/250 - Loss: -2.9490
Iter 235/250 - Loss: -2.9462
Iter 236/250 - Loss: -2.9467
Iter 237/250 - Loss: -2.9490
Iter 238/250 - Loss: -2.9468
Iter 239/250 - Loss: -2.9493
Iter 240/250 - Loss: -2.9474
Iter 241/250 - Loss: -2.9494
Iter 242/250 - Loss: -2.9479
Iter 243/250 - Loss: -2.9495
Iter 244/250 - Loss: -2.9484
Iter 245/250 - Loss: -2.9497
Iter 246/250 - Loss: -2.9488
Iter 247/250 - Loss: -2.9499
Iter 248/250 - Loss: -2.9492
Iter 249/250 - Loss: -2.9501
Iter 250/250 - Loss: -2.9496
