prev {'d': 0.41988148770264144, 'e': 0.6350499281495675, 'f': 2.3398476628603553, 'g': 1.3199497019277084}
Starting ML Fit
Box8_1400
       message: Optimization terminated successfully.
       success: True
        status: 0
           fun: 2558.894910547576
             x: [ 4.154e-01  6.412e-01  2.339e+00  1.314e+00]
           nit: 121
          nfev: 209
 final_simplex: (array([[ 4.154e-01,  6.412e-01,  2.339e+00,  1.314e+00],
                       [ 4.154e-01,  6.412e-01,  2.339e+00,  1.314e+00],
                       ...,
                       [ 4.154e-01,  6.413e-01,  2.339e+00,  1.314e+00],
                       [ 4.154e-01,  6.413e-01,  2.339e+00,  1.314e+00]]), array([ 2.559e+03,  2.559e+03,  2.559e+03,  2.559e+03,
                        2.559e+03]))
   param_names: ['d', 'e', 'f', 'g']
[0.4153888  0.64124088 2.33857039 1.31363354]
{'d': 0.4153888040267767, 'e': 0.6412408772779827, 'f': 2.338570392648074, 'g': 1.3136335374030979}
Previous:  {'d': 0.41988148770264144, 'e': 0.6350499281495675, 'f': 2.3398476628603553, 'g': 1.3199497019277084}
