prev {'d': 0.5254728103280162, 'e': 1.1086646390260568, 'f': 2.3754387769865764, 'g': 1.32589065242675}
Starting ML Fit
Box73_1400
       message: Optimization terminated successfully.
       success: True
        status: 0
           fun: 16707.92801201551
             x: [ 5.159e-01  1.088e+00  2.375e+00  1.326e+00]
           nit: 113
          nfev: 203
 final_simplex: (array([[ 5.159e-01,  1.088e+00,  2.375e+00,  1.326e+00],
                       [ 5.159e-01,  1.088e+00,  2.375e+00,  1.326e+00],
                       ...,
                       [ 5.159e-01,  1.088e+00,  2.375e+00,  1.326e+00],
                       [ 5.159e-01,  1.088e+00,  2.375e+00,  1.326e+00]]), array([ 1.671e+04,  1.671e+04,  1.671e+04,  1.671e+04,
                        1.671e+04]))
   param_names: ['d', 'e', 'f', 'g']
[0.51586897 1.08792038 2.37535899 1.32629245]
{'d': 0.5158689740382264, 'e': 1.0879203844878473, 'f': 2.375358994817845, 'g': 1.3262924518209966}
Previous:  {'d': 0.5254728103280162, 'e': 1.1086646390260568, 'f': 2.3754387769865764, 'g': 1.32589065242675}
