no change     /oak/stanford/orgs/kipac/users/delon/miniconda3/condabin/conda
no change     /oak/stanford/orgs/kipac/users/delon/miniconda3/bin/conda
no change     /oak/stanford/orgs/kipac/users/delon/miniconda3/bin/conda-env
no change     /oak/stanford/orgs/kipac/users/delon/miniconda3/bin/activate
no change     /oak/stanford/orgs/kipac/users/delon/miniconda3/bin/deactivate
no change     /oak/stanford/orgs/kipac/users/delon/miniconda3/etc/profile.d/conda.sh
no change     /oak/stanford/orgs/kipac/users/delon/miniconda3/etc/fish/conf.d/conda.fish
no change     /oak/stanford/orgs/kipac/users/delon/miniconda3/shell/condabin/Conda.psm1
no change     /oak/stanford/orgs/kipac/users/delon/miniconda3/shell/condabin/conda-hook.ps1
no change     /oak/stanford/orgs/kipac/users/delon/miniconda3/lib/python3.10/site-packages/xontrib/conda.xsh
no change     /oak/stanford/orgs/kipac/users/delon/miniconda3/etc/profile.d/conda.csh
no change     /home/users/delon/.bashrc
No action taken.
16
2941892
2941892
12.819566307711659 14.127914294371593
14149.0
5046629
5046629
12.819566307711659 14.378942698613438
63236.0
7009318
7009318
12.819566307711659 14.563896195875024
168537.0
7789952
7789952
12.819566307711659 14.814939783491363
239614.0
8843236
8843236
12.819566307711659 14.985255776732696
399840.0
9005916
9005916
12.819566307711659 14.997347060179015
439821.0
9133621
9133621
12.819566307711659 15.008770449937753
478599.0
9227073
9227073
12.819566307711659 15.03116599966066
516665.0
9291861
9291861
12.819566307711659 15.064045962864483
553041.0
9331406
9331406
12.819566307711659 15.176843384503739
587656.0
9348747
9348747
12.819566307711659 15.278685022725684
620555.0
9335672
9335672
12.819566307711659 15.38701588736157
680035.0
9273022
9273022
12.819566307711659 15.446459496594692
731916.0
9183641
9183641
12.819566307711659 15.501483759072945
777366.0
9080694
9080694
12.819566307711659 15.563326800389584
818086.0
9030491
9030491
12.819566307711659 15.603133542198808
835966.0
