prev {'d': 0.4128367006073975, 'e': 0.9592799350160865, 'f': 2.307941272942781, 'g': 1.2765889298086852}
Starting ML Fit
Box41_1400
       message: Optimization terminated successfully.
       success: True
        status: 0
           fun: 7155.931271892664
             x: [ 4.079e-01  9.369e-01  2.308e+00  1.276e+00]
           nit: 82
          nfev: 150
 final_simplex: (array([[ 4.079e-01,  9.369e-01,  2.308e+00,  1.276e+00],
                       [ 4.079e-01,  9.369e-01,  2.308e+00,  1.276e+00],
                       ...,
                       [ 4.079e-01,  9.369e-01,  2.308e+00,  1.276e+00],
                       [ 4.079e-01,  9.369e-01,  2.308e+00,  1.276e+00]]), array([ 7.156e+03,  7.156e+03,  7.156e+03,  7.156e+03,
                        7.156e+03]))
   param_names: ['d', 'e', 'f', 'g']
[0.40788188 0.93692864 2.30809351 1.2755303 ]
{'d': 0.40788188061203307, 'e': 0.93692864051303, 'f': 2.308093506906579, 'g': 1.2755302993711601}
Previous:  {'d': 0.4128367006073975, 'e': 0.9592799350160865, 'f': 2.307941272942781, 'g': 1.2765889298086852}
