Leaving out Box47_1400
alist [1.0, 0.953321, 0.866399, 0.787402, 0.715608, 0.65036, 0.620002, 0.591061, 0.563471, 0.537169, 0.512095, 0.488191, 0.403224, 0.366459]
Iter 1/250 - Loss: 2.7117
Iter 2/250 - Loss: 2.5644
Iter 3/250 - Loss: 2.4183
Iter 4/250 - Loss: 2.2554
Iter 5/250 - Loss: 2.0891
Iter 6/250 - Loss: 1.9218
Iter 7/250 - Loss: 1.7553
Iter 8/250 - Loss: 1.5886
Iter 9/250 - Loss: 1.4296
Iter 10/250 - Loss: 1.2769
Iter 11/250 - Loss: 1.1651
Iter 12/250 - Loss: 1.0806
Iter 13/250 - Loss: 1.0376
Iter 14/250 - Loss: 0.9590
Iter 15/250 - Loss: 0.8666
Iter 16/250 - Loss: 0.7823
Iter 17/250 - Loss: 0.7039
Iter 18/250 - Loss: 0.6393
Iter 19/250 - Loss: 0.6272
Iter 20/250 - Loss: 0.5844
Iter 21/250 - Loss: 0.5089
Iter 22/250 - Loss: 0.4282
Iter 23/250 - Loss: 0.3625
Iter 24/250 - Loss: 0.3100
Iter 25/250 - Loss: 0.2708
Iter 26/250 - Loss: 0.2193
Iter 27/250 - Loss: 0.1730
Iter 28/250 - Loss: 0.1182
Iter 29/250 - Loss: 0.0615
Iter 30/250 - Loss: 0.0095
Iter 31/250 - Loss: -0.0465
Iter 32/250 - Loss: -0.1023
Iter 33/250 - Loss: -0.1556
Iter 34/250 - Loss: -0.2109
Iter 35/250 - Loss: -0.2667
Iter 36/250 - Loss: -0.3202
Iter 37/250 - Loss: -0.3730
Iter 38/250 - Loss: -0.4260
Iter 39/250 - Loss: -0.4772
Iter 40/250 - Loss: -0.5270
Iter 41/250 - Loss: -0.5774
Iter 42/250 - Loss: -0.6277
Iter 43/250 - Loss: -0.6776
Iter 44/250 - Loss: -0.7279
Iter 45/250 - Loss: -0.7780
Iter 46/250 - Loss: -0.8279
Iter 47/250 - Loss: -0.8781
Iter 48/250 - Loss: -0.9281
Iter 49/250 - Loss: -0.9783
Iter 50/250 - Loss: -1.0269
Iter 51/250 - Loss: -1.0746
Iter 52/250 - Loss: -1.1226
Iter 53/250 - Loss: -1.1701
Iter 54/250 - Loss: -1.2175
Iter 55/250 - Loss: -1.2646
Iter 56/250 - Loss: -1.3123
Iter 57/250 - Loss: -1.3593
Iter 58/250 - Loss: -1.4059
Iter 59/250 - Loss: -1.4534
Iter 60/250 - Loss: -1.4992
Iter 61/250 - Loss: -1.5441
Iter 62/250 - Loss: -1.5880
Iter 63/250 - Loss: -1.6321
Iter 64/250 - Loss: -1.6763
Iter 65/250 - Loss: -1.7208
Iter 66/250 - Loss: -1.7612
Iter 67/250 - Loss: -1.7874
Iter 68/250 - Loss: -1.7917
Iter 69/250 - Loss: -1.8676
Iter 70/250 - Loss: -1.8795
Iter 71/250 - Loss: -1.9380
Iter 72/250 - Loss: -1.9815
Iter 73/250 - Loss: -2.0209
Iter 74/250 - Loss: -2.0689
Iter 75/250 - Loss: -2.0957
Iter 76/250 - Loss: -2.1328
Iter 77/250 - Loss: -2.1737
Iter 78/250 - Loss: -2.2082
Iter 79/250 - Loss: -2.2334
Iter 80/250 - Loss: -2.2645
Iter 81/250 - Loss: -2.2954
Iter 82/250 - Loss: -2.3287
Iter 83/250 - Loss: -2.3559
Iter 84/250 - Loss: -2.3823
Iter 85/250 - Loss: -2.4065
Iter 86/250 - Loss: -2.4348
Iter 87/250 - Loss: -2.4578
Iter 88/250 - Loss: -2.4824
Iter 89/250 - Loss: -2.5039
Iter 90/250 - Loss: -2.5240
Iter 91/250 - Loss: -2.5439
Iter 92/250 - Loss: -2.5653
Iter 93/250 - Loss: -2.5822
Iter 94/250 - Loss: -2.5986
Iter 95/250 - Loss: -2.6145
Iter 96/250 - Loss: -2.6318
Iter 97/250 - Loss: -2.6449
Iter 98/250 - Loss: -2.6585
Iter 99/250 - Loss: -2.6714
Iter 100/250 - Loss: -2.6844
Iter 101/250 - Loss: -2.6956
Iter 102/250 - Loss: -2.7055
Iter 103/250 - Loss: -2.7169
Iter 104/250 - Loss: -2.7260
Iter 105/250 - Loss: -2.7347
Iter 106/250 - Loss: -2.7436
Iter 107/250 - Loss: -2.7506
Iter 108/250 - Loss: -2.7529
Iter 109/250 - Loss: -2.7393
Iter 110/250 - Loss: -2.7279
Iter 111/250 - Loss: -2.7319
Iter 112/250 - Loss: -2.7603
Iter 113/250 - Loss: -2.7696
Iter 114/250 - Loss: -2.7682
Iter 115/250 - Loss: -2.7788
Iter 116/250 - Loss: -2.7899
Iter 117/250 - Loss: -2.7838
Iter 118/250 - Loss: -2.7965
Iter 119/250 - Loss: -2.8041
Iter 120/250 - Loss: -2.8016
Iter 121/250 - Loss: -2.8162
Iter 122/250 - Loss: -2.8133
Iter 123/250 - Loss: -2.8195
Iter 124/250 - Loss: -2.8275
Iter 125/250 - Loss: -2.8217
Iter 126/250 - Loss: -2.8327
Iter 127/250 - Loss: -2.8334
Iter 128/250 - Loss: -2.8351
Iter 129/250 - Loss: -2.8426
Iter 130/250 - Loss: -2.8407
Iter 131/250 - Loss: -2.8445
Iter 132/250 - Loss: -2.8471
Iter 133/250 - Loss: -2.8500
Iter 134/250 - Loss: -2.8530
Iter 135/250 - Loss: -2.8545
Iter 136/250 - Loss: -2.8571
Iter 137/250 - Loss: -2.8579
Iter 138/250 - Loss: -2.8619
Iter 139/250 - Loss: -2.8623
Iter 140/250 - Loss: -2.8653
Iter 141/250 - Loss: -2.8660
Iter 142/250 - Loss: -2.8683
Iter 143/250 - Loss: -2.8700
Iter 144/250 - Loss: -2.8714
Iter 145/250 - Loss: -2.8729
Iter 146/250 - Loss: -2.8739
Iter 147/250 - Loss: -2.8743
Iter 148/250 - Loss: -2.8765
Iter 149/250 - Loss: -2.8786
Iter 150/250 - Loss: -2.8802
Iter 151/250 - Loss: -2.8808
Iter 152/250 - Loss: -2.8816
Iter 153/250 - Loss: -2.8832
Iter 154/250 - Loss: -2.8839
Iter 155/250 - Loss: -2.8842
Iter 156/250 - Loss: -2.8816
Iter 157/250 - Loss: -2.8692
Iter 158/250 - Loss: -2.8611
Iter 159/250 - Loss: -2.8684
Iter 160/250 - Loss: -2.8889
Iter 161/250 - Loss: -2.8749
Iter 162/250 - Loss: -2.8891
Iter 163/250 - Loss: -2.8820
Iter 164/250 - Loss: -2.8908
Iter 165/250 - Loss: -2.8856
Iter 166/250 - Loss: -2.8890
Iter 167/250 - Loss: -2.8899
Iter 168/250 - Loss: -2.8881
Iter 169/250 - Loss: -2.8921
Iter 170/250 - Loss: -2.8913
Iter 171/250 - Loss: -2.8912
Iter 172/250 - Loss: -2.8932
Iter 173/250 - Loss: -2.8924
Iter 174/250 - Loss: -2.8924
Iter 175/250 - Loss: -2.8955
Iter 176/250 - Loss: -2.8953
Iter 177/250 - Loss: -2.8968
Iter 178/250 - Loss: -2.8980
Iter 179/250 - Loss: -2.8962
Iter 180/250 - Loss: -2.8963
Iter 181/250 - Loss: -2.8965
Iter 182/250 - Loss: -2.9003
Iter 183/250 - Loss: -2.9010
Iter 184/250 - Loss: -2.9011
Iter 185/250 - Loss: -2.9019
Iter 186/250 - Loss: -2.9043
Iter 187/250 - Loss: -2.9022
Iter 188/250 - Loss: -2.9024
Iter 189/250 - Loss: -2.9045
Iter 190/250 - Loss: -2.9059
Iter 191/250 - Loss: -2.9050
Iter 192/250 - Loss: -2.9065
Iter 193/250 - Loss: -2.9080
Iter 194/250 - Loss: -2.9059
Iter 195/250 - Loss: -2.9072
Iter 196/250 - Loss: -2.9059
Iter 197/250 - Loss: -2.8957
Iter 198/250 - Loss: -2.8679
Iter 199/250 - Loss: -2.8205
Iter 200/250 - Loss: -2.8806
Iter 201/250 - Loss: -2.8677
Iter 202/250 - Loss: -2.9030
Iter 203/250 - Loss: -2.8873
Iter 204/250 - Loss: -2.8840
Iter 205/250 - Loss: -2.8860
Iter 206/250 - Loss: -2.8914
Iter 207/250 - Loss: -2.8897
Iter 208/250 - Loss: -2.8843
Iter 209/250 - Loss: -2.8824
Iter 210/250 - Loss: -2.8813
Iter 211/250 - Loss: -2.8814
Iter 212/250 - Loss: -2.8837
Iter 213/250 - Loss: -2.8875
Iter 214/250 - Loss: -2.8888
Iter 215/250 - Loss: -2.8920
Iter 216/250 - Loss: -2.8969
Iter 217/250 - Loss: -2.8964
Iter 218/250 - Loss: -2.8964
Iter 219/250 - Loss: -2.8991
Iter 220/250 - Loss: -2.9040
Iter 221/250 - Loss: -2.9049
Iter 222/250 - Loss: -2.9050
Iter 223/250 - Loss: -2.9060
Iter 224/250 - Loss: -2.9081
Iter 225/250 - Loss: -2.9107
Iter 226/250 - Loss: -2.9096
Iter 227/250 - Loss: -2.9112
Iter 228/250 - Loss: -2.9131
Iter 229/250 - Loss: -2.9115
Iter 230/250 - Loss: -2.9145
Iter 231/250 - Loss: -2.9137
Iter 232/250 - Loss: -2.9161
Iter 233/250 - Loss: -2.9153
Iter 234/250 - Loss: -2.9176
Iter 235/250 - Loss: -2.9161
Iter 236/250 - Loss: -2.9187
Iter 237/250 - Loss: -2.9179
Iter 238/250 - Loss: -2.9175
Iter 239/250 - Loss: -2.9194
Iter 240/250 - Loss: -2.9204
Iter 241/250 - Loss: -2.9202
Iter 242/250 - Loss: -2.9181
Iter 243/250 - Loss: -2.9095
Iter 244/250 - Loss: -2.8728
Iter 245/250 - Loss: -2.8164
Iter 246/250 - Loss: -2.8809
Iter 247/250 - Loss: -2.8630
Iter 248/250 - Loss: -2.8738
Iter 249/250 - Loss: -2.8991
Iter 250/250 - Loss: -2.8745
now training with smaller learning rate
Iter 1/250 - Loss: -2.8726
Iter 2/250 - Loss: -2.8877
Iter 3/250 - Loss: -2.8956
Iter 4/250 - Loss: -2.8998
Iter 5/250 - Loss: -2.9019
Iter 6/250 - Loss: -2.9035
Iter 7/250 - Loss: -2.9057
Iter 8/250 - Loss: -2.9079
Iter 9/250 - Loss: -2.9102
Iter 10/250 - Loss: -2.9124
Iter 11/250 - Loss: -2.9152
Iter 12/250 - Loss: -2.9169
Iter 13/250 - Loss: -2.9170
Iter 14/250 - Loss: -2.9179
Iter 15/250 - Loss: -2.9182
Iter 16/250 - Loss: -2.9190
Iter 17/250 - Loss: -2.9194
Iter 18/250 - Loss: -2.9202
Iter 19/250 - Loss: -2.9215
Iter 20/250 - Loss: -2.9231
Iter 21/250 - Loss: -2.9238
Iter 22/250 - Loss: -2.9242
Iter 23/250 - Loss: -2.9241
Iter 24/250 - Loss: -2.9245
Iter 25/250 - Loss: -2.9251
Iter 26/250 - Loss: -2.9260
Iter 27/250 - Loss: -2.9269
Iter 28/250 - Loss: -2.9276
Iter 29/250 - Loss: -2.9278
Iter 30/250 - Loss: -2.9279
Iter 31/250 - Loss: -2.9283
Iter 32/250 - Loss: -2.9289
Iter 33/250 - Loss: -2.9297
Iter 34/250 - Loss: -2.9304
Iter 35/250 - Loss: -2.9307
Iter 36/250 - Loss: -2.9307
Iter 37/250 - Loss: -2.9310
Iter 38/250 - Loss: -2.9314
Iter 39/250 - Loss: -2.9319
Iter 40/250 - Loss: -2.9325
Iter 41/250 - Loss: -2.9330
Iter 42/250 - Loss: -2.9335
Iter 43/250 - Loss: -2.9337
Iter 44/250 - Loss: -2.9339
Iter 45/250 - Loss: -2.9344
Iter 46/250 - Loss: -2.9348
Iter 47/250 - Loss: -2.9351
Iter 48/250 - Loss: -2.9353
Iter 49/250 - Loss: -2.9359
Iter 50/250 - Loss: -2.9360
Iter 51/250 - Loss: -2.9364
Iter 52/250 - Loss: -2.9367
Iter 53/250 - Loss: -2.9370
Iter 54/250 - Loss: -2.9372
Iter 55/250 - Loss: -2.9375
Iter 56/250 - Loss: -2.9378
Iter 57/250 - Loss: -2.9382
Iter 58/250 - Loss: -2.9383
Iter 59/250 - Loss: -2.9387
Iter 60/250 - Loss: -2.9389
Iter 61/250 - Loss: -2.9391
Iter 62/250 - Loss: -2.9393
Iter 63/250 - Loss: -2.9395
Iter 64/250 - Loss: -2.9399
Iter 65/250 - Loss: -2.9402
Iter 66/250 - Loss: -2.9403
Iter 67/250 - Loss: -2.9406
Iter 68/250 - Loss: -2.9410
Iter 69/250 - Loss: -2.9411
Iter 70/250 - Loss: -2.9415
Iter 71/250 - Loss: -2.9416
Iter 72/250 - Loss: -2.9419
Iter 73/250 - Loss: -2.9422
Iter 74/250 - Loss: -2.9423
Iter 75/250 - Loss: -2.9425
Iter 76/250 - Loss: -2.9430
Iter 77/250 - Loss: -2.9432
Iter 78/250 - Loss: -2.9435
Iter 79/250 - Loss: -2.9437
Iter 80/250 - Loss: -2.9440
Iter 81/250 - Loss: -2.9440
Iter 82/250 - Loss: -2.9441
Iter 83/250 - Loss: -2.9443
Iter 84/250 - Loss: -2.9446
Iter 85/250 - Loss: -2.9450
Iter 86/250 - Loss: -2.9452
Iter 87/250 - Loss: -2.9452
Iter 88/250 - Loss: -2.9454
Iter 89/250 - Loss: -2.9457
Iter 90/250 - Loss: -2.9460
Iter 91/250 - Loss: -2.9462
Iter 92/250 - Loss: -2.9463
Iter 93/250 - Loss: -2.9465
Iter 94/250 - Loss: -2.9464
Iter 95/250 - Loss: -2.9463
Iter 96/250 - Loss: -2.9467
Iter 97/250 - Loss: -2.9472
Iter 98/250 - Loss: -2.9473
Iter 99/250 - Loss: -2.9472
Iter 100/250 - Loss: -2.9475
Iter 101/250 - Loss: -2.9478
Iter 102/250 - Loss: -2.9478
Iter 103/250 - Loss: -2.9480
Iter 104/250 - Loss: -2.9485
Iter 105/250 - Loss: -2.9487
Iter 106/250 - Loss: -2.9487
Iter 107/250 - Loss: -2.9490
Iter 108/250 - Loss: -2.9492
Iter 109/250 - Loss: -2.9491
Iter 110/250 - Loss: -2.9492
Iter 111/250 - Loss: -2.9495
Iter 112/250 - Loss: -2.9496
Iter 113/250 - Loss: -2.9496
Iter 114/250 - Loss: -2.9500
Iter 115/250 - Loss: -2.9505
Iter 116/250 - Loss: -2.9505
Iter 117/250 - Loss: -2.9505
Iter 118/250 - Loss: -2.9507
Iter 119/250 - Loss: -2.9509
Iter 120/250 - Loss: -2.9509
Iter 121/250 - Loss: -2.9509
Iter 122/250 - Loss: -2.9509
Iter 123/250 - Loss: -2.9513
Iter 124/250 - Loss: -2.9515
Iter 125/250 - Loss: -2.9516
Iter 126/250 - Loss: -2.9519
Iter 127/250 - Loss: -2.9522
Iter 128/250 - Loss: -2.9526
Iter 129/250 - Loss: -2.9526
Iter 130/250 - Loss: -2.9526
Iter 131/250 - Loss: -2.9525
Iter 132/250 - Loss: -2.9527
Iter 133/250 - Loss: -2.9529
Iter 134/250 - Loss: -2.9530
Iter 135/250 - Loss: -2.9526
Iter 136/250 - Loss: -2.9523
Iter 137/250 - Loss: -2.9528
Iter 138/250 - Loss: -2.9537
Iter 139/250 - Loss: -2.9536
Iter 140/250 - Loss: -2.9533
Iter 141/250 - Loss: -2.9541
Iter 142/250 - Loss: -2.9545
Iter 143/250 - Loss: -2.9542
Iter 144/250 - Loss: -2.9544
Iter 145/250 - Loss: -2.9548
Iter 146/250 - Loss: -2.9547
Iter 147/250 - Loss: -2.9546
Iter 148/250 - Loss: -2.9549
Iter 149/250 - Loss: -2.9547
Iter 150/250 - Loss: -2.9544
Iter 151/250 - Loss: -2.9547
Iter 152/250 - Loss: -2.9553
Iter 153/250 - Loss: -2.9557
Iter 154/250 - Loss: -2.9560
Iter 155/250 - Loss: -2.9561
Iter 156/250 - Loss: -2.9559
Iter 157/250 - Loss: -2.9558
Iter 158/250 - Loss: -2.9562
Iter 159/250 - Loss: -2.9567
Iter 160/250 - Loss: -2.9569
Iter 161/250 - Loss: -2.9570
Iter 162/250 - Loss: -2.9569
Iter 163/250 - Loss: -2.9568
Iter 164/250 - Loss: -2.9568
Iter 165/250 - Loss: -2.9571
Iter 166/250 - Loss: -2.9576
Iter 167/250 - Loss: -2.9579
Iter 168/250 - Loss: -2.9579
Iter 169/250 - Loss: -2.9578
Iter 170/250 - Loss: -2.9579
Iter 171/250 - Loss: -2.9580
Iter 172/250 - Loss: -2.9581
Iter 173/250 - Loss: -2.9580
Iter 174/250 - Loss: -2.9577
Iter 175/250 - Loss: -2.9571
Iter 176/250 - Loss: -2.9566
Iter 177/250 - Loss: -2.9568
Iter 178/250 - Loss: -2.9579
Iter 179/250 - Loss: -2.9589
Iter 180/250 - Loss: -2.9589
Iter 181/250 - Loss: -2.9588
Iter 182/250 - Loss: -2.9590
Iter 183/250 - Loss: -2.9590
Iter 184/250 - Loss: -2.9594
Iter 185/250 - Loss: -2.9600
Iter 186/250 - Loss: -2.9597
Iter 187/250 - Loss: -2.9595
Iter 188/250 - Loss: -2.9601
Iter 189/250 - Loss: -2.9605
Iter 190/250 - Loss: -2.9603
Iter 191/250 - Loss: -2.9603
Iter 192/250 - Loss: -2.9606
Iter 193/250 - Loss: -2.9608
Iter 194/250 - Loss: -2.9611
Iter 195/250 - Loss: -2.9612
Iter 196/250 - Loss: -2.9611
Iter 197/250 - Loss: -2.9610
Iter 198/250 - Loss: -2.9613
Iter 199/250 - Loss: -2.9616
Iter 200/250 - Loss: -2.9617
Iter 201/250 - Loss: -2.9616
Iter 202/250 - Loss: -2.9613
Iter 203/250 - Loss: -2.9606
Iter 204/250 - Loss: -2.9595
Iter 205/250 - Loss: -2.9599
Iter 206/250 - Loss: -2.9618
Iter 207/250 - Loss: -2.9610
Iter 208/250 - Loss: -2.9583
Iter 209/250 - Loss: -2.9582
Iter 210/250 - Loss: -2.9600
Iter 211/250 - Loss: -2.9615
Iter 212/250 - Loss: -2.9620
Iter 213/250 - Loss: -2.9610
Iter 214/250 - Loss: -2.9620
Iter 215/250 - Loss: -2.9628
Iter 216/250 - Loss: -2.9617
Iter 217/250 - Loss: -2.9632
Iter 218/250 - Loss: -2.9627
Iter 219/250 - Loss: -2.9629
Iter 220/250 - Loss: -2.9636
Iter 221/250 - Loss: -2.9629
Iter 222/250 - Loss: -2.9638
Iter 223/250 - Loss: -2.9636
Iter 224/250 - Loss: -2.9637
Iter 225/250 - Loss: -2.9642
Iter 226/250 - Loss: -2.9641
Iter 227/250 - Loss: -2.9642
Iter 228/250 - Loss: -2.9645
Iter 229/250 - Loss: -2.9646
Iter 230/250 - Loss: -2.9645
Iter 231/250 - Loss: -2.9650
Iter 232/250 - Loss: -2.9651
Iter 233/250 - Loss: -2.9649
Iter 234/250 - Loss: -2.9652
Iter 235/250 - Loss: -2.9655
Iter 236/250 - Loss: -2.9654
Iter 237/250 - Loss: -2.9655
Iter 238/250 - Loss: -2.9657
Iter 239/250 - Loss: -2.9659
Iter 240/250 - Loss: -2.9660
Iter 241/250 - Loss: -2.9661
Iter 242/250 - Loss: -2.9659
Iter 243/250 - Loss: -2.9655
Iter 244/250 - Loss: -2.9645
Iter 245/250 - Loss: -2.9621
Iter 246/250 - Loss: -2.9589
Iter 247/250 - Loss: -2.9593
Iter 248/250 - Loss: -2.9638
Iter 249/250 - Loss: -2.9655
Iter 250/250 - Loss: -2.9641
