alist [1.0, 0.953321, 0.866399, 0.787402, 0.715608, 0.65036, 0.620002, 0.591061, 0.563471, 0.537169, 0.512095, 0.488191, 0.403224, 0.366459]
Leaving out Box32_1400
Iter 1/500 - Loss: 4.8703
Iter 2/500 - Loss: 4.4822
Iter 3/500 - Loss: 4.0592
Iter 4/500 - Loss: 3.7105
Iter 5/500 - Loss: 3.3576
Iter 6/500 - Loss: 3.0414
Iter 7/500 - Loss: 2.7469
Iter 8/500 - Loss: 2.4766
Iter 9/500 - Loss: 2.2240
Iter 10/500 - Loss: 1.9901
Iter 11/500 - Loss: 1.7726
Iter 12/500 - Loss: 1.5703
Iter 13/500 - Loss: 1.3825
Iter 14/500 - Loss: 1.2080
Iter 15/500 - Loss: 1.0459
Iter 16/500 - Loss: 0.8949
Iter 17/500 - Loss: 0.7554
Iter 18/500 - Loss: 0.6288
Iter 19/500 - Loss: 0.5164
Iter 20/500 - Loss: 0.4167
Iter 21/500 - Loss: 0.3269
Iter 22/500 - Loss: 0.2449
Iter 23/500 - Loss: 0.1695
Iter 24/500 - Loss: 0.0995
Iter 25/500 - Loss: 0.0334
Iter 26/500 - Loss: -0.0297
Iter 27/500 - Loss: -0.0901
Iter 28/500 - Loss: -0.1486
Iter 29/500 - Loss: -0.2054
Iter 30/500 - Loss: -0.2601
Iter 31/500 - Loss: -0.3137
Iter 32/500 - Loss: -0.3657
Iter 33/500 - Loss: -0.4163
Iter 34/500 - Loss: -0.4665
Iter 35/500 - Loss: -0.5159
Iter 36/500 - Loss: -0.5656
Iter 37/500 - Loss: -0.6145
Iter 38/500 - Loss: -0.6635
Iter 39/500 - Loss: -0.7113
Iter 40/500 - Loss: -0.7588
Iter 41/500 - Loss: -0.8048
Iter 42/500 - Loss: -0.8508
Iter 43/500 - Loss: -0.8958
Iter 44/500 - Loss: -0.9411
Iter 45/500 - Loss: -0.9861
Iter 46/500 - Loss: -1.0318
Iter 47/500 - Loss: -1.0775
Iter 48/500 - Loss: -1.1239
Iter 49/500 - Loss: -1.1707
Iter 50/500 - Loss: -1.2184
Iter 51/500 - Loss: -1.2666
Iter 52/500 - Loss: -1.3151
Iter 53/500 - Loss: -1.3637
Iter 54/500 - Loss: -1.4130
Iter 55/500 - Loss: -1.4638
Iter 56/500 - Loss: -1.5151
Iter 57/500 - Loss: -1.5657
Iter 58/500 - Loss: -1.6138
Iter 59/500 - Loss: -1.6590
Iter 60/500 - Loss: -1.7015
Iter 61/500 - Loss: -1.7420
Iter 62/500 - Loss: -1.7817
Iter 63/500 - Loss: -1.8212
Iter 64/500 - Loss: -1.8608
Iter 65/500 - Loss: -1.9008
Iter 66/500 - Loss: -1.9412
Iter 67/500 - Loss: -1.9816
Iter 68/500 - Loss: -2.0220
Iter 69/500 - Loss: -2.0620
Iter 70/500 - Loss: -2.1012
Iter 71/500 - Loss: -2.1391
Iter 72/500 - Loss: -2.1776
Iter 73/500 - Loss: -2.2139
Iter 74/500 - Loss: -2.2485
Iter 75/500 - Loss: -2.2825
Iter 76/500 - Loss: -2.3136
Iter 77/500 - Loss: -2.3443
Iter 78/500 - Loss: -2.3725
Iter 79/500 - Loss: -2.4007
Iter 80/500 - Loss: -2.4267
Iter 81/500 - Loss: -2.4525
Iter 82/500 - Loss: -2.4763
Iter 83/500 - Loss: -2.4991
Iter 84/500 - Loss: -2.5197
Iter 85/500 - Loss: -2.5391
Iter 86/500 - Loss: -2.5569
Iter 87/500 - Loss: -2.5735
Iter 88/500 - Loss: -2.5893
Iter 89/500 - Loss: -2.6040
Iter 90/500 - Loss: -2.6184
Iter 91/500 - Loss: -2.6320
Iter 92/500 - Loss: -2.6451
Iter 93/500 - Loss: -2.6574
Iter 94/500 - Loss: -2.6691
Iter 95/500 - Loss: -2.6800
Iter 96/500 - Loss: -2.6901
Iter 97/500 - Loss: -2.6996
Iter 98/500 - Loss: -2.7084
Iter 99/500 - Loss: -2.7169
Iter 100/500 - Loss: -2.7248
Iter 101/500 - Loss: -2.7324
Iter 102/500 - Loss: -2.7396
Iter 103/500 - Loss: -2.7462
Iter 104/500 - Loss: -2.7524
Iter 105/500 - Loss: -2.7582
Iter 106/500 - Loss: -2.7636
Iter 107/500 - Loss: -2.7686
Iter 108/500 - Loss: -2.7733
Iter 109/500 - Loss: -2.7778
Iter 110/500 - Loss: -2.7822
Iter 111/500 - Loss: -2.7863
Iter 112/500 - Loss: -2.7901
Iter 113/500 - Loss: -2.7937
Iter 114/500 - Loss: -2.7972
Iter 115/500 - Loss: -2.8005
Iter 116/500 - Loss: -2.8035
Iter 117/500 - Loss: -2.8064
Iter 118/500 - Loss: -2.8092
Iter 119/500 - Loss: -2.8118
Iter 120/500 - Loss: -2.8143
Iter 121/500 - Loss: -2.8167
Iter 122/500 - Loss: -2.8189
Iter 123/500 - Loss: -2.8210
Iter 124/500 - Loss: -2.8231
Iter 125/500 - Loss: -2.8251
Iter 126/500 - Loss: -2.8269
Iter 127/500 - Loss: -2.8287
Iter 128/500 - Loss: -2.8305
Iter 129/500 - Loss: -2.8322
Iter 130/500 - Loss: -2.8338
Iter 131/500 - Loss: -2.8354
Iter 132/500 - Loss: -2.8369
Iter 133/500 - Loss: -2.8384
Iter 134/500 - Loss: -2.8398
Iter 135/500 - Loss: -2.8411
Iter 136/500 - Loss: -2.8424
Iter 137/500 - Loss: -2.8436
Iter 138/500 - Loss: -2.8449
Iter 139/500 - Loss: -2.8461
Iter 140/500 - Loss: -2.8473
Iter 141/500 - Loss: -2.8484
Iter 142/500 - Loss: -2.8495
Iter 143/500 - Loss: -2.8505
Iter 144/500 - Loss: -2.8516
Iter 145/500 - Loss: -2.8526
Iter 146/500 - Loss: -2.8536
Iter 147/500 - Loss: -2.8545
Iter 148/500 - Loss: -2.8555
Iter 149/500 - Loss: -2.8565
Iter 150/500 - Loss: -2.8574
Iter 151/500 - Loss: -2.8584
Iter 152/500 - Loss: -2.8593
Iter 153/500 - Loss: -2.8602
Iter 154/500 - Loss: -2.8611
Iter 155/500 - Loss: -2.8622
Iter 156/500 - Loss: -2.8633
Iter 157/500 - Loss: -2.8644
Iter 158/500 - Loss: -2.8655
Iter 159/500 - Loss: -2.8667
Iter 160/500 - Loss: -2.8677
Iter 161/500 - Loss: -2.8687
Iter 162/500 - Loss: -2.8696
Iter 163/500 - Loss: -2.8705
Iter 164/500 - Loss: -2.8713
Iter 165/500 - Loss: -2.8721
Iter 166/500 - Loss: -2.8729
Iter 167/500 - Loss: -2.8736
Iter 168/500 - Loss: -2.8744
Iter 169/500 - Loss: -2.8752
Iter 170/500 - Loss: -2.8761
Iter 171/500 - Loss: -2.8769
Iter 172/500 - Loss: -2.8777
Iter 173/500 - Loss: -2.8785
Iter 174/500 - Loss: -2.8791
Iter 175/500 - Loss: -2.8798
Iter 176/500 - Loss: -2.8805
Iter 177/500 - Loss: -2.8811
Iter 178/500 - Loss: -2.8818
Iter 179/500 - Loss: -2.8824
Iter 180/500 - Loss: -2.8830
Iter 181/500 - Loss: -2.8837
Iter 182/500 - Loss: -2.8843
Iter 183/500 - Loss: -2.8849
Iter 184/500 - Loss: -2.8855
Iter 185/500 - Loss: -2.8860
Iter 186/500 - Loss: -2.8865
Iter 187/500 - Loss: -2.8871
Iter 188/500 - Loss: -2.8876
Iter 189/500 - Loss: -2.8881
Iter 190/500 - Loss: -2.8886
Iter 191/500 - Loss: -2.8890
Iter 192/500 - Loss: -2.8895
Iter 193/500 - Loss: -2.8899
Iter 194/500 - Loss: -2.8904
Iter 195/500 - Loss: -2.8909
Iter 196/500 - Loss: -2.8914
Iter 197/500 - Loss: -2.8918
Iter 198/500 - Loss: -2.8921
Iter 199/500 - Loss: -2.8926
Iter 200/500 - Loss: -2.8930
Iter 201/500 - Loss: -2.8934
Iter 202/500 - Loss: -2.8937
Iter 203/500 - Loss: -2.8941
Iter 204/500 - Loss: -2.8945
Iter 205/500 - Loss: -2.8948
Iter 206/500 - Loss: -2.8952
Iter 207/500 - Loss: -2.8955
Iter 208/500 - Loss: -2.8958
Iter 209/500 - Loss: -2.8962
Iter 210/500 - Loss: -2.8965
Iter 211/500 - Loss: -2.8968
Iter 212/500 - Loss: -2.8971
Iter 213/500 - Loss: -2.8974
Iter 214/500 - Loss: -2.8977
Iter 215/500 - Loss: -2.8979
Iter 216/500 - Loss: -2.8982
Iter 217/500 - Loss: -2.8985
Iter 218/500 - Loss: -2.8988
Iter 219/500 - Loss: -2.8990
Iter 220/500 - Loss: -2.8993
Iter 221/500 - Loss: -2.8996
Iter 222/500 - Loss: -2.8998
Iter 223/500 - Loss: -2.9001
Iter 224/500 - Loss: -2.9003
Iter 225/500 - Loss: -2.9005
Iter 226/500 - Loss: -2.9008
Iter 227/500 - Loss: -2.9010
Iter 228/500 - Loss: -2.9013
Iter 229/500 - Loss: -2.9015
Iter 230/500 - Loss: -2.9017
Iter 231/500 - Loss: -2.9019
Iter 232/500 - Loss: -2.9021
Iter 233/500 - Loss: -2.9024
Iter 234/500 - Loss: -2.9026
Iter 235/500 - Loss: -2.9028
Iter 236/500 - Loss: -2.9030
Iter 237/500 - Loss: -2.9032
Iter 238/500 - Loss: -2.9034
Iter 239/500 - Loss: -2.9036
Iter 240/500 - Loss: -2.9038
Iter 241/500 - Loss: -2.9040
Iter 242/500 - Loss: -2.9042
Iter 243/500 - Loss: -2.9044
Iter 244/500 - Loss: -2.9046
Iter 245/500 - Loss: -2.9047
Iter 246/500 - Loss: -2.9049
Iter 247/500 - Loss: -2.9051
Iter 248/500 - Loss: -2.9053
Iter 249/500 - Loss: -2.9055
Iter 250/500 - Loss: -2.9056
Iter 251/500 - Loss: -2.9058
Iter 252/500 - Loss: -2.9060
Iter 253/500 - Loss: -2.9061
Iter 254/500 - Loss: -2.9063
Iter 255/500 - Loss: -2.9065
Iter 256/500 - Loss: -2.9066
Iter 257/500 - Loss: -2.9068
Iter 258/500 - Loss: -2.9069
Iter 259/500 - Loss: -2.9071
Iter 260/500 - Loss: -2.9073
Iter 261/500 - Loss: -2.9074
Iter 262/500 - Loss: -2.9076
Iter 263/500 - Loss: -2.9077
Iter 264/500 - Loss: -2.9079
Iter 265/500 - Loss: -2.9080
Iter 266/500 - Loss: -2.9082
Iter 267/500 - Loss: -2.9083
Iter 268/500 - Loss: -2.9084
Iter 269/500 - Loss: -2.9086
Iter 270/500 - Loss: -2.9087
Iter 271/500 - Loss: -2.9089
Iter 272/500 - Loss: -2.9090
Iter 273/500 - Loss: -2.9091
Iter 274/500 - Loss: -2.9092
Iter 275/500 - Loss: -2.9093
Iter 276/500 - Loss: -2.9094
Iter 277/500 - Loss: -2.9096
Iter 278/500 - Loss: -2.9098
Iter 279/500 - Loss: -2.9099
Iter 280/500 - Loss: -2.9100
Iter 281/500 - Loss: -2.9102
Iter 282/500 - Loss: -2.9103
Iter 283/500 - Loss: -2.9104
Iter 284/500 - Loss: -2.9105
Iter 285/500 - Loss: -2.9106
Iter 286/500 - Loss: -2.9107
Iter 287/500 - Loss: -2.9109
Iter 288/500 - Loss: -2.9110
Iter 289/500 - Loss: -2.9111
Iter 290/500 - Loss: -2.9112
Iter 291/500 - Loss: -2.9113
Iter 292/500 - Loss: -2.9115
Iter 293/500 - Loss: -2.9116
Iter 294/500 - Loss: -2.9117
Iter 295/500 - Loss: -2.9118
Iter 296/500 - Loss: -2.9119
Iter 297/500 - Loss: -2.9120
Iter 298/500 - Loss: -2.9121
Iter 299/500 - Loss: -2.9122
Iter 300/500 - Loss: -2.9123
Iter 301/500 - Loss: -2.9124
Iter 302/500 - Loss: -2.9125
Iter 303/500 - Loss: -2.9126
Iter 304/500 - Loss: -2.9127
Iter 305/500 - Loss: -2.9128
Iter 306/500 - Loss: -2.9129
Iter 307/500 - Loss: -2.9130
Iter 308/500 - Loss: -2.9131
Iter 309/500 - Loss: -2.9132
Iter 310/500 - Loss: -2.9133
Iter 311/500 - Loss: -2.9134
Iter 312/500 - Loss: -2.9135
Iter 313/500 - Loss: -2.9136
Iter 314/500 - Loss: -2.9137
Iter 315/500 - Loss: -2.9138
Iter 316/500 - Loss: -2.9139
Iter 317/500 - Loss: -2.9140
Iter 318/500 - Loss: -2.9141
Iter 319/500 - Loss: -2.9142
Iter 320/500 - Loss: -2.9143
Iter 321/500 - Loss: -2.9143
Iter 322/500 - Loss: -2.9144
Iter 323/500 - Loss: -2.9145
Iter 324/500 - Loss: -2.9146
Iter 325/500 - Loss: -2.9147
Iter 326/500 - Loss: -2.9148
Iter 327/500 - Loss: -2.9149
Iter 328/500 - Loss: -2.9149
Iter 329/500 - Loss: -2.9150
Iter 330/500 - Loss: -2.9151
Iter 331/500 - Loss: -2.9152
Iter 332/500 - Loss: -2.9153
Iter 333/500 - Loss: -2.9153
Iter 334/500 - Loss: -2.9154
Iter 335/500 - Loss: -2.9155
Iter 336/500 - Loss: -2.9156
Iter 337/500 - Loss: -2.9157
Iter 338/500 - Loss: -2.9157
Iter 339/500 - Loss: -2.9158
Iter 340/500 - Loss: -2.9159
Iter 341/500 - Loss: -2.9160
Iter 342/500 - Loss: -2.9160
Iter 343/500 - Loss: -2.9161
Iter 344/500 - Loss: -2.9162
Iter 345/500 - Loss: -2.9162
Iter 346/500 - Loss: -2.9163
Iter 347/500 - Loss: -2.9164
Iter 348/500 - Loss: -2.9165
Iter 349/500 - Loss: -2.9165
Iter 350/500 - Loss: -2.9166
Iter 351/500 - Loss: -2.9167
Iter 352/500 - Loss: -2.9168
Iter 353/500 - Loss: -2.9168
Iter 354/500 - Loss: -2.9169
Iter 355/500 - Loss: -2.9170
Iter 356/500 - Loss: -2.9171
Iter 357/500 - Loss: -2.9171
Iter 358/500 - Loss: -2.9172
Iter 359/500 - Loss: -2.9173
Iter 360/500 - Loss: -2.9173
Iter 361/500 - Loss: -2.9174
Iter 362/500 - Loss: -2.9175
Iter 363/500 - Loss: -2.9176
Iter 364/500 - Loss: -2.9176
Iter 365/500 - Loss: -2.9177
Iter 366/500 - Loss: -2.9178
Iter 367/500 - Loss: -2.9178
Iter 368/500 - Loss: -2.9179
Iter 369/500 - Loss: -2.9180
Iter 370/500 - Loss: -2.9180
Iter 371/500 - Loss: -2.9181
Iter 372/500 - Loss: -2.9182
Iter 373/500 - Loss: -2.9183
Iter 374/500 - Loss: -2.9183
Iter 375/500 - Loss: -2.9184
Iter 376/500 - Loss: -2.9185
Iter 377/500 - Loss: -2.9186
Iter 378/500 - Loss: -2.9186
Iter 379/500 - Loss: -2.9187
Iter 380/500 - Loss: -2.9188
Iter 381/500 - Loss: -2.9189
Iter 382/500 - Loss: -2.9190
Iter 383/500 - Loss: -2.9191
Iter 384/500 - Loss: -2.9191
Iter 385/500 - Loss: -2.9192
Iter 386/500 - Loss: -2.9193
Iter 387/500 - Loss: -2.9194
Iter 388/500 - Loss: -2.9195
Iter 389/500 - Loss: -2.9195
Iter 390/500 - Loss: -2.9196
Iter 391/500 - Loss: -2.9197
Iter 392/500 - Loss: -2.9197
Iter 393/500 - Loss: -2.9198
Iter 394/500 - Loss: -2.9199
Iter 395/500 - Loss: -2.9199
Iter 396/500 - Loss: -2.9200
Iter 397/500 - Loss: -2.9201
Iter 398/500 - Loss: -2.9201
Iter 399/500 - Loss: -2.9201
Iter 400/500 - Loss: -2.9201
Iter 401/500 - Loss: -2.9201
Iter 402/500 - Loss: -2.9201
Iter 403/500 - Loss: -2.9201
Iter 404/500 - Loss: -2.9203
Iter 405/500 - Loss: -2.9206
Iter 406/500 - Loss: -2.9206
Iter 407/500 - Loss: -2.9206
Iter 408/500 - Loss: -2.9207
Iter 409/500 - Loss: -2.9208
Iter 410/500 - Loss: -2.9209
Iter 411/500 - Loss: -2.9210
Iter 412/500 - Loss: -2.9210
Iter 413/500 - Loss: -2.9212
Iter 414/500 - Loss: -2.9212
Iter 415/500 - Loss: -2.9213
Iter 416/500 - Loss: -2.9213
Iter 417/500 - Loss: -2.9215
Iter 418/500 - Loss: -2.9216
Iter 419/500 - Loss: -2.9216
Iter 420/500 - Loss: -2.9217
Iter 421/500 - Loss: -2.9218
Iter 422/500 - Loss: -2.9219
Iter 423/500 - Loss: -2.9220
Iter 424/500 - Loss: -2.9221
Iter 425/500 - Loss: -2.9222
Iter 426/500 - Loss: -2.9223
Iter 427/500 - Loss: -2.9224
Iter 428/500 - Loss: -2.9225
Iter 429/500 - Loss: -2.9226
Iter 430/500 - Loss: -2.9227
Iter 431/500 - Loss: -2.9228
Iter 432/500 - Loss: -2.9229
Iter 433/500 - Loss: -2.9230
Iter 434/500 - Loss: -2.9231
Iter 435/500 - Loss: -2.9232
Iter 436/500 - Loss: -2.9233
Iter 437/500 - Loss: -2.9234
Iter 438/500 - Loss: -2.9235
Iter 439/500 - Loss: -2.9236
Iter 440/500 - Loss: -2.9237
Iter 441/500 - Loss: -2.9238
Iter 442/500 - Loss: -2.9239
Iter 443/500 - Loss: -2.9240
Iter 444/500 - Loss: -2.9241
Iter 445/500 - Loss: -2.9242
Iter 446/500 - Loss: -2.9243
Iter 447/500 - Loss: -2.9244
Iter 448/500 - Loss: -2.9245
Iter 449/500 - Loss: -2.9246
Iter 450/500 - Loss: -2.9247
Iter 451/500 - Loss: -2.9248
Iter 452/500 - Loss: -2.9249
Iter 453/500 - Loss: -2.9250
Iter 454/500 - Loss: -2.9251
Iter 455/500 - Loss: -2.9252
Iter 456/500 - Loss: -2.9253
Iter 457/500 - Loss: -2.9254
Iter 458/500 - Loss: -2.9255
Iter 459/500 - Loss: -2.9256
Iter 460/500 - Loss: -2.9257
Iter 461/500 - Loss: -2.9258
Iter 462/500 - Loss: -2.9258
Iter 463/500 - Loss: -2.9259
Iter 464/500 - Loss: -2.9261
Iter 465/500 - Loss: -2.9262
Iter 466/500 - Loss: -2.9263
Iter 467/500 - Loss: -2.9264
Iter 468/500 - Loss: -2.9265
Iter 469/500 - Loss: -2.9267
Iter 470/500 - Loss: -2.9267
Iter 471/500 - Loss: -2.9268
Iter 472/500 - Loss: -2.9270
Iter 473/500 - Loss: -2.9271
Iter 474/500 - Loss: -2.9272
Iter 475/500 - Loss: -2.9273
Iter 476/500 - Loss: -2.9274
Iter 477/500 - Loss: -2.9275
Iter 478/500 - Loss: -2.9276
Iter 479/500 - Loss: -2.9277
Iter 480/500 - Loss: -2.9278
Iter 481/500 - Loss: -2.9280
Iter 482/500 - Loss: -2.9281
Iter 483/500 - Loss: -2.9282
Iter 484/500 - Loss: -2.9283
Iter 485/500 - Loss: -2.9284
Iter 486/500 - Loss: -2.9285
Iter 487/500 - Loss: -2.9287
Iter 488/500 - Loss: -2.9288
Iter 489/500 - Loss: -2.9289
Iter 490/500 - Loss: -2.9290
Iter 491/500 - Loss: -2.9292
Iter 492/500 - Loss: -2.9293
Iter 493/500 - Loss: -2.9294
Iter 494/500 - Loss: -2.9296
Iter 495/500 - Loss: -2.9297
Iter 496/500 - Loss: -2.9298
Iter 497/500 - Loss: -2.9300
Iter 498/500 - Loss: -2.9301
Iter 499/500 - Loss: -2.9303
Iter 500/500 - Loss: -2.9304
{'d': 0.43123493, 'e': 1.2819735, 'f': 2.3083522, 'g': 1.2268194}
{'d': 0.43807518, 'e': 1.2812479, 'f': 2.3086658, 'g': 1.2271014}
{'d': 0.45499644, 'e': 1.2703638, 'f': 2.3097057, 'g': 1.228709}
{'d': 0.45993313, 'e': 1.265933, 'f': 2.310029, 'g': 1.2293491}
{'d': 0.4651519, 'e': 1.2609702, 'f': 2.3103673, 'g': 1.2300901}
{'d': 0.47063914, 'e': 1.2554921, 'f': 2.3107219, 'g': 1.230939}
{'d': 0.4763769, 'e': 1.2495681, 'f': 2.31109, 'g': 1.2318981}
{'d': 0.48233417, 'e': 1.2431881, 'f': 2.3114767, 'g': 1.2329738}
{'d': 0.48847035, 'e': 1.2363476, 'f': 2.3118858, 'g': 1.2341703}
{'d': 0.50105643, 'e': 1.2210946, 'f': 2.312801, 'g': 1.2369392}
{'d': 0.51358235, 'e': 1.2032549, 'f': 2.313907, 'g': 1.2402099}
{'d': 0.52537847, 'e': 1.1823449, 'f': 2.3152592, 'g': 1.2439286}
{'d': 0.53575957, 'e': 1.1582874, 'f': 2.3168688, 'g': 1.2479726}
{'d': 0.54023254, 'e': 1.1452407, 'f': 2.3177555, 'g': 1.2500591}
