prev {'d': 0.5192943912840848, 'e': 1.1243781551667964, 'f': 2.330525283072643, 'g': 1.2787590681992644}
Starting ML Fit
Box39_1400
       message: Optimization terminated successfully.
       success: True
        status: 0
           fun: 5394.352434545973
             x: [ 4.999e-01  1.085e+00  2.335e+00  1.297e+00]
           nit: 99
          nfev: 175
 final_simplex: (array([[ 4.999e-01,  1.085e+00,  2.335e+00,  1.297e+00],
                       [ 4.999e-01,  1.085e+00,  2.335e+00,  1.297e+00],
                       ...,
                       [ 4.999e-01,  1.085e+00,  2.335e+00,  1.297e+00],
                       [ 4.999e-01,  1.085e+00,  2.335e+00,  1.297e+00]]), array([ 5.394e+03,  5.394e+03,  5.394e+03,  5.394e+03,
                        5.394e+03]))
   param_names: ['d', 'e', 'f', 'g']
[0.49991752 1.08477225 2.33486257 1.29721019]
{'d': 0.49991752389049443, 'e': 1.0847722453000568, 'f': 2.334862568448016, 'g': 1.2972101915519256}
Previous:  {'d': 0.5192943912840848, 'e': 1.1243781551667964, 'f': 2.330525283072643, 'g': 1.2787590681992644}
