prev {'d': 0.49654916683475, 'e': 1.482193803552903, 'f': 2.321750817721931, 'g': 1.24514246068115}
Starting ML Fit
Box71_1400
       message: Optimization terminated successfully.
       success: True
        status: 0
           fun: 7107.824311701538
             x: [ 4.890e-01  1.482e+00  2.323e+00  1.241e+00]
           nit: 107
          nfev: 183
 final_simplex: (array([[ 4.890e-01,  1.482e+00,  2.323e+00,  1.241e+00],
                       [ 4.890e-01,  1.482e+00,  2.323e+00,  1.241e+00],
                       ...,
                       [ 4.890e-01,  1.482e+00,  2.323e+00,  1.241e+00],
                       [ 4.890e-01,  1.482e+00,  2.323e+00,  1.241e+00]]), array([ 7.108e+03,  7.108e+03,  7.108e+03,  7.108e+03,
                        7.108e+03]))
   param_names: ['d', 'e', 'f', 'g']
[0.48901579 1.48242196 2.32327514 1.24120076]
{'d': 0.48901579343663365, 'e': 1.4824219553667843, 'f': 2.3232751405185343, 'g': 1.2412007612009293}
Previous:  {'d': 0.49654916683475, 'e': 1.482193803552903, 'f': 2.321750817721931, 'g': 1.24514246068115}
