prev {'d': 0.4746710019764489, 'e': 1.0566294711423916, 'f': 2.3409393612239215, 'g': 1.2945772437218013}
Starting ML Fit
Box_n50_1_1400
       message: Optimization terminated successfully.
       success: True
        status: 0
           fun: 7356.833110790752
             x: [ 4.687e-01  1.061e+00  2.340e+00  1.289e+00]
           nit: 110
          nfev: 196
 final_simplex: (array([[ 4.687e-01,  1.061e+00,  2.340e+00,  1.289e+00],
                       [ 4.687e-01,  1.061e+00,  2.340e+00,  1.289e+00],
                       ...,
                       [ 4.687e-01,  1.061e+00,  2.340e+00,  1.289e+00],
                       [ 4.687e-01,  1.061e+00,  2.340e+00,  1.289e+00]]), array([ 7.357e+03,  7.357e+03,  7.357e+03,  7.357e+03,
                        7.357e+03]))
   param_names: ['d', 'e', 'f', 'g']
[0.46874087 1.06067549 2.34024044 1.28892776]
{'d': 0.46874087215604093, 'e': 1.0606754946851784, 'f': 2.340240441073553, 'g': 1.2889277633166136}
Previous:  {'d': 0.4746710019764489, 'e': 1.0566294711423916, 'f': 2.3409393612239215, 'g': 1.2945772437218013}
