prev {'d': 0.5159803145645021, 'e': 1.2040306811840444, 'f': 2.3128757472046018, 'g': 1.2823929116175703}
Starting ML Fit
Box76_1400
       message: Optimization terminated successfully.
       success: True
        status: 0
           fun: 15656.334675325277
             x: [ 5.008e-01  1.186e+00  2.313e+00  1.282e+00]
           nit: 92
          nfev: 166
 final_simplex: (array([[ 5.008e-01,  1.186e+00,  2.313e+00,  1.282e+00],
                       [ 5.008e-01,  1.186e+00,  2.313e+00,  1.282e+00],
                       ...,
                       [ 5.008e-01,  1.186e+00,  2.313e+00,  1.282e+00],
                       [ 5.008e-01,  1.186e+00,  2.313e+00,  1.282e+00]]), array([ 1.566e+04,  1.566e+04,  1.566e+04,  1.566e+04,
                        1.566e+04]))
   param_names: ['d', 'e', 'f', 'g']
[0.50076697 1.1859079  2.31299837 1.28175578]
{'d': 0.500766966085868, 'e': 1.1859079040683624, 'f': 2.312998374361663, 'g': 1.2817557826124677}
Previous:  {'d': 0.5159803145645021, 'e': 1.2040306811840444, 'f': 2.3128757472046018, 'g': 1.2823929116175703}
