prev {'d': 0.443864297808106, 'e': 0.8748685677689145, 'f': 2.347679949612372, 'g': 1.2617926489977658}
Starting ML Fit
Box_n50_40_1400
       message: Optimization terminated successfully.
       success: True
        status: 0
           fun: 7239.399706215644
             x: [ 4.374e-01  8.583e-01  2.349e+00  1.258e+00]
           nit: 103
          nfev: 182
 final_simplex: (array([[ 4.374e-01,  8.583e-01,  2.349e+00,  1.258e+00],
                       [ 4.374e-01,  8.583e-01,  2.349e+00,  1.258e+00],
                       ...,
                       [ 4.374e-01,  8.583e-01,  2.349e+00,  1.258e+00],
                       [ 4.374e-01,  8.583e-01,  2.349e+00,  1.258e+00]]), array([ 7.239e+03,  7.239e+03,  7.239e+03,  7.239e+03,
                        7.239e+03]))
   param_names: ['d', 'e', 'f', 'g']
[0.43741207 0.85827179 2.34918092 1.25777374]
{'d': 0.4374120699733621, 'e': 0.8582717871870335, 'f': 2.3491809211948897, 'g': 1.2577737378824656}
Previous:  {'d': 0.443864297808106, 'e': 0.8748685677689145, 'f': 2.347679949612372, 'g': 1.2617926489977658}
