Leaving out Box60_1400
{'ns': 0.97000003, 'H0': 67.0, 'w0': -1.0, 'ombh2': 0.0223, 'omch2': 0.12, 'nu_mass_ev': 0.07071068, '10^9 As': 2.10100315}
(2030, 8)
(2030, 4)
scaling input
(2030, 8)
scaling output
(2030, 4)
1
Iter 1/200 - Loss: 2.4635
Iter 2/200 - Loss: 1.3913
Iter 3/200 - Loss: 1.0439
Iter 4/200 - Loss: 0.9217
Iter 5/200 - Loss: 0.7636
Iter 6/200 - Loss: 0.5555
Iter 7/200 - Loss: 0.2847
Iter 8/200 - Loss: 0.0797
Iter 9/200 - Loss: -0.0207
Iter 10/200 - Loss: -0.0954
Iter 11/200 - Loss: -0.1653
Iter 12/200 - Loss: -0.2151
Iter 13/200 - Loss: -0.2315
Iter 14/200 - Loss: -0.2442
Iter 15/200 - Loss: -0.2672
Iter 16/200 - Loss: -0.3389
Iter 17/200 - Loss: -0.4414
Iter 18/200 - Loss: -0.5280
Iter 19/200 - Loss: -0.5799
Iter 20/200 - Loss: -0.6125
Iter 21/200 - Loss: -0.6188
Iter 22/200 - Loss: -0.6270
Iter 23/200 - Loss: -0.6348
Iter 24/200 - Loss: -0.6475
Iter 25/200 - Loss: -0.6643
Iter 26/200 - Loss: -0.6805
Iter 27/200 - Loss: -0.6999
Iter 28/200 - Loss: -0.7168
Iter 29/200 - Loss: -0.7320
Iter 30/200 - Loss: -0.7444
Iter 31/200 - Loss: -0.7528
Iter 32/200 - Loss: -0.7599
Iter 33/200 - Loss: -0.7658
Iter 34/200 - Loss: -0.7700
Iter 35/200 - Loss: -0.7722
Iter 36/200 - Loss: -0.7762
Iter 37/200 - Loss: -0.7805
Iter 38/200 - Loss: -0.7850
Iter 39/200 - Loss: -0.7923
Iter 40/200 - Loss: -0.8002
Iter 41/200 - Loss: -0.8067
Iter 42/200 - Loss: -0.8150
Iter 43/200 - Loss: -0.8218
Iter 44/200 - Loss: -0.8280
Iter 45/200 - Loss: -0.8326
Iter 46/200 - Loss: -0.8362
Iter 47/200 - Loss: -0.8396
Iter 48/200 - Loss: -0.8434
Iter 49/200 - Loss: -0.8474
Iter 50/200 - Loss: -0.8514
Iter 51/200 - Loss: -0.8555
Iter 52/200 - Loss: -0.8590
Iter 53/200 - Loss: -0.8630
Iter 54/200 - Loss: -0.8675
Iter 55/200 - Loss: -0.8722
Iter 56/200 - Loss: -0.8767
Iter 57/200 - Loss: -0.8807
Iter 58/200 - Loss: -0.8841
Iter 59/200 - Loss: -0.8873
Iter 60/200 - Loss: -0.8903
Iter 61/200 - Loss: -0.8926
Iter 62/200 - Loss: -0.8958
Iter 63/200 - Loss: -0.8997
Iter 64/200 - Loss: -0.9020
Iter 65/200 - Loss: -0.9046
Iter 66/200 - Loss: -0.9078
Iter 67/200 - Loss: -0.9098
Iter 68/200 - Loss: -0.9131
Iter 69/200 - Loss: -0.9160
Iter 70/200 - Loss: -0.9185
Iter 71/200 - Loss: -0.9215
Iter 72/200 - Loss: -0.9236
Iter 73/200 - Loss: -0.9264
Iter 74/200 - Loss: -0.9285
Iter 75/200 - Loss: -0.9309
Iter 76/200 - Loss: -0.9328
Iter 77/200 - Loss: -0.9347
Iter 78/200 - Loss: -0.9364
Iter 79/200 - Loss: -0.9380
Iter 80/200 - Loss: -0.9393
Iter 81/200 - Loss: -0.9408
Iter 82/200 - Loss: -0.9419
Iter 83/200 - Loss: -0.9430
Iter 84/200 - Loss: -0.9439
Iter 85/200 - Loss: -0.9448
Iter 86/200 - Loss: -0.9456
Iter 87/200 - Loss: -0.9466
Iter 88/200 - Loss: -0.9471
Iter 89/200 - Loss: -0.9478
Iter 90/200 - Loss: -0.9484
Iter 91/200 - Loss: -0.9491
Iter 92/200 - Loss: -0.9494
Iter 93/200 - Loss: -0.9503
Iter 94/200 - Loss: -0.9506
Iter 95/200 - Loss: -0.9510
Iter 96/200 - Loss: -0.9515
Iter 97/200 - Loss: -0.9520
Iter 98/200 - Loss: -0.9523
Iter 99/200 - Loss: -0.9528
Iter 100/200 - Loss: -0.9533
Iter 101/200 - Loss: -0.9537
Iter 102/200 - Loss: -0.9540
Iter 103/200 - Loss: -0.9541
Iter 104/200 - Loss: -0.9544
Iter 105/200 - Loss: -0.9543
Iter 106/200 - Loss: -0.9544
Iter 107/200 - Loss: -0.9544
Iter 108/200 - Loss: -0.9543
Iter 109/200 - Loss: -0.9544
Iter 110/200 - Loss: -0.9545
Iter 111/200 - Loss: -0.9547
Iter 112/200 - Loss: -0.9545
Iter 113/200 - Loss: -0.9546
Iter 114/200 - Loss: -0.9548
Iter 115/200 - Loss: -0.9547
Iter 116/200 - Loss: -0.9548
Iter 117/200 - Loss: -0.9550
Iter 118/200 - Loss: -0.9551
Iter 119/200 - Loss: -0.9550
Iter 120/200 - Loss: -0.9549
Iter 121/200 - Loss: -0.9551
Iter 122/200 - Loss: -0.9549
Iter 123/200 - Loss: -0.9552
Iter 124/200 - Loss: -0.9554
Iter 125/200 - Loss: -0.9550
Iter 126/200 - Loss: -0.9552
Iter 127/200 - Loss: -0.9553
Iter 128/200 - Loss: -0.9554
Iter 129/200 - Loss: -0.9554
Iter 130/200 - Loss: -0.9553
Iter 131/200 - Loss: -0.9554
Iter 132/200 - Loss: -0.9555
Iter 133/200 - Loss: -0.9556
Iter 134/200 - Loss: -0.9557
Iter 135/200 - Loss: -0.9558
Iter 136/200 - Loss: -0.9558
Iter 137/200 - Loss: -0.9558
Iter 138/200 - Loss: -0.9558
Iter 139/200 - Loss: -0.9561
Iter 140/200 - Loss: -0.9559
Iter 141/200 - Loss: -0.9559
Iter 142/200 - Loss: -0.9561
Iter 143/200 - Loss: -0.9559
Iter 144/200 - Loss: -0.9562
Iter 145/200 - Loss: -0.9561
Iter 146/200 - Loss: -0.9562
Iter 147/200 - Loss: -0.9563
Iter 148/200 - Loss: -0.9563
Iter 149/200 - Loss: -0.9562
Iter 150/200 - Loss: -0.9564
Iter 151/200 - Loss: -0.9566
Iter 152/200 - Loss: -0.9565
Iter 153/200 - Loss: -0.9566
Iter 154/200 - Loss: -0.9565
Iter 155/200 - Loss: -0.9566
Iter 156/200 - Loss: -0.9566
Iter 157/200 - Loss: -0.9570
Iter 158/200 - Loss: -0.9568
Iter 159/200 - Loss: -0.9568
Iter 160/200 - Loss: -0.9569
Iter 161/200 - Loss: -0.9569
Iter 162/200 - Loss: -0.9571
Iter 163/200 - Loss: -0.9571
Iter 164/200 - Loss: -0.9570
Iter 165/200 - Loss: -0.9572
Iter 166/200 - Loss: -0.9571
Iter 167/200 - Loss: -0.9571
Iter 168/200 - Loss: -0.9575
Iter 169/200 - Loss: -0.9574
Iter 170/200 - Loss: -0.9575
Iter 171/200 - Loss: -0.9576
Iter 172/200 - Loss: -0.9573
Iter 173/200 - Loss: -0.9576
Iter 174/200 - Loss: -0.9575
Iter 175/200 - Loss: -0.9575
Iter 176/200 - Loss: -0.9578
Iter 177/200 - Loss: -0.9578
Iter 178/200 - Loss: -0.9578
Iter 179/200 - Loss: -0.9577
Iter 180/200 - Loss: -0.9579
Iter 181/200 - Loss: -0.9579
Iter 182/200 - Loss: -0.9579
Iter 183/200 - Loss: -0.9582
Iter 184/200 - Loss: -0.9580
Iter 185/200 - Loss: -0.9581
Iter 186/200 - Loss: -0.9581
Iter 187/200 - Loss: -0.9583
Iter 188/200 - Loss: -0.9584
Iter 189/200 - Loss: -0.9584
Iter 190/200 - Loss: -0.9583
Iter 191/200 - Loss: -0.9586
Iter 192/200 - Loss: -0.9586
Iter 193/200 - Loss: -0.9587
Iter 194/200 - Loss: -0.9588
Iter 195/200 - Loss: -0.9587
Iter 196/200 - Loss: -0.9587
Iter 197/200 - Loss: -0.9588
Iter 198/200 - Loss: -0.9588
Iter 199/200 - Loss: -0.9588
Iter 200/200 - Loss: -0.9590
