Leaving out Box_n50_39_1400
alist [1.0, 0.953321, 0.866399, 0.787402, 0.715608, 0.65036, 0.620002, 0.591061, 0.563471, 0.537169, 0.512095, 0.488191, 0.403224, 0.366459]
{'ns': 0.97000003, 'H0': 67.0, 'w0': -1.0, 'ombh2': 0.0223, 'omch2': 0.12, 'nu_mass_ev': 0.07071068, '10^9 As': 2.10100315}
[[ 2.12183648e+00  9.32500000e-01  7.30937500e+01 -8.77500000e-01
   2.46437500e-02  1.25625000e-01  6.25737500e-02  1.00000000e+00
   7.98506188e-01]
 [ 2.12183648e+00  9.32500000e-01  7.30937500e+01 -8.77500000e-01
   2.46437500e-02  1.25625000e-01  6.25737500e-02  9.53321000e-01
   7.79468894e-01]
 [ 2.12183648e+00  9.32500000e-01  7.30937500e+01 -8.77500000e-01
   2.46437500e-02  1.25625000e-01  6.25737500e-02  8.66399000e-01
   7.40057724e-01]
 [ 2.12183648e+00  9.32500000e-01  7.30937500e+01 -8.77500000e-01
   2.46437500e-02  1.25625000e-01  6.25737500e-02  7.87402000e-01
   6.99179651e-01]
 [ 2.12183648e+00  9.32500000e-01  7.30937500e+01 -8.77500000e-01
   2.46437500e-02  1.25625000e-01  6.25737500e-02  7.15608000e-01
   6.57388197e-01]
 [ 2.12183648e+00  9.32500000e-01  7.30937500e+01 -8.77500000e-01
   2.46437500e-02  1.25625000e-01  6.25737500e-02  6.50360000e-01
   6.15243037e-01]
 [ 2.12183648e+00  9.32500000e-01  7.30937500e+01 -8.77500000e-01
   2.46437500e-02  1.25625000e-01  6.25737500e-02  6.20002000e-01
   5.94217297e-01]
 [ 2.12183648e+00  9.32500000e-01  7.30937500e+01 -8.77500000e-01
   2.46437500e-02  1.25625000e-01  6.25737500e-02  5.91061000e-01
   5.73314812e-01]
 [ 2.12183648e+00  9.32500000e-01  7.30937500e+01 -8.77500000e-01
   2.46437500e-02  1.25625000e-01  6.25737500e-02  5.63471000e-01
   5.52600965e-01]
 [ 2.12183648e+00  9.32500000e-01  7.30937500e+01 -8.77500000e-01
   2.46437500e-02  1.25625000e-01  6.25737500e-02  5.37169000e-01
   5.32136799e-01]
 [ 2.12183648e+00  9.32500000e-01  7.30937500e+01 -8.77500000e-01
   2.46437500e-02  1.25625000e-01  6.25737500e-02  5.12095000e-01
   5.11978724e-01]
 [ 2.12183648e+00  9.32500000e-01  7.30937500e+01 -8.77500000e-01
   2.46437500e-02  1.25625000e-01  6.25737500e-02  4.88191000e-01
   4.92176648e-01]
 [ 2.12183648e+00  9.32500000e-01  7.30937500e+01 -8.77500000e-01
   2.46437500e-02  1.25625000e-01  6.25737500e-02  4.03224000e-01
   4.17338337e-01]
 [ 2.12183648e+00  9.32500000e-01  7.30937500e+01 -8.77500000e-01
   2.46437500e-02  1.25625000e-01  6.25737500e-02  3.66459000e-01
   3.82940217e-01]]
[[0.54528611 1.13821386 2.25636623 1.25962632]
 [0.5346625  1.08953041 2.26055104 1.26113082]
 [0.51714635 1.05071289 2.26524727 1.26918537]
 [0.50167398 1.04108558 2.26758558 1.26901545]
 [0.48581204 1.02376275 2.27026113 1.26627325]
 [0.47292287 1.0125919  2.27248217 1.26720171]
 [0.46496589 1.00347698 2.27374795 1.26644918]
 [0.45579158 0.98730645 2.27618221 1.26298523]
 [0.45040549 0.97742623 2.27821565 1.26458775]
 [0.4448738  0.97068178 2.28003069 1.2640782 ]
 [0.4378064  0.94876184 2.2852848  1.26003127]
 [0.43283827 0.93786532 2.28813959 1.26044302]
 [0.41406419 0.93001912 2.29104417 1.25454861]
 [0.40251017 0.92135278 2.29451527 1.2514755 ]]
(2030, 9)
(2030, 4)
scaling input
(2030, 9)
scaling output
(2030, 4)
Iter 1/300 - Loss: 2.6570
Iter 2/300 - Loss: 2.3304
Iter 3/300 - Loss: 2.0372
Iter 4/300 - Loss: 1.7829
Iter 5/300 - Loss: 1.5700
Iter 6/300 - Loss: 1.3953
Iter 7/300 - Loss: 1.2535
Iter 8/300 - Loss: 1.1433
Iter 9/300 - Loss: 1.0622
Iter 10/300 - Loss: 1.0045
Iter 11/300 - Loss: 0.9614
Iter 12/300 - Loss: 0.9244
Iter 13/300 - Loss: 0.8883
Iter 14/300 - Loss: 0.8502
Iter 15/300 - Loss: 0.8086
Iter 16/300 - Loss: 0.7632
Iter 17/300 - Loss: 0.7145
Iter 18/300 - Loss: 0.6633
Iter 19/300 - Loss: 0.6114
Iter 20/300 - Loss: 0.5604
Iter 21/300 - Loss: 0.5106
Iter 22/300 - Loss: 0.4618
Iter 23/300 - Loss: 0.4145
Iter 24/300 - Loss: 0.3688
Iter 25/300 - Loss: 0.3251
Iter 26/300 - Loss: 0.2832
Iter 27/300 - Loss: 0.2428
Iter 28/300 - Loss: 0.2031
Iter 29/300 - Loss: 0.1636
Iter 30/300 - Loss: 0.1239
Iter 31/300 - Loss: 0.0837
Iter 32/300 - Loss: 0.0430
Iter 33/300 - Loss: 0.0020
Iter 34/300 - Loss: -0.0388
Iter 35/300 - Loss: -0.0790
Iter 36/300 - Loss: -0.1181
Iter 37/300 - Loss: -0.1558
Iter 38/300 - Loss: -0.1919
Iter 39/300 - Loss: -0.2262
Iter 40/300 - Loss: -0.2585
Iter 41/300 - Loss: -0.2890
Iter 42/300 - Loss: -0.3177
Iter 43/300 - Loss: -0.3450
Iter 44/300 - Loss: -0.3710
Iter 45/300 - Loss: -0.3964
Iter 46/300 - Loss: -0.4218
Iter 47/300 - Loss: -0.4452
Iter 48/300 - Loss: -0.4678
Iter 49/300 - Loss: -0.4885
Iter 50/300 - Loss: -0.5078
Iter 51/300 - Loss: -0.5253
Iter 52/300 - Loss: -0.5417
Iter 53/300 - Loss: -0.5569
Iter 54/300 - Loss: -0.5712
Iter 55/300 - Loss: -0.5849
Iter 56/300 - Loss: -0.5978
Iter 57/300 - Loss: -0.6100
Iter 58/300 - Loss: -0.6215
Iter 59/300 - Loss: -0.6321
Iter 60/300 - Loss: -0.6422
Iter 61/300 - Loss: -0.6517
Iter 62/300 - Loss: -0.6606
Iter 63/300 - Loss: -0.6689
Iter 64/300 - Loss: -0.6765
Iter 65/300 - Loss: -0.6833
Iter 66/300 - Loss: -0.6893
Iter 67/300 - Loss: -0.6944
Iter 68/300 - Loss: -0.6991
Iter 69/300 - Loss: -0.7034
Iter 70/300 - Loss: -0.7075
Iter 71/300 - Loss: -0.7111
Iter 72/300 - Loss: -0.7144
Iter 73/300 - Loss: -0.7169
Iter 74/300 - Loss: -0.7179
Iter 75/300 - Loss: -0.7188
Iter 76/300 - Loss: -0.7236
Iter 77/300 - Loss: -0.7258
Iter 78/300 - Loss: -0.7277
Iter 79/300 - Loss: -0.7294
Iter 80/300 - Loss: -0.7321
Iter 81/300 - Loss: -0.7327
Iter 82/300 - Loss: -0.7351
Iter 83/300 - Loss: -0.7359
Iter 84/300 - Loss: -0.7377
Iter 85/300 - Loss: -0.7387
Iter 86/300 - Loss: -0.7400
Iter 87/300 - Loss: -0.7407
Iter 88/300 - Loss: -0.7420
Iter 89/300 - Loss: -0.7424
Iter 90/300 - Loss: -0.7437
Iter 91/300 - Loss: -0.7440
Iter 92/300 - Loss: -0.7450
Iter 93/300 - Loss: -0.7454
Iter 94/300 - Loss: -0.7460
Iter 95/300 - Loss: -0.7465
Iter 96/300 - Loss: -0.7469
Iter 97/300 - Loss: -0.7474
Iter 98/300 - Loss: -0.7479
Iter 99/300 - Loss: -0.7483
Iter 100/300 - Loss: -0.7488
Iter 101/300 - Loss: -0.7490
Iter 102/300 - Loss: -0.7495
Iter 103/300 - Loss: -0.7498
Iter 104/300 - Loss: -0.7502
Iter 105/300 - Loss: -0.7504
Iter 106/300 - Loss: -0.7508
Iter 107/300 - Loss: -0.7510
Iter 108/300 - Loss: -0.7513
Iter 109/300 - Loss: -0.7515
Iter 110/300 - Loss: -0.7518
Iter 111/300 - Loss: -0.7520
Iter 112/300 - Loss: -0.7522
Iter 113/300 - Loss: -0.7524
Iter 114/300 - Loss: -0.7526
Iter 115/300 - Loss: -0.7528
Iter 116/300 - Loss: -0.7529
Iter 117/300 - Loss: -0.7531
Iter 118/300 - Loss: -0.7532
Iter 119/300 - Loss: -0.7534
Iter 120/300 - Loss: -0.7535
Iter 121/300 - Loss: -0.7537
Iter 122/300 - Loss: -0.7538
Iter 123/300 - Loss: -0.7539
Iter 124/300 - Loss: -0.7541
Iter 125/300 - Loss: -0.7542
Iter 126/300 - Loss: -0.7543
Iter 127/300 - Loss: -0.7544
Iter 128/300 - Loss: -0.7545
Iter 129/300 - Loss: -0.7545
Iter 130/300 - Loss: -0.7546
Iter 131/300 - Loss: -0.7547
Iter 132/300 - Loss: -0.7548
Iter 133/300 - Loss: -0.7549
Iter 134/300 - Loss: -0.7549
Iter 135/300 - Loss: -0.7550
Iter 136/300 - Loss: -0.7551
Iter 137/300 - Loss: -0.7552
Iter 138/300 - Loss: -0.7553
Iter 139/300 - Loss: -0.7554
Iter 140/300 - Loss: -0.7555
Iter 141/300 - Loss: -0.7556
Iter 142/300 - Loss: -0.7558
Iter 143/300 - Loss: -0.7560
Iter 144/300 - Loss: -0.7563
Iter 145/300 - Loss: -0.7566
Iter 146/300 - Loss: -0.7571
Iter 147/300 - Loss: -0.7577
Iter 148/300 - Loss: -0.7584
Iter 149/300 - Loss: -0.7591
Iter 150/300 - Loss: -0.7599
Iter 151/300 - Loss: -0.7608
Iter 152/300 - Loss: -0.7617
Iter 153/300 - Loss: -0.7618
Iter 154/300 - Loss: -0.7619
Iter 155/300 - Loss: -0.7620
Iter 156/300 - Loss: -0.7621
Iter 157/300 - Loss: -0.7622
Iter 158/300 - Loss: -0.7623
Iter 159/300 - Loss: -0.7624
Iter 160/300 - Loss: -0.7625
Iter 161/300 - Loss: -0.7627
Iter 162/300 - Loss: -0.7628
Iter 163/300 - Loss: -0.7629
Iter 164/300 - Loss: -0.7630
Iter 165/300 - Loss: -0.7631
Iter 166/300 - Loss: -0.7633
Iter 167/300 - Loss: -0.7634
Iter 168/300 - Loss: -0.7635
Iter 169/300 - Loss: -0.7636
Iter 170/300 - Loss: -0.7637
Iter 171/300 - Loss: -0.7639
Iter 172/300 - Loss: -0.7640
Iter 173/300 - Loss: -0.7641
Iter 174/300 - Loss: -0.7642
Iter 175/300 - Loss: -0.7644
Iter 176/300 - Loss: -0.7645
Iter 177/300 - Loss: -0.7646
Iter 178/300 - Loss: -0.7648
Iter 179/300 - Loss: -0.7649
Iter 180/300 - Loss: -0.7650
Iter 181/300 - Loss: -0.7652
Iter 182/300 - Loss: -0.7653
Iter 183/300 - Loss: -0.7655
Iter 184/300 - Loss: -0.7656
Iter 185/300 - Loss: -0.7658
Iter 186/300 - Loss: -0.7660
Iter 187/300 - Loss: -0.7661
Iter 188/300 - Loss: -0.7663
Iter 189/300 - Loss: -0.7665
Iter 190/300 - Loss: -0.7667
Iter 191/300 - Loss: -0.7669
Iter 192/300 - Loss: -0.7671
Iter 193/300 - Loss: -0.7674
Iter 194/300 - Loss: -0.7676
Iter 195/300 - Loss: -0.7678
Iter 196/300 - Loss: -0.7681
Iter 197/300 - Loss: -0.7684
Iter 198/300 - Loss: -0.7687
Iter 199/300 - Loss: -0.7690
Iter 200/300 - Loss: -0.7693
Iter 201/300 - Loss: -0.7696
Iter 202/300 - Loss: -0.7699
Iter 203/300 - Loss: -0.7703
Iter 204/300 - Loss: -0.7706
Iter 205/300 - Loss: -0.7710
Iter 206/300 - Loss: -0.7714
Iter 207/300 - Loss: -0.7718
Iter 208/300 - Loss: -0.7721
Iter 209/300 - Loss: -0.7725
Iter 210/300 - Loss: -0.7729
Iter 211/300 - Loss: -0.7733
Iter 212/300 - Loss: -0.7737
Iter 213/300 - Loss: -0.7740
Iter 214/300 - Loss: -0.7744
Iter 215/300 - Loss: -0.7748
Iter 216/300 - Loss: -0.7752
Iter 217/300 - Loss: -0.7755
Iter 218/300 - Loss: -0.7759
Iter 219/300 - Loss: -0.7762
Iter 220/300 - Loss: -0.7766
Iter 221/300 - Loss: -0.7769
Iter 222/300 - Loss: -0.7773
Iter 223/300 - Loss: -0.7776
Iter 224/300 - Loss: -0.7779
Iter 225/300 - Loss: -0.7783
Iter 226/300 - Loss: -0.7786
Iter 227/300 - Loss: -0.7789
Iter 228/300 - Loss: -0.7792
Iter 229/300 - Loss: -0.7795
Iter 230/300 - Loss: -0.7798
Iter 231/300 - Loss: -0.7801
Iter 232/300 - Loss: -0.7804
Iter 233/300 - Loss: -0.7807
Iter 234/300 - Loss: -0.7809
Iter 235/300 - Loss: -0.7812
Iter 236/300 - Loss: -0.7815
Iter 237/300 - Loss: -0.7817
Iter 238/300 - Loss: -0.7820
Iter 239/300 - Loss: -0.7822
Iter 240/300 - Loss: -0.7825
Iter 241/300 - Loss: -0.7827
Iter 242/300 - Loss: -0.7829
Iter 243/300 - Loss: -0.7832
Iter 244/300 - Loss: -0.7834
Iter 245/300 - Loss: -0.7836
Iter 246/300 - Loss: -0.7838
Iter 247/300 - Loss: -0.7840
Iter 248/300 - Loss: -0.7842
Iter 249/300 - Loss: -0.7844
Iter 250/300 - Loss: -0.7846
Iter 251/300 - Loss: -0.7848
Iter 252/300 - Loss: -0.7850
Iter 253/300 - Loss: -0.7851
Iter 254/300 - Loss: -0.7853
Iter 255/300 - Loss: -0.7855
Iter 256/300 - Loss: -0.7856
Iter 257/300 - Loss: -0.7858
Iter 258/300 - Loss: -0.7860
Iter 259/300 - Loss: -0.7861
Iter 260/300 - Loss: -0.7863
Iter 261/300 - Loss: -0.7864
Iter 262/300 - Loss: -0.7866
Iter 263/300 - Loss: -0.7867
Iter 264/300 - Loss: -0.7869
Iter 265/300 - Loss: -0.7870
Iter 266/300 - Loss: -0.7872
Iter 267/300 - Loss: -0.7873
Iter 268/300 - Loss: -0.7874
Iter 269/300 - Loss: -0.7876
Iter 270/300 - Loss: -0.7877
Iter 271/300 - Loss: -0.7878
Iter 272/300 - Loss: -0.7879
Iter 273/300 - Loss: -0.7881
Iter 274/300 - Loss: -0.7882
Iter 275/300 - Loss: -0.7883
Iter 276/300 - Loss: -0.7884
Iter 277/300 - Loss: -0.7885
Iter 278/300 - Loss: -0.7887
Iter 279/300 - Loss: -0.7888
Iter 280/300 - Loss: -0.7889
Iter 281/300 - Loss: -0.7890
Iter 282/300 - Loss: -0.7891
Iter 283/300 - Loss: -0.7892
Iter 284/300 - Loss: -0.7894
Iter 285/300 - Loss: -0.7895
Iter 286/300 - Loss: -0.7896
Iter 287/300 - Loss: -0.7897
Iter 288/300 - Loss: -0.7898
Iter 289/300 - Loss: -0.7899
Iter 290/300 - Loss: -0.7900
Iter 291/300 - Loss: -0.7901
Iter 292/300 - Loss: -0.7902
Iter 293/300 - Loss: -0.7903
Iter 294/300 - Loss: -0.7904
Iter 295/300 - Loss: -0.7906
Iter 296/300 - Loss: -0.7907
Iter 297/300 - Loss: -0.7908
Iter 298/300 - Loss: -0.7909
Iter 299/300 - Loss: -0.7910
Iter 300/300 - Loss: -0.7911
