Leaving out Box36_1400
{'ns': 0.97000003, 'H0': 67.0, 'w0': -1.0, 'ombh2': 0.0223, 'omch2': 0.12, 'nu_mass_ev': 0.07071068, '10^9 As': 2.10100315}
(2030, 8)
(2030, 4)
scaling input
(2030, 8)
scaling output
(2030, 4)
1
Iter 1/200 - Loss: 2.5201
Iter 2/200 - Loss: 1.4331
Iter 3/200 - Loss: 1.0032
Iter 4/200 - Loss: 0.9562
Iter 5/200 - Loss: 0.8517
Iter 6/200 - Loss: 0.6816
Iter 7/200 - Loss: 0.4082
Iter 8/200 - Loss: 0.1575
Iter 9/200 - Loss: 0.0369
Iter 10/200 - Loss: -0.0113
Iter 11/200 - Loss: -0.0659
Iter 12/200 - Loss: -0.1253
Iter 13/200 - Loss: -0.1729
Iter 14/200 - Loss: -0.2032
Iter 15/200 - Loss: -0.2410
Iter 16/200 - Loss: -0.3076
Iter 17/200 - Loss: -0.4073
Iter 18/200 - Loss: -0.4882
Iter 19/200 - Loss: -0.5623
Iter 20/200 - Loss: -0.6029
Iter 21/200 - Loss: -0.6085
Iter 22/200 - Loss: -0.6072
Iter 23/200 - Loss: -0.6084
Iter 24/200 - Loss: -0.6163
Iter 25/200 - Loss: -0.6224
Iter 26/200 - Loss: -0.6343
Iter 27/200 - Loss: -0.6457
Iter 28/200 - Loss: -0.6590
Iter 29/200 - Loss: -0.6719
Iter 30/200 - Loss: -0.6813
Iter 31/200 - Loss: -0.6926
Iter 32/200 - Loss: -0.7033
Iter 33/200 - Loss: -0.7121
Iter 34/200 - Loss: -0.7168
Iter 35/200 - Loss: -0.7228
Iter 36/200 - Loss: -0.7318
Iter 37/200 - Loss: -0.7351
Iter 38/200 - Loss: -0.7423
Iter 39/200 - Loss: -0.7519
Iter 40/200 - Loss: -0.7646
Iter 41/200 - Loss: -0.7735
Iter 42/200 - Loss: -0.7873
Iter 43/200 - Loss: -0.7979
Iter 44/200 - Loss: -0.8059
Iter 45/200 - Loss: -0.8134
Iter 46/200 - Loss: -0.8197
Iter 47/200 - Loss: -0.8259
Iter 48/200 - Loss: -0.8323
Iter 49/200 - Loss: -0.8388
Iter 50/200 - Loss: -0.8468
Iter 51/200 - Loss: -0.8558
Iter 52/200 - Loss: -0.8646
Iter 53/200 - Loss: -0.8721
Iter 54/200 - Loss: -0.8789
Iter 55/200 - Loss: -0.8853
Iter 56/200 - Loss: -0.8911
Iter 57/200 - Loss: -0.8963
Iter 58/200 - Loss: -0.9021
Iter 59/200 - Loss: -0.9081
Iter 60/200 - Loss: -0.9137
Iter 61/200 - Loss: -0.9192
Iter 62/200 - Loss: -0.9241
Iter 63/200 - Loss: -0.9283
Iter 64/200 - Loss: -0.9320
Iter 65/200 - Loss: -0.9357
Iter 66/200 - Loss: -0.9391
Iter 67/200 - Loss: -0.9418
Iter 68/200 - Loss: -0.9448
Iter 69/200 - Loss: -0.9470
Iter 70/200 - Loss: -0.9494
Iter 71/200 - Loss: -0.9520
Iter 72/200 - Loss: -0.9542
Iter 73/200 - Loss: -0.9567
Iter 74/200 - Loss: -0.9588
Iter 75/200 - Loss: -0.9610
Iter 76/200 - Loss: -0.9632
Iter 77/200 - Loss: -0.9651
Iter 78/200 - Loss: -0.9668
Iter 79/200 - Loss: -0.9687
Iter 80/200 - Loss: -0.9703
Iter 81/200 - Loss: -0.9721
Iter 82/200 - Loss: -0.9737
Iter 83/200 - Loss: -0.9752
Iter 84/200 - Loss: -0.9768
Iter 85/200 - Loss: -0.9781
Iter 86/200 - Loss: -0.9797
Iter 87/200 - Loss: -0.9807
Iter 88/200 - Loss: -0.9816
Iter 89/200 - Loss: -0.9829
Iter 90/200 - Loss: -0.9843
Iter 91/200 - Loss: -0.9848
Iter 92/200 - Loss: -0.9860
Iter 93/200 - Loss: -0.9871
Iter 94/200 - Loss: -0.9880
Iter 95/200 - Loss: -0.9887
Iter 96/200 - Loss: -0.9899
Iter 97/200 - Loss: -0.9905
Iter 98/200 - Loss: -0.9917
Iter 99/200 - Loss: -0.9922
Iter 100/200 - Loss: -0.9929
Iter 101/200 - Loss: -0.9939
Iter 102/200 - Loss: -0.9949
Iter 103/200 - Loss: -0.9948
Iter 104/200 - Loss: -0.9949
Iter 105/200 - Loss: -0.9951
Iter 106/200 - Loss: -0.9951
Iter 107/200 - Loss: -0.9953
Iter 108/200 - Loss: -0.9952
Iter 109/200 - Loss: -0.9954
Iter 110/200 - Loss: -0.9954
Iter 111/200 - Loss: -0.9955
Iter 112/200 - Loss: -0.9959
Iter 113/200 - Loss: -0.9958
Iter 114/200 - Loss: -0.9959
Iter 115/200 - Loss: -0.9961
Iter 116/200 - Loss: -0.9962
Iter 117/200 - Loss: -0.9961
Iter 118/200 - Loss: -0.9964
Iter 119/200 - Loss: -0.9965
Iter 120/200 - Loss: -0.9966
Iter 121/200 - Loss: -0.9966
Iter 122/200 - Loss: -0.9965
Iter 123/200 - Loss: -0.9965
Iter 124/200 - Loss: -0.9968
Iter 125/200 - Loss: -0.9968
Iter 126/200 - Loss: -0.9969
Iter 127/200 - Loss: -0.9969
Iter 128/200 - Loss: -0.9967
Iter 129/200 - Loss: -0.9972
Iter 130/200 - Loss: -0.9976
Iter 131/200 - Loss: -0.9976
Iter 132/200 - Loss: -0.9976
Iter 133/200 - Loss: -0.9977
Iter 134/200 - Loss: -0.9978
Iter 135/200 - Loss: -0.9977
Iter 136/200 - Loss: -0.9976
Iter 137/200 - Loss: -0.9979
Iter 138/200 - Loss: -0.9982
Iter 139/200 - Loss: -0.9982
Iter 140/200 - Loss: -0.9984
Iter 141/200 - Loss: -0.9985
Iter 142/200 - Loss: -0.9985
Iter 143/200 - Loss: -0.9984
Iter 144/200 - Loss: -0.9986
Iter 145/200 - Loss: -0.9986
Iter 146/200 - Loss: -0.9989
Iter 147/200 - Loss: -0.9987
Iter 148/200 - Loss: -0.9990
Iter 149/200 - Loss: -0.9992
Iter 150/200 - Loss: -0.9993
Iter 151/200 - Loss: -0.9994
Iter 152/200 - Loss: -0.9994
Iter 153/200 - Loss: -0.9994
Iter 154/200 - Loss: -0.9995
Iter 155/200 - Loss: -0.9996
Iter 156/200 - Loss: -1.0000
Iter 157/200 - Loss: -0.9999
Iter 158/200 - Loss: -1.0003
Iter 159/200 - Loss: -1.0001
Iter 160/200 - Loss: -1.0004
Iter 161/200 - Loss: -1.0006
Iter 162/200 - Loss: -1.0004
Iter 163/200 - Loss: -1.0005
Iter 164/200 - Loss: -1.0006
Iter 165/200 - Loss: -1.0007
Iter 166/200 - Loss: -1.0009
Iter 167/200 - Loss: -1.0009
Iter 168/200 - Loss: -1.0008
Iter 169/200 - Loss: -1.0011
Iter 170/200 - Loss: -1.0010
Iter 171/200 - Loss: -1.0012
Iter 172/200 - Loss: -1.0015
Iter 173/200 - Loss: -1.0013
Iter 174/200 - Loss: -1.0015
Iter 175/200 - Loss: -1.0014
Iter 176/200 - Loss: -1.0020
Iter 177/200 - Loss: -1.0021
Iter 178/200 - Loss: -1.0022
Iter 179/200 - Loss: -1.0022
Iter 180/200 - Loss: -1.0022
Iter 181/200 - Loss: -1.0027
Iter 182/200 - Loss: -1.0027
Iter 183/200 - Loss: -1.0028
Iter 184/200 - Loss: -1.0029
Iter 185/200 - Loss: -1.0028
Iter 186/200 - Loss: -1.0031
Iter 187/200 - Loss: -1.0031
Iter 188/200 - Loss: -1.0035
Iter 189/200 - Loss: -1.0034
Iter 190/200 - Loss: -1.0036
Iter 191/200 - Loss: -1.0034
Iter 192/200 - Loss: -1.0039
Iter 193/200 - Loss: -1.0042
Iter 194/200 - Loss: -1.0042
Iter 195/200 - Loss: -1.0039
Iter 196/200 - Loss: -1.0043
Iter 197/200 - Loss: -1.0043
Iter 198/200 - Loss: -1.0046
Iter 199/200 - Loss: -1.0049
Iter 200/200 - Loss: -1.0048
