Leaving out Box6_1400
alist [1.0, 0.953321, 0.866399, 0.787402, 0.715608, 0.65036, 0.620002, 0.591061, 0.563471, 0.537169, 0.512095, 0.488191, 0.403224, 0.366459]
{'ns': 0.97000003, 'H0': 67.0, 'w0': -1.0, 'ombh2': 0.0223, 'omch2': 0.12, 'nu_mass_ev': 0.07071068, '10^9 As': 2.10100315}
[[ 1.74640968e+00  9.30572150e-01  7.71183701e+01 -1.52003360e+00
   2.34096800e-02  1.58793900e-01  1.08746400e-02  1.00000000e+00
   9.77326495e-01]
 [ 1.74640968e+00  9.30572150e-01  7.71183701e+01 -1.52003360e+00
   2.34096800e-02  1.58793900e-01  1.08746400e-02  9.53321000e-01
   9.52030711e-01]
 [ 1.74640968e+00  9.30572150e-01  7.71183701e+01 -1.52003360e+00
   2.34096800e-02  1.58793900e-01  1.08746400e-02  8.66399000e-01
   8.97746303e-01]
 [ 1.74640968e+00  9.30572150e-01  7.71183701e+01 -1.52003360e+00
   2.34096800e-02  1.58793900e-01  1.08746400e-02  7.87402000e-01
   8.39805363e-01]
 [ 1.74640968e+00  9.30572150e-01  7.71183701e+01 -1.52003360e+00
   2.34096800e-02  1.58793900e-01  1.08746400e-02  7.15608000e-01
   7.80000169e-01]
 [ 1.74640968e+00  9.30572150e-01  7.71183701e+01 -1.52003360e+00
   2.34096800e-02  1.58793900e-01  1.08746400e-02  6.50360000e-01
   7.20142107e-01]
 [ 1.74640968e+00  9.30572150e-01  7.71183701e+01 -1.52003360e+00
   2.34096800e-02  1.58793900e-01  1.08746400e-02  6.20002000e-01
   6.90692104e-01]
 [ 1.74640968e+00  9.30572150e-01  7.71183701e+01 -1.52003360e+00
   2.34096800e-02  1.58793900e-01  1.08746400e-02  5.91061000e-01
   6.61777200e-01]
 [ 1.74640968e+00  9.30572150e-01  7.71183701e+01 -1.52003360e+00
   2.34096800e-02  1.58793900e-01  1.08746400e-02  5.63471000e-01
   6.33525332e-01]
 [ 1.74640968e+00  9.30572150e-01  7.71183701e+01 -1.52003360e+00
   2.34096800e-02  1.58793900e-01  1.08746400e-02  5.37169000e-01
   6.06035639e-01]
 [ 1.74640968e+00  9.30572150e-01  7.71183701e+01 -1.52003360e+00
   2.34096800e-02  1.58793900e-01  1.08746400e-02  5.12095000e-01
   5.79383133e-01]
 [ 1.74640968e+00  9.30572150e-01  7.71183701e+01 -1.52003360e+00
   2.34096800e-02  1.58793900e-01  1.08746400e-02  4.88191000e-01
   5.53618628e-01]
 [ 1.74640968e+00  9.30572150e-01  7.71183701e+01 -1.52003360e+00
   2.34096800e-02  1.58793900e-01  1.08746400e-02  4.03224000e-01
   4.59884649e-01]
 [ 1.74640968e+00  9.30572150e-01  7.71183701e+01 -1.52003360e+00
   2.34096800e-02  1.58793900e-01  1.08746400e-02  3.66459000e-01
   4.18585260e-01]]
[[0.52950781 0.95623994 2.26046171 1.32183668]
 [0.51922365 0.93414066 2.25834651 1.31902869]
 [0.5004944  0.89724162 2.25625111 1.3149224 ]
 [0.48549614 0.89183533 2.25582001 1.31360342]
 [0.47161659 0.87584596 2.25809783 1.30796451]
 [0.46089989 0.87972806 2.25781267 1.30501261]
 [0.45597149 0.87905902 2.25721025 1.30047815]
 [0.44985691 0.86677667 2.2582861  1.29938416]
 [0.44435008 0.85579292 2.25906873 1.2940829 ]
 [0.43777799 0.82794324 2.26233024 1.2926383 ]
 [0.43243885 0.80840267 2.26488512 1.29201463]
 [0.42930704 0.80014414 2.26612445 1.29154781]
 [0.40922269 0.78181146 2.27039385 1.27711376]
 [0.4009303  0.76585433 2.27446809 1.27250735]]
(2030, 9)
(2030, 4)
scaling input
(2030, 9)
scaling output
(2030, 4)
Iter 1/300 - Loss: 2.7966
Iter 2/300 - Loss: 2.4663
Iter 3/300 - Loss: 2.1665
Iter 4/300 - Loss: 1.8982
Iter 5/300 - Loss: 1.6600
Iter 6/300 - Loss: 1.4519
Iter 7/300 - Loss: 1.2748
Iter 8/300 - Loss: 1.1317
Iter 9/300 - Loss: 1.0248
Iter 10/300 - Loss: 0.9536
Iter 11/300 - Loss: 0.9119
Iter 12/300 - Loss: 0.8892
Iter 13/300 - Loss: 0.8741
Iter 14/300 - Loss: 0.8578
Iter 15/300 - Loss: 0.8362
Iter 16/300 - Loss: 0.8063
Iter 17/300 - Loss: 0.7668
Iter 18/300 - Loss: 0.7177
Iter 19/300 - Loss: 0.6602
Iter 20/300 - Loss: 0.5969
Iter 21/300 - Loss: 0.5318
Iter 22/300 - Loss: 0.4685
Iter 23/300 - Loss: 0.4096
Iter 24/300 - Loss: 0.3571
Iter 25/300 - Loss: 0.3113
Iter 26/300 - Loss: 0.2708
Iter 27/300 - Loss: 0.2338
Iter 28/300 - Loss: 0.1980
Iter 29/300 - Loss: 0.1619
Iter 30/300 - Loss: 0.1246
Iter 31/300 - Loss: 0.0856
Iter 32/300 - Loss: 0.0450
Iter 33/300 - Loss: 0.0032
Iter 34/300 - Loss: -0.0390
Iter 35/300 - Loss: -0.0810
Iter 36/300 - Loss: -0.1217
Iter 37/300 - Loss: -0.1606
Iter 38/300 - Loss: -0.1969
Iter 39/300 - Loss: -0.2302
Iter 40/300 - Loss: -0.2602
Iter 41/300 - Loss: -0.2876
Iter 42/300 - Loss: -0.3150
Iter 43/300 - Loss: -0.3400
Iter 44/300 - Loss: -0.3687
Iter 45/300 - Loss: -0.3947
Iter 46/300 - Loss: -0.4211
Iter 47/300 - Loss: -0.4442
Iter 48/300 - Loss: -0.4681
Iter 49/300 - Loss: -0.4881
Iter 50/300 - Loss: -0.5074
Iter 51/300 - Loss: -0.5252
Iter 52/300 - Loss: -0.5410
Iter 53/300 - Loss: -0.5560
Iter 54/300 - Loss: -0.5702
Iter 55/300 - Loss: -0.5837
Iter 56/300 - Loss: -0.5968
Iter 57/300 - Loss: -0.6095
Iter 58/300 - Loss: -0.6214
Iter 59/300 - Loss: -0.6324
Iter 60/300 - Loss: -0.6429
Iter 61/300 - Loss: -0.6523
Iter 62/300 - Loss: -0.6609
Iter 63/300 - Loss: -0.6690
Iter 64/300 - Loss: -0.6767
Iter 65/300 - Loss: -0.6837
Iter 66/300 - Loss: -0.6900
Iter 67/300 - Loss: -0.6957
Iter 68/300 - Loss: -0.7004
Iter 69/300 - Loss: -0.7043
Iter 70/300 - Loss: -0.7080
Iter 71/300 - Loss: -0.7112
Iter 72/300 - Loss: -0.7142
Iter 73/300 - Loss: -0.7169
Iter 74/300 - Loss: -0.7193
Iter 75/300 - Loss: -0.7216
Iter 76/300 - Loss: -0.7236
Iter 77/300 - Loss: -0.7256
Iter 78/300 - Loss: -0.7275
Iter 79/300 - Loss: -0.7293
Iter 80/300 - Loss: -0.7311
Iter 81/300 - Loss: -0.7327
Iter 82/300 - Loss: -0.7342
Iter 83/300 - Loss: -0.7355
Iter 84/300 - Loss: -0.7368
Iter 85/300 - Loss: -0.7379
Iter 86/300 - Loss: -0.7390
Iter 87/300 - Loss: -0.7400
Iter 88/300 - Loss: -0.7409
Iter 89/300 - Loss: -0.7418
Iter 90/300 - Loss: -0.7425
Iter 91/300 - Loss: -0.7432
Iter 92/300 - Loss: -0.7439
Iter 93/300 - Loss: -0.7444
Iter 94/300 - Loss: -0.7450
Iter 95/300 - Loss: -0.7456
Iter 96/300 - Loss: -0.7460
Iter 97/300 - Loss: -0.7465
Iter 98/300 - Loss: -0.7469
Iter 99/300 - Loss: -0.7473
Iter 100/300 - Loss: -0.7476
Iter 101/300 - Loss: -0.7480
Iter 102/300 - Loss: -0.7483
Iter 103/300 - Loss: -0.7486
Iter 104/300 - Loss: -0.7489
Iter 105/300 - Loss: -0.7492
Iter 106/300 - Loss: -0.7495
Iter 107/300 - Loss: -0.7498
Iter 108/300 - Loss: -0.7500
Iter 109/300 - Loss: -0.7503
Iter 110/300 - Loss: -0.7506
Iter 111/300 - Loss: -0.7508
Iter 112/300 - Loss: -0.7510
Iter 113/300 - Loss: -0.7512
Iter 114/300 - Loss: -0.7514
Iter 115/300 - Loss: -0.7516
Iter 116/300 - Loss: -0.7518
Iter 117/300 - Loss: -0.7520
Iter 118/300 - Loss: -0.7522
Iter 119/300 - Loss: -0.7523
Iter 120/300 - Loss: -0.7524
Iter 121/300 - Loss: -0.7526
Iter 122/300 - Loss: -0.7527
Iter 123/300 - Loss: -0.7528
Iter 124/300 - Loss: -0.7529
Iter 125/300 - Loss: -0.7528
Iter 126/300 - Loss: -0.7526
Iter 127/300 - Loss: -0.7522
Iter 128/300 - Loss: -0.7522
Iter 129/300 - Loss: -0.7529
Iter 130/300 - Loss: -0.7535
Iter 131/300 - Loss: -0.7533
Iter 132/300 - Loss: -0.7531
Iter 133/300 - Loss: -0.7536
Iter 134/300 - Loss: -0.7539
Iter 135/300 - Loss: -0.7536
Iter 136/300 - Loss: -0.7538
Iter 137/300 - Loss: -0.7543
Iter 138/300 - Loss: -0.7543
Iter 139/300 - Loss: -0.7544
Iter 140/300 - Loss: -0.7549
Iter 141/300 - Loss: -0.7553
Iter 142/300 - Loss: -0.7557
Iter 143/300 - Loss: -0.7563
Iter 144/300 - Loss: -0.7573
Iter 145/300 - Loss: -0.7583
Iter 146/300 - Loss: -0.7595
Iter 147/300 - Loss: -0.7611
Iter 148/300 - Loss: -0.7630
Iter 149/300 - Loss: -0.7650
Iter 150/300 - Loss: -0.7671
Iter 151/300 - Loss: -0.7693
Iter 152/300 - Loss: -0.7714
Iter 153/300 - Loss: -0.7716
Iter 154/300 - Loss: -0.7718
Iter 155/300 - Loss: -0.7721
Iter 156/300 - Loss: -0.7723
Iter 157/300 - Loss: -0.7726
Iter 158/300 - Loss: -0.7729
Iter 159/300 - Loss: -0.7732
Iter 160/300 - Loss: -0.7735
Iter 161/300 - Loss: -0.7738
Iter 162/300 - Loss: -0.7741
Iter 163/300 - Loss: -0.7744
Iter 164/300 - Loss: -0.7747
Iter 165/300 - Loss: -0.7750
Iter 166/300 - Loss: -0.7753
Iter 167/300 - Loss: -0.7755
Iter 168/300 - Loss: -0.7758
Iter 169/300 - Loss: -0.7761
Iter 170/300 - Loss: -0.7764
Iter 171/300 - Loss: -0.7767
Iter 172/300 - Loss: -0.7769
Iter 173/300 - Loss: -0.7772
Iter 174/300 - Loss: -0.7774
Iter 175/300 - Loss: -0.7777
Iter 176/300 - Loss: -0.7779
Iter 177/300 - Loss: -0.7782
Iter 178/300 - Loss: -0.7784
Iter 179/300 - Loss: -0.7787
Iter 180/300 - Loss: -0.7789
Iter 181/300 - Loss: -0.7791
Iter 182/300 - Loss: -0.7793
Iter 183/300 - Loss: -0.7795
Iter 184/300 - Loss: -0.7798
Iter 185/300 - Loss: -0.7800
Iter 186/300 - Loss: -0.7802
Iter 187/300 - Loss: -0.7804
Iter 188/300 - Loss: -0.7806
Iter 189/300 - Loss: -0.7808
Iter 190/300 - Loss: -0.7809
Iter 191/300 - Loss: -0.7811
Iter 192/300 - Loss: -0.7813
Iter 193/300 - Loss: -0.7815
Iter 194/300 - Loss: -0.7817
Iter 195/300 - Loss: -0.7818
Iter 196/300 - Loss: -0.7820
Iter 197/300 - Loss: -0.7822
Iter 198/300 - Loss: -0.7823
Iter 199/300 - Loss: -0.7825
Iter 200/300 - Loss: -0.7827
Iter 201/300 - Loss: -0.7828
Iter 202/300 - Loss: -0.7830
Iter 203/300 - Loss: -0.7831
Iter 204/300 - Loss: -0.7833
Iter 205/300 - Loss: -0.7834
Iter 206/300 - Loss: -0.7836
Iter 207/300 - Loss: -0.7837
Iter 208/300 - Loss: -0.7838
Iter 209/300 - Loss: -0.7840
Iter 210/300 - Loss: -0.7841
Iter 211/300 - Loss: -0.7842
Iter 212/300 - Loss: -0.7843
Iter 213/300 - Loss: -0.7845
Iter 214/300 - Loss: -0.7846
Iter 215/300 - Loss: -0.7847
Iter 216/300 - Loss: -0.7848
Iter 217/300 - Loss: -0.7849
Iter 218/300 - Loss: -0.7851
Iter 219/300 - Loss: -0.7852
Iter 220/300 - Loss: -0.7853
Iter 221/300 - Loss: -0.7854
Iter 222/300 - Loss: -0.7855
Iter 223/300 - Loss: -0.7856
Iter 224/300 - Loss: -0.7857
Iter 225/300 - Loss: -0.7858
Iter 226/300 - Loss: -0.7859
Iter 227/300 - Loss: -0.7860
Iter 228/300 - Loss: -0.7861
Iter 229/300 - Loss: -0.7862
Iter 230/300 - Loss: -0.7863
Iter 231/300 - Loss: -0.7864
Iter 232/300 - Loss: -0.7865
Iter 233/300 - Loss: -0.7866
Iter 234/300 - Loss: -0.7867
Iter 235/300 - Loss: -0.7868
Iter 236/300 - Loss: -0.7869
Iter 237/300 - Loss: -0.7870
Iter 238/300 - Loss: -0.7870
Iter 239/300 - Loss: -0.7871
Iter 240/300 - Loss: -0.7872
Iter 241/300 - Loss: -0.7873
Iter 242/300 - Loss: -0.7874
Iter 243/300 - Loss: -0.7875
Iter 244/300 - Loss: -0.7875
Iter 245/300 - Loss: -0.7876
Iter 246/300 - Loss: -0.7877
Iter 247/300 - Loss: -0.7878
Iter 248/300 - Loss: -0.7879
Iter 249/300 - Loss: -0.7879
Iter 250/300 - Loss: -0.7880
Iter 251/300 - Loss: -0.7881
Iter 252/300 - Loss: -0.7882
Iter 253/300 - Loss: -0.7882
Iter 254/300 - Loss: -0.7883
Iter 255/300 - Loss: -0.7884
Iter 256/300 - Loss: -0.7885
Iter 257/300 - Loss: -0.7885
Iter 258/300 - Loss: -0.7886
Iter 259/300 - Loss: -0.7887
Iter 260/300 - Loss: -0.7887
Iter 261/300 - Loss: -0.7888
Iter 262/300 - Loss: -0.7889
Iter 263/300 - Loss: -0.7890
Iter 264/300 - Loss: -0.7890
Iter 265/300 - Loss: -0.7891
Iter 266/300 - Loss: -0.7892
Iter 267/300 - Loss: -0.7892
Iter 268/300 - Loss: -0.7893
Iter 269/300 - Loss: -0.7894
Iter 270/300 - Loss: -0.7894
Iter 271/300 - Loss: -0.7895
Iter 272/300 - Loss: -0.7896
Iter 273/300 - Loss: -0.7896
Iter 274/300 - Loss: -0.7897
Iter 275/300 - Loss: -0.7897
Iter 276/300 - Loss: -0.7898
Iter 277/300 - Loss: -0.7899
Iter 278/300 - Loss: -0.7899
Iter 279/300 - Loss: -0.7900
Iter 280/300 - Loss: -0.7901
Iter 281/300 - Loss: -0.7901
Iter 282/300 - Loss: -0.7902
Iter 283/300 - Loss: -0.7902
Iter 284/300 - Loss: -0.7903
Iter 285/300 - Loss: -0.7904
Iter 286/300 - Loss: -0.7904
Iter 287/300 - Loss: -0.7905
Iter 288/300 - Loss: -0.7905
Iter 289/300 - Loss: -0.7906
Iter 290/300 - Loss: -0.7907
Iter 291/300 - Loss: -0.7907
Iter 292/300 - Loss: -0.7908
Iter 293/300 - Loss: -0.7908
Iter 294/300 - Loss: -0.7909
Iter 295/300 - Loss: -0.7910
Iter 296/300 - Loss: -0.7910
Iter 297/300 - Loss: -0.7911
Iter 298/300 - Loss: -0.7911
Iter 299/300 - Loss: -0.7912
Iter 300/300 - Loss: -0.7913
