Leaving out Box9_1400
{'ns': 0.97000003, 'H0': 67.0, 'w0': -1.0, 'ombh2': 0.0223, 'omch2': 0.12, 'nu_mass_ev': 0.07071068, '10^9 As': 2.10100315}
(2030, 8)
(2030, 4)
scaling input
(2030, 8)
scaling output
(2030, 4)
1
Iter 1/200 - Loss: 2.6962
Iter 2/200 - Loss: 1.5327
Iter 3/200 - Loss: 0.9432
Iter 4/200 - Loss: 1.0093
Iter 5/200 - Loss: 0.8878
Iter 6/200 - Loss: 0.8044
Iter 7/200 - Loss: 0.5701
Iter 8/200 - Loss: 0.2859
Iter 9/200 - Loss: 0.1009
Iter 10/200 - Loss: 0.0507
Iter 11/200 - Loss: 0.0265
Iter 12/200 - Loss: -0.0165
Iter 13/200 - Loss: -0.0718
Iter 14/200 - Loss: -0.1211
Iter 15/200 - Loss: -0.1533
Iter 16/200 - Loss: -0.1727
Iter 17/200 - Loss: -0.2168
Iter 18/200 - Loss: -0.2908
Iter 19/200 - Loss: -0.3855
Iter 20/200 - Loss: -0.4765
Iter 21/200 - Loss: -0.5391
Iter 22/200 - Loss: -0.5505
Iter 23/200 - Loss: -0.5508
Iter 24/200 - Loss: -0.5554
Iter 25/200 - Loss: -0.5577
Iter 26/200 - Loss: -0.5648
Iter 27/200 - Loss: -0.5685
Iter 28/200 - Loss: -0.5772
Iter 29/200 - Loss: -0.5826
Iter 30/200 - Loss: -0.5927
Iter 31/200 - Loss: -0.5986
Iter 32/200 - Loss: -0.6053
Iter 33/200 - Loss: -0.6181
Iter 34/200 - Loss: -0.6312
Iter 35/200 - Loss: -0.6384
Iter 36/200 - Loss: -0.6482
Iter 37/200 - Loss: -0.6612
Iter 38/200 - Loss: -0.6666
Iter 39/200 - Loss: -0.6730
Iter 40/200 - Loss: -0.6830
Iter 41/200 - Loss: -0.6904
Iter 42/200 - Loss: -0.7010
Iter 43/200 - Loss: -0.7070
Iter 44/200 - Loss: -0.7159
Iter 45/200 - Loss: -0.7245
Iter 46/200 - Loss: -0.7311
Iter 47/200 - Loss: -0.7398
Iter 48/200 - Loss: -0.7470
Iter 49/200 - Loss: -0.7532
Iter 50/200 - Loss: -0.7614
Iter 51/200 - Loss: -0.7701
Iter 52/200 - Loss: -0.7783
Iter 53/200 - Loss: -0.7869
Iter 54/200 - Loss: -0.7950
Iter 55/200 - Loss: -0.8032
Iter 56/200 - Loss: -0.8112
Iter 57/200 - Loss: -0.8183
Iter 58/200 - Loss: -0.8260
Iter 59/200 - Loss: -0.8342
Iter 60/200 - Loss: -0.8415
Iter 61/200 - Loss: -0.8487
Iter 62/200 - Loss: -0.8554
Iter 63/200 - Loss: -0.8612
Iter 64/200 - Loss: -0.8667
Iter 65/200 - Loss: -0.8719
Iter 66/200 - Loss: -0.8767
Iter 67/200 - Loss: -0.8819
Iter 68/200 - Loss: -0.8872
Iter 69/200 - Loss: -0.8922
Iter 70/200 - Loss: -0.8975
Iter 71/200 - Loss: -0.9026
Iter 72/200 - Loss: -0.9071
Iter 73/200 - Loss: -0.9117
Iter 74/200 - Loss: -0.9154
Iter 75/200 - Loss: -0.9189
Iter 76/200 - Loss: -0.9225
Iter 77/200 - Loss: -0.9261
Iter 78/200 - Loss: -0.9298
Iter 79/200 - Loss: -0.9337
Iter 80/200 - Loss: -0.9377
Iter 81/200 - Loss: -0.9411
Iter 82/200 - Loss: -0.9447
Iter 83/200 - Loss: -0.9482
Iter 84/200 - Loss: -0.9517
Iter 85/200 - Loss: -0.9549
Iter 86/200 - Loss: -0.9584
Iter 87/200 - Loss: -0.9615
Iter 88/200 - Loss: -0.9648
Iter 89/200 - Loss: -0.9678
Iter 90/200 - Loss: -0.9708
Iter 91/200 - Loss: -0.9734
Iter 92/200 - Loss: -0.9763
Iter 93/200 - Loss: -0.9782
Iter 94/200 - Loss: -0.9806
Iter 95/200 - Loss: -0.9825
Iter 96/200 - Loss: -0.9848
Iter 97/200 - Loss: -0.9862
Iter 98/200 - Loss: -0.9882
Iter 99/200 - Loss: -0.9897
Iter 100/200 - Loss: -0.9913
Iter 101/200 - Loss: -0.9926
Iter 102/200 - Loss: -0.9937
Iter 103/200 - Loss: -0.9943
Iter 104/200 - Loss: -0.9941
Iter 105/200 - Loss: -0.9943
Iter 106/200 - Loss: -0.9945
Iter 107/200 - Loss: -0.9948
Iter 108/200 - Loss: -0.9949
Iter 109/200 - Loss: -0.9951
Iter 110/200 - Loss: -0.9951
Iter 111/200 - Loss: -0.9953
Iter 112/200 - Loss: -0.9954
Iter 113/200 - Loss: -0.9950
Iter 114/200 - Loss: -0.9957
Iter 115/200 - Loss: -0.9956
Iter 116/200 - Loss: -0.9955
Iter 117/200 - Loss: -0.9959
Iter 118/200 - Loss: -0.9958
Iter 119/200 - Loss: -0.9960
Iter 120/200 - Loss: -0.9961
Iter 121/200 - Loss: -0.9967
Iter 122/200 - Loss: -0.9965
Iter 123/200 - Loss: -0.9964
Iter 124/200 - Loss: -0.9967
Iter 125/200 - Loss: -0.9968
Iter 126/200 - Loss: -0.9971
Iter 127/200 - Loss: -0.9974
Iter 128/200 - Loss: -0.9971
Iter 129/200 - Loss: -0.9973
Iter 130/200 - Loss: -0.9975
Iter 131/200 - Loss: -0.9975
Iter 132/200 - Loss: -0.9979
Iter 133/200 - Loss: -0.9977
Iter 134/200 - Loss: -0.9978
Iter 135/200 - Loss: -0.9982
Iter 136/200 - Loss: -0.9982
Iter 137/200 - Loss: -0.9978
Iter 138/200 - Loss: -0.9983
Iter 139/200 - Loss: -0.9981
Iter 140/200 - Loss: -0.9987
Iter 141/200 - Loss: -0.9984
Iter 142/200 - Loss: -0.9988
Iter 143/200 - Loss: -0.9987
Iter 144/200 - Loss: -0.9989
Iter 145/200 - Loss: -0.9990
Iter 146/200 - Loss: -0.9994
Iter 147/200 - Loss: -0.9994
Iter 148/200 - Loss: -0.9993
Iter 149/200 - Loss: -0.9995
Iter 150/200 - Loss: -0.9997
Iter 151/200 - Loss: -1.0000
Iter 152/200 - Loss: -1.0002
Iter 153/200 - Loss: -1.0002
Iter 154/200 - Loss: -1.0003
Iter 155/200 - Loss: -1.0006
Iter 156/200 - Loss: -1.0006
Iter 157/200 - Loss: -1.0005
Iter 158/200 - Loss: -1.0009
Iter 159/200 - Loss: -1.0009
Iter 160/200 - Loss: -1.0007
Iter 161/200 - Loss: -1.0005
Iter 162/200 - Loss: -1.0012
Iter 163/200 - Loss: -1.0011
Iter 164/200 - Loss: -1.0016
Iter 165/200 - Loss: -1.0010
Iter 166/200 - Loss: -1.0018
Iter 167/200 - Loss: -1.0017
Iter 168/200 - Loss: -1.0017
Iter 169/200 - Loss: -1.0018
Iter 170/200 - Loss: -1.0017
Iter 171/200 - Loss: -1.0022
Iter 172/200 - Loss: -1.0020
Iter 173/200 - Loss: -1.0021
Iter 174/200 - Loss: -1.0020
Iter 175/200 - Loss: -1.0028
Iter 176/200 - Loss: -1.0025
Iter 177/200 - Loss: -1.0028
Iter 178/200 - Loss: -1.0029
Iter 179/200 - Loss: -1.0026
Iter 180/200 - Loss: -1.0028
Iter 181/200 - Loss: -1.0034
Iter 182/200 - Loss: -1.0035
Iter 183/200 - Loss: -1.0034
Iter 184/200 - Loss: -1.0037
Iter 185/200 - Loss: -1.0039
Iter 186/200 - Loss: -1.0037
Iter 187/200 - Loss: -1.0036
Iter 188/200 - Loss: -1.0041
Iter 189/200 - Loss: -1.0045
Iter 190/200 - Loss: -1.0041
Iter 191/200 - Loss: -1.0043
Iter 192/200 - Loss: -1.0045
Iter 193/200 - Loss: -1.0044
Iter 194/200 - Loss: -1.0046
Iter 195/200 - Loss: -1.0049
Iter 196/200 - Loss: -1.0045
Iter 197/200 - Loss: -1.0050
Iter 198/200 - Loss: -1.0053
Iter 199/200 - Loss: -1.0053
Iter 200/200 - Loss: -1.0052
