Leaving out Box19_1400
alist [1.0, 0.953321, 0.866399, 0.787402, 0.715608, 0.65036, 0.620002, 0.591061, 0.563471, 0.537169, 0.512095, 0.488191, 0.403224, 0.366459]
{'ns': 0.97000003, 'H0': 67.0, 'w0': -1.0, 'ombh2': 0.0223, 'omch2': 0.12, 'nu_mass_ev': 0.07071068, '10^9 As': 2.10100315}
[[ 2.42947729e+00  9.75628850e-01  6.13238563e+01 -8.87292090e-01
   2.24622400e-02  8.08697000e-02  1.29516830e-01  1.00000000e+00
   6.21704115e-01]
 [ 2.42947729e+00  9.75628850e-01  6.13238563e+01 -8.87292090e-01
   2.24622400e-02  8.08697000e-02  1.29516830e-01  9.53321000e-01
   6.07059449e-01]
 [ 2.42947729e+00  9.75628850e-01  6.13238563e+01 -8.87292090e-01
   2.24622400e-02  8.08697000e-02  1.29516830e-01  8.66399000e-01
   5.76693313e-01]
 [ 2.42947729e+00  9.75628850e-01  6.13238563e+01 -8.87292090e-01
   2.24622400e-02  8.08697000e-02  1.29516830e-01  7.87402000e-01
   5.45133171e-01]
 [ 2.42947729e+00  9.75628850e-01  6.13238563e+01 -8.87292090e-01
   2.24622400e-02  8.08697000e-02  1.29516830e-01  7.15608000e-01
   5.12809450e-01]
 [ 2.42947729e+00  9.75628850e-01  6.13238563e+01 -8.87292090e-01
   2.24622400e-02  8.08697000e-02  1.29516830e-01  6.50360000e-01
   4.80160336e-01]
 [ 2.42947729e+00  9.75628850e-01  6.13238563e+01 -8.87292090e-01
   2.24622400e-02  8.08697000e-02  1.29516830e-01  6.20002000e-01
   4.63855031e-01]
 [ 2.42947729e+00  9.75628850e-01  6.13238563e+01 -8.87292090e-01
   2.24622400e-02  8.08697000e-02  1.29516830e-01  5.91061000e-01
   4.47635272e-01]
 [ 2.42947729e+00  9.75628850e-01  6.13238563e+01 -8.87292090e-01
   2.24622400e-02  8.08697000e-02  1.29516830e-01  5.63471000e-01
   4.31552849e-01]
 [ 2.42947729e+00  9.75628850e-01  6.13238563e+01 -8.87292090e-01
   2.24622400e-02  8.08697000e-02  1.29516830e-01  5.37169000e-01
   4.15656201e-01]
 [ 2.42947729e+00  9.75628850e-01  6.13238563e+01 -8.87292090e-01
   2.24622400e-02  8.08697000e-02  1.29516830e-01  5.12095000e-01
   3.99990167e-01]
 [ 2.42947729e+00  9.75628850e-01  6.13238563e+01 -8.87292090e-01
   2.24622400e-02  8.08697000e-02  1.29516830e-01  4.88191000e-01
   3.84594487e-01]
 [ 2.42947729e+00  9.75628850e-01  6.13238563e+01 -8.87292090e-01
   2.24622400e-02  8.08697000e-02  1.29516830e-01  4.03224000e-01
   3.26361817e-01]
 [ 2.42947729e+00  9.75628850e-01  6.13238563e+01 -8.87292090e-01
   2.24622400e-02  8.08697000e-02  1.29516830e-01  3.66459000e-01
   2.99575271e-01]]
[[0.42785615 0.3727271  1.75862316 1.17047982]
 [0.42337431 0.37965992 1.7753912  1.17383774]
 [0.41196512 0.38981998 1.78528688 1.17270719]
 [0.4005329  0.38686653 1.81377573 1.17779892]
 [0.38872566 0.37979195 1.84427924 1.18206657]
 [0.37783375 0.36733068 1.87806948 1.18746863]
 [0.37174807 0.34785072 1.92050098 1.19753474]
 [0.3662355  0.33937699 1.93885062 1.19926462]
 [0.36458859 0.34196966 1.93558582 1.20023147]
 [0.35937373 0.34167608 1.93917788 1.1974784 ]
 [0.35556305 0.34612842 1.93111213 1.19324544]
 [0.35322876 0.34533575 1.93426456 1.19399777]
 [0.33761404 0.34715236 1.93528995 1.18632912]
 [0.34260533 0.3471019  1.93330299 1.19388775]]
(2030, 9)
(2030, 4)
scaling input
(2030, 9)
scaling output
(2030, 4)
Iter 1/300 - Loss: 2.8640
Iter 2/300 - Loss: 2.5269
Iter 3/300 - Loss: 2.2193
Iter 4/300 - Loss: 1.9435
Iter 5/300 - Loss: 1.7000
Iter 6/300 - Loss: 1.4894
Iter 7/300 - Loss: 1.3144
Iter 8/300 - Loss: 1.1774
Iter 9/300 - Loss: 1.0772
Iter 10/300 - Loss: 1.0127
Iter 11/300 - Loss: 0.9800
Iter 12/300 - Loss: 0.9685
Iter 13/300 - Loss: 0.9613
Iter 14/300 - Loss: 0.9465
Iter 15/300 - Loss: 0.9218
Iter 16/300 - Loss: 0.8876
Iter 17/300 - Loss: 0.8416
Iter 18/300 - Loss: 0.7845
Iter 19/300 - Loss: 0.7236
Iter 20/300 - Loss: 0.6630
Iter 21/300 - Loss: 0.6027
Iter 22/300 - Loss: 0.5478
Iter 23/300 - Loss: 0.5002
Iter 24/300 - Loss: 0.4578
Iter 25/300 - Loss: 0.4196
Iter 26/300 - Loss: 0.3851
Iter 27/300 - Loss: 0.3524
Iter 28/300 - Loss: 0.3194
Iter 29/300 - Loss: 0.2855
Iter 30/300 - Loss: 0.2506
Iter 31/300 - Loss: 0.2151
Iter 32/300 - Loss: 0.1792
Iter 33/300 - Loss: 0.1434
Iter 34/300 - Loss: 0.1085
Iter 35/300 - Loss: 0.0754
Iter 36/300 - Loss: 0.0449
Iter 37/300 - Loss: 0.0173
Iter 38/300 - Loss: -0.0078
Iter 39/300 - Loss: -0.0301
Iter 40/300 - Loss: -0.0502
Iter 41/300 - Loss: -0.0691
Iter 42/300 - Loss: -0.0873
Iter 43/300 - Loss: -0.1050
Iter 44/300 - Loss: -0.1227
Iter 45/300 - Loss: -0.1397
Iter 46/300 - Loss: -0.1555
Iter 47/300 - Loss: -0.1696
Iter 48/300 - Loss: -0.1821
Iter 49/300 - Loss: -0.1929
Iter 50/300 - Loss: -0.2028
Iter 51/300 - Loss: -0.2121
Iter 52/300 - Loss: -0.2216
Iter 53/300 - Loss: -0.2312
Iter 54/300 - Loss: -0.2410
Iter 55/300 - Loss: -0.2509
Iter 56/300 - Loss: -0.2607
Iter 57/300 - Loss: -0.2699
Iter 58/300 - Loss: -0.2783
Iter 59/300 - Loss: -0.2857
Iter 60/300 - Loss: -0.2918
Iter 61/300 - Loss: -0.2967
Iter 62/300 - Loss: -0.3007
Iter 63/300 - Loss: -0.3040
Iter 64/300 - Loss: -0.3068
Iter 65/300 - Loss: -0.3090
Iter 66/300 - Loss: -0.3099
Iter 67/300 - Loss: -0.3101
Iter 68/300 - Loss: -0.3142
Iter 69/300 - Loss: -0.3148
Iter 70/300 - Loss: -0.3149
Iter 71/300 - Loss: -0.3177
Iter 72/300 - Loss: -0.3174
Iter 73/300 - Loss: -0.3203
Iter 74/300 - Loss: -0.3211
Iter 75/300 - Loss: -0.3225
Iter 76/300 - Loss: -0.3242
Iter 77/300 - Loss: -0.3241
Iter 78/300 - Loss: -0.3259
Iter 79/300 - Loss: -0.3257
Iter 80/300 - Loss: -0.3268
Iter 81/300 - Loss: -0.3271
Iter 82/300 - Loss: -0.3274
Iter 83/300 - Loss: -0.3280
Iter 84/300 - Loss: -0.3279
Iter 85/300 - Loss: -0.3285
Iter 86/300 - Loss: -0.3284
Iter 87/300 - Loss: -0.3292
Iter 88/300 - Loss: -0.3293
Iter 89/300 - Loss: -0.3300
Iter 90/300 - Loss: -0.3302
Iter 91/300 - Loss: -0.3306
Iter 92/300 - Loss: -0.3309
Iter 93/300 - Loss: -0.3310
Iter 94/300 - Loss: -0.3313
Iter 95/300 - Loss: -0.3313
Iter 96/300 - Loss: -0.3316
Iter 97/300 - Loss: -0.3317
Iter 98/300 - Loss: -0.3317
Iter 99/300 - Loss: -0.3319
Iter 100/300 - Loss: -0.3320
Iter 101/300 - Loss: -0.3322
Iter 102/300 - Loss: -0.3324
Iter 103/300 - Loss: -0.3325
Iter 104/300 - Loss: -0.3327
Iter 105/300 - Loss: -0.3327
Iter 106/300 - Loss: -0.3329
Iter 107/300 - Loss: -0.3329
Iter 108/300 - Loss: -0.3330
Iter 109/300 - Loss: -0.3332
Iter 110/300 - Loss: -0.3332
Iter 111/300 - Loss: -0.3333
Iter 112/300 - Loss: -0.3334
Iter 113/300 - Loss: -0.3336
Iter 114/300 - Loss: -0.3337
Iter 115/300 - Loss: -0.3339
Iter 116/300 - Loss: -0.3343
Iter 117/300 - Loss: -0.3348
Iter 118/300 - Loss: -0.3355
Iter 119/300 - Loss: -0.3366
Iter 120/300 - Loss: -0.3382
Iter 121/300 - Loss: -0.3406
Iter 122/300 - Loss: -0.3438
Iter 123/300 - Loss: -0.3479
Iter 124/300 - Loss: -0.3522
Iter 125/300 - Loss: -0.3563
Iter 126/300 - Loss: -0.3599
Iter 127/300 - Loss: -0.3632
Iter 128/300 - Loss: -0.3663
Iter 129/300 - Loss: -0.3694
Iter 130/300 - Loss: -0.3724
Iter 131/300 - Loss: -0.3754
Iter 132/300 - Loss: -0.3784
Iter 133/300 - Loss: -0.3813
Iter 134/300 - Loss: -0.3839
Iter 135/300 - Loss: -0.3860
Iter 136/300 - Loss: -0.3875
Iter 137/300 - Loss: -0.3888
Iter 138/300 - Loss: -0.3901
Iter 139/300 - Loss: -0.3913
Iter 140/300 - Loss: -0.3926
Iter 141/300 - Loss: -0.3938
Iter 142/300 - Loss: -0.3951
Iter 143/300 - Loss: -0.3963
Iter 144/300 - Loss: -0.3974
Iter 145/300 - Loss: -0.3984
Iter 146/300 - Loss: -0.3993
Iter 147/300 - Loss: -0.4002
Iter 148/300 - Loss: -0.4011
Iter 149/300 - Loss: -0.4021
Iter 150/300 - Loss: -0.4032
Iter 151/300 - Loss: -0.4043
Iter 152/300 - Loss: -0.4054
Iter 153/300 - Loss: -0.4056
Iter 154/300 - Loss: -0.4057
Iter 155/300 - Loss: -0.4058
Iter 156/300 - Loss: -0.4059
Iter 157/300 - Loss: -0.4060
Iter 158/300 - Loss: -0.4062
Iter 159/300 - Loss: -0.4063
Iter 160/300 - Loss: -0.4064
Iter 161/300 - Loss: -0.4065
Iter 162/300 - Loss: -0.4067
Iter 163/300 - Loss: -0.4068
Iter 164/300 - Loss: -0.4069
Iter 165/300 - Loss: -0.4070
Iter 166/300 - Loss: -0.4072
Iter 167/300 - Loss: -0.4073
Iter 168/300 - Loss: -0.4074
Iter 169/300 - Loss: -0.4075
Iter 170/300 - Loss: -0.4077
Iter 171/300 - Loss: -0.4078
Iter 172/300 - Loss: -0.4079
Iter 173/300 - Loss: -0.4081
Iter 174/300 - Loss: -0.4082
Iter 175/300 - Loss: -0.4083
Iter 176/300 - Loss: -0.4085
Iter 177/300 - Loss: -0.4086
Iter 178/300 - Loss: -0.4087
Iter 179/300 - Loss: -0.4089
Iter 180/300 - Loss: -0.4090
Iter 181/300 - Loss: -0.4092
Iter 182/300 - Loss: -0.4093
Iter 183/300 - Loss: -0.4094
Iter 184/300 - Loss: -0.4096
Iter 185/300 - Loss: -0.4097
Iter 186/300 - Loss: -0.4099
Iter 187/300 - Loss: -0.4100
Iter 188/300 - Loss: -0.4101
Iter 189/300 - Loss: -0.4103
Iter 190/300 - Loss: -0.4104
Iter 191/300 - Loss: -0.4106
Iter 192/300 - Loss: -0.4107
Iter 193/300 - Loss: -0.4109
Iter 194/300 - Loss: -0.4110
Iter 195/300 - Loss: -0.4111
Iter 196/300 - Loss: -0.4113
Iter 197/300 - Loss: -0.4114
Iter 198/300 - Loss: -0.4116
Iter 199/300 - Loss: -0.4117
Iter 200/300 - Loss: -0.4119
Iter 201/300 - Loss: -0.4120
Iter 202/300 - Loss: -0.4122
Iter 203/300 - Loss: -0.4123
Iter 204/300 - Loss: -0.4125
Iter 205/300 - Loss: -0.4126
Iter 206/300 - Loss: -0.4128
Iter 207/300 - Loss: -0.4129
Iter 208/300 - Loss: -0.4131
Iter 209/300 - Loss: -0.4132
Iter 210/300 - Loss: -0.4134
Iter 211/300 - Loss: -0.4136
Iter 212/300 - Loss: -0.4137
Iter 213/300 - Loss: -0.4139
Iter 214/300 - Loss: -0.4140
Iter 215/300 - Loss: -0.4142
Iter 216/300 - Loss: -0.4143
Iter 217/300 - Loss: -0.4145
Iter 218/300 - Loss: -0.4147
Iter 219/300 - Loss: -0.4148
Iter 220/300 - Loss: -0.4150
Iter 221/300 - Loss: -0.4151
Iter 222/300 - Loss: -0.4153
Iter 223/300 - Loss: -0.4155
Iter 224/300 - Loss: -0.4156
Iter 225/300 - Loss: -0.4158
Iter 226/300 - Loss: -0.4159
Iter 227/300 - Loss: -0.4161
Iter 228/300 - Loss: -0.4163
Iter 229/300 - Loss: -0.4164
Iter 230/300 - Loss: -0.4166
Iter 231/300 - Loss: -0.4168
Iter 232/300 - Loss: -0.4169
Iter 233/300 - Loss: -0.4171
Iter 234/300 - Loss: -0.4173
Iter 235/300 - Loss: -0.4174
Iter 236/300 - Loss: -0.4176
Iter 237/300 - Loss: -0.4178
Iter 238/300 - Loss: -0.4179
Iter 239/300 - Loss: -0.4181
Iter 240/300 - Loss: -0.4183
Iter 241/300 - Loss: -0.4185
Iter 242/300 - Loss: -0.4186
Iter 243/300 - Loss: -0.4188
Iter 244/300 - Loss: -0.4190
Iter 245/300 - Loss: -0.4191
Iter 246/300 - Loss: -0.4193
Iter 247/300 - Loss: -0.4195
Iter 248/300 - Loss: -0.4197
Iter 249/300 - Loss: -0.4198
Iter 250/300 - Loss: -0.4200
Iter 251/300 - Loss: -0.4202
Iter 252/300 - Loss: -0.4204
Iter 253/300 - Loss: -0.4206
Iter 254/300 - Loss: -0.4207
Iter 255/300 - Loss: -0.4209
Iter 256/300 - Loss: -0.4211
Iter 257/300 - Loss: -0.4213
Iter 258/300 - Loss: -0.4215
Iter 259/300 - Loss: -0.4216
Iter 260/300 - Loss: -0.4218
Iter 261/300 - Loss: -0.4220
Iter 262/300 - Loss: -0.4222
Iter 263/300 - Loss: -0.4224
Iter 264/300 - Loss: -0.4225
Iter 265/300 - Loss: -0.4227
Iter 266/300 - Loss: -0.4229
Iter 267/300 - Loss: -0.4231
Iter 268/300 - Loss: -0.4233
Iter 269/300 - Loss: -0.4235
Iter 270/300 - Loss: -0.4237
Iter 271/300 - Loss: -0.4239
Iter 272/300 - Loss: -0.4240
Iter 273/300 - Loss: -0.4242
Iter 274/300 - Loss: -0.4244
Iter 275/300 - Loss: -0.4246
Iter 276/300 - Loss: -0.4248
Iter 277/300 - Loss: -0.4250
Iter 278/300 - Loss: -0.4252
Iter 279/300 - Loss: -0.4254
Iter 280/300 - Loss: -0.4256
Iter 281/300 - Loss: -0.4258
Iter 282/300 - Loss: -0.4259
Iter 283/300 - Loss: -0.4261
Iter 284/300 - Loss: -0.4263
Iter 285/300 - Loss: -0.4265
Iter 286/300 - Loss: -0.4267
Iter 287/300 - Loss: -0.4269
Iter 288/300 - Loss: -0.4271
Iter 289/300 - Loss: -0.4273
Iter 290/300 - Loss: -0.4275
Iter 291/300 - Loss: -0.4277
Iter 292/300 - Loss: -0.4279
Iter 293/300 - Loss: -0.4281
Iter 294/300 - Loss: -0.4283
Iter 295/300 - Loss: -0.4285
Iter 296/300 - Loss: -0.4287
Iter 297/300 - Loss: -0.4289
Iter 298/300 - Loss: -0.4291
Iter 299/300 - Loss: -0.4293
Iter 300/300 - Loss: -0.4295
