Leaving out Box91_1400
alist [1.0, 0.953321, 0.866399, 0.787402, 0.715608, 0.65036, 0.620002, 0.591061, 0.563471, 0.537169, 0.512095, 0.488191, 0.403224, 0.366459]
{'ns': 0.97000003, 'H0': 67.0, 'w0': -1.0, 'ombh2': 0.0223, 'omch2': 0.12, 'nu_mass_ev': 0.07071068, '10^9 As': 2.10100315}
[[ 2.06242046e+00  9.50752320e-01  6.76090698e+01 -1.11369073e+00
   2.47612900e-02  1.36959670e-01  1.51340700e-02  1.00000000e+00
   8.81128619e-01]
 [ 2.06242046e+00  9.50752320e-01  6.76090698e+01 -1.11369073e+00
   2.47612900e-02  1.36959670e-01  1.51340700e-02  9.53321000e-01
   8.57001663e-01]
 [ 2.06242046e+00  9.50752320e-01  6.76090698e+01 -1.11369073e+00
   2.47612900e-02  1.36959670e-01  1.51340700e-02  8.66399000e-01
   8.06990114e-01]
 [ 2.06242046e+00  9.50752320e-01  6.76090698e+01 -1.11369073e+00
   2.47612900e-02  1.36959670e-01  1.51340700e-02  7.87402000e-01
   7.55424979e-01]
 [ 2.06242046e+00  9.50752320e-01  6.76090698e+01 -1.11369073e+00
   2.47612900e-02  1.36959670e-01  1.51340700e-02  7.15608000e-01
   7.03311515e-01]
 [ 2.06242046e+00  9.50752320e-01  6.76090698e+01 -1.11369073e+00
   2.47612900e-02  1.36959670e-01  1.51340700e-02  6.50360000e-01
   6.51630072e-01]
 [ 2.06242046e+00  9.50752320e-01  6.76090698e+01 -1.11369073e+00
   2.47612900e-02  1.36959670e-01  1.51340700e-02  6.20002000e-01
   6.26228151e-01]
 [ 2.06242046e+00  9.50752320e-01  6.76090698e+01 -1.11369073e+00
   2.47612900e-02  1.36959670e-01  1.51340700e-02  5.91061000e-01
   6.01245856e-01]
 [ 2.06242046e+00  9.50752320e-01  6.76090698e+01 -1.11369073e+00
   2.47612900e-02  1.36959670e-01  1.51340700e-02  5.63471000e-01
   5.76764246e-01]
 [ 2.06242046e+00  9.50752320e-01  6.76090698e+01 -1.11369073e+00
   2.47612900e-02  1.36959670e-01  1.51340700e-02  5.37169000e-01
   5.52851276e-01]
 [ 2.06242046e+00  9.50752320e-01  6.76090698e+01 -1.11369073e+00
   2.47612900e-02  1.36959670e-01  1.51340700e-02  5.12095000e-01
   5.29563246e-01]
 [ 2.06242046e+00  9.50752320e-01  6.76090698e+01 -1.11369073e+00
   2.47612900e-02  1.36959670e-01  1.51340700e-02  4.88191000e-01
   5.06943362e-01]
 [ 2.06242046e+00  9.50752320e-01  6.76090698e+01 -1.11369073e+00
   2.47612900e-02  1.36959670e-01  1.51340700e-02  4.03224000e-01
   4.23671965e-01]
 [ 2.06242046e+00  9.50752320e-01  6.76090698e+01 -1.11369073e+00
   2.47612900e-02  1.36959670e-01  1.51340700e-02  3.66459000e-01
   3.86492892e-01]]
[[0.53168983 0.96280576 2.26301179 1.31323594]
 [0.51827063 0.89625621 2.26434242 1.31708527]
 [0.50136114 0.87414215 2.26358419 1.31619598]
 [0.48703353 0.85680214 2.26171758 1.3133731 ]
 [0.4745307  0.85119922 2.2598931  1.3079867 ]
 [0.46074653 0.8446047  2.25951331 1.30082336]
 [0.45489109 0.83415474 2.25986906 1.29823632]
 [0.44738292 0.82517082 2.26037426 1.29283568]
 [0.44230124 0.82513057 2.25931655 1.28950375]
 [0.43865684 0.82930322 2.25801488 1.28791802]
 [0.43317265 0.83354254 2.25687714 1.2816086 ]
 [0.42746922 0.82608142 2.25769947 1.27776899]
 [0.41208469 0.83103416 2.25644476 1.269187  ]
 [0.40329341 0.83049668 2.25678872 1.26287784]]
(2030, 9)
(2030, 4)
scaling input
(2030, 9)
scaling output
(2030, 4)
Iter 1/300 - Loss: 3.0902
Iter 2/300 - Loss: 2.7466
Iter 3/300 - Loss: 2.4289
Iter 4/300 - Loss: 2.1403
Iter 5/300 - Loss: 1.8816
Iter 6/300 - Loss: 1.6521
Iter 7/300 - Loss: 1.4527
Iter 8/300 - Loss: 1.2872
Iter 9/300 - Loss: 1.1583
Iter 10/300 - Loss: 1.0646
Iter 11/300 - Loss: 1.0029
Iter 12/300 - Loss: 0.9674
Iter 13/300 - Loss: 0.9485
Iter 14/300 - Loss: 0.9324
Iter 15/300 - Loss: 0.9079
Iter 16/300 - Loss: 0.8723
Iter 17/300 - Loss: 0.8273
Iter 18/300 - Loss: 0.7739
Iter 19/300 - Loss: 0.7125
Iter 20/300 - Loss: 0.6448
Iter 21/300 - Loss: 0.5748
Iter 22/300 - Loss: 0.5078
Iter 23/300 - Loss: 0.4473
Iter 24/300 - Loss: 0.3946
Iter 25/300 - Loss: 0.3488
Iter 26/300 - Loss: 0.3085
Iter 27/300 - Loss: 0.2718
Iter 28/300 - Loss: 0.2365
Iter 29/300 - Loss: 0.2005
Iter 30/300 - Loss: 0.1624
Iter 31/300 - Loss: 0.1219
Iter 32/300 - Loss: 0.0790
Iter 33/300 - Loss: 0.0342
Iter 34/300 - Loss: -0.0116
Iter 35/300 - Loss: -0.0576
Iter 36/300 - Loss: -0.1026
Iter 37/300 - Loss: -0.1455
Iter 38/300 - Loss: -0.1854
Iter 39/300 - Loss: -0.2215
Iter 40/300 - Loss: -0.2538
Iter 41/300 - Loss: -0.2828
Iter 42/300 - Loss: -0.3092
Iter 43/300 - Loss: -0.3343
Iter 44/300 - Loss: -0.3590
Iter 45/300 - Loss: -0.3838
Iter 46/300 - Loss: -0.4083
Iter 47/300 - Loss: -0.4326
Iter 48/300 - Loss: -0.4561
Iter 49/300 - Loss: -0.4780
Iter 50/300 - Loss: -0.4980
Iter 51/300 - Loss: -0.5157
Iter 52/300 - Loss: -0.5312
Iter 53/300 - Loss: -0.5449
Iter 54/300 - Loss: -0.5572
Iter 55/300 - Loss: -0.5687
Iter 56/300 - Loss: -0.5797
Iter 57/300 - Loss: -0.5907
Iter 58/300 - Loss: -0.6016
Iter 59/300 - Loss: -0.6124
Iter 60/300 - Loss: -0.6229
Iter 61/300 - Loss: -0.6331
Iter 62/300 - Loss: -0.6427
Iter 63/300 - Loss: -0.6518
Iter 64/300 - Loss: -0.6604
Iter 65/300 - Loss: -0.6684
Iter 66/300 - Loss: -0.6760
Iter 67/300 - Loss: -0.6830
Iter 68/300 - Loss: -0.6893
Iter 69/300 - Loss: -0.6949
Iter 70/300 - Loss: -0.6995
Iter 71/300 - Loss: -0.7034
Iter 72/300 - Loss: -0.7065
Iter 73/300 - Loss: -0.7093
Iter 74/300 - Loss: -0.7117
Iter 75/300 - Loss: -0.7140
Iter 76/300 - Loss: -0.7162
Iter 77/300 - Loss: -0.7184
Iter 78/300 - Loss: -0.7205
Iter 79/300 - Loss: -0.7226
Iter 80/300 - Loss: -0.7247
Iter 81/300 - Loss: -0.7267
Iter 82/300 - Loss: -0.7278
Iter 83/300 - Loss: -0.7283
Iter 84/300 - Loss: -0.7317
Iter 85/300 - Loss: -0.7342
Iter 86/300 - Loss: -0.7348
Iter 87/300 - Loss: -0.7367
Iter 88/300 - Loss: -0.7381
Iter 89/300 - Loss: -0.7385
Iter 90/300 - Loss: -0.7403
Iter 91/300 - Loss: -0.7404
Iter 92/300 - Loss: -0.7418
Iter 93/300 - Loss: -0.7423
Iter 94/300 - Loss: -0.7430
Iter 95/300 - Loss: -0.7439
Iter 96/300 - Loss: -0.7442
Iter 97/300 - Loss: -0.7451
Iter 98/300 - Loss: -0.7454
Iter 99/300 - Loss: -0.7461
Iter 100/300 - Loss: -0.7465
Iter 101/300 - Loss: -0.7470
Iter 102/300 - Loss: -0.7472
Iter 103/300 - Loss: -0.7478
Iter 104/300 - Loss: -0.7479
Iter 105/300 - Loss: -0.7485
Iter 106/300 - Loss: -0.7486
Iter 107/300 - Loss: -0.7490
Iter 108/300 - Loss: -0.7492
Iter 109/300 - Loss: -0.7496
Iter 110/300 - Loss: -0.7498
Iter 111/300 - Loss: -0.7501
Iter 112/300 - Loss: -0.7504
Iter 113/300 - Loss: -0.7506
Iter 114/300 - Loss: -0.7510
Iter 115/300 - Loss: -0.7512
Iter 116/300 - Loss: -0.7514
Iter 117/300 - Loss: -0.7516
Iter 118/300 - Loss: -0.7519
Iter 119/300 - Loss: -0.7520
Iter 120/300 - Loss: -0.7522
Iter 121/300 - Loss: -0.7524
Iter 122/300 - Loss: -0.7526
Iter 123/300 - Loss: -0.7527
Iter 124/300 - Loss: -0.7529
Iter 125/300 - Loss: -0.7530
Iter 126/300 - Loss: -0.7531
Iter 127/300 - Loss: -0.7532
Iter 128/300 - Loss: -0.7533
Iter 129/300 - Loss: -0.7535
Iter 130/300 - Loss: -0.7535
Iter 131/300 - Loss: -0.7536
Iter 132/300 - Loss: -0.7537
Iter 133/300 - Loss: -0.7538
Iter 134/300 - Loss: -0.7539
Iter 135/300 - Loss: -0.7540
Iter 136/300 - Loss: -0.7540
Iter 137/300 - Loss: -0.7541
Iter 138/300 - Loss: -0.7542
Iter 139/300 - Loss: -0.7542
Iter 140/300 - Loss: -0.7543
Iter 141/300 - Loss: -0.7544
Iter 142/300 - Loss: -0.7544
Iter 143/300 - Loss: -0.7545
Iter 144/300 - Loss: -0.7545
Iter 145/300 - Loss: -0.7546
Iter 146/300 - Loss: -0.7547
Iter 147/300 - Loss: -0.7547
Iter 148/300 - Loss: -0.7548
Iter 149/300 - Loss: -0.7549
Iter 150/300 - Loss: -0.7550
Iter 151/300 - Loss: -0.7550
Iter 152/300 - Loss: -0.7551
Iter 153/300 - Loss: -0.7552
Iter 154/300 - Loss: -0.7552
Iter 155/300 - Loss: -0.7552
Iter 156/300 - Loss: -0.7552
Iter 157/300 - Loss: -0.7552
Iter 158/300 - Loss: -0.7552
Iter 159/300 - Loss: -0.7553
Iter 160/300 - Loss: -0.7553
Iter 161/300 - Loss: -0.7553
Iter 162/300 - Loss: -0.7553
Iter 163/300 - Loss: -0.7554
Iter 164/300 - Loss: -0.7554
Iter 165/300 - Loss: -0.7554
Iter 166/300 - Loss: -0.7554
Iter 167/300 - Loss: -0.7555
Iter 168/300 - Loss: -0.7555
Iter 169/300 - Loss: -0.7556
Iter 170/300 - Loss: -0.7556
Iter 171/300 - Loss: -0.7556
Iter 172/300 - Loss: -0.7557
Iter 173/300 - Loss: -0.7557
Iter 174/300 - Loss: -0.7558
Iter 175/300 - Loss: -0.7558
Iter 176/300 - Loss: -0.7559
Iter 177/300 - Loss: -0.7560
Iter 178/300 - Loss: -0.7560
Iter 179/300 - Loss: -0.7561
Iter 180/300 - Loss: -0.7562
Iter 181/300 - Loss: -0.7562
Iter 182/300 - Loss: -0.7563
Iter 183/300 - Loss: -0.7564
Iter 184/300 - Loss: -0.7565
Iter 185/300 - Loss: -0.7566
Iter 186/300 - Loss: -0.7567
Iter 187/300 - Loss: -0.7568
Iter 188/300 - Loss: -0.7570
Iter 189/300 - Loss: -0.7571
Iter 190/300 - Loss: -0.7572
Iter 191/300 - Loss: -0.7574
Iter 192/300 - Loss: -0.7575
Iter 193/300 - Loss: -0.7577
Iter 194/300 - Loss: -0.7579
Iter 195/300 - Loss: -0.7580
Iter 196/300 - Loss: -0.7582
Iter 197/300 - Loss: -0.7584
Iter 198/300 - Loss: -0.7586
Iter 199/300 - Loss: -0.7588
Iter 200/300 - Loss: -0.7591
Iter 201/300 - Loss: -0.7593
Iter 202/300 - Loss: -0.7595
Iter 203/300 - Loss: -0.7598
Iter 204/300 - Loss: -0.7600
Iter 205/300 - Loss: -0.7603
Iter 206/300 - Loss: -0.7606
Iter 207/300 - Loss: -0.7609
Iter 208/300 - Loss: -0.7612
Iter 209/300 - Loss: -0.7615
Iter 210/300 - Loss: -0.7618
Iter 211/300 - Loss: -0.7621
Iter 212/300 - Loss: -0.7624
Iter 213/300 - Loss: -0.7627
Iter 214/300 - Loss: -0.7631
Iter 215/300 - Loss: -0.7634
Iter 216/300 - Loss: -0.7637
Iter 217/300 - Loss: -0.7640
Iter 218/300 - Loss: -0.7644
Iter 219/300 - Loss: -0.7647
Iter 220/300 - Loss: -0.7651
Iter 221/300 - Loss: -0.7654
Iter 222/300 - Loss: -0.7657
Iter 223/300 - Loss: -0.7661
Iter 224/300 - Loss: -0.7664
Iter 225/300 - Loss: -0.7668
Iter 226/300 - Loss: -0.7671
Iter 227/300 - Loss: -0.7674
Iter 228/300 - Loss: -0.7678
Iter 229/300 - Loss: -0.7681
Iter 230/300 - Loss: -0.7684
Iter 231/300 - Loss: -0.7687
Iter 232/300 - Loss: -0.7691
Iter 233/300 - Loss: -0.7694
Iter 234/300 - Loss: -0.7697
Iter 235/300 - Loss: -0.7700
Iter 236/300 - Loss: -0.7703
Iter 237/300 - Loss: -0.7706
Iter 238/300 - Loss: -0.7709
Iter 239/300 - Loss: -0.7712
Iter 240/300 - Loss: -0.7715
Iter 241/300 - Loss: -0.7718
Iter 242/300 - Loss: -0.7721
Iter 243/300 - Loss: -0.7724
Iter 244/300 - Loss: -0.7727
Iter 245/300 - Loss: -0.7730
Iter 246/300 - Loss: -0.7732
Iter 247/300 - Loss: -0.7735
Iter 248/300 - Loss: -0.7738
Iter 249/300 - Loss: -0.7741
Iter 250/300 - Loss: -0.7743
Iter 251/300 - Loss: -0.7746
Iter 252/300 - Loss: -0.7748
Iter 253/300 - Loss: -0.7751
Iter 254/300 - Loss: -0.7753
Iter 255/300 - Loss: -0.7756
Iter 256/300 - Loss: -0.7758
Iter 257/300 - Loss: -0.7761
Iter 258/300 - Loss: -0.7763
Iter 259/300 - Loss: -0.7765
Iter 260/300 - Loss: -0.7768
Iter 261/300 - Loss: -0.7770
Iter 262/300 - Loss: -0.7772
Iter 263/300 - Loss: -0.7775
Iter 264/300 - Loss: -0.7777
Iter 265/300 - Loss: -0.7779
Iter 266/300 - Loss: -0.7781
Iter 267/300 - Loss: -0.7783
Iter 268/300 - Loss: -0.7785
Iter 269/300 - Loss: -0.7787
Iter 270/300 - Loss: -0.7789
Iter 271/300 - Loss: -0.7791
Iter 272/300 - Loss: -0.7793
Iter 273/300 - Loss: -0.7795
Iter 274/300 - Loss: -0.7797
Iter 275/300 - Loss: -0.7799
Iter 276/300 - Loss: -0.7801
Iter 277/300 - Loss: -0.7803
Iter 278/300 - Loss: -0.7805
Iter 279/300 - Loss: -0.7806
Iter 280/300 - Loss: -0.7808
Iter 281/300 - Loss: -0.7810
Iter 282/300 - Loss: -0.7812
Iter 283/300 - Loss: -0.7813
Iter 284/300 - Loss: -0.7815
Iter 285/300 - Loss: -0.7817
Iter 286/300 - Loss: -0.7818
Iter 287/300 - Loss: -0.7820
Iter 288/300 - Loss: -0.7822
Iter 289/300 - Loss: -0.7823
Iter 290/300 - Loss: -0.7825
Iter 291/300 - Loss: -0.7826
Iter 292/300 - Loss: -0.7828
Iter 293/300 - Loss: -0.7829
Iter 294/300 - Loss: -0.7831
Iter 295/300 - Loss: -0.7832
Iter 296/300 - Loss: -0.7834
Iter 297/300 - Loss: -0.7835
Iter 298/300 - Loss: -0.7836
Iter 299/300 - Loss: -0.7838
Iter 300/300 - Loss: -0.7839
