Leaving out Box8_1400
{'ns': 0.97000003, 'H0': 67.0, 'w0': -1.0, 'ombh2': 0.0223, 'omch2': 0.12, 'nu_mass_ev': 0.07071068, '10^9 As': 2.10100315}
(2030, 8)
(2030, 4)
scaling input
(2030, 8)
scaling output
(2030, 4)
1
Iter 1/200 - Loss: 2.5837
Iter 2/200 - Loss: 1.4641
Iter 3/200 - Loss: 1.2275
Iter 4/200 - Loss: 0.8237
Iter 5/200 - Loss: 0.6901
Iter 6/200 - Loss: 0.5204
Iter 7/200 - Loss: 0.2720
Iter 8/200 - Loss: 0.0457
Iter 9/200 - Loss: -0.0778
Iter 10/200 - Loss: -0.1608
Iter 11/200 - Loss: -0.2342
Iter 12/200 - Loss: -0.2825
Iter 13/200 - Loss: -0.2868
Iter 14/200 - Loss: -0.2662
Iter 15/200 - Loss: -0.2872
Iter 16/200 - Loss: -0.3422
Iter 17/200 - Loss: -0.4426
Iter 18/200 - Loss: -0.5139
Iter 19/200 - Loss: -0.5824
Iter 20/200 - Loss: -0.6208
Iter 21/200 - Loss: -0.6109
Iter 22/200 - Loss: -0.6000
Iter 23/200 - Loss: -0.6019
Iter 24/200 - Loss: -0.6081
Iter 25/200 - Loss: -0.6177
Iter 26/200 - Loss: -0.6296
Iter 27/200 - Loss: -0.6426
Iter 28/200 - Loss: -0.6583
Iter 29/200 - Loss: -0.6760
Iter 30/200 - Loss: -0.6897
Iter 31/200 - Loss: -0.7023
Iter 32/200 - Loss: -0.7130
Iter 33/200 - Loss: -0.7158
Iter 34/200 - Loss: -0.7214
Iter 35/200 - Loss: -0.7254
Iter 36/200 - Loss: -0.7298
Iter 37/200 - Loss: -0.7405
Iter 38/200 - Loss: -0.7447
Iter 39/200 - Loss: -0.7528
Iter 40/200 - Loss: -0.7642
Iter 41/200 - Loss: -0.7708
Iter 42/200 - Loss: -0.7771
Iter 43/200 - Loss: -0.7870
Iter 44/200 - Loss: -0.7946
Iter 45/200 - Loss: -0.8017
Iter 46/200 - Loss: -0.8078
Iter 47/200 - Loss: -0.8104
Iter 48/200 - Loss: -0.8149
Iter 49/200 - Loss: -0.8190
Iter 50/200 - Loss: -0.8249
Iter 51/200 - Loss: -0.8313
Iter 52/200 - Loss: -0.8357
Iter 53/200 - Loss: -0.8400
Iter 54/200 - Loss: -0.8440
Iter 55/200 - Loss: -0.8473
Iter 56/200 - Loss: -0.8522
Iter 57/200 - Loss: -0.8545
Iter 58/200 - Loss: -0.8581
Iter 59/200 - Loss: -0.8596
Iter 60/200 - Loss: -0.8624
Iter 61/200 - Loss: -0.8654
Iter 62/200 - Loss: -0.8688
Iter 63/200 - Loss: -0.8713
Iter 64/200 - Loss: -0.8745
Iter 65/200 - Loss: -0.8754
Iter 66/200 - Loss: -0.8779
Iter 67/200 - Loss: -0.8789
Iter 68/200 - Loss: -0.8806
Iter 69/200 - Loss: -0.8825
Iter 70/200 - Loss: -0.8845
Iter 71/200 - Loss: -0.8855
Iter 72/200 - Loss: -0.8875
Iter 73/200 - Loss: -0.8883
Iter 74/200 - Loss: -0.8897
Iter 75/200 - Loss: -0.8910
Iter 76/200 - Loss: -0.8923
Iter 77/200 - Loss: -0.8941
Iter 78/200 - Loss: -0.8945
Iter 79/200 - Loss: -0.8962
Iter 80/200 - Loss: -0.8973
Iter 81/200 - Loss: -0.8988
Iter 82/200 - Loss: -0.9005
Iter 83/200 - Loss: -0.9015
Iter 84/200 - Loss: -0.9029
Iter 85/200 - Loss: -0.9037
Iter 86/200 - Loss: -0.9050
Iter 87/200 - Loss: -0.9060
Iter 88/200 - Loss: -0.9072
Iter 89/200 - Loss: -0.9088
Iter 90/200 - Loss: -0.9095
Iter 91/200 - Loss: -0.9108
Iter 92/200 - Loss: -0.9118
Iter 93/200 - Loss: -0.9130
Iter 94/200 - Loss: -0.9140
Iter 95/200 - Loss: -0.9150
Iter 96/200 - Loss: -0.9160
Iter 97/200 - Loss: -0.9170
Iter 98/200 - Loss: -0.9183
Iter 99/200 - Loss: -0.9193
Iter 100/200 - Loss: -0.9202
Iter 101/200 - Loss: -0.9211
Iter 102/200 - Loss: -0.9222
Iter 103/200 - Loss: -0.9225
Iter 104/200 - Loss: -0.9225
Iter 105/200 - Loss: -0.9225
Iter 106/200 - Loss: -0.9226
Iter 107/200 - Loss: -0.9228
Iter 108/200 - Loss: -0.9228
Iter 109/200 - Loss: -0.9231
Iter 110/200 - Loss: -0.9232
Iter 111/200 - Loss: -0.9231
Iter 112/200 - Loss: -0.9232
Iter 113/200 - Loss: -0.9233
Iter 114/200 - Loss: -0.9235
Iter 115/200 - Loss: -0.9236
Iter 116/200 - Loss: -0.9237
Iter 117/200 - Loss: -0.9238
Iter 118/200 - Loss: -0.9240
Iter 119/200 - Loss: -0.9240
Iter 120/200 - Loss: -0.9243
Iter 121/200 - Loss: -0.9242
Iter 122/200 - Loss: -0.9247
Iter 123/200 - Loss: -0.9246
Iter 124/200 - Loss: -0.9248
Iter 125/200 - Loss: -0.9246
Iter 126/200 - Loss: -0.9247
Iter 127/200 - Loss: -0.9252
Iter 128/200 - Loss: -0.9250
Iter 129/200 - Loss: -0.9253
Iter 130/200 - Loss: -0.9252
Iter 131/200 - Loss: -0.9253
Iter 132/200 - Loss: -0.9253
Iter 133/200 - Loss: -0.9257
Iter 134/200 - Loss: -0.9257
Iter 135/200 - Loss: -0.9260
Iter 136/200 - Loss: -0.9261
Iter 137/200 - Loss: -0.9259
Iter 138/200 - Loss: -0.9261
Iter 139/200 - Loss: -0.9263
Iter 140/200 - Loss: -0.9266
Iter 141/200 - Loss: -0.9267
Iter 142/200 - Loss: -0.9264
Iter 143/200 - Loss: -0.9267
Iter 144/200 - Loss: -0.9267
Iter 145/200 - Loss: -0.9267
Iter 146/200 - Loss: -0.9269
Iter 147/200 - Loss: -0.9271
Iter 148/200 - Loss: -0.9271
Iter 149/200 - Loss: -0.9273
Iter 150/200 - Loss: -0.9274
Iter 151/200 - Loss: -0.9274
Iter 152/200 - Loss: -0.9277
Iter 153/200 - Loss: -0.9276
Iter 154/200 - Loss: -0.9280
Iter 155/200 - Loss: -0.9281
Iter 156/200 - Loss: -0.9281
Iter 157/200 - Loss: -0.9281
Iter 158/200 - Loss: -0.9283
Iter 159/200 - Loss: -0.9283
Iter 160/200 - Loss: -0.9287
Iter 161/200 - Loss: -0.9285
Iter 162/200 - Loss: -0.9286
Iter 163/200 - Loss: -0.9288
Iter 164/200 - Loss: -0.9289
Iter 165/200 - Loss: -0.9292
Iter 166/200 - Loss: -0.9291
Iter 167/200 - Loss: -0.9294
Iter 168/200 - Loss: -0.9295
Iter 169/200 - Loss: -0.9297
Iter 170/200 - Loss: -0.9297
Iter 171/200 - Loss: -0.9297
Iter 172/200 - Loss: -0.9297
Iter 173/200 - Loss: -0.9298
Iter 174/200 - Loss: -0.9299
Iter 175/200 - Loss: -0.9302
Iter 176/200 - Loss: -0.9302
Iter 177/200 - Loss: -0.9302
Iter 178/200 - Loss: -0.9306
Iter 179/200 - Loss: -0.9306
Iter 180/200 - Loss: -0.9305
Iter 181/200 - Loss: -0.9308
Iter 182/200 - Loss: -0.9310
Iter 183/200 - Loss: -0.9309
Iter 184/200 - Loss: -0.9309
Iter 185/200 - Loss: -0.9309
Iter 186/200 - Loss: -0.9312
Iter 187/200 - Loss: -0.9314
Iter 188/200 - Loss: -0.9314
Iter 189/200 - Loss: -0.9315
Iter 190/200 - Loss: -0.9319
Iter 191/200 - Loss: -0.9317
Iter 192/200 - Loss: -0.9321
Iter 193/200 - Loss: -0.9321
Iter 194/200 - Loss: -0.9323
Iter 195/200 - Loss: -0.9323
Iter 196/200 - Loss: -0.9323
Iter 197/200 - Loss: -0.9326
Iter 198/200 - Loss: -0.9326
Iter 199/200 - Loss: -0.9325
Iter 200/200 - Loss: -0.9327
