Leaving out Box47_1400
{'ns': 0.97000003, 'H0': 67.0, 'w0': -1.0, 'ombh2': 0.0223, 'omch2': 0.12, 'nu_mass_ev': 0.07071068, '10^9 As': 2.10100315}
(2030, 8)
(2030, 4)
scaling input
(2030, 8)
scaling output
(2030, 4)
1
Iter 1/200 - Loss: 2.7451
Iter 2/200 - Loss: 1.5428
Iter 3/200 - Loss: 0.9558
Iter 4/200 - Loss: 1.1151
Iter 5/200 - Loss: 0.9359
Iter 6/200 - Loss: 0.7566
Iter 7/200 - Loss: 0.5179
Iter 8/200 - Loss: 0.2796
Iter 9/200 - Loss: 0.1395
Iter 10/200 - Loss: 0.0854
Iter 11/200 - Loss: 0.0434
Iter 12/200 - Loss: -0.0131
Iter 13/200 - Loss: -0.0708
Iter 14/200 - Loss: -0.1103
Iter 15/200 - Loss: -0.1295
Iter 16/200 - Loss: -0.1419
Iter 17/200 - Loss: -0.1832
Iter 18/200 - Loss: -0.2613
Iter 19/200 - Loss: -0.3426
Iter 20/200 - Loss: -0.4155
Iter 21/200 - Loss: -0.4415
Iter 22/200 - Loss: -0.4578
Iter 23/200 - Loss: -0.4639
Iter 24/200 - Loss: -0.4709
Iter 25/200 - Loss: -0.4827
Iter 26/200 - Loss: -0.4898
Iter 27/200 - Loss: -0.4987
Iter 28/200 - Loss: -0.5041
Iter 29/200 - Loss: -0.5168
Iter 30/200 - Loss: -0.5295
Iter 31/200 - Loss: -0.5453
Iter 32/200 - Loss: -0.5587
Iter 33/200 - Loss: -0.5748
Iter 34/200 - Loss: -0.5882
Iter 35/200 - Loss: -0.5974
Iter 36/200 - Loss: -0.6079
Iter 37/200 - Loss: -0.6175
Iter 38/200 - Loss: -0.6300
Iter 39/200 - Loss: -0.6387
Iter 40/200 - Loss: -0.6485
Iter 41/200 - Loss: -0.6567
Iter 42/200 - Loss: -0.6672
Iter 43/200 - Loss: -0.6782
Iter 44/200 - Loss: -0.6878
Iter 45/200 - Loss: -0.6974
Iter 46/200 - Loss: -0.7104
Iter 47/200 - Loss: -0.7211
Iter 48/200 - Loss: -0.7303
Iter 49/200 - Loss: -0.7409
Iter 50/200 - Loss: -0.7499
Iter 51/200 - Loss: -0.7586
Iter 52/200 - Loss: -0.7667
Iter 53/200 - Loss: -0.7749
Iter 54/200 - Loss: -0.7832
Iter 55/200 - Loss: -0.7905
Iter 56/200 - Loss: -0.7979
Iter 57/200 - Loss: -0.8055
Iter 58/200 - Loss: -0.8134
Iter 59/200 - Loss: -0.8218
Iter 60/200 - Loss: -0.8301
Iter 61/200 - Loss: -0.8382
Iter 62/200 - Loss: -0.8458
Iter 63/200 - Loss: -0.8527
Iter 64/200 - Loss: -0.8589
Iter 65/200 - Loss: -0.8648
Iter 66/200 - Loss: -0.8700
Iter 67/200 - Loss: -0.8750
Iter 68/200 - Loss: -0.8798
Iter 69/200 - Loss: -0.8849
Iter 70/200 - Loss: -0.8902
Iter 71/200 - Loss: -0.8947
Iter 72/200 - Loss: -0.8985
Iter 73/200 - Loss: -0.9020
Iter 74/200 - Loss: -0.9057
Iter 75/200 - Loss: -0.9092
Iter 76/200 - Loss: -0.9121
Iter 77/200 - Loss: -0.9148
Iter 78/200 - Loss: -0.9172
Iter 79/200 - Loss: -0.9199
Iter 80/200 - Loss: -0.9222
Iter 81/200 - Loss: -0.9242
Iter 82/200 - Loss: -0.9265
Iter 83/200 - Loss: -0.9289
Iter 84/200 - Loss: -0.9307
Iter 85/200 - Loss: -0.9327
Iter 86/200 - Loss: -0.9348
Iter 87/200 - Loss: -0.9360
Iter 88/200 - Loss: -0.9377
Iter 89/200 - Loss: -0.9393
Iter 90/200 - Loss: -0.9408
Iter 91/200 - Loss: -0.9421
Iter 92/200 - Loss: -0.9434
Iter 93/200 - Loss: -0.9445
Iter 94/200 - Loss: -0.9457
Iter 95/200 - Loss: -0.9468
Iter 96/200 - Loss: -0.9479
Iter 97/200 - Loss: -0.9490
Iter 98/200 - Loss: -0.9499
Iter 99/200 - Loss: -0.9510
Iter 100/200 - Loss: -0.9518
Iter 101/200 - Loss: -0.9527
Iter 102/200 - Loss: -0.9537
Iter 103/200 - Loss: -0.9536
Iter 104/200 - Loss: -0.9537
Iter 105/200 - Loss: -0.9539
Iter 106/200 - Loss: -0.9541
Iter 107/200 - Loss: -0.9541
Iter 108/200 - Loss: -0.9541
Iter 109/200 - Loss: -0.9543
Iter 110/200 - Loss: -0.9543
Iter 111/200 - Loss: -0.9544
Iter 112/200 - Loss: -0.9545
Iter 113/200 - Loss: -0.9547
Iter 114/200 - Loss: -0.9549
Iter 115/200 - Loss: -0.9548
Iter 116/200 - Loss: -0.9548
Iter 117/200 - Loss: -0.9549
Iter 118/200 - Loss: -0.9551
Iter 119/200 - Loss: -0.9551
Iter 120/200 - Loss: -0.9553
Iter 121/200 - Loss: -0.9553
Iter 122/200 - Loss: -0.9553
Iter 123/200 - Loss: -0.9556
Iter 124/200 - Loss: -0.9557
Iter 125/200 - Loss: -0.9556
Iter 126/200 - Loss: -0.9557
Iter 127/200 - Loss: -0.9559
Iter 128/200 - Loss: -0.9559
Iter 129/200 - Loss: -0.9561
Iter 130/200 - Loss: -0.9561
Iter 131/200 - Loss: -0.9562
Iter 132/200 - Loss: -0.9562
Iter 133/200 - Loss: -0.9563
Iter 134/200 - Loss: -0.9565
Iter 135/200 - Loss: -0.9566
Iter 136/200 - Loss: -0.9566
Iter 137/200 - Loss: -0.9567
Iter 138/200 - Loss: -0.9569
Iter 139/200 - Loss: -0.9568
Iter 140/200 - Loss: -0.9570
Iter 141/200 - Loss: -0.9570
Iter 142/200 - Loss: -0.9571
Iter 143/200 - Loss: -0.9573
Iter 144/200 - Loss: -0.9573
Iter 145/200 - Loss: -0.9575
Iter 146/200 - Loss: -0.9575
Iter 147/200 - Loss: -0.9576
Iter 148/200 - Loss: -0.9576
Iter 149/200 - Loss: -0.9579
Iter 150/200 - Loss: -0.9578
Iter 151/200 - Loss: -0.9578
Iter 152/200 - Loss: -0.9579
Iter 153/200 - Loss: -0.9581
Iter 154/200 - Loss: -0.9583
Iter 155/200 - Loss: -0.9583
Iter 156/200 - Loss: -0.9583
Iter 157/200 - Loss: -0.9583
Iter 158/200 - Loss: -0.9585
Iter 159/200 - Loss: -0.9586
Iter 160/200 - Loss: -0.9587
Iter 161/200 - Loss: -0.9588
Iter 162/200 - Loss: -0.9588
Iter 163/200 - Loss: -0.9589
Iter 164/200 - Loss: -0.9590
Iter 165/200 - Loss: -0.9591
Iter 166/200 - Loss: -0.9592
Iter 167/200 - Loss: -0.9593
Iter 168/200 - Loss: -0.9593
Iter 169/200 - Loss: -0.9594
Iter 170/200 - Loss: -0.9595
Iter 171/200 - Loss: -0.9596
Iter 172/200 - Loss: -0.9597
Iter 173/200 - Loss: -0.9597
Iter 174/200 - Loss: -0.9598
Iter 175/200 - Loss: -0.9599
Iter 176/200 - Loss: -0.9601
Iter 177/200 - Loss: -0.9600
Iter 178/200 - Loss: -0.9602
Iter 179/200 - Loss: -0.9602
Iter 180/200 - Loss: -0.9604
Iter 181/200 - Loss: -0.9604
Iter 182/200 - Loss: -0.9606
Iter 183/200 - Loss: -0.9606
Iter 184/200 - Loss: -0.9607
Iter 185/200 - Loss: -0.9609
Iter 186/200 - Loss: -0.9608
Iter 187/200 - Loss: -0.9611
Iter 188/200 - Loss: -0.9611
Iter 189/200 - Loss: -0.9612
Iter 190/200 - Loss: -0.9613
Iter 191/200 - Loss: -0.9613
Iter 192/200 - Loss: -0.9616
Iter 193/200 - Loss: -0.9615
Iter 194/200 - Loss: -0.9615
Iter 195/200 - Loss: -0.9616
Iter 196/200 - Loss: -0.9618
Iter 197/200 - Loss: -0.9620
Iter 198/200 - Loss: -0.9619
Iter 199/200 - Loss: -0.9620
Iter 200/200 - Loss: -0.9622
