Leaving out Box55_1400
{'ns': 0.97000003, 'H0': 67.0, 'w0': -1.0, 'ombh2': 0.0223, 'omch2': 0.12, 'nu_mass_ev': 0.07071068, '10^9 As': 2.10100315}
(2030, 8)
(2030, 4)
scaling input
(2030, 8)
scaling output
(2030, 4)
1
Iter 1/200 - Loss: 2.4236
Iter 2/200 - Loss: 1.3351
Iter 3/200 - Loss: 1.1218
Iter 4/200 - Loss: 0.9023
Iter 5/200 - Loss: 0.7324
Iter 6/200 - Loss: 0.4962
Iter 7/200 - Loss: 0.2403
Iter 8/200 - Loss: 0.0417
Iter 9/200 - Loss: -0.0626
Iter 10/200 - Loss: -0.1448
Iter 11/200 - Loss: -0.2238
Iter 12/200 - Loss: -0.2749
Iter 13/200 - Loss: -0.2910
Iter 14/200 - Loss: -0.2942
Iter 15/200 - Loss: -0.3284
Iter 16/200 - Loss: -0.4186
Iter 17/200 - Loss: -0.5136
Iter 18/200 - Loss: -0.5716
Iter 19/200 - Loss: -0.6233
Iter 20/200 - Loss: -0.6409
Iter 21/200 - Loss: -0.6083
Iter 22/200 - Loss: -0.6015
Iter 23/200 - Loss: -0.6115
Iter 24/200 - Loss: -0.6285
Iter 25/200 - Loss: -0.6475
Iter 26/200 - Loss: -0.6668
Iter 27/200 - Loss: -0.6859
Iter 28/200 - Loss: -0.7056
Iter 29/200 - Loss: -0.7255
Iter 30/200 - Loss: -0.7409
Iter 31/200 - Loss: -0.7515
Iter 32/200 - Loss: -0.7574
Iter 33/200 - Loss: -0.7614
Iter 34/200 - Loss: -0.7601
Iter 35/200 - Loss: -0.7637
Iter 36/200 - Loss: -0.7654
Iter 37/200 - Loss: -0.7722
Iter 38/200 - Loss: -0.7776
Iter 39/200 - Loss: -0.7855
Iter 40/200 - Loss: -0.7922
Iter 41/200 - Loss: -0.8021
Iter 42/200 - Loss: -0.8112
Iter 43/200 - Loss: -0.8202
Iter 44/200 - Loss: -0.8288
Iter 45/200 - Loss: -0.8354
Iter 46/200 - Loss: -0.8395
Iter 47/200 - Loss: -0.8406
Iter 48/200 - Loss: -0.8405
Iter 49/200 - Loss: -0.8427
Iter 50/200 - Loss: -0.8481
Iter 51/200 - Loss: -0.8552
Iter 52/200 - Loss: -0.8613
Iter 53/200 - Loss: -0.8651
Iter 54/200 - Loss: -0.8673
Iter 55/200 - Loss: -0.8697
Iter 56/200 - Loss: -0.8737
Iter 57/200 - Loss: -0.8787
Iter 58/200 - Loss: -0.8831
Iter 59/200 - Loss: -0.8851
Iter 60/200 - Loss: -0.8857
Iter 61/200 - Loss: -0.8872
Iter 62/200 - Loss: -0.8903
Iter 63/200 - Loss: -0.8929
Iter 64/200 - Loss: -0.8943
Iter 65/200 - Loss: -0.8958
Iter 66/200 - Loss: -0.8982
Iter 67/200 - Loss: -0.9004
Iter 68/200 - Loss: -0.9016
Iter 69/200 - Loss: -0.9027
Iter 70/200 - Loss: -0.9048
Iter 71/200 - Loss: -0.9069
Iter 72/200 - Loss: -0.9082
Iter 73/200 - Loss: -0.9088
Iter 74/200 - Loss: -0.9106
Iter 75/200 - Loss: -0.9119
Iter 76/200 - Loss: -0.9128
Iter 77/200 - Loss: -0.9140
Iter 78/200 - Loss: -0.9155
Iter 79/200 - Loss: -0.9164
Iter 80/200 - Loss: -0.9171
Iter 81/200 - Loss: -0.9184
Iter 82/200 - Loss: -0.9195
Iter 83/200 - Loss: -0.9203
Iter 84/200 - Loss: -0.9212
Iter 85/200 - Loss: -0.9221
Iter 86/200 - Loss: -0.9230
Iter 87/200 - Loss: -0.9236
Iter 88/200 - Loss: -0.9246
Iter 89/200 - Loss: -0.9254
Iter 90/200 - Loss: -0.9260
Iter 91/200 - Loss: -0.9268
Iter 92/200 - Loss: -0.9275
Iter 93/200 - Loss: -0.9282
Iter 94/200 - Loss: -0.9291
Iter 95/200 - Loss: -0.9297
Iter 96/200 - Loss: -0.9302
Iter 97/200 - Loss: -0.9309
Iter 98/200 - Loss: -0.9315
Iter 99/200 - Loss: -0.9321
Iter 100/200 - Loss: -0.9329
Iter 101/200 - Loss: -0.9334
Iter 102/200 - Loss: -0.9339
Iter 103/200 - Loss: -0.9340
Iter 104/200 - Loss: -0.9340
Iter 105/200 - Loss: -0.9340
Iter 106/200 - Loss: -0.9342
Iter 107/200 - Loss: -0.9343
Iter 108/200 - Loss: -0.9343
Iter 109/200 - Loss: -0.9344
Iter 110/200 - Loss: -0.9344
Iter 111/200 - Loss: -0.9345
Iter 112/200 - Loss: -0.9344
Iter 113/200 - Loss: -0.9345
Iter 114/200 - Loss: -0.9346
Iter 115/200 - Loss: -0.9348
Iter 116/200 - Loss: -0.9348
Iter 117/200 - Loss: -0.9348
Iter 118/200 - Loss: -0.9349
Iter 119/200 - Loss: -0.9348
Iter 120/200 - Loss: -0.9350
Iter 121/200 - Loss: -0.9351
Iter 122/200 - Loss: -0.9352
Iter 123/200 - Loss: -0.9352
Iter 124/200 - Loss: -0.9353
Iter 125/200 - Loss: -0.9352
Iter 126/200 - Loss: -0.9353
Iter 127/200 - Loss: -0.9354
Iter 128/200 - Loss: -0.9356
Iter 129/200 - Loss: -0.9355
Iter 130/200 - Loss: -0.9355
Iter 131/200 - Loss: -0.9356
Iter 132/200 - Loss: -0.9358
Iter 133/200 - Loss: -0.9358
Iter 134/200 - Loss: -0.9359
Iter 135/200 - Loss: -0.9359
Iter 136/200 - Loss: -0.9359
Iter 137/200 - Loss: -0.9361
Iter 138/200 - Loss: -0.9362
Iter 139/200 - Loss: -0.9362
Iter 140/200 - Loss: -0.9363
Iter 141/200 - Loss: -0.9362
Iter 142/200 - Loss: -0.9364
Iter 143/200 - Loss: -0.9364
Iter 144/200 - Loss: -0.9365
Iter 145/200 - Loss: -0.9365
Iter 146/200 - Loss: -0.9366
Iter 147/200 - Loss: -0.9367
Iter 148/200 - Loss: -0.9367
Iter 149/200 - Loss: -0.9368
Iter 150/200 - Loss: -0.9369
Iter 151/200 - Loss: -0.9370
Iter 152/200 - Loss: -0.9369
Iter 153/200 - Loss: -0.9372
Iter 154/200 - Loss: -0.9373
Iter 155/200 - Loss: -0.9372
Iter 156/200 - Loss: -0.9374
Iter 157/200 - Loss: -0.9374
Iter 158/200 - Loss: -0.9374
Iter 159/200 - Loss: -0.9376
Iter 160/200 - Loss: -0.9376
Iter 161/200 - Loss: -0.9376
Iter 162/200 - Loss: -0.9377
Iter 163/200 - Loss: -0.9378
Iter 164/200 - Loss: -0.9378
Iter 165/200 - Loss: -0.9379
Iter 166/200 - Loss: -0.9380
Iter 167/200 - Loss: -0.9380
Iter 168/200 - Loss: -0.9381
Iter 169/200 - Loss: -0.9382
Iter 170/200 - Loss: -0.9383
Iter 171/200 - Loss: -0.9383
Iter 172/200 - Loss: -0.9384
Iter 173/200 - Loss: -0.9385
Iter 174/200 - Loss: -0.9386
Iter 175/200 - Loss: -0.9386
Iter 176/200 - Loss: -0.9387
Iter 177/200 - Loss: -0.9389
Iter 178/200 - Loss: -0.9388
Iter 179/200 - Loss: -0.9389
Iter 180/200 - Loss: -0.9389
Iter 181/200 - Loss: -0.9390
Iter 182/200 - Loss: -0.9391
Iter 183/200 - Loss: -0.9392
Iter 184/200 - Loss: -0.9394
Iter 185/200 - Loss: -0.9393
Iter 186/200 - Loss: -0.9393
Iter 187/200 - Loss: -0.9395
Iter 188/200 - Loss: -0.9396
Iter 189/200 - Loss: -0.9395
Iter 190/200 - Loss: -0.9397
Iter 191/200 - Loss: -0.9398
Iter 192/200 - Loss: -0.9398
Iter 193/200 - Loss: -0.9398
Iter 194/200 - Loss: -0.9399
Iter 195/200 - Loss: -0.9400
Iter 196/200 - Loss: -0.9401
Iter 197/200 - Loss: -0.9401
Iter 198/200 - Loss: -0.9403
Iter 199/200 - Loss: -0.9405
Iter 200/200 - Loss: -0.9403
