Leaving out Box71_1400
alist [1.0, 0.953321, 0.866399, 0.787402, 0.715608, 0.65036, 0.620002, 0.591061, 0.563471, 0.537169, 0.512095, 0.488191, 0.403224, 0.366459]
{'ns': 0.97000003, 'H0': 67.0, 'w0': -1.0, 'ombh2': 0.0223, 'omch2': 0.12, 'nu_mass_ev': 0.07071068, '10^9 As': 2.10100315}
[[ 2.72815170e+00  9.68634250e-01  8.05487061e+01 -7.43568240e-01
   2.56811900e-02  1.34885040e-01  2.23276390e-01  1.00000000e+00
   8.79430573e-01]
 [ 2.72815170e+00  9.68634250e-01  8.05487061e+01 -7.43568240e-01
   2.56811900e-02  1.34885040e-01  2.23276390e-01  9.53321000e-01
   8.60111942e-01]
 [ 2.72815170e+00  9.68634250e-01  8.05487061e+01 -7.43568240e-01
   2.56811900e-02  1.34885040e-01  2.23276390e-01  8.66399000e-01
   8.20246227e-01]
 [ 2.72815170e+00  9.68634250e-01  8.05487061e+01 -7.43568240e-01
   2.56811900e-02  1.34885040e-01  2.23276390e-01  7.87402000e-01
   7.78975698e-01]
 [ 2.72815170e+00  9.68634250e-01  8.05487061e+01 -7.43568240e-01
   2.56811900e-02  1.34885040e-01  2.23276390e-01  7.15608000e-01
   7.36713525e-01]
 [ 2.72815170e+00  9.68634250e-01  8.05487061e+01 -7.43568240e-01
   2.56811900e-02  1.34885040e-01  2.23276390e-01  6.50360000e-01
   6.93887795e-01]
 [ 2.72815170e+00  9.68634250e-01  8.05487061e+01 -7.43568240e-01
   2.56811900e-02  1.34885040e-01  2.23276390e-01  6.20002000e-01
   6.72405766e-01]
 [ 2.72815170e+00  9.68634250e-01  8.05487061e+01 -7.43568240e-01
   2.56811900e-02  1.34885040e-01  2.23276390e-01  5.91061000e-01
   6.50953569e-01]
 [ 2.72815170e+00  9.68634250e-01  8.05487061e+01 -7.43568240e-01
   2.56811900e-02  1.34885040e-01  2.23276390e-01  5.63471000e-01
   6.29587345e-01]
 [ 2.72815170e+00  9.68634250e-01  8.05487061e+01 -7.43568240e-01
   2.56811900e-02  1.34885040e-01  2.23276390e-01  5.37169000e-01
   6.08361671e-01]
 [ 2.72815170e+00  9.68634250e-01  8.05487061e+01 -7.43568240e-01
   2.56811900e-02  1.34885040e-01  2.23276390e-01  5.12095000e-01
   5.87329028e-01]
 [ 2.72815170e+00  9.68634250e-01  8.05487061e+01 -7.43568240e-01
   2.56811900e-02  1.34885040e-01  2.23276390e-01  4.88191000e-01
   5.66538233e-01]
 [ 2.72815170e+00  9.68634250e-01  8.05487061e+01 -7.43568240e-01
   2.56811900e-02  1.34885040e-01  2.23276390e-01  4.03224000e-01
   4.86664835e-01]
 [ 2.72815170e+00  9.68634250e-01  8.05487061e+01 -7.43568240e-01
   2.56811900e-02  1.34885040e-01  2.23276390e-01  3.66459000e-01
   4.49197392e-01]]
[[0.57639875 1.24951321 2.24674631 1.25711511]
 [0.56990106 1.30568885 2.2452625  1.25187567]
 [0.5563118  1.35011349 2.24416128 1.25245498]
 [0.54184946 1.36961239 2.24381721 1.24389331]
 [0.52868361 1.3845832  2.24282322 1.24343259]
 [0.51612284 1.38789218 2.24401444 1.24249676]
 [0.5115619  1.40621333 2.24298381 1.24113017]
 [0.50373768 1.41384801 2.24392193 1.23489775]
 [0.49930699 1.42325717 2.24475608 1.23378186]
 [0.49477973 1.42373334 2.24713034 1.23795163]
 [0.4894459  1.42701555 2.24861127 1.23610886]
 [0.48207722 1.42628687 2.25063145 1.23282066]
 [0.46100769 1.42887513 2.25169809 1.2269613 ]
 [0.45034771 1.42792395 2.25303958 1.22288383]]
(2030, 9)
(2030, 4)
scaling input
(2030, 9)
scaling output
(2030, 4)
Iter 1/300 - Loss: 2.8952
Iter 2/300 - Loss: 2.5595
Iter 3/300 - Loss: 2.2515
Iter 4/300 - Loss: 1.9744
Iter 5/300 - Loss: 1.7286
Iter 6/300 - Loss: 1.5140
Iter 7/300 - Loss: 1.3337
Iter 8/300 - Loss: 1.1934
Iter 9/300 - Loss: 1.0964
Iter 10/300 - Loss: 1.0343
Iter 11/300 - Loss: 0.9930
Iter 12/300 - Loss: 0.9639
Iter 13/300 - Loss: 0.9422
Iter 14/300 - Loss: 0.9225
Iter 15/300 - Loss: 0.9008
Iter 16/300 - Loss: 0.8753
Iter 17/300 - Loss: 0.8440
Iter 18/300 - Loss: 0.8048
Iter 19/300 - Loss: 0.7565
Iter 20/300 - Loss: 0.6991
Iter 21/300 - Loss: 0.6340
Iter 22/300 - Loss: 0.5653
Iter 23/300 - Loss: 0.4977
Iter 24/300 - Loss: 0.4353
Iter 25/300 - Loss: 0.3805
Iter 26/300 - Loss: 0.3340
Iter 27/300 - Loss: 0.2947
Iter 28/300 - Loss: 0.2596
Iter 29/300 - Loss: 0.2259
Iter 30/300 - Loss: 0.1914
Iter 31/300 - Loss: 0.1549
Iter 32/300 - Loss: 0.1160
Iter 33/300 - Loss: 0.0749
Iter 34/300 - Loss: 0.0322
Iter 35/300 - Loss: -0.0114
Iter 36/300 - Loss: -0.0550
Iter 37/300 - Loss: -0.0979
Iter 38/300 - Loss: -0.1392
Iter 39/300 - Loss: -0.1783
Iter 40/300 - Loss: -0.2148
Iter 41/300 - Loss: -0.2484
Iter 42/300 - Loss: -0.2789
Iter 43/300 - Loss: -0.3069
Iter 44/300 - Loss: -0.3333
Iter 45/300 - Loss: -0.3589
Iter 46/300 - Loss: -0.3844
Iter 47/300 - Loss: -0.4098
Iter 48/300 - Loss: -0.4350
Iter 49/300 - Loss: -0.4590
Iter 50/300 - Loss: -0.4812
Iter 51/300 - Loss: -0.5011
Iter 52/300 - Loss: -0.5186
Iter 53/300 - Loss: -0.5342
Iter 54/300 - Loss: -0.5483
Iter 55/300 - Loss: -0.5614
Iter 56/300 - Loss: -0.5740
Iter 57/300 - Loss: -0.5863
Iter 58/300 - Loss: -0.5984
Iter 59/300 - Loss: -0.6101
Iter 60/300 - Loss: -0.6214
Iter 61/300 - Loss: -0.6322
Iter 62/300 - Loss: -0.6423
Iter 63/300 - Loss: -0.6517
Iter 64/300 - Loss: -0.6604
Iter 65/300 - Loss: -0.6685
Iter 66/300 - Loss: -0.6756
Iter 67/300 - Loss: -0.6818
Iter 68/300 - Loss: -0.6887
Iter 69/300 - Loss: -0.6939
Iter 70/300 - Loss: -0.6977
Iter 71/300 - Loss: -0.7021
Iter 72/300 - Loss: -0.7046
Iter 73/300 - Loss: -0.7076
Iter 74/300 - Loss: -0.7106
Iter 75/300 - Loss: -0.7128
Iter 76/300 - Loss: -0.7158
Iter 77/300 - Loss: -0.7182
Iter 78/300 - Loss: -0.7206
Iter 79/300 - Loss: -0.7230
Iter 80/300 - Loss: -0.7248
Iter 81/300 - Loss: -0.7268
Iter 82/300 - Loss: -0.7291
Iter 83/300 - Loss: -0.7308
Iter 84/300 - Loss: -0.7324
Iter 85/300 - Loss: -0.7338
Iter 86/300 - Loss: -0.7349
Iter 87/300 - Loss: -0.7362
Iter 88/300 - Loss: -0.7371
Iter 89/300 - Loss: -0.7381
Iter 90/300 - Loss: -0.7390
Iter 91/300 - Loss: -0.7399
Iter 92/300 - Loss: -0.7408
Iter 93/300 - Loss: -0.7414
Iter 94/300 - Loss: -0.7421
Iter 95/300 - Loss: -0.7427
Iter 96/300 - Loss: -0.7432
Iter 97/300 - Loss: -0.7438
Iter 98/300 - Loss: -0.7442
Iter 99/300 - Loss: -0.7447
Iter 100/300 - Loss: -0.7451
Iter 101/300 - Loss: -0.7454
Iter 102/300 - Loss: -0.7458
Iter 103/300 - Loss: -0.7461
Iter 104/300 - Loss: -0.7464
Iter 105/300 - Loss: -0.7468
Iter 106/300 - Loss: -0.7471
Iter 107/300 - Loss: -0.7475
Iter 108/300 - Loss: -0.7477
Iter 109/300 - Loss: -0.7480
Iter 110/300 - Loss: -0.7483
Iter 111/300 - Loss: -0.7485
Iter 112/300 - Loss: -0.7487
Iter 113/300 - Loss: -0.7488
Iter 114/300 - Loss: -0.7489
Iter 115/300 - Loss: -0.7491
Iter 116/300 - Loss: -0.7493
Iter 117/300 - Loss: -0.7497
Iter 118/300 - Loss: -0.7501
Iter 119/300 - Loss: -0.7503
Iter 120/300 - Loss: -0.7504
Iter 121/300 - Loss: -0.7504
Iter 122/300 - Loss: -0.7505
Iter 123/300 - Loss: -0.7507
Iter 124/300 - Loss: -0.7509
Iter 125/300 - Loss: -0.7511
Iter 126/300 - Loss: -0.7512
Iter 127/300 - Loss: -0.7513
Iter 128/300 - Loss: -0.7513
Iter 129/300 - Loss: -0.7514
Iter 130/300 - Loss: -0.7515
Iter 131/300 - Loss: -0.7516
Iter 132/300 - Loss: -0.7517
Iter 133/300 - Loss: -0.7518
Iter 134/300 - Loss: -0.7519
Iter 135/300 - Loss: -0.7519
Iter 136/300 - Loss: -0.7520
Iter 137/300 - Loss: -0.7520
Iter 138/300 - Loss: -0.7521
Iter 139/300 - Loss: -0.7522
Iter 140/300 - Loss: -0.7523
Iter 141/300 - Loss: -0.7524
Iter 142/300 - Loss: -0.7525
Iter 143/300 - Loss: -0.7526
Iter 144/300 - Loss: -0.7528
Iter 145/300 - Loss: -0.7530
Iter 146/300 - Loss: -0.7532
Iter 147/300 - Loss: -0.7535
Iter 148/300 - Loss: -0.7539
Iter 149/300 - Loss: -0.7545
Iter 150/300 - Loss: -0.7552
Iter 151/300 - Loss: -0.7561
Iter 152/300 - Loss: -0.7572
Iter 153/300 - Loss: -0.7575
Iter 154/300 - Loss: -0.7578
Iter 155/300 - Loss: -0.7580
Iter 156/300 - Loss: -0.7581
Iter 157/300 - Loss: -0.7583
Iter 158/300 - Loss: -0.7587
Iter 159/300 - Loss: -0.7590
Iter 160/300 - Loss: -0.7593
Iter 161/300 - Loss: -0.7596
Iter 162/300 - Loss: -0.7599
Iter 163/300 - Loss: -0.7603
Iter 164/300 - Loss: -0.7607
Iter 165/300 - Loss: -0.7610
Iter 166/300 - Loss: -0.7613
Iter 167/300 - Loss: -0.7617
Iter 168/300 - Loss: -0.7622
Iter 169/300 - Loss: -0.7626
Iter 170/300 - Loss: -0.7630
Iter 171/300 - Loss: -0.7634
Iter 172/300 - Loss: -0.7638
Iter 173/300 - Loss: -0.7642
Iter 174/300 - Loss: -0.7646
Iter 175/300 - Loss: -0.7650
Iter 176/300 - Loss: -0.7655
Iter 177/300 - Loss: -0.7659
Iter 178/300 - Loss: -0.7663
Iter 179/300 - Loss: -0.7667
Iter 180/300 - Loss: -0.7671
Iter 181/300 - Loss: -0.7675
Iter 182/300 - Loss: -0.7679
Iter 183/300 - Loss: -0.7683
Iter 184/300 - Loss: -0.7687
Iter 185/300 - Loss: -0.7691
Iter 186/300 - Loss: -0.7694
Iter 187/300 - Loss: -0.7698
Iter 188/300 - Loss: -0.7702
Iter 189/300 - Loss: -0.7705
Iter 190/300 - Loss: -0.7709
Iter 191/300 - Loss: -0.7712
Iter 192/300 - Loss: -0.7716
Iter 193/300 - Loss: -0.7719
Iter 194/300 - Loss: -0.7723
Iter 195/300 - Loss: -0.7726
Iter 196/300 - Loss: -0.7729
Iter 197/300 - Loss: -0.7732
Iter 198/300 - Loss: -0.7735
Iter 199/300 - Loss: -0.7738
Iter 200/300 - Loss: -0.7741
Iter 201/300 - Loss: -0.7744
Iter 202/300 - Loss: -0.7747
Iter 203/300 - Loss: -0.7750
Iter 204/300 - Loss: -0.7753
Iter 205/300 - Loss: -0.7756
Iter 206/300 - Loss: -0.7758
Iter 207/300 - Loss: -0.7761
Iter 208/300 - Loss: -0.7763
Iter 209/300 - Loss: -0.7766
Iter 210/300 - Loss: -0.7768
Iter 211/300 - Loss: -0.7771
Iter 212/300 - Loss: -0.7773
Iter 213/300 - Loss: -0.7776
Iter 214/300 - Loss: -0.7778
Iter 215/300 - Loss: -0.7780
Iter 216/300 - Loss: -0.7782
Iter 217/300 - Loss: -0.7785
Iter 218/300 - Loss: -0.7787
Iter 219/300 - Loss: -0.7789
Iter 220/300 - Loss: -0.7791
Iter 221/300 - Loss: -0.7793
Iter 222/300 - Loss: -0.7795
Iter 223/300 - Loss: -0.7797
Iter 224/300 - Loss: -0.7798
Iter 225/300 - Loss: -0.7800
Iter 226/300 - Loss: -0.7802
Iter 227/300 - Loss: -0.7804
Iter 228/300 - Loss: -0.7806
Iter 229/300 - Loss: -0.7807
Iter 230/300 - Loss: -0.7809
Iter 231/300 - Loss: -0.7811
Iter 232/300 - Loss: -0.7812
Iter 233/300 - Loss: -0.7814
Iter 234/300 - Loss: -0.7815
Iter 235/300 - Loss: -0.7817
Iter 236/300 - Loss: -0.7818
Iter 237/300 - Loss: -0.7820
Iter 238/300 - Loss: -0.7821
Iter 239/300 - Loss: -0.7823
Iter 240/300 - Loss: -0.7824
Iter 241/300 - Loss: -0.7826
Iter 242/300 - Loss: -0.7827
Iter 243/300 - Loss: -0.7828
Iter 244/300 - Loss: -0.7830
Iter 245/300 - Loss: -0.7831
Iter 246/300 - Loss: -0.7832
Iter 247/300 - Loss: -0.7833
Iter 248/300 - Loss: -0.7835
Iter 249/300 - Loss: -0.7836
Iter 250/300 - Loss: -0.7837
Iter 251/300 - Loss: -0.7838
Iter 252/300 - Loss: -0.7839
Iter 253/300 - Loss: -0.7841
Iter 254/300 - Loss: -0.7842
Iter 255/300 - Loss: -0.7843
Iter 256/300 - Loss: -0.7844
Iter 257/300 - Loss: -0.7845
Iter 258/300 - Loss: -0.7846
Iter 259/300 - Loss: -0.7847
Iter 260/300 - Loss: -0.7848
Iter 261/300 - Loss: -0.7849
Iter 262/300 - Loss: -0.7850
Iter 263/300 - Loss: -0.7851
Iter 264/300 - Loss: -0.7852
Iter 265/300 - Loss: -0.7853
Iter 266/300 - Loss: -0.7854
Iter 267/300 - Loss: -0.7855
Iter 268/300 - Loss: -0.7856
Iter 269/300 - Loss: -0.7857
Iter 270/300 - Loss: -0.7858
Iter 271/300 - Loss: -0.7859
Iter 272/300 - Loss: -0.7860
Iter 273/300 - Loss: -0.7861
Iter 274/300 - Loss: -0.7861
Iter 275/300 - Loss: -0.7862
Iter 276/300 - Loss: -0.7863
Iter 277/300 - Loss: -0.7864
Iter 278/300 - Loss: -0.7865
Iter 279/300 - Loss: -0.7866
Iter 280/300 - Loss: -0.7867
Iter 281/300 - Loss: -0.7867
Iter 282/300 - Loss: -0.7868
Iter 283/300 - Loss: -0.7869
Iter 284/300 - Loss: -0.7870
Iter 285/300 - Loss: -0.7871
Iter 286/300 - Loss: -0.7871
Iter 287/300 - Loss: -0.7872
Iter 288/300 - Loss: -0.7873
Iter 289/300 - Loss: -0.7874
Iter 290/300 - Loss: -0.7874
Iter 291/300 - Loss: -0.7875
Iter 292/300 - Loss: -0.7876
Iter 293/300 - Loss: -0.7877
Iter 294/300 - Loss: -0.7877
Iter 295/300 - Loss: -0.7878
Iter 296/300 - Loss: -0.7879
Iter 297/300 - Loss: -0.7880
Iter 298/300 - Loss: -0.7880
Iter 299/300 - Loss: -0.7881
Iter 300/300 - Loss: -0.7882
