Leaving out Box21_1400
alist [1.0, 0.953321, 0.866399, 0.787402, 0.715608, 0.65036, 0.620002, 0.591061, 0.563471, 0.537169, 0.512095, 0.488191, 0.403224, 0.366459]
{'ns': 0.97000003, 'H0': 67.0, 'w0': -1.0, 'ombh2': 0.0223, 'omch2': 0.12, 'nu_mass_ev': 0.07071068, '10^9 As': 2.10100315}
[[ 1.32994560e+00  1.00443435e+00  6.19170532e+01 -9.80474600e-01
   2.41109800e-02  9.08727000e-02  3.22248220e-01  1.00000000e+00
   4.82257446e-01]
 [ 1.32994560e+00  1.00443435e+00  6.19170532e+01 -9.80474600e-01
   2.41109800e-02  9.08727000e-02  3.22248220e-01  9.53321000e-01
   4.70237591e-01]
 [ 1.32994560e+00  1.00443435e+00  6.19170532e+01 -9.80474600e-01
   2.41109800e-02  9.08727000e-02  3.22248220e-01  8.66399000e-01
   4.45281605e-01]
 [ 1.32994560e+00  1.00443435e+00  6.19170532e+01 -9.80474600e-01
   2.41109800e-02  9.08727000e-02  3.22248220e-01  7.87402000e-01
   4.19406409e-01]
 [ 1.32994560e+00  1.00443435e+00  6.19170532e+01 -9.80474600e-01
   2.41109800e-02  9.08727000e-02  3.22248220e-01  7.15608000e-01
   3.93016321e-01]
 [ 1.32994560e+00  1.00443435e+00  6.19170532e+01 -9.80474600e-01
   2.41109800e-02  9.08727000e-02  3.22248220e-01  6.50360000e-01
   3.66533221e-01]
 [ 1.32994560e+00  1.00443435e+00  6.19170532e+01 -9.80474600e-01
   2.41109800e-02  9.08727000e-02  3.22248220e-01  6.20002000e-01
   3.53385043e-01]
 [ 1.32994560e+00  1.00443435e+00  6.19170532e+01 -9.80474600e-01
   2.41109800e-02  9.08727000e-02  3.22248220e-01  5.91061000e-01
   3.40362643e-01]
 [ 1.32994560e+00  1.00443435e+00  6.19170532e+01 -9.80474600e-01
   2.41109800e-02  9.08727000e-02  3.22248220e-01  5.63471000e-01
   3.27509508e-01]
 [ 1.32994560e+00  1.00443435e+00  6.19170532e+01 -9.80474600e-01
   2.41109800e-02  9.08727000e-02  3.22248220e-01  5.37169000e-01
   3.14864670e-01]
 [ 1.32994560e+00  1.00443435e+00  6.19170532e+01 -9.80474600e-01
   2.41109800e-02  9.08727000e-02  3.22248220e-01  5.12095000e-01
   3.02462887e-01]
 [ 1.32994560e+00  1.00443435e+00  6.19170532e+01 -9.80474600e-01
   2.41109800e-02  9.08727000e-02  3.22248220e-01  4.88191000e-01
   2.90333514e-01]
 [ 1.32994560e+00  1.00443435e+00  6.19170532e+01 -9.80474600e-01
   2.41109800e-02  9.08727000e-02  3.22248220e-01  4.03224000e-01
   2.44976272e-01]
 [ 1.32994560e+00  1.00443435e+00  6.19170532e+01 -9.80474600e-01
   2.41109800e-02  9.08727000e-02  3.22248220e-01  3.66459000e-01
   2.24378287e-01]]
[[0.36718246 0.20550088 1.84145561 1.16933067]
 [0.34928668 0.16286633 1.89061754 1.1788169 ]
 [0.31522094 0.0915825  1.95642329 1.19606656]
 [0.27675874 0.03871562 1.99148083 1.20452675]
 [0.26683296 0.03430102 1.99457413 1.20268768]
 [0.2453559  0.02008143 2.00531103 1.20099648]
 [0.24393654 0.02195536 1.99953503 1.19612842]
 [0.24707111 0.03085484 1.99101422 1.185705  ]
 [0.23514212 0.02702279 1.99681917 1.17536695]
 [0.24475037 0.0352336  1.98497805 1.17985188]
 [0.2437887  0.04412321 1.97694572 1.16985469]
 [0.24679789 0.05727549 1.96118324 1.16312484]
 [0.25591609 0.05618199 1.95620502 1.1778904 ]
 [0.23722493 0.06318105 1.9573232  1.16186646]]
(2030, 9)
(2030, 4)
scaling input
(2030, 9)
scaling output
(2030, 4)
Iter 1/300 - Loss: 3.0000
Iter 2/300 - Loss: 2.6607
Iter 3/300 - Loss: 2.3481
Iter 4/300 - Loss: 2.0659
Iter 5/300 - Loss: 1.8152
Iter 6/300 - Loss: 1.5972
Iter 7/300 - Loss: 1.4142
Iter 8/300 - Loss: 1.2679
Iter 9/300 - Loss: 1.1582
Iter 10/300 - Loss: 1.0825
Iter 11/300 - Loss: 1.0349
Iter 12/300 - Loss: 1.0072
Iter 13/300 - Loss: 0.9901
Iter 14/300 - Loss: 0.9745
Iter 15/300 - Loss: 0.9533
Iter 16/300 - Loss: 0.9214
Iter 17/300 - Loss: 0.8765
Iter 18/300 - Loss: 0.8177
Iter 19/300 - Loss: 0.7478
Iter 20/300 - Loss: 0.6738
Iter 21/300 - Loss: 0.6029
Iter 22/300 - Loss: 0.5408
Iter 23/300 - Loss: 0.4898
Iter 24/300 - Loss: 0.4486
Iter 25/300 - Loss: 0.4139
Iter 26/300 - Loss: 0.3821
Iter 27/300 - Loss: 0.3508
Iter 28/300 - Loss: 0.3184
Iter 29/300 - Loss: 0.2843
Iter 30/300 - Loss: 0.2485
Iter 31/300 - Loss: 0.2114
Iter 32/300 - Loss: 0.1736
Iter 33/300 - Loss: 0.1363
Iter 34/300 - Loss: 0.1003
Iter 35/300 - Loss: 0.0667
Iter 36/300 - Loss: 0.0361
Iter 37/300 - Loss: 0.0088
Iter 38/300 - Loss: -0.0151
Iter 39/300 - Loss: -0.0359
Iter 40/300 - Loss: -0.0544
Iter 41/300 - Loss: -0.0717
Iter 42/300 - Loss: -0.0886
Iter 43/300 - Loss: -0.1058
Iter 44/300 - Loss: -0.1231
Iter 45/300 - Loss: -0.1403
Iter 46/300 - Loss: -0.1568
Iter 47/300 - Loss: -0.1716
Iter 48/300 - Loss: -0.1844
Iter 49/300 - Loss: -0.1953
Iter 50/300 - Loss: -0.2047
Iter 51/300 - Loss: -0.2134
Iter 52/300 - Loss: -0.2219
Iter 53/300 - Loss: -0.2307
Iter 54/300 - Loss: -0.2397
Iter 55/300 - Loss: -0.2491
Iter 56/300 - Loss: -0.2585
Iter 57/300 - Loss: -0.2677
Iter 58/300 - Loss: -0.2763
Iter 59/300 - Loss: -0.2840
Iter 60/300 - Loss: -0.2903
Iter 61/300 - Loss: -0.2937
Iter 62/300 - Loss: -0.2908
Iter 63/300 - Loss: -0.2981
Iter 64/300 - Loss: -0.3028
Iter 65/300 - Loss: -0.3022
Iter 66/300 - Loss: -0.3090
Iter 67/300 - Loss: -0.3073
Iter 68/300 - Loss: -0.3117
Iter 69/300 - Loss: -0.3112
Iter 70/300 - Loss: -0.3121
Iter 71/300 - Loss: -0.3140
Iter 72/300 - Loss: -0.3138
Iter 73/300 - Loss: -0.3167
Iter 74/300 - Loss: -0.3172
Iter 75/300 - Loss: -0.3196
Iter 76/300 - Loss: -0.3199
Iter 77/300 - Loss: -0.3216
Iter 78/300 - Loss: -0.3220
Iter 79/300 - Loss: -0.3225
Iter 80/300 - Loss: -0.3238
Iter 81/300 - Loss: -0.3236
Iter 82/300 - Loss: -0.3249
Iter 83/300 - Loss: -0.3249
Iter 84/300 - Loss: -0.3251
Iter 85/300 - Loss: -0.3257
Iter 86/300 - Loss: -0.3255
Iter 87/300 - Loss: -0.3261
Iter 88/300 - Loss: -0.3264
Iter 89/300 - Loss: -0.3268
Iter 90/300 - Loss: -0.3274
Iter 91/300 - Loss: -0.3275
Iter 92/300 - Loss: -0.3280
Iter 93/300 - Loss: -0.3280
Iter 94/300 - Loss: -0.3283
Iter 95/300 - Loss: -0.3285
Iter 96/300 - Loss: -0.3285
Iter 97/300 - Loss: -0.3288
Iter 98/300 - Loss: -0.3288
Iter 99/300 - Loss: -0.3290
Iter 100/300 - Loss: -0.3290
Iter 101/300 - Loss: -0.3291
Iter 102/300 - Loss: -0.3293
Iter 103/300 - Loss: -0.3294
Iter 104/300 - Loss: -0.3295
Iter 105/300 - Loss: -0.3296
Iter 106/300 - Loss: -0.3297
Iter 107/300 - Loss: -0.3298
Iter 108/300 - Loss: -0.3299
Iter 109/300 - Loss: -0.3300
Iter 110/300 - Loss: -0.3300
Iter 111/300 - Loss: -0.3302
Iter 112/300 - Loss: -0.3302
Iter 113/300 - Loss: -0.3303
Iter 114/300 - Loss: -0.3304
Iter 115/300 - Loss: -0.3305
Iter 116/300 - Loss: -0.3308
Iter 117/300 - Loss: -0.3310
Iter 118/300 - Loss: -0.3314
Iter 119/300 - Loss: -0.3321
Iter 120/300 - Loss: -0.3330
Iter 121/300 - Loss: -0.3344
Iter 122/300 - Loss: -0.3364
Iter 123/300 - Loss: -0.3392
Iter 124/300 - Loss: -0.3428
Iter 125/300 - Loss: -0.3470
Iter 126/300 - Loss: -0.3512
Iter 127/300 - Loss: -0.3550
Iter 128/300 - Loss: -0.3584
Iter 129/300 - Loss: -0.3615
Iter 130/300 - Loss: -0.3645
Iter 131/300 - Loss: -0.3675
Iter 132/300 - Loss: -0.3705
Iter 133/300 - Loss: -0.3734
Iter 134/300 - Loss: -0.3764
Iter 135/300 - Loss: -0.3792
Iter 136/300 - Loss: -0.3817
Iter 137/300 - Loss: -0.3836
Iter 138/300 - Loss: -0.3852
Iter 139/300 - Loss: -0.3865
Iter 140/300 - Loss: -0.3877
Iter 141/300 - Loss: -0.3890
Iter 142/300 - Loss: -0.3903
Iter 143/300 - Loss: -0.3916
Iter 144/300 - Loss: -0.3929
Iter 145/300 - Loss: -0.3941
Iter 146/300 - Loss: -0.3952
Iter 147/300 - Loss: -0.3962
Iter 148/300 - Loss: -0.3972
Iter 149/300 - Loss: -0.3981
Iter 150/300 - Loss: -0.3990
Iter 151/300 - Loss: -0.4000
Iter 152/300 - Loss: -0.4011
Iter 153/300 - Loss: -0.4012
Iter 154/300 - Loss: -0.4013
Iter 155/300 - Loss: -0.4014
Iter 156/300 - Loss: -0.4016
Iter 157/300 - Loss: -0.4017
Iter 158/300 - Loss: -0.4018
Iter 159/300 - Loss: -0.4019
Iter 160/300 - Loss: -0.4021
Iter 161/300 - Loss: -0.4022
Iter 162/300 - Loss: -0.4023
Iter 163/300 - Loss: -0.4025
Iter 164/300 - Loss: -0.4026
Iter 165/300 - Loss: -0.4027
Iter 166/300 - Loss: -0.4028
Iter 167/300 - Loss: -0.4030
Iter 168/300 - Loss: -0.4031
Iter 169/300 - Loss: -0.4032
Iter 170/300 - Loss: -0.4034
Iter 171/300 - Loss: -0.4035
Iter 172/300 - Loss: -0.4036
Iter 173/300 - Loss: -0.4037
Iter 174/300 - Loss: -0.4038
Iter 175/300 - Loss: -0.4040
Iter 176/300 - Loss: -0.4041
Iter 177/300 - Loss: -0.4042
Iter 178/300 - Loss: -0.4044
Iter 179/300 - Loss: -0.4045
Iter 180/300 - Loss: -0.4046
Iter 181/300 - Loss: -0.4047
Iter 182/300 - Loss: -0.4049
Iter 183/300 - Loss: -0.4050
Iter 184/300 - Loss: -0.4051
Iter 185/300 - Loss: -0.4053
Iter 186/300 - Loss: -0.4054
Iter 187/300 - Loss: -0.4055
Iter 188/300 - Loss: -0.4057
Iter 189/300 - Loss: -0.4058
Iter 190/300 - Loss: -0.4059
Iter 191/300 - Loss: -0.4061
Iter 192/300 - Loss: -0.4062
Iter 193/300 - Loss: -0.4063
Iter 194/300 - Loss: -0.4065
Iter 195/300 - Loss: -0.4066
Iter 196/300 - Loss: -0.4067
Iter 197/300 - Loss: -0.4069
Iter 198/300 - Loss: -0.4070
Iter 199/300 - Loss: -0.4072
Iter 200/300 - Loss: -0.4073
Iter 201/300 - Loss: -0.4074
Iter 202/300 - Loss: -0.4076
Iter 203/300 - Loss: -0.4077
Iter 204/300 - Loss: -0.4079
Iter 205/300 - Loss: -0.4080
Iter 206/300 - Loss: -0.4081
Iter 207/300 - Loss: -0.4083
Iter 208/300 - Loss: -0.4084
Iter 209/300 - Loss: -0.4086
Iter 210/300 - Loss: -0.4087
Iter 211/300 - Loss: -0.4089
Iter 212/300 - Loss: -0.4090
Iter 213/300 - Loss: -0.4092
Iter 214/300 - Loss: -0.4093
Iter 215/300 - Loss: -0.4095
Iter 216/300 - Loss: -0.4096
Iter 217/300 - Loss: -0.4098
Iter 218/300 - Loss: -0.4099
Iter 219/300 - Loss: -0.4100
Iter 220/300 - Loss: -0.4102
Iter 221/300 - Loss: -0.4103
Iter 222/300 - Loss: -0.4105
Iter 223/300 - Loss: -0.4107
Iter 224/300 - Loss: -0.4108
Iter 225/300 - Loss: -0.4110
Iter 226/300 - Loss: -0.4111
Iter 227/300 - Loss: -0.4113
Iter 228/300 - Loss: -0.4114
Iter 229/300 - Loss: -0.4116
Iter 230/300 - Loss: -0.4117
Iter 231/300 - Loss: -0.4119
Iter 232/300 - Loss: -0.4120
Iter 233/300 - Loss: -0.4122
Iter 234/300 - Loss: -0.4124
Iter 235/300 - Loss: -0.4125
Iter 236/300 - Loss: -0.4127
Iter 237/300 - Loss: -0.4128
Iter 238/300 - Loss: -0.4130
Iter 239/300 - Loss: -0.4132
Iter 240/300 - Loss: -0.4133
Iter 241/300 - Loss: -0.4135
Iter 242/300 - Loss: -0.4136
Iter 243/300 - Loss: -0.4138
Iter 244/300 - Loss: -0.4140
Iter 245/300 - Loss: -0.4141
Iter 246/300 - Loss: -0.4143
Iter 247/300 - Loss: -0.4145
Iter 248/300 - Loss: -0.4146
Iter 249/300 - Loss: -0.4148
Iter 250/300 - Loss: -0.4150
Iter 251/300 - Loss: -0.4151
Iter 252/300 - Loss: -0.4153
Iter 253/300 - Loss: -0.4155
Iter 254/300 - Loss: -0.4156
Iter 255/300 - Loss: -0.4158
Iter 256/300 - Loss: -0.4160
Iter 257/300 - Loss: -0.4162
Iter 258/300 - Loss: -0.4163
Iter 259/300 - Loss: -0.4165
Iter 260/300 - Loss: -0.4167
Iter 261/300 - Loss: -0.4168
Iter 262/300 - Loss: -0.4170
Iter 263/300 - Loss: -0.4172
Iter 264/300 - Loss: -0.4174
Iter 265/300 - Loss: -0.4175
Iter 266/300 - Loss: -0.4177
Iter 267/300 - Loss: -0.4179
Iter 268/300 - Loss: -0.4181
Iter 269/300 - Loss: -0.4182
Iter 270/300 - Loss: -0.4184
Iter 271/300 - Loss: -0.4186
Iter 272/300 - Loss: -0.4188
Iter 273/300 - Loss: -0.4189
Iter 274/300 - Loss: -0.4191
Iter 275/300 - Loss: -0.4193
Iter 276/300 - Loss: -0.4195
Iter 277/300 - Loss: -0.4197
Iter 278/300 - Loss: -0.4198
Iter 279/300 - Loss: -0.4200
Iter 280/300 - Loss: -0.4202
Iter 281/300 - Loss: -0.4204
Iter 282/300 - Loss: -0.4206
Iter 283/300 - Loss: -0.4208
Iter 284/300 - Loss: -0.4209
Iter 285/300 - Loss: -0.4211
Iter 286/300 - Loss: -0.4213
Iter 287/300 - Loss: -0.4215
Iter 288/300 - Loss: -0.4217
Iter 289/300 - Loss: -0.4219
Iter 290/300 - Loss: -0.4221
Iter 291/300 - Loss: -0.4222
Iter 292/300 - Loss: -0.4224
Iter 293/300 - Loss: -0.4226
Iter 294/300 - Loss: -0.4228
Iter 295/300 - Loss: -0.4230
Iter 296/300 - Loss: -0.4232
Iter 297/300 - Loss: -0.4234
Iter 298/300 - Loss: -0.4236
Iter 299/300 - Loss: -0.4237
Iter 300/300 - Loss: -0.4239
