Leaving out Box_n50_10_1400
alist [1.0, 0.953321, 0.866399, 0.787402, 0.715608, 0.65036, 0.620002, 0.591061, 0.563471, 0.537169, 0.512095, 0.488191, 0.403224, 0.366459]
{'ns': 0.97000003, 'H0': 67.0, 'w0': -1.0, 'ombh2': 0.0223, 'omch2': 0.12, 'nu_mass_ev': 0.07071068, '10^9 As': 2.10100315}
[[ 2.14266982e+00  9.64999970e-01  6.23125000e+01 -8.24999990e-01
   2.32375000e-02  1.21250000e-01  3.91547440e-01  1.00000000e+00
   7.07641626e-01]
 [ 2.14266982e+00  9.64999970e-01  6.23125000e+01 -8.24999990e-01
   2.32375000e-02  1.21250000e-01  3.91547440e-01  9.53321000e-01
   6.87968929e-01]
 [ 2.14266982e+00  9.64999970e-01  6.23125000e+01 -8.24999990e-01
   2.32375000e-02  1.21250000e-01  3.91547440e-01  8.66399000e-01
   6.48058246e-01]
 [ 2.14266982e+00  9.64999970e-01  6.23125000e+01 -8.24999990e-01
   2.32375000e-02  1.21250000e-01  3.91547440e-01  7.87402000e-01
   6.07805287e-01]
 [ 2.14266982e+00  9.64999970e-01  6.23125000e+01 -8.24999990e-01
   2.32375000e-02  1.21250000e-01  3.91547440e-01  7.15608000e-01
   5.67705086e-01]
 [ 2.14266982e+00  9.64999970e-01  6.23125000e+01 -8.24999990e-01
   2.32375000e-02  1.21250000e-01  3.91547440e-01  6.50360000e-01
   5.28228780e-01]
 [ 2.14266982e+00  9.64999970e-01  6.23125000e+01 -8.24999990e-01
   2.32375000e-02  1.21250000e-01  3.91547440e-01  6.20002000e-01
   5.08858880e-01]
 [ 2.14266982e+00  9.64999970e-01  6.23125000e+01 -8.24999990e-01
   2.32375000e-02  1.21250000e-01  3.91547440e-01  5.91061000e-01
   4.89798086e-01]
 [ 2.14266982e+00  9.64999970e-01  6.23125000e+01 -8.24999990e-01
   2.32375000e-02  1.21250000e-01  3.91547440e-01  5.63471000e-01
   4.71088606e-01]
 [ 2.14266982e+00  9.64999970e-01  6.23125000e+01 -8.24999990e-01
   2.32375000e-02  1.21250000e-01  3.91547440e-01  5.37169000e-01
   4.52767476e-01]
 [ 2.14266982e+00  9.64999970e-01  6.23125000e+01 -8.24999990e-01
   2.32375000e-02  1.21250000e-01  3.91547440e-01  5.12095000e-01
   4.34866986e-01]
 [ 2.14266982e+00  9.64999970e-01  6.23125000e+01 -8.24999990e-01
   2.32375000e-02  1.21250000e-01  3.91547440e-01  4.88191000e-01
   4.17413598e-01]
 [ 2.14266982e+00  9.64999970e-01  6.23125000e+01 -8.24999990e-01
   2.32375000e-02  1.21250000e-01  3.91547440e-01  4.03224000e-01
   3.52449926e-01]
 [ 2.14266982e+00  9.64999970e-01  6.23125000e+01 -8.24999990e-01
   2.32375000e-02  1.21250000e-01  3.91547440e-01  3.66459000e-01
   3.23021957e-01]]
[[0.50938928 1.00820931 2.26820568 1.25123871]
 [0.50003882 0.97225495 2.27116575 1.25207235]
 [0.48424314 0.93566783 2.27494824 1.25275793]
 [0.47191836 0.92986169 2.27600206 1.25237675]
 [0.45991339 0.94250222 2.27488956 1.24579194]
 [0.44586922 0.93417584 2.27696025 1.24103414]
 [0.4410632  0.92835475 2.27844677 1.23738533]
 [0.43399694 0.92696502 2.27907399 1.23497696]
 [0.42964797 0.92590993 2.2799764  1.2333341 ]
 [0.42317245 0.92189445 2.28166198 1.23048238]
 [0.4175632  0.91524914 2.28405531 1.22821124]
 [0.41156951 0.90984737 2.28605206 1.22585161]
 [0.38935418 0.89505966 2.29220955 1.21322858]
 [0.3921521  0.89033056 2.29407144 1.21887602]]
(2030, 9)
(2030, 4)
scaling input
(2030, 9)
scaling output
(2030, 4)
Iter 1/300 - Loss: 2.8423
Iter 2/300 - Loss: 2.5086
Iter 3/300 - Loss: 2.2038
Iter 4/300 - Loss: 1.9309
Iter 5/300 - Loss: 1.6902
Iter 6/300 - Loss: 1.4804
Iter 7/300 - Loss: 1.3019
Iter 8/300 - Loss: 1.1576
Iter 9/300 - Loss: 1.0503
Iter 10/300 - Loss: 0.9806
Iter 11/300 - Loss: 0.9437
Iter 12/300 - Loss: 0.9272
Iter 13/300 - Loss: 0.9162
Iter 14/300 - Loss: 0.9020
Iter 15/300 - Loss: 0.8812
Iter 16/300 - Loss: 0.8515
Iter 17/300 - Loss: 0.8112
Iter 18/300 - Loss: 0.7606
Iter 19/300 - Loss: 0.7009
Iter 20/300 - Loss: 0.6343
Iter 21/300 - Loss: 0.5653
Iter 22/300 - Loss: 0.4989
Iter 23/300 - Loss: 0.4384
Iter 24/300 - Loss: 0.3854
Iter 25/300 - Loss: 0.3398
Iter 26/300 - Loss: 0.2994
Iter 27/300 - Loss: 0.2616
Iter 28/300 - Loss: 0.2241
Iter 29/300 - Loss: 0.1856
Iter 30/300 - Loss: 0.1456
Iter 31/300 - Loss: 0.1041
Iter 32/300 - Loss: 0.0615
Iter 33/300 - Loss: 0.0181
Iter 34/300 - Loss: -0.0254
Iter 35/300 - Loss: -0.0685
Iter 36/300 - Loss: -0.1106
Iter 37/300 - Loss: -0.1509
Iter 38/300 - Loss: -0.1892
Iter 39/300 - Loss: -0.2249
Iter 40/300 - Loss: -0.2576
Iter 41/300 - Loss: -0.2873
Iter 42/300 - Loss: -0.3141
Iter 43/300 - Loss: -0.3389
Iter 44/300 - Loss: -0.3626
Iter 45/300 - Loss: -0.3861
Iter 46/300 - Loss: -0.4097
Iter 47/300 - Loss: -0.4334
Iter 48/300 - Loss: -0.4567
Iter 49/300 - Loss: -0.4782
Iter 50/300 - Loss: -0.4979
Iter 51/300 - Loss: -0.5157
Iter 52/300 - Loss: -0.5314
Iter 53/300 - Loss: -0.5457
Iter 54/300 - Loss: -0.5587
Iter 55/300 - Loss: -0.5710
Iter 56/300 - Loss: -0.5829
Iter 57/300 - Loss: -0.5946
Iter 58/300 - Loss: -0.6063
Iter 59/300 - Loss: -0.6177
Iter 60/300 - Loss: -0.6289
Iter 61/300 - Loss: -0.6397
Iter 62/300 - Loss: -0.6498
Iter 63/300 - Loss: -0.6592
Iter 64/300 - Loss: -0.6678
Iter 65/300 - Loss: -0.6755
Iter 66/300 - Loss: -0.6826
Iter 67/300 - Loss: -0.6889
Iter 68/300 - Loss: -0.6946
Iter 69/300 - Loss: -0.6997
Iter 70/300 - Loss: -0.7041
Iter 71/300 - Loss: -0.7079
Iter 72/300 - Loss: -0.7113
Iter 73/300 - Loss: -0.7142
Iter 74/300 - Loss: -0.7168
Iter 75/300 - Loss: -0.7193
Iter 76/300 - Loss: -0.7215
Iter 77/300 - Loss: -0.7235
Iter 78/300 - Loss: -0.7250
Iter 79/300 - Loss: -0.7251
Iter 80/300 - Loss: -0.7253
Iter 81/300 - Loss: -0.7298
Iter 82/300 - Loss: -0.7315
Iter 83/300 - Loss: -0.7326
Iter 84/300 - Loss: -0.7348
Iter 85/300 - Loss: -0.7360
Iter 86/300 - Loss: -0.7370
Iter 87/300 - Loss: -0.7384
Iter 88/300 - Loss: -0.7389
Iter 89/300 - Loss: -0.7402
Iter 90/300 - Loss: -0.7407
Iter 91/300 - Loss: -0.7417
Iter 92/300 - Loss: -0.7423
Iter 93/300 - Loss: -0.7431
Iter 94/300 - Loss: -0.7437
Iter 95/300 - Loss: -0.7444
Iter 96/300 - Loss: -0.7449
Iter 97/300 - Loss: -0.7457
Iter 98/300 - Loss: -0.7460
Iter 99/300 - Loss: -0.7467
Iter 100/300 - Loss: -0.7469
Iter 101/300 - Loss: -0.7475
Iter 102/300 - Loss: -0.7477
Iter 103/300 - Loss: -0.7481
Iter 104/300 - Loss: -0.7483
Iter 105/300 - Loss: -0.7487
Iter 106/300 - Loss: -0.7489
Iter 107/300 - Loss: -0.7492
Iter 108/300 - Loss: -0.7495
Iter 109/300 - Loss: -0.7498
Iter 110/300 - Loss: -0.7501
Iter 111/300 - Loss: -0.7503
Iter 112/300 - Loss: -0.7506
Iter 113/300 - Loss: -0.7507
Iter 114/300 - Loss: -0.7510
Iter 115/300 - Loss: -0.7512
Iter 116/300 - Loss: -0.7514
Iter 117/300 - Loss: -0.7515
Iter 118/300 - Loss: -0.7517
Iter 119/300 - Loss: -0.7519
Iter 120/300 - Loss: -0.7520
Iter 121/300 - Loss: -0.7522
Iter 122/300 - Loss: -0.7523
Iter 123/300 - Loss: -0.7524
Iter 124/300 - Loss: -0.7525
Iter 125/300 - Loss: -0.7527
Iter 126/300 - Loss: -0.7528
Iter 127/300 - Loss: -0.7529
Iter 128/300 - Loss: -0.7530
Iter 129/300 - Loss: -0.7531
Iter 130/300 - Loss: -0.7531
Iter 131/300 - Loss: -0.7532
Iter 132/300 - Loss: -0.7533
Iter 133/300 - Loss: -0.7534
Iter 134/300 - Loss: -0.7535
Iter 135/300 - Loss: -0.7535
Iter 136/300 - Loss: -0.7536
Iter 137/300 - Loss: -0.7537
Iter 138/300 - Loss: -0.7537
Iter 139/300 - Loss: -0.7538
Iter 140/300 - Loss: -0.7539
Iter 141/300 - Loss: -0.7540
Iter 142/300 - Loss: -0.7541
Iter 143/300 - Loss: -0.7542
Iter 144/300 - Loss: -0.7544
Iter 145/300 - Loss: -0.7546
Iter 146/300 - Loss: -0.7548
Iter 147/300 - Loss: -0.7552
Iter 148/300 - Loss: -0.7556
Iter 149/300 - Loss: -0.7563
Iter 150/300 - Loss: -0.7571
Iter 151/300 - Loss: -0.7583
Iter 152/300 - Loss: -0.7597
Iter 153/300 - Loss: -0.7599
Iter 154/300 - Loss: -0.7601
Iter 155/300 - Loss: -0.7604
Iter 156/300 - Loss: -0.7606
Iter 157/300 - Loss: -0.7609
Iter 158/300 - Loss: -0.7612
Iter 159/300 - Loss: -0.7615
Iter 160/300 - Loss: -0.7618
Iter 161/300 - Loss: -0.7621
Iter 162/300 - Loss: -0.7625
Iter 163/300 - Loss: -0.7629
Iter 164/300 - Loss: -0.7632
Iter 165/300 - Loss: -0.7636
Iter 166/300 - Loss: -0.7640
Iter 167/300 - Loss: -0.7645
Iter 168/300 - Loss: -0.7649
Iter 169/300 - Loss: -0.7653
Iter 170/300 - Loss: -0.7657
Iter 171/300 - Loss: -0.7661
Iter 172/300 - Loss: -0.7666
Iter 173/300 - Loss: -0.7670
Iter 174/300 - Loss: -0.7674
Iter 175/300 - Loss: -0.7678
Iter 176/300 - Loss: -0.7682
Iter 177/300 - Loss: -0.7687
Iter 178/300 - Loss: -0.7691
Iter 179/300 - Loss: -0.7695
Iter 180/300 - Loss: -0.7699
Iter 181/300 - Loss: -0.7703
Iter 182/300 - Loss: -0.7707
Iter 183/300 - Loss: -0.7711
Iter 184/300 - Loss: -0.7714
Iter 185/300 - Loss: -0.7718
Iter 186/300 - Loss: -0.7722
Iter 187/300 - Loss: -0.7725
Iter 188/300 - Loss: -0.7729
Iter 189/300 - Loss: -0.7732
Iter 190/300 - Loss: -0.7736
Iter 191/300 - Loss: -0.7739
Iter 192/300 - Loss: -0.7743
Iter 193/300 - Loss: -0.7746
Iter 194/300 - Loss: -0.7749
Iter 195/300 - Loss: -0.7752
Iter 196/300 - Loss: -0.7755
Iter 197/300 - Loss: -0.7758
Iter 198/300 - Loss: -0.7761
Iter 199/300 - Loss: -0.7764
Iter 200/300 - Loss: -0.7767
Iter 201/300 - Loss: -0.7770
Iter 202/300 - Loss: -0.7773
Iter 203/300 - Loss: -0.7776
Iter 204/300 - Loss: -0.7778
Iter 205/300 - Loss: -0.7781
Iter 206/300 - Loss: -0.7783
Iter 207/300 - Loss: -0.7786
Iter 208/300 - Loss: -0.7788
Iter 209/300 - Loss: -0.7791
Iter 210/300 - Loss: -0.7793
Iter 211/300 - Loss: -0.7795
Iter 212/300 - Loss: -0.7798
Iter 213/300 - Loss: -0.7800
Iter 214/300 - Loss: -0.7802
Iter 215/300 - Loss: -0.7804
Iter 216/300 - Loss: -0.7806
Iter 217/300 - Loss: -0.7808
Iter 218/300 - Loss: -0.7810
Iter 219/300 - Loss: -0.7812
Iter 220/300 - Loss: -0.7814
Iter 221/300 - Loss: -0.7816
Iter 222/300 - Loss: -0.7818
Iter 223/300 - Loss: -0.7819
Iter 224/300 - Loss: -0.7821
Iter 225/300 - Loss: -0.7823
Iter 226/300 - Loss: -0.7825
Iter 227/300 - Loss: -0.7826
Iter 228/300 - Loss: -0.7828
Iter 229/300 - Loss: -0.7830
Iter 230/300 - Loss: -0.7831
Iter 231/300 - Loss: -0.7833
Iter 232/300 - Loss: -0.7834
Iter 233/300 - Loss: -0.7836
Iter 234/300 - Loss: -0.7837
Iter 235/300 - Loss: -0.7838
Iter 236/300 - Loss: -0.7840
Iter 237/300 - Loss: -0.7841
Iter 238/300 - Loss: -0.7843
Iter 239/300 - Loss: -0.7844
Iter 240/300 - Loss: -0.7845
Iter 241/300 - Loss: -0.7847
Iter 242/300 - Loss: -0.7848
Iter 243/300 - Loss: -0.7849
Iter 244/300 - Loss: -0.7850
Iter 245/300 - Loss: -0.7852
Iter 246/300 - Loss: -0.7853
Iter 247/300 - Loss: -0.7854
Iter 248/300 - Loss: -0.7855
Iter 249/300 - Loss: -0.7856
Iter 250/300 - Loss: -0.7857
Iter 251/300 - Loss: -0.7858
Iter 252/300 - Loss: -0.7860
Iter 253/300 - Loss: -0.7861
Iter 254/300 - Loss: -0.7862
Iter 255/300 - Loss: -0.7863
Iter 256/300 - Loss: -0.7864
Iter 257/300 - Loss: -0.7865
Iter 258/300 - Loss: -0.7866
Iter 259/300 - Loss: -0.7867
Iter 260/300 - Loss: -0.7868
Iter 261/300 - Loss: -0.7869
Iter 262/300 - Loss: -0.7870
Iter 263/300 - Loss: -0.7870
Iter 264/300 - Loss: -0.7871
Iter 265/300 - Loss: -0.7872
Iter 266/300 - Loss: -0.7873
Iter 267/300 - Loss: -0.7874
Iter 268/300 - Loss: -0.7875
Iter 269/300 - Loss: -0.7876
Iter 270/300 - Loss: -0.7877
Iter 271/300 - Loss: -0.7878
Iter 272/300 - Loss: -0.7878
Iter 273/300 - Loss: -0.7879
Iter 274/300 - Loss: -0.7880
Iter 275/300 - Loss: -0.7881
Iter 276/300 - Loss: -0.7882
Iter 277/300 - Loss: -0.7882
Iter 278/300 - Loss: -0.7883
Iter 279/300 - Loss: -0.7884
Iter 280/300 - Loss: -0.7885
Iter 281/300 - Loss: -0.7886
Iter 282/300 - Loss: -0.7886
Iter 283/300 - Loss: -0.7887
Iter 284/300 - Loss: -0.7888
Iter 285/300 - Loss: -0.7889
Iter 286/300 - Loss: -0.7889
Iter 287/300 - Loss: -0.7890
Iter 288/300 - Loss: -0.7891
Iter 289/300 - Loss: -0.7891
Iter 290/300 - Loss: -0.7892
Iter 291/300 - Loss: -0.7893
Iter 292/300 - Loss: -0.7894
Iter 293/300 - Loss: -0.7894
Iter 294/300 - Loss: -0.7895
Iter 295/300 - Loss: -0.7896
Iter 296/300 - Loss: -0.7896
Iter 297/300 - Loss: -0.7897
Iter 298/300 - Loss: -0.7898
Iter 299/300 - Loss: -0.7898
Iter 300/300 - Loss: -0.7899
