Leaving out Box7_1400
{'ns': 0.97000003, 'H0': 67.0, 'w0': -1.0, 'ombh2': 0.0223, 'omch2': 0.12, 'nu_mass_ev': 0.07071068, '10^9 As': 2.10100315}
(2030, 8)
(2030, 4)
scaling input
(2030, 8)
scaling output
(2030, 4)
1
Iter 1/200 - Loss: 2.4641
Iter 2/200 - Loss: 1.3693
Iter 3/200 - Loss: 1.1109
Iter 4/200 - Loss: 0.8733
Iter 5/200 - Loss: 0.7338
Iter 6/200 - Loss: 0.4832
Iter 7/200 - Loss: 0.2069
Iter 8/200 - Loss: -0.0052
Iter 9/200 - Loss: -0.1118
Iter 10/200 - Loss: -0.2048
Iter 11/200 - Loss: -0.2993
Iter 12/200 - Loss: -0.3645
Iter 13/200 - Loss: -0.3763
Iter 14/200 - Loss: -0.3221
Iter 15/200 - Loss: -0.3595
Iter 16/200 - Loss: -0.4733
Iter 17/200 - Loss: -0.5433
Iter 18/200 - Loss: -0.5999
Iter 19/200 - Loss: -0.6408
Iter 20/200 - Loss: -0.6930
Iter 21/200 - Loss: -0.6732
Iter 22/200 - Loss: -0.6795
Iter 23/200 - Loss: -0.6902
Iter 24/200 - Loss: -0.7056
Iter 25/200 - Loss: -0.7195
Iter 26/200 - Loss: -0.7312
Iter 27/200 - Loss: -0.7419
Iter 28/200 - Loss: -0.7536
Iter 29/200 - Loss: -0.7680
Iter 30/200 - Loss: -0.7833
Iter 31/200 - Loss: -0.7979
Iter 32/200 - Loss: -0.8086
Iter 33/200 - Loss: -0.8144
Iter 34/200 - Loss: -0.8149
Iter 35/200 - Loss: -0.8137
Iter 36/200 - Loss: -0.8137
Iter 37/200 - Loss: -0.8138
Iter 38/200 - Loss: -0.8166
Iter 39/200 - Loss: -0.8217
Iter 40/200 - Loss: -0.8264
Iter 41/200 - Loss: -0.8297
Iter 42/200 - Loss: -0.8332
Iter 43/200 - Loss: -0.8362
Iter 44/200 - Loss: -0.8395
Iter 45/200 - Loss: -0.8443
Iter 46/200 - Loss: -0.8495
Iter 47/200 - Loss: -0.8542
Iter 48/200 - Loss: -0.8591
Iter 49/200 - Loss: -0.8625
Iter 50/200 - Loss: -0.8653
Iter 51/200 - Loss: -0.8684
Iter 52/200 - Loss: -0.8712
Iter 53/200 - Loss: -0.8750
Iter 54/200 - Loss: -0.8782
Iter 55/200 - Loss: -0.8818
Iter 56/200 - Loss: -0.8853
Iter 57/200 - Loss: -0.8899
Iter 58/200 - Loss: -0.8951
Iter 59/200 - Loss: -0.9003
Iter 60/200 - Loss: -0.9051
Iter 61/200 - Loss: -0.9089
Iter 62/200 - Loss: -0.9118
Iter 63/200 - Loss: -0.9144
Iter 64/200 - Loss: -0.9171
Iter 65/200 - Loss: -0.9201
Iter 66/200 - Loss: -0.9228
Iter 67/200 - Loss: -0.9257
Iter 68/200 - Loss: -0.9281
Iter 69/200 - Loss: -0.9306
Iter 70/200 - Loss: -0.9328
Iter 71/200 - Loss: -0.9352
Iter 72/200 - Loss: -0.9375
Iter 73/200 - Loss: -0.9396
Iter 74/200 - Loss: -0.9413
Iter 75/200 - Loss: -0.9428
Iter 76/200 - Loss: -0.9443
Iter 77/200 - Loss: -0.9460
Iter 78/200 - Loss: -0.9477
Iter 79/200 - Loss: -0.9494
Iter 80/200 - Loss: -0.9509
Iter 81/200 - Loss: -0.9523
Iter 82/200 - Loss: -0.9536
Iter 83/200 - Loss: -0.9551
Iter 84/200 - Loss: -0.9563
Iter 85/200 - Loss: -0.9573
Iter 86/200 - Loss: -0.9584
Iter 87/200 - Loss: -0.9595
Iter 88/200 - Loss: -0.9605
Iter 89/200 - Loss: -0.9614
Iter 90/200 - Loss: -0.9625
Iter 91/200 - Loss: -0.9633
Iter 92/200 - Loss: -0.9642
Iter 93/200 - Loss: -0.9649
Iter 94/200 - Loss: -0.9658
Iter 95/200 - Loss: -0.9664
Iter 96/200 - Loss: -0.9672
Iter 97/200 - Loss: -0.9679
Iter 98/200 - Loss: -0.9686
Iter 99/200 - Loss: -0.9693
Iter 100/200 - Loss: -0.9699
Iter 101/200 - Loss: -0.9705
Iter 102/200 - Loss: -0.9712
Iter 103/200 - Loss: -0.9712
Iter 104/200 - Loss: -0.9713
Iter 105/200 - Loss: -0.9712
Iter 106/200 - Loss: -0.9714
Iter 107/200 - Loss: -0.9715
Iter 108/200 - Loss: -0.9715
Iter 109/200 - Loss: -0.9715
Iter 110/200 - Loss: -0.9716
Iter 111/200 - Loss: -0.9717
Iter 112/200 - Loss: -0.9717
Iter 113/200 - Loss: -0.9717
Iter 114/200 - Loss: -0.9718
Iter 115/200 - Loss: -0.9718
Iter 116/200 - Loss: -0.9718
Iter 117/200 - Loss: -0.9720
Iter 118/200 - Loss: -0.9721
Iter 119/200 - Loss: -0.9721
Iter 120/200 - Loss: -0.9722
Iter 121/200 - Loss: -0.9723
Iter 122/200 - Loss: -0.9723
Iter 123/200 - Loss: -0.9724
Iter 124/200 - Loss: -0.9723
Iter 125/200 - Loss: -0.9724
Iter 126/200 - Loss: -0.9726
Iter 127/200 - Loss: -0.9726
Iter 128/200 - Loss: -0.9726
Iter 129/200 - Loss: -0.9727
Iter 130/200 - Loss: -0.9727
Iter 131/200 - Loss: -0.9728
Iter 132/200 - Loss: -0.9729
Iter 133/200 - Loss: -0.9729
Iter 134/200 - Loss: -0.9730
Iter 135/200 - Loss: -0.9731
Iter 136/200 - Loss: -0.9733
Iter 137/200 - Loss: -0.9732
Iter 138/200 - Loss: -0.9733
Iter 139/200 - Loss: -0.9733
Iter 140/200 - Loss: -0.9734
Iter 141/200 - Loss: -0.9734
Iter 142/200 - Loss: -0.9735
Iter 143/200 - Loss: -0.9737
Iter 144/200 - Loss: -0.9736
Iter 145/200 - Loss: -0.9737
Iter 146/200 - Loss: -0.9737
Iter 147/200 - Loss: -0.9739
Iter 148/200 - Loss: -0.9739
Iter 149/200 - Loss: -0.9738
Iter 150/200 - Loss: -0.9740
Iter 151/200 - Loss: -0.9742
Iter 152/200 - Loss: -0.9741
Iter 153/200 - Loss: -0.9742
Iter 154/200 - Loss: -0.9743
Iter 155/200 - Loss: -0.9743
Iter 156/200 - Loss: -0.9744
Iter 157/200 - Loss: -0.9744
Iter 158/200 - Loss: -0.9746
Iter 159/200 - Loss: -0.9745
Iter 160/200 - Loss: -0.9747
Iter 161/200 - Loss: -0.9747
Iter 162/200 - Loss: -0.9748
Iter 163/200 - Loss: -0.9749
Iter 164/200 - Loss: -0.9748
Iter 165/200 - Loss: -0.9750
Iter 166/200 - Loss: -0.9750
Iter 167/200 - Loss: -0.9751
Iter 168/200 - Loss: -0.9751
Iter 169/200 - Loss: -0.9752
Iter 170/200 - Loss: -0.9753
Iter 171/200 - Loss: -0.9753
Iter 172/200 - Loss: -0.9755
Iter 173/200 - Loss: -0.9755
Iter 174/200 - Loss: -0.9756
Iter 175/200 - Loss: -0.9758
Iter 176/200 - Loss: -0.9757
Iter 177/200 - Loss: -0.9757
Iter 178/200 - Loss: -0.9758
Iter 179/200 - Loss: -0.9759
Iter 180/200 - Loss: -0.9759
Iter 181/200 - Loss: -0.9760
Iter 182/200 - Loss: -0.9761
Iter 183/200 - Loss: -0.9762
Iter 184/200 - Loss: -0.9762
Iter 185/200 - Loss: -0.9763
Iter 186/200 - Loss: -0.9764
Iter 187/200 - Loss: -0.9765
Iter 188/200 - Loss: -0.9766
Iter 189/200 - Loss: -0.9765
Iter 190/200 - Loss: -0.9767
Iter 191/200 - Loss: -0.9766
Iter 192/200 - Loss: -0.9768
Iter 193/200 - Loss: -0.9769
Iter 194/200 - Loss: -0.9768
Iter 195/200 - Loss: -0.9771
Iter 196/200 - Loss: -0.9772
Iter 197/200 - Loss: -0.9771
Iter 198/200 - Loss: -0.9772
Iter 199/200 - Loss: -0.9773
Iter 200/200 - Loss: -0.9773
