Leaving out Box96_1400
{'ns': 0.97000003, 'H0': 67.0, 'w0': -1.0, 'ombh2': 0.0223, 'omch2': 0.12, 'nu_mass_ev': 0.07071068, '10^9 As': 2.10100315}
(2030, 8)
(2030, 4)
scaling input
(2030, 8)
scaling output
(2030, 4)
1
Iter 1/200 - Loss: 2.5587
Iter 2/200 - Loss: 1.4620
Iter 3/200 - Loss: 0.9635
Iter 4/200 - Loss: 1.0006
Iter 5/200 - Loss: 0.8971
Iter 6/200 - Loss: 0.7948
Iter 7/200 - Loss: 0.5884
Iter 8/200 - Loss: 0.3462
Iter 9/200 - Loss: 0.2037
Iter 10/200 - Loss: 0.1656
Iter 11/200 - Loss: 0.1382
Iter 12/200 - Loss: 0.0867
Iter 13/200 - Loss: 0.0247
Iter 14/200 - Loss: -0.0243
Iter 15/200 - Loss: -0.0480
Iter 16/200 - Loss: -0.0771
Iter 17/200 - Loss: -0.1241
Iter 18/200 - Loss: -0.1970
Iter 19/200 - Loss: -0.2856
Iter 20/200 - Loss: -0.3473
Iter 21/200 - Loss: -0.3679
Iter 22/200 - Loss: -0.3780
Iter 23/200 - Loss: -0.3853
Iter 24/200 - Loss: -0.3961
Iter 25/200 - Loss: -0.4068
Iter 26/200 - Loss: -0.4152
Iter 27/200 - Loss: -0.4211
Iter 28/200 - Loss: -0.4248
Iter 29/200 - Loss: -0.4341
Iter 30/200 - Loss: -0.4451
Iter 31/200 - Loss: -0.4588
Iter 32/200 - Loss: -0.4715
Iter 33/200 - Loss: -0.4811
Iter 34/200 - Loss: -0.4891
Iter 35/200 - Loss: -0.4961
Iter 36/200 - Loss: -0.5025
Iter 37/200 - Loss: -0.5091
Iter 38/200 - Loss: -0.5155
Iter 39/200 - Loss: -0.5224
Iter 40/200 - Loss: -0.5299
Iter 41/200 - Loss: -0.5366
Iter 42/200 - Loss: -0.5445
Iter 43/200 - Loss: -0.5524
Iter 44/200 - Loss: -0.5613
Iter 45/200 - Loss: -0.5705
Iter 46/200 - Loss: -0.5795
Iter 47/200 - Loss: -0.5875
Iter 48/200 - Loss: -0.5942
Iter 49/200 - Loss: -0.5999
Iter 50/200 - Loss: -0.6048
Iter 51/200 - Loss: -0.6101
Iter 52/200 - Loss: -0.6165
Iter 53/200 - Loss: -0.6247
Iter 54/200 - Loss: -0.6336
Iter 55/200 - Loss: -0.6421
Iter 56/200 - Loss: -0.6490
Iter 57/200 - Loss: -0.6548
Iter 58/200 - Loss: -0.6618
Iter 59/200 - Loss: -0.6713
Iter 60/200 - Loss: -0.6813
Iter 61/200 - Loss: -0.6891
Iter 62/200 - Loss: -0.6954
Iter 63/200 - Loss: -0.7031
Iter 64/200 - Loss: -0.7128
Iter 65/200 - Loss: -0.7221
Iter 66/200 - Loss: -0.7290
Iter 67/200 - Loss: -0.7351
Iter 68/200 - Loss: -0.7420
Iter 69/200 - Loss: -0.7491
Iter 70/200 - Loss: -0.7551
Iter 71/200 - Loss: -0.7600
Iter 72/200 - Loss: -0.7648
Iter 73/200 - Loss: -0.7699
Iter 74/200 - Loss: -0.7749
Iter 75/200 - Loss: -0.7793
Iter 76/200 - Loss: -0.7829
Iter 77/200 - Loss: -0.7859
Iter 78/200 - Loss: -0.7887
Iter 79/200 - Loss: -0.7913
Iter 80/200 - Loss: -0.7936
Iter 81/200 - Loss: -0.7956
Iter 82/200 - Loss: -0.7973
Iter 83/200 - Loss: -0.7989
Iter 84/200 - Loss: -0.8004
Iter 85/200 - Loss: -0.8018
Iter 86/200 - Loss: -0.8029
Iter 87/200 - Loss: -0.8039
Iter 88/200 - Loss: -0.8048
Iter 89/200 - Loss: -0.8059
Iter 90/200 - Loss: -0.8070
Iter 91/200 - Loss: -0.8080
Iter 92/200 - Loss: -0.8088
Iter 93/200 - Loss: -0.8096
Iter 94/200 - Loss: -0.8103
Iter 95/200 - Loss: -0.8111
Iter 96/200 - Loss: -0.8118
Iter 97/200 - Loss: -0.8124
Iter 98/200 - Loss: -0.8131
Iter 99/200 - Loss: -0.8137
Iter 100/200 - Loss: -0.8142
Iter 101/200 - Loss: -0.8148
Iter 102/200 - Loss: -0.8154
Iter 103/200 - Loss: -0.8154
Iter 104/200 - Loss: -0.8154
Iter 105/200 - Loss: -0.8155
Iter 106/200 - Loss: -0.8156
Iter 107/200 - Loss: -0.8156
Iter 108/200 - Loss: -0.8157
Iter 109/200 - Loss: -0.8157
Iter 110/200 - Loss: -0.8158
Iter 111/200 - Loss: -0.8158
Iter 112/200 - Loss: -0.8159
Iter 113/200 - Loss: -0.8160
Iter 114/200 - Loss: -0.8160
Iter 115/200 - Loss: -0.8161
Iter 116/200 - Loss: -0.8161
Iter 117/200 - Loss: -0.8162
Iter 118/200 - Loss: -0.8162
Iter 119/200 - Loss: -0.8163
Iter 120/200 - Loss: -0.8163
Iter 121/200 - Loss: -0.8164
Iter 122/200 - Loss: -0.8165
Iter 123/200 - Loss: -0.8165
Iter 124/200 - Loss: -0.8166
Iter 125/200 - Loss: -0.8166
Iter 126/200 - Loss: -0.8167
Iter 127/200 - Loss: -0.8167
Iter 128/200 - Loss: -0.8168
Iter 129/200 - Loss: -0.8169
Iter 130/200 - Loss: -0.8169
Iter 131/200 - Loss: -0.8170
Iter 132/200 - Loss: -0.8170
Iter 133/200 - Loss: -0.8171
Iter 134/200 - Loss: -0.8171
Iter 135/200 - Loss: -0.8172
Iter 136/200 - Loss: -0.8172
Iter 137/200 - Loss: -0.8173
Iter 138/200 - Loss: -0.8174
Iter 139/200 - Loss: -0.8174
Iter 140/200 - Loss: -0.8175
Iter 141/200 - Loss: -0.8175
Iter 142/200 - Loss: -0.8176
Iter 143/200 - Loss: -0.8176
Iter 144/200 - Loss: -0.8177
Iter 145/200 - Loss: -0.8177
Iter 146/200 - Loss: -0.8178
Iter 147/200 - Loss: -0.8178
Iter 148/200 - Loss: -0.8179
Iter 149/200 - Loss: -0.8180
Iter 150/200 - Loss: -0.8180
Iter 151/200 - Loss: -0.8181
Iter 152/200 - Loss: -0.8181
Iter 153/200 - Loss: -0.8182
Iter 154/200 - Loss: -0.8182
Iter 155/200 - Loss: -0.8183
Iter 156/200 - Loss: -0.8183
Iter 157/200 - Loss: -0.8184
Iter 158/200 - Loss: -0.8185
Iter 159/200 - Loss: -0.8185
Iter 160/200 - Loss: -0.8186
Iter 161/200 - Loss: -0.8186
Iter 162/200 - Loss: -0.8187
Iter 163/200 - Loss: -0.8187
Iter 164/200 - Loss: -0.8188
Iter 165/200 - Loss: -0.8189
Iter 166/200 - Loss: -0.8189
Iter 167/200 - Loss: -0.8190
Iter 168/200 - Loss: -0.8190
Iter 169/200 - Loss: -0.8191
Iter 170/200 - Loss: -0.8191
Iter 171/200 - Loss: -0.8192
Iter 172/200 - Loss: -0.8192
Iter 173/200 - Loss: -0.8193
Iter 174/200 - Loss: -0.8194
Iter 175/200 - Loss: -0.8194
Iter 176/200 - Loss: -0.8195
Iter 177/200 - Loss: -0.8195
Iter 178/200 - Loss: -0.8196
Iter 179/200 - Loss: -0.8197
Iter 180/200 - Loss: -0.8198
Iter 181/200 - Loss: -0.8198
Iter 182/200 - Loss: -0.8198
Iter 183/200 - Loss: -0.8199
Iter 184/200 - Loss: -0.8199
Iter 185/200 - Loss: -0.8200
Iter 186/200 - Loss: -0.8201
Iter 187/200 - Loss: -0.8201
Iter 188/200 - Loss: -0.8202
Iter 189/200 - Loss: -0.8202
Iter 190/200 - Loss: -0.8203
Iter 191/200 - Loss: -0.8204
Iter 192/200 - Loss: -0.8204
Iter 193/200 - Loss: -0.8205
Iter 194/200 - Loss: -0.8205
Iter 195/200 - Loss: -0.8206
Iter 196/200 - Loss: -0.8207
Iter 197/200 - Loss: -0.8207
Iter 198/200 - Loss: -0.8208
Iter 199/200 - Loss: -0.8209
Iter 200/200 - Loss: -0.8209
