Leaving out Box16_1400
alist [1.0, 0.953321, 0.866399, 0.787402, 0.715608, 0.65036, 0.620002, 0.591061, 0.563471, 0.537169, 0.512095, 0.488191, 0.403224, 0.366459]
{'ns': 0.97000003, 'H0': 67.0, 'w0': -1.0, 'ombh2': 0.0223, 'omch2': 0.12, 'nu_mass_ev': 0.07071068, '10^9 As': 2.10100315}
[[ 2.29580088e+00  9.42694490e-01  7.56528549e+01 -4.99296040e-01
   2.62621200e-02  1.30311830e-01  8.49722000e-02  1.00000000e+00
   6.60478485e-01]
 [ 2.29580088e+00  9.42694490e-01  7.56528549e+01 -4.99296040e-01
   2.62621200e-02  1.30311830e-01  8.49722000e-02  9.53321000e-01
   6.45499930e-01]
 [ 2.29580088e+00  9.42694490e-01  7.56528549e+01 -4.99296040e-01
   2.62621200e-02  1.30311830e-01  8.49722000e-02  8.66399000e-01
   6.15264312e-01]
 [ 2.29580088e+00  9.42694490e-01  7.56528549e+01 -4.99296040e-01
   2.62621200e-02  1.30311830e-01  8.49722000e-02  7.87402000e-01
   5.84774919e-01]
 [ 2.29580088e+00  9.42694490e-01  7.56528549e+01 -4.99296040e-01
   2.62621200e-02  1.30311830e-01  8.49722000e-02  7.15608000e-01
   5.54215044e-01]
 [ 2.29580088e+00  9.42694490e-01  7.56528549e+01 -4.99296040e-01
   2.62621200e-02  1.30311830e-01  8.49722000e-02  6.50360000e-01
   5.23761565e-01]
 [ 2.29580088e+00  9.42694490e-01  7.56528549e+01 -4.99296040e-01
   2.62621200e-02  1.30311830e-01  8.49722000e-02  6.20002000e-01
   5.08630775e-01]
 [ 2.29580088e+00  9.42694490e-01  7.56528549e+01 -4.99296040e-01
   2.62621200e-02  1.30311830e-01  8.49722000e-02  5.91061000e-01
   4.93593197e-01]
 [ 2.29580088e+00  9.42694490e-01  7.56528549e+01 -4.99296040e-01
   2.62621200e-02  1.30311830e-01  8.49722000e-02  5.63471000e-01
   4.78670287e-01]
 [ 2.29580088e+00  9.42694490e-01  7.56528549e+01 -4.99296040e-01
   2.62621200e-02  1.30311830e-01  8.49722000e-02  5.37169000e-01
   4.63882902e-01]
 [ 2.29580088e+00  9.42694490e-01  7.56528549e+01 -4.99296040e-01
   2.62621200e-02  1.30311830e-01  8.49722000e-02  5.12095000e-01
   4.49251188e-01]
 [ 2.29580088e+00  9.42694490e-01  7.56528549e+01 -4.99296040e-01
   2.62621200e-02  1.30311830e-01  8.49722000e-02  4.88191000e-01
   4.34793939e-01]
 [ 2.29580088e+00  9.42694490e-01  7.56528549e+01 -4.99296040e-01
   2.62621200e-02  1.30311830e-01  8.49722000e-02  4.03224000e-01
   3.79060679e-01]
 [ 2.29580088e+00  9.42694490e-01  7.56528549e+01 -4.99296040e-01
   2.62621200e-02  1.30311830e-01  8.49722000e-02  3.66459000e-01
   3.52663720e-01]]
[[0.44576696 0.2837629  1.74913084 1.18118756]
 [0.43852693 0.27613274 1.76421033 1.18352636]
 [0.42848493 0.27461798 1.77681425 1.1871024 ]
 [0.41522961 0.2581783  1.82402416 1.19798486]
 [0.40156845 0.24136435 1.86175547 1.20481609]
 [0.38106998 0.20242764 1.92430283 1.2151378 ]
 [0.36997747 0.17702067 1.96491655 1.22422643]
 [0.35254451 0.13573452 2.01969151 1.2382988 ]
 [0.33676624 0.10620653 2.05779855 1.24600592]
 [0.32190973 0.08122192 2.08842806 1.25433644]
 [0.31238164 0.07100676 2.10077402 1.25456702]
 [0.29262439 0.04639557 2.12475193 1.2590542 ]
 [0.30705    0.09369475 2.0758798  1.24168001]
 [0.28874112 0.08774256 2.09216025 1.22790705]]
(2030, 9)
(2030, 4)
scaling input
(2030, 9)
scaling output
(2030, 4)
Iter 1/300 - Loss: 2.9862
Iter 2/300 - Loss: 2.6431
Iter 3/300 - Loss: 2.3271
Iter 4/300 - Loss: 2.0414
Iter 5/300 - Loss: 1.7872
Iter 6/300 - Loss: 1.5651
Iter 7/300 - Loss: 1.3759
Iter 8/300 - Loss: 1.2228
Iter 9/300 - Loss: 1.1126
Iter 10/300 - Loss: 1.0481
Iter 11/300 - Loss: 1.0175
Iter 12/300 - Loss: 1.0038
Iter 13/300 - Loss: 0.9948
Iter 14/300 - Loss: 0.9823
Iter 15/300 - Loss: 0.9606
Iter 16/300 - Loss: 0.9261
Iter 17/300 - Loss: 0.8775
Iter 18/300 - Loss: 0.8165
Iter 19/300 - Loss: 0.7475
Iter 20/300 - Loss: 0.6772
Iter 21/300 - Loss: 0.6106
Iter 22/300 - Loss: 0.5511
Iter 23/300 - Loss: 0.5007
Iter 24/300 - Loss: 0.4584
Iter 25/300 - Loss: 0.4215
Iter 26/300 - Loss: 0.3876
Iter 27/300 - Loss: 0.3545
Iter 28/300 - Loss: 0.3208
Iter 29/300 - Loss: 0.2859
Iter 30/300 - Loss: 0.2496
Iter 31/300 - Loss: 0.2125
Iter 32/300 - Loss: 0.1751
Iter 33/300 - Loss: 0.1384
Iter 34/300 - Loss: 0.1030
Iter 35/300 - Loss: 0.0700
Iter 36/300 - Loss: 0.0399
Iter 37/300 - Loss: 0.0129
Iter 38/300 - Loss: -0.0110
Iter 39/300 - Loss: -0.0322
Iter 40/300 - Loss: -0.0514
Iter 41/300 - Loss: -0.0698
Iter 42/300 - Loss: -0.0881
Iter 43/300 - Loss: -0.1067
Iter 44/300 - Loss: -0.1252
Iter 45/300 - Loss: -0.1430
Iter 46/300 - Loss: -0.1593
Iter 47/300 - Loss: -0.1738
Iter 48/300 - Loss: -0.1863
Iter 49/300 - Loss: -0.1971
Iter 50/300 - Loss: -0.2068
Iter 51/300 - Loss: -0.2159
Iter 52/300 - Loss: -0.2249
Iter 53/300 - Loss: -0.2340
Iter 54/300 - Loss: -0.2431
Iter 55/300 - Loss: -0.2524
Iter 56/300 - Loss: -0.2616
Iter 57/300 - Loss: -0.2704
Iter 58/300 - Loss: -0.2786
Iter 59/300 - Loss: -0.2859
Iter 60/300 - Loss: -0.2922
Iter 61/300 - Loss: -0.2975
Iter 62/300 - Loss: -0.3017
Iter 63/300 - Loss: -0.3049
Iter 64/300 - Loss: -0.3045
Iter 65/300 - Loss: -0.3030
Iter 66/300 - Loss: -0.3116
Iter 67/300 - Loss: -0.3100
Iter 68/300 - Loss: -0.3136
Iter 69/300 - Loss: -0.3135
Iter 70/300 - Loss: -0.3153
Iter 71/300 - Loss: -0.3152
Iter 72/300 - Loss: -0.3178
Iter 73/300 - Loss: -0.3177
Iter 74/300 - Loss: -0.3209
Iter 75/300 - Loss: -0.3209
Iter 76/300 - Loss: -0.3231
Iter 77/300 - Loss: -0.3234
Iter 78/300 - Loss: -0.3245
Iter 79/300 - Loss: -0.3252
Iter 80/300 - Loss: -0.3260
Iter 81/300 - Loss: -0.3265
Iter 82/300 - Loss: -0.3275
Iter 83/300 - Loss: -0.3272
Iter 84/300 - Loss: -0.3283
Iter 85/300 - Loss: -0.3278
Iter 86/300 - Loss: -0.3287
Iter 87/300 - Loss: -0.3287
Iter 88/300 - Loss: -0.3293
Iter 89/300 - Loss: -0.3296
Iter 90/300 - Loss: -0.3301
Iter 91/300 - Loss: -0.3304
Iter 92/300 - Loss: -0.3307
Iter 93/300 - Loss: -0.3309
Iter 94/300 - Loss: -0.3312
Iter 95/300 - Loss: -0.3313
Iter 96/300 - Loss: -0.3316
Iter 97/300 - Loss: -0.3316
Iter 98/300 - Loss: -0.3318
Iter 99/300 - Loss: -0.3319
Iter 100/300 - Loss: -0.3319
Iter 101/300 - Loss: -0.3321
Iter 102/300 - Loss: -0.3321
Iter 103/300 - Loss: -0.3323
Iter 104/300 - Loss: -0.3324
Iter 105/300 - Loss: -0.3325
Iter 106/300 - Loss: -0.3326
Iter 107/300 - Loss: -0.3327
Iter 108/300 - Loss: -0.3328
Iter 109/300 - Loss: -0.3329
Iter 110/300 - Loss: -0.3330
Iter 111/300 - Loss: -0.3331
Iter 112/300 - Loss: -0.3331
Iter 113/300 - Loss: -0.3332
Iter 114/300 - Loss: -0.3333
Iter 115/300 - Loss: -0.3334
Iter 116/300 - Loss: -0.3336
Iter 117/300 - Loss: -0.3338
Iter 118/300 - Loss: -0.3341
Iter 119/300 - Loss: -0.3345
Iter 120/300 - Loss: -0.3351
Iter 121/300 - Loss: -0.3360
Iter 122/300 - Loss: -0.3376
Iter 123/300 - Loss: -0.3399
Iter 124/300 - Loss: -0.3431
Iter 125/300 - Loss: -0.3472
Iter 126/300 - Loss: -0.3516
Iter 127/300 - Loss: -0.3557
Iter 128/300 - Loss: -0.3594
Iter 129/300 - Loss: -0.3626
Iter 130/300 - Loss: -0.3656
Iter 131/300 - Loss: -0.3685
Iter 132/300 - Loss: -0.3714
Iter 133/300 - Loss: -0.3742
Iter 134/300 - Loss: -0.3772
Iter 135/300 - Loss: -0.3801
Iter 136/300 - Loss: -0.3828
Iter 137/300 - Loss: -0.3851
Iter 138/300 - Loss: -0.3868
Iter 139/300 - Loss: -0.3881
Iter 140/300 - Loss: -0.3893
Iter 141/300 - Loss: -0.3905
Iter 142/300 - Loss: -0.3917
Iter 143/300 - Loss: -0.3930
Iter 144/300 - Loss: -0.3942
Iter 145/300 - Loss: -0.3954
Iter 146/300 - Loss: -0.3966
Iter 147/300 - Loss: -0.3976
Iter 148/300 - Loss: -0.3985
Iter 149/300 - Loss: -0.3994
Iter 150/300 - Loss: -0.4002
Iter 151/300 - Loss: -0.4011
Iter 152/300 - Loss: -0.4021
Iter 153/300 - Loss: -0.4022
Iter 154/300 - Loss: -0.4023
Iter 155/300 - Loss: -0.4025
Iter 156/300 - Loss: -0.4026
Iter 157/300 - Loss: -0.4027
Iter 158/300 - Loss: -0.4028
Iter 159/300 - Loss: -0.4029
Iter 160/300 - Loss: -0.4031
Iter 161/300 - Loss: -0.4032
Iter 162/300 - Loss: -0.4033
Iter 163/300 - Loss: -0.4035
Iter 164/300 - Loss: -0.4036
Iter 165/300 - Loss: -0.4037
Iter 166/300 - Loss: -0.4038
Iter 167/300 - Loss: -0.4040
Iter 168/300 - Loss: -0.4041
Iter 169/300 - Loss: -0.4042
Iter 170/300 - Loss: -0.4043
Iter 171/300 - Loss: -0.4045
Iter 172/300 - Loss: -0.4046
Iter 173/300 - Loss: -0.4047
Iter 174/300 - Loss: -0.4048
Iter 175/300 - Loss: -0.4049
Iter 176/300 - Loss: -0.4050
Iter 177/300 - Loss: -0.4052
Iter 178/300 - Loss: -0.4053
Iter 179/300 - Loss: -0.4054
Iter 180/300 - Loss: -0.4055
Iter 181/300 - Loss: -0.4057
Iter 182/300 - Loss: -0.4058
Iter 183/300 - Loss: -0.4059
Iter 184/300 - Loss: -0.4060
Iter 185/300 - Loss: -0.4062
Iter 186/300 - Loss: -0.4063
Iter 187/300 - Loss: -0.4064
Iter 188/300 - Loss: -0.4065
Iter 189/300 - Loss: -0.4067
Iter 190/300 - Loss: -0.4068
Iter 191/300 - Loss: -0.4069
Iter 192/300 - Loss: -0.4070
Iter 193/300 - Loss: -0.4072
Iter 194/300 - Loss: -0.4073
Iter 195/300 - Loss: -0.4074
Iter 196/300 - Loss: -0.4076
Iter 197/300 - Loss: -0.4077
Iter 198/300 - Loss: -0.4078
Iter 199/300 - Loss: -0.4080
Iter 200/300 - Loss: -0.4081
Iter 201/300 - Loss: -0.4082
Iter 202/300 - Loss: -0.4084
Iter 203/300 - Loss: -0.4085
Iter 204/300 - Loss: -0.4086
Iter 205/300 - Loss: -0.4088
Iter 206/300 - Loss: -0.4089
Iter 207/300 - Loss: -0.4091
Iter 208/300 - Loss: -0.4092
Iter 209/300 - Loss: -0.4093
Iter 210/300 - Loss: -0.4095
Iter 211/300 - Loss: -0.4096
Iter 212/300 - Loss: -0.4097
Iter 213/300 - Loss: -0.4099
Iter 214/300 - Loss: -0.4100
Iter 215/300 - Loss: -0.4102
Iter 216/300 - Loss: -0.4103
Iter 217/300 - Loss: -0.4105
Iter 218/300 - Loss: -0.4106
Iter 219/300 - Loss: -0.4107
Iter 220/300 - Loss: -0.4109
Iter 221/300 - Loss: -0.4110
Iter 222/300 - Loss: -0.4112
Iter 223/300 - Loss: -0.4113
Iter 224/300 - Loss: -0.4115
Iter 225/300 - Loss: -0.4116
Iter 226/300 - Loss: -0.4118
Iter 227/300 - Loss: -0.4119
Iter 228/300 - Loss: -0.4121
Iter 229/300 - Loss: -0.4122
Iter 230/300 - Loss: -0.4124
Iter 231/300 - Loss: -0.4125
Iter 232/300 - Loss: -0.4127
Iter 233/300 - Loss: -0.4128
Iter 234/300 - Loss: -0.4130
Iter 235/300 - Loss: -0.4131
Iter 236/300 - Loss: -0.4133
Iter 237/300 - Loss: -0.4134
Iter 238/300 - Loss: -0.4136
Iter 239/300 - Loss: -0.4137
Iter 240/300 - Loss: -0.4139
Iter 241/300 - Loss: -0.4141
Iter 242/300 - Loss: -0.4142
Iter 243/300 - Loss: -0.4144
Iter 244/300 - Loss: -0.4145
Iter 245/300 - Loss: -0.4147
Iter 246/300 - Loss: -0.4148
Iter 247/300 - Loss: -0.4150
Iter 248/300 - Loss: -0.4152
Iter 249/300 - Loss: -0.4153
Iter 250/300 - Loss: -0.4155
Iter 251/300 - Loss: -0.4157
Iter 252/300 - Loss: -0.4158
Iter 253/300 - Loss: -0.4160
Iter 254/300 - Loss: -0.4161
Iter 255/300 - Loss: -0.4163
Iter 256/300 - Loss: -0.4165
Iter 257/300 - Loss: -0.4166
Iter 258/300 - Loss: -0.4168
Iter 259/300 - Loss: -0.4170
Iter 260/300 - Loss: -0.4171
Iter 261/300 - Loss: -0.4173
Iter 262/300 - Loss: -0.4175
Iter 263/300 - Loss: -0.4177
Iter 264/300 - Loss: -0.4178
Iter 265/300 - Loss: -0.4180
Iter 266/300 - Loss: -0.4182
Iter 267/300 - Loss: -0.4183
Iter 268/300 - Loss: -0.4185
Iter 269/300 - Loss: -0.4187
Iter 270/300 - Loss: -0.4189
Iter 271/300 - Loss: -0.4190
Iter 272/300 - Loss: -0.4192
Iter 273/300 - Loss: -0.4194
Iter 274/300 - Loss: -0.4196
Iter 275/300 - Loss: -0.4197
Iter 276/300 - Loss: -0.4199
Iter 277/300 - Loss: -0.4201
Iter 278/300 - Loss: -0.4203
Iter 279/300 - Loss: -0.4205
Iter 280/300 - Loss: -0.4206
Iter 281/300 - Loss: -0.4208
Iter 282/300 - Loss: -0.4210
Iter 283/300 - Loss: -0.4212
Iter 284/300 - Loss: -0.4214
Iter 285/300 - Loss: -0.4215
Iter 286/300 - Loss: -0.4217
Iter 287/300 - Loss: -0.4219
Iter 288/300 - Loss: -0.4221
Iter 289/300 - Loss: -0.4223
Iter 290/300 - Loss: -0.4225
Iter 291/300 - Loss: -0.4226
Iter 292/300 - Loss: -0.4228
Iter 293/300 - Loss: -0.4230
Iter 294/300 - Loss: -0.4232
Iter 295/300 - Loss: -0.4234
Iter 296/300 - Loss: -0.4236
Iter 297/300 - Loss: -0.4238
Iter 298/300 - Loss: -0.4240
Iter 299/300 - Loss: -0.4241
Iter 300/300 - Loss: -0.4243
