Leaving out Box10_1400
{'ns': 0.97000003, 'H0': 67.0, 'w0': -1.0, 'ombh2': 0.0223, 'omch2': 0.12, 'nu_mass_ev': 0.07071068, '10^9 As': 2.10100315}
(2030, 8)
(2030, 4)
scaling input
(2030, 8)
scaling output
(2030, 4)
1
Iter 1/200 - Loss: 2.6797
Iter 2/200 - Loss: 1.5246
Iter 3/200 - Loss: 1.0226
Iter 4/200 - Loss: 1.0871
Iter 5/200 - Loss: 0.8678
Iter 6/200 - Loss: 0.7018
Iter 7/200 - Loss: 0.4532
Iter 8/200 - Loss: 0.1966
Iter 9/200 - Loss: 0.0557
Iter 10/200 - Loss: 0.0126
Iter 11/200 - Loss: -0.0338
Iter 12/200 - Loss: -0.0927
Iter 13/200 - Loss: -0.1449
Iter 14/200 - Loss: -0.1669
Iter 15/200 - Loss: -0.1661
Iter 16/200 - Loss: -0.2067
Iter 17/200 - Loss: -0.2767
Iter 18/200 - Loss: -0.3507
Iter 19/200 - Loss: -0.4323
Iter 20/200 - Loss: -0.5050
Iter 21/200 - Loss: -0.5372
Iter 22/200 - Loss: -0.5585
Iter 23/200 - Loss: -0.5614
Iter 24/200 - Loss: -0.5671
Iter 25/200 - Loss: -0.5723
Iter 26/200 - Loss: -0.5793
Iter 27/200 - Loss: -0.5863
Iter 28/200 - Loss: -0.5935
Iter 29/200 - Loss: -0.6033
Iter 30/200 - Loss: -0.6147
Iter 31/200 - Loss: -0.6235
Iter 32/200 - Loss: -0.6331
Iter 33/200 - Loss: -0.6435
Iter 34/200 - Loss: -0.6529
Iter 35/200 - Loss: -0.6639
Iter 36/200 - Loss: -0.6744
Iter 37/200 - Loss: -0.6862
Iter 38/200 - Loss: -0.6976
Iter 39/200 - Loss: -0.7097
Iter 40/200 - Loss: -0.7213
Iter 41/200 - Loss: -0.7325
Iter 42/200 - Loss: -0.7429
Iter 43/200 - Loss: -0.7505
Iter 44/200 - Loss: -0.7595
Iter 45/200 - Loss: -0.7659
Iter 46/200 - Loss: -0.7734
Iter 47/200 - Loss: -0.7820
Iter 48/200 - Loss: -0.7917
Iter 49/200 - Loss: -0.8023
Iter 50/200 - Loss: -0.8125
Iter 51/200 - Loss: -0.8210
Iter 52/200 - Loss: -0.8271
Iter 53/200 - Loss: -0.8317
Iter 54/200 - Loss: -0.8381
Iter 55/200 - Loss: -0.8463
Iter 56/200 - Loss: -0.8540
Iter 57/200 - Loss: -0.8577
Iter 58/200 - Loss: -0.8591
Iter 59/200 - Loss: -0.8634
Iter 60/200 - Loss: -0.8703
Iter 61/200 - Loss: -0.8743
Iter 62/200 - Loss: -0.8760
Iter 63/200 - Loss: -0.8805
Iter 64/200 - Loss: -0.8865
Iter 65/200 - Loss: -0.8884
Iter 66/200 - Loss: -0.8901
Iter 67/200 - Loss: -0.8943
Iter 68/200 - Loss: -0.8962
Iter 69/200 - Loss: -0.8971
Iter 70/200 - Loss: -0.9010
Iter 71/200 - Loss: -0.9035
Iter 72/200 - Loss: -0.9048
Iter 73/200 - Loss: -0.9081
Iter 74/200 - Loss: -0.9107
Iter 75/200 - Loss: -0.9120
Iter 76/200 - Loss: -0.9142
Iter 77/200 - Loss: -0.9167
Iter 78/200 - Loss: -0.9178
Iter 79/200 - Loss: -0.9194
Iter 80/200 - Loss: -0.9217
Iter 81/200 - Loss: -0.9229
Iter 82/200 - Loss: -0.9243
Iter 83/200 - Loss: -0.9263
Iter 84/200 - Loss: -0.9276
Iter 85/200 - Loss: -0.9286
Iter 86/200 - Loss: -0.9300
Iter 87/200 - Loss: -0.9314
Iter 88/200 - Loss: -0.9321
Iter 89/200 - Loss: -0.9333
Iter 90/200 - Loss: -0.9344
Iter 91/200 - Loss: -0.9353
Iter 92/200 - Loss: -0.9362
Iter 93/200 - Loss: -0.9372
Iter 94/200 - Loss: -0.9381
Iter 95/200 - Loss: -0.9389
Iter 96/200 - Loss: -0.9399
Iter 97/200 - Loss: -0.9409
Iter 98/200 - Loss: -0.9416
Iter 99/200 - Loss: -0.9425
Iter 100/200 - Loss: -0.9433
Iter 101/200 - Loss: -0.9441
Iter 102/200 - Loss: -0.9451
Iter 103/200 - Loss: -0.9452
Iter 104/200 - Loss: -0.9455
Iter 105/200 - Loss: -0.9455
Iter 106/200 - Loss: -0.9455
Iter 107/200 - Loss: -0.9456
Iter 108/200 - Loss: -0.9456
Iter 109/200 - Loss: -0.9457
Iter 110/200 - Loss: -0.9459
Iter 111/200 - Loss: -0.9460
Iter 112/200 - Loss: -0.9460
Iter 113/200 - Loss: -0.9463
Iter 114/200 - Loss: -0.9463
Iter 115/200 - Loss: -0.9463
Iter 116/200 - Loss: -0.9465
Iter 117/200 - Loss: -0.9465
Iter 118/200 - Loss: -0.9466
Iter 119/200 - Loss: -0.9467
Iter 120/200 - Loss: -0.9468
Iter 121/200 - Loss: -0.9468
Iter 122/200 - Loss: -0.9470
Iter 123/200 - Loss: -0.9471
Iter 124/200 - Loss: -0.9472
Iter 125/200 - Loss: -0.9473
Iter 126/200 - Loss: -0.9474
Iter 127/200 - Loss: -0.9476
Iter 128/200 - Loss: -0.9475
Iter 129/200 - Loss: -0.9477
Iter 130/200 - Loss: -0.9478
Iter 131/200 - Loss: -0.9480
Iter 132/200 - Loss: -0.9481
Iter 133/200 - Loss: -0.9481
Iter 134/200 - Loss: -0.9483
Iter 135/200 - Loss: -0.9484
Iter 136/200 - Loss: -0.9486
Iter 137/200 - Loss: -0.9485
Iter 138/200 - Loss: -0.9486
Iter 139/200 - Loss: -0.9488
Iter 140/200 - Loss: -0.9488
Iter 141/200 - Loss: -0.9490
Iter 142/200 - Loss: -0.9490
Iter 143/200 - Loss: -0.9492
Iter 144/200 - Loss: -0.9493
Iter 145/200 - Loss: -0.9494
Iter 146/200 - Loss: -0.9494
Iter 147/200 - Loss: -0.9496
Iter 148/200 - Loss: -0.9497
Iter 149/200 - Loss: -0.9498
Iter 150/200 - Loss: -0.9499
Iter 151/200 - Loss: -0.9499
Iter 152/200 - Loss: -0.9502
Iter 153/200 - Loss: -0.9502
Iter 154/200 - Loss: -0.9504
Iter 155/200 - Loss: -0.9505
Iter 156/200 - Loss: -0.9505
Iter 157/200 - Loss: -0.9506
Iter 158/200 - Loss: -0.9508
Iter 159/200 - Loss: -0.9509
Iter 160/200 - Loss: -0.9511
Iter 161/200 - Loss: -0.9511
Iter 162/200 - Loss: -0.9511
Iter 163/200 - Loss: -0.9512
Iter 164/200 - Loss: -0.9514
Iter 165/200 - Loss: -0.9516
Iter 166/200 - Loss: -0.9516
Iter 167/200 - Loss: -0.9517
Iter 168/200 - Loss: -0.9517
Iter 169/200 - Loss: -0.9519
Iter 170/200 - Loss: -0.9520
Iter 171/200 - Loss: -0.9521
Iter 172/200 - Loss: -0.9523
Iter 173/200 - Loss: -0.9524
Iter 174/200 - Loss: -0.9524
Iter 175/200 - Loss: -0.9526
Iter 176/200 - Loss: -0.9527
Iter 177/200 - Loss: -0.9529
Iter 178/200 - Loss: -0.9529
Iter 179/200 - Loss: -0.9529
Iter 180/200 - Loss: -0.9531
Iter 181/200 - Loss: -0.9534
Iter 182/200 - Loss: -0.9534
Iter 183/200 - Loss: -0.9534
Iter 184/200 - Loss: -0.9536
Iter 185/200 - Loss: -0.9536
Iter 186/200 - Loss: -0.9538
Iter 187/200 - Loss: -0.9538
Iter 188/200 - Loss: -0.9539
Iter 189/200 - Loss: -0.9541
Iter 190/200 - Loss: -0.9541
Iter 191/200 - Loss: -0.9542
Iter 192/200 - Loss: -0.9542
Iter 193/200 - Loss: -0.9544
Iter 194/200 - Loss: -0.9546
Iter 195/200 - Loss: -0.9547
Iter 196/200 - Loss: -0.9548
Iter 197/200 - Loss: -0.9549
Iter 198/200 - Loss: -0.9551
Iter 199/200 - Loss: -0.9551
Iter 200/200 - Loss: -0.9551
