Leaving out Box25_1400
alist [1.0, 0.953321, 0.866399, 0.787402, 0.715608, 0.65036, 0.620002, 0.591061, 0.563471, 0.537169, 0.512095, 0.488191, 0.403224, 0.366459]
{'ns': 0.97000003, 'H0': 67.0, 'w0': -1.0, 'ombh2': 0.0223, 'omch2': 0.12, 'nu_mass_ev': 0.07071068, '10^9 As': 2.10100315}
[[ 2.25939867e+00  9.84656810e-01  6.05853615e+01 -1.05481386e+00
   2.42524200e-02  9.55923600e-02  4.56524500e-02  1.00000000e+00
   7.14426327e-01]
 [ 2.25939867e+00  9.84656810e-01  6.05853615e+01 -1.05481386e+00
   2.42524200e-02  9.55923600e-02  4.56524500e-02  9.53321000e-01
   6.95750272e-01]
 [ 2.25939867e+00  9.84656810e-01  6.05853615e+01 -1.05481386e+00
   2.42524200e-02  9.55923600e-02  4.56524500e-02  8.66399000e-01
   6.56956633e-01]
 [ 2.25939867e+00  9.84656810e-01  6.05853615e+01 -1.05481386e+00
   2.42524200e-02  9.55923600e-02  4.56524500e-02  7.87402000e-01
   6.16785711e-01]
 [ 2.25939867e+00  9.84656810e-01  6.05853615e+01 -1.05481386e+00
   2.42524200e-02  9.55923600e-02  4.56524500e-02  7.15608000e-01
   5.75952755e-01]
 [ 2.25939867e+00  9.84656810e-01  6.05853615e+01 -1.05481386e+00
   2.42524200e-02  9.55923600e-02  4.56524500e-02  6.50360000e-01
   5.35183457e-01]
 [ 2.25939867e+00  9.84656810e-01  6.05853615e+01 -1.05481386e+00
   2.42524200e-02  9.55923600e-02  4.56524500e-02  6.20002000e-01
   5.15036162e-01]
 [ 2.25939867e+00  9.84656810e-01  6.05853615e+01 -1.05481386e+00
   2.42524200e-02  9.55923600e-02  4.56524500e-02  5.91061000e-01
   4.95149201e-01]
 [ 2.25939867e+00  9.84656810e-01  6.05853615e+01 -1.05481386e+00
   2.42524200e-02  9.55923600e-02  4.56524500e-02  5.63471000e-01
   4.75590199e-01]
 [ 2.25939867e+00  9.84656810e-01  6.05853615e+01 -1.05481386e+00
   2.42524200e-02  9.55923600e-02  4.56524500e-02  5.37169000e-01
   4.56417930e-01]
 [ 2.25939867e+00  9.84656810e-01  6.05853615e+01 -1.05481386e+00
   2.42524200e-02  9.55923600e-02  4.56524500e-02  5.12095000e-01
   4.37683002e-01]
 [ 2.25939867e+00  9.84656810e-01  6.05853615e+01 -1.05481386e+00
   2.42524200e-02  9.55923600e-02  4.56524500e-02  4.88191000e-01
   4.19426339e-01]
 [ 2.25939867e+00  9.84656810e-01  6.05853615e+01 -1.05481386e+00
   2.42524200e-02  9.55923600e-02  4.56524500e-02  4.03224000e-01
   3.51740133e-01]
 [ 2.25939867e+00  9.84656810e-01  6.05853615e+01 -1.05481386e+00
   2.42524200e-02  9.55923600e-02  4.56524500e-02  3.66459000e-01
   3.21297397e-01]]
[[0.43219403 0.36947529 1.73946528 1.20073122]
 [0.42614223 0.36855878 1.76386172 1.20671843]
 [0.41351912 0.36501918 1.78961495 1.21024533]
 [0.39797875 0.32873847 1.85474032 1.22522531]
 [0.38582555 0.31518766 1.88937485 1.23036099]
 [0.37956494 0.34036442 1.86230802 1.21713755]
 [0.37702066 0.35302072 1.8510139  1.21220004]
 [0.37304669 0.35883126 1.84493281 1.20754016]
 [0.37016716 0.37131439 1.82744896 1.20040843]
 [0.36588727 0.36893324 1.83631205 1.19982304]
 [0.36070095 0.358713   1.86026297 1.20253381]
 [0.35609032 0.35087029 1.87569872 1.20380111]
 [0.35175638 0.35588218 1.86560333 1.20409263]
 [0.3502461  0.35695342 1.8634202  1.20416015]]
(2030, 9)
(2030, 4)
scaling input
(2030, 9)
scaling output
(2030, 4)
Iter 1/300 - Loss: 2.8439
Iter 2/300 - Loss: 2.5176
Iter 3/300 - Loss: 2.2197
Iter 4/300 - Loss: 1.9520
Iter 5/300 - Loss: 1.7150
Iter 6/300 - Loss: 1.5095
Iter 7/300 - Loss: 1.3373
Iter 8/300 - Loss: 1.2007
Iter 9/300 - Loss: 1.1010
Iter 10/300 - Loss: 1.0363
Iter 11/300 - Loss: 0.9983
Iter 12/300 - Loss: 0.9753
Iter 13/300 - Loss: 0.9571
Iter 14/300 - Loss: 0.9369
Iter 15/300 - Loss: 0.9112
Iter 16/300 - Loss: 0.8792
Iter 17/300 - Loss: 0.8395
Iter 18/300 - Loss: 0.7905
Iter 19/300 - Loss: 0.7340
Iter 20/300 - Loss: 0.6739
Iter 21/300 - Loss: 0.6128
Iter 22/300 - Loss: 0.5540
Iter 23/300 - Loss: 0.5007
Iter 24/300 - Loss: 0.4531
Iter 25/300 - Loss: 0.4122
Iter 26/300 - Loss: 0.3764
Iter 27/300 - Loss: 0.3446
Iter 28/300 - Loss: 0.3143
Iter 29/300 - Loss: 0.2846
Iter 30/300 - Loss: 0.2540
Iter 31/300 - Loss: 0.2223
Iter 32/300 - Loss: 0.1894
Iter 33/300 - Loss: 0.1556
Iter 34/300 - Loss: 0.1216
Iter 35/300 - Loss: 0.0881
Iter 36/300 - Loss: 0.0561
Iter 37/300 - Loss: 0.0263
Iter 38/300 - Loss: -0.0007
Iter 39/300 - Loss: -0.0246
Iter 40/300 - Loss: -0.0454
Iter 41/300 - Loss: -0.0638
Iter 42/300 - Loss: -0.0804
Iter 43/300 - Loss: -0.0964
Iter 44/300 - Loss: -0.1123
Iter 45/300 - Loss: -0.1284
Iter 46/300 - Loss: -0.1443
Iter 47/300 - Loss: -0.1596
Iter 48/300 - Loss: -0.1736
Iter 49/300 - Loss: -0.1862
Iter 50/300 - Loss: -0.1973
Iter 51/300 - Loss: -0.2076
Iter 52/300 - Loss: -0.2171
Iter 53/300 - Loss: -0.2263
Iter 54/300 - Loss: -0.2352
Iter 55/300 - Loss: -0.2438
Iter 56/300 - Loss: -0.2521
Iter 57/300 - Loss: -0.2602
Iter 58/300 - Loss: -0.2677
Iter 59/300 - Loss: -0.2746
Iter 60/300 - Loss: -0.2806
Iter 61/300 - Loss: -0.2859
Iter 62/300 - Loss: -0.2904
Iter 63/300 - Loss: -0.2937
Iter 64/300 - Loss: -0.2935
Iter 65/300 - Loss: -0.2979
Iter 66/300 - Loss: -0.3060
Iter 67/300 - Loss: -0.3044
Iter 68/300 - Loss: -0.3105
Iter 69/300 - Loss: -0.3086
Iter 70/300 - Loss: -0.3123
Iter 71/300 - Loss: -0.3107
Iter 72/300 - Loss: -0.3138
Iter 73/300 - Loss: -0.3126
Iter 74/300 - Loss: -0.3154
Iter 75/300 - Loss: -0.3144
Iter 76/300 - Loss: -0.3168
Iter 77/300 - Loss: -0.3160
Iter 78/300 - Loss: -0.3181
Iter 79/300 - Loss: -0.3176
Iter 80/300 - Loss: -0.3194
Iter 81/300 - Loss: -0.3189
Iter 82/300 - Loss: -0.3203
Iter 83/300 - Loss: -0.3198
Iter 84/300 - Loss: -0.3209
Iter 85/300 - Loss: -0.3207
Iter 86/300 - Loss: -0.3215
Iter 87/300 - Loss: -0.3216
Iter 88/300 - Loss: -0.3222
Iter 89/300 - Loss: -0.3224
Iter 90/300 - Loss: -0.3226
Iter 91/300 - Loss: -0.3230
Iter 92/300 - Loss: -0.3231
Iter 93/300 - Loss: -0.3236
Iter 94/300 - Loss: -0.3237
Iter 95/300 - Loss: -0.3242
Iter 96/300 - Loss: -0.3242
Iter 97/300 - Loss: -0.3246
Iter 98/300 - Loss: -0.3245
Iter 99/300 - Loss: -0.3248
Iter 100/300 - Loss: -0.3248
Iter 101/300 - Loss: -0.3250
Iter 102/300 - Loss: -0.3249
Iter 103/300 - Loss: -0.3251
Iter 104/300 - Loss: -0.3251
Iter 105/300 - Loss: -0.3253
Iter 106/300 - Loss: -0.3253
Iter 107/300 - Loss: -0.3255
Iter 108/300 - Loss: -0.3255
Iter 109/300 - Loss: -0.3256
Iter 110/300 - Loss: -0.3256
Iter 111/300 - Loss: -0.3258
Iter 112/300 - Loss: -0.3259
Iter 113/300 - Loss: -0.3260
Iter 114/300 - Loss: -0.3262
Iter 115/300 - Loss: -0.3265
Iter 116/300 - Loss: -0.3268
Iter 117/300 - Loss: -0.3275
Iter 118/300 - Loss: -0.3284
Iter 119/300 - Loss: -0.3300
Iter 120/300 - Loss: -0.3324
Iter 121/300 - Loss: -0.3358
Iter 122/300 - Loss: -0.3399
Iter 123/300 - Loss: -0.3442
Iter 124/300 - Loss: -0.3482
Iter 125/300 - Loss: -0.3516
Iter 126/300 - Loss: -0.3546
Iter 127/300 - Loss: -0.3574
Iter 128/300 - Loss: -0.3601
Iter 129/300 - Loss: -0.3627
Iter 130/300 - Loss: -0.3654
Iter 131/300 - Loss: -0.3682
Iter 132/300 - Loss: -0.3709
Iter 133/300 - Loss: -0.3733
Iter 134/300 - Loss: -0.3751
Iter 135/300 - Loss: -0.3767
Iter 136/300 - Loss: -0.3779
Iter 137/300 - Loss: -0.3791
Iter 138/300 - Loss: -0.3803
Iter 139/300 - Loss: -0.3813
Iter 140/300 - Loss: -0.3824
Iter 141/300 - Loss: -0.3834
Iter 142/300 - Loss: -0.3844
Iter 143/300 - Loss: -0.3855
Iter 144/300 - Loss: -0.3864
Iter 145/300 - Loss: -0.3873
Iter 146/300 - Loss: -0.3881
Iter 147/300 - Loss: -0.3889
Iter 148/300 - Loss: -0.3897
Iter 149/300 - Loss: -0.3905
Iter 150/300 - Loss: -0.3914
Iter 151/300 - Loss: -0.3923
Iter 152/300 - Loss: -0.3933
Iter 153/300 - Loss: -0.3934
Iter 154/300 - Loss: -0.3935
Iter 155/300 - Loss: -0.3936
Iter 156/300 - Loss: -0.3937
Iter 157/300 - Loss: -0.3938
Iter 158/300 - Loss: -0.3939
Iter 159/300 - Loss: -0.3940
Iter 160/300 - Loss: -0.3941
Iter 161/300 - Loss: -0.3942
Iter 162/300 - Loss: -0.3944
Iter 163/300 - Loss: -0.3945
Iter 164/300 - Loss: -0.3946
Iter 165/300 - Loss: -0.3947
Iter 166/300 - Loss: -0.3948
Iter 167/300 - Loss: -0.3949
Iter 168/300 - Loss: -0.3950
Iter 169/300 - Loss: -0.3951
Iter 170/300 - Loss: -0.3952
Iter 171/300 - Loss: -0.3953
Iter 172/300 - Loss: -0.3955
Iter 173/300 - Loss: -0.3956
Iter 174/300 - Loss: -0.3957
Iter 175/300 - Loss: -0.3958
Iter 176/300 - Loss: -0.3959
Iter 177/300 - Loss: -0.3960
Iter 178/300 - Loss: -0.3961
Iter 179/300 - Loss: -0.3963
Iter 180/300 - Loss: -0.3964
Iter 181/300 - Loss: -0.3965
Iter 182/300 - Loss: -0.3966
Iter 183/300 - Loss: -0.3967
Iter 184/300 - Loss: -0.3968
Iter 185/300 - Loss: -0.3970
Iter 186/300 - Loss: -0.3971
Iter 187/300 - Loss: -0.3972
Iter 188/300 - Loss: -0.3973
Iter 189/300 - Loss: -0.3974
Iter 190/300 - Loss: -0.3976
Iter 191/300 - Loss: -0.3977
Iter 192/300 - Loss: -0.3978
Iter 193/300 - Loss: -0.3979
Iter 194/300 - Loss: -0.3980
Iter 195/300 - Loss: -0.3982
Iter 196/300 - Loss: -0.3983
Iter 197/300 - Loss: -0.3984
Iter 198/300 - Loss: -0.3985
Iter 199/300 - Loss: -0.3987
Iter 200/300 - Loss: -0.3988
Iter 201/300 - Loss: -0.3989
Iter 202/300 - Loss: -0.3990
Iter 203/300 - Loss: -0.3992
Iter 204/300 - Loss: -0.3993
Iter 205/300 - Loss: -0.3994
Iter 206/300 - Loss: -0.3995
Iter 207/300 - Loss: -0.3997
Iter 208/300 - Loss: -0.3998
Iter 209/300 - Loss: -0.3999
Iter 210/300 - Loss: -0.4001
Iter 211/300 - Loss: -0.4002
Iter 212/300 - Loss: -0.4003
Iter 213/300 - Loss: -0.4005
Iter 214/300 - Loss: -0.4006
Iter 215/300 - Loss: -0.4007
Iter 216/300 - Loss: -0.4009
Iter 217/300 - Loss: -0.4010
Iter 218/300 - Loss: -0.4011
Iter 219/300 - Loss: -0.4013
Iter 220/300 - Loss: -0.4014
Iter 221/300 - Loss: -0.4015
Iter 222/300 - Loss: -0.4017
Iter 223/300 - Loss: -0.4018
Iter 224/300 - Loss: -0.4019
Iter 225/300 - Loss: -0.4021
Iter 226/300 - Loss: -0.4022
Iter 227/300 - Loss: -0.4023
Iter 228/300 - Loss: -0.4025
Iter 229/300 - Loss: -0.4026
Iter 230/300 - Loss: -0.4028
Iter 231/300 - Loss: -0.4029
Iter 232/300 - Loss: -0.4030
Iter 233/300 - Loss: -0.4032
Iter 234/300 - Loss: -0.4033
Iter 235/300 - Loss: -0.4035
Iter 236/300 - Loss: -0.4036
Iter 237/300 - Loss: -0.4038
Iter 238/300 - Loss: -0.4039
Iter 239/300 - Loss: -0.4040
Iter 240/300 - Loss: -0.4042
Iter 241/300 - Loss: -0.4043
Iter 242/300 - Loss: -0.4045
Iter 243/300 - Loss: -0.4046
Iter 244/300 - Loss: -0.4048
Iter 245/300 - Loss: -0.4049
Iter 246/300 - Loss: -0.4051
Iter 247/300 - Loss: -0.4052
Iter 248/300 - Loss: -0.4054
Iter 249/300 - Loss: -0.4055
Iter 250/300 - Loss: -0.4057
Iter 251/300 - Loss: -0.4058
Iter 252/300 - Loss: -0.4060
Iter 253/300 - Loss: -0.4061
Iter 254/300 - Loss: -0.4063
Iter 255/300 - Loss: -0.4064
Iter 256/300 - Loss: -0.4066
Iter 257/300 - Loss: -0.4067
Iter 258/300 - Loss: -0.4069
Iter 259/300 - Loss: -0.4071
Iter 260/300 - Loss: -0.4072
Iter 261/300 - Loss: -0.4074
Iter 262/300 - Loss: -0.4075
Iter 263/300 - Loss: -0.4077
Iter 264/300 - Loss: -0.4078
Iter 265/300 - Loss: -0.4080
Iter 266/300 - Loss: -0.4082
Iter 267/300 - Loss: -0.4083
Iter 268/300 - Loss: -0.4085
Iter 269/300 - Loss: -0.4086
Iter 270/300 - Loss: -0.4088
Iter 271/300 - Loss: -0.4090
Iter 272/300 - Loss: -0.4091
Iter 273/300 - Loss: -0.4093
Iter 274/300 - Loss: -0.4094
Iter 275/300 - Loss: -0.4096
Iter 276/300 - Loss: -0.4098
Iter 277/300 - Loss: -0.4099
Iter 278/300 - Loss: -0.4101
Iter 279/300 - Loss: -0.4103
Iter 280/300 - Loss: -0.4104
Iter 281/300 - Loss: -0.4106
Iter 282/300 - Loss: -0.4108
Iter 283/300 - Loss: -0.4109
Iter 284/300 - Loss: -0.4111
Iter 285/300 - Loss: -0.4113
Iter 286/300 - Loss: -0.4114
Iter 287/300 - Loss: -0.4116
Iter 288/300 - Loss: -0.4118
Iter 289/300 - Loss: -0.4120
Iter 290/300 - Loss: -0.4121
Iter 291/300 - Loss: -0.4123
Iter 292/300 - Loss: -0.4125
Iter 293/300 - Loss: -0.4126
Iter 294/300 - Loss: -0.4128
Iter 295/300 - Loss: -0.4130
Iter 296/300 - Loss: -0.4132
Iter 297/300 - Loss: -0.4134
Iter 298/300 - Loss: -0.4135
Iter 299/300 - Loss: -0.4137
Iter 300/300 - Loss: -0.4139
