Leaving out Box88_1400
{'ns': 0.97000003, 'H0': 67.0, 'w0': -1.0, 'ombh2': 0.0223, 'omch2': 0.12, 'nu_mass_ev': 0.07071068, '10^9 As': 2.10100315}
(2030, 8)
(2030, 4)
scaling input
(2030, 8)
scaling output
(2030, 4)
1
Iter 1/200 - Loss: 2.6143
Iter 2/200 - Loss: 1.5066
Iter 3/200 - Loss: 1.0366
Iter 4/200 - Loss: 0.9577
Iter 5/200 - Loss: 0.8073
Iter 6/200 - Loss: 0.6809
Iter 7/200 - Loss: 0.4459
Iter 8/200 - Loss: 0.1954
Iter 9/200 - Loss: 0.0695
Iter 10/200 - Loss: 0.0219
Iter 11/200 - Loss: -0.0328
Iter 12/200 - Loss: -0.0984
Iter 13/200 - Loss: -0.1467
Iter 14/200 - Loss: -0.1543
Iter 15/200 - Loss: -0.1405
Iter 16/200 - Loss: -0.1410
Iter 17/200 - Loss: -0.2128
Iter 18/200 - Loss: -0.2915
Iter 19/200 - Loss: -0.3746
Iter 20/200 - Loss: -0.4180
Iter 21/200 - Loss: -0.4360
Iter 22/200 - Loss: -0.4451
Iter 23/200 - Loss: -0.4433
Iter 24/200 - Loss: -0.4455
Iter 25/200 - Loss: -0.4512
Iter 26/200 - Loss: -0.4578
Iter 27/200 - Loss: -0.4692
Iter 28/200 - Loss: -0.4790
Iter 29/200 - Loss: -0.4908
Iter 30/200 - Loss: -0.5023
Iter 31/200 - Loss: -0.5174
Iter 32/200 - Loss: -0.5269
Iter 33/200 - Loss: -0.5408
Iter 34/200 - Loss: -0.5541
Iter 35/200 - Loss: -0.5631
Iter 36/200 - Loss: -0.5728
Iter 37/200 - Loss: -0.5813
Iter 38/200 - Loss: -0.5886
Iter 39/200 - Loss: -0.5959
Iter 40/200 - Loss: -0.6013
Iter 41/200 - Loss: -0.6080
Iter 42/200 - Loss: -0.6132
Iter 43/200 - Loss: -0.6202
Iter 44/200 - Loss: -0.6289
Iter 45/200 - Loss: -0.6395
Iter 46/200 - Loss: -0.6498
Iter 47/200 - Loss: -0.6589
Iter 48/200 - Loss: -0.6656
Iter 49/200 - Loss: -0.6707
Iter 50/200 - Loss: -0.6755
Iter 51/200 - Loss: -0.6814
Iter 52/200 - Loss: -0.6880
Iter 53/200 - Loss: -0.6923
Iter 54/200 - Loss: -0.6943
Iter 55/200 - Loss: -0.6975
Iter 56/200 - Loss: -0.7033
Iter 57/200 - Loss: -0.7097
Iter 58/200 - Loss: -0.7143
Iter 59/200 - Loss: -0.7183
Iter 60/200 - Loss: -0.7234
Iter 61/200 - Loss: -0.7296
Iter 62/200 - Loss: -0.7353
Iter 63/200 - Loss: -0.7400
Iter 64/200 - Loss: -0.7437
Iter 65/200 - Loss: -0.7475
Iter 66/200 - Loss: -0.7518
Iter 67/200 - Loss: -0.7556
Iter 68/200 - Loss: -0.7590
Iter 69/200 - Loss: -0.7622
Iter 70/200 - Loss: -0.7657
Iter 71/200 - Loss: -0.7691
Iter 72/200 - Loss: -0.7726
Iter 73/200 - Loss: -0.7757
Iter 74/200 - Loss: -0.7784
Iter 75/200 - Loss: -0.7810
Iter 76/200 - Loss: -0.7836
Iter 77/200 - Loss: -0.7861
Iter 78/200 - Loss: -0.7884
Iter 79/200 - Loss: -0.7906
Iter 80/200 - Loss: -0.7927
Iter 81/200 - Loss: -0.7948
Iter 82/200 - Loss: -0.7969
Iter 83/200 - Loss: -0.7989
Iter 84/200 - Loss: -0.8006
Iter 85/200 - Loss: -0.8022
Iter 86/200 - Loss: -0.8038
Iter 87/200 - Loss: -0.8052
Iter 88/200 - Loss: -0.8066
Iter 89/200 - Loss: -0.8080
Iter 90/200 - Loss: -0.8092
Iter 91/200 - Loss: -0.8105
Iter 92/200 - Loss: -0.8116
Iter 93/200 - Loss: -0.8127
Iter 94/200 - Loss: -0.8138
Iter 95/200 - Loss: -0.8147
Iter 96/200 - Loss: -0.8156
Iter 97/200 - Loss: -0.8164
Iter 98/200 - Loss: -0.8172
Iter 99/200 - Loss: -0.8180
Iter 100/200 - Loss: -0.8187
Iter 101/200 - Loss: -0.8193
Iter 102/200 - Loss: -0.8199
Iter 103/200 - Loss: -0.8200
Iter 104/200 - Loss: -0.8201
Iter 105/200 - Loss: -0.8201
Iter 106/200 - Loss: -0.8202
Iter 107/200 - Loss: -0.8203
Iter 108/200 - Loss: -0.8203
Iter 109/200 - Loss: -0.8203
Iter 110/200 - Loss: -0.8204
Iter 111/200 - Loss: -0.8204
Iter 112/200 - Loss: -0.8205
Iter 113/200 - Loss: -0.8205
Iter 114/200 - Loss: -0.8206
Iter 115/200 - Loss: -0.8206
Iter 116/200 - Loss: -0.8207
Iter 117/200 - Loss: -0.8207
Iter 118/200 - Loss: -0.8208
Iter 119/200 - Loss: -0.8208
Iter 120/200 - Loss: -0.8209
Iter 121/200 - Loss: -0.8209
Iter 122/200 - Loss: -0.8210
Iter 123/200 - Loss: -0.8210
Iter 124/200 - Loss: -0.8211
Iter 125/200 - Loss: -0.8211
Iter 126/200 - Loss: -0.8212
Iter 127/200 - Loss: -0.8212
Iter 128/200 - Loss: -0.8212
Iter 129/200 - Loss: -0.8213
Iter 130/200 - Loss: -0.8214
Iter 131/200 - Loss: -0.8214
Iter 132/200 - Loss: -0.8215
Iter 133/200 - Loss: -0.8215
Iter 134/200 - Loss: -0.8216
Iter 135/200 - Loss: -0.8216
Iter 136/200 - Loss: -0.8216
Iter 137/200 - Loss: -0.8217
Iter 138/200 - Loss: -0.8217
Iter 139/200 - Loss: -0.8218
Iter 140/200 - Loss: -0.8218
Iter 141/200 - Loss: -0.8218
Iter 142/200 - Loss: -0.8219
Iter 143/200 - Loss: -0.8220
Iter 144/200 - Loss: -0.8220
Iter 145/200 - Loss: -0.8221
Iter 146/200 - Loss: -0.8221
Iter 147/200 - Loss: -0.8221
Iter 148/200 - Loss: -0.8222
Iter 149/200 - Loss: -0.8222
Iter 150/200 - Loss: -0.8223
Iter 151/200 - Loss: -0.8223
Iter 152/200 - Loss: -0.8224
Iter 153/200 - Loss: -0.8224
Iter 154/200 - Loss: -0.8225
Iter 155/200 - Loss: -0.8225
Iter 156/200 - Loss: -0.8225
Iter 157/200 - Loss: -0.8226
Iter 158/200 - Loss: -0.8226
Iter 159/200 - Loss: -0.8227
Iter 160/200 - Loss: -0.8227
Iter 161/200 - Loss: -0.8228
Iter 162/200 - Loss: -0.8229
Iter 163/200 - Loss: -0.8229
Iter 164/200 - Loss: -0.8229
Iter 165/200 - Loss: -0.8229
Iter 166/200 - Loss: -0.8230
Iter 167/200 - Loss: -0.8231
Iter 168/200 - Loss: -0.8231
Iter 169/200 - Loss: -0.8232
Iter 170/200 - Loss: -0.8232
Iter 171/200 - Loss: -0.8233
Iter 172/200 - Loss: -0.8233
Iter 173/200 - Loss: -0.8234
Iter 174/200 - Loss: -0.8234
Iter 175/200 - Loss: -0.8235
Iter 176/200 - Loss: -0.8235
Iter 177/200 - Loss: -0.8236
Iter 178/200 - Loss: -0.8236
Iter 179/200 - Loss: -0.8237
Iter 180/200 - Loss: -0.8237
Iter 181/200 - Loss: -0.8237
Iter 182/200 - Loss: -0.8238
Iter 183/200 - Loss: -0.8239
Iter 184/200 - Loss: -0.8239
Iter 185/200 - Loss: -0.8239
Iter 186/200 - Loss: -0.8240
Iter 187/200 - Loss: -0.8241
Iter 188/200 - Loss: -0.8241
Iter 189/200 - Loss: -0.8241
Iter 190/200 - Loss: -0.8242
Iter 191/200 - Loss: -0.8243
Iter 192/200 - Loss: -0.8243
Iter 193/200 - Loss: -0.8243
Iter 194/200 - Loss: -0.8244
Iter 195/200 - Loss: -0.8244
Iter 196/200 - Loss: -0.8245
Iter 197/200 - Loss: -0.8245
Iter 198/200 - Loss: -0.8246
Iter 199/200 - Loss: -0.8246
Iter 200/200 - Loss: -0.8246
