Leaving out Box_n50_48_1400
alist [1.0, 0.953321, 0.866399, 0.787402, 0.715608, 0.65036, 0.620002, 0.591061, 0.563471, 0.537169, 0.512095, 0.488191, 0.403224, 0.366459]
{'ns': 0.97000003, 'H0': 67.0, 'w0': -1.0, 'ombh2': 0.0223, 'omch2': 0.12, 'nu_mass_ev': 0.07071068, '10^9 As': 2.10100315}
[[ 2.39266984e+00  9.35000000e-01  6.79375000e+01 -7.55000000e-01
   2.13625000e-02  1.18750000e-01  2.40111590e-01  1.00000000e+00
   7.56014420e-01]
 [ 2.39266984e+00  9.35000000e-01  6.79375000e+01 -7.55000000e-01
   2.13625000e-02  1.18750000e-01  2.40111590e-01  9.53321000e-01
   7.37370611e-01]
 [ 2.39266984e+00  9.35000000e-01  6.79375000e+01 -7.55000000e-01
   2.13625000e-02  1.18750000e-01  2.40111590e-01  8.66399000e-01
   6.99234336e-01]
 [ 2.39266984e+00  9.35000000e-01  6.79375000e+01 -7.55000000e-01
   2.13625000e-02  1.18750000e-01  2.40111590e-01  7.87402000e-01
   6.60289522e-01]
 [ 2.39266984e+00  9.35000000e-01  6.79375000e+01 -7.55000000e-01
   2.13625000e-02  1.18750000e-01  2.40111590e-01  7.15608000e-01
   6.20951183e-01]
 [ 2.39266984e+00  9.35000000e-01  6.79375000e+01 -7.55000000e-01
   2.13625000e-02  1.18750000e-01  2.40111590e-01  6.50360000e-01
   5.81645812e-01]
 [ 2.39266984e+00  9.35000000e-01  6.79375000e+01 -7.55000000e-01
   2.13625000e-02  1.18750000e-01  2.40111590e-01  6.20002000e-01
   5.62136599e-01]
 [ 2.39266984e+00  9.35000000e-01  6.79375000e+01 -7.55000000e-01
   2.13625000e-02  1.18750000e-01  2.40111590e-01  5.91061000e-01
   5.42789814e-01]
 [ 2.39266984e+00  9.35000000e-01  6.79375000e+01 -7.55000000e-01
   2.13625000e-02  1.18750000e-01  2.40111590e-01  5.63471000e-01
   5.23652718e-01]
 [ 2.39266984e+00  9.35000000e-01  6.79375000e+01 -7.55000000e-01
   2.13625000e-02  1.18750000e-01  2.40111590e-01  5.37169000e-01
   5.04769411e-01]
 [ 2.39266984e+00  9.35000000e-01  6.79375000e+01 -7.55000000e-01
   2.13625000e-02  1.18750000e-01  2.40111590e-01  5.12095000e-01
   4.86180787e-01]
 [ 2.39266984e+00  9.35000000e-01  6.79375000e+01 -7.55000000e-01
   2.13625000e-02  1.18750000e-01  2.40111590e-01  4.88191000e-01
   4.67923228e-01]
 [ 2.39266984e+00  9.35000000e-01  6.79375000e+01 -7.55000000e-01
   2.13625000e-02  1.18750000e-01  2.40111590e-01  4.03224000e-01
   3.98807640e-01]
 [ 2.39266984e+00  9.35000000e-01  6.79375000e+01 -7.55000000e-01
   2.13625000e-02  1.18750000e-01  2.40111590e-01  3.66459000e-01
   3.66906582e-01]]
[[0.53215681 1.08256992 2.25594812 1.24107059]
 [0.52420802 1.06543935 2.25887828 1.24128985]
 [0.50838837 1.04453131 2.26245217 1.24093234]
 [0.49406232 1.02800782 2.26668675 1.24352456]
 [0.4797777  1.00192108 2.27211089 1.24639974]
 [0.46450709 0.97366655 2.27810883 1.24505563]
 [0.45761106 0.95736257 2.28184859 1.24326223]
 [0.45044779 0.9400499  2.28557532 1.24246176]
 [0.44704117 0.93749121 2.28664425 1.2447193 ]
 [0.44140474 0.94041976 2.28631983 1.24243688]
 [0.4358912  0.9357627  2.28759131 1.24015197]
 [0.43031504 0.93278711 2.28857193 1.23827923]
 [0.41207902 0.92253743 2.29289232 1.23608601]
 [0.41169037 0.92230103 2.29332971 1.23983932]]
(2030, 9)
(2030, 4)
scaling input
(2030, 9)
scaling output
(2030, 4)
Iter 1/300 - Loss: 2.9270
Iter 2/300 - Loss: 2.5877
Iter 3/300 - Loss: 2.2764
Iter 4/300 - Loss: 1.9961
Iter 5/300 - Loss: 1.7475
Iter 6/300 - Loss: 1.5304
Iter 7/300 - Loss: 1.3452
Iter 8/300 - Loss: 1.1944
Iter 9/300 - Loss: 1.0823
Iter 10/300 - Loss: 1.0113
Iter 11/300 - Loss: 0.9754
Iter 12/300 - Loss: 0.9585
Iter 13/300 - Loss: 0.9434
Iter 14/300 - Loss: 0.9208
Iter 15/300 - Loss: 0.8880
Iter 16/300 - Loss: 0.8448
Iter 17/300 - Loss: 0.7914
Iter 18/300 - Loss: 0.7295
Iter 19/300 - Loss: 0.6623
Iter 20/300 - Loss: 0.5945
Iter 21/300 - Loss: 0.5303
Iter 22/300 - Loss: 0.4721
Iter 23/300 - Loss: 0.4205
Iter 24/300 - Loss: 0.3752
Iter 25/300 - Loss: 0.3348
Iter 26/300 - Loss: 0.2972
Iter 27/300 - Loss: 0.2602
Iter 28/300 - Loss: 0.2220
Iter 29/300 - Loss: 0.1817
Iter 30/300 - Loss: 0.1392
Iter 31/300 - Loss: 0.0948
Iter 32/300 - Loss: 0.0492
Iter 33/300 - Loss: 0.0032
Iter 34/300 - Loss: -0.0421
Iter 35/300 - Loss: -0.0856
Iter 36/300 - Loss: -0.1265
Iter 37/300 - Loss: -0.1643
Iter 38/300 - Loss: -0.1990
Iter 39/300 - Loss: -0.2308
Iter 40/300 - Loss: -0.2607
Iter 41/300 - Loss: -0.2895
Iter 42/300 - Loss: -0.3178
Iter 43/300 - Loss: -0.3459
Iter 44/300 - Loss: -0.3736
Iter 45/300 - Loss: -0.4004
Iter 46/300 - Loss: -0.4258
Iter 47/300 - Loss: -0.4492
Iter 48/300 - Loss: -0.4704
Iter 49/300 - Loss: -0.4895
Iter 50/300 - Loss: -0.5066
Iter 51/300 - Loss: -0.5223
Iter 52/300 - Loss: -0.5366
Iter 53/300 - Loss: -0.5500
Iter 54/300 - Loss: -0.5627
Iter 55/300 - Loss: -0.5749
Iter 56/300 - Loss: -0.5867
Iter 57/300 - Loss: -0.5981
Iter 58/300 - Loss: -0.6091
Iter 59/300 - Loss: -0.6197
Iter 60/300 - Loss: -0.6299
Iter 61/300 - Loss: -0.6397
Iter 62/300 - Loss: -0.6493
Iter 63/300 - Loss: -0.6585
Iter 64/300 - Loss: -0.6673
Iter 65/300 - Loss: -0.6755
Iter 66/300 - Loss: -0.6830
Iter 67/300 - Loss: -0.6895
Iter 68/300 - Loss: -0.6950
Iter 69/300 - Loss: -0.6996
Iter 70/300 - Loss: -0.7034
Iter 71/300 - Loss: -0.7068
Iter 72/300 - Loss: -0.7097
Iter 73/300 - Loss: -0.7120
Iter 74/300 - Loss: -0.7136
Iter 75/300 - Loss: -0.7157
Iter 76/300 - Loss: -0.7187
Iter 77/300 - Loss: -0.7211
Iter 78/300 - Loss: -0.7226
Iter 79/300 - Loss: -0.7245
Iter 80/300 - Loss: -0.7275
Iter 81/300 - Loss: -0.7293
Iter 82/300 - Loss: -0.7305
Iter 83/300 - Loss: -0.7329
Iter 84/300 - Loss: -0.7344
Iter 85/300 - Loss: -0.7360
Iter 86/300 - Loss: -0.7367
Iter 87/300 - Loss: -0.7384
Iter 88/300 - Loss: -0.7392
Iter 89/300 - Loss: -0.7399
Iter 90/300 - Loss: -0.7407
Iter 91/300 - Loss: -0.7415
Iter 92/300 - Loss: -0.7421
Iter 93/300 - Loss: -0.7427
Iter 94/300 - Loss: -0.7434
Iter 95/300 - Loss: -0.7440
Iter 96/300 - Loss: -0.7444
Iter 97/300 - Loss: -0.7451
Iter 98/300 - Loss: -0.7456
Iter 99/300 - Loss: -0.7461
Iter 100/300 - Loss: -0.7464
Iter 101/300 - Loss: -0.7470
Iter 102/300 - Loss: -0.7472
Iter 103/300 - Loss: -0.7476
Iter 104/300 - Loss: -0.7479
Iter 105/300 - Loss: -0.7482
Iter 106/300 - Loss: -0.7485
Iter 107/300 - Loss: -0.7487
Iter 108/300 - Loss: -0.7490
Iter 109/300 - Loss: -0.7493
Iter 110/300 - Loss: -0.7495
Iter 111/300 - Loss: -0.7498
Iter 112/300 - Loss: -0.7500
Iter 113/300 - Loss: -0.7502
Iter 114/300 - Loss: -0.7505
Iter 115/300 - Loss: -0.7507
Iter 116/300 - Loss: -0.7509
Iter 117/300 - Loss: -0.7511
Iter 118/300 - Loss: -0.7513
Iter 119/300 - Loss: -0.7515
Iter 120/300 - Loss: -0.7516
Iter 121/300 - Loss: -0.7518
Iter 122/300 - Loss: -0.7519
Iter 123/300 - Loss: -0.7521
Iter 124/300 - Loss: -0.7522
Iter 125/300 - Loss: -0.7523
Iter 126/300 - Loss: -0.7524
Iter 127/300 - Loss: -0.7526
Iter 128/300 - Loss: -0.7527
Iter 129/300 - Loss: -0.7528
Iter 130/300 - Loss: -0.7529
Iter 131/300 - Loss: -0.7530
Iter 132/300 - Loss: -0.7531
Iter 133/300 - Loss: -0.7531
Iter 134/300 - Loss: -0.7532
Iter 135/300 - Loss: -0.7533
Iter 136/300 - Loss: -0.7534
Iter 137/300 - Loss: -0.7535
Iter 138/300 - Loss: -0.7537
Iter 139/300 - Loss: -0.7538
Iter 140/300 - Loss: -0.7540
Iter 141/300 - Loss: -0.7543
Iter 142/300 - Loss: -0.7547
Iter 143/300 - Loss: -0.7552
Iter 144/300 - Loss: -0.7559
Iter 145/300 - Loss: -0.7568
Iter 146/300 - Loss: -0.7581
Iter 147/300 - Loss: -0.7598
Iter 148/300 - Loss: -0.7617
Iter 149/300 - Loss: -0.7638
Iter 150/300 - Loss: -0.7659
Iter 151/300 - Loss: -0.7680
Iter 152/300 - Loss: -0.7700
Iter 153/300 - Loss: -0.7702
Iter 154/300 - Loss: -0.7704
Iter 155/300 - Loss: -0.7707
Iter 156/300 - Loss: -0.7709
Iter 157/300 - Loss: -0.7712
Iter 158/300 - Loss: -0.7715
Iter 159/300 - Loss: -0.7717
Iter 160/300 - Loss: -0.7720
Iter 161/300 - Loss: -0.7723
Iter 162/300 - Loss: -0.7726
Iter 163/300 - Loss: -0.7729
Iter 164/300 - Loss: -0.7732
Iter 165/300 - Loss: -0.7734
Iter 166/300 - Loss: -0.7737
Iter 167/300 - Loss: -0.7740
Iter 168/300 - Loss: -0.7743
Iter 169/300 - Loss: -0.7746
Iter 170/300 - Loss: -0.7748
Iter 171/300 - Loss: -0.7751
Iter 172/300 - Loss: -0.7754
Iter 173/300 - Loss: -0.7756
Iter 174/300 - Loss: -0.7759
Iter 175/300 - Loss: -0.7761
Iter 176/300 - Loss: -0.7764
Iter 177/300 - Loss: -0.7766
Iter 178/300 - Loss: -0.7768
Iter 179/300 - Loss: -0.7771
Iter 180/300 - Loss: -0.7773
Iter 181/300 - Loss: -0.7775
Iter 182/300 - Loss: -0.7777
Iter 183/300 - Loss: -0.7780
Iter 184/300 - Loss: -0.7782
Iter 185/300 - Loss: -0.7784
Iter 186/300 - Loss: -0.7786
Iter 187/300 - Loss: -0.7788
Iter 188/300 - Loss: -0.7790
Iter 189/300 - Loss: -0.7792
Iter 190/300 - Loss: -0.7794
Iter 191/300 - Loss: -0.7796
Iter 192/300 - Loss: -0.7798
Iter 193/300 - Loss: -0.7800
Iter 194/300 - Loss: -0.7801
Iter 195/300 - Loss: -0.7803
Iter 196/300 - Loss: -0.7805
Iter 197/300 - Loss: -0.7807
Iter 198/300 - Loss: -0.7808
Iter 199/300 - Loss: -0.7810
Iter 200/300 - Loss: -0.7812
Iter 201/300 - Loss: -0.7813
Iter 202/300 - Loss: -0.7815
Iter 203/300 - Loss: -0.7817
Iter 204/300 - Loss: -0.7818
Iter 205/300 - Loss: -0.7820
Iter 206/300 - Loss: -0.7821
Iter 207/300 - Loss: -0.7823
Iter 208/300 - Loss: -0.7824
Iter 209/300 - Loss: -0.7825
Iter 210/300 - Loss: -0.7827
Iter 211/300 - Loss: -0.7828
Iter 212/300 - Loss: -0.7830
Iter 213/300 - Loss: -0.7831
Iter 214/300 - Loss: -0.7832
Iter 215/300 - Loss: -0.7834
Iter 216/300 - Loss: -0.7835
Iter 217/300 - Loss: -0.7836
Iter 218/300 - Loss: -0.7837
Iter 219/300 - Loss: -0.7838
Iter 220/300 - Loss: -0.7840
Iter 221/300 - Loss: -0.7841
Iter 222/300 - Loss: -0.7842
Iter 223/300 - Loss: -0.7843
Iter 224/300 - Loss: -0.7844
Iter 225/300 - Loss: -0.7845
Iter 226/300 - Loss: -0.7847
Iter 227/300 - Loss: -0.7848
Iter 228/300 - Loss: -0.7849
Iter 229/300 - Loss: -0.7850
Iter 230/300 - Loss: -0.7851
Iter 231/300 - Loss: -0.7852
Iter 232/300 - Loss: -0.7853
Iter 233/300 - Loss: -0.7854
Iter 234/300 - Loss: -0.7855
Iter 235/300 - Loss: -0.7856
Iter 236/300 - Loss: -0.7857
Iter 237/300 - Loss: -0.7858
Iter 238/300 - Loss: -0.7859
Iter 239/300 - Loss: -0.7860
Iter 240/300 - Loss: -0.7861
Iter 241/300 - Loss: -0.7862
Iter 242/300 - Loss: -0.7862
Iter 243/300 - Loss: -0.7863
Iter 244/300 - Loss: -0.7864
Iter 245/300 - Loss: -0.7865
Iter 246/300 - Loss: -0.7866
Iter 247/300 - Loss: -0.7867
Iter 248/300 - Loss: -0.7868
Iter 249/300 - Loss: -0.7868
Iter 250/300 - Loss: -0.7869
Iter 251/300 - Loss: -0.7870
Iter 252/300 - Loss: -0.7871
Iter 253/300 - Loss: -0.7872
Iter 254/300 - Loss: -0.7873
Iter 255/300 - Loss: -0.7873
Iter 256/300 - Loss: -0.7874
Iter 257/300 - Loss: -0.7875
Iter 258/300 - Loss: -0.7876
Iter 259/300 - Loss: -0.7876
Iter 260/300 - Loss: -0.7877
Iter 261/300 - Loss: -0.7878
Iter 262/300 - Loss: -0.7879
Iter 263/300 - Loss: -0.7879
Iter 264/300 - Loss: -0.7880
Iter 265/300 - Loss: -0.7881
Iter 266/300 - Loss: -0.7882
Iter 267/300 - Loss: -0.7882
Iter 268/300 - Loss: -0.7883
Iter 269/300 - Loss: -0.7884
Iter 270/300 - Loss: -0.7884
Iter 271/300 - Loss: -0.7885
Iter 272/300 - Loss: -0.7886
Iter 273/300 - Loss: -0.7886
Iter 274/300 - Loss: -0.7887
Iter 275/300 - Loss: -0.7888
Iter 276/300 - Loss: -0.7888
Iter 277/300 - Loss: -0.7889
Iter 278/300 - Loss: -0.7890
Iter 279/300 - Loss: -0.7890
Iter 280/300 - Loss: -0.7891
Iter 281/300 - Loss: -0.7892
Iter 282/300 - Loss: -0.7892
Iter 283/300 - Loss: -0.7893
Iter 284/300 - Loss: -0.7894
Iter 285/300 - Loss: -0.7894
Iter 286/300 - Loss: -0.7895
Iter 287/300 - Loss: -0.7896
Iter 288/300 - Loss: -0.7896
Iter 289/300 - Loss: -0.7897
Iter 290/300 - Loss: -0.7897
Iter 291/300 - Loss: -0.7898
Iter 292/300 - Loss: -0.7899
Iter 293/300 - Loss: -0.7899
Iter 294/300 - Loss: -0.7900
Iter 295/300 - Loss: -0.7901
Iter 296/300 - Loss: -0.7901
Iter 297/300 - Loss: -0.7902
Iter 298/300 - Loss: -0.7902
Iter 299/300 - Loss: -0.7903
Iter 300/300 - Loss: -0.7904
