Leaving out Box72_1400
{'ns': 0.97000003, 'H0': 67.0, 'w0': -1.0, 'ombh2': 0.0223, 'omch2': 0.12, 'nu_mass_ev': 0.07071068, '10^9 As': 2.10100315}
(2030, 8)
(2030, 4)
scaling input
(2030, 8)
scaling output
(2030, 4)
1
Iter 1/200 - Loss: 2.7141
Iter 2/200 - Loss: 1.5245
Iter 3/200 - Loss: 0.9561
Iter 4/200 - Loss: 1.0059
Iter 5/200 - Loss: 0.9273
Iter 6/200 - Loss: 0.8317
Iter 7/200 - Loss: 0.6315
Iter 8/200 - Loss: 0.3882
Iter 9/200 - Loss: 0.2394
Iter 10/200 - Loss: 0.1964
Iter 11/200 - Loss: 0.1748
Iter 12/200 - Loss: 0.1359
Iter 13/200 - Loss: 0.0849
Iter 14/200 - Loss: 0.0414
Iter 15/200 - Loss: 0.0123
Iter 16/200 - Loss: -0.0200
Iter 17/200 - Loss: -0.0761
Iter 18/200 - Loss: -0.1601
Iter 19/200 - Loss: -0.2484
Iter 20/200 - Loss: -0.3187
Iter 21/200 - Loss: -0.3663
Iter 22/200 - Loss: -0.3828
Iter 23/200 - Loss: -0.3857
Iter 24/200 - Loss: -0.3907
Iter 25/200 - Loss: -0.3974
Iter 26/200 - Loss: -0.4063
Iter 27/200 - Loss: -0.4152
Iter 28/200 - Loss: -0.4247
Iter 29/200 - Loss: -0.4348
Iter 30/200 - Loss: -0.4457
Iter 31/200 - Loss: -0.4570
Iter 32/200 - Loss: -0.4686
Iter 33/200 - Loss: -0.4794
Iter 34/200 - Loss: -0.4894
Iter 35/200 - Loss: -0.4980
Iter 36/200 - Loss: -0.5059
Iter 37/200 - Loss: -0.5130
Iter 38/200 - Loss: -0.5199
Iter 39/200 - Loss: -0.5268
Iter 40/200 - Loss: -0.5335
Iter 41/200 - Loss: -0.5400
Iter 42/200 - Loss: -0.5462
Iter 43/200 - Loss: -0.5530
Iter 44/200 - Loss: -0.5598
Iter 45/200 - Loss: -0.5662
Iter 46/200 - Loss: -0.5725
Iter 47/200 - Loss: -0.5790
Iter 48/200 - Loss: -0.5848
Iter 49/200 - Loss: -0.5904
Iter 50/200 - Loss: -0.5964
Iter 51/200 - Loss: -0.6022
Iter 52/200 - Loss: -0.6082
Iter 53/200 - Loss: -0.6148
Iter 54/200 - Loss: -0.6213
Iter 55/200 - Loss: -0.6279
Iter 56/200 - Loss: -0.6350
Iter 57/200 - Loss: -0.6423
Iter 58/200 - Loss: -0.6501
Iter 59/200 - Loss: -0.6585
Iter 60/200 - Loss: -0.6669
Iter 61/200 - Loss: -0.6752
Iter 62/200 - Loss: -0.6833
Iter 63/200 - Loss: -0.6909
Iter 64/200 - Loss: -0.6982
Iter 65/200 - Loss: -0.7050
Iter 66/200 - Loss: -0.7114
Iter 67/200 - Loss: -0.7173
Iter 68/200 - Loss: -0.7231
Iter 69/200 - Loss: -0.7287
Iter 70/200 - Loss: -0.7344
Iter 71/200 - Loss: -0.7399
Iter 72/200 - Loss: -0.7453
Iter 73/200 - Loss: -0.7505
Iter 74/200 - Loss: -0.7553
Iter 75/200 - Loss: -0.7597
Iter 76/200 - Loss: -0.7639
Iter 77/200 - Loss: -0.7680
Iter 78/200 - Loss: -0.7718
Iter 79/200 - Loss: -0.7755
Iter 80/200 - Loss: -0.7790
Iter 81/200 - Loss: -0.7822
Iter 82/200 - Loss: -0.7852
Iter 83/200 - Loss: -0.7879
Iter 84/200 - Loss: -0.7903
Iter 85/200 - Loss: -0.7926
Iter 86/200 - Loss: -0.7947
Iter 87/200 - Loss: -0.7968
Iter 88/200 - Loss: -0.7987
Iter 89/200 - Loss: -0.8005
Iter 90/200 - Loss: -0.8023
Iter 91/200 - Loss: -0.8040
Iter 92/200 - Loss: -0.8056
Iter 93/200 - Loss: -0.8071
Iter 94/200 - Loss: -0.8083
Iter 95/200 - Loss: -0.8095
Iter 96/200 - Loss: -0.8104
Iter 97/200 - Loss: -0.8112
Iter 98/200 - Loss: -0.8118
Iter 99/200 - Loss: -0.8123
Iter 100/200 - Loss: -0.8128
Iter 101/200 - Loss: -0.8133
Iter 102/200 - Loss: -0.8137
Iter 103/200 - Loss: -0.8138
Iter 104/200 - Loss: -0.8138
Iter 105/200 - Loss: -0.8139
Iter 106/200 - Loss: -0.8140
Iter 107/200 - Loss: -0.8140
Iter 108/200 - Loss: -0.8141
Iter 109/200 - Loss: -0.8142
Iter 110/200 - Loss: -0.8142
Iter 111/200 - Loss: -0.8143
Iter 112/200 - Loss: -0.8144
Iter 113/200 - Loss: -0.8144
Iter 114/200 - Loss: -0.8145
Iter 115/200 - Loss: -0.8146
Iter 116/200 - Loss: -0.8146
Iter 117/200 - Loss: -0.8147
Iter 118/200 - Loss: -0.8148
Iter 119/200 - Loss: -0.8148
Iter 120/200 - Loss: -0.8149
Iter 121/200 - Loss: -0.8150
Iter 122/200 - Loss: -0.8150
Iter 123/200 - Loss: -0.8151
Iter 124/200 - Loss: -0.8151
Iter 125/200 - Loss: -0.8152
Iter 126/200 - Loss: -0.8152
Iter 127/200 - Loss: -0.8153
Iter 128/200 - Loss: -0.8153
Iter 129/200 - Loss: -0.8154
Iter 130/200 - Loss: -0.8154
Iter 131/200 - Loss: -0.8155
Iter 132/200 - Loss: -0.8156
Iter 133/200 - Loss: -0.8156
Iter 134/200 - Loss: -0.8157
Iter 135/200 - Loss: -0.8157
Iter 136/200 - Loss: -0.8157
Iter 137/200 - Loss: -0.8158
Iter 138/200 - Loss: -0.8158
Iter 139/200 - Loss: -0.8159
Iter 140/200 - Loss: -0.8159
Iter 141/200 - Loss: -0.8160
Iter 142/200 - Loss: -0.8160
Iter 143/200 - Loss: -0.8161
Iter 144/200 - Loss: -0.8161
Iter 145/200 - Loss: -0.8162
Iter 146/200 - Loss: -0.8162
Iter 147/200 - Loss: -0.8162
Iter 148/200 - Loss: -0.8163
Iter 149/200 - Loss: -0.8163
Iter 150/200 - Loss: -0.8164
Iter 151/200 - Loss: -0.8164
Iter 152/200 - Loss: -0.8165
Iter 153/200 - Loss: -0.8165
Iter 154/200 - Loss: -0.8166
Iter 155/200 - Loss: -0.8166
Iter 156/200 - Loss: -0.8166
Iter 157/200 - Loss: -0.8167
Iter 158/200 - Loss: -0.8167
Iter 159/200 - Loss: -0.8168
Iter 160/200 - Loss: -0.8168
Iter 161/200 - Loss: -0.8168
Iter 162/200 - Loss: -0.8169
Iter 163/200 - Loss: -0.8169
Iter 164/200 - Loss: -0.8170
Iter 165/200 - Loss: -0.8170
Iter 166/200 - Loss: -0.8170
Iter 167/200 - Loss: -0.8171
Iter 168/200 - Loss: -0.8171
Iter 169/200 - Loss: -0.8172
Iter 170/200 - Loss: -0.8172
Iter 171/200 - Loss: -0.8172
Iter 172/200 - Loss: -0.8173
Iter 173/200 - Loss: -0.8173
Iter 174/200 - Loss: -0.8174
Iter 175/200 - Loss: -0.8174
Iter 176/200 - Loss: -0.8174
Iter 177/200 - Loss: -0.8175
Iter 178/200 - Loss: -0.8175
Iter 179/200 - Loss: -0.8175
Iter 180/200 - Loss: -0.8176
Iter 181/200 - Loss: -0.8176
Iter 182/200 - Loss: -0.8177
Iter 183/200 - Loss: -0.8177
Iter 184/200 - Loss: -0.8177
Iter 185/200 - Loss: -0.8178
Iter 186/200 - Loss: -0.8178
Iter 187/200 - Loss: -0.8178
Iter 188/200 - Loss: -0.8179
Iter 189/200 - Loss: -0.8179
Iter 190/200 - Loss: -0.8180
Iter 191/200 - Loss: -0.8180
Iter 192/200 - Loss: -0.8180
Iter 193/200 - Loss: -0.8181
Iter 194/200 - Loss: -0.8181
Iter 195/200 - Loss: -0.8181
Iter 196/200 - Loss: -0.8182
Iter 197/200 - Loss: -0.8182
Iter 198/200 - Loss: -0.8183
Iter 199/200 - Loss: -0.8183
Iter 200/200 - Loss: -0.8183
