Leaving out Box89_1400
{'ns': 0.97000003, 'H0': 67.0, 'w0': -1.0, 'ombh2': 0.0223, 'omch2': 0.12, 'nu_mass_ev': 0.07071068, '10^9 As': 2.10100315}
(149, 7)
(149, 8)
scaling input
(149, 7)
scaling output
(149, 8)
Iter 1/2000 - Loss: 3.3922
Iter 2/2000 - Loss: 3.3621
Iter 3/2000 - Loss: 3.3319
Iter 4/2000 - Loss: 3.3017
Iter 5/2000 - Loss: 3.2714
Iter 6/2000 - Loss: 3.2410
Iter 7/2000 - Loss: 3.2106
Iter 8/2000 - Loss: 3.1801
Iter 9/2000 - Loss: 3.1495
Iter 10/2000 - Loss: 3.1189
Iter 11/2000 - Loss: 3.0882
Iter 12/2000 - Loss: 3.0575
Iter 13/2000 - Loss: 3.0267
Iter 14/2000 - Loss: 2.9958
Iter 15/2000 - Loss: 2.9649
Iter 16/2000 - Loss: 2.9339
Iter 17/2000 - Loss: 2.9029
Iter 18/2000 - Loss: 2.8719
Iter 19/2000 - Loss: 2.8408
Iter 20/2000 - Loss: 2.8096
Iter 21/2000 - Loss: 2.7785
Iter 22/2000 - Loss: 2.7472
Iter 23/2000 - Loss: 2.7160
Iter 24/2000 - Loss: 2.6847
Iter 25/2000 - Loss: 2.6533
Iter 26/2000 - Loss: 2.6220
Iter 27/2000 - Loss: 2.5906
Iter 28/2000 - Loss: 2.5592
Iter 29/2000 - Loss: 2.5277
Iter 30/2000 - Loss: 2.4963
Iter 31/2000 - Loss: 2.4648
Iter 32/2000 - Loss: 2.4334
Iter 33/2000 - Loss: 2.4020
Iter 34/2000 - Loss: 2.3705
Iter 35/2000 - Loss: 2.3392
Iter 36/2000 - Loss: 2.3078
Iter 37/2000 - Loss: 2.2765
Iter 38/2000 - Loss: 2.2453
Iter 39/2000 - Loss: 2.2142
Iter 40/2000 - Loss: 2.1832
Iter 41/2000 - Loss: 2.1522
Iter 42/2000 - Loss: 2.1214
Iter 43/2000 - Loss: 2.0908
Iter 44/2000 - Loss: 2.0603
Iter 45/2000 - Loss: 2.0300
Iter 46/2000 - Loss: 1.9998
Iter 47/2000 - Loss: 1.9699
Iter 48/2000 - Loss: 1.9402
Iter 49/2000 - Loss: 1.9108
Iter 50/2000 - Loss: 1.8816
Iter 51/2000 - Loss: 1.8527
Iter 52/2000 - Loss: 1.8241
Iter 53/2000 - Loss: 1.7958
Iter 54/2000 - Loss: 1.7679
Iter 55/2000 - Loss: 1.7403
Iter 56/2000 - Loss: 1.7131
Iter 57/2000 - Loss: 1.6863
Iter 58/2000 - Loss: 1.6599
Iter 59/2000 - Loss: 1.6340
Iter 60/2000 - Loss: 1.6085
Iter 61/2000 - Loss: 1.5835
Iter 62/2000 - Loss: 1.5590
Iter 63/2000 - Loss: 1.5350
Iter 64/2000 - Loss: 1.5116
Iter 65/2000 - Loss: 1.4886
Iter 66/2000 - Loss: 1.4663
Iter 67/2000 - Loss: 1.4445
Iter 68/2000 - Loss: 1.4232
Iter 69/2000 - Loss: 1.4026
Iter 70/2000 - Loss: 1.3826
Iter 71/2000 - Loss: 1.3632
Iter 72/2000 - Loss: 1.3444
Iter 73/2000 - Loss: 1.3262
Iter 74/2000 - Loss: 1.3087
Iter 75/2000 - Loss: 1.2918
Iter 76/2000 - Loss: 1.2755
Iter 77/2000 - Loss: 1.2598
Iter 78/2000 - Loss: 1.2448
Iter 79/2000 - Loss: 1.2304
Iter 80/2000 - Loss: 1.2165
Iter 81/2000 - Loss: 1.2033
Iter 82/2000 - Loss: 1.1907
Iter 83/2000 - Loss: 1.1786
Iter 84/2000 - Loss: 1.1671
Iter 85/2000 - Loss: 1.1561
Iter 86/2000 - Loss: 1.1457
Iter 87/2000 - Loss: 1.1358
Iter 88/2000 - Loss: 1.1264
Iter 89/2000 - Loss: 1.1174
Iter 90/2000 - Loss: 1.1090
Iter 91/2000 - Loss: 1.1009
Iter 92/2000 - Loss: 1.0933
Iter 93/2000 - Loss: 1.0861
Iter 94/2000 - Loss: 1.0793
Iter 95/2000 - Loss: 1.0728
Iter 96/2000 - Loss: 1.0667
Iter 97/2000 - Loss: 1.0609
Iter 98/2000 - Loss: 1.0554
Iter 99/2000 - Loss: 1.0501
Iter 100/2000 - Loss: 1.0452
Iter 101/2000 - Loss: 1.0404
Iter 102/2000 - Loss: 1.0359
Iter 103/2000 - Loss: 1.0316
Iter 104/2000 - Loss: 1.0275
Iter 105/2000 - Loss: 1.0235
Iter 106/2000 - Loss: 1.0197
Iter 107/2000 - Loss: 1.0160
Iter 108/2000 - Loss: 1.0125
Iter 109/2000 - Loss: 1.0091
Iter 110/2000 - Loss: 1.0057
Iter 111/2000 - Loss: 1.0025
Iter 112/2000 - Loss: 0.9994
Iter 113/2000 - Loss: 0.9964
Iter 114/2000 - Loss: 0.9934
Iter 115/2000 - Loss: 0.9905
Iter 116/2000 - Loss: 0.9877
Iter 117/2000 - Loss: 0.9849
Iter 118/2000 - Loss: 0.9822
Iter 119/2000 - Loss: 0.9796
Iter 120/2000 - Loss: 0.9770
Iter 121/2000 - Loss: 0.9745
Iter 122/2000 - Loss: 0.9720
Iter 123/2000 - Loss: 0.9696
Iter 124/2000 - Loss: 0.9672
Iter 125/2000 - Loss: 0.9648
Iter 126/2000 - Loss: 0.9625
Iter 127/2000 - Loss: 0.9603
Iter 128/2000 - Loss: 0.9581
Iter 129/2000 - Loss: 0.9559
Iter 130/2000 - Loss: 0.9538
Iter 131/2000 - Loss: 0.9517
Iter 132/2000 - Loss: 0.9496
Iter 133/2000 - Loss: 0.9476
Iter 134/2000 - Loss: 0.9456
Iter 135/2000 - Loss: 0.9436
Iter 136/2000 - Loss: 0.9417
Iter 137/2000 - Loss: 0.9398
Iter 138/2000 - Loss: 0.9380
Iter 139/2000 - Loss: 0.9362
Iter 140/2000 - Loss: 0.9344
Iter 141/2000 - Loss: 0.9326
Iter 142/2000 - Loss: 0.9309
Iter 143/2000 - Loss: 0.9292
Iter 144/2000 - Loss: 0.9275
Iter 145/2000 - Loss: 0.9259
Iter 146/2000 - Loss: 0.9243
Iter 147/2000 - Loss: 0.9227
Iter 148/2000 - Loss: 0.9212
Iter 149/2000 - Loss: 0.9196
Iter 150/2000 - Loss: 0.9181
Iter 151/2000 - Loss: 0.9167
Iter 152/2000 - Loss: 0.9152
Iter 153/2000 - Loss: 0.9138
Iter 154/2000 - Loss: 0.9124
Iter 155/2000 - Loss: 0.9110
Iter 156/2000 - Loss: 0.9097
Iter 157/2000 - Loss: 0.9084
Iter 158/2000 - Loss: 0.9071
Iter 159/2000 - Loss: 0.9058
Iter 160/2000 - Loss: 0.9045
Iter 161/2000 - Loss: 0.9033
Iter 162/2000 - Loss: 0.9021
Iter 163/2000 - Loss: 0.9009
Iter 164/2000 - Loss: 0.8997
Iter 165/2000 - Loss: 0.8986
Iter 166/2000 - Loss: 0.8974
Iter 167/2000 - Loss: 0.8963
Iter 168/2000 - Loss: 0.8952
Iter 169/2000 - Loss: 0.8941
Iter 170/2000 - Loss: 0.8931
Iter 171/2000 - Loss: 0.8920
Iter 172/2000 - Loss: 0.8910
Iter 173/2000 - Loss: 0.8900
Iter 174/2000 - Loss: 0.8890
Iter 175/2000 - Loss: 0.8880
Iter 176/2000 - Loss: 0.8870
Iter 177/2000 - Loss: 0.8860
Iter 178/2000 - Loss: 0.8851
Iter 179/2000 - Loss: 0.8841
Iter 180/2000 - Loss: 0.8832
Iter 181/2000 - Loss: 0.8823
Iter 182/2000 - Loss: 0.8814
Iter 183/2000 - Loss: 0.8805
Iter 184/2000 - Loss: 0.8796
Iter 185/2000 - Loss: 0.8788
Iter 186/2000 - Loss: 0.8779
Iter 187/2000 - Loss: 0.8771
Iter 188/2000 - Loss: 0.8762
Iter 189/2000 - Loss: 0.8754
Iter 190/2000 - Loss: 0.8746
Iter 191/2000 - Loss: 0.8738
Iter 192/2000 - Loss: 0.8730
Iter 193/2000 - Loss: 0.8722
Iter 194/2000 - Loss: 0.8714
Iter 195/2000 - Loss: 0.8706
Iter 196/2000 - Loss: 0.8698
Iter 197/2000 - Loss: 0.8691
Iter 198/2000 - Loss: 0.8683
Iter 199/2000 - Loss: 0.8676
Iter 200/2000 - Loss: 0.8668
Iter 201/2000 - Loss: 0.8661
Iter 202/2000 - Loss: 0.8654
Iter 203/2000 - Loss: 0.8646
Iter 204/2000 - Loss: 0.8639
Iter 205/2000 - Loss: 0.8632
Iter 206/2000 - Loss: 0.8625
Iter 207/2000 - Loss: 0.8618
Iter 208/2000 - Loss: 0.8611
Iter 209/2000 - Loss: 0.8604
Iter 210/2000 - Loss: 0.8597
Iter 211/2000 - Loss: 0.8591
Iter 212/2000 - Loss: 0.8584
Iter 213/2000 - Loss: 0.8577
Iter 214/2000 - Loss: 0.8571
Iter 215/2000 - Loss: 0.8564
Iter 216/2000 - Loss: 0.8558
Iter 217/2000 - Loss: 0.8551
Iter 218/2000 - Loss: 0.8545
Iter 219/2000 - Loss: 0.8538
Iter 220/2000 - Loss: 0.8532
Iter 221/2000 - Loss: 0.8526
Iter 222/2000 - Loss: 0.8519
Iter 223/2000 - Loss: 0.8513
Iter 224/2000 - Loss: 0.8507
Iter 225/2000 - Loss: 0.8501
Iter 226/2000 - Loss: 0.8495
Iter 227/2000 - Loss: 0.8489
Iter 228/2000 - Loss: 0.8483
Iter 229/2000 - Loss: 0.8477
Iter 230/2000 - Loss: 0.8471
Iter 231/2000 - Loss: 0.8465
Iter 232/2000 - Loss: 0.8459
Iter 233/2000 - Loss: 0.8453
Iter 234/2000 - Loss: 0.8447
Iter 235/2000 - Loss: 0.8441
Iter 236/2000 - Loss: 0.8436
Iter 237/2000 - Loss: 0.8430
Iter 238/2000 - Loss: 0.8424
Iter 239/2000 - Loss: 0.8419
Iter 240/2000 - Loss: 0.8413
Iter 241/2000 - Loss: 0.8407
Iter 242/2000 - Loss: 0.8402
Iter 243/2000 - Loss: 0.8396
Iter 244/2000 - Loss: 0.8391
Iter 245/2000 - Loss: 0.8385
Iter 246/2000 - Loss: 0.8380
Iter 247/2000 - Loss: 0.8374
Iter 248/2000 - Loss: 0.8369
Iter 249/2000 - Loss: 0.8363
Iter 250/2000 - Loss: 0.8358
Iter 251/2000 - Loss: 0.8353
Iter 252/2000 - Loss: 0.8347
Iter 253/2000 - Loss: 0.8342
Iter 254/2000 - Loss: 0.8337
Iter 255/2000 - Loss: 0.8331
Iter 256/2000 - Loss: 0.8326
Iter 257/2000 - Loss: 0.8321
Iter 258/2000 - Loss: 0.8316
Iter 259/2000 - Loss: 0.8311
Iter 260/2000 - Loss: 0.8305
Iter 261/2000 - Loss: 0.8300
Iter 262/2000 - Loss: 0.8295
Iter 263/2000 - Loss: 0.8290
Iter 264/2000 - Loss: 0.8285
Iter 265/2000 - Loss: 0.8280
Iter 266/2000 - Loss: 0.8275
Iter 267/2000 - Loss: 0.8270
Iter 268/2000 - Loss: 0.8265
Iter 269/2000 - Loss: 0.8260
Iter 270/2000 - Loss: 0.8255
Iter 271/2000 - Loss: 0.8250
Iter 272/2000 - Loss: 0.8245
Iter 273/2000 - Loss: 0.8240
Iter 274/2000 - Loss: 0.8235
Iter 275/2000 - Loss: 0.8230
Iter 276/2000 - Loss: 0.8226
Iter 277/2000 - Loss: 0.8221
Iter 278/2000 - Loss: 0.8216
Iter 279/2000 - Loss: 0.8211
Iter 280/2000 - Loss: 0.8206
Iter 281/2000 - Loss: 0.8202
Iter 282/2000 - Loss: 0.8197
Iter 283/2000 - Loss: 0.8192
Iter 284/2000 - Loss: 0.8187
Iter 285/2000 - Loss: 0.8183
Iter 286/2000 - Loss: 0.8178
Iter 287/2000 - Loss: 0.8173
Iter 288/2000 - Loss: 0.8169
Iter 289/2000 - Loss: 0.8164
Iter 290/2000 - Loss: 0.8159
Iter 291/2000 - Loss: 0.8155
Iter 292/2000 - Loss: 0.8150
Iter 293/2000 - Loss: 0.8145
Iter 294/2000 - Loss: 0.8141
Iter 295/2000 - Loss: 0.8136
Iter 296/2000 - Loss: 0.8132
Iter 297/2000 - Loss: 0.8127
Iter 298/2000 - Loss: 0.8123
Iter 299/2000 - Loss: 0.8118
Iter 300/2000 - Loss: 0.8114
Iter 301/2000 - Loss: 0.8109
Iter 302/2000 - Loss: 0.8105
Iter 303/2000 - Loss: 0.8100
Iter 304/2000 - Loss: 0.8096
Iter 305/2000 - Loss: 0.8091
Iter 306/2000 - Loss: 0.8087
Iter 307/2000 - Loss: 0.8082
Iter 308/2000 - Loss: 0.8078
Iter 309/2000 - Loss: 0.8073
Iter 310/2000 - Loss: 0.8069
Iter 311/2000 - Loss: 0.8065
Iter 312/2000 - Loss: 0.8060
Iter 313/2000 - Loss: 0.8056
Iter 314/2000 - Loss: 0.8052
Iter 315/2000 - Loss: 0.8047
Iter 316/2000 - Loss: 0.8043
Iter 317/2000 - Loss: 0.8039
Iter 318/2000 - Loss: 0.8034
Iter 319/2000 - Loss: 0.8030
Iter 320/2000 - Loss: 0.8026
Iter 321/2000 - Loss: 0.8021
Iter 322/2000 - Loss: 0.8017
Iter 323/2000 - Loss: 0.8013
Iter 324/2000 - Loss: 0.8009
Iter 325/2000 - Loss: 0.8004
Iter 326/2000 - Loss: 0.8000
Iter 327/2000 - Loss: 0.7996
Iter 328/2000 - Loss: 0.7992
Iter 329/2000 - Loss: 0.7988
Iter 330/2000 - Loss: 0.7983
Iter 331/2000 - Loss: 0.7979
Iter 332/2000 - Loss: 0.7975
Iter 333/2000 - Loss: 0.7971
Iter 334/2000 - Loss: 0.7967
Iter 335/2000 - Loss: 0.7963
Iter 336/2000 - Loss: 0.7959
Iter 337/2000 - Loss: 0.7954
Iter 338/2000 - Loss: 0.7950
Iter 339/2000 - Loss: 0.7946
Iter 340/2000 - Loss: 0.7942
Iter 341/2000 - Loss: 0.7938
Iter 342/2000 - Loss: 0.7934
Iter 343/2000 - Loss: 0.7930
Iter 344/2000 - Loss: 0.7926
Iter 345/2000 - Loss: 0.7922
Iter 346/2000 - Loss: 0.7918
Iter 347/2000 - Loss: 0.7914
Iter 348/2000 - Loss: 0.7910
Iter 349/2000 - Loss: 0.7906
Iter 350/2000 - Loss: 0.7902
Iter 351/2000 - Loss: 0.7898
Iter 352/2000 - Loss: 0.7894
Iter 353/2000 - Loss: 0.7890
Iter 354/2000 - Loss: 0.7886
Iter 355/2000 - Loss: 0.7882
Iter 356/2000 - Loss: 0.7878
Iter 357/2000 - Loss: 0.7874
Iter 358/2000 - Loss: 0.7871
Iter 359/2000 - Loss: 0.7867
Iter 360/2000 - Loss: 0.7863
Iter 361/2000 - Loss: 0.7859
Iter 362/2000 - Loss: 0.7855
Iter 363/2000 - Loss: 0.7851
Iter 364/2000 - Loss: 0.7847
Iter 365/2000 - Loss: 0.7844
Iter 366/2000 - Loss: 0.7840
Iter 367/2000 - Loss: 0.7836
Iter 368/2000 - Loss: 0.7832
Iter 369/2000 - Loss: 0.7829
Iter 370/2000 - Loss: 0.7825
Iter 371/2000 - Loss: 0.7821
Iter 372/2000 - Loss: 0.7817
Iter 373/2000 - Loss: 0.7814
Iter 374/2000 - Loss: 0.7810
Iter 375/2000 - Loss: 0.7806
Iter 376/2000 - Loss: 0.7803
Iter 377/2000 - Loss: 0.7799
Iter 378/2000 - Loss: 0.7795
Iter 379/2000 - Loss: 0.7792
Iter 380/2000 - Loss: 0.7788
Iter 381/2000 - Loss: 0.7785
Iter 382/2000 - Loss: 0.7781
Iter 383/2000 - Loss: 0.7778
Iter 384/2000 - Loss: 0.7774
Iter 385/2000 - Loss: 0.7771
Iter 386/2000 - Loss: 0.7767
Iter 387/2000 - Loss: 0.7764
Iter 388/2000 - Loss: 0.7760
Iter 389/2000 - Loss: 0.7757
Iter 390/2000 - Loss: 0.7753
Iter 391/2000 - Loss: 0.7750
Iter 392/2000 - Loss: 0.7747
Iter 393/2000 - Loss: 0.7743
Iter 394/2000 - Loss: 0.7740
Iter 395/2000 - Loss: 0.7736
Iter 396/2000 - Loss: 0.7733
Iter 397/2000 - Loss: 0.7730
Iter 398/2000 - Loss: 0.7726
Iter 399/2000 - Loss: 0.7723
Iter 400/2000 - Loss: 0.7720
Iter 401/2000 - Loss: 0.7717
Iter 402/2000 - Loss: 0.7713
Iter 403/2000 - Loss: 0.7710
Iter 404/2000 - Loss: 0.7707
Iter 405/2000 - Loss: 0.7704
Iter 406/2000 - Loss: 0.7701
Iter 407/2000 - Loss: 0.7698
Iter 408/2000 - Loss: 0.7695
Iter 409/2000 - Loss: 0.7691
Iter 410/2000 - Loss: 0.7688
Iter 411/2000 - Loss: 0.7685
Iter 412/2000 - Loss: 0.7682
Iter 413/2000 - Loss: 0.7679
Iter 414/2000 - Loss: 0.7676
Iter 415/2000 - Loss: 0.7673
Iter 416/2000 - Loss: 0.7670
Iter 417/2000 - Loss: 0.7668
Iter 418/2000 - Loss: 0.7665
Iter 419/2000 - Loss: 0.7662
Iter 420/2000 - Loss: 0.7659
Iter 421/2000 - Loss: 0.7656
Iter 422/2000 - Loss: 0.7653
Iter 423/2000 - Loss: 0.7651
Iter 424/2000 - Loss: 0.7648
Iter 425/2000 - Loss: 0.7645
Iter 426/2000 - Loss: 0.7642
Iter 427/2000 - Loss: 0.7640
Iter 428/2000 - Loss: 0.7637
Iter 429/2000 - Loss: 0.7634
Iter 430/2000 - Loss: 0.7632
Iter 431/2000 - Loss: 0.7629
Iter 432/2000 - Loss: 0.7626
Iter 433/2000 - Loss: 0.7624
Iter 434/2000 - Loss: 0.7621
Iter 435/2000 - Loss: 0.7619
Iter 436/2000 - Loss: 0.7616
Iter 437/2000 - Loss: 0.7614
Iter 438/2000 - Loss: 0.7611
Iter 439/2000 - Loss: 0.7609
Iter 440/2000 - Loss: 0.7606
Iter 441/2000 - Loss: 0.7604
Iter 442/2000 - Loss: 0.7602
Iter 443/2000 - Loss: 0.7599
Iter 444/2000 - Loss: 0.7597
Iter 445/2000 - Loss: 0.7595
Iter 446/2000 - Loss: 0.7592
Iter 447/2000 - Loss: 0.7590
Iter 448/2000 - Loss: 0.7588
Iter 449/2000 - Loss: 0.7585
Iter 450/2000 - Loss: 0.7583
Iter 451/2000 - Loss: 0.7581
Iter 452/2000 - Loss: 0.7579
Iter 453/2000 - Loss: 0.7577
Iter 454/2000 - Loss: 0.7575
Iter 455/2000 - Loss: 0.7572
Iter 456/2000 - Loss: 0.7570
Iter 457/2000 - Loss: 0.7568
Iter 458/2000 - Loss: 0.7566
Iter 459/2000 - Loss: 0.7564
Iter 460/2000 - Loss: 0.7562
Iter 461/2000 - Loss: 0.7560
Iter 462/2000 - Loss: 0.7558
Iter 463/2000 - Loss: 0.7556
Iter 464/2000 - Loss: 0.7554
Iter 465/2000 - Loss: 0.7553
Iter 466/2000 - Loss: 0.7551
Iter 467/2000 - Loss: 0.7549
Iter 468/2000 - Loss: 0.7547
Iter 469/2000 - Loss: 0.7545
Iter 470/2000 - Loss: 0.7544
Iter 471/2000 - Loss: 0.7542
Iter 472/2000 - Loss: 0.7540
Iter 473/2000 - Loss: 0.7538
Iter 474/2000 - Loss: 0.7537
Iter 475/2000 - Loss: 0.7535
Iter 476/2000 - Loss: 0.7533
Iter 477/2000 - Loss: 0.7531
Iter 478/2000 - Loss: 0.7530
Iter 479/2000 - Loss: 0.7528
Iter 480/2000 - Loss: 0.7526
Iter 481/2000 - Loss: 0.7525
Iter 482/2000 - Loss: 0.7523
Iter 483/2000 - Loss: 0.7522
Iter 484/2000 - Loss: 0.7520
Iter 485/2000 - Loss: 0.7519
Iter 486/2000 - Loss: 0.7517
Iter 487/2000 - Loss: 0.7516
Iter 488/2000 - Loss: 0.7514
Iter 489/2000 - Loss: 0.7513
Iter 490/2000 - Loss: 0.7511
Iter 491/2000 - Loss: 0.7510
Iter 492/2000 - Loss: 0.7509
Iter 493/2000 - Loss: 0.7507
Iter 494/2000 - Loss: 0.7506
Iter 495/2000 - Loss: 0.7504
Iter 496/2000 - Loss: 0.7503
Iter 497/2000 - Loss: 0.7502
Iter 498/2000 - Loss: 0.7500
Iter 499/2000 - Loss: 0.7499
Iter 500/2000 - Loss: 0.7498
Iter 501/2000 - Loss: 0.7497
Iter 502/2000 - Loss: 0.7495
Iter 503/2000 - Loss: 0.7494
Iter 504/2000 - Loss: 0.7493
Iter 505/2000 - Loss: 0.7492
Iter 506/2000 - Loss: 0.7491
Iter 507/2000 - Loss: 0.7490
Iter 508/2000 - Loss: 0.7488
Iter 509/2000 - Loss: 0.7487
Iter 510/2000 - Loss: 0.7486
Iter 511/2000 - Loss: 0.7485
Iter 512/2000 - Loss: 0.7484
Iter 513/2000 - Loss: 0.7483
Iter 514/2000 - Loss: 0.7482
Iter 515/2000 - Loss: 0.7481
Iter 516/2000 - Loss: 0.7480
Iter 517/2000 - Loss: 0.7479
Iter 518/2000 - Loss: 0.7478
Iter 519/2000 - Loss: 0.7477
Iter 520/2000 - Loss: 0.7476
Iter 521/2000 - Loss: 0.7475
Iter 522/2000 - Loss: 0.7474
Iter 523/2000 - Loss: 0.7473
Iter 524/2000 - Loss: 0.7472
Iter 525/2000 - Loss: 0.7471
Iter 526/2000 - Loss: 0.7470
Iter 527/2000 - Loss: 0.7469
Iter 528/2000 - Loss: 0.7468
Iter 529/2000 - Loss: 0.7467
Iter 530/2000 - Loss: 0.7467
Iter 531/2000 - Loss: 0.7466
Iter 532/2000 - Loss: 0.7465
Iter 533/2000 - Loss: 0.7464
Iter 534/2000 - Loss: 0.7463
Iter 535/2000 - Loss: 0.7463
Iter 536/2000 - Loss: 0.7462
Iter 537/2000 - Loss: 0.7461
Iter 538/2000 - Loss: 0.7460
Iter 539/2000 - Loss: 0.7459
Iter 540/2000 - Loss: 0.7459
Iter 541/2000 - Loss: 0.7458
Iter 542/2000 - Loss: 0.7457
Iter 543/2000 - Loss: 0.7456
Iter 544/2000 - Loss: 0.7456
Iter 545/2000 - Loss: 0.7455
Iter 546/2000 - Loss: 0.7454
Iter 547/2000 - Loss: 0.7453
Iter 548/2000 - Loss: 0.7453
Iter 549/2000 - Loss: 0.7452
Iter 550/2000 - Loss: 0.7452
Iter 551/2000 - Loss: 0.7451
Iter 552/2000 - Loss: 0.7450
Iter 553/2000 - Loss: 0.7450
Iter 554/2000 - Loss: 0.7449
Iter 555/2000 - Loss: 0.7448
Iter 556/2000 - Loss: 0.7448
Iter 557/2000 - Loss: 0.7447
Iter 558/2000 - Loss: 0.7446
Iter 559/2000 - Loss: 0.7446
Iter 560/2000 - Loss: 0.7445
Iter 561/2000 - Loss: 0.7445
Iter 562/2000 - Loss: 0.7444
Iter 563/2000 - Loss: 0.7444
Iter 564/2000 - Loss: 0.7443
Iter 565/2000 - Loss: 0.7442
Iter 566/2000 - Loss: 0.7442
Iter 567/2000 - Loss: 0.7441
Iter 568/2000 - Loss: 0.7441
Iter 569/2000 - Loss: 0.7440
Iter 570/2000 - Loss: 0.7440
Iter 571/2000 - Loss: 0.7439
Iter 572/2000 - Loss: 0.7439
Iter 573/2000 - Loss: 0.7438
Iter 574/2000 - Loss: 0.7438
Iter 575/2000 - Loss: 0.7437
Iter 576/2000 - Loss: 0.7437
Iter 577/2000 - Loss: 0.7436
Iter 578/2000 - Loss: 0.7436
Iter 579/2000 - Loss: 0.7436
Iter 580/2000 - Loss: 0.7435
Iter 581/2000 - Loss: 0.7435
Iter 582/2000 - Loss: 0.7434
Iter 583/2000 - Loss: 0.7434
Iter 584/2000 - Loss: 0.7433
Iter 585/2000 - Loss: 0.7433
Iter 586/2000 - Loss: 0.7433
Iter 587/2000 - Loss: 0.7432
Iter 588/2000 - Loss: 0.7432
Iter 589/2000 - Loss: 0.7431
Iter 590/2000 - Loss: 0.7431
Iter 591/2000 - Loss: 0.7431
Iter 592/2000 - Loss: 0.7430
Iter 593/2000 - Loss: 0.7430
Iter 594/2000 - Loss: 0.7429
Iter 595/2000 - Loss: 0.7429
Iter 596/2000 - Loss: 0.7429
Iter 597/2000 - Loss: 0.7428
Iter 598/2000 - Loss: 0.7428
Iter 599/2000 - Loss: 0.7428
Iter 600/2000 - Loss: 0.7427
Iter 601/2000 - Loss: 0.7427
Iter 602/2000 - Loss: 0.7427
Iter 603/2000 - Loss: 0.7426
Iter 604/2000 - Loss: 0.7426
Iter 605/2000 - Loss: 0.7425
Iter 606/2000 - Loss: 0.7425
Iter 607/2000 - Loss: 0.7425
Iter 608/2000 - Loss: 0.7425
Iter 609/2000 - Loss: 0.7424
Iter 610/2000 - Loss: 0.7424
Iter 611/2000 - Loss: 0.7424
Iter 612/2000 - Loss: 0.7423
Iter 613/2000 - Loss: 0.7423
Iter 614/2000 - Loss: 0.7423
Iter 615/2000 - Loss: 0.7422
Iter 616/2000 - Loss: 0.7422
Iter 617/2000 - Loss: 0.7422
Iter 618/2000 - Loss: 0.7422
Iter 619/2000 - Loss: 0.7421
Iter 620/2000 - Loss: 0.7421
Iter 621/2000 - Loss: 0.7421
Iter 622/2000 - Loss: 0.7420
Iter 623/2000 - Loss: 0.7420
Iter 624/2000 - Loss: 0.7420
Iter 625/2000 - Loss: 0.7420
Iter 626/2000 - Loss: 0.7419
Iter 627/2000 - Loss: 0.7419
Iter 628/2000 - Loss: 0.7419
Iter 629/2000 - Loss: 0.7419
Iter 630/2000 - Loss: 0.7418
Iter 631/2000 - Loss: 0.7418
Iter 632/2000 - Loss: 0.7418
Iter 633/2000 - Loss: 0.7418
Iter 634/2000 - Loss: 0.7417
Iter 635/2000 - Loss: 0.7417
Iter 636/2000 - Loss: 0.7417
Iter 637/2000 - Loss: 0.7417
Iter 638/2000 - Loss: 0.7416
Iter 639/2000 - Loss: 0.7416
Iter 640/2000 - Loss: 0.7416
Iter 641/2000 - Loss: 0.7416
Iter 642/2000 - Loss: 0.7416
Iter 643/2000 - Loss: 0.7415
Iter 644/2000 - Loss: 0.7415
Iter 645/2000 - Loss: 0.7415
Iter 646/2000 - Loss: 0.7415
Iter 647/2000 - Loss: 0.7415
Iter 648/2000 - Loss: 0.7414
Iter 649/2000 - Loss: 0.7414
Iter 650/2000 - Loss: 0.7414
Iter 651/2000 - Loss: 0.7414
Iter 652/2000 - Loss: 0.7414
Iter 653/2000 - Loss: 0.7413
Iter 654/2000 - Loss: 0.7413
Iter 655/2000 - Loss: 0.7413
Iter 656/2000 - Loss: 0.7413
Iter 657/2000 - Loss: 0.7413
Iter 658/2000 - Loss: 0.7412
Iter 659/2000 - Loss: 0.7412
Iter 660/2000 - Loss: 0.7412
Iter 661/2000 - Loss: 0.7412
Iter 662/2000 - Loss: 0.7412
Iter 663/2000 - Loss: 0.7412
Iter 664/2000 - Loss: 0.7411
Iter 665/2000 - Loss: 0.7411
Iter 666/2000 - Loss: 0.7411
Iter 667/2000 - Loss: 0.7411
Iter 668/2000 - Loss: 0.7411
Iter 669/2000 - Loss: 0.7411
Iter 670/2000 - Loss: 0.7410
Iter 671/2000 - Loss: 0.7410
Iter 672/2000 - Loss: 0.7410
Iter 673/2000 - Loss: 0.7410
Iter 674/2000 - Loss: 0.7410
Iter 675/2000 - Loss: 0.7410
Iter 676/2000 - Loss: 0.7409
Iter 677/2000 - Loss: 0.7409
Iter 678/2000 - Loss: 0.7409
Iter 679/2000 - Loss: 0.7409
Iter 680/2000 - Loss: 0.7409
Iter 681/2000 - Loss: 0.7409
Iter 682/2000 - Loss: 0.7409
Iter 683/2000 - Loss: 0.7408
Iter 684/2000 - Loss: 0.7408
Iter 685/2000 - Loss: 0.7408
Iter 686/2000 - Loss: 0.7408
Iter 687/2000 - Loss: 0.7408
Iter 688/2000 - Loss: 0.7408
Iter 689/2000 - Loss: 0.7408
Iter 690/2000 - Loss: 0.7407
Iter 691/2000 - Loss: 0.7407
Iter 692/2000 - Loss: 0.7407
Iter 693/2000 - Loss: 0.7407
Iter 694/2000 - Loss: 0.7407
Iter 695/2000 - Loss: 0.7407
Iter 696/2000 - Loss: 0.7407
Iter 697/2000 - Loss: 0.7407
Iter 698/2000 - Loss: 0.7406
Iter 699/2000 - Loss: 0.7406
Iter 700/2000 - Loss: 0.7406
Iter 701/2000 - Loss: 0.7406
Iter 702/2000 - Loss: 0.7406
Iter 703/2000 - Loss: 0.7406
Iter 704/2000 - Loss: 0.7406
Iter 705/2000 - Loss: 0.7406
Iter 706/2000 - Loss: 0.7405
Iter 707/2000 - Loss: 0.7405
Iter 708/2000 - Loss: 0.7405
Iter 709/2000 - Loss: 0.7405
Iter 710/2000 - Loss: 0.7405
Iter 711/2000 - Loss: 0.7405
Iter 712/2000 - Loss: 0.7405
Iter 713/2000 - Loss: 0.7405
Iter 714/2000 - Loss: 0.7405
Iter 715/2000 - Loss: 0.7404
Iter 716/2000 - Loss: 0.7404
Iter 717/2000 - Loss: 0.7404
Iter 718/2000 - Loss: 0.7404
Iter 719/2000 - Loss: 0.7404
Iter 720/2000 - Loss: 0.7404
Iter 721/2000 - Loss: 0.7404
Iter 722/2000 - Loss: 0.7404
Iter 723/2000 - Loss: 0.7404
Iter 724/2000 - Loss: 0.7404
Iter 725/2000 - Loss: 0.7403
Iter 726/2000 - Loss: 0.7403
Iter 727/2000 - Loss: 0.7403
Iter 728/2000 - Loss: 0.7403
Iter 729/2000 - Loss: 0.7403
Iter 730/2000 - Loss: 0.7403
Iter 731/2000 - Loss: 0.7403
Iter 732/2000 - Loss: 0.7403
Iter 733/2000 - Loss: 0.7403
Iter 734/2000 - Loss: 0.7403
Iter 735/2000 - Loss: 0.7402
Iter 736/2000 - Loss: 0.7402
Iter 737/2000 - Loss: 0.7402
Iter 738/2000 - Loss: 0.7402
Iter 739/2000 - Loss: 0.7402
Iter 740/2000 - Loss: 0.7402
Iter 741/2000 - Loss: 0.7402
Iter 742/2000 - Loss: 0.7402
Iter 743/2000 - Loss: 0.7402
Iter 744/2000 - Loss: 0.7402
Iter 745/2000 - Loss: 0.7402
Iter 746/2000 - Loss: 0.7401
Iter 747/2000 - Loss: 0.7401
Iter 748/2000 - Loss: 0.7401
Iter 749/2000 - Loss: 0.7401
Iter 750/2000 - Loss: 0.7401
Iter 751/2000 - Loss: 0.7401
Iter 752/2000 - Loss: 0.7401
Iter 753/2000 - Loss: 0.7401
Iter 754/2000 - Loss: 0.7401
Iter 755/2000 - Loss: 0.7401
Iter 756/2000 - Loss: 0.7401
Iter 757/2000 - Loss: 0.7400
Iter 758/2000 - Loss: 0.7400
Iter 759/2000 - Loss: 0.7400
Iter 760/2000 - Loss: 0.7400
Iter 761/2000 - Loss: 0.7400
Iter 762/2000 - Loss: 0.7400
Iter 763/2000 - Loss: 0.7400
Iter 764/2000 - Loss: 0.7400
Iter 765/2000 - Loss: 0.7400
Iter 766/2000 - Loss: 0.7400
Iter 767/2000 - Loss: 0.7400
Iter 768/2000 - Loss: 0.7399
Iter 769/2000 - Loss: 0.7399
Iter 770/2000 - Loss: 0.7399
Iter 771/2000 - Loss: 0.7399
Iter 772/2000 - Loss: 0.7399
Iter 773/2000 - Loss: 0.7399
Iter 774/2000 - Loss: 0.7399
Iter 775/2000 - Loss: 0.7399
Iter 776/2000 - Loss: 0.7399
Iter 777/2000 - Loss: 0.7399
Iter 778/2000 - Loss: 0.7398
Iter 779/2000 - Loss: 0.7398
Iter 780/2000 - Loss: 0.7398
Iter 781/2000 - Loss: 0.7398
Iter 782/2000 - Loss: 0.7398
Iter 783/2000 - Loss: 0.7398
Iter 784/2000 - Loss: 0.7398
Iter 785/2000 - Loss: 0.7398
Iter 786/2000 - Loss: 0.7397
Iter 787/2000 - Loss: 0.7397
Iter 788/2000 - Loss: 0.7397
Iter 789/2000 - Loss: 0.7397
Iter 790/2000 - Loss: 0.7397
Iter 791/2000 - Loss: 0.7397
Iter 792/2000 - Loss: 0.7397
Iter 793/2000 - Loss: 0.7396
Iter 794/2000 - Loss: 0.7396
Iter 795/2000 - Loss: 0.7396
Iter 796/2000 - Loss: 0.7396
Iter 797/2000 - Loss: 0.7396
Iter 798/2000 - Loss: 0.7395
Iter 799/2000 - Loss: 0.7395
Iter 800/2000 - Loss: 0.7395
Iter 801/2000 - Loss: 0.7395
Iter 802/2000 - Loss: 0.7395
Iter 803/2000 - Loss: 0.7394
Iter 804/2000 - Loss: 0.7394
Iter 805/2000 - Loss: 0.7394
Iter 806/2000 - Loss: 0.7393
Iter 807/2000 - Loss: 0.7393
Iter 808/2000 - Loss: 0.7393
Iter 809/2000 - Loss: 0.7393
Iter 810/2000 - Loss: 0.7392
Iter 811/2000 - Loss: 0.7392
Iter 812/2000 - Loss: 0.7391
Iter 813/2000 - Loss: 0.7391
Iter 814/2000 - Loss: 0.7391
Iter 815/2000 - Loss: 0.7390
Iter 816/2000 - Loss: 0.7390
Iter 817/2000 - Loss: 0.7389
Iter 818/2000 - Loss: 0.7389
Iter 819/2000 - Loss: 0.7388
Iter 820/2000 - Loss: 0.7388
Iter 821/2000 - Loss: 0.7387
Iter 822/2000 - Loss: 0.7386
Iter 823/2000 - Loss: 0.7386
Iter 824/2000 - Loss: 0.7385
Iter 825/2000 - Loss: 0.7384
Iter 826/2000 - Loss: 0.7384
Iter 827/2000 - Loss: 0.7383
Iter 828/2000 - Loss: 0.7382
Iter 829/2000 - Loss: 0.7381
Iter 830/2000 - Loss: 0.7380
Iter 831/2000 - Loss: 0.7379
Iter 832/2000 - Loss: 0.7379
Iter 833/2000 - Loss: 0.7378
Iter 834/2000 - Loss: 0.7377
Iter 835/2000 - Loss: 0.7376
Iter 836/2000 - Loss: 0.7375
Iter 837/2000 - Loss: 0.7373
Iter 838/2000 - Loss: 0.7372
Iter 839/2000 - Loss: 0.7371
Iter 840/2000 - Loss: 0.7370
Iter 841/2000 - Loss: 0.7369
Iter 842/2000 - Loss: 0.7368
Iter 843/2000 - Loss: 0.7367
Iter 844/2000 - Loss: 0.7365
Iter 845/2000 - Loss: 0.7364
Iter 846/2000 - Loss: 0.7363
Iter 847/2000 - Loss: 0.7362
Iter 848/2000 - Loss: 0.7361
Iter 849/2000 - Loss: 0.7359
Iter 850/2000 - Loss: 0.7358
Iter 851/2000 - Loss: 0.7357
Iter 852/2000 - Loss: 0.7356
Iter 853/2000 - Loss: 0.7355
Iter 854/2000 - Loss: 0.7353
Iter 855/2000 - Loss: 0.7352
Iter 856/2000 - Loss: 0.7351
Iter 857/2000 - Loss: 0.7350
Iter 858/2000 - Loss: 0.7349
Iter 859/2000 - Loss: 0.7348
Iter 860/2000 - Loss: 0.7347
Iter 861/2000 - Loss: 0.7346
Iter 862/2000 - Loss: 0.7345
Iter 863/2000 - Loss: 0.7344
Iter 864/2000 - Loss: 0.7343
Iter 865/2000 - Loss: 0.7342
Iter 866/2000 - Loss: 0.7341
Iter 867/2000 - Loss: 0.7341
Iter 868/2000 - Loss: 0.7340
Iter 869/2000 - Loss: 0.7339
Iter 870/2000 - Loss: 0.7338
Iter 871/2000 - Loss: 0.7338
Iter 872/2000 - Loss: 0.7337
Iter 873/2000 - Loss: 0.7336
Iter 874/2000 - Loss: 0.7336
Iter 875/2000 - Loss: 0.7335
Iter 876/2000 - Loss: 0.7335
Iter 877/2000 - Loss: 0.7334
Iter 878/2000 - Loss: 0.7334
Iter 879/2000 - Loss: 0.7333
Iter 880/2000 - Loss: 0.7333
Iter 881/2000 - Loss: 0.7332
Iter 882/2000 - Loss: 0.7332
Iter 883/2000 - Loss: 0.7331
Iter 884/2000 - Loss: 0.7331
Iter 885/2000 - Loss: 0.7331
Iter 886/2000 - Loss: 0.7330
Iter 887/2000 - Loss: 0.7330
Iter 888/2000 - Loss: 0.7330
Iter 889/2000 - Loss: 0.7329
Iter 890/2000 - Loss: 0.7329
Iter 891/2000 - Loss: 0.7329
Iter 892/2000 - Loss: 0.7328
Iter 893/2000 - Loss: 0.7328
Iter 894/2000 - Loss: 0.7328
Iter 895/2000 - Loss: 0.7328
Iter 896/2000 - Loss: 0.7327
Iter 897/2000 - Loss: 0.7327
Iter 898/2000 - Loss: 0.7327
Iter 899/2000 - Loss: 0.7327
Iter 900/2000 - Loss: 0.7327
Iter 901/2000 - Loss: 0.7326
Iter 902/2000 - Loss: 0.7326
Iter 903/2000 - Loss: 0.7326
Iter 904/2000 - Loss: 0.7326
Iter 905/2000 - Loss: 0.7326
Iter 906/2000 - Loss: 0.7325
Iter 907/2000 - Loss: 0.7325
Iter 908/2000 - Loss: 0.7325
Iter 909/2000 - Loss: 0.7325
Iter 910/2000 - Loss: 0.7325
Iter 911/2000 - Loss: 0.7325
Iter 912/2000 - Loss: 0.7324
Iter 913/2000 - Loss: 0.7324
Iter 914/2000 - Loss: 0.7324
Iter 915/2000 - Loss: 0.7324
Iter 916/2000 - Loss: 0.7324
Iter 917/2000 - Loss: 0.7324
Iter 918/2000 - Loss: 0.7324
Iter 919/2000 - Loss: 0.7324
Iter 920/2000 - Loss: 0.7323
Iter 921/2000 - Loss: 0.7323
Iter 922/2000 - Loss: 0.7323
Iter 923/2000 - Loss: 0.7323
Iter 924/2000 - Loss: 0.7323
Iter 925/2000 - Loss: 0.7323
Iter 926/2000 - Loss: 0.7323
Iter 927/2000 - Loss: 0.7323
Iter 928/2000 - Loss: 0.7322
Iter 929/2000 - Loss: 0.7322
Iter 930/2000 - Loss: 0.7322
Iter 931/2000 - Loss: 0.7322
Iter 932/2000 - Loss: 0.7322
Iter 933/2000 - Loss: 0.7322
Iter 934/2000 - Loss: 0.7322
Iter 935/2000 - Loss: 0.7322
Iter 936/2000 - Loss: 0.7322
Iter 937/2000 - Loss: 0.7322
Iter 938/2000 - Loss: 0.7321
Iter 939/2000 - Loss: 0.7321
Iter 940/2000 - Loss: 0.7321
Iter 941/2000 - Loss: 0.7321
Iter 942/2000 - Loss: 0.7321
Iter 943/2000 - Loss: 0.7321
Iter 944/2000 - Loss: 0.7321
Iter 945/2000 - Loss: 0.7321
Iter 946/2000 - Loss: 0.7321
Iter 947/2000 - Loss: 0.7321
Iter 948/2000 - Loss: 0.7321
Iter 949/2000 - Loss: 0.7320
Iter 950/2000 - Loss: 0.7320
Iter 951/2000 - Loss: 0.7320
Iter 952/2000 - Loss: 0.7320
Iter 953/2000 - Loss: 0.7320
Iter 954/2000 - Loss: 0.7320
Iter 955/2000 - Loss: 0.7320
Iter 956/2000 - Loss: 0.7320
Iter 957/2000 - Loss: 0.7320
Iter 958/2000 - Loss: 0.7320
Iter 959/2000 - Loss: 0.7320
Iter 960/2000 - Loss: 0.7320
Iter 961/2000 - Loss: 0.7320
Iter 962/2000 - Loss: 0.7319
Iter 963/2000 - Loss: 0.7319
Iter 964/2000 - Loss: 0.7319
Iter 965/2000 - Loss: 0.7319
Iter 966/2000 - Loss: 0.7319
Iter 967/2000 - Loss: 0.7319
Iter 968/2000 - Loss: 0.7319
Iter 969/2000 - Loss: 0.7319
Iter 970/2000 - Loss: 0.7319
Iter 971/2000 - Loss: 0.7319
Iter 972/2000 - Loss: 0.7319
Iter 973/2000 - Loss: 0.7319
Iter 974/2000 - Loss: 0.7319
Iter 975/2000 - Loss: 0.7319
Iter 976/2000 - Loss: 0.7319
Iter 977/2000 - Loss: 0.7318
Iter 978/2000 - Loss: 0.7318
Iter 979/2000 - Loss: 0.7318
Iter 980/2000 - Loss: 0.7318
Iter 981/2000 - Loss: 0.7318
Iter 982/2000 - Loss: 0.7318
Iter 983/2000 - Loss: 0.7318
Iter 984/2000 - Loss: 0.7318
Iter 985/2000 - Loss: 0.7318
Iter 986/2000 - Loss: 0.7318
Iter 987/2000 - Loss: 0.7318
Iter 988/2000 - Loss: 0.7318
Iter 989/2000 - Loss: 0.7318
Iter 990/2000 - Loss: 0.7318
Iter 991/2000 - Loss: 0.7318
Iter 992/2000 - Loss: 0.7318
Iter 993/2000 - Loss: 0.7317
Iter 994/2000 - Loss: 0.7317
Iter 995/2000 - Loss: 0.7317
Iter 996/2000 - Loss: 0.7317
Iter 997/2000 - Loss: 0.7317
Iter 998/2000 - Loss: 0.7317
Iter 999/2000 - Loss: 0.7317
Iter 1000/2000 - Loss: 0.7317
Iter 1001/2000 - Loss: 0.7317
Iter 1002/2000 - Loss: 0.7317
Iter 1003/2000 - Loss: 0.7317
Iter 1004/2000 - Loss: 0.7317
Iter 1005/2000 - Loss: 0.7317
Iter 1006/2000 - Loss: 0.7317
Iter 1007/2000 - Loss: 0.7317
Iter 1008/2000 - Loss: 0.7317
Iter 1009/2000 - Loss: 0.7317
Iter 1010/2000 - Loss: 0.7317
Iter 1011/2000 - Loss: 0.7316
Iter 1012/2000 - Loss: 0.7316
Iter 1013/2000 - Loss: 0.7316
Iter 1014/2000 - Loss: 0.7316
Iter 1015/2000 - Loss: 0.7316
Iter 1016/2000 - Loss: 0.7316
Iter 1017/2000 - Loss: 0.7316
Iter 1018/2000 - Loss: 0.7316
Iter 1019/2000 - Loss: 0.7316
Iter 1020/2000 - Loss: 0.7316
Iter 1021/2000 - Loss: 0.7316
Iter 1022/2000 - Loss: 0.7316
Iter 1023/2000 - Loss: 0.7316
Iter 1024/2000 - Loss: 0.7316
Iter 1025/2000 - Loss: 0.7316
Iter 1026/2000 - Loss: 0.7316
Iter 1027/2000 - Loss: 0.7316
Iter 1028/2000 - Loss: 0.7316
Iter 1029/2000 - Loss: 0.7316
Iter 1030/2000 - Loss: 0.7316
Iter 1031/2000 - Loss: 0.7315
Iter 1032/2000 - Loss: 0.7315
Iter 1033/2000 - Loss: 0.7315
Iter 1034/2000 - Loss: 0.7315
Iter 1035/2000 - Loss: 0.7315
Iter 1036/2000 - Loss: 0.7315
Iter 1037/2000 - Loss: 0.7315
Iter 1038/2000 - Loss: 0.7315
Iter 1039/2000 - Loss: 0.7315
Iter 1040/2000 - Loss: 0.7315
Iter 1041/2000 - Loss: 0.7315
Iter 1042/2000 - Loss: 0.7315
Iter 1043/2000 - Loss: 0.7315
Iter 1044/2000 - Loss: 0.7315
Iter 1045/2000 - Loss: 0.7315
Iter 1046/2000 - Loss: 0.7315
Iter 1047/2000 - Loss: 0.7315
Iter 1048/2000 - Loss: 0.7315
Iter 1049/2000 - Loss: 0.7315
Iter 1050/2000 - Loss: 0.7315
Iter 1051/2000 - Loss: 0.7315
Iter 1052/2000 - Loss: 0.7315
Iter 1053/2000 - Loss: 0.7315
Iter 1054/2000 - Loss: 0.7314
Iter 1055/2000 - Loss: 0.7314
Iter 1056/2000 - Loss: 0.7314
Iter 1057/2000 - Loss: 0.7314
Iter 1058/2000 - Loss: 0.7314
Iter 1059/2000 - Loss: 0.7314
Iter 1060/2000 - Loss: 0.7314
Iter 1061/2000 - Loss: 0.7314
Iter 1062/2000 - Loss: 0.7314
Iter 1063/2000 - Loss: 0.7314
Iter 1064/2000 - Loss: 0.7314
Iter 1065/2000 - Loss: 0.7314
Iter 1066/2000 - Loss: 0.7314
Iter 1067/2000 - Loss: 0.7314
Iter 1068/2000 - Loss: 0.7314
Iter 1069/2000 - Loss: 0.7314
Iter 1070/2000 - Loss: 0.7314
Iter 1071/2000 - Loss: 0.7314
Iter 1072/2000 - Loss: 0.7314
Iter 1073/2000 - Loss: 0.7314
Iter 1074/2000 - Loss: 0.7314
Iter 1075/2000 - Loss: 0.7314
Iter 1076/2000 - Loss: 0.7314
Iter 1077/2000 - Loss: 0.7314
Iter 1078/2000 - Loss: 0.7313
Iter 1079/2000 - Loss: 0.7313
Iter 1080/2000 - Loss: 0.7313
Iter 1081/2000 - Loss: 0.7313
Iter 1082/2000 - Loss: 0.7313
Iter 1083/2000 - Loss: 0.7313
Iter 1084/2000 - Loss: 0.7313
Iter 1085/2000 - Loss: 0.7313
Iter 1086/2000 - Loss: 0.7313
Iter 1087/2000 - Loss: 0.7313
Iter 1088/2000 - Loss: 0.7313
Iter 1089/2000 - Loss: 0.7313
Iter 1090/2000 - Loss: 0.7313
Iter 1091/2000 - Loss: 0.7313
Iter 1092/2000 - Loss: 0.7313
Iter 1093/2000 - Loss: 0.7313
Iter 1094/2000 - Loss: 0.7313
Iter 1095/2000 - Loss: 0.7313
Iter 1096/2000 - Loss: 0.7313
Iter 1097/2000 - Loss: 0.7313
Iter 1098/2000 - Loss: 0.7313
Iter 1099/2000 - Loss: 0.7313
Iter 1100/2000 - Loss: 0.7313
Iter 1101/2000 - Loss: 0.7313
Iter 1102/2000 - Loss: 0.7313
Iter 1103/2000 - Loss: 0.7313
Iter 1104/2000 - Loss: 0.7313
Iter 1105/2000 - Loss: 0.7313
Iter 1106/2000 - Loss: 0.7312
Iter 1107/2000 - Loss: 0.7312
Iter 1108/2000 - Loss: 0.7312
Iter 1109/2000 - Loss: 0.7312
Iter 1110/2000 - Loss: 0.7312
Iter 1111/2000 - Loss: 0.7312
Iter 1112/2000 - Loss: 0.7312
Iter 1113/2000 - Loss: 0.7312
Iter 1114/2000 - Loss: 0.7312
Iter 1115/2000 - Loss: 0.7312
Iter 1116/2000 - Loss: 0.7312
Iter 1117/2000 - Loss: 0.7312
Iter 1118/2000 - Loss: 0.7312
Iter 1119/2000 - Loss: 0.7312
Iter 1120/2000 - Loss: 0.7312
Iter 1121/2000 - Loss: 0.7312
Iter 1122/2000 - Loss: 0.7312
Iter 1123/2000 - Loss: 0.7312
Iter 1124/2000 - Loss: 0.7312
Iter 1125/2000 - Loss: 0.7312
Iter 1126/2000 - Loss: 0.7312
Iter 1127/2000 - Loss: 0.7312
Iter 1128/2000 - Loss: 0.7312
Iter 1129/2000 - Loss: 0.7312
Iter 1130/2000 - Loss: 0.7312
Iter 1131/2000 - Loss: 0.7312
Iter 1132/2000 - Loss: 0.7312
Iter 1133/2000 - Loss: 0.7312
Iter 1134/2000 - Loss: 0.7312
Iter 1135/2000 - Loss: 0.7312
Iter 1136/2000 - Loss: 0.7312
Iter 1137/2000 - Loss: 0.7311
Iter 1138/2000 - Loss: 0.7311
Iter 1139/2000 - Loss: 0.7311
Iter 1140/2000 - Loss: 0.7311
Iter 1141/2000 - Loss: 0.7311
Iter 1142/2000 - Loss: 0.7311
Iter 1143/2000 - Loss: 0.7311
Iter 1144/2000 - Loss: 0.7311
Iter 1145/2000 - Loss: 0.7311
Iter 1146/2000 - Loss: 0.7311
Iter 1147/2000 - Loss: 0.7311
Iter 1148/2000 - Loss: 0.7311
Iter 1149/2000 - Loss: 0.7311
Iter 1150/2000 - Loss: 0.7311
Iter 1151/2000 - Loss: 0.7311
Iter 1152/2000 - Loss: 0.7311
Iter 1153/2000 - Loss: 0.7311
Iter 1154/2000 - Loss: 0.7311
Iter 1155/2000 - Loss: 0.7311
Iter 1156/2000 - Loss: 0.7311
Iter 1157/2000 - Loss: 0.7311
Iter 1158/2000 - Loss: 0.7311
Iter 1159/2000 - Loss: 0.7311
Iter 1160/2000 - Loss: 0.7311
Iter 1161/2000 - Loss: 0.7311
Iter 1162/2000 - Loss: 0.7311
Iter 1163/2000 - Loss: 0.7311
Iter 1164/2000 - Loss: 0.7311
Iter 1165/2000 - Loss: 0.7311
Iter 1166/2000 - Loss: 0.7311
Iter 1167/2000 - Loss: 0.7311
Iter 1168/2000 - Loss: 0.7311
Iter 1169/2000 - Loss: 0.7311
Iter 1170/2000 - Loss: 0.7311
Iter 1171/2000 - Loss: 0.7310
Iter 1172/2000 - Loss: 0.7310
Iter 1173/2000 - Loss: 0.7310
Iter 1174/2000 - Loss: 0.7310
Iter 1175/2000 - Loss: 0.7310
Iter 1176/2000 - Loss: 0.7310
Iter 1177/2000 - Loss: 0.7310
Iter 1178/2000 - Loss: 0.7310
Iter 1179/2000 - Loss: 0.7310
Iter 1180/2000 - Loss: 0.7310
Iter 1181/2000 - Loss: 0.7310
Iter 1182/2000 - Loss: 0.7310
Iter 1183/2000 - Loss: 0.7310
Iter 1184/2000 - Loss: 0.7310
Iter 1185/2000 - Loss: 0.7310
Iter 1186/2000 - Loss: 0.7310
Iter 1187/2000 - Loss: 0.7310
Iter 1188/2000 - Loss: 0.7310
Iter 1189/2000 - Loss: 0.7310
Iter 1190/2000 - Loss: 0.7310
Iter 1191/2000 - Loss: 0.7310
Iter 1192/2000 - Loss: 0.7310
Iter 1193/2000 - Loss: 0.7310
Iter 1194/2000 - Loss: 0.7310
Iter 1195/2000 - Loss: 0.7310
Iter 1196/2000 - Loss: 0.7310
Iter 1197/2000 - Loss: 0.7310
Iter 1198/2000 - Loss: 0.7310
Iter 1199/2000 - Loss: 0.7310
Iter 1200/2000 - Loss: 0.7310
Iter 1201/2000 - Loss: 0.7310
Iter 1202/2000 - Loss: 0.7310
Iter 1203/2000 - Loss: 0.7310
Iter 1204/2000 - Loss: 0.7310
Iter 1205/2000 - Loss: 0.7310
Iter 1206/2000 - Loss: 0.7310
Iter 1207/2000 - Loss: 0.7310
Iter 1208/2000 - Loss: 0.7310
Iter 1209/2000 - Loss: 0.7309
Iter 1210/2000 - Loss: 0.7309
Iter 1211/2000 - Loss: 0.7309
Iter 1212/2000 - Loss: 0.7309
Iter 1213/2000 - Loss: 0.7309
Iter 1214/2000 - Loss: 0.7309
Iter 1215/2000 - Loss: 0.7309
Iter 1216/2000 - Loss: 0.7309
Iter 1217/2000 - Loss: 0.7309
Iter 1218/2000 - Loss: 0.7309
Iter 1219/2000 - Loss: 0.7309
Iter 1220/2000 - Loss: 0.7309
Iter 1221/2000 - Loss: 0.7309
Iter 1222/2000 - Loss: 0.7309
Iter 1223/2000 - Loss: 0.7309
Iter 1224/2000 - Loss: 0.7309
Iter 1225/2000 - Loss: 0.7309
Iter 1226/2000 - Loss: 0.7309
Iter 1227/2000 - Loss: 0.7309
Iter 1228/2000 - Loss: 0.7309
Iter 1229/2000 - Loss: 0.7309
Iter 1230/2000 - Loss: 0.7309
Iter 1231/2000 - Loss: 0.7309
Iter 1232/2000 - Loss: 0.7309
Iter 1233/2000 - Loss: 0.7309
Iter 1234/2000 - Loss: 0.7309
Iter 1235/2000 - Loss: 0.7309
Iter 1236/2000 - Loss: 0.7309
Iter 1237/2000 - Loss: 0.7309
Iter 1238/2000 - Loss: 0.7309
Iter 1239/2000 - Loss: 0.7309
Iter 1240/2000 - Loss: 0.7309
Iter 1241/2000 - Loss: 0.7309
Iter 1242/2000 - Loss: 0.7309
Iter 1243/2000 - Loss: 0.7309
Iter 1244/2000 - Loss: 0.7309
Iter 1245/2000 - Loss: 0.7309
Iter 1246/2000 - Loss: 0.7309
Iter 1247/2000 - Loss: 0.7309
Iter 1248/2000 - Loss: 0.7309
Iter 1249/2000 - Loss: 0.7309
Iter 1250/2000 - Loss: 0.7309
Iter 1251/2000 - Loss: 0.7308
Iter 1252/2000 - Loss: 0.7308
Iter 1253/2000 - Loss: 0.7308
Iter 1254/2000 - Loss: 0.7308
Iter 1255/2000 - Loss: 0.7308
Iter 1256/2000 - Loss: 0.7308
Iter 1257/2000 - Loss: 0.7308
Iter 1258/2000 - Loss: 0.7308
Iter 1259/2000 - Loss: 0.7308
Iter 1260/2000 - Loss: 0.7308
Iter 1261/2000 - Loss: 0.7308
Iter 1262/2000 - Loss: 0.7308
Iter 1263/2000 - Loss: 0.7308
Iter 1264/2000 - Loss: 0.7308
Iter 1265/2000 - Loss: 0.7308
Iter 1266/2000 - Loss: 0.7308
Iter 1267/2000 - Loss: 0.7308
Iter 1268/2000 - Loss: 0.7308
Iter 1269/2000 - Loss: 0.7308
Iter 1270/2000 - Loss: 0.7308
Iter 1271/2000 - Loss: 0.7308
Iter 1272/2000 - Loss: 0.7308
Iter 1273/2000 - Loss: 0.7308
Iter 1274/2000 - Loss: 0.7308
Iter 1275/2000 - Loss: 0.7308
Iter 1276/2000 - Loss: 0.7308
Iter 1277/2000 - Loss: 0.7308
Iter 1278/2000 - Loss: 0.7308
Iter 1279/2000 - Loss: 0.7308
Iter 1280/2000 - Loss: 0.7308
Iter 1281/2000 - Loss: 0.7308
Iter 1282/2000 - Loss: 0.7308
Iter 1283/2000 - Loss: 0.7308
Iter 1284/2000 - Loss: 0.7308
Iter 1285/2000 - Loss: 0.7308
Iter 1286/2000 - Loss: 0.7308
Iter 1287/2000 - Loss: 0.7308
Iter 1288/2000 - Loss: 0.7308
Iter 1289/2000 - Loss: 0.7308
Iter 1290/2000 - Loss: 0.7308
Iter 1291/2000 - Loss: 0.7308
Iter 1292/2000 - Loss: 0.7307
Iter 1293/2000 - Loss: 0.7307
Iter 1294/2000 - Loss: 0.7307
Iter 1295/2000 - Loss: 0.7307
Iter 1296/2000 - Loss: 0.7307
Iter 1297/2000 - Loss: 0.7307
Iter 1298/2000 - Loss: 0.7307
Iter 1299/2000 - Loss: 0.7307
Iter 1300/2000 - Loss: 0.7307
Iter 1301/2000 - Loss: 0.7307
Iter 1302/2000 - Loss: 0.7307
Iter 1303/2000 - Loss: 0.7307
Iter 1304/2000 - Loss: 0.7307
Iter 1305/2000 - Loss: 0.7307
Iter 1306/2000 - Loss: 0.7307
Iter 1307/2000 - Loss: 0.7307
Iter 1308/2000 - Loss: 0.7307
Iter 1309/2000 - Loss: 0.7307
Iter 1310/2000 - Loss: 0.7307
Iter 1311/2000 - Loss: 0.7307
Iter 1312/2000 - Loss: 0.7307
Iter 1313/2000 - Loss: 0.7307
Iter 1314/2000 - Loss: 0.7307
Iter 1315/2000 - Loss: 0.7307
Iter 1316/2000 - Loss: 0.7307
Iter 1317/2000 - Loss: 0.7307
Iter 1318/2000 - Loss: 0.7307
Iter 1319/2000 - Loss: 0.7307
Iter 1320/2000 - Loss: 0.7307
Iter 1321/2000 - Loss: 0.7307
Iter 1322/2000 - Loss: 0.7307
Iter 1323/2000 - Loss: 0.7307
Iter 1324/2000 - Loss: 0.7307
Iter 1325/2000 - Loss: 0.7307
Iter 1326/2000 - Loss: 0.7306
Iter 1327/2000 - Loss: 0.7306
Iter 1328/2000 - Loss: 0.7306
Iter 1329/2000 - Loss: 0.7306
Iter 1330/2000 - Loss: 0.7306
Iter 1331/2000 - Loss: 0.7306
Iter 1332/2000 - Loss: 0.7306
Iter 1333/2000 - Loss: 0.7306
Iter 1334/2000 - Loss: 0.7306
Iter 1335/2000 - Loss: 0.7306
Iter 1336/2000 - Loss: 0.7306
Iter 1337/2000 - Loss: 0.7306
Iter 1338/2000 - Loss: 0.7306
Iter 1339/2000 - Loss: 0.7306
Iter 1340/2000 - Loss: 0.7306
Iter 1341/2000 - Loss: 0.7306
Iter 1342/2000 - Loss: 0.7306
Iter 1343/2000 - Loss: 0.7306
Iter 1344/2000 - Loss: 0.7306
Iter 1345/2000 - Loss: 0.7306
Iter 1346/2000 - Loss: 0.7306
Iter 1347/2000 - Loss: 0.7306
Iter 1348/2000 - Loss: 0.7306
Iter 1349/2000 - Loss: 0.7306
Iter 1350/2000 - Loss: 0.7305
Iter 1351/2000 - Loss: 0.7305
Iter 1352/2000 - Loss: 0.7305
Iter 1353/2000 - Loss: 0.7305
Iter 1354/2000 - Loss: 0.7305
Iter 1355/2000 - Loss: 0.7305
Iter 1356/2000 - Loss: 0.7305
Iter 1357/2000 - Loss: 0.7305
Iter 1358/2000 - Loss: 0.7305
Iter 1359/2000 - Loss: 0.7305
Iter 1360/2000 - Loss: 0.7305
Iter 1361/2000 - Loss: 0.7305
Iter 1362/2000 - Loss: 0.7305
Iter 1363/2000 - Loss: 0.7305
Iter 1364/2000 - Loss: 0.7305
Iter 1365/2000 - Loss: 0.7305
Iter 1366/2000 - Loss: 0.7305
Iter 1367/2000 - Loss: 0.7305
Iter 1368/2000 - Loss: 0.7305
Iter 1369/2000 - Loss: 0.7304
Iter 1370/2000 - Loss: 0.7304
Iter 1371/2000 - Loss: 0.7304
Iter 1372/2000 - Loss: 0.7304
Iter 1373/2000 - Loss: 0.7304
Iter 1374/2000 - Loss: 0.7304
Iter 1375/2000 - Loss: 0.7304
Iter 1376/2000 - Loss: 0.7304
Iter 1377/2000 - Loss: 0.7304
Iter 1378/2000 - Loss: 0.7304
Iter 1379/2000 - Loss: 0.7304
Iter 1380/2000 - Loss: 0.7304
Iter 1381/2000 - Loss: 0.7304
Iter 1382/2000 - Loss: 0.7304
Iter 1383/2000 - Loss: 0.7303
Iter 1384/2000 - Loss: 0.7303
Iter 1385/2000 - Loss: 0.7303
Iter 1386/2000 - Loss: 0.7303
Iter 1387/2000 - Loss: 0.7303
Iter 1388/2000 - Loss: 0.7303
Iter 1389/2000 - Loss: 0.7303
Iter 1390/2000 - Loss: 0.7303
Iter 1391/2000 - Loss: 0.7303
Iter 1392/2000 - Loss: 0.7303
Iter 1393/2000 - Loss: 0.7303
Iter 1394/2000 - Loss: 0.7303
Iter 1395/2000 - Loss: 0.7302
Iter 1396/2000 - Loss: 0.7302
Iter 1397/2000 - Loss: 0.7302
Iter 1398/2000 - Loss: 0.7302
Iter 1399/2000 - Loss: 0.7302
Iter 1400/2000 - Loss: 0.7302
Iter 1401/2000 - Loss: 0.7302
Iter 1402/2000 - Loss: 0.7302
Iter 1403/2000 - Loss: 0.7302
Iter 1404/2000 - Loss: 0.7302
Iter 1405/2000 - Loss: 0.7301
Iter 1406/2000 - Loss: 0.7301
Iter 1407/2000 - Loss: 0.7301
Iter 1408/2000 - Loss: 0.7301
Iter 1409/2000 - Loss: 0.7301
Iter 1410/2000 - Loss: 0.7301
Iter 1411/2000 - Loss: 0.7301
Iter 1412/2000 - Loss: 0.7301
Iter 1413/2000 - Loss: 0.7301
Iter 1414/2000 - Loss: 0.7300
Iter 1415/2000 - Loss: 0.7300
Iter 1416/2000 - Loss: 0.7300
Iter 1417/2000 - Loss: 0.7300
Iter 1418/2000 - Loss: 0.7300
Iter 1419/2000 - Loss: 0.7300
Iter 1420/2000 - Loss: 0.7300
Iter 1421/2000 - Loss: 0.7300
Iter 1422/2000 - Loss: 0.7299
Iter 1423/2000 - Loss: 0.7299
Iter 1424/2000 - Loss: 0.7299
Iter 1425/2000 - Loss: 0.7299
Iter 1426/2000 - Loss: 0.7299
Iter 1427/2000 - Loss: 0.7299
Iter 1428/2000 - Loss: 0.7299
Iter 1429/2000 - Loss: 0.7299
Iter 1430/2000 - Loss: 0.7298
Iter 1431/2000 - Loss: 0.7298
Iter 1432/2000 - Loss: 0.7298
Iter 1433/2000 - Loss: 0.7298
Iter 1434/2000 - Loss: 0.7298
Iter 1435/2000 - Loss: 0.7298
Iter 1436/2000 - Loss: 0.7298
Iter 1437/2000 - Loss: 0.7297
Iter 1438/2000 - Loss: 0.7297
Iter 1439/2000 - Loss: 0.7297
Iter 1440/2000 - Loss: 0.7297
Iter 1441/2000 - Loss: 0.7297
Iter 1442/2000 - Loss: 0.7297
Iter 1443/2000 - Loss: 0.7297
Iter 1444/2000 - Loss: 0.7296
Iter 1445/2000 - Loss: 0.7296
Iter 1446/2000 - Loss: 0.7296
Iter 1447/2000 - Loss: 0.7296
Iter 1448/2000 - Loss: 0.7296
Iter 1449/2000 - Loss: 0.7296
Iter 1450/2000 - Loss: 0.7295
Iter 1451/2000 - Loss: 0.7295
Iter 1452/2000 - Loss: 0.7295
Iter 1453/2000 - Loss: 0.7295
Iter 1454/2000 - Loss: 0.7295
Iter 1455/2000 - Loss: 0.7295
Iter 1456/2000 - Loss: 0.7294
Iter 1457/2000 - Loss: 0.7294
Iter 1458/2000 - Loss: 0.7294
Iter 1459/2000 - Loss: 0.7294
Iter 1460/2000 - Loss: 0.7294
Iter 1461/2000 - Loss: 0.7294
Iter 1462/2000 - Loss: 0.7294
Iter 1463/2000 - Loss: 0.7293
Iter 1464/2000 - Loss: 0.7293
Iter 1465/2000 - Loss: 0.7293
Iter 1466/2000 - Loss: 0.7293
Iter 1467/2000 - Loss: 0.7293
Iter 1468/2000 - Loss: 0.7293
Iter 1469/2000 - Loss: 0.7292
Iter 1470/2000 - Loss: 0.7292
Iter 1471/2000 - Loss: 0.7292
Iter 1472/2000 - Loss: 0.7292
Iter 1473/2000 - Loss: 0.7292
Iter 1474/2000 - Loss: 0.7292
Iter 1475/2000 - Loss: 0.7291
Iter 1476/2000 - Loss: 0.7291
Iter 1477/2000 - Loss: 0.7291
Iter 1478/2000 - Loss: 0.7291
Iter 1479/2000 - Loss: 0.7291
Iter 1480/2000 - Loss: 0.7291
Iter 1481/2000 - Loss: 0.7291
Iter 1482/2000 - Loss: 0.7290
Iter 1483/2000 - Loss: 0.7290
Iter 1484/2000 - Loss: 0.7290
Iter 1485/2000 - Loss: 0.7290
Iter 1486/2000 - Loss: 0.7290
Iter 1487/2000 - Loss: 0.7290
Iter 1488/2000 - Loss: 0.7290
Iter 1489/2000 - Loss: 0.7289
Iter 1490/2000 - Loss: 0.7289
Iter 1491/2000 - Loss: 0.7289
Iter 1492/2000 - Loss: 0.7289
Iter 1493/2000 - Loss: 0.7289
Iter 1494/2000 - Loss: 0.7289
Iter 1495/2000 - Loss: 0.7289
Iter 1496/2000 - Loss: 0.7288
Iter 1497/2000 - Loss: 0.7288
Iter 1498/2000 - Loss: 0.7288
Iter 1499/2000 - Loss: 0.7288
Iter 1500/2000 - Loss: 0.7288
Iter 1501/2000 - Loss: 0.7288
Iter 1502/2000 - Loss: 0.7288
Iter 1503/2000 - Loss: 0.7287
Iter 1504/2000 - Loss: 0.7287
Iter 1505/2000 - Loss: 0.7287
Iter 1506/2000 - Loss: 0.7287
Iter 1507/2000 - Loss: 0.7287
Iter 1508/2000 - Loss: 0.7287
Iter 1509/2000 - Loss: 0.7287
Iter 1510/2000 - Loss: 0.7287
Iter 1511/2000 - Loss: 0.7287
Iter 1512/2000 - Loss: 0.7286
Iter 1513/2000 - Loss: 0.7286
Iter 1514/2000 - Loss: 0.7286
Iter 1515/2000 - Loss: 0.7286
Iter 1516/2000 - Loss: 0.7286
Iter 1517/2000 - Loss: 0.7286
Iter 1518/2000 - Loss: 0.7286
Iter 1519/2000 - Loss: 0.7286
Iter 1520/2000 - Loss: 0.7286
Iter 1521/2000 - Loss: 0.7285
Iter 1522/2000 - Loss: 0.7285
Iter 1523/2000 - Loss: 0.7285
Iter 1524/2000 - Loss: 0.7285
Iter 1525/2000 - Loss: 0.7285
Iter 1526/2000 - Loss: 0.7285
Iter 1527/2000 - Loss: 0.7285
Iter 1528/2000 - Loss: 0.7285
Iter 1529/2000 - Loss: 0.7285
Iter 1530/2000 - Loss: 0.7285
Iter 1531/2000 - Loss: 0.7284
Iter 1532/2000 - Loss: 0.7284
Iter 1533/2000 - Loss: 0.7284
Iter 1534/2000 - Loss: 0.7284
Iter 1535/2000 - Loss: 0.7284
Iter 1536/2000 - Loss: 0.7284
Iter 1537/2000 - Loss: 0.7284
Iter 1538/2000 - Loss: 0.7284
Iter 1539/2000 - Loss: 0.7284
Iter 1540/2000 - Loss: 0.7284
Iter 1541/2000 - Loss: 0.7284
Iter 1542/2000 - Loss: 0.7283
Iter 1543/2000 - Loss: 0.7283
Iter 1544/2000 - Loss: 0.7283
Iter 1545/2000 - Loss: 0.7283
Iter 1546/2000 - Loss: 0.7283
Iter 1547/2000 - Loss: 0.7283
Iter 1548/2000 - Loss: 0.7283
Iter 1549/2000 - Loss: 0.7283
Iter 1550/2000 - Loss: 0.7283
Iter 1551/2000 - Loss: 0.7283
Iter 1552/2000 - Loss: 0.7283
Iter 1553/2000 - Loss: 0.7283
Iter 1554/2000 - Loss: 0.7283
Iter 1555/2000 - Loss: 0.7282
Iter 1556/2000 - Loss: 0.7282
Iter 1557/2000 - Loss: 0.7282
Iter 1558/2000 - Loss: 0.7282
Iter 1559/2000 - Loss: 0.7282
Iter 1560/2000 - Loss: 0.7282
Iter 1561/2000 - Loss: 0.7282
Iter 1562/2000 - Loss: 0.7282
Iter 1563/2000 - Loss: 0.7282
Iter 1564/2000 - Loss: 0.7282
Iter 1565/2000 - Loss: 0.7282
Iter 1566/2000 - Loss: 0.7282
Iter 1567/2000 - Loss: 0.7282
Iter 1568/2000 - Loss: 0.7282
Iter 1569/2000 - Loss: 0.7282
Iter 1570/2000 - Loss: 0.7282
Iter 1571/2000 - Loss: 0.7281
Iter 1572/2000 - Loss: 0.7281
Iter 1573/2000 - Loss: 0.7281
Iter 1574/2000 - Loss: 0.7281
Iter 1575/2000 - Loss: 0.7281
Iter 1576/2000 - Loss: 0.7281
Iter 1577/2000 - Loss: 0.7281
Iter 1578/2000 - Loss: 0.7281
Iter 1579/2000 - Loss: 0.7281
Iter 1580/2000 - Loss: 0.7281
Iter 1581/2000 - Loss: 0.7281
Iter 1582/2000 - Loss: 0.7281
Iter 1583/2000 - Loss: 0.7281
Iter 1584/2000 - Loss: 0.7281
Iter 1585/2000 - Loss: 0.7281
Iter 1586/2000 - Loss: 0.7281
Iter 1587/2000 - Loss: 0.7281
Iter 1588/2000 - Loss: 0.7281
Iter 1589/2000 - Loss: 0.7280
Iter 1590/2000 - Loss: 0.7280
Iter 1591/2000 - Loss: 0.7280
Iter 1592/2000 - Loss: 0.7280
Iter 1593/2000 - Loss: 0.7280
Iter 1594/2000 - Loss: 0.7280
Iter 1595/2000 - Loss: 0.7280
Iter 1596/2000 - Loss: 0.7280
Iter 1597/2000 - Loss: 0.7280
Iter 1598/2000 - Loss: 0.7280
Iter 1599/2000 - Loss: 0.7280
Iter 1600/2000 - Loss: 0.7280
Iter 1601/2000 - Loss: 0.7280
Iter 1602/2000 - Loss: 0.7280
Iter 1603/2000 - Loss: 0.7280
Iter 1604/2000 - Loss: 0.7280
Iter 1605/2000 - Loss: 0.7280
Iter 1606/2000 - Loss: 0.7280
Iter 1607/2000 - Loss: 0.7280
Iter 1608/2000 - Loss: 0.7280
Iter 1609/2000 - Loss: 0.7280
Iter 1610/2000 - Loss: 0.7280
Iter 1611/2000 - Loss: 0.7279
Iter 1612/2000 - Loss: 0.7279
Iter 1613/2000 - Loss: 0.7279
Iter 1614/2000 - Loss: 0.7279
Iter 1615/2000 - Loss: 0.7279
Iter 1616/2000 - Loss: 0.7279
Iter 1617/2000 - Loss: 0.7279
Iter 1618/2000 - Loss: 0.7279
Iter 1619/2000 - Loss: 0.7279
Iter 1620/2000 - Loss: 0.7279
Iter 1621/2000 - Loss: 0.7279
Iter 1622/2000 - Loss: 0.7279
Iter 1623/2000 - Loss: 0.7279
Iter 1624/2000 - Loss: 0.7279
Iter 1625/2000 - Loss: 0.7279
Iter 1626/2000 - Loss: 0.7279
Iter 1627/2000 - Loss: 0.7279
Iter 1628/2000 - Loss: 0.7279
Iter 1629/2000 - Loss: 0.7279
Iter 1630/2000 - Loss: 0.7279
Iter 1631/2000 - Loss: 0.7279
Iter 1632/2000 - Loss: 0.7279
Iter 1633/2000 - Loss: 0.7279
Iter 1634/2000 - Loss: 0.7279
Iter 1635/2000 - Loss: 0.7279
Iter 1636/2000 - Loss: 0.7278
Iter 1637/2000 - Loss: 0.7278
Iter 1638/2000 - Loss: 0.7278
Iter 1639/2000 - Loss: 0.7278
Iter 1640/2000 - Loss: 0.7278
Iter 1641/2000 - Loss: 0.7278
Iter 1642/2000 - Loss: 0.7278
Iter 1643/2000 - Loss: 0.7278
Iter 1644/2000 - Loss: 0.7278
Iter 1645/2000 - Loss: 0.7278
Iter 1646/2000 - Loss: 0.7278
Iter 1647/2000 - Loss: 0.7278
Iter 1648/2000 - Loss: 0.7278
Iter 1649/2000 - Loss: 0.7278
Iter 1650/2000 - Loss: 0.7278
Iter 1651/2000 - Loss: 0.7278
Iter 1652/2000 - Loss: 0.7278
Iter 1653/2000 - Loss: 0.7278
Iter 1654/2000 - Loss: 0.7278
Iter 1655/2000 - Loss: 0.7278
Iter 1656/2000 - Loss: 0.7278
Iter 1657/2000 - Loss: 0.7278
Iter 1658/2000 - Loss: 0.7278
Iter 1659/2000 - Loss: 0.7278
Iter 1660/2000 - Loss: 0.7278
Iter 1661/2000 - Loss: 0.7278
Iter 1662/2000 - Loss: 0.7278
Iter 1663/2000 - Loss: 0.7278
Iter 1664/2000 - Loss: 0.7278
Iter 1665/2000 - Loss: 0.7278
Iter 1666/2000 - Loss: 0.7277
Iter 1667/2000 - Loss: 0.7277
Iter 1668/2000 - Loss: 0.7277
Iter 1669/2000 - Loss: 0.7277
Iter 1670/2000 - Loss: 0.7277
Iter 1671/2000 - Loss: 0.7277
Iter 1672/2000 - Loss: 0.7277
Iter 1673/2000 - Loss: 0.7277
Iter 1674/2000 - Loss: 0.7277
Iter 1675/2000 - Loss: 0.7277
Iter 1676/2000 - Loss: 0.7277
Iter 1677/2000 - Loss: 0.7277
Iter 1678/2000 - Loss: 0.7277
Iter 1679/2000 - Loss: 0.7277
Iter 1680/2000 - Loss: 0.7277
Iter 1681/2000 - Loss: 0.7277
Iter 1682/2000 - Loss: 0.7277
Iter 1683/2000 - Loss: 0.7277
Iter 1684/2000 - Loss: 0.7277
Iter 1685/2000 - Loss: 0.7277
Iter 1686/2000 - Loss: 0.7277
Iter 1687/2000 - Loss: 0.7277
Iter 1688/2000 - Loss: 0.7277
Iter 1689/2000 - Loss: 0.7277
Iter 1690/2000 - Loss: 0.7277
Iter 1691/2000 - Loss: 0.7277
Iter 1692/2000 - Loss: 0.7277
Iter 1693/2000 - Loss: 0.7277
Iter 1694/2000 - Loss: 0.7277
Iter 1695/2000 - Loss: 0.7277
Iter 1696/2000 - Loss: 0.7277
Iter 1697/2000 - Loss: 0.7277
Iter 1698/2000 - Loss: 0.7277
Iter 1699/2000 - Loss: 0.7277
Iter 1700/2000 - Loss: 0.7277
Iter 1701/2000 - Loss: 0.7276
Iter 1702/2000 - Loss: 0.7276
Iter 1703/2000 - Loss: 0.7276
Iter 1704/2000 - Loss: 0.7276
Iter 1705/2000 - Loss: 0.7276
Iter 1706/2000 - Loss: 0.7276
Iter 1707/2000 - Loss: 0.7276
Iter 1708/2000 - Loss: 0.7276
Iter 1709/2000 - Loss: 0.7276
Iter 1710/2000 - Loss: 0.7276
Iter 1711/2000 - Loss: 0.7276
Iter 1712/2000 - Loss: 0.7276
Iter 1713/2000 - Loss: 0.7276
Iter 1714/2000 - Loss: 0.7276
Iter 1715/2000 - Loss: 0.7276
Iter 1716/2000 - Loss: 0.7276
Iter 1717/2000 - Loss: 0.7276
Iter 1718/2000 - Loss: 0.7276
Iter 1719/2000 - Loss: 0.7276
Iter 1720/2000 - Loss: 0.7276
Iter 1721/2000 - Loss: 0.7276
Iter 1722/2000 - Loss: 0.7276
Iter 1723/2000 - Loss: 0.7276
Iter 1724/2000 - Loss: 0.7276
Iter 1725/2000 - Loss: 0.7276
Iter 1726/2000 - Loss: 0.7276
Iter 1727/2000 - Loss: 0.7276
Iter 1728/2000 - Loss: 0.7276
Iter 1729/2000 - Loss: 0.7276
Iter 1730/2000 - Loss: 0.7276
Iter 1731/2000 - Loss: 0.7276
Iter 1732/2000 - Loss: 0.7276
Iter 1733/2000 - Loss: 0.7276
Iter 1734/2000 - Loss: 0.7276
Iter 1735/2000 - Loss: 0.7276
Iter 1736/2000 - Loss: 0.7276
Iter 1737/2000 - Loss: 0.7276
Iter 1738/2000 - Loss: 0.7276
Iter 1739/2000 - Loss: 0.7275
Iter 1740/2000 - Loss: 0.7275
Iter 1741/2000 - Loss: 0.7275
Iter 1742/2000 - Loss: 0.7275
Iter 1743/2000 - Loss: 0.7275
Iter 1744/2000 - Loss: 0.7275
Iter 1745/2000 - Loss: 0.7275
Iter 1746/2000 - Loss: 0.7275
Iter 1747/2000 - Loss: 0.7275
Iter 1748/2000 - Loss: 0.7275
Iter 1749/2000 - Loss: 0.7275
Iter 1750/2000 - Loss: 0.7275
Iter 1751/2000 - Loss: 0.7275
Iter 1752/2000 - Loss: 0.7275
Iter 1753/2000 - Loss: 0.7275
Iter 1754/2000 - Loss: 0.7275
Iter 1755/2000 - Loss: 0.7275
Iter 1756/2000 - Loss: 0.7275
Iter 1757/2000 - Loss: 0.7275
Iter 1758/2000 - Loss: 0.7275
Iter 1759/2000 - Loss: 0.7275
Iter 1760/2000 - Loss: 0.7275
Iter 1761/2000 - Loss: 0.7275
Iter 1762/2000 - Loss: 0.7275
Iter 1763/2000 - Loss: 0.7275
Iter 1764/2000 - Loss: 0.7275
Iter 1765/2000 - Loss: 0.7275
Iter 1766/2000 - Loss: 0.7275
Iter 1767/2000 - Loss: 0.7275
Iter 1768/2000 - Loss: 0.7275
Iter 1769/2000 - Loss: 0.7275
Iter 1770/2000 - Loss: 0.7275
Iter 1771/2000 - Loss: 0.7275
Iter 1772/2000 - Loss: 0.7275
Iter 1773/2000 - Loss: 0.7275
Iter 1774/2000 - Loss: 0.7275
Iter 1775/2000 - Loss: 0.7275
Iter 1776/2000 - Loss: 0.7275
Iter 1777/2000 - Loss: 0.7275
Iter 1778/2000 - Loss: 0.7275
Iter 1779/2000 - Loss: 0.7275
Iter 1780/2000 - Loss: 0.7275
Iter 1781/2000 - Loss: 0.7274
Iter 1782/2000 - Loss: 0.7274
Iter 1783/2000 - Loss: 0.7274
Iter 1784/2000 - Loss: 0.7274
Iter 1785/2000 - Loss: 0.7274
Iter 1786/2000 - Loss: 0.7274
Iter 1787/2000 - Loss: 0.7274
Iter 1788/2000 - Loss: 0.7274
Iter 1789/2000 - Loss: 0.7274
Iter 1790/2000 - Loss: 0.7274
Iter 1791/2000 - Loss: 0.7274
Iter 1792/2000 - Loss: 0.7274
Iter 1793/2000 - Loss: 0.7274
Iter 1794/2000 - Loss: 0.7274
Iter 1795/2000 - Loss: 0.7274
Iter 1796/2000 - Loss: 0.7274
Iter 1797/2000 - Loss: 0.7274
Iter 1798/2000 - Loss: 0.7274
Iter 1799/2000 - Loss: 0.7274
Iter 1800/2000 - Loss: 0.7274
Iter 1801/2000 - Loss: 0.7274
Iter 1802/2000 - Loss: 0.7274
Iter 1803/2000 - Loss: 0.7274
Iter 1804/2000 - Loss: 0.7274
Iter 1805/2000 - Loss: 0.7274
Iter 1806/2000 - Loss: 0.7274
Iter 1807/2000 - Loss: 0.7274
Iter 1808/2000 - Loss: 0.7274
Iter 1809/2000 - Loss: 0.7274
Iter 1810/2000 - Loss: 0.7274
Iter 1811/2000 - Loss: 0.7274
Iter 1812/2000 - Loss: 0.7274
Iter 1813/2000 - Loss: 0.7274
Iter 1814/2000 - Loss: 0.7274
Iter 1815/2000 - Loss: 0.7274
Iter 1816/2000 - Loss: 0.7274
Iter 1817/2000 - Loss: 0.7274
Iter 1818/2000 - Loss: 0.7274
Iter 1819/2000 - Loss: 0.7274
Iter 1820/2000 - Loss: 0.7274
Iter 1821/2000 - Loss: 0.7274
Iter 1822/2000 - Loss: 0.7274
Iter 1823/2000 - Loss: 0.7274
Iter 1824/2000 - Loss: 0.7274
Iter 1825/2000 - Loss: 0.7274
Iter 1826/2000 - Loss: 0.7273
Iter 1827/2000 - Loss: 0.7273
Iter 1828/2000 - Loss: 0.7273
Iter 1829/2000 - Loss: 0.7273
Iter 1830/2000 - Loss: 0.7273
Iter 1831/2000 - Loss: 0.7273
Iter 1832/2000 - Loss: 0.7273
Iter 1833/2000 - Loss: 0.7273
Iter 1834/2000 - Loss: 0.7273
Iter 1835/2000 - Loss: 0.7273
Iter 1836/2000 - Loss: 0.7273
Iter 1837/2000 - Loss: 0.7273
Iter 1838/2000 - Loss: 0.7273
Iter 1839/2000 - Loss: 0.7273
Iter 1840/2000 - Loss: 0.7273
Iter 1841/2000 - Loss: 0.7273
Iter 1842/2000 - Loss: 0.7273
Iter 1843/2000 - Loss: 0.7273
Iter 1844/2000 - Loss: 0.7273
Iter 1845/2000 - Loss: 0.7273
Iter 1846/2000 - Loss: 0.7273
Iter 1847/2000 - Loss: 0.7273
Iter 1848/2000 - Loss: 0.7273
Iter 1849/2000 - Loss: 0.7273
Iter 1850/2000 - Loss: 0.7273
Iter 1851/2000 - Loss: 0.7273
Iter 1852/2000 - Loss: 0.7273
Iter 1853/2000 - Loss: 0.7273
Iter 1854/2000 - Loss: 0.7273
Iter 1855/2000 - Loss: 0.7273
Iter 1856/2000 - Loss: 0.7273
Iter 1857/2000 - Loss: 0.7273
Iter 1858/2000 - Loss: 0.7273
Iter 1859/2000 - Loss: 0.7273
Iter 1860/2000 - Loss: 0.7273
Iter 1861/2000 - Loss: 0.7273
Iter 1862/2000 - Loss: 0.7273
Iter 1863/2000 - Loss: 0.7273
Iter 1864/2000 - Loss: 0.7273
Iter 1865/2000 - Loss: 0.7273
Iter 1866/2000 - Loss: 0.7273
Iter 1867/2000 - Loss: 0.7273
Iter 1868/2000 - Loss: 0.7273
Iter 1869/2000 - Loss: 0.7273
Iter 1870/2000 - Loss: 0.7273
Iter 1871/2000 - Loss: 0.7273
Iter 1872/2000 - Loss: 0.7273
Iter 1873/2000 - Loss: 0.7273
Iter 1874/2000 - Loss: 0.7272
Iter 1875/2000 - Loss: 0.7272
Iter 1876/2000 - Loss: 0.7272
Iter 1877/2000 - Loss: 0.7272
Iter 1878/2000 - Loss: 0.7272
Iter 1879/2000 - Loss: 0.7272
Iter 1880/2000 - Loss: 0.7272
Iter 1881/2000 - Loss: 0.7272
Iter 1882/2000 - Loss: 0.7272
Iter 1883/2000 - Loss: 0.7272
Iter 1884/2000 - Loss: 0.7272
Iter 1885/2000 - Loss: 0.7272
Iter 1886/2000 - Loss: 0.7272
Iter 1887/2000 - Loss: 0.7272
Iter 1888/2000 - Loss: 0.7272
Iter 1889/2000 - Loss: 0.7272
Iter 1890/2000 - Loss: 0.7272
Iter 1891/2000 - Loss: 0.7272
Iter 1892/2000 - Loss: 0.7272
Iter 1893/2000 - Loss: 0.7272
Iter 1894/2000 - Loss: 0.7272
Iter 1895/2000 - Loss: 0.7272
Iter 1896/2000 - Loss: 0.7272
Iter 1897/2000 - Loss: 0.7272
Iter 1898/2000 - Loss: 0.7272
Iter 1899/2000 - Loss: 0.7272
Iter 1900/2000 - Loss: 0.7272
Iter 1901/2000 - Loss: 0.7272
Iter 1902/2000 - Loss: 0.7272
Iter 1903/2000 - Loss: 0.7272
Iter 1904/2000 - Loss: 0.7272
Iter 1905/2000 - Loss: 0.7272
Iter 1906/2000 - Loss: 0.7272
Iter 1907/2000 - Loss: 0.7272
Iter 1908/2000 - Loss: 0.7272
Iter 1909/2000 - Loss: 0.7272
Iter 1910/2000 - Loss: 0.7272
Iter 1911/2000 - Loss: 0.7272
Iter 1912/2000 - Loss: 0.7272
Iter 1913/2000 - Loss: 0.7272
Iter 1914/2000 - Loss: 0.7272
Iter 1915/2000 - Loss: 0.7272
Iter 1916/2000 - Loss: 0.7272
Iter 1917/2000 - Loss: 0.7272
Iter 1918/2000 - Loss: 0.7272
Iter 1919/2000 - Loss: 0.7272
Iter 1920/2000 - Loss: 0.7272
Iter 1921/2000 - Loss: 0.7272
Iter 1922/2000 - Loss: 0.7272
Iter 1923/2000 - Loss: 0.7271
Iter 1924/2000 - Loss: 0.7271
Iter 1925/2000 - Loss: 0.7271
Iter 1926/2000 - Loss: 0.7271
Iter 1927/2000 - Loss: 0.7271
Iter 1928/2000 - Loss: 0.7271
Iter 1929/2000 - Loss: 0.7271
Iter 1930/2000 - Loss: 0.7271
Iter 1931/2000 - Loss: 0.7271
Iter 1932/2000 - Loss: 0.7271
Iter 1933/2000 - Loss: 0.7271
Iter 1934/2000 - Loss: 0.7271
Iter 1935/2000 - Loss: 0.7271
Iter 1936/2000 - Loss: 0.7271
Iter 1937/2000 - Loss: 0.7271
Iter 1938/2000 - Loss: 0.7271
Iter 1939/2000 - Loss: 0.7271
Iter 1940/2000 - Loss: 0.7271
Iter 1941/2000 - Loss: 0.7271
Iter 1942/2000 - Loss: 0.7271
Iter 1943/2000 - Loss: 0.7271
Iter 1944/2000 - Loss: 0.7271
Iter 1945/2000 - Loss: 0.7271
Iter 1946/2000 - Loss: 0.7271
Iter 1947/2000 - Loss: 0.7271
Iter 1948/2000 - Loss: 0.7271
Iter 1949/2000 - Loss: 0.7271
Iter 1950/2000 - Loss: 0.7271
Iter 1951/2000 - Loss: 0.7271
Iter 1952/2000 - Loss: 0.7271
Iter 1953/2000 - Loss: 0.7271
Iter 1954/2000 - Loss: 0.7271
Iter 1955/2000 - Loss: 0.7271
Iter 1956/2000 - Loss: 0.7271
Iter 1957/2000 - Loss: 0.7271
Iter 1958/2000 - Loss: 0.7271
Iter 1959/2000 - Loss: 0.7271
Iter 1960/2000 - Loss: 0.7271
Iter 1961/2000 - Loss: 0.7271
Iter 1962/2000 - Loss: 0.7271
Iter 1963/2000 - Loss: 0.7271
Iter 1964/2000 - Loss: 0.7271
Iter 1965/2000 - Loss: 0.7271
Iter 1966/2000 - Loss: 0.7271
Iter 1967/2000 - Loss: 0.7271
Iter 1968/2000 - Loss: 0.7271
Iter 1969/2000 - Loss: 0.7271
Iter 1970/2000 - Loss: 0.7271
Iter 1971/2000 - Loss: 0.7271
Iter 1972/2000 - Loss: 0.7271
Iter 1973/2000 - Loss: 0.7270
Iter 1974/2000 - Loss: 0.7270
Iter 1975/2000 - Loss: 0.7270
Iter 1976/2000 - Loss: 0.7270
Iter 1977/2000 - Loss: 0.7270
Iter 1978/2000 - Loss: 0.7270
Iter 1979/2000 - Loss: 0.7270
Iter 1980/2000 - Loss: 0.7270
Iter 1981/2000 - Loss: 0.7270
Iter 1982/2000 - Loss: 0.7270
Iter 1983/2000 - Loss: 0.7270
Iter 1984/2000 - Loss: 0.7270
Iter 1985/2000 - Loss: 0.7270
Iter 1986/2000 - Loss: 0.7270
Iter 1987/2000 - Loss: 0.7270
Iter 1988/2000 - Loss: 0.7270
Iter 1989/2000 - Loss: 0.7270
Iter 1990/2000 - Loss: 0.7270
Iter 1991/2000 - Loss: 0.7270
Iter 1992/2000 - Loss: 0.7270
Iter 1993/2000 - Loss: 0.7270
Iter 1994/2000 - Loss: 0.7270
Iter 1995/2000 - Loss: 0.7270
Iter 1996/2000 - Loss: 0.7270
Iter 1997/2000 - Loss: 0.7270
Iter 1998/2000 - Loss: 0.7270
Iter 1999/2000 - Loss: 0.7270
Iter 2000/2000 - Loss: 0.7270
OrderedDict([('likelihood.raw_task_noises', tensor([-3.6026, -4.0461, -4.8710, -3.4887, -6.7520, -3.9850, -1.8925, -2.8415])), ('likelihood.raw_task_noises_constraint.lower_bound', tensor(1.0000e-04)), ('likelihood.raw_task_noises_constraint.upper_bound', tensor(inf)), ('mean_module.base_means.0.weights', tensor([[-1.3081],
        [-0.0825],
        [ 0.4315],
        [ 0.6717],
        [ 0.5229],
        [-2.4119],
        [ 0.2397]])), ('mean_module.base_means.0.bias', tensor([1.1067])), ('mean_module.base_means.1.weights', tensor([[-0.0086],
        [-0.1783],
        [ 0.4440],
        [ 2.3572],
        [ 0.3618],
        [-0.8025],
        [-0.0923]])), ('mean_module.base_means.1.bias', tensor([-0.8860])), ('mean_module.base_means.2.weights', tensor([[ 0.2846],
        [-0.1568],
        [-1.0982],
        [-1.2523],
        [-0.3675],
        [ 1.5318],
        [ 0.1978]])), ('mean_module.base_means.2.bias', tensor([0.4401])), ('mean_module.base_means.3.weights', tensor([[-0.3745],
        [ 0.1738],
        [-0.6365],
        [-0.1395],
        [-0.5921],
        [ 0.3302],
        [ 1.8759]])), ('mean_module.base_means.3.bias', tensor([0.0671])), ('mean_module.base_means.4.weights', tensor([[ 1.2068],
        [ 0.5165],
        [ 1.5567],
        [ 1.9897],
        [ 0.0031],
        [ 0.3500],
        [-0.2294]])), ('mean_module.base_means.4.bias', tensor([-2.7268])), ('mean_module.base_means.5.weights', tensor([[ 0.2907],
        [-0.0031],
        [ 2.9551],
        [ 0.0524],
        [ 0.1171],
        [-1.9430],
        [-0.7968]])), ('mean_module.base_means.5.bias', tensor([-0.6476])), ('mean_module.base_means.6.weights', tensor([[ 0.0161],
        [ 0.6107],
        [-0.7732],
        [-1.0317],
        [ 0.0788],
        [ 0.7057],
        [ 1.4959]])), ('mean_module.base_means.6.bias', tensor([-0.1077])), ('mean_module.base_means.7.weights', tensor([[ 0.9961],
        [ 0.3069],
        [-1.1857],
        [-2.2214],
        [ 0.3316],
        [ 0.9473],
        [ 1.0191]])), ('mean_module.base_means.7.bias', tensor([0.2435])), ('covar_module.task_covar_module.covar_factor', tensor([[-0.3565],
        [-0.4283],
        [ 1.0546],
        [ 0.5269],
        [-1.0014],
        [ 0.1964],
        [ 0.2535],
        [ 0.2101]])), ('covar_module.task_covar_module.raw_var', tensor([-0.5275, -0.3178, -2.6495,  0.0892, -3.5782, -0.9673,  0.1610, -0.4825])), ('covar_module.task_covar_module.raw_var_constraint.lower_bound', tensor(0.)), ('covar_module.task_covar_module.raw_var_constraint.upper_bound', tensor(inf)), ('covar_module.data_covar_module.raw_mixture_weights', tensor([-0.9449, -0.9449, -1.0937])), ('covar_module.data_covar_module.raw_mixture_means', tensor([[[-0.8184, -1.4893, -0.7272, -1.1382, -1.5412, -0.7620, -1.3814]],

        [[-0.8184, -1.4893, -0.7272, -1.1382, -1.5412, -0.7620, -1.3814]],

        [[-0.8540, -1.2652, -0.7281, -1.1810, -1.1146, -0.7553, -1.3621]]])), ('covar_module.data_covar_module.raw_mixture_scales', tensor([[[-0.6136, -1.1970, -2.6979,  0.1021, -1.1699, -1.2006, -0.5839]],

        [[-0.6136, -1.1970, -2.6979,  0.1021, -1.1699, -1.2006, -0.5839]],

        [[-0.5690,  0.8231, -2.6653, -1.3895,  0.8751, -1.1986, -0.5733]]])), ('covar_module.data_covar_module.raw_mixture_scales_constraint.lower_bound', tensor(0.)), ('covar_module.data_covar_module.raw_mixture_scales_constraint.upper_bound', tensor(inf)), ('covar_module.data_covar_module.raw_mixture_means_constraint.lower_bound', tensor(0.)), ('covar_module.data_covar_module.raw_mixture_means_constraint.upper_bound', tensor(inf)), ('covar_module.data_covar_module.raw_mixture_weights_constraint.lower_bound', tensor(0.)), ('covar_module.data_covar_module.raw_mixture_weights_constraint.upper_bound', tensor(inf))])
loading emulator from /oak/stanford/orgs/kipac/users/delon/aemulusnu_massfunction/GP_loBox89_1400.pkl
[2.186702614713332, -0.3753466354804935, 0.9333268050760766, -0.03195523793052736, 0.4439776932415972, 0.22673194654771575, 1.212339990991397, 0.004057165601292073]
[2.186702614713332, -0.3753466354804935, 0.9333268050760766, -0.03195523793052736, 0.4439776932415972, 0.22673194654771575, 1.212339990991397, 0.004057165601292073]
[2.186702614713332, -0.3753466354804935, 0.9333268050760766, -0.03195523793052736, 0.4439776932415972, 0.22673194654771575, 1.212339990991397, 0.004057165601292073]
[2.186702614713332, -0.3753466354804935, 0.9333268050760766, -0.03195523793052736, 0.4439776932415972, 0.22673194654771575, 1.212339990991397, 0.004057165601292073]
[2.186702614713332, -0.3753466354804935, 0.9333268050760766, -0.03195523793052736, 0.4439776932415972, 0.22673194654771575, 1.212339990991397, 0.004057165601292073]
[2.186702614713332, -0.3753466354804935, 0.9333268050760766, -0.03195523793052736, 0.4439776932415972, 0.22673194654771575, 1.212339990991397, 0.004057165601292073]
[2.186702614713332, -0.3753466354804935, 0.9333268050760766, -0.03195523793052736, 0.4439776932415972, 0.22673194654771575, 1.212339990991397, 0.004057165601292073]
[2.186702614713332, -0.3753466354804935, 0.9333268050760766, -0.03195523793052736, 0.4439776932415972, 0.22673194654771575, 1.212339990991397, 0.004057165601292073]
[2.186702614713332, -0.3753466354804935, 0.9333268050760766, -0.03195523793052736, 0.4439776932415972, 0.22673194654771575, 1.212339990991397, 0.004057165601292073]
[2.186702614713332, -0.3753466354804935, 0.9333268050760766, -0.03195523793052736, 0.4439776932415972, 0.22673194654771575, 1.212339990991397, 0.004057165601292073]
[2.186702614713332, -0.3753466354804935, 0.9333268050760766, -0.03195523793052736, 0.4439776932415972, 0.22673194654771575, 1.212339990991397, 0.004057165601292073]
[2.186702614713332, -0.3753466354804935, 0.9333268050760766, -0.03195523793052736, 0.4439776932415972, 0.22673194654771575, 1.212339990991397, 0.004057165601292073]
[2.186702614713332, -0.3753466354804935, 0.9333268050760766, -0.03195523793052736, 0.4439776932415972, 0.22673194654771575, 1.212339990991397, 0.004057165601292073]
[2.186702614713332, -0.3753466354804935, 0.9333268050760766, -0.03195523793052736, 0.4439776932415972, 0.22673194654771575, 1.212339990991397, 0.004057165601292073]
[2.186702614713332, -0.3753466354804935, 0.9333268050760766, -0.03195523793052736, 0.4439776932415972, 0.22673194654771575, 1.212339990991397, 0.004057165601292073]
