Leaving out Box_n50_35_1400
Box47_1400 2.3038301302700224
{'ns': 0.97000003, 'H0': 67.0, 'w0': -1.0, 'ombh2': 0.0223, 'omch2': 0.12, 'nu_mass_ev': 0.07071068, '10^9 As': 2.10100315}
(2234, 8)
(2234, 4)
scaling input
(2234, 8)
scaling output
(2234, 4)
Iter 1/500 - Loss: 2.0980
Iter 2/500 - Loss: 1.8393
Iter 3/500 - Loss: 1.6066
Iter 4/500 - Loss: 1.3977
Iter 5/500 - Loss: 1.2112
Iter 6/500 - Loss: 1.0492
Iter 7/500 - Loss: 0.9144
Iter 8/500 - Loss: 0.8083
Iter 9/500 - Loss: 0.7296
Iter 10/500 - Loss: 0.6737
Iter 11/500 - Loss: 0.6311
Iter 12/500 - Loss: 0.5917
Iter 13/500 - Loss: 0.5500
Iter 14/500 - Loss: 0.5055
Iter 15/500 - Loss: 0.4607
Iter 16/500 - Loss: 0.4164
Iter 17/500 - Loss: 0.3721
Iter 18/500 - Loss: 0.3262
Iter 19/500 - Loss: 0.2782
Iter 20/500 - Loss: 0.2286
Iter 21/500 - Loss: 0.1789
Iter 22/500 - Loss: 0.1303
Iter 23/500 - Loss: 0.0840
Iter 24/500 - Loss: 0.0403
Iter 25/500 - Loss: -0.0003
Iter 26/500 - Loss: -0.0380
Iter 27/500 - Loss: -0.0740
Iter 28/500 - Loss: -0.1098
Iter 29/500 - Loss: -0.1466
Iter 30/500 - Loss: -0.1849
Iter 31/500 - Loss: -0.2245
Iter 32/500 - Loss: -0.2648
Iter 33/500 - Loss: -0.3049
Iter 34/500 - Loss: -0.3435
Iter 35/500 - Loss: -0.3798
Iter 36/500 - Loss: -0.4132
Iter 37/500 - Loss: -0.4439
Iter 38/500 - Loss: -0.4732
Iter 39/500 - Loss: -0.5021
Iter 40/500 - Loss: -0.5315
Iter 41/500 - Loss: -0.5610
Iter 42/500 - Loss: -0.5900
Iter 43/500 - Loss: -0.6175
Iter 44/500 - Loss: -0.6433
Iter 45/500 - Loss: -0.6676
Iter 46/500 - Loss: -0.6909
Iter 47/500 - Loss: -0.7137
Iter 48/500 - Loss: -0.7363
Iter 49/500 - Loss: -0.7589
Iter 50/500 - Loss: -0.7814
Iter 51/500 - Loss: -0.8033
Iter 52/500 - Loss: -0.8243
Iter 53/500 - Loss: -0.8439
Iter 54/500 - Loss: -0.8619
Iter 55/500 - Loss: -0.8785
Iter 56/500 - Loss: -0.8943
Iter 57/500 - Loss: -0.9096
Iter 58/500 - Loss: -0.9245
Iter 59/500 - Loss: -0.9387
Iter 60/500 - Loss: -0.9520
Iter 61/500 - Loss: -0.9643
Iter 62/500 - Loss: -0.9762
Iter 63/500 - Loss: -0.9877
Iter 64/500 - Loss: -0.9991
Iter 65/500 - Loss: -1.0100
Iter 66/500 - Loss: -1.0204
Iter 67/500 - Loss: -1.0299
Iter 68/500 - Loss: -1.0386
Iter 69/500 - Loss: -1.0466
Iter 70/500 - Loss: -1.0541
Iter 71/500 - Loss: -1.0609
Iter 72/500 - Loss: -1.0670
Iter 73/500 - Loss: -1.0725
Iter 74/500 - Loss: -1.0772
Iter 75/500 - Loss: -1.0804
Iter 76/500 - Loss: -1.0835
Iter 77/500 - Loss: -1.0886
Iter 78/500 - Loss: -1.0904
Iter 79/500 - Loss: -1.0933
Iter 80/500 - Loss: -1.0963
Iter 81/500 - Loss: -1.0976
Iter 82/500 - Loss: -1.1006
Iter 83/500 - Loss: -1.1019
Iter 84/500 - Loss: -1.1041
Iter 85/500 - Loss: -1.1056
Iter 86/500 - Loss: -1.1070
Iter 87/500 - Loss: -1.1087
Iter 88/500 - Loss: -1.1096
Iter 89/500 - Loss: -1.1110
Iter 90/500 - Loss: -1.1115
Iter 91/500 - Loss: -1.1126
Iter 92/500 - Loss: -1.1131
Iter 93/500 - Loss: -1.1139
Iter 94/500 - Loss: -1.1142
Iter 95/500 - Loss: -1.1149
Iter 96/500 - Loss: -1.1151
Iter 97/500 - Loss: -1.1158
Iter 98/500 - Loss: -1.1161
Iter 99/500 - Loss: -1.1169
Iter 100/500 - Loss: -1.1176
Iter 101/500 - Loss: -1.1189
Iter 102/500 - Loss: -1.1207
Iter 103/500 - Loss: -1.1236
Iter 104/500 - Loss: -1.1276
Iter 105/500 - Loss: -1.1321
Iter 106/500 - Loss: -1.1364
Iter 107/500 - Loss: -1.1400
Iter 108/500 - Loss: -1.1435
Iter 109/500 - Loss: -1.1469
Iter 110/500 - Loss: -1.1503
Iter 111/500 - Loss: -1.1538
Iter 112/500 - Loss: -1.1573
Iter 113/500 - Loss: -1.1608
Iter 114/500 - Loss: -1.1640
Iter 115/500 - Loss: -1.1665
Iter 116/500 - Loss: -1.1685
Iter 117/500 - Loss: -1.1703
Iter 118/500 - Loss: -1.1717
Iter 119/500 - Loss: -1.1733
Iter 120/500 - Loss: -1.1748
Iter 121/500 - Loss: -1.1765
Iter 122/500 - Loss: -1.1780
Iter 123/500 - Loss: -1.1794
Iter 124/500 - Loss: -1.1806
Iter 125/500 - Loss: -1.1819
Iter 126/500 - Loss: -1.1833
Iter 127/500 - Loss: -1.1848
Iter 128/500 - Loss: -1.1865
Iter 129/500 - Loss: -1.1882
Iter 130/500 - Loss: -1.1900
Iter 131/500 - Loss: -1.1917
Iter 132/500 - Loss: -1.1935
Iter 133/500 - Loss: -1.1952
Iter 134/500 - Loss: -1.1968
Iter 135/500 - Loss: -1.1984
Iter 136/500 - Loss: -1.2000
Iter 137/500 - Loss: -1.2014
Iter 138/500 - Loss: -1.2028
Iter 139/500 - Loss: -1.2041
Iter 140/500 - Loss: -1.2053
Iter 141/500 - Loss: -1.2063
Iter 142/500 - Loss: -1.2073
Iter 143/500 - Loss: -1.2081
Iter 144/500 - Loss: -1.2089
Iter 145/500 - Loss: -1.2096
Iter 146/500 - Loss: -1.2103
Iter 147/500 - Loss: -1.2108
Iter 148/500 - Loss: -1.2113
Iter 149/500 - Loss: -1.2118
Iter 150/500 - Loss: -1.2122
Iter 151/500 - Loss: -1.2125
Iter 152/500 - Loss: -1.2129
Iter 153/500 - Loss: -1.2132
Iter 154/500 - Loss: -1.2135
Iter 155/500 - Loss: -1.2138
Iter 156/500 - Loss: -1.2141
Iter 157/500 - Loss: -1.2144
Iter 158/500 - Loss: -1.2146
Iter 159/500 - Loss: -1.2149
Iter 160/500 - Loss: -1.2152
Iter 161/500 - Loss: -1.2154
Iter 162/500 - Loss: -1.2157
Iter 163/500 - Loss: -1.2160
Iter 164/500 - Loss: -1.2163
Iter 165/500 - Loss: -1.2166
Iter 166/500 - Loss: -1.2169
Iter 167/500 - Loss: -1.2172
Iter 168/500 - Loss: -1.2175
Iter 169/500 - Loss: -1.2178
Iter 170/500 - Loss: -1.2181
Iter 171/500 - Loss: -1.2184
Iter 172/500 - Loss: -1.2188
Iter 173/500 - Loss: -1.2191
Iter 174/500 - Loss: -1.2195
Iter 175/500 - Loss: -1.2198
Iter 176/500 - Loss: -1.2202
Iter 177/500 - Loss: -1.2205
Iter 178/500 - Loss: -1.2209
Iter 179/500 - Loss: -1.2212
Iter 180/500 - Loss: -1.2216
Iter 181/500 - Loss: -1.2220
Iter 182/500 - Loss: -1.2223
Iter 183/500 - Loss: -1.2227
Iter 184/500 - Loss: -1.2231
Iter 185/500 - Loss: -1.2235
Iter 186/500 - Loss: -1.2239
Iter 187/500 - Loss: -1.2244
Iter 188/500 - Loss: -1.2248
Iter 189/500 - Loss: -1.2253
Iter 190/500 - Loss: -1.2258
Iter 191/500 - Loss: -1.2264
Iter 192/500 - Loss: -1.2269
Iter 193/500 - Loss: -1.2275
Iter 194/500 - Loss: -1.2281
Iter 195/500 - Loss: -1.2288
Iter 196/500 - Loss: -1.2294
Iter 197/500 - Loss: -1.2301
Iter 198/500 - Loss: -1.2307
Iter 199/500 - Loss: -1.2315
Iter 200/500 - Loss: -1.2322
Iter 201/500 - Loss: -1.2330
Iter 202/500 - Loss: -1.2338
Iter 203/500 - Loss: -1.2347
Iter 204/500 - Loss: -1.2355
Iter 205/500 - Loss: -1.2364
Iter 206/500 - Loss: -1.2374
Iter 207/500 - Loss: -1.2383
Iter 208/500 - Loss: -1.2392
Iter 209/500 - Loss: -1.2401
Iter 210/500 - Loss: -1.2409
Iter 211/500 - Loss: -1.2417
Iter 212/500 - Loss: -1.2425
Iter 213/500 - Loss: -1.2432
Iter 214/500 - Loss: -1.2438
Iter 215/500 - Loss: -1.2444
Iter 216/500 - Loss: -1.2449
Iter 217/500 - Loss: -1.2454
Iter 218/500 - Loss: -1.2459
Iter 219/500 - Loss: -1.2463
Iter 220/500 - Loss: -1.2467
Iter 221/500 - Loss: -1.2471
Iter 222/500 - Loss: -1.2475
Iter 223/500 - Loss: -1.2478
Iter 224/500 - Loss: -1.2482
Iter 225/500 - Loss: -1.2485
Iter 226/500 - Loss: -1.2489
Iter 227/500 - Loss: -1.2492
Iter 228/500 - Loss: -1.2495
Iter 229/500 - Loss: -1.2499
Iter 230/500 - Loss: -1.2502
Iter 231/500 - Loss: -1.2505
Iter 232/500 - Loss: -1.2508
Iter 233/500 - Loss: -1.2511
Iter 234/500 - Loss: -1.2514
Iter 235/500 - Loss: -1.2517
Iter 236/500 - Loss: -1.2520
Iter 237/500 - Loss: -1.2523
Iter 238/500 - Loss: -1.2527
Iter 239/500 - Loss: -1.2529
Iter 240/500 - Loss: -1.2532
Iter 241/500 - Loss: -1.2535
Iter 242/500 - Loss: -1.2538
Iter 243/500 - Loss: -1.2541
Iter 244/500 - Loss: -1.2544
Iter 245/500 - Loss: -1.2548
Iter 246/500 - Loss: -1.2551
Iter 247/500 - Loss: -1.2554
Iter 248/500 - Loss: -1.2557
Iter 249/500 - Loss: -1.2561
Iter 250/500 - Loss: -1.2564
Iter 251/500 - Loss: -1.2567
Iter 252/500 - Loss: -1.2571
Iter 253/500 - Loss: -1.2575
Iter 254/500 - Loss: -1.2578
Iter 255/500 - Loss: -1.2582
Iter 256/500 - Loss: -1.2586
Iter 257/500 - Loss: -1.2589
Iter 258/500 - Loss: -1.2593
Iter 259/500 - Loss: -1.2597
Iter 260/500 - Loss: -1.2600
Iter 261/500 - Loss: -1.2604
Iter 262/500 - Loss: -1.2607
Iter 263/500 - Loss: -1.2611
Iter 264/500 - Loss: -1.2614
Iter 265/500 - Loss: -1.2618
Iter 266/500 - Loss: -1.2621
Iter 267/500 - Loss: -1.2625
Iter 268/500 - Loss: -1.2628
Iter 269/500 - Loss: -1.2632
Iter 270/500 - Loss: -1.2635
Iter 271/500 - Loss: -1.2639
Iter 272/500 - Loss: -1.2643
Iter 273/500 - Loss: -1.2646
Iter 274/500 - Loss: -1.2650
Iter 275/500 - Loss: -1.2654
Iter 276/500 - Loss: -1.2658
Iter 277/500 - Loss: -1.2662
Iter 278/500 - Loss: -1.2667
Iter 279/500 - Loss: -1.2672
Iter 280/500 - Loss: -1.2677
Iter 281/500 - Loss: -1.2683
Iter 282/500 - Loss: -1.2690
Iter 283/500 - Loss: -1.2698
Iter 284/500 - Loss: -1.2707
Iter 285/500 - Loss: -1.2718
Iter 286/500 - Loss: -1.2731
Iter 287/500 - Loss: -1.2747
Iter 288/500 - Loss: -1.2766
Iter 289/500 - Loss: -1.2787
Iter 290/500 - Loss: -1.2809
Iter 291/500 - Loss: -1.2829
Iter 292/500 - Loss: -1.2844
Iter 293/500 - Loss: -1.2856
Iter 294/500 - Loss: -1.2863
Iter 295/500 - Loss: -1.2868
Iter 296/500 - Loss: -1.2871
Iter 297/500 - Loss: -1.2873
Iter 298/500 - Loss: -1.2876
Iter 299/500 - Loss: -1.2880
Iter 300/500 - Loss: -1.2883
Iter 301/500 - Loss: -1.2887
Iter 302/500 - Loss: -1.2891
Iter 303/500 - Loss: -1.2894
Iter 304/500 - Loss: -1.2898
Iter 305/500 - Loss: -1.2901
Iter 306/500 - Loss: -1.2905
Iter 307/500 - Loss: -1.2908
Iter 308/500 - Loss: -1.2910
Iter 309/500 - Loss: -1.2913
Iter 310/500 - Loss: -1.2915
Iter 311/500 - Loss: -1.2917
Iter 312/500 - Loss: -1.2920
Iter 313/500 - Loss: -1.2922
Iter 314/500 - Loss: -1.2924
Iter 315/500 - Loss: -1.2926
Iter 316/500 - Loss: -1.2929
Iter 317/500 - Loss: -1.2931
Iter 318/500 - Loss: -1.2934
Iter 319/500 - Loss: -1.2936
Iter 320/500 - Loss: -1.2938
Iter 321/500 - Loss: -1.2941
Iter 322/500 - Loss: -1.2944
Iter 323/500 - Loss: -1.2947
Iter 324/500 - Loss: -1.2951
Iter 325/500 - Loss: -1.2955
Iter 326/500 - Loss: -1.2960
Iter 327/500 - Loss: -1.2966
Iter 328/500 - Loss: -1.2973
Iter 329/500 - Loss: -1.2979
Iter 330/500 - Loss: -1.2985
Iter 331/500 - Loss: -1.2990
Iter 332/500 - Loss: -1.2995
Iter 333/500 - Loss: -1.2998
Iter 334/500 - Loss: -1.3001
Iter 335/500 - Loss: -1.3003
Iter 336/500 - Loss: -1.3005
Iter 337/500 - Loss: -1.3008
Iter 338/500 - Loss: -1.3009
Iter 339/500 - Loss: -1.3011
Iter 340/500 - Loss: -1.3013
Iter 341/500 - Loss: -1.3015
Iter 342/500 - Loss: -1.3016
Iter 343/500 - Loss: -1.3018
Iter 344/500 - Loss: -1.3019
Iter 345/500 - Loss: -1.3020
Iter 346/500 - Loss: -1.3022
Iter 347/500 - Loss: -1.3023
Iter 348/500 - Loss: -1.3024
Iter 349/500 - Loss: -1.3025
Iter 350/500 - Loss: -1.3026
Iter 351/500 - Loss: -1.3027
Iter 352/500 - Loss: -1.3028
Iter 353/500 - Loss: -1.3029
Iter 354/500 - Loss: -1.3030
Iter 355/500 - Loss: -1.3031
Iter 356/500 - Loss: -1.3032
Iter 357/500 - Loss: -1.3032
Iter 358/500 - Loss: -1.3033
Iter 359/500 - Loss: -1.3034
Iter 360/500 - Loss: -1.3035
Iter 361/500 - Loss: -1.3036
Iter 362/500 - Loss: -1.3036
Iter 363/500 - Loss: -1.3037
Iter 364/500 - Loss: -1.3038
Iter 365/500 - Loss: -1.3039
Iter 366/500 - Loss: -1.3039
Iter 367/500 - Loss: -1.3040
Iter 368/500 - Loss: -1.3041
Iter 369/500 - Loss: -1.3041
Iter 370/500 - Loss: -1.3042
Iter 371/500 - Loss: -1.3043
Iter 372/500 - Loss: -1.3043
Iter 373/500 - Loss: -1.3044
Iter 374/500 - Loss: -1.3044
Iter 375/500 - Loss: -1.3045
Iter 376/500 - Loss: -1.3046
Iter 377/500 - Loss: -1.3046
Iter 378/500 - Loss: -1.3047
Iter 379/500 - Loss: -1.3047
Iter 380/500 - Loss: -1.3048
Iter 381/500 - Loss: -1.3048
Iter 382/500 - Loss: -1.3049
Iter 383/500 - Loss: -1.3049
Iter 384/500 - Loss: -1.3050
Iter 385/500 - Loss: -1.3050
Iter 386/500 - Loss: -1.3051
Iter 387/500 - Loss: -1.3051
Iter 388/500 - Loss: -1.3052
Iter 389/500 - Loss: -1.3052
Iter 390/500 - Loss: -1.3053
Iter 391/500 - Loss: -1.3053
Iter 392/500 - Loss: -1.3054
Iter 393/500 - Loss: -1.3054
Iter 394/500 - Loss: -1.3055
Iter 395/500 - Loss: -1.3055
Iter 396/500 - Loss: -1.3056
Iter 397/500 - Loss: -1.3056
Iter 398/500 - Loss: -1.3057
Iter 399/500 - Loss: -1.3057
Iter 400/500 - Loss: -1.3058
Iter 401/500 - Loss: -1.3058
Iter 402/500 - Loss: -1.3059
Iter 403/500 - Loss: -1.3059
Iter 404/500 - Loss: -1.3059
Iter 405/500 - Loss: -1.3060
Iter 406/500 - Loss: -1.3060
Iter 407/500 - Loss: -1.3061
Iter 408/500 - Loss: -1.3061
Iter 409/500 - Loss: -1.3062
Iter 410/500 - Loss: -1.3062
Iter 411/500 - Loss: -1.3063
Iter 412/500 - Loss: -1.3063
Iter 413/500 - Loss: -1.3063
Iter 414/500 - Loss: -1.3064
Iter 415/500 - Loss: -1.3064
Iter 416/500 - Loss: -1.3064
Iter 417/500 - Loss: -1.3065
Iter 418/500 - Loss: -1.3065
Iter 419/500 - Loss: -1.3066
Iter 420/500 - Loss: -1.3066
Iter 421/500 - Loss: -1.3066
Iter 422/500 - Loss: -1.3067
Iter 423/500 - Loss: -1.3067
Iter 424/500 - Loss: -1.3067
Iter 425/500 - Loss: -1.3068
Iter 426/500 - Loss: -1.3068
Iter 427/500 - Loss: -1.3069
Iter 428/500 - Loss: -1.3069
Iter 429/500 - Loss: -1.3069
Iter 430/500 - Loss: -1.3070
Iter 431/500 - Loss: -1.3070
Iter 432/500 - Loss: -1.3070
Iter 433/500 - Loss: -1.3071
Iter 434/500 - Loss: -1.3071
Iter 435/500 - Loss: -1.3071
Iter 436/500 - Loss: -1.3072
Iter 437/500 - Loss: -1.3072
Iter 438/500 - Loss: -1.3072
Iter 439/500 - Loss: -1.3073
Iter 440/500 - Loss: -1.3073
Iter 441/500 - Loss: -1.3073
Iter 442/500 - Loss: -1.3074
Iter 443/500 - Loss: -1.3074
Iter 444/500 - Loss: -1.3074
Iter 445/500 - Loss: -1.3075
Iter 446/500 - Loss: -1.3075
Iter 447/500 - Loss: -1.3075
Iter 448/500 - Loss: -1.3076
Iter 449/500 - Loss: -1.3076
Iter 450/500 - Loss: -1.3076
Iter 451/500 - Loss: -1.3076
Iter 452/500 - Loss: -1.3077
Iter 453/500 - Loss: -1.3077
Iter 454/500 - Loss: -1.3077
Iter 455/500 - Loss: -1.3078
Iter 456/500 - Loss: -1.3078
Iter 457/500 - Loss: -1.3078
Iter 458/500 - Loss: -1.3079
Iter 459/500 - Loss: -1.3079
Iter 460/500 - Loss: -1.3079
Iter 461/500 - Loss: -1.3080
Iter 462/500 - Loss: -1.3080
Iter 463/500 - Loss: -1.3080
Iter 464/500 - Loss: -1.3080
Iter 465/500 - Loss: -1.3081
Iter 466/500 - Loss: -1.3081
Iter 467/500 - Loss: -1.3081
Iter 468/500 - Loss: -1.3081
Iter 469/500 - Loss: -1.3082
Iter 470/500 - Loss: -1.3082
Iter 471/500 - Loss: -1.3082
Iter 472/500 - Loss: -1.3083
Iter 473/500 - Loss: -1.3083
Iter 474/500 - Loss: -1.3083
Iter 475/500 - Loss: -1.3084
Iter 476/500 - Loss: -1.3084
Iter 477/500 - Loss: -1.3084
Iter 478/500 - Loss: -1.3084
Iter 479/500 - Loss: -1.3085
Iter 480/500 - Loss: -1.3085
Iter 481/500 - Loss: -1.3085
Iter 482/500 - Loss: -1.3085
Iter 483/500 - Loss: -1.3086
Iter 484/500 - Loss: -1.3086
Iter 485/500 - Loss: -1.3086
Iter 486/500 - Loss: -1.3087
Iter 487/500 - Loss: -1.3087
Iter 488/500 - Loss: -1.3087
Iter 489/500 - Loss: -1.3087
Iter 490/500 - Loss: -1.3088
Iter 491/500 - Loss: -1.3088
Iter 492/500 - Loss: -1.3088
Iter 493/500 - Loss: -1.3088
Iter 494/500 - Loss: -1.3089
Iter 495/500 - Loss: -1.3089
Iter 496/500 - Loss: -1.3089
Iter 497/500 - Loss: -1.3090
Iter 498/500 - Loss: -1.3090
Iter 499/500 - Loss: -1.3090
Iter 500/500 - Loss: -1.3090
OrderedDict([('likelihood.raw_task_noises', tensor([-6.2292, -8.4563, -7.7062, -9.5654])), ('likelihood.raw_task_noises_constraint.lower_bound', tensor(1.0000e-04)), ('likelihood.raw_task_noises_constraint.upper_bound', tensor(inf)), ('mean_module.base_means.0.weights', tensor([[-1.3413],
        [-0.3774],
        [-0.6736],
        [ 0.3086],
        [ 0.0604],
        [-0.8135],
        [ 1.8378],
        [-1.5657]])), ('mean_module.base_means.0.bias', tensor([1.6591])), ('mean_module.base_means.1.weights', tensor([[ 0.2772],
        [ 0.1698],
        [-0.2721],
        [-0.4152],
        [-0.3366],
        [ 1.0551],
        [-0.5043],
        [ 1.3081]])), ('mean_module.base_means.1.bias', tensor([-0.8699])), ('mean_module.base_means.2.weights', tensor([[ 0.7558],
        [ 0.0805],
        [ 0.6155],
        [ 0.6714],
        [-0.0355],
        [ 0.3701],
        [-0.4680],
        [ 2.3625]])), ('mean_module.base_means.2.bias', tensor([-2.0789])), ('mean_module.base_means.3.weights', tensor([[-0.3290],
        [-0.0092],
        [-1.3104],
        [-0.8586],
        [-0.0658],
        [ 1.3464],
        [-0.6281],
        [-0.9308]])), ('mean_module.base_means.3.bias', tensor([0.7982])), ('covar_module.task_covar_module.covar_factor', tensor([[ 0.4049],
        [ 0.6167],
        [-0.0148],
        [ 0.8642]])), ('covar_module.task_covar_module.raw_var', tensor([ 0.1122, -0.7304, -0.9988, -4.5684])), ('covar_module.task_covar_module.raw_var_constraint.lower_bound', tensor(0.)), ('covar_module.task_covar_module.raw_var_constraint.upper_bound', tensor(inf)), ('covar_module.data_covar_module.raw_mixture_weights', tensor([-0.5449, -0.5449, -3.0369])), ('covar_module.data_covar_module.raw_mixture_means', tensor([[[-2.1348, -2.5898, -1.9507, -1.4701, -2.4463, -1.0643, -2.6452,
          -1.8915]],

        [[-2.1348, -2.5898, -1.9507, -1.4701, -2.4463, -1.0643, -2.6452,
          -1.8915]],

        [[-0.7045, -3.0589, -1.1147, -0.1444, -2.7395, -0.2020, -1.2876,
          -1.5772]]])), ('covar_module.data_covar_module.raw_mixture_scales', tensor([[[-1.0803, -1.8431, -2.1843, -2.8499, -1.3928, -2.0397, -2.3680,
          -1.3139]],

        [[-1.0803, -1.8431, -2.1843, -2.8499, -1.3928, -2.0397, -2.3680,
          -1.3139]],

        [[ 9.9365, -2.9404, 10.8069,  8.4127, -2.4716, 13.2141, 13.5609,
           0.9875]]])), ('covar_module.data_covar_module.raw_mixture_scales_constraint.lower_bound', tensor(0.)), ('covar_module.data_covar_module.raw_mixture_scales_constraint.upper_bound', tensor(inf)), ('covar_module.data_covar_module.raw_mixture_means_constraint.lower_bound', tensor(0.)), ('covar_module.data_covar_module.raw_mixture_means_constraint.upper_bound', tensor(inf)), ('covar_module.data_covar_module.raw_mixture_weights_constraint.lower_bound', tensor(0.)), ('covar_module.data_covar_module.raw_mixture_weights_constraint.upper_bound', tensor(inf))])
