Leaving out Box99_1400
{'ns': 0.97000003, 'H0': 67.0, 'w0': -1.0, 'ombh2': 0.0223, 'omch2': 0.12, 'nu_mass_ev': 0.07071068, '10^9 As': 2.10100315}
(149, 7)
(149, 8)
scaling input
(149, 7)
scaling output
(149, 8)
Iter 1/1000 - Loss: 0.4785
Iter 2/1000 - Loss: 0.4666
Iter 3/1000 - Loss: 0.4547
Iter 4/1000 - Loss: 0.4428
Iter 5/1000 - Loss: 0.4310
Iter 6/1000 - Loss: 0.4191
Iter 7/1000 - Loss: 0.4074
Iter 8/1000 - Loss: 0.3956
Iter 9/1000 - Loss: 0.3838
Iter 10/1000 - Loss: 0.3721
Iter 11/1000 - Loss: 0.3603
Iter 12/1000 - Loss: 0.3485
Iter 13/1000 - Loss: 0.3367
Iter 14/1000 - Loss: 0.3249
Iter 15/1000 - Loss: 0.3132
Iter 16/1000 - Loss: 0.3013
Iter 17/1000 - Loss: 0.2895
Iter 18/1000 - Loss: 0.2776
Iter 19/1000 - Loss: 0.2657
Iter 20/1000 - Loss: 0.2538
Iter 21/1000 - Loss: 0.2419
Iter 22/1000 - Loss: 0.2299
Iter 23/1000 - Loss: 0.2179
Iter 24/1000 - Loss: 0.2059
Iter 25/1000 - Loss: 0.1939
Iter 26/1000 - Loss: 0.1819
Iter 27/1000 - Loss: 0.1698
Iter 28/1000 - Loss: 0.1577
Iter 29/1000 - Loss: 0.1457
Iter 30/1000 - Loss: 0.1335
Iter 31/1000 - Loss: 0.1214
Iter 32/1000 - Loss: 0.1092
Iter 33/1000 - Loss: 0.0970
Iter 34/1000 - Loss: 0.0848
Iter 35/1000 - Loss: 0.0725
Iter 36/1000 - Loss: 0.0602
Iter 37/1000 - Loss: 0.0480
Iter 38/1000 - Loss: 0.0356
Iter 39/1000 - Loss: 0.0233
Iter 40/1000 - Loss: 0.0109
Iter 41/1000 - Loss: -0.0015
Iter 42/1000 - Loss: -0.0140
Iter 43/1000 - Loss: -0.0264
Iter 44/1000 - Loss: -0.0389
Iter 45/1000 - Loss: -0.0514
Iter 46/1000 - Loss: -0.0640
Iter 47/1000 - Loss: -0.0765
Iter 48/1000 - Loss: -0.0891
Iter 49/1000 - Loss: -0.1017
Iter 50/1000 - Loss: -0.1144
Iter 51/1000 - Loss: -0.1270
Iter 52/1000 - Loss: -0.1397
Iter 53/1000 - Loss: -0.1524
Iter 54/1000 - Loss: -0.1651
Iter 55/1000 - Loss: -0.1778
Iter 56/1000 - Loss: -0.1905
Iter 57/1000 - Loss: -0.2032
Iter 58/1000 - Loss: -0.2160
Iter 59/1000 - Loss: -0.2287
Iter 60/1000 - Loss: -0.2414
Iter 61/1000 - Loss: -0.2542
Iter 62/1000 - Loss: -0.2669
Iter 63/1000 - Loss: -0.2796
Iter 64/1000 - Loss: -0.2924
Iter 65/1000 - Loss: -0.3050
Iter 66/1000 - Loss: -0.3177
Iter 67/1000 - Loss: -0.3304
Iter 68/1000 - Loss: -0.3431
Iter 69/1000 - Loss: -0.3557
Iter 70/1000 - Loss: -0.3683
Iter 71/1000 - Loss: -0.3809
Iter 72/1000 - Loss: -0.3934
Iter 73/1000 - Loss: -0.4060
Iter 74/1000 - Loss: -0.4184
Iter 75/1000 - Loss: -0.4309
Iter 76/1000 - Loss: -0.4433
Iter 77/1000 - Loss: -0.4557
Iter 78/1000 - Loss: -0.4681
Iter 79/1000 - Loss: -0.4805
Iter 80/1000 - Loss: -0.4928
Iter 81/1000 - Loss: -0.5050
Iter 82/1000 - Loss: -0.5173
Iter 83/1000 - Loss: -0.5295
Iter 84/1000 - Loss: -0.5416
Iter 85/1000 - Loss: -0.5538
Iter 86/1000 - Loss: -0.5659
Iter 87/1000 - Loss: -0.5780
Iter 88/1000 - Loss: -0.5901
Iter 89/1000 - Loss: -0.6021
Iter 90/1000 - Loss: -0.6141
Iter 91/1000 - Loss: -0.6261
Iter 92/1000 - Loss: -0.6381
Iter 93/1000 - Loss: -0.6501
Iter 94/1000 - Loss: -0.6621
Iter 95/1000 - Loss: -0.6741
Iter 96/1000 - Loss: -0.6861
Iter 97/1000 - Loss: -0.6980
Iter 98/1000 - Loss: -0.7101
Iter 99/1000 - Loss: -0.7221
Iter 100/1000 - Loss: -0.7341
Iter 101/1000 - Loss: -0.7461
Iter 102/1000 - Loss: -0.7581
Iter 103/1000 - Loss: -0.7702
Iter 104/1000 - Loss: -0.7822
Iter 105/1000 - Loss: -0.7943
Iter 106/1000 - Loss: -0.8064
Iter 107/1000 - Loss: -0.8184
Iter 108/1000 - Loss: -0.8306
Iter 109/1000 - Loss: -0.8427
Iter 110/1000 - Loss: -0.8548
Iter 111/1000 - Loss: -0.8670
Iter 112/1000 - Loss: -0.8791
Iter 113/1000 - Loss: -0.8913
Iter 114/1000 - Loss: -0.9035
Iter 115/1000 - Loss: -0.9157
Iter 116/1000 - Loss: -0.9280
Iter 117/1000 - Loss: -0.9402
Iter 118/1000 - Loss: -0.9525
Iter 119/1000 - Loss: -0.9648
Iter 120/1000 - Loss: -0.9771
Iter 121/1000 - Loss: -0.9895
Iter 122/1000 - Loss: -1.0018
Iter 123/1000 - Loss: -1.0142
Iter 124/1000 - Loss: -1.0266
Iter 125/1000 - Loss: -1.0390
Iter 126/1000 - Loss: -1.0514
Iter 127/1000 - Loss: -1.0639
Iter 128/1000 - Loss: -1.0763
Iter 129/1000 - Loss: -1.0887
Iter 130/1000 - Loss: -1.1011
Iter 131/1000 - Loss: -1.1135
Iter 132/1000 - Loss: -1.1259
Iter 133/1000 - Loss: -1.1382
Iter 134/1000 - Loss: -1.1504
Iter 135/1000 - Loss: -1.1626
Iter 136/1000 - Loss: -1.1747
Iter 137/1000 - Loss: -1.1867
Iter 138/1000 - Loss: -1.1986
Iter 139/1000 - Loss: -1.2104
Iter 140/1000 - Loss: -1.2221
Iter 141/1000 - Loss: -1.2336
Iter 142/1000 - Loss: -1.2451
Iter 143/1000 - Loss: -1.2564
Iter 144/1000 - Loss: -1.2674
Iter 145/1000 - Loss: -1.2784
Iter 146/1000 - Loss: -1.2893
Iter 147/1000 - Loss: -1.3000
Iter 148/1000 - Loss: -1.3105
Iter 149/1000 - Loss: -1.3209
Iter 150/1000 - Loss: -1.3312
Iter 151/1000 - Loss: -1.3413
Iter 152/1000 - Loss: -1.3513
Iter 153/1000 - Loss: -1.3612
Iter 154/1000 - Loss: -1.3709
Iter 155/1000 - Loss: -1.3806
Iter 156/1000 - Loss: -1.3901
Iter 157/1000 - Loss: -1.3995
Iter 158/1000 - Loss: -1.4088
Iter 159/1000 - Loss: -1.4180
Iter 160/1000 - Loss: -1.4271
Iter 161/1000 - Loss: -1.4362
Iter 162/1000 - Loss: -1.4451
Iter 163/1000 - Loss: -1.4539
Iter 164/1000 - Loss: -1.4627
Iter 165/1000 - Loss: -1.4714
Iter 166/1000 - Loss: -1.4801
Iter 167/1000 - Loss: -1.4887
Iter 168/1000 - Loss: -1.4972
Iter 169/1000 - Loss: -1.5057
Iter 170/1000 - Loss: -1.5141
Iter 171/1000 - Loss: -1.5225
Iter 172/1000 - Loss: -1.5309
Iter 173/1000 - Loss: -1.5392
Iter 174/1000 - Loss: -1.5475
Iter 175/1000 - Loss: -1.5559
Iter 176/1000 - Loss: -1.5642
Iter 177/1000 - Loss: -1.5725
Iter 178/1000 - Loss: -1.5807
Iter 179/1000 - Loss: -1.5889
Iter 180/1000 - Loss: -1.5971
Iter 181/1000 - Loss: -1.6051
Iter 182/1000 - Loss: -1.6132
Iter 183/1000 - Loss: -1.6212
Iter 184/1000 - Loss: -1.6291
Iter 185/1000 - Loss: -1.6369
Iter 186/1000 - Loss: -1.6447
Iter 187/1000 - Loss: -1.6524
Iter 188/1000 - Loss: -1.6600
Iter 189/1000 - Loss: -1.6676
Iter 190/1000 - Loss: -1.6751
Iter 191/1000 - Loss: -1.6825
Iter 192/1000 - Loss: -1.6899
Iter 193/1000 - Loss: -1.6973
Iter 194/1000 - Loss: -1.7046
Iter 195/1000 - Loss: -1.7119
Iter 196/1000 - Loss: -1.7191
Iter 197/1000 - Loss: -1.7263
Iter 198/1000 - Loss: -1.7335
Iter 199/1000 - Loss: -1.7405
Iter 200/1000 - Loss: -1.7476
Iter 201/1000 - Loss: -1.7546
Iter 202/1000 - Loss: -1.7615
Iter 203/1000 - Loss: -1.7683
Iter 204/1000 - Loss: -1.7751
Iter 205/1000 - Loss: -1.7819
Iter 206/1000 - Loss: -1.7885
Iter 207/1000 - Loss: -1.7951
Iter 208/1000 - Loss: -1.8017
Iter 209/1000 - Loss: -1.8082
Iter 210/1000 - Loss: -1.8146
Iter 211/1000 - Loss: -1.8210
Iter 212/1000 - Loss: -1.8273
Iter 213/1000 - Loss: -1.8335
Iter 214/1000 - Loss: -1.8397
Iter 215/1000 - Loss: -1.8458
Iter 216/1000 - Loss: -1.8519
Iter 217/1000 - Loss: -1.8579
Iter 218/1000 - Loss: -1.8638
Iter 219/1000 - Loss: -1.8697
Iter 220/1000 - Loss: -1.8756
Iter 221/1000 - Loss: -1.8813
Iter 222/1000 - Loss: -1.8870
Iter 223/1000 - Loss: -1.8927
Iter 224/1000 - Loss: -1.8982
Iter 225/1000 - Loss: -1.9038
Iter 226/1000 - Loss: -1.9092
Iter 227/1000 - Loss: -1.9147
Iter 228/1000 - Loss: -1.9200
Iter 229/1000 - Loss: -1.9253
Iter 230/1000 - Loss: -1.9306
Iter 231/1000 - Loss: -1.9358
Iter 232/1000 - Loss: -1.9409
Iter 233/1000 - Loss: -1.9460
Iter 234/1000 - Loss: -1.9510
Iter 235/1000 - Loss: -1.9560
Iter 236/1000 - Loss: -1.9609
Iter 237/1000 - Loss: -1.9658
Iter 238/1000 - Loss: -1.9706
Iter 239/1000 - Loss: -1.9754
Iter 240/1000 - Loss: -1.9801
Iter 241/1000 - Loss: -1.9848
Iter 242/1000 - Loss: -1.9894
Iter 243/1000 - Loss: -1.9940
Iter 244/1000 - Loss: -1.9985
Iter 245/1000 - Loss: -2.0030
Iter 246/1000 - Loss: -2.0074
Iter 247/1000 - Loss: -2.0119
Iter 248/1000 - Loss: -2.0162
Iter 249/1000 - Loss: -2.0205
Iter 250/1000 - Loss: -2.0248
Iter 251/1000 - Loss: -2.0290
Iter 252/1000 - Loss: -2.0332
Iter 253/1000 - Loss: -2.0374
Iter 254/1000 - Loss: -2.0415
Iter 255/1000 - Loss: -2.0455
Iter 256/1000 - Loss: -2.0496
Iter 257/1000 - Loss: -2.0536
Iter 258/1000 - Loss: -2.0575
Iter 259/1000 - Loss: -2.0615
Iter 260/1000 - Loss: -2.0653
Iter 261/1000 - Loss: -2.0692
Iter 262/1000 - Loss: -2.0730
Iter 263/1000 - Loss: -2.0769
Iter 264/1000 - Loss: -2.0806
Iter 265/1000 - Loss: -2.0844
Iter 266/1000 - Loss: -2.0881
Iter 267/1000 - Loss: -2.0917
Iter 268/1000 - Loss: -2.0954
Iter 269/1000 - Loss: -2.0990
Iter 270/1000 - Loss: -2.1026
Iter 271/1000 - Loss: -2.1062
Iter 272/1000 - Loss: -2.1097
Iter 273/1000 - Loss: -2.1132
Iter 274/1000 - Loss: -2.1167
Iter 275/1000 - Loss: -2.1202
Iter 276/1000 - Loss: -2.1236
Iter 277/1000 - Loss: -2.1271
Iter 278/1000 - Loss: -2.1304
Iter 279/1000 - Loss: -2.1338
Iter 280/1000 - Loss: -2.1372
Iter 281/1000 - Loss: -2.1405
Iter 282/1000 - Loss: -2.1438
Iter 283/1000 - Loss: -2.1471
Iter 284/1000 - Loss: -2.1504
Iter 285/1000 - Loss: -2.1536
Iter 286/1000 - Loss: -2.1568
Iter 287/1000 - Loss: -2.1601
Iter 288/1000 - Loss: -2.1632
Iter 289/1000 - Loss: -2.1664
Iter 290/1000 - Loss: -2.1695
Iter 291/1000 - Loss: -2.1727
Iter 292/1000 - Loss: -2.1758
Iter 293/1000 - Loss: -2.1788
Iter 294/1000 - Loss: -2.1819
Iter 295/1000 - Loss: -2.1850
Iter 296/1000 - Loss: -2.1880
Iter 297/1000 - Loss: -2.1910
Iter 298/1000 - Loss: -2.1940
Iter 299/1000 - Loss: -2.1970
Iter 300/1000 - Loss: -2.1999
Iter 301/1000 - Loss: -2.2029
Iter 302/1000 - Loss: -2.2058
Iter 303/1000 - Loss: -2.2087
Iter 304/1000 - Loss: -2.2116
Iter 305/1000 - Loss: -2.2144
Iter 306/1000 - Loss: -2.2173
Iter 307/1000 - Loss: -2.2201
Iter 308/1000 - Loss: -2.2229
Iter 309/1000 - Loss: -2.2257
Iter 310/1000 - Loss: -2.2285
Iter 311/1000 - Loss: -2.2312
Iter 312/1000 - Loss: -2.2339
Iter 313/1000 - Loss: -2.2367
Iter 314/1000 - Loss: -2.2394
Iter 315/1000 - Loss: -2.2420
Iter 316/1000 - Loss: -2.2447
Iter 317/1000 - Loss: -2.2473
Iter 318/1000 - Loss: -2.2500
Iter 319/1000 - Loss: -2.2526
Iter 320/1000 - Loss: -2.2552
Iter 321/1000 - Loss: -2.2577
Iter 322/1000 - Loss: -2.2603
Iter 323/1000 - Loss: -2.2628
Iter 324/1000 - Loss: -2.2653
Iter 325/1000 - Loss: -2.2678
Iter 326/1000 - Loss: -2.2702
Iter 327/1000 - Loss: -2.2727
Iter 328/1000 - Loss: -2.2751
Iter 329/1000 - Loss: -2.2775
Iter 330/1000 - Loss: -2.2799
Iter 331/1000 - Loss: -2.2823
Iter 332/1000 - Loss: -2.2846
Iter 333/1000 - Loss: -2.2869
Iter 334/1000 - Loss: -2.2892
Iter 335/1000 - Loss: -2.2915
Iter 336/1000 - Loss: -2.2938
Iter 337/1000 - Loss: -2.2960
Iter 338/1000 - Loss: -2.2983
Iter 339/1000 - Loss: -2.3005
Iter 340/1000 - Loss: -2.3026
Iter 341/1000 - Loss: -2.3048
Iter 342/1000 - Loss: -2.3069
Iter 343/1000 - Loss: -2.3090
Iter 344/1000 - Loss: -2.3112
Iter 345/1000 - Loss: -2.3132
Iter 346/1000 - Loss: -2.3153
Iter 347/1000 - Loss: -2.3173
Iter 348/1000 - Loss: -2.3193
Iter 349/1000 - Loss: -2.3213
Iter 350/1000 - Loss: -2.3233
Iter 351/1000 - Loss: -2.3252
Iter 352/1000 - Loss: -2.3271
Iter 353/1000 - Loss: -2.3290
Iter 354/1000 - Loss: -2.3309
Iter 355/1000 - Loss: -2.3328
Iter 356/1000 - Loss: -2.3346
Iter 357/1000 - Loss: -2.3364
Iter 358/1000 - Loss: -2.3382
Iter 359/1000 - Loss: -2.3400
Iter 360/1000 - Loss: -2.3417
Iter 361/1000 - Loss: -2.3435
Iter 362/1000 - Loss: -2.3452
Iter 363/1000 - Loss: -2.3469
Iter 364/1000 - Loss: -2.3485
Iter 365/1000 - Loss: -2.3502
Iter 366/1000 - Loss: -2.3518
Iter 367/1000 - Loss: -2.3534
Iter 368/1000 - Loss: -2.3550
Iter 369/1000 - Loss: -2.3565
Iter 370/1000 - Loss: -2.3581
Iter 371/1000 - Loss: -2.3596
Iter 372/1000 - Loss: -2.3611
Iter 373/1000 - Loss: -2.3626
Iter 374/1000 - Loss: -2.3640
Iter 375/1000 - Loss: -2.3654
Iter 376/1000 - Loss: -2.3668
Iter 377/1000 - Loss: -2.3682
Iter 378/1000 - Loss: -2.3695
Iter 379/1000 - Loss: -2.3709
Iter 380/1000 - Loss: -2.3723
Iter 381/1000 - Loss: -2.3736
Iter 382/1000 - Loss: -2.3749
Iter 383/1000 - Loss: -2.3761
Iter 384/1000 - Loss: -2.3774
Iter 385/1000 - Loss: -2.3786
Iter 386/1000 - Loss: -2.3798
Iter 387/1000 - Loss: -2.3810
Iter 388/1000 - Loss: -2.3822
Iter 389/1000 - Loss: -2.3833
Iter 390/1000 - Loss: -2.3845
Iter 391/1000 - Loss: -2.3856
Iter 392/1000 - Loss: -2.3867
Iter 393/1000 - Loss: -2.3878
Iter 394/1000 - Loss: -2.3888
Iter 395/1000 - Loss: -2.3899
Iter 396/1000 - Loss: -2.3909
Iter 397/1000 - Loss: -2.3919
Iter 398/1000 - Loss: -2.3928
Iter 399/1000 - Loss: -2.3938
Iter 400/1000 - Loss: -2.3948
Iter 401/1000 - Loss: -2.3957
Iter 402/1000 - Loss: -2.3966
Iter 403/1000 - Loss: -2.3975
Iter 404/1000 - Loss: -2.3984
Iter 405/1000 - Loss: -2.3993
Iter 406/1000 - Loss: -2.4001
Iter 407/1000 - Loss: -2.4009
Iter 408/1000 - Loss: -2.4018
Iter 409/1000 - Loss: -2.4025
Iter 410/1000 - Loss: -2.4033
Iter 411/1000 - Loss: -2.4041
Iter 412/1000 - Loss: -2.4048
Iter 413/1000 - Loss: -2.4056
Iter 414/1000 - Loss: -2.4063
Iter 415/1000 - Loss: -2.4070
Iter 416/1000 - Loss: -2.4077
Iter 417/1000 - Loss: -2.4084
Iter 418/1000 - Loss: -2.4091
Iter 419/1000 - Loss: -2.4097
Iter 420/1000 - Loss: -2.4103
Iter 421/1000 - Loss: -2.4110
Iter 422/1000 - Loss: -2.4116
Iter 423/1000 - Loss: -2.4122
Iter 424/1000 - Loss: -2.4128
Iter 425/1000 - Loss: -2.4134
Iter 426/1000 - Loss: -2.4139
Iter 427/1000 - Loss: -2.4145
Iter 428/1000 - Loss: -2.4150
Iter 429/1000 - Loss: -2.4155
Iter 430/1000 - Loss: -2.4161
Iter 431/1000 - Loss: -2.4166
Iter 432/1000 - Loss: -2.4171
Iter 433/1000 - Loss: -2.4176
Iter 434/1000 - Loss: -2.4180
Iter 435/1000 - Loss: -2.4185
Iter 436/1000 - Loss: -2.4189
Iter 437/1000 - Loss: -2.4194
Iter 438/1000 - Loss: -2.4198
Iter 439/1000 - Loss: -2.4203
Iter 440/1000 - Loss: -2.4207
Iter 441/1000 - Loss: -2.4211
Iter 442/1000 - Loss: -2.4215
Iter 443/1000 - Loss: -2.4219
Iter 444/1000 - Loss: -2.4223
Iter 445/1000 - Loss: -2.4226
Iter 446/1000 - Loss: -2.4230
Iter 447/1000 - Loss: -2.4233
Iter 448/1000 - Loss: -2.4236
Iter 449/1000 - Loss: -2.4240
Iter 450/1000 - Loss: -2.4243
Iter 451/1000 - Loss: -2.4247
Iter 452/1000 - Loss: -2.4250
Iter 453/1000 - Loss: -2.4253
Iter 454/1000 - Loss: -2.4256
Iter 455/1000 - Loss: -2.4259
Iter 456/1000 - Loss: -2.4262
Iter 457/1000 - Loss: -2.4265
Iter 458/1000 - Loss: -2.4268
Iter 459/1000 - Loss: -2.4271
Iter 460/1000 - Loss: -2.4273
Iter 461/1000 - Loss: -2.4276
Iter 462/1000 - Loss: -2.4279
Iter 463/1000 - Loss: -2.4281
Iter 464/1000 - Loss: -2.4284
Iter 465/1000 - Loss: -2.4286
Iter 466/1000 - Loss: -2.4288
Iter 467/1000 - Loss: -2.4291
Iter 468/1000 - Loss: -2.4293
Iter 469/1000 - Loss: -2.4295
Iter 470/1000 - Loss: -2.4297
Iter 471/1000 - Loss: -2.4299
Iter 472/1000 - Loss: -2.4302
Iter 473/1000 - Loss: -2.4303
Iter 474/1000 - Loss: -2.4306
Iter 475/1000 - Loss: -2.4308
Iter 476/1000 - Loss: -2.4309
Iter 477/1000 - Loss: -2.4311
Iter 478/1000 - Loss: -2.4313
Iter 479/1000 - Loss: -2.4315
Iter 480/1000 - Loss: -2.4316
Iter 481/1000 - Loss: -2.4318
Iter 482/1000 - Loss: -2.4320
Iter 483/1000 - Loss: -2.4321
Iter 484/1000 - Loss: -2.4323
Iter 485/1000 - Loss: -2.4325
Iter 486/1000 - Loss: -2.4326
Iter 487/1000 - Loss: -2.4328
Iter 488/1000 - Loss: -2.4329
Iter 489/1000 - Loss: -2.4331
Iter 490/1000 - Loss: -2.4332
Iter 491/1000 - Loss: -2.4334
Iter 492/1000 - Loss: -2.4335
Iter 493/1000 - Loss: -2.4336
Iter 494/1000 - Loss: -2.4338
Iter 495/1000 - Loss: -2.4339
Iter 496/1000 - Loss: -2.4340
Iter 497/1000 - Loss: -2.4341
Iter 498/1000 - Loss: -2.4343
Iter 499/1000 - Loss: -2.4344
Iter 500/1000 - Loss: -2.4345
Iter 501/1000 - Loss: -2.4346
reducing lr to 0.001000
Iter 502/1000 - Loss: -2.4347
Iter 503/1000 - Loss: -2.4347
Iter 504/1000 - Loss: -2.4348
Iter 505/1000 - Loss: -2.4348
Iter 506/1000 - Loss: -2.4348
Iter 507/1000 - Loss: -2.4348
Iter 508/1000 - Loss: -2.4348
Iter 509/1000 - Loss: -2.4348
Iter 510/1000 - Loss: -2.4348
Iter 511/1000 - Loss: -2.4348
Iter 512/1000 - Loss: -2.4348
Iter 513/1000 - Loss: -2.4348
Iter 514/1000 - Loss: -2.4349
Iter 515/1000 - Loss: -2.4349
Iter 516/1000 - Loss: -2.4349
Iter 517/1000 - Loss: -2.4349
Iter 518/1000 - Loss: -2.4349
Iter 519/1000 - Loss: -2.4349
Iter 520/1000 - Loss: -2.4349
Iter 521/1000 - Loss: -2.4349
Iter 522/1000 - Loss: -2.4350
Iter 523/1000 - Loss: -2.4350
Iter 524/1000 - Loss: -2.4350
Iter 525/1000 - Loss: -2.4350
Iter 526/1000 - Loss: -2.4350
Iter 527/1000 - Loss: -2.4350
Iter 528/1000 - Loss: -2.4350
Iter 529/1000 - Loss: -2.4350
Iter 530/1000 - Loss: -2.4351
Iter 531/1000 - Loss: -2.4351
Iter 532/1000 - Loss: -2.4351
Iter 533/1000 - Loss: -2.4351
Iter 534/1000 - Loss: -2.4351
Iter 535/1000 - Loss: -2.4351
Iter 536/1000 - Loss: -2.4351
Iter 537/1000 - Loss: -2.4351
Iter 538/1000 - Loss: -2.4351
Iter 539/1000 - Loss: -2.4351
Iter 540/1000 - Loss: -2.4351
Iter 541/1000 - Loss: -2.4351
Iter 542/1000 - Loss: -2.4352
Iter 543/1000 - Loss: -2.4352
Iter 544/1000 - Loss: -2.4352
Iter 545/1000 - Loss: -2.4352
Iter 546/1000 - Loss: -2.4352
Iter 547/1000 - Loss: -2.4352
Iter 548/1000 - Loss: -2.4352
Iter 549/1000 - Loss: -2.4352
Iter 550/1000 - Loss: -2.4352
Iter 551/1000 - Loss: -2.4353
Iter 552/1000 - Loss: -2.4353
Iter 553/1000 - Loss: -2.4353
Iter 554/1000 - Loss: -2.4353
Iter 555/1000 - Loss: -2.4353
Iter 556/1000 - Loss: -2.4353
Iter 557/1000 - Loss: -2.4353
Iter 558/1000 - Loss: -2.4353
Iter 559/1000 - Loss: -2.4353
Iter 560/1000 - Loss: -2.4353
Iter 561/1000 - Loss: -2.4353
Iter 562/1000 - Loss: -2.4353
Iter 563/1000 - Loss: -2.4354
Iter 564/1000 - Loss: -2.4354
Iter 565/1000 - Loss: -2.4354
Iter 566/1000 - Loss: -2.4354
Iter 567/1000 - Loss: -2.4354
Iter 568/1000 - Loss: -2.4354
Iter 569/1000 - Loss: -2.4354
Iter 570/1000 - Loss: -2.4354
Iter 571/1000 - Loss: -2.4354
Iter 572/1000 - Loss: -2.4355
Iter 573/1000 - Loss: -2.4355
Iter 574/1000 - Loss: -2.4355
Iter 575/1000 - Loss: -2.4355
Iter 576/1000 - Loss: -2.4355
Iter 577/1000 - Loss: -2.4355
Iter 578/1000 - Loss: -2.4355
Iter 579/1000 - Loss: -2.4355
Iter 580/1000 - Loss: -2.4355
Iter 581/1000 - Loss: -2.4355
Iter 582/1000 - Loss: -2.4356
Iter 583/1000 - Loss: -2.4356
Iter 584/1000 - Loss: -2.4356
Iter 585/1000 - Loss: -2.4356
Iter 586/1000 - Loss: -2.4356
Iter 587/1000 - Loss: -2.4356
Iter 588/1000 - Loss: -2.4356
Iter 589/1000 - Loss: -2.4356
Iter 590/1000 - Loss: -2.4356
Iter 591/1000 - Loss: -2.4357
Iter 592/1000 - Loss: -2.4357
Iter 593/1000 - Loss: -2.4357
Iter 594/1000 - Loss: -2.4357
Iter 595/1000 - Loss: -2.4357
Iter 596/1000 - Loss: -2.4357
Iter 597/1000 - Loss: -2.4357
Iter 598/1000 - Loss: -2.4357
Iter 599/1000 - Loss: -2.4357
Iter 600/1000 - Loss: -2.4357
Iter 601/1000 - Loss: -2.4358
Iter 602/1000 - Loss: -2.4358
Iter 603/1000 - Loss: -2.4358
Iter 604/1000 - Loss: -2.4358
Iter 605/1000 - Loss: -2.4358
Iter 606/1000 - Loss: -2.4358
Iter 607/1000 - Loss: -2.4358
Iter 608/1000 - Loss: -2.4358
Iter 609/1000 - Loss: -2.4358
Iter 610/1000 - Loss: -2.4358
Iter 611/1000 - Loss: -2.4358
Iter 612/1000 - Loss: -2.4359
Iter 613/1000 - Loss: -2.4358
Iter 614/1000 - Loss: -2.4358
Iter 615/1000 - Loss: -2.4359
Iter 616/1000 - Loss: -2.4359
Iter 617/1000 - Loss: -2.4359
Iter 618/1000 - Loss: -2.4359
Iter 619/1000 - Loss: -2.4359
Iter 620/1000 - Loss: -2.4359
Iter 621/1000 - Loss: -2.4359
Iter 622/1000 - Loss: -2.4359
Iter 623/1000 - Loss: -2.4359
Iter 624/1000 - Loss: -2.4360
Iter 625/1000 - Loss: -2.4360
Iter 626/1000 - Loss: -2.4360
Iter 627/1000 - Loss: -2.4360
Iter 628/1000 - Loss: -2.4360
Iter 629/1000 - Loss: -2.4360
Iter 630/1000 - Loss: -2.4360
Iter 631/1000 - Loss: -2.4360
Iter 632/1000 - Loss: -2.4360
Iter 633/1000 - Loss: -2.4361
Iter 634/1000 - Loss: -2.4360
Iter 635/1000 - Loss: -2.4361
Iter 636/1000 - Loss: -2.4360
Iter 637/1000 - Loss: -2.4361
Iter 638/1000 - Loss: -2.4361
Iter 639/1000 - Loss: -2.4361
Iter 640/1000 - Loss: -2.4361
Iter 641/1000 - Loss: -2.4361
Iter 642/1000 - Loss: -2.4361
Iter 643/1000 - Loss: -2.4362
Iter 644/1000 - Loss: -2.4362
Iter 645/1000 - Loss: -2.4362
Iter 646/1000 - Loss: -2.4362
Iter 647/1000 - Loss: -2.4362
Iter 648/1000 - Loss: -2.4362
Iter 649/1000 - Loss: -2.4362
Iter 650/1000 - Loss: -2.4362
Iter 651/1000 - Loss: -2.4362
Iter 652/1000 - Loss: -2.4362
Iter 653/1000 - Loss: -2.4362
Iter 654/1000 - Loss: -2.4363
Iter 655/1000 - Loss: -2.4362
Iter 656/1000 - Loss: -2.4363
Iter 657/1000 - Loss: -2.4363
Iter 658/1000 - Loss: -2.4363
Iter 659/1000 - Loss: -2.4363
Iter 660/1000 - Loss: -2.4363
Iter 661/1000 - Loss: -2.4363
Iter 662/1000 - Loss: -2.4363
Iter 663/1000 - Loss: -2.4363
Iter 664/1000 - Loss: -2.4363
Iter 665/1000 - Loss: -2.4363
Iter 666/1000 - Loss: -2.4363
Iter 667/1000 - Loss: -2.4364
Iter 668/1000 - Loss: -2.4364
Iter 669/1000 - Loss: -2.4364
Iter 670/1000 - Loss: -2.4364
Iter 671/1000 - Loss: -2.4364
Iter 672/1000 - Loss: -2.4364
Iter 673/1000 - Loss: -2.4364
Iter 674/1000 - Loss: -2.4364
Iter 675/1000 - Loss: -2.4364
Iter 676/1000 - Loss: -2.4364
Iter 677/1000 - Loss: -2.4364
Iter 678/1000 - Loss: -2.4365
Iter 679/1000 - Loss: -2.4365
Iter 680/1000 - Loss: -2.4365
Iter 681/1000 - Loss: -2.4365
Iter 682/1000 - Loss: -2.4365
Iter 683/1000 - Loss: -2.4365
Iter 684/1000 - Loss: -2.4365
Iter 685/1000 - Loss: -2.4365
Iter 686/1000 - Loss: -2.4365
Iter 687/1000 - Loss: -2.4365
Iter 688/1000 - Loss: -2.4365
Iter 689/1000 - Loss: -2.4365
Iter 690/1000 - Loss: -2.4366
Iter 691/1000 - Loss: -2.4366
Iter 692/1000 - Loss: -2.4366
Iter 693/1000 - Loss: -2.4366
Iter 694/1000 - Loss: -2.4366
Iter 695/1000 - Loss: -2.4366
Iter 696/1000 - Loss: -2.4366
Iter 697/1000 - Loss: -2.4366
Iter 698/1000 - Loss: -2.4366
Iter 699/1000 - Loss: -2.4366
Iter 700/1000 - Loss: -2.4367
Iter 701/1000 - Loss: -2.4367
Iter 702/1000 - Loss: -2.4367
Iter 703/1000 - Loss: -2.4367
Iter 704/1000 - Loss: -2.4367
Iter 705/1000 - Loss: -2.4367
Iter 706/1000 - Loss: -2.4367
Iter 707/1000 - Loss: -2.4367
Iter 708/1000 - Loss: -2.4367
Iter 709/1000 - Loss: -2.4367
Iter 710/1000 - Loss: -2.4367
Iter 711/1000 - Loss: -2.4367
Iter 712/1000 - Loss: -2.4367
Iter 713/1000 - Loss: -2.4368
Iter 714/1000 - Loss: -2.4368
Iter 715/1000 - Loss: -2.4368
Iter 716/1000 - Loss: -2.4368
Iter 717/1000 - Loss: -2.4368
Iter 718/1000 - Loss: -2.4368
Iter 719/1000 - Loss: -2.4368
Iter 720/1000 - Loss: -2.4368
Iter 721/1000 - Loss: -2.4368
Iter 722/1000 - Loss: -2.4368
Iter 723/1000 - Loss: -2.4369
Iter 724/1000 - Loss: -2.4369
Iter 725/1000 - Loss: -2.4369
Iter 726/1000 - Loss: -2.4368
Iter 727/1000 - Loss: -2.4369
Iter 728/1000 - Loss: -2.4369
Iter 729/1000 - Loss: -2.4369
Iter 730/1000 - Loss: -2.4369
Iter 731/1000 - Loss: -2.4369
Iter 732/1000 - Loss: -2.4369
Iter 733/1000 - Loss: -2.4369
Iter 734/1000 - Loss: -2.4369
Iter 735/1000 - Loss: -2.4369
Iter 736/1000 - Loss: -2.4370
Iter 737/1000 - Loss: -2.4369
Iter 738/1000 - Loss: -2.4370
Iter 739/1000 - Loss: -2.4370
Iter 740/1000 - Loss: -2.4370
Iter 741/1000 - Loss: -2.4370
Iter 742/1000 - Loss: -2.4370
Iter 743/1000 - Loss: -2.4370
Iter 744/1000 - Loss: -2.4370
Iter 745/1000 - Loss: -2.4370
Iter 746/1000 - Loss: -2.4371
Iter 747/1000 - Loss: -2.4371
Iter 748/1000 - Loss: -2.4371
Iter 749/1000 - Loss: -2.4371
Iter 750/1000 - Loss: -2.4371
Iter 751/1000 - Loss: -2.4371
Iter 752/1000 - Loss: -2.4371
Iter 753/1000 - Loss: -2.4371
Iter 754/1000 - Loss: -2.4371
Iter 755/1000 - Loss: -2.4371
Iter 756/1000 - Loss: -2.4371
Iter 757/1000 - Loss: -2.4371
Iter 758/1000 - Loss: -2.4371
Iter 759/1000 - Loss: -2.4371
Iter 760/1000 - Loss: -2.4371
Iter 761/1000 - Loss: -2.4372
Iter 762/1000 - Loss: -2.4372
Iter 763/1000 - Loss: -2.4372
Iter 764/1000 - Loss: -2.4372
Iter 765/1000 - Loss: -2.4372
Iter 766/1000 - Loss: -2.4372
Iter 767/1000 - Loss: -2.4372
Iter 768/1000 - Loss: -2.4372
Iter 769/1000 - Loss: -2.4373
Iter 770/1000 - Loss: -2.4372
Iter 771/1000 - Loss: -2.4372
Iter 772/1000 - Loss: -2.4372
Iter 773/1000 - Loss: -2.4373
Iter 774/1000 - Loss: -2.4373
Iter 775/1000 - Loss: -2.4373
Iter 776/1000 - Loss: -2.4373
Iter 777/1000 - Loss: -2.4373
Iter 778/1000 - Loss: -2.4373
Iter 779/1000 - Loss: -2.4373
Iter 780/1000 - Loss: -2.4373
Iter 781/1000 - Loss: -2.4373
Iter 782/1000 - Loss: -2.4373
Iter 783/1000 - Loss: -2.4373
Iter 784/1000 - Loss: -2.4374
Iter 785/1000 - Loss: -2.4373
Iter 786/1000 - Loss: -2.4374
Iter 787/1000 - Loss: -2.4374
Iter 788/1000 - Loss: -2.4374
Iter 789/1000 - Loss: -2.4374
Iter 790/1000 - Loss: -2.4374
Iter 791/1000 - Loss: -2.4374
Iter 792/1000 - Loss: -2.4374
Iter 793/1000 - Loss: -2.4374
Iter 794/1000 - Loss: -2.4375
Iter 795/1000 - Loss: -2.4374
Iter 796/1000 - Loss: -2.4375
Iter 797/1000 - Loss: -2.4375
Iter 798/1000 - Loss: -2.4375
Iter 799/1000 - Loss: -2.4375
Iter 800/1000 - Loss: -2.4375
Iter 801/1000 - Loss: -2.4375
Iter 802/1000 - Loss: -2.4375
Iter 803/1000 - Loss: -2.4375
Iter 804/1000 - Loss: -2.4375
Iter 805/1000 - Loss: -2.4375
Iter 806/1000 - Loss: -2.4375
Iter 807/1000 - Loss: -2.4375
Iter 808/1000 - Loss: -2.4375
Iter 809/1000 - Loss: -2.4375
Iter 810/1000 - Loss: -2.4376
Iter 811/1000 - Loss: -2.4375
Iter 812/1000 - Loss: -2.4376
Iter 813/1000 - Loss: -2.4376
Iter 814/1000 - Loss: -2.4376
Iter 815/1000 - Loss: -2.4376
Iter 816/1000 - Loss: -2.4376
Iter 817/1000 - Loss: -2.4376
Iter 818/1000 - Loss: -2.4376
Iter 819/1000 - Loss: -2.4376
Iter 820/1000 - Loss: -2.4376
Iter 821/1000 - Loss: -2.4376
Iter 822/1000 - Loss: -2.4377
Iter 823/1000 - Loss: -2.4377
Iter 824/1000 - Loss: -2.4377
Iter 825/1000 - Loss: -2.4377
Iter 826/1000 - Loss: -2.4377
Iter 827/1000 - Loss: -2.4377
Iter 828/1000 - Loss: -2.4377
Iter 829/1000 - Loss: -2.4377
Iter 830/1000 - Loss: -2.4377
Iter 831/1000 - Loss: -2.4377
Iter 832/1000 - Loss: -2.4377
Iter 833/1000 - Loss: -2.4377
Iter 834/1000 - Loss: -2.4378
Iter 835/1000 - Loss: -2.4378
Iter 836/1000 - Loss: -2.4378
Iter 837/1000 - Loss: -2.4378
Iter 838/1000 - Loss: -2.4377
Iter 839/1000 - Loss: -2.4378
Iter 840/1000 - Loss: -2.4378
Iter 841/1000 - Loss: -2.4378
Iter 842/1000 - Loss: -2.4378
Iter 843/1000 - Loss: -2.4378
Iter 844/1000 - Loss: -2.4378
Iter 845/1000 - Loss: -2.4378
Iter 846/1000 - Loss: -2.4378
Iter 847/1000 - Loss: -2.4378
Iter 848/1000 - Loss: -2.4379
Iter 849/1000 - Loss: -2.4379
Iter 850/1000 - Loss: -2.4379
Iter 851/1000 - Loss: -2.4379
Iter 852/1000 - Loss: -2.4379
Iter 853/1000 - Loss: -2.4379
Iter 854/1000 - Loss: -2.4379
Iter 855/1000 - Loss: -2.4379
Iter 856/1000 - Loss: -2.4379
Iter 857/1000 - Loss: -2.4379
Iter 858/1000 - Loss: -2.4379
Iter 859/1000 - Loss: -2.4379
Iter 860/1000 - Loss: -2.4380
Iter 861/1000 - Loss: -2.4379
Iter 862/1000 - Loss: -2.4379
Iter 863/1000 - Loss: -2.4380
Iter 864/1000 - Loss: -2.4380
Iter 865/1000 - Loss: -2.4380
Iter 866/1000 - Loss: -2.4380
Iter 867/1000 - Loss: -2.4380
Iter 868/1000 - Loss: -2.4380
Iter 869/1000 - Loss: -2.4380
Iter 870/1000 - Loss: -2.4380
Iter 871/1000 - Loss: -2.4380
Iter 872/1000 - Loss: -2.4380
Iter 873/1000 - Loss: -2.4380
Iter 874/1000 - Loss: -2.4380
Iter 875/1000 - Loss: -2.4381
Iter 876/1000 - Loss: -2.4380
Iter 877/1000 - Loss: -2.4381
Iter 878/1000 - Loss: -2.4381
Iter 879/1000 - Loss: -2.4381
Iter 880/1000 - Loss: -2.4381
Iter 881/1000 - Loss: -2.4381
Iter 882/1000 - Loss: -2.4381
Iter 883/1000 - Loss: -2.4381
Iter 884/1000 - Loss: -2.4381
Iter 885/1000 - Loss: -2.4381
Iter 886/1000 - Loss: -2.4381
Iter 887/1000 - Loss: -2.4381
Iter 888/1000 - Loss: -2.4381
Iter 889/1000 - Loss: -2.4381
Iter 890/1000 - Loss: -2.4382
Iter 891/1000 - Loss: -2.4382
Iter 892/1000 - Loss: -2.4382
Iter 893/1000 - Loss: -2.4382
Iter 894/1000 - Loss: -2.4382
Iter 895/1000 - Loss: -2.4382
Iter 896/1000 - Loss: -2.4382
Iter 897/1000 - Loss: -2.4382
Iter 898/1000 - Loss: -2.4382
Iter 899/1000 - Loss: -2.4382
Iter 900/1000 - Loss: -2.4382
Iter 901/1000 - Loss: -2.4382
Iter 902/1000 - Loss: -2.4383
Iter 903/1000 - Loss: -2.4383
Iter 904/1000 - Loss: -2.4382
Iter 905/1000 - Loss: -2.4382
Iter 906/1000 - Loss: -2.4383
Iter 907/1000 - Loss: -2.4383
Iter 908/1000 - Loss: -2.4383
Iter 909/1000 - Loss: -2.4383
Iter 910/1000 - Loss: -2.4383
Iter 911/1000 - Loss: -2.4383
Iter 912/1000 - Loss: -2.4383
Iter 913/1000 - Loss: -2.4383
Iter 914/1000 - Loss: -2.4383
Iter 915/1000 - Loss: -2.4383
Iter 916/1000 - Loss: -2.4383
Iter 917/1000 - Loss: -2.4384
Iter 918/1000 - Loss: -2.4384
Iter 919/1000 - Loss: -2.4384
Iter 920/1000 - Loss: -2.4384
Iter 921/1000 - Loss: -2.4384
Iter 922/1000 - Loss: -2.4384
Iter 923/1000 - Loss: -2.4384
Iter 924/1000 - Loss: -2.4384
Iter 925/1000 - Loss: -2.4384
Iter 926/1000 - Loss: -2.4384
Iter 927/1000 - Loss: -2.4384
Iter 928/1000 - Loss: -2.4384
Iter 929/1000 - Loss: -2.4384
Iter 930/1000 - Loss: -2.4384
Iter 931/1000 - Loss: -2.4385
Iter 932/1000 - Loss: -2.4385
Iter 933/1000 - Loss: -2.4385
Iter 934/1000 - Loss: -2.4385
Iter 935/1000 - Loss: -2.4385
Iter 936/1000 - Loss: -2.4385
Iter 937/1000 - Loss: -2.4385
Iter 938/1000 - Loss: -2.4385
Iter 939/1000 - Loss: -2.4385
Iter 940/1000 - Loss: -2.4385
Iter 941/1000 - Loss: -2.4385
Iter 942/1000 - Loss: -2.4385
Iter 943/1000 - Loss: -2.4385
Iter 944/1000 - Loss: -2.4385
Iter 945/1000 - Loss: -2.4385
Iter 946/1000 - Loss: -2.4386
Iter 947/1000 - Loss: -2.4385
Iter 948/1000 - Loss: -2.4386
Iter 949/1000 - Loss: -2.4386
Iter 950/1000 - Loss: -2.4386
Iter 951/1000 - Loss: -2.4386
Iter 952/1000 - Loss: -2.4386
Iter 953/1000 - Loss: -2.4386
Iter 954/1000 - Loss: -2.4386
Iter 955/1000 - Loss: -2.4386
Iter 956/1000 - Loss: -2.4386
Iter 957/1000 - Loss: -2.4386
Iter 958/1000 - Loss: -2.4387
Iter 959/1000 - Loss: -2.4387
Iter 960/1000 - Loss: -2.4387
Iter 961/1000 - Loss: -2.4387
Iter 962/1000 - Loss: -2.4387
Iter 963/1000 - Loss: -2.4387
Iter 964/1000 - Loss: -2.4387
Iter 965/1000 - Loss: -2.4387
Iter 966/1000 - Loss: -2.4387
Iter 967/1000 - Loss: -2.4387
Iter 968/1000 - Loss: -2.4387
Iter 969/1000 - Loss: -2.4387
Iter 970/1000 - Loss: -2.4387
Iter 971/1000 - Loss: -2.4387
Iter 972/1000 - Loss: -2.4387
Iter 973/1000 - Loss: -2.4388
Iter 974/1000 - Loss: -2.4387
Iter 975/1000 - Loss: -2.4387
Iter 976/1000 - Loss: -2.4387
Iter 977/1000 - Loss: -2.4387
Iter 978/1000 - Loss: -2.4388
Iter 979/1000 - Loss: -2.4388
Iter 980/1000 - Loss: -2.4388
Iter 981/1000 - Loss: -2.4388
Iter 982/1000 - Loss: -2.4388
Iter 983/1000 - Loss: -2.4388
Iter 984/1000 - Loss: -2.4388
Iter 985/1000 - Loss: -2.4388
Iter 986/1000 - Loss: -2.4388
Iter 987/1000 - Loss: -2.4388
Iter 988/1000 - Loss: -2.4388
Iter 989/1000 - Loss: -2.4388
Iter 990/1000 - Loss: -2.4388
Iter 991/1000 - Loss: -2.4388
Iter 992/1000 - Loss: -2.4388
Iter 993/1000 - Loss: -2.4389
Iter 994/1000 - Loss: -2.4389
Iter 995/1000 - Loss: -2.4389
Iter 996/1000 - Loss: -2.4389
Iter 997/1000 - Loss: -2.4389
Iter 998/1000 - Loss: -2.4389
Iter 999/1000 - Loss: -2.4389
Iter 1000/1000 - Loss: -2.4389
OrderedDict([('likelihood.raw_noise', tensor([inf])), ('likelihood.raw_noise_constraint.lower_bound', tensor(-inf)), ('likelihood.raw_noise_constraint.upper_bound', tensor(1.0000e-08)), ('mean_module.base_means.0.weights', tensor([[-0.2007],
        [-0.0713],
        [ 0.0221],
        [ 0.0811],
        [ 0.0716],
        [-0.3401],
        [ 0.0140]])), ('mean_module.base_means.0.bias', tensor([2.3520])), ('mean_module.base_means.1.weights', tensor([[ 0.0479],
        [ 0.0320],
        [ 0.0100],
        [ 0.1930],
        [ 0.0104],
        [-0.0051],
        [-0.0084]])), ('mean_module.base_means.1.bias', tensor([-0.1048])), ('mean_module.base_means.2.weights', tensor([[-0.0191],
        [-0.0052],
        [-0.0639],
        [-0.0531],
        [-0.0319],
        [ 0.1332],
        [ 0.0198]])), ('mean_module.base_means.2.bias', tensor([1.0600])), ('mean_module.base_means.3.weights', tensor([[-0.0141],
        [-0.0036],
        [-0.0509],
        [ 0.0015],
        [ 0.0289],
        [ 0.0021],
        [ 0.0186]])), ('mean_module.base_means.3.bias', tensor([-0.0725])), ('mean_module.base_means.4.weights', tensor([[ 0.0483],
        [ 0.0103],
        [ 0.0375],
        [ 0.0387],
        [ 0.0020],
        [ 0.0076],
        [-0.0080]])), ('mean_module.base_means.4.bias', tensor([0.3654])), ('mean_module.base_means.5.weights', tensor([[ 0.0017],
        [ 0.0021],
        [ 0.0777],
        [ 0.0049],
        [-0.0081],
        [-0.0493],
        [-0.0037]])), ('mean_module.base_means.5.bias', tensor([0.1852])), ('mean_module.base_means.6.weights', tensor([[-0.0130],
        [-0.0036],
        [-0.0181],
        [-0.0162],
        [ 0.0037],
        [ 0.0131],
        [ 0.0255]])), ('mean_module.base_means.6.bias', tensor([1.2499])), ('mean_module.base_means.7.weights', tensor([[ 0.0192],
        [ 0.0101],
        [-0.0276],
        [-0.0385],
        [ 0.0021],
        [ 0.0417],
        [ 0.0115]])), ('mean_module.base_means.7.bias', tensor([0.0263])), ('covar_module.task_covar_module.covar_factor', tensor([[ 0.1983],
        [ 0.2732],
        [-0.6137],
        [-0.0592],
        [ 0.1927],
        [-0.0257],
        [-0.0611],
        [-0.0684]])), ('covar_module.task_covar_module.raw_var', tensor([-0.4052, -0.7696, -4.1578, -2.1116, -5.3986, -3.9466, -3.6967, -4.3561])), ('covar_module.task_covar_module.raw_var_constraint.lower_bound', tensor(0.)), ('covar_module.task_covar_module.raw_var_constraint.upper_bound', tensor(inf)), ('covar_module.data_covar_module.kernels.0.raw_outputscale', tensor(-3.1717)), ('covar_module.data_covar_module.kernels.0.base_kernel.raw_lengthscale', tensor([[1.9644, 2.5232, 2.1612, 1.6495, 2.8954, 2.3262, 4.0394]])), ('covar_module.data_covar_module.kernels.0.base_kernel.raw_lengthscale_constraint.lower_bound', tensor(0.)), ('covar_module.data_covar_module.kernels.0.base_kernel.raw_lengthscale_constraint.upper_bound', tensor(inf)), ('covar_module.data_covar_module.kernels.0.raw_outputscale_constraint.lower_bound', tensor(0.)), ('covar_module.data_covar_module.kernels.0.raw_outputscale_constraint.upper_bound', tensor(inf)), ('covar_module.data_covar_module.kernels.1.raw_constant', tensor([-2.4222])), ('covar_module.data_covar_module.kernels.1.raw_constant_constraint.lower_bound', tensor(0.)), ('covar_module.data_covar_module.kernels.1.raw_constant_constraint.upper_bound', tensor(inf))])
loading emulator from /oak/stanford/orgs/kipac/users/delon/aemulusnu_massfunction/GP_loBox99_1400.pkl
[2.150251255453071, 0.004607037040461753, 1.0862434151527847, -0.07758469127494308, 0.4200199232307857, 0.18841767938097884, 1.256980169584942, 0.027205412876804978]
[2.150251255453071, 0.004607037040461753, 1.0862434151527847, -0.07758469127494308, 0.4200199232307857, 0.18841767938097884, 1.256980169584942, 0.027205412876804978]
[2.150251255453071, 0.004607037040461753, 1.0862434151527847, -0.07758469127494308, 0.4200199232307857, 0.18841767938097884, 1.256980169584942, 0.027205412876804978]
[2.150251255453071, 0.004607037040461753, 1.0862434151527847, -0.07758469127494308, 0.4200199232307857, 0.18841767938097884, 1.256980169584942, 0.027205412876804978]
[2.150251255453071, 0.004607037040461753, 1.0862434151527847, -0.07758469127494308, 0.4200199232307857, 0.18841767938097884, 1.256980169584942, 0.027205412876804978]
[2.150251255453071, 0.004607037040461753, 1.0862434151527847, -0.07758469127494308, 0.4200199232307857, 0.18841767938097884, 1.256980169584942, 0.027205412876804978]
[2.150251255453071, 0.004607037040461753, 1.0862434151527847, -0.07758469127494308, 0.4200199232307857, 0.18841767938097884, 1.256980169584942, 0.027205412876804978]
[2.150251255453071, 0.004607037040461753, 1.0862434151527847, -0.07758469127494308, 0.4200199232307857, 0.18841767938097884, 1.256980169584942, 0.027205412876804978]
[2.150251255453071, 0.004607037040461753, 1.0862434151527847, -0.07758469127494308, 0.4200199232307857, 0.18841767938097884, 1.256980169584942, 0.027205412876804978]
[2.150251255453071, 0.004607037040461753, 1.0862434151527847, -0.07758469127494308, 0.4200199232307857, 0.18841767938097884, 1.256980169584942, 0.027205412876804978]
[2.150251255453071, 0.004607037040461753, 1.0862434151527847, -0.07758469127494308, 0.4200199232307857, 0.18841767938097884, 1.256980169584942, 0.027205412876804978]
[2.150251255453071, 0.004607037040461753, 1.0862434151527847, -0.07758469127494308, 0.4200199232307857, 0.18841767938097884, 1.256980169584942, 0.027205412876804978]
[2.150251255453071, 0.004607037040461753, 1.0862434151527847, -0.07758469127494308, 0.4200199232307857, 0.18841767938097884, 1.256980169584942, 0.027205412876804978]
[2.150251255453071, 0.004607037040461753, 1.0862434151527847, -0.07758469127494308, 0.4200199232307857, 0.18841767938097884, 1.256980169584942, 0.027205412876804978]
[2.150251255453071, 0.004607037040461753, 1.0862434151527847, -0.07758469127494308, 0.4200199232307857, 0.18841767938097884, 1.256980169584942, 0.027205412876804978]
