Leaving out Box_n50_45_1400
{'ns': 0.97000003, 'H0': 67.0, 'w0': -1.0, 'ombh2': 0.0223, 'omch2': 0.12, 'nu_mass_ev': 0.07071068, '10^9 As': 2.10100315}
(149, 7)
(149, 8)
scaling input
(149, 7)
scaling output
(149, 8)
Iter 1/2000 - Loss: 3.3972
Iter 2/2000 - Loss: 3.3673
Iter 3/2000 - Loss: 3.3373
Iter 4/2000 - Loss: 3.3072
Iter 5/2000 - Loss: 3.2771
Iter 6/2000 - Loss: 3.2470
Iter 7/2000 - Loss: 3.2167
Iter 8/2000 - Loss: 3.1865
Iter 9/2000 - Loss: 3.1562
Iter 10/2000 - Loss: 3.1258
Iter 11/2000 - Loss: 3.0954
Iter 12/2000 - Loss: 3.0650
Iter 13/2000 - Loss: 3.0346
Iter 14/2000 - Loss: 3.0041
Iter 15/2000 - Loss: 2.9736
Iter 16/2000 - Loss: 2.9431
Iter 17/2000 - Loss: 2.9125
Iter 18/2000 - Loss: 2.8819
Iter 19/2000 - Loss: 2.8513
Iter 20/2000 - Loss: 2.8206
Iter 21/2000 - Loss: 2.7899
Iter 22/2000 - Loss: 2.7592
Iter 23/2000 - Loss: 2.7284
Iter 24/2000 - Loss: 2.6977
Iter 25/2000 - Loss: 2.6669
Iter 26/2000 - Loss: 2.6360
Iter 27/2000 - Loss: 2.6052
Iter 28/2000 - Loss: 2.5744
Iter 29/2000 - Loss: 2.5435
Iter 30/2000 - Loss: 2.5127
Iter 31/2000 - Loss: 2.4819
Iter 32/2000 - Loss: 2.4511
Iter 33/2000 - Loss: 2.4203
Iter 34/2000 - Loss: 2.3896
Iter 35/2000 - Loss: 2.3589
Iter 36/2000 - Loss: 2.3283
Iter 37/2000 - Loss: 2.2977
Iter 38/2000 - Loss: 2.2672
Iter 39/2000 - Loss: 2.2367
Iter 40/2000 - Loss: 2.2063
Iter 41/2000 - Loss: 2.1760
Iter 42/2000 - Loss: 2.1458
Iter 43/2000 - Loss: 2.1156
Iter 44/2000 - Loss: 2.0856
Iter 45/2000 - Loss: 2.0557
Iter 46/2000 - Loss: 2.0258
Iter 47/2000 - Loss: 1.9962
Iter 48/2000 - Loss: 1.9666
Iter 49/2000 - Loss: 1.9372
Iter 50/2000 - Loss: 1.9080
Iter 51/2000 - Loss: 1.8789
Iter 52/2000 - Loss: 1.8500
Iter 53/2000 - Loss: 1.8212
Iter 54/2000 - Loss: 1.7927
Iter 55/2000 - Loss: 1.7644
Iter 56/2000 - Loss: 1.7363
Iter 57/2000 - Loss: 1.7084
Iter 58/2000 - Loss: 1.6808
Iter 59/2000 - Loss: 1.6534
Iter 60/2000 - Loss: 1.6264
Iter 61/2000 - Loss: 1.5996
Iter 62/2000 - Loss: 1.5732
Iter 63/2000 - Loss: 1.5471
Iter 64/2000 - Loss: 1.5214
Iter 65/2000 - Loss: 1.4961
Iter 66/2000 - Loss: 1.4712
Iter 67/2000 - Loss: 1.4467
Iter 68/2000 - Loss: 1.4228
Iter 69/2000 - Loss: 1.3993
Iter 70/2000 - Loss: 1.3764
Iter 71/2000 - Loss: 1.3541
Iter 72/2000 - Loss: 1.3323
Iter 73/2000 - Loss: 1.3111
Iter 74/2000 - Loss: 1.2906
Iter 75/2000 - Loss: 1.2708
Iter 76/2000 - Loss: 1.2516
Iter 77/2000 - Loss: 1.2332
Iter 78/2000 - Loss: 1.2154
Iter 79/2000 - Loss: 1.1984
Iter 80/2000 - Loss: 1.1821
Iter 81/2000 - Loss: 1.1665
Iter 82/2000 - Loss: 1.1516
Iter 83/2000 - Loss: 1.1375
Iter 84/2000 - Loss: 1.1240
Iter 85/2000 - Loss: 1.1112
Iter 86/2000 - Loss: 1.0991
Iter 87/2000 - Loss: 1.0877
Iter 88/2000 - Loss: 1.0769
Iter 89/2000 - Loss: 1.0667
Iter 90/2000 - Loss: 1.0571
Iter 91/2000 - Loss: 1.0481
Iter 92/2000 - Loss: 1.0396
Iter 93/2000 - Loss: 1.0316
Iter 94/2000 - Loss: 1.0242
Iter 95/2000 - Loss: 1.0173
Iter 96/2000 - Loss: 1.0108
Iter 97/2000 - Loss: 1.0047
Iter 98/2000 - Loss: 0.9991
Iter 99/2000 - Loss: 0.9939
Iter 100/2000 - Loss: 0.9890
Iter 101/2000 - Loss: 0.9845
Iter 102/2000 - Loss: 0.9803
Iter 103/2000 - Loss: 0.9764
Iter 104/2000 - Loss: 0.9728
Iter 105/2000 - Loss: 0.9695
Iter 106/2000 - Loss: 0.9664
Iter 107/2000 - Loss: 0.9635
Iter 108/2000 - Loss: 0.9608
Iter 109/2000 - Loss: 0.9584
Iter 110/2000 - Loss: 0.9561
Iter 111/2000 - Loss: 0.9539
Iter 112/2000 - Loss: 0.9519
Iter 113/2000 - Loss: 0.9500
Iter 114/2000 - Loss: 0.9482
Iter 115/2000 - Loss: 0.9465
Iter 116/2000 - Loss: 0.9449
Iter 117/2000 - Loss: 0.9434
Iter 118/2000 - Loss: 0.9420
Iter 119/2000 - Loss: 0.9406
Iter 120/2000 - Loss: 0.9393
Iter 121/2000 - Loss: 0.9380
Iter 122/2000 - Loss: 0.9368
Iter 123/2000 - Loss: 0.9356
Iter 124/2000 - Loss: 0.9345
Iter 125/2000 - Loss: 0.9334
Iter 126/2000 - Loss: 0.9323
Iter 127/2000 - Loss: 0.9313
Iter 128/2000 - Loss: 0.9302
Iter 129/2000 - Loss: 0.9293
Iter 130/2000 - Loss: 0.9283
Iter 131/2000 - Loss: 0.9274
Iter 132/2000 - Loss: 0.9265
Iter 133/2000 - Loss: 0.9256
Iter 134/2000 - Loss: 0.9247
Iter 135/2000 - Loss: 0.9239
Iter 136/2000 - Loss: 0.9231
Iter 137/2000 - Loss: 0.9223
Iter 138/2000 - Loss: 0.9215
Iter 139/2000 - Loss: 0.9208
Iter 140/2000 - Loss: 0.9200
Iter 141/2000 - Loss: 0.9193
Iter 142/2000 - Loss: 0.9186
Iter 143/2000 - Loss: 0.9180
Iter 144/2000 - Loss: 0.9173
Iter 145/2000 - Loss: 0.9166
Iter 146/2000 - Loss: 0.9160
Iter 147/2000 - Loss: 0.9154
Iter 148/2000 - Loss: 0.9148
Iter 149/2000 - Loss: 0.9142
Iter 150/2000 - Loss: 0.9136
Iter 151/2000 - Loss: 0.9131
Iter 152/2000 - Loss: 0.9125
Iter 153/2000 - Loss: 0.9120
Iter 154/2000 - Loss: 0.9114
Iter 155/2000 - Loss: 0.9109
Iter 156/2000 - Loss: 0.9104
Iter 157/2000 - Loss: 0.9099
Iter 158/2000 - Loss: 0.9094
Iter 159/2000 - Loss: 0.9089
Iter 160/2000 - Loss: 0.9084
Iter 161/2000 - Loss: 0.9079
Iter 162/2000 - Loss: 0.9075
Iter 163/2000 - Loss: 0.9070
Iter 164/2000 - Loss: 0.9065
Iter 165/2000 - Loss: 0.9061
Iter 166/2000 - Loss: 0.9057
Iter 167/2000 - Loss: 0.9052
Iter 168/2000 - Loss: 0.9048
Iter 169/2000 - Loss: 0.9044
Iter 170/2000 - Loss: 0.9039
Iter 171/2000 - Loss: 0.9035
Iter 172/2000 - Loss: 0.9031
Iter 173/2000 - Loss: 0.9027
Iter 174/2000 - Loss: 0.9023
Iter 175/2000 - Loss: 0.9019
Iter 176/2000 - Loss: 0.9015
Iter 177/2000 - Loss: 0.9011
Iter 178/2000 - Loss: 0.9007
Iter 179/2000 - Loss: 0.9004
Iter 180/2000 - Loss: 0.9000
Iter 181/2000 - Loss: 0.8996
Iter 182/2000 - Loss: 0.8992
Iter 183/2000 - Loss: 0.8989
Iter 184/2000 - Loss: 0.8985
Iter 185/2000 - Loss: 0.8982
Iter 186/2000 - Loss: 0.8978
Iter 187/2000 - Loss: 0.8974
Iter 188/2000 - Loss: 0.8971
Iter 189/2000 - Loss: 0.8968
Iter 190/2000 - Loss: 0.8964
Iter 191/2000 - Loss: 0.8961
Iter 192/2000 - Loss: 0.8957
Iter 193/2000 - Loss: 0.8954
Iter 194/2000 - Loss: 0.8951
Iter 195/2000 - Loss: 0.8948
Iter 196/2000 - Loss: 0.8945
Iter 197/2000 - Loss: 0.8941
Iter 198/2000 - Loss: 0.8938
Iter 199/2000 - Loss: 0.8935
Iter 200/2000 - Loss: 0.8932
Iter 201/2000 - Loss: 0.8929
Iter 202/2000 - Loss: 0.8926
Iter 203/2000 - Loss: 0.8923
Iter 204/2000 - Loss: 0.8920
Iter 205/2000 - Loss: 0.8917
Iter 206/2000 - Loss: 0.8914
Iter 207/2000 - Loss: 0.8912
Iter 208/2000 - Loss: 0.8909
Iter 209/2000 - Loss: 0.8906
Iter 210/2000 - Loss: 0.8903
Iter 211/2000 - Loss: 0.8901
Iter 212/2000 - Loss: 0.8898
Iter 213/2000 - Loss: 0.8895
Iter 214/2000 - Loss: 0.8893
Iter 215/2000 - Loss: 0.8890
Iter 216/2000 - Loss: 0.8888
Iter 217/2000 - Loss: 0.8885
Iter 218/2000 - Loss: 0.8883
Iter 219/2000 - Loss: 0.8880
Iter 220/2000 - Loss: 0.8878
Iter 221/2000 - Loss: 0.8875
Iter 222/2000 - Loss: 0.8873
Iter 223/2000 - Loss: 0.8871
Iter 224/2000 - Loss: 0.8868
Iter 225/2000 - Loss: 0.8866
Iter 226/2000 - Loss: 0.8864
Iter 227/2000 - Loss: 0.8862
Iter 228/2000 - Loss: 0.8859
Iter 229/2000 - Loss: 0.8857
Iter 230/2000 - Loss: 0.8855
Iter 231/2000 - Loss: 0.8853
Iter 232/2000 - Loss: 0.8851
Iter 233/2000 - Loss: 0.8849
Iter 234/2000 - Loss: 0.8847
Iter 235/2000 - Loss: 0.8845
Iter 236/2000 - Loss: 0.8843
Iter 237/2000 - Loss: 0.8841
Iter 238/2000 - Loss: 0.8839
Iter 239/2000 - Loss: 0.8837
Iter 240/2000 - Loss: 0.8835
Iter 241/2000 - Loss: 0.8834
Iter 242/2000 - Loss: 0.8832
Iter 243/2000 - Loss: 0.8830
Iter 244/2000 - Loss: 0.8828
Iter 245/2000 - Loss: 0.8827
Iter 246/2000 - Loss: 0.8825
Iter 247/2000 - Loss: 0.8823
Iter 248/2000 - Loss: 0.8821
Iter 249/2000 - Loss: 0.8820
Iter 250/2000 - Loss: 0.8818
Iter 251/2000 - Loss: 0.8817
Iter 252/2000 - Loss: 0.8815
Iter 253/2000 - Loss: 0.8813
Iter 254/2000 - Loss: 0.8812
Iter 255/2000 - Loss: 0.8810
Iter 256/2000 - Loss: 0.8809
Iter 257/2000 - Loss: 0.8807
Iter 258/2000 - Loss: 0.8806
Iter 259/2000 - Loss: 0.8805
Iter 260/2000 - Loss: 0.8803
Iter 261/2000 - Loss: 0.8802
Iter 262/2000 - Loss: 0.8800
Iter 263/2000 - Loss: 0.8799
Iter 264/2000 - Loss: 0.8798
Iter 265/2000 - Loss: 0.8796
Iter 266/2000 - Loss: 0.8795
Iter 267/2000 - Loss: 0.8794
Iter 268/2000 - Loss: 0.8793
Iter 269/2000 - Loss: 0.8791
Iter 270/2000 - Loss: 0.8790
Iter 271/2000 - Loss: 0.8789
Iter 272/2000 - Loss: 0.8788
Iter 273/2000 - Loss: 0.8787
Iter 274/2000 - Loss: 0.8785
Iter 275/2000 - Loss: 0.8784
Iter 276/2000 - Loss: 0.8783
Iter 277/2000 - Loss: 0.8782
Iter 278/2000 - Loss: 0.8781
Iter 279/2000 - Loss: 0.8780
Iter 280/2000 - Loss: 0.8779
Iter 281/2000 - Loss: 0.8778
Iter 282/2000 - Loss: 0.8777
Iter 283/2000 - Loss: 0.8776
Iter 284/2000 - Loss: 0.8774
Iter 285/2000 - Loss: 0.8773
Iter 286/2000 - Loss: 0.8772
Iter 287/2000 - Loss: 0.8771
Iter 288/2000 - Loss: 0.8771
Iter 289/2000 - Loss: 0.8770
Iter 290/2000 - Loss: 0.8769
Iter 291/2000 - Loss: 0.8768
Iter 292/2000 - Loss: 0.8767
Iter 293/2000 - Loss: 0.8766
Iter 294/2000 - Loss: 0.8765
Iter 295/2000 - Loss: 0.8764
Iter 296/2000 - Loss: 0.8763
Iter 297/2000 - Loss: 0.8762
Iter 298/2000 - Loss: 0.8761
Iter 299/2000 - Loss: 0.8761
Iter 300/2000 - Loss: 0.8760
Iter 301/2000 - Loss: 0.8759
Iter 302/2000 - Loss: 0.8758
Iter 303/2000 - Loss: 0.8757
Iter 304/2000 - Loss: 0.8757
Iter 305/2000 - Loss: 0.8756
Iter 306/2000 - Loss: 0.8755
Iter 307/2000 - Loss: 0.8754
Iter 308/2000 - Loss: 0.8753
Iter 309/2000 - Loss: 0.8753
Iter 310/2000 - Loss: 0.8752
Iter 311/2000 - Loss: 0.8751
Iter 312/2000 - Loss: 0.8750
Iter 313/2000 - Loss: 0.8750
Iter 314/2000 - Loss: 0.8749
Iter 315/2000 - Loss: 0.8748
Iter 316/2000 - Loss: 0.8748
Iter 317/2000 - Loss: 0.8747
Iter 318/2000 - Loss: 0.8746
Iter 319/2000 - Loss: 0.8746
Iter 320/2000 - Loss: 0.8745
Iter 321/2000 - Loss: 0.8744
Iter 322/2000 - Loss: 0.8744
Iter 323/2000 - Loss: 0.8743
Iter 324/2000 - Loss: 0.8742
Iter 325/2000 - Loss: 0.8742
Iter 326/2000 - Loss: 0.8741
Iter 327/2000 - Loss: 0.8740
Iter 328/2000 - Loss: 0.8740
Iter 329/2000 - Loss: 0.8739
Iter 330/2000 - Loss: 0.8739
Iter 331/2000 - Loss: 0.8738
Iter 332/2000 - Loss: 0.8738
Iter 333/2000 - Loss: 0.8737
Iter 334/2000 - Loss: 0.8736
Iter 335/2000 - Loss: 0.8736
Iter 336/2000 - Loss: 0.8735
Iter 337/2000 - Loss: 0.8735
Iter 338/2000 - Loss: 0.8734
Iter 339/2000 - Loss: 0.8734
Iter 340/2000 - Loss: 0.8733
Iter 341/2000 - Loss: 0.8733
Iter 342/2000 - Loss: 0.8732
Iter 343/2000 - Loss: 0.8732
Iter 344/2000 - Loss: 0.8731
Iter 345/2000 - Loss: 0.8731
Iter 346/2000 - Loss: 0.8730
Iter 347/2000 - Loss: 0.8730
Iter 348/2000 - Loss: 0.8729
Iter 349/2000 - Loss: 0.8729
Iter 350/2000 - Loss: 0.8728
Iter 351/2000 - Loss: 0.8728
Iter 352/2000 - Loss: 0.8727
Iter 353/2000 - Loss: 0.8727
Iter 354/2000 - Loss: 0.8726
Iter 355/2000 - Loss: 0.8726
Iter 356/2000 - Loss: 0.8725
Iter 357/2000 - Loss: 0.8725
Iter 358/2000 - Loss: 0.8724
Iter 359/2000 - Loss: 0.8724
Iter 360/2000 - Loss: 0.8724
Iter 361/2000 - Loss: 0.8723
Iter 362/2000 - Loss: 0.8723
Iter 363/2000 - Loss: 0.8722
Iter 364/2000 - Loss: 0.8722
Iter 365/2000 - Loss: 0.8722
Iter 366/2000 - Loss: 0.8721
Iter 367/2000 - Loss: 0.8721
Iter 368/2000 - Loss: 0.8720
Iter 369/2000 - Loss: 0.8720
Iter 370/2000 - Loss: 0.8720
Iter 371/2000 - Loss: 0.8719
Iter 372/2000 - Loss: 0.8719
Iter 373/2000 - Loss: 0.8718
Iter 374/2000 - Loss: 0.8718
Iter 375/2000 - Loss: 0.8718
Iter 376/2000 - Loss: 0.8717
Iter 377/2000 - Loss: 0.8717
Iter 378/2000 - Loss: 0.8717
Iter 379/2000 - Loss: 0.8716
Iter 380/2000 - Loss: 0.8716
Iter 381/2000 - Loss: 0.8716
Iter 382/2000 - Loss: 0.8715
Iter 383/2000 - Loss: 0.8715
Iter 384/2000 - Loss: 0.8715
Iter 385/2000 - Loss: 0.8714
Iter 386/2000 - Loss: 0.8714
Iter 387/2000 - Loss: 0.8714
Iter 388/2000 - Loss: 0.8713
Iter 389/2000 - Loss: 0.8713
Iter 390/2000 - Loss: 0.8713
Iter 391/2000 - Loss: 0.8712
Iter 392/2000 - Loss: 0.8712
Iter 393/2000 - Loss: 0.8712
Iter 394/2000 - Loss: 0.8711
Iter 395/2000 - Loss: 0.8711
Iter 396/2000 - Loss: 0.8711
Iter 397/2000 - Loss: 0.8711
Iter 398/2000 - Loss: 0.8710
Iter 399/2000 - Loss: 0.8710
Iter 400/2000 - Loss: 0.8710
Iter 401/2000 - Loss: 0.8709
Iter 402/2000 - Loss: 0.8709
Iter 403/2000 - Loss: 0.8709
Iter 404/2000 - Loss: 0.8709
Iter 405/2000 - Loss: 0.8708
Iter 406/2000 - Loss: 0.8708
Iter 407/2000 - Loss: 0.8708
Iter 408/2000 - Loss: 0.8708
Iter 409/2000 - Loss: 0.8707
Iter 410/2000 - Loss: 0.8707
Iter 411/2000 - Loss: 0.8707
Iter 412/2000 - Loss: 0.8707
Iter 413/2000 - Loss: 0.8706
Iter 414/2000 - Loss: 0.8706
Iter 415/2000 - Loss: 0.8706
Iter 416/2000 - Loss: 0.8706
Iter 417/2000 - Loss: 0.8705
Iter 418/2000 - Loss: 0.8705
Iter 419/2000 - Loss: 0.8705
Iter 420/2000 - Loss: 0.8705
Iter 421/2000 - Loss: 0.8705
Iter 422/2000 - Loss: 0.8704
Iter 423/2000 - Loss: 0.8704
Iter 424/2000 - Loss: 0.8704
Iter 425/2000 - Loss: 0.8704
Iter 426/2000 - Loss: 0.8703
Iter 427/2000 - Loss: 0.8703
Iter 428/2000 - Loss: 0.8703
Iter 429/2000 - Loss: 0.8703
Iter 430/2000 - Loss: 0.8703
Iter 431/2000 - Loss: 0.8702
Iter 432/2000 - Loss: 0.8702
Iter 433/2000 - Loss: 0.8702
Iter 434/2000 - Loss: 0.8702
Iter 435/2000 - Loss: 0.8702
Iter 436/2000 - Loss: 0.8702
Iter 437/2000 - Loss: 0.8701
Iter 438/2000 - Loss: 0.8701
Iter 439/2000 - Loss: 0.8701
Iter 440/2000 - Loss: 0.8701
Iter 441/2000 - Loss: 0.8701
Iter 442/2000 - Loss: 0.8700
Iter 443/2000 - Loss: 0.8700
Iter 444/2000 - Loss: 0.8700
Iter 445/2000 - Loss: 0.8700
Iter 446/2000 - Loss: 0.8700
Iter 447/2000 - Loss: 0.8700
Iter 448/2000 - Loss: 0.8699
Iter 449/2000 - Loss: 0.8699
Iter 450/2000 - Loss: 0.8699
Iter 451/2000 - Loss: 0.8699
Iter 452/2000 - Loss: 0.8699
Iter 453/2000 - Loss: 0.8699
Iter 454/2000 - Loss: 0.8698
Iter 455/2000 - Loss: 0.8698
Iter 456/2000 - Loss: 0.8698
Iter 457/2000 - Loss: 0.8698
Iter 458/2000 - Loss: 0.8698
Iter 459/2000 - Loss: 0.8698
Iter 460/2000 - Loss: 0.8698
Iter 461/2000 - Loss: 0.8697
Iter 462/2000 - Loss: 0.8697
Iter 463/2000 - Loss: 0.8697
Iter 464/2000 - Loss: 0.8697
Iter 465/2000 - Loss: 0.8697
Iter 466/2000 - Loss: 0.8697
Iter 467/2000 - Loss: 0.8697
Iter 468/2000 - Loss: 0.8697
Iter 469/2000 - Loss: 0.8696
Iter 470/2000 - Loss: 0.8696
Iter 471/2000 - Loss: 0.8696
Iter 472/2000 - Loss: 0.8696
Iter 473/2000 - Loss: 0.8696
Iter 474/2000 - Loss: 0.8696
Iter 475/2000 - Loss: 0.8696
Iter 476/2000 - Loss: 0.8696
Iter 477/2000 - Loss: 0.8695
Iter 478/2000 - Loss: 0.8695
Iter 479/2000 - Loss: 0.8695
Iter 480/2000 - Loss: 0.8695
Iter 481/2000 - Loss: 0.8695
Iter 482/2000 - Loss: 0.8695
Iter 483/2000 - Loss: 0.8695
Iter 484/2000 - Loss: 0.8695
Iter 485/2000 - Loss: 0.8695
Iter 486/2000 - Loss: 0.8694
Iter 487/2000 - Loss: 0.8694
Iter 488/2000 - Loss: 0.8694
Iter 489/2000 - Loss: 0.8694
Iter 490/2000 - Loss: 0.8694
Iter 491/2000 - Loss: 0.8694
Iter 492/2000 - Loss: 0.8694
Iter 493/2000 - Loss: 0.8694
Iter 494/2000 - Loss: 0.8694
Iter 495/2000 - Loss: 0.8693
Iter 496/2000 - Loss: 0.8693
Iter 497/2000 - Loss: 0.8693
Iter 498/2000 - Loss: 0.8693
Iter 499/2000 - Loss: 0.8693
Iter 500/2000 - Loss: 0.8693
Iter 501/2000 - Loss: 0.8693
Iter 502/2000 - Loss: 0.8693
Iter 503/2000 - Loss: 0.8693
Iter 504/2000 - Loss: 0.8693
Iter 505/2000 - Loss: 0.8693
Iter 506/2000 - Loss: 0.8692
Iter 507/2000 - Loss: 0.8692
Iter 508/2000 - Loss: 0.8692
Iter 509/2000 - Loss: 0.8692
Iter 510/2000 - Loss: 0.8692
Iter 511/2000 - Loss: 0.8692
Iter 512/2000 - Loss: 0.8692
Iter 513/2000 - Loss: 0.8692
Iter 514/2000 - Loss: 0.8692
Iter 515/2000 - Loss: 0.8692
Iter 516/2000 - Loss: 0.8692
Iter 517/2000 - Loss: 0.8692
Iter 518/2000 - Loss: 0.8692
Iter 519/2000 - Loss: 0.8691
Iter 520/2000 - Loss: 0.8691
Iter 521/2000 - Loss: 0.8691
Iter 522/2000 - Loss: 0.8691
Iter 523/2000 - Loss: 0.8691
Iter 524/2000 - Loss: 0.8691
Iter 525/2000 - Loss: 0.8691
Iter 526/2000 - Loss: 0.8691
Iter 527/2000 - Loss: 0.8691
Iter 528/2000 - Loss: 0.8691
Iter 529/2000 - Loss: 0.8691
Iter 530/2000 - Loss: 0.8691
Iter 531/2000 - Loss: 0.8691
Iter 532/2000 - Loss: 0.8691
Iter 533/2000 - Loss: 0.8691
Iter 534/2000 - Loss: 0.8690
Iter 535/2000 - Loss: 0.8690
Iter 536/2000 - Loss: 0.8690
Iter 537/2000 - Loss: 0.8690
Iter 538/2000 - Loss: 0.8690
Iter 539/2000 - Loss: 0.8690
Iter 540/2000 - Loss: 0.8690
Iter 541/2000 - Loss: 0.8690
Iter 542/2000 - Loss: 0.8690
Iter 543/2000 - Loss: 0.8690
Iter 544/2000 - Loss: 0.8690
Iter 545/2000 - Loss: 0.8690
Iter 546/2000 - Loss: 0.8690
Iter 547/2000 - Loss: 0.8690
Iter 548/2000 - Loss: 0.8690
Iter 549/2000 - Loss: 0.8690
Iter 550/2000 - Loss: 0.8690
Iter 551/2000 - Loss: 0.8689
Iter 552/2000 - Loss: 0.8689
Iter 553/2000 - Loss: 0.8689
Iter 554/2000 - Loss: 0.8689
Iter 555/2000 - Loss: 0.8689
Iter 556/2000 - Loss: 0.8689
Iter 557/2000 - Loss: 0.8689
Iter 558/2000 - Loss: 0.8689
Iter 559/2000 - Loss: 0.8689
Iter 560/2000 - Loss: 0.8689
Iter 561/2000 - Loss: 0.8689
Iter 562/2000 - Loss: 0.8689
Iter 563/2000 - Loss: 0.8689
Iter 564/2000 - Loss: 0.8689
Iter 565/2000 - Loss: 0.8689
Iter 566/2000 - Loss: 0.8689
Iter 567/2000 - Loss: 0.8689
Iter 568/2000 - Loss: 0.8689
Iter 569/2000 - Loss: 0.8689
Iter 570/2000 - Loss: 0.8689
Iter 571/2000 - Loss: 0.8689
Iter 572/2000 - Loss: 0.8689
Iter 573/2000 - Loss: 0.8688
Iter 574/2000 - Loss: 0.8688
Iter 575/2000 - Loss: 0.8688
Iter 576/2000 - Loss: 0.8688
Iter 577/2000 - Loss: 0.8688
Iter 578/2000 - Loss: 0.8688
Iter 579/2000 - Loss: 0.8688
Iter 580/2000 - Loss: 0.8688
Iter 581/2000 - Loss: 0.8688
Iter 582/2000 - Loss: 0.8688
Iter 583/2000 - Loss: 0.8688
Iter 584/2000 - Loss: 0.8688
Iter 585/2000 - Loss: 0.8688
Iter 586/2000 - Loss: 0.8688
Iter 587/2000 - Loss: 0.8688
Iter 588/2000 - Loss: 0.8688
Iter 589/2000 - Loss: 0.8688
Iter 590/2000 - Loss: 0.8688
Iter 591/2000 - Loss: 0.8688
Iter 592/2000 - Loss: 0.8688
Iter 593/2000 - Loss: 0.8688
Iter 594/2000 - Loss: 0.8688
Iter 595/2000 - Loss: 0.8688
Iter 596/2000 - Loss: 0.8688
Iter 597/2000 - Loss: 0.8688
Iter 598/2000 - Loss: 0.8688
Iter 599/2000 - Loss: 0.8688
Iter 600/2000 - Loss: 0.8688
Iter 601/2000 - Loss: 0.8687
Iter 602/2000 - Loss: 0.8687
Iter 603/2000 - Loss: 0.8687
Iter 604/2000 - Loss: 0.8687
Iter 605/2000 - Loss: 0.8687
Iter 606/2000 - Loss: 0.8687
Iter 607/2000 - Loss: 0.8687
Iter 608/2000 - Loss: 0.8687
Iter 609/2000 - Loss: 0.8687
Iter 610/2000 - Loss: 0.8687
Iter 611/2000 - Loss: 0.8687
Iter 612/2000 - Loss: 0.8687
Iter 613/2000 - Loss: 0.8687
Iter 614/2000 - Loss: 0.8687
Iter 615/2000 - Loss: 0.8687
Iter 616/2000 - Loss: 0.8687
Iter 617/2000 - Loss: 0.8687
Iter 618/2000 - Loss: 0.8687
Iter 619/2000 - Loss: 0.8687
Iter 620/2000 - Loss: 0.8687
Iter 621/2000 - Loss: 0.8687
Iter 622/2000 - Loss: 0.8687
Iter 623/2000 - Loss: 0.8687
Iter 624/2000 - Loss: 0.8687
Iter 625/2000 - Loss: 0.8687
Iter 626/2000 - Loss: 0.8687
Iter 627/2000 - Loss: 0.8687
Iter 628/2000 - Loss: 0.8687
Iter 629/2000 - Loss: 0.8687
Iter 630/2000 - Loss: 0.8687
Iter 631/2000 - Loss: 0.8687
Iter 632/2000 - Loss: 0.8687
Iter 633/2000 - Loss: 0.8687
Iter 634/2000 - Loss: 0.8687
Iter 635/2000 - Loss: 0.8687
Iter 636/2000 - Loss: 0.8687
Iter 637/2000 - Loss: 0.8687
Iter 638/2000 - Loss: 0.8686
Iter 639/2000 - Loss: 0.8686
Iter 640/2000 - Loss: 0.8686
Iter 641/2000 - Loss: 0.8686
Iter 642/2000 - Loss: 0.8686
Iter 643/2000 - Loss: 0.8686
Iter 644/2000 - Loss: 0.8686
Iter 645/2000 - Loss: 0.8686
Iter 646/2000 - Loss: 0.8686
Iter 647/2000 - Loss: 0.8686
Iter 648/2000 - Loss: 0.8686
Iter 649/2000 - Loss: 0.8686
Iter 650/2000 - Loss: 0.8686
Iter 651/2000 - Loss: 0.8686
Iter 652/2000 - Loss: 0.8686
Iter 653/2000 - Loss: 0.8686
Iter 654/2000 - Loss: 0.8686
Iter 655/2000 - Loss: 0.8686
Iter 656/2000 - Loss: 0.8686
Iter 657/2000 - Loss: 0.8686
Iter 658/2000 - Loss: 0.8686
Iter 659/2000 - Loss: 0.8686
Iter 660/2000 - Loss: 0.8686
Iter 661/2000 - Loss: 0.8686
Iter 662/2000 - Loss: 0.8686
Iter 663/2000 - Loss: 0.8686
Iter 664/2000 - Loss: 0.8686
Iter 665/2000 - Loss: 0.8686
Iter 666/2000 - Loss: 0.8686
Iter 667/2000 - Loss: 0.8686
Iter 668/2000 - Loss: 0.8686
Iter 669/2000 - Loss: 0.8686
Iter 670/2000 - Loss: 0.8686
Iter 671/2000 - Loss: 0.8686
Iter 672/2000 - Loss: 0.8686
Iter 673/2000 - Loss: 0.8686
Iter 674/2000 - Loss: 0.8686
Iter 675/2000 - Loss: 0.8686
Iter 676/2000 - Loss: 0.8686
Iter 677/2000 - Loss: 0.8686
Iter 678/2000 - Loss: 0.8686
Iter 679/2000 - Loss: 0.8686
Iter 680/2000 - Loss: 0.8686
Iter 681/2000 - Loss: 0.8686
Iter 682/2000 - Loss: 0.8686
Iter 683/2000 - Loss: 0.8686
Iter 684/2000 - Loss: 0.8686
Iter 685/2000 - Loss: 0.8686
Iter 686/2000 - Loss: 0.8686
Iter 687/2000 - Loss: 0.8686
Iter 688/2000 - Loss: 0.8686
Iter 689/2000 - Loss: 0.8686
Iter 690/2000 - Loss: 0.8686
Iter 691/2000 - Loss: 0.8686
Iter 692/2000 - Loss: 0.8686
Iter 693/2000 - Loss: 0.8686
Iter 694/2000 - Loss: 0.8686
Iter 695/2000 - Loss: 0.8685
Iter 696/2000 - Loss: 0.8685
Iter 697/2000 - Loss: 0.8685
Iter 698/2000 - Loss: 0.8685
Iter 699/2000 - Loss: 0.8685
Iter 700/2000 - Loss: 0.8685
Iter 701/2000 - Loss: 0.8685
Iter 702/2000 - Loss: 0.8685
Iter 703/2000 - Loss: 0.8685
Iter 704/2000 - Loss: 0.8685
Iter 705/2000 - Loss: 0.8685
Iter 706/2000 - Loss: 0.8685
Iter 707/2000 - Loss: 0.8685
Iter 708/2000 - Loss: 0.8685
Iter 709/2000 - Loss: 0.8685
Iter 710/2000 - Loss: 0.8685
Iter 711/2000 - Loss: 0.8685
Iter 712/2000 - Loss: 0.8685
Iter 713/2000 - Loss: 0.8685
Iter 714/2000 - Loss: 0.8685
Iter 715/2000 - Loss: 0.8685
Iter 716/2000 - Loss: 0.8685
Iter 717/2000 - Loss: 0.8685
Iter 718/2000 - Loss: 0.8685
Iter 719/2000 - Loss: 0.8685
Iter 720/2000 - Loss: 0.8685
Iter 721/2000 - Loss: 0.8685
Iter 722/2000 - Loss: 0.8685
Iter 723/2000 - Loss: 0.8685
Iter 724/2000 - Loss: 0.8685
Iter 725/2000 - Loss: 0.8685
Iter 726/2000 - Loss: 0.8685
Iter 727/2000 - Loss: 0.8685
Iter 728/2000 - Loss: 0.8685
Iter 729/2000 - Loss: 0.8685
Iter 730/2000 - Loss: 0.8685
Iter 731/2000 - Loss: 0.8685
Iter 732/2000 - Loss: 0.8685
Iter 733/2000 - Loss: 0.8685
Iter 734/2000 - Loss: 0.8685
Iter 735/2000 - Loss: 0.8685
Iter 736/2000 - Loss: 0.8685
Iter 737/2000 - Loss: 0.8685
Iter 738/2000 - Loss: 0.8685
Iter 739/2000 - Loss: 0.8685
Iter 740/2000 - Loss: 0.8685
Iter 741/2000 - Loss: 0.8685
Iter 742/2000 - Loss: 0.8685
Iter 743/2000 - Loss: 0.8685
Iter 744/2000 - Loss: 0.8685
Iter 745/2000 - Loss: 0.8685
Iter 746/2000 - Loss: 0.8685
Iter 747/2000 - Loss: 0.8685
Iter 748/2000 - Loss: 0.8685
Iter 749/2000 - Loss: 0.8685
Iter 750/2000 - Loss: 0.8685
Iter 751/2000 - Loss: 0.8685
Iter 752/2000 - Loss: 0.8685
Iter 753/2000 - Loss: 0.8685
Iter 754/2000 - Loss: 0.8685
Iter 755/2000 - Loss: 0.8685
Iter 756/2000 - Loss: 0.8685
Iter 757/2000 - Loss: 0.8685
Iter 758/2000 - Loss: 0.8685
Iter 759/2000 - Loss: 0.8685
Iter 760/2000 - Loss: 0.8685
Iter 761/2000 - Loss: 0.8685
Iter 762/2000 - Loss: 0.8685
Iter 763/2000 - Loss: 0.8685
Iter 764/2000 - Loss: 0.8685
Iter 765/2000 - Loss: 0.8685
Iter 766/2000 - Loss: 0.8685
Iter 767/2000 - Loss: 0.8685
Iter 768/2000 - Loss: 0.8685
Iter 769/2000 - Loss: 0.8685
Iter 770/2000 - Loss: 0.8685
Iter 771/2000 - Loss: 0.8685
Iter 772/2000 - Loss: 0.8685
Iter 773/2000 - Loss: 0.8685
Iter 774/2000 - Loss: 0.8685
Iter 775/2000 - Loss: 0.8685
Iter 776/2000 - Loss: 0.8685
Iter 777/2000 - Loss: 0.8685
Iter 778/2000 - Loss: 0.8685
Iter 779/2000 - Loss: 0.8685
Iter 780/2000 - Loss: 0.8685
Iter 781/2000 - Loss: 0.8685
Iter 782/2000 - Loss: 0.8685
Iter 783/2000 - Loss: 0.8685
Iter 784/2000 - Loss: 0.8685
Iter 785/2000 - Loss: 0.8685
Iter 786/2000 - Loss: 0.8685
Iter 787/2000 - Loss: 0.8685
Iter 788/2000 - Loss: 0.8685
Iter 789/2000 - Loss: 0.8685
Iter 790/2000 - Loss: 0.8685
Iter 791/2000 - Loss: 0.8684
Iter 792/2000 - Loss: 0.8684
Iter 793/2000 - Loss: 0.8684
Iter 794/2000 - Loss: 0.8684
Iter 795/2000 - Loss: 0.8684
Iter 796/2000 - Loss: 0.8684
Iter 797/2000 - Loss: 0.8684
Iter 798/2000 - Loss: 0.8684
Iter 799/2000 - Loss: 0.8684
Iter 800/2000 - Loss: 0.8684
Iter 801/2000 - Loss: 0.8684
Iter 802/2000 - Loss: 0.8684
Iter 803/2000 - Loss: 0.8684
Iter 804/2000 - Loss: 0.8684
Iter 805/2000 - Loss: 0.8684
Iter 806/2000 - Loss: 0.8684
Iter 807/2000 - Loss: 0.8684
Iter 808/2000 - Loss: 0.8684
Iter 809/2000 - Loss: 0.8684
Iter 810/2000 - Loss: 0.8684
Iter 811/2000 - Loss: 0.8684
Iter 812/2000 - Loss: 0.8684
Iter 813/2000 - Loss: 0.8684
Iter 814/2000 - Loss: 0.8684
Iter 815/2000 - Loss: 0.8684
Iter 816/2000 - Loss: 0.8684
Iter 817/2000 - Loss: 0.8684
Iter 818/2000 - Loss: 0.8684
Iter 819/2000 - Loss: 0.8684
Iter 820/2000 - Loss: 0.8684
Iter 821/2000 - Loss: 0.8684
Iter 822/2000 - Loss: 0.8684
Iter 823/2000 - Loss: 0.8684
Iter 824/2000 - Loss: 0.8684
Iter 825/2000 - Loss: 0.8684
Iter 826/2000 - Loss: 0.8684
Iter 827/2000 - Loss: 0.8684
Iter 828/2000 - Loss: 0.8684
Iter 829/2000 - Loss: 0.8684
Iter 830/2000 - Loss: 0.8684
Iter 831/2000 - Loss: 0.8684
Iter 832/2000 - Loss: 0.8684
Iter 833/2000 - Loss: 0.8684
Iter 834/2000 - Loss: 0.8684
Iter 835/2000 - Loss: 0.8684
Iter 836/2000 - Loss: 0.8684
Iter 837/2000 - Loss: 0.8684
Iter 838/2000 - Loss: 0.8684
Iter 839/2000 - Loss: 0.8684
Iter 840/2000 - Loss: 0.8684
Iter 841/2000 - Loss: 0.8684
Iter 842/2000 - Loss: 0.8684
Iter 843/2000 - Loss: 0.8684
Iter 844/2000 - Loss: 0.8684
Iter 845/2000 - Loss: 0.8684
Iter 846/2000 - Loss: 0.8684
Iter 847/2000 - Loss: 0.8684
Iter 848/2000 - Loss: 0.8684
Iter 849/2000 - Loss: 0.8684
Iter 850/2000 - Loss: 0.8684
Iter 851/2000 - Loss: 0.8684
Iter 852/2000 - Loss: 0.8684
Iter 853/2000 - Loss: 0.8684
Iter 854/2000 - Loss: 0.8684
Iter 855/2000 - Loss: 0.8684
Iter 856/2000 - Loss: 0.8684
Iter 857/2000 - Loss: 0.8684
Iter 858/2000 - Loss: 0.8684
Iter 859/2000 - Loss: 0.8684
Iter 860/2000 - Loss: 0.8684
Iter 861/2000 - Loss: 0.8684
Iter 862/2000 - Loss: 0.8684
Iter 863/2000 - Loss: 0.8684
Iter 864/2000 - Loss: 0.8684
Iter 865/2000 - Loss: 0.8684
Iter 866/2000 - Loss: 0.8684
Iter 867/2000 - Loss: 0.8684
Iter 868/2000 - Loss: 0.8684
Iter 869/2000 - Loss: 0.8684
Iter 870/2000 - Loss: 0.8684
Iter 871/2000 - Loss: 0.8684
Iter 872/2000 - Loss: 0.8684
Iter 873/2000 - Loss: 0.8684
Iter 874/2000 - Loss: 0.8684
Iter 875/2000 - Loss: 0.8684
Iter 876/2000 - Loss: 0.8684
Iter 877/2000 - Loss: 0.8684
Iter 878/2000 - Loss: 0.8684
Iter 879/2000 - Loss: 0.8684
Iter 880/2000 - Loss: 0.8684
Iter 881/2000 - Loss: 0.8684
Iter 882/2000 - Loss: 0.8684
Iter 883/2000 - Loss: 0.8684
Iter 884/2000 - Loss: 0.8684
Iter 885/2000 - Loss: 0.8684
Iter 886/2000 - Loss: 0.8684
Iter 887/2000 - Loss: 0.8684
Iter 888/2000 - Loss: 0.8684
Iter 889/2000 - Loss: 0.8684
Iter 890/2000 - Loss: 0.8684
Iter 891/2000 - Loss: 0.8684
Iter 892/2000 - Loss: 0.8684
Iter 893/2000 - Loss: 0.8684
Iter 894/2000 - Loss: 0.8684
Iter 895/2000 - Loss: 0.8684
Iter 896/2000 - Loss: 0.8684
Iter 897/2000 - Loss: 0.8684
Iter 898/2000 - Loss: 0.8684
Iter 899/2000 - Loss: 0.8684
Iter 900/2000 - Loss: 0.8684
Iter 901/2000 - Loss: 0.8684
Iter 902/2000 - Loss: 0.8684
Iter 903/2000 - Loss: 0.8684
Iter 904/2000 - Loss: 0.8684
Iter 905/2000 - Loss: 0.8684
Iter 906/2000 - Loss: 0.8684
Iter 907/2000 - Loss: 0.8684
Iter 908/2000 - Loss: 0.8684
Iter 909/2000 - Loss: 0.8684
Iter 910/2000 - Loss: 0.8684
Iter 911/2000 - Loss: 0.8684
Iter 912/2000 - Loss: 0.8684
Iter 913/2000 - Loss: 0.8684
Iter 914/2000 - Loss: 0.8684
Iter 915/2000 - Loss: 0.8684
Iter 916/2000 - Loss: 0.8684
Iter 917/2000 - Loss: 0.8684
Iter 918/2000 - Loss: 0.8684
Iter 919/2000 - Loss: 0.8684
Iter 920/2000 - Loss: 0.8684
Iter 921/2000 - Loss: 0.8684
Iter 922/2000 - Loss: 0.8684
Iter 923/2000 - Loss: 0.8684
Iter 924/2000 - Loss: 0.8684
Iter 925/2000 - Loss: 0.8684
Iter 926/2000 - Loss: 0.8684
Iter 927/2000 - Loss: 0.8684
Iter 928/2000 - Loss: 0.8684
Iter 929/2000 - Loss: 0.8684
Iter 930/2000 - Loss: 0.8684
Iter 931/2000 - Loss: 0.8684
Iter 932/2000 - Loss: 0.8684
Iter 933/2000 - Loss: 0.8684
Iter 934/2000 - Loss: 0.8684
Iter 935/2000 - Loss: 0.8684
Iter 936/2000 - Loss: 0.8684
Iter 937/2000 - Loss: 0.8684
Iter 938/2000 - Loss: 0.8684
Iter 939/2000 - Loss: 0.8684
Iter 940/2000 - Loss: 0.8684
Iter 941/2000 - Loss: 0.8684
Iter 942/2000 - Loss: 0.8684
Iter 943/2000 - Loss: 0.8684
Iter 944/2000 - Loss: 0.8684
Iter 945/2000 - Loss: 0.8684
Iter 946/2000 - Loss: 0.8684
Iter 947/2000 - Loss: 0.8684
Iter 948/2000 - Loss: 0.8684
Iter 949/2000 - Loss: 0.8684
Iter 950/2000 - Loss: 0.8684
Iter 951/2000 - Loss: 0.8684
Iter 952/2000 - Loss: 0.8684
Iter 953/2000 - Loss: 0.8684
Iter 954/2000 - Loss: 0.8684
Iter 955/2000 - Loss: 0.8684
Iter 956/2000 - Loss: 0.8684
Iter 957/2000 - Loss: 0.8684
Iter 958/2000 - Loss: 0.8684
Iter 959/2000 - Loss: 0.8684
Iter 960/2000 - Loss: 0.8684
Iter 961/2000 - Loss: 0.8684
Iter 962/2000 - Loss: 0.8684
Iter 963/2000 - Loss: 0.8684
Iter 964/2000 - Loss: 0.8684
Iter 965/2000 - Loss: 0.8684
Iter 966/2000 - Loss: 0.8684
Iter 967/2000 - Loss: 0.8684
Iter 968/2000 - Loss: 0.8684
Iter 969/2000 - Loss: 0.8684
Iter 970/2000 - Loss: 0.8684
Iter 971/2000 - Loss: 0.8684
Iter 972/2000 - Loss: 0.8684
Iter 973/2000 - Loss: 0.8684
Iter 974/2000 - Loss: 0.8684
Iter 975/2000 - Loss: 0.8684
Iter 976/2000 - Loss: 0.8684
Iter 977/2000 - Loss: 0.8684
Iter 978/2000 - Loss: 0.8684
Iter 979/2000 - Loss: 0.8684
Iter 980/2000 - Loss: 0.8684
Iter 981/2000 - Loss: 0.8684
Iter 982/2000 - Loss: 0.8684
Iter 983/2000 - Loss: 0.8684
Iter 984/2000 - Loss: 0.8684
Iter 985/2000 - Loss: 0.8684
Iter 986/2000 - Loss: 0.8684
Iter 987/2000 - Loss: 0.8684
Iter 988/2000 - Loss: 0.8684
Iter 989/2000 - Loss: 0.8684
Iter 990/2000 - Loss: 0.8684
Iter 991/2000 - Loss: 0.8684
Iter 992/2000 - Loss: 0.8684
Iter 993/2000 - Loss: 0.8684
Iter 994/2000 - Loss: 0.8684
Iter 995/2000 - Loss: 0.8684
Iter 996/2000 - Loss: 0.8684
Iter 997/2000 - Loss: 0.8684
Iter 998/2000 - Loss: 0.8684
Iter 999/2000 - Loss: 0.8684
Iter 1000/2000 - Loss: 0.8684
Iter 1001/2000 - Loss: 0.8684
Iter 1002/2000 - Loss: 0.8683
Iter 1003/2000 - Loss: 0.8683
Iter 1004/2000 - Loss: 0.8683
Iter 1005/2000 - Loss: 0.8683
Iter 1006/2000 - Loss: 0.8683
Iter 1007/2000 - Loss: 0.8683
Iter 1008/2000 - Loss: 0.8683
Iter 1009/2000 - Loss: 0.8683
Iter 1010/2000 - Loss: 0.8683
Iter 1011/2000 - Loss: 0.8683
Iter 1012/2000 - Loss: 0.8683
Iter 1013/2000 - Loss: 0.8683
Iter 1014/2000 - Loss: 0.8683
Iter 1015/2000 - Loss: 0.8683
Iter 1016/2000 - Loss: 0.8683
Iter 1017/2000 - Loss: 0.8683
Iter 1018/2000 - Loss: 0.8683
Iter 1019/2000 - Loss: 0.8683
Iter 1020/2000 - Loss: 0.8683
Iter 1021/2000 - Loss: 0.8683
Iter 1022/2000 - Loss: 0.8683
Iter 1023/2000 - Loss: 0.8683
Iter 1024/2000 - Loss: 0.8683
Iter 1025/2000 - Loss: 0.8683
Iter 1026/2000 - Loss: 0.8683
Iter 1027/2000 - Loss: 0.8683
Iter 1028/2000 - Loss: 0.8683
Iter 1029/2000 - Loss: 0.8683
Iter 1030/2000 - Loss: 0.8683
Iter 1031/2000 - Loss: 0.8683
Iter 1032/2000 - Loss: 0.8683
Iter 1033/2000 - Loss: 0.8683
Iter 1034/2000 - Loss: 0.8683
Iter 1035/2000 - Loss: 0.8683
Iter 1036/2000 - Loss: 0.8683
Iter 1037/2000 - Loss: 0.8683
Iter 1038/2000 - Loss: 0.8683
Iter 1039/2000 - Loss: 0.8683
Iter 1040/2000 - Loss: 0.8683
Iter 1041/2000 - Loss: 0.8683
Iter 1042/2000 - Loss: 0.8683
Iter 1043/2000 - Loss: 0.8683
Iter 1044/2000 - Loss: 0.8683
Iter 1045/2000 - Loss: 0.8683
Iter 1046/2000 - Loss: 0.8683
Iter 1047/2000 - Loss: 0.8683
Iter 1048/2000 - Loss: 0.8683
Iter 1049/2000 - Loss: 0.8683
Iter 1050/2000 - Loss: 0.8683
Iter 1051/2000 - Loss: 0.8683
Iter 1052/2000 - Loss: 0.8683
Iter 1053/2000 - Loss: 0.8683
Iter 1054/2000 - Loss: 0.8683
Iter 1055/2000 - Loss: 0.8683
Iter 1056/2000 - Loss: 0.8683
Iter 1057/2000 - Loss: 0.8683
Iter 1058/2000 - Loss: 0.8683
Iter 1059/2000 - Loss: 0.8683
Iter 1060/2000 - Loss: 0.8683
Iter 1061/2000 - Loss: 0.8683
Iter 1062/2000 - Loss: 0.8683
Iter 1063/2000 - Loss: 0.8683
Iter 1064/2000 - Loss: 0.8683
Iter 1065/2000 - Loss: 0.8683
Iter 1066/2000 - Loss: 0.8683
Iter 1067/2000 - Loss: 0.8683
Iter 1068/2000 - Loss: 0.8683
Iter 1069/2000 - Loss: 0.8683
Iter 1070/2000 - Loss: 0.8683
Iter 1071/2000 - Loss: 0.8683
Iter 1072/2000 - Loss: 0.8683
Iter 1073/2000 - Loss: 0.8683
Iter 1074/2000 - Loss: 0.8683
Iter 1075/2000 - Loss: 0.8683
Iter 1076/2000 - Loss: 0.8683
Iter 1077/2000 - Loss: 0.8683
Iter 1078/2000 - Loss: 0.8683
Iter 1079/2000 - Loss: 0.8683
Iter 1080/2000 - Loss: 0.8683
Iter 1081/2000 - Loss: 0.8683
Iter 1082/2000 - Loss: 0.8683
Iter 1083/2000 - Loss: 0.8683
Iter 1084/2000 - Loss: 0.8683
Iter 1085/2000 - Loss: 0.8683
Iter 1086/2000 - Loss: 0.8683
Iter 1087/2000 - Loss: 0.8683
Iter 1088/2000 - Loss: 0.8683
Iter 1089/2000 - Loss: 0.8683
Iter 1090/2000 - Loss: 0.8683
Iter 1091/2000 - Loss: 0.8683
Iter 1092/2000 - Loss: 0.8683
Iter 1093/2000 - Loss: 0.8683
Iter 1094/2000 - Loss: 0.8683
Iter 1095/2000 - Loss: 0.8683
Iter 1096/2000 - Loss: 0.8683
Iter 1097/2000 - Loss: 0.8683
Iter 1098/2000 - Loss: 0.8683
Iter 1099/2000 - Loss: 0.8683
Iter 1100/2000 - Loss: 0.8683
Iter 1101/2000 - Loss: 0.8683
Iter 1102/2000 - Loss: 0.8683
Iter 1103/2000 - Loss: 0.8683
Iter 1104/2000 - Loss: 0.8683
Iter 1105/2000 - Loss: 0.8683
Iter 1106/2000 - Loss: 0.8683
Iter 1107/2000 - Loss: 0.8683
Iter 1108/2000 - Loss: 0.8683
Iter 1109/2000 - Loss: 0.8683
Iter 1110/2000 - Loss: 0.8683
Iter 1111/2000 - Loss: 0.8683
Iter 1112/2000 - Loss: 0.8683
Iter 1113/2000 - Loss: 0.8683
Iter 1114/2000 - Loss: 0.8683
Iter 1115/2000 - Loss: 0.8683
Iter 1116/2000 - Loss: 0.8683
Iter 1117/2000 - Loss: 0.8683
Iter 1118/2000 - Loss: 0.8683
Iter 1119/2000 - Loss: 0.8683
Iter 1120/2000 - Loss: 0.8683
Iter 1121/2000 - Loss: 0.8683
Iter 1122/2000 - Loss: 0.8683
Iter 1123/2000 - Loss: 0.8683
Iter 1124/2000 - Loss: 0.8683
Iter 1125/2000 - Loss: 0.8683
Iter 1126/2000 - Loss: 0.8683
Iter 1127/2000 - Loss: 0.8683
Iter 1128/2000 - Loss: 0.8683
Iter 1129/2000 - Loss: 0.8683
Iter 1130/2000 - Loss: 0.8683
Iter 1131/2000 - Loss: 0.8683
Iter 1132/2000 - Loss: 0.8683
Iter 1133/2000 - Loss: 0.8683
Iter 1134/2000 - Loss: 0.8683
Iter 1135/2000 - Loss: 0.8683
Iter 1136/2000 - Loss: 0.8683
Iter 1137/2000 - Loss: 0.8683
Iter 1138/2000 - Loss: 0.8683
Iter 1139/2000 - Loss: 0.8683
Iter 1140/2000 - Loss: 0.8683
Iter 1141/2000 - Loss: 0.8683
Iter 1142/2000 - Loss: 0.8683
Iter 1143/2000 - Loss: 0.8683
Iter 1144/2000 - Loss: 0.8683
Iter 1145/2000 - Loss: 0.8683
Iter 1146/2000 - Loss: 0.8683
Iter 1147/2000 - Loss: 0.8683
Iter 1148/2000 - Loss: 0.8683
Iter 1149/2000 - Loss: 0.8683
Iter 1150/2000 - Loss: 0.8683
Iter 1151/2000 - Loss: 0.8683
Iter 1152/2000 - Loss: 0.8683
Iter 1153/2000 - Loss: 0.8683
Iter 1154/2000 - Loss: 0.8683
Iter 1155/2000 - Loss: 0.8683
Iter 1156/2000 - Loss: 0.8683
Iter 1157/2000 - Loss: 0.8683
Iter 1158/2000 - Loss: 0.8683
Iter 1159/2000 - Loss: 0.8683
Iter 1160/2000 - Loss: 0.8683
Iter 1161/2000 - Loss: 0.8683
Iter 1162/2000 - Loss: 0.8683
Iter 1163/2000 - Loss: 0.8683
Iter 1164/2000 - Loss: 0.8683
Iter 1165/2000 - Loss: 0.8683
Iter 1166/2000 - Loss: 0.8683
Iter 1167/2000 - Loss: 0.8683
Iter 1168/2000 - Loss: 0.8683
Iter 1169/2000 - Loss: 0.8683
Iter 1170/2000 - Loss: 0.8683
Iter 1171/2000 - Loss: 0.8683
Iter 1172/2000 - Loss: 0.8683
Iter 1173/2000 - Loss: 0.8683
Iter 1174/2000 - Loss: 0.8683
Iter 1175/2000 - Loss: 0.8683
Iter 1176/2000 - Loss: 0.8683
Iter 1177/2000 - Loss: 0.8683
Iter 1178/2000 - Loss: 0.8683
Iter 1179/2000 - Loss: 0.8683
Iter 1180/2000 - Loss: 0.8683
Iter 1181/2000 - Loss: 0.8683
Iter 1182/2000 - Loss: 0.8683
Iter 1183/2000 - Loss: 0.8683
Iter 1184/2000 - Loss: 0.8683
Iter 1185/2000 - Loss: 0.8683
Iter 1186/2000 - Loss: 0.8683
Iter 1187/2000 - Loss: 0.8683
Iter 1188/2000 - Loss: 0.8683
Iter 1189/2000 - Loss: 0.8683
Iter 1190/2000 - Loss: 0.8683
Iter 1191/2000 - Loss: 0.8683
Iter 1192/2000 - Loss: 0.8683
Iter 1193/2000 - Loss: 0.8683
Iter 1194/2000 - Loss: 0.8683
Iter 1195/2000 - Loss: 0.8683
Iter 1196/2000 - Loss: 0.8683
Iter 1197/2000 - Loss: 0.8683
Iter 1198/2000 - Loss: 0.8683
Iter 1199/2000 - Loss: 0.8683
Iter 1200/2000 - Loss: 0.8683
Iter 1201/2000 - Loss: 0.8683
Iter 1202/2000 - Loss: 0.8683
Iter 1203/2000 - Loss: 0.8683
Iter 1204/2000 - Loss: 0.8683
Iter 1205/2000 - Loss: 0.8683
Iter 1206/2000 - Loss: 0.8683
Iter 1207/2000 - Loss: 0.8683
Iter 1208/2000 - Loss: 0.8683
Iter 1209/2000 - Loss: 0.8683
Iter 1210/2000 - Loss: 0.8683
Iter 1211/2000 - Loss: 0.8683
Iter 1212/2000 - Loss: 0.8683
Iter 1213/2000 - Loss: 0.8683
Iter 1214/2000 - Loss: 0.8683
Iter 1215/2000 - Loss: 0.8683
Iter 1216/2000 - Loss: 0.8683
Iter 1217/2000 - Loss: 0.8683
Iter 1218/2000 - Loss: 0.8683
Iter 1219/2000 - Loss: 0.8683
Iter 1220/2000 - Loss: 0.8683
Iter 1221/2000 - Loss: 0.8683
Iter 1222/2000 - Loss: 0.8683
Iter 1223/2000 - Loss: 0.8683
Iter 1224/2000 - Loss: 0.8683
Iter 1225/2000 - Loss: 0.8683
Iter 1226/2000 - Loss: 0.8683
Iter 1227/2000 - Loss: 0.8683
Iter 1228/2000 - Loss: 0.8683
Iter 1229/2000 - Loss: 0.8683
Iter 1230/2000 - Loss: 0.8683
Iter 1231/2000 - Loss: 0.8683
Iter 1232/2000 - Loss: 0.8683
Iter 1233/2000 - Loss: 0.8683
Iter 1234/2000 - Loss: 0.8683
Iter 1235/2000 - Loss: 0.8683
Iter 1236/2000 - Loss: 0.8683
Iter 1237/2000 - Loss: 0.8683
Iter 1238/2000 - Loss: 0.8683
Iter 1239/2000 - Loss: 0.8683
Iter 1240/2000 - Loss: 0.8683
Iter 1241/2000 - Loss: 0.8683
Iter 1242/2000 - Loss: 0.8683
Iter 1243/2000 - Loss: 0.8683
Iter 1244/2000 - Loss: 0.8683
Iter 1245/2000 - Loss: 0.8683
Iter 1246/2000 - Loss: 0.8683
Iter 1247/2000 - Loss: 0.8683
Iter 1248/2000 - Loss: 0.8683
Iter 1249/2000 - Loss: 0.8683
Iter 1250/2000 - Loss: 0.8683
Iter 1251/2000 - Loss: 0.8683
Iter 1252/2000 - Loss: 0.8683
Iter 1253/2000 - Loss: 0.8683
Iter 1254/2000 - Loss: 0.8683
Iter 1255/2000 - Loss: 0.8683
Iter 1256/2000 - Loss: 0.8683
Iter 1257/2000 - Loss: 0.8683
Iter 1258/2000 - Loss: 0.8683
Iter 1259/2000 - Loss: 0.8683
Iter 1260/2000 - Loss: 0.8683
Iter 1261/2000 - Loss: 0.8683
Iter 1262/2000 - Loss: 0.8683
Iter 1263/2000 - Loss: 0.8683
Iter 1264/2000 - Loss: 0.8683
Iter 1265/2000 - Loss: 0.8683
Iter 1266/2000 - Loss: 0.8683
Iter 1267/2000 - Loss: 0.8683
Iter 1268/2000 - Loss: 0.8683
Iter 1269/2000 - Loss: 0.8683
Iter 1270/2000 - Loss: 0.8683
Iter 1271/2000 - Loss: 0.8683
Iter 1272/2000 - Loss: 0.8683
Iter 1273/2000 - Loss: 0.8683
Iter 1274/2000 - Loss: 0.8683
Iter 1275/2000 - Loss: 0.8683
Iter 1276/2000 - Loss: 0.8683
Iter 1277/2000 - Loss: 0.8683
Iter 1278/2000 - Loss: 0.8683
Iter 1279/2000 - Loss: 0.8683
Iter 1280/2000 - Loss: 0.8683
Iter 1281/2000 - Loss: 0.8683
Iter 1282/2000 - Loss: 0.8683
Iter 1283/2000 - Loss: 0.8683
Iter 1284/2000 - Loss: 0.8683
Iter 1285/2000 - Loss: 0.8683
Iter 1286/2000 - Loss: 0.8683
Iter 1287/2000 - Loss: 0.8683
Iter 1288/2000 - Loss: 0.8683
Iter 1289/2000 - Loss: 0.8683
Iter 1290/2000 - Loss: 0.8683
Iter 1291/2000 - Loss: 0.8683
Iter 1292/2000 - Loss: 0.8683
Iter 1293/2000 - Loss: 0.8683
Iter 1294/2000 - Loss: 0.8683
Iter 1295/2000 - Loss: 0.8683
Iter 1296/2000 - Loss: 0.8683
Iter 1297/2000 - Loss: 0.8683
Iter 1298/2000 - Loss: 0.8683
Iter 1299/2000 - Loss: 0.8683
Iter 1300/2000 - Loss: 0.8683
Iter 1301/2000 - Loss: 0.8683
Iter 1302/2000 - Loss: 0.8683
Iter 1303/2000 - Loss: 0.8683
Iter 1304/2000 - Loss: 0.8683
Iter 1305/2000 - Loss: 0.8683
Iter 1306/2000 - Loss: 0.8683
Iter 1307/2000 - Loss: 0.8683
Iter 1308/2000 - Loss: 0.8683
Iter 1309/2000 - Loss: 0.8683
Iter 1310/2000 - Loss: 0.8683
Iter 1311/2000 - Loss: 0.8683
Iter 1312/2000 - Loss: 0.8683
Iter 1313/2000 - Loss: 0.8683
Iter 1314/2000 - Loss: 0.8683
Iter 1315/2000 - Loss: 0.8683
Iter 1316/2000 - Loss: 0.8683
Iter 1317/2000 - Loss: 0.8683
Iter 1318/2000 - Loss: 0.8683
Iter 1319/2000 - Loss: 0.8683
Iter 1320/2000 - Loss: 0.8683
Iter 1321/2000 - Loss: 0.8683
Iter 1322/2000 - Loss: 0.8683
Iter 1323/2000 - Loss: 0.8683
Iter 1324/2000 - Loss: 0.8683
Iter 1325/2000 - Loss: 0.8683
Iter 1326/2000 - Loss: 0.8683
Iter 1327/2000 - Loss: 0.8683
Iter 1328/2000 - Loss: 0.8683
Iter 1329/2000 - Loss: 0.8683
Iter 1330/2000 - Loss: 0.8683
Iter 1331/2000 - Loss: 0.8683
Iter 1332/2000 - Loss: 0.8683
Iter 1333/2000 - Loss: 0.8683
Iter 1334/2000 - Loss: 0.8683
Iter 1335/2000 - Loss: 0.8683
Iter 1336/2000 - Loss: 0.8683
Iter 1337/2000 - Loss: 0.8683
Iter 1338/2000 - Loss: 0.8683
Iter 1339/2000 - Loss: 0.8683
Iter 1340/2000 - Loss: 0.8683
Iter 1341/2000 - Loss: 0.8683
Iter 1342/2000 - Loss: 0.8683
Iter 1343/2000 - Loss: 0.8683
Iter 1344/2000 - Loss: 0.8683
Iter 1345/2000 - Loss: 0.8683
Iter 1346/2000 - Loss: 0.8683
Iter 1347/2000 - Loss: 0.8683
Iter 1348/2000 - Loss: 0.8683
Iter 1349/2000 - Loss: 0.8683
Iter 1350/2000 - Loss: 0.8683
Iter 1351/2000 - Loss: 0.8683
Iter 1352/2000 - Loss: 0.8682
Iter 1353/2000 - Loss: 0.8682
Iter 1354/2000 - Loss: 0.8682
Iter 1355/2000 - Loss: 0.8682
Iter 1356/2000 - Loss: 0.8682
Iter 1357/2000 - Loss: 0.8682
Iter 1358/2000 - Loss: 0.8682
Iter 1359/2000 - Loss: 0.8682
Iter 1360/2000 - Loss: 0.8682
Iter 1361/2000 - Loss: 0.8682
Iter 1362/2000 - Loss: 0.8682
Iter 1363/2000 - Loss: 0.8682
Iter 1364/2000 - Loss: 0.8682
Iter 1365/2000 - Loss: 0.8682
Iter 1366/2000 - Loss: 0.8682
Iter 1367/2000 - Loss: 0.8682
Iter 1368/2000 - Loss: 0.8682
Iter 1369/2000 - Loss: 0.8682
Iter 1370/2000 - Loss: 0.8682
Iter 1371/2000 - Loss: 0.8682
Iter 1372/2000 - Loss: 0.8682
Iter 1373/2000 - Loss: 0.8682
Iter 1374/2000 - Loss: 0.8682
Iter 1375/2000 - Loss: 0.8682
Iter 1376/2000 - Loss: 0.8682
Iter 1377/2000 - Loss: 0.8682
Iter 1378/2000 - Loss: 0.8682
Iter 1379/2000 - Loss: 0.8682
Iter 1380/2000 - Loss: 0.8682
Iter 1381/2000 - Loss: 0.8682
Iter 1382/2000 - Loss: 0.8682
Iter 1383/2000 - Loss: 0.8682
Iter 1384/2000 - Loss: 0.8682
Iter 1385/2000 - Loss: 0.8682
Iter 1386/2000 - Loss: 0.8682
Iter 1387/2000 - Loss: 0.8682
Iter 1388/2000 - Loss: 0.8682
Iter 1389/2000 - Loss: 0.8682
Iter 1390/2000 - Loss: 0.8682
Iter 1391/2000 - Loss: 0.8682
Iter 1392/2000 - Loss: 0.8682
Iter 1393/2000 - Loss: 0.8682
Iter 1394/2000 - Loss: 0.8682
Iter 1395/2000 - Loss: 0.8682
Iter 1396/2000 - Loss: 0.8682
Iter 1397/2000 - Loss: 0.8682
Iter 1398/2000 - Loss: 0.8682
Iter 1399/2000 - Loss: 0.8682
Iter 1400/2000 - Loss: 0.8682
Iter 1401/2000 - Loss: 0.8682
Iter 1402/2000 - Loss: 0.8682
Iter 1403/2000 - Loss: 0.8682
Iter 1404/2000 - Loss: 0.8682
Iter 1405/2000 - Loss: 0.8682
Iter 1406/2000 - Loss: 0.8682
Iter 1407/2000 - Loss: 0.8681
Iter 1408/2000 - Loss: 0.8681
Iter 1409/2000 - Loss: 0.8681
Iter 1410/2000 - Loss: 0.8681
Iter 1411/2000 - Loss: 0.8681
Iter 1412/2000 - Loss: 0.8681
Iter 1413/2000 - Loss: 0.8681
Iter 1414/2000 - Loss: 0.8681
Iter 1415/2000 - Loss: 0.8681
Iter 1416/2000 - Loss: 0.8681
Iter 1417/2000 - Loss: 0.8681
Iter 1418/2000 - Loss: 0.8681
Iter 1419/2000 - Loss: 0.8681
Iter 1420/2000 - Loss: 0.8681
Iter 1421/2000 - Loss: 0.8681
Iter 1422/2000 - Loss: 0.8681
Iter 1423/2000 - Loss: 0.8681
Iter 1424/2000 - Loss: 0.8681
Iter 1425/2000 - Loss: 0.8681
Iter 1426/2000 - Loss: 0.8681
Iter 1427/2000 - Loss: 0.8681
Iter 1428/2000 - Loss: 0.8681
Iter 1429/2000 - Loss: 0.8681
Iter 1430/2000 - Loss: 0.8681
Iter 1431/2000 - Loss: 0.8681
Iter 1432/2000 - Loss: 0.8680
Iter 1433/2000 - Loss: 0.8680
Iter 1434/2000 - Loss: 0.8680
Iter 1435/2000 - Loss: 0.8680
Iter 1436/2000 - Loss: 0.8680
Iter 1437/2000 - Loss: 0.8680
Iter 1438/2000 - Loss: 0.8680
Iter 1439/2000 - Loss: 0.8680
Iter 1440/2000 - Loss: 0.8680
Iter 1441/2000 - Loss: 0.8680
Iter 1442/2000 - Loss: 0.8680
Iter 1443/2000 - Loss: 0.8680
Iter 1444/2000 - Loss: 0.8680
Iter 1445/2000 - Loss: 0.8680
Iter 1446/2000 - Loss: 0.8680
Iter 1447/2000 - Loss: 0.8680
Iter 1448/2000 - Loss: 0.8680
Iter 1449/2000 - Loss: 0.8680
Iter 1450/2000 - Loss: 0.8679
Iter 1451/2000 - Loss: 0.8679
Iter 1452/2000 - Loss: 0.8679
Iter 1453/2000 - Loss: 0.8679
Iter 1454/2000 - Loss: 0.8679
Iter 1455/2000 - Loss: 0.8679
Iter 1456/2000 - Loss: 0.8679
Iter 1457/2000 - Loss: 0.8679
Iter 1458/2000 - Loss: 0.8679
Iter 1459/2000 - Loss: 0.8679
Iter 1460/2000 - Loss: 0.8679
Iter 1461/2000 - Loss: 0.8679
Iter 1462/2000 - Loss: 0.8679
Iter 1463/2000 - Loss: 0.8679
Iter 1464/2000 - Loss: 0.8679
Iter 1465/2000 - Loss: 0.8679
Iter 1466/2000 - Loss: 0.8678
Iter 1467/2000 - Loss: 0.8678
Iter 1468/2000 - Loss: 0.8678
Iter 1469/2000 - Loss: 0.8678
Iter 1470/2000 - Loss: 0.8678
Iter 1471/2000 - Loss: 0.8678
Iter 1472/2000 - Loss: 0.8678
Iter 1473/2000 - Loss: 0.8678
Iter 1474/2000 - Loss: 0.8678
Iter 1475/2000 - Loss: 0.8678
Iter 1476/2000 - Loss: 0.8678
Iter 1477/2000 - Loss: 0.8678
Iter 1478/2000 - Loss: 0.8678
Iter 1479/2000 - Loss: 0.8678
Iter 1480/2000 - Loss: 0.8677
Iter 1481/2000 - Loss: 0.8677
Iter 1482/2000 - Loss: 0.8677
Iter 1483/2000 - Loss: 0.8677
Iter 1484/2000 - Loss: 0.8677
Iter 1485/2000 - Loss: 0.8677
Iter 1486/2000 - Loss: 0.8677
Iter 1487/2000 - Loss: 0.8677
Iter 1488/2000 - Loss: 0.8677
Iter 1489/2000 - Loss: 0.8677
Iter 1490/2000 - Loss: 0.8677
Iter 1491/2000 - Loss: 0.8677
Iter 1492/2000 - Loss: 0.8677
Iter 1493/2000 - Loss: 0.8677
Iter 1494/2000 - Loss: 0.8676
Iter 1495/2000 - Loss: 0.8676
Iter 1496/2000 - Loss: 0.8676
Iter 1497/2000 - Loss: 0.8676
Iter 1498/2000 - Loss: 0.8676
Iter 1499/2000 - Loss: 0.8676
Iter 1500/2000 - Loss: 0.8676
Iter 1501/2000 - Loss: 0.8676
Iter 1502/2000 - Loss: 0.8676
Iter 1503/2000 - Loss: 0.8676
Iter 1504/2000 - Loss: 0.8676
Iter 1505/2000 - Loss: 0.8676
Iter 1506/2000 - Loss: 0.8676
Iter 1507/2000 - Loss: 0.8676
Iter 1508/2000 - Loss: 0.8675
Iter 1509/2000 - Loss: 0.8675
Iter 1510/2000 - Loss: 0.8675
Iter 1511/2000 - Loss: 0.8675
Iter 1512/2000 - Loss: 0.8675
Iter 1513/2000 - Loss: 0.8675
Iter 1514/2000 - Loss: 0.8675
Iter 1515/2000 - Loss: 0.8675
Iter 1516/2000 - Loss: 0.8675
Iter 1517/2000 - Loss: 0.8675
Iter 1518/2000 - Loss: 0.8675
Iter 1519/2000 - Loss: 0.8675
Iter 1520/2000 - Loss: 0.8675
Iter 1521/2000 - Loss: 0.8675
Iter 1522/2000 - Loss: 0.8674
Iter 1523/2000 - Loss: 0.8674
Iter 1524/2000 - Loss: 0.8674
Iter 1525/2000 - Loss: 0.8674
Iter 1526/2000 - Loss: 0.8674
Iter 1527/2000 - Loss: 0.8674
Iter 1528/2000 - Loss: 0.8674
Iter 1529/2000 - Loss: 0.8674
Iter 1530/2000 - Loss: 0.8674
Iter 1531/2000 - Loss: 0.8674
Iter 1532/2000 - Loss: 0.8674
Iter 1533/2000 - Loss: 0.8674
Iter 1534/2000 - Loss: 0.8674
Iter 1535/2000 - Loss: 0.8674
Iter 1536/2000 - Loss: 0.8674
Iter 1537/2000 - Loss: 0.8674
Iter 1538/2000 - Loss: 0.8673
Iter 1539/2000 - Loss: 0.8673
Iter 1540/2000 - Loss: 0.8673
Iter 1541/2000 - Loss: 0.8673
Iter 1542/2000 - Loss: 0.8673
Iter 1543/2000 - Loss: 0.8673
Iter 1544/2000 - Loss: 0.8673
Iter 1545/2000 - Loss: 0.8673
Iter 1546/2000 - Loss: 0.8673
Iter 1547/2000 - Loss: 0.8673
Iter 1548/2000 - Loss: 0.8673
Iter 1549/2000 - Loss: 0.8673
Iter 1550/2000 - Loss: 0.8673
Iter 1551/2000 - Loss: 0.8673
Iter 1552/2000 - Loss: 0.8673
Iter 1553/2000 - Loss: 0.8673
Iter 1554/2000 - Loss: 0.8673
Iter 1555/2000 - Loss: 0.8673
Iter 1556/2000 - Loss: 0.8672
Iter 1557/2000 - Loss: 0.8672
Iter 1558/2000 - Loss: 0.8672
Iter 1559/2000 - Loss: 0.8672
Iter 1560/2000 - Loss: 0.8672
Iter 1561/2000 - Loss: 0.8672
Iter 1562/2000 - Loss: 0.8672
Iter 1563/2000 - Loss: 0.8672
Iter 1564/2000 - Loss: 0.8672
Iter 1565/2000 - Loss: 0.8672
Iter 1566/2000 - Loss: 0.8672
Iter 1567/2000 - Loss: 0.8672
Iter 1568/2000 - Loss: 0.8672
Iter 1569/2000 - Loss: 0.8672
Iter 1570/2000 - Loss: 0.8672
Iter 1571/2000 - Loss: 0.8672
Iter 1572/2000 - Loss: 0.8672
Iter 1573/2000 - Loss: 0.8672
Iter 1574/2000 - Loss: 0.8672
Iter 1575/2000 - Loss: 0.8672
Iter 1576/2000 - Loss: 0.8671
Iter 1577/2000 - Loss: 0.8671
Iter 1578/2000 - Loss: 0.8671
Iter 1579/2000 - Loss: 0.8671
Iter 1580/2000 - Loss: 0.8671
Iter 1581/2000 - Loss: 0.8671
Iter 1582/2000 - Loss: 0.8671
Iter 1583/2000 - Loss: 0.8671
Iter 1584/2000 - Loss: 0.8671
Iter 1585/2000 - Loss: 0.8671
Iter 1586/2000 - Loss: 0.8671
Iter 1587/2000 - Loss: 0.8671
Iter 1588/2000 - Loss: 0.8671
Iter 1589/2000 - Loss: 0.8671
Iter 1590/2000 - Loss: 0.8671
Iter 1591/2000 - Loss: 0.8671
Iter 1592/2000 - Loss: 0.8671
Iter 1593/2000 - Loss: 0.8671
Iter 1594/2000 - Loss: 0.8671
Iter 1595/2000 - Loss: 0.8671
Iter 1596/2000 - Loss: 0.8671
Iter 1597/2000 - Loss: 0.8671
Iter 1598/2000 - Loss: 0.8671
Iter 1599/2000 - Loss: 0.8671
Iter 1600/2000 - Loss: 0.8671
Iter 1601/2000 - Loss: 0.8671
Iter 1602/2000 - Loss: 0.8670
Iter 1603/2000 - Loss: 0.8670
Iter 1604/2000 - Loss: 0.8670
Iter 1605/2000 - Loss: 0.8670
Iter 1606/2000 - Loss: 0.8670
Iter 1607/2000 - Loss: 0.8670
Iter 1608/2000 - Loss: 0.8670
Iter 1609/2000 - Loss: 0.8670
Iter 1610/2000 - Loss: 0.8670
Iter 1611/2000 - Loss: 0.8670
Iter 1612/2000 - Loss: 0.8670
Iter 1613/2000 - Loss: 0.8670
Iter 1614/2000 - Loss: 0.8670
Iter 1615/2000 - Loss: 0.8670
Iter 1616/2000 - Loss: 0.8670
Iter 1617/2000 - Loss: 0.8670
Iter 1618/2000 - Loss: 0.8670
Iter 1619/2000 - Loss: 0.8670
Iter 1620/2000 - Loss: 0.8670
Iter 1621/2000 - Loss: 0.8670
Iter 1622/2000 - Loss: 0.8670
Iter 1623/2000 - Loss: 0.8670
Iter 1624/2000 - Loss: 0.8670
Iter 1625/2000 - Loss: 0.8670
Iter 1626/2000 - Loss: 0.8670
Iter 1627/2000 - Loss: 0.8670
Iter 1628/2000 - Loss: 0.8670
Iter 1629/2000 - Loss: 0.8670
Iter 1630/2000 - Loss: 0.8670
Iter 1631/2000 - Loss: 0.8670
Iter 1632/2000 - Loss: 0.8670
Iter 1633/2000 - Loss: 0.8670
Iter 1634/2000 - Loss: 0.8669
Iter 1635/2000 - Loss: 0.8669
Iter 1636/2000 - Loss: 0.8669
Iter 1637/2000 - Loss: 0.8669
Iter 1638/2000 - Loss: 0.8669
Iter 1639/2000 - Loss: 0.8669
Iter 1640/2000 - Loss: 0.8669
Iter 1641/2000 - Loss: 0.8669
Iter 1642/2000 - Loss: 0.8669
Iter 1643/2000 - Loss: 0.8669
Iter 1644/2000 - Loss: 0.8669
Iter 1645/2000 - Loss: 0.8669
Iter 1646/2000 - Loss: 0.8669
Iter 1647/2000 - Loss: 0.8669
Iter 1648/2000 - Loss: 0.8669
Iter 1649/2000 - Loss: 0.8669
Iter 1650/2000 - Loss: 0.8669
Iter 1651/2000 - Loss: 0.8669
Iter 1652/2000 - Loss: 0.8669
Iter 1653/2000 - Loss: 0.8669
Iter 1654/2000 - Loss: 0.8669
Iter 1655/2000 - Loss: 0.8669
Iter 1656/2000 - Loss: 0.8669
Iter 1657/2000 - Loss: 0.8669
Iter 1658/2000 - Loss: 0.8669
Iter 1659/2000 - Loss: 0.8669
Iter 1660/2000 - Loss: 0.8669
Iter 1661/2000 - Loss: 0.8669
Iter 1662/2000 - Loss: 0.8669
Iter 1663/2000 - Loss: 0.8669
Iter 1664/2000 - Loss: 0.8669
Iter 1665/2000 - Loss: 0.8669
Iter 1666/2000 - Loss: 0.8669
Iter 1667/2000 - Loss: 0.8669
Iter 1668/2000 - Loss: 0.8669
Iter 1669/2000 - Loss: 0.8669
Iter 1670/2000 - Loss: 0.8669
Iter 1671/2000 - Loss: 0.8669
Iter 1672/2000 - Loss: 0.8669
Iter 1673/2000 - Loss: 0.8669
Iter 1674/2000 - Loss: 0.8669
Iter 1675/2000 - Loss: 0.8669
Iter 1676/2000 - Loss: 0.8669
Iter 1677/2000 - Loss: 0.8668
Iter 1678/2000 - Loss: 0.8668
Iter 1679/2000 - Loss: 0.8668
Iter 1680/2000 - Loss: 0.8668
Iter 1681/2000 - Loss: 0.8668
Iter 1682/2000 - Loss: 0.8668
Iter 1683/2000 - Loss: 0.8668
Iter 1684/2000 - Loss: 0.8668
Iter 1685/2000 - Loss: 0.8668
Iter 1686/2000 - Loss: 0.8668
Iter 1687/2000 - Loss: 0.8668
Iter 1688/2000 - Loss: 0.8668
Iter 1689/2000 - Loss: 0.8668
Iter 1690/2000 - Loss: 0.8668
Iter 1691/2000 - Loss: 0.8668
Iter 1692/2000 - Loss: 0.8668
Iter 1693/2000 - Loss: 0.8668
Iter 1694/2000 - Loss: 0.8668
Iter 1695/2000 - Loss: 0.8668
Iter 1696/2000 - Loss: 0.8668
Iter 1697/2000 - Loss: 0.8668
Iter 1698/2000 - Loss: 0.8668
Iter 1699/2000 - Loss: 0.8668
Iter 1700/2000 - Loss: 0.8668
Iter 1701/2000 - Loss: 0.8668
Iter 1702/2000 - Loss: 0.8668
Iter 1703/2000 - Loss: 0.8668
Iter 1704/2000 - Loss: 0.8668
Iter 1705/2000 - Loss: 0.8668
Iter 1706/2000 - Loss: 0.8668
Iter 1707/2000 - Loss: 0.8668
Iter 1708/2000 - Loss: 0.8668
Iter 1709/2000 - Loss: 0.8668
Iter 1710/2000 - Loss: 0.8668
Iter 1711/2000 - Loss: 0.8668
Iter 1712/2000 - Loss: 0.8668
Iter 1713/2000 - Loss: 0.8668
Iter 1714/2000 - Loss: 0.8668
Iter 1715/2000 - Loss: 0.8668
Iter 1716/2000 - Loss: 0.8668
Iter 1717/2000 - Loss: 0.8668
Iter 1718/2000 - Loss: 0.8668
Iter 1719/2000 - Loss: 0.8668
Iter 1720/2000 - Loss: 0.8668
Iter 1721/2000 - Loss: 0.8668
Iter 1722/2000 - Loss: 0.8668
Iter 1723/2000 - Loss: 0.8668
Iter 1724/2000 - Loss: 0.8668
Iter 1725/2000 - Loss: 0.8668
Iter 1726/2000 - Loss: 0.8668
Iter 1727/2000 - Loss: 0.8668
Iter 1728/2000 - Loss: 0.8668
Iter 1729/2000 - Loss: 0.8668
Iter 1730/2000 - Loss: 0.8668
Iter 1731/2000 - Loss: 0.8668
Iter 1732/2000 - Loss: 0.8668
Iter 1733/2000 - Loss: 0.8668
Iter 1734/2000 - Loss: 0.8668
Iter 1735/2000 - Loss: 0.8668
Iter 1736/2000 - Loss: 0.8668
Iter 1737/2000 - Loss: 0.8668
Iter 1738/2000 - Loss: 0.8668
Iter 1739/2000 - Loss: 0.8668
Iter 1740/2000 - Loss: 0.8667
Iter 1741/2000 - Loss: 0.8667
Iter 1742/2000 - Loss: 0.8667
Iter 1743/2000 - Loss: 0.8667
Iter 1744/2000 - Loss: 0.8667
Iter 1745/2000 - Loss: 0.8667
Iter 1746/2000 - Loss: 0.8667
Iter 1747/2000 - Loss: 0.8667
Iter 1748/2000 - Loss: 0.8667
Iter 1749/2000 - Loss: 0.8667
Iter 1750/2000 - Loss: 0.8667
Iter 1751/2000 - Loss: 0.8667
Iter 1752/2000 - Loss: 0.8667
Iter 1753/2000 - Loss: 0.8667
Iter 1754/2000 - Loss: 0.8667
Iter 1755/2000 - Loss: 0.8667
Iter 1756/2000 - Loss: 0.8667
Iter 1757/2000 - Loss: 0.8667
Iter 1758/2000 - Loss: 0.8667
Iter 1759/2000 - Loss: 0.8667
Iter 1760/2000 - Loss: 0.8667
Iter 1761/2000 - Loss: 0.8667
Iter 1762/2000 - Loss: 0.8667
Iter 1763/2000 - Loss: 0.8667
Iter 1764/2000 - Loss: 0.8667
Iter 1765/2000 - Loss: 0.8667
Iter 1766/2000 - Loss: 0.8667
Iter 1767/2000 - Loss: 0.8667
Iter 1768/2000 - Loss: 0.8667
Iter 1769/2000 - Loss: 0.8667
Iter 1770/2000 - Loss: 0.8667
Iter 1771/2000 - Loss: 0.8667
Iter 1772/2000 - Loss: 0.8667
Iter 1773/2000 - Loss: 0.8667
Iter 1774/2000 - Loss: 0.8667
Iter 1775/2000 - Loss: 0.8667
Iter 1776/2000 - Loss: 0.8667
Iter 1777/2000 - Loss: 0.8667
Iter 1778/2000 - Loss: 0.8667
Iter 1779/2000 - Loss: 0.8667
Iter 1780/2000 - Loss: 0.8667
Iter 1781/2000 - Loss: 0.8667
Iter 1782/2000 - Loss: 0.8667
Iter 1783/2000 - Loss: 0.8667
Iter 1784/2000 - Loss: 0.8667
Iter 1785/2000 - Loss: 0.8667
Iter 1786/2000 - Loss: 0.8667
Iter 1787/2000 - Loss: 0.8667
Iter 1788/2000 - Loss: 0.8667
Iter 1789/2000 - Loss: 0.8667
Iter 1790/2000 - Loss: 0.8667
Iter 1791/2000 - Loss: 0.8667
Iter 1792/2000 - Loss: 0.8667
Iter 1793/2000 - Loss: 0.8667
Iter 1794/2000 - Loss: 0.8667
Iter 1795/2000 - Loss: 0.8667
Iter 1796/2000 - Loss: 0.8667
Iter 1797/2000 - Loss: 0.8667
Iter 1798/2000 - Loss: 0.8667
Iter 1799/2000 - Loss: 0.8667
Iter 1800/2000 - Loss: 0.8667
Iter 1801/2000 - Loss: 0.8667
Iter 1802/2000 - Loss: 0.8667
Iter 1803/2000 - Loss: 0.8667
Iter 1804/2000 - Loss: 0.8667
Iter 1805/2000 - Loss: 0.8667
Iter 1806/2000 - Loss: 0.8667
Iter 1807/2000 - Loss: 0.8667
Iter 1808/2000 - Loss: 0.8667
Iter 1809/2000 - Loss: 0.8667
Iter 1810/2000 - Loss: 0.8667
Iter 1811/2000 - Loss: 0.8667
Iter 1812/2000 - Loss: 0.8667
Iter 1813/2000 - Loss: 0.8667
Iter 1814/2000 - Loss: 0.8667
Iter 1815/2000 - Loss: 0.8667
Iter 1816/2000 - Loss: 0.8667
Iter 1817/2000 - Loss: 0.8667
Iter 1818/2000 - Loss: 0.8667
Iter 1819/2000 - Loss: 0.8667
Iter 1820/2000 - Loss: 0.8667
Iter 1821/2000 - Loss: 0.8667
Iter 1822/2000 - Loss: 0.8667
Iter 1823/2000 - Loss: 0.8667
Iter 1824/2000 - Loss: 0.8667
Iter 1825/2000 - Loss: 0.8667
Iter 1826/2000 - Loss: 0.8667
Iter 1827/2000 - Loss: 0.8667
Iter 1828/2000 - Loss: 0.8667
Iter 1829/2000 - Loss: 0.8667
Iter 1830/2000 - Loss: 0.8667
Iter 1831/2000 - Loss: 0.8667
Iter 1832/2000 - Loss: 0.8667
Iter 1833/2000 - Loss: 0.8667
Iter 1834/2000 - Loss: 0.8667
Iter 1835/2000 - Loss: 0.8667
Iter 1836/2000 - Loss: 0.8667
Iter 1837/2000 - Loss: 0.8667
Iter 1838/2000 - Loss: 0.8667
Iter 1839/2000 - Loss: 0.8667
Iter 1840/2000 - Loss: 0.8666
Iter 1841/2000 - Loss: 0.8666
Iter 1842/2000 - Loss: 0.8666
Iter 1843/2000 - Loss: 0.8666
Iter 1844/2000 - Loss: 0.8666
Iter 1845/2000 - Loss: 0.8666
Iter 1846/2000 - Loss: 0.8666
Iter 1847/2000 - Loss: 0.8666
Iter 1848/2000 - Loss: 0.8666
Iter 1849/2000 - Loss: 0.8666
Iter 1850/2000 - Loss: 0.8666
Iter 1851/2000 - Loss: 0.8666
Iter 1852/2000 - Loss: 0.8666
Iter 1853/2000 - Loss: 0.8666
Iter 1854/2000 - Loss: 0.8666
Iter 1855/2000 - Loss: 0.8666
Iter 1856/2000 - Loss: 0.8666
Iter 1857/2000 - Loss: 0.8666
Iter 1858/2000 - Loss: 0.8666
Iter 1859/2000 - Loss: 0.8666
Iter 1860/2000 - Loss: 0.8666
Iter 1861/2000 - Loss: 0.8666
Iter 1862/2000 - Loss: 0.8666
Iter 1863/2000 - Loss: 0.8666
Iter 1864/2000 - Loss: 0.8666
Iter 1865/2000 - Loss: 0.8666
Iter 1866/2000 - Loss: 0.8666
Iter 1867/2000 - Loss: 0.8666
Iter 1868/2000 - Loss: 0.8666
Iter 1869/2000 - Loss: 0.8666
Iter 1870/2000 - Loss: 0.8666
Iter 1871/2000 - Loss: 0.8666
Iter 1872/2000 - Loss: 0.8666
Iter 1873/2000 - Loss: 0.8666
Iter 1874/2000 - Loss: 0.8666
Iter 1875/2000 - Loss: 0.8666
Iter 1876/2000 - Loss: 0.8666
Iter 1877/2000 - Loss: 0.8666
Iter 1878/2000 - Loss: 0.8666
Iter 1879/2000 - Loss: 0.8666
Iter 1880/2000 - Loss: 0.8666
Iter 1881/2000 - Loss: 0.8666
Iter 1882/2000 - Loss: 0.8666
Iter 1883/2000 - Loss: 0.8666
Iter 1884/2000 - Loss: 0.8666
Iter 1885/2000 - Loss: 0.8666
Iter 1886/2000 - Loss: 0.8666
Iter 1887/2000 - Loss: 0.8666
Iter 1888/2000 - Loss: 0.8666
Iter 1889/2000 - Loss: 0.8666
Iter 1890/2000 - Loss: 0.8666
Iter 1891/2000 - Loss: 0.8666
Iter 1892/2000 - Loss: 0.8666
Iter 1893/2000 - Loss: 0.8666
Iter 1894/2000 - Loss: 0.8666
Iter 1895/2000 - Loss: 0.8666
Iter 1896/2000 - Loss: 0.8666
Iter 1897/2000 - Loss: 0.8666
Iter 1898/2000 - Loss: 0.8666
Iter 1899/2000 - Loss: 0.8666
Iter 1900/2000 - Loss: 0.8666
Iter 1901/2000 - Loss: 0.8666
Iter 1902/2000 - Loss: 0.8666
Iter 1903/2000 - Loss: 0.8666
Iter 1904/2000 - Loss: 0.8666
Iter 1905/2000 - Loss: 0.8666
Iter 1906/2000 - Loss: 0.8666
Iter 1907/2000 - Loss: 0.8666
Iter 1908/2000 - Loss: 0.8666
Iter 1909/2000 - Loss: 0.8666
Iter 1910/2000 - Loss: 0.8666
Iter 1911/2000 - Loss: 0.8666
Iter 1912/2000 - Loss: 0.8666
Iter 1913/2000 - Loss: 0.8666
Iter 1914/2000 - Loss: 0.8666
Iter 1915/2000 - Loss: 0.8666
Iter 1916/2000 - Loss: 0.8666
Iter 1917/2000 - Loss: 0.8666
Iter 1918/2000 - Loss: 0.8666
Iter 1919/2000 - Loss: 0.8666
Iter 1920/2000 - Loss: 0.8666
Iter 1921/2000 - Loss: 0.8666
Iter 1922/2000 - Loss: 0.8666
Iter 1923/2000 - Loss: 0.8666
Iter 1924/2000 - Loss: 0.8666
Iter 1925/2000 - Loss: 0.8666
Iter 1926/2000 - Loss: 0.8666
Iter 1927/2000 - Loss: 0.8666
Iter 1928/2000 - Loss: 0.8666
Iter 1929/2000 - Loss: 0.8666
Iter 1930/2000 - Loss: 0.8666
Iter 1931/2000 - Loss: 0.8666
Iter 1932/2000 - Loss: 0.8666
Iter 1933/2000 - Loss: 0.8666
Iter 1934/2000 - Loss: 0.8666
Iter 1935/2000 - Loss: 0.8666
Iter 1936/2000 - Loss: 0.8666
Iter 1937/2000 - Loss: 0.8666
Iter 1938/2000 - Loss: 0.8666
Iter 1939/2000 - Loss: 0.8666
Iter 1940/2000 - Loss: 0.8666
Iter 1941/2000 - Loss: 0.8666
Iter 1942/2000 - Loss: 0.8666
Iter 1943/2000 - Loss: 0.8666
Iter 1944/2000 - Loss: 0.8666
Iter 1945/2000 - Loss: 0.8666
Iter 1946/2000 - Loss: 0.8666
Iter 1947/2000 - Loss: 0.8666
Iter 1948/2000 - Loss: 0.8666
Iter 1949/2000 - Loss: 0.8666
Iter 1950/2000 - Loss: 0.8666
Iter 1951/2000 - Loss: 0.8666
Iter 1952/2000 - Loss: 0.8666
Iter 1953/2000 - Loss: 0.8666
Iter 1954/2000 - Loss: 0.8666
Iter 1955/2000 - Loss: 0.8666
Iter 1956/2000 - Loss: 0.8666
Iter 1957/2000 - Loss: 0.8666
Iter 1958/2000 - Loss: 0.8666
Iter 1959/2000 - Loss: 0.8666
Iter 1960/2000 - Loss: 0.8666
Iter 1961/2000 - Loss: 0.8666
Iter 1962/2000 - Loss: 0.8666
Iter 1963/2000 - Loss: 0.8666
Iter 1964/2000 - Loss: 0.8666
Iter 1965/2000 - Loss: 0.8666
Iter 1966/2000 - Loss: 0.8666
Iter 1967/2000 - Loss: 0.8666
Iter 1968/2000 - Loss: 0.8666
Iter 1969/2000 - Loss: 0.8666
Iter 1970/2000 - Loss: 0.8666
Iter 1971/2000 - Loss: 0.8666
Iter 1972/2000 - Loss: 0.8666
Iter 1973/2000 - Loss: 0.8666
Iter 1974/2000 - Loss: 0.8666
Iter 1975/2000 - Loss: 0.8666
Iter 1976/2000 - Loss: 0.8666
Iter 1977/2000 - Loss: 0.8666
Iter 1978/2000 - Loss: 0.8666
Iter 1979/2000 - Loss: 0.8666
Iter 1980/2000 - Loss: 0.8666
Iter 1981/2000 - Loss: 0.8666
Iter 1982/2000 - Loss: 0.8666
Iter 1983/2000 - Loss: 0.8666
Iter 1984/2000 - Loss: 0.8666
Iter 1985/2000 - Loss: 0.8666
Iter 1986/2000 - Loss: 0.8666
Iter 1987/2000 - Loss: 0.8666
Iter 1988/2000 - Loss: 0.8666
Iter 1989/2000 - Loss: 0.8666
Iter 1990/2000 - Loss: 0.8666
Iter 1991/2000 - Loss: 0.8666
Iter 1992/2000 - Loss: 0.8666
Iter 1993/2000 - Loss: 0.8666
Iter 1994/2000 - Loss: 0.8666
Iter 1995/2000 - Loss: 0.8666
Iter 1996/2000 - Loss: 0.8666
Iter 1997/2000 - Loss: 0.8666
Iter 1998/2000 - Loss: 0.8666
Iter 1999/2000 - Loss: 0.8666
Iter 2000/2000 - Loss: 0.8666
OrderedDict([('likelihood.raw_task_noises', tensor([-4.0005, -2.8862, -1.8086, -3.0441, -2.2158, -3.1328, -1.5149, -2.7519])), ('likelihood.raw_task_noises_constraint.lower_bound', tensor(1.0000e-04)), ('likelihood.raw_task_noises_constraint.upper_bound', tensor(inf)), ('mean_module.base_means.0.weights', tensor([[-1.2634],
        [-0.3450],
        [ 0.3227],
        [ 0.5197],
        [ 0.4808],
        [-2.7242],
        [ 1.1352]])), ('mean_module.base_means.0.bias', tensor([1.3731])), ('mean_module.base_means.1.weights', tensor([[-0.3640],
        [-0.1307],
        [ 0.8679],
        [ 2.4138],
        [ 0.1407],
        [ 0.0065],
        [ 0.1761]])), ('mean_module.base_means.1.bias', tensor([-1.2760])), ('mean_module.base_means.2.weights', tensor([[ 0.1164],
        [ 0.0212],
        [-1.0437],
        [-1.0554],
        [-0.4237],
        [ 1.7811],
        [ 0.1541]])), ('mean_module.base_means.2.bias', tensor([0.1469])), ('mean_module.base_means.3.weights', tensor([[ 0.1802],
        [ 0.4540],
        [-1.4014],
        [ 0.6582],
        [ 0.5365],
        [-0.1236],
        [-1.1753]])), ('mean_module.base_means.3.bias', tensor([0.2135])), ('mean_module.base_means.4.weights', tensor([[ 1.2727],
        [ 0.2941],
        [ 1.4870],
        [ 1.7498],
        [ 0.0820],
        [ 0.2353],
        [-0.8389]])), ('mean_module.base_means.4.bias', tensor([-2.2713])), ('mean_module.base_means.5.weights', tensor([[-0.0822],
        [-0.0681],
        [ 2.9357],
        [-0.1954],
        [-0.2156],
        [-1.6049],
        [ 0.3759]])), ('mean_module.base_means.5.bias', tensor([-0.6771])), ('mean_module.base_means.6.weights', tensor([[-0.1387],
        [ 0.3563],
        [-0.8274],
        [-0.8689],
        [ 0.2287],
        [ 1.0655],
        [-1.6981]])), ('mean_module.base_means.6.bias', tensor([0.4820])), ('mean_module.base_means.7.weights', tensor([[ 0.4260],
        [ 0.9211],
        [-0.8823],
        [-1.7901],
        [ 0.3673],
        [ 1.5867],
        [ 1.4081]])), ('mean_module.base_means.7.bias', tensor([-0.4878])), ('covar_module.task_covar_module.covar_factor', tensor([[ 0.1241],
        [ 0.1749],
        [-0.1286],
        [-0.8827],
        [ 0.1096],
        [ 0.2838],
        [ 0.0867],
        [-0.0041]])), ('covar_module.task_covar_module.raw_var', tensor([-0.7018, -0.3647, -0.4496, -2.9008, -0.3861, -1.8360, -0.6934, -0.6443])), ('covar_module.task_covar_module.raw_var_constraint.lower_bound', tensor(0.)), ('covar_module.task_covar_module.raw_var_constraint.upper_bound', tensor(inf)), ('covar_module.data_covar_module.raw_mixture_weights', tensor([-0.9281, -0.9281, -0.9137])), ('covar_module.data_covar_module.raw_mixture_means', tensor([[[-0.6220, -1.7019, -0.8749, -0.6213, -1.0824, -0.7013, -1.4747]],

        [[-0.6220, -1.7019, -0.8749, -0.6213, -1.0824, -0.7013, -1.4747]],

        [[-0.6225, -1.6975, -0.8753, -0.6213, -1.0833, -0.7014, -2.6120]]])), ('covar_module.data_covar_module.raw_mixture_scales', tensor([[[-1.2760, -0.8014, -1.4165, -1.4368, -0.6325, -1.3840, -0.3433]],

        [[-1.2760, -0.8014, -1.4165, -1.4368, -0.6325, -1.3840, -0.3433]],

        [[-1.2773, -0.7819, -1.4169, -1.4370, -0.6330, -1.3844, -2.5661]]])), ('covar_module.data_covar_module.raw_mixture_scales_constraint.lower_bound', tensor(0.)), ('covar_module.data_covar_module.raw_mixture_scales_constraint.upper_bound', tensor(inf)), ('covar_module.data_covar_module.raw_mixture_means_constraint.lower_bound', tensor(0.)), ('covar_module.data_covar_module.raw_mixture_means_constraint.upper_bound', tensor(inf)), ('covar_module.data_covar_module.raw_mixture_weights_constraint.lower_bound', tensor(0.)), ('covar_module.data_covar_module.raw_mixture_weights_constraint.upper_bound', tensor(inf))])
loading emulator from /oak/stanford/orgs/kipac/users/delon/aemulusnu_massfunction/GP_loBox_n50_45_1400.pkl
[2.127077289858007, 0.9952031976065809, 0.5108310372982461, 1.2419909313026665]
[2.139985655108277, 0.9926508704896735, 0.5040642742451791, 1.2423796816301222]
[2.162303706936969, 0.9893161506547707, 0.491631529992144, 1.2455054183626115]
[2.1753497877538277, 0.9853377356837718, 0.48137535370303103, 1.2466818987741988]
[2.2129276769329405, 0.982101918164244, 0.4710972769493189, 1.2473144480992548]
[2.2450410590587557, 0.9786376616856884, 0.4621910707199507, 1.2473218489792393]
[2.2541092739016317, 0.9763037563807043, 0.45857108003954866, 1.2473220434939267]
[2.270875007190349, 0.9742728038033959, 0.4550727640160587, 1.2473221190168535]
[2.2840223608048165, 0.9725125657432376, 0.45208942176672656, 1.2473222486998545]
[2.312666355190676, 0.9708795203211404, 0.4473620836736233, 1.2473223999555167]
[2.325836338637087, 0.9697247660269696, 0.4446188945049381, 1.2473225261032996]
[2.3413200395571714, 0.96818258979341, 0.44164471321507903, 1.2473226612542618]
[2.4090094106578546, 0.963125115980147, 0.4280656016893485, 1.247322794306437]
[2.433255644055265, 0.9614685776942229, 0.42366815035211375, 1.247323158405968]
[2.4404415796001726, 0.9615169493536639, 0.42345549148518674, 1.2478913994521728]
