Leaving out Box_n50_1_1400
{'ns': 0.97000003, 'H0': 67.0, 'w0': -1.0, 'ombh2': 0.0223, 'omch2': 0.12, 'nu_mass_ev': 0.07071068, '10^9 As': 2.10100315}
(149, 7)
(149, 8)
scaling input
(149, 7)
scaling output
(149, 8)
Iter 1/1000 - Loss: 0.3699
Iter 2/1000 - Loss: 0.3566
Iter 3/1000 - Loss: 0.3434
Iter 4/1000 - Loss: 0.3302
Iter 5/1000 - Loss: 0.3170
Iter 6/1000 - Loss: 0.3040
Iter 7/1000 - Loss: 0.2909
Iter 8/1000 - Loss: 0.2779
Iter 9/1000 - Loss: 0.2649
Iter 10/1000 - Loss: 0.2519
Iter 11/1000 - Loss: 0.2390
Iter 12/1000 - Loss: 0.2261
Iter 13/1000 - Loss: 0.2132
Iter 14/1000 - Loss: 0.2003
Iter 15/1000 - Loss: 0.1875
Iter 16/1000 - Loss: 0.1747
Iter 17/1000 - Loss: 0.1619
Iter 18/1000 - Loss: 0.1491
Iter 19/1000 - Loss: 0.1363
Iter 20/1000 - Loss: 0.1235
Iter 21/1000 - Loss: 0.1108
Iter 22/1000 - Loss: 0.0981
Iter 23/1000 - Loss: 0.0854
Iter 24/1000 - Loss: 0.0726
Iter 25/1000 - Loss: 0.0599
Iter 26/1000 - Loss: 0.0472
Iter 27/1000 - Loss: 0.0345
Iter 28/1000 - Loss: 0.0218
Iter 29/1000 - Loss: 0.0091
Iter 30/1000 - Loss: -0.0035
Iter 31/1000 - Loss: -0.0162
Iter 32/1000 - Loss: -0.0289
Iter 33/1000 - Loss: -0.0416
Iter 34/1000 - Loss: -0.0542
Iter 35/1000 - Loss: -0.0669
Iter 36/1000 - Loss: -0.0796
Iter 37/1000 - Loss: -0.0923
Iter 38/1000 - Loss: -0.1049
Iter 39/1000 - Loss: -0.1176
Iter 40/1000 - Loss: -0.1303
Iter 41/1000 - Loss: -0.1429
Iter 42/1000 - Loss: -0.1556
Iter 43/1000 - Loss: -0.1682
Iter 44/1000 - Loss: -0.1809
Iter 45/1000 - Loss: -0.1935
Iter 46/1000 - Loss: -0.2062
Iter 47/1000 - Loss: -0.2188
Iter 48/1000 - Loss: -0.2314
Iter 49/1000 - Loss: -0.2440
Iter 50/1000 - Loss: -0.2566
Iter 51/1000 - Loss: -0.2692
Iter 52/1000 - Loss: -0.2817
Iter 53/1000 - Loss: -0.2942
Iter 54/1000 - Loss: -0.3067
Iter 55/1000 - Loss: -0.3192
Iter 56/1000 - Loss: -0.3316
Iter 57/1000 - Loss: -0.3440
Iter 58/1000 - Loss: -0.3564
Iter 59/1000 - Loss: -0.3687
Iter 60/1000 - Loss: -0.3809
Iter 61/1000 - Loss: -0.3932
Iter 62/1000 - Loss: -0.4054
Iter 63/1000 - Loss: -0.4176
Iter 64/1000 - Loss: -0.4297
Iter 65/1000 - Loss: -0.4418
Iter 66/1000 - Loss: -0.4538
Iter 67/1000 - Loss: -0.4658
Iter 68/1000 - Loss: -0.4777
Iter 69/1000 - Loss: -0.4896
Iter 70/1000 - Loss: -0.5015
Iter 71/1000 - Loss: -0.5133
Iter 72/1000 - Loss: -0.5250
Iter 73/1000 - Loss: -0.5367
Iter 74/1000 - Loss: -0.5484
Iter 75/1000 - Loss: -0.5599
Iter 76/1000 - Loss: -0.5714
Iter 77/1000 - Loss: -0.5829
Iter 78/1000 - Loss: -0.5943
Iter 79/1000 - Loss: -0.6057
Iter 80/1000 - Loss: -0.6170
Iter 81/1000 - Loss: -0.6283
Iter 82/1000 - Loss: -0.6395
Iter 83/1000 - Loss: -0.6507
Iter 84/1000 - Loss: -0.6618
Iter 85/1000 - Loss: -0.6729
Iter 86/1000 - Loss: -0.6840
Iter 87/1000 - Loss: -0.6950
Iter 88/1000 - Loss: -0.7059
Iter 89/1000 - Loss: -0.7169
Iter 90/1000 - Loss: -0.7278
Iter 91/1000 - Loss: -0.7387
Iter 92/1000 - Loss: -0.7495
Iter 93/1000 - Loss: -0.7603
Iter 94/1000 - Loss: -0.7711
Iter 95/1000 - Loss: -0.7818
Iter 96/1000 - Loss: -0.7926
Iter 97/1000 - Loss: -0.8032
Iter 98/1000 - Loss: -0.8140
Iter 99/1000 - Loss: -0.8246
Iter 100/1000 - Loss: -0.8353
Iter 101/1000 - Loss: -0.8460
Iter 102/1000 - Loss: -0.8566
Iter 103/1000 - Loss: -0.8672
Iter 104/1000 - Loss: -0.8779
Iter 105/1000 - Loss: -0.8885
Iter 106/1000 - Loss: -0.8992
Iter 107/1000 - Loss: -0.9098
Iter 108/1000 - Loss: -0.9205
Iter 109/1000 - Loss: -0.9312
Iter 110/1000 - Loss: -0.9419
Iter 111/1000 - Loss: -0.9527
Iter 112/1000 - Loss: -0.9634
Iter 113/1000 - Loss: -0.9742
Iter 114/1000 - Loss: -0.9851
Iter 115/1000 - Loss: -0.9960
Iter 116/1000 - Loss: -1.0070
Iter 117/1000 - Loss: -1.0180
Iter 118/1000 - Loss: -1.0291
Iter 119/1000 - Loss: -1.0402
Iter 120/1000 - Loss: -1.0514
Iter 121/1000 - Loss: -1.0627
Iter 122/1000 - Loss: -1.0741
Iter 123/1000 - Loss: -1.0856
Iter 124/1000 - Loss: -1.0972
Iter 125/1000 - Loss: -1.1089
Iter 126/1000 - Loss: -1.1208
Iter 127/1000 - Loss: -1.1327
Iter 128/1000 - Loss: -1.1448
Iter 129/1000 - Loss: -1.1571
Iter 130/1000 - Loss: -1.1695
Iter 131/1000 - Loss: -1.1821
Iter 132/1000 - Loss: -1.1949
Iter 133/1000 - Loss: -1.2078
Iter 134/1000 - Loss: -1.2209
Iter 135/1000 - Loss: -1.2342
Iter 136/1000 - Loss: -1.2476
Iter 137/1000 - Loss: -1.2613
Iter 138/1000 - Loss: -1.2751
Iter 139/1000 - Loss: -1.2891
Iter 140/1000 - Loss: -1.3032
Iter 141/1000 - Loss: -1.3174
Iter 142/1000 - Loss: -1.3319
Iter 143/1000 - Loss: -1.3464
Iter 144/1000 - Loss: -1.3611
Iter 145/1000 - Loss: -1.3759
Iter 146/1000 - Loss: -1.3907
Iter 147/1000 - Loss: -1.4056
Iter 148/1000 - Loss: -1.4204
Iter 149/1000 - Loss: -1.4350
Iter 150/1000 - Loss: -1.4493
Iter 151/1000 - Loss: -1.4631
Iter 152/1000 - Loss: -1.4761
Iter 153/1000 - Loss: -1.4882
Iter 154/1000 - Loss: -1.4991
Iter 155/1000 - Loss: -1.5090
Iter 156/1000 - Loss: -1.5179
Iter 157/1000 - Loss: -1.5263
Iter 158/1000 - Loss: -1.5345
Iter 159/1000 - Loss: -1.5430
Iter 160/1000 - Loss: -1.5519
Iter 161/1000 - Loss: -1.5614
Iter 162/1000 - Loss: -1.5714
Iter 163/1000 - Loss: -1.5817
Iter 164/1000 - Loss: -1.5921
Iter 165/1000 - Loss: -1.6024
Iter 166/1000 - Loss: -1.6124
Iter 167/1000 - Loss: -1.6220
Iter 168/1000 - Loss: -1.6311
Iter 169/1000 - Loss: -1.6398
Iter 170/1000 - Loss: -1.6483
Iter 171/1000 - Loss: -1.6564
Iter 172/1000 - Loss: -1.6645
Iter 173/1000 - Loss: -1.6726
Iter 174/1000 - Loss: -1.6807
Iter 175/1000 - Loss: -1.6888
Iter 176/1000 - Loss: -1.6971
Iter 177/1000 - Loss: -1.7055
Iter 178/1000 - Loss: -1.7138
Iter 179/1000 - Loss: -1.7221
Iter 180/1000 - Loss: -1.7303
Iter 181/1000 - Loss: -1.7383
Iter 182/1000 - Loss: -1.7462
Iter 183/1000 - Loss: -1.7539
Iter 184/1000 - Loss: -1.7614
Iter 185/1000 - Loss: -1.7688
Iter 186/1000 - Loss: -1.7762
Iter 187/1000 - Loss: -1.7836
Iter 188/1000 - Loss: -1.7910
Iter 189/1000 - Loss: -1.7984
Iter 190/1000 - Loss: -1.8058
Iter 191/1000 - Loss: -1.8131
Iter 192/1000 - Loss: -1.8204
Iter 193/1000 - Loss: -1.8275
Iter 194/1000 - Loss: -1.8346
Iter 195/1000 - Loss: -1.8415
Iter 196/1000 - Loss: -1.8483
Iter 197/1000 - Loss: -1.8550
Iter 198/1000 - Loss: -1.8616
Iter 199/1000 - Loss: -1.8682
Iter 200/1000 - Loss: -1.8748
Iter 201/1000 - Loss: -1.8813
Iter 202/1000 - Loss: -1.8877
Iter 203/1000 - Loss: -1.8941
Iter 204/1000 - Loss: -1.9003
Iter 205/1000 - Loss: -1.9065
Iter 206/1000 - Loss: -1.9126
Iter 207/1000 - Loss: -1.9186
Iter 208/1000 - Loss: -1.9246
Iter 209/1000 - Loss: -1.9304
Iter 210/1000 - Loss: -1.9362
Iter 211/1000 - Loss: -1.9419
Iter 212/1000 - Loss: -1.9476
Iter 213/1000 - Loss: -1.9532
Iter 214/1000 - Loss: -1.9587
Iter 215/1000 - Loss: -1.9642
Iter 216/1000 - Loss: -1.9695
Iter 217/1000 - Loss: -1.9748
Iter 218/1000 - Loss: -1.9800
Iter 219/1000 - Loss: -1.9851
Iter 220/1000 - Loss: -1.9902
Iter 221/1000 - Loss: -1.9952
Iter 222/1000 - Loss: -2.0001
Iter 223/1000 - Loss: -2.0050
Iter 224/1000 - Loss: -2.0098
Iter 225/1000 - Loss: -2.0145
Iter 226/1000 - Loss: -2.0191
Iter 227/1000 - Loss: -2.0237
Iter 228/1000 - Loss: -2.0282
Iter 229/1000 - Loss: -2.0326
Iter 230/1000 - Loss: -2.0370
Iter 231/1000 - Loss: -2.0413
Iter 232/1000 - Loss: -2.0455
Iter 233/1000 - Loss: -2.0497
Iter 234/1000 - Loss: -2.0538
Iter 235/1000 - Loss: -2.0578
Iter 236/1000 - Loss: -2.0618
Iter 237/1000 - Loss: -2.0658
Iter 238/1000 - Loss: -2.0696
Iter 239/1000 - Loss: -2.0734
Iter 240/1000 - Loss: -2.0772
Iter 241/1000 - Loss: -2.0808
Iter 242/1000 - Loss: -2.0845
Iter 243/1000 - Loss: -2.0880
Iter 244/1000 - Loss: -2.0915
Iter 245/1000 - Loss: -2.0950
Iter 246/1000 - Loss: -2.0984
Iter 247/1000 - Loss: -2.1017
Iter 248/1000 - Loss: -2.1050
Iter 249/1000 - Loss: -2.1083
Iter 250/1000 - Loss: -2.1115
Iter 251/1000 - Loss: -2.1146
Iter 252/1000 - Loss: -2.1177
Iter 253/1000 - Loss: -2.1208
Iter 254/1000 - Loss: -2.1238
Iter 255/1000 - Loss: -2.1268
Iter 256/1000 - Loss: -2.1296
Iter 257/1000 - Loss: -2.1325
Iter 258/1000 - Loss: -2.1353
Iter 259/1000 - Loss: -2.1381
Iter 260/1000 - Loss: -2.1409
Iter 261/1000 - Loss: -2.1435
Iter 262/1000 - Loss: -2.1462
Iter 263/1000 - Loss: -2.1488
Iter 264/1000 - Loss: -2.1514
Iter 265/1000 - Loss: -2.1539
Iter 266/1000 - Loss: -2.1565
Iter 267/1000 - Loss: -2.1589
Iter 268/1000 - Loss: -2.1613
Iter 269/1000 - Loss: -2.1637
Iter 270/1000 - Loss: -2.1661
Iter 271/1000 - Loss: -2.1684
Iter 272/1000 - Loss: -2.1707
Iter 273/1000 - Loss: -2.1730
Iter 274/1000 - Loss: -2.1752
Iter 275/1000 - Loss: -2.1774
Iter 276/1000 - Loss: -2.1796
Iter 277/1000 - Loss: -2.1817
Iter 278/1000 - Loss: -2.1838
Iter 279/1000 - Loss: -2.1859
Iter 280/1000 - Loss: -2.1879
Iter 281/1000 - Loss: -2.1899
Iter 282/1000 - Loss: -2.1919
Iter 283/1000 - Loss: -2.1939
Iter 284/1000 - Loss: -2.1958
Iter 285/1000 - Loss: -2.1977
Iter 286/1000 - Loss: -2.1996
Iter 287/1000 - Loss: -2.2015
Iter 288/1000 - Loss: -2.2033
Iter 289/1000 - Loss: -2.2051
Iter 290/1000 - Loss: -2.2069
Iter 291/1000 - Loss: -2.2086
Iter 292/1000 - Loss: -2.2104
Iter 293/1000 - Loss: -2.2121
Iter 294/1000 - Loss: -2.2138
Iter 295/1000 - Loss: -2.2154
Iter 296/1000 - Loss: -2.2171
Iter 297/1000 - Loss: -2.2187
Iter 298/1000 - Loss: -2.2203
Iter 299/1000 - Loss: -2.2219
Iter 300/1000 - Loss: -2.2234
Iter 301/1000 - Loss: -2.2250
Iter 302/1000 - Loss: -2.2265
Iter 303/1000 - Loss: -2.2280
Iter 304/1000 - Loss: -2.2295
Iter 305/1000 - Loss: -2.2309
Iter 306/1000 - Loss: -2.2324
Iter 307/1000 - Loss: -2.2338
Iter 308/1000 - Loss: -2.2352
Iter 309/1000 - Loss: -2.2366
Iter 310/1000 - Loss: -2.2380
Iter 311/1000 - Loss: -2.2393
Iter 312/1000 - Loss: -2.2407
Iter 313/1000 - Loss: -2.2420
Iter 314/1000 - Loss: -2.2433
Iter 315/1000 - Loss: -2.2446
Iter 316/1000 - Loss: -2.2459
Iter 317/1000 - Loss: -2.2471
Iter 318/1000 - Loss: -2.2484
Iter 319/1000 - Loss: -2.2496
Iter 320/1000 - Loss: -2.2508
Iter 321/1000 - Loss: -2.2520
Iter 322/1000 - Loss: -2.2532
Iter 323/1000 - Loss: -2.2543
Iter 324/1000 - Loss: -2.2555
Iter 325/1000 - Loss: -2.2566
Iter 326/1000 - Loss: -2.2577
Iter 327/1000 - Loss: -2.2589
Iter 328/1000 - Loss: -2.2600
Iter 329/1000 - Loss: -2.2611
Iter 330/1000 - Loss: -2.2621
Iter 331/1000 - Loss: -2.2632
Iter 332/1000 - Loss: -2.2643
Iter 333/1000 - Loss: -2.2653
Iter 334/1000 - Loss: -2.2663
Iter 335/1000 - Loss: -2.2673
Iter 336/1000 - Loss: -2.2683
Iter 337/1000 - Loss: -2.2693
Iter 338/1000 - Loss: -2.2703
Iter 339/1000 - Loss: -2.2713
Iter 340/1000 - Loss: -2.2722
Iter 341/1000 - Loss: -2.2731
Iter 342/1000 - Loss: -2.2741
Iter 343/1000 - Loss: -2.2750
Iter 344/1000 - Loss: -2.2759
Iter 345/1000 - Loss: -2.2768
Iter 346/1000 - Loss: -2.2777
Iter 347/1000 - Loss: -2.2786
Iter 348/1000 - Loss: -2.2795
Iter 349/1000 - Loss: -2.2803
Iter 350/1000 - Loss: -2.2812
Iter 351/1000 - Loss: -2.2820
Iter 352/1000 - Loss: -2.2828
Iter 353/1000 - Loss: -2.2837
Iter 354/1000 - Loss: -2.2845
Iter 355/1000 - Loss: -2.2853
Iter 356/1000 - Loss: -2.2861
Iter 357/1000 - Loss: -2.2869
Iter 358/1000 - Loss: -2.2876
Iter 359/1000 - Loss: -2.2884
Iter 360/1000 - Loss: -2.2892
Iter 361/1000 - Loss: -2.2899
Iter 362/1000 - Loss: -2.2906
Iter 363/1000 - Loss: -2.2914
Iter 364/1000 - Loss: -2.2921
Iter 365/1000 - Loss: -2.2928
Iter 366/1000 - Loss: -2.2935
Iter 367/1000 - Loss: -2.2942
Iter 368/1000 - Loss: -2.2949
Iter 369/1000 - Loss: -2.2956
Iter 370/1000 - Loss: -2.2963
Iter 371/1000 - Loss: -2.2969
Iter 372/1000 - Loss: -2.2976
Iter 373/1000 - Loss: -2.2983
Iter 374/1000 - Loss: -2.2989
Iter 375/1000 - Loss: -2.2996
Iter 376/1000 - Loss: -2.3002
Iter 377/1000 - Loss: -2.3008
Iter 378/1000 - Loss: -2.3014
Iter 379/1000 - Loss: -2.3020
Iter 380/1000 - Loss: -2.3027
Iter 381/1000 - Loss: -2.3033
Iter 382/1000 - Loss: -2.3039
Iter 383/1000 - Loss: -2.3044
Iter 384/1000 - Loss: -2.3050
Iter 385/1000 - Loss: -2.3056
Iter 386/1000 - Loss: -2.3062
Iter 387/1000 - Loss: -2.3067
Iter 388/1000 - Loss: -2.3073
Iter 389/1000 - Loss: -2.3079
Iter 390/1000 - Loss: -2.3084
Iter 391/1000 - Loss: -2.3090
Iter 392/1000 - Loss: -2.3095
Iter 393/1000 - Loss: -2.3100
Iter 394/1000 - Loss: -2.3105
Iter 395/1000 - Loss: -2.3111
Iter 396/1000 - Loss: -2.3116
Iter 397/1000 - Loss: -2.3121
Iter 398/1000 - Loss: -2.3126
Iter 399/1000 - Loss: -2.3131
Iter 400/1000 - Loss: -2.3136
Iter 401/1000 - Loss: -2.3141
Iter 402/1000 - Loss: -2.3146
Iter 403/1000 - Loss: -2.3151
Iter 404/1000 - Loss: -2.3155
Iter 405/1000 - Loss: -2.3160
Iter 406/1000 - Loss: -2.3164
Iter 407/1000 - Loss: -2.3169
Iter 408/1000 - Loss: -2.3174
Iter 409/1000 - Loss: -2.3179
Iter 410/1000 - Loss: -2.3184
Iter 411/1000 - Loss: -2.3188
Iter 412/1000 - Loss: -2.3192
Iter 413/1000 - Loss: -2.3197
Iter 414/1000 - Loss: -2.3201
Iter 415/1000 - Loss: -2.3206
Iter 416/1000 - Loss: -2.3210
Iter 417/1000 - Loss: -2.3214
Iter 418/1000 - Loss: -2.3219
Iter 419/1000 - Loss: -2.3223
Iter 420/1000 - Loss: -2.3228
Iter 421/1000 - Loss: -2.3232
Iter 422/1000 - Loss: -2.3236
Iter 423/1000 - Loss: -2.3240
Iter 424/1000 - Loss: -2.3244
Iter 425/1000 - Loss: -2.3248
Iter 426/1000 - Loss: -2.3252
Iter 427/1000 - Loss: -2.3257
Iter 428/1000 - Loss: -2.3261
Iter 429/1000 - Loss: -2.3265
Iter 430/1000 - Loss: -2.3269
Iter 431/1000 - Loss: -2.3273
Iter 432/1000 - Loss: -2.3277
Iter 433/1000 - Loss: -2.3281
Iter 434/1000 - Loss: -2.3285
Iter 435/1000 - Loss: -2.3290
Iter 436/1000 - Loss: -2.3294
Iter 437/1000 - Loss: -2.3298
Iter 438/1000 - Loss: -2.3302
Iter 439/1000 - Loss: -2.3306
Iter 440/1000 - Loss: -2.3310
Iter 441/1000 - Loss: -2.3314
Iter 442/1000 - Loss: -2.3318
Iter 443/1000 - Loss: -2.3323
Iter 444/1000 - Loss: -2.3327
Iter 445/1000 - Loss: -2.3331
Iter 446/1000 - Loss: -2.3335
Iter 447/1000 - Loss: -2.3339
Iter 448/1000 - Loss: -2.3343
Iter 449/1000 - Loss: -2.3347
Iter 450/1000 - Loss: -2.3352
Iter 451/1000 - Loss: -2.3356
Iter 452/1000 - Loss: -2.3360
Iter 453/1000 - Loss: -2.3364
Iter 454/1000 - Loss: -2.3369
Iter 455/1000 - Loss: -2.3373
Iter 456/1000 - Loss: -2.3377
Iter 457/1000 - Loss: -2.3381
Iter 458/1000 - Loss: -2.3386
Iter 459/1000 - Loss: -2.3390
Iter 460/1000 - Loss: -2.3395
Iter 461/1000 - Loss: -2.3399
Iter 462/1000 - Loss: -2.3404
Iter 463/1000 - Loss: -2.3409
Iter 464/1000 - Loss: -2.3413
Iter 465/1000 - Loss: -2.3418
Iter 466/1000 - Loss: -2.3423
Iter 467/1000 - Loss: -2.3427
Iter 468/1000 - Loss: -2.3432
Iter 469/1000 - Loss: -2.3437
Iter 470/1000 - Loss: -2.3442
Iter 471/1000 - Loss: -2.3447
Iter 472/1000 - Loss: -2.3452
Iter 473/1000 - Loss: -2.3456
Iter 474/1000 - Loss: -2.3461
Iter 475/1000 - Loss: -2.3467
Iter 476/1000 - Loss: -2.3472
Iter 477/1000 - Loss: -2.3477
Iter 478/1000 - Loss: -2.3483
Iter 479/1000 - Loss: -2.3487
Iter 480/1000 - Loss: -2.3493
Iter 481/1000 - Loss: -2.3498
Iter 482/1000 - Loss: -2.3504
Iter 483/1000 - Loss: -2.3509
Iter 484/1000 - Loss: -2.3514
Iter 485/1000 - Loss: -2.3520
Iter 486/1000 - Loss: -2.3525
Iter 487/1000 - Loss: -2.3530
Iter 488/1000 - Loss: -2.3536
Iter 489/1000 - Loss: -2.3541
Iter 490/1000 - Loss: -2.3547
Iter 491/1000 - Loss: -2.3552
Iter 492/1000 - Loss: -2.3558
Iter 493/1000 - Loss: -2.3563
Iter 494/1000 - Loss: -2.3568
Iter 495/1000 - Loss: -2.3574
Iter 496/1000 - Loss: -2.3579
Iter 497/1000 - Loss: -2.3584
Iter 498/1000 - Loss: -2.3590
Iter 499/1000 - Loss: -2.3595
Iter 500/1000 - Loss: -2.3601
Iter 501/1000 - Loss: -2.3607
reducing lr to 0.001000
Iter 502/1000 - Loss: -2.3612
Iter 503/1000 - Loss: -2.3613
Iter 504/1000 - Loss: -2.3614
Iter 505/1000 - Loss: -2.3614
Iter 506/1000 - Loss: -2.3615
Iter 507/1000 - Loss: -2.3615
Iter 508/1000 - Loss: -2.3616
Iter 509/1000 - Loss: -2.3617
Iter 510/1000 - Loss: -2.3617
Iter 511/1000 - Loss: -2.3618
Iter 512/1000 - Loss: -2.3618
Iter 513/1000 - Loss: -2.3619
Iter 514/1000 - Loss: -2.3619
Iter 515/1000 - Loss: -2.3620
Iter 516/1000 - Loss: -2.3620
Iter 517/1000 - Loss: -2.3621
Iter 518/1000 - Loss: -2.3622
Iter 519/1000 - Loss: -2.3622
Iter 520/1000 - Loss: -2.3623
Iter 521/1000 - Loss: -2.3623
Iter 522/1000 - Loss: -2.3624
Iter 523/1000 - Loss: -2.3624
Iter 524/1000 - Loss: -2.3625
Iter 525/1000 - Loss: -2.3625
Iter 526/1000 - Loss: -2.3626
Iter 527/1000 - Loss: -2.3626
Iter 528/1000 - Loss: -2.3627
Iter 529/1000 - Loss: -2.3628
Iter 530/1000 - Loss: -2.3628
Iter 531/1000 - Loss: -2.3629
Iter 532/1000 - Loss: -2.3629
Iter 533/1000 - Loss: -2.3630
Iter 534/1000 - Loss: -2.3630
Iter 535/1000 - Loss: -2.3631
Iter 536/1000 - Loss: -2.3632
Iter 537/1000 - Loss: -2.3632
Iter 538/1000 - Loss: -2.3633
Iter 539/1000 - Loss: -2.3633
Iter 540/1000 - Loss: -2.3634
Iter 541/1000 - Loss: -2.3634
Iter 542/1000 - Loss: -2.3635
Iter 543/1000 - Loss: -2.3635
Iter 544/1000 - Loss: -2.3636
Iter 545/1000 - Loss: -2.3637
Iter 546/1000 - Loss: -2.3637
Iter 547/1000 - Loss: -2.3638
Iter 548/1000 - Loss: -2.3638
Iter 549/1000 - Loss: -2.3639
Iter 550/1000 - Loss: -2.3639
Iter 551/1000 - Loss: -2.3640
Iter 552/1000 - Loss: -2.3640
Iter 553/1000 - Loss: -2.3641
Iter 554/1000 - Loss: -2.3642
Iter 555/1000 - Loss: -2.3642
Iter 556/1000 - Loss: -2.3643
Iter 557/1000 - Loss: -2.3643
Iter 558/1000 - Loss: -2.3644
Iter 559/1000 - Loss: -2.3644
Iter 560/1000 - Loss: -2.3645
Iter 561/1000 - Loss: -2.3645
Iter 562/1000 - Loss: -2.3646
Iter 563/1000 - Loss: -2.3646
Iter 564/1000 - Loss: -2.3647
Iter 565/1000 - Loss: -2.3648
Iter 566/1000 - Loss: -2.3648
Iter 567/1000 - Loss: -2.3649
Iter 568/1000 - Loss: -2.3649
Iter 569/1000 - Loss: -2.3650
Iter 570/1000 - Loss: -2.3651
Iter 571/1000 - Loss: -2.3651
Iter 572/1000 - Loss: -2.3652
Iter 573/1000 - Loss: -2.3652
Iter 574/1000 - Loss: -2.3652
Iter 575/1000 - Loss: -2.3653
Iter 576/1000 - Loss: -2.3654
Iter 577/1000 - Loss: -2.3655
Iter 578/1000 - Loss: -2.3655
Iter 579/1000 - Loss: -2.3656
Iter 580/1000 - Loss: -2.3656
Iter 581/1000 - Loss: -2.3657
Iter 582/1000 - Loss: -2.3657
Iter 583/1000 - Loss: -2.3658
Iter 584/1000 - Loss: -2.3659
Iter 585/1000 - Loss: -2.3659
Iter 586/1000 - Loss: -2.3660
Iter 587/1000 - Loss: -2.3660
Iter 588/1000 - Loss: -2.3661
Iter 589/1000 - Loss: -2.3661
Iter 590/1000 - Loss: -2.3662
Iter 591/1000 - Loss: -2.3663
Iter 592/1000 - Loss: -2.3663
Iter 593/1000 - Loss: -2.3663
Iter 594/1000 - Loss: -2.3664
Iter 595/1000 - Loss: -2.3665
Iter 596/1000 - Loss: -2.3665
Iter 597/1000 - Loss: -2.3666
Iter 598/1000 - Loss: -2.3667
Iter 599/1000 - Loss: -2.3667
Iter 600/1000 - Loss: -2.3668
Iter 601/1000 - Loss: -2.3668
Iter 602/1000 - Loss: -2.3669
Iter 603/1000 - Loss: -2.3669
Iter 604/1000 - Loss: -2.3670
Iter 605/1000 - Loss: -2.3670
Iter 606/1000 - Loss: -2.3671
Iter 607/1000 - Loss: -2.3671
Iter 608/1000 - Loss: -2.3672
Iter 609/1000 - Loss: -2.3672
Iter 610/1000 - Loss: -2.3673
Iter 611/1000 - Loss: -2.3674
Iter 612/1000 - Loss: -2.3674
Iter 613/1000 - Loss: -2.3675
Iter 614/1000 - Loss: -2.3675
Iter 615/1000 - Loss: -2.3676
Iter 616/1000 - Loss: -2.3677
Iter 617/1000 - Loss: -2.3677
Iter 618/1000 - Loss: -2.3677
Iter 619/1000 - Loss: -2.3678
Iter 620/1000 - Loss: -2.3679
Iter 621/1000 - Loss: -2.3679
Iter 622/1000 - Loss: -2.3680
Iter 623/1000 - Loss: -2.3681
Iter 624/1000 - Loss: -2.3681
Iter 625/1000 - Loss: -2.3682
Iter 626/1000 - Loss: -2.3682
Iter 627/1000 - Loss: -2.3683
Iter 628/1000 - Loss: -2.3683
Iter 629/1000 - Loss: -2.3684
Iter 630/1000 - Loss: -2.3684
Iter 631/1000 - Loss: -2.3685
Iter 632/1000 - Loss: -2.3686
Iter 633/1000 - Loss: -2.3686
Iter 634/1000 - Loss: -2.3687
Iter 635/1000 - Loss: -2.3687
Iter 636/1000 - Loss: -2.3688
Iter 637/1000 - Loss: -2.3689
Iter 638/1000 - Loss: -2.3689
Iter 639/1000 - Loss: -2.3690
Iter 640/1000 - Loss: -2.3690
Iter 641/1000 - Loss: -2.3691
Iter 642/1000 - Loss: -2.3691
Iter 643/1000 - Loss: -2.3692
Iter 644/1000 - Loss: -2.3693
Iter 645/1000 - Loss: -2.3693
Iter 646/1000 - Loss: -2.3694
Iter 647/1000 - Loss: -2.3694
Iter 648/1000 - Loss: -2.3695
Iter 649/1000 - Loss: -2.3695
Iter 650/1000 - Loss: -2.3696
Iter 651/1000 - Loss: -2.3696
Iter 652/1000 - Loss: -2.3697
Iter 653/1000 - Loss: -2.3697
Iter 654/1000 - Loss: -2.3698
Iter 655/1000 - Loss: -2.3699
Iter 656/1000 - Loss: -2.3699
Iter 657/1000 - Loss: -2.3700
Iter 658/1000 - Loss: -2.3700
Iter 659/1000 - Loss: -2.3701
Iter 660/1000 - Loss: -2.3702
Iter 661/1000 - Loss: -2.3702
Iter 662/1000 - Loss: -2.3702
Iter 663/1000 - Loss: -2.3703
Iter 664/1000 - Loss: -2.3704
Iter 665/1000 - Loss: -2.3705
Iter 666/1000 - Loss: -2.3705
Iter 667/1000 - Loss: -2.3705
Iter 668/1000 - Loss: -2.3706
Iter 669/1000 - Loss: -2.3706
Iter 670/1000 - Loss: -2.3707
Iter 671/1000 - Loss: -2.3707
Iter 672/1000 - Loss: -2.3708
Iter 673/1000 - Loss: -2.3709
Iter 674/1000 - Loss: -2.3710
Iter 675/1000 - Loss: -2.3710
Iter 676/1000 - Loss: -2.3711
Iter 677/1000 - Loss: -2.3711
Iter 678/1000 - Loss: -2.3712
Iter 679/1000 - Loss: -2.3712
Iter 680/1000 - Loss: -2.3713
Iter 681/1000 - Loss: -2.3714
Iter 682/1000 - Loss: -2.3714
Iter 683/1000 - Loss: -2.3715
Iter 684/1000 - Loss: -2.3715
Iter 685/1000 - Loss: -2.3716
Iter 686/1000 - Loss: -2.3716
Iter 687/1000 - Loss: -2.3717
Iter 688/1000 - Loss: -2.3718
Iter 689/1000 - Loss: -2.3718
Iter 690/1000 - Loss: -2.3719
Iter 691/1000 - Loss: -2.3719
Iter 692/1000 - Loss: -2.3720
Iter 693/1000 - Loss: -2.3720
Iter 694/1000 - Loss: -2.3721
Iter 695/1000 - Loss: -2.3721
Iter 696/1000 - Loss: -2.3722
Iter 697/1000 - Loss: -2.3723
Iter 698/1000 - Loss: -2.3723
Iter 699/1000 - Loss: -2.3724
Iter 700/1000 - Loss: -2.3724
Iter 701/1000 - Loss: -2.3725
Iter 702/1000 - Loss: -2.3726
Iter 703/1000 - Loss: -2.3726
Iter 704/1000 - Loss: -2.3727
Iter 705/1000 - Loss: -2.3727
Iter 706/1000 - Loss: -2.3728
Iter 707/1000 - Loss: -2.3728
Iter 708/1000 - Loss: -2.3729
Iter 709/1000 - Loss: -2.3729
Iter 710/1000 - Loss: -2.3730
Iter 711/1000 - Loss: -2.3731
Iter 712/1000 - Loss: -2.3731
Iter 713/1000 - Loss: -2.3732
Iter 714/1000 - Loss: -2.3732
Iter 715/1000 - Loss: -2.3733
Iter 716/1000 - Loss: -2.3733
Iter 717/1000 - Loss: -2.3734
Iter 718/1000 - Loss: -2.3735
Iter 719/1000 - Loss: -2.3735
Iter 720/1000 - Loss: -2.3735
Iter 721/1000 - Loss: -2.3736
Iter 722/1000 - Loss: -2.3737
Iter 723/1000 - Loss: -2.3737
Iter 724/1000 - Loss: -2.3738
Iter 725/1000 - Loss: -2.3738
Iter 726/1000 - Loss: -2.3739
Iter 727/1000 - Loss: -2.3740
Iter 728/1000 - Loss: -2.3740
Iter 729/1000 - Loss: -2.3741
Iter 730/1000 - Loss: -2.3741
Iter 731/1000 - Loss: -2.3742
Iter 732/1000 - Loss: -2.3742
Iter 733/1000 - Loss: -2.3743
Iter 734/1000 - Loss: -2.3743
Iter 735/1000 - Loss: -2.3744
Iter 736/1000 - Loss: -2.3745
Iter 737/1000 - Loss: -2.3745
Iter 738/1000 - Loss: -2.3746
Iter 739/1000 - Loss: -2.3746
Iter 740/1000 - Loss: -2.3747
Iter 741/1000 - Loss: -2.3747
Iter 742/1000 - Loss: -2.3748
Iter 743/1000 - Loss: -2.3749
Iter 744/1000 - Loss: -2.3749
Iter 745/1000 - Loss: -2.3750
Iter 746/1000 - Loss: -2.3750
Iter 747/1000 - Loss: -2.3751
Iter 748/1000 - Loss: -2.3751
Iter 749/1000 - Loss: -2.3752
Iter 750/1000 - Loss: -2.3752
Iter 751/1000 - Loss: -2.3753
Iter 752/1000 - Loss: -2.3754
Iter 753/1000 - Loss: -2.3754
Iter 754/1000 - Loss: -2.3755
Iter 755/1000 - Loss: -2.3755
Iter 756/1000 - Loss: -2.3756
Iter 757/1000 - Loss: -2.3757
Iter 758/1000 - Loss: -2.3757
Iter 759/1000 - Loss: -2.3758
Iter 760/1000 - Loss: -2.3758
Iter 761/1000 - Loss: -2.3759
Iter 762/1000 - Loss: -2.3759
Iter 763/1000 - Loss: -2.3760
Iter 764/1000 - Loss: -2.3760
Iter 765/1000 - Loss: -2.3761
Iter 766/1000 - Loss: -2.3762
Iter 767/1000 - Loss: -2.3762
Iter 768/1000 - Loss: -2.3763
Iter 769/1000 - Loss: -2.3763
Iter 770/1000 - Loss: -2.3764
Iter 771/1000 - Loss: -2.3764
Iter 772/1000 - Loss: -2.3765
Iter 773/1000 - Loss: -2.3765
Iter 774/1000 - Loss: -2.3766
Iter 775/1000 - Loss: -2.3767
Iter 776/1000 - Loss: -2.3767
Iter 777/1000 - Loss: -2.3768
Iter 778/1000 - Loss: -2.3768
Iter 779/1000 - Loss: -2.3769
Iter 780/1000 - Loss: -2.3769
Iter 781/1000 - Loss: -2.3770
Iter 782/1000 - Loss: -2.3771
Iter 783/1000 - Loss: -2.3771
Iter 784/1000 - Loss: -2.3772
Iter 785/1000 - Loss: -2.3772
Iter 786/1000 - Loss: -2.3773
Iter 787/1000 - Loss: -2.3773
Iter 788/1000 - Loss: -2.3774
Iter 789/1000 - Loss: -2.3774
Iter 790/1000 - Loss: -2.3775
Iter 791/1000 - Loss: -2.3775
Iter 792/1000 - Loss: -2.3776
Iter 793/1000 - Loss: -2.3777
Iter 794/1000 - Loss: -2.3777
Iter 795/1000 - Loss: -2.3778
Iter 796/1000 - Loss: -2.3778
Iter 797/1000 - Loss: -2.3778
Iter 798/1000 - Loss: -2.3779
Iter 799/1000 - Loss: -2.3780
Iter 800/1000 - Loss: -2.3780
Iter 801/1000 - Loss: -2.3781
Iter 802/1000 - Loss: -2.3781
Iter 803/1000 - Loss: -2.3782
Iter 804/1000 - Loss: -2.3783
Iter 805/1000 - Loss: -2.3783
Iter 806/1000 - Loss: -2.3784
Iter 807/1000 - Loss: -2.3784
Iter 808/1000 - Loss: -2.3785
Iter 809/1000 - Loss: -2.3785
Iter 810/1000 - Loss: -2.3786
Iter 811/1000 - Loss: -2.3787
Iter 812/1000 - Loss: -2.3787
Iter 813/1000 - Loss: -2.3788
Iter 814/1000 - Loss: -2.3788
Iter 815/1000 - Loss: -2.3789
Iter 816/1000 - Loss: -2.3789
Iter 817/1000 - Loss: -2.3790
Iter 818/1000 - Loss: -2.3790
Iter 819/1000 - Loss: -2.3791
Iter 820/1000 - Loss: -2.3791
Iter 821/1000 - Loss: -2.3792
Iter 822/1000 - Loss: -2.3792
Iter 823/1000 - Loss: -2.3793
Iter 824/1000 - Loss: -2.3794
Iter 825/1000 - Loss: -2.3794
Iter 826/1000 - Loss: -2.3795
Iter 827/1000 - Loss: -2.3795
Iter 828/1000 - Loss: -2.3796
Iter 829/1000 - Loss: -2.3796
Iter 830/1000 - Loss: -2.3797
Iter 831/1000 - Loss: -2.3798
Iter 832/1000 - Loss: -2.3798
Iter 833/1000 - Loss: -2.3798
Iter 834/1000 - Loss: -2.3799
Iter 835/1000 - Loss: -2.3799
Iter 836/1000 - Loss: -2.3800
Iter 837/1000 - Loss: -2.3801
Iter 838/1000 - Loss: -2.3801
Iter 839/1000 - Loss: -2.3802
Iter 840/1000 - Loss: -2.3802
Iter 841/1000 - Loss: -2.3803
Iter 842/1000 - Loss: -2.3803
Iter 843/1000 - Loss: -2.3804
Iter 844/1000 - Loss: -2.3805
Iter 845/1000 - Loss: -2.3805
Iter 846/1000 - Loss: -2.3806
Iter 847/1000 - Loss: -2.3806
Iter 848/1000 - Loss: -2.3807
Iter 849/1000 - Loss: -2.3807
Iter 850/1000 - Loss: -2.3808
Iter 851/1000 - Loss: -2.3808
Iter 852/1000 - Loss: -2.3809
Iter 853/1000 - Loss: -2.3810
Iter 854/1000 - Loss: -2.3810
Iter 855/1000 - Loss: -2.3810
Iter 856/1000 - Loss: -2.3811
Iter 857/1000 - Loss: -2.3811
Iter 858/1000 - Loss: -2.3812
Iter 859/1000 - Loss: -2.3812
Iter 860/1000 - Loss: -2.3813
Iter 861/1000 - Loss: -2.3814
Iter 862/1000 - Loss: -2.3814
Iter 863/1000 - Loss: -2.3815
Iter 864/1000 - Loss: -2.3815
Iter 865/1000 - Loss: -2.3816
Iter 866/1000 - Loss: -2.3817
Iter 867/1000 - Loss: -2.3817
Iter 868/1000 - Loss: -2.3817
Iter 869/1000 - Loss: -2.3818
Iter 870/1000 - Loss: -2.3818
Iter 871/1000 - Loss: -2.3819
Iter 872/1000 - Loss: -2.3820
Iter 873/1000 - Loss: -2.3820
Iter 874/1000 - Loss: -2.3821
Iter 875/1000 - Loss: -2.3821
Iter 876/1000 - Loss: -2.3822
Iter 877/1000 - Loss: -2.3822
Iter 878/1000 - Loss: -2.3823
Iter 879/1000 - Loss: -2.3823
Iter 880/1000 - Loss: -2.3824
Iter 881/1000 - Loss: -2.3824
Iter 882/1000 - Loss: -2.3825
Iter 883/1000 - Loss: -2.3826
Iter 884/1000 - Loss: -2.3826
Iter 885/1000 - Loss: -2.3827
Iter 886/1000 - Loss: -2.3827
Iter 887/1000 - Loss: -2.3828
Iter 888/1000 - Loss: -2.3828
Iter 889/1000 - Loss: -2.3829
Iter 890/1000 - Loss: -2.3829
Iter 891/1000 - Loss: -2.3830
Iter 892/1000 - Loss: -2.3830
Iter 893/1000 - Loss: -2.3831
Iter 894/1000 - Loss: -2.3832
Iter 895/1000 - Loss: -2.3832
Iter 896/1000 - Loss: -2.3833
Iter 897/1000 - Loss: -2.3833
Iter 898/1000 - Loss: -2.3834
Iter 899/1000 - Loss: -2.3834
Iter 900/1000 - Loss: -2.3835
Iter 901/1000 - Loss: -2.3835
Iter 902/1000 - Loss: -2.3836
Iter 903/1000 - Loss: -2.3836
Iter 904/1000 - Loss: -2.3837
Iter 905/1000 - Loss: -2.3837
Iter 906/1000 - Loss: -2.3838
Iter 907/1000 - Loss: -2.3838
Iter 908/1000 - Loss: -2.3839
Iter 909/1000 - Loss: -2.3839
Iter 910/1000 - Loss: -2.3840
Iter 911/1000 - Loss: -2.3841
Iter 912/1000 - Loss: -2.3841
Iter 913/1000 - Loss: -2.3841
Iter 914/1000 - Loss: -2.3842
Iter 915/1000 - Loss: -2.3842
Iter 916/1000 - Loss: -2.3843
Iter 917/1000 - Loss: -2.3844
Iter 918/1000 - Loss: -2.3844
Iter 919/1000 - Loss: -2.3845
Iter 920/1000 - Loss: -2.3845
Iter 921/1000 - Loss: -2.3846
Iter 922/1000 - Loss: -2.3846
Iter 923/1000 - Loss: -2.3847
Iter 924/1000 - Loss: -2.3847
Iter 925/1000 - Loss: -2.3848
Iter 926/1000 - Loss: -2.3848
Iter 927/1000 - Loss: -2.3849
Iter 928/1000 - Loss: -2.3849
Iter 929/1000 - Loss: -2.3850
Iter 930/1000 - Loss: -2.3850
Iter 931/1000 - Loss: -2.3851
Iter 932/1000 - Loss: -2.3852
Iter 933/1000 - Loss: -2.3852
Iter 934/1000 - Loss: -2.3853
Iter 935/1000 - Loss: -2.3853
Iter 936/1000 - Loss: -2.3854
Iter 937/1000 - Loss: -2.3854
Iter 938/1000 - Loss: -2.3855
Iter 939/1000 - Loss: -2.3855
Iter 940/1000 - Loss: -2.3856
Iter 941/1000 - Loss: -2.3856
Iter 942/1000 - Loss: -2.3857
Iter 943/1000 - Loss: -2.3857
Iter 944/1000 - Loss: -2.3858
Iter 945/1000 - Loss: -2.3858
Iter 946/1000 - Loss: -2.3859
Iter 947/1000 - Loss: -2.3859
Iter 948/1000 - Loss: -2.3860
Iter 949/1000 - Loss: -2.3860
Iter 950/1000 - Loss: -2.3861
Iter 951/1000 - Loss: -2.3861
Iter 952/1000 - Loss: -2.3862
Iter 953/1000 - Loss: -2.3863
Iter 954/1000 - Loss: -2.3863
Iter 955/1000 - Loss: -2.3864
Iter 956/1000 - Loss: -2.3864
Iter 957/1000 - Loss: -2.3865
Iter 958/1000 - Loss: -2.3865
Iter 959/1000 - Loss: -2.3866
Iter 960/1000 - Loss: -2.3866
Iter 961/1000 - Loss: -2.3867
Iter 962/1000 - Loss: -2.3867
Iter 963/1000 - Loss: -2.3868
Iter 964/1000 - Loss: -2.3868
Iter 965/1000 - Loss: -2.3869
Iter 966/1000 - Loss: -2.3869
Iter 967/1000 - Loss: -2.3870
Iter 968/1000 - Loss: -2.3870
Iter 969/1000 - Loss: -2.3871
Iter 970/1000 - Loss: -2.3871
Iter 971/1000 - Loss: -2.3872
Iter 972/1000 - Loss: -2.3872
Iter 973/1000 - Loss: -2.3873
Iter 974/1000 - Loss: -2.3873
Iter 975/1000 - Loss: -2.3874
Iter 976/1000 - Loss: -2.3875
Iter 977/1000 - Loss: -2.3875
Iter 978/1000 - Loss: -2.3876
Iter 979/1000 - Loss: -2.3876
Iter 980/1000 - Loss: -2.3876
Iter 981/1000 - Loss: -2.3877
Iter 982/1000 - Loss: -2.3878
Iter 983/1000 - Loss: -2.3878
Iter 984/1000 - Loss: -2.3878
Iter 985/1000 - Loss: -2.3879
Iter 986/1000 - Loss: -2.3880
Iter 987/1000 - Loss: -2.3880
Iter 988/1000 - Loss: -2.3880
Iter 989/1000 - Loss: -2.3881
Iter 990/1000 - Loss: -2.3881
Iter 991/1000 - Loss: -2.3882
Iter 992/1000 - Loss: -2.3882
Iter 993/1000 - Loss: -2.3883
Iter 994/1000 - Loss: -2.3884
Iter 995/1000 - Loss: -2.3884
Iter 996/1000 - Loss: -2.3885
Iter 997/1000 - Loss: -2.3885
Iter 998/1000 - Loss: -2.3886
Iter 999/1000 - Loss: -2.3886
Iter 1000/1000 - Loss: -2.3887
OrderedDict([('likelihood.raw_noise', tensor([inf])), ('likelihood.raw_noise_constraint.lower_bound', tensor(-inf)), ('likelihood.raw_noise_constraint.upper_bound', tensor(1.0000e-08)), ('mean_module.base_means.0.weights', tensor([[-0.1946],
        [-0.0703],
        [ 0.0206],
        [ 0.0804],
        [ 0.0652],
        [-0.3378],
        [ 0.0138]])), ('mean_module.base_means.0.bias', tensor([2.3450])), ('mean_module.base_means.1.weights', tensor([[ 0.0360],
        [ 0.0214],
        [ 0.0169],
        [ 0.1791],
        [ 0.0029],
        [ 0.0059],
        [-0.0102]])), ('mean_module.base_means.1.bias', tensor([-0.1020])), ('mean_module.base_means.2.weights', tensor([[-0.0116],
        [-0.0012],
        [-0.0684],
        [-0.0471],
        [-0.0270],
        [ 0.1255],
        [ 0.0225]])), ('mean_module.base_means.2.bias', tensor([1.0642])), ('mean_module.base_means.3.weights', tensor([[-0.0208],
        [-0.0035],
        [-0.0426],
        [-0.0029],
        [ 0.0238],
        [ 0.0096],
        [ 0.0130]])), ('mean_module.base_means.3.bias', tensor([-0.0768])), ('mean_module.base_means.4.weights', tensor([[ 0.0457],
        [ 0.0087],
        [ 0.0395],
        [ 0.0363],
        [-0.0002],
        [ 0.0111],
        [-0.0091]])), ('mean_module.base_means.4.bias', tensor([0.3635])), ('mean_module.base_means.5.weights', tensor([[ 0.0029],
        [ 0.0016],
        [ 0.0765],
        [ 0.0049],
        [-0.0078],
        [-0.0507],
        [-0.0029]])), ('mean_module.base_means.5.bias', tensor([0.1865])), ('mean_module.base_means.6.weights', tensor([[-0.0106],
        [-0.0027],
        [-0.0190],
        [-0.0151],
        [ 0.0029],
        [ 0.0127],
        [ 0.0258]])), ('mean_module.base_means.6.bias', tensor([1.2495])), ('mean_module.base_means.7.weights', tensor([[ 0.0169],
        [ 0.0093],
        [-0.0256],
        [-0.0409],
        [ 0.0002],
        [ 0.0437],
        [ 0.0101]])), ('mean_module.base_means.7.bias', tensor([0.0268])), ('covar_module.task_covar_module.covar_factor', tensor([[-0.1306],
        [-0.2904],
        [ 0.5088],
        [ 0.0791],
        [-0.1615],
        [ 0.0179],
        [ 0.0597],
        [ 0.0648]])), ('covar_module.task_covar_module.raw_var', tensor([-0.6787, -1.1350, -2.3539, -2.5126, -4.3915, -4.2181, -3.9652, -4.6901])), ('covar_module.task_covar_module.raw_var_constraint.lower_bound', tensor(0.)), ('covar_module.task_covar_module.raw_var_constraint.upper_bound', tensor(inf)), ('covar_module.data_covar_module.kernels.0.raw_outputscale', tensor(-3.0296)), ('covar_module.data_covar_module.kernels.0.base_kernel.raw_lengthscale', tensor([[1.8732, 2.3531, 1.8652, 1.5725, 2.9424, 2.0027, 2.9298]])), ('covar_module.data_covar_module.kernels.0.base_kernel.raw_lengthscale_constraint.lower_bound', tensor(0.)), ('covar_module.data_covar_module.kernels.0.base_kernel.raw_lengthscale_constraint.upper_bound', tensor(inf)), ('covar_module.data_covar_module.kernels.0.raw_outputscale_constraint.lower_bound', tensor(0.)), ('covar_module.data_covar_module.kernels.0.raw_outputscale_constraint.upper_bound', tensor(inf)), ('covar_module.data_covar_module.kernels.1.raw_constant', tensor([-5.1786])), ('covar_module.data_covar_module.kernels.1.raw_constant_constraint.lower_bound', tensor(0.)), ('covar_module.data_covar_module.kernels.1.raw_constant_constraint.upper_bound', tensor(inf))])
loading emulator from /oak/stanford/orgs/kipac/users/delon/aemulusnu_massfunction/GP_loBox_n50_1_1400.pkl
[2.0243828982976764, 0.07282980101284411, 1.0793050411880272, -0.13391865596448038, 0.43186258709502345, 0.22272223761485055, 1.234258535314189, 0.04504994902022946]
[2.0243828982976764, 0.07282980101284411, 1.0793050411880272, -0.13391865596448038, 0.43186258709502345, 0.22272223761485055, 1.234258535314189, 0.04504994902022946]
[2.0243828982976764, 0.07282980101284411, 1.0793050411880272, -0.13391865596448038, 0.43186258709502345, 0.22272223761485055, 1.234258535314189, 0.04504994902022946]
[2.0243828982976764, 0.07282980101284411, 1.0793050411880272, -0.13391865596448038, 0.43186258709502345, 0.22272223761485055, 1.234258535314189, 0.04504994902022946]
[2.0243828982976764, 0.07282980101284411, 1.0793050411880272, -0.13391865596448038, 0.43186258709502345, 0.22272223761485055, 1.234258535314189, 0.04504994902022946]
[2.0243828982976764, 0.07282980101284411, 1.0793050411880272, -0.13391865596448038, 0.43186258709502345, 0.22272223761485055, 1.234258535314189, 0.04504994902022946]
[2.0243828982976764, 0.07282980101284411, 1.0793050411880272, -0.13391865596448038, 0.43186258709502345, 0.22272223761485055, 1.234258535314189, 0.04504994902022946]
[2.0243828982976764, 0.07282980101284411, 1.0793050411880272, -0.13391865596448038, 0.43186258709502345, 0.22272223761485055, 1.234258535314189, 0.04504994902022946]
[2.0243828982976764, 0.07282980101284411, 1.0793050411880272, -0.13391865596448038, 0.43186258709502345, 0.22272223761485055, 1.234258535314189, 0.04504994902022946]
[2.0243828982976764, 0.07282980101284411, 1.0793050411880272, -0.13391865596448038, 0.43186258709502345, 0.22272223761485055, 1.234258535314189, 0.04504994902022946]
[2.0243828982976764, 0.07282980101284411, 1.0793050411880272, -0.13391865596448038, 0.43186258709502345, 0.22272223761485055, 1.234258535314189, 0.04504994902022946]
[2.0243828982976764, 0.07282980101284411, 1.0793050411880272, -0.13391865596448038, 0.43186258709502345, 0.22272223761485055, 1.234258535314189, 0.04504994902022946]
[2.0243828982976764, 0.07282980101284411, 1.0793050411880272, -0.13391865596448038, 0.43186258709502345, 0.22272223761485055, 1.234258535314189, 0.04504994902022946]
[2.0243828982976764, 0.07282980101284411, 1.0793050411880272, -0.13391865596448038, 0.43186258709502345, 0.22272223761485055, 1.234258535314189, 0.04504994902022946]
[2.0243828982976764, 0.07282980101284411, 1.0793050411880272, -0.13391865596448038, 0.43186258709502345, 0.22272223761485055, 1.234258535314189, 0.04504994902022946]
