Leaving out Box_n50_34_1400
{'ns': 0.97000003, 'H0': 67.0, 'w0': -1.0, 'ombh2': 0.0223, 'omch2': 0.12, 'nu_mass_ev': 0.07071068, '10^9 As': 2.10100315}
(149, 7)
(149, 8)
scaling input
(149, 7)
scaling output
(149, 8)
Iter 1/1000 - Loss: 0.6022
Iter 2/1000 - Loss: 0.5910
Iter 3/1000 - Loss: 0.5797
Iter 4/1000 - Loss: 0.5684
Iter 5/1000 - Loss: 0.5571
Iter 6/1000 - Loss: 0.5458
Iter 7/1000 - Loss: 0.5344
Iter 8/1000 - Loss: 0.5230
Iter 9/1000 - Loss: 0.5116
Iter 10/1000 - Loss: 0.5002
Iter 11/1000 - Loss: 0.4887
Iter 12/1000 - Loss: 0.4772
Iter 13/1000 - Loss: 0.4657
Iter 14/1000 - Loss: 0.4541
Iter 15/1000 - Loss: 0.4426
Iter 16/1000 - Loss: 0.4310
Iter 17/1000 - Loss: 0.4193
Iter 18/1000 - Loss: 0.4077
Iter 19/1000 - Loss: 0.3960
Iter 20/1000 - Loss: 0.3843
Iter 21/1000 - Loss: 0.3726
Iter 22/1000 - Loss: 0.3608
Iter 23/1000 - Loss: 0.3490
Iter 24/1000 - Loss: 0.3372
Iter 25/1000 - Loss: 0.3253
Iter 26/1000 - Loss: 0.3134
Iter 27/1000 - Loss: 0.3015
Iter 28/1000 - Loss: 0.2896
Iter 29/1000 - Loss: 0.2776
Iter 30/1000 - Loss: 0.2657
Iter 31/1000 - Loss: 0.2537
Iter 32/1000 - Loss: 0.2416
Iter 33/1000 - Loss: 0.2296
Iter 34/1000 - Loss: 0.2175
Iter 35/1000 - Loss: 0.2054
Iter 36/1000 - Loss: 0.1933
Iter 37/1000 - Loss: 0.1812
Iter 38/1000 - Loss: 0.1690
Iter 39/1000 - Loss: 0.1568
Iter 40/1000 - Loss: 0.1446
Iter 41/1000 - Loss: 0.1325
Iter 42/1000 - Loss: 0.1202
Iter 43/1000 - Loss: 0.1080
Iter 44/1000 - Loss: 0.0958
Iter 45/1000 - Loss: 0.0836
Iter 46/1000 - Loss: 0.0713
Iter 47/1000 - Loss: 0.0591
Iter 48/1000 - Loss: 0.0468
Iter 49/1000 - Loss: 0.0346
Iter 50/1000 - Loss: 0.0223
Iter 51/1000 - Loss: 0.0101
Iter 52/1000 - Loss: -0.0022
Iter 53/1000 - Loss: -0.0144
Iter 54/1000 - Loss: -0.0267
Iter 55/1000 - Loss: -0.0390
Iter 56/1000 - Loss: -0.0512
Iter 57/1000 - Loss: -0.0635
Iter 58/1000 - Loss: -0.0758
Iter 59/1000 - Loss: -0.0880
Iter 60/1000 - Loss: -0.1003
Iter 61/1000 - Loss: -0.1126
Iter 62/1000 - Loss: -0.1249
Iter 63/1000 - Loss: -0.1372
Iter 64/1000 - Loss: -0.1495
Iter 65/1000 - Loss: -0.1619
Iter 66/1000 - Loss: -0.1742
Iter 67/1000 - Loss: -0.1866
Iter 68/1000 - Loss: -0.1990
Iter 69/1000 - Loss: -0.2114
Iter 70/1000 - Loss: -0.2238
Iter 71/1000 - Loss: -0.2362
Iter 72/1000 - Loss: -0.2487
Iter 73/1000 - Loss: -0.2612
Iter 74/1000 - Loss: -0.2738
Iter 75/1000 - Loss: -0.2864
Iter 76/1000 - Loss: -0.2990
Iter 77/1000 - Loss: -0.3116
Iter 78/1000 - Loss: -0.3243
Iter 79/1000 - Loss: -0.3370
Iter 80/1000 - Loss: -0.3498
Iter 81/1000 - Loss: -0.3626
Iter 82/1000 - Loss: -0.3754
Iter 83/1000 - Loss: -0.3883
Iter 84/1000 - Loss: -0.4012
Iter 85/1000 - Loss: -0.4142
Iter 86/1000 - Loss: -0.4272
Iter 87/1000 - Loss: -0.4403
Iter 88/1000 - Loss: -0.4534
Iter 89/1000 - Loss: -0.4666
Iter 90/1000 - Loss: -0.4798
Iter 91/1000 - Loss: -0.4931
Iter 92/1000 - Loss: -0.5064
Iter 93/1000 - Loss: -0.5198
Iter 94/1000 - Loss: -0.5333
Iter 95/1000 - Loss: -0.5468
Iter 96/1000 - Loss: -0.5604
Iter 97/1000 - Loss: -0.5740
Iter 98/1000 - Loss: -0.5877
Iter 99/1000 - Loss: -0.6015
Iter 100/1000 - Loss: -0.6154
Iter 101/1000 - Loss: -0.6293
Iter 102/1000 - Loss: -0.6434
Iter 103/1000 - Loss: -0.6574
Iter 104/1000 - Loss: -0.6716
Iter 105/1000 - Loss: -0.6858
Iter 106/1000 - Loss: -0.7000
Iter 107/1000 - Loss: -0.7143
Iter 108/1000 - Loss: -0.7286
Iter 109/1000 - Loss: -0.7428
Iter 110/1000 - Loss: -0.7570
Iter 111/1000 - Loss: -0.7710
Iter 112/1000 - Loss: -0.7849
Iter 113/1000 - Loss: -0.7987
Iter 114/1000 - Loss: -0.8122
Iter 115/1000 - Loss: -0.8256
Iter 116/1000 - Loss: -0.8388
Iter 117/1000 - Loss: -0.8519
Iter 118/1000 - Loss: -0.8648
Iter 119/1000 - Loss: -0.8777
Iter 120/1000 - Loss: -0.8904
Iter 121/1000 - Loss: -0.9030
Iter 122/1000 - Loss: -0.9156
Iter 123/1000 - Loss: -0.9281
Iter 124/1000 - Loss: -0.9405
Iter 125/1000 - Loss: -0.9530
Iter 126/1000 - Loss: -0.9654
Iter 127/1000 - Loss: -0.9778
Iter 128/1000 - Loss: -0.9902
Iter 129/1000 - Loss: -1.0025
Iter 130/1000 - Loss: -1.0148
Iter 131/1000 - Loss: -1.0271
Iter 132/1000 - Loss: -1.0393
Iter 133/1000 - Loss: -1.0514
Iter 134/1000 - Loss: -1.0635
Iter 135/1000 - Loss: -1.0755
Iter 136/1000 - Loss: -1.0874
Iter 137/1000 - Loss: -1.0993
Iter 138/1000 - Loss: -1.1110
Iter 139/1000 - Loss: -1.1226
Iter 140/1000 - Loss: -1.1340
Iter 141/1000 - Loss: -1.1454
Iter 142/1000 - Loss: -1.1566
Iter 143/1000 - Loss: -1.1676
Iter 144/1000 - Loss: -1.1786
Iter 145/1000 - Loss: -1.1894
Iter 146/1000 - Loss: -1.2000
Iter 147/1000 - Loss: -1.2105
Iter 148/1000 - Loss: -1.2209
Iter 149/1000 - Loss: -1.2311
Iter 150/1000 - Loss: -1.2412
Iter 151/1000 - Loss: -1.2512
Iter 152/1000 - Loss: -1.2611
Iter 153/1000 - Loss: -1.2709
Iter 154/1000 - Loss: -1.2806
Iter 155/1000 - Loss: -1.2903
Iter 156/1000 - Loss: -1.2998
Iter 157/1000 - Loss: -1.3093
Iter 158/1000 - Loss: -1.3187
Iter 159/1000 - Loss: -1.3281
Iter 160/1000 - Loss: -1.3373
Iter 161/1000 - Loss: -1.3464
Iter 162/1000 - Loss: -1.3554
Iter 163/1000 - Loss: -1.3643
Iter 164/1000 - Loss: -1.3732
Iter 165/1000 - Loss: -1.3820
Iter 166/1000 - Loss: -1.3907
Iter 167/1000 - Loss: -1.3993
Iter 168/1000 - Loss: -1.4079
Iter 169/1000 - Loss: -1.4164
Iter 170/1000 - Loss: -1.4250
Iter 171/1000 - Loss: -1.4334
Iter 172/1000 - Loss: -1.4419
Iter 173/1000 - Loss: -1.4503
Iter 174/1000 - Loss: -1.4587
Iter 175/1000 - Loss: -1.4670
Iter 176/1000 - Loss: -1.4753
Iter 177/1000 - Loss: -1.4836
Iter 178/1000 - Loss: -1.4917
Iter 179/1000 - Loss: -1.4998
Iter 180/1000 - Loss: -1.5079
Iter 181/1000 - Loss: -1.5159
Iter 182/1000 - Loss: -1.5238
Iter 183/1000 - Loss: -1.5317
Iter 184/1000 - Loss: -1.5395
Iter 185/1000 - Loss: -1.5473
Iter 186/1000 - Loss: -1.5549
Iter 187/1000 - Loss: -1.5626
Iter 188/1000 - Loss: -1.5702
Iter 189/1000 - Loss: -1.5777
Iter 190/1000 - Loss: -1.5852
Iter 191/1000 - Loss: -1.5926
Iter 192/1000 - Loss: -1.6000
Iter 193/1000 - Loss: -1.6073
Iter 194/1000 - Loss: -1.6145
Iter 195/1000 - Loss: -1.6217
Iter 196/1000 - Loss: -1.6288
Iter 197/1000 - Loss: -1.6359
Iter 198/1000 - Loss: -1.6429
Iter 199/1000 - Loss: -1.6499
Iter 200/1000 - Loss: -1.6568
Iter 201/1000 - Loss: -1.6637
Iter 202/1000 - Loss: -1.6705
Iter 203/1000 - Loss: -1.6773
Iter 204/1000 - Loss: -1.6840
Iter 205/1000 - Loss: -1.6907
Iter 206/1000 - Loss: -1.6973
Iter 207/1000 - Loss: -1.7039
Iter 208/1000 - Loss: -1.7105
Iter 209/1000 - Loss: -1.7169
Iter 210/1000 - Loss: -1.7233
Iter 211/1000 - Loss: -1.7297
Iter 212/1000 - Loss: -1.7361
Iter 213/1000 - Loss: -1.7423
Iter 214/1000 - Loss: -1.7486
Iter 215/1000 - Loss: -1.7547
Iter 216/1000 - Loss: -1.7609
Iter 217/1000 - Loss: -1.7670
Iter 218/1000 - Loss: -1.7730
Iter 219/1000 - Loss: -1.7790
Iter 220/1000 - Loss: -1.7850
Iter 221/1000 - Loss: -1.7909
Iter 222/1000 - Loss: -1.7968
Iter 223/1000 - Loss: -1.8026
Iter 224/1000 - Loss: -1.8084
Iter 225/1000 - Loss: -1.8142
Iter 226/1000 - Loss: -1.8199
Iter 227/1000 - Loss: -1.8256
Iter 228/1000 - Loss: -1.8312
Iter 229/1000 - Loss: -1.8368
Iter 230/1000 - Loss: -1.8424
Iter 231/1000 - Loss: -1.8479
Iter 232/1000 - Loss: -1.8534
Iter 233/1000 - Loss: -1.8588
Iter 234/1000 - Loss: -1.8642
Iter 235/1000 - Loss: -1.8696
Iter 236/1000 - Loss: -1.8749
Iter 237/1000 - Loss: -1.8802
Iter 238/1000 - Loss: -1.8855
Iter 239/1000 - Loss: -1.8907
Iter 240/1000 - Loss: -1.8959
Iter 241/1000 - Loss: -1.9011
Iter 242/1000 - Loss: -1.9062
Iter 243/1000 - Loss: -1.9113
Iter 244/1000 - Loss: -1.9163
Iter 245/1000 - Loss: -1.9214
Iter 246/1000 - Loss: -1.9264
Iter 247/1000 - Loss: -1.9313
Iter 248/1000 - Loss: -1.9363
Iter 249/1000 - Loss: -1.9412
Iter 250/1000 - Loss: -1.9460
Iter 251/1000 - Loss: -1.9509
Iter 252/1000 - Loss: -1.9557
Iter 253/1000 - Loss: -1.9604
Iter 254/1000 - Loss: -1.9652
Iter 255/1000 - Loss: -1.9699
Iter 256/1000 - Loss: -1.9746
Iter 257/1000 - Loss: -1.9792
Iter 258/1000 - Loss: -1.9838
Iter 259/1000 - Loss: -1.9884
Iter 260/1000 - Loss: -1.9930
Iter 261/1000 - Loss: -1.9975
Iter 262/1000 - Loss: -2.0020
Iter 263/1000 - Loss: -2.0064
Iter 264/1000 - Loss: -2.0109
Iter 265/1000 - Loss: -2.0152
Iter 266/1000 - Loss: -2.0196
Iter 267/1000 - Loss: -2.0239
Iter 268/1000 - Loss: -2.0282
Iter 269/1000 - Loss: -2.0325
Iter 270/1000 - Loss: -2.0368
Iter 271/1000 - Loss: -2.0410
Iter 272/1000 - Loss: -2.0452
Iter 273/1000 - Loss: -2.0493
Iter 274/1000 - Loss: -2.0534
Iter 275/1000 - Loss: -2.0575
Iter 276/1000 - Loss: -2.0615
Iter 277/1000 - Loss: -2.0655
Iter 278/1000 - Loss: -2.0695
Iter 279/1000 - Loss: -2.0735
Iter 280/1000 - Loss: -2.0774
Iter 281/1000 - Loss: -2.0813
Iter 282/1000 - Loss: -2.0852
Iter 283/1000 - Loss: -2.0890
Iter 284/1000 - Loss: -2.0928
Iter 285/1000 - Loss: -2.0966
Iter 286/1000 - Loss: -2.1003
Iter 287/1000 - Loss: -2.1040
Iter 288/1000 - Loss: -2.1077
Iter 289/1000 - Loss: -2.1113
Iter 290/1000 - Loss: -2.1149
Iter 291/1000 - Loss: -2.1185
Iter 292/1000 - Loss: -2.1220
Iter 293/1000 - Loss: -2.1255
Iter 294/1000 - Loss: -2.1290
Iter 295/1000 - Loss: -2.1325
Iter 296/1000 - Loss: -2.1359
Iter 297/1000 - Loss: -2.1393
Iter 298/1000 - Loss: -2.1426
Iter 299/1000 - Loss: -2.1459
Iter 300/1000 - Loss: -2.1492
Iter 301/1000 - Loss: -2.1525
Iter 302/1000 - Loss: -2.1557
Iter 303/1000 - Loss: -2.1589
Iter 304/1000 - Loss: -2.1620
Iter 305/1000 - Loss: -2.1652
Iter 306/1000 - Loss: -2.1683
Iter 307/1000 - Loss: -2.1713
Iter 308/1000 - Loss: -2.1744
Iter 309/1000 - Loss: -2.1774
Iter 310/1000 - Loss: -2.1804
Iter 311/1000 - Loss: -2.1833
Iter 312/1000 - Loss: -2.1862
Iter 313/1000 - Loss: -2.1891
Iter 314/1000 - Loss: -2.1919
Iter 315/1000 - Loss: -2.1948
Iter 316/1000 - Loss: -2.1976
Iter 317/1000 - Loss: -2.2003
Iter 318/1000 - Loss: -2.2030
Iter 319/1000 - Loss: -2.2058
Iter 320/1000 - Loss: -2.2084
Iter 321/1000 - Loss: -2.2111
Iter 322/1000 - Loss: -2.2137
Iter 323/1000 - Loss: -2.2163
Iter 324/1000 - Loss: -2.2188
Iter 325/1000 - Loss: -2.2214
Iter 326/1000 - Loss: -2.2239
Iter 327/1000 - Loss: -2.2263
Iter 328/1000 - Loss: -2.2288
Iter 329/1000 - Loss: -2.2312
Iter 330/1000 - Loss: -2.2336
Iter 331/1000 - Loss: -2.2360
Iter 332/1000 - Loss: -2.2383
Iter 333/1000 - Loss: -2.2406
Iter 334/1000 - Loss: -2.2429
Iter 335/1000 - Loss: -2.2451
Iter 336/1000 - Loss: -2.2474
Iter 337/1000 - Loss: -2.2496
Iter 338/1000 - Loss: -2.2518
Iter 339/1000 - Loss: -2.2539
Iter 340/1000 - Loss: -2.2561
Iter 341/1000 - Loss: -2.2582
Iter 342/1000 - Loss: -2.2602
Iter 343/1000 - Loss: -2.2623
Iter 344/1000 - Loss: -2.2643
Iter 345/1000 - Loss: -2.2663
Iter 346/1000 - Loss: -2.2683
Iter 347/1000 - Loss: -2.2702
Iter 348/1000 - Loss: -2.2722
Iter 349/1000 - Loss: -2.2741
Iter 350/1000 - Loss: -2.2760
Iter 351/1000 - Loss: -2.2779
Iter 352/1000 - Loss: -2.2797
Iter 353/1000 - Loss: -2.2815
Iter 354/1000 - Loss: -2.2833
Iter 355/1000 - Loss: -2.2851
Iter 356/1000 - Loss: -2.2868
Iter 357/1000 - Loss: -2.2886
Iter 358/1000 - Loss: -2.2903
Iter 359/1000 - Loss: -2.2920
Iter 360/1000 - Loss: -2.2937
Iter 361/1000 - Loss: -2.2953
Iter 362/1000 - Loss: -2.2969
Iter 363/1000 - Loss: -2.2985
Iter 364/1000 - Loss: -2.3001
Iter 365/1000 - Loss: -2.3017
Iter 366/1000 - Loss: -2.3032
Iter 367/1000 - Loss: -2.3048
Iter 368/1000 - Loss: -2.3063
Iter 369/1000 - Loss: -2.3078
Iter 370/1000 - Loss: -2.3092
Iter 371/1000 - Loss: -2.3107
Iter 372/1000 - Loss: -2.3121
Iter 373/1000 - Loss: -2.3136
Iter 374/1000 - Loss: -2.3150
Iter 375/1000 - Loss: -2.3163
Iter 376/1000 - Loss: -2.3177
Iter 377/1000 - Loss: -2.3190
Iter 378/1000 - Loss: -2.3204
Iter 379/1000 - Loss: -2.3217
Iter 380/1000 - Loss: -2.3230
Iter 381/1000 - Loss: -2.3243
Iter 382/1000 - Loss: -2.3255
Iter 383/1000 - Loss: -2.3268
Iter 384/1000 - Loss: -2.3280
Iter 385/1000 - Loss: -2.3292
Iter 386/1000 - Loss: -2.3304
Iter 387/1000 - Loss: -2.3316
Iter 388/1000 - Loss: -2.3328
Iter 389/1000 - Loss: -2.3339
Iter 390/1000 - Loss: -2.3350
Iter 391/1000 - Loss: -2.3362
Iter 392/1000 - Loss: -2.3373
Iter 393/1000 - Loss: -2.3384
Iter 394/1000 - Loss: -2.3394
Iter 395/1000 - Loss: -2.3406
Iter 396/1000 - Loss: -2.3416
Iter 397/1000 - Loss: -2.3427
Iter 398/1000 - Loss: -2.3437
Iter 399/1000 - Loss: -2.3447
Iter 400/1000 - Loss: -2.3457
Iter 401/1000 - Loss: -2.3467
Iter 402/1000 - Loss: -2.3477
Iter 403/1000 - Loss: -2.3486
Iter 404/1000 - Loss: -2.3496
Iter 405/1000 - Loss: -2.3506
Iter 406/1000 - Loss: -2.3515
Iter 407/1000 - Loss: -2.3524
Iter 408/1000 - Loss: -2.3533
Iter 409/1000 - Loss: -2.3542
Iter 410/1000 - Loss: -2.3551
Iter 411/1000 - Loss: -2.3560
Iter 412/1000 - Loss: -2.3569
Iter 413/1000 - Loss: -2.3577
Iter 414/1000 - Loss: -2.3585
Iter 415/1000 - Loss: -2.3594
Iter 416/1000 - Loss: -2.3602
Iter 417/1000 - Loss: -2.3610
Iter 418/1000 - Loss: -2.3618
Iter 419/1000 - Loss: -2.3626
Iter 420/1000 - Loss: -2.3634
Iter 421/1000 - Loss: -2.3642
Iter 422/1000 - Loss: -2.3649
Iter 423/1000 - Loss: -2.3657
Iter 424/1000 - Loss: -2.3664
Iter 425/1000 - Loss: -2.3672
Iter 426/1000 - Loss: -2.3679
Iter 427/1000 - Loss: -2.3687
Iter 428/1000 - Loss: -2.3693
Iter 429/1000 - Loss: -2.3701
Iter 430/1000 - Loss: -2.3708
Iter 431/1000 - Loss: -2.3715
Iter 432/1000 - Loss: -2.3722
Iter 433/1000 - Loss: -2.3728
Iter 434/1000 - Loss: -2.3735
Iter 435/1000 - Loss: -2.3742
Iter 436/1000 - Loss: -2.3748
Iter 437/1000 - Loss: -2.3755
Iter 438/1000 - Loss: -2.3761
Iter 439/1000 - Loss: -2.3767
Iter 440/1000 - Loss: -2.3774
Iter 441/1000 - Loss: -2.3780
Iter 442/1000 - Loss: -2.3786
Iter 443/1000 - Loss: -2.3793
Iter 444/1000 - Loss: -2.3799
Iter 445/1000 - Loss: -2.3805
Iter 446/1000 - Loss: -2.3811
Iter 447/1000 - Loss: -2.3816
Iter 448/1000 - Loss: -2.3822
Iter 449/1000 - Loss: -2.3828
Iter 450/1000 - Loss: -2.3834
Iter 451/1000 - Loss: -2.3839
Iter 452/1000 - Loss: -2.3845
Iter 453/1000 - Loss: -2.3850
Iter 454/1000 - Loss: -2.3856
Iter 455/1000 - Loss: -2.3861
Iter 456/1000 - Loss: -2.3866
Iter 457/1000 - Loss: -2.3872
Iter 458/1000 - Loss: -2.3877
Iter 459/1000 - Loss: -2.3883
Iter 460/1000 - Loss: -2.3888
Iter 461/1000 - Loss: -2.3893
Iter 462/1000 - Loss: -2.3898
Iter 463/1000 - Loss: -2.3903
Iter 464/1000 - Loss: -2.3908
Iter 465/1000 - Loss: -2.3913
Iter 466/1000 - Loss: -2.3918
Iter 467/1000 - Loss: -2.3923
Iter 468/1000 - Loss: -2.3927
Iter 469/1000 - Loss: -2.3932
Iter 470/1000 - Loss: -2.3937
Iter 471/1000 - Loss: -2.3941
Iter 472/1000 - Loss: -2.3946
Iter 473/1000 - Loss: -2.3951
Iter 474/1000 - Loss: -2.3956
Iter 475/1000 - Loss: -2.3960
Iter 476/1000 - Loss: -2.3964
Iter 477/1000 - Loss: -2.3969
Iter 478/1000 - Loss: -2.3973
Iter 479/1000 - Loss: -2.3978
Iter 480/1000 - Loss: -2.3982
Iter 481/1000 - Loss: -2.3986
Iter 482/1000 - Loss: -2.3991
Iter 483/1000 - Loss: -2.3995
Iter 484/1000 - Loss: -2.3999
Iter 485/1000 - Loss: -2.4003
Iter 486/1000 - Loss: -2.4008
Iter 487/1000 - Loss: -2.4011
Iter 488/1000 - Loss: -2.4016
Iter 489/1000 - Loss: -2.4020
Iter 490/1000 - Loss: -2.4024
Iter 491/1000 - Loss: -2.4028
Iter 492/1000 - Loss: -2.4032
Iter 493/1000 - Loss: -2.4035
Iter 494/1000 - Loss: -2.4039
Iter 495/1000 - Loss: -2.4042
Iter 496/1000 - Loss: -2.4045
Iter 497/1000 - Loss: -2.4049
Iter 498/1000 - Loss: -2.4053
Iter 499/1000 - Loss: -2.4058
Iter 500/1000 - Loss: -2.4061
Iter 501/1000 - Loss: -2.4064
reducing lr to 0.001000
Iter 502/1000 - Loss: -2.4068
Iter 503/1000 - Loss: -2.4069
Iter 504/1000 - Loss: -2.4070
Iter 505/1000 - Loss: -2.4070
Iter 506/1000 - Loss: -2.4070
Iter 507/1000 - Loss: -2.4070
Iter 508/1000 - Loss: -2.4071
Iter 509/1000 - Loss: -2.4071
Iter 510/1000 - Loss: -2.4072
Iter 511/1000 - Loss: -2.4072
Iter 512/1000 - Loss: -2.4073
Iter 513/1000 - Loss: -2.4073
Iter 514/1000 - Loss: -2.4073
Iter 515/1000 - Loss: -2.4074
Iter 516/1000 - Loss: -2.4074
Iter 517/1000 - Loss: -2.4075
Iter 518/1000 - Loss: -2.4075
Iter 519/1000 - Loss: -2.4075
Iter 520/1000 - Loss: -2.4076
Iter 521/1000 - Loss: -2.4076
Iter 522/1000 - Loss: -2.4076
Iter 523/1000 - Loss: -2.4077
Iter 524/1000 - Loss: -2.4077
Iter 525/1000 - Loss: -2.4077
Iter 526/1000 - Loss: -2.4078
Iter 527/1000 - Loss: -2.4078
Iter 528/1000 - Loss: -2.4078
Iter 529/1000 - Loss: -2.4079
Iter 530/1000 - Loss: -2.4079
Iter 531/1000 - Loss: -2.4079
Iter 532/1000 - Loss: -2.4080
Iter 533/1000 - Loss: -2.4080
Iter 534/1000 - Loss: -2.4080
Iter 535/1000 - Loss: -2.4081
Iter 536/1000 - Loss: -2.4081
Iter 537/1000 - Loss: -2.4081
Iter 538/1000 - Loss: -2.4082
Iter 539/1000 - Loss: -2.4082
Iter 540/1000 - Loss: -2.4082
Iter 541/1000 - Loss: -2.4083
Iter 542/1000 - Loss: -2.4083
Iter 543/1000 - Loss: -2.4084
Iter 544/1000 - Loss: -2.4084
Iter 545/1000 - Loss: -2.4084
Iter 546/1000 - Loss: -2.4084
Iter 547/1000 - Loss: -2.4085
Iter 548/1000 - Loss: -2.4085
Iter 549/1000 - Loss: -2.4085
Iter 550/1000 - Loss: -2.4086
Iter 551/1000 - Loss: -2.4086
Iter 552/1000 - Loss: -2.4087
Iter 553/1000 - Loss: -2.4087
Iter 554/1000 - Loss: -2.4087
Iter 555/1000 - Loss: -2.4087
Iter 556/1000 - Loss: -2.4088
Iter 557/1000 - Loss: -2.4088
Iter 558/1000 - Loss: -2.4088
Iter 559/1000 - Loss: -2.4089
Iter 560/1000 - Loss: -2.4089
Iter 561/1000 - Loss: -2.4090
Iter 562/1000 - Loss: -2.4090
Iter 563/1000 - Loss: -2.4090
Iter 564/1000 - Loss: -2.4091
Iter 565/1000 - Loss: -2.4091
Iter 566/1000 - Loss: -2.4091
Iter 567/1000 - Loss: -2.4092
Iter 568/1000 - Loss: -2.4092
Iter 569/1000 - Loss: -2.4092
Iter 570/1000 - Loss: -2.4093
Iter 571/1000 - Loss: -2.4093
Iter 572/1000 - Loss: -2.4093
Iter 573/1000 - Loss: -2.4093
Iter 574/1000 - Loss: -2.4094
Iter 575/1000 - Loss: -2.4094
Iter 576/1000 - Loss: -2.4095
Iter 577/1000 - Loss: -2.4095
Iter 578/1000 - Loss: -2.4096
Iter 579/1000 - Loss: -2.4096
Iter 580/1000 - Loss: -2.4096
Iter 581/1000 - Loss: -2.4097
Iter 582/1000 - Loss: -2.4097
Iter 583/1000 - Loss: -2.4097
Iter 584/1000 - Loss: -2.4098
Iter 585/1000 - Loss: -2.4098
Iter 586/1000 - Loss: -2.4098
Iter 587/1000 - Loss: -2.4099
Iter 588/1000 - Loss: -2.4099
Iter 589/1000 - Loss: -2.4099
Iter 590/1000 - Loss: -2.4099
Iter 591/1000 - Loss: -2.4100
Iter 592/1000 - Loss: -2.4100
Iter 593/1000 - Loss: -2.4101
Iter 594/1000 - Loss: -2.4101
Iter 595/1000 - Loss: -2.4101
Iter 596/1000 - Loss: -2.4102
Iter 597/1000 - Loss: -2.4102
Iter 598/1000 - Loss: -2.4102
Iter 599/1000 - Loss: -2.4102
Iter 600/1000 - Loss: -2.4103
Iter 601/1000 - Loss: -2.4103
Iter 602/1000 - Loss: -2.4104
Iter 603/1000 - Loss: -2.4104
Iter 604/1000 - Loss: -2.4104
Iter 605/1000 - Loss: -2.4105
Iter 606/1000 - Loss: -2.4105
Iter 607/1000 - Loss: -2.4105
Iter 608/1000 - Loss: -2.4106
Iter 609/1000 - Loss: -2.4106
Iter 610/1000 - Loss: -2.4106
Iter 611/1000 - Loss: -2.4107
Iter 612/1000 - Loss: -2.4107
Iter 613/1000 - Loss: -2.4107
Iter 614/1000 - Loss: -2.4108
Iter 615/1000 - Loss: -2.4108
Iter 616/1000 - Loss: -2.4108
Iter 617/1000 - Loss: -2.4109
Iter 618/1000 - Loss: -2.4109
Iter 619/1000 - Loss: -2.4109
Iter 620/1000 - Loss: -2.4110
Iter 621/1000 - Loss: -2.4110
Iter 622/1000 - Loss: -2.4110
Iter 623/1000 - Loss: -2.4111
Iter 624/1000 - Loss: -2.4111
Iter 625/1000 - Loss: -2.4111
Iter 626/1000 - Loss: -2.4112
Iter 627/1000 - Loss: -2.4112
Iter 628/1000 - Loss: -2.4113
Iter 629/1000 - Loss: -2.4112
Iter 630/1000 - Loss: -2.4113
Iter 631/1000 - Loss: -2.4113
Iter 632/1000 - Loss: -2.4114
Iter 633/1000 - Loss: -2.4114
Iter 634/1000 - Loss: -2.4114
Iter 635/1000 - Loss: -2.4115
Iter 636/1000 - Loss: -2.4115
Iter 637/1000 - Loss: -2.4115
Iter 638/1000 - Loss: -2.4116
Iter 639/1000 - Loss: -2.4116
Iter 640/1000 - Loss: -2.4116
Iter 641/1000 - Loss: -2.4117
Iter 642/1000 - Loss: -2.4117
Iter 643/1000 - Loss: -2.4117
Iter 644/1000 - Loss: -2.4118
Iter 645/1000 - Loss: -2.4118
Iter 646/1000 - Loss: -2.4119
Iter 647/1000 - Loss: -2.4119
Iter 648/1000 - Loss: -2.4119
Iter 649/1000 - Loss: -2.4119
Iter 650/1000 - Loss: -2.4120
Iter 651/1000 - Loss: -2.4120
Iter 652/1000 - Loss: -2.4121
Iter 653/1000 - Loss: -2.4121
Iter 654/1000 - Loss: -2.4121
Iter 655/1000 - Loss: -2.4121
Iter 656/1000 - Loss: -2.4122
Iter 657/1000 - Loss: -2.4122
Iter 658/1000 - Loss: -2.4122
Iter 659/1000 - Loss: -2.4123
Iter 660/1000 - Loss: -2.4123
Iter 661/1000 - Loss: -2.4123
Iter 662/1000 - Loss: -2.4124
Iter 663/1000 - Loss: -2.4124
Iter 664/1000 - Loss: -2.4124
Iter 665/1000 - Loss: -2.4125
Iter 666/1000 - Loss: -2.4125
Iter 667/1000 - Loss: -2.4125
Iter 668/1000 - Loss: -2.4126
Iter 669/1000 - Loss: -2.4126
Iter 670/1000 - Loss: -2.4126
Iter 671/1000 - Loss: -2.4127
Iter 672/1000 - Loss: -2.4127
Iter 673/1000 - Loss: -2.4127
Iter 674/1000 - Loss: -2.4128
Iter 675/1000 - Loss: -2.4128
Iter 676/1000 - Loss: -2.4128
Iter 677/1000 - Loss: -2.4129
Iter 678/1000 - Loss: -2.4129
Iter 679/1000 - Loss: -2.4129
Iter 680/1000 - Loss: -2.4130
Iter 681/1000 - Loss: -2.4130
Iter 682/1000 - Loss: -2.4130
Iter 683/1000 - Loss: -2.4131
Iter 684/1000 - Loss: -2.4131
Iter 685/1000 - Loss: -2.4131
Iter 686/1000 - Loss: -2.4132
Iter 687/1000 - Loss: -2.4132
Iter 688/1000 - Loss: -2.4132
Iter 689/1000 - Loss: -2.4133
Iter 690/1000 - Loss: -2.4133
Iter 691/1000 - Loss: -2.4133
Iter 692/1000 - Loss: -2.4133
Iter 693/1000 - Loss: -2.4134
Iter 694/1000 - Loss: -2.4134
Iter 695/1000 - Loss: -2.4135
Iter 696/1000 - Loss: -2.4135
Iter 697/1000 - Loss: -2.4135
Iter 698/1000 - Loss: -2.4136
Iter 699/1000 - Loss: -2.4136
Iter 700/1000 - Loss: -2.4136
Iter 701/1000 - Loss: -2.4136
Iter 702/1000 - Loss: -2.4137
Iter 703/1000 - Loss: -2.4137
Iter 704/1000 - Loss: -2.4137
Iter 705/1000 - Loss: -2.4138
Iter 706/1000 - Loss: -2.4138
Iter 707/1000 - Loss: -2.4139
Iter 708/1000 - Loss: -2.4139
Iter 709/1000 - Loss: -2.4139
Iter 710/1000 - Loss: -2.4139
Iter 711/1000 - Loss: -2.4139
Iter 712/1000 - Loss: -2.4140
Iter 713/1000 - Loss: -2.4140
Iter 714/1000 - Loss: -2.4141
Iter 715/1000 - Loss: -2.4141
Iter 716/1000 - Loss: -2.4141
Iter 717/1000 - Loss: -2.4142
Iter 718/1000 - Loss: -2.4142
Iter 719/1000 - Loss: -2.4142
Iter 720/1000 - Loss: -2.4143
Iter 721/1000 - Loss: -2.4143
Iter 722/1000 - Loss: -2.4143
Iter 723/1000 - Loss: -2.4144
Iter 724/1000 - Loss: -2.4144
Iter 725/1000 - Loss: -2.4144
Iter 726/1000 - Loss: -2.4144
Iter 727/1000 - Loss: -2.4145
Iter 728/1000 - Loss: -2.4145
Iter 729/1000 - Loss: -2.4146
Iter 730/1000 - Loss: -2.4146
Iter 731/1000 - Loss: -2.4146
Iter 732/1000 - Loss: -2.4146
Iter 733/1000 - Loss: -2.4147
Iter 734/1000 - Loss: -2.4147
Iter 735/1000 - Loss: -2.4147
Iter 736/1000 - Loss: -2.4148
Iter 737/1000 - Loss: -2.4148
Iter 738/1000 - Loss: -2.4149
Iter 739/1000 - Loss: -2.4149
Iter 740/1000 - Loss: -2.4149
Iter 741/1000 - Loss: -2.4149
Iter 742/1000 - Loss: -2.4149
Iter 743/1000 - Loss: -2.4150
Iter 744/1000 - Loss: -2.4150
Iter 745/1000 - Loss: -2.4151
Iter 746/1000 - Loss: -2.4151
Iter 747/1000 - Loss: -2.4151
Iter 748/1000 - Loss: -2.4151
Iter 749/1000 - Loss: -2.4152
Iter 750/1000 - Loss: -2.4152
Iter 751/1000 - Loss: -2.4152
Iter 752/1000 - Loss: -2.4153
Iter 753/1000 - Loss: -2.4153
Iter 754/1000 - Loss: -2.4154
Iter 755/1000 - Loss: -2.4154
Iter 756/1000 - Loss: -2.4154
Iter 757/1000 - Loss: -2.4155
Iter 758/1000 - Loss: -2.4155
Iter 759/1000 - Loss: -2.4155
Iter 760/1000 - Loss: -2.4156
Iter 761/1000 - Loss: -2.4156
Iter 762/1000 - Loss: -2.4156
Iter 763/1000 - Loss: -2.4156
Iter 764/1000 - Loss: -2.4157
Iter 765/1000 - Loss: -2.4157
Iter 766/1000 - Loss: -2.4157
Iter 767/1000 - Loss: -2.4158
Iter 768/1000 - Loss: -2.4158
Iter 769/1000 - Loss: -2.4158
Iter 770/1000 - Loss: -2.4159
Iter 771/1000 - Loss: -2.4159
Iter 772/1000 - Loss: -2.4159
Iter 773/1000 - Loss: -2.4160
Iter 774/1000 - Loss: -2.4160
Iter 775/1000 - Loss: -2.4160
Iter 776/1000 - Loss: -2.4160
Iter 777/1000 - Loss: -2.4161
Iter 778/1000 - Loss: -2.4161
Iter 779/1000 - Loss: -2.4161
Iter 780/1000 - Loss: -2.4162
Iter 781/1000 - Loss: -2.4162
Iter 782/1000 - Loss: -2.4162
Iter 783/1000 - Loss: -2.4163
Iter 784/1000 - Loss: -2.4163
Iter 785/1000 - Loss: -2.4163
Iter 786/1000 - Loss: -2.4164
Iter 787/1000 - Loss: -2.4164
Iter 788/1000 - Loss: -2.4164
Iter 789/1000 - Loss: -2.4164
Iter 790/1000 - Loss: -2.4165
Iter 791/1000 - Loss: -2.4165
Iter 792/1000 - Loss: -2.4166
Iter 793/1000 - Loss: -2.4166
Iter 794/1000 - Loss: -2.4166
Iter 795/1000 - Loss: -2.4166
Iter 796/1000 - Loss: -2.4167
Iter 797/1000 - Loss: -2.4167
Iter 798/1000 - Loss: -2.4167
Iter 799/1000 - Loss: -2.4167
Iter 800/1000 - Loss: -2.4168
Iter 801/1000 - Loss: -2.4168
Iter 802/1000 - Loss: -2.4168
Iter 803/1000 - Loss: -2.4169
Iter 804/1000 - Loss: -2.4169
Iter 805/1000 - Loss: -2.4169
Iter 806/1000 - Loss: -2.4170
Iter 807/1000 - Loss: -2.4170
Iter 808/1000 - Loss: -2.4170
Iter 809/1000 - Loss: -2.4171
Iter 810/1000 - Loss: -2.4171
Iter 811/1000 - Loss: -2.4171
Iter 812/1000 - Loss: -2.4171
Iter 813/1000 - Loss: -2.4172
Iter 814/1000 - Loss: -2.4172
Iter 815/1000 - Loss: -2.4173
Iter 816/1000 - Loss: -2.4173
Iter 817/1000 - Loss: -2.4173
Iter 818/1000 - Loss: -2.4173
Iter 819/1000 - Loss: -2.4174
Iter 820/1000 - Loss: -2.4174
Iter 821/1000 - Loss: -2.4174
Iter 822/1000 - Loss: -2.4175
Iter 823/1000 - Loss: -2.4175
Iter 824/1000 - Loss: -2.4175
Iter 825/1000 - Loss: -2.4175
Iter 826/1000 - Loss: -2.4176
Iter 827/1000 - Loss: -2.4176
Iter 828/1000 - Loss: -2.4176
Iter 829/1000 - Loss: -2.4177
Iter 830/1000 - Loss: -2.4177
Iter 831/1000 - Loss: -2.4177
Iter 832/1000 - Loss: -2.4178
Iter 833/1000 - Loss: -2.4178
Iter 834/1000 - Loss: -2.4178
Iter 835/1000 - Loss: -2.4179
Iter 836/1000 - Loss: -2.4179
Iter 837/1000 - Loss: -2.4179
Iter 838/1000 - Loss: -2.4179
Iter 839/1000 - Loss: -2.4180
Iter 840/1000 - Loss: -2.4180
Iter 841/1000 - Loss: -2.4180
Iter 842/1000 - Loss: -2.4180
Iter 843/1000 - Loss: -2.4181
Iter 844/1000 - Loss: -2.4181
Iter 845/1000 - Loss: -2.4181
Iter 846/1000 - Loss: -2.4182
Iter 847/1000 - Loss: -2.4182
Iter 848/1000 - Loss: -2.4182
Iter 849/1000 - Loss: -2.4182
Iter 850/1000 - Loss: -2.4183
Iter 851/1000 - Loss: -2.4183
Iter 852/1000 - Loss: -2.4184
Iter 853/1000 - Loss: -2.4184
Iter 854/1000 - Loss: -2.4184
Iter 855/1000 - Loss: -2.4185
Iter 856/1000 - Loss: -2.4185
Iter 857/1000 - Loss: -2.4185
Iter 858/1000 - Loss: -2.4185
Iter 859/1000 - Loss: -2.4185
Iter 860/1000 - Loss: -2.4186
Iter 861/1000 - Loss: -2.4186
Iter 862/1000 - Loss: -2.4186
Iter 863/1000 - Loss: -2.4187
Iter 864/1000 - Loss: -2.4187
Iter 865/1000 - Loss: -2.4187
Iter 866/1000 - Loss: -2.4188
Iter 867/1000 - Loss: -2.4188
Iter 868/1000 - Loss: -2.4188
Iter 869/1000 - Loss: -2.4188
Iter 870/1000 - Loss: -2.4189
Iter 871/1000 - Loss: -2.4189
Iter 872/1000 - Loss: -2.4189
Iter 873/1000 - Loss: -2.4189
Iter 874/1000 - Loss: -2.4190
Iter 875/1000 - Loss: -2.4190
Iter 876/1000 - Loss: -2.4190
Iter 877/1000 - Loss: -2.4191
Iter 878/1000 - Loss: -2.4191
Iter 879/1000 - Loss: -2.4191
Iter 880/1000 - Loss: -2.4192
Iter 881/1000 - Loss: -2.4192
Iter 882/1000 - Loss: -2.4192
Iter 883/1000 - Loss: -2.4193
Iter 884/1000 - Loss: -2.4193
Iter 885/1000 - Loss: -2.4193
Iter 886/1000 - Loss: -2.4193
Iter 887/1000 - Loss: -2.4194
Iter 888/1000 - Loss: -2.4194
Iter 889/1000 - Loss: -2.4194
Iter 890/1000 - Loss: -2.4194
Iter 891/1000 - Loss: -2.4195
Iter 892/1000 - Loss: -2.4195
Iter 893/1000 - Loss: -2.4195
Iter 894/1000 - Loss: -2.4196
Iter 895/1000 - Loss: -2.4196
Iter 896/1000 - Loss: -2.4196
Iter 897/1000 - Loss: -2.4197
Iter 898/1000 - Loss: -2.4197
Iter 899/1000 - Loss: -2.4197
Iter 900/1000 - Loss: -2.4197
Iter 901/1000 - Loss: -2.4198
Iter 902/1000 - Loss: -2.4198
Iter 903/1000 - Loss: -2.4198
Iter 904/1000 - Loss: -2.4198
Iter 905/1000 - Loss: -2.4199
Iter 906/1000 - Loss: -2.4199
Iter 907/1000 - Loss: -2.4199
Iter 908/1000 - Loss: -2.4200
Iter 909/1000 - Loss: -2.4200
Iter 910/1000 - Loss: -2.4200
Iter 911/1000 - Loss: -2.4201
Iter 912/1000 - Loss: -2.4201
Iter 913/1000 - Loss: -2.4201
Iter 914/1000 - Loss: -2.4201
Iter 915/1000 - Loss: -2.4201
Iter 916/1000 - Loss: -2.4202
Iter 917/1000 - Loss: -2.4202
Iter 918/1000 - Loss: -2.4202
Iter 919/1000 - Loss: -2.4203
Iter 920/1000 - Loss: -2.4203
Iter 921/1000 - Loss: -2.4203
Iter 922/1000 - Loss: -2.4203
Iter 923/1000 - Loss: -2.4204
Iter 924/1000 - Loss: -2.4204
Iter 925/1000 - Loss: -2.4204
Iter 926/1000 - Loss: -2.4205
Iter 927/1000 - Loss: -2.4205
Iter 928/1000 - Loss: -2.4205
Iter 929/1000 - Loss: -2.4205
Iter 930/1000 - Loss: -2.4206
Iter 931/1000 - Loss: -2.4206
Iter 932/1000 - Loss: -2.4206
Iter 933/1000 - Loss: -2.4207
Iter 934/1000 - Loss: -2.4207
Iter 935/1000 - Loss: -2.4207
Iter 936/1000 - Loss: -2.4207
Iter 937/1000 - Loss: -2.4208
Iter 938/1000 - Loss: -2.4208
Iter 939/1000 - Loss: -2.4208
Iter 940/1000 - Loss: -2.4209
Iter 941/1000 - Loss: -2.4209
Iter 942/1000 - Loss: -2.4209
Iter 943/1000 - Loss: -2.4209
Iter 944/1000 - Loss: -2.4210
Iter 945/1000 - Loss: -2.4210
Iter 946/1000 - Loss: -2.4210
Iter 947/1000 - Loss: -2.4210
Iter 948/1000 - Loss: -2.4211
Iter 949/1000 - Loss: -2.4211
Iter 950/1000 - Loss: -2.4211
Iter 951/1000 - Loss: -2.4211
Iter 952/1000 - Loss: -2.4212
Iter 953/1000 - Loss: -2.4212
Iter 954/1000 - Loss: -2.4212
Iter 955/1000 - Loss: -2.4213
Iter 956/1000 - Loss: -2.4213
Iter 957/1000 - Loss: -2.4213
Iter 958/1000 - Loss: -2.4213
Iter 959/1000 - Loss: -2.4214
Iter 960/1000 - Loss: -2.4214
Iter 961/1000 - Loss: -2.4214
Iter 962/1000 - Loss: -2.4215
Iter 963/1000 - Loss: -2.4215
Iter 964/1000 - Loss: -2.4215
Iter 965/1000 - Loss: -2.4215
Iter 966/1000 - Loss: -2.4216
Iter 967/1000 - Loss: -2.4216
Iter 968/1000 - Loss: -2.4216
Iter 969/1000 - Loss: -2.4217
Iter 970/1000 - Loss: -2.4217
Iter 971/1000 - Loss: -2.4217
Iter 972/1000 - Loss: -2.4217
Iter 973/1000 - Loss: -2.4217
Iter 974/1000 - Loss: -2.4218
Iter 975/1000 - Loss: -2.4218
Iter 976/1000 - Loss: -2.4218
Iter 977/1000 - Loss: -2.4219
Iter 978/1000 - Loss: -2.4219
Iter 979/1000 - Loss: -2.4219
Iter 980/1000 - Loss: -2.4219
Iter 981/1000 - Loss: -2.4220
Iter 982/1000 - Loss: -2.4220
Iter 983/1000 - Loss: -2.4220
Iter 984/1000 - Loss: -2.4221
Iter 985/1000 - Loss: -2.4221
Iter 986/1000 - Loss: -2.4221
Iter 987/1000 - Loss: -2.4221
Iter 988/1000 - Loss: -2.4222
Iter 989/1000 - Loss: -2.4221
Iter 990/1000 - Loss: -2.4222
Iter 991/1000 - Loss: -2.4222
Iter 992/1000 - Loss: -2.4223
Iter 993/1000 - Loss: -2.4223
Iter 994/1000 - Loss: -2.4223
Iter 995/1000 - Loss: -2.4223
Iter 996/1000 - Loss: -2.4224
Iter 997/1000 - Loss: -2.4224
Iter 998/1000 - Loss: -2.4224
Iter 999/1000 - Loss: -2.4224
Iter 1000/1000 - Loss: -2.4224
OrderedDict([('likelihood.raw_noise', tensor([inf])), ('likelihood.raw_noise_constraint.lower_bound', tensor(-inf)), ('likelihood.raw_noise_constraint.upper_bound', tensor(1.0000e-08)), ('mean_module.base_means.0.weights', tensor([[-0.1912],
        [-0.0757],
        [ 0.0203],
        [ 0.0829],
        [ 0.0619],
        [-0.3410],
        [ 0.0128]])), ('mean_module.base_means.0.bias', tensor([2.3534])), ('mean_module.base_means.1.weights', tensor([[ 0.0325],
        [ 0.0207],
        [ 0.0215],
        [ 0.1818],
        [ 0.0040],
        [ 0.0065],
        [-0.0077]])), ('mean_module.base_means.1.bias', tensor([-0.1041])), ('mean_module.base_means.2.weights', tensor([[-0.0132],
        [ 0.0016],
        [-0.0668],
        [-0.0475],
        [-0.0230],
        [ 0.1234],
        [ 0.0217]])), ('mean_module.base_means.2.bias', tensor([1.0617])), ('mean_module.base_means.3.weights', tensor([[-0.0182],
        [-0.0036],
        [-0.0455],
        [-0.0029],
        [ 0.0215],
        [ 0.0107],
        [ 0.0125]])), ('mean_module.base_means.3.bias', tensor([-0.0761])), ('mean_module.base_means.4.weights', tensor([[ 0.0463],
        [ 0.0077],
        [ 0.0391],
        [ 0.0365],
        [-0.0015],
        [ 0.0119],
        [-0.0087]])), ('mean_module.base_means.4.bias', tensor([0.3638])), ('mean_module.base_means.5.weights', tensor([[ 0.0024],
        [ 0.0016],
        [ 0.0771],
        [ 0.0045],
        [-0.0072],
        [-0.0513],
        [-0.0029]])), ('mean_module.base_means.5.bias', tensor([0.1869])), ('mean_module.base_means.6.weights', tensor([[-0.0103],
        [-0.0034],
        [-0.0190],
        [-0.0146],
        [ 0.0027],
        [ 0.0121],
        [ 0.0257]])), ('mean_module.base_means.6.bias', tensor([1.2499])), ('mean_module.base_means.7.weights', tensor([[ 0.0162],
        [ 0.0101],
        [-0.0257],
        [-0.0409],
        [ 0.0009],
        [ 0.0442],
        [ 0.0104]])), ('mean_module.base_means.7.bias', tensor([0.0257])), ('covar_module.task_covar_module.covar_factor', tensor([[-0.1897],
        [-0.3234],
        [ 0.6685],
        [ 0.0742],
        [-0.2084],
        [ 0.0275],
        [ 0.0735],
        [ 0.0763]])), ('covar_module.task_covar_module.raw_var', tensor([-0.2080, -0.5500, -3.4821, -1.9567, -4.5564, -3.7501, -3.6080, -4.2861])), ('covar_module.task_covar_module.raw_var_constraint.lower_bound', tensor(0.)), ('covar_module.task_covar_module.raw_var_constraint.upper_bound', tensor(inf)), ('covar_module.data_covar_module.kernels.0.raw_outputscale', tensor(-3.3556)), ('covar_module.data_covar_module.kernels.0.base_kernel.raw_lengthscale', tensor([[2.0938, 2.4201, 2.1979, 1.7160, 3.6447, 2.1498, 3.1236]])), ('covar_module.data_covar_module.kernels.0.base_kernel.raw_lengthscale_constraint.lower_bound', tensor(0.)), ('covar_module.data_covar_module.kernels.0.base_kernel.raw_lengthscale_constraint.upper_bound', tensor(inf)), ('covar_module.data_covar_module.kernels.0.raw_outputscale_constraint.lower_bound', tensor(0.)), ('covar_module.data_covar_module.kernels.0.raw_outputscale_constraint.upper_bound', tensor(inf)), ('covar_module.data_covar_module.kernels.1.raw_constant', tensor([-3.6380])), ('covar_module.data_covar_module.kernels.1.raw_constant_constraint.lower_bound', tensor(0.)), ('covar_module.data_covar_module.kernels.1.raw_constant_constraint.upper_bound', tensor(inf))])
loading emulator from /oak/stanford/orgs/kipac/users/delon/aemulusnu_massfunction/GP_loBox_n50_34_1400.pkl
[2.029255310874528, -0.00150830177318519, 1.0401367245939348, -0.0345588298235216, 0.4416074819628447, 0.1765585985832819, 1.2396098513206766, 0.0582124250323331]
[2.029255310874528, -0.00150830177318519, 1.0401367245939348, -0.0345588298235216, 0.4416074819628447, 0.1765585985832819, 1.2396098513206766, 0.0582124250323331]
[2.029255310874528, -0.00150830177318519, 1.0401367245939348, -0.0345588298235216, 0.4416074819628447, 0.1765585985832819, 1.2396098513206766, 0.0582124250323331]
[2.029255310874528, -0.00150830177318519, 1.0401367245939348, -0.0345588298235216, 0.4416074819628447, 0.1765585985832819, 1.2396098513206766, 0.0582124250323331]
[2.029255310874528, -0.00150830177318519, 1.0401367245939348, -0.0345588298235216, 0.4416074819628447, 0.1765585985832819, 1.2396098513206766, 0.0582124250323331]
[2.029255310874528, -0.00150830177318519, 1.0401367245939348, -0.0345588298235216, 0.4416074819628447, 0.1765585985832819, 1.2396098513206766, 0.0582124250323331]
[2.029255310874528, -0.00150830177318519, 1.0401367245939348, -0.0345588298235216, 0.4416074819628447, 0.1765585985832819, 1.2396098513206766, 0.0582124250323331]
[2.029255310874528, -0.00150830177318519, 1.0401367245939348, -0.0345588298235216, 0.4416074819628447, 0.1765585985832819, 1.2396098513206766, 0.0582124250323331]
[2.029255310874528, -0.00150830177318519, 1.0401367245939348, -0.0345588298235216, 0.4416074819628447, 0.1765585985832819, 1.2396098513206766, 0.0582124250323331]
[2.029255310874528, -0.00150830177318519, 1.0401367245939348, -0.0345588298235216, 0.4416074819628447, 0.1765585985832819, 1.2396098513206766, 0.0582124250323331]
[2.029255310874528, -0.00150830177318519, 1.0401367245939348, -0.0345588298235216, 0.4416074819628447, 0.1765585985832819, 1.2396098513206766, 0.0582124250323331]
[2.029255310874528, -0.00150830177318519, 1.0401367245939348, -0.0345588298235216, 0.4416074819628447, 0.1765585985832819, 1.2396098513206766, 0.0582124250323331]
[2.029255310874528, -0.00150830177318519, 1.0401367245939348, -0.0345588298235216, 0.4416074819628447, 0.1765585985832819, 1.2396098513206766, 0.0582124250323331]
[2.029255310874528, -0.00150830177318519, 1.0401367245939348, -0.0345588298235216, 0.4416074819628447, 0.1765585985832819, 1.2396098513206766, 0.0582124250323331]
[2.029255310874528, -0.00150830177318519, 1.0401367245939348, -0.0345588298235216, 0.4416074819628447, 0.1765585985832819, 1.2396098513206766, 0.0582124250323331]
