Leaving out Box_n50_31_1400
{'ns': 0.97000003, 'H0': 67.0, 'w0': -1.0, 'ombh2': 0.0223, 'omch2': 0.12, 'nu_mass_ev': 0.07071068, '10^9 As': 2.10100315}
(149, 7)
(149, 8)
scaling input
(149, 7)
scaling output
(149, 8)
Iter 1/1000 - Loss: 0.5996
Iter 2/1000 - Loss: 0.5853
Iter 3/1000 - Loss: 0.5712
Iter 4/1000 - Loss: 0.5573
Iter 5/1000 - Loss: 0.5437
Iter 6/1000 - Loss: 0.5302
Iter 7/1000 - Loss: 0.5169
Iter 8/1000 - Loss: 0.5037
Iter 9/1000 - Loss: 0.4907
Iter 10/1000 - Loss: 0.4778
Iter 11/1000 - Loss: 0.4651
Iter 12/1000 - Loss: 0.4525
Iter 13/1000 - Loss: 0.4400
Iter 14/1000 - Loss: 0.4275
Iter 15/1000 - Loss: 0.4152
Iter 16/1000 - Loss: 0.4029
Iter 17/1000 - Loss: 0.3906
Iter 18/1000 - Loss: 0.3784
Iter 19/1000 - Loss: 0.3662
Iter 20/1000 - Loss: 0.3539
Iter 21/1000 - Loss: 0.3417
Iter 22/1000 - Loss: 0.3295
Iter 23/1000 - Loss: 0.3171
Iter 24/1000 - Loss: 0.3047
Iter 25/1000 - Loss: 0.2923
Iter 26/1000 - Loss: 0.2797
Iter 27/1000 - Loss: 0.2671
Iter 28/1000 - Loss: 0.2542
Iter 29/1000 - Loss: 0.2413
Iter 30/1000 - Loss: 0.2283
Iter 31/1000 - Loss: 0.2150
Iter 32/1000 - Loss: 0.2017
Iter 33/1000 - Loss: 0.1882
Iter 34/1000 - Loss: 0.1744
Iter 35/1000 - Loss: 0.1606
Iter 36/1000 - Loss: 0.1466
Iter 37/1000 - Loss: 0.1323
Iter 38/1000 - Loss: 0.1180
Iter 39/1000 - Loss: 0.1035
Iter 40/1000 - Loss: 0.0889
Iter 41/1000 - Loss: 0.0741
Iter 42/1000 - Loss: 0.0592
Iter 43/1000 - Loss: 0.0442
Iter 44/1000 - Loss: 0.0291
Iter 45/1000 - Loss: 0.0140
Iter 46/1000 - Loss: -0.0013
Iter 47/1000 - Loss: -0.0166
Iter 48/1000 - Loss: -0.0319
Iter 49/1000 - Loss: -0.0473
Iter 50/1000 - Loss: -0.0627
Iter 51/1000 - Loss: -0.0782
Iter 52/1000 - Loss: -0.0936
Iter 53/1000 - Loss: -0.1091
Iter 54/1000 - Loss: -0.1247
Iter 55/1000 - Loss: -0.1402
Iter 56/1000 - Loss: -0.1559
Iter 57/1000 - Loss: -0.1715
Iter 58/1000 - Loss: -0.1872
Iter 59/1000 - Loss: -0.2029
Iter 60/1000 - Loss: -0.2186
Iter 61/1000 - Loss: -0.2344
Iter 62/1000 - Loss: -0.2502
Iter 63/1000 - Loss: -0.2660
Iter 64/1000 - Loss: -0.2818
Iter 65/1000 - Loss: -0.2977
Iter 66/1000 - Loss: -0.3136
Iter 67/1000 - Loss: -0.3294
Iter 68/1000 - Loss: -0.3453
Iter 69/1000 - Loss: -0.3612
Iter 70/1000 - Loss: -0.3772
Iter 71/1000 - Loss: -0.3931
Iter 72/1000 - Loss: -0.4090
Iter 73/1000 - Loss: -0.4249
Iter 74/1000 - Loss: -0.4409
Iter 75/1000 - Loss: -0.4568
Iter 76/1000 - Loss: -0.4728
Iter 77/1000 - Loss: -0.4888
Iter 78/1000 - Loss: -0.5047
Iter 79/1000 - Loss: -0.5207
Iter 80/1000 - Loss: -0.5368
Iter 81/1000 - Loss: -0.5529
Iter 82/1000 - Loss: -0.5690
Iter 83/1000 - Loss: -0.5851
Iter 84/1000 - Loss: -0.6013
Iter 85/1000 - Loss: -0.6175
Iter 86/1000 - Loss: -0.6338
Iter 87/1000 - Loss: -0.6501
Iter 88/1000 - Loss: -0.6665
Iter 89/1000 - Loss: -0.6829
Iter 90/1000 - Loss: -0.6993
Iter 91/1000 - Loss: -0.7157
Iter 92/1000 - Loss: -0.7322
Iter 93/1000 - Loss: -0.7486
Iter 94/1000 - Loss: -0.7649
Iter 95/1000 - Loss: -0.7813
Iter 96/1000 - Loss: -0.7976
Iter 97/1000 - Loss: -0.8138
Iter 98/1000 - Loss: -0.8299
Iter 99/1000 - Loss: -0.8460
Iter 100/1000 - Loss: -0.8620
Iter 101/1000 - Loss: -0.8778
Iter 102/1000 - Loss: -0.8935
Iter 103/1000 - Loss: -0.9091
Iter 104/1000 - Loss: -0.9246
Iter 105/1000 - Loss: -0.9398
Iter 106/1000 - Loss: -0.9549
Iter 107/1000 - Loss: -0.9699
Iter 108/1000 - Loss: -0.9846
Iter 109/1000 - Loss: -0.9992
Iter 110/1000 - Loss: -1.0136
Iter 111/1000 - Loss: -1.0277
Iter 112/1000 - Loss: -1.0416
Iter 113/1000 - Loss: -1.0554
Iter 114/1000 - Loss: -1.0689
Iter 115/1000 - Loss: -1.0823
Iter 116/1000 - Loss: -1.0953
Iter 117/1000 - Loss: -1.1083
Iter 118/1000 - Loss: -1.1209
Iter 119/1000 - Loss: -1.1335
Iter 120/1000 - Loss: -1.1458
Iter 121/1000 - Loss: -1.1579
Iter 122/1000 - Loss: -1.1699
Iter 123/1000 - Loss: -1.1818
Iter 124/1000 - Loss: -1.1936
Iter 125/1000 - Loss: -1.2052
Iter 126/1000 - Loss: -1.2168
Iter 127/1000 - Loss: -1.2284
Iter 128/1000 - Loss: -1.2398
Iter 129/1000 - Loss: -1.2512
Iter 130/1000 - Loss: -1.2625
Iter 131/1000 - Loss: -1.2737
Iter 132/1000 - Loss: -1.2849
Iter 133/1000 - Loss: -1.2959
Iter 134/1000 - Loss: -1.3069
Iter 135/1000 - Loss: -1.3177
Iter 136/1000 - Loss: -1.3284
Iter 137/1000 - Loss: -1.3389
Iter 138/1000 - Loss: -1.3494
Iter 139/1000 - Loss: -1.3597
Iter 140/1000 - Loss: -1.3699
Iter 141/1000 - Loss: -1.3799
Iter 142/1000 - Loss: -1.3898
Iter 143/1000 - Loss: -1.3997
Iter 144/1000 - Loss: -1.4093
Iter 145/1000 - Loss: -1.4189
Iter 146/1000 - Loss: -1.4284
Iter 147/1000 - Loss: -1.4378
Iter 148/1000 - Loss: -1.4471
Iter 149/1000 - Loss: -1.4563
Iter 150/1000 - Loss: -1.4654
Iter 151/1000 - Loss: -1.4744
Iter 152/1000 - Loss: -1.4833
Iter 153/1000 - Loss: -1.4921
Iter 154/1000 - Loss: -1.5008
Iter 155/1000 - Loss: -1.5094
Iter 156/1000 - Loss: -1.5180
Iter 157/1000 - Loss: -1.5264
Iter 158/1000 - Loss: -1.5347
Iter 159/1000 - Loss: -1.5429
Iter 160/1000 - Loss: -1.5511
Iter 161/1000 - Loss: -1.5592
Iter 162/1000 - Loss: -1.5672
Iter 163/1000 - Loss: -1.5751
Iter 164/1000 - Loss: -1.5829
Iter 165/1000 - Loss: -1.5906
Iter 166/1000 - Loss: -1.5983
Iter 167/1000 - Loss: -1.6059
Iter 168/1000 - Loss: -1.6134
Iter 169/1000 - Loss: -1.6209
Iter 170/1000 - Loss: -1.6283
Iter 171/1000 - Loss: -1.6356
Iter 172/1000 - Loss: -1.6428
Iter 173/1000 - Loss: -1.6500
Iter 174/1000 - Loss: -1.6572
Iter 175/1000 - Loss: -1.6642
Iter 176/1000 - Loss: -1.6713
Iter 177/1000 - Loss: -1.6782
Iter 178/1000 - Loss: -1.6851
Iter 179/1000 - Loss: -1.6920
Iter 180/1000 - Loss: -1.6989
Iter 181/1000 - Loss: -1.7057
Iter 182/1000 - Loss: -1.7124
Iter 183/1000 - Loss: -1.7192
Iter 184/1000 - Loss: -1.7259
Iter 185/1000 - Loss: -1.7326
Iter 186/1000 - Loss: -1.7393
Iter 187/1000 - Loss: -1.7459
Iter 188/1000 - Loss: -1.7526
Iter 189/1000 - Loss: -1.7592
Iter 190/1000 - Loss: -1.7659
Iter 191/1000 - Loss: -1.7725
Iter 192/1000 - Loss: -1.7792
Iter 193/1000 - Loss: -1.7858
Iter 194/1000 - Loss: -1.7925
Iter 195/1000 - Loss: -1.7992
Iter 196/1000 - Loss: -1.8059
Iter 197/1000 - Loss: -1.8126
Iter 198/1000 - Loss: -1.8194
Iter 199/1000 - Loss: -1.8261
Iter 200/1000 - Loss: -1.8330
Iter 201/1000 - Loss: -1.8399
Iter 202/1000 - Loss: -1.8468
Iter 203/1000 - Loss: -1.8537
Iter 204/1000 - Loss: -1.8607
Iter 205/1000 - Loss: -1.8678
Iter 206/1000 - Loss: -1.8749
Iter 207/1000 - Loss: -1.8821
Iter 208/1000 - Loss: -1.8893
Iter 209/1000 - Loss: -1.8966
Iter 210/1000 - Loss: -1.9039
Iter 211/1000 - Loss: -1.9113
Iter 212/1000 - Loss: -1.9187
Iter 213/1000 - Loss: -1.9262
Iter 214/1000 - Loss: -1.9337
Iter 215/1000 - Loss: -1.9412
Iter 216/1000 - Loss: -1.9487
Iter 217/1000 - Loss: -1.9563
Iter 218/1000 - Loss: -1.9638
Iter 219/1000 - Loss: -1.9713
Iter 220/1000 - Loss: -1.9787
Iter 221/1000 - Loss: -1.9861
Iter 222/1000 - Loss: -1.9934
Iter 223/1000 - Loss: -2.0006
Iter 224/1000 - Loss: -2.0076
Iter 225/1000 - Loss: -2.0146
Iter 226/1000 - Loss: -2.0214
Iter 227/1000 - Loss: -2.0280
Iter 228/1000 - Loss: -2.0345
Iter 229/1000 - Loss: -2.0408
Iter 230/1000 - Loss: -2.0469
Iter 231/1000 - Loss: -2.0529
Iter 232/1000 - Loss: -2.0586
Iter 233/1000 - Loss: -2.0642
Iter 234/1000 - Loss: -2.0697
Iter 235/1000 - Loss: -2.0750
Iter 236/1000 - Loss: -2.0801
Iter 237/1000 - Loss: -2.0851
Iter 238/1000 - Loss: -2.0900
Iter 239/1000 - Loss: -2.0948
Iter 240/1000 - Loss: -2.0994
Iter 241/1000 - Loss: -2.1039
Iter 242/1000 - Loss: -2.1084
Iter 243/1000 - Loss: -2.1128
Iter 244/1000 - Loss: -2.1171
Iter 245/1000 - Loss: -2.1213
Iter 246/1000 - Loss: -2.1255
Iter 247/1000 - Loss: -2.1296
Iter 248/1000 - Loss: -2.1336
Iter 249/1000 - Loss: -2.1376
Iter 250/1000 - Loss: -2.1415
Iter 251/1000 - Loss: -2.1453
Iter 252/1000 - Loss: -2.1491
Iter 253/1000 - Loss: -2.1527
Iter 254/1000 - Loss: -2.1562
Iter 255/1000 - Loss: -2.1596
Iter 256/1000 - Loss: -2.1629
Iter 257/1000 - Loss: -2.1661
Iter 258/1000 - Loss: -2.1691
Iter 259/1000 - Loss: -2.1721
Iter 260/1000 - Loss: -2.1749
Iter 261/1000 - Loss: -2.1776
Iter 262/1000 - Loss: -2.1803
Iter 263/1000 - Loss: -2.1829
Iter 264/1000 - Loss: -2.1855
Iter 265/1000 - Loss: -2.1879
Iter 266/1000 - Loss: -2.1904
Iter 267/1000 - Loss: -2.1927
Iter 268/1000 - Loss: -2.1950
Iter 269/1000 - Loss: -2.1973
Iter 270/1000 - Loss: -2.1994
Iter 271/1000 - Loss: -2.2015
Iter 272/1000 - Loss: -2.2036
Iter 273/1000 - Loss: -2.2055
Iter 274/1000 - Loss: -2.2075
Iter 275/1000 - Loss: -2.2093
Iter 276/1000 - Loss: -2.2112
Iter 277/1000 - Loss: -2.2129
Iter 278/1000 - Loss: -2.2147
Iter 279/1000 - Loss: -2.2164
Iter 280/1000 - Loss: -2.2181
Iter 281/1000 - Loss: -2.2197
Iter 282/1000 - Loss: -2.2213
Iter 283/1000 - Loss: -2.2229
Iter 284/1000 - Loss: -2.2244
Iter 285/1000 - Loss: -2.2260
Iter 286/1000 - Loss: -2.2274
Iter 287/1000 - Loss: -2.2289
Iter 288/1000 - Loss: -2.2303
Iter 289/1000 - Loss: -2.2317
Iter 290/1000 - Loss: -2.2331
Iter 291/1000 - Loss: -2.2344
Iter 292/1000 - Loss: -2.2357
Iter 293/1000 - Loss: -2.2370
Iter 294/1000 - Loss: -2.2382
Iter 295/1000 - Loss: -2.2395
Iter 296/1000 - Loss: -2.2407
Iter 297/1000 - Loss: -2.2419
Iter 298/1000 - Loss: -2.2431
Iter 299/1000 - Loss: -2.2442
Iter 300/1000 - Loss: -2.2453
Iter 301/1000 - Loss: -2.2464
Iter 302/1000 - Loss: -2.2475
Iter 303/1000 - Loss: -2.2486
Iter 304/1000 - Loss: -2.2496
Iter 305/1000 - Loss: -2.2506
Iter 306/1000 - Loss: -2.2516
Iter 307/1000 - Loss: -2.2526
Iter 308/1000 - Loss: -2.2536
Iter 309/1000 - Loss: -2.2545
Iter 310/1000 - Loss: -2.2554
Iter 311/1000 - Loss: -2.2564
Iter 312/1000 - Loss: -2.2573
Iter 313/1000 - Loss: -2.2581
Iter 314/1000 - Loss: -2.2590
Iter 315/1000 - Loss: -2.2599
Iter 316/1000 - Loss: -2.2607
Iter 317/1000 - Loss: -2.2615
Iter 318/1000 - Loss: -2.2623
Iter 319/1000 - Loss: -2.2631
Iter 320/1000 - Loss: -2.2639
Iter 321/1000 - Loss: -2.2647
Iter 322/1000 - Loss: -2.2654
Iter 323/1000 - Loss: -2.2661
Iter 324/1000 - Loss: -2.2668
Iter 325/1000 - Loss: -2.2676
Iter 326/1000 - Loss: -2.2683
Iter 327/1000 - Loss: -2.2689
Iter 328/1000 - Loss: -2.2696
Iter 329/1000 - Loss: -2.2703
Iter 330/1000 - Loss: -2.2709
Iter 331/1000 - Loss: -2.2715
Iter 332/1000 - Loss: -2.2721
Iter 333/1000 - Loss: -2.2728
Iter 334/1000 - Loss: -2.2733
Iter 335/1000 - Loss: -2.2739
Iter 336/1000 - Loss: -2.2745
Iter 337/1000 - Loss: -2.2750
Iter 338/1000 - Loss: -2.2756
Iter 339/1000 - Loss: -2.2761
Iter 340/1000 - Loss: -2.2766
Iter 341/1000 - Loss: -2.2771
Iter 342/1000 - Loss: -2.2776
Iter 343/1000 - Loss: -2.2781
Iter 344/1000 - Loss: -2.2786
Iter 345/1000 - Loss: -2.2790
Iter 346/1000 - Loss: -2.2795
Iter 347/1000 - Loss: -2.2799
Iter 348/1000 - Loss: -2.2803
Iter 349/1000 - Loss: -2.2807
Iter 350/1000 - Loss: -2.2811
Iter 351/1000 - Loss: -2.2815
Iter 352/1000 - Loss: -2.2819
Iter 353/1000 - Loss: -2.2823
Iter 354/1000 - Loss: -2.2826
Iter 355/1000 - Loss: -2.2830
Iter 356/1000 - Loss: -2.2833
Iter 357/1000 - Loss: -2.2837
Iter 358/1000 - Loss: -2.2840
Iter 359/1000 - Loss: -2.2843
Iter 360/1000 - Loss: -2.2846
Iter 361/1000 - Loss: -2.2849
Iter 362/1000 - Loss: -2.2852
Iter 363/1000 - Loss: -2.2855
Iter 364/1000 - Loss: -2.2858
Iter 365/1000 - Loss: -2.2860
Iter 366/1000 - Loss: -2.2863
Iter 367/1000 - Loss: -2.2866
Iter 368/1000 - Loss: -2.2868
Iter 369/1000 - Loss: -2.2871
Iter 370/1000 - Loss: -2.2873
Iter 371/1000 - Loss: -2.2876
Iter 372/1000 - Loss: -2.2878
Iter 373/1000 - Loss: -2.2880
Iter 374/1000 - Loss: -2.2882
Iter 375/1000 - Loss: -2.2884
Iter 376/1000 - Loss: -2.2887
Iter 377/1000 - Loss: -2.2889
Iter 378/1000 - Loss: -2.2891
Iter 379/1000 - Loss: -2.2893
Iter 380/1000 - Loss: -2.2895
Iter 381/1000 - Loss: -2.2897
Iter 382/1000 - Loss: -2.2899
Iter 383/1000 - Loss: -2.2900
Iter 384/1000 - Loss: -2.2902
Iter 385/1000 - Loss: -2.2904
Iter 386/1000 - Loss: -2.2906
Iter 387/1000 - Loss: -2.2907
Iter 388/1000 - Loss: -2.2909
Iter 389/1000 - Loss: -2.2911
Iter 390/1000 - Loss: -2.2912
Iter 391/1000 - Loss: -2.2914
Iter 392/1000 - Loss: -2.2916
Iter 393/1000 - Loss: -2.2917
Iter 394/1000 - Loss: -2.2918
Iter 395/1000 - Loss: -2.2920
Iter 396/1000 - Loss: -2.2921
Iter 397/1000 - Loss: -2.2923
Iter 398/1000 - Loss: -2.2924
Iter 399/1000 - Loss: -2.2925
Iter 400/1000 - Loss: -2.2927
Iter 401/1000 - Loss: -2.2928
Iter 402/1000 - Loss: -2.2929
Iter 403/1000 - Loss: -2.2931
Iter 404/1000 - Loss: -2.2932
Iter 405/1000 - Loss: -2.2933
Iter 406/1000 - Loss: -2.2934
Iter 407/1000 - Loss: -2.2936
Iter 408/1000 - Loss: -2.2937
Iter 409/1000 - Loss: -2.2938
Iter 410/1000 - Loss: -2.2939
Iter 411/1000 - Loss: -2.2940
Iter 412/1000 - Loss: -2.2941
Iter 413/1000 - Loss: -2.2942
Iter 414/1000 - Loss: -2.2943
Iter 415/1000 - Loss: -2.2944
Iter 416/1000 - Loss: -2.2946
Iter 417/1000 - Loss: -2.2946
Iter 418/1000 - Loss: -2.2947
Iter 419/1000 - Loss: -2.2949
Iter 420/1000 - Loss: -2.2949
Iter 421/1000 - Loss: -2.2951
Iter 422/1000 - Loss: -2.2952
Iter 423/1000 - Loss: -2.2952
Iter 424/1000 - Loss: -2.2953
Iter 425/1000 - Loss: -2.2954
Iter 426/1000 - Loss: -2.2955
Iter 427/1000 - Loss: -2.2956
Iter 428/1000 - Loss: -2.2957
Iter 429/1000 - Loss: -2.2958
Iter 430/1000 - Loss: -2.2959
Iter 431/1000 - Loss: -2.2959
Iter 432/1000 - Loss: -2.2960
Iter 433/1000 - Loss: -2.2961
Iter 434/1000 - Loss: -2.2962
Iter 435/1000 - Loss: -2.2963
Iter 436/1000 - Loss: -2.2963
Iter 437/1000 - Loss: -2.2964
Iter 438/1000 - Loss: -2.2965
Iter 439/1000 - Loss: -2.2966
Iter 440/1000 - Loss: -2.2967
Iter 441/1000 - Loss: -2.2968
Iter 442/1000 - Loss: -2.2968
Iter 443/1000 - Loss: -2.2969
Iter 444/1000 - Loss: -2.2970
Iter 445/1000 - Loss: -2.2970
Iter 446/1000 - Loss: -2.2971
Iter 447/1000 - Loss: -2.2972
Iter 448/1000 - Loss: -2.2972
Iter 449/1000 - Loss: -2.2973
Iter 450/1000 - Loss: -2.2974
Iter 451/1000 - Loss: -2.2975
Iter 452/1000 - Loss: -2.2975
Iter 453/1000 - Loss: -2.2976
Iter 454/1000 - Loss: -2.2977
Iter 455/1000 - Loss: -2.2977
Iter 456/1000 - Loss: -2.2978
Iter 457/1000 - Loss: -2.2979
Iter 458/1000 - Loss: -2.2979
Iter 459/1000 - Loss: -2.2980
Iter 460/1000 - Loss: -2.2981
Iter 461/1000 - Loss: -2.2981
Iter 462/1000 - Loss: -2.2982
Iter 463/1000 - Loss: -2.2983
Iter 464/1000 - Loss: -2.2983
Iter 465/1000 - Loss: -2.2983
Iter 466/1000 - Loss: -2.2984
Iter 467/1000 - Loss: -2.2985
Iter 468/1000 - Loss: -2.2986
Iter 469/1000 - Loss: -2.2986
Iter 470/1000 - Loss: -2.2987
Iter 471/1000 - Loss: -2.2987
Iter 472/1000 - Loss: -2.2988
Iter 473/1000 - Loss: -2.2988
Iter 474/1000 - Loss: -2.2989
Iter 475/1000 - Loss: -2.2989
Iter 476/1000 - Loss: -2.2990
Iter 477/1000 - Loss: -2.2991
Iter 478/1000 - Loss: -2.2991
Iter 479/1000 - Loss: -2.2992
Iter 480/1000 - Loss: -2.2992
Iter 481/1000 - Loss: -2.2993
Iter 482/1000 - Loss: -2.2993
Iter 483/1000 - Loss: -2.2994
Iter 484/1000 - Loss: -2.2995
Iter 485/1000 - Loss: -2.2995
Iter 486/1000 - Loss: -2.2995
Iter 487/1000 - Loss: -2.2996
Iter 488/1000 - Loss: -2.2997
Iter 489/1000 - Loss: -2.2997
Iter 490/1000 - Loss: -2.2998
Iter 491/1000 - Loss: -2.2998
Iter 492/1000 - Loss: -2.2999
Iter 493/1000 - Loss: -2.3000
Iter 494/1000 - Loss: -2.3000
Iter 495/1000 - Loss: -2.3000
Iter 496/1000 - Loss: -2.3001
Iter 497/1000 - Loss: -2.3001
Iter 498/1000 - Loss: -2.3002
Iter 499/1000 - Loss: -2.3002
Iter 500/1000 - Loss: -2.3003
Iter 501/1000 - Loss: -2.3003
reducing lr to 0.001000
Iter 502/1000 - Loss: -2.3004
Iter 503/1000 - Loss: -2.3004
Iter 504/1000 - Loss: -2.3004
Iter 505/1000 - Loss: -2.3004
Iter 506/1000 - Loss: -2.3004
Iter 507/1000 - Loss: -2.3004
Iter 508/1000 - Loss: -2.3004
Iter 509/1000 - Loss: -2.3004
Iter 510/1000 - Loss: -2.3004
Iter 511/1000 - Loss: -2.3004
Iter 512/1000 - Loss: -2.3004
Iter 513/1000 - Loss: -2.3004
Iter 514/1000 - Loss: -2.3005
Iter 515/1000 - Loss: -2.3005
Iter 516/1000 - Loss: -2.3005
Iter 517/1000 - Loss: -2.3005
Iter 518/1000 - Loss: -2.3004
Iter 519/1000 - Loss: -2.3005
Iter 520/1000 - Loss: -2.3005
Iter 521/1000 - Loss: -2.3005
Iter 522/1000 - Loss: -2.3005
Iter 523/1000 - Loss: -2.3005
Iter 524/1000 - Loss: -2.3005
Iter 525/1000 - Loss: -2.3005
Iter 526/1000 - Loss: -2.3005
Iter 527/1000 - Loss: -2.3005
Iter 528/1000 - Loss: -2.3005
Iter 529/1000 - Loss: -2.3006
Iter 530/1000 - Loss: -2.3005
Iter 531/1000 - Loss: -2.3005
Iter 532/1000 - Loss: -2.3005
Iter 533/1000 - Loss: -2.3006
Iter 534/1000 - Loss: -2.3005
Iter 535/1000 - Loss: -2.3006
Iter 536/1000 - Loss: -2.3006
Iter 537/1000 - Loss: -2.3006
Iter 538/1000 - Loss: -2.3006
Iter 539/1000 - Loss: -2.3006
Iter 540/1000 - Loss: -2.3006
Iter 541/1000 - Loss: -2.3006
Iter 542/1000 - Loss: -2.3006
Iter 543/1000 - Loss: -2.3006
Iter 544/1000 - Loss: -2.3006
Iter 545/1000 - Loss: -2.3006
Iter 546/1000 - Loss: -2.3006
Iter 547/1000 - Loss: -2.3006
Iter 548/1000 - Loss: -2.3006
Iter 549/1000 - Loss: -2.3006
Iter 550/1000 - Loss: -2.3006
Iter 551/1000 - Loss: -2.3006
Iter 552/1000 - Loss: -2.3007
Iter 553/1000 - Loss: -2.3007
Iter 554/1000 - Loss: -2.3006
Iter 555/1000 - Loss: -2.3007
Iter 556/1000 - Loss: -2.3007
Iter 557/1000 - Loss: -2.3007
Iter 558/1000 - Loss: -2.3007
Iter 559/1000 - Loss: -2.3007
Iter 560/1000 - Loss: -2.3007
Iter 561/1000 - Loss: -2.3007
Iter 562/1000 - Loss: -2.3007
Iter 563/1000 - Loss: -2.3007
Iter 564/1000 - Loss: -2.3007
Iter 565/1000 - Loss: -2.3007
Iter 566/1000 - Loss: -2.3007
Iter 567/1000 - Loss: -2.3007
Iter 568/1000 - Loss: -2.3007
Iter 569/1000 - Loss: -2.3007
Iter 570/1000 - Loss: -2.3007
Iter 571/1000 - Loss: -2.3007
Iter 572/1000 - Loss: -2.3007
Iter 573/1000 - Loss: -2.3007
Iter 574/1000 - Loss: -2.3007
Iter 575/1000 - Loss: -2.3008
Iter 576/1000 - Loss: -2.3008
Iter 577/1000 - Loss: -2.3008
Iter 578/1000 - Loss: -2.3008
Iter 579/1000 - Loss: -2.3008
Iter 580/1000 - Loss: -2.3008
Iter 581/1000 - Loss: -2.3008
Iter 582/1000 - Loss: -2.3008
Iter 583/1000 - Loss: -2.3008
Iter 584/1000 - Loss: -2.3008
Iter 585/1000 - Loss: -2.3008
Iter 586/1000 - Loss: -2.3008
Iter 587/1000 - Loss: -2.3008
Iter 588/1000 - Loss: -2.3008
Iter 589/1000 - Loss: -2.3008
Iter 590/1000 - Loss: -2.3008
Iter 591/1000 - Loss: -2.3008
Iter 592/1000 - Loss: -2.3008
Iter 593/1000 - Loss: -2.3008
Iter 594/1000 - Loss: -2.3009
Iter 595/1000 - Loss: -2.3009
Iter 596/1000 - Loss: -2.3009
Iter 597/1000 - Loss: -2.3009
Iter 598/1000 - Loss: -2.3009
Iter 599/1000 - Loss: -2.3009
Iter 600/1000 - Loss: -2.3009
Iter 601/1000 - Loss: -2.3009
Iter 602/1000 - Loss: -2.3009
Iter 603/1000 - Loss: -2.3009
Iter 604/1000 - Loss: -2.3009
Iter 605/1000 - Loss: -2.3009
Iter 606/1000 - Loss: -2.3009
Iter 607/1000 - Loss: -2.3009
Iter 608/1000 - Loss: -2.3009
Iter 609/1000 - Loss: -2.3009
Iter 610/1000 - Loss: -2.3009
Iter 611/1000 - Loss: -2.3009
Iter 612/1000 - Loss: -2.3009
Iter 613/1000 - Loss: -2.3010
Iter 614/1000 - Loss: -2.3010
Iter 615/1000 - Loss: -2.3010
Iter 616/1000 - Loss: -2.3010
Iter 617/1000 - Loss: -2.3010
Iter 618/1000 - Loss: -2.3010
Iter 619/1000 - Loss: -2.3010
Iter 620/1000 - Loss: -2.3010
Iter 621/1000 - Loss: -2.3010
Iter 622/1000 - Loss: -2.3010
Iter 623/1000 - Loss: -2.3010
Iter 624/1000 - Loss: -2.3010
Iter 625/1000 - Loss: -2.3010
Iter 626/1000 - Loss: -2.3010
Iter 627/1000 - Loss: -2.3010
Iter 628/1000 - Loss: -2.3010
Iter 629/1000 - Loss: -2.3010
Iter 630/1000 - Loss: -2.3010
Iter 631/1000 - Loss: -2.3010
Iter 632/1000 - Loss: -2.3010
Iter 633/1000 - Loss: -2.3010
Iter 634/1000 - Loss: -2.3010
Iter 635/1000 - Loss: -2.3011
Iter 636/1000 - Loss: -2.3010
Iter 637/1000 - Loss: -2.3011
Iter 638/1000 - Loss: -2.3011
Iter 639/1000 - Loss: -2.3011
Iter 640/1000 - Loss: -2.3011
Iter 641/1000 - Loss: -2.3011
Iter 642/1000 - Loss: -2.3011
Iter 643/1000 - Loss: -2.3011
Iter 644/1000 - Loss: -2.3011
Iter 645/1000 - Loss: -2.3011
Iter 646/1000 - Loss: -2.3011
Iter 647/1000 - Loss: -2.3011
Iter 648/1000 - Loss: -2.3011
Iter 649/1000 - Loss: -2.3011
Iter 650/1000 - Loss: -2.3011
Iter 651/1000 - Loss: -2.3011
Iter 652/1000 - Loss: -2.3011
Iter 653/1000 - Loss: -2.3011
Iter 654/1000 - Loss: -2.3011
Iter 655/1000 - Loss: -2.3012
Iter 656/1000 - Loss: -2.3012
Iter 657/1000 - Loss: -2.3012
Iter 658/1000 - Loss: -2.3012
Iter 659/1000 - Loss: -2.3012
Iter 660/1000 - Loss: -2.3012
Iter 661/1000 - Loss: -2.3012
Iter 662/1000 - Loss: -2.3012
Iter 663/1000 - Loss: -2.3012
Iter 664/1000 - Loss: -2.3012
Iter 665/1000 - Loss: -2.3012
Iter 666/1000 - Loss: -2.3012
Iter 667/1000 - Loss: -2.3012
Iter 668/1000 - Loss: -2.3012
Iter 669/1000 - Loss: -2.3012
Iter 670/1000 - Loss: -2.3012
Iter 671/1000 - Loss: -2.3012
Iter 672/1000 - Loss: -2.3012
Iter 673/1000 - Loss: -2.3013
Iter 674/1000 - Loss: -2.3012
Iter 675/1000 - Loss: -2.3012
Iter 676/1000 - Loss: -2.3012
Iter 677/1000 - Loss: -2.3013
Iter 678/1000 - Loss: -2.3013
Iter 679/1000 - Loss: -2.3013
Iter 680/1000 - Loss: -2.3013
Iter 681/1000 - Loss: -2.3013
Iter 682/1000 - Loss: -2.3013
Iter 683/1000 - Loss: -2.3013
Iter 684/1000 - Loss: -2.3013
Iter 685/1000 - Loss: -2.3013
Iter 686/1000 - Loss: -2.3013
Iter 687/1000 - Loss: -2.3013
Iter 688/1000 - Loss: -2.3013
Iter 689/1000 - Loss: -2.3013
Iter 690/1000 - Loss: -2.3013
Iter 691/1000 - Loss: -2.3013
Iter 692/1000 - Loss: -2.3013
Iter 693/1000 - Loss: -2.3013
Iter 694/1000 - Loss: -2.3014
Iter 695/1000 - Loss: -2.3014
Iter 696/1000 - Loss: -2.3014
Iter 697/1000 - Loss: -2.3014
Iter 698/1000 - Loss: -2.3014
Iter 699/1000 - Loss: -2.3014
Iter 700/1000 - Loss: -2.3014
Iter 701/1000 - Loss: -2.3014
Iter 702/1000 - Loss: -2.3014
Iter 703/1000 - Loss: -2.3014
Iter 704/1000 - Loss: -2.3014
Iter 705/1000 - Loss: -2.3014
Iter 706/1000 - Loss: -2.3014
Iter 707/1000 - Loss: -2.3014
Iter 708/1000 - Loss: -2.3014
Iter 709/1000 - Loss: -2.3014
Iter 710/1000 - Loss: -2.3014
Iter 711/1000 - Loss: -2.3014
Iter 712/1000 - Loss: -2.3014
Iter 713/1000 - Loss: -2.3014
Iter 714/1000 - Loss: -2.3014
Iter 715/1000 - Loss: -2.3014
Iter 716/1000 - Loss: -2.3014
Iter 717/1000 - Loss: -2.3015
Iter 718/1000 - Loss: -2.3015
Iter 719/1000 - Loss: -2.3015
Iter 720/1000 - Loss: -2.3015
Iter 721/1000 - Loss: -2.3014
Iter 722/1000 - Loss: -2.3015
Iter 723/1000 - Loss: -2.3015
Iter 724/1000 - Loss: -2.3015
Iter 725/1000 - Loss: -2.3015
Iter 726/1000 - Loss: -2.3015
Iter 727/1000 - Loss: -2.3015
Iter 728/1000 - Loss: -2.3015
Iter 729/1000 - Loss: -2.3015
Iter 730/1000 - Loss: -2.3015
Iter 731/1000 - Loss: -2.3015
Iter 732/1000 - Loss: -2.3015
Iter 733/1000 - Loss: -2.3015
Iter 734/1000 - Loss: -2.3016
Iter 735/1000 - Loss: -2.3016
Iter 736/1000 - Loss: -2.3016
Iter 737/1000 - Loss: -2.3016
Iter 738/1000 - Loss: -2.3016
Iter 739/1000 - Loss: -2.3016
Iter 740/1000 - Loss: -2.3016
Iter 741/1000 - Loss: -2.3016
Iter 742/1000 - Loss: -2.3016
Iter 743/1000 - Loss: -2.3016
Iter 744/1000 - Loss: -2.3016
Iter 745/1000 - Loss: -2.3016
Iter 746/1000 - Loss: -2.3016
Iter 747/1000 - Loss: -2.3016
Iter 748/1000 - Loss: -2.3016
Iter 749/1000 - Loss: -2.3016
Iter 750/1000 - Loss: -2.3016
Iter 751/1000 - Loss: -2.3016
Iter 752/1000 - Loss: -2.3016
Iter 753/1000 - Loss: -2.3016
Iter 754/1000 - Loss: -2.3017
Iter 755/1000 - Loss: -2.3017
Iter 756/1000 - Loss: -2.3017
Iter 757/1000 - Loss: -2.3017
Iter 758/1000 - Loss: -2.3016
Iter 759/1000 - Loss: -2.3017
Iter 760/1000 - Loss: -2.3017
Iter 761/1000 - Loss: -2.3017
Iter 762/1000 - Loss: -2.3017
Iter 763/1000 - Loss: -2.3017
Iter 764/1000 - Loss: -2.3017
Iter 765/1000 - Loss: -2.3017
Iter 766/1000 - Loss: -2.3017
Iter 767/1000 - Loss: -2.3017
Iter 768/1000 - Loss: -2.3017
Iter 769/1000 - Loss: -2.3017
Iter 770/1000 - Loss: -2.3017
Iter 771/1000 - Loss: -2.3017
Iter 772/1000 - Loss: -2.3017
Iter 773/1000 - Loss: -2.3017
Iter 774/1000 - Loss: -2.3017
Iter 775/1000 - Loss: -2.3018
Iter 776/1000 - Loss: -2.3017
Iter 777/1000 - Loss: -2.3018
Iter 778/1000 - Loss: -2.3018
Iter 779/1000 - Loss: -2.3018
Iter 780/1000 - Loss: -2.3017
Iter 781/1000 - Loss: -2.3018
Iter 782/1000 - Loss: -2.3018
Iter 783/1000 - Loss: -2.3018
Iter 784/1000 - Loss: -2.3018
Iter 785/1000 - Loss: -2.3018
Iter 786/1000 - Loss: -2.3018
Iter 787/1000 - Loss: -2.3018
Iter 788/1000 - Loss: -2.3018
Iter 789/1000 - Loss: -2.3018
Iter 790/1000 - Loss: -2.3018
Iter 791/1000 - Loss: -2.3018
Iter 792/1000 - Loss: -2.3018
Iter 793/1000 - Loss: -2.3018
Iter 794/1000 - Loss: -2.3018
Iter 795/1000 - Loss: -2.3019
Iter 796/1000 - Loss: -2.3019
Iter 797/1000 - Loss: -2.3019
Iter 798/1000 - Loss: -2.3019
Iter 799/1000 - Loss: -2.3019
Iter 800/1000 - Loss: -2.3019
Iter 801/1000 - Loss: -2.3019
Iter 802/1000 - Loss: -2.3019
Iter 803/1000 - Loss: -2.3019
Iter 804/1000 - Loss: -2.3019
Iter 805/1000 - Loss: -2.3019
Iter 806/1000 - Loss: -2.3019
Iter 807/1000 - Loss: -2.3019
Iter 808/1000 - Loss: -2.3019
Iter 809/1000 - Loss: -2.3019
Iter 810/1000 - Loss: -2.3019
Iter 811/1000 - Loss: -2.3019
Iter 812/1000 - Loss: -2.3019
Iter 813/1000 - Loss: -2.3019
Iter 814/1000 - Loss: -2.3019
Iter 815/1000 - Loss: -2.3019
Iter 816/1000 - Loss: -2.3020
Iter 817/1000 - Loss: -2.3020
Iter 818/1000 - Loss: -2.3019
Iter 819/1000 - Loss: -2.3020
Iter 820/1000 - Loss: -2.3020
Iter 821/1000 - Loss: -2.3020
Iter 822/1000 - Loss: -2.3020
Iter 823/1000 - Loss: -2.3020
Iter 824/1000 - Loss: -2.3020
Iter 825/1000 - Loss: -2.3020
Iter 826/1000 - Loss: -2.3020
Iter 827/1000 - Loss: -2.3020
Iter 828/1000 - Loss: -2.3020
Iter 829/1000 - Loss: -2.3020
Iter 830/1000 - Loss: -2.3020
Iter 831/1000 - Loss: -2.3020
Iter 832/1000 - Loss: -2.3020
Iter 833/1000 - Loss: -2.3021
Iter 834/1000 - Loss: -2.3020
Iter 835/1000 - Loss: -2.3020
Iter 836/1000 - Loss: -2.3021
Iter 837/1000 - Loss: -2.3021
Iter 838/1000 - Loss: -2.3021
Iter 839/1000 - Loss: -2.3021
Iter 840/1000 - Loss: -2.3021
Iter 841/1000 - Loss: -2.3021
Iter 842/1000 - Loss: -2.3021
Iter 843/1000 - Loss: -2.3021
Iter 844/1000 - Loss: -2.3021
Iter 845/1000 - Loss: -2.3021
Iter 846/1000 - Loss: -2.3021
Iter 847/1000 - Loss: -2.3021
Iter 848/1000 - Loss: -2.3021
Iter 849/1000 - Loss: -2.3021
Iter 850/1000 - Loss: -2.3021
Iter 851/1000 - Loss: -2.3021
Iter 852/1000 - Loss: -2.3021
Iter 853/1000 - Loss: -2.3021
Iter 854/1000 - Loss: -2.3022
Iter 855/1000 - Loss: -2.3021
Iter 856/1000 - Loss: -2.3021
Iter 857/1000 - Loss: -2.3022
Iter 858/1000 - Loss: -2.3021
Iter 859/1000 - Loss: -2.3022
Iter 860/1000 - Loss: -2.3022
Iter 861/1000 - Loss: -2.3022
Iter 862/1000 - Loss: -2.3022
Iter 863/1000 - Loss: -2.3022
Iter 864/1000 - Loss: -2.3022
Iter 865/1000 - Loss: -2.3022
Iter 866/1000 - Loss: -2.3022
Iter 867/1000 - Loss: -2.3022
Iter 868/1000 - Loss: -2.3022
Iter 869/1000 - Loss: -2.3022
Iter 870/1000 - Loss: -2.3022
Iter 871/1000 - Loss: -2.3022
Iter 872/1000 - Loss: -2.3023
Iter 873/1000 - Loss: -2.3022
Iter 874/1000 - Loss: -2.3022
Iter 875/1000 - Loss: -2.3022
Iter 876/1000 - Loss: -2.3022
Iter 877/1000 - Loss: -2.3022
Iter 878/1000 - Loss: -2.3023
Iter 879/1000 - Loss: -2.3023
Iter 880/1000 - Loss: -2.3023
Iter 881/1000 - Loss: -2.3023
Iter 882/1000 - Loss: -2.3023
Iter 883/1000 - Loss: -2.3023
Iter 884/1000 - Loss: -2.3023
Iter 885/1000 - Loss: -2.3023
Iter 886/1000 - Loss: -2.3023
Iter 887/1000 - Loss: -2.3023
Iter 888/1000 - Loss: -2.3023
Iter 889/1000 - Loss: -2.3023
Iter 890/1000 - Loss: -2.3023
Iter 891/1000 - Loss: -2.3023
Iter 892/1000 - Loss: -2.3023
Iter 893/1000 - Loss: -2.3024
Iter 894/1000 - Loss: -2.3024
Iter 895/1000 - Loss: -2.3023
Iter 896/1000 - Loss: -2.3023
Iter 897/1000 - Loss: -2.3024
Iter 898/1000 - Loss: -2.3024
Iter 899/1000 - Loss: -2.3024
Iter 900/1000 - Loss: -2.3023
Iter 901/1000 - Loss: -2.3024
Iter 902/1000 - Loss: -2.3024
Iter 903/1000 - Loss: -2.3024
Iter 904/1000 - Loss: -2.3024
Iter 905/1000 - Loss: -2.3024
Iter 906/1000 - Loss: -2.3024
Iter 907/1000 - Loss: -2.3024
Iter 908/1000 - Loss: -2.3024
Iter 909/1000 - Loss: -2.3024
Iter 910/1000 - Loss: -2.3024
Iter 911/1000 - Loss: -2.3024
Iter 912/1000 - Loss: -2.3024
Iter 913/1000 - Loss: -2.3024
Iter 914/1000 - Loss: -2.3024
Iter 915/1000 - Loss: -2.3024
Iter 916/1000 - Loss: -2.3025
Iter 917/1000 - Loss: -2.3024
Iter 918/1000 - Loss: -2.3025
Iter 919/1000 - Loss: -2.3024
Iter 920/1000 - Loss: -2.3025
Iter 921/1000 - Loss: -2.3025
Iter 922/1000 - Loss: -2.3025
Iter 923/1000 - Loss: -2.3025
Iter 924/1000 - Loss: -2.3025
Iter 925/1000 - Loss: -2.3025
Iter 926/1000 - Loss: -2.3025
Iter 927/1000 - Loss: -2.3025
Iter 928/1000 - Loss: -2.3025
Iter 929/1000 - Loss: -2.3025
Iter 930/1000 - Loss: -2.3025
Iter 931/1000 - Loss: -2.3025
Iter 932/1000 - Loss: -2.3025
Iter 933/1000 - Loss: -2.3025
Iter 934/1000 - Loss: -2.3025
Iter 935/1000 - Loss: -2.3025
Iter 936/1000 - Loss: -2.3025
Iter 937/1000 - Loss: -2.3026
Iter 938/1000 - Loss: -2.3026
Iter 939/1000 - Loss: -2.3025
Iter 940/1000 - Loss: -2.3026
Iter 941/1000 - Loss: -2.3026
Iter 942/1000 - Loss: -2.3026
Iter 943/1000 - Loss: -2.3026
Iter 944/1000 - Loss: -2.3026
Iter 945/1000 - Loss: -2.3026
Iter 946/1000 - Loss: -2.3026
Iter 947/1000 - Loss: -2.3026
Iter 948/1000 - Loss: -2.3026
Iter 949/1000 - Loss: -2.3026
Iter 950/1000 - Loss: -2.3026
Iter 951/1000 - Loss: -2.3026
Iter 952/1000 - Loss: -2.3027
Iter 953/1000 - Loss: -2.3026
Iter 954/1000 - Loss: -2.3026
Iter 955/1000 - Loss: -2.3027
Iter 956/1000 - Loss: -2.3027
Iter 957/1000 - Loss: -2.3026
Iter 958/1000 - Loss: -2.3027
Iter 959/1000 - Loss: -2.3027
Iter 960/1000 - Loss: -2.3027
Iter 961/1000 - Loss: -2.3027
Iter 962/1000 - Loss: -2.3027
Iter 963/1000 - Loss: -2.3027
Iter 964/1000 - Loss: -2.3027
Iter 965/1000 - Loss: -2.3027
Iter 966/1000 - Loss: -2.3027
Iter 967/1000 - Loss: -2.3027
Iter 968/1000 - Loss: -2.3027
Iter 969/1000 - Loss: -2.3027
Iter 970/1000 - Loss: -2.3027
Iter 971/1000 - Loss: -2.3027
Iter 972/1000 - Loss: -2.3028
Iter 973/1000 - Loss: -2.3027
Iter 974/1000 - Loss: -2.3028
Iter 975/1000 - Loss: -2.3027
Iter 976/1000 - Loss: -2.3028
Iter 977/1000 - Loss: -2.3027
Iter 978/1000 - Loss: -2.3028
Iter 979/1000 - Loss: -2.3028
Iter 980/1000 - Loss: -2.3028
Iter 981/1000 - Loss: -2.3028
Iter 982/1000 - Loss: -2.3028
Iter 983/1000 - Loss: -2.3028
Iter 984/1000 - Loss: -2.3028
Iter 985/1000 - Loss: -2.3028
Iter 986/1000 - Loss: -2.3028
Iter 987/1000 - Loss: -2.3028
Iter 988/1000 - Loss: -2.3028
Iter 989/1000 - Loss: -2.3028
Iter 990/1000 - Loss: -2.3028
Iter 991/1000 - Loss: -2.3028
Iter 992/1000 - Loss: -2.3028
Iter 993/1000 - Loss: -2.3029
Iter 994/1000 - Loss: -2.3029
Iter 995/1000 - Loss: -2.3029
Iter 996/1000 - Loss: -2.3029
Iter 997/1000 - Loss: -2.3029
Iter 998/1000 - Loss: -2.3029
Iter 999/1000 - Loss: -2.3029
Iter 1000/1000 - Loss: -2.3029
OrderedDict([('likelihood.raw_noise', tensor([inf])), ('likelihood.raw_noise_constraint.lower_bound', tensor(-inf)), ('likelihood.raw_noise_constraint.upper_bound', tensor(1.0000e-08)), ('mean_module.base_means.0.weights', tensor([[-0.2023],
        [-0.0654],
        [ 0.0249],
        [ 0.0754],
        [ 0.0712],
        [-0.3368],
        [ 0.0153]])), ('mean_module.base_means.0.bias', tensor([2.3078])), ('mean_module.base_means.1.weights', tensor([[ 0.0395],
        [ 0.0255],
        [ 0.0294],
        [ 0.1822],
        [ 0.0019],
        [ 0.0076],
        [-0.0136]])), ('mean_module.base_means.1.bias', tensor([-0.1118])), ('mean_module.base_means.2.weights', tensor([[-0.0132],
        [-0.0018],
        [-0.0719],
        [-0.0470],
        [-0.0279],
        [ 0.1256],
        [ 0.0256]])), ('mean_module.base_means.2.bias', tensor([1.0697])), ('mean_module.base_means.3.weights', tensor([[-0.0215],
        [-0.0069],
        [-0.0486],
        [-0.0045],
        [ 0.0243],
        [ 0.0081],
        [ 0.0135]])), ('mean_module.base_means.3.bias', tensor([-0.0663])), ('mean_module.base_means.4.weights', tensor([[ 0.0461],
        [ 0.0093],
        [ 0.0407],
        [ 0.0361],
        [ 0.0004],
        [ 0.0105],
        [-0.0103]])), ('mean_module.base_means.4.bias', tensor([0.3620])), ('mean_module.base_means.5.weights', tensor([[ 0.0024],
        [ 0.0026],
        [ 0.0780],
        [ 0.0053],
        [-0.0079],
        [-0.0497],
        [-0.0027]])), ('mean_module.base_means.5.bias', tensor([0.1826])), ('mean_module.base_means.6.weights', tensor([[-0.0123],
        [-0.0017],
        [-0.0186],
        [-0.0164],
        [ 0.0043],
        [ 0.0124],
        [ 0.0263]])), ('mean_module.base_means.6.bias', tensor([1.2452])), ('mean_module.base_means.7.weights', tensor([[ 0.0168],
        [ 0.0089],
        [-0.0257],
        [-0.0407],
        [ 0.0002],
        [ 0.0438],
        [ 0.0100]])), ('mean_module.base_means.7.bias', tensor([0.0294])), ('covar_module.task_covar_module.covar_factor', tensor([[ 0.5765],
        [-0.0517],
        [-0.1395],
        [-0.0109],
        [ 0.0431],
        [ 0.0263],
        [ 0.0791],
        [-0.0277]])), ('covar_module.task_covar_module.raw_var', tensor([-2.9825, -1.0047, -1.3039, -2.4630, -3.6404, -4.3741, -4.4430, -4.5525])), ('covar_module.task_covar_module.raw_var_constraint.lower_bound', tensor(0.)), ('covar_module.task_covar_module.raw_var_constraint.upper_bound', tensor(inf)), ('covar_module.data_covar_module.kernels.0.raw_outputscale', tensor(-3.0104)), ('covar_module.data_covar_module.kernels.0.base_kernel.raw_lengthscale', tensor([[1.3484, 2.0294, 1.7771, 1.1595, 2.0914, 1.7096, 2.7117]])), ('covar_module.data_covar_module.kernels.0.base_kernel.raw_lengthscale_constraint.lower_bound', tensor(0.)), ('covar_module.data_covar_module.kernels.0.base_kernel.raw_lengthscale_constraint.upper_bound', tensor(inf)), ('covar_module.data_covar_module.kernels.0.raw_outputscale_constraint.lower_bound', tensor(0.)), ('covar_module.data_covar_module.kernels.0.raw_outputscale_constraint.upper_bound', tensor(inf)), ('covar_module.data_covar_module.kernels.1.raw_constant', tensor([-0.8548])), ('covar_module.data_covar_module.kernels.1.raw_constant_constraint.lower_bound', tensor(0.)), ('covar_module.data_covar_module.kernels.1.raw_constant_constraint.upper_bound', tensor(inf))])
loading emulator from /oak/stanford/orgs/kipac/users/delon/aemulusnu_massfunction/GP_loBox_n50_31_1400.pkl
[1.9904412031866123, 0.13121631813964202, 0.990227975565303, -0.1120389378264336, 0.4576744580557356, 0.19151703506067846, 1.2189070741476964, 0.028949248294975104]
[1.9904412031866123, 0.13121631813964202, 0.990227975565303, -0.1120389378264336, 0.4576744580557356, 0.19151703506067846, 1.2189070741476964, 0.028949248294975104]
[1.9904412031866123, 0.13121631813964202, 0.990227975565303, -0.1120389378264336, 0.4576744580557356, 0.19151703506067846, 1.2189070741476964, 0.028949248294975104]
[1.9904412031866123, 0.13121631813964202, 0.990227975565303, -0.1120389378264336, 0.4576744580557356, 0.19151703506067846, 1.2189070741476964, 0.028949248294975104]
[1.9904412031866123, 0.13121631813964202, 0.990227975565303, -0.1120389378264336, 0.4576744580557356, 0.19151703506067846, 1.2189070741476964, 0.028949248294975104]
[1.9904412031866123, 0.13121631813964202, 0.990227975565303, -0.1120389378264336, 0.4576744580557356, 0.19151703506067846, 1.2189070741476964, 0.028949248294975104]
[1.9904412031866123, 0.13121631813964202, 0.990227975565303, -0.1120389378264336, 0.4576744580557356, 0.19151703506067846, 1.2189070741476964, 0.028949248294975104]
[1.9904412031866123, 0.13121631813964202, 0.990227975565303, -0.1120389378264336, 0.4576744580557356, 0.19151703506067846, 1.2189070741476964, 0.028949248294975104]
[1.9904412031866123, 0.13121631813964202, 0.990227975565303, -0.1120389378264336, 0.4576744580557356, 0.19151703506067846, 1.2189070741476964, 0.028949248294975104]
[1.9904412031866123, 0.13121631813964202, 0.990227975565303, -0.1120389378264336, 0.4576744580557356, 0.19151703506067846, 1.2189070741476964, 0.028949248294975104]
[1.9904412031866123, 0.13121631813964202, 0.990227975565303, -0.1120389378264336, 0.4576744580557356, 0.19151703506067846, 1.2189070741476964, 0.028949248294975104]
[1.9904412031866123, 0.13121631813964202, 0.990227975565303, -0.1120389378264336, 0.4576744580557356, 0.19151703506067846, 1.2189070741476964, 0.028949248294975104]
[1.9904412031866123, 0.13121631813964202, 0.990227975565303, -0.1120389378264336, 0.4576744580557356, 0.19151703506067846, 1.2189070741476964, 0.028949248294975104]
[1.9904412031866123, 0.13121631813964202, 0.990227975565303, -0.1120389378264336, 0.4576744580557356, 0.19151703506067846, 1.2189070741476964, 0.028949248294975104]
[1.9904412031866123, 0.13121631813964202, 0.990227975565303, -0.1120389378264336, 0.4576744580557356, 0.19151703506067846, 1.2189070741476964, 0.028949248294975104]
