Leaving out Box27_1400
Box47_1400 2.3038301302700224
{'ns': 0.97000003, 'H0': 67.0, 'w0': -1.0, 'ombh2': 0.0223, 'omch2': 0.12, 'nu_mass_ev': 0.07071068, '10^9 As': 2.10100315}
(2234, 8)
(2234, 4)
scaling input
(2234, 8)
scaling output
(2234, 4)
Iter 1/200 - Loss: 2.0851
Iter 2/200 - Loss: 1.8298
Iter 3/200 - Loss: 1.5972
Iter 4/200 - Loss: 1.3881
Iter 5/200 - Loss: 1.2031
Iter 6/200 - Loss: 1.0444
Iter 7/200 - Loss: 0.9144
Iter 8/200 - Loss: 0.8129
Iter 9/200 - Loss: 0.7352
Iter 10/200 - Loss: 0.6746
Iter 11/200 - Loss: 0.6272
Iter 12/200 - Loss: 0.5926
Iter 13/200 - Loss: 0.5684
Iter 14/200 - Loss: 0.5491
Iter 15/200 - Loss: 0.5285
Iter 16/200 - Loss: 0.5016
Iter 17/200 - Loss: 0.4657
Iter 18/200 - Loss: 0.4204
Iter 19/200 - Loss: 0.3676
Iter 20/200 - Loss: 0.3105
Iter 21/200 - Loss: 0.2531
Iter 22/200 - Loss: 0.1995
Iter 23/200 - Loss: 0.1531
Iter 24/200 - Loss: 0.1148
Iter 25/200 - Loss: 0.0823
Iter 26/200 - Loss: 0.0521
Iter 27/200 - Loss: 0.0215
Iter 28/200 - Loss: -0.0111
Iter 29/200 - Loss: -0.0464
Iter 30/200 - Loss: -0.0840
Iter 31/200 - Loss: -0.1233
Iter 32/200 - Loss: -0.1629
Iter 33/200 - Loss: -0.2012
Iter 34/200 - Loss: -0.2367
Iter 35/200 - Loss: -0.2681
Iter 36/200 - Loss: -0.2951
Iter 37/200 - Loss: -0.3189
Iter 38/200 - Loss: -0.3415
Iter 39/200 - Loss: -0.3647
Iter 40/200 - Loss: -0.3890
Iter 41/200 - Loss: -0.4133
Iter 42/200 - Loss: -0.4365
Iter 43/200 - Loss: -0.4576
Iter 44/200 - Loss: -0.4766
Iter 45/200 - Loss: -0.4939
Iter 46/200 - Loss: -0.5100
Iter 47/200 - Loss: -0.5259
Iter 48/200 - Loss: -0.5413
Iter 49/200 - Loss: -0.5567
Iter 50/200 - Loss: -0.5720
Iter 51/200 - Loss: -0.5868
Iter 52/200 - Loss: -0.6007
Iter 53/200 - Loss: -0.6135
Iter 54/200 - Loss: -0.6253
Iter 55/200 - Loss: -0.6361
Iter 56/200 - Loss: -0.6468
Iter 57/200 - Loss: -0.6572
Iter 58/200 - Loss: -0.6675
Iter 59/200 - Loss: -0.6769
Iter 60/200 - Loss: -0.6856
Iter 61/200 - Loss: -0.6933
Iter 62/200 - Loss: -0.7004
Iter 63/200 - Loss: -0.7071
Iter 64/200 - Loss: -0.7138
Iter 65/200 - Loss: -0.7201
Iter 66/200 - Loss: -0.7260
Iter 67/200 - Loss: -0.7310
Iter 68/200 - Loss: -0.7352
Iter 69/200 - Loss: -0.7387
Iter 70/200 - Loss: -0.7418
Iter 71/200 - Loss: -0.7448
Iter 72/200 - Loss: -0.7476
Iter 73/200 - Loss: -0.7503
Iter 74/200 - Loss: -0.7528
Iter 75/200 - Loss: -0.7552
Iter 76/200 - Loss: -0.7575
Iter 77/200 - Loss: -0.7597
Iter 78/200 - Loss: -0.7618
Iter 79/200 - Loss: -0.7634
Iter 80/200 - Loss: -0.7648
Iter 81/200 - Loss: -0.7659
Iter 82/200 - Loss: -0.7670
Iter 83/200 - Loss: -0.7681
Iter 84/200 - Loss: -0.7689
Iter 85/200 - Loss: -0.7696
Iter 86/200 - Loss: -0.7703
Iter 87/200 - Loss: -0.7711
Iter 88/200 - Loss: -0.7725
Iter 89/200 - Loss: -0.7742
Iter 90/200 - Loss: -0.7765
Iter 91/200 - Loss: -0.7792
Iter 92/200 - Loss: -0.7823
Iter 93/200 - Loss: -0.7858
Iter 94/200 - Loss: -0.7897
Iter 95/200 - Loss: -0.7937
Iter 96/200 - Loss: -0.7979
Iter 97/200 - Loss: -0.8024
Iter 98/200 - Loss: -0.8070
Iter 99/200 - Loss: -0.8118
Iter 100/200 - Loss: -0.8163
Iter 101/200 - Loss: -0.8205
Iter 102/200 - Loss: -0.8244
Iter 103/200 - Loss: -0.8278
Iter 104/200 - Loss: -0.8308
Iter 105/200 - Loss: -0.8336
Iter 106/200 - Loss: -0.8361
Iter 107/200 - Loss: -0.8385
Iter 108/200 - Loss: -0.8406
Iter 109/200 - Loss: -0.8426
Iter 110/200 - Loss: -0.8443
Iter 111/200 - Loss: -0.8459
Iter 112/200 - Loss: -0.8472
Iter 113/200 - Loss: -0.8483
Iter 114/200 - Loss: -0.8493
Iter 115/200 - Loss: -0.8502
Iter 116/200 - Loss: -0.8511
Iter 117/200 - Loss: -0.8519
Iter 118/200 - Loss: -0.8526
Iter 119/200 - Loss: -0.8533
Iter 120/200 - Loss: -0.8540
Iter 121/200 - Loss: -0.8546
Iter 122/200 - Loss: -0.8552
Iter 123/200 - Loss: -0.8557
Iter 124/200 - Loss: -0.8562
Iter 125/200 - Loss: -0.8567
Iter 126/200 - Loss: -0.8573
Iter 127/200 - Loss: -0.8578
Iter 128/200 - Loss: -0.8583
Iter 129/200 - Loss: -0.8589
Iter 130/200 - Loss: -0.8595
Iter 131/200 - Loss: -0.8601
Iter 132/200 - Loss: -0.8608
Iter 133/200 - Loss: -0.8614
Iter 134/200 - Loss: -0.8620
Iter 135/200 - Loss: -0.8627
Iter 136/200 - Loss: -0.8634
Iter 137/200 - Loss: -0.8640
Iter 138/200 - Loss: -0.8647
Iter 139/200 - Loss: -0.8655
Iter 140/200 - Loss: -0.8662
Iter 141/200 - Loss: -0.8670
Iter 142/200 - Loss: -0.8677
Iter 143/200 - Loss: -0.8685
Iter 144/200 - Loss: -0.8694
Iter 145/200 - Loss: -0.8702
Iter 146/200 - Loss: -0.8710
Iter 147/200 - Loss: -0.8718
Iter 148/200 - Loss: -0.8727
Iter 149/200 - Loss: -0.8735
Iter 150/200 - Loss: -0.8743
Iter 151/200 - Loss: -0.8752
reducing lr to 0.01
Iter 152/200 - Loss: -0.8759
Iter 153/200 - Loss: -0.8760
Iter 154/200 - Loss: -0.8761
Iter 155/200 - Loss: -0.8762
Iter 156/200 - Loss: -0.8762
Iter 157/200 - Loss: -0.8763
Iter 158/200 - Loss: -0.8764
Iter 159/200 - Loss: -0.8765
Iter 160/200 - Loss: -0.8766
Iter 161/200 - Loss: -0.8766
Iter 162/200 - Loss: -0.8767
Iter 163/200 - Loss: -0.8768
Iter 164/200 - Loss: -0.8769
Iter 165/200 - Loss: -0.8770
Iter 166/200 - Loss: -0.8771
Iter 167/200 - Loss: -0.8771
Iter 168/200 - Loss: -0.8772
Iter 169/200 - Loss: -0.8773
Iter 170/200 - Loss: -0.8774
Iter 171/200 - Loss: -0.8775
Iter 172/200 - Loss: -0.8775
Iter 173/200 - Loss: -0.8776
Iter 174/200 - Loss: -0.8777
Iter 175/200 - Loss: -0.8778
Iter 176/200 - Loss: -0.8778
Iter 177/200 - Loss: -0.8780
Iter 178/200 - Loss: -0.8780
Iter 179/200 - Loss: -0.8781
Iter 180/200 - Loss: -0.8782
Iter 181/200 - Loss: -0.8783
Iter 182/200 - Loss: -0.8784
Iter 183/200 - Loss: -0.8785
Iter 184/200 - Loss: -0.8785
Iter 185/200 - Loss: -0.8786
Iter 186/200 - Loss: -0.8787
Iter 187/200 - Loss: -0.8788
Iter 188/200 - Loss: -0.8788
Iter 189/200 - Loss: -0.8789
Iter 190/200 - Loss: -0.8790
Iter 191/200 - Loss: -0.8791
Iter 192/200 - Loss: -0.8792
Iter 193/200 - Loss: -0.8793
Iter 194/200 - Loss: -0.8794
Iter 195/200 - Loss: -0.8795
Iter 196/200 - Loss: -0.8795
Iter 197/200 - Loss: -0.8796
Iter 198/200 - Loss: -0.8797
Iter 199/200 - Loss: -0.8798
Iter 200/200 - Loss: -0.8799
OrderedDict([('likelihood.raw_task_noises', tensor([-5.1913, -6.4469, -7.2686, -6.9947])), ('likelihood.raw_task_noises_constraint.lower_bound', tensor(1.0000e-04)), ('likelihood.raw_task_noises_constraint.upper_bound', tensor(inf)), ('mean_module.base_means.0.raw_constant', tensor(0.1797)), ('mean_module.base_means.1.raw_constant', tensor(-0.1763)), ('mean_module.base_means.2.raw_constant', tensor(0.2955)), ('mean_module.base_means.3.raw_constant', tensor(-0.4511)), ('covar_module.task_covar_module.covar_factor', tensor([[ 0.6176],
        [-0.9312],
        [ 0.6617],
        [-0.6133]])), ('covar_module.task_covar_module.raw_var', tensor([-0.9475, -4.2530, -1.1383, -0.7467])), ('covar_module.task_covar_module.raw_var_constraint.lower_bound', tensor(0.)), ('covar_module.task_covar_module.raw_var_constraint.upper_bound', tensor(inf)), ('covar_module.data_covar_module.raw_mixture_weights', tensor([-1.3690, -1.3690, -0.3190])), ('covar_module.data_covar_module.raw_mixture_means', tensor([[[-1.9100, -1.6673, -2.2032, -2.1172, -3.5645, -2.2403, -2.4956,
          -1.9766]],

        [[-1.9100, -1.6673, -2.2032, -2.1172, -3.5645, -2.2403, -2.4956,
          -1.9766]],

        [[-3.4663, -3.9161, -2.2324, -2.1040, -1.3307, -2.1449, -2.5627,
          -1.7235]]])), ('covar_module.data_covar_module.raw_mixture_scales', tensor([[[ 0.2213,  2.4147, -1.4066, -1.4805, -3.1889, -1.3417, -1.6807,
          -0.0147]],

        [[ 0.2213,  2.4147, -1.4066, -1.4805, -3.1889, -1.3417, -1.6807,
          -0.0147]],

        [[-3.1845, -3.5890, -1.3493, -1.4748,  0.5191, -0.8860, -1.8177,
          -1.7306]]])), ('covar_module.data_covar_module.raw_mixture_scales_constraint.lower_bound', tensor(0.)), ('covar_module.data_covar_module.raw_mixture_scales_constraint.upper_bound', tensor(inf)), ('covar_module.data_covar_module.raw_mixture_means_constraint.lower_bound', tensor(0.)), ('covar_module.data_covar_module.raw_mixture_means_constraint.upper_bound', tensor(inf)), ('covar_module.data_covar_module.raw_mixture_weights_constraint.lower_bound', tensor(0.)), ('covar_module.data_covar_module.raw_mixture_weights_constraint.upper_bound', tensor(inf))])
