Leaving out Box_n50_46_1400
Box47_1400 2.3038301302700224
{'ns': 0.97000003, 'H0': 67.0, 'w0': -1.0, 'ombh2': 0.0223, 'omch2': 0.12, 'nu_mass_ev': 0.07071068, '10^9 As': 2.10100315}
(2234, 8)
(2234, 4)
scaling input
(2234, 8)
scaling output
(2234, 4)
Iter 1/500 - Loss: 2.2941
Iter 2/500 - Loss: 2.0213
Iter 3/500 - Loss: 1.7704
Iter 4/500 - Loss: 1.5406
Iter 5/500 - Loss: 1.3319
Iter 6/500 - Loss: 1.1460
Iter 7/500 - Loss: 0.9844
Iter 8/500 - Loss: 0.8475
Iter 9/500 - Loss: 0.7364
Iter 10/500 - Loss: 0.6537
Iter 11/500 - Loss: 0.6001
Iter 12/500 - Loss: 0.5689
Iter 13/500 - Loss: 0.5478
Iter 14/500 - Loss: 0.5268
Iter 15/500 - Loss: 0.5007
Iter 16/500 - Loss: 0.4669
Iter 17/500 - Loss: 0.4246
Iter 18/500 - Loss: 0.3746
Iter 19/500 - Loss: 0.3186
Iter 20/500 - Loss: 0.2588
Iter 21/500 - Loss: 0.1981
Iter 22/500 - Loss: 0.1399
Iter 23/500 - Loss: 0.0863
Iter 24/500 - Loss: 0.0380
Iter 25/500 - Loss: -0.0048
Iter 26/500 - Loss: -0.0429
Iter 27/500 - Loss: -0.0781
Iter 28/500 - Loss: -0.1125
Iter 29/500 - Loss: -0.1475
Iter 30/500 - Loss: -0.1840
Iter 31/500 - Loss: -0.2223
Iter 32/500 - Loss: -0.2619
Iter 33/500 - Loss: -0.3021
Iter 34/500 - Loss: -0.3419
Iter 35/500 - Loss: -0.3801
Iter 36/500 - Loss: -0.4158
Iter 37/500 - Loss: -0.4484
Iter 38/500 - Loss: -0.4781
Iter 39/500 - Loss: -0.5059
Iter 40/500 - Loss: -0.5334
Iter 41/500 - Loss: -0.5614
Iter 42/500 - Loss: -0.5898
Iter 43/500 - Loss: -0.6179
Iter 44/500 - Loss: -0.6446
Iter 45/500 - Loss: -0.6696
Iter 46/500 - Loss: -0.6929
Iter 47/500 - Loss: -0.7151
Iter 48/500 - Loss: -0.7367
Iter 49/500 - Loss: -0.7580
Iter 50/500 - Loss: -0.7794
Iter 51/500 - Loss: -0.8008
Iter 52/500 - Loss: -0.8220
Iter 53/500 - Loss: -0.8425
Iter 54/500 - Loss: -0.8618
Iter 55/500 - Loss: -0.8793
Iter 56/500 - Loss: -0.8949
Iter 57/500 - Loss: -0.9091
Iter 58/500 - Loss: -0.9226
Iter 59/500 - Loss: -0.9360
Iter 60/500 - Loss: -0.9492
Iter 61/500 - Loss: -0.9617
Iter 62/500 - Loss: -0.9731
Iter 63/500 - Loss: -0.9838
Iter 64/500 - Loss: -0.9942
Iter 65/500 - Loss: -1.0044
Iter 66/500 - Loss: -1.0145
Iter 67/500 - Loss: -1.0243
Iter 68/500 - Loss: -1.0334
Iter 69/500 - Loss: -1.0416
Iter 70/500 - Loss: -1.0491
Iter 71/500 - Loss: -1.0560
Iter 72/500 - Loss: -1.0626
Iter 73/500 - Loss: -1.0687
Iter 74/500 - Loss: -1.0743
Iter 75/500 - Loss: -1.0794
Iter 76/500 - Loss: -1.0839
Iter 77/500 - Loss: -1.0879
Iter 78/500 - Loss: -1.0915
Iter 79/500 - Loss: -1.0945
Iter 80/500 - Loss: -1.0971
Iter 81/500 - Loss: -1.0992
Iter 82/500 - Loss: -1.0997
Iter 83/500 - Loss: -1.0987
Iter 84/500 - Loss: -1.1046
Iter 85/500 - Loss: -1.1033
Iter 86/500 - Loss: -1.1073
Iter 87/500 - Loss: -1.1064
Iter 88/500 - Loss: -1.1097
Iter 89/500 - Loss: -1.1088
Iter 90/500 - Loss: -1.1119
Iter 91/500 - Loss: -1.1112
Iter 92/500 - Loss: -1.1135
Iter 93/500 - Loss: -1.1132
Iter 94/500 - Loss: -1.1145
Iter 95/500 - Loss: -1.1149
Iter 96/500 - Loss: -1.1152
Iter 97/500 - Loss: -1.1162
Iter 98/500 - Loss: -1.1158
Iter 99/500 - Loss: -1.1169
Iter 100/500 - Loss: -1.1166
Iter 101/500 - Loss: -1.1173
Iter 102/500 - Loss: -1.1174
Iter 103/500 - Loss: -1.1177
Iter 104/500 - Loss: -1.1181
Iter 105/500 - Loss: -1.1181
Iter 106/500 - Loss: -1.1188
Iter 107/500 - Loss: -1.1187
Iter 108/500 - Loss: -1.1194
Iter 109/500 - Loss: -1.1195
Iter 110/500 - Loss: -1.1202
Iter 111/500 - Loss: -1.1208
Iter 112/500 - Loss: -1.1218
Iter 113/500 - Loss: -1.1231
Iter 114/500 - Loss: -1.1251
Iter 115/500 - Loss: -1.1280
Iter 116/500 - Loss: -1.1320
Iter 117/500 - Loss: -1.1372
Iter 118/500 - Loss: -1.1427
Iter 119/500 - Loss: -1.1483
Iter 120/500 - Loss: -1.1534
Iter 121/500 - Loss: -1.1587
Iter 122/500 - Loss: -1.1637
Iter 123/500 - Loss: -1.1688
Iter 124/500 - Loss: -1.1738
Iter 125/500 - Loss: -1.1789
Iter 126/500 - Loss: -1.1838
Iter 127/500 - Loss: -1.1883
Iter 128/500 - Loss: -1.1924
Iter 129/500 - Loss: -1.1959
Iter 130/500 - Loss: -1.1988
Iter 131/500 - Loss: -1.2012
Iter 132/500 - Loss: -1.2033
Iter 133/500 - Loss: -1.2051
Iter 134/500 - Loss: -1.2068
Iter 135/500 - Loss: -1.2083
Iter 136/500 - Loss: -1.2095
Iter 137/500 - Loss: -1.2105
Iter 138/500 - Loss: -1.2114
Iter 139/500 - Loss: -1.2121
Iter 140/500 - Loss: -1.2127
Iter 141/500 - Loss: -1.2133
Iter 142/500 - Loss: -1.2138
Iter 143/500 - Loss: -1.2144
Iter 144/500 - Loss: -1.2150
Iter 145/500 - Loss: -1.2155
Iter 146/500 - Loss: -1.2161
Iter 147/500 - Loss: -1.2166
Iter 148/500 - Loss: -1.2171
Iter 149/500 - Loss: -1.2176
Iter 150/500 - Loss: -1.2181
Iter 151/500 - Loss: -1.2186
Iter 152/500 - Loss: -1.2191
Iter 153/500 - Loss: -1.2196
Iter 154/500 - Loss: -1.2202
Iter 155/500 - Loss: -1.2207
Iter 156/500 - Loss: -1.2213
Iter 157/500 - Loss: -1.2218
Iter 158/500 - Loss: -1.2223
Iter 159/500 - Loss: -1.2228
Iter 160/500 - Loss: -1.2233
Iter 161/500 - Loss: -1.2237
Iter 162/500 - Loss: -1.2242
Iter 163/500 - Loss: -1.2246
Iter 164/500 - Loss: -1.2251
Iter 165/500 - Loss: -1.2255
Iter 166/500 - Loss: -1.2259
Iter 167/500 - Loss: -1.2262
Iter 168/500 - Loss: -1.2266
Iter 169/500 - Loss: -1.2270
Iter 170/500 - Loss: -1.2273
Iter 171/500 - Loss: -1.2277
Iter 172/500 - Loss: -1.2281
Iter 173/500 - Loss: -1.2285
Iter 174/500 - Loss: -1.2288
Iter 175/500 - Loss: -1.2292
Iter 176/500 - Loss: -1.2296
Iter 177/500 - Loss: -1.2300
Iter 178/500 - Loss: -1.2304
Iter 179/500 - Loss: -1.2309
Iter 180/500 - Loss: -1.2314
Iter 181/500 - Loss: -1.2319
Iter 182/500 - Loss: -1.2325
Iter 183/500 - Loss: -1.2331
Iter 184/500 - Loss: -1.2337
Iter 185/500 - Loss: -1.2344
Iter 186/500 - Loss: -1.2350
Iter 187/500 - Loss: -1.2357
Iter 188/500 - Loss: -1.2364
Iter 189/500 - Loss: -1.2370
Iter 190/500 - Loss: -1.2376
Iter 191/500 - Loss: -1.2381
Iter 192/500 - Loss: -1.2387
Iter 193/500 - Loss: -1.2392
Iter 194/500 - Loss: -1.2396
Iter 195/500 - Loss: -1.2401
Iter 196/500 - Loss: -1.2405
Iter 197/500 - Loss: -1.2410
Iter 198/500 - Loss: -1.2415
Iter 199/500 - Loss: -1.2420
Iter 200/500 - Loss: -1.2425
Iter 201/500 - Loss: -1.2430
Iter 202/500 - Loss: -1.2436
Iter 203/500 - Loss: -1.2441
Iter 204/500 - Loss: -1.2447
Iter 205/500 - Loss: -1.2452
Iter 206/500 - Loss: -1.2457
Iter 207/500 - Loss: -1.2463
Iter 208/500 - Loss: -1.2468
Iter 209/500 - Loss: -1.2472
Iter 210/500 - Loss: -1.2477
Iter 211/500 - Loss: -1.2482
Iter 212/500 - Loss: -1.2486
Iter 213/500 - Loss: -1.2490
Iter 214/500 - Loss: -1.2494
Iter 215/500 - Loss: -1.2498
Iter 216/500 - Loss: -1.2502
Iter 217/500 - Loss: -1.2506
Iter 218/500 - Loss: -1.2510
Iter 219/500 - Loss: -1.2513
Iter 220/500 - Loss: -1.2517
Iter 221/500 - Loss: -1.2520
Iter 222/500 - Loss: -1.2523
Iter 223/500 - Loss: -1.2526
Iter 224/500 - Loss: -1.2529
Iter 225/500 - Loss: -1.2532
Iter 226/500 - Loss: -1.2535
Iter 227/500 - Loss: -1.2538
Iter 228/500 - Loss: -1.2541
Iter 229/500 - Loss: -1.2543
Iter 230/500 - Loss: -1.2546
Iter 231/500 - Loss: -1.2548
Iter 232/500 - Loss: -1.2551
Iter 233/500 - Loss: -1.2553
Iter 234/500 - Loss: -1.2555
Iter 235/500 - Loss: -1.2558
Iter 236/500 - Loss: -1.2560
Iter 237/500 - Loss: -1.2562
Iter 238/500 - Loss: -1.2564
Iter 239/500 - Loss: -1.2566
Iter 240/500 - Loss: -1.2568
Iter 241/500 - Loss: -1.2570
Iter 242/500 - Loss: -1.2572
Iter 243/500 - Loss: -1.2574
Iter 244/500 - Loss: -1.2576
Iter 245/500 - Loss: -1.2578
Iter 246/500 - Loss: -1.2580
Iter 247/500 - Loss: -1.2582
Iter 248/500 - Loss: -1.2584
Iter 249/500 - Loss: -1.2586
Iter 250/500 - Loss: -1.2588
Iter 251/500 - Loss: -1.2590
Iter 252/500 - Loss: -1.2592
Iter 253/500 - Loss: -1.2594
Iter 254/500 - Loss: -1.2595
Iter 255/500 - Loss: -1.2597
Iter 256/500 - Loss: -1.2599
Iter 257/500 - Loss: -1.2602
Iter 258/500 - Loss: -1.2603
Iter 259/500 - Loss: -1.2605
Iter 260/500 - Loss: -1.2608
Iter 261/500 - Loss: -1.2610
Iter 262/500 - Loss: -1.2612
Iter 263/500 - Loss: -1.2614
Iter 264/500 - Loss: -1.2616
Iter 265/500 - Loss: -1.2619
Iter 266/500 - Loss: -1.2621
Iter 267/500 - Loss: -1.2624
Iter 268/500 - Loss: -1.2626
Iter 269/500 - Loss: -1.2629
Iter 270/500 - Loss: -1.2633
Iter 271/500 - Loss: -1.2636
Iter 272/500 - Loss: -1.2640
Iter 273/500 - Loss: -1.2643
Iter 274/500 - Loss: -1.2647
Iter 275/500 - Loss: -1.2652
Iter 276/500 - Loss: -1.2656
Iter 277/500 - Loss: -1.2661
Iter 278/500 - Loss: -1.2667
Iter 279/500 - Loss: -1.2673
Iter 280/500 - Loss: -1.2679
Iter 281/500 - Loss: -1.2687
Iter 282/500 - Loss: -1.2695
Iter 283/500 - Loss: -1.2704
Iter 284/500 - Loss: -1.2714
Iter 285/500 - Loss: -1.2726
Iter 286/500 - Loss: -1.2738
Iter 287/500 - Loss: -1.2754
Iter 288/500 - Loss: -1.2772
Iter 289/500 - Loss: -1.2794
Iter 290/500 - Loss: -1.2819
Iter 291/500 - Loss: -1.2844
Iter 292/500 - Loss: -1.2867
Iter 293/500 - Loss: -1.2887
Iter 294/500 - Loss: -1.2903
Iter 295/500 - Loss: -1.2916
Iter 296/500 - Loss: -1.2926
Iter 297/500 - Loss: -1.2935
Iter 298/500 - Loss: -1.2941
Iter 299/500 - Loss: -1.2948
Iter 300/500 - Loss: -1.2953
Iter 301/500 - Loss: -1.2959
Iter 302/500 - Loss: -1.2964
Iter 303/500 - Loss: -1.2969
Iter 304/500 - Loss: -1.2974
Iter 305/500 - Loss: -1.2979
Iter 306/500 - Loss: -1.2984
Iter 307/500 - Loss: -1.2989
Iter 308/500 - Loss: -1.2994
Iter 309/500 - Loss: -1.2998
Iter 310/500 - Loss: -1.3002
Iter 311/500 - Loss: -1.3006
Iter 312/500 - Loss: -1.3010
Iter 313/500 - Loss: -1.3013
Iter 314/500 - Loss: -1.3015
Iter 315/500 - Loss: -1.3018
Iter 316/500 - Loss: -1.3020
Iter 317/500 - Loss: -1.3022
Iter 318/500 - Loss: -1.3024
Iter 319/500 - Loss: -1.3026
Iter 320/500 - Loss: -1.3029
Iter 321/500 - Loss: -1.3031
Iter 322/500 - Loss: -1.3033
Iter 323/500 - Loss: -1.3035
Iter 324/500 - Loss: -1.3036
Iter 325/500 - Loss: -1.3038
Iter 326/500 - Loss: -1.3040
Iter 327/500 - Loss: -1.3041
Iter 328/500 - Loss: -1.3043
Iter 329/500 - Loss: -1.3044
Iter 330/500 - Loss: -1.3046
Iter 331/500 - Loss: -1.3047
Iter 332/500 - Loss: -1.3048
Iter 333/500 - Loss: -1.3050
Iter 334/500 - Loss: -1.3051
Iter 335/500 - Loss: -1.3052
Iter 336/500 - Loss: -1.3053
Iter 337/500 - Loss: -1.3054
Iter 338/500 - Loss: -1.3055
Iter 339/500 - Loss: -1.3056
Iter 340/500 - Loss: -1.3057
Iter 341/500 - Loss: -1.3058
Iter 342/500 - Loss: -1.3059
Iter 343/500 - Loss: -1.3060
Iter 344/500 - Loss: -1.3061
Iter 345/500 - Loss: -1.3062
Iter 346/500 - Loss: -1.3063
Iter 347/500 - Loss: -1.3064
Iter 348/500 - Loss: -1.3065
Iter 349/500 - Loss: -1.3066
Iter 350/500 - Loss: -1.3068
Iter 351/500 - Loss: -1.3069
Iter 352/500 - Loss: -1.3070
Iter 353/500 - Loss: -1.3072
Iter 354/500 - Loss: -1.3074
Iter 355/500 - Loss: -1.3076
Iter 356/500 - Loss: -1.3078
Iter 357/500 - Loss: -1.3081
Iter 358/500 - Loss: -1.3084
Iter 359/500 - Loss: -1.3089
Iter 360/500 - Loss: -1.3093
Iter 361/500 - Loss: -1.3099
Iter 362/500 - Loss: -1.3105
Iter 363/500 - Loss: -1.3110
Iter 364/500 - Loss: -1.3115
Iter 365/500 - Loss: -1.3120
Iter 366/500 - Loss: -1.3123
Iter 367/500 - Loss: -1.3126
Iter 368/500 - Loss: -1.3129
Iter 369/500 - Loss: -1.3131
Iter 370/500 - Loss: -1.3133
Iter 371/500 - Loss: -1.3135
Iter 372/500 - Loss: -1.3137
Iter 373/500 - Loss: -1.3138
Iter 374/500 - Loss: -1.3140
Iter 375/500 - Loss: -1.3142
Iter 376/500 - Loss: -1.3143
Iter 377/500 - Loss: -1.3145
Iter 378/500 - Loss: -1.3146
Iter 379/500 - Loss: -1.3147
Iter 380/500 - Loss: -1.3149
Iter 381/500 - Loss: -1.3150
Iter 382/500 - Loss: -1.3151
Iter 383/500 - Loss: -1.3152
Iter 384/500 - Loss: -1.3153
Iter 385/500 - Loss: -1.3154
Iter 386/500 - Loss: -1.3155
Iter 387/500 - Loss: -1.3156
Iter 388/500 - Loss: -1.3157
Iter 389/500 - Loss: -1.3158
Iter 390/500 - Loss: -1.3159
Iter 391/500 - Loss: -1.3159
Iter 392/500 - Loss: -1.3160
Iter 393/500 - Loss: -1.3161
Iter 394/500 - Loss: -1.3162
Iter 395/500 - Loss: -1.3162
Iter 396/500 - Loss: -1.3163
Iter 397/500 - Loss: -1.3164
Iter 398/500 - Loss: -1.3164
Iter 399/500 - Loss: -1.3165
Iter 400/500 - Loss: -1.3165
Iter 401/500 - Loss: -1.3166
Iter 402/500 - Loss: -1.3167
Iter 403/500 - Loss: -1.3167
Iter 404/500 - Loss: -1.3168
Iter 405/500 - Loss: -1.3168
Iter 406/500 - Loss: -1.3169
Iter 407/500 - Loss: -1.3169
Iter 408/500 - Loss: -1.3170
Iter 409/500 - Loss: -1.3170
Iter 410/500 - Loss: -1.3170
Iter 411/500 - Loss: -1.3171
Iter 412/500 - Loss: -1.3172
Iter 413/500 - Loss: -1.3172
Iter 414/500 - Loss: -1.3172
Iter 415/500 - Loss: -1.3173
Iter 416/500 - Loss: -1.3173
Iter 417/500 - Loss: -1.3173
Iter 418/500 - Loss: -1.3174
Iter 419/500 - Loss: -1.3174
Iter 420/500 - Loss: -1.3174
Iter 421/500 - Loss: -1.3175
Iter 422/500 - Loss: -1.3175
Iter 423/500 - Loss: -1.3176
Iter 424/500 - Loss: -1.3176
Iter 425/500 - Loss: -1.3176
Iter 426/500 - Loss: -1.3176
Iter 427/500 - Loss: -1.3177
Iter 428/500 - Loss: -1.3177
Iter 429/500 - Loss: -1.3178
Iter 430/500 - Loss: -1.3178
Iter 431/500 - Loss: -1.3178
Iter 432/500 - Loss: -1.3178
Iter 433/500 - Loss: -1.3179
Iter 434/500 - Loss: -1.3179
Iter 435/500 - Loss: -1.3179
Iter 436/500 - Loss: -1.3180
Iter 437/500 - Loss: -1.3180
Iter 438/500 - Loss: -1.3180
Iter 439/500 - Loss: -1.3180
Iter 440/500 - Loss: -1.3181
Iter 441/500 - Loss: -1.3181
Iter 442/500 - Loss: -1.3181
Iter 443/500 - Loss: -1.3181
Iter 444/500 - Loss: -1.3182
Iter 445/500 - Loss: -1.3182
Iter 446/500 - Loss: -1.3182
Iter 447/500 - Loss: -1.3183
Iter 448/500 - Loss: -1.3183
Iter 449/500 - Loss: -1.3183
Iter 450/500 - Loss: -1.3183
Iter 451/500 - Loss: -1.3183
Iter 452/500 - Loss: -1.3184
Iter 453/500 - Loss: -1.3184
Iter 454/500 - Loss: -1.3184
Iter 455/500 - Loss: -1.3184
Iter 456/500 - Loss: -1.3185
Iter 457/500 - Loss: -1.3185
Iter 458/500 - Loss: -1.3185
Iter 459/500 - Loss: -1.3185
Iter 460/500 - Loss: -1.3186
Iter 461/500 - Loss: -1.3186
Iter 462/500 - Loss: -1.3186
Iter 463/500 - Loss: -1.3186
Iter 464/500 - Loss: -1.3186
Iter 465/500 - Loss: -1.3187
Iter 466/500 - Loss: -1.3187
Iter 467/500 - Loss: -1.3187
Iter 468/500 - Loss: -1.3187
Iter 469/500 - Loss: -1.3187
Iter 470/500 - Loss: -1.3188
Iter 471/500 - Loss: -1.3188
Iter 472/500 - Loss: -1.3188
Iter 473/500 - Loss: -1.3188
Iter 474/500 - Loss: -1.3188
Iter 475/500 - Loss: -1.3188
Iter 476/500 - Loss: -1.3189
Iter 477/500 - Loss: -1.3189
Iter 478/500 - Loss: -1.3189
Iter 479/500 - Loss: -1.3189
Iter 480/500 - Loss: -1.3190
Iter 481/500 - Loss: -1.3190
Iter 482/500 - Loss: -1.3190
Iter 483/500 - Loss: -1.3190
Iter 484/500 - Loss: -1.3190
Iter 485/500 - Loss: -1.3190
Iter 486/500 - Loss: -1.3191
Iter 487/500 - Loss: -1.3191
Iter 488/500 - Loss: -1.3191
Iter 489/500 - Loss: -1.3191
Iter 490/500 - Loss: -1.3191
Iter 491/500 - Loss: -1.3191
Iter 492/500 - Loss: -1.3192
Iter 493/500 - Loss: -1.3192
Iter 494/500 - Loss: -1.3192
Iter 495/500 - Loss: -1.3192
Iter 496/500 - Loss: -1.3192
Iter 497/500 - Loss: -1.3192
Iter 498/500 - Loss: -1.3193
Iter 499/500 - Loss: -1.3193
Iter 500/500 - Loss: -1.3193
OrderedDict([('likelihood.raw_task_noises', tensor([-6.2489, -8.4817, -7.7375, -9.6074])), ('likelihood.raw_task_noises_constraint.lower_bound', tensor(1.0000e-04)), ('likelihood.raw_task_noises_constraint.upper_bound', tensor(inf)), ('mean_module.base_means.0.weights', tensor([[-1.2267],
        [-0.2913],
        [-0.6851],
        [ 0.1238],
        [-0.0924],
        [-0.7321],
        [ 1.8467],
        [-1.6374]])), ('mean_module.base_means.0.bias', tensor([1.7353])), ('mean_module.base_means.1.weights', tensor([[ 0.2359],
        [ 0.2120],
        [-0.2554],
        [-0.4486],
        [-0.2767],
        [ 1.0206],
        [-0.4982],
        [ 1.3092]])), ('mean_module.base_means.1.bias', tensor([-0.9037])), ('mean_module.base_means.2.weights', tensor([[ 0.7253],
        [ 0.1105],
        [ 0.6331],
        [ 0.7496],
        [ 0.0191],
        [ 0.3677],
        [-0.4784],
        [ 2.4224]])), ('mean_module.base_means.2.bias', tensor([-2.2028])), ('mean_module.base_means.3.weights', tensor([[-0.3440],
        [ 0.1340],
        [-1.2704],
        [-0.9897],
        [-0.0982],
        [ 1.3156],
        [-0.6681],
        [-0.9958]])), ('mean_module.base_means.3.bias', tensor([0.8815])), ('covar_module.task_covar_module.covar_factor', tensor([[-0.4659],
        [-0.6828],
        [ 0.0142],
        [-0.9733]])), ('covar_module.task_covar_module.raw_var', tensor([ 0.4531, -0.4389, -0.7354, -4.3240])), ('covar_module.task_covar_module.raw_var_constraint.lower_bound', tensor(0.)), ('covar_module.task_covar_module.raw_var_constraint.upper_bound', tensor(inf)), ('covar_module.data_covar_module.raw_mixture_weights', tensor([-0.5677, -0.5677, -3.1009])), ('covar_module.data_covar_module.raw_mixture_means', tensor([[[-1.9215e+00, -2.7384e+00, -2.3445e+00, -1.7647e+00, -2.5759e+00,
          -9.9464e-01, -2.6956e+00, -1.9291e+00]],

        [[-1.9215e+00, -2.7384e+00, -2.3445e+00, -1.7647e+00, -2.5759e+00,
          -9.9464e-01, -2.6956e+00, -1.9291e+00]],

        [[-5.1642e-01, -3.1474e+00, -9.1280e-01,  9.7469e-01, -3.0722e-03,
          -4.6067e-01, -1.2394e+00, -1.5517e+00]]])), ('covar_module.data_covar_module.raw_mixture_scales', tensor([[[-1.1651, -2.3596, -1.9062, -2.0994, -1.6291, -2.2155, -2.4561,
          -1.3050]],

        [[-1.1651, -2.3596, -1.9062, -2.0994, -1.6291, -2.2155, -2.4561,
          -1.3050]],

        [[ 7.5983, -2.8742, 10.9629,  7.6260, 10.6880,  0.7911, 10.4283,
           1.0013]]])), ('covar_module.data_covar_module.raw_mixture_scales_constraint.lower_bound', tensor(0.)), ('covar_module.data_covar_module.raw_mixture_scales_constraint.upper_bound', tensor(inf)), ('covar_module.data_covar_module.raw_mixture_means_constraint.lower_bound', tensor(0.)), ('covar_module.data_covar_module.raw_mixture_means_constraint.upper_bound', tensor(inf)), ('covar_module.data_covar_module.raw_mixture_weights_constraint.lower_bound', tensor(0.)), ('covar_module.data_covar_module.raw_mixture_weights_constraint.upper_bound', tensor(inf))])
