Leaving out Box_n50_47_1400
{'ns': 0.97000003, 'H0': 67.0, 'w0': -1.0, 'ombh2': 0.0223, 'omch2': 0.12, 'nu_mass_ev': 0.07071068, '10^9 As': 2.10100315}
(149, 7)
(149, 8)
scaling input
(149, 7)
scaling output
(149, 8)
Iter 1/1000 - Loss: 0.2276
Iter 2/1000 - Loss: 0.2148
Iter 3/1000 - Loss: 0.2020
Iter 4/1000 - Loss: 0.1891
Iter 5/1000 - Loss: 0.1763
Iter 6/1000 - Loss: 0.1634
Iter 7/1000 - Loss: 0.1506
Iter 8/1000 - Loss: 0.1377
Iter 9/1000 - Loss: 0.1248
Iter 10/1000 - Loss: 0.1119
Iter 11/1000 - Loss: 0.0990
Iter 12/1000 - Loss: 0.0861
Iter 13/1000 - Loss: 0.0732
Iter 14/1000 - Loss: 0.0602
Iter 15/1000 - Loss: 0.0473
Iter 16/1000 - Loss: 0.0344
Iter 17/1000 - Loss: 0.0214
Iter 18/1000 - Loss: 0.0085
Iter 19/1000 - Loss: -0.0045
Iter 20/1000 - Loss: -0.0175
Iter 21/1000 - Loss: -0.0305
Iter 22/1000 - Loss: -0.0435
Iter 23/1000 - Loss: -0.0565
Iter 24/1000 - Loss: -0.0695
Iter 25/1000 - Loss: -0.0824
Iter 26/1000 - Loss: -0.0955
Iter 27/1000 - Loss: -0.1085
Iter 28/1000 - Loss: -0.1215
Iter 29/1000 - Loss: -0.1345
Iter 30/1000 - Loss: -0.1475
Iter 31/1000 - Loss: -0.1604
Iter 32/1000 - Loss: -0.1734
Iter 33/1000 - Loss: -0.1864
Iter 34/1000 - Loss: -0.1993
Iter 35/1000 - Loss: -0.2123
Iter 36/1000 - Loss: -0.2252
Iter 37/1000 - Loss: -0.2381
Iter 38/1000 - Loss: -0.2510
Iter 39/1000 - Loss: -0.2639
Iter 40/1000 - Loss: -0.2768
Iter 41/1000 - Loss: -0.2896
Iter 42/1000 - Loss: -0.3024
Iter 43/1000 - Loss: -0.3152
Iter 44/1000 - Loss: -0.3279
Iter 45/1000 - Loss: -0.3406
Iter 46/1000 - Loss: -0.3533
Iter 47/1000 - Loss: -0.3659
Iter 48/1000 - Loss: -0.3786
Iter 49/1000 - Loss: -0.3911
Iter 50/1000 - Loss: -0.4036
Iter 51/1000 - Loss: -0.4162
Iter 52/1000 - Loss: -0.4286
Iter 53/1000 - Loss: -0.4410
Iter 54/1000 - Loss: -0.4534
Iter 55/1000 - Loss: -0.4658
Iter 56/1000 - Loss: -0.4781
Iter 57/1000 - Loss: -0.4904
Iter 58/1000 - Loss: -0.5027
Iter 59/1000 - Loss: -0.5150
Iter 60/1000 - Loss: -0.5272
Iter 61/1000 - Loss: -0.5395
Iter 62/1000 - Loss: -0.5516
Iter 63/1000 - Loss: -0.5638
Iter 64/1000 - Loss: -0.5759
Iter 65/1000 - Loss: -0.5880
Iter 66/1000 - Loss: -0.6001
Iter 67/1000 - Loss: -0.6122
Iter 68/1000 - Loss: -0.6242
Iter 69/1000 - Loss: -0.6361
Iter 70/1000 - Loss: -0.6481
Iter 71/1000 - Loss: -0.6599
Iter 72/1000 - Loss: -0.6718
Iter 73/1000 - Loss: -0.6836
Iter 74/1000 - Loss: -0.6953
Iter 75/1000 - Loss: -0.7070
Iter 76/1000 - Loss: -0.7187
Iter 77/1000 - Loss: -0.7302
Iter 78/1000 - Loss: -0.7418
Iter 79/1000 - Loss: -0.7533
Iter 80/1000 - Loss: -0.7647
Iter 81/1000 - Loss: -0.7760
Iter 82/1000 - Loss: -0.7874
Iter 83/1000 - Loss: -0.7986
Iter 84/1000 - Loss: -0.8098
Iter 85/1000 - Loss: -0.8210
Iter 86/1000 - Loss: -0.8321
Iter 87/1000 - Loss: -0.8430
Iter 88/1000 - Loss: -0.8540
Iter 89/1000 - Loss: -0.8649
Iter 90/1000 - Loss: -0.8757
Iter 91/1000 - Loss: -0.8865
Iter 92/1000 - Loss: -0.8971
Iter 93/1000 - Loss: -0.9078
Iter 94/1000 - Loss: -0.9183
Iter 95/1000 - Loss: -0.9287
Iter 96/1000 - Loss: -0.9391
Iter 97/1000 - Loss: -0.9494
Iter 98/1000 - Loss: -0.9597
Iter 99/1000 - Loss: -0.9698
Iter 100/1000 - Loss: -0.9799
Iter 101/1000 - Loss: -0.9899
Iter 102/1000 - Loss: -0.9999
Iter 103/1000 - Loss: -1.0098
Iter 104/1000 - Loss: -1.0196
Iter 105/1000 - Loss: -1.0293
Iter 106/1000 - Loss: -1.0390
Iter 107/1000 - Loss: -1.0486
Iter 108/1000 - Loss: -1.0582
Iter 109/1000 - Loss: -1.0678
Iter 110/1000 - Loss: -1.0772
Iter 111/1000 - Loss: -1.0866
Iter 112/1000 - Loss: -1.0960
Iter 113/1000 - Loss: -1.1053
Iter 114/1000 - Loss: -1.1145
Iter 115/1000 - Loss: -1.1237
Iter 116/1000 - Loss: -1.1329
Iter 117/1000 - Loss: -1.1420
Iter 118/1000 - Loss: -1.1511
Iter 119/1000 - Loss: -1.1602
Iter 120/1000 - Loss: -1.1692
Iter 121/1000 - Loss: -1.1782
Iter 122/1000 - Loss: -1.1871
Iter 123/1000 - Loss: -1.1959
Iter 124/1000 - Loss: -1.2048
Iter 125/1000 - Loss: -1.2136
Iter 126/1000 - Loss: -1.2223
Iter 127/1000 - Loss: -1.2310
Iter 128/1000 - Loss: -1.2397
Iter 129/1000 - Loss: -1.2483
Iter 130/1000 - Loss: -1.2569
Iter 131/1000 - Loss: -1.2654
Iter 132/1000 - Loss: -1.2739
Iter 133/1000 - Loss: -1.2823
Iter 134/1000 - Loss: -1.2906
Iter 135/1000 - Loss: -1.2990
Iter 136/1000 - Loss: -1.3072
Iter 137/1000 - Loss: -1.3155
Iter 138/1000 - Loss: -1.3236
Iter 139/1000 - Loss: -1.3318
Iter 140/1000 - Loss: -1.3398
Iter 141/1000 - Loss: -1.3479
Iter 142/1000 - Loss: -1.3558
Iter 143/1000 - Loss: -1.3638
Iter 144/1000 - Loss: -1.3717
Iter 145/1000 - Loss: -1.3795
Iter 146/1000 - Loss: -1.3873
Iter 147/1000 - Loss: -1.3950
Iter 148/1000 - Loss: -1.4027
Iter 149/1000 - Loss: -1.4104
Iter 150/1000 - Loss: -1.4180
Iter 151/1000 - Loss: -1.4255
Iter 152/1000 - Loss: -1.4330
Iter 153/1000 - Loss: -1.4405
Iter 154/1000 - Loss: -1.4479
Iter 155/1000 - Loss: -1.4552
Iter 156/1000 - Loss: -1.4626
Iter 157/1000 - Loss: -1.4698
Iter 158/1000 - Loss: -1.4771
Iter 159/1000 - Loss: -1.4842
Iter 160/1000 - Loss: -1.4914
Iter 161/1000 - Loss: -1.4985
Iter 162/1000 - Loss: -1.5055
Iter 163/1000 - Loss: -1.5125
Iter 164/1000 - Loss: -1.5195
Iter 165/1000 - Loss: -1.5264
Iter 166/1000 - Loss: -1.5332
Iter 167/1000 - Loss: -1.5401
Iter 168/1000 - Loss: -1.5468
Iter 169/1000 - Loss: -1.5536
Iter 170/1000 - Loss: -1.5603
Iter 171/1000 - Loss: -1.5669
Iter 172/1000 - Loss: -1.5735
Iter 173/1000 - Loss: -1.5801
Iter 174/1000 - Loss: -1.5866
Iter 175/1000 - Loss: -1.5931
Iter 176/1000 - Loss: -1.5995
Iter 177/1000 - Loss: -1.6059
Iter 178/1000 - Loss: -1.6122
Iter 179/1000 - Loss: -1.6186
Iter 180/1000 - Loss: -1.6248
Iter 181/1000 - Loss: -1.6310
Iter 182/1000 - Loss: -1.6372
Iter 183/1000 - Loss: -1.6434
Iter 184/1000 - Loss: -1.6495
Iter 185/1000 - Loss: -1.6555
Iter 186/1000 - Loss: -1.6616
Iter 187/1000 - Loss: -1.6676
Iter 188/1000 - Loss: -1.6735
Iter 189/1000 - Loss: -1.6794
Iter 190/1000 - Loss: -1.6853
Iter 191/1000 - Loss: -1.6911
Iter 192/1000 - Loss: -1.6969
Iter 193/1000 - Loss: -1.7026
Iter 194/1000 - Loss: -1.7084
Iter 195/1000 - Loss: -1.7140
Iter 196/1000 - Loss: -1.7196
Iter 197/1000 - Loss: -1.7252
Iter 198/1000 - Loss: -1.7307
Iter 199/1000 - Loss: -1.7363
Iter 200/1000 - Loss: -1.7417
Iter 201/1000 - Loss: -1.7472
Iter 202/1000 - Loss: -1.7526
Iter 203/1000 - Loss: -1.7579
Iter 204/1000 - Loss: -1.7632
Iter 205/1000 - Loss: -1.7685
Iter 206/1000 - Loss: -1.7737
Iter 207/1000 - Loss: -1.7789
Iter 208/1000 - Loss: -1.7841
Iter 209/1000 - Loss: -1.7892
Iter 210/1000 - Loss: -1.7942
Iter 211/1000 - Loss: -1.7993
Iter 212/1000 - Loss: -1.8043
Iter 213/1000 - Loss: -1.8092
Iter 214/1000 - Loss: -1.8142
Iter 215/1000 - Loss: -1.8190
Iter 216/1000 - Loss: -1.8239
Iter 217/1000 - Loss: -1.8287
Iter 218/1000 - Loss: -1.8334
Iter 219/1000 - Loss: -1.8382
Iter 220/1000 - Loss: -1.8429
Iter 221/1000 - Loss: -1.8475
Iter 222/1000 - Loss: -1.8521
Iter 223/1000 - Loss: -1.8567
Iter 224/1000 - Loss: -1.8612
Iter 225/1000 - Loss: -1.8657
Iter 226/1000 - Loss: -1.8702
Iter 227/1000 - Loss: -1.8746
Iter 228/1000 - Loss: -1.8790
Iter 229/1000 - Loss: -1.8833
Iter 230/1000 - Loss: -1.8876
Iter 231/1000 - Loss: -1.8919
Iter 232/1000 - Loss: -1.8961
Iter 233/1000 - Loss: -1.9003
Iter 234/1000 - Loss: -1.9045
Iter 235/1000 - Loss: -1.9087
Iter 236/1000 - Loss: -1.9127
Iter 237/1000 - Loss: -1.9168
Iter 238/1000 - Loss: -1.9208
Iter 239/1000 - Loss: -1.9248
Iter 240/1000 - Loss: -1.9288
Iter 241/1000 - Loss: -1.9327
Iter 242/1000 - Loss: -1.9366
Iter 243/1000 - Loss: -1.9404
Iter 244/1000 - Loss: -1.9443
Iter 245/1000 - Loss: -1.9480
Iter 246/1000 - Loss: -1.9518
Iter 247/1000 - Loss: -1.9555
Iter 248/1000 - Loss: -1.9592
Iter 249/1000 - Loss: -1.9629
Iter 250/1000 - Loss: -1.9665
Iter 251/1000 - Loss: -1.9701
Iter 252/1000 - Loss: -1.9737
Iter 253/1000 - Loss: -1.9772
Iter 254/1000 - Loss: -1.9807
Iter 255/1000 - Loss: -1.9842
Iter 256/1000 - Loss: -1.9877
Iter 257/1000 - Loss: -1.9910
Iter 258/1000 - Loss: -1.9945
Iter 259/1000 - Loss: -1.9978
Iter 260/1000 - Loss: -2.0011
Iter 261/1000 - Loss: -2.0044
Iter 262/1000 - Loss: -2.0077
Iter 263/1000 - Loss: -2.0110
Iter 264/1000 - Loss: -2.0142
Iter 265/1000 - Loss: -2.0174
Iter 266/1000 - Loss: -2.0205
Iter 267/1000 - Loss: -2.0237
Iter 268/1000 - Loss: -2.0268
Iter 269/1000 - Loss: -2.0299
Iter 270/1000 - Loss: -2.0329
Iter 271/1000 - Loss: -2.0359
Iter 272/1000 - Loss: -2.0390
Iter 273/1000 - Loss: -2.0419
Iter 274/1000 - Loss: -2.0449
Iter 275/1000 - Loss: -2.0478
Iter 276/1000 - Loss: -2.0507
Iter 277/1000 - Loss: -2.0536
Iter 278/1000 - Loss: -2.0565
Iter 279/1000 - Loss: -2.0593
Iter 280/1000 - Loss: -2.0621
Iter 281/1000 - Loss: -2.0649
Iter 282/1000 - Loss: -2.0677
Iter 283/1000 - Loss: -2.0704
Iter 284/1000 - Loss: -2.0731
Iter 285/1000 - Loss: -2.0758
Iter 286/1000 - Loss: -2.0785
Iter 287/1000 - Loss: -2.0811
Iter 288/1000 - Loss: -2.0838
Iter 289/1000 - Loss: -2.0863
Iter 290/1000 - Loss: -2.0889
Iter 291/1000 - Loss: -2.0915
Iter 292/1000 - Loss: -2.0940
Iter 293/1000 - Loss: -2.0965
Iter 294/1000 - Loss: -2.0990
Iter 295/1000 - Loss: -2.1015
Iter 296/1000 - Loss: -2.1039
Iter 297/1000 - Loss: -2.1064
Iter 298/1000 - Loss: -2.1087
Iter 299/1000 - Loss: -2.1112
Iter 300/1000 - Loss: -2.1135
Iter 301/1000 - Loss: -2.1158
Iter 302/1000 - Loss: -2.1181
Iter 303/1000 - Loss: -2.1204
Iter 304/1000 - Loss: -2.1227
Iter 305/1000 - Loss: -2.1250
Iter 306/1000 - Loss: -2.1272
Iter 307/1000 - Loss: -2.1294
Iter 308/1000 - Loss: -2.1316
Iter 309/1000 - Loss: -2.1338
Iter 310/1000 - Loss: -2.1360
Iter 311/1000 - Loss: -2.1381
Iter 312/1000 - Loss: -2.1402
Iter 313/1000 - Loss: -2.1423
Iter 314/1000 - Loss: -2.1444
Iter 315/1000 - Loss: -2.1464
Iter 316/1000 - Loss: -2.1485
Iter 317/1000 - Loss: -2.1505
Iter 318/1000 - Loss: -2.1525
Iter 319/1000 - Loss: -2.1544
Iter 320/1000 - Loss: -2.1564
Iter 321/1000 - Loss: -2.1583
Iter 322/1000 - Loss: -2.1603
Iter 323/1000 - Loss: -2.1622
Iter 324/1000 - Loss: -2.1641
Iter 325/1000 - Loss: -2.1659
Iter 326/1000 - Loss: -2.1678
Iter 327/1000 - Loss: -2.1696
Iter 328/1000 - Loss: -2.1714
Iter 329/1000 - Loss: -2.1732
Iter 330/1000 - Loss: -2.1750
Iter 331/1000 - Loss: -2.1767
Iter 332/1000 - Loss: -2.1784
Iter 333/1000 - Loss: -2.1802
Iter 334/1000 - Loss: -2.1819
Iter 335/1000 - Loss: -2.1836
Iter 336/1000 - Loss: -2.1852
Iter 337/1000 - Loss: -2.1869
Iter 338/1000 - Loss: -2.1885
Iter 339/1000 - Loss: -2.1901
Iter 340/1000 - Loss: -2.1917
Iter 341/1000 - Loss: -2.1933
Iter 342/1000 - Loss: -2.1948
Iter 343/1000 - Loss: -2.1964
Iter 344/1000 - Loss: -2.1979
Iter 345/1000 - Loss: -2.1994
Iter 346/1000 - Loss: -2.2009
Iter 347/1000 - Loss: -2.2024
Iter 348/1000 - Loss: -2.2038
Iter 349/1000 - Loss: -2.2053
Iter 350/1000 - Loss: -2.2067
Iter 351/1000 - Loss: -2.2081
Iter 352/1000 - Loss: -2.2095
Iter 353/1000 - Loss: -2.2109
Iter 354/1000 - Loss: -2.2123
Iter 355/1000 - Loss: -2.2136
Iter 356/1000 - Loss: -2.2150
Iter 357/1000 - Loss: -2.2163
Iter 358/1000 - Loss: -2.2176
Iter 359/1000 - Loss: -2.2189
Iter 360/1000 - Loss: -2.2201
Iter 361/1000 - Loss: -2.2214
Iter 362/1000 - Loss: -2.2226
Iter 363/1000 - Loss: -2.2239
Iter 364/1000 - Loss: -2.2251
Iter 365/1000 - Loss: -2.2263
Iter 366/1000 - Loss: -2.2274
Iter 367/1000 - Loss: -2.2286
Iter 368/1000 - Loss: -2.2298
Iter 369/1000 - Loss: -2.2309
Iter 370/1000 - Loss: -2.2320
Iter 371/1000 - Loss: -2.2331
Iter 372/1000 - Loss: -2.2342
Iter 373/1000 - Loss: -2.2353
Iter 374/1000 - Loss: -2.2364
Iter 375/1000 - Loss: -2.2374
Iter 376/1000 - Loss: -2.2385
Iter 377/1000 - Loss: -2.2395
Iter 378/1000 - Loss: -2.2405
Iter 379/1000 - Loss: -2.2415
Iter 380/1000 - Loss: -2.2425
Iter 381/1000 - Loss: -2.2435
Iter 382/1000 - Loss: -2.2444
Iter 383/1000 - Loss: -2.2454
Iter 384/1000 - Loss: -2.2463
Iter 385/1000 - Loss: -2.2472
Iter 386/1000 - Loss: -2.2481
Iter 387/1000 - Loss: -2.2490
Iter 388/1000 - Loss: -2.2499
Iter 389/1000 - Loss: -2.2508
Iter 390/1000 - Loss: -2.2516
Iter 391/1000 - Loss: -2.2525
Iter 392/1000 - Loss: -2.2533
Iter 393/1000 - Loss: -2.2541
Iter 394/1000 - Loss: -2.2550
Iter 395/1000 - Loss: -2.2558
Iter 396/1000 - Loss: -2.2565
Iter 397/1000 - Loss: -2.2573
Iter 398/1000 - Loss: -2.2581
Iter 399/1000 - Loss: -2.2588
Iter 400/1000 - Loss: -2.2595
Iter 401/1000 - Loss: -2.2602
Iter 402/1000 - Loss: -2.2610
Iter 403/1000 - Loss: -2.2617
Iter 404/1000 - Loss: -2.2624
Iter 405/1000 - Loss: -2.2631
Iter 406/1000 - Loss: -2.2637
Iter 407/1000 - Loss: -2.2644
Iter 408/1000 - Loss: -2.2650
Iter 409/1000 - Loss: -2.2657
Iter 410/1000 - Loss: -2.2663
Iter 411/1000 - Loss: -2.2670
Iter 412/1000 - Loss: -2.2676
Iter 413/1000 - Loss: -2.2682
Iter 414/1000 - Loss: -2.2688
Iter 415/1000 - Loss: -2.2694
Iter 416/1000 - Loss: -2.2699
Iter 417/1000 - Loss: -2.2705
Iter 418/1000 - Loss: -2.2711
Iter 419/1000 - Loss: -2.2716
Iter 420/1000 - Loss: -2.2722
Iter 421/1000 - Loss: -2.2727
Iter 422/1000 - Loss: -2.2732
Iter 423/1000 - Loss: -2.2737
Iter 424/1000 - Loss: -2.2742
Iter 425/1000 - Loss: -2.2747
Iter 426/1000 - Loss: -2.2752
Iter 427/1000 - Loss: -2.2757
Iter 428/1000 - Loss: -2.2761
Iter 429/1000 - Loss: -2.2766
Iter 430/1000 - Loss: -2.2771
Iter 431/1000 - Loss: -2.2775
Iter 432/1000 - Loss: -2.2779
Iter 433/1000 - Loss: -2.2784
Iter 434/1000 - Loss: -2.2788
Iter 435/1000 - Loss: -2.2792
Iter 436/1000 - Loss: -2.2796
Iter 437/1000 - Loss: -2.2800
Iter 438/1000 - Loss: -2.2804
Iter 439/1000 - Loss: -2.2808
Iter 440/1000 - Loss: -2.2812
Iter 441/1000 - Loss: -2.2816
Iter 442/1000 - Loss: -2.2819
Iter 443/1000 - Loss: -2.2823
Iter 444/1000 - Loss: -2.2826
Iter 445/1000 - Loss: -2.2830
Iter 446/1000 - Loss: -2.2833
Iter 447/1000 - Loss: -2.2836
Iter 448/1000 - Loss: -2.2840
Iter 449/1000 - Loss: -2.2843
Iter 450/1000 - Loss: -2.2846
Iter 451/1000 - Loss: -2.2849
Iter 452/1000 - Loss: -2.2853
Iter 453/1000 - Loss: -2.2855
Iter 454/1000 - Loss: -2.2858
Iter 455/1000 - Loss: -2.2861
Iter 456/1000 - Loss: -2.2864
Iter 457/1000 - Loss: -2.2867
Iter 458/1000 - Loss: -2.2869
Iter 459/1000 - Loss: -2.2872
Iter 460/1000 - Loss: -2.2875
Iter 461/1000 - Loss: -2.2877
Iter 462/1000 - Loss: -2.2880
Iter 463/1000 - Loss: -2.2882
Iter 464/1000 - Loss: -2.2884
Iter 465/1000 - Loss: -2.2887
Iter 466/1000 - Loss: -2.2889
Iter 467/1000 - Loss: -2.2891
Iter 468/1000 - Loss: -2.2894
Iter 469/1000 - Loss: -2.2896
Iter 470/1000 - Loss: -2.2898
Iter 471/1000 - Loss: -2.2900
Iter 472/1000 - Loss: -2.2902
Iter 473/1000 - Loss: -2.2904
Iter 474/1000 - Loss: -2.2906
Iter 475/1000 - Loss: -2.2908
Iter 476/1000 - Loss: -2.2910
Iter 477/1000 - Loss: -2.2912
Iter 478/1000 - Loss: -2.2913
Iter 479/1000 - Loss: -2.2915
Iter 480/1000 - Loss: -2.2917
Iter 481/1000 - Loss: -2.2919
Iter 482/1000 - Loss: -2.2920
Iter 483/1000 - Loss: -2.2922
Iter 484/1000 - Loss: -2.2924
Iter 485/1000 - Loss: -2.2925
Iter 486/1000 - Loss: -2.2927
Iter 487/1000 - Loss: -2.2928
Iter 488/1000 - Loss: -2.2930
Iter 489/1000 - Loss: -2.2931
Iter 490/1000 - Loss: -2.2932
Iter 491/1000 - Loss: -2.2934
Iter 492/1000 - Loss: -2.2935
Iter 493/1000 - Loss: -2.2936
Iter 494/1000 - Loss: -2.2938
Iter 495/1000 - Loss: -2.2939
Iter 496/1000 - Loss: -2.2941
Iter 497/1000 - Loss: -2.2942
Iter 498/1000 - Loss: -2.2943
Iter 499/1000 - Loss: -2.2944
Iter 500/1000 - Loss: -2.2945
Iter 501/1000 - Loss: -2.2947
reducing lr to 0.001000
Iter 502/1000 - Loss: -2.2948
Iter 503/1000 - Loss: -2.2948
Iter 504/1000 - Loss: -2.2948
Iter 505/1000 - Loss: -2.2948
Iter 506/1000 - Loss: -2.2949
Iter 507/1000 - Loss: -2.2948
Iter 508/1000 - Loss: -2.2948
Iter 509/1000 - Loss: -2.2949
Iter 510/1000 - Loss: -2.2949
Iter 511/1000 - Loss: -2.2949
Iter 512/1000 - Loss: -2.2949
Iter 513/1000 - Loss: -2.2949
Iter 514/1000 - Loss: -2.2949
Iter 515/1000 - Loss: -2.2950
Iter 516/1000 - Loss: -2.2949
Iter 517/1000 - Loss: -2.2950
Iter 518/1000 - Loss: -2.2950
Iter 519/1000 - Loss: -2.2950
Iter 520/1000 - Loss: -2.2950
Iter 521/1000 - Loss: -2.2950
Iter 522/1000 - Loss: -2.2950
Iter 523/1000 - Loss: -2.2950
Iter 524/1000 - Loss: -2.2950
Iter 525/1000 - Loss: -2.2951
Iter 526/1000 - Loss: -2.2951
Iter 527/1000 - Loss: -2.2951
Iter 528/1000 - Loss: -2.2951
Iter 529/1000 - Loss: -2.2951
Iter 530/1000 - Loss: -2.2951
Iter 531/1000 - Loss: -2.2951
Iter 532/1000 - Loss: -2.2951
Iter 533/1000 - Loss: -2.2951
Iter 534/1000 - Loss: -2.2951
Iter 535/1000 - Loss: -2.2952
Iter 536/1000 - Loss: -2.2951
Iter 537/1000 - Loss: -2.2952
Iter 538/1000 - Loss: -2.2952
Iter 539/1000 - Loss: -2.2952
Iter 540/1000 - Loss: -2.2952
Iter 541/1000 - Loss: -2.2952
Iter 542/1000 - Loss: -2.2952
Iter 543/1000 - Loss: -2.2952
Iter 544/1000 - Loss: -2.2953
Iter 545/1000 - Loss: -2.2952
Iter 546/1000 - Loss: -2.2953
Iter 547/1000 - Loss: -2.2953
Iter 548/1000 - Loss: -2.2953
Iter 549/1000 - Loss: -2.2953
Iter 550/1000 - Loss: -2.2953
Iter 551/1000 - Loss: -2.2953
Iter 552/1000 - Loss: -2.2953
Iter 553/1000 - Loss: -2.2953
Iter 554/1000 - Loss: -2.2953
Iter 555/1000 - Loss: -2.2953
Iter 556/1000 - Loss: -2.2954
Iter 557/1000 - Loss: -2.2954
Iter 558/1000 - Loss: -2.2954
Iter 559/1000 - Loss: -2.2954
Iter 560/1000 - Loss: -2.2954
Iter 561/1000 - Loss: -2.2954
Iter 562/1000 - Loss: -2.2954
Iter 563/1000 - Loss: -2.2954
Iter 564/1000 - Loss: -2.2954
Iter 565/1000 - Loss: -2.2954
Iter 566/1000 - Loss: -2.2955
Iter 567/1000 - Loss: -2.2955
Iter 568/1000 - Loss: -2.2955
Iter 569/1000 - Loss: -2.2955
Iter 570/1000 - Loss: -2.2955
Iter 571/1000 - Loss: -2.2955
Iter 572/1000 - Loss: -2.2955
Iter 573/1000 - Loss: -2.2955
Iter 574/1000 - Loss: -2.2955
Iter 575/1000 - Loss: -2.2955
Iter 576/1000 - Loss: -2.2955
Iter 577/1000 - Loss: -2.2955
Iter 578/1000 - Loss: -2.2956
Iter 579/1000 - Loss: -2.2956
Iter 580/1000 - Loss: -2.2956
Iter 581/1000 - Loss: -2.2956
Iter 582/1000 - Loss: -2.2956
Iter 583/1000 - Loss: -2.2956
Iter 584/1000 - Loss: -2.2956
Iter 585/1000 - Loss: -2.2956
Iter 586/1000 - Loss: -2.2956
Iter 587/1000 - Loss: -2.2957
Iter 588/1000 - Loss: -2.2957
Iter 589/1000 - Loss: -2.2957
Iter 590/1000 - Loss: -2.2957
Iter 591/1000 - Loss: -2.2957
Iter 592/1000 - Loss: -2.2957
Iter 593/1000 - Loss: -2.2957
Iter 594/1000 - Loss: -2.2957
Iter 595/1000 - Loss: -2.2957
Iter 596/1000 - Loss: -2.2957
Iter 597/1000 - Loss: -2.2957
Iter 598/1000 - Loss: -2.2957
Iter 599/1000 - Loss: -2.2957
Iter 600/1000 - Loss: -2.2958
Iter 601/1000 - Loss: -2.2958
Iter 602/1000 - Loss: -2.2958
Iter 603/1000 - Loss: -2.2958
Iter 604/1000 - Loss: -2.2958
Iter 605/1000 - Loss: -2.2958
Iter 606/1000 - Loss: -2.2958
Iter 607/1000 - Loss: -2.2958
Iter 608/1000 - Loss: -2.2959
Iter 609/1000 - Loss: -2.2959
Iter 610/1000 - Loss: -2.2959
Iter 611/1000 - Loss: -2.2959
Iter 612/1000 - Loss: -2.2959
Iter 613/1000 - Loss: -2.2959
Iter 614/1000 - Loss: -2.2959
Iter 615/1000 - Loss: -2.2959
Iter 616/1000 - Loss: -2.2959
Iter 617/1000 - Loss: -2.2959
Iter 618/1000 - Loss: -2.2959
Iter 619/1000 - Loss: -2.2959
Iter 620/1000 - Loss: -2.2959
Iter 621/1000 - Loss: -2.2960
Iter 622/1000 - Loss: -2.2960
Iter 623/1000 - Loss: -2.2960
Iter 624/1000 - Loss: -2.2960
Iter 625/1000 - Loss: -2.2960
Iter 626/1000 - Loss: -2.2960
Iter 627/1000 - Loss: -2.2960
Iter 628/1000 - Loss: -2.2960
Iter 629/1000 - Loss: -2.2960
Iter 630/1000 - Loss: -2.2961
Iter 631/1000 - Loss: -2.2960
Iter 632/1000 - Loss: -2.2961
Iter 633/1000 - Loss: -2.2961
Iter 634/1000 - Loss: -2.2961
Iter 635/1000 - Loss: -2.2961
Iter 636/1000 - Loss: -2.2961
Iter 637/1000 - Loss: -2.2961
Iter 638/1000 - Loss: -2.2961
Iter 639/1000 - Loss: -2.2961
Iter 640/1000 - Loss: -2.2961
Iter 641/1000 - Loss: -2.2961
Iter 642/1000 - Loss: -2.2961
Iter 643/1000 - Loss: -2.2962
Iter 644/1000 - Loss: -2.2962
Iter 645/1000 - Loss: -2.2962
Iter 646/1000 - Loss: -2.2962
Iter 647/1000 - Loss: -2.2962
Iter 648/1000 - Loss: -2.2962
Iter 649/1000 - Loss: -2.2962
Iter 650/1000 - Loss: -2.2962
Iter 651/1000 - Loss: -2.2962
Iter 652/1000 - Loss: -2.2962
Iter 653/1000 - Loss: -2.2962
Iter 654/1000 - Loss: -2.2962
Iter 655/1000 - Loss: -2.2963
Iter 656/1000 - Loss: -2.2963
Iter 657/1000 - Loss: -2.2963
Iter 658/1000 - Loss: -2.2963
Iter 659/1000 - Loss: -2.2963
Iter 660/1000 - Loss: -2.2963
Iter 661/1000 - Loss: -2.2963
Iter 662/1000 - Loss: -2.2963
Iter 663/1000 - Loss: -2.2964
Iter 664/1000 - Loss: -2.2963
Iter 665/1000 - Loss: -2.2963
Iter 666/1000 - Loss: -2.2964
Iter 667/1000 - Loss: -2.2964
Iter 668/1000 - Loss: -2.2964
Iter 669/1000 - Loss: -2.2964
Iter 670/1000 - Loss: -2.2964
Iter 671/1000 - Loss: -2.2964
Iter 672/1000 - Loss: -2.2964
Iter 673/1000 - Loss: -2.2964
Iter 674/1000 - Loss: -2.2965
Iter 675/1000 - Loss: -2.2964
Iter 676/1000 - Loss: -2.2964
Iter 677/1000 - Loss: -2.2965
Iter 678/1000 - Loss: -2.2964
Iter 679/1000 - Loss: -2.2965
Iter 680/1000 - Loss: -2.2965
Iter 681/1000 - Loss: -2.2965
Iter 682/1000 - Loss: -2.2965
Iter 683/1000 - Loss: -2.2965
Iter 684/1000 - Loss: -2.2965
Iter 685/1000 - Loss: -2.2965
Iter 686/1000 - Loss: -2.2965
Iter 687/1000 - Loss: -2.2965
Iter 688/1000 - Loss: -2.2965
Iter 689/1000 - Loss: -2.2966
Iter 690/1000 - Loss: -2.2966
Iter 691/1000 - Loss: -2.2965
Iter 692/1000 - Loss: -2.2966
Iter 693/1000 - Loss: -2.2966
Iter 694/1000 - Loss: -2.2966
Iter 695/1000 - Loss: -2.2966
Iter 696/1000 - Loss: -2.2966
Iter 697/1000 - Loss: -2.2966
Iter 698/1000 - Loss: -2.2966
Iter 699/1000 - Loss: -2.2966
Iter 700/1000 - Loss: -2.2966
Iter 701/1000 - Loss: -2.2967
Iter 702/1000 - Loss: -2.2967
Iter 703/1000 - Loss: -2.2967
Iter 704/1000 - Loss: -2.2966
Iter 705/1000 - Loss: -2.2967
Iter 706/1000 - Loss: -2.2967
Iter 707/1000 - Loss: -2.2967
Iter 708/1000 - Loss: -2.2967
Iter 709/1000 - Loss: -2.2967
Iter 710/1000 - Loss: -2.2967
Iter 711/1000 - Loss: -2.2967
Iter 712/1000 - Loss: -2.2968
Iter 713/1000 - Loss: -2.2967
Iter 714/1000 - Loss: -2.2968
Iter 715/1000 - Loss: -2.2968
Iter 716/1000 - Loss: -2.2968
Iter 717/1000 - Loss: -2.2968
Iter 718/1000 - Loss: -2.2968
Iter 719/1000 - Loss: -2.2968
Iter 720/1000 - Loss: -2.2968
Iter 721/1000 - Loss: -2.2968
Iter 722/1000 - Loss: -2.2968
Iter 723/1000 - Loss: -2.2968
Iter 724/1000 - Loss: -2.2968
Iter 725/1000 - Loss: -2.2969
Iter 726/1000 - Loss: -2.2968
Iter 727/1000 - Loss: -2.2969
Iter 728/1000 - Loss: -2.2969
Iter 729/1000 - Loss: -2.2969
Iter 730/1000 - Loss: -2.2969
Iter 731/1000 - Loss: -2.2969
Iter 732/1000 - Loss: -2.2969
Iter 733/1000 - Loss: -2.2969
Iter 734/1000 - Loss: -2.2969
Iter 735/1000 - Loss: -2.2969
Iter 736/1000 - Loss: -2.2969
Iter 737/1000 - Loss: -2.2969
Iter 738/1000 - Loss: -2.2969
Iter 739/1000 - Loss: -2.2970
Iter 740/1000 - Loss: -2.2970
Iter 741/1000 - Loss: -2.2970
Iter 742/1000 - Loss: -2.2970
Iter 743/1000 - Loss: -2.2970
Iter 744/1000 - Loss: -2.2970
Iter 745/1000 - Loss: -2.2970
Iter 746/1000 - Loss: -2.2970
Iter 747/1000 - Loss: -2.2970
Iter 748/1000 - Loss: -2.2970
Iter 749/1000 - Loss: -2.2970
Iter 750/1000 - Loss: -2.2970
Iter 751/1000 - Loss: -2.2970
Iter 752/1000 - Loss: -2.2970
Iter 753/1000 - Loss: -2.2970
Iter 754/1000 - Loss: -2.2971
Iter 755/1000 - Loss: -2.2971
Iter 756/1000 - Loss: -2.2971
Iter 757/1000 - Loss: -2.2971
Iter 758/1000 - Loss: -2.2971
Iter 759/1000 - Loss: -2.2971
Iter 760/1000 - Loss: -2.2971
Iter 761/1000 - Loss: -2.2971
Iter 762/1000 - Loss: -2.2971
Iter 763/1000 - Loss: -2.2972
Iter 764/1000 - Loss: -2.2971
Iter 765/1000 - Loss: -2.2972
Iter 766/1000 - Loss: -2.2972
Iter 767/1000 - Loss: -2.2972
Iter 768/1000 - Loss: -2.2972
Iter 769/1000 - Loss: -2.2972
Iter 770/1000 - Loss: -2.2972
Iter 771/1000 - Loss: -2.2972
Iter 772/1000 - Loss: -2.2972
Iter 773/1000 - Loss: -2.2972
Iter 774/1000 - Loss: -2.2972
Iter 775/1000 - Loss: -2.2972
Iter 776/1000 - Loss: -2.2972
Iter 777/1000 - Loss: -2.2973
Iter 778/1000 - Loss: -2.2973
Iter 779/1000 - Loss: -2.2973
Iter 780/1000 - Loss: -2.2973
Iter 781/1000 - Loss: -2.2973
Iter 782/1000 - Loss: -2.2973
Iter 783/1000 - Loss: -2.2973
Iter 784/1000 - Loss: -2.2973
Iter 785/1000 - Loss: -2.2973
Iter 786/1000 - Loss: -2.2973
Iter 787/1000 - Loss: -2.2973
Iter 788/1000 - Loss: -2.2973
Iter 789/1000 - Loss: -2.2973
Iter 790/1000 - Loss: -2.2973
Iter 791/1000 - Loss: -2.2974
Iter 792/1000 - Loss: -2.2973
Iter 793/1000 - Loss: -2.2974
Iter 794/1000 - Loss: -2.2974
Iter 795/1000 - Loss: -2.2974
Iter 796/1000 - Loss: -2.2974
Iter 797/1000 - Loss: -2.2974
Iter 798/1000 - Loss: -2.2974
Iter 799/1000 - Loss: -2.2974
Iter 800/1000 - Loss: -2.2974
Iter 801/1000 - Loss: -2.2974
Iter 802/1000 - Loss: -2.2974
Iter 803/1000 - Loss: -2.2974
Iter 804/1000 - Loss: -2.2974
Iter 805/1000 - Loss: -2.2975
Iter 806/1000 - Loss: -2.2974
Iter 807/1000 - Loss: -2.2975
Iter 808/1000 - Loss: -2.2975
Iter 809/1000 - Loss: -2.2975
Iter 810/1000 - Loss: -2.2975
Iter 811/1000 - Loss: -2.2975
Iter 812/1000 - Loss: -2.2975
Iter 813/1000 - Loss: -2.2975
Iter 814/1000 - Loss: -2.2975
Iter 815/1000 - Loss: -2.2975
Iter 816/1000 - Loss: -2.2975
Iter 817/1000 - Loss: -2.2975
Iter 818/1000 - Loss: -2.2976
Iter 819/1000 - Loss: -2.2975
Iter 820/1000 - Loss: -2.2976
Iter 821/1000 - Loss: -2.2976
Iter 822/1000 - Loss: -2.2976
Iter 823/1000 - Loss: -2.2976
Iter 824/1000 - Loss: -2.2976
Iter 825/1000 - Loss: -2.2976
Iter 826/1000 - Loss: -2.2976
Iter 827/1000 - Loss: -2.2976
Iter 828/1000 - Loss: -2.2976
Iter 829/1000 - Loss: -2.2976
Iter 830/1000 - Loss: -2.2976
Iter 831/1000 - Loss: -2.2976
Iter 832/1000 - Loss: -2.2976
Iter 833/1000 - Loss: -2.2976
Iter 834/1000 - Loss: -2.2977
Iter 835/1000 - Loss: -2.2976
Iter 836/1000 - Loss: -2.2977
Iter 837/1000 - Loss: -2.2977
Iter 838/1000 - Loss: -2.2977
Iter 839/1000 - Loss: -2.2977
Iter 840/1000 - Loss: -2.2977
Iter 841/1000 - Loss: -2.2977
Iter 842/1000 - Loss: -2.2977
Iter 843/1000 - Loss: -2.2977
Iter 844/1000 - Loss: -2.2977
Iter 845/1000 - Loss: -2.2977
Iter 846/1000 - Loss: -2.2977
Iter 847/1000 - Loss: -2.2977
Iter 848/1000 - Loss: -2.2977
Iter 849/1000 - Loss: -2.2978
Iter 850/1000 - Loss: -2.2977
Iter 851/1000 - Loss: -2.2978
Iter 852/1000 - Loss: -2.2978
Iter 853/1000 - Loss: -2.2978
Iter 854/1000 - Loss: -2.2978
Iter 855/1000 - Loss: -2.2978
Iter 856/1000 - Loss: -2.2978
Iter 857/1000 - Loss: -2.2978
Iter 858/1000 - Loss: -2.2978
Iter 859/1000 - Loss: -2.2978
Iter 860/1000 - Loss: -2.2978
Iter 861/1000 - Loss: -2.2978
Iter 862/1000 - Loss: -2.2978
Iter 863/1000 - Loss: -2.2978
Iter 864/1000 - Loss: -2.2978
Iter 865/1000 - Loss: -2.2978
Iter 866/1000 - Loss: -2.2978
Iter 867/1000 - Loss: -2.2979
Iter 868/1000 - Loss: -2.2979
Iter 869/1000 - Loss: -2.2979
Iter 870/1000 - Loss: -2.2979
Iter 871/1000 - Loss: -2.2979
Iter 872/1000 - Loss: -2.2979
Iter 873/1000 - Loss: -2.2979
Iter 874/1000 - Loss: -2.2979
Iter 875/1000 - Loss: -2.2979
Iter 876/1000 - Loss: -2.2979
Iter 877/1000 - Loss: -2.2979
Iter 878/1000 - Loss: -2.2979
Iter 879/1000 - Loss: -2.2979
Iter 880/1000 - Loss: -2.2980
Iter 881/1000 - Loss: -2.2979
Iter 882/1000 - Loss: -2.2980
Iter 883/1000 - Loss: -2.2980
Iter 884/1000 - Loss: -2.2980
Iter 885/1000 - Loss: -2.2980
Iter 886/1000 - Loss: -2.2980
Iter 887/1000 - Loss: -2.2980
Iter 888/1000 - Loss: -2.2980
Iter 889/1000 - Loss: -2.2980
Iter 890/1000 - Loss: -2.2980
Iter 891/1000 - Loss: -2.2980
Iter 892/1000 - Loss: -2.2980
Iter 893/1000 - Loss: -2.2980
Iter 894/1000 - Loss: -2.2980
Iter 895/1000 - Loss: -2.2981
Iter 896/1000 - Loss: -2.2981
Iter 897/1000 - Loss: -2.2980
Iter 898/1000 - Loss: -2.2981
Iter 899/1000 - Loss: -2.2981
Iter 900/1000 - Loss: -2.2981
Iter 901/1000 - Loss: -2.2981
Iter 902/1000 - Loss: -2.2981
Iter 903/1000 - Loss: -2.2981
Iter 904/1000 - Loss: -2.2981
Iter 905/1000 - Loss: -2.2981
Iter 906/1000 - Loss: -2.2981
Iter 907/1000 - Loss: -2.2981
Iter 908/1000 - Loss: -2.2981
Iter 909/1000 - Loss: -2.2981
Iter 910/1000 - Loss: -2.2981
Iter 911/1000 - Loss: -2.2982
Iter 912/1000 - Loss: -2.2982
Iter 913/1000 - Loss: -2.2982
Iter 914/1000 - Loss: -2.2982
Iter 915/1000 - Loss: -2.2982
Iter 916/1000 - Loss: -2.2982
Iter 917/1000 - Loss: -2.2982
Iter 918/1000 - Loss: -2.2982
Iter 919/1000 - Loss: -2.2982
Iter 920/1000 - Loss: -2.2982
Iter 921/1000 - Loss: -2.2982
Iter 922/1000 - Loss: -2.2982
Iter 923/1000 - Loss: -2.2982
Iter 924/1000 - Loss: -2.2983
Iter 925/1000 - Loss: -2.2982
Iter 926/1000 - Loss: -2.2982
Iter 927/1000 - Loss: -2.2983
Iter 928/1000 - Loss: -2.2983
Iter 929/1000 - Loss: -2.2983
Iter 930/1000 - Loss: -2.2983
Iter 931/1000 - Loss: -2.2983
Iter 932/1000 - Loss: -2.2983
Iter 933/1000 - Loss: -2.2983
Iter 934/1000 - Loss: -2.2983
Iter 935/1000 - Loss: -2.2983
Iter 936/1000 - Loss: -2.2983
Iter 937/1000 - Loss: -2.2983
Iter 938/1000 - Loss: -2.2983
Iter 939/1000 - Loss: -2.2983
Iter 940/1000 - Loss: -2.2983
Iter 941/1000 - Loss: -2.2984
Iter 942/1000 - Loss: -2.2983
Iter 943/1000 - Loss: -2.2984
Iter 944/1000 - Loss: -2.2984
Iter 945/1000 - Loss: -2.2984
Iter 946/1000 - Loss: -2.2983
Iter 947/1000 - Loss: -2.2984
Iter 948/1000 - Loss: -2.2984
Iter 949/1000 - Loss: -2.2984
Iter 950/1000 - Loss: -2.2984
Iter 951/1000 - Loss: -2.2984
Iter 952/1000 - Loss: -2.2984
Iter 953/1000 - Loss: -2.2984
Iter 954/1000 - Loss: -2.2984
Iter 955/1000 - Loss: -2.2984
Iter 956/1000 - Loss: -2.2984
Iter 957/1000 - Loss: -2.2984
Iter 958/1000 - Loss: -2.2984
Iter 959/1000 - Loss: -2.2985
Iter 960/1000 - Loss: -2.2985
Iter 961/1000 - Loss: -2.2985
Iter 962/1000 - Loss: -2.2985
Iter 963/1000 - Loss: -2.2985
Iter 964/1000 - Loss: -2.2984
Iter 965/1000 - Loss: -2.2985
Iter 966/1000 - Loss: -2.2985
Iter 967/1000 - Loss: -2.2985
Iter 968/1000 - Loss: -2.2985
Iter 969/1000 - Loss: -2.2985
Iter 970/1000 - Loss: -2.2985
Iter 971/1000 - Loss: -2.2985
Iter 972/1000 - Loss: -2.2985
Iter 973/1000 - Loss: -2.2985
Iter 974/1000 - Loss: -2.2985
Iter 975/1000 - Loss: -2.2985
Iter 976/1000 - Loss: -2.2985
Iter 977/1000 - Loss: -2.2986
Iter 978/1000 - Loss: -2.2985
Iter 979/1000 - Loss: -2.2986
Iter 980/1000 - Loss: -2.2986
Iter 981/1000 - Loss: -2.2986
Iter 982/1000 - Loss: -2.2986
Iter 983/1000 - Loss: -2.2986
Iter 984/1000 - Loss: -2.2986
Iter 985/1000 - Loss: -2.2986
Iter 986/1000 - Loss: -2.2986
Iter 987/1000 - Loss: -2.2986
Iter 988/1000 - Loss: -2.2986
Iter 989/1000 - Loss: -2.2986
Iter 990/1000 - Loss: -2.2986
Iter 991/1000 - Loss: -2.2986
Iter 992/1000 - Loss: -2.2986
Iter 993/1000 - Loss: -2.2986
Iter 994/1000 - Loss: -2.2987
Iter 995/1000 - Loss: -2.2986
Iter 996/1000 - Loss: -2.2987
Iter 997/1000 - Loss: -2.2987
Iter 998/1000 - Loss: -2.2987
Iter 999/1000 - Loss: -2.2987
Iter 1000/1000 - Loss: -2.2987
OrderedDict([('likelihood.raw_noise', tensor([inf])), ('likelihood.raw_noise_constraint.lower_bound', tensor(-inf)), ('likelihood.raw_noise_constraint.upper_bound', tensor(1.0000e-08)), ('mean_module.base_means.0.weights', tensor([[-0.2014],
        [-0.0614],
        [ 0.0309],
        [ 0.0850],
        [ 0.0810],
        [-0.3298],
        [ 0.0163]])), ('mean_module.base_means.0.bias', tensor([1.4784])), ('mean_module.base_means.1.weights', tensor([[ 0.0436],
        [ 0.0278],
        [ 0.0334],
        [ 0.1802],
        [-0.0002],
        [ 0.0101],
        [-0.0126]])), ('mean_module.base_means.1.bias', tensor([-0.0513])), ('mean_module.base_means.2.weights', tensor([[-0.0192],
        [-0.0030],
        [-0.0758],
        [-0.0458],
        [-0.0300],
        [ 0.1236],
        [ 0.0238]])), ('mean_module.base_means.2.bias', tensor([1.2701])), ('mean_module.base_means.3.weights', tensor([[-0.0237],
        [-0.0084],
        [-0.0503],
        [-0.0052],
        [ 0.0253],
        [ 0.0071],
        [ 0.0124]])), ('mean_module.base_means.3.bias', tensor([-0.0519])), ('mean_module.base_means.4.weights', tensor([[ 0.0479],
        [ 0.0098],
        [ 0.0420],
        [ 0.0355],
        [ 0.0012],
        [ 0.0109],
        [-0.0098]])), ('mean_module.base_means.4.bias', tensor([0.3045])), ('mean_module.base_means.5.weights', tensor([[ 0.0023],
        [ 0.0031],
        [ 0.0785],
        [ 0.0062],
        [-0.0079],
        [-0.0491],
        [-0.0023]])), ('mean_module.base_means.5.bias', tensor([0.1455])), ('mean_module.base_means.6.weights', tensor([[-0.0131],
        [-0.0012],
        [-0.0180],
        [-0.0149],
        [ 0.0058],
        [ 0.0131],
        [ 0.0263]])), ('mean_module.base_means.6.bias', tensor([1.1392])), ('mean_module.base_means.7.weights', tensor([[ 0.0162],
        [ 0.0084],
        [-0.0260],
        [-0.0406],
        [-0.0003],
        [ 0.0437],
        [ 0.0098]])), ('mean_module.base_means.7.bias', tensor([0.0664])), ('covar_module.task_covar_module.covar_factor', tensor([[ 0.6413],
        [-0.0545],
        [-0.1508],
        [-0.0080],
        [ 0.0451],
        [ 0.0288],
        [ 0.0863],
        [-0.0300]])), ('covar_module.task_covar_module.raw_var', tensor([-3.7416, -0.9137, -1.2378, -2.3676, -3.5678, -4.1736, -4.3021, -4.4278])), ('covar_module.task_covar_module.raw_var_constraint.lower_bound', tensor(0.)), ('covar_module.task_covar_module.raw_var_constraint.upper_bound', tensor(inf)), ('covar_module.data_covar_module.kernels.0.raw_outputscale', tensor(-2.9435)), ('covar_module.data_covar_module.kernels.0.base_kernel.raw_lengthscale', tensor([[1.6492, 2.4980, 2.3438, 1.5286, 2.3445, 2.2365, 3.1513]])), ('covar_module.data_covar_module.kernels.0.base_kernel.raw_lengthscale_constraint.lower_bound', tensor(0.)), ('covar_module.data_covar_module.kernels.0.base_kernel.raw_lengthscale_constraint.upper_bound', tensor(inf)), ('covar_module.data_covar_module.kernels.0.raw_outputscale_constraint.lower_bound', tensor(0.)), ('covar_module.data_covar_module.kernels.0.raw_outputscale_constraint.upper_bound', tensor(inf)), ('covar_module.data_covar_module.kernels.1.raw_constant', tensor([0.5982])), ('covar_module.data_covar_module.kernels.1.raw_constant_constraint.lower_bound', tensor(0.)), ('covar_module.data_covar_module.kernels.1.raw_constant_constraint.upper_bound', tensor(inf))])
loading emulator from /oak/stanford/orgs/kipac/users/delon/aemulusnu_massfunction/GP_loBox_n50_47_1400.pkl
[2.048780116060091, 0.12326719756472687, 1.0276786160299418, -0.1201588351030146, 0.4533522059721189, 0.20725484826298451, 1.2325482568098054, 0.04011926909066496]
[2.048780116060091, 0.12326719756472687, 1.0276786160299418, -0.1201588351030146, 0.4533522059721189, 0.20725484826298451, 1.2325482568098054, 0.04011926909066496]
[2.048780116060091, 0.12326719756472687, 1.0276786160299418, -0.1201588351030146, 0.4533522059721189, 0.20725484826298451, 1.2325482568098054, 0.04011926909066496]
[2.048780116060091, 0.12326719756472687, 1.0276786160299418, -0.1201588351030146, 0.4533522059721189, 0.20725484826298451, 1.2325482568098054, 0.04011926909066496]
[2.048780116060091, 0.12326719756472687, 1.0276786160299418, -0.1201588351030146, 0.4533522059721189, 0.20725484826298451, 1.2325482568098054, 0.04011926909066496]
[2.048780116060091, 0.12326719756472687, 1.0276786160299418, -0.1201588351030146, 0.4533522059721189, 0.20725484826298451, 1.2325482568098054, 0.04011926909066496]
[2.048780116060091, 0.12326719756472687, 1.0276786160299418, -0.1201588351030146, 0.4533522059721189, 0.20725484826298451, 1.2325482568098054, 0.04011926909066496]
[2.048780116060091, 0.12326719756472687, 1.0276786160299418, -0.1201588351030146, 0.4533522059721189, 0.20725484826298451, 1.2325482568098054, 0.04011926909066496]
[2.048780116060091, 0.12326719756472687, 1.0276786160299418, -0.1201588351030146, 0.4533522059721189, 0.20725484826298451, 1.2325482568098054, 0.04011926909066496]
[2.048780116060091, 0.12326719756472687, 1.0276786160299418, -0.1201588351030146, 0.4533522059721189, 0.20725484826298451, 1.2325482568098054, 0.04011926909066496]
[2.048780116060091, 0.12326719756472687, 1.0276786160299418, -0.1201588351030146, 0.4533522059721189, 0.20725484826298451, 1.2325482568098054, 0.04011926909066496]
[2.048780116060091, 0.12326719756472687, 1.0276786160299418, -0.1201588351030146, 0.4533522059721189, 0.20725484826298451, 1.2325482568098054, 0.04011926909066496]
[2.048780116060091, 0.12326719756472687, 1.0276786160299418, -0.1201588351030146, 0.4533522059721189, 0.20725484826298451, 1.2325482568098054, 0.04011926909066496]
[2.048780116060091, 0.12326719756472687, 1.0276786160299418, -0.1201588351030146, 0.4533522059721189, 0.20725484826298451, 1.2325482568098054, 0.04011926909066496]
[2.048780116060091, 0.12326719756472687, 1.0276786160299418, -0.1201588351030146, 0.4533522059721189, 0.20725484826298451, 1.2325482568098054, 0.04011926909066496]
