Leaving out Box_n50_29_1400
Box47_1400 2.3038301302700224
{'ns': 0.97000003, 'H0': 67.0, 'w0': -1.0, 'ombh2': 0.0223, 'omch2': 0.12, 'nu_mass_ev': 0.07071068, '10^9 As': 2.10100315}
(2234, 8)
(2234, 4)
scaling input
(2234, 8)
scaling output
(2234, 4)
Iter 1/200 - Loss: 2.3044
Iter 2/200 - Loss: 2.0328
Iter 3/200 - Loss: 1.7828
Iter 4/200 - Loss: 1.5549
Iter 5/200 - Loss: 1.3496
Iter 6/200 - Loss: 1.1681
Iter 7/200 - Loss: 1.0120
Iter 8/200 - Loss: 0.8838
Iter 9/200 - Loss: 0.7861
Iter 10/200 - Loss: 0.7195
Iter 11/200 - Loss: 0.6805
Iter 12/200 - Loss: 0.6598
Iter 13/200 - Loss: 0.6468
Iter 14/200 - Loss: 0.6329
Iter 15/200 - Loss: 0.6135
Iter 16/200 - Loss: 0.5862
Iter 17/200 - Loss: 0.5496
Iter 18/200 - Loss: 0.5028
Iter 19/200 - Loss: 0.4463
Iter 20/200 - Loss: 0.3829
Iter 21/200 - Loss: 0.3179
Iter 22/200 - Loss: 0.2571
Iter 23/200 - Loss: 0.2050
Iter 24/200 - Loss: 0.1624
Iter 25/200 - Loss: 0.1277
Iter 26/200 - Loss: 0.0977
Iter 27/200 - Loss: 0.0688
Iter 28/200 - Loss: 0.0384
Iter 29/200 - Loss: 0.0053
Iter 30/200 - Loss: -0.0309
Iter 31/200 - Loss: -0.0695
Iter 32/200 - Loss: -0.1096
Iter 33/200 - Loss: -0.1500
Iter 34/200 - Loss: -0.1891
Iter 35/200 - Loss: -0.2258
Iter 36/200 - Loss: -0.2587
Iter 37/200 - Loss: -0.2874
Iter 38/200 - Loss: -0.3126
Iter 39/200 - Loss: -0.3356
Iter 40/200 - Loss: -0.3585
Iter 41/200 - Loss: -0.3824
Iter 42/200 - Loss: -0.4077
Iter 43/200 - Loss: -0.4340
Iter 44/200 - Loss: -0.4601
Iter 45/200 - Loss: -0.4846
Iter 46/200 - Loss: -0.5067
Iter 47/200 - Loss: -0.5262
Iter 48/200 - Loss: -0.5433
Iter 49/200 - Loss: -0.5586
Iter 50/200 - Loss: -0.5730
Iter 51/200 - Loss: -0.5868
Iter 52/200 - Loss: -0.6004
Iter 53/200 - Loss: -0.6138
Iter 54/200 - Loss: -0.6268
Iter 55/200 - Loss: -0.6392
Iter 56/200 - Loss: -0.6507
Iter 57/200 - Loss: -0.6613
Iter 58/200 - Loss: -0.6714
Iter 59/200 - Loss: -0.6811
Iter 60/200 - Loss: -0.6908
Iter 61/200 - Loss: -0.7001
Iter 62/200 - Loss: -0.7090
Iter 63/200 - Loss: -0.7171
Iter 64/200 - Loss: -0.7247
Iter 65/200 - Loss: -0.7316
Iter 66/200 - Loss: -0.7383
Iter 67/200 - Loss: -0.7445
Iter 68/200 - Loss: -0.7504
Iter 69/200 - Loss: -0.7557
Iter 70/200 - Loss: -0.7604
Iter 71/200 - Loss: -0.7643
Iter 72/200 - Loss: -0.7676
Iter 73/200 - Loss: -0.7704
Iter 74/200 - Loss: -0.7728
Iter 75/200 - Loss: -0.7749
Iter 76/200 - Loss: -0.7767
Iter 77/200 - Loss: -0.7782
Iter 78/200 - Loss: -0.7795
Iter 79/200 - Loss: -0.7809
Iter 80/200 - Loss: -0.7822
Iter 81/200 - Loss: -0.7835
Iter 82/200 - Loss: -0.7847
Iter 83/200 - Loss: -0.7859
Iter 84/200 - Loss: -0.7872
Iter 85/200 - Loss: -0.7885
Iter 86/200 - Loss: -0.7901
Iter 87/200 - Loss: -0.7919
Iter 88/200 - Loss: -0.7940
Iter 89/200 - Loss: -0.7965
Iter 90/200 - Loss: -0.7993
Iter 91/200 - Loss: -0.8026
Iter 92/200 - Loss: -0.8059
Iter 93/200 - Loss: -0.8093
Iter 94/200 - Loss: -0.8127
Iter 95/200 - Loss: -0.8161
Iter 96/200 - Loss: -0.8193
Iter 97/200 - Loss: -0.8223
Iter 98/200 - Loss: -0.8252
Iter 99/200 - Loss: -0.8278
Iter 100/200 - Loss: -0.8302
Iter 101/200 - Loss: -0.8325
Iter 102/200 - Loss: -0.8347
Iter 103/200 - Loss: -0.8369
Iter 104/200 - Loss: -0.8392
Iter 105/200 - Loss: -0.8415
Iter 106/200 - Loss: -0.8438
Iter 107/200 - Loss: -0.8460
Iter 108/200 - Loss: -0.8483
Iter 109/200 - Loss: -0.8504
Iter 110/200 - Loss: -0.8525
Iter 111/200 - Loss: -0.8546
Iter 112/200 - Loss: -0.8566
Iter 113/200 - Loss: -0.8585
Iter 114/200 - Loss: -0.8601
Iter 115/200 - Loss: -0.8616
Iter 116/200 - Loss: -0.8630
Iter 117/200 - Loss: -0.8641
Iter 118/200 - Loss: -0.8651
Iter 119/200 - Loss: -0.8659
Iter 120/200 - Loss: -0.8668
Iter 121/200 - Loss: -0.8674
Iter 122/200 - Loss: -0.8681
Iter 123/200 - Loss: -0.8688
Iter 124/200 - Loss: -0.8694
Iter 125/200 - Loss: -0.8701
Iter 126/200 - Loss: -0.8708
Iter 127/200 - Loss: -0.8715
Iter 128/200 - Loss: -0.8721
Iter 129/200 - Loss: -0.8728
Iter 130/200 - Loss: -0.8734
Iter 131/200 - Loss: -0.8740
Iter 132/200 - Loss: -0.8745
Iter 133/200 - Loss: -0.8750
Iter 134/200 - Loss: -0.8754
Iter 135/200 - Loss: -0.8758
Iter 136/200 - Loss: -0.8762
Iter 137/200 - Loss: -0.8765
Iter 138/200 - Loss: -0.8768
Iter 139/200 - Loss: -0.8771
Iter 140/200 - Loss: -0.8774
Iter 141/200 - Loss: -0.8776
Iter 142/200 - Loss: -0.8779
Iter 143/200 - Loss: -0.8781
Iter 144/200 - Loss: -0.8783
Iter 145/200 - Loss: -0.8785
Iter 146/200 - Loss: -0.8787
Iter 147/200 - Loss: -0.8788
Iter 148/200 - Loss: -0.8789
Iter 149/200 - Loss: -0.8791
Iter 150/200 - Loss: -0.8792
Iter 151/200 - Loss: -0.8793
reducing lr to 0.01
Iter 152/200 - Loss: -0.8794
Iter 153/200 - Loss: -0.8794
Iter 154/200 - Loss: -0.8794
Iter 155/200 - Loss: -0.8794
Iter 156/200 - Loss: -0.8795
Iter 157/200 - Loss: -0.8794
Iter 158/200 - Loss: -0.8795
Iter 159/200 - Loss: -0.8795
Iter 160/200 - Loss: -0.8795
Iter 161/200 - Loss: -0.8795
Iter 162/200 - Loss: -0.8795
Iter 163/200 - Loss: -0.8795
Iter 164/200 - Loss: -0.8796
Iter 165/200 - Loss: -0.8796
Iter 166/200 - Loss: -0.8796
Iter 167/200 - Loss: -0.8796
Iter 168/200 - Loss: -0.8796
Iter 169/200 - Loss: -0.8796
Iter 170/200 - Loss: -0.8796
Iter 171/200 - Loss: -0.8796
Iter 172/200 - Loss: -0.8797
Iter 173/200 - Loss: -0.8797
Iter 174/200 - Loss: -0.8798
Iter 175/200 - Loss: -0.8797
Iter 176/200 - Loss: -0.8798
Iter 177/200 - Loss: -0.8797
Iter 178/200 - Loss: -0.8798
Iter 179/200 - Loss: -0.8798
Iter 180/200 - Loss: -0.8799
Iter 181/200 - Loss: -0.8798
Iter 182/200 - Loss: -0.8798
Iter 183/200 - Loss: -0.8798
Iter 184/200 - Loss: -0.8799
Iter 185/200 - Loss: -0.8799
Iter 186/200 - Loss: -0.8798
Iter 187/200 - Loss: -0.8799
Iter 188/200 - Loss: -0.8799
Iter 189/200 - Loss: -0.8799
Iter 190/200 - Loss: -0.8799
Iter 191/200 - Loss: -0.8799
Iter 192/200 - Loss: -0.8799
Iter 193/200 - Loss: -0.8799
Iter 194/200 - Loss: -0.8800
Iter 195/200 - Loss: -0.8799
Iter 196/200 - Loss: -0.8800
Iter 197/200 - Loss: -0.8800
Iter 198/200 - Loss: -0.8800
Iter 199/200 - Loss: -0.8800
Iter 200/200 - Loss: -0.8801
OrderedDict([('likelihood.raw_task_noises', tensor([-5.2143, -6.4310, -7.2508, -6.9684])), ('likelihood.raw_task_noises_constraint.lower_bound', tensor(1.0000e-04)), ('likelihood.raw_task_noises_constraint.upper_bound', tensor(inf)), ('mean_module.base_means.0.raw_constant', tensor(0.2584)), ('mean_module.base_means.1.raw_constant', tensor(-0.3375)), ('mean_module.base_means.2.raw_constant', tensor(0.5571)), ('mean_module.base_means.3.raw_constant', tensor(-0.5384)), ('covar_module.task_covar_module.covar_factor', tensor([[-0.7362],
        [ 1.2637],
        [-1.0100],
        [ 0.8837]])), ('covar_module.task_covar_module.raw_var', tensor([-0.0918, -3.1955, -0.3987, -0.0347])), ('covar_module.task_covar_module.raw_var_constraint.lower_bound', tensor(0.)), ('covar_module.task_covar_module.raw_var_constraint.upper_bound', tensor(inf)), ('covar_module.data_covar_module.raw_mixture_weights', tensor([-1.0956, -1.0956, -0.9007])), ('covar_module.data_covar_module.raw_mixture_means', tensor([[[-2.4251, -2.5277, -2.1375, -2.2282, -2.6629, -2.0954, -2.6062,
          -1.9529]],

        [[-2.4251, -2.5277, -2.1375, -2.2282, -2.6629, -2.0954, -2.6062,
          -1.9529]],

        [[-1.6775, -1.3930, -1.6134, -2.2055, -2.6555, -2.0779, -2.5942,
          -2.0866]]])), ('covar_module.data_covar_module.raw_mixture_scales', tensor([[[-1.9919, -2.8836, -2.4314, -1.4650, -2.3430, -1.4287, -1.9904,
          -0.1028]],

        [[-1.9919, -2.8836, -2.4314, -1.4650, -2.3430, -1.4287, -1.9904,
          -0.1028]],

        [[ 0.4481,  6.4072,  1.0445, -1.3956, -2.3302, -1.3550, -1.9619,
          -1.7783]]])), ('covar_module.data_covar_module.raw_mixture_scales_constraint.lower_bound', tensor(0.)), ('covar_module.data_covar_module.raw_mixture_scales_constraint.upper_bound', tensor(inf)), ('covar_module.data_covar_module.raw_mixture_means_constraint.lower_bound', tensor(0.)), ('covar_module.data_covar_module.raw_mixture_means_constraint.upper_bound', tensor(inf)), ('covar_module.data_covar_module.raw_mixture_weights_constraint.lower_bound', tensor(0.)), ('covar_module.data_covar_module.raw_mixture_weights_constraint.upper_bound', tensor(inf))])
