Leaving out Box53_1400
{'ns': 0.97000003, 'H0': 67.0, 'w0': -1.0, 'ombh2': 0.0223, 'omch2': 0.12, 'nu_mass_ev': 0.07071068, '10^9 As': 2.10100315}
(149, 7)
(149, 8)
scaling input
(149, 7)
scaling output
(149, 8)
Iter 1/1000 - Loss: 0.6617
Iter 2/1000 - Loss: 0.6493
Iter 3/1000 - Loss: 0.6370
Iter 4/1000 - Loss: 0.6246
Iter 5/1000 - Loss: 0.6125
Iter 6/1000 - Loss: 0.6003
Iter 7/1000 - Loss: 0.5882
Iter 8/1000 - Loss: 0.5761
Iter 9/1000 - Loss: 0.5641
Iter 10/1000 - Loss: 0.5521
Iter 11/1000 - Loss: 0.5401
Iter 12/1000 - Loss: 0.5282
Iter 13/1000 - Loss: 0.5162
Iter 14/1000 - Loss: 0.5042
Iter 15/1000 - Loss: 0.4922
Iter 16/1000 - Loss: 0.4802
Iter 17/1000 - Loss: 0.4681
Iter 18/1000 - Loss: 0.4560
Iter 19/1000 - Loss: 0.4440
Iter 20/1000 - Loss: 0.4318
Iter 21/1000 - Loss: 0.4198
Iter 22/1000 - Loss: 0.4076
Iter 23/1000 - Loss: 0.3955
Iter 24/1000 - Loss: 0.3834
Iter 25/1000 - Loss: 0.3713
Iter 26/1000 - Loss: 0.3592
Iter 27/1000 - Loss: 0.3471
Iter 28/1000 - Loss: 0.3350
Iter 29/1000 - Loss: 0.3230
Iter 30/1000 - Loss: 0.3109
Iter 31/1000 - Loss: 0.2988
Iter 32/1000 - Loss: 0.2868
Iter 33/1000 - Loss: 0.2748
Iter 34/1000 - Loss: 0.2628
Iter 35/1000 - Loss: 0.2509
Iter 36/1000 - Loss: 0.2389
Iter 37/1000 - Loss: 0.2269
Iter 38/1000 - Loss: 0.2150
Iter 39/1000 - Loss: 0.2031
Iter 40/1000 - Loss: 0.1912
Iter 41/1000 - Loss: 0.1793
Iter 42/1000 - Loss: 0.1674
Iter 43/1000 - Loss: 0.1556
Iter 44/1000 - Loss: 0.1437
Iter 45/1000 - Loss: 0.1318
Iter 46/1000 - Loss: 0.1200
Iter 47/1000 - Loss: 0.1081
Iter 48/1000 - Loss: 0.0963
Iter 49/1000 - Loss: 0.0845
Iter 50/1000 - Loss: 0.0727
Iter 51/1000 - Loss: 0.0609
Iter 52/1000 - Loss: 0.0491
Iter 53/1000 - Loss: 0.0374
Iter 54/1000 - Loss: 0.0257
Iter 55/1000 - Loss: 0.0140
Iter 56/1000 - Loss: 0.0023
Iter 57/1000 - Loss: -0.0094
Iter 58/1000 - Loss: -0.0210
Iter 59/1000 - Loss: -0.0327
Iter 60/1000 - Loss: -0.0443
Iter 61/1000 - Loss: -0.0559
Iter 62/1000 - Loss: -0.0675
Iter 63/1000 - Loss: -0.0791
Iter 64/1000 - Loss: -0.0907
Iter 65/1000 - Loss: -0.1023
Iter 66/1000 - Loss: -0.1138
Iter 67/1000 - Loss: -0.1253
Iter 68/1000 - Loss: -0.1369
Iter 69/1000 - Loss: -0.1484
Iter 70/1000 - Loss: -0.1599
Iter 71/1000 - Loss: -0.1714
Iter 72/1000 - Loss: -0.1829
Iter 73/1000 - Loss: -0.1944
Iter 74/1000 - Loss: -0.2059
Iter 75/1000 - Loss: -0.2174
Iter 76/1000 - Loss: -0.2288
Iter 77/1000 - Loss: -0.2403
Iter 78/1000 - Loss: -0.2518
Iter 79/1000 - Loss: -0.2633
Iter 80/1000 - Loss: -0.2747
Iter 81/1000 - Loss: -0.2862
Iter 82/1000 - Loss: -0.2977
Iter 83/1000 - Loss: -0.3091
Iter 84/1000 - Loss: -0.3206
Iter 85/1000 - Loss: -0.3321
Iter 86/1000 - Loss: -0.3436
Iter 87/1000 - Loss: -0.3551
Iter 88/1000 - Loss: -0.3665
Iter 89/1000 - Loss: -0.3780
Iter 90/1000 - Loss: -0.3895
Iter 91/1000 - Loss: -0.4010
Iter 92/1000 - Loss: -0.4125
Iter 93/1000 - Loss: -0.4240
Iter 94/1000 - Loss: -0.4355
Iter 95/1000 - Loss: -0.4470
Iter 96/1000 - Loss: -0.4585
Iter 97/1000 - Loss: -0.4700
Iter 98/1000 - Loss: -0.4815
Iter 99/1000 - Loss: -0.4930
Iter 100/1000 - Loss: -0.5046
Iter 101/1000 - Loss: -0.5161
Iter 102/1000 - Loss: -0.5277
Iter 103/1000 - Loss: -0.5392
Iter 104/1000 - Loss: -0.5507
Iter 105/1000 - Loss: -0.5624
Iter 106/1000 - Loss: -0.5739
Iter 107/1000 - Loss: -0.5855
Iter 108/1000 - Loss: -0.5971
Iter 109/1000 - Loss: -0.6087
Iter 110/1000 - Loss: -0.6203
Iter 111/1000 - Loss: -0.6320
Iter 112/1000 - Loss: -0.6436
Iter 113/1000 - Loss: -0.6553
Iter 114/1000 - Loss: -0.6669
Iter 115/1000 - Loss: -0.6786
Iter 116/1000 - Loss: -0.6903
Iter 117/1000 - Loss: -0.7020
Iter 118/1000 - Loss: -0.7137
Iter 119/1000 - Loss: -0.7254
Iter 120/1000 - Loss: -0.7372
Iter 121/1000 - Loss: -0.7490
Iter 122/1000 - Loss: -0.7608
Iter 123/1000 - Loss: -0.7725
Iter 124/1000 - Loss: -0.7843
Iter 125/1000 - Loss: -0.7962
Iter 126/1000 - Loss: -0.8080
Iter 127/1000 - Loss: -0.8199
Iter 128/1000 - Loss: -0.8317
Iter 129/1000 - Loss: -0.8436
Iter 130/1000 - Loss: -0.8555
Iter 131/1000 - Loss: -0.8674
Iter 132/1000 - Loss: -0.8794
Iter 133/1000 - Loss: -0.8913
Iter 134/1000 - Loss: -0.9033
Iter 135/1000 - Loss: -0.9153
Iter 136/1000 - Loss: -0.9273
Iter 137/1000 - Loss: -0.9393
Iter 138/1000 - Loss: -0.9514
Iter 139/1000 - Loss: -0.9634
Iter 140/1000 - Loss: -0.9755
Iter 141/1000 - Loss: -0.9876
Iter 142/1000 - Loss: -0.9997
Iter 143/1000 - Loss: -1.0119
Iter 144/1000 - Loss: -1.0240
Iter 145/1000 - Loss: -1.0362
Iter 146/1000 - Loss: -1.0483
Iter 147/1000 - Loss: -1.0605
Iter 148/1000 - Loss: -1.0726
Iter 149/1000 - Loss: -1.0848
Iter 150/1000 - Loss: -1.0970
Iter 151/1000 - Loss: -1.1092
Iter 152/1000 - Loss: -1.1213
Iter 153/1000 - Loss: -1.1335
Iter 154/1000 - Loss: -1.1456
Iter 155/1000 - Loss: -1.1578
Iter 156/1000 - Loss: -1.1698
Iter 157/1000 - Loss: -1.1818
Iter 158/1000 - Loss: -1.1939
Iter 159/1000 - Loss: -1.2059
Iter 160/1000 - Loss: -1.2178
Iter 161/1000 - Loss: -1.2297
Iter 162/1000 - Loss: -1.2415
Iter 163/1000 - Loss: -1.2533
Iter 164/1000 - Loss: -1.2650
Iter 165/1000 - Loss: -1.2767
Iter 166/1000 - Loss: -1.2883
Iter 167/1000 - Loss: -1.2999
Iter 168/1000 - Loss: -1.3114
Iter 169/1000 - Loss: -1.3229
Iter 170/1000 - Loss: -1.3343
Iter 171/1000 - Loss: -1.3457
Iter 172/1000 - Loss: -1.3571
Iter 173/1000 - Loss: -1.3685
Iter 174/1000 - Loss: -1.3799
Iter 175/1000 - Loss: -1.3913
Iter 176/1000 - Loss: -1.4027
Iter 177/1000 - Loss: -1.4141
Iter 178/1000 - Loss: -1.4255
Iter 179/1000 - Loss: -1.4370
Iter 180/1000 - Loss: -1.4484
Iter 181/1000 - Loss: -1.4598
Iter 182/1000 - Loss: -1.4712
Iter 183/1000 - Loss: -1.4826
Iter 184/1000 - Loss: -1.4939
Iter 185/1000 - Loss: -1.5052
Iter 186/1000 - Loss: -1.5163
Iter 187/1000 - Loss: -1.5275
Iter 188/1000 - Loss: -1.5385
Iter 189/1000 - Loss: -1.5495
Iter 190/1000 - Loss: -1.5603
Iter 191/1000 - Loss: -1.5712
Iter 192/1000 - Loss: -1.5819
Iter 193/1000 - Loss: -1.5925
Iter 194/1000 - Loss: -1.6031
Iter 195/1000 - Loss: -1.6136
Iter 196/1000 - Loss: -1.6239
Iter 197/1000 - Loss: -1.6342
Iter 198/1000 - Loss: -1.6442
Iter 199/1000 - Loss: -1.6542
Iter 200/1000 - Loss: -1.6639
Iter 201/1000 - Loss: -1.6735
Iter 202/1000 - Loss: -1.6828
Iter 203/1000 - Loss: -1.6920
Iter 204/1000 - Loss: -1.7008
Iter 205/1000 - Loss: -1.7095
Iter 206/1000 - Loss: -1.7179
Iter 207/1000 - Loss: -1.7260
Iter 208/1000 - Loss: -1.7338
Iter 209/1000 - Loss: -1.7414
Iter 210/1000 - Loss: -1.7488
Iter 211/1000 - Loss: -1.7559
Iter 212/1000 - Loss: -1.7628
Iter 213/1000 - Loss: -1.7695
Iter 214/1000 - Loss: -1.7761
Iter 215/1000 - Loss: -1.7826
Iter 216/1000 - Loss: -1.7889
Iter 217/1000 - Loss: -1.7952
Iter 218/1000 - Loss: -1.8015
Iter 219/1000 - Loss: -1.8076
Iter 220/1000 - Loss: -1.8138
Iter 221/1000 - Loss: -1.8199
Iter 222/1000 - Loss: -1.8260
Iter 223/1000 - Loss: -1.8321
Iter 224/1000 - Loss: -1.8381
Iter 225/1000 - Loss: -1.8441
Iter 226/1000 - Loss: -1.8500
Iter 227/1000 - Loss: -1.8560
Iter 228/1000 - Loss: -1.8618
Iter 229/1000 - Loss: -1.8676
Iter 230/1000 - Loss: -1.8733
Iter 231/1000 - Loss: -1.8789
Iter 232/1000 - Loss: -1.8845
Iter 233/1000 - Loss: -1.8900
Iter 234/1000 - Loss: -1.8955
Iter 235/1000 - Loss: -1.9009
Iter 236/1000 - Loss: -1.9062
Iter 237/1000 - Loss: -1.9115
Iter 238/1000 - Loss: -1.9168
Iter 239/1000 - Loss: -1.9220
Iter 240/1000 - Loss: -1.9271
Iter 241/1000 - Loss: -1.9322
Iter 242/1000 - Loss: -1.9373
Iter 243/1000 - Loss: -1.9423
Iter 244/1000 - Loss: -1.9472
Iter 245/1000 - Loss: -1.9522
Iter 246/1000 - Loss: -1.9571
Iter 247/1000 - Loss: -1.9619
Iter 248/1000 - Loss: -1.9667
Iter 249/1000 - Loss: -1.9715
Iter 250/1000 - Loss: -1.9762
Iter 251/1000 - Loss: -1.9809
Iter 252/1000 - Loss: -1.9856
Iter 253/1000 - Loss: -1.9902
Iter 254/1000 - Loss: -1.9948
Iter 255/1000 - Loss: -1.9994
Iter 256/1000 - Loss: -2.0039
Iter 257/1000 - Loss: -2.0084
Iter 258/1000 - Loss: -2.0129
Iter 259/1000 - Loss: -2.0174
Iter 260/1000 - Loss: -2.0218
Iter 261/1000 - Loss: -2.0262
Iter 262/1000 - Loss: -2.0306
Iter 263/1000 - Loss: -2.0349
Iter 264/1000 - Loss: -2.0392
Iter 265/1000 - Loss: -2.0435
Iter 266/1000 - Loss: -2.0477
Iter 267/1000 - Loss: -2.0520
Iter 268/1000 - Loss: -2.0561
Iter 269/1000 - Loss: -2.0603
Iter 270/1000 - Loss: -2.0644
Iter 271/1000 - Loss: -2.0685
Iter 272/1000 - Loss: -2.0726
Iter 273/1000 - Loss: -2.0766
Iter 274/1000 - Loss: -2.0806
Iter 275/1000 - Loss: -2.0846
Iter 276/1000 - Loss: -2.0885
Iter 277/1000 - Loss: -2.0924
Iter 278/1000 - Loss: -2.0963
Iter 279/1000 - Loss: -2.1002
Iter 280/1000 - Loss: -2.1040
Iter 281/1000 - Loss: -2.1077
Iter 282/1000 - Loss: -2.1115
Iter 283/1000 - Loss: -2.1152
Iter 284/1000 - Loss: -2.1188
Iter 285/1000 - Loss: -2.1225
Iter 286/1000 - Loss: -2.1261
Iter 287/1000 - Loss: -2.1296
Iter 288/1000 - Loss: -2.1331
Iter 289/1000 - Loss: -2.1366
Iter 290/1000 - Loss: -2.1401
Iter 291/1000 - Loss: -2.1435
Iter 292/1000 - Loss: -2.1469
Iter 293/1000 - Loss: -2.1503
Iter 294/1000 - Loss: -2.1536
Iter 295/1000 - Loss: -2.1569
Iter 296/1000 - Loss: -2.1602
Iter 297/1000 - Loss: -2.1634
Iter 298/1000 - Loss: -2.1666
Iter 299/1000 - Loss: -2.1698
Iter 300/1000 - Loss: -2.1729
Iter 301/1000 - Loss: -2.1760
Iter 302/1000 - Loss: -2.1790
Iter 303/1000 - Loss: -2.1821
Iter 304/1000 - Loss: -2.1851
Iter 305/1000 - Loss: -2.1880
Iter 306/1000 - Loss: -2.1910
Iter 307/1000 - Loss: -2.1939
Iter 308/1000 - Loss: -2.1968
Iter 309/1000 - Loss: -2.1996
Iter 310/1000 - Loss: -2.2025
Iter 311/1000 - Loss: -2.2052
Iter 312/1000 - Loss: -2.2080
Iter 313/1000 - Loss: -2.2108
Iter 314/1000 - Loss: -2.2134
Iter 315/1000 - Loss: -2.2161
Iter 316/1000 - Loss: -2.2188
Iter 317/1000 - Loss: -2.2214
Iter 318/1000 - Loss: -2.2240
Iter 319/1000 - Loss: -2.2265
Iter 320/1000 - Loss: -2.2291
Iter 321/1000 - Loss: -2.2316
Iter 322/1000 - Loss: -2.2341
Iter 323/1000 - Loss: -2.2365
Iter 324/1000 - Loss: -2.2390
Iter 325/1000 - Loss: -2.2414
Iter 326/1000 - Loss: -2.2438
Iter 327/1000 - Loss: -2.2462
Iter 328/1000 - Loss: -2.2485
Iter 329/1000 - Loss: -2.2509
Iter 330/1000 - Loss: -2.2531
Iter 331/1000 - Loss: -2.2554
Iter 332/1000 - Loss: -2.2577
Iter 333/1000 - Loss: -2.2599
Iter 334/1000 - Loss: -2.2621
Iter 335/1000 - Loss: -2.2643
Iter 336/1000 - Loss: -2.2664
Iter 337/1000 - Loss: -2.2686
Iter 338/1000 - Loss: -2.2707
Iter 339/1000 - Loss: -2.2728
Iter 340/1000 - Loss: -2.2749
Iter 341/1000 - Loss: -2.2769
Iter 342/1000 - Loss: -2.2789
Iter 343/1000 - Loss: -2.2809
Iter 344/1000 - Loss: -2.2830
Iter 345/1000 - Loss: -2.2850
Iter 346/1000 - Loss: -2.2869
Iter 347/1000 - Loss: -2.2888
Iter 348/1000 - Loss: -2.2908
Iter 349/1000 - Loss: -2.2927
Iter 350/1000 - Loss: -2.2945
Iter 351/1000 - Loss: -2.2964
Iter 352/1000 - Loss: -2.2982
Iter 353/1000 - Loss: -2.3001
Iter 354/1000 - Loss: -2.3019
Iter 355/1000 - Loss: -2.3037
Iter 356/1000 - Loss: -2.3054
Iter 357/1000 - Loss: -2.3072
Iter 358/1000 - Loss: -2.3089
Iter 359/1000 - Loss: -2.3106
Iter 360/1000 - Loss: -2.3124
Iter 361/1000 - Loss: -2.3140
Iter 362/1000 - Loss: -2.3157
Iter 363/1000 - Loss: -2.3174
Iter 364/1000 - Loss: -2.3190
Iter 365/1000 - Loss: -2.3206
Iter 366/1000 - Loss: -2.3222
Iter 367/1000 - Loss: -2.3238
Iter 368/1000 - Loss: -2.3253
Iter 369/1000 - Loss: -2.3269
Iter 370/1000 - Loss: -2.3284
Iter 371/1000 - Loss: -2.3300
Iter 372/1000 - Loss: -2.3315
Iter 373/1000 - Loss: -2.3329
Iter 374/1000 - Loss: -2.3344
Iter 375/1000 - Loss: -2.3359
Iter 376/1000 - Loss: -2.3373
Iter 377/1000 - Loss: -2.3388
Iter 378/1000 - Loss: -2.3402
Iter 379/1000 - Loss: -2.3416
Iter 380/1000 - Loss: -2.3430
Iter 381/1000 - Loss: -2.3443
Iter 382/1000 - Loss: -2.3457
Iter 383/1000 - Loss: -2.3470
Iter 384/1000 - Loss: -2.3483
Iter 385/1000 - Loss: -2.3497
Iter 386/1000 - Loss: -2.3509
Iter 387/1000 - Loss: -2.3522
Iter 388/1000 - Loss: -2.3535
Iter 389/1000 - Loss: -2.3548
Iter 390/1000 - Loss: -2.3560
Iter 391/1000 - Loss: -2.3572
Iter 392/1000 - Loss: -2.3584
Iter 393/1000 - Loss: -2.3596
Iter 394/1000 - Loss: -2.3608
Iter 395/1000 - Loss: -2.3620
Iter 396/1000 - Loss: -2.3631
Iter 397/1000 - Loss: -2.3642
Iter 398/1000 - Loss: -2.3654
Iter 399/1000 - Loss: -2.3665
Iter 400/1000 - Loss: -2.3676
Iter 401/1000 - Loss: -2.3687
Iter 402/1000 - Loss: -2.3697
Iter 403/1000 - Loss: -2.3708
Iter 404/1000 - Loss: -2.3719
Iter 405/1000 - Loss: -2.3729
Iter 406/1000 - Loss: -2.3739
Iter 407/1000 - Loss: -2.3749
Iter 408/1000 - Loss: -2.3759
Iter 409/1000 - Loss: -2.3769
Iter 410/1000 - Loss: -2.3779
Iter 411/1000 - Loss: -2.3789
Iter 412/1000 - Loss: -2.3798
Iter 413/1000 - Loss: -2.3808
Iter 414/1000 - Loss: -2.3817
Iter 415/1000 - Loss: -2.3826
Iter 416/1000 - Loss: -2.3835
Iter 417/1000 - Loss: -2.3844
Iter 418/1000 - Loss: -2.3852
Iter 419/1000 - Loss: -2.3861
Iter 420/1000 - Loss: -2.3869
Iter 421/1000 - Loss: -2.3878
Iter 422/1000 - Loss: -2.3886
Iter 423/1000 - Loss: -2.3895
Iter 424/1000 - Loss: -2.3903
Iter 425/1000 - Loss: -2.3911
Iter 426/1000 - Loss: -2.3918
Iter 427/1000 - Loss: -2.3926
Iter 428/1000 - Loss: -2.3933
Iter 429/1000 - Loss: -2.3941
Iter 430/1000 - Loss: -2.3948
Iter 431/1000 - Loss: -2.3956
Iter 432/1000 - Loss: -2.3963
Iter 433/1000 - Loss: -2.3970
Iter 434/1000 - Loss: -2.3977
Iter 435/1000 - Loss: -2.3984
Iter 436/1000 - Loss: -2.3991
Iter 437/1000 - Loss: -2.3997
Iter 438/1000 - Loss: -2.4004
Iter 439/1000 - Loss: -2.4011
Iter 440/1000 - Loss: -2.4017
Iter 441/1000 - Loss: -2.4024
Iter 442/1000 - Loss: -2.4030
Iter 443/1000 - Loss: -2.4036
Iter 444/1000 - Loss: -2.4042
Iter 445/1000 - Loss: -2.4048
Iter 446/1000 - Loss: -2.4054
Iter 447/1000 - Loss: -2.4059
Iter 448/1000 - Loss: -2.4065
Iter 449/1000 - Loss: -2.4070
Iter 450/1000 - Loss: -2.4076
Iter 451/1000 - Loss: -2.4082
Iter 452/1000 - Loss: -2.4087
Iter 453/1000 - Loss: -2.4092
Iter 454/1000 - Loss: -2.4097
Iter 455/1000 - Loss: -2.4102
Iter 456/1000 - Loss: -2.4108
Iter 457/1000 - Loss: -2.4112
Iter 458/1000 - Loss: -2.4117
Iter 459/1000 - Loss: -2.4122
Iter 460/1000 - Loss: -2.4127
Iter 461/1000 - Loss: -2.4131
Iter 462/1000 - Loss: -2.4136
Iter 463/1000 - Loss: -2.4140
Iter 464/1000 - Loss: -2.4145
Iter 465/1000 - Loss: -2.4148
Iter 466/1000 - Loss: -2.4151
Iter 467/1000 - Loss: -2.4154
Iter 468/1000 - Loss: -2.4159
Iter 469/1000 - Loss: -2.4165
Iter 470/1000 - Loss: -2.4169
Iter 471/1000 - Loss: -2.4172
Iter 472/1000 - Loss: -2.4176
Iter 473/1000 - Loss: -2.4181
Iter 474/1000 - Loss: -2.4185
Iter 475/1000 - Loss: -2.4188
Iter 476/1000 - Loss: -2.4192
Iter 477/1000 - Loss: -2.4196
Iter 478/1000 - Loss: -2.4199
Iter 479/1000 - Loss: -2.4202
Iter 480/1000 - Loss: -2.4206
Iter 481/1000 - Loss: -2.4209
Iter 482/1000 - Loss: -2.4213
Iter 483/1000 - Loss: -2.4216
Iter 484/1000 - Loss: -2.4219
Iter 485/1000 - Loss: -2.4222
Iter 486/1000 - Loss: -2.4225
Iter 487/1000 - Loss: -2.4228
Iter 488/1000 - Loss: -2.4231
Iter 489/1000 - Loss: -2.4234
Iter 490/1000 - Loss: -2.4237
Iter 491/1000 - Loss: -2.4240
Iter 492/1000 - Loss: -2.4243
Iter 493/1000 - Loss: -2.4245
Iter 494/1000 - Loss: -2.4248
Iter 495/1000 - Loss: -2.4251
Iter 496/1000 - Loss: -2.4253
Iter 497/1000 - Loss: -2.4256
Iter 498/1000 - Loss: -2.4259
Iter 499/1000 - Loss: -2.4261
Iter 500/1000 - Loss: -2.4263
Iter 501/1000 - Loss: -2.4266
reducing lr to 0.001000
Iter 502/1000 - Loss: -2.4268
Iter 503/1000 - Loss: -2.4268
Iter 504/1000 - Loss: -2.4269
Iter 505/1000 - Loss: -2.4269
Iter 506/1000 - Loss: -2.4269
Iter 507/1000 - Loss: -2.4269
Iter 508/1000 - Loss: -2.4269
Iter 509/1000 - Loss: -2.4270
Iter 510/1000 - Loss: -2.4270
Iter 511/1000 - Loss: -2.4270
Iter 512/1000 - Loss: -2.4270
Iter 513/1000 - Loss: -2.4270
Iter 514/1000 - Loss: -2.4271
Iter 515/1000 - Loss: -2.4271
Iter 516/1000 - Loss: -2.4271
Iter 517/1000 - Loss: -2.4272
Iter 518/1000 - Loss: -2.4272
Iter 519/1000 - Loss: -2.4272
Iter 520/1000 - Loss: -2.4272
Iter 521/1000 - Loss: -2.4272
Iter 522/1000 - Loss: -2.4273
Iter 523/1000 - Loss: -2.4273
Iter 524/1000 - Loss: -2.4273
Iter 525/1000 - Loss: -2.4273
Iter 526/1000 - Loss: -2.4273
Iter 527/1000 - Loss: -2.4273
Iter 528/1000 - Loss: -2.4274
Iter 529/1000 - Loss: -2.4274
Iter 530/1000 - Loss: -2.4274
Iter 531/1000 - Loss: -2.4274
Iter 532/1000 - Loss: -2.4275
Iter 533/1000 - Loss: -2.4275
Iter 534/1000 - Loss: -2.4275
Iter 535/1000 - Loss: -2.4275
Iter 536/1000 - Loss: -2.4275
Iter 537/1000 - Loss: -2.4276
Iter 538/1000 - Loss: -2.4276
Iter 539/1000 - Loss: -2.4276
Iter 540/1000 - Loss: -2.4276
Iter 541/1000 - Loss: -2.4277
Iter 542/1000 - Loss: -2.4277
Iter 543/1000 - Loss: -2.4277
Iter 544/1000 - Loss: -2.4277
Iter 545/1000 - Loss: -2.4277
Iter 546/1000 - Loss: -2.4277
Iter 547/1000 - Loss: -2.4278
Iter 548/1000 - Loss: -2.4278
Iter 549/1000 - Loss: -2.4278
Iter 550/1000 - Loss: -2.4278
Iter 551/1000 - Loss: -2.4279
Iter 552/1000 - Loss: -2.4279
Iter 553/1000 - Loss: -2.4279
Iter 554/1000 - Loss: -2.4279
Iter 555/1000 - Loss: -2.4279
Iter 556/1000 - Loss: -2.4280
Iter 557/1000 - Loss: -2.4280
Iter 558/1000 - Loss: -2.4280
Iter 559/1000 - Loss: -2.4280
Iter 560/1000 - Loss: -2.4281
Iter 561/1000 - Loss: -2.4281
Iter 562/1000 - Loss: -2.4281
Iter 563/1000 - Loss: -2.4281
Iter 564/1000 - Loss: -2.4281
Iter 565/1000 - Loss: -2.4281
Iter 566/1000 - Loss: -2.4282
Iter 567/1000 - Loss: -2.4282
Iter 568/1000 - Loss: -2.4282
Iter 569/1000 - Loss: -2.4282
Iter 570/1000 - Loss: -2.4282
Iter 571/1000 - Loss: -2.4283
Iter 572/1000 - Loss: -2.4283
Iter 573/1000 - Loss: -2.4283
Iter 574/1000 - Loss: -2.4283
Iter 575/1000 - Loss: -2.4283
Iter 576/1000 - Loss: -2.4284
Iter 577/1000 - Loss: -2.4284
Iter 578/1000 - Loss: -2.4284
Iter 579/1000 - Loss: -2.4284
Iter 580/1000 - Loss: -2.4285
Iter 581/1000 - Loss: -2.4285
Iter 582/1000 - Loss: -2.4285
Iter 583/1000 - Loss: -2.4285
Iter 584/1000 - Loss: -2.4285
Iter 585/1000 - Loss: -2.4285
Iter 586/1000 - Loss: -2.4286
Iter 587/1000 - Loss: -2.4286
Iter 588/1000 - Loss: -2.4286
Iter 589/1000 - Loss: -2.4286
Iter 590/1000 - Loss: -2.4286
Iter 591/1000 - Loss: -2.4287
Iter 592/1000 - Loss: -2.4287
Iter 593/1000 - Loss: -2.4287
Iter 594/1000 - Loss: -2.4287
Iter 595/1000 - Loss: -2.4287
Iter 596/1000 - Loss: -2.4288
Iter 597/1000 - Loss: -2.4288
Iter 598/1000 - Loss: -2.4288
Iter 599/1000 - Loss: -2.4288
Iter 600/1000 - Loss: -2.4289
Iter 601/1000 - Loss: -2.4289
Iter 602/1000 - Loss: -2.4289
Iter 603/1000 - Loss: -2.4289
Iter 604/1000 - Loss: -2.4289
Iter 605/1000 - Loss: -2.4289
Iter 606/1000 - Loss: -2.4290
Iter 607/1000 - Loss: -2.4290
Iter 608/1000 - Loss: -2.4290
Iter 609/1000 - Loss: -2.4290
Iter 610/1000 - Loss: -2.4290
Iter 611/1000 - Loss: -2.4291
Iter 612/1000 - Loss: -2.4291
Iter 613/1000 - Loss: -2.4291
Iter 614/1000 - Loss: -2.4291
Iter 615/1000 - Loss: -2.4291
Iter 616/1000 - Loss: -2.4291
Iter 617/1000 - Loss: -2.4292
Iter 618/1000 - Loss: -2.4292
Iter 619/1000 - Loss: -2.4292
Iter 620/1000 - Loss: -2.4292
Iter 621/1000 - Loss: -2.4293
Iter 622/1000 - Loss: -2.4293
Iter 623/1000 - Loss: -2.4293
Iter 624/1000 - Loss: -2.4293
Iter 625/1000 - Loss: -2.4293
Iter 626/1000 - Loss: -2.4293
Iter 627/1000 - Loss: -2.4294
Iter 628/1000 - Loss: -2.4294
Iter 629/1000 - Loss: -2.4294
Iter 630/1000 - Loss: -2.4294
Iter 631/1000 - Loss: -2.4294
Iter 632/1000 - Loss: -2.4295
Iter 633/1000 - Loss: -2.4295
Iter 634/1000 - Loss: -2.4295
Iter 635/1000 - Loss: -2.4295
Iter 636/1000 - Loss: -2.4296
Iter 637/1000 - Loss: -2.4296
Iter 638/1000 - Loss: -2.4296
Iter 639/1000 - Loss: -2.4296
Iter 640/1000 - Loss: -2.4296
Iter 641/1000 - Loss: -2.4296
Iter 642/1000 - Loss: -2.4296
Iter 643/1000 - Loss: -2.4297
Iter 644/1000 - Loss: -2.4297
Iter 645/1000 - Loss: -2.4297
Iter 646/1000 - Loss: -2.4297
Iter 647/1000 - Loss: -2.4298
Iter 648/1000 - Loss: -2.4297
Iter 649/1000 - Loss: -2.4298
Iter 650/1000 - Loss: -2.4298
Iter 651/1000 - Loss: -2.4298
Iter 652/1000 - Loss: -2.4298
Iter 653/1000 - Loss: -2.4299
Iter 654/1000 - Loss: -2.4299
Iter 655/1000 - Loss: -2.4299
Iter 656/1000 - Loss: -2.4299
Iter 657/1000 - Loss: -2.4299
Iter 658/1000 - Loss: -2.4299
Iter 659/1000 - Loss: -2.4299
Iter 660/1000 - Loss: -2.4300
Iter 661/1000 - Loss: -2.4300
Iter 662/1000 - Loss: -2.4300
Iter 663/1000 - Loss: -2.4301
Iter 664/1000 - Loss: -2.4300
Iter 665/1000 - Loss: -2.4301
Iter 666/1000 - Loss: -2.4301
Iter 667/1000 - Loss: -2.4301
Iter 668/1000 - Loss: -2.4301
Iter 669/1000 - Loss: -2.4302
Iter 670/1000 - Loss: -2.4302
Iter 671/1000 - Loss: -2.4302
Iter 672/1000 - Loss: -2.4302
Iter 673/1000 - Loss: -2.4302
Iter 674/1000 - Loss: -2.4302
Iter 675/1000 - Loss: -2.4302
Iter 676/1000 - Loss: -2.4303
Iter 677/1000 - Loss: -2.4303
Iter 678/1000 - Loss: -2.4303
Iter 679/1000 - Loss: -2.4303
Iter 680/1000 - Loss: -2.4303
Iter 681/1000 - Loss: -2.4304
Iter 682/1000 - Loss: -2.4304
Iter 683/1000 - Loss: -2.4304
Iter 684/1000 - Loss: -2.4304
Iter 685/1000 - Loss: -2.4304
Iter 686/1000 - Loss: -2.4304
Iter 687/1000 - Loss: -2.4305
Iter 688/1000 - Loss: -2.4305
Iter 689/1000 - Loss: -2.4305
Iter 690/1000 - Loss: -2.4305
Iter 691/1000 - Loss: -2.4305
Iter 692/1000 - Loss: -2.4306
Iter 693/1000 - Loss: -2.4306
Iter 694/1000 - Loss: -2.4306
Iter 695/1000 - Loss: -2.4306
Iter 696/1000 - Loss: -2.4306
Iter 697/1000 - Loss: -2.4306
Iter 698/1000 - Loss: -2.4307
Iter 699/1000 - Loss: -2.4307
Iter 700/1000 - Loss: -2.4307
Iter 701/1000 - Loss: -2.4307
Iter 702/1000 - Loss: -2.4307
Iter 703/1000 - Loss: -2.4308
Iter 704/1000 - Loss: -2.4308
Iter 705/1000 - Loss: -2.4308
Iter 706/1000 - Loss: -2.4308
Iter 707/1000 - Loss: -2.4308
Iter 708/1000 - Loss: -2.4308
Iter 709/1000 - Loss: -2.4309
Iter 710/1000 - Loss: -2.4309
Iter 711/1000 - Loss: -2.4309
Iter 712/1000 - Loss: -2.4309
Iter 713/1000 - Loss: -2.4309
Iter 714/1000 - Loss: -2.4309
Iter 715/1000 - Loss: -2.4310
Iter 716/1000 - Loss: -2.4310
Iter 717/1000 - Loss: -2.4310
Iter 718/1000 - Loss: -2.4310
Iter 719/1000 - Loss: -2.4310
Iter 720/1000 - Loss: -2.4311
Iter 721/1000 - Loss: -2.4310
Iter 722/1000 - Loss: -2.4311
Iter 723/1000 - Loss: -2.4311
Iter 724/1000 - Loss: -2.4311
Iter 725/1000 - Loss: -2.4311
Iter 726/1000 - Loss: -2.4311
Iter 727/1000 - Loss: -2.4312
Iter 728/1000 - Loss: -2.4312
Iter 729/1000 - Loss: -2.4312
Iter 730/1000 - Loss: -2.4312
Iter 731/1000 - Loss: -2.4312
Iter 732/1000 - Loss: -2.4313
Iter 733/1000 - Loss: -2.4313
Iter 734/1000 - Loss: -2.4313
Iter 735/1000 - Loss: -2.4313
Iter 736/1000 - Loss: -2.4313
Iter 737/1000 - Loss: -2.4313
Iter 738/1000 - Loss: -2.4314
Iter 739/1000 - Loss: -2.4314
Iter 740/1000 - Loss: -2.4314
Iter 741/1000 - Loss: -2.4314
Iter 742/1000 - Loss: -2.4314
Iter 743/1000 - Loss: -2.4314
Iter 744/1000 - Loss: -2.4315
Iter 745/1000 - Loss: -2.4315
Iter 746/1000 - Loss: -2.4315
Iter 747/1000 - Loss: -2.4315
Iter 748/1000 - Loss: -2.4315
Iter 749/1000 - Loss: -2.4316
Iter 750/1000 - Loss: -2.4316
Iter 751/1000 - Loss: -2.4315
Iter 752/1000 - Loss: -2.4316
Iter 753/1000 - Loss: -2.4316
Iter 754/1000 - Loss: -2.4316
Iter 755/1000 - Loss: -2.4316
Iter 756/1000 - Loss: -2.4316
Iter 757/1000 - Loss: -2.4317
Iter 758/1000 - Loss: -2.4317
Iter 759/1000 - Loss: -2.4317
Iter 760/1000 - Loss: -2.4317
Iter 761/1000 - Loss: -2.4317
Iter 762/1000 - Loss: -2.4317
Iter 763/1000 - Loss: -2.4318
Iter 764/1000 - Loss: -2.4318
Iter 765/1000 - Loss: -2.4318
Iter 766/1000 - Loss: -2.4318
Iter 767/1000 - Loss: -2.4318
Iter 768/1000 - Loss: -2.4319
Iter 769/1000 - Loss: -2.4319
Iter 770/1000 - Loss: -2.4319
Iter 771/1000 - Loss: -2.4319
Iter 772/1000 - Loss: -2.4319
Iter 773/1000 - Loss: -2.4319
Iter 774/1000 - Loss: -2.4319
Iter 775/1000 - Loss: -2.4320
Iter 776/1000 - Loss: -2.4320
Iter 777/1000 - Loss: -2.4320
Iter 778/1000 - Loss: -2.4320
Iter 779/1000 - Loss: -2.4320
Iter 780/1000 - Loss: -2.4321
Iter 781/1000 - Loss: -2.4320
Iter 782/1000 - Loss: -2.4321
Iter 783/1000 - Loss: -2.4321
Iter 784/1000 - Loss: -2.4321
Iter 785/1000 - Loss: -2.4321
Iter 786/1000 - Loss: -2.4321
Iter 787/1000 - Loss: -2.4322
Iter 788/1000 - Loss: -2.4322
Iter 789/1000 - Loss: -2.4322
Iter 790/1000 - Loss: -2.4322
Iter 791/1000 - Loss: -2.4322
Iter 792/1000 - Loss: -2.4322
Iter 793/1000 - Loss: -2.4322
Iter 794/1000 - Loss: -2.4323
Iter 795/1000 - Loss: -2.4323
Iter 796/1000 - Loss: -2.4323
Iter 797/1000 - Loss: -2.4323
Iter 798/1000 - Loss: -2.4323
Iter 799/1000 - Loss: -2.4324
Iter 800/1000 - Loss: -2.4324
Iter 801/1000 - Loss: -2.4324
Iter 802/1000 - Loss: -2.4324
Iter 803/1000 - Loss: -2.4324
Iter 804/1000 - Loss: -2.4324
Iter 805/1000 - Loss: -2.4324
Iter 806/1000 - Loss: -2.4325
Iter 807/1000 - Loss: -2.4325
Iter 808/1000 - Loss: -2.4325
Iter 809/1000 - Loss: -2.4325
Iter 810/1000 - Loss: -2.4325
Iter 811/1000 - Loss: -2.4325
Iter 812/1000 - Loss: -2.4325
Iter 813/1000 - Loss: -2.4325
Iter 814/1000 - Loss: -2.4326
Iter 815/1000 - Loss: -2.4326
Iter 816/1000 - Loss: -2.4326
Iter 817/1000 - Loss: -2.4326
Iter 818/1000 - Loss: -2.4326
Iter 819/1000 - Loss: -2.4326
Iter 820/1000 - Loss: -2.4327
Iter 821/1000 - Loss: -2.4327
Iter 822/1000 - Loss: -2.4327
Iter 823/1000 - Loss: -2.4327
Iter 824/1000 - Loss: -2.4327
Iter 825/1000 - Loss: -2.4327
Iter 826/1000 - Loss: -2.4328
Iter 827/1000 - Loss: -2.4328
Iter 828/1000 - Loss: -2.4328
Iter 829/1000 - Loss: -2.4328
Iter 830/1000 - Loss: -2.4328
Iter 831/1000 - Loss: -2.4328
Iter 832/1000 - Loss: -2.4328
Iter 833/1000 - Loss: -2.4329
Iter 834/1000 - Loss: -2.4329
Iter 835/1000 - Loss: -2.4329
Iter 836/1000 - Loss: -2.4329
Iter 837/1000 - Loss: -2.4329
Iter 838/1000 - Loss: -2.4329
Iter 839/1000 - Loss: -2.4330
Iter 840/1000 - Loss: -2.4329
Iter 841/1000 - Loss: -2.4330
Iter 842/1000 - Loss: -2.4330
Iter 843/1000 - Loss: -2.4330
Iter 844/1000 - Loss: -2.4331
Iter 845/1000 - Loss: -2.4331
Iter 846/1000 - Loss: -2.4331
Iter 847/1000 - Loss: -2.4331
Iter 848/1000 - Loss: -2.4331
Iter 849/1000 - Loss: -2.4331
Iter 850/1000 - Loss: -2.4331
Iter 851/1000 - Loss: -2.4331
Iter 852/1000 - Loss: -2.4331
Iter 853/1000 - Loss: -2.4332
Iter 854/1000 - Loss: -2.4332
Iter 855/1000 - Loss: -2.4332
Iter 856/1000 - Loss: -2.4332
Iter 857/1000 - Loss: -2.4332
Iter 858/1000 - Loss: -2.4332
Iter 859/1000 - Loss: -2.4333
Iter 860/1000 - Loss: -2.4333
Iter 861/1000 - Loss: -2.4333
Iter 862/1000 - Loss: -2.4333
Iter 863/1000 - Loss: -2.4333
Iter 864/1000 - Loss: -2.4333
Iter 865/1000 - Loss: -2.4333
Iter 866/1000 - Loss: -2.4333
Iter 867/1000 - Loss: -2.4333
Iter 868/1000 - Loss: -2.4334
Iter 869/1000 - Loss: -2.4334
Iter 870/1000 - Loss: -2.4334
Iter 871/1000 - Loss: -2.4334
Iter 872/1000 - Loss: -2.4334
Iter 873/1000 - Loss: -2.4335
Iter 874/1000 - Loss: -2.4335
Iter 875/1000 - Loss: -2.4335
Iter 876/1000 - Loss: -2.4335
Iter 877/1000 - Loss: -2.4335
Iter 878/1000 - Loss: -2.4335
Iter 879/1000 - Loss: -2.4335
Iter 880/1000 - Loss: -2.4336
Iter 881/1000 - Loss: -2.4336
Iter 882/1000 - Loss: -2.4336
Iter 883/1000 - Loss: -2.4336
Iter 884/1000 - Loss: -2.4336
Iter 885/1000 - Loss: -2.4336
Iter 886/1000 - Loss: -2.4336
Iter 887/1000 - Loss: -2.4336
Iter 888/1000 - Loss: -2.4337
Iter 889/1000 - Loss: -2.4337
Iter 890/1000 - Loss: -2.4337
Iter 891/1000 - Loss: -2.4337
Iter 892/1000 - Loss: -2.4337
Iter 893/1000 - Loss: -2.4337
Iter 894/1000 - Loss: -2.4337
Iter 895/1000 - Loss: -2.4337
Iter 896/1000 - Loss: -2.4338
Iter 897/1000 - Loss: -2.4338
Iter 898/1000 - Loss: -2.4338
Iter 899/1000 - Loss: -2.4338
Iter 900/1000 - Loss: -2.4338
Iter 901/1000 - Loss: -2.4338
Iter 902/1000 - Loss: -2.4339
Iter 903/1000 - Loss: -2.4339
Iter 904/1000 - Loss: -2.4339
Iter 905/1000 - Loss: -2.4339
Iter 906/1000 - Loss: -2.4339
Iter 907/1000 - Loss: -2.4339
Iter 908/1000 - Loss: -2.4339
Iter 909/1000 - Loss: -2.4340
Iter 910/1000 - Loss: -2.4340
Iter 911/1000 - Loss: -2.4340
Iter 912/1000 - Loss: -2.4340
Iter 913/1000 - Loss: -2.4340
Iter 914/1000 - Loss: -2.4340
Iter 915/1000 - Loss: -2.4340
Iter 916/1000 - Loss: -2.4340
Iter 917/1000 - Loss: -2.4340
Iter 918/1000 - Loss: -2.4341
Iter 919/1000 - Loss: -2.4341
Iter 920/1000 - Loss: -2.4341
Iter 921/1000 - Loss: -2.4341
Iter 922/1000 - Loss: -2.4341
Iter 923/1000 - Loss: -2.4341
Iter 924/1000 - Loss: -2.4341
Iter 925/1000 - Loss: -2.4341
Iter 926/1000 - Loss: -2.4342
Iter 927/1000 - Loss: -2.4342
Iter 928/1000 - Loss: -2.4342
Iter 929/1000 - Loss: -2.4342
Iter 930/1000 - Loss: -2.4342
Iter 931/1000 - Loss: -2.4342
Iter 932/1000 - Loss: -2.4343
Iter 933/1000 - Loss: -2.4343
Iter 934/1000 - Loss: -2.4343
Iter 935/1000 - Loss: -2.4343
Iter 936/1000 - Loss: -2.4343
Iter 937/1000 - Loss: -2.4343
Iter 938/1000 - Loss: -2.4343
Iter 939/1000 - Loss: -2.4343
Iter 940/1000 - Loss: -2.4344
Iter 941/1000 - Loss: -2.4344
Iter 942/1000 - Loss: -2.4344
Iter 943/1000 - Loss: -2.4344
Iter 944/1000 - Loss: -2.4344
Iter 945/1000 - Loss: -2.4344
Iter 946/1000 - Loss: -2.4344
Iter 947/1000 - Loss: -2.4344
Iter 948/1000 - Loss: -2.4344
Iter 949/1000 - Loss: -2.4345
Iter 950/1000 - Loss: -2.4345
Iter 951/1000 - Loss: -2.4345
Iter 952/1000 - Loss: -2.4345
Iter 953/1000 - Loss: -2.4345
Iter 954/1000 - Loss: -2.4345
Iter 955/1000 - Loss: -2.4346
Iter 956/1000 - Loss: -2.4346
Iter 957/1000 - Loss: -2.4346
Iter 958/1000 - Loss: -2.4346
Iter 959/1000 - Loss: -2.4346
Iter 960/1000 - Loss: -2.4346
Iter 961/1000 - Loss: -2.4346
Iter 962/1000 - Loss: -2.4346
Iter 963/1000 - Loss: -2.4347
Iter 964/1000 - Loss: -2.4346
Iter 965/1000 - Loss: -2.4347
Iter 966/1000 - Loss: -2.4347
Iter 967/1000 - Loss: -2.4347
Iter 968/1000 - Loss: -2.4347
Iter 969/1000 - Loss: -2.4347
Iter 970/1000 - Loss: -2.4347
Iter 971/1000 - Loss: -2.4347
Iter 972/1000 - Loss: -2.4348
Iter 973/1000 - Loss: -2.4348
Iter 974/1000 - Loss: -2.4348
Iter 975/1000 - Loss: -2.4348
Iter 976/1000 - Loss: -2.4348
Iter 977/1000 - Loss: -2.4348
Iter 978/1000 - Loss: -2.4348
Iter 979/1000 - Loss: -2.4349
Iter 980/1000 - Loss: -2.4348
Iter 981/1000 - Loss: -2.4349
Iter 982/1000 - Loss: -2.4349
Iter 983/1000 - Loss: -2.4349
Iter 984/1000 - Loss: -2.4349
Iter 985/1000 - Loss: -2.4349
Iter 986/1000 - Loss: -2.4349
Iter 987/1000 - Loss: -2.4350
Iter 988/1000 - Loss: -2.4350
Iter 989/1000 - Loss: -2.4350
Iter 990/1000 - Loss: -2.4350
Iter 991/1000 - Loss: -2.4350
Iter 992/1000 - Loss: -2.4350
Iter 993/1000 - Loss: -2.4350
Iter 994/1000 - Loss: -2.4350
Iter 995/1000 - Loss: -2.4350
Iter 996/1000 - Loss: -2.4351
Iter 997/1000 - Loss: -2.4351
Iter 998/1000 - Loss: -2.4351
Iter 999/1000 - Loss: -2.4351
Iter 1000/1000 - Loss: -2.4351
OrderedDict([('likelihood.raw_noise', tensor([inf])), ('likelihood.raw_noise_constraint.lower_bound', tensor(-inf)), ('likelihood.raw_noise_constraint.upper_bound', tensor(1.0000e-08)), ('mean_module.base_means.0.weights', tensor([[-0.2022],
        [-0.0731],
        [ 0.0259],
        [ 0.0817],
        [ 0.0750],
        [-0.3319],
        [ 0.0158]])), ('mean_module.base_means.0.bias', tensor([2.3396])), ('mean_module.base_means.1.weights', tensor([[ 0.0372],
        [ 0.0284],
        [ 0.0186],
        [ 0.1780],
        [-0.0002],
        [ 0.0053],
        [-0.0180]])), ('mean_module.base_means.1.bias', tensor([-0.1064])), ('mean_module.base_means.2.weights', tensor([[-0.0149],
        [-0.0014],
        [-0.0715],
        [-0.0455],
        [-0.0288],
        [ 0.1252],
        [ 0.0247]])), ('mean_module.base_means.2.bias', tensor([1.0665])), ('mean_module.base_means.3.weights', tensor([[-0.0196],
        [-0.0075],
        [-0.0450],
        [-0.0052],
        [ 0.0243],
        [ 0.0068],
        [ 0.0134]])), ('mean_module.base_means.3.bias', tensor([-0.0703])), ('mean_module.base_means.4.weights', tensor([[ 0.0463],
        [ 0.0090],
        [ 0.0404],
        [ 0.0356],
        [ 0.0005],
        [ 0.0104],
        [-0.0100]])), ('mean_module.base_means.4.bias', tensor([0.3634])), ('mean_module.base_means.5.weights', tensor([[ 0.0019],
        [ 0.0023],
        [ 0.0777],
        [ 0.0065],
        [-0.0076],
        [-0.0489],
        [-0.0024]])), ('mean_module.base_means.5.bias', tensor([0.1832])), ('mean_module.base_means.6.weights', tensor([[-0.0128],
        [-0.0034],
        [-0.0180],
        [-0.0148],
        [ 0.0048],
        [ 0.0135],
        [ 0.0267]])), ('mean_module.base_means.6.bias', tensor([1.2489])), ('mean_module.base_means.7.weights', tensor([[ 0.0170],
        [ 0.0087],
        [-0.0251],
        [-0.0403],
        [-0.0001],
        [ 0.0441],
        [ 0.0103]])), ('mean_module.base_means.7.bias', tensor([0.0267])), ('covar_module.task_covar_module.covar_factor', tensor([[ 0.2207],
        [ 0.3089],
        [-0.6717],
        [-0.0658],
        [ 0.2149],
        [-0.0293],
        [-0.0632],
        [-0.0740]])), ('covar_module.task_covar_module.raw_var', tensor([-0.1430, -0.5524, -3.3639, -1.8765, -5.1860, -3.7402, -3.5704, -4.0742])), ('covar_module.task_covar_module.raw_var_constraint.lower_bound', tensor(0.)), ('covar_module.task_covar_module.raw_var_constraint.upper_bound', tensor(inf)), ('covar_module.data_covar_module.kernels.0.raw_outputscale', tensor(-3.3816)), ('covar_module.data_covar_module.kernels.0.base_kernel.raw_lengthscale', tensor([[1.9755, 2.5145, 2.2420, 1.7777, 2.7383, 2.4589, 3.6071]])), ('covar_module.data_covar_module.kernels.0.base_kernel.raw_lengthscale_constraint.lower_bound', tensor(0.)), ('covar_module.data_covar_module.kernels.0.base_kernel.raw_lengthscale_constraint.upper_bound', tensor(inf)), ('covar_module.data_covar_module.kernels.0.raw_outputscale_constraint.lower_bound', tensor(0.)), ('covar_module.data_covar_module.kernels.0.raw_outputscale_constraint.upper_bound', tensor(inf)), ('covar_module.data_covar_module.kernels.1.raw_constant', tensor([-3.9948])), ('covar_module.data_covar_module.kernels.1.raw_constant_constraint.lower_bound', tensor(0.)), ('covar_module.data_covar_module.kernels.1.raw_constant_constraint.upper_bound', tensor(inf))])
loading emulator from /oak/stanford/orgs/kipac/users/delon/aemulusnu_massfunction/GP_loBox53_1400.pkl
[2.200474570541266, -0.09260141423222173, 1.0446009618485788, -0.04284936565816005, 0.4340767716852658, 0.2057379210454448, 1.2605179872931611, 0.04752910068990891]
[2.200474570541266, -0.09260141423222173, 1.0446009618485788, -0.04284936565816005, 0.4340767716852658, 0.2057379210454448, 1.2605179872931611, 0.04752910068990891]
[2.200474570541266, -0.09260141423222173, 1.0446009618485788, -0.04284936565816005, 0.4340767716852658, 0.2057379210454448, 1.2605179872931611, 0.04752910068990891]
[2.200474570541266, -0.09260141423222173, 1.0446009618485788, -0.04284936565816005, 0.4340767716852658, 0.2057379210454448, 1.2605179872931611, 0.04752910068990891]
[2.200474570541266, -0.09260141423222173, 1.0446009618485788, -0.04284936565816005, 0.4340767716852658, 0.2057379210454448, 1.2605179872931611, 0.04752910068990891]
[2.200474570541266, -0.09260141423222173, 1.0446009618485788, -0.04284936565816005, 0.4340767716852658, 0.2057379210454448, 1.2605179872931611, 0.04752910068990891]
[2.200474570541266, -0.09260141423222173, 1.0446009618485788, -0.04284936565816005, 0.4340767716852658, 0.2057379210454448, 1.2605179872931611, 0.04752910068990891]
[2.200474570541266, -0.09260141423222173, 1.0446009618485788, -0.04284936565816005, 0.4340767716852658, 0.2057379210454448, 1.2605179872931611, 0.04752910068990891]
[2.200474570541266, -0.09260141423222173, 1.0446009618485788, -0.04284936565816005, 0.4340767716852658, 0.2057379210454448, 1.2605179872931611, 0.04752910068990891]
[2.200474570541266, -0.09260141423222173, 1.0446009618485788, -0.04284936565816005, 0.4340767716852658, 0.2057379210454448, 1.2605179872931611, 0.04752910068990891]
[2.200474570541266, -0.09260141423222173, 1.0446009618485788, -0.04284936565816005, 0.4340767716852658, 0.2057379210454448, 1.2605179872931611, 0.04752910068990891]
[2.200474570541266, -0.09260141423222173, 1.0446009618485788, -0.04284936565816005, 0.4340767716852658, 0.2057379210454448, 1.2605179872931611, 0.04752910068990891]
[2.200474570541266, -0.09260141423222173, 1.0446009618485788, -0.04284936565816005, 0.4340767716852658, 0.2057379210454448, 1.2605179872931611, 0.04752910068990891]
[2.200474570541266, -0.09260141423222173, 1.0446009618485788, -0.04284936565816005, 0.4340767716852658, 0.2057379210454448, 1.2605179872931611, 0.04752910068990891]
[2.200474570541266, -0.09260141423222173, 1.0446009618485788, -0.04284936565816005, 0.4340767716852658, 0.2057379210454448, 1.2605179872931611, 0.04752910068990891]
