Leaving out Box_n50_17_1400
Box47_1400 2.3038301302700224
{'ns': 0.97000003, 'H0': 67.0, 'w0': -1.0, 'ombh2': 0.0223, 'omch2': 0.12, 'nu_mass_ev': 0.07071068, '10^9 As': 2.10100315}
(2234, 8)
(2234, 4)
scaling input
(2234, 8)
scaling output
(2234, 4)
Iter 1/500 - Loss: 2.3055
Iter 2/500 - Loss: 2.0318
Iter 3/500 - Loss: 1.7800
Iter 4/500 - Loss: 1.5504
Iter 5/500 - Loss: 1.3435
Iter 6/500 - Loss: 1.1610
Iter 7/500 - Loss: 1.0021
Iter 8/500 - Loss: 0.8663
Iter 9/500 - Loss: 0.7564
Iter 10/500 - Loss: 0.6752
Iter 11/500 - Loss: 0.6191
Iter 12/500 - Loss: 0.5801
Iter 13/500 - Loss: 0.5522
Iter 14/500 - Loss: 0.5289
Iter 15/500 - Loss: 0.5035
Iter 16/500 - Loss: 0.4726
Iter 17/500 - Loss: 0.4345
Iter 18/500 - Loss: 0.3885
Iter 19/500 - Loss: 0.3347
Iter 20/500 - Loss: 0.2747
Iter 21/500 - Loss: 0.2121
Iter 22/500 - Loss: 0.1518
Iter 23/500 - Loss: 0.0973
Iter 24/500 - Loss: 0.0494
Iter 25/500 - Loss: 0.0075
Iter 26/500 - Loss: -0.0298
Iter 27/500 - Loss: -0.0643
Iter 28/500 - Loss: -0.0982
Iter 29/500 - Loss: -0.1332
Iter 30/500 - Loss: -0.1700
Iter 31/500 - Loss: -0.2090
Iter 32/500 - Loss: -0.2497
Iter 33/500 - Loss: -0.2915
Iter 34/500 - Loss: -0.3334
Iter 35/500 - Loss: -0.3742
Iter 36/500 - Loss: -0.4127
Iter 37/500 - Loss: -0.4479
Iter 38/500 - Loss: -0.4793
Iter 39/500 - Loss: -0.5073
Iter 40/500 - Loss: -0.5334
Iter 41/500 - Loss: -0.5593
Iter 42/500 - Loss: -0.5864
Iter 43/500 - Loss: -0.6144
Iter 44/500 - Loss: -0.6426
Iter 45/500 - Loss: -0.6697
Iter 46/500 - Loss: -0.6949
Iter 47/500 - Loss: -0.7182
Iter 48/500 - Loss: -0.7401
Iter 49/500 - Loss: -0.7612
Iter 50/500 - Loss: -0.7820
Iter 51/500 - Loss: -0.8027
Iter 52/500 - Loss: -0.8234
Iter 53/500 - Loss: -0.8439
Iter 54/500 - Loss: -0.8639
Iter 55/500 - Loss: -0.8825
Iter 56/500 - Loss: -0.8994
Iter 57/500 - Loss: -0.9142
Iter 58/500 - Loss: -0.9277
Iter 59/500 - Loss: -0.9406
Iter 60/500 - Loss: -0.9536
Iter 61/500 - Loss: -0.9665
Iter 62/500 - Loss: -0.9785
Iter 63/500 - Loss: -0.9894
Iter 64/500 - Loss: -0.9993
Iter 65/500 - Loss: -1.0087
Iter 66/500 - Loss: -1.0179
Iter 67/500 - Loss: -1.0271
Iter 68/500 - Loss: -1.0360
Iter 69/500 - Loss: -1.0443
Iter 70/500 - Loss: -1.0517
Iter 71/500 - Loss: -1.0581
Iter 72/500 - Loss: -1.0639
Iter 73/500 - Loss: -1.0693
Iter 74/500 - Loss: -1.0745
Iter 75/500 - Loss: -1.0792
Iter 76/500 - Loss: -1.0833
Iter 77/500 - Loss: -1.0867
Iter 78/500 - Loss: -1.0894
Iter 79/500 - Loss: -1.0912
Iter 80/500 - Loss: -1.0938
Iter 81/500 - Loss: -1.0956
Iter 82/500 - Loss: -1.0957
Iter 83/500 - Loss: -1.0980
Iter 84/500 - Loss: -1.1010
Iter 85/500 - Loss: -1.1010
Iter 86/500 - Loss: -1.1033
Iter 87/500 - Loss: -1.1045
Iter 88/500 - Loss: -1.1055
Iter 89/500 - Loss: -1.1073
Iter 90/500 - Loss: -1.1076
Iter 91/500 - Loss: -1.1094
Iter 92/500 - Loss: -1.1095
Iter 93/500 - Loss: -1.1110
Iter 94/500 - Loss: -1.1112
Iter 95/500 - Loss: -1.1124
Iter 96/500 - Loss: -1.1126
Iter 97/500 - Loss: -1.1134
Iter 98/500 - Loss: -1.1136
Iter 99/500 - Loss: -1.1141
Iter 100/500 - Loss: -1.1144
Iter 101/500 - Loss: -1.1148
Iter 102/500 - Loss: -1.1151
Iter 103/500 - Loss: -1.1154
Iter 104/500 - Loss: -1.1158
Iter 105/500 - Loss: -1.1160
Iter 106/500 - Loss: -1.1164
Iter 107/500 - Loss: -1.1167
Iter 108/500 - Loss: -1.1172
Iter 109/500 - Loss: -1.1175
Iter 110/500 - Loss: -1.1180
Iter 111/500 - Loss: -1.1184
Iter 112/500 - Loss: -1.1191
Iter 113/500 - Loss: -1.1198
Iter 114/500 - Loss: -1.1207
Iter 115/500 - Loss: -1.1217
Iter 116/500 - Loss: -1.1230
Iter 117/500 - Loss: -1.1246
Iter 118/500 - Loss: -1.1267
Iter 119/500 - Loss: -1.1290
Iter 120/500 - Loss: -1.1316
Iter 121/500 - Loss: -1.1344
Iter 122/500 - Loss: -1.1374
Iter 123/500 - Loss: -1.1404
Iter 124/500 - Loss: -1.1434
Iter 125/500 - Loss: -1.1464
Iter 126/500 - Loss: -1.1493
Iter 127/500 - Loss: -1.1522
Iter 128/500 - Loss: -1.1549
Iter 129/500 - Loss: -1.1574
Iter 130/500 - Loss: -1.1597
Iter 131/500 - Loss: -1.1618
Iter 132/500 - Loss: -1.1636
Iter 133/500 - Loss: -1.1652
Iter 134/500 - Loss: -1.1666
Iter 135/500 - Loss: -1.1678
Iter 136/500 - Loss: -1.1688
Iter 137/500 - Loss: -1.1697
Iter 138/500 - Loss: -1.1706
Iter 139/500 - Loss: -1.1713
Iter 140/500 - Loss: -1.1720
Iter 141/500 - Loss: -1.1726
Iter 142/500 - Loss: -1.1731
Iter 143/500 - Loss: -1.1737
Iter 144/500 - Loss: -1.1742
Iter 145/500 - Loss: -1.1746
Iter 146/500 - Loss: -1.1751
Iter 147/500 - Loss: -1.1756
Iter 148/500 - Loss: -1.1760
Iter 149/500 - Loss: -1.1765
Iter 150/500 - Loss: -1.1769
Iter 151/500 - Loss: -1.1774
Iter 152/500 - Loss: -1.1778
Iter 153/500 - Loss: -1.1783
Iter 154/500 - Loss: -1.1788
Iter 155/500 - Loss: -1.1792
Iter 156/500 - Loss: -1.1797
Iter 157/500 - Loss: -1.1802
Iter 158/500 - Loss: -1.1807
Iter 159/500 - Loss: -1.1812
Iter 160/500 - Loss: -1.1818
Iter 161/500 - Loss: -1.1823
Iter 162/500 - Loss: -1.1829
Iter 163/500 - Loss: -1.1835
Iter 164/500 - Loss: -1.1841
Iter 165/500 - Loss: -1.1847
Iter 166/500 - Loss: -1.1853
Iter 167/500 - Loss: -1.1859
Iter 168/500 - Loss: -1.1866
Iter 169/500 - Loss: -1.1873
Iter 170/500 - Loss: -1.1879
Iter 171/500 - Loss: -1.1886
Iter 172/500 - Loss: -1.1892
Iter 173/500 - Loss: -1.1899
Iter 174/500 - Loss: -1.1905
Iter 175/500 - Loss: -1.1912
Iter 176/500 - Loss: -1.1918
Iter 177/500 - Loss: -1.1924
Iter 178/500 - Loss: -1.1930
Iter 179/500 - Loss: -1.1936
Iter 180/500 - Loss: -1.1942
Iter 181/500 - Loss: -1.1947
Iter 182/500 - Loss: -1.1953
Iter 183/500 - Loss: -1.1958
Iter 184/500 - Loss: -1.1964
Iter 185/500 - Loss: -1.1969
Iter 186/500 - Loss: -1.1974
Iter 187/500 - Loss: -1.1979
Iter 188/500 - Loss: -1.1984
Iter 189/500 - Loss: -1.1988
Iter 190/500 - Loss: -1.1993
Iter 191/500 - Loss: -1.1998
Iter 192/500 - Loss: -1.2002
Iter 193/500 - Loss: -1.2007
Iter 194/500 - Loss: -1.2011
Iter 195/500 - Loss: -1.2015
Iter 196/500 - Loss: -1.2020
Iter 197/500 - Loss: -1.2024
Iter 198/500 - Loss: -1.2028
Iter 199/500 - Loss: -1.2032
Iter 200/500 - Loss: -1.2036
Iter 201/500 - Loss: -1.2040
Iter 202/500 - Loss: -1.2044
Iter 203/500 - Loss: -1.2048
Iter 204/500 - Loss: -1.2052
Iter 205/500 - Loss: -1.2056
Iter 206/500 - Loss: -1.2059
Iter 207/500 - Loss: -1.2063
Iter 208/500 - Loss: -1.2067
Iter 209/500 - Loss: -1.2070
Iter 210/500 - Loss: -1.2074
Iter 211/500 - Loss: -1.2077
Iter 212/500 - Loss: -1.2081
Iter 213/500 - Loss: -1.2085
Iter 214/500 - Loss: -1.2088
Iter 215/500 - Loss: -1.2092
Iter 216/500 - Loss: -1.2095
Iter 217/500 - Loss: -1.2098
Iter 218/500 - Loss: -1.2102
Iter 219/500 - Loss: -1.2106
Iter 220/500 - Loss: -1.2109
Iter 221/500 - Loss: -1.2113
Iter 222/500 - Loss: -1.2117
Iter 223/500 - Loss: -1.2120
Iter 224/500 - Loss: -1.2124
Iter 225/500 - Loss: -1.2128
Iter 226/500 - Loss: -1.2132
Iter 227/500 - Loss: -1.2136
Iter 228/500 - Loss: -1.2140
Iter 229/500 - Loss: -1.2144
Iter 230/500 - Loss: -1.2148
Iter 231/500 - Loss: -1.2152
Iter 232/500 - Loss: -1.2156
Iter 233/500 - Loss: -1.2159
Iter 234/500 - Loss: -1.2162
Iter 235/500 - Loss: -1.2165
Iter 236/500 - Loss: -1.2168
Iter 237/500 - Loss: -1.2171
Iter 238/500 - Loss: -1.2174
Iter 239/500 - Loss: -1.2176
Iter 240/500 - Loss: -1.2179
Iter 241/500 - Loss: -1.2182
Iter 242/500 - Loss: -1.2184
Iter 243/500 - Loss: -1.2187
Iter 244/500 - Loss: -1.2189
Iter 245/500 - Loss: -1.2192
Iter 246/500 - Loss: -1.2195
Iter 247/500 - Loss: -1.2198
Iter 248/500 - Loss: -1.2200
Iter 249/500 - Loss: -1.2203
Iter 250/500 - Loss: -1.2206
Iter 251/500 - Loss: -1.2208
Iter 252/500 - Loss: -1.2211
Iter 253/500 - Loss: -1.2214
Iter 254/500 - Loss: -1.2216
Iter 255/500 - Loss: -1.2219
Iter 256/500 - Loss: -1.2222
Iter 257/500 - Loss: -1.2225
Iter 258/500 - Loss: -1.2227
Iter 259/500 - Loss: -1.2230
Iter 260/500 - Loss: -1.2233
Iter 261/500 - Loss: -1.2236
Iter 262/500 - Loss: -1.2239
Iter 263/500 - Loss: -1.2243
Iter 264/500 - Loss: -1.2246
Iter 265/500 - Loss: -1.2250
Iter 266/500 - Loss: -1.2253
Iter 267/500 - Loss: -1.2257
Iter 268/500 - Loss: -1.2261
Iter 269/500 - Loss: -1.2265
Iter 270/500 - Loss: -1.2269
Iter 271/500 - Loss: -1.2273
Iter 272/500 - Loss: -1.2276
Iter 273/500 - Loss: -1.2280
Iter 274/500 - Loss: -1.2283
Iter 275/500 - Loss: -1.2286
Iter 276/500 - Loss: -1.2289
Iter 277/500 - Loss: -1.2291
Iter 278/500 - Loss: -1.2293
Iter 279/500 - Loss: -1.2296
Iter 280/500 - Loss: -1.2298
Iter 281/500 - Loss: -1.2301
Iter 282/500 - Loss: -1.2304
Iter 283/500 - Loss: -1.2307
Iter 284/500 - Loss: -1.2310
Iter 285/500 - Loss: -1.2313
Iter 286/500 - Loss: -1.2316
Iter 287/500 - Loss: -1.2318
Iter 288/500 - Loss: -1.2321
Iter 289/500 - Loss: -1.2324
Iter 290/500 - Loss: -1.2326
Iter 291/500 - Loss: -1.2329
Iter 292/500 - Loss: -1.2331
Iter 293/500 - Loss: -1.2334
Iter 294/500 - Loss: -1.2336
Iter 295/500 - Loss: -1.2339
Iter 296/500 - Loss: -1.2342
Iter 297/500 - Loss: -1.2344
Iter 298/500 - Loss: -1.2347
Iter 299/500 - Loss: -1.2349
Iter 300/500 - Loss: -1.2352
Iter 301/500 - Loss: -1.2355
Iter 302/500 - Loss: -1.2357
Iter 303/500 - Loss: -1.2360
Iter 304/500 - Loss: -1.2362
Iter 305/500 - Loss: -1.2365
Iter 306/500 - Loss: -1.2368
Iter 307/500 - Loss: -1.2370
Iter 308/500 - Loss: -1.2373
Iter 309/500 - Loss: -1.2375
Iter 310/500 - Loss: -1.2378
Iter 311/500 - Loss: -1.2381
Iter 312/500 - Loss: -1.2383
Iter 313/500 - Loss: -1.2386
Iter 314/500 - Loss: -1.2389
Iter 315/500 - Loss: -1.2392
Iter 316/500 - Loss: -1.2394
Iter 317/500 - Loss: -1.2397
Iter 318/500 - Loss: -1.2400
Iter 319/500 - Loss: -1.2403
Iter 320/500 - Loss: -1.2406
Iter 321/500 - Loss: -1.2409
Iter 322/500 - Loss: -1.2412
Iter 323/500 - Loss: -1.2416
Iter 324/500 - Loss: -1.2419
Iter 325/500 - Loss: -1.2422
Iter 326/500 - Loss: -1.2425
Iter 327/500 - Loss: -1.2428
Iter 328/500 - Loss: -1.2432
Iter 329/500 - Loss: -1.2435
Iter 330/500 - Loss: -1.2438
Iter 331/500 - Loss: -1.2441
Iter 332/500 - Loss: -1.2444
Iter 333/500 - Loss: -1.2448
Iter 334/500 - Loss: -1.2451
Iter 335/500 - Loss: -1.2454
Iter 336/500 - Loss: -1.2457
Iter 337/500 - Loss: -1.2460
Iter 338/500 - Loss: -1.2463
Iter 339/500 - Loss: -1.2466
Iter 340/500 - Loss: -1.2470
Iter 341/500 - Loss: -1.2473
Iter 342/500 - Loss: -1.2476
Iter 343/500 - Loss: -1.2479
Iter 344/500 - Loss: -1.2482
Iter 345/500 - Loss: -1.2485
Iter 346/500 - Loss: -1.2488
Iter 347/500 - Loss: -1.2491
Iter 348/500 - Loss: -1.2494
Iter 349/500 - Loss: -1.2497
Iter 350/500 - Loss: -1.2500
Iter 351/500 - Loss: -1.2503
Iter 352/500 - Loss: -1.2506
Iter 353/500 - Loss: -1.2509
Iter 354/500 - Loss: -1.2512
Iter 355/500 - Loss: -1.2515
Iter 356/500 - Loss: -1.2518
Iter 357/500 - Loss: -1.2521
Iter 358/500 - Loss: -1.2524
Iter 359/500 - Loss: -1.2527
Iter 360/500 - Loss: -1.2530
Iter 361/500 - Loss: -1.2533
Iter 362/500 - Loss: -1.2536
Iter 363/500 - Loss: -1.2539
Iter 364/500 - Loss: -1.2542
Iter 365/500 - Loss: -1.2545
Iter 366/500 - Loss: -1.2548
Iter 367/500 - Loss: -1.2550
Iter 368/500 - Loss: -1.2553
Iter 369/500 - Loss: -1.2556
Iter 370/500 - Loss: -1.2559
Iter 371/500 - Loss: -1.2561
Iter 372/500 - Loss: -1.2564
Iter 373/500 - Loss: -1.2567
Iter 374/500 - Loss: -1.2569
Iter 375/500 - Loss: -1.2572
Iter 376/500 - Loss: -1.2574
Iter 377/500 - Loss: -1.2577
Iter 378/500 - Loss: -1.2580
Iter 379/500 - Loss: -1.2582
Iter 380/500 - Loss: -1.2585
Iter 381/500 - Loss: -1.2587
Iter 382/500 - Loss: -1.2589
Iter 383/500 - Loss: -1.2592
Iter 384/500 - Loss: -1.2594
Iter 385/500 - Loss: -1.2596
Iter 386/500 - Loss: -1.2599
Iter 387/500 - Loss: -1.2601
Iter 388/500 - Loss: -1.2603
Iter 389/500 - Loss: -1.2605
Iter 390/500 - Loss: -1.2607
Iter 391/500 - Loss: -1.2610
Iter 392/500 - Loss: -1.2612
Iter 393/500 - Loss: -1.2614
Iter 394/500 - Loss: -1.2616
Iter 395/500 - Loss: -1.2618
Iter 396/500 - Loss: -1.2620
Iter 397/500 - Loss: -1.2622
Iter 398/500 - Loss: -1.2624
Iter 399/500 - Loss: -1.2626
Iter 400/500 - Loss: -1.2628
Iter 401/500 - Loss: -1.2630
Iter 402/500 - Loss: -1.2632
Iter 403/500 - Loss: -1.2634
Iter 404/500 - Loss: -1.2636
Iter 405/500 - Loss: -1.2638
Iter 406/500 - Loss: -1.2640
Iter 407/500 - Loss: -1.2642
Iter 408/500 - Loss: -1.2644
Iter 409/500 - Loss: -1.2646
Iter 410/500 - Loss: -1.2648
Iter 411/500 - Loss: -1.2650
Iter 412/500 - Loss: -1.2651
Iter 413/500 - Loss: -1.2653
Iter 414/500 - Loss: -1.2655
Iter 415/500 - Loss: -1.2657
Iter 416/500 - Loss: -1.2659
Iter 417/500 - Loss: -1.2661
Iter 418/500 - Loss: -1.2662
Iter 419/500 - Loss: -1.2664
Iter 420/500 - Loss: -1.2666
Iter 421/500 - Loss: -1.2668
Iter 422/500 - Loss: -1.2669
Iter 423/500 - Loss: -1.2671
Iter 424/500 - Loss: -1.2673
Iter 425/500 - Loss: -1.2675
Iter 426/500 - Loss: -1.2676
Iter 427/500 - Loss: -1.2678
Iter 428/500 - Loss: -1.2680
Iter 429/500 - Loss: -1.2682
Iter 430/500 - Loss: -1.2684
Iter 431/500 - Loss: -1.2685
Iter 432/500 - Loss: -1.2687
Iter 433/500 - Loss: -1.2689
Iter 434/500 - Loss: -1.2692
Iter 435/500 - Loss: -1.2694
Iter 436/500 - Loss: -1.2697
Iter 437/500 - Loss: -1.2699
Iter 438/500 - Loss: -1.2703
Iter 439/500 - Loss: -1.2706
Iter 440/500 - Loss: -1.2711
Iter 441/500 - Loss: -1.2716
Iter 442/500 - Loss: -1.2723
Iter 443/500 - Loss: -1.2733
Iter 444/500 - Loss: -1.2749
Iter 445/500 - Loss: -1.2771
Iter 446/500 - Loss: -1.2797
Iter 447/500 - Loss: -1.2822
Iter 448/500 - Loss: -1.2840
Iter 449/500 - Loss: -1.2851
Iter 450/500 - Loss: -1.2856
Iter 451/500 - Loss: -1.2858
Iter 452/500 - Loss: -1.2859
Iter 453/500 - Loss: -1.2860
Iter 454/500 - Loss: -1.2862
Iter 455/500 - Loss: -1.2866
Iter 456/500 - Loss: -1.2871
Iter 457/500 - Loss: -1.2877
Iter 458/500 - Loss: -1.2884
Iter 459/500 - Loss: -1.2892
Iter 460/500 - Loss: -1.2898
Iter 461/500 - Loss: -1.2903
Iter 462/500 - Loss: -1.2907
Iter 463/500 - Loss: -1.2910
Iter 464/500 - Loss: -1.2914
Iter 465/500 - Loss: -1.2919
Iter 466/500 - Loss: -1.2923
Iter 467/500 - Loss: -1.2927
Iter 468/500 - Loss: -1.2930
Iter 469/500 - Loss: -1.2933
Iter 470/500 - Loss: -1.2935
Iter 471/500 - Loss: -1.2938
Iter 472/500 - Loss: -1.2941
Iter 473/500 - Loss: -1.2944
Iter 474/500 - Loss: -1.2947
Iter 475/500 - Loss: -1.2950
Iter 476/500 - Loss: -1.2952
Iter 477/500 - Loss: -1.2954
Iter 478/500 - Loss: -1.2957
Iter 479/500 - Loss: -1.2958
Iter 480/500 - Loss: -1.2960
Iter 481/500 - Loss: -1.2962
Iter 482/500 - Loss: -1.2964
Iter 483/500 - Loss: -1.2965
Iter 484/500 - Loss: -1.2967
Iter 485/500 - Loss: -1.2969
Iter 486/500 - Loss: -1.2970
Iter 487/500 - Loss: -1.2971
Iter 488/500 - Loss: -1.2973
Iter 489/500 - Loss: -1.2974
Iter 490/500 - Loss: -1.2975
Iter 491/500 - Loss: -1.2976
Iter 492/500 - Loss: -1.2977
Iter 493/500 - Loss: -1.2978
Iter 494/500 - Loss: -1.2980
Iter 495/500 - Loss: -1.2981
Iter 496/500 - Loss: -1.2982
Iter 497/500 - Loss: -1.2983
Iter 498/500 - Loss: -1.2984
Iter 499/500 - Loss: -1.2985
Iter 500/500 - Loss: -1.2986
OrderedDict([('likelihood.raw_task_noises', tensor([-6.1994, -8.3991, -7.6655, -9.4199])), ('likelihood.raw_task_noises_constraint.lower_bound', tensor(1.0000e-04)), ('likelihood.raw_task_noises_constraint.upper_bound', tensor(inf)), ('mean_module.base_means.0.weights', tensor([[-1.0970],
        [-0.2480],
        [-0.6471],
        [ 0.2271],
        [-0.0453],
        [-0.8220],
        [ 1.7929],
        [-1.5834]])), ('mean_module.base_means.0.bias', tensor([1.5456])), ('mean_module.base_means.1.weights', tensor([[ 0.3391],
        [ 0.2368],
        [-0.2361],
        [-0.3828],
        [-0.2737],
        [ 1.0398],
        [-0.5419],
        [ 1.3499]])), ('mean_module.base_means.1.bias', tensor([-1.0092])), ('mean_module.base_means.2.weights', tensor([[ 0.6142],
        [ 0.0633],
        [ 0.6317],
        [ 0.7005],
        [ 0.0424],
        [ 0.4536],
        [-0.4515],
        [ 2.3914]])), ('mean_module.base_means.2.bias', tensor([-2.1191])), ('mean_module.base_means.3.weights', tensor([[-0.2468],
        [ 0.1399],
        [-1.2132],
        [-1.0727],
        [ 0.0053],
        [ 1.3406],
        [-0.6398],
        [-0.9269]])), ('mean_module.base_means.3.bias', tensor([0.7223])), ('covar_module.task_covar_module.covar_factor', tensor([[ 0.3546],
        [ 0.5231],
        [-0.0092],
        [ 0.7472]])), ('covar_module.task_covar_module.raw_var', tensor([-0.3292, -1.0468, -1.3548, -4.7023])), ('covar_module.task_covar_module.raw_var_constraint.lower_bound', tensor(0.)), ('covar_module.task_covar_module.raw_var_constraint.upper_bound', tensor(inf)), ('covar_module.data_covar_module.raw_mixture_weights', tensor([-3.4316, -3.4316,  0.4261])), ('covar_module.data_covar_module.raw_mixture_means', tensor([[[-0.4770, -3.4157, -0.6742, -1.0720, -0.4450, -0.7728, -1.4030,
          -1.6166]],

        [[-0.4770, -3.4157, -0.6742, -1.0720, -0.4450, -0.7728, -1.4030,
          -1.6166]],

        [[-2.3220, -2.0938, -2.4661, -2.3968, -2.3699, -1.0694, -2.5703,
          -1.6449]]])), ('covar_module.data_covar_module.raw_mixture_scales', tensor([[[ 6.5773, -3.0095,  7.3476, -1.3738,  7.6610, -2.1008,  7.6251,
           0.8733]],

        [[ 6.5773, -3.0095,  7.3476, -1.3738,  7.6610, -2.1008,  7.6251,
           0.8733]],

        [[-1.0518, -2.2219, -1.7609, -1.3311, -1.5294, -1.7791, -2.1972,
          -1.4472]]])), ('covar_module.data_covar_module.raw_mixture_scales_constraint.lower_bound', tensor(0.)), ('covar_module.data_covar_module.raw_mixture_scales_constraint.upper_bound', tensor(inf)), ('covar_module.data_covar_module.raw_mixture_means_constraint.lower_bound', tensor(0.)), ('covar_module.data_covar_module.raw_mixture_means_constraint.upper_bound', tensor(inf)), ('covar_module.data_covar_module.raw_mixture_weights_constraint.lower_bound', tensor(0.)), ('covar_module.data_covar_module.raw_mixture_weights_constraint.upper_bound', tensor(inf))])
