Leaving out Box_n50_0_1400
Box47_1400 2.3038301302700224
{'ns': 0.97000003, 'H0': 67.0, 'w0': -1.0, 'ombh2': 0.0223, 'omch2': 0.12, 'nu_mass_ev': 0.07071068, '10^9 As': 2.10100315}
(2234, 8)
(2234, 4)
scaling input
(2234, 8)
scaling output
(2234, 4)
Iter 1/500 - Loss: 2.4902
Iter 2/500 - Loss: 2.2050
Iter 3/500 - Loss: 1.9405
Iter 4/500 - Loss: 1.6967
Iter 5/500 - Loss: 1.4735
Iter 6/500 - Loss: 1.2711
Iter 7/500 - Loss: 1.0898
Iter 8/500 - Loss: 0.9300
Iter 9/500 - Loss: 0.7930
Iter 10/500 - Loss: 0.6807
Iter 11/500 - Loss: 0.5944
Iter 12/500 - Loss: 0.5336
Iter 13/500 - Loss: 0.4945
Iter 14/500 - Loss: 0.4698
Iter 15/500 - Loss: 0.4516
Iter 16/500 - Loss: 0.4333
Iter 17/500 - Loss: 0.4098
Iter 18/500 - Loss: 0.3780
Iter 19/500 - Loss: 0.3361
Iter 20/500 - Loss: 0.2843
Iter 21/500 - Loss: 0.2247
Iter 22/500 - Loss: 0.1613
Iter 23/500 - Loss: 0.0990
Iter 24/500 - Loss: 0.0411
Iter 25/500 - Loss: -0.0110
Iter 26/500 - Loss: -0.0565
Iter 27/500 - Loss: -0.0957
Iter 28/500 - Loss: -0.1304
Iter 29/500 - Loss: -0.1628
Iter 30/500 - Loss: -0.1946
Iter 31/500 - Loss: -0.2271
Iter 32/500 - Loss: -0.2606
Iter 33/500 - Loss: -0.2955
Iter 34/500 - Loss: -0.3314
Iter 35/500 - Loss: -0.3679
Iter 36/500 - Loss: -0.4045
Iter 37/500 - Loss: -0.4406
Iter 38/500 - Loss: -0.4756
Iter 39/500 - Loss: -0.5090
Iter 40/500 - Loss: -0.5404
Iter 41/500 - Loss: -0.5696
Iter 42/500 - Loss: -0.5967
Iter 43/500 - Loss: -0.6221
Iter 44/500 - Loss: -0.6466
Iter 45/500 - Loss: -0.6708
Iter 46/500 - Loss: -0.6953
Iter 47/500 - Loss: -0.7203
Iter 48/500 - Loss: -0.7456
Iter 49/500 - Loss: -0.7706
Iter 50/500 - Loss: -0.7947
Iter 51/500 - Loss: -0.8172
Iter 52/500 - Loss: -0.8380
Iter 53/500 - Loss: -0.8571
Iter 54/500 - Loss: -0.8748
Iter 55/500 - Loss: -0.8916
Iter 56/500 - Loss: -0.9075
Iter 57/500 - Loss: -0.9227
Iter 58/500 - Loss: -0.9369
Iter 59/500 - Loss: -0.9498
Iter 60/500 - Loss: -0.9615
Iter 61/500 - Loss: -0.9724
Iter 62/500 - Loss: -0.9832
Iter 63/500 - Loss: -0.9940
Iter 64/500 - Loss: -1.0045
Iter 65/500 - Loss: -1.0145
Iter 66/500 - Loss: -1.0237
Iter 67/500 - Loss: -1.0321
Iter 68/500 - Loss: -1.0401
Iter 69/500 - Loss: -1.0476
Iter 70/500 - Loss: -1.0548
Iter 71/500 - Loss: -1.0615
Iter 72/500 - Loss: -1.0675
Iter 73/500 - Loss: -1.0721
Iter 74/500 - Loss: -1.0765
Iter 75/500 - Loss: -1.0827
Iter 76/500 - Loss: -1.0853
Iter 77/500 - Loss: -1.0907
Iter 78/500 - Loss: -1.0933
Iter 79/500 - Loss: -1.0969
Iter 80/500 - Loss: -1.0994
Iter 81/500 - Loss: -1.1014
Iter 82/500 - Loss: -1.1038
Iter 83/500 - Loss: -1.1046
Iter 84/500 - Loss: -1.1071
Iter 85/500 - Loss: -1.1081
Iter 86/500 - Loss: -1.1099
Iter 87/500 - Loss: -1.1104
Iter 88/500 - Loss: -1.1120
Iter 89/500 - Loss: -1.1128
Iter 90/500 - Loss: -1.1137
Iter 91/500 - Loss: -1.1150
Iter 92/500 - Loss: -1.1153
Iter 93/500 - Loss: -1.1166
Iter 94/500 - Loss: -1.1168
Iter 95/500 - Loss: -1.1177
Iter 96/500 - Loss: -1.1182
Iter 97/500 - Loss: -1.1187
Iter 98/500 - Loss: -1.1192
Iter 99/500 - Loss: -1.1196
Iter 100/500 - Loss: -1.1200
Iter 101/500 - Loss: -1.1204
Iter 102/500 - Loss: -1.1207
Iter 103/500 - Loss: -1.1210
Iter 104/500 - Loss: -1.1214
Iter 105/500 - Loss: -1.1216
Iter 106/500 - Loss: -1.1220
Iter 107/500 - Loss: -1.1222
Iter 108/500 - Loss: -1.1225
Iter 109/500 - Loss: -1.1227
Iter 110/500 - Loss: -1.1231
Iter 111/500 - Loss: -1.1234
Iter 112/500 - Loss: -1.1239
Iter 113/500 - Loss: -1.1244
Iter 114/500 - Loss: -1.1250
Iter 115/500 - Loss: -1.1259
Iter 116/500 - Loss: -1.1269
Iter 117/500 - Loss: -1.1282
Iter 118/500 - Loss: -1.1296
Iter 119/500 - Loss: -1.1312
Iter 120/500 - Loss: -1.1328
Iter 121/500 - Loss: -1.1345
Iter 122/500 - Loss: -1.1361
Iter 123/500 - Loss: -1.1377
Iter 124/500 - Loss: -1.1393
Iter 125/500 - Loss: -1.1409
Iter 126/500 - Loss: -1.1425
Iter 127/500 - Loss: -1.1442
Iter 128/500 - Loss: -1.1458
Iter 129/500 - Loss: -1.1475
Iter 130/500 - Loss: -1.1492
Iter 131/500 - Loss: -1.1510
Iter 132/500 - Loss: -1.1527
Iter 133/500 - Loss: -1.1545
Iter 134/500 - Loss: -1.1563
Iter 135/500 - Loss: -1.1580
Iter 136/500 - Loss: -1.1597
Iter 137/500 - Loss: -1.1613
Iter 138/500 - Loss: -1.1628
Iter 139/500 - Loss: -1.1642
Iter 140/500 - Loss: -1.1656
Iter 141/500 - Loss: -1.1669
Iter 142/500 - Loss: -1.1681
Iter 143/500 - Loss: -1.1693
Iter 144/500 - Loss: -1.1705
Iter 145/500 - Loss: -1.1716
Iter 146/500 - Loss: -1.1728
Iter 147/500 - Loss: -1.1739
Iter 148/500 - Loss: -1.1750
Iter 149/500 - Loss: -1.1762
Iter 150/500 - Loss: -1.1773
Iter 151/500 - Loss: -1.1785
Iter 152/500 - Loss: -1.1796
Iter 153/500 - Loss: -1.1807
Iter 154/500 - Loss: -1.1819
Iter 155/500 - Loss: -1.1830
Iter 156/500 - Loss: -1.1841
Iter 157/500 - Loss: -1.1853
Iter 158/500 - Loss: -1.1863
Iter 159/500 - Loss: -1.1874
Iter 160/500 - Loss: -1.1884
Iter 161/500 - Loss: -1.1894
Iter 162/500 - Loss: -1.1904
Iter 163/500 - Loss: -1.1913
Iter 164/500 - Loss: -1.1922
Iter 165/500 - Loss: -1.1930
Iter 166/500 - Loss: -1.1938
Iter 167/500 - Loss: -1.1945
Iter 168/500 - Loss: -1.1952
Iter 169/500 - Loss: -1.1959
Iter 170/500 - Loss: -1.1966
Iter 171/500 - Loss: -1.1972
Iter 172/500 - Loss: -1.1978
Iter 173/500 - Loss: -1.1984
Iter 174/500 - Loss: -1.1990
Iter 175/500 - Loss: -1.1996
Iter 176/500 - Loss: -1.2002
Iter 177/500 - Loss: -1.2008
Iter 178/500 - Loss: -1.2014
Iter 179/500 - Loss: -1.2019
Iter 180/500 - Loss: -1.2025
Iter 181/500 - Loss: -1.2031
Iter 182/500 - Loss: -1.2036
Iter 183/500 - Loss: -1.2042
Iter 184/500 - Loss: -1.2048
Iter 185/500 - Loss: -1.2053
Iter 186/500 - Loss: -1.2059
Iter 187/500 - Loss: -1.2064
Iter 188/500 - Loss: -1.2070
Iter 189/500 - Loss: -1.2075
Iter 190/500 - Loss: -1.2081
Iter 191/500 - Loss: -1.2086
Iter 192/500 - Loss: -1.2092
Iter 193/500 - Loss: -1.2097
Iter 194/500 - Loss: -1.2103
Iter 195/500 - Loss: -1.2108
Iter 196/500 - Loss: -1.2114
Iter 197/500 - Loss: -1.2119
Iter 198/500 - Loss: -1.2125
Iter 199/500 - Loss: -1.2131
Iter 200/500 - Loss: -1.2136
Iter 201/500 - Loss: -1.2142
Iter 202/500 - Loss: -1.2147
Iter 203/500 - Loss: -1.2153
Iter 204/500 - Loss: -1.2158
Iter 205/500 - Loss: -1.2163
Iter 206/500 - Loss: -1.2169
Iter 207/500 - Loss: -1.2174
Iter 208/500 - Loss: -1.2179
Iter 209/500 - Loss: -1.2184
Iter 210/500 - Loss: -1.2189
Iter 211/500 - Loss: -1.2194
Iter 212/500 - Loss: -1.2199
Iter 213/500 - Loss: -1.2204
Iter 214/500 - Loss: -1.2208
Iter 215/500 - Loss: -1.2213
Iter 216/500 - Loss: -1.2217
Iter 217/500 - Loss: -1.2222
Iter 218/500 - Loss: -1.2226
Iter 219/500 - Loss: -1.2230
Iter 220/500 - Loss: -1.2234
Iter 221/500 - Loss: -1.2238
Iter 222/500 - Loss: -1.2242
Iter 223/500 - Loss: -1.2246
Iter 224/500 - Loss: -1.2249
Iter 225/500 - Loss: -1.2253
Iter 226/500 - Loss: -1.2256
Iter 227/500 - Loss: -1.2260
Iter 228/500 - Loss: -1.2263
Iter 229/500 - Loss: -1.2267
Iter 230/500 - Loss: -1.2270
Iter 231/500 - Loss: -1.2273
Iter 232/500 - Loss: -1.2276
Iter 233/500 - Loss: -1.2279
Iter 234/500 - Loss: -1.2282
Iter 235/500 - Loss: -1.2285
Iter 236/500 - Loss: -1.2288
Iter 237/500 - Loss: -1.2291
Iter 238/500 - Loss: -1.2294
Iter 239/500 - Loss: -1.2296
Iter 240/500 - Loss: -1.2299
Iter 241/500 - Loss: -1.2302
Iter 242/500 - Loss: -1.2304
Iter 243/500 - Loss: -1.2307
Iter 244/500 - Loss: -1.2309
Iter 245/500 - Loss: -1.2312
Iter 246/500 - Loss: -1.2314
Iter 247/500 - Loss: -1.2316
Iter 248/500 - Loss: -1.2319
Iter 249/500 - Loss: -1.2321
Iter 250/500 - Loss: -1.2323
Iter 251/500 - Loss: -1.2325
Iter 252/500 - Loss: -1.2327
Iter 253/500 - Loss: -1.2329
Iter 254/500 - Loss: -1.2332
Iter 255/500 - Loss: -1.2334
Iter 256/500 - Loss: -1.2336
Iter 257/500 - Loss: -1.2338
Iter 258/500 - Loss: -1.2339
Iter 259/500 - Loss: -1.2341
Iter 260/500 - Loss: -1.2343
Iter 261/500 - Loss: -1.2345
Iter 262/500 - Loss: -1.2347
Iter 263/500 - Loss: -1.2349
Iter 264/500 - Loss: -1.2350
Iter 265/500 - Loss: -1.2352
Iter 266/500 - Loss: -1.2354
Iter 267/500 - Loss: -1.2356
Iter 268/500 - Loss: -1.2357
Iter 269/500 - Loss: -1.2359
Iter 270/500 - Loss: -1.2361
Iter 271/500 - Loss: -1.2362
Iter 272/500 - Loss: -1.2364
Iter 273/500 - Loss: -1.2365
Iter 274/500 - Loss: -1.2367
Iter 275/500 - Loss: -1.2368
Iter 276/500 - Loss: -1.2370
Iter 277/500 - Loss: -1.2371
Iter 278/500 - Loss: -1.2373
Iter 279/500 - Loss: -1.2374
Iter 280/500 - Loss: -1.2376
Iter 281/500 - Loss: -1.2377
Iter 282/500 - Loss: -1.2379
Iter 283/500 - Loss: -1.2380
Iter 284/500 - Loss: -1.2381
Iter 285/500 - Loss: -1.2383
Iter 286/500 - Loss: -1.2384
Iter 287/500 - Loss: -1.2385
Iter 288/500 - Loss: -1.2387
Iter 289/500 - Loss: -1.2388
Iter 290/500 - Loss: -1.2389
Iter 291/500 - Loss: -1.2390
Iter 292/500 - Loss: -1.2391
Iter 293/500 - Loss: -1.2393
Iter 294/500 - Loss: -1.2394
Iter 295/500 - Loss: -1.2395
Iter 296/500 - Loss: -1.2396
Iter 297/500 - Loss: -1.2397
Iter 298/500 - Loss: -1.2399
Iter 299/500 - Loss: -1.2400
Iter 300/500 - Loss: -1.2401
Iter 301/500 - Loss: -1.2402
Iter 302/500 - Loss: -1.2403
Iter 303/500 - Loss: -1.2404
Iter 304/500 - Loss: -1.2405
Iter 305/500 - Loss: -1.2406
Iter 306/500 - Loss: -1.2407
Iter 307/500 - Loss: -1.2408
Iter 308/500 - Loss: -1.2409
Iter 309/500 - Loss: -1.2410
Iter 310/500 - Loss: -1.2411
Iter 311/500 - Loss: -1.2412
Iter 312/500 - Loss: -1.2413
Iter 313/500 - Loss: -1.2414
Iter 314/500 - Loss: -1.2415
Iter 315/500 - Loss: -1.2416
Iter 316/500 - Loss: -1.2417
Iter 317/500 - Loss: -1.2418
Iter 318/500 - Loss: -1.2419
Iter 319/500 - Loss: -1.2420
Iter 320/500 - Loss: -1.2420
Iter 321/500 - Loss: -1.2421
Iter 322/500 - Loss: -1.2422
Iter 323/500 - Loss: -1.2423
Iter 324/500 - Loss: -1.2424
Iter 325/500 - Loss: -1.2425
Iter 326/500 - Loss: -1.2426
Iter 327/500 - Loss: -1.2426
Iter 328/500 - Loss: -1.2427
Iter 329/500 - Loss: -1.2428
Iter 330/500 - Loss: -1.2429
Iter 331/500 - Loss: -1.2430
Iter 332/500 - Loss: -1.2430
Iter 333/500 - Loss: -1.2431
Iter 334/500 - Loss: -1.2432
Iter 335/500 - Loss: -1.2433
Iter 336/500 - Loss: -1.2434
Iter 337/500 - Loss: -1.2434
Iter 338/500 - Loss: -1.2435
Iter 339/500 - Loss: -1.2436
Iter 340/500 - Loss: -1.2437
Iter 341/500 - Loss: -1.2438
Iter 342/500 - Loss: -1.2438
Iter 343/500 - Loss: -1.2439
Iter 344/500 - Loss: -1.2440
Iter 345/500 - Loss: -1.2441
Iter 346/500 - Loss: -1.2442
Iter 347/500 - Loss: -1.2442
Iter 348/500 - Loss: -1.2443
Iter 349/500 - Loss: -1.2444
Iter 350/500 - Loss: -1.2445
Iter 351/500 - Loss: -1.2445
Iter 352/500 - Loss: -1.2446
Iter 353/500 - Loss: -1.2447
Iter 354/500 - Loss: -1.2448
Iter 355/500 - Loss: -1.2449
Iter 356/500 - Loss: -1.2449
Iter 357/500 - Loss: -1.2450
Iter 358/500 - Loss: -1.2451
Iter 359/500 - Loss: -1.2452
Iter 360/500 - Loss: -1.2453
Iter 361/500 - Loss: -1.2454
Iter 362/500 - Loss: -1.2455
Iter 363/500 - Loss: -1.2455
Iter 364/500 - Loss: -1.2456
Iter 365/500 - Loss: -1.2457
Iter 366/500 - Loss: -1.2458
Iter 367/500 - Loss: -1.2459
Iter 368/500 - Loss: -1.2460
Iter 369/500 - Loss: -1.2461
Iter 370/500 - Loss: -1.2461
Iter 371/500 - Loss: -1.2462
Iter 372/500 - Loss: -1.2463
Iter 373/500 - Loss: -1.2464
Iter 374/500 - Loss: -1.2465
Iter 375/500 - Loss: -1.2466
Iter 376/500 - Loss: -1.2467
Iter 377/500 - Loss: -1.2468
Iter 378/500 - Loss: -1.2469
Iter 379/500 - Loss: -1.2470
Iter 380/500 - Loss: -1.2471
Iter 381/500 - Loss: -1.2472
Iter 382/500 - Loss: -1.2473
Iter 383/500 - Loss: -1.2474
Iter 384/500 - Loss: -1.2475
Iter 385/500 - Loss: -1.2476
Iter 386/500 - Loss: -1.2477
Iter 387/500 - Loss: -1.2479
Iter 388/500 - Loss: -1.2480
Iter 389/500 - Loss: -1.2481
Iter 390/500 - Loss: -1.2482
Iter 391/500 - Loss: -1.2483
Iter 392/500 - Loss: -1.2484
Iter 393/500 - Loss: -1.2486
Iter 394/500 - Loss: -1.2487
Iter 395/500 - Loss: -1.2488
Iter 396/500 - Loss: -1.2490
Iter 397/500 - Loss: -1.2491
Iter 398/500 - Loss: -1.2492
Iter 399/500 - Loss: -1.2494
Iter 400/500 - Loss: -1.2495
Iter 401/500 - Loss: -1.2496
Iter 402/500 - Loss: -1.2498
Iter 403/500 - Loss: -1.2499
Iter 404/500 - Loss: -1.2501
Iter 405/500 - Loss: -1.2502
Iter 406/500 - Loss: -1.2504
Iter 407/500 - Loss: -1.2506
Iter 408/500 - Loss: -1.2507
Iter 409/500 - Loss: -1.2509
Iter 410/500 - Loss: -1.2511
Iter 411/500 - Loss: -1.2512
Iter 412/500 - Loss: -1.2514
Iter 413/500 - Loss: -1.2516
Iter 414/500 - Loss: -1.2518
Iter 415/500 - Loss: -1.2520
Iter 416/500 - Loss: -1.2522
Iter 417/500 - Loss: -1.2523
Iter 418/500 - Loss: -1.2525
Iter 419/500 - Loss: -1.2528
Iter 420/500 - Loss: -1.2530
Iter 421/500 - Loss: -1.2532
Iter 422/500 - Loss: -1.2534
Iter 423/500 - Loss: -1.2536
Iter 424/500 - Loss: -1.2538
Iter 425/500 - Loss: -1.2541
Iter 426/500 - Loss: -1.2543
Iter 427/500 - Loss: -1.2546
Iter 428/500 - Loss: -1.2549
Iter 429/500 - Loss: -1.2553
Iter 430/500 - Loss: -1.2557
Iter 431/500 - Loss: -1.2563
Iter 432/500 - Loss: -1.2570
Iter 433/500 - Loss: -1.2579
Iter 434/500 - Loss: -1.2592
Iter 435/500 - Loss: -1.2610
Iter 436/500 - Loss: -1.2635
Iter 437/500 - Loss: -1.2666
Iter 438/500 - Loss: -1.2698
Iter 439/500 - Loss: -1.2725
Iter 440/500 - Loss: -1.2742
Iter 441/500 - Loss: -1.2751
Iter 442/500 - Loss: -1.2755
Iter 443/500 - Loss: -1.2757
Iter 444/500 - Loss: -1.2758
Iter 445/500 - Loss: -1.2761
Iter 446/500 - Loss: -1.2765
Iter 447/500 - Loss: -1.2771
Iter 448/500 - Loss: -1.2778
Iter 449/500 - Loss: -1.2786
Iter 450/500 - Loss: -1.2794
Iter 451/500 - Loss: -1.2801
Iter 452/500 - Loss: -1.2806
Iter 453/500 - Loss: -1.2809
Iter 454/500 - Loss: -1.2811
Iter 455/500 - Loss: -1.2815
Iter 456/500 - Loss: -1.2820
Iter 457/500 - Loss: -1.2824
Iter 458/500 - Loss: -1.2827
Iter 459/500 - Loss: -1.2829
Iter 460/500 - Loss: -1.2831
Iter 461/500 - Loss: -1.2834
Iter 462/500 - Loss: -1.2837
Iter 463/500 - Loss: -1.2840
Iter 464/500 - Loss: -1.2843
Iter 465/500 - Loss: -1.2845
Iter 466/500 - Loss: -1.2847
Iter 467/500 - Loss: -1.2849
Iter 468/500 - Loss: -1.2852
Iter 469/500 - Loss: -1.2854
Iter 470/500 - Loss: -1.2856
Iter 471/500 - Loss: -1.2858
Iter 472/500 - Loss: -1.2860
Iter 473/500 - Loss: -1.2861
Iter 474/500 - Loss: -1.2863
Iter 475/500 - Loss: -1.2864
Iter 476/500 - Loss: -1.2866
Iter 477/500 - Loss: -1.2868
Iter 478/500 - Loss: -1.2869
Iter 479/500 - Loss: -1.2871
Iter 480/500 - Loss: -1.2872
Iter 481/500 - Loss: -1.2874
Iter 482/500 - Loss: -1.2875
Iter 483/500 - Loss: -1.2876
Iter 484/500 - Loss: -1.2877
Iter 485/500 - Loss: -1.2879
Iter 486/500 - Loss: -1.2880
Iter 487/500 - Loss: -1.2881
Iter 488/500 - Loss: -1.2883
Iter 489/500 - Loss: -1.2884
Iter 490/500 - Loss: -1.2885
Iter 491/500 - Loss: -1.2886
Iter 492/500 - Loss: -1.2887
Iter 493/500 - Loss: -1.2889
Iter 494/500 - Loss: -1.2890
Iter 495/500 - Loss: -1.2891
Iter 496/500 - Loss: -1.2892
Iter 497/500 - Loss: -1.2893
Iter 498/500 - Loss: -1.2894
Iter 499/500 - Loss: -1.2895
Iter 500/500 - Loss: -1.2896
OrderedDict([('likelihood.raw_task_noises', tensor([-6.1276, -8.2896, -7.5894, -9.2339])), ('likelihood.raw_task_noises_constraint.lower_bound', tensor(1.0000e-04)), ('likelihood.raw_task_noises_constraint.upper_bound', tensor(inf)), ('mean_module.base_means.0.weights', tensor([[-1.2245],
        [-0.2747],
        [-0.7225],
        [ 0.2174],
        [ 0.0970],
        [-0.8144],
        [ 1.7791],
        [-1.4991]])), ('mean_module.base_means.0.bias', tensor([1.4904])), ('mean_module.base_means.1.weights', tensor([[ 0.4375],
        [ 0.1043],
        [-0.2506],
        [-0.4675],
        [-0.1817],
        [ 0.7741],
        [-0.5494],
        [ 1.4658]])), ('mean_module.base_means.1.bias', tensor([-0.9922])), ('mean_module.base_means.2.weights', tensor([[ 0.6934],
        [ 0.0982],
        [ 0.6849],
        [ 0.6527],
        [-0.0342],
        [ 0.4679],
        [-0.4708],
        [ 2.3927]])), ('mean_module.base_means.2.bias', tensor([-2.0855])), ('mean_module.base_means.3.weights', tensor([[-0.0610],
        [ 0.0950],
        [-1.2279],
        [-1.0883],
        [ 0.1678],
        [ 1.2382],
        [-0.6402],
        [-0.7484]])), ('mean_module.base_means.3.bias', tensor([0.4044])), ('covar_module.task_covar_module.covar_factor', tensor([[-0.4278],
        [-0.6370],
        [ 0.0017],
        [-0.9135]])), ('covar_module.task_covar_module.raw_var', tensor([ 0.0277, -0.6774, -1.0551, -4.4562])), ('covar_module.task_covar_module.raw_var_constraint.lower_bound', tensor(0.)), ('covar_module.task_covar_module.raw_var_constraint.upper_bound', tensor(inf)), ('covar_module.data_covar_module.raw_mixture_weights', tensor([-3.3306, -3.3306,  0.3524])), ('covar_module.data_covar_module.raw_mixture_means', tensor([[[-2.6746, -3.5469, -0.8951, -1.1315, -0.2135, -0.8483, -0.8689,
          -1.5973]],

        [[-2.6746, -3.5469, -0.8951, -1.1315, -0.2135, -0.8483, -0.8689,
          -1.5973]],

        [[-2.1843, -1.9246, -2.2473, -1.2691, -2.4816, -1.1016, -2.6847,
          -1.5755]]])), ('covar_module.data_covar_module.raw_mixture_scales', tensor([[[-2.4274, -3.2260,  9.2669, -1.4269,  8.2145, -1.8122,  7.1448,
           0.7766]],

        [[-2.4274, -3.2260,  9.2669, -1.4269,  8.2145, -1.8122,  7.1448,
           0.7766]],

        [[-0.4200, -2.9245, -1.8872, -2.7581, -1.5843, -1.6790, -2.2983,
          -1.5345]]])), ('covar_module.data_covar_module.raw_mixture_scales_constraint.lower_bound', tensor(0.)), ('covar_module.data_covar_module.raw_mixture_scales_constraint.upper_bound', tensor(inf)), ('covar_module.data_covar_module.raw_mixture_means_constraint.lower_bound', tensor(0.)), ('covar_module.data_covar_module.raw_mixture_means_constraint.upper_bound', tensor(inf)), ('covar_module.data_covar_module.raw_mixture_weights_constraint.lower_bound', tensor(0.)), ('covar_module.data_covar_module.raw_mixture_weights_constraint.upper_bound', tensor(inf))])
