Leaving out Box26_1400
{'ns': 0.97000003, 'H0': 67.0, 'w0': -1.0, 'ombh2': 0.0223, 'omch2': 0.12, 'nu_mass_ev': 0.07071068, '10^9 As': 2.10100315}
(149, 7)
(149, 8)
scaling input
(149, 7)
scaling output
(149, 8)
Iter 1/1000 - Loss: 0.5058
Iter 2/1000 - Loss: 0.4927
Iter 3/1000 - Loss: 0.4797
Iter 4/1000 - Loss: 0.4667
Iter 5/1000 - Loss: 0.4538
Iter 6/1000 - Loss: 0.4410
Iter 7/1000 - Loss: 0.4283
Iter 8/1000 - Loss: 0.4156
Iter 9/1000 - Loss: 0.4029
Iter 10/1000 - Loss: 0.3903
Iter 11/1000 - Loss: 0.3777
Iter 12/1000 - Loss: 0.3652
Iter 13/1000 - Loss: 0.3526
Iter 14/1000 - Loss: 0.3400
Iter 15/1000 - Loss: 0.3275
Iter 16/1000 - Loss: 0.3148
Iter 17/1000 - Loss: 0.3022
Iter 18/1000 - Loss: 0.2895
Iter 19/1000 - Loss: 0.2768
Iter 20/1000 - Loss: 0.2640
Iter 21/1000 - Loss: 0.2512
Iter 22/1000 - Loss: 0.2384
Iter 23/1000 - Loss: 0.2255
Iter 24/1000 - Loss: 0.2126
Iter 25/1000 - Loss: 0.1996
Iter 26/1000 - Loss: 0.1865
Iter 27/1000 - Loss: 0.1734
Iter 28/1000 - Loss: 0.1603
Iter 29/1000 - Loss: 0.1471
Iter 30/1000 - Loss: 0.1338
Iter 31/1000 - Loss: 0.1205
Iter 32/1000 - Loss: 0.1072
Iter 33/1000 - Loss: 0.0937
Iter 34/1000 - Loss: 0.0803
Iter 35/1000 - Loss: 0.0667
Iter 36/1000 - Loss: 0.0531
Iter 37/1000 - Loss: 0.0394
Iter 38/1000 - Loss: 0.0257
Iter 39/1000 - Loss: 0.0119
Iter 40/1000 - Loss: -0.0020
Iter 41/1000 - Loss: -0.0159
Iter 42/1000 - Loss: -0.0299
Iter 43/1000 - Loss: -0.0440
Iter 44/1000 - Loss: -0.0581
Iter 45/1000 - Loss: -0.0723
Iter 46/1000 - Loss: -0.0865
Iter 47/1000 - Loss: -0.1008
Iter 48/1000 - Loss: -0.1151
Iter 49/1000 - Loss: -0.1296
Iter 50/1000 - Loss: -0.1440
Iter 51/1000 - Loss: -0.1586
Iter 52/1000 - Loss: -0.1732
Iter 53/1000 - Loss: -0.1878
Iter 54/1000 - Loss: -0.2025
Iter 55/1000 - Loss: -0.2172
Iter 56/1000 - Loss: -0.2319
Iter 57/1000 - Loss: -0.2467
Iter 58/1000 - Loss: -0.2615
Iter 59/1000 - Loss: -0.2764
Iter 60/1000 - Loss: -0.2913
Iter 61/1000 - Loss: -0.3061
Iter 62/1000 - Loss: -0.3210
Iter 63/1000 - Loss: -0.3359
Iter 64/1000 - Loss: -0.3508
Iter 65/1000 - Loss: -0.3657
Iter 66/1000 - Loss: -0.3806
Iter 67/1000 - Loss: -0.3954
Iter 68/1000 - Loss: -0.4103
Iter 69/1000 - Loss: -0.4251
Iter 70/1000 - Loss: -0.4399
Iter 71/1000 - Loss: -0.4546
Iter 72/1000 - Loss: -0.4693
Iter 73/1000 - Loss: -0.4840
Iter 74/1000 - Loss: -0.4987
Iter 75/1000 - Loss: -0.5132
Iter 76/1000 - Loss: -0.5278
Iter 77/1000 - Loss: -0.5424
Iter 78/1000 - Loss: -0.5569
Iter 79/1000 - Loss: -0.5714
Iter 80/1000 - Loss: -0.5858
Iter 81/1000 - Loss: -0.6001
Iter 82/1000 - Loss: -0.6145
Iter 83/1000 - Loss: -0.6288
Iter 84/1000 - Loss: -0.6430
Iter 85/1000 - Loss: -0.6572
Iter 86/1000 - Loss: -0.6714
Iter 87/1000 - Loss: -0.6854
Iter 88/1000 - Loss: -0.6995
Iter 89/1000 - Loss: -0.7134
Iter 90/1000 - Loss: -0.7273
Iter 91/1000 - Loss: -0.7411
Iter 92/1000 - Loss: -0.7549
Iter 93/1000 - Loss: -0.7687
Iter 94/1000 - Loss: -0.7824
Iter 95/1000 - Loss: -0.7961
Iter 96/1000 - Loss: -0.8097
Iter 97/1000 - Loss: -0.8233
Iter 98/1000 - Loss: -0.8369
Iter 99/1000 - Loss: -0.8504
Iter 100/1000 - Loss: -0.8640
Iter 101/1000 - Loss: -0.8775
Iter 102/1000 - Loss: -0.8910
Iter 103/1000 - Loss: -0.9045
Iter 104/1000 - Loss: -0.9180
Iter 105/1000 - Loss: -0.9315
Iter 106/1000 - Loss: -0.9450
Iter 107/1000 - Loss: -0.9584
Iter 108/1000 - Loss: -0.9718
Iter 109/1000 - Loss: -0.9852
Iter 110/1000 - Loss: -0.9985
Iter 111/1000 - Loss: -1.0117
Iter 112/1000 - Loss: -1.0249
Iter 113/1000 - Loss: -1.0379
Iter 114/1000 - Loss: -1.0509
Iter 115/1000 - Loss: -1.0637
Iter 116/1000 - Loss: -1.0763
Iter 117/1000 - Loss: -1.0887
Iter 118/1000 - Loss: -1.1009
Iter 119/1000 - Loss: -1.1130
Iter 120/1000 - Loss: -1.1248
Iter 121/1000 - Loss: -1.1363
Iter 122/1000 - Loss: -1.1476
Iter 123/1000 - Loss: -1.1586
Iter 124/1000 - Loss: -1.1693
Iter 125/1000 - Loss: -1.1798
Iter 126/1000 - Loss: -1.1901
Iter 127/1000 - Loss: -1.2001
Iter 128/1000 - Loss: -1.2099
Iter 129/1000 - Loss: -1.2195
Iter 130/1000 - Loss: -1.2288
Iter 131/1000 - Loss: -1.2380
Iter 132/1000 - Loss: -1.2469
Iter 133/1000 - Loss: -1.2558
Iter 134/1000 - Loss: -1.2644
Iter 135/1000 - Loss: -1.2729
Iter 136/1000 - Loss: -1.2813
Iter 137/1000 - Loss: -1.2895
Iter 138/1000 - Loss: -1.2975
Iter 139/1000 - Loss: -1.3055
Iter 140/1000 - Loss: -1.3133
Iter 141/1000 - Loss: -1.3210
Iter 142/1000 - Loss: -1.3287
Iter 143/1000 - Loss: -1.3364
Iter 144/1000 - Loss: -1.3441
Iter 145/1000 - Loss: -1.3519
Iter 146/1000 - Loss: -1.3598
Iter 147/1000 - Loss: -1.3677
Iter 148/1000 - Loss: -1.3757
Iter 149/1000 - Loss: -1.3836
Iter 150/1000 - Loss: -1.3917
Iter 151/1000 - Loss: -1.3998
Iter 152/1000 - Loss: -1.4079
Iter 153/1000 - Loss: -1.4160
Iter 154/1000 - Loss: -1.4240
Iter 155/1000 - Loss: -1.4319
Iter 156/1000 - Loss: -1.4395
Iter 157/1000 - Loss: -1.4470
Iter 158/1000 - Loss: -1.4544
Iter 159/1000 - Loss: -1.4616
Iter 160/1000 - Loss: -1.4689
Iter 161/1000 - Loss: -1.4760
Iter 162/1000 - Loss: -1.4831
Iter 163/1000 - Loss: -1.4901
Iter 164/1000 - Loss: -1.4971
Iter 165/1000 - Loss: -1.5041
Iter 166/1000 - Loss: -1.5111
Iter 167/1000 - Loss: -1.5180
Iter 168/1000 - Loss: -1.5249
Iter 169/1000 - Loss: -1.5318
Iter 170/1000 - Loss: -1.5386
Iter 171/1000 - Loss: -1.5453
Iter 172/1000 - Loss: -1.5520
Iter 173/1000 - Loss: -1.5587
Iter 174/1000 - Loss: -1.5652
Iter 175/1000 - Loss: -1.5718
Iter 176/1000 - Loss: -1.5782
Iter 177/1000 - Loss: -1.5846
Iter 178/1000 - Loss: -1.5910
Iter 179/1000 - Loss: -1.5973
Iter 180/1000 - Loss: -1.6035
Iter 181/1000 - Loss: -1.6097
Iter 182/1000 - Loss: -1.6159
Iter 183/1000 - Loss: -1.6220
Iter 184/1000 - Loss: -1.6281
Iter 185/1000 - Loss: -1.6341
Iter 186/1000 - Loss: -1.6401
Iter 187/1000 - Loss: -1.6461
Iter 188/1000 - Loss: -1.6520
Iter 189/1000 - Loss: -1.6578
Iter 190/1000 - Loss: -1.6637
Iter 191/1000 - Loss: -1.6695
Iter 192/1000 - Loss: -1.6752
Iter 193/1000 - Loss: -1.6809
Iter 194/1000 - Loss: -1.6865
Iter 195/1000 - Loss: -1.6922
Iter 196/1000 - Loss: -1.6978
Iter 197/1000 - Loss: -1.7033
Iter 198/1000 - Loss: -1.7088
Iter 199/1000 - Loss: -1.7143
Iter 200/1000 - Loss: -1.7197
Iter 201/1000 - Loss: -1.7252
Iter 202/1000 - Loss: -1.7305
Iter 203/1000 - Loss: -1.7359
Iter 204/1000 - Loss: -1.7412
Iter 205/1000 - Loss: -1.7465
Iter 206/1000 - Loss: -1.7517
Iter 207/1000 - Loss: -1.7569
Iter 208/1000 - Loss: -1.7621
Iter 209/1000 - Loss: -1.7672
Iter 210/1000 - Loss: -1.7723
Iter 211/1000 - Loss: -1.7774
Iter 212/1000 - Loss: -1.7825
Iter 213/1000 - Loss: -1.7875
Iter 214/1000 - Loss: -1.7925
Iter 215/1000 - Loss: -1.7975
Iter 216/1000 - Loss: -1.8024
Iter 217/1000 - Loss: -1.8073
Iter 218/1000 - Loss: -1.8121
Iter 219/1000 - Loss: -1.8170
Iter 220/1000 - Loss: -1.8218
Iter 221/1000 - Loss: -1.8266
Iter 222/1000 - Loss: -1.8314
Iter 223/1000 - Loss: -1.8361
Iter 224/1000 - Loss: -1.8408
Iter 225/1000 - Loss: -1.8455
Iter 226/1000 - Loss: -1.8501
Iter 227/1000 - Loss: -1.8547
Iter 228/1000 - Loss: -1.8593
Iter 229/1000 - Loss: -1.8638
Iter 230/1000 - Loss: -1.8684
Iter 231/1000 - Loss: -1.8728
Iter 232/1000 - Loss: -1.8773
Iter 233/1000 - Loss: -1.8818
Iter 234/1000 - Loss: -1.8862
Iter 235/1000 - Loss: -1.8906
Iter 236/1000 - Loss: -1.8950
Iter 237/1000 - Loss: -1.8993
Iter 238/1000 - Loss: -1.9036
Iter 239/1000 - Loss: -1.9079
Iter 240/1000 - Loss: -1.9121
Iter 241/1000 - Loss: -1.9164
Iter 242/1000 - Loss: -1.9206
Iter 243/1000 - Loss: -1.9248
Iter 244/1000 - Loss: -1.9290
Iter 245/1000 - Loss: -1.9331
Iter 246/1000 - Loss: -1.9372
Iter 247/1000 - Loss: -1.9413
Iter 248/1000 - Loss: -1.9454
Iter 249/1000 - Loss: -1.9494
Iter 250/1000 - Loss: -1.9534
Iter 251/1000 - Loss: -1.9574
Iter 252/1000 - Loss: -1.9614
Iter 253/1000 - Loss: -1.9653
Iter 254/1000 - Loss: -1.9692
Iter 255/1000 - Loss: -1.9731
Iter 256/1000 - Loss: -1.9770
Iter 257/1000 - Loss: -1.9809
Iter 258/1000 - Loss: -1.9847
Iter 259/1000 - Loss: -1.9885
Iter 260/1000 - Loss: -1.9923
Iter 261/1000 - Loss: -1.9961
Iter 262/1000 - Loss: -1.9998
Iter 263/1000 - Loss: -2.0035
Iter 264/1000 - Loss: -2.0072
Iter 265/1000 - Loss: -2.0109
Iter 266/1000 - Loss: -2.0145
Iter 267/1000 - Loss: -2.0182
Iter 268/1000 - Loss: -2.0218
Iter 269/1000 - Loss: -2.0254
Iter 270/1000 - Loss: -2.0290
Iter 271/1000 - Loss: -2.0325
Iter 272/1000 - Loss: -2.0360
Iter 273/1000 - Loss: -2.0395
Iter 274/1000 - Loss: -2.0430
Iter 275/1000 - Loss: -2.0465
Iter 276/1000 - Loss: -2.0499
Iter 277/1000 - Loss: -2.0534
Iter 278/1000 - Loss: -2.0567
Iter 279/1000 - Loss: -2.0601
Iter 280/1000 - Loss: -2.0635
Iter 281/1000 - Loss: -2.0668
Iter 282/1000 - Loss: -2.0701
Iter 283/1000 - Loss: -2.0734
Iter 284/1000 - Loss: -2.0767
Iter 285/1000 - Loss: -2.0799
Iter 286/1000 - Loss: -2.0832
Iter 287/1000 - Loss: -2.0864
Iter 288/1000 - Loss: -2.0895
Iter 289/1000 - Loss: -2.0927
Iter 290/1000 - Loss: -2.0958
Iter 291/1000 - Loss: -2.0989
Iter 292/1000 - Loss: -2.1020
Iter 293/1000 - Loss: -2.1051
Iter 294/1000 - Loss: -2.1081
Iter 295/1000 - Loss: -2.1112
Iter 296/1000 - Loss: -2.1142
Iter 297/1000 - Loss: -2.1171
Iter 298/1000 - Loss: -2.1201
Iter 299/1000 - Loss: -2.1230
Iter 300/1000 - Loss: -2.1259
Iter 301/1000 - Loss: -2.1288
Iter 302/1000 - Loss: -2.1316
Iter 303/1000 - Loss: -2.1345
Iter 304/1000 - Loss: -2.1373
Iter 305/1000 - Loss: -2.1401
Iter 306/1000 - Loss: -2.1428
Iter 307/1000 - Loss: -2.1456
Iter 308/1000 - Loss: -2.1483
Iter 309/1000 - Loss: -2.1510
Iter 310/1000 - Loss: -2.1536
Iter 311/1000 - Loss: -2.1563
Iter 312/1000 - Loss: -2.1589
Iter 313/1000 - Loss: -2.1615
Iter 314/1000 - Loss: -2.1640
Iter 315/1000 - Loss: -2.1666
Iter 316/1000 - Loss: -2.1691
Iter 317/1000 - Loss: -2.1716
Iter 318/1000 - Loss: -2.1740
Iter 319/1000 - Loss: -2.1765
Iter 320/1000 - Loss: -2.1789
Iter 321/1000 - Loss: -2.1813
Iter 322/1000 - Loss: -2.1836
Iter 323/1000 - Loss: -2.1860
Iter 324/1000 - Loss: -2.1883
Iter 325/1000 - Loss: -2.1906
Iter 326/1000 - Loss: -2.1928
Iter 327/1000 - Loss: -2.1951
Iter 328/1000 - Loss: -2.1973
Iter 329/1000 - Loss: -2.1995
Iter 330/1000 - Loss: -2.2016
Iter 331/1000 - Loss: -2.2037
Iter 332/1000 - Loss: -2.2058
Iter 333/1000 - Loss: -2.2079
Iter 334/1000 - Loss: -2.2100
Iter 335/1000 - Loss: -2.2120
Iter 336/1000 - Loss: -2.2140
Iter 337/1000 - Loss: -2.2160
Iter 338/1000 - Loss: -2.2179
Iter 339/1000 - Loss: -2.2198
Iter 340/1000 - Loss: -2.2217
Iter 341/1000 - Loss: -2.2236
Iter 342/1000 - Loss: -2.2254
Iter 343/1000 - Loss: -2.2273
Iter 344/1000 - Loss: -2.2290
Iter 345/1000 - Loss: -2.2308
Iter 346/1000 - Loss: -2.2326
Iter 347/1000 - Loss: -2.2343
Iter 348/1000 - Loss: -2.2360
Iter 349/1000 - Loss: -2.2376
Iter 350/1000 - Loss: -2.2393
Iter 351/1000 - Loss: -2.2409
Iter 352/1000 - Loss: -2.2425
Iter 353/1000 - Loss: -2.2441
Iter 354/1000 - Loss: -2.2456
Iter 355/1000 - Loss: -2.2472
Iter 356/1000 - Loss: -2.2487
Iter 357/1000 - Loss: -2.2501
Iter 358/1000 - Loss: -2.2516
Iter 359/1000 - Loss: -2.2530
Iter 360/1000 - Loss: -2.2545
Iter 361/1000 - Loss: -2.2559
Iter 362/1000 - Loss: -2.2572
Iter 363/1000 - Loss: -2.2585
Iter 364/1000 - Loss: -2.2599
Iter 365/1000 - Loss: -2.2612
Iter 366/1000 - Loss: -2.2625
Iter 367/1000 - Loss: -2.2637
Iter 368/1000 - Loss: -2.2650
Iter 369/1000 - Loss: -2.2661
Iter 370/1000 - Loss: -2.2674
Iter 371/1000 - Loss: -2.2686
Iter 372/1000 - Loss: -2.2697
Iter 373/1000 - Loss: -2.2708
Iter 374/1000 - Loss: -2.2720
Iter 375/1000 - Loss: -2.2730
Iter 376/1000 - Loss: -2.2741
Iter 377/1000 - Loss: -2.2752
Iter 378/1000 - Loss: -2.2762
Iter 379/1000 - Loss: -2.2773
Iter 380/1000 - Loss: -2.2782
Iter 381/1000 - Loss: -2.2792
Iter 382/1000 - Loss: -2.2802
Iter 383/1000 - Loss: -2.2811
Iter 384/1000 - Loss: -2.2821
Iter 385/1000 - Loss: -2.2830
Iter 386/1000 - Loss: -2.2839
Iter 387/1000 - Loss: -2.2848
Iter 388/1000 - Loss: -2.2856
Iter 389/1000 - Loss: -2.2865
Iter 390/1000 - Loss: -2.2874
Iter 391/1000 - Loss: -2.2882
Iter 392/1000 - Loss: -2.2890
Iter 393/1000 - Loss: -2.2898
Iter 394/1000 - Loss: -2.2906
Iter 395/1000 - Loss: -2.2913
Iter 396/1000 - Loss: -2.2921
Iter 397/1000 - Loss: -2.2928
Iter 398/1000 - Loss: -2.2935
Iter 399/1000 - Loss: -2.2943
Iter 400/1000 - Loss: -2.2950
Iter 401/1000 - Loss: -2.2956
Iter 402/1000 - Loss: -2.2963
Iter 403/1000 - Loss: -2.2970
Iter 404/1000 - Loss: -2.2976
Iter 405/1000 - Loss: -2.2983
Iter 406/1000 - Loss: -2.2989
Iter 407/1000 - Loss: -2.2995
Iter 408/1000 - Loss: -2.3001
Iter 409/1000 - Loss: -2.3007
Iter 410/1000 - Loss: -2.3013
Iter 411/1000 - Loss: -2.3019
Iter 412/1000 - Loss: -2.3025
Iter 413/1000 - Loss: -2.3030
Iter 414/1000 - Loss: -2.3036
Iter 415/1000 - Loss: -2.3041
Iter 416/1000 - Loss: -2.3046
Iter 417/1000 - Loss: -2.3052
Iter 418/1000 - Loss: -2.3056
Iter 419/1000 - Loss: -2.3062
Iter 420/1000 - Loss: -2.3067
Iter 421/1000 - Loss: -2.3071
Iter 422/1000 - Loss: -2.3076
Iter 423/1000 - Loss: -2.3081
Iter 424/1000 - Loss: -2.3086
Iter 425/1000 - Loss: -2.3090
Iter 426/1000 - Loss: -2.3095
Iter 427/1000 - Loss: -2.3099
Iter 428/1000 - Loss: -2.3104
Iter 429/1000 - Loss: -2.3108
Iter 430/1000 - Loss: -2.3112
Iter 431/1000 - Loss: -2.3116
Iter 432/1000 - Loss: -2.3121
Iter 433/1000 - Loss: -2.3125
Iter 434/1000 - Loss: -2.3129
Iter 435/1000 - Loss: -2.3133
Iter 436/1000 - Loss: -2.3136
Iter 437/1000 - Loss: -2.3140
Iter 438/1000 - Loss: -2.3144
Iter 439/1000 - Loss: -2.3148
Iter 440/1000 - Loss: -2.3152
Iter 441/1000 - Loss: -2.3155
Iter 442/1000 - Loss: -2.3159
Iter 443/1000 - Loss: -2.3163
Iter 444/1000 - Loss: -2.3166
Iter 445/1000 - Loss: -2.3170
Iter 446/1000 - Loss: -2.3173
Iter 447/1000 - Loss: -2.3177
Iter 448/1000 - Loss: -2.3180
Iter 449/1000 - Loss: -2.3183
Iter 450/1000 - Loss: -2.3187
Iter 451/1000 - Loss: -2.3190
Iter 452/1000 - Loss: -2.3193
Iter 453/1000 - Loss: -2.3196
Iter 454/1000 - Loss: -2.3199
Iter 455/1000 - Loss: -2.3203
Iter 456/1000 - Loss: -2.3206
Iter 457/1000 - Loss: -2.3209
Iter 458/1000 - Loss: -2.3212
Iter 459/1000 - Loss: -2.3215
Iter 460/1000 - Loss: -2.3218
Iter 461/1000 - Loss: -2.3222
Iter 462/1000 - Loss: -2.3225
Iter 463/1000 - Loss: -2.3227
Iter 464/1000 - Loss: -2.3230
Iter 465/1000 - Loss: -2.3233
Iter 466/1000 - Loss: -2.3237
Iter 467/1000 - Loss: -2.3240
Iter 468/1000 - Loss: -2.3242
Iter 469/1000 - Loss: -2.3246
Iter 470/1000 - Loss: -2.3248
Iter 471/1000 - Loss: -2.3251
Iter 472/1000 - Loss: -2.3254
Iter 473/1000 - Loss: -2.3257
Iter 474/1000 - Loss: -2.3260
Iter 475/1000 - Loss: -2.3263
Iter 476/1000 - Loss: -2.3266
Iter 477/1000 - Loss: -2.3269
Iter 478/1000 - Loss: -2.3272
Iter 479/1000 - Loss: -2.3275
Iter 480/1000 - Loss: -2.3278
Iter 481/1000 - Loss: -2.3281
Iter 482/1000 - Loss: -2.3284
Iter 483/1000 - Loss: -2.3287
Iter 484/1000 - Loss: -2.3290
Iter 485/1000 - Loss: -2.3293
Iter 486/1000 - Loss: -2.3296
Iter 487/1000 - Loss: -2.3299
Iter 488/1000 - Loss: -2.3302
Iter 489/1000 - Loss: -2.3305
Iter 490/1000 - Loss: -2.3308
Iter 491/1000 - Loss: -2.3311
Iter 492/1000 - Loss: -2.3314
Iter 493/1000 - Loss: -2.3317
Iter 494/1000 - Loss: -2.3321
Iter 495/1000 - Loss: -2.3324
Iter 496/1000 - Loss: -2.3327
Iter 497/1000 - Loss: -2.3331
Iter 498/1000 - Loss: -2.3333
Iter 499/1000 - Loss: -2.3337
Iter 500/1000 - Loss: -2.3341
Iter 501/1000 - Loss: -2.3344
reducing lr to 0.001000
Iter 502/1000 - Loss: -2.3348
Iter 503/1000 - Loss: -2.3348
Iter 504/1000 - Loss: -2.3348
Iter 505/1000 - Loss: -2.3349
Iter 506/1000 - Loss: -2.3349
Iter 507/1000 - Loss: -2.3349
Iter 508/1000 - Loss: -2.3350
Iter 509/1000 - Loss: -2.3350
Iter 510/1000 - Loss: -2.3350
Iter 511/1000 - Loss: -2.3351
Iter 512/1000 - Loss: -2.3351
Iter 513/1000 - Loss: -2.3352
Iter 514/1000 - Loss: -2.3352
Iter 515/1000 - Loss: -2.3352
Iter 516/1000 - Loss: -2.3353
Iter 517/1000 - Loss: -2.3353
Iter 518/1000 - Loss: -2.3353
Iter 519/1000 - Loss: -2.3354
Iter 520/1000 - Loss: -2.3354
Iter 521/1000 - Loss: -2.3355
Iter 522/1000 - Loss: -2.3355
Iter 523/1000 - Loss: -2.3355
Iter 524/1000 - Loss: -2.3356
Iter 525/1000 - Loss: -2.3356
Iter 526/1000 - Loss: -2.3356
Iter 527/1000 - Loss: -2.3357
Iter 528/1000 - Loss: -2.3357
Iter 529/1000 - Loss: -2.3357
Iter 530/1000 - Loss: -2.3358
Iter 531/1000 - Loss: -2.3358
Iter 532/1000 - Loss: -2.3359
Iter 533/1000 - Loss: -2.3359
Iter 534/1000 - Loss: -2.3360
Iter 535/1000 - Loss: -2.3360
Iter 536/1000 - Loss: -2.3360
Iter 537/1000 - Loss: -2.3361
Iter 538/1000 - Loss: -2.3361
Iter 539/1000 - Loss: -2.3362
Iter 540/1000 - Loss: -2.3362
Iter 541/1000 - Loss: -2.3362
Iter 542/1000 - Loss: -2.3363
Iter 543/1000 - Loss: -2.3363
Iter 544/1000 - Loss: -2.3363
Iter 545/1000 - Loss: -2.3364
Iter 546/1000 - Loss: -2.3364
Iter 547/1000 - Loss: -2.3365
Iter 548/1000 - Loss: -2.3365
Iter 549/1000 - Loss: -2.3365
Iter 550/1000 - Loss: -2.3366
Iter 551/1000 - Loss: -2.3367
Iter 552/1000 - Loss: -2.3367
Iter 553/1000 - Loss: -2.3367
Iter 554/1000 - Loss: -2.3368
Iter 555/1000 - Loss: -2.3368
Iter 556/1000 - Loss: -2.3369
Iter 557/1000 - Loss: -2.3369
Iter 558/1000 - Loss: -2.3369
Iter 559/1000 - Loss: -2.3370
Iter 560/1000 - Loss: -2.3370
Iter 561/1000 - Loss: -2.3371
Iter 562/1000 - Loss: -2.3371
Iter 563/1000 - Loss: -2.3372
Iter 564/1000 - Loss: -2.3372
Iter 565/1000 - Loss: -2.3372
Iter 566/1000 - Loss: -2.3373
Iter 567/1000 - Loss: -2.3373
Iter 568/1000 - Loss: -2.3373
Iter 569/1000 - Loss: -2.3374
Iter 570/1000 - Loss: -2.3374
Iter 571/1000 - Loss: -2.3375
Iter 572/1000 - Loss: -2.3375
Iter 573/1000 - Loss: -2.3376
Iter 574/1000 - Loss: -2.3376
Iter 575/1000 - Loss: -2.3377
Iter 576/1000 - Loss: -2.3377
Iter 577/1000 - Loss: -2.3377
Iter 578/1000 - Loss: -2.3378
Iter 579/1000 - Loss: -2.3378
Iter 580/1000 - Loss: -2.3379
Iter 581/1000 - Loss: -2.3379
Iter 582/1000 - Loss: -2.3380
Iter 583/1000 - Loss: -2.3380
Iter 584/1000 - Loss: -2.3381
Iter 585/1000 - Loss: -2.3381
Iter 586/1000 - Loss: -2.3381
Iter 587/1000 - Loss: -2.3382
Iter 588/1000 - Loss: -2.3382
Iter 589/1000 - Loss: -2.3383
Iter 590/1000 - Loss: -2.3383
Iter 591/1000 - Loss: -2.3384
Iter 592/1000 - Loss: -2.3384
Iter 593/1000 - Loss: -2.3384
Iter 594/1000 - Loss: -2.3385
Iter 595/1000 - Loss: -2.3386
Iter 596/1000 - Loss: -2.3386
Iter 597/1000 - Loss: -2.3386
Iter 598/1000 - Loss: -2.3387
Iter 599/1000 - Loss: -2.3387
Iter 600/1000 - Loss: -2.3388
Iter 601/1000 - Loss: -2.3388
Iter 602/1000 - Loss: -2.3389
Iter 603/1000 - Loss: -2.3389
Iter 604/1000 - Loss: -2.3390
Iter 605/1000 - Loss: -2.3390
Iter 606/1000 - Loss: -2.3391
Iter 607/1000 - Loss: -2.3391
Iter 608/1000 - Loss: -2.3391
Iter 609/1000 - Loss: -2.3392
Iter 610/1000 - Loss: -2.3392
Iter 611/1000 - Loss: -2.3393
Iter 612/1000 - Loss: -2.3393
Iter 613/1000 - Loss: -2.3394
Iter 614/1000 - Loss: -2.3394
Iter 615/1000 - Loss: -2.3395
Iter 616/1000 - Loss: -2.3395
Iter 617/1000 - Loss: -2.3396
Iter 618/1000 - Loss: -2.3396
Iter 619/1000 - Loss: -2.3397
Iter 620/1000 - Loss: -2.3397
Iter 621/1000 - Loss: -2.3398
Iter 622/1000 - Loss: -2.3398
Iter 623/1000 - Loss: -2.3399
Iter 624/1000 - Loss: -2.3399
Iter 625/1000 - Loss: -2.3400
Iter 626/1000 - Loss: -2.3400
Iter 627/1000 - Loss: -2.3400
Iter 628/1000 - Loss: -2.3401
Iter 629/1000 - Loss: -2.3402
Iter 630/1000 - Loss: -2.3402
Iter 631/1000 - Loss: -2.3402
Iter 632/1000 - Loss: -2.3403
Iter 633/1000 - Loss: -2.3403
Iter 634/1000 - Loss: -2.3404
Iter 635/1000 - Loss: -2.3404
Iter 636/1000 - Loss: -2.3405
Iter 637/1000 - Loss: -2.3405
Iter 638/1000 - Loss: -2.3406
Iter 639/1000 - Loss: -2.3406
Iter 640/1000 - Loss: -2.3407
Iter 641/1000 - Loss: -2.3407
Iter 642/1000 - Loss: -2.3408
Iter 643/1000 - Loss: -2.3408
Iter 644/1000 - Loss: -2.3409
Iter 645/1000 - Loss: -2.3409
Iter 646/1000 - Loss: -2.3410
Iter 647/1000 - Loss: -2.3410
Iter 648/1000 - Loss: -2.3411
Iter 649/1000 - Loss: -2.3411
Iter 650/1000 - Loss: -2.3412
Iter 651/1000 - Loss: -2.3412
Iter 652/1000 - Loss: -2.3413
Iter 653/1000 - Loss: -2.3413
Iter 654/1000 - Loss: -2.3414
Iter 655/1000 - Loss: -2.3415
Iter 656/1000 - Loss: -2.3415
Iter 657/1000 - Loss: -2.3415
Iter 658/1000 - Loss: -2.3416
Iter 659/1000 - Loss: -2.3417
Iter 660/1000 - Loss: -2.3417
Iter 661/1000 - Loss: -2.3417
Iter 662/1000 - Loss: -2.3418
Iter 663/1000 - Loss: -2.3419
Iter 664/1000 - Loss: -2.3419
Iter 665/1000 - Loss: -2.3420
Iter 666/1000 - Loss: -2.3420
Iter 667/1000 - Loss: -2.3421
Iter 668/1000 - Loss: -2.3421
Iter 669/1000 - Loss: -2.3422
Iter 670/1000 - Loss: -2.3422
Iter 671/1000 - Loss: -2.3423
Iter 672/1000 - Loss: -2.3423
Iter 673/1000 - Loss: -2.3424
Iter 674/1000 - Loss: -2.3424
Iter 675/1000 - Loss: -2.3425
Iter 676/1000 - Loss: -2.3426
Iter 677/1000 - Loss: -2.3426
Iter 678/1000 - Loss: -2.3426
Iter 679/1000 - Loss: -2.3427
Iter 680/1000 - Loss: -2.3428
Iter 681/1000 - Loss: -2.3428
Iter 682/1000 - Loss: -2.3429
Iter 683/1000 - Loss: -2.3429
Iter 684/1000 - Loss: -2.3430
Iter 685/1000 - Loss: -2.3430
Iter 686/1000 - Loss: -2.3431
Iter 687/1000 - Loss: -2.3431
Iter 688/1000 - Loss: -2.3432
Iter 689/1000 - Loss: -2.3432
Iter 690/1000 - Loss: -2.3433
Iter 691/1000 - Loss: -2.3434
Iter 692/1000 - Loss: -2.3434
Iter 693/1000 - Loss: -2.3435
Iter 694/1000 - Loss: -2.3435
Iter 695/1000 - Loss: -2.3436
Iter 696/1000 - Loss: -2.3436
Iter 697/1000 - Loss: -2.3437
Iter 698/1000 - Loss: -2.3437
Iter 699/1000 - Loss: -2.3438
Iter 700/1000 - Loss: -2.3439
Iter 701/1000 - Loss: -2.3439
Iter 702/1000 - Loss: -2.3440
Iter 703/1000 - Loss: -2.3440
Iter 704/1000 - Loss: -2.3441
Iter 705/1000 - Loss: -2.3441
Iter 706/1000 - Loss: -2.3442
Iter 707/1000 - Loss: -2.3443
Iter 708/1000 - Loss: -2.3443
Iter 709/1000 - Loss: -2.3444
Iter 710/1000 - Loss: -2.3444
Iter 711/1000 - Loss: -2.3445
Iter 712/1000 - Loss: -2.3445
Iter 713/1000 - Loss: -2.3446
Iter 714/1000 - Loss: -2.3447
Iter 715/1000 - Loss: -2.3447
Iter 716/1000 - Loss: -2.3448
Iter 717/1000 - Loss: -2.3448
Iter 718/1000 - Loss: -2.3449
Iter 719/1000 - Loss: -2.3449
Iter 720/1000 - Loss: -2.3450
Iter 721/1000 - Loss: -2.3451
Iter 722/1000 - Loss: -2.3451
Iter 723/1000 - Loss: -2.3452
Iter 724/1000 - Loss: -2.3452
Iter 725/1000 - Loss: -2.3453
Iter 726/1000 - Loss: -2.3454
Iter 727/1000 - Loss: -2.3454
Iter 728/1000 - Loss: -2.3455
Iter 729/1000 - Loss: -2.3455
Iter 730/1000 - Loss: -2.3456
Iter 731/1000 - Loss: -2.3457
Iter 732/1000 - Loss: -2.3457
Iter 733/1000 - Loss: -2.3458
Iter 734/1000 - Loss: -2.3458
Iter 735/1000 - Loss: -2.3459
Iter 736/1000 - Loss: -2.3460
Iter 737/1000 - Loss: -2.3460
Iter 738/1000 - Loss: -2.3461
Iter 739/1000 - Loss: -2.3461
Iter 740/1000 - Loss: -2.3462
Iter 741/1000 - Loss: -2.3463
Iter 742/1000 - Loss: -2.3463
Iter 743/1000 - Loss: -2.3464
Iter 744/1000 - Loss: -2.3464
Iter 745/1000 - Loss: -2.3465
Iter 746/1000 - Loss: -2.3466
Iter 747/1000 - Loss: -2.3466
Iter 748/1000 - Loss: -2.3467
Iter 749/1000 - Loss: -2.3467
Iter 750/1000 - Loss: -2.3468
Iter 751/1000 - Loss: -2.3469
Iter 752/1000 - Loss: -2.3469
Iter 753/1000 - Loss: -2.3470
Iter 754/1000 - Loss: -2.3470
Iter 755/1000 - Loss: -2.3471
Iter 756/1000 - Loss: -2.3472
Iter 757/1000 - Loss: -2.3472
Iter 758/1000 - Loss: -2.3473
Iter 759/1000 - Loss: -2.3473
Iter 760/1000 - Loss: -2.3474
Iter 761/1000 - Loss: -2.3475
Iter 762/1000 - Loss: -2.3475
Iter 763/1000 - Loss: -2.3476
Iter 764/1000 - Loss: -2.3477
Iter 765/1000 - Loss: -2.3477
Iter 766/1000 - Loss: -2.3478
Iter 767/1000 - Loss: -2.3478
Iter 768/1000 - Loss: -2.3479
Iter 769/1000 - Loss: -2.3480
Iter 770/1000 - Loss: -2.3481
Iter 771/1000 - Loss: -2.3481
Iter 772/1000 - Loss: -2.3482
Iter 773/1000 - Loss: -2.3482
Iter 774/1000 - Loss: -2.3483
Iter 775/1000 - Loss: -2.3484
Iter 776/1000 - Loss: -2.3484
Iter 777/1000 - Loss: -2.3485
Iter 778/1000 - Loss: -2.3486
Iter 779/1000 - Loss: -2.3486
Iter 780/1000 - Loss: -2.3487
Iter 781/1000 - Loss: -2.3488
Iter 782/1000 - Loss: -2.3488
Iter 783/1000 - Loss: -2.3489
Iter 784/1000 - Loss: -2.3490
Iter 785/1000 - Loss: -2.3490
Iter 786/1000 - Loss: -2.3490
Iter 787/1000 - Loss: -2.3491
Iter 788/1000 - Loss: -2.3492
Iter 789/1000 - Loss: -2.3492
Iter 790/1000 - Loss: -2.3493
Iter 791/1000 - Loss: -2.3494
Iter 792/1000 - Loss: -2.3495
Iter 793/1000 - Loss: -2.3495
Iter 794/1000 - Loss: -2.3496
Iter 795/1000 - Loss: -2.3497
Iter 796/1000 - Loss: -2.3497
Iter 797/1000 - Loss: -2.3498
Iter 798/1000 - Loss: -2.3498
Iter 799/1000 - Loss: -2.3499
Iter 800/1000 - Loss: -2.3500
Iter 801/1000 - Loss: -2.3500
Iter 802/1000 - Loss: -2.3501
Iter 803/1000 - Loss: -2.3502
Iter 804/1000 - Loss: -2.3502
Iter 805/1000 - Loss: -2.3503
Iter 806/1000 - Loss: -2.3504
Iter 807/1000 - Loss: -2.3504
Iter 808/1000 - Loss: -2.3505
Iter 809/1000 - Loss: -2.3506
Iter 810/1000 - Loss: -2.3507
Iter 811/1000 - Loss: -2.3507
Iter 812/1000 - Loss: -2.3508
Iter 813/1000 - Loss: -2.3509
Iter 814/1000 - Loss: -2.3509
Iter 815/1000 - Loss: -2.3510
Iter 816/1000 - Loss: -2.3511
Iter 817/1000 - Loss: -2.3511
Iter 818/1000 - Loss: -2.3512
Iter 819/1000 - Loss: -2.3513
Iter 820/1000 - Loss: -2.3513
Iter 821/1000 - Loss: -2.3514
Iter 822/1000 - Loss: -2.3515
Iter 823/1000 - Loss: -2.3516
Iter 824/1000 - Loss: -2.3516
Iter 825/1000 - Loss: -2.3517
Iter 826/1000 - Loss: -2.3517
Iter 827/1000 - Loss: -2.3518
Iter 828/1000 - Loss: -2.3519
Iter 829/1000 - Loss: -2.3520
Iter 830/1000 - Loss: -2.3520
Iter 831/1000 - Loss: -2.3521
Iter 832/1000 - Loss: -2.3522
Iter 833/1000 - Loss: -2.3522
Iter 834/1000 - Loss: -2.3523
Iter 835/1000 - Loss: -2.3523
Iter 836/1000 - Loss: -2.3524
Iter 837/1000 - Loss: -2.3525
Iter 838/1000 - Loss: -2.3526
Iter 839/1000 - Loss: -2.3526
Iter 840/1000 - Loss: -2.3527
Iter 841/1000 - Loss: -2.3528
Iter 842/1000 - Loss: -2.3529
Iter 843/1000 - Loss: -2.3529
Iter 844/1000 - Loss: -2.3530
Iter 845/1000 - Loss: -2.3530
Iter 846/1000 - Loss: -2.3531
Iter 847/1000 - Loss: -2.3532
Iter 848/1000 - Loss: -2.3533
Iter 849/1000 - Loss: -2.3533
Iter 850/1000 - Loss: -2.3534
Iter 851/1000 - Loss: -2.3535
Iter 852/1000 - Loss: -2.3535
Iter 853/1000 - Loss: -2.3536
Iter 854/1000 - Loss: -2.3537
Iter 855/1000 - Loss: -2.3538
Iter 856/1000 - Loss: -2.3538
Iter 857/1000 - Loss: -2.3539
Iter 858/1000 - Loss: -2.3540
Iter 859/1000 - Loss: -2.3540
Iter 860/1000 - Loss: -2.3541
Iter 861/1000 - Loss: -2.3542
Iter 862/1000 - Loss: -2.3543
Iter 863/1000 - Loss: -2.3543
Iter 864/1000 - Loss: -2.3544
Iter 865/1000 - Loss: -2.3545
Iter 866/1000 - Loss: -2.3545
Iter 867/1000 - Loss: -2.3546
Iter 868/1000 - Loss: -2.3547
Iter 869/1000 - Loss: -2.3547
Iter 870/1000 - Loss: -2.3548
Iter 871/1000 - Loss: -2.3549
Iter 872/1000 - Loss: -2.3550
Iter 873/1000 - Loss: -2.3551
Iter 874/1000 - Loss: -2.3551
Iter 875/1000 - Loss: -2.3552
Iter 876/1000 - Loss: -2.3552
Iter 877/1000 - Loss: -2.3553
Iter 878/1000 - Loss: -2.3554
Iter 879/1000 - Loss: -2.3555
Iter 880/1000 - Loss: -2.3555
Iter 881/1000 - Loss: -2.3556
Iter 882/1000 - Loss: -2.3557
Iter 883/1000 - Loss: -2.3557
Iter 884/1000 - Loss: -2.3558
Iter 885/1000 - Loss: -2.3559
Iter 886/1000 - Loss: -2.3560
Iter 887/1000 - Loss: -2.3560
Iter 888/1000 - Loss: -2.3561
Iter 889/1000 - Loss: -2.3562
Iter 890/1000 - Loss: -2.3562
Iter 891/1000 - Loss: -2.3563
Iter 892/1000 - Loss: -2.3564
Iter 893/1000 - Loss: -2.3565
Iter 894/1000 - Loss: -2.3565
Iter 895/1000 - Loss: -2.3566
Iter 896/1000 - Loss: -2.3567
Iter 897/1000 - Loss: -2.3568
Iter 898/1000 - Loss: -2.3568
Iter 899/1000 - Loss: -2.3569
Iter 900/1000 - Loss: -2.3570
Iter 901/1000 - Loss: -2.3570
Iter 902/1000 - Loss: -2.3571
Iter 903/1000 - Loss: -2.3572
Iter 904/1000 - Loss: -2.3573
Iter 905/1000 - Loss: -2.3574
Iter 906/1000 - Loss: -2.3574
Iter 907/1000 - Loss: -2.3575
Iter 908/1000 - Loss: -2.3575
Iter 909/1000 - Loss: -2.3576
Iter 910/1000 - Loss: -2.3577
Iter 911/1000 - Loss: -2.3578
Iter 912/1000 - Loss: -2.3579
Iter 913/1000 - Loss: -2.3579
Iter 914/1000 - Loss: -2.3580
Iter 915/1000 - Loss: -2.3581
Iter 916/1000 - Loss: -2.3582
Iter 917/1000 - Loss: -2.3582
Iter 918/1000 - Loss: -2.3583
Iter 919/1000 - Loss: -2.3584
Iter 920/1000 - Loss: -2.3585
Iter 921/1000 - Loss: -2.3585
Iter 922/1000 - Loss: -2.3586
Iter 923/1000 - Loss: -2.3587
Iter 924/1000 - Loss: -2.3587
Iter 925/1000 - Loss: -2.3588
Iter 926/1000 - Loss: -2.3589
Iter 927/1000 - Loss: -2.3590
Iter 928/1000 - Loss: -2.3590
Iter 929/1000 - Loss: -2.3591
Iter 930/1000 - Loss: -2.3592
Iter 931/1000 - Loss: -2.3593
Iter 932/1000 - Loss: -2.3593
Iter 933/1000 - Loss: -2.3594
Iter 934/1000 - Loss: -2.3595
Iter 935/1000 - Loss: -2.3595
Iter 936/1000 - Loss: -2.3596
Iter 937/1000 - Loss: -2.3597
Iter 938/1000 - Loss: -2.3598
Iter 939/1000 - Loss: -2.3598
Iter 940/1000 - Loss: -2.3599
Iter 941/1000 - Loss: -2.3600
Iter 942/1000 - Loss: -2.3600
Iter 943/1000 - Loss: -2.3601
Iter 944/1000 - Loss: -2.3602
Iter 945/1000 - Loss: -2.3603
Iter 946/1000 - Loss: -2.3604
Iter 947/1000 - Loss: -2.3604
Iter 948/1000 - Loss: -2.3605
Iter 949/1000 - Loss: -2.3606
Iter 950/1000 - Loss: -2.3606
Iter 951/1000 - Loss: -2.3607
Iter 952/1000 - Loss: -2.3608
Iter 953/1000 - Loss: -2.3609
Iter 954/1000 - Loss: -2.3609
Iter 955/1000 - Loss: -2.3610
Iter 956/1000 - Loss: -2.3611
Iter 957/1000 - Loss: -2.3612
Iter 958/1000 - Loss: -2.3612
Iter 959/1000 - Loss: -2.3613
Iter 960/1000 - Loss: -2.3614
Iter 961/1000 - Loss: -2.3615
Iter 962/1000 - Loss: -2.3615
Iter 963/1000 - Loss: -2.3616
Iter 964/1000 - Loss: -2.3617
Iter 965/1000 - Loss: -2.3618
Iter 966/1000 - Loss: -2.3618
Iter 967/1000 - Loss: -2.3619
Iter 968/1000 - Loss: -2.3620
Iter 969/1000 - Loss: -2.3621
Iter 970/1000 - Loss: -2.3621
Iter 971/1000 - Loss: -2.3622
Iter 972/1000 - Loss: -2.3623
Iter 973/1000 - Loss: -2.3624
Iter 974/1000 - Loss: -2.3624
Iter 975/1000 - Loss: -2.3625
Iter 976/1000 - Loss: -2.3626
Iter 977/1000 - Loss: -2.3626
Iter 978/1000 - Loss: -2.3627
Iter 979/1000 - Loss: -2.3628
Iter 980/1000 - Loss: -2.3629
Iter 981/1000 - Loss: -2.3629
Iter 982/1000 - Loss: -2.3630
Iter 983/1000 - Loss: -2.3631
Iter 984/1000 - Loss: -2.3632
Iter 985/1000 - Loss: -2.3633
Iter 986/1000 - Loss: -2.3633
Iter 987/1000 - Loss: -2.3634
Iter 988/1000 - Loss: -2.3635
Iter 989/1000 - Loss: -2.3635
Iter 990/1000 - Loss: -2.3636
Iter 991/1000 - Loss: -2.3637
Iter 992/1000 - Loss: -2.3638
Iter 993/1000 - Loss: -2.3638
Iter 994/1000 - Loss: -2.3639
Iter 995/1000 - Loss: -2.3640
Iter 996/1000 - Loss: -2.3641
Iter 997/1000 - Loss: -2.3642
Iter 998/1000 - Loss: -2.3642
Iter 999/1000 - Loss: -2.3643
Iter 1000/1000 - Loss: -2.3644
OrderedDict([('likelihood.raw_noise', tensor([inf])), ('likelihood.raw_noise_constraint.lower_bound', tensor(-inf)), ('likelihood.raw_noise_constraint.upper_bound', tensor(1.0000e-08)), ('mean_module.base_means.0.weights', tensor([[-0.1895],
        [-0.0745],
        [ 0.0188],
        [ 0.0817],
        [ 0.0672],
        [-0.3392],
        [ 0.0141]])), ('mean_module.base_means.0.bias', tensor([2.3421])), ('mean_module.base_means.1.weights', tensor([[ 0.0312],
        [ 0.0227],
        [ 0.0177],
        [ 0.1814],
        [ 0.0032],
        [ 0.0075],
        [-0.0101]])), ('mean_module.base_means.1.bias', tensor([-0.1005])), ('mean_module.base_means.2.weights', tensor([[-0.0059],
        [-0.0009],
        [-0.0717],
        [-0.0496],
        [-0.0231],
        [ 0.1213],
        [ 0.0234]])), ('mean_module.base_means.2.bias', tensor([1.0585])), ('mean_module.base_means.3.weights', tensor([[-0.0174],
        [-0.0048],
        [-0.0431],
        [-0.0039],
        [ 0.0228],
        [ 0.0089],
        [ 0.0127]])), ('mean_module.base_means.3.bias', tensor([-0.0770])), ('mean_module.base_means.4.weights', tensor([[ 0.0438],
        [ 0.0086],
        [ 0.0405],
        [ 0.0372],
        [-0.0013],
        [ 0.0125],
        [-0.0093]])), ('mean_module.base_means.4.bias', tensor([0.3650])), ('mean_module.base_means.5.weights', tensor([[ 0.0025],
        [ 0.0017],
        [ 0.0764],
        [ 0.0054],
        [-0.0073],
        [-0.0508],
        [-0.0029]])), ('mean_module.base_means.5.bias', tensor([0.1863])), ('mean_module.base_means.6.weights', tensor([[-0.0090],
        [-0.0035],
        [-0.0198],
        [-0.0152],
        [ 0.0040],
        [ 0.0119],
        [ 0.0262]])), ('mean_module.base_means.6.bias', tensor([1.2486])), ('mean_module.base_means.7.weights', tensor([[ 0.0174],
        [ 0.0093],
        [-0.0261],
        [-0.0413],
        [ 0.0008],
        [ 0.0433],
        [ 0.0103]])), ('mean_module.base_means.7.bias', tensor([0.0261])), ('covar_module.task_covar_module.covar_factor', tensor([[-0.0990],
        [-0.3840],
        [ 0.5243],
        [ 0.1141],
        [-0.1662],
        [ 0.0111],
        [ 0.0705],
        [ 0.0691]])), ('covar_module.task_covar_module.raw_var', tensor([-0.4120, -1.2907, -1.9290, -2.3100, -3.9204, -3.8896, -3.9169, -4.3866])), ('covar_module.task_covar_module.raw_var_constraint.lower_bound', tensor(0.)), ('covar_module.task_covar_module.raw_var_constraint.upper_bound', tensor(inf)), ('covar_module.data_covar_module.kernels.0.raw_outputscale', tensor(-3.2046)), ('covar_module.data_covar_module.kernels.0.base_kernel.raw_lengthscale', tensor([[1.9204, 2.2415, 1.8791, 1.6530, 2.9503, 1.9928, 2.9861]])), ('covar_module.data_covar_module.kernels.0.base_kernel.raw_lengthscale_constraint.lower_bound', tensor(0.)), ('covar_module.data_covar_module.kernels.0.base_kernel.raw_lengthscale_constraint.upper_bound', tensor(inf)), ('covar_module.data_covar_module.kernels.0.raw_outputscale_constraint.lower_bound', tensor(0.)), ('covar_module.data_covar_module.kernels.0.raw_outputscale_constraint.upper_bound', tensor(inf)), ('covar_module.data_covar_module.kernels.1.raw_constant', tensor([-1.9047])), ('covar_module.data_covar_module.kernels.1.raw_constant_constraint.lower_bound', tensor(0.)), ('covar_module.data_covar_module.kernels.1.raw_constant_constraint.upper_bound', tensor(inf))])
loading emulator from /oak/stanford/orgs/kipac/users/delon/aemulusnu_massfunction/GP_loBox26_1400.pkl
[2.074284328047498, -0.03161295467066852, 1.182353661345918, -0.059595993377097825, 0.3996544550198652, 0.2290692179879363, 1.25459218456461, 0.04368251829230001]
[2.074284328047498, -0.03161295467066852, 1.182353661345918, -0.059595993377097825, 0.3996544550198652, 0.2290692179879363, 1.25459218456461, 0.04368251829230001]
[2.074284328047498, -0.03161295467066852, 1.182353661345918, -0.059595993377097825, 0.3996544550198652, 0.2290692179879363, 1.25459218456461, 0.04368251829230001]
[2.074284328047498, -0.03161295467066852, 1.182353661345918, -0.059595993377097825, 0.3996544550198652, 0.2290692179879363, 1.25459218456461, 0.04368251829230001]
[2.074284328047498, -0.03161295467066852, 1.182353661345918, -0.059595993377097825, 0.3996544550198652, 0.2290692179879363, 1.25459218456461, 0.04368251829230001]
[2.074284328047498, -0.03161295467066852, 1.182353661345918, -0.059595993377097825, 0.3996544550198652, 0.2290692179879363, 1.25459218456461, 0.04368251829230001]
[2.074284328047498, -0.03161295467066852, 1.182353661345918, -0.059595993377097825, 0.3996544550198652, 0.2290692179879363, 1.25459218456461, 0.04368251829230001]
[2.074284328047498, -0.03161295467066852, 1.182353661345918, -0.059595993377097825, 0.3996544550198652, 0.2290692179879363, 1.25459218456461, 0.04368251829230001]
[2.074284328047498, -0.03161295467066852, 1.182353661345918, -0.059595993377097825, 0.3996544550198652, 0.2290692179879363, 1.25459218456461, 0.04368251829230001]
[2.074284328047498, -0.03161295467066852, 1.182353661345918, -0.059595993377097825, 0.3996544550198652, 0.2290692179879363, 1.25459218456461, 0.04368251829230001]
[2.074284328047498, -0.03161295467066852, 1.182353661345918, -0.059595993377097825, 0.3996544550198652, 0.2290692179879363, 1.25459218456461, 0.04368251829230001]
[2.074284328047498, -0.03161295467066852, 1.182353661345918, -0.059595993377097825, 0.3996544550198652, 0.2290692179879363, 1.25459218456461, 0.04368251829230001]
[2.074284328047498, -0.03161295467066852, 1.182353661345918, -0.059595993377097825, 0.3996544550198652, 0.2290692179879363, 1.25459218456461, 0.04368251829230001]
[2.074284328047498, -0.03161295467066852, 1.182353661345918, -0.059595993377097825, 0.3996544550198652, 0.2290692179879363, 1.25459218456461, 0.04368251829230001]
[2.074284328047498, -0.03161295467066852, 1.182353661345918, -0.059595993377097825, 0.3996544550198652, 0.2290692179879363, 1.25459218456461, 0.04368251829230001]
