Leaving out Box58_1400
Box47_1400 2.3038301302700224
{'ns': 0.97000003, 'H0': 67.0, 'w0': -1.0, 'ombh2': 0.0223, 'omch2': 0.12, 'nu_mass_ev': 0.07071068, '10^9 As': 2.10100315}
(2234, 8)
(2234, 4)
scaling input
(2234, 8)
scaling output
(2234, 4)
Iter 1/200 - Loss: 2.4211
Iter 2/200 - Loss: 2.1413
Iter 3/200 - Loss: 1.8824
Iter 4/200 - Loss: 1.6446
Iter 5/200 - Loss: 1.4282
Iter 6/200 - Loss: 1.2337
Iter 7/200 - Loss: 1.0622
Iter 8/200 - Loss: 0.9157
Iter 9/200 - Loss: 0.7967
Iter 10/200 - Loss: 0.7076
Iter 11/200 - Loss: 0.6494
Iter 12/200 - Loss: 0.6188
Iter 13/200 - Loss: 0.6068
Iter 14/200 - Loss: 0.6022
Iter 15/200 - Loss: 0.5952
Iter 16/200 - Loss: 0.5793
Iter 17/200 - Loss: 0.5511
Iter 18/200 - Loss: 0.5094
Iter 19/200 - Loss: 0.4553
Iter 20/200 - Loss: 0.3926
Iter 21/200 - Loss: 0.3272
Iter 22/200 - Loss: 0.2653
Iter 23/200 - Loss: 0.2113
Iter 24/200 - Loss: 0.1666
Iter 25/200 - Loss: 0.1305
Iter 26/200 - Loss: 0.1006
Iter 27/200 - Loss: 0.0740
Iter 28/200 - Loss: 0.0478
Iter 29/200 - Loss: 0.0201
Iter 30/200 - Loss: -0.0101
Iter 31/200 - Loss: -0.0429
Iter 32/200 - Loss: -0.0780
Iter 33/200 - Loss: -0.1146
Iter 34/200 - Loss: -0.1517
Iter 35/200 - Loss: -0.1882
Iter 36/200 - Loss: -0.2228
Iter 37/200 - Loss: -0.2545
Iter 38/200 - Loss: -0.2824
Iter 39/200 - Loss: -0.3064
Iter 40/200 - Loss: -0.3272
Iter 41/200 - Loss: -0.3470
Iter 42/200 - Loss: -0.3682
Iter 43/200 - Loss: -0.3921
Iter 44/200 - Loss: -0.4180
Iter 45/200 - Loss: -0.4438
Iter 46/200 - Loss: -0.4674
Iter 47/200 - Loss: -0.4878
Iter 48/200 - Loss: -0.5055
Iter 49/200 - Loss: -0.5215
Iter 50/200 - Loss: -0.5370
Iter 51/200 - Loss: -0.5528
Iter 52/200 - Loss: -0.5689
Iter 53/200 - Loss: -0.5851
Iter 54/200 - Loss: -0.6004
Iter 55/200 - Loss: -0.6142
Iter 56/200 - Loss: -0.6259
Iter 57/200 - Loss: -0.6365
Iter 58/200 - Loss: -0.6467
Iter 59/200 - Loss: -0.6574
Iter 60/200 - Loss: -0.6683
Iter 61/200 - Loss: -0.6786
Iter 62/200 - Loss: -0.6878
Iter 63/200 - Loss: -0.6956
Iter 64/200 - Loss: -0.7024
Iter 65/200 - Loss: -0.7087
Iter 66/200 - Loss: -0.7146
Iter 67/200 - Loss: -0.7201
Iter 68/200 - Loss: -0.7250
Iter 69/200 - Loss: -0.7291
Iter 70/200 - Loss: -0.7324
Iter 71/200 - Loss: -0.7348
Iter 72/200 - Loss: -0.7370
Iter 73/200 - Loss: -0.7390
Iter 74/200 - Loss: -0.7411
Iter 75/200 - Loss: -0.7431
Iter 76/200 - Loss: -0.7451
Iter 77/200 - Loss: -0.7466
Iter 78/200 - Loss: -0.7480
Iter 79/200 - Loss: -0.7494
Iter 80/200 - Loss: -0.7507
Iter 81/200 - Loss: -0.7520
Iter 82/200 - Loss: -0.7531
Iter 83/200 - Loss: -0.7540
Iter 84/200 - Loss: -0.7545
Iter 85/200 - Loss: -0.7550
Iter 86/200 - Loss: -0.7555
Iter 87/200 - Loss: -0.7560
Iter 88/200 - Loss: -0.7563
Iter 89/200 - Loss: -0.7565
Iter 90/200 - Loss: -0.7566
Iter 91/200 - Loss: -0.7568
Iter 92/200 - Loss: -0.7571
Iter 93/200 - Loss: -0.7577
Iter 94/200 - Loss: -0.7584
Iter 95/200 - Loss: -0.7595
Iter 96/200 - Loss: -0.7611
Iter 97/200 - Loss: -0.7631
Iter 98/200 - Loss: -0.7656
Iter 99/200 - Loss: -0.7685
Iter 100/200 - Loss: -0.7715
Iter 101/200 - Loss: -0.7749
Iter 102/200 - Loss: -0.7789
Iter 103/200 - Loss: -0.7830
Iter 104/200 - Loss: -0.7872
Iter 105/200 - Loss: -0.7913
Iter 106/200 - Loss: -0.7952
Iter 107/200 - Loss: -0.7989
Iter 108/200 - Loss: -0.8022
Iter 109/200 - Loss: -0.8054
Iter 110/200 - Loss: -0.8085
Iter 111/200 - Loss: -0.8114
Iter 112/200 - Loss: -0.8142
Iter 113/200 - Loss: -0.8168
Iter 114/200 - Loss: -0.8192
Iter 115/200 - Loss: -0.8215
Iter 116/200 - Loss: -0.8236
Iter 117/200 - Loss: -0.8255
Iter 118/200 - Loss: -0.8274
Iter 119/200 - Loss: -0.8293
Iter 120/200 - Loss: -0.8311
Iter 121/200 - Loss: -0.8328
Iter 122/200 - Loss: -0.8346
Iter 123/200 - Loss: -0.8363
Iter 124/200 - Loss: -0.8379
Iter 125/200 - Loss: -0.8394
Iter 126/200 - Loss: -0.8408
Iter 127/200 - Loss: -0.8421
Iter 128/200 - Loss: -0.8431
Iter 129/200 - Loss: -0.8441
Iter 130/200 - Loss: -0.8448
Iter 131/200 - Loss: -0.8455
Iter 132/200 - Loss: -0.8463
Iter 133/200 - Loss: -0.8469
Iter 134/200 - Loss: -0.8475
Iter 135/200 - Loss: -0.8481
Iter 136/200 - Loss: -0.8486
Iter 137/200 - Loss: -0.8492
Iter 138/200 - Loss: -0.8498
Iter 139/200 - Loss: -0.8504
Iter 140/200 - Loss: -0.8510
Iter 141/200 - Loss: -0.8515
Iter 142/200 - Loss: -0.8521
Iter 143/200 - Loss: -0.8527
Iter 144/200 - Loss: -0.8532
Iter 145/200 - Loss: -0.8537
Iter 146/200 - Loss: -0.8541
Iter 147/200 - Loss: -0.8546
Iter 148/200 - Loss: -0.8550
Iter 149/200 - Loss: -0.8554
Iter 150/200 - Loss: -0.8557
Iter 151/200 - Loss: -0.8560
reducing lr to 0.01
Iter 152/200 - Loss: -0.8563
Iter 153/200 - Loss: -0.8563
Iter 154/200 - Loss: -0.8564
Iter 155/200 - Loss: -0.8564
Iter 156/200 - Loss: -0.8564
Iter 157/200 - Loss: -0.8564
Iter 158/200 - Loss: -0.8565
Iter 159/200 - Loss: -0.8564
Iter 160/200 - Loss: -0.8565
Iter 161/200 - Loss: -0.8565
Iter 162/200 - Loss: -0.8565
Iter 163/200 - Loss: -0.8565
Iter 164/200 - Loss: -0.8566
Iter 165/200 - Loss: -0.8566
Iter 166/200 - Loss: -0.8566
Iter 167/200 - Loss: -0.8567
Iter 168/200 - Loss: -0.8566
Iter 169/200 - Loss: -0.8566
Iter 170/200 - Loss: -0.8567
Iter 171/200 - Loss: -0.8567
Iter 172/200 - Loss: -0.8567
Iter 173/200 - Loss: -0.8567
Iter 174/200 - Loss: -0.8567
Iter 175/200 - Loss: -0.8567
Iter 176/200 - Loss: -0.8568
Iter 177/200 - Loss: -0.8568
Iter 178/200 - Loss: -0.8568
Iter 179/200 - Loss: -0.8568
Iter 180/200 - Loss: -0.8568
Iter 181/200 - Loss: -0.8569
Iter 182/200 - Loss: -0.8569
Iter 183/200 - Loss: -0.8569
Iter 184/200 - Loss: -0.8569
Iter 185/200 - Loss: -0.8569
Iter 186/200 - Loss: -0.8569
Iter 187/200 - Loss: -0.8569
Iter 188/200 - Loss: -0.8570
Iter 189/200 - Loss: -0.8569
Iter 190/200 - Loss: -0.8570
Iter 191/200 - Loss: -0.8570
Iter 192/200 - Loss: -0.8570
Iter 193/200 - Loss: -0.8570
Iter 194/200 - Loss: -0.8570
Iter 195/200 - Loss: -0.8570
Iter 196/200 - Loss: -0.8570
Iter 197/200 - Loss: -0.8571
Iter 198/200 - Loss: -0.8571
Iter 199/200 - Loss: -0.8571
Iter 200/200 - Loss: -0.8571
OrderedDict([('likelihood.raw_task_noises', tensor([-5.1683, -6.3348, -7.2513, -6.9747])), ('likelihood.raw_task_noises_constraint.lower_bound', tensor(1.0000e-04)), ('likelihood.raw_task_noises_constraint.upper_bound', tensor(inf)), ('mean_module.base_means.0.raw_constant', tensor(0.1812)), ('mean_module.base_means.1.raw_constant', tensor(-0.2562)), ('mean_module.base_means.2.raw_constant', tensor(0.3992)), ('mean_module.base_means.3.raw_constant', tensor(-0.5035)), ('covar_module.task_covar_module.covar_factor', tensor([[-0.4887],
        [ 1.2650],
        [-1.2339],
        [ 1.1010]])), ('covar_module.task_covar_module.raw_var', tensor([ 0.7750, -0.7928, -0.7936, -0.0830])), ('covar_module.task_covar_module.raw_var_constraint.lower_bound', tensor(0.)), ('covar_module.task_covar_module.raw_var_constraint.upper_bound', tensor(inf)), ('covar_module.data_covar_module.raw_mixture_weights', tensor([-1.1555, -1.1555, -0.8948])), ('covar_module.data_covar_module.raw_mixture_means', tensor([[[-2.4581, -3.2186, -2.2804, -2.1472, -3.2872, -1.9436, -2.6591,
          -1.9310]],

        [[-2.4581, -3.2186, -2.2804, -2.1472, -3.2872, -1.9436, -2.6591,
          -1.9310]],

        [[-1.7863, -1.2675, -2.2469, -2.1957, -1.2805, -2.0174, -2.7159,
          -2.0153]]])), ('covar_module.data_covar_module.raw_mixture_scales', tensor([[[-1.8739, -2.9465, -1.5105, -1.4132, -3.0232, -0.9949, -1.9365,
          -0.0824]],

        [[-1.8739, -2.9465, -1.5105, -1.4132, -3.0232, -0.9949, -1.9365,
          -0.0824]],

        [[ 0.3071,  4.3928, -1.3883, -1.5263,  1.0229, -1.2346, -2.0347,
          -1.6697]]])), ('covar_module.data_covar_module.raw_mixture_scales_constraint.lower_bound', tensor(0.)), ('covar_module.data_covar_module.raw_mixture_scales_constraint.upper_bound', tensor(inf)), ('covar_module.data_covar_module.raw_mixture_means_constraint.lower_bound', tensor(0.)), ('covar_module.data_covar_module.raw_mixture_means_constraint.upper_bound', tensor(inf)), ('covar_module.data_covar_module.raw_mixture_weights_constraint.lower_bound', tensor(0.)), ('covar_module.data_covar_module.raw_mixture_weights_constraint.upper_bound', tensor(inf))])
