Leaving out Box_n50_17_1400
{'ns': 0.97000003, 'H0': 67.0, 'w0': -1.0, 'ombh2': 0.0223, 'omch2': 0.12, 'nu_mass_ev': 0.07071068, '10^9 As': 2.10100315}
(149, 7)
(149, 8)
scaling input
(149, 7)
scaling output
(149, 8)
Iter 1/1000 - Loss: 0.6309
Iter 2/1000 - Loss: 0.6194
Iter 3/1000 - Loss: 0.6080
Iter 4/1000 - Loss: 0.5965
Iter 5/1000 - Loss: 0.5850
Iter 6/1000 - Loss: 0.5736
Iter 7/1000 - Loss: 0.5621
Iter 8/1000 - Loss: 0.5506
Iter 9/1000 - Loss: 0.5392
Iter 10/1000 - Loss: 0.5277
Iter 11/1000 - Loss: 0.5162
Iter 12/1000 - Loss: 0.5047
Iter 13/1000 - Loss: 0.4932
Iter 14/1000 - Loss: 0.4818
Iter 15/1000 - Loss: 0.4703
Iter 16/1000 - Loss: 0.4589
Iter 17/1000 - Loss: 0.4474
Iter 18/1000 - Loss: 0.4359
Iter 19/1000 - Loss: 0.4244
Iter 20/1000 - Loss: 0.4129
Iter 21/1000 - Loss: 0.4014
Iter 22/1000 - Loss: 0.3899
Iter 23/1000 - Loss: 0.3784
Iter 24/1000 - Loss: 0.3669
Iter 25/1000 - Loss: 0.3554
Iter 26/1000 - Loss: 0.3439
Iter 27/1000 - Loss: 0.3323
Iter 28/1000 - Loss: 0.3208
Iter 29/1000 - Loss: 0.3092
Iter 30/1000 - Loss: 0.2977
Iter 31/1000 - Loss: 0.2861
Iter 32/1000 - Loss: 0.2745
Iter 33/1000 - Loss: 0.2629
Iter 34/1000 - Loss: 0.2513
Iter 35/1000 - Loss: 0.2396
Iter 36/1000 - Loss: 0.2280
Iter 37/1000 - Loss: 0.2163
Iter 38/1000 - Loss: 0.2046
Iter 39/1000 - Loss: 0.1929
Iter 40/1000 - Loss: 0.1812
Iter 41/1000 - Loss: 0.1694
Iter 42/1000 - Loss: 0.1576
Iter 43/1000 - Loss: 0.1458
Iter 44/1000 - Loss: 0.1339
Iter 45/1000 - Loss: 0.1221
Iter 46/1000 - Loss: 0.1102
Iter 47/1000 - Loss: 0.0982
Iter 48/1000 - Loss: 0.0863
Iter 49/1000 - Loss: 0.0743
Iter 50/1000 - Loss: 0.0623
Iter 51/1000 - Loss: 0.0503
Iter 52/1000 - Loss: 0.0382
Iter 53/1000 - Loss: 0.0261
Iter 54/1000 - Loss: 0.0140
Iter 55/1000 - Loss: 0.0018
Iter 56/1000 - Loss: -0.0104
Iter 57/1000 - Loss: -0.0226
Iter 58/1000 - Loss: -0.0348
Iter 59/1000 - Loss: -0.0471
Iter 60/1000 - Loss: -0.0594
Iter 61/1000 - Loss: -0.0717
Iter 62/1000 - Loss: -0.0841
Iter 63/1000 - Loss: -0.0964
Iter 64/1000 - Loss: -0.1089
Iter 65/1000 - Loss: -0.1213
Iter 66/1000 - Loss: -0.1337
Iter 67/1000 - Loss: -0.1462
Iter 68/1000 - Loss: -0.1587
Iter 69/1000 - Loss: -0.1712
Iter 70/1000 - Loss: -0.1838
Iter 71/1000 - Loss: -0.1964
Iter 72/1000 - Loss: -0.2090
Iter 73/1000 - Loss: -0.2216
Iter 74/1000 - Loss: -0.2342
Iter 75/1000 - Loss: -0.2469
Iter 76/1000 - Loss: -0.2596
Iter 77/1000 - Loss: -0.2723
Iter 78/1000 - Loss: -0.2850
Iter 79/1000 - Loss: -0.2978
Iter 80/1000 - Loss: -0.3105
Iter 81/1000 - Loss: -0.3233
Iter 82/1000 - Loss: -0.3361
Iter 83/1000 - Loss: -0.3490
Iter 84/1000 - Loss: -0.3618
Iter 85/1000 - Loss: -0.3746
Iter 86/1000 - Loss: -0.3875
Iter 87/1000 - Loss: -0.4004
Iter 88/1000 - Loss: -0.4133
Iter 89/1000 - Loss: -0.4262
Iter 90/1000 - Loss: -0.4391
Iter 91/1000 - Loss: -0.4521
Iter 92/1000 - Loss: -0.4650
Iter 93/1000 - Loss: -0.4780
Iter 94/1000 - Loss: -0.4909
Iter 95/1000 - Loss: -0.5039
Iter 96/1000 - Loss: -0.5169
Iter 97/1000 - Loss: -0.5299
Iter 98/1000 - Loss: -0.5429
Iter 99/1000 - Loss: -0.5559
Iter 100/1000 - Loss: -0.5689
Iter 101/1000 - Loss: -0.5819
Iter 102/1000 - Loss: -0.5949
Iter 103/1000 - Loss: -0.6079
Iter 104/1000 - Loss: -0.6209
Iter 105/1000 - Loss: -0.6340
Iter 106/1000 - Loss: -0.6470
Iter 107/1000 - Loss: -0.6600
Iter 108/1000 - Loss: -0.6730
Iter 109/1000 - Loss: -0.6860
Iter 110/1000 - Loss: -0.6990
Iter 111/1000 - Loss: -0.7120
Iter 112/1000 - Loss: -0.7250
Iter 113/1000 - Loss: -0.7380
Iter 114/1000 - Loss: -0.7509
Iter 115/1000 - Loss: -0.7639
Iter 116/1000 - Loss: -0.7769
Iter 117/1000 - Loss: -0.7898
Iter 118/1000 - Loss: -0.8028
Iter 119/1000 - Loss: -0.8157
Iter 120/1000 - Loss: -0.8286
Iter 121/1000 - Loss: -0.8414
Iter 122/1000 - Loss: -0.8543
Iter 123/1000 - Loss: -0.8672
Iter 124/1000 - Loss: -0.8800
Iter 125/1000 - Loss: -0.8928
Iter 126/1000 - Loss: -0.9056
Iter 127/1000 - Loss: -0.9184
Iter 128/1000 - Loss: -0.9311
Iter 129/1000 - Loss: -0.9439
Iter 130/1000 - Loss: -0.9566
Iter 131/1000 - Loss: -0.9693
Iter 132/1000 - Loss: -0.9819
Iter 133/1000 - Loss: -0.9946
Iter 134/1000 - Loss: -1.0072
Iter 135/1000 - Loss: -1.0198
Iter 136/1000 - Loss: -1.0324
Iter 137/1000 - Loss: -1.0450
Iter 138/1000 - Loss: -1.0575
Iter 139/1000 - Loss: -1.0701
Iter 140/1000 - Loss: -1.0826
Iter 141/1000 - Loss: -1.0951
Iter 142/1000 - Loss: -1.1076
Iter 143/1000 - Loss: -1.1200
Iter 144/1000 - Loss: -1.1324
Iter 145/1000 - Loss: -1.1449
Iter 146/1000 - Loss: -1.1573
Iter 147/1000 - Loss: -1.1697
Iter 148/1000 - Loss: -1.1821
Iter 149/1000 - Loss: -1.1944
Iter 150/1000 - Loss: -1.2067
Iter 151/1000 - Loss: -1.2190
Iter 152/1000 - Loss: -1.2313
Iter 153/1000 - Loss: -1.2436
Iter 154/1000 - Loss: -1.2558
Iter 155/1000 - Loss: -1.2680
Iter 156/1000 - Loss: -1.2802
Iter 157/1000 - Loss: -1.2924
Iter 158/1000 - Loss: -1.3045
Iter 159/1000 - Loss: -1.3166
Iter 160/1000 - Loss: -1.3286
Iter 161/1000 - Loss: -1.3406
Iter 162/1000 - Loss: -1.3525
Iter 163/1000 - Loss: -1.3644
Iter 164/1000 - Loss: -1.3762
Iter 165/1000 - Loss: -1.3880
Iter 166/1000 - Loss: -1.3997
Iter 167/1000 - Loss: -1.4113
Iter 168/1000 - Loss: -1.4228
Iter 169/1000 - Loss: -1.4343
Iter 170/1000 - Loss: -1.4456
Iter 171/1000 - Loss: -1.4568
Iter 172/1000 - Loss: -1.4679
Iter 173/1000 - Loss: -1.4789
Iter 174/1000 - Loss: -1.4898
Iter 175/1000 - Loss: -1.5005
Iter 176/1000 - Loss: -1.5111
Iter 177/1000 - Loss: -1.5214
Iter 178/1000 - Loss: -1.5316
Iter 179/1000 - Loss: -1.5417
Iter 180/1000 - Loss: -1.5515
Iter 181/1000 - Loss: -1.5611
Iter 182/1000 - Loss: -1.5705
Iter 183/1000 - Loss: -1.5797
Iter 184/1000 - Loss: -1.5886
Iter 185/1000 - Loss: -1.5974
Iter 186/1000 - Loss: -1.6059
Iter 187/1000 - Loss: -1.6143
Iter 188/1000 - Loss: -1.6224
Iter 189/1000 - Loss: -1.6303
Iter 190/1000 - Loss: -1.6380
Iter 191/1000 - Loss: -1.6456
Iter 192/1000 - Loss: -1.6530
Iter 193/1000 - Loss: -1.6603
Iter 194/1000 - Loss: -1.6675
Iter 195/1000 - Loss: -1.6745
Iter 196/1000 - Loss: -1.6815
Iter 197/1000 - Loss: -1.6884
Iter 198/1000 - Loss: -1.6953
Iter 199/1000 - Loss: -1.7022
Iter 200/1000 - Loss: -1.7090
Iter 201/1000 - Loss: -1.7157
Iter 202/1000 - Loss: -1.7224
Iter 203/1000 - Loss: -1.7291
Iter 204/1000 - Loss: -1.7357
Iter 205/1000 - Loss: -1.7423
Iter 206/1000 - Loss: -1.7488
Iter 207/1000 - Loss: -1.7553
Iter 208/1000 - Loss: -1.7617
Iter 209/1000 - Loss: -1.7681
Iter 210/1000 - Loss: -1.7743
Iter 211/1000 - Loss: -1.7806
Iter 212/1000 - Loss: -1.7867
Iter 213/1000 - Loss: -1.7928
Iter 214/1000 - Loss: -1.7988
Iter 215/1000 - Loss: -1.8048
Iter 216/1000 - Loss: -1.8106
Iter 217/1000 - Loss: -1.8165
Iter 218/1000 - Loss: -1.8222
Iter 219/1000 - Loss: -1.8278
Iter 220/1000 - Loss: -1.8334
Iter 221/1000 - Loss: -1.8390
Iter 222/1000 - Loss: -1.8445
Iter 223/1000 - Loss: -1.8499
Iter 224/1000 - Loss: -1.8552
Iter 225/1000 - Loss: -1.8605
Iter 226/1000 - Loss: -1.8657
Iter 227/1000 - Loss: -1.8709
Iter 228/1000 - Loss: -1.8760
Iter 229/1000 - Loss: -1.8811
Iter 230/1000 - Loss: -1.8861
Iter 231/1000 - Loss: -1.8910
Iter 232/1000 - Loss: -1.8959
Iter 233/1000 - Loss: -1.9008
Iter 234/1000 - Loss: -1.9055
Iter 235/1000 - Loss: -1.9103
Iter 236/1000 - Loss: -1.9150
Iter 237/1000 - Loss: -1.9196
Iter 238/1000 - Loss: -1.9241
Iter 239/1000 - Loss: -1.9287
Iter 240/1000 - Loss: -1.9331
Iter 241/1000 - Loss: -1.9375
Iter 242/1000 - Loss: -1.9419
Iter 243/1000 - Loss: -1.9462
Iter 244/1000 - Loss: -1.9505
Iter 245/1000 - Loss: -1.9547
Iter 246/1000 - Loss: -1.9589
Iter 247/1000 - Loss: -1.9630
Iter 248/1000 - Loss: -1.9671
Iter 249/1000 - Loss: -1.9711
Iter 250/1000 - Loss: -1.9751
Iter 251/1000 - Loss: -1.9790
Iter 252/1000 - Loss: -1.9829
Iter 253/1000 - Loss: -1.9868
Iter 254/1000 - Loss: -1.9906
Iter 255/1000 - Loss: -1.9943
Iter 256/1000 - Loss: -1.9980
Iter 257/1000 - Loss: -2.0017
Iter 258/1000 - Loss: -2.0054
Iter 259/1000 - Loss: -2.0090
Iter 260/1000 - Loss: -2.0125
Iter 261/1000 - Loss: -2.0161
Iter 262/1000 - Loss: -2.0196
Iter 263/1000 - Loss: -2.0230
Iter 264/1000 - Loss: -2.0264
Iter 265/1000 - Loss: -2.0298
Iter 266/1000 - Loss: -2.0332
Iter 267/1000 - Loss: -2.0365
Iter 268/1000 - Loss: -2.0398
Iter 269/1000 - Loss: -2.0430
Iter 270/1000 - Loss: -2.0462
Iter 271/1000 - Loss: -2.0494
Iter 272/1000 - Loss: -2.0526
Iter 273/1000 - Loss: -2.0557
Iter 274/1000 - Loss: -2.0588
Iter 275/1000 - Loss: -2.0618
Iter 276/1000 - Loss: -2.0649
Iter 277/1000 - Loss: -2.0679
Iter 278/1000 - Loss: -2.0708
Iter 279/1000 - Loss: -2.0738
Iter 280/1000 - Loss: -2.0767
Iter 281/1000 - Loss: -2.0796
Iter 282/1000 - Loss: -2.0824
Iter 283/1000 - Loss: -2.0853
Iter 284/1000 - Loss: -2.0881
Iter 285/1000 - Loss: -2.0908
Iter 286/1000 - Loss: -2.0936
Iter 287/1000 - Loss: -2.0963
Iter 288/1000 - Loss: -2.0990
Iter 289/1000 - Loss: -2.1017
Iter 290/1000 - Loss: -2.1043
Iter 291/1000 - Loss: -2.1070
Iter 292/1000 - Loss: -2.1095
Iter 293/1000 - Loss: -2.1121
Iter 294/1000 - Loss: -2.1147
Iter 295/1000 - Loss: -2.1172
Iter 296/1000 - Loss: -2.1197
Iter 297/1000 - Loss: -2.1222
Iter 298/1000 - Loss: -2.1246
Iter 299/1000 - Loss: -2.1271
Iter 300/1000 - Loss: -2.1295
Iter 301/1000 - Loss: -2.1318
Iter 302/1000 - Loss: -2.1342
Iter 303/1000 - Loss: -2.1365
Iter 304/1000 - Loss: -2.1388
Iter 305/1000 - Loss: -2.1411
Iter 306/1000 - Loss: -2.1434
Iter 307/1000 - Loss: -2.1456
Iter 308/1000 - Loss: -2.1479
Iter 309/1000 - Loss: -2.1501
Iter 310/1000 - Loss: -2.1522
Iter 311/1000 - Loss: -2.1544
Iter 312/1000 - Loss: -2.1565
Iter 313/1000 - Loss: -2.1587
Iter 314/1000 - Loss: -2.1607
Iter 315/1000 - Loss: -2.1628
Iter 316/1000 - Loss: -2.1649
Iter 317/1000 - Loss: -2.1669
Iter 318/1000 - Loss: -2.1689
Iter 319/1000 - Loss: -2.1709
Iter 320/1000 - Loss: -2.1728
Iter 321/1000 - Loss: -2.1748
Iter 322/1000 - Loss: -2.1767
Iter 323/1000 - Loss: -2.1786
Iter 324/1000 - Loss: -2.1805
Iter 325/1000 - Loss: -2.1823
Iter 326/1000 - Loss: -2.1842
Iter 327/1000 - Loss: -2.1860
Iter 328/1000 - Loss: -2.1878
Iter 329/1000 - Loss: -2.1896
Iter 330/1000 - Loss: -2.1913
Iter 331/1000 - Loss: -2.1930
Iter 332/1000 - Loss: -2.1948
Iter 333/1000 - Loss: -2.1964
Iter 334/1000 - Loss: -2.1981
Iter 335/1000 - Loss: -2.1998
Iter 336/1000 - Loss: -2.2014
Iter 337/1000 - Loss: -2.2030
Iter 338/1000 - Loss: -2.2046
Iter 339/1000 - Loss: -2.2062
Iter 340/1000 - Loss: -2.2077
Iter 341/1000 - Loss: -2.2093
Iter 342/1000 - Loss: -2.2108
Iter 343/1000 - Loss: -2.2122
Iter 344/1000 - Loss: -2.2137
Iter 345/1000 - Loss: -2.2152
Iter 346/1000 - Loss: -2.2166
Iter 347/1000 - Loss: -2.2180
Iter 348/1000 - Loss: -2.2194
Iter 349/1000 - Loss: -2.2208
Iter 350/1000 - Loss: -2.2222
Iter 351/1000 - Loss: -2.2235
Iter 352/1000 - Loss: -2.2248
Iter 353/1000 - Loss: -2.2261
Iter 354/1000 - Loss: -2.2274
Iter 355/1000 - Loss: -2.2286
Iter 356/1000 - Loss: -2.2299
Iter 357/1000 - Loss: -2.2311
Iter 358/1000 - Loss: -2.2323
Iter 359/1000 - Loss: -2.2335
Iter 360/1000 - Loss: -2.2347
Iter 361/1000 - Loss: -2.2358
Iter 362/1000 - Loss: -2.2369
Iter 363/1000 - Loss: -2.2380
Iter 364/1000 - Loss: -2.2391
Iter 365/1000 - Loss: -2.2402
Iter 366/1000 - Loss: -2.2413
Iter 367/1000 - Loss: -2.2423
Iter 368/1000 - Loss: -2.2434
Iter 369/1000 - Loss: -2.2444
Iter 370/1000 - Loss: -2.2454
Iter 371/1000 - Loss: -2.2463
Iter 372/1000 - Loss: -2.2473
Iter 373/1000 - Loss: -2.2483
Iter 374/1000 - Loss: -2.2492
Iter 375/1000 - Loss: -2.2501
Iter 376/1000 - Loss: -2.2510
Iter 377/1000 - Loss: -2.2519
Iter 378/1000 - Loss: -2.2528
Iter 379/1000 - Loss: -2.2536
Iter 380/1000 - Loss: -2.2545
Iter 381/1000 - Loss: -2.2553
Iter 382/1000 - Loss: -2.2561
Iter 383/1000 - Loss: -2.2569
Iter 384/1000 - Loss: -2.2577
Iter 385/1000 - Loss: -2.2584
Iter 386/1000 - Loss: -2.2592
Iter 387/1000 - Loss: -2.2599
Iter 388/1000 - Loss: -2.2606
Iter 389/1000 - Loss: -2.2614
Iter 390/1000 - Loss: -2.2621
Iter 391/1000 - Loss: -2.2628
Iter 392/1000 - Loss: -2.2634
Iter 393/1000 - Loss: -2.2641
Iter 394/1000 - Loss: -2.2647
Iter 395/1000 - Loss: -2.2654
Iter 396/1000 - Loss: -2.2660
Iter 397/1000 - Loss: -2.2666
Iter 398/1000 - Loss: -2.2672
Iter 399/1000 - Loss: -2.2678
Iter 400/1000 - Loss: -2.2684
Iter 401/1000 - Loss: -2.2690
Iter 402/1000 - Loss: -2.2695
Iter 403/1000 - Loss: -2.2700
Iter 404/1000 - Loss: -2.2706
Iter 405/1000 - Loss: -2.2711
Iter 406/1000 - Loss: -2.2716
Iter 407/1000 - Loss: -2.2721
Iter 408/1000 - Loss: -2.2726
Iter 409/1000 - Loss: -2.2731
Iter 410/1000 - Loss: -2.2736
Iter 411/1000 - Loss: -2.2741
Iter 412/1000 - Loss: -2.2745
Iter 413/1000 - Loss: -2.2749
Iter 414/1000 - Loss: -2.2754
Iter 415/1000 - Loss: -2.2758
Iter 416/1000 - Loss: -2.2762
Iter 417/1000 - Loss: -2.2767
Iter 418/1000 - Loss: -2.2771
Iter 419/1000 - Loss: -2.2775
Iter 420/1000 - Loss: -2.2779
Iter 421/1000 - Loss: -2.2782
Iter 422/1000 - Loss: -2.2786
Iter 423/1000 - Loss: -2.2790
Iter 424/1000 - Loss: -2.2794
Iter 425/1000 - Loss: -2.2797
Iter 426/1000 - Loss: -2.2801
Iter 427/1000 - Loss: -2.2804
Iter 428/1000 - Loss: -2.2807
Iter 429/1000 - Loss: -2.2811
Iter 430/1000 - Loss: -2.2814
Iter 431/1000 - Loss: -2.2817
Iter 432/1000 - Loss: -2.2820
Iter 433/1000 - Loss: -2.2823
Iter 434/1000 - Loss: -2.2826
Iter 435/1000 - Loss: -2.2829
Iter 436/1000 - Loss: -2.2832
Iter 437/1000 - Loss: -2.2834
Iter 438/1000 - Loss: -2.2837
Iter 439/1000 - Loss: -2.2840
Iter 440/1000 - Loss: -2.2842
Iter 441/1000 - Loss: -2.2845
Iter 442/1000 - Loss: -2.2848
Iter 443/1000 - Loss: -2.2850
Iter 444/1000 - Loss: -2.2853
Iter 445/1000 - Loss: -2.2855
Iter 446/1000 - Loss: -2.2857
Iter 447/1000 - Loss: -2.2860
Iter 448/1000 - Loss: -2.2862
Iter 449/1000 - Loss: -2.2864
Iter 450/1000 - Loss: -2.2866
Iter 451/1000 - Loss: -2.2868
Iter 452/1000 - Loss: -2.2870
Iter 453/1000 - Loss: -2.2873
Iter 454/1000 - Loss: -2.2874
Iter 455/1000 - Loss: -2.2876
Iter 456/1000 - Loss: -2.2878
Iter 457/1000 - Loss: -2.2880
Iter 458/1000 - Loss: -2.2882
Iter 459/1000 - Loss: -2.2884
Iter 460/1000 - Loss: -2.2886
Iter 461/1000 - Loss: -2.2888
Iter 462/1000 - Loss: -2.2889
Iter 463/1000 - Loss: -2.2891
Iter 464/1000 - Loss: -2.2893
Iter 465/1000 - Loss: -2.2894
Iter 466/1000 - Loss: -2.2896
Iter 467/1000 - Loss: -2.2898
Iter 468/1000 - Loss: -2.2899
Iter 469/1000 - Loss: -2.2900
Iter 470/1000 - Loss: -2.2902
Iter 471/1000 - Loss: -2.2903
Iter 472/1000 - Loss: -2.2905
Iter 473/1000 - Loss: -2.2906
Iter 474/1000 - Loss: -2.2908
Iter 475/1000 - Loss: -2.2909
Iter 476/1000 - Loss: -2.2910
Iter 477/1000 - Loss: -2.2912
Iter 478/1000 - Loss: -2.2913
Iter 479/1000 - Loss: -2.2914
Iter 480/1000 - Loss: -2.2916
Iter 481/1000 - Loss: -2.2917
Iter 482/1000 - Loss: -2.2918
Iter 483/1000 - Loss: -2.2919
Iter 484/1000 - Loss: -2.2920
Iter 485/1000 - Loss: -2.2921
Iter 486/1000 - Loss: -2.2922
Iter 487/1000 - Loss: -2.2924
Iter 488/1000 - Loss: -2.2925
Iter 489/1000 - Loss: -2.2926
Iter 490/1000 - Loss: -2.2927
Iter 491/1000 - Loss: -2.2928
Iter 492/1000 - Loss: -2.2929
Iter 493/1000 - Loss: -2.2930
Iter 494/1000 - Loss: -2.2931
Iter 495/1000 - Loss: -2.2932
Iter 496/1000 - Loss: -2.2933
Iter 497/1000 - Loss: -2.2934
Iter 498/1000 - Loss: -2.2935
Iter 499/1000 - Loss: -2.2936
Iter 500/1000 - Loss: -2.2937
Iter 501/1000 - Loss: -2.2938
reducing lr to 0.001000
Iter 502/1000 - Loss: -2.2939
Iter 503/1000 - Loss: -2.2939
Iter 504/1000 - Loss: -2.2939
Iter 505/1000 - Loss: -2.2939
Iter 506/1000 - Loss: -2.2939
Iter 507/1000 - Loss: -2.2939
Iter 508/1000 - Loss: -2.2939
Iter 509/1000 - Loss: -2.2939
Iter 510/1000 - Loss: -2.2939
Iter 511/1000 - Loss: -2.2939
Iter 512/1000 - Loss: -2.2940
Iter 513/1000 - Loss: -2.2940
Iter 514/1000 - Loss: -2.2940
Iter 515/1000 - Loss: -2.2940
Iter 516/1000 - Loss: -2.2940
Iter 517/1000 - Loss: -2.2940
Iter 518/1000 - Loss: -2.2940
Iter 519/1000 - Loss: -2.2940
Iter 520/1000 - Loss: -2.2940
Iter 521/1000 - Loss: -2.2940
Iter 522/1000 - Loss: -2.2940
Iter 523/1000 - Loss: -2.2940
Iter 524/1000 - Loss: -2.2941
Iter 525/1000 - Loss: -2.2941
Iter 526/1000 - Loss: -2.2941
Iter 527/1000 - Loss: -2.2941
Iter 528/1000 - Loss: -2.2941
Iter 529/1000 - Loss: -2.2941
Iter 530/1000 - Loss: -2.2941
Iter 531/1000 - Loss: -2.2941
Iter 532/1000 - Loss: -2.2941
Iter 533/1000 - Loss: -2.2941
Iter 534/1000 - Loss: -2.2941
Iter 535/1000 - Loss: -2.2942
Iter 536/1000 - Loss: -2.2941
Iter 537/1000 - Loss: -2.2942
Iter 538/1000 - Loss: -2.2942
Iter 539/1000 - Loss: -2.2942
Iter 540/1000 - Loss: -2.2942
Iter 541/1000 - Loss: -2.2942
Iter 542/1000 - Loss: -2.2942
Iter 543/1000 - Loss: -2.2942
Iter 544/1000 - Loss: -2.2942
Iter 545/1000 - Loss: -2.2942
Iter 546/1000 - Loss: -2.2942
Iter 547/1000 - Loss: -2.2942
Iter 548/1000 - Loss: -2.2943
Iter 549/1000 - Loss: -2.2943
Iter 550/1000 - Loss: -2.2942
Iter 551/1000 - Loss: -2.2943
Iter 552/1000 - Loss: -2.2943
Iter 553/1000 - Loss: -2.2943
Iter 554/1000 - Loss: -2.2943
Iter 555/1000 - Loss: -2.2943
Iter 556/1000 - Loss: -2.2943
Iter 557/1000 - Loss: -2.2943
Iter 558/1000 - Loss: -2.2943
Iter 559/1000 - Loss: -2.2943
Iter 560/1000 - Loss: -2.2943
Iter 561/1000 - Loss: -2.2944
Iter 562/1000 - Loss: -2.2944
Iter 563/1000 - Loss: -2.2944
Iter 564/1000 - Loss: -2.2944
Iter 565/1000 - Loss: -2.2944
Iter 566/1000 - Loss: -2.2944
Iter 567/1000 - Loss: -2.2944
Iter 568/1000 - Loss: -2.2944
Iter 569/1000 - Loss: -2.2944
Iter 570/1000 - Loss: -2.2944
Iter 571/1000 - Loss: -2.2945
Iter 572/1000 - Loss: -2.2944
Iter 573/1000 - Loss: -2.2945
Iter 574/1000 - Loss: -2.2945
Iter 575/1000 - Loss: -2.2944
Iter 576/1000 - Loss: -2.2945
Iter 577/1000 - Loss: -2.2945
Iter 578/1000 - Loss: -2.2945
Iter 579/1000 - Loss: -2.2945
Iter 580/1000 - Loss: -2.2945
Iter 581/1000 - Loss: -2.2945
Iter 582/1000 - Loss: -2.2945
Iter 583/1000 - Loss: -2.2945
Iter 584/1000 - Loss: -2.2946
Iter 585/1000 - Loss: -2.2946
Iter 586/1000 - Loss: -2.2945
Iter 587/1000 - Loss: -2.2945
Iter 588/1000 - Loss: -2.2946
Iter 589/1000 - Loss: -2.2946
Iter 590/1000 - Loss: -2.2946
Iter 591/1000 - Loss: -2.2946
Iter 592/1000 - Loss: -2.2946
Iter 593/1000 - Loss: -2.2946
Iter 594/1000 - Loss: -2.2946
Iter 595/1000 - Loss: -2.2947
Iter 596/1000 - Loss: -2.2946
Iter 597/1000 - Loss: -2.2946
Iter 598/1000 - Loss: -2.2946
Iter 599/1000 - Loss: -2.2947
Iter 600/1000 - Loss: -2.2947
Iter 601/1000 - Loss: -2.2947
Iter 602/1000 - Loss: -2.2947
Iter 603/1000 - Loss: -2.2947
Iter 604/1000 - Loss: -2.2947
Iter 605/1000 - Loss: -2.2947
Iter 606/1000 - Loss: -2.2947
Iter 607/1000 - Loss: -2.2947
Iter 608/1000 - Loss: -2.2947
Iter 609/1000 - Loss: -2.2947
Iter 610/1000 - Loss: -2.2947
Iter 611/1000 - Loss: -2.2948
Iter 612/1000 - Loss: -2.2948
Iter 613/1000 - Loss: -2.2948
Iter 614/1000 - Loss: -2.2948
Iter 615/1000 - Loss: -2.2948
Iter 616/1000 - Loss: -2.2948
Iter 617/1000 - Loss: -2.2948
Iter 618/1000 - Loss: -2.2948
Iter 619/1000 - Loss: -2.2948
Iter 620/1000 - Loss: -2.2948
Iter 621/1000 - Loss: -2.2949
Iter 622/1000 - Loss: -2.2948
Iter 623/1000 - Loss: -2.2949
Iter 624/1000 - Loss: -2.2949
Iter 625/1000 - Loss: -2.2949
Iter 626/1000 - Loss: -2.2949
Iter 627/1000 - Loss: -2.2949
Iter 628/1000 - Loss: -2.2949
Iter 629/1000 - Loss: -2.2949
Iter 630/1000 - Loss: -2.2949
Iter 631/1000 - Loss: -2.2949
Iter 632/1000 - Loss: -2.2949
Iter 633/1000 - Loss: -2.2949
Iter 634/1000 - Loss: -2.2949
Iter 635/1000 - Loss: -2.2950
Iter 636/1000 - Loss: -2.2950
Iter 637/1000 - Loss: -2.2950
Iter 638/1000 - Loss: -2.2950
Iter 639/1000 - Loss: -2.2950
Iter 640/1000 - Loss: -2.2950
Iter 641/1000 - Loss: -2.2950
Iter 642/1000 - Loss: -2.2950
Iter 643/1000 - Loss: -2.2950
Iter 644/1000 - Loss: -2.2950
Iter 645/1000 - Loss: -2.2950
Iter 646/1000 - Loss: -2.2950
Iter 647/1000 - Loss: -2.2950
Iter 648/1000 - Loss: -2.2950
Iter 649/1000 - Loss: -2.2951
Iter 650/1000 - Loss: -2.2951
Iter 651/1000 - Loss: -2.2951
Iter 652/1000 - Loss: -2.2951
Iter 653/1000 - Loss: -2.2951
Iter 654/1000 - Loss: -2.2951
Iter 655/1000 - Loss: -2.2951
Iter 656/1000 - Loss: -2.2951
Iter 657/1000 - Loss: -2.2951
Iter 658/1000 - Loss: -2.2951
Iter 659/1000 - Loss: -2.2951
Iter 660/1000 - Loss: -2.2951
Iter 661/1000 - Loss: -2.2952
Iter 662/1000 - Loss: -2.2952
Iter 663/1000 - Loss: -2.2952
Iter 664/1000 - Loss: -2.2952
Iter 665/1000 - Loss: -2.2952
Iter 666/1000 - Loss: -2.2952
Iter 667/1000 - Loss: -2.2952
Iter 668/1000 - Loss: -2.2952
Iter 669/1000 - Loss: -2.2952
Iter 670/1000 - Loss: -2.2952
Iter 671/1000 - Loss: -2.2952
Iter 672/1000 - Loss: -2.2952
Iter 673/1000 - Loss: -2.2952
Iter 674/1000 - Loss: -2.2952
Iter 675/1000 - Loss: -2.2952
Iter 676/1000 - Loss: -2.2953
Iter 677/1000 - Loss: -2.2953
Iter 678/1000 - Loss: -2.2953
Iter 679/1000 - Loss: -2.2953
Iter 680/1000 - Loss: -2.2953
Iter 681/1000 - Loss: -2.2953
Iter 682/1000 - Loss: -2.2953
Iter 683/1000 - Loss: -2.2953
Iter 684/1000 - Loss: -2.2953
Iter 685/1000 - Loss: -2.2953
Iter 686/1000 - Loss: -2.2953
Iter 687/1000 - Loss: -2.2953
Iter 688/1000 - Loss: -2.2953
Iter 689/1000 - Loss: -2.2954
Iter 690/1000 - Loss: -2.2954
Iter 691/1000 - Loss: -2.2954
Iter 692/1000 - Loss: -2.2954
Iter 693/1000 - Loss: -2.2954
Iter 694/1000 - Loss: -2.2954
Iter 695/1000 - Loss: -2.2954
Iter 696/1000 - Loss: -2.2954
Iter 697/1000 - Loss: -2.2954
Iter 698/1000 - Loss: -2.2954
Iter 699/1000 - Loss: -2.2954
Iter 700/1000 - Loss: -2.2954
Iter 701/1000 - Loss: -2.2954
Iter 702/1000 - Loss: -2.2954
Iter 703/1000 - Loss: -2.2955
Iter 704/1000 - Loss: -2.2955
Iter 705/1000 - Loss: -2.2955
Iter 706/1000 - Loss: -2.2955
Iter 707/1000 - Loss: -2.2955
Iter 708/1000 - Loss: -2.2955
Iter 709/1000 - Loss: -2.2955
Iter 710/1000 - Loss: -2.2955
Iter 711/1000 - Loss: -2.2955
Iter 712/1000 - Loss: -2.2955
Iter 713/1000 - Loss: -2.2956
Iter 714/1000 - Loss: -2.2956
Iter 715/1000 - Loss: -2.2956
Iter 716/1000 - Loss: -2.2956
Iter 717/1000 - Loss: -2.2956
Iter 718/1000 - Loss: -2.2956
Iter 719/1000 - Loss: -2.2956
Iter 720/1000 - Loss: -2.2956
Iter 721/1000 - Loss: -2.2956
Iter 722/1000 - Loss: -2.2956
Iter 723/1000 - Loss: -2.2956
Iter 724/1000 - Loss: -2.2956
Iter 725/1000 - Loss: -2.2956
Iter 726/1000 - Loss: -2.2957
Iter 727/1000 - Loss: -2.2956
Iter 728/1000 - Loss: -2.2957
Iter 729/1000 - Loss: -2.2957
Iter 730/1000 - Loss: -2.2956
Iter 731/1000 - Loss: -2.2957
Iter 732/1000 - Loss: -2.2957
Iter 733/1000 - Loss: -2.2957
Iter 734/1000 - Loss: -2.2957
Iter 735/1000 - Loss: -2.2957
Iter 736/1000 - Loss: -2.2957
Iter 737/1000 - Loss: -2.2957
Iter 738/1000 - Loss: -2.2957
Iter 739/1000 - Loss: -2.2957
Iter 740/1000 - Loss: -2.2958
Iter 741/1000 - Loss: -2.2958
Iter 742/1000 - Loss: -2.2958
Iter 743/1000 - Loss: -2.2958
Iter 744/1000 - Loss: -2.2958
Iter 745/1000 - Loss: -2.2958
Iter 746/1000 - Loss: -2.2958
Iter 747/1000 - Loss: -2.2958
Iter 748/1000 - Loss: -2.2958
Iter 749/1000 - Loss: -2.2958
Iter 750/1000 - Loss: -2.2958
Iter 751/1000 - Loss: -2.2958
Iter 752/1000 - Loss: -2.2958
Iter 753/1000 - Loss: -2.2959
Iter 754/1000 - Loss: -2.2959
Iter 755/1000 - Loss: -2.2959
Iter 756/1000 - Loss: -2.2959
Iter 757/1000 - Loss: -2.2959
Iter 758/1000 - Loss: -2.2959
Iter 759/1000 - Loss: -2.2959
Iter 760/1000 - Loss: -2.2959
Iter 761/1000 - Loss: -2.2959
Iter 762/1000 - Loss: -2.2959
Iter 763/1000 - Loss: -2.2959
Iter 764/1000 - Loss: -2.2959
Iter 765/1000 - Loss: -2.2959
Iter 766/1000 - Loss: -2.2959
Iter 767/1000 - Loss: -2.2959
Iter 768/1000 - Loss: -2.2960
Iter 769/1000 - Loss: -2.2960
Iter 770/1000 - Loss: -2.2959
Iter 771/1000 - Loss: -2.2960
Iter 772/1000 - Loss: -2.2960
Iter 773/1000 - Loss: -2.2960
Iter 774/1000 - Loss: -2.2960
Iter 775/1000 - Loss: -2.2960
Iter 776/1000 - Loss: -2.2960
Iter 777/1000 - Loss: -2.2960
Iter 778/1000 - Loss: -2.2960
Iter 779/1000 - Loss: -2.2960
Iter 780/1000 - Loss: -2.2960
Iter 781/1000 - Loss: -2.2960
Iter 782/1000 - Loss: -2.2960
Iter 783/1000 - Loss: -2.2960
Iter 784/1000 - Loss: -2.2961
Iter 785/1000 - Loss: -2.2961
Iter 786/1000 - Loss: -2.2961
Iter 787/1000 - Loss: -2.2961
Iter 788/1000 - Loss: -2.2961
Iter 789/1000 - Loss: -2.2961
Iter 790/1000 - Loss: -2.2961
Iter 791/1000 - Loss: -2.2961
Iter 792/1000 - Loss: -2.2961
Iter 793/1000 - Loss: -2.2961
Iter 794/1000 - Loss: -2.2961
Iter 795/1000 - Loss: -2.2961
Iter 796/1000 - Loss: -2.2962
Iter 797/1000 - Loss: -2.2962
Iter 798/1000 - Loss: -2.2962
Iter 799/1000 - Loss: -2.2962
Iter 800/1000 - Loss: -2.2962
Iter 801/1000 - Loss: -2.2962
Iter 802/1000 - Loss: -2.2962
Iter 803/1000 - Loss: -2.2962
Iter 804/1000 - Loss: -2.2962
Iter 805/1000 - Loss: -2.2962
Iter 806/1000 - Loss: -2.2962
Iter 807/1000 - Loss: -2.2962
Iter 808/1000 - Loss: -2.2962
Iter 809/1000 - Loss: -2.2962
Iter 810/1000 - Loss: -2.2962
Iter 811/1000 - Loss: -2.2962
Iter 812/1000 - Loss: -2.2963
Iter 813/1000 - Loss: -2.2963
Iter 814/1000 - Loss: -2.2963
Iter 815/1000 - Loss: -2.2963
Iter 816/1000 - Loss: -2.2963
Iter 817/1000 - Loss: -2.2963
Iter 818/1000 - Loss: -2.2963
Iter 819/1000 - Loss: -2.2963
Iter 820/1000 - Loss: -2.2963
Iter 821/1000 - Loss: -2.2963
Iter 822/1000 - Loss: -2.2963
Iter 823/1000 - Loss: -2.2963
Iter 824/1000 - Loss: -2.2963
Iter 825/1000 - Loss: -2.2964
Iter 826/1000 - Loss: -2.2963
Iter 827/1000 - Loss: -2.2964
Iter 828/1000 - Loss: -2.2964
Iter 829/1000 - Loss: -2.2964
Iter 830/1000 - Loss: -2.2964
Iter 831/1000 - Loss: -2.2964
Iter 832/1000 - Loss: -2.2964
Iter 833/1000 - Loss: -2.2964
Iter 834/1000 - Loss: -2.2964
Iter 835/1000 - Loss: -2.2964
Iter 836/1000 - Loss: -2.2964
Iter 837/1000 - Loss: -2.2964
Iter 838/1000 - Loss: -2.2964
Iter 839/1000 - Loss: -2.2965
Iter 840/1000 - Loss: -2.2964
Iter 841/1000 - Loss: -2.2964
Iter 842/1000 - Loss: -2.2965
Iter 843/1000 - Loss: -2.2965
Iter 844/1000 - Loss: -2.2965
Iter 845/1000 - Loss: -2.2965
Iter 846/1000 - Loss: -2.2965
Iter 847/1000 - Loss: -2.2965
Iter 848/1000 - Loss: -2.2965
Iter 849/1000 - Loss: -2.2965
Iter 850/1000 - Loss: -2.2965
Iter 851/1000 - Loss: -2.2965
Iter 852/1000 - Loss: -2.2965
Iter 853/1000 - Loss: -2.2965
Iter 854/1000 - Loss: -2.2965
Iter 855/1000 - Loss: -2.2966
Iter 856/1000 - Loss: -2.2966
Iter 857/1000 - Loss: -2.2966
Iter 858/1000 - Loss: -2.2966
Iter 859/1000 - Loss: -2.2966
Iter 860/1000 - Loss: -2.2966
Iter 861/1000 - Loss: -2.2966
Iter 862/1000 - Loss: -2.2966
Iter 863/1000 - Loss: -2.2966
Iter 864/1000 - Loss: -2.2966
Iter 865/1000 - Loss: -2.2966
Iter 866/1000 - Loss: -2.2966
Iter 867/1000 - Loss: -2.2966
Iter 868/1000 - Loss: -2.2967
Iter 869/1000 - Loss: -2.2966
Iter 870/1000 - Loss: -2.2967
Iter 871/1000 - Loss: -2.2967
Iter 872/1000 - Loss: -2.2967
Iter 873/1000 - Loss: -2.2967
Iter 874/1000 - Loss: -2.2967
Iter 875/1000 - Loss: -2.2967
Iter 876/1000 - Loss: -2.2967
Iter 877/1000 - Loss: -2.2967
Iter 878/1000 - Loss: -2.2967
Iter 879/1000 - Loss: -2.2967
Iter 880/1000 - Loss: -2.2967
Iter 881/1000 - Loss: -2.2967
Iter 882/1000 - Loss: -2.2967
Iter 883/1000 - Loss: -2.2968
Iter 884/1000 - Loss: -2.2967
Iter 885/1000 - Loss: -2.2968
Iter 886/1000 - Loss: -2.2968
Iter 887/1000 - Loss: -2.2968
Iter 888/1000 - Loss: -2.2968
Iter 889/1000 - Loss: -2.2968
Iter 890/1000 - Loss: -2.2968
Iter 891/1000 - Loss: -2.2968
Iter 892/1000 - Loss: -2.2968
Iter 893/1000 - Loss: -2.2968
Iter 894/1000 - Loss: -2.2968
Iter 895/1000 - Loss: -2.2968
Iter 896/1000 - Loss: -2.2968
Iter 897/1000 - Loss: -2.2968
Iter 898/1000 - Loss: -2.2968
Iter 899/1000 - Loss: -2.2968
Iter 900/1000 - Loss: -2.2968
Iter 901/1000 - Loss: -2.2968
Iter 902/1000 - Loss: -2.2969
Iter 903/1000 - Loss: -2.2969
Iter 904/1000 - Loss: -2.2969
Iter 905/1000 - Loss: -2.2969
Iter 906/1000 - Loss: -2.2969
Iter 907/1000 - Loss: -2.2969
Iter 908/1000 - Loss: -2.2969
Iter 909/1000 - Loss: -2.2969
Iter 910/1000 - Loss: -2.2969
Iter 911/1000 - Loss: -2.2969
Iter 912/1000 - Loss: -2.2969
Iter 913/1000 - Loss: -2.2969
Iter 914/1000 - Loss: -2.2970
Iter 915/1000 - Loss: -2.2970
Iter 916/1000 - Loss: -2.2970
Iter 917/1000 - Loss: -2.2970
Iter 918/1000 - Loss: -2.2970
Iter 919/1000 - Loss: -2.2970
Iter 920/1000 - Loss: -2.2970
Iter 921/1000 - Loss: -2.2970
Iter 922/1000 - Loss: -2.2970
Iter 923/1000 - Loss: -2.2970
Iter 924/1000 - Loss: -2.2970
Iter 925/1000 - Loss: -2.2970
Iter 926/1000 - Loss: -2.2970
Iter 927/1000 - Loss: -2.2970
Iter 928/1000 - Loss: -2.2970
Iter 929/1000 - Loss: -2.2971
Iter 930/1000 - Loss: -2.2970
Iter 931/1000 - Loss: -2.2971
Iter 932/1000 - Loss: -2.2971
Iter 933/1000 - Loss: -2.2970
Iter 934/1000 - Loss: -2.2971
Iter 935/1000 - Loss: -2.2971
Iter 936/1000 - Loss: -2.2971
Iter 937/1000 - Loss: -2.2971
Iter 938/1000 - Loss: -2.2971
Iter 939/1000 - Loss: -2.2971
Iter 940/1000 - Loss: -2.2971
Iter 941/1000 - Loss: -2.2971
Iter 942/1000 - Loss: -2.2971
Iter 943/1000 - Loss: -2.2972
Iter 944/1000 - Loss: -2.2971
Iter 945/1000 - Loss: -2.2971
Iter 946/1000 - Loss: -2.2971
Iter 947/1000 - Loss: -2.2972
Iter 948/1000 - Loss: -2.2971
Iter 949/1000 - Loss: -2.2972
Iter 950/1000 - Loss: -2.2972
Iter 951/1000 - Loss: -2.2972
Iter 952/1000 - Loss: -2.2972
Iter 953/1000 - Loss: -2.2972
Iter 954/1000 - Loss: -2.2972
Iter 955/1000 - Loss: -2.2972
Iter 956/1000 - Loss: -2.2972
Iter 957/1000 - Loss: -2.2972
Iter 958/1000 - Loss: -2.2972
Iter 959/1000 - Loss: -2.2972
Iter 960/1000 - Loss: -2.2972
Iter 961/1000 - Loss: -2.2973
Iter 962/1000 - Loss: -2.2972
Iter 963/1000 - Loss: -2.2973
Iter 964/1000 - Loss: -2.2973
Iter 965/1000 - Loss: -2.2973
Iter 966/1000 - Loss: -2.2973
Iter 967/1000 - Loss: -2.2973
Iter 968/1000 - Loss: -2.2973
Iter 969/1000 - Loss: -2.2973
Iter 970/1000 - Loss: -2.2973
Iter 971/1000 - Loss: -2.2973
Iter 972/1000 - Loss: -2.2973
Iter 973/1000 - Loss: -2.2973
Iter 974/1000 - Loss: -2.2973
Iter 975/1000 - Loss: -2.2974
Iter 976/1000 - Loss: -2.2974
Iter 977/1000 - Loss: -2.2973
Iter 978/1000 - Loss: -2.2973
Iter 979/1000 - Loss: -2.2974
Iter 980/1000 - Loss: -2.2974
Iter 981/1000 - Loss: -2.2974
Iter 982/1000 - Loss: -2.2974
Iter 983/1000 - Loss: -2.2974
Iter 984/1000 - Loss: -2.2974
Iter 985/1000 - Loss: -2.2974
Iter 986/1000 - Loss: -2.2974
Iter 987/1000 - Loss: -2.2974
Iter 988/1000 - Loss: -2.2974
Iter 989/1000 - Loss: -2.2974
Iter 990/1000 - Loss: -2.2974
Iter 991/1000 - Loss: -2.2974
Iter 992/1000 - Loss: -2.2974
Iter 993/1000 - Loss: -2.2975
Iter 994/1000 - Loss: -2.2975
Iter 995/1000 - Loss: -2.2975
Iter 996/1000 - Loss: -2.2975
Iter 997/1000 - Loss: -2.2975
Iter 998/1000 - Loss: -2.2975
Iter 999/1000 - Loss: -2.2975
Iter 1000/1000 - Loss: -2.2975
OrderedDict([('likelihood.raw_noise', tensor([inf])), ('likelihood.raw_noise_constraint.lower_bound', tensor(-inf)), ('likelihood.raw_noise_constraint.upper_bound', tensor(1.0000e-08)), ('mean_module.base_means.0.weights', tensor([[-0.2009],
        [-0.0656],
        [ 0.0232],
        [ 0.0803],
        [ 0.0786],
        [-0.3336],
        [ 0.0153]])), ('mean_module.base_means.0.bias', tensor([2.2963])), ('mean_module.base_means.1.weights', tensor([[ 0.0407],
        [ 0.0277],
        [ 0.0325],
        [ 0.1755],
        [ 0.0003],
        [ 0.0109],
        [-0.0077]])), ('mean_module.base_means.1.bias', tensor([-0.1182])), ('mean_module.base_means.2.weights', tensor([[-1.5740e-02],
        [ 5.8677e-05],
        [-7.2628e-02],
        [-4.1845e-02],
        [-3.1094e-02],
        [ 1.2394e-01],
        [ 2.3759e-02]])), ('mean_module.base_means.2.bias', tensor([1.0774])), ('mean_module.base_means.3.weights', tensor([[-0.0209],
        [-0.0087],
        [-0.0499],
        [-0.0040],
        [ 0.0254],
        [ 0.0075],
        [ 0.0112]])), ('mean_module.base_means.3.bias', tensor([-0.0621])), ('mean_module.base_means.4.weights', tensor([[ 0.0467],
        [ 0.0089],
        [ 0.0412],
        [ 0.0341],
        [ 0.0015],
        [ 0.0113],
        [-0.0096]])), ('mean_module.base_means.4.bias', tensor([0.3590])), ('mean_module.base_means.5.weights', tensor([[ 0.0024],
        [ 0.0031],
        [ 0.0781],
        [ 0.0060],
        [-0.0080],
        [-0.0494],
        [-0.0018]])), ('mean_module.base_means.5.bias', tensor([0.1800])), ('mean_module.base_means.6.weights', tensor([[-0.0125],
        [-0.0013],
        [-0.0186],
        [-0.0147],
        [ 0.0051],
        [ 0.0127],
        [ 0.0261]])), ('mean_module.base_means.6.bias', tensor([1.2428])), ('mean_module.base_means.7.weights', tensor([[ 0.0168],
        [ 0.0090],
        [-0.0256],
        [-0.0401],
        [-0.0003],
        [ 0.0439],
        [ 0.0101]])), ('mean_module.base_means.7.bias', tensor([0.0296])), ('covar_module.task_covar_module.covar_factor', tensor([[-0.6856],
        [ 0.0622],
        [ 0.1544],
        [ 0.0075],
        [-0.0464],
        [-0.0301],
        [-0.0943],
        [ 0.0312]])), ('covar_module.task_covar_module.raw_var', tensor([-3.3489, -0.6946, -1.0126, -2.1619, -3.3524, -4.0789, -4.1847, -4.1882])), ('covar_module.task_covar_module.raw_var_constraint.lower_bound', tensor(0.)), ('covar_module.task_covar_module.raw_var_constraint.upper_bound', tensor(inf)), ('covar_module.data_covar_module.kernels.0.raw_outputscale', tensor(-3.0787)), ('covar_module.data_covar_module.kernels.0.base_kernel.raw_lengthscale', tensor([[1.8913, 2.6211, 2.4433, 1.6607, 2.4445, 2.2927, 2.7842]])), ('covar_module.data_covar_module.kernels.0.base_kernel.raw_lengthscale_constraint.lower_bound', tensor(0.)), ('covar_module.data_covar_module.kernels.0.base_kernel.raw_lengthscale_constraint.upper_bound', tensor(inf)), ('covar_module.data_covar_module.kernels.0.raw_outputscale_constraint.lower_bound', tensor(0.)), ('covar_module.data_covar_module.kernels.0.raw_outputscale_constraint.upper_bound', tensor(inf)), ('covar_module.data_covar_module.kernels.1.raw_constant', tensor([-0.8418])), ('covar_module.data_covar_module.kernels.1.raw_constant_constraint.lower_bound', tensor(0.)), ('covar_module.data_covar_module.kernels.1.raw_constant_constraint.upper_bound', tensor(inf))])
loading emulator from /oak/stanford/orgs/kipac/users/delon/aemulusnu_massfunction/GP_loBox_n50_17_1400.pkl
[1.9785792135610045, -0.0453535160096102, 1.1245700003086245, -0.010554091217633222, 0.41492602437278014, 0.17507339981530598, 1.2396058281345503, 0.06883815064601997]
[1.9785792135610045, -0.0453535160096102, 1.1245700003086245, -0.010554091217633222, 0.41492602437278014, 0.17507339981530598, 1.2396058281345503, 0.06883815064601997]
[1.9785792135610045, -0.0453535160096102, 1.1245700003086245, -0.010554091217633222, 0.41492602437278014, 0.17507339981530598, 1.2396058281345503, 0.06883815064601997]
[1.9785792135610045, -0.0453535160096102, 1.1245700003086245, -0.010554091217633222, 0.41492602437278014, 0.17507339981530598, 1.2396058281345503, 0.06883815064601997]
[1.9785792135610045, -0.0453535160096102, 1.1245700003086245, -0.010554091217633222, 0.41492602437278014, 0.17507339981530598, 1.2396058281345503, 0.06883815064601997]
[1.9785792135610045, -0.0453535160096102, 1.1245700003086245, -0.010554091217633222, 0.41492602437278014, 0.17507339981530598, 1.2396058281345503, 0.06883815064601997]
[1.9785792135610045, -0.0453535160096102, 1.1245700003086245, -0.010554091217633222, 0.41492602437278014, 0.17507339981530598, 1.2396058281345503, 0.06883815064601997]
[1.9785792135610045, -0.0453535160096102, 1.1245700003086245, -0.010554091217633222, 0.41492602437278014, 0.17507339981530598, 1.2396058281345503, 0.06883815064601997]
[1.9785792135610045, -0.0453535160096102, 1.1245700003086245, -0.010554091217633222, 0.41492602437278014, 0.17507339981530598, 1.2396058281345503, 0.06883815064601997]
[1.9785792135610045, -0.0453535160096102, 1.1245700003086245, -0.010554091217633222, 0.41492602437278014, 0.17507339981530598, 1.2396058281345503, 0.06883815064601997]
[1.9785792135610045, -0.0453535160096102, 1.1245700003086245, -0.010554091217633222, 0.41492602437278014, 0.17507339981530598, 1.2396058281345503, 0.06883815064601997]
[1.9785792135610045, -0.0453535160096102, 1.1245700003086245, -0.010554091217633222, 0.41492602437278014, 0.17507339981530598, 1.2396058281345503, 0.06883815064601997]
[1.9785792135610045, -0.0453535160096102, 1.1245700003086245, -0.010554091217633222, 0.41492602437278014, 0.17507339981530598, 1.2396058281345503, 0.06883815064601997]
[1.9785792135610045, -0.0453535160096102, 1.1245700003086245, -0.010554091217633222, 0.41492602437278014, 0.17507339981530598, 1.2396058281345503, 0.06883815064601997]
[1.9785792135610045, -0.0453535160096102, 1.1245700003086245, -0.010554091217633222, 0.41492602437278014, 0.17507339981530598, 1.2396058281345503, 0.06883815064601997]
