Leaving out Box89_1400
{'ns': 0.97000003, 'H0': 67.0, 'w0': -1.0, 'ombh2': 0.0223, 'omch2': 0.12, 'nu_mass_ev': 0.07071068, '10^9 As': 2.10100315}
(149, 7)
(149, 8)
scaling input
(149, 7)
scaling output
(149, 8)
Iter 1/1000 - Loss: 0.5633
Iter 2/1000 - Loss: 0.5503
Iter 3/1000 - Loss: 0.5374
Iter 4/1000 - Loss: 0.5244
Iter 5/1000 - Loss: 0.5115
Iter 6/1000 - Loss: 0.4986
Iter 7/1000 - Loss: 0.4858
Iter 8/1000 - Loss: 0.4730
Iter 9/1000 - Loss: 0.4602
Iter 10/1000 - Loss: 0.4473
Iter 11/1000 - Loss: 0.4345
Iter 12/1000 - Loss: 0.4217
Iter 13/1000 - Loss: 0.4089
Iter 14/1000 - Loss: 0.3960
Iter 15/1000 - Loss: 0.3831
Iter 16/1000 - Loss: 0.3702
Iter 17/1000 - Loss: 0.3573
Iter 18/1000 - Loss: 0.3444
Iter 19/1000 - Loss: 0.3315
Iter 20/1000 - Loss: 0.3185
Iter 21/1000 - Loss: 0.3056
Iter 22/1000 - Loss: 0.2927
Iter 23/1000 - Loss: 0.2798
Iter 24/1000 - Loss: 0.2668
Iter 25/1000 - Loss: 0.2539
Iter 26/1000 - Loss: 0.2410
Iter 27/1000 - Loss: 0.2281
Iter 28/1000 - Loss: 0.2152
Iter 29/1000 - Loss: 0.2023
Iter 30/1000 - Loss: 0.1894
Iter 31/1000 - Loss: 0.1766
Iter 32/1000 - Loss: 0.1638
Iter 33/1000 - Loss: 0.1510
Iter 34/1000 - Loss: 0.1382
Iter 35/1000 - Loss: 0.1254
Iter 36/1000 - Loss: 0.1127
Iter 37/1000 - Loss: 0.0999
Iter 38/1000 - Loss: 0.0872
Iter 39/1000 - Loss: 0.0745
Iter 40/1000 - Loss: 0.0619
Iter 41/1000 - Loss: 0.0492
Iter 42/1000 - Loss: 0.0365
Iter 43/1000 - Loss: 0.0239
Iter 44/1000 - Loss: 0.0112
Iter 45/1000 - Loss: -0.0014
Iter 46/1000 - Loss: -0.0141
Iter 47/1000 - Loss: -0.0268
Iter 48/1000 - Loss: -0.0394
Iter 49/1000 - Loss: -0.0521
Iter 50/1000 - Loss: -0.0648
Iter 51/1000 - Loss: -0.0775
Iter 52/1000 - Loss: -0.0901
Iter 53/1000 - Loss: -0.1028
Iter 54/1000 - Loss: -0.1156
Iter 55/1000 - Loss: -0.1283
Iter 56/1000 - Loss: -0.1410
Iter 57/1000 - Loss: -0.1538
Iter 58/1000 - Loss: -0.1665
Iter 59/1000 - Loss: -0.1792
Iter 60/1000 - Loss: -0.1919
Iter 61/1000 - Loss: -0.2046
Iter 62/1000 - Loss: -0.2174
Iter 63/1000 - Loss: -0.2301
Iter 64/1000 - Loss: -0.2428
Iter 65/1000 - Loss: -0.2555
Iter 66/1000 - Loss: -0.2682
Iter 67/1000 - Loss: -0.2809
Iter 68/1000 - Loss: -0.2936
Iter 69/1000 - Loss: -0.3062
Iter 70/1000 - Loss: -0.3189
Iter 71/1000 - Loss: -0.3315
Iter 72/1000 - Loss: -0.3441
Iter 73/1000 - Loss: -0.3567
Iter 74/1000 - Loss: -0.3692
Iter 75/1000 - Loss: -0.3818
Iter 76/1000 - Loss: -0.3943
Iter 77/1000 - Loss: -0.4067
Iter 78/1000 - Loss: -0.4192
Iter 79/1000 - Loss: -0.4316
Iter 80/1000 - Loss: -0.4440
Iter 81/1000 - Loss: -0.4564
Iter 82/1000 - Loss: -0.4687
Iter 83/1000 - Loss: -0.4810
Iter 84/1000 - Loss: -0.4933
Iter 85/1000 - Loss: -0.5056
Iter 86/1000 - Loss: -0.5177
Iter 87/1000 - Loss: -0.5299
Iter 88/1000 - Loss: -0.5421
Iter 89/1000 - Loss: -0.5542
Iter 90/1000 - Loss: -0.5663
Iter 91/1000 - Loss: -0.5783
Iter 92/1000 - Loss: -0.5903
Iter 93/1000 - Loss: -0.6023
Iter 94/1000 - Loss: -0.6142
Iter 95/1000 - Loss: -0.6261
Iter 96/1000 - Loss: -0.6380
Iter 97/1000 - Loss: -0.6498
Iter 98/1000 - Loss: -0.6616
Iter 99/1000 - Loss: -0.6733
Iter 100/1000 - Loss: -0.6850
Iter 101/1000 - Loss: -0.6967
Iter 102/1000 - Loss: -0.7082
Iter 103/1000 - Loss: -0.7198
Iter 104/1000 - Loss: -0.7312
Iter 105/1000 - Loss: -0.7427
Iter 106/1000 - Loss: -0.7540
Iter 107/1000 - Loss: -0.7653
Iter 108/1000 - Loss: -0.7765
Iter 109/1000 - Loss: -0.7877
Iter 110/1000 - Loss: -0.7987
Iter 111/1000 - Loss: -0.8098
Iter 112/1000 - Loss: -0.8207
Iter 113/1000 - Loss: -0.8315
Iter 114/1000 - Loss: -0.8423
Iter 115/1000 - Loss: -0.8530
Iter 116/1000 - Loss: -0.8636
Iter 117/1000 - Loss: -0.8741
Iter 118/1000 - Loss: -0.8845
Iter 119/1000 - Loss: -0.8949
Iter 120/1000 - Loss: -0.9051
Iter 121/1000 - Loss: -0.9153
Iter 122/1000 - Loss: -0.9253
Iter 123/1000 - Loss: -0.9353
Iter 124/1000 - Loss: -0.9452
Iter 125/1000 - Loss: -0.9550
Iter 126/1000 - Loss: -0.9647
Iter 127/1000 - Loss: -0.9744
Iter 128/1000 - Loss: -0.9839
Iter 129/1000 - Loss: -0.9933
Iter 130/1000 - Loss: -1.0027
Iter 131/1000 - Loss: -1.0119
Iter 132/1000 - Loss: -1.0211
Iter 133/1000 - Loss: -1.0302
Iter 134/1000 - Loss: -1.0393
Iter 135/1000 - Loss: -1.0483
Iter 136/1000 - Loss: -1.0572
Iter 137/1000 - Loss: -1.0660
Iter 138/1000 - Loss: -1.0748
Iter 139/1000 - Loss: -1.0836
Iter 140/1000 - Loss: -1.0922
Iter 141/1000 - Loss: -1.1008
Iter 142/1000 - Loss: -1.1094
Iter 143/1000 - Loss: -1.1180
Iter 144/1000 - Loss: -1.1264
Iter 145/1000 - Loss: -1.1349
Iter 146/1000 - Loss: -1.1433
Iter 147/1000 - Loss: -1.1518
Iter 148/1000 - Loss: -1.1601
Iter 149/1000 - Loss: -1.1684
Iter 150/1000 - Loss: -1.1767
Iter 151/1000 - Loss: -1.1850
Iter 152/1000 - Loss: -1.1932
Iter 153/1000 - Loss: -1.2014
Iter 154/1000 - Loss: -1.2096
Iter 155/1000 - Loss: -1.2178
Iter 156/1000 - Loss: -1.2260
Iter 157/1000 - Loss: -1.2341
Iter 158/1000 - Loss: -1.2422
Iter 159/1000 - Loss: -1.2503
Iter 160/1000 - Loss: -1.2584
Iter 161/1000 - Loss: -1.2664
Iter 162/1000 - Loss: -1.2744
Iter 163/1000 - Loss: -1.2825
Iter 164/1000 - Loss: -1.2905
Iter 165/1000 - Loss: -1.2985
Iter 166/1000 - Loss: -1.3065
Iter 167/1000 - Loss: -1.3145
Iter 168/1000 - Loss: -1.3225
Iter 169/1000 - Loss: -1.3305
Iter 170/1000 - Loss: -1.3385
Iter 171/1000 - Loss: -1.3465
Iter 172/1000 - Loss: -1.3545
Iter 173/1000 - Loss: -1.3625
Iter 174/1000 - Loss: -1.3705
Iter 175/1000 - Loss: -1.3785
Iter 176/1000 - Loss: -1.3866
Iter 177/1000 - Loss: -1.3946
Iter 178/1000 - Loss: -1.4027
Iter 179/1000 - Loss: -1.4107
Iter 180/1000 - Loss: -1.4188
Iter 181/1000 - Loss: -1.4269
Iter 182/1000 - Loss: -1.4350
Iter 183/1000 - Loss: -1.4432
Iter 184/1000 - Loss: -1.4513
Iter 185/1000 - Loss: -1.4595
Iter 186/1000 - Loss: -1.4677
Iter 187/1000 - Loss: -1.4759
Iter 188/1000 - Loss: -1.4842
Iter 189/1000 - Loss: -1.4925
Iter 190/1000 - Loss: -1.5008
Iter 191/1000 - Loss: -1.5091
Iter 192/1000 - Loss: -1.5174
Iter 193/1000 - Loss: -1.5259
Iter 194/1000 - Loss: -1.5343
Iter 195/1000 - Loss: -1.5428
Iter 196/1000 - Loss: -1.5513
Iter 197/1000 - Loss: -1.5599
Iter 198/1000 - Loss: -1.5685
Iter 199/1000 - Loss: -1.5771
Iter 200/1000 - Loss: -1.5858
Iter 201/1000 - Loss: -1.5946
Iter 202/1000 - Loss: -1.6033
Iter 203/1000 - Loss: -1.6122
Iter 204/1000 - Loss: -1.6211
Iter 205/1000 - Loss: -1.6301
Iter 206/1000 - Loss: -1.6391
Iter 207/1000 - Loss: -1.6482
Iter 208/1000 - Loss: -1.6573
Iter 209/1000 - Loss: -1.6665
Iter 210/1000 - Loss: -1.6758
Iter 211/1000 - Loss: -1.6851
Iter 212/1000 - Loss: -1.6945
Iter 213/1000 - Loss: -1.7040
Iter 214/1000 - Loss: -1.7136
Iter 215/1000 - Loss: -1.7232
Iter 216/1000 - Loss: -1.7330
Iter 217/1000 - Loss: -1.7427
Iter 218/1000 - Loss: -1.7526
Iter 219/1000 - Loss: -1.7625
Iter 220/1000 - Loss: -1.7725
Iter 221/1000 - Loss: -1.7826
Iter 222/1000 - Loss: -1.7927
Iter 223/1000 - Loss: -1.8028
Iter 224/1000 - Loss: -1.8130
Iter 225/1000 - Loss: -1.8231
Iter 226/1000 - Loss: -1.8332
Iter 227/1000 - Loss: -1.8432
Iter 228/1000 - Loss: -1.8530
Iter 229/1000 - Loss: -1.8626
Iter 230/1000 - Loss: -1.8719
Iter 231/1000 - Loss: -1.8809
Iter 232/1000 - Loss: -1.8895
Iter 233/1000 - Loss: -1.8976
Iter 234/1000 - Loss: -1.9053
Iter 235/1000 - Loss: -1.9125
Iter 236/1000 - Loss: -1.9192
Iter 237/1000 - Loss: -1.9255
Iter 238/1000 - Loss: -1.9314
Iter 239/1000 - Loss: -1.9369
Iter 240/1000 - Loss: -1.9422
Iter 241/1000 - Loss: -1.9474
Iter 242/1000 - Loss: -1.9524
Iter 243/1000 - Loss: -1.9573
Iter 244/1000 - Loss: -1.9623
Iter 245/1000 - Loss: -1.9672
Iter 246/1000 - Loss: -1.9722
Iter 247/1000 - Loss: -1.9772
Iter 248/1000 - Loss: -1.9822
Iter 249/1000 - Loss: -1.9872
Iter 250/1000 - Loss: -1.9922
Iter 251/1000 - Loss: -1.9972
Iter 252/1000 - Loss: -2.0022
Iter 253/1000 - Loss: -2.0070
Iter 254/1000 - Loss: -2.0119
Iter 255/1000 - Loss: -2.0166
Iter 256/1000 - Loss: -2.0213
Iter 257/1000 - Loss: -2.0259
Iter 258/1000 - Loss: -2.0304
Iter 259/1000 - Loss: -2.0349
Iter 260/1000 - Loss: -2.0393
Iter 261/1000 - Loss: -2.0436
Iter 262/1000 - Loss: -2.0478
Iter 263/1000 - Loss: -2.0520
Iter 264/1000 - Loss: -2.0561
Iter 265/1000 - Loss: -2.0602
Iter 266/1000 - Loss: -2.0642
Iter 267/1000 - Loss: -2.0681
Iter 268/1000 - Loss: -2.0721
Iter 269/1000 - Loss: -2.0759
Iter 270/1000 - Loss: -2.0797
Iter 271/1000 - Loss: -2.0835
Iter 272/1000 - Loss: -2.0872
Iter 273/1000 - Loss: -2.0909
Iter 274/1000 - Loss: -2.0945
Iter 275/1000 - Loss: -2.0981
Iter 276/1000 - Loss: -2.1016
Iter 277/1000 - Loss: -2.1051
Iter 278/1000 - Loss: -2.1086
Iter 279/1000 - Loss: -2.1120
Iter 280/1000 - Loss: -2.1154
Iter 281/1000 - Loss: -2.1187
Iter 282/1000 - Loss: -2.1220
Iter 283/1000 - Loss: -2.1253
Iter 284/1000 - Loss: -2.1285
Iter 285/1000 - Loss: -2.1316
Iter 286/1000 - Loss: -2.1348
Iter 287/1000 - Loss: -2.1378
Iter 288/1000 - Loss: -2.1409
Iter 289/1000 - Loss: -2.1439
Iter 290/1000 - Loss: -2.1468
Iter 291/1000 - Loss: -2.1497
Iter 292/1000 - Loss: -2.1526
Iter 293/1000 - Loss: -2.1555
Iter 294/1000 - Loss: -2.1583
Iter 295/1000 - Loss: -2.1610
Iter 296/1000 - Loss: -2.1637
Iter 297/1000 - Loss: -2.1664
Iter 298/1000 - Loss: -2.1691
Iter 299/1000 - Loss: -2.1717
Iter 300/1000 - Loss: -2.1742
Iter 301/1000 - Loss: -2.1768
Iter 302/1000 - Loss: -2.1793
Iter 303/1000 - Loss: -2.1817
Iter 304/1000 - Loss: -2.1841
Iter 305/1000 - Loss: -2.1866
Iter 306/1000 - Loss: -2.1889
Iter 307/1000 - Loss: -2.1912
Iter 308/1000 - Loss: -2.1935
Iter 309/1000 - Loss: -2.1958
Iter 310/1000 - Loss: -2.1980
Iter 311/1000 - Loss: -2.2002
Iter 312/1000 - Loss: -2.2023
Iter 313/1000 - Loss: -2.2044
Iter 314/1000 - Loss: -2.2065
Iter 315/1000 - Loss: -2.2086
Iter 316/1000 - Loss: -2.2106
Iter 317/1000 - Loss: -2.2126
Iter 318/1000 - Loss: -2.2145
Iter 319/1000 - Loss: -2.2165
Iter 320/1000 - Loss: -2.2183
Iter 321/1000 - Loss: -2.2202
Iter 322/1000 - Loss: -2.2220
Iter 323/1000 - Loss: -2.2238
Iter 324/1000 - Loss: -2.2256
Iter 325/1000 - Loss: -2.2273
Iter 326/1000 - Loss: -2.2290
Iter 327/1000 - Loss: -2.2307
Iter 328/1000 - Loss: -2.2323
Iter 329/1000 - Loss: -2.2339
Iter 330/1000 - Loss: -2.2355
Iter 331/1000 - Loss: -2.2371
Iter 332/1000 - Loss: -2.2386
Iter 333/1000 - Loss: -2.2401
Iter 334/1000 - Loss: -2.2416
Iter 335/1000 - Loss: -2.2430
Iter 336/1000 - Loss: -2.2444
Iter 337/1000 - Loss: -2.2458
Iter 338/1000 - Loss: -2.2472
Iter 339/1000 - Loss: -2.2485
Iter 340/1000 - Loss: -2.2498
Iter 341/1000 - Loss: -2.2511
Iter 342/1000 - Loss: -2.2524
Iter 343/1000 - Loss: -2.2536
Iter 344/1000 - Loss: -2.2548
Iter 345/1000 - Loss: -2.2560
Iter 346/1000 - Loss: -2.2572
Iter 347/1000 - Loss: -2.2583
Iter 348/1000 - Loss: -2.2594
Iter 349/1000 - Loss: -2.2605
Iter 350/1000 - Loss: -2.2616
Iter 351/1000 - Loss: -2.2626
Iter 352/1000 - Loss: -2.2636
Iter 353/1000 - Loss: -2.2646
Iter 354/1000 - Loss: -2.2656
Iter 355/1000 - Loss: -2.2666
Iter 356/1000 - Loss: -2.2675
Iter 357/1000 - Loss: -2.2684
Iter 358/1000 - Loss: -2.2693
Iter 359/1000 - Loss: -2.2702
Iter 360/1000 - Loss: -2.2710
Iter 361/1000 - Loss: -2.2719
Iter 362/1000 - Loss: -2.2727
Iter 363/1000 - Loss: -2.2735
Iter 364/1000 - Loss: -2.2743
Iter 365/1000 - Loss: -2.2750
Iter 366/1000 - Loss: -2.2757
Iter 367/1000 - Loss: -2.2765
Iter 368/1000 - Loss: -2.2772
Iter 369/1000 - Loss: -2.2779
Iter 370/1000 - Loss: -2.2785
Iter 371/1000 - Loss: -2.2792
Iter 372/1000 - Loss: -2.2799
Iter 373/1000 - Loss: -2.2805
Iter 374/1000 - Loss: -2.2811
Iter 375/1000 - Loss: -2.2816
Iter 376/1000 - Loss: -2.2822
Iter 377/1000 - Loss: -2.2828
Iter 378/1000 - Loss: -2.2834
Iter 379/1000 - Loss: -2.2839
Iter 380/1000 - Loss: -2.2844
Iter 381/1000 - Loss: -2.2849
Iter 382/1000 - Loss: -2.2854
Iter 383/1000 - Loss: -2.2859
Iter 384/1000 - Loss: -2.2864
Iter 385/1000 - Loss: -2.2868
Iter 386/1000 - Loss: -2.2873
Iter 387/1000 - Loss: -2.2878
Iter 388/1000 - Loss: -2.2882
Iter 389/1000 - Loss: -2.2886
Iter 390/1000 - Loss: -2.2890
Iter 391/1000 - Loss: -2.2894
Iter 392/1000 - Loss: -2.2898
Iter 393/1000 - Loss: -2.2902
Iter 394/1000 - Loss: -2.2905
Iter 395/1000 - Loss: -2.2908
Iter 396/1000 - Loss: -2.2912
Iter 397/1000 - Loss: -2.2916
Iter 398/1000 - Loss: -2.2919
Iter 399/1000 - Loss: -2.2922
Iter 400/1000 - Loss: -2.2925
Iter 401/1000 - Loss: -2.2928
Iter 402/1000 - Loss: -2.2931
Iter 403/1000 - Loss: -2.2934
Iter 404/1000 - Loss: -2.2937
Iter 405/1000 - Loss: -2.2940
Iter 406/1000 - Loss: -2.2942
Iter 407/1000 - Loss: -2.2945
Iter 408/1000 - Loss: -2.2947
Iter 409/1000 - Loss: -2.2950
Iter 410/1000 - Loss: -2.2952
Iter 411/1000 - Loss: -2.2955
Iter 412/1000 - Loss: -2.2957
Iter 413/1000 - Loss: -2.2959
Iter 414/1000 - Loss: -2.2961
Iter 415/1000 - Loss: -2.2963
Iter 416/1000 - Loss: -2.2965
Iter 417/1000 - Loss: -2.2967
Iter 418/1000 - Loss: -2.2969
Iter 419/1000 - Loss: -2.2971
Iter 420/1000 - Loss: -2.2973
Iter 421/1000 - Loss: -2.2975
Iter 422/1000 - Loss: -2.2977
Iter 423/1000 - Loss: -2.2978
Iter 424/1000 - Loss: -2.2980
Iter 425/1000 - Loss: -2.2982
Iter 426/1000 - Loss: -2.2984
Iter 427/1000 - Loss: -2.2985
Iter 428/1000 - Loss: -2.2987
Iter 429/1000 - Loss: -2.2988
Iter 430/1000 - Loss: -2.2990
Iter 431/1000 - Loss: -2.2991
Iter 432/1000 - Loss: -2.2993
Iter 433/1000 - Loss: -2.2994
Iter 434/1000 - Loss: -2.2996
Iter 435/1000 - Loss: -2.2997
Iter 436/1000 - Loss: -2.2998
Iter 437/1000 - Loss: -2.2999
Iter 438/1000 - Loss: -2.3001
Iter 439/1000 - Loss: -2.3002
Iter 440/1000 - Loss: -2.3003
Iter 441/1000 - Loss: -2.3005
Iter 442/1000 - Loss: -2.3006
Iter 443/1000 - Loss: -2.3007
Iter 444/1000 - Loss: -2.3008
Iter 445/1000 - Loss: -2.3009
Iter 446/1000 - Loss: -2.3010
Iter 447/1000 - Loss: -2.3011
Iter 448/1000 - Loss: -2.3012
Iter 449/1000 - Loss: -2.3013
Iter 450/1000 - Loss: -2.3014
Iter 451/1000 - Loss: -2.3015
Iter 452/1000 - Loss: -2.3016
Iter 453/1000 - Loss: -2.3017
Iter 454/1000 - Loss: -2.3018
Iter 455/1000 - Loss: -2.3019
Iter 456/1000 - Loss: -2.3020
Iter 457/1000 - Loss: -2.3021
Iter 458/1000 - Loss: -2.3022
Iter 459/1000 - Loss: -2.3023
Iter 460/1000 - Loss: -2.3024
Iter 461/1000 - Loss: -2.3025
Iter 462/1000 - Loss: -2.3025
Iter 463/1000 - Loss: -2.3026
Iter 464/1000 - Loss: -2.3027
Iter 465/1000 - Loss: -2.3028
Iter 466/1000 - Loss: -2.3029
Iter 467/1000 - Loss: -2.3029
Iter 468/1000 - Loss: -2.3030
Iter 469/1000 - Loss: -2.3031
Iter 470/1000 - Loss: -2.3032
Iter 471/1000 - Loss: -2.3033
Iter 472/1000 - Loss: -2.3033
Iter 473/1000 - Loss: -2.3034
Iter 474/1000 - Loss: -2.3035
Iter 475/1000 - Loss: -2.3036
Iter 476/1000 - Loss: -2.3037
Iter 477/1000 - Loss: -2.3037
Iter 478/1000 - Loss: -2.3038
Iter 479/1000 - Loss: -2.3039
Iter 480/1000 - Loss: -2.3039
Iter 481/1000 - Loss: -2.3040
Iter 482/1000 - Loss: -2.3041
Iter 483/1000 - Loss: -2.3042
Iter 484/1000 - Loss: -2.3042
Iter 485/1000 - Loss: -2.3043
Iter 486/1000 - Loss: -2.3044
Iter 487/1000 - Loss: -2.3044
Iter 488/1000 - Loss: -2.3045
Iter 489/1000 - Loss: -2.3046
Iter 490/1000 - Loss: -2.3046
Iter 491/1000 - Loss: -2.3047
Iter 492/1000 - Loss: -2.3047
Iter 493/1000 - Loss: -2.3048
Iter 494/1000 - Loss: -2.3049
Iter 495/1000 - Loss: -2.3050
Iter 496/1000 - Loss: -2.3050
Iter 497/1000 - Loss: -2.3051
Iter 498/1000 - Loss: -2.3051
Iter 499/1000 - Loss: -2.3052
Iter 500/1000 - Loss: -2.3053
Iter 501/1000 - Loss: -2.3053
reducing lr to 0.001000
Iter 502/1000 - Loss: -2.3054
Iter 503/1000 - Loss: -2.3054
Iter 504/1000 - Loss: -2.3054
Iter 505/1000 - Loss: -2.3054
Iter 506/1000 - Loss: -2.3054
Iter 507/1000 - Loss: -2.3054
Iter 508/1000 - Loss: -2.3054
Iter 509/1000 - Loss: -2.3054
Iter 510/1000 - Loss: -2.3054
Iter 511/1000 - Loss: -2.3054
Iter 512/1000 - Loss: -2.3054
Iter 513/1000 - Loss: -2.3054
Iter 514/1000 - Loss: -2.3055
Iter 515/1000 - Loss: -2.3055
Iter 516/1000 - Loss: -2.3055
Iter 517/1000 - Loss: -2.3055
Iter 518/1000 - Loss: -2.3055
Iter 519/1000 - Loss: -2.3055
Iter 520/1000 - Loss: -2.3055
Iter 521/1000 - Loss: -2.3055
Iter 522/1000 - Loss: -2.3055
Iter 523/1000 - Loss: -2.3055
Iter 524/1000 - Loss: -2.3055
Iter 525/1000 - Loss: -2.3055
Iter 526/1000 - Loss: -2.3055
Iter 527/1000 - Loss: -2.3055
Iter 528/1000 - Loss: -2.3055
Iter 529/1000 - Loss: -2.3055
Iter 530/1000 - Loss: -2.3055
Iter 531/1000 - Loss: -2.3056
Iter 532/1000 - Loss: -2.3056
Iter 533/1000 - Loss: -2.3056
Iter 534/1000 - Loss: -2.3056
Iter 535/1000 - Loss: -2.3056
Iter 536/1000 - Loss: -2.3056
Iter 537/1000 - Loss: -2.3056
Iter 538/1000 - Loss: -2.3056
Iter 539/1000 - Loss: -2.3056
Iter 540/1000 - Loss: -2.3056
Iter 541/1000 - Loss: -2.3056
Iter 542/1000 - Loss: -2.3056
Iter 543/1000 - Loss: -2.3056
Iter 544/1000 - Loss: -2.3056
Iter 545/1000 - Loss: -2.3056
Iter 546/1000 - Loss: -2.3056
Iter 547/1000 - Loss: -2.3057
Iter 548/1000 - Loss: -2.3057
Iter 549/1000 - Loss: -2.3056
Iter 550/1000 - Loss: -2.3057
Iter 551/1000 - Loss: -2.3057
Iter 552/1000 - Loss: -2.3057
Iter 553/1000 - Loss: -2.3057
Iter 554/1000 - Loss: -2.3057
Iter 555/1000 - Loss: -2.3057
Iter 556/1000 - Loss: -2.3057
Iter 557/1000 - Loss: -2.3057
Iter 558/1000 - Loss: -2.3057
Iter 559/1000 - Loss: -2.3057
Iter 560/1000 - Loss: -2.3057
Iter 561/1000 - Loss: -2.3057
Iter 562/1000 - Loss: -2.3057
Iter 563/1000 - Loss: -2.3057
Iter 564/1000 - Loss: -2.3058
Iter 565/1000 - Loss: -2.3057
Iter 566/1000 - Loss: -2.3058
Iter 567/1000 - Loss: -2.3058
Iter 568/1000 - Loss: -2.3058
Iter 569/1000 - Loss: -2.3058
Iter 570/1000 - Loss: -2.3058
Iter 571/1000 - Loss: -2.3058
Iter 572/1000 - Loss: -2.3058
Iter 573/1000 - Loss: -2.3058
Iter 574/1000 - Loss: -2.3058
Iter 575/1000 - Loss: -2.3058
Iter 576/1000 - Loss: -2.3058
Iter 577/1000 - Loss: -2.3058
Iter 578/1000 - Loss: -2.3058
Iter 579/1000 - Loss: -2.3058
Iter 580/1000 - Loss: -2.3059
Iter 581/1000 - Loss: -2.3058
Iter 582/1000 - Loss: -2.3059
Iter 583/1000 - Loss: -2.3059
Iter 584/1000 - Loss: -2.3058
Iter 585/1000 - Loss: -2.3059
Iter 586/1000 - Loss: -2.3059
Iter 587/1000 - Loss: -2.3059
Iter 588/1000 - Loss: -2.3059
Iter 589/1000 - Loss: -2.3059
Iter 590/1000 - Loss: -2.3059
Iter 591/1000 - Loss: -2.3059
Iter 592/1000 - Loss: -2.3059
Iter 593/1000 - Loss: -2.3059
Iter 594/1000 - Loss: -2.3059
Iter 595/1000 - Loss: -2.3059
Iter 596/1000 - Loss: -2.3059
Iter 597/1000 - Loss: -2.3059
Iter 598/1000 - Loss: -2.3059
Iter 599/1000 - Loss: -2.3060
Iter 600/1000 - Loss: -2.3059
Iter 601/1000 - Loss: -2.3060
Iter 602/1000 - Loss: -2.3059
Iter 603/1000 - Loss: -2.3060
Iter 604/1000 - Loss: -2.3060
Iter 605/1000 - Loss: -2.3060
Iter 606/1000 - Loss: -2.3060
Iter 607/1000 - Loss: -2.3060
Iter 608/1000 - Loss: -2.3060
Iter 609/1000 - Loss: -2.3060
Iter 610/1000 - Loss: -2.3060
Iter 611/1000 - Loss: -2.3060
Iter 612/1000 - Loss: -2.3060
Iter 613/1000 - Loss: -2.3060
Iter 614/1000 - Loss: -2.3060
Iter 615/1000 - Loss: -2.3060
Iter 616/1000 - Loss: -2.3060
Iter 617/1000 - Loss: -2.3060
Iter 618/1000 - Loss: -2.3061
Iter 619/1000 - Loss: -2.3061
Iter 620/1000 - Loss: -2.3061
Iter 621/1000 - Loss: -2.3061
Iter 622/1000 - Loss: -2.3061
Iter 623/1000 - Loss: -2.3061
Iter 624/1000 - Loss: -2.3061
Iter 625/1000 - Loss: -2.3061
Iter 626/1000 - Loss: -2.3061
Iter 627/1000 - Loss: -2.3061
Iter 628/1000 - Loss: -2.3061
Iter 629/1000 - Loss: -2.3061
Iter 630/1000 - Loss: -2.3061
Iter 631/1000 - Loss: -2.3061
Iter 632/1000 - Loss: -2.3061
Iter 633/1000 - Loss: -2.3061
Iter 634/1000 - Loss: -2.3061
Iter 635/1000 - Loss: -2.3062
Iter 636/1000 - Loss: -2.3062
Iter 637/1000 - Loss: -2.3062
Iter 638/1000 - Loss: -2.3062
Iter 639/1000 - Loss: -2.3062
Iter 640/1000 - Loss: -2.3062
Iter 641/1000 - Loss: -2.3062
Iter 642/1000 - Loss: -2.3062
Iter 643/1000 - Loss: -2.3062
Iter 644/1000 - Loss: -2.3062
Iter 645/1000 - Loss: -2.3062
Iter 646/1000 - Loss: -2.3062
Iter 647/1000 - Loss: -2.3062
Iter 648/1000 - Loss: -2.3062
Iter 649/1000 - Loss: -2.3062
Iter 650/1000 - Loss: -2.3062
Iter 651/1000 - Loss: -2.3062
Iter 652/1000 - Loss: -2.3062
Iter 653/1000 - Loss: -2.3062
Iter 654/1000 - Loss: -2.3063
Iter 655/1000 - Loss: -2.3063
Iter 656/1000 - Loss: -2.3063
Iter 657/1000 - Loss: -2.3062
Iter 658/1000 - Loss: -2.3063
Iter 659/1000 - Loss: -2.3063
Iter 660/1000 - Loss: -2.3063
Iter 661/1000 - Loss: -2.3063
Iter 662/1000 - Loss: -2.3063
Iter 663/1000 - Loss: -2.3063
Iter 664/1000 - Loss: -2.3063
Iter 665/1000 - Loss: -2.3063
Iter 666/1000 - Loss: -2.3063
Iter 667/1000 - Loss: -2.3063
Iter 668/1000 - Loss: -2.3063
Iter 669/1000 - Loss: -2.3063
Iter 670/1000 - Loss: -2.3063
Iter 671/1000 - Loss: -2.3064
Iter 672/1000 - Loss: -2.3064
Iter 673/1000 - Loss: -2.3064
Iter 674/1000 - Loss: -2.3064
Iter 675/1000 - Loss: -2.3064
Iter 676/1000 - Loss: -2.3064
Iter 677/1000 - Loss: -2.3064
Iter 678/1000 - Loss: -2.3064
Iter 679/1000 - Loss: -2.3064
Iter 680/1000 - Loss: -2.3064
Iter 681/1000 - Loss: -2.3064
Iter 682/1000 - Loss: -2.3064
Iter 683/1000 - Loss: -2.3064
Iter 684/1000 - Loss: -2.3064
Iter 685/1000 - Loss: -2.3064
Iter 686/1000 - Loss: -2.3064
Iter 687/1000 - Loss: -2.3064
Iter 688/1000 - Loss: -2.3064
Iter 689/1000 - Loss: -2.3065
Iter 690/1000 - Loss: -2.3064
Iter 691/1000 - Loss: -2.3065
Iter 692/1000 - Loss: -2.3064
Iter 693/1000 - Loss: -2.3065
Iter 694/1000 - Loss: -2.3065
Iter 695/1000 - Loss: -2.3065
Iter 696/1000 - Loss: -2.3065
Iter 697/1000 - Loss: -2.3065
Iter 698/1000 - Loss: -2.3065
Iter 699/1000 - Loss: -2.3065
Iter 700/1000 - Loss: -2.3065
Iter 701/1000 - Loss: -2.3065
Iter 702/1000 - Loss: -2.3065
Iter 703/1000 - Loss: -2.3065
Iter 704/1000 - Loss: -2.3066
Iter 705/1000 - Loss: -2.3066
Iter 706/1000 - Loss: -2.3065
Iter 707/1000 - Loss: -2.3066
Iter 708/1000 - Loss: -2.3066
Iter 709/1000 - Loss: -2.3066
Iter 710/1000 - Loss: -2.3066
Iter 711/1000 - Loss: -2.3066
Iter 712/1000 - Loss: -2.3066
Iter 713/1000 - Loss: -2.3066
Iter 714/1000 - Loss: -2.3066
Iter 715/1000 - Loss: -2.3066
Iter 716/1000 - Loss: -2.3066
Iter 717/1000 - Loss: -2.3066
Iter 718/1000 - Loss: -2.3066
Iter 719/1000 - Loss: -2.3066
Iter 720/1000 - Loss: -2.3066
Iter 721/1000 - Loss: -2.3066
Iter 722/1000 - Loss: -2.3066
Iter 723/1000 - Loss: -2.3066
Iter 724/1000 - Loss: -2.3066
Iter 725/1000 - Loss: -2.3066
Iter 726/1000 - Loss: -2.3067
Iter 727/1000 - Loss: -2.3066
Iter 728/1000 - Loss: -2.3067
Iter 729/1000 - Loss: -2.3066
Iter 730/1000 - Loss: -2.3067
Iter 731/1000 - Loss: -2.3067
Iter 732/1000 - Loss: -2.3067
Iter 733/1000 - Loss: -2.3067
Iter 734/1000 - Loss: -2.3067
Iter 735/1000 - Loss: -2.3067
Iter 736/1000 - Loss: -2.3067
Iter 737/1000 - Loss: -2.3067
Iter 738/1000 - Loss: -2.3067
Iter 739/1000 - Loss: -2.3067
Iter 740/1000 - Loss: -2.3067
Iter 741/1000 - Loss: -2.3068
Iter 742/1000 - Loss: -2.3067
Iter 743/1000 - Loss: -2.3068
Iter 744/1000 - Loss: -2.3068
Iter 745/1000 - Loss: -2.3068
Iter 746/1000 - Loss: -2.3068
Iter 747/1000 - Loss: -2.3068
Iter 748/1000 - Loss: -2.3068
Iter 749/1000 - Loss: -2.3068
Iter 750/1000 - Loss: -2.3068
Iter 751/1000 - Loss: -2.3068
Iter 752/1000 - Loss: -2.3068
Iter 753/1000 - Loss: -2.3068
Iter 754/1000 - Loss: -2.3068
Iter 755/1000 - Loss: -2.3068
Iter 756/1000 - Loss: -2.3068
Iter 757/1000 - Loss: -2.3068
Iter 758/1000 - Loss: -2.3068
Iter 759/1000 - Loss: -2.3068
Iter 760/1000 - Loss: -2.3068
Iter 761/1000 - Loss: -2.3069
Iter 762/1000 - Loss: -2.3069
Iter 763/1000 - Loss: -2.3069
Iter 764/1000 - Loss: -2.3069
Iter 765/1000 - Loss: -2.3069
Iter 766/1000 - Loss: -2.3068
Iter 767/1000 - Loss: -2.3069
Iter 768/1000 - Loss: -2.3069
Iter 769/1000 - Loss: -2.3069
Iter 770/1000 - Loss: -2.3069
Iter 771/1000 - Loss: -2.3069
Iter 772/1000 - Loss: -2.3069
Iter 773/1000 - Loss: -2.3069
Iter 774/1000 - Loss: -2.3069
Iter 775/1000 - Loss: -2.3069
Iter 776/1000 - Loss: -2.3069
Iter 777/1000 - Loss: -2.3069
Iter 778/1000 - Loss: -2.3069
Iter 779/1000 - Loss: -2.3069
Iter 780/1000 - Loss: -2.3070
Iter 781/1000 - Loss: -2.3069
Iter 782/1000 - Loss: -2.3070
Iter 783/1000 - Loss: -2.3069
Iter 784/1000 - Loss: -2.3070
Iter 785/1000 - Loss: -2.3070
Iter 786/1000 - Loss: -2.3070
Iter 787/1000 - Loss: -2.3070
Iter 788/1000 - Loss: -2.3070
Iter 789/1000 - Loss: -2.3070
Iter 790/1000 - Loss: -2.3070
Iter 791/1000 - Loss: -2.3070
Iter 792/1000 - Loss: -2.3070
Iter 793/1000 - Loss: -2.3070
Iter 794/1000 - Loss: -2.3070
Iter 795/1000 - Loss: -2.3070
Iter 796/1000 - Loss: -2.3070
Iter 797/1000 - Loss: -2.3070
Iter 798/1000 - Loss: -2.3070
Iter 799/1000 - Loss: -2.3071
Iter 800/1000 - Loss: -2.3071
Iter 801/1000 - Loss: -2.3071
Iter 802/1000 - Loss: -2.3071
Iter 803/1000 - Loss: -2.3071
Iter 804/1000 - Loss: -2.3071
Iter 805/1000 - Loss: -2.3071
Iter 806/1000 - Loss: -2.3071
Iter 807/1000 - Loss: -2.3071
Iter 808/1000 - Loss: -2.3071
Iter 809/1000 - Loss: -2.3071
Iter 810/1000 - Loss: -2.3071
Iter 811/1000 - Loss: -2.3071
Iter 812/1000 - Loss: -2.3071
Iter 813/1000 - Loss: -2.3071
Iter 814/1000 - Loss: -2.3071
Iter 815/1000 - Loss: -2.3071
Iter 816/1000 - Loss: -2.3071
Iter 817/1000 - Loss: -2.3071
Iter 818/1000 - Loss: -2.3072
Iter 819/1000 - Loss: -2.3071
Iter 820/1000 - Loss: -2.3072
Iter 821/1000 - Loss: -2.3071
Iter 822/1000 - Loss: -2.3072
Iter 823/1000 - Loss: -2.3072
Iter 824/1000 - Loss: -2.3072
Iter 825/1000 - Loss: -2.3072
Iter 826/1000 - Loss: -2.3072
Iter 827/1000 - Loss: -2.3072
Iter 828/1000 - Loss: -2.3072
Iter 829/1000 - Loss: -2.3072
Iter 830/1000 - Loss: -2.3072
Iter 831/1000 - Loss: -2.3072
Iter 832/1000 - Loss: -2.3072
Iter 833/1000 - Loss: -2.3072
Iter 834/1000 - Loss: -2.3072
Iter 835/1000 - Loss: -2.3072
Iter 836/1000 - Loss: -2.3072
Iter 837/1000 - Loss: -2.3072
Iter 838/1000 - Loss: -2.3073
Iter 839/1000 - Loss: -2.3072
Iter 840/1000 - Loss: -2.3073
Iter 841/1000 - Loss: -2.3073
Iter 842/1000 - Loss: -2.3073
Iter 843/1000 - Loss: -2.3073
Iter 844/1000 - Loss: -2.3073
Iter 845/1000 - Loss: -2.3073
Iter 846/1000 - Loss: -2.3073
Iter 847/1000 - Loss: -2.3073
Iter 848/1000 - Loss: -2.3073
Iter 849/1000 - Loss: -2.3073
Iter 850/1000 - Loss: -2.3073
Iter 851/1000 - Loss: -2.3073
Iter 852/1000 - Loss: -2.3073
Iter 853/1000 - Loss: -2.3073
Iter 854/1000 - Loss: -2.3073
Iter 855/1000 - Loss: -2.3074
Iter 856/1000 - Loss: -2.3074
Iter 857/1000 - Loss: -2.3074
Iter 858/1000 - Loss: -2.3073
Iter 859/1000 - Loss: -2.3074
Iter 860/1000 - Loss: -2.3073
Iter 861/1000 - Loss: -2.3074
Iter 862/1000 - Loss: -2.3074
Iter 863/1000 - Loss: -2.3074
Iter 864/1000 - Loss: -2.3074
Iter 865/1000 - Loss: -2.3074
Iter 866/1000 - Loss: -2.3074
Iter 867/1000 - Loss: -2.3074
Iter 868/1000 - Loss: -2.3074
Iter 869/1000 - Loss: -2.3074
Iter 870/1000 - Loss: -2.3074
Iter 871/1000 - Loss: -2.3074
Iter 872/1000 - Loss: -2.3074
Iter 873/1000 - Loss: -2.3075
Iter 874/1000 - Loss: -2.3074
Iter 875/1000 - Loss: -2.3075
Iter 876/1000 - Loss: -2.3075
Iter 877/1000 - Loss: -2.3075
Iter 878/1000 - Loss: -2.3075
Iter 879/1000 - Loss: -2.3075
Iter 880/1000 - Loss: -2.3075
Iter 881/1000 - Loss: -2.3075
Iter 882/1000 - Loss: -2.3075
Iter 883/1000 - Loss: -2.3075
Iter 884/1000 - Loss: -2.3075
Iter 885/1000 - Loss: -2.3075
Iter 886/1000 - Loss: -2.3075
Iter 887/1000 - Loss: -2.3075
Iter 888/1000 - Loss: -2.3075
Iter 889/1000 - Loss: -2.3075
Iter 890/1000 - Loss: -2.3075
Iter 891/1000 - Loss: -2.3075
Iter 892/1000 - Loss: -2.3075
Iter 893/1000 - Loss: -2.3076
Iter 894/1000 - Loss: -2.3075
Iter 895/1000 - Loss: -2.3075
Iter 896/1000 - Loss: -2.3076
Iter 897/1000 - Loss: -2.3075
Iter 898/1000 - Loss: -2.3076
Iter 899/1000 - Loss: -2.3076
Iter 900/1000 - Loss: -2.3076
Iter 901/1000 - Loss: -2.3076
Iter 902/1000 - Loss: -2.3076
Iter 903/1000 - Loss: -2.3076
Iter 904/1000 - Loss: -2.3076
Iter 905/1000 - Loss: -2.3076
Iter 906/1000 - Loss: -2.3076
Iter 907/1000 - Loss: -2.3076
Iter 908/1000 - Loss: -2.3076
Iter 909/1000 - Loss: -2.3076
Iter 910/1000 - Loss: -2.3076
Iter 911/1000 - Loss: -2.3076
Iter 912/1000 - Loss: -2.3076
Iter 913/1000 - Loss: -2.3076
Iter 914/1000 - Loss: -2.3077
Iter 915/1000 - Loss: -2.3076
Iter 916/1000 - Loss: -2.3077
Iter 917/1000 - Loss: -2.3077
Iter 918/1000 - Loss: -2.3077
Iter 919/1000 - Loss: -2.3077
Iter 920/1000 - Loss: -2.3077
Iter 921/1000 - Loss: -2.3077
Iter 922/1000 - Loss: -2.3077
Iter 923/1000 - Loss: -2.3077
Iter 924/1000 - Loss: -2.3077
Iter 925/1000 - Loss: -2.3077
Iter 926/1000 - Loss: -2.3077
Iter 927/1000 - Loss: -2.3077
Iter 928/1000 - Loss: -2.3077
Iter 929/1000 - Loss: -2.3077
Iter 930/1000 - Loss: -2.3077
Iter 931/1000 - Loss: -2.3077
Iter 932/1000 - Loss: -2.3077
Iter 933/1000 - Loss: -2.3077
Iter 934/1000 - Loss: -2.3078
Iter 935/1000 - Loss: -2.3078
Iter 936/1000 - Loss: -2.3077
Iter 937/1000 - Loss: -2.3078
Iter 938/1000 - Loss: -2.3078
Iter 939/1000 - Loss: -2.3078
Iter 940/1000 - Loss: -2.3078
Iter 941/1000 - Loss: -2.3078
Iter 942/1000 - Loss: -2.3078
Iter 943/1000 - Loss: -2.3078
Iter 944/1000 - Loss: -2.3078
Iter 945/1000 - Loss: -2.3078
Iter 946/1000 - Loss: -2.3078
Iter 947/1000 - Loss: -2.3078
Iter 948/1000 - Loss: -2.3078
Iter 949/1000 - Loss: -2.3078
Iter 950/1000 - Loss: -2.3078
Iter 951/1000 - Loss: -2.3078
Iter 952/1000 - Loss: -2.3079
Iter 953/1000 - Loss: -2.3079
Iter 954/1000 - Loss: -2.3079
Iter 955/1000 - Loss: -2.3079
Iter 956/1000 - Loss: -2.3079
Iter 957/1000 - Loss: -2.3079
Iter 958/1000 - Loss: -2.3079
Iter 959/1000 - Loss: -2.3079
Iter 960/1000 - Loss: -2.3079
Iter 961/1000 - Loss: -2.3079
Iter 962/1000 - Loss: -2.3079
Iter 963/1000 - Loss: -2.3079
Iter 964/1000 - Loss: -2.3079
Iter 965/1000 - Loss: -2.3079
Iter 966/1000 - Loss: -2.3079
Iter 967/1000 - Loss: -2.3079
Iter 968/1000 - Loss: -2.3079
Iter 969/1000 - Loss: -2.3079
Iter 970/1000 - Loss: -2.3079
Iter 971/1000 - Loss: -2.3079
Iter 972/1000 - Loss: -2.3080
Iter 973/1000 - Loss: -2.3080
Iter 974/1000 - Loss: -2.3080
Iter 975/1000 - Loss: -2.3079
Iter 976/1000 - Loss: -2.3080
Iter 977/1000 - Loss: -2.3080
Iter 978/1000 - Loss: -2.3080
Iter 979/1000 - Loss: -2.3079
Iter 980/1000 - Loss: -2.3080
Iter 981/1000 - Loss: -2.3080
Iter 982/1000 - Loss: -2.3080
Iter 983/1000 - Loss: -2.3080
Iter 984/1000 - Loss: -2.3080
Iter 985/1000 - Loss: -2.3080
Iter 986/1000 - Loss: -2.3080
Iter 987/1000 - Loss: -2.3080
Iter 988/1000 - Loss: -2.3080
Iter 989/1000 - Loss: -2.3080
Iter 990/1000 - Loss: -2.3080
Iter 991/1000 - Loss: -2.3080
Iter 992/1000 - Loss: -2.3080
Iter 993/1000 - Loss: -2.3081
Iter 994/1000 - Loss: -2.3081
Iter 995/1000 - Loss: -2.3081
Iter 996/1000 - Loss: -2.3081
Iter 997/1000 - Loss: -2.3081
Iter 998/1000 - Loss: -2.3081
Iter 999/1000 - Loss: -2.3081
Iter 1000/1000 - Loss: -2.3081
OrderedDict([('likelihood.raw_noise', tensor([inf])), ('likelihood.raw_noise_constraint.lower_bound', tensor(-inf)), ('likelihood.raw_noise_constraint.upper_bound', tensor(1.0000e-08)), ('mean_module.base_means.0.weights', tensor([[-0.2016],
        [-0.0629],
        [ 0.0255],
        [ 0.0777],
        [ 0.0765],
        [-0.3373],
        [ 0.0143]])), ('mean_module.base_means.0.bias', tensor([2.3347])), ('mean_module.base_means.1.weights', tensor([[ 0.0561],
        [ 0.0348],
        [ 0.0447],
        [ 0.1658],
        [-0.0054],
        [-0.0014],
        [-0.0112]])), ('mean_module.base_means.1.bias', tensor([-0.1161])), ('mean_module.base_means.2.weights', tensor([[-0.0091],
        [ 0.0043],
        [-0.0693],
        [-0.0438],
        [-0.0324],
        [ 0.1196],
        [ 0.0217]])), ('mean_module.base_means.2.bias', tensor([1.0702])), ('mean_module.base_means.3.weights', tensor([[-0.0214],
        [-0.0067],
        [-0.0505],
        [-0.0044],
        [ 0.0238],
        [ 0.0064],
        [ 0.0113]])), ('mean_module.base_means.3.bias', tensor([-0.0590])), ('mean_module.base_means.4.weights', tensor([[ 0.0475],
        [ 0.0091],
        [ 0.0416],
        [ 0.0328],
        [ 0.0008],
        [ 0.0103],
        [-0.0098]])), ('mean_module.base_means.4.bias', tensor([0.3628])), ('mean_module.base_means.5.weights', tensor([[ 0.0019],
        [ 0.0026],
        [ 0.0780],
        [ 0.0060],
        [-0.0075],
        [-0.0487],
        [-0.0017]])), ('mean_module.base_means.5.bias', tensor([0.1809])), ('mean_module.base_means.6.weights', tensor([[-0.0079],
        [ 0.0019],
        [-0.0160],
        [-0.0179],
        [ 0.0031],
        [ 0.0084],
        [ 0.0245]])), ('mean_module.base_means.6.bias', tensor([1.2507])), ('mean_module.base_means.7.weights', tensor([[ 0.0177],
        [ 0.0099],
        [-0.0251],
        [-0.0405],
        [-0.0005],
        [ 0.0433],
        [ 0.0098]])), ('mean_module.base_means.7.bias', tensor([0.0288])), ('covar_module.task_covar_module.covar_factor', tensor([[ 0.6770],
        [-0.0652],
        [-0.1519],
        [-0.0066],
        [ 0.0456],
        [ 0.0298],
        [ 0.0929],
        [-0.0312]])), ('covar_module.task_covar_module.raw_var', tensor([-3.3788, -0.7421, -1.0389, -2.1800, -3.3765, -4.1240, -4.2599, -4.2857])), ('covar_module.task_covar_module.raw_var_constraint.lower_bound', tensor(0.)), ('covar_module.task_covar_module.raw_var_constraint.upper_bound', tensor(inf)), ('covar_module.data_covar_module.kernels.0.raw_outputscale', tensor(-3.1290)), ('covar_module.data_covar_module.kernels.0.base_kernel.raw_lengthscale', tensor([[1.6905, 2.4293, 2.4158, 1.3619, 2.2433, 2.0537, 2.5192]])), ('covar_module.data_covar_module.kernels.0.base_kernel.raw_lengthscale_constraint.lower_bound', tensor(0.)), ('covar_module.data_covar_module.kernels.0.base_kernel.raw_lengthscale_constraint.upper_bound', tensor(inf)), ('covar_module.data_covar_module.kernels.0.raw_outputscale_constraint.lower_bound', tensor(0.)), ('covar_module.data_covar_module.kernels.0.raw_outputscale_constraint.upper_bound', tensor(inf)), ('covar_module.data_covar_module.kernels.1.raw_constant', tensor([-2.5339])), ('covar_module.data_covar_module.kernels.1.raw_constant_constraint.lower_bound', tensor(0.)), ('covar_module.data_covar_module.kernels.1.raw_constant_constraint.upper_bound', tensor(inf))])
loading emulator from /oak/stanford/orgs/kipac/users/delon/aemulusnu_massfunction/GP_loBox89_1400.pkl
[2.116359918962037, -0.08664184119108484, 0.9495657249198612, -0.14645038177304792, 0.45521622232198944, 0.27044353889996803, 1.2092030322848952, 0.03131384453497728]
[2.116359918962037, -0.08664184119108484, 0.9495657249198612, -0.14645038177304792, 0.45521622232198944, 0.27044353889996803, 1.2092030322848952, 0.03131384453497728]
[2.116359918962037, -0.08664184119108484, 0.9495657249198612, -0.14645038177304792, 0.45521622232198944, 0.27044353889996803, 1.2092030322848952, 0.03131384453497728]
[2.116359918962037, -0.08664184119108484, 0.9495657249198612, -0.14645038177304792, 0.45521622232198944, 0.27044353889996803, 1.2092030322848952, 0.03131384453497728]
[2.116359918962037, -0.08664184119108484, 0.9495657249198612, -0.14645038177304792, 0.45521622232198944, 0.27044353889996803, 1.2092030322848952, 0.03131384453497728]
[2.116359918962037, -0.08664184119108484, 0.9495657249198612, -0.14645038177304792, 0.45521622232198944, 0.27044353889996803, 1.2092030322848952, 0.03131384453497728]
[2.116359918962037, -0.08664184119108484, 0.9495657249198612, -0.14645038177304792, 0.45521622232198944, 0.27044353889996803, 1.2092030322848952, 0.03131384453497728]
[2.116359918962037, -0.08664184119108484, 0.9495657249198612, -0.14645038177304792, 0.45521622232198944, 0.27044353889996803, 1.2092030322848952, 0.03131384453497728]
[2.116359918962037, -0.08664184119108484, 0.9495657249198612, -0.14645038177304792, 0.45521622232198944, 0.27044353889996803, 1.2092030322848952, 0.03131384453497728]
[2.116359918962037, -0.08664184119108484, 0.9495657249198612, -0.14645038177304792, 0.45521622232198944, 0.27044353889996803, 1.2092030322848952, 0.03131384453497728]
[2.116359918962037, -0.08664184119108484, 0.9495657249198612, -0.14645038177304792, 0.45521622232198944, 0.27044353889996803, 1.2092030322848952, 0.03131384453497728]
[2.116359918962037, -0.08664184119108484, 0.9495657249198612, -0.14645038177304792, 0.45521622232198944, 0.27044353889996803, 1.2092030322848952, 0.03131384453497728]
[2.116359918962037, -0.08664184119108484, 0.9495657249198612, -0.14645038177304792, 0.45521622232198944, 0.27044353889996803, 1.2092030322848952, 0.03131384453497728]
[2.116359918962037, -0.08664184119108484, 0.9495657249198612, -0.14645038177304792, 0.45521622232198944, 0.27044353889996803, 1.2092030322848952, 0.03131384453497728]
[2.116359918962037, -0.08664184119108484, 0.9495657249198612, -0.14645038177304792, 0.45521622232198944, 0.27044353889996803, 1.2092030322848952, 0.03131384453497728]
