Leaving out Box15_1400
{'ns': 0.97000003, 'H0': 67.0, 'w0': -1.0, 'ombh2': 0.0223, 'omch2': 0.12, 'nu_mass_ev': 0.07071068, '10^9 As': 2.10100315}
(149, 7)
(149, 8)
scaling input
(149, 7)
scaling output
(149, 8)
Iter 1/3000 - Loss: 6.8451
Iter 2/3000 - Loss: 6.8151
Iter 3/3000 - Loss: 6.7851
Iter 4/3000 - Loss: 6.7549
Iter 5/3000 - Loss: 6.7247
Iter 6/3000 - Loss: 6.6943
Iter 7/3000 - Loss: 6.6639
Iter 8/3000 - Loss: 6.6333
Iter 9/3000 - Loss: 6.6027
Iter 10/3000 - Loss: 6.5719
Iter 11/3000 - Loss: 6.5410
Iter 12/3000 - Loss: 6.5100
Iter 13/3000 - Loss: 6.4789
Iter 14/3000 - Loss: 6.4477
Iter 15/3000 - Loss: 6.4164
Iter 16/3000 - Loss: 6.3849
Iter 17/3000 - Loss: 6.3533
Iter 18/3000 - Loss: 6.3216
Iter 19/3000 - Loss: 6.2897
Iter 20/3000 - Loss: 6.2577
Iter 21/3000 - Loss: 6.2255
Iter 22/3000 - Loss: 6.1932
Iter 23/3000 - Loss: 6.1607
Iter 24/3000 - Loss: 6.1281
Iter 25/3000 - Loss: 6.0953
Iter 26/3000 - Loss: 6.0624
Iter 27/3000 - Loss: 6.0292
Iter 28/3000 - Loss: 5.9959
Iter 29/3000 - Loss: 5.9625
Iter 30/3000 - Loss: 5.9288
Iter 31/3000 - Loss: 5.8949
Iter 32/3000 - Loss: 5.8609
Iter 33/3000 - Loss: 5.8266
Iter 34/3000 - Loss: 5.7921
Iter 35/3000 - Loss: 5.7574
Iter 36/3000 - Loss: 5.7225
Iter 37/3000 - Loss: 5.6874
Iter 38/3000 - Loss: 5.6520
Iter 39/3000 - Loss: 5.6163
Iter 40/3000 - Loss: 5.5805
Iter 41/3000 - Loss: 5.5443
Iter 42/3000 - Loss: 5.5079
Iter 43/3000 - Loss: 5.4712
Iter 44/3000 - Loss: 5.4342
Iter 45/3000 - Loss: 5.3970
Iter 46/3000 - Loss: 5.3594
Iter 47/3000 - Loss: 5.3215
Iter 48/3000 - Loss: 5.2833
Iter 49/3000 - Loss: 5.2447
Iter 50/3000 - Loss: 5.2059
Iter 51/3000 - Loss: 5.1666
Iter 52/3000 - Loss: 5.1270
Iter 53/3000 - Loss: 5.0870
Iter 54/3000 - Loss: 5.0467
Iter 55/3000 - Loss: 5.0059
Iter 56/3000 - Loss: 4.9647
Iter 57/3000 - Loss: 4.9231
Iter 58/3000 - Loss: 4.8811
Iter 59/3000 - Loss: 4.8386
Iter 60/3000 - Loss: 4.7957
Iter 61/3000 - Loss: 4.7523
Iter 62/3000 - Loss: 4.7084
Iter 63/3000 - Loss: 4.6640
Iter 64/3000 - Loss: 4.6192
Iter 65/3000 - Loss: 4.5738
Iter 66/3000 - Loss: 4.5279
Iter 67/3000 - Loss: 4.4814
Iter 68/3000 - Loss: 4.4345
Iter 69/3000 - Loss: 4.3869
Iter 70/3000 - Loss: 4.3388
Iter 71/3000 - Loss: 4.2901
Iter 72/3000 - Loss: 4.2409
Iter 73/3000 - Loss: 4.1911
Iter 74/3000 - Loss: 4.1406
Iter 75/3000 - Loss: 4.0896
Iter 76/3000 - Loss: 4.0380
Iter 77/3000 - Loss: 3.9858
Iter 78/3000 - Loss: 3.9329
Iter 79/3000 - Loss: 3.8795
Iter 80/3000 - Loss: 3.8255
Iter 81/3000 - Loss: 3.7709
Iter 82/3000 - Loss: 3.7157
Iter 83/3000 - Loss: 3.6600
Iter 84/3000 - Loss: 3.6037
Iter 85/3000 - Loss: 3.5468
Iter 86/3000 - Loss: 3.4894
Iter 87/3000 - Loss: 3.4316
Iter 88/3000 - Loss: 3.3732
Iter 89/3000 - Loss: 3.3145
Iter 90/3000 - Loss: 3.2553
Iter 91/3000 - Loss: 3.1957
Iter 92/3000 - Loss: 3.1358
Iter 93/3000 - Loss: 3.0757
Iter 94/3000 - Loss: 3.0153
Iter 95/3000 - Loss: 2.9548
Iter 96/3000 - Loss: 2.8941
Iter 97/3000 - Loss: 2.8334
Iter 98/3000 - Loss: 2.7728
Iter 99/3000 - Loss: 2.7123
Iter 100/3000 - Loss: 2.6519
Iter 101/3000 - Loss: 2.5919
Iter 102/3000 - Loss: 2.5322
Iter 103/3000 - Loss: 2.4729
Iter 104/3000 - Loss: 2.4142
Iter 105/3000 - Loss: 2.3561
Iter 106/3000 - Loss: 2.2988
Iter 107/3000 - Loss: 2.2423
Iter 108/3000 - Loss: 2.1866
Iter 109/3000 - Loss: 2.1320
Iter 110/3000 - Loss: 2.0785
Iter 111/3000 - Loss: 2.0262
Iter 112/3000 - Loss: 1.9752
Iter 113/3000 - Loss: 1.9255
Iter 114/3000 - Loss: 1.8773
Iter 115/3000 - Loss: 1.8305
Iter 116/3000 - Loss: 1.7854
Iter 117/3000 - Loss: 1.7419
Iter 118/3000 - Loss: 1.7001
Iter 119/3000 - Loss: 1.6600
Iter 120/3000 - Loss: 1.6217
Iter 121/3000 - Loss: 1.5851
Iter 122/3000 - Loss: 1.5505
Iter 123/3000 - Loss: 1.5176
Iter 124/3000 - Loss: 1.4865
Iter 125/3000 - Loss: 1.4573
Iter 126/3000 - Loss: 1.4298
Iter 127/3000 - Loss: 1.4041
Iter 128/3000 - Loss: 1.3800
Iter 129/3000 - Loss: 1.3576
Iter 130/3000 - Loss: 1.3367
Iter 131/3000 - Loss: 1.3173
Iter 132/3000 - Loss: 1.2993
Iter 133/3000 - Loss: 1.2826
Iter 134/3000 - Loss: 1.2670
Iter 135/3000 - Loss: 1.2527
Iter 136/3000 - Loss: 1.2393
Iter 137/3000 - Loss: 1.2269
Iter 138/3000 - Loss: 1.2154
Iter 139/3000 - Loss: 1.2048
Iter 140/3000 - Loss: 1.1949
Iter 141/3000 - Loss: 1.1856
Iter 142/3000 - Loss: 1.1770
Iter 143/3000 - Loss: 1.1689
Iter 144/3000 - Loss: 1.1614
Iter 145/3000 - Loss: 1.1543
Iter 146/3000 - Loss: 1.1476
Iter 147/3000 - Loss: 1.1413
Iter 148/3000 - Loss: 1.1354
Iter 149/3000 - Loss: 1.1297
Iter 150/3000 - Loss: 1.1244
Iter 151/3000 - Loss: 1.1192
Iter 152/3000 - Loss: 1.1144
Iter 153/3000 - Loss: 1.1097
Iter 154/3000 - Loss: 1.1053
Iter 155/3000 - Loss: 1.1010
Iter 156/3000 - Loss: 1.0970
Iter 157/3000 - Loss: 1.0931
Iter 158/3000 - Loss: 1.0893
Iter 159/3000 - Loss: 1.0857
Iter 160/3000 - Loss: 1.0823
Iter 161/3000 - Loss: 1.0790
Iter 162/3000 - Loss: 1.0758
Iter 163/3000 - Loss: 1.0728
Iter 164/3000 - Loss: 1.0699
Iter 165/3000 - Loss: 1.0671
Iter 166/3000 - Loss: 1.0643
Iter 167/3000 - Loss: 1.0617
Iter 168/3000 - Loss: 1.0592
Iter 169/3000 - Loss: 1.0568
Iter 170/3000 - Loss: 1.0544
Iter 171/3000 - Loss: 1.0521
Iter 172/3000 - Loss: 1.0499
Iter 173/3000 - Loss: 1.0478
Iter 174/3000 - Loss: 1.0458
Iter 175/3000 - Loss: 1.0438
Iter 176/3000 - Loss: 1.0418
Iter 177/3000 - Loss: 1.0399
Iter 178/3000 - Loss: 1.0381
Iter 179/3000 - Loss: 1.0363
Iter 180/3000 - Loss: 1.0346
Iter 181/3000 - Loss: 1.0328
Iter 182/3000 - Loss: 1.0312
Iter 183/3000 - Loss: 1.0296
Iter 184/3000 - Loss: 1.0280
Iter 185/3000 - Loss: 1.0265
Iter 186/3000 - Loss: 1.0250
Iter 187/3000 - Loss: 1.0236
Iter 188/3000 - Loss: 1.0222
Iter 189/3000 - Loss: 1.0208
Iter 190/3000 - Loss: 1.0195
Iter 191/3000 - Loss: 1.0182
Iter 192/3000 - Loss: 1.0169
Iter 193/3000 - Loss: 1.0156
Iter 194/3000 - Loss: 1.0144
Iter 195/3000 - Loss: 1.0132
Iter 196/3000 - Loss: 1.0121
Iter 197/3000 - Loss: 1.0109
Iter 198/3000 - Loss: 1.0099
Iter 199/3000 - Loss: 1.0087
Iter 200/3000 - Loss: 1.0077
Iter 201/3000 - Loss: 1.0067
Iter 202/3000 - Loss: 1.0056
Iter 203/3000 - Loss: 1.0047
Iter 204/3000 - Loss: 1.0037
Iter 205/3000 - Loss: 1.0027
Iter 206/3000 - Loss: 1.0018
Iter 207/3000 - Loss: 1.0009
Iter 208/3000 - Loss: 1.0000
Iter 209/3000 - Loss: 0.9992
Iter 210/3000 - Loss: 0.9983
Iter 211/3000 - Loss: 0.9975
Iter 212/3000 - Loss: 0.9967
Iter 213/3000 - Loss: 0.9959
Iter 214/3000 - Loss: 0.9951
Iter 215/3000 - Loss: 0.9944
Iter 216/3000 - Loss: 0.9936
Iter 217/3000 - Loss: 0.9928
Iter 218/3000 - Loss: 0.9921
Iter 219/3000 - Loss: 0.9914
Iter 220/3000 - Loss: 0.9907
Iter 221/3000 - Loss: 0.9900
Iter 222/3000 - Loss: 0.9893
Iter 223/3000 - Loss: 0.9887
Iter 224/3000 - Loss: 0.9880
Iter 225/3000 - Loss: 0.9874
Iter 226/3000 - Loss: 0.9868
Iter 227/3000 - Loss: 0.9861
Iter 228/3000 - Loss: 0.9856
Iter 229/3000 - Loss: 0.9849
Iter 230/3000 - Loss: 0.9843
Iter 231/3000 - Loss: 0.9838
Iter 232/3000 - Loss: 0.9832
Iter 233/3000 - Loss: 0.9826
Iter 234/3000 - Loss: 0.9820
Iter 235/3000 - Loss: 0.9815
Iter 236/3000 - Loss: 0.9810
Iter 237/3000 - Loss: 0.9804
Iter 238/3000 - Loss: 0.9799
Iter 239/3000 - Loss: 0.9794
Iter 240/3000 - Loss: 0.9788
Iter 241/3000 - Loss: 0.9784
Iter 242/3000 - Loss: 0.9779
Iter 243/3000 - Loss: 0.9774
Iter 244/3000 - Loss: 0.9769
Iter 245/3000 - Loss: 0.9764
Iter 246/3000 - Loss: 0.9759
Iter 247/3000 - Loss: 0.9755
Iter 248/3000 - Loss: 0.9750
Iter 249/3000 - Loss: 0.9745
Iter 250/3000 - Loss: 0.9741
Iter 251/3000 - Loss: 0.9736
Iter 252/3000 - Loss: 0.9732
Iter 253/3000 - Loss: 0.9727
Iter 254/3000 - Loss: 0.9723
Iter 255/3000 - Loss: 0.9718
Iter 256/3000 - Loss: 0.9714
Iter 257/3000 - Loss: 0.9710
Iter 258/3000 - Loss: 0.9706
Iter 259/3000 - Loss: 0.9702
Iter 260/3000 - Loss: 0.9698
Iter 261/3000 - Loss: 0.9693
Iter 262/3000 - Loss: 0.9690
Iter 263/3000 - Loss: 0.9686
Iter 264/3000 - Loss: 0.9682
Iter 265/3000 - Loss: 0.9678
Iter 266/3000 - Loss: 0.9674
Iter 267/3000 - Loss: 0.9670
Iter 268/3000 - Loss: 0.9666
Iter 269/3000 - Loss: 0.9662
Iter 270/3000 - Loss: 0.9659
Iter 271/3000 - Loss: 0.9654
Iter 272/3000 - Loss: 0.9651
Iter 273/3000 - Loss: 0.9647
Iter 274/3000 - Loss: 0.9643
Iter 275/3000 - Loss: 0.9640
Iter 276/3000 - Loss: 0.9636
Iter 277/3000 - Loss: 0.9633
Iter 278/3000 - Loss: 0.9629
Iter 279/3000 - Loss: 0.9626
Iter 280/3000 - Loss: 0.9622
Iter 281/3000 - Loss: 0.9619
Iter 282/3000 - Loss: 0.9615
Iter 283/3000 - Loss: 0.9612
Iter 284/3000 - Loss: 0.9608
Iter 285/3000 - Loss: 0.9605
Iter 286/3000 - Loss: 0.9601
Iter 287/3000 - Loss: 0.9598
Iter 288/3000 - Loss: 0.9595
Iter 289/3000 - Loss: 0.9591
Iter 290/3000 - Loss: 0.9588
Iter 291/3000 - Loss: 0.9585
Iter 292/3000 - Loss: 0.9581
Iter 293/3000 - Loss: 0.9578
Iter 294/3000 - Loss: 0.9575
Iter 295/3000 - Loss: 0.9572
Iter 296/3000 - Loss: 0.9568
Iter 297/3000 - Loss: 0.9565
Iter 298/3000 - Loss: 0.9562
Iter 299/3000 - Loss: 0.9558
Iter 300/3000 - Loss: 0.9556
Iter 301/3000 - Loss: 0.9552
Iter 302/3000 - Loss: 0.9549
Iter 303/3000 - Loss: 0.9546
Iter 304/3000 - Loss: 0.9543
Iter 305/3000 - Loss: 0.9540
Iter 306/3000 - Loss: 0.9537
Iter 307/3000 - Loss: 0.9534
Iter 308/3000 - Loss: 0.9531
Iter 309/3000 - Loss: 0.9528
Iter 310/3000 - Loss: 0.9524
Iter 311/3000 - Loss: 0.9521
Iter 312/3000 - Loss: 0.9518
Iter 313/3000 - Loss: 0.9515
Iter 314/3000 - Loss: 0.9512
Iter 315/3000 - Loss: 0.9509
Iter 316/3000 - Loss: 0.9506
Iter 317/3000 - Loss: 0.9503
Iter 318/3000 - Loss: 0.9500
Iter 319/3000 - Loss: 0.9497
Iter 320/3000 - Loss: 0.9494
Iter 321/3000 - Loss: 0.9491
Iter 322/3000 - Loss: 0.9488
Iter 323/3000 - Loss: 0.9485
Iter 324/3000 - Loss: 0.9482
Iter 325/3000 - Loss: 0.9479
Iter 326/3000 - Loss: 0.9477
Iter 327/3000 - Loss: 0.9473
Iter 328/3000 - Loss: 0.9471
Iter 329/3000 - Loss: 0.9468
Iter 330/3000 - Loss: 0.9465
Iter 331/3000 - Loss: 0.9462
Iter 332/3000 - Loss: 0.9459
Iter 333/3000 - Loss: 0.9456
Iter 334/3000 - Loss: 0.9453
Iter 335/3000 - Loss: 0.9450
Iter 336/3000 - Loss: 0.9447
Iter 337/3000 - Loss: 0.9444
Iter 338/3000 - Loss: 0.9441
Iter 339/3000 - Loss: 0.9439
Iter 340/3000 - Loss: 0.9436
Iter 341/3000 - Loss: 0.9433
Iter 342/3000 - Loss: 0.9430
Iter 343/3000 - Loss: 0.9427
Iter 344/3000 - Loss: 0.9424
Iter 345/3000 - Loss: 0.9421
Iter 346/3000 - Loss: 0.9418
Iter 347/3000 - Loss: 0.9415
Iter 348/3000 - Loss: 0.9412
Iter 349/3000 - Loss: 0.9410
Iter 350/3000 - Loss: 0.9407
Iter 351/3000 - Loss: 0.9404
Iter 352/3000 - Loss: 0.9401
Iter 353/3000 - Loss: 0.9398
Iter 354/3000 - Loss: 0.9395
Iter 355/3000 - Loss: 0.9392
Iter 356/3000 - Loss: 0.9389
Iter 357/3000 - Loss: 0.9387
Iter 358/3000 - Loss: 0.9384
Iter 359/3000 - Loss: 0.9381
Iter 360/3000 - Loss: 0.9378
Iter 361/3000 - Loss: 0.9375
Iter 362/3000 - Loss: 0.9372
Iter 363/3000 - Loss: 0.9369
Iter 364/3000 - Loss: 0.9367
Iter 365/3000 - Loss: 0.9364
Iter 366/3000 - Loss: 0.9361
Iter 367/3000 - Loss: 0.9358
Iter 368/3000 - Loss: 0.9355
Iter 369/3000 - Loss: 0.9352
Iter 370/3000 - Loss: 0.9349
Iter 371/3000 - Loss: 0.9347
Iter 372/3000 - Loss: 0.9344
Iter 373/3000 - Loss: 0.9341
Iter 374/3000 - Loss: 0.9338
Iter 375/3000 - Loss: 0.9335
Iter 376/3000 - Loss: 0.9332
Iter 377/3000 - Loss: 0.9329
Iter 378/3000 - Loss: 0.9326
Iter 379/3000 - Loss: 0.9323
Iter 380/3000 - Loss: 0.9321
Iter 381/3000 - Loss: 0.9318
Iter 382/3000 - Loss: 0.9315
Iter 383/3000 - Loss: 0.9312
Iter 384/3000 - Loss: 0.9309
Iter 385/3000 - Loss: 0.9306
Iter 386/3000 - Loss: 0.9303
Iter 387/3000 - Loss: 0.9300
Iter 388/3000 - Loss: 0.9297
Iter 389/3000 - Loss: 0.9294
Iter 390/3000 - Loss: 0.9292
Iter 391/3000 - Loss: 0.9289
Iter 392/3000 - Loss: 0.9286
Iter 393/3000 - Loss: 0.9283
Iter 394/3000 - Loss: 0.9280
Iter 395/3000 - Loss: 0.9277
Iter 396/3000 - Loss: 0.9274
Iter 397/3000 - Loss: 0.9271
Iter 398/3000 - Loss: 0.9268
Iter 399/3000 - Loss: 0.9265
Iter 400/3000 - Loss: 0.9262
Iter 401/3000 - Loss: 0.9259
Iter 402/3000 - Loss: 0.9256
Iter 403/3000 - Loss: 0.9254
Iter 404/3000 - Loss: 0.9251
Iter 405/3000 - Loss: 0.9248
Iter 406/3000 - Loss: 0.9245
Iter 407/3000 - Loss: 0.9242
Iter 408/3000 - Loss: 0.9239
Iter 409/3000 - Loss: 0.9236
Iter 410/3000 - Loss: 0.9233
Iter 411/3000 - Loss: 0.9230
Iter 412/3000 - Loss: 0.9227
Iter 413/3000 - Loss: 0.9224
Iter 414/3000 - Loss: 0.9221
Iter 415/3000 - Loss: 0.9218
Iter 416/3000 - Loss: 0.9215
Iter 417/3000 - Loss: 0.9212
Iter 418/3000 - Loss: 0.9209
Iter 419/3000 - Loss: 0.9206
Iter 420/3000 - Loss: 0.9203
Iter 421/3000 - Loss: 0.9200
Iter 422/3000 - Loss: 0.9197
Iter 423/3000 - Loss: 0.9194
Iter 424/3000 - Loss: 0.9191
Iter 425/3000 - Loss: 0.9188
Iter 426/3000 - Loss: 0.9185
Iter 427/3000 - Loss: 0.9182
Iter 428/3000 - Loss: 0.9179
Iter 429/3000 - Loss: 0.9176
Iter 430/3000 - Loss: 0.9173
Iter 431/3000 - Loss: 0.9170
Iter 432/3000 - Loss: 0.9167
Iter 433/3000 - Loss: 0.9164
Iter 434/3000 - Loss: 0.9161
Iter 435/3000 - Loss: 0.9158
Iter 436/3000 - Loss: 0.9155
Iter 437/3000 - Loss: 0.9152
Iter 438/3000 - Loss: 0.9148
Iter 439/3000 - Loss: 0.9145
Iter 440/3000 - Loss: 0.9142
Iter 441/3000 - Loss: 0.9139
Iter 442/3000 - Loss: 0.9136
Iter 443/3000 - Loss: 0.9133
Iter 444/3000 - Loss: 0.9130
Iter 445/3000 - Loss: 0.9127
Iter 446/3000 - Loss: 0.9124
Iter 447/3000 - Loss: 0.9121
Iter 448/3000 - Loss: 0.9118
Iter 449/3000 - Loss: 0.9115
Iter 450/3000 - Loss: 0.9111
Iter 451/3000 - Loss: 0.9108
Iter 452/3000 - Loss: 0.9105
Iter 453/3000 - Loss: 0.9102
Iter 454/3000 - Loss: 0.9099
Iter 455/3000 - Loss: 0.9096
Iter 456/3000 - Loss: 0.9093
Iter 457/3000 - Loss: 0.9090
Iter 458/3000 - Loss: 0.9087
Iter 459/3000 - Loss: 0.9083
Iter 460/3000 - Loss: 0.9080
Iter 461/3000 - Loss: 0.9077
Iter 462/3000 - Loss: 0.9074
Iter 463/3000 - Loss: 0.9071
Iter 464/3000 - Loss: 0.9067
Iter 465/3000 - Loss: 0.9064
Iter 466/3000 - Loss: 0.9061
Iter 467/3000 - Loss: 0.9058
Iter 468/3000 - Loss: 0.9055
Iter 469/3000 - Loss: 0.9051
Iter 470/3000 - Loss: 0.9048
Iter 471/3000 - Loss: 0.9045
Iter 472/3000 - Loss: 0.9042
Iter 473/3000 - Loss: 0.9039
Iter 474/3000 - Loss: 0.9035
Iter 475/3000 - Loss: 0.9032
Iter 476/3000 - Loss: 0.9029
Iter 477/3000 - Loss: 0.9026
Iter 478/3000 - Loss: 0.9023
Iter 479/3000 - Loss: 0.9019
Iter 480/3000 - Loss: 0.9016
Iter 481/3000 - Loss: 0.9013
Iter 482/3000 - Loss: 0.9010
Iter 483/3000 - Loss: 0.9006
Iter 484/3000 - Loss: 0.9003
Iter 485/3000 - Loss: 0.9000
Iter 486/3000 - Loss: 0.8997
Iter 487/3000 - Loss: 0.8993
Iter 488/3000 - Loss: 0.8990
Iter 489/3000 - Loss: 0.8987
Iter 490/3000 - Loss: 0.8983
Iter 491/3000 - Loss: 0.8980
Iter 492/3000 - Loss: 0.8977
Iter 493/3000 - Loss: 0.8974
Iter 494/3000 - Loss: 0.8970
Iter 495/3000 - Loss: 0.8967
Iter 496/3000 - Loss: 0.8964
Iter 497/3000 - Loss: 0.8960
Iter 498/3000 - Loss: 0.8957
Iter 499/3000 - Loss: 0.8954
Iter 500/3000 - Loss: 0.8950
Iter 501/3000 - Loss: 0.8947
Iter 502/3000 - Loss: 0.8944
Iter 503/3000 - Loss: 0.8941
Iter 504/3000 - Loss: 0.8937
Iter 505/3000 - Loss: 0.8934
Iter 506/3000 - Loss: 0.8930
Iter 507/3000 - Loss: 0.8927
Iter 508/3000 - Loss: 0.8924
Iter 509/3000 - Loss: 0.8920
Iter 510/3000 - Loss: 0.8917
Iter 511/3000 - Loss: 0.8914
Iter 512/3000 - Loss: 0.8910
Iter 513/3000 - Loss: 0.8907
Iter 514/3000 - Loss: 0.8904
Iter 515/3000 - Loss: 0.8900
Iter 516/3000 - Loss: 0.8897
Iter 517/3000 - Loss: 0.8893
Iter 518/3000 - Loss: 0.8890
Iter 519/3000 - Loss: 0.8887
Iter 520/3000 - Loss: 0.8883
Iter 521/3000 - Loss: 0.8880
Iter 522/3000 - Loss: 0.8876
Iter 523/3000 - Loss: 0.8873
Iter 524/3000 - Loss: 0.8869
Iter 525/3000 - Loss: 0.8866
Iter 526/3000 - Loss: 0.8863
Iter 527/3000 - Loss: 0.8859
Iter 528/3000 - Loss: 0.8856
Iter 529/3000 - Loss: 0.8852
Iter 530/3000 - Loss: 0.8849
Iter 531/3000 - Loss: 0.8845
Iter 532/3000 - Loss: 0.8842
Iter 533/3000 - Loss: 0.8838
Iter 534/3000 - Loss: 0.8835
Iter 535/3000 - Loss: 0.8831
Iter 536/3000 - Loss: 0.8828
Iter 537/3000 - Loss: 0.8824
Iter 538/3000 - Loss: 0.8821
Iter 539/3000 - Loss: 0.8818
Iter 540/3000 - Loss: 0.8814
Iter 541/3000 - Loss: 0.8811
Iter 542/3000 - Loss: 0.8807
Iter 543/3000 - Loss: 0.8804
Iter 544/3000 - Loss: 0.8800
Iter 545/3000 - Loss: 0.8797
Iter 546/3000 - Loss: 0.8793
Iter 547/3000 - Loss: 0.8789
Iter 548/3000 - Loss: 0.8786
Iter 549/3000 - Loss: 0.8782
Iter 550/3000 - Loss: 0.8779
Iter 551/3000 - Loss: 0.8775
Iter 552/3000 - Loss: 0.8772
Iter 553/3000 - Loss: 0.8768
Iter 554/3000 - Loss: 0.8765
Iter 555/3000 - Loss: 0.8761
Iter 556/3000 - Loss: 0.8758
Iter 557/3000 - Loss: 0.8754
Iter 558/3000 - Loss: 0.8750
Iter 559/3000 - Loss: 0.8747
Iter 560/3000 - Loss: 0.8743
Iter 561/3000 - Loss: 0.8740
Iter 562/3000 - Loss: 0.8736
Iter 563/3000 - Loss: 0.8733
Iter 564/3000 - Loss: 0.8729
Iter 565/3000 - Loss: 0.8725
Iter 566/3000 - Loss: 0.8722
Iter 567/3000 - Loss: 0.8718
Iter 568/3000 - Loss: 0.8714
Iter 569/3000 - Loss: 0.8711
Iter 570/3000 - Loss: 0.8707
Iter 571/3000 - Loss: 0.8704
Iter 572/3000 - Loss: 0.8700
Iter 573/3000 - Loss: 0.8696
Iter 574/3000 - Loss: 0.8693
Iter 575/3000 - Loss: 0.8689
Iter 576/3000 - Loss: 0.8685
Iter 577/3000 - Loss: 0.8682
Iter 578/3000 - Loss: 0.8678
Iter 579/3000 - Loss: 0.8674
Iter 580/3000 - Loss: 0.8671
Iter 581/3000 - Loss: 0.8667
Iter 582/3000 - Loss: 0.8663
Iter 583/3000 - Loss: 0.8660
Iter 584/3000 - Loss: 0.8656
Iter 585/3000 - Loss: 0.8652
Iter 586/3000 - Loss: 0.8649
Iter 587/3000 - Loss: 0.8645
Iter 588/3000 - Loss: 0.8641
Iter 589/3000 - Loss: 0.8637
Iter 590/3000 - Loss: 0.8634
Iter 591/3000 - Loss: 0.8630
Iter 592/3000 - Loss: 0.8626
Iter 593/3000 - Loss: 0.8623
Iter 594/3000 - Loss: 0.8619
Iter 595/3000 - Loss: 0.8615
Iter 596/3000 - Loss: 0.8611
Iter 597/3000 - Loss: 0.8608
Iter 598/3000 - Loss: 0.8604
Iter 599/3000 - Loss: 0.8600
Iter 600/3000 - Loss: 0.8596
Iter 601/3000 - Loss: 0.8593
Iter 602/3000 - Loss: 0.8589
Iter 603/3000 - Loss: 0.8585
Iter 604/3000 - Loss: 0.8581
Iter 605/3000 - Loss: 0.8577
Iter 606/3000 - Loss: 0.8574
Iter 607/3000 - Loss: 0.8570
Iter 608/3000 - Loss: 0.8566
Iter 609/3000 - Loss: 0.8562
Iter 610/3000 - Loss: 0.8558
Iter 611/3000 - Loss: 0.8555
Iter 612/3000 - Loss: 0.8551
Iter 613/3000 - Loss: 0.8547
Iter 614/3000 - Loss: 0.8543
Iter 615/3000 - Loss: 0.8539
Iter 616/3000 - Loss: 0.8535
Iter 617/3000 - Loss: 0.8532
Iter 618/3000 - Loss: 0.8528
Iter 619/3000 - Loss: 0.8524
Iter 620/3000 - Loss: 0.8520
Iter 621/3000 - Loss: 0.8516
Iter 622/3000 - Loss: 0.8512
Iter 623/3000 - Loss: 0.8508
Iter 624/3000 - Loss: 0.8504
Iter 625/3000 - Loss: 0.8501
Iter 626/3000 - Loss: 0.8497
Iter 627/3000 - Loss: 0.8493
Iter 628/3000 - Loss: 0.8489
Iter 629/3000 - Loss: 0.8485
Iter 630/3000 - Loss: 0.8481
Iter 631/3000 - Loss: 0.8477
Iter 632/3000 - Loss: 0.8473
Iter 633/3000 - Loss: 0.8469
Iter 634/3000 - Loss: 0.8465
Iter 635/3000 - Loss: 0.8461
Iter 636/3000 - Loss: 0.8457
Iter 637/3000 - Loss: 0.8453
Iter 638/3000 - Loss: 0.8449
Iter 639/3000 - Loss: 0.8446
Iter 640/3000 - Loss: 0.8442
Iter 641/3000 - Loss: 0.8438
Iter 642/3000 - Loss: 0.8434
Iter 643/3000 - Loss: 0.8430
Iter 644/3000 - Loss: 0.8426
Iter 645/3000 - Loss: 0.8422
Iter 646/3000 - Loss: 0.8418
Iter 647/3000 - Loss: 0.8414
Iter 648/3000 - Loss: 0.8410
Iter 649/3000 - Loss: 0.8406
Iter 650/3000 - Loss: 0.8402
Iter 651/3000 - Loss: 0.8397
Iter 652/3000 - Loss: 0.8393
Iter 653/3000 - Loss: 0.8389
Iter 654/3000 - Loss: 0.8385
Iter 655/3000 - Loss: 0.8381
Iter 656/3000 - Loss: 0.8377
Iter 657/3000 - Loss: 0.8373
Iter 658/3000 - Loss: 0.8369
Iter 659/3000 - Loss: 0.8365
Iter 660/3000 - Loss: 0.8361
Iter 661/3000 - Loss: 0.8357
Iter 662/3000 - Loss: 0.8353
Iter 663/3000 - Loss: 0.8349
Iter 664/3000 - Loss: 0.8345
Iter 665/3000 - Loss: 0.8341
Iter 666/3000 - Loss: 0.8336
Iter 667/3000 - Loss: 0.8332
Iter 668/3000 - Loss: 0.8328
Iter 669/3000 - Loss: 0.8324
Iter 670/3000 - Loss: 0.8320
Iter 671/3000 - Loss: 0.8316
Iter 672/3000 - Loss: 0.8312
Iter 673/3000 - Loss: 0.8308
Iter 674/3000 - Loss: 0.8304
Iter 675/3000 - Loss: 0.8299
Iter 676/3000 - Loss: 0.8295
Iter 677/3000 - Loss: 0.8291
Iter 678/3000 - Loss: 0.8287
Iter 679/3000 - Loss: 0.8283
Iter 680/3000 - Loss: 0.8279
Iter 681/3000 - Loss: 0.8275
Iter 682/3000 - Loss: 0.8270
Iter 683/3000 - Loss: 0.8266
Iter 684/3000 - Loss: 0.8262
Iter 685/3000 - Loss: 0.8258
Iter 686/3000 - Loss: 0.8254
Iter 687/3000 - Loss: 0.8249
Iter 688/3000 - Loss: 0.8245
Iter 689/3000 - Loss: 0.8241
Iter 690/3000 - Loss: 0.8237
Iter 691/3000 - Loss: 0.8233
Iter 692/3000 - Loss: 0.8228
Iter 693/3000 - Loss: 0.8224
Iter 694/3000 - Loss: 0.8220
Iter 695/3000 - Loss: 0.8216
Iter 696/3000 - Loss: 0.8212
Iter 697/3000 - Loss: 0.8207
Iter 698/3000 - Loss: 0.8203
Iter 699/3000 - Loss: 0.8199
Iter 700/3000 - Loss: 0.8195
Iter 701/3000 - Loss: 0.8190
Iter 702/3000 - Loss: 0.8186
Iter 703/3000 - Loss: 0.8182
Iter 704/3000 - Loss: 0.8178
Iter 705/3000 - Loss: 0.8173
Iter 706/3000 - Loss: 0.8169
Iter 707/3000 - Loss: 0.8165
Iter 708/3000 - Loss: 0.8161
Iter 709/3000 - Loss: 0.8156
Iter 710/3000 - Loss: 0.8152
Iter 711/3000 - Loss: 0.8148
Iter 712/3000 - Loss: 0.8144
Iter 713/3000 - Loss: 0.8139
Iter 714/3000 - Loss: 0.8135
Iter 715/3000 - Loss: 0.8131
Iter 716/3000 - Loss: 0.8127
Iter 717/3000 - Loss: 0.8122
Iter 718/3000 - Loss: 0.8118
Iter 719/3000 - Loss: 0.8114
Iter 720/3000 - Loss: 0.8110
Iter 721/3000 - Loss: 0.8105
Iter 722/3000 - Loss: 0.8101
Iter 723/3000 - Loss: 0.8097
Iter 724/3000 - Loss: 0.8092
Iter 725/3000 - Loss: 0.8088
Iter 726/3000 - Loss: 0.8084
Iter 727/3000 - Loss: 0.8080
Iter 728/3000 - Loss: 0.8075
Iter 729/3000 - Loss: 0.8071
Iter 730/3000 - Loss: 0.8067
Iter 731/3000 - Loss: 0.8062
Iter 732/3000 - Loss: 0.8058
Iter 733/3000 - Loss: 0.8054
Iter 734/3000 - Loss: 0.8049
Iter 735/3000 - Loss: 0.8045
Iter 736/3000 - Loss: 0.8041
Iter 737/3000 - Loss: 0.8036
Iter 738/3000 - Loss: 0.8032
Iter 739/3000 - Loss: 0.8028
Iter 740/3000 - Loss: 0.8023
Iter 741/3000 - Loss: 0.8019
Iter 742/3000 - Loss: 0.8015
Iter 743/3000 - Loss: 0.8010
Iter 744/3000 - Loss: 0.8006
Iter 745/3000 - Loss: 0.8002
Iter 746/3000 - Loss: 0.7997
Iter 747/3000 - Loss: 0.7993
Iter 748/3000 - Loss: 0.7988
Iter 749/3000 - Loss: 0.7984
Iter 750/3000 - Loss: 0.7980
Iter 751/3000 - Loss: 0.7975
Iter 752/3000 - Loss: 0.7971
Iter 753/3000 - Loss: 0.7966
Iter 754/3000 - Loss: 0.7962
Iter 755/3000 - Loss: 0.7958
Iter 756/3000 - Loss: 0.7953
Iter 757/3000 - Loss: 0.7949
Iter 758/3000 - Loss: 0.7944
Iter 759/3000 - Loss: 0.7940
Iter 760/3000 - Loss: 0.7935
Iter 761/3000 - Loss: 0.7931
Iter 762/3000 - Loss: 0.7927
Iter 763/3000 - Loss: 0.7922
Iter 764/3000 - Loss: 0.7918
Iter 765/3000 - Loss: 0.7913
Iter 766/3000 - Loss: 0.7909
Iter 767/3000 - Loss: 0.7904
Iter 768/3000 - Loss: 0.7900
Iter 769/3000 - Loss: 0.7895
Iter 770/3000 - Loss: 0.7891
Iter 771/3000 - Loss: 0.7886
Iter 772/3000 - Loss: 0.7882
Iter 773/3000 - Loss: 0.7877
Iter 774/3000 - Loss: 0.7873
Iter 775/3000 - Loss: 0.7868
Iter 776/3000 - Loss: 0.7864
Iter 777/3000 - Loss: 0.7859
Iter 778/3000 - Loss: 0.7855
Iter 779/3000 - Loss: 0.7850
Iter 780/3000 - Loss: 0.7845
Iter 781/3000 - Loss: 0.7841
Iter 782/3000 - Loss: 0.7836
Iter 783/3000 - Loss: 0.7832
Iter 784/3000 - Loss: 0.7827
Iter 785/3000 - Loss: 0.7823
Iter 786/3000 - Loss: 0.7818
Iter 787/3000 - Loss: 0.7814
Iter 788/3000 - Loss: 0.7809
Iter 789/3000 - Loss: 0.7805
Iter 790/3000 - Loss: 0.7800
Iter 791/3000 - Loss: 0.7796
Iter 792/3000 - Loss: 0.7791
Iter 793/3000 - Loss: 0.7787
Iter 794/3000 - Loss: 0.7782
Iter 795/3000 - Loss: 0.7778
Iter 796/3000 - Loss: 0.7773
Iter 797/3000 - Loss: 0.7769
Iter 798/3000 - Loss: 0.7765
Iter 799/3000 - Loss: 0.7760
Iter 800/3000 - Loss: 0.7756
Iter 801/3000 - Loss: 0.7751
Iter 802/3000 - Loss: 0.7747
Iter 803/3000 - Loss: 0.7743
Iter 804/3000 - Loss: 0.7739
Iter 805/3000 - Loss: 0.7734
Iter 806/3000 - Loss: 0.7730
Iter 807/3000 - Loss: 0.7726
Iter 808/3000 - Loss: 0.7722
Iter 809/3000 - Loss: 0.7718
Iter 810/3000 - Loss: 0.7714
Iter 811/3000 - Loss: 0.7710
Iter 812/3000 - Loss: 0.7706
Iter 813/3000 - Loss: 0.7702
Iter 814/3000 - Loss: 0.7698
Iter 815/3000 - Loss: 0.7694
Iter 816/3000 - Loss: 0.7691
Iter 817/3000 - Loss: 0.7687
Iter 818/3000 - Loss: 0.7683
Iter 819/3000 - Loss: 0.7680
Iter 820/3000 - Loss: 0.7676
Iter 821/3000 - Loss: 0.7672
Iter 822/3000 - Loss: 0.7669
Iter 823/3000 - Loss: 0.7665
Iter 824/3000 - Loss: 0.7662
Iter 825/3000 - Loss: 0.7658
Iter 826/3000 - Loss: 0.7655
Iter 827/3000 - Loss: 0.7652
Iter 828/3000 - Loss: 0.7648
Iter 829/3000 - Loss: 0.7645
Iter 830/3000 - Loss: 0.7642
Iter 831/3000 - Loss: 0.7639
Iter 832/3000 - Loss: 0.7636
Iter 833/3000 - Loss: 0.7632
Iter 834/3000 - Loss: 0.7630
Iter 835/3000 - Loss: 0.7627
Iter 836/3000 - Loss: 0.7624
Iter 837/3000 - Loss: 0.7621
Iter 838/3000 - Loss: 0.7618
Iter 839/3000 - Loss: 0.7615
Iter 840/3000 - Loss: 0.7613
Iter 841/3000 - Loss: 0.7610
Iter 842/3000 - Loss: 0.7607
Iter 843/3000 - Loss: 0.7605
Iter 844/3000 - Loss: 0.7602
Iter 845/3000 - Loss: 0.7599
Iter 846/3000 - Loss: 0.7597
Iter 847/3000 - Loss: 0.7595
Iter 848/3000 - Loss: 0.7592
Iter 849/3000 - Loss: 0.7590
Iter 850/3000 - Loss: 0.7587
Iter 851/3000 - Loss: 0.7585
Iter 852/3000 - Loss: 0.7583
Iter 853/3000 - Loss: 0.7581
Iter 854/3000 - Loss: 0.7579
Iter 855/3000 - Loss: 0.7576
Iter 856/3000 - Loss: 0.7574
Iter 857/3000 - Loss: 0.7572
Iter 858/3000 - Loss: 0.7570
Iter 859/3000 - Loss: 0.7568
Iter 860/3000 - Loss: 0.7566
Iter 861/3000 - Loss: 0.7564
Iter 862/3000 - Loss: 0.7563
Iter 863/3000 - Loss: 0.7561
Iter 864/3000 - Loss: 0.7559
Iter 865/3000 - Loss: 0.7557
Iter 866/3000 - Loss: 0.7556
Iter 867/3000 - Loss: 0.7554
Iter 868/3000 - Loss: 0.7553
Iter 869/3000 - Loss: 0.7551
Iter 870/3000 - Loss: 0.7549
Iter 871/3000 - Loss: 0.7547
Iter 872/3000 - Loss: 0.7546
Iter 873/3000 - Loss: 0.7544
Iter 874/3000 - Loss: 0.7542
Iter 875/3000 - Loss: 0.7541
Iter 876/3000 - Loss: 0.7539
Iter 877/3000 - Loss: 0.7538
Iter 878/3000 - Loss: 0.7536
Iter 879/3000 - Loss: 0.7535
Iter 880/3000 - Loss: 0.7534
Iter 881/3000 - Loss: 0.7532
Iter 882/3000 - Loss: 0.7531
Iter 883/3000 - Loss: 0.7530
Iter 884/3000 - Loss: 0.7528
Iter 885/3000 - Loss: 0.7527
Iter 886/3000 - Loss: 0.7526
Iter 887/3000 - Loss: 0.7524
Iter 888/3000 - Loss: 0.7523
Iter 889/3000 - Loss: 0.7522
Iter 890/3000 - Loss: 0.7521
Iter 891/3000 - Loss: 0.7520
Iter 892/3000 - Loss: 0.7519
Iter 893/3000 - Loss: 0.7517
Iter 894/3000 - Loss: 0.7516
Iter 895/3000 - Loss: 0.7515
Iter 896/3000 - Loss: 0.7514
Iter 897/3000 - Loss: 0.7513
Iter 898/3000 - Loss: 0.7512
Iter 899/3000 - Loss: 0.7511
Iter 900/3000 - Loss: 0.7510
Iter 901/3000 - Loss: 0.7509
Iter 902/3000 - Loss: 0.7508
Iter 903/3000 - Loss: 0.7507
Iter 904/3000 - Loss: 0.7506
Iter 905/3000 - Loss: 0.7505
Iter 906/3000 - Loss: 0.7504
Iter 907/3000 - Loss: 0.7503
Iter 908/3000 - Loss: 0.7503
Iter 909/3000 - Loss: 0.7502
Iter 910/3000 - Loss: 0.7501
Iter 911/3000 - Loss: 0.7500
Iter 912/3000 - Loss: 0.7499
Iter 913/3000 - Loss: 0.7498
Iter 914/3000 - Loss: 0.7498
Iter 915/3000 - Loss: 0.7497
Iter 916/3000 - Loss: 0.7496
Iter 917/3000 - Loss: 0.7495
Iter 918/3000 - Loss: 0.7494
Iter 919/3000 - Loss: 0.7494
Iter 920/3000 - Loss: 0.7493
Iter 921/3000 - Loss: 0.7492
Iter 922/3000 - Loss: 0.7491
Iter 923/3000 - Loss: 0.7491
Iter 924/3000 - Loss: 0.7490
Iter 925/3000 - Loss: 0.7489
Iter 926/3000 - Loss: 0.7489
Iter 927/3000 - Loss: 0.7488
Iter 928/3000 - Loss: 0.7487
Iter 929/3000 - Loss: 0.7487
Iter 930/3000 - Loss: 0.7486
Iter 931/3000 - Loss: 0.7485
Iter 932/3000 - Loss: 0.7485
Iter 933/3000 - Loss: 0.7484
Iter 934/3000 - Loss: 0.7483
Iter 935/3000 - Loss: 0.7483
Iter 936/3000 - Loss: 0.7482
Iter 937/3000 - Loss: 0.7482
Iter 938/3000 - Loss: 0.7481
Iter 939/3000 - Loss: 0.7481
Iter 940/3000 - Loss: 0.7480
Iter 941/3000 - Loss: 0.7480
Iter 942/3000 - Loss: 0.7480
Iter 943/3000 - Loss: 0.7479
Iter 944/3000 - Loss: 0.7478
Iter 945/3000 - Loss: 0.7477
Iter 946/3000 - Loss: 0.7477
Iter 947/3000 - Loss: 0.7477
Iter 948/3000 - Loss: 0.7476
Iter 949/3000 - Loss: 0.7475
Iter 950/3000 - Loss: 0.7475
Iter 951/3000 - Loss: 0.7474
Iter 952/3000 - Loss: 0.7474
Iter 953/3000 - Loss: 0.7473
Iter 954/3000 - Loss: 0.7473
Iter 955/3000 - Loss: 0.7472
Iter 956/3000 - Loss: 0.7472
Iter 957/3000 - Loss: 0.7471
Iter 958/3000 - Loss: 0.7471
Iter 959/3000 - Loss: 0.7470
Iter 960/3000 - Loss: 0.7470
Iter 961/3000 - Loss: 0.7469
Iter 962/3000 - Loss: 0.7469
Iter 963/3000 - Loss: 0.7468
Iter 964/3000 - Loss: 0.7468
Iter 965/3000 - Loss: 0.7468
Iter 966/3000 - Loss: 0.7467
Iter 967/3000 - Loss: 0.7467
Iter 968/3000 - Loss: 0.7466
Iter 969/3000 - Loss: 0.7466
Iter 970/3000 - Loss: 0.7466
Iter 971/3000 - Loss: 0.7465
Iter 972/3000 - Loss: 0.7465
Iter 973/3000 - Loss: 0.7464
Iter 974/3000 - Loss: 0.7464
Iter 975/3000 - Loss: 0.7464
Iter 976/3000 - Loss: 0.7463
Iter 977/3000 - Loss: 0.7463
Iter 978/3000 - Loss: 0.7462
Iter 979/3000 - Loss: 0.7462
Iter 980/3000 - Loss: 0.7462
Iter 981/3000 - Loss: 0.7461
Iter 982/3000 - Loss: 0.7461
Iter 983/3000 - Loss: 0.7461
Iter 984/3000 - Loss: 0.7460
Iter 985/3000 - Loss: 0.7460
Iter 986/3000 - Loss: 0.7459
Iter 987/3000 - Loss: 0.7459
Iter 988/3000 - Loss: 0.7459
Iter 989/3000 - Loss: 0.7458
Iter 990/3000 - Loss: 0.7458
Iter 991/3000 - Loss: 0.7458
Iter 992/3000 - Loss: 0.7457
Iter 993/3000 - Loss: 0.7457
Iter 994/3000 - Loss: 0.7457
Iter 995/3000 - Loss: 0.7456
Iter 996/3000 - Loss: 0.7456
Iter 997/3000 - Loss: 0.7456
Iter 998/3000 - Loss: 0.7455
Iter 999/3000 - Loss: 0.7455
Iter 1000/3000 - Loss: 0.7455
Iter 1001/3000 - Loss: 0.7455
Iter 1002/3000 - Loss: 0.7454
Iter 1003/3000 - Loss: 0.7454
Iter 1004/3000 - Loss: 0.7454
Iter 1005/3000 - Loss: 0.7453
Iter 1006/3000 - Loss: 0.7453
Iter 1007/3000 - Loss: 0.7453
Iter 1008/3000 - Loss: 0.7452
Iter 1009/3000 - Loss: 0.7452
Iter 1010/3000 - Loss: 0.7452
Iter 1011/3000 - Loss: 0.7452
Iter 1012/3000 - Loss: 0.7451
Iter 1013/3000 - Loss: 0.7451
Iter 1014/3000 - Loss: 0.7451
Iter 1015/3000 - Loss: 0.7450
Iter 1016/3000 - Loss: 0.7450
Iter 1017/3000 - Loss: 0.7450
Iter 1018/3000 - Loss: 0.7450
Iter 1019/3000 - Loss: 0.7449
Iter 1020/3000 - Loss: 0.7449
Iter 1021/3000 - Loss: 0.7449
Iter 1022/3000 - Loss: 0.7449
Iter 1023/3000 - Loss: 0.7448
Iter 1024/3000 - Loss: 0.7448
Iter 1025/3000 - Loss: 0.7448
Iter 1026/3000 - Loss: 0.7448
Iter 1027/3000 - Loss: 0.7447
Iter 1028/3000 - Loss: 0.7447
Iter 1029/3000 - Loss: 0.7447
Iter 1030/3000 - Loss: 0.7447
Iter 1031/3000 - Loss: 0.7446
Iter 1032/3000 - Loss: 0.7446
Iter 1033/3000 - Loss: 0.7446
Iter 1034/3000 - Loss: 0.7446
Iter 1035/3000 - Loss: 0.7445
Iter 1036/3000 - Loss: 0.7445
Iter 1037/3000 - Loss: 0.7445
Iter 1038/3000 - Loss: 0.7445
Iter 1039/3000 - Loss: 0.7445
Iter 1040/3000 - Loss: 0.7444
Iter 1041/3000 - Loss: 0.7444
Iter 1042/3000 - Loss: 0.7444
Iter 1043/3000 - Loss: 0.7444
Iter 1044/3000 - Loss: 0.7443
Iter 1045/3000 - Loss: 0.7443
Iter 1046/3000 - Loss: 0.7443
Iter 1047/3000 - Loss: 0.7443
Iter 1048/3000 - Loss: 0.7443
Iter 1049/3000 - Loss: 0.7442
Iter 1050/3000 - Loss: 0.7442
Iter 1051/3000 - Loss: 0.7442
Iter 1052/3000 - Loss: 0.7442
Iter 1053/3000 - Loss: 0.7441
Iter 1054/3000 - Loss: 0.7441
Iter 1055/3000 - Loss: 0.7441
Iter 1056/3000 - Loss: 0.7441
Iter 1057/3000 - Loss: 0.7441
Iter 1058/3000 - Loss: 0.7440
Iter 1059/3000 - Loss: 0.7440
Iter 1060/3000 - Loss: 0.7440
Iter 1061/3000 - Loss: 0.7440
Iter 1062/3000 - Loss: 0.7440
Iter 1063/3000 - Loss: 0.7440
Iter 1064/3000 - Loss: 0.7439
Iter 1065/3000 - Loss: 0.7439
Iter 1066/3000 - Loss: 0.7439
Iter 1067/3000 - Loss: 0.7439
Iter 1068/3000 - Loss: 0.7439
Iter 1069/3000 - Loss: 0.7438
Iter 1070/3000 - Loss: 0.7438
Iter 1071/3000 - Loss: 0.7438
Iter 1072/3000 - Loss: 0.7438
Iter 1073/3000 - Loss: 0.7438
Iter 1074/3000 - Loss: 0.7438
Iter 1075/3000 - Loss: 0.7437
Iter 1076/3000 - Loss: 0.7437
Iter 1077/3000 - Loss: 0.7437
Iter 1078/3000 - Loss: 0.7437
Iter 1079/3000 - Loss: 0.7437
Iter 1080/3000 - Loss: 0.7436
Iter 1081/3000 - Loss: 0.7436
Iter 1082/3000 - Loss: 0.7436
Iter 1083/3000 - Loss: 0.7436
Iter 1084/3000 - Loss: 0.7436
Iter 1085/3000 - Loss: 0.7436
Iter 1086/3000 - Loss: 0.7435
Iter 1087/3000 - Loss: 0.7435
Iter 1088/3000 - Loss: 0.7435
Iter 1089/3000 - Loss: 0.7435
Iter 1090/3000 - Loss: 0.7435
Iter 1091/3000 - Loss: 0.7435
Iter 1092/3000 - Loss: 0.7435
Iter 1093/3000 - Loss: 0.7434
Iter 1094/3000 - Loss: 0.7434
Iter 1095/3000 - Loss: 0.7434
Iter 1096/3000 - Loss: 0.7434
Iter 1097/3000 - Loss: 0.7434
Iter 1098/3000 - Loss: 0.7434
Iter 1099/3000 - Loss: 0.7433
Iter 1100/3000 - Loss: 0.7433
Iter 1101/3000 - Loss: 0.7433
Iter 1102/3000 - Loss: 0.7433
Iter 1103/3000 - Loss: 0.7433
Iter 1104/3000 - Loss: 0.7433
Iter 1105/3000 - Loss: 0.7433
Iter 1106/3000 - Loss: 0.7432
Iter 1107/3000 - Loss: 0.7432
Iter 1108/3000 - Loss: 0.7432
Iter 1109/3000 - Loss: 0.7432
Iter 1110/3000 - Loss: 0.7432
Iter 1111/3000 - Loss: 0.7432
Iter 1112/3000 - Loss: 0.7432
Iter 1113/3000 - Loss: 0.7432
Iter 1114/3000 - Loss: 0.7431
Iter 1115/3000 - Loss: 0.7431
Iter 1116/3000 - Loss: 0.7431
Iter 1117/3000 - Loss: 0.7431
Iter 1118/3000 - Loss: 0.7431
Iter 1119/3000 - Loss: 0.7431
Iter 1120/3000 - Loss: 0.7431
Iter 1121/3000 - Loss: 0.7430
Iter 1122/3000 - Loss: 0.7430
Iter 1123/3000 - Loss: 0.7430
Iter 1124/3000 - Loss: 0.7430
Iter 1125/3000 - Loss: 0.7430
Iter 1126/3000 - Loss: 0.7430
Iter 1127/3000 - Loss: 0.7430
Iter 1128/3000 - Loss: 0.7430
Iter 1129/3000 - Loss: 0.7430
Iter 1130/3000 - Loss: 0.7429
Iter 1131/3000 - Loss: 0.7429
Iter 1132/3000 - Loss: 0.7429
Iter 1133/3000 - Loss: 0.7429
Iter 1134/3000 - Loss: 0.7429
Iter 1135/3000 - Loss: 0.7429
Iter 1136/3000 - Loss: 0.7429
Iter 1137/3000 - Loss: 0.7429
Iter 1138/3000 - Loss: 0.7429
Iter 1139/3000 - Loss: 0.7430
Iter 1140/3000 - Loss: 0.7430
Iter 1141/3000 - Loss: 0.7430
Iter 1142/3000 - Loss: 0.7429
Iter 1143/3000 - Loss: 0.7428
Iter 1144/3000 - Loss: 0.7429
Iter 1145/3000 - Loss: 0.7429
Iter 1146/3000 - Loss: 0.7428
Iter 1147/3000 - Loss: 0.7428
Iter 1148/3000 - Loss: 0.7428
Iter 1149/3000 - Loss: 0.7428
Iter 1150/3000 - Loss: 0.7427
Iter 1151/3000 - Loss: 0.7428
Iter 1152/3000 - Loss: 0.7427
Iter 1153/3000 - Loss: 0.7427
Iter 1154/3000 - Loss: 0.7427
Iter 1155/3000 - Loss: 0.7427
Iter 1156/3000 - Loss: 0.7427
Iter 1157/3000 - Loss: 0.7427
Iter 1158/3000 - Loss: 0.7427
Iter 1159/3000 - Loss: 0.7426
Iter 1160/3000 - Loss: 0.7426
Iter 1161/3000 - Loss: 0.7426
Iter 1162/3000 - Loss: 0.7426
Iter 1163/3000 - Loss: 0.7426
Iter 1164/3000 - Loss: 0.7426
Iter 1165/3000 - Loss: 0.7426
Iter 1166/3000 - Loss: 0.7426
Iter 1167/3000 - Loss: 0.7426
Iter 1168/3000 - Loss: 0.7426
Iter 1169/3000 - Loss: 0.7425
Iter 1170/3000 - Loss: 0.7425
Iter 1171/3000 - Loss: 0.7425
Iter 1172/3000 - Loss: 0.7425
Iter 1173/3000 - Loss: 0.7425
Iter 1174/3000 - Loss: 0.7425
Iter 1175/3000 - Loss: 0.7425
Iter 1176/3000 - Loss: 0.7425
Iter 1177/3000 - Loss: 0.7425
Iter 1178/3000 - Loss: 0.7425
Iter 1179/3000 - Loss: 0.7425
Iter 1180/3000 - Loss: 0.7424
Iter 1181/3000 - Loss: 0.7424
Iter 1182/3000 - Loss: 0.7424
Iter 1183/3000 - Loss: 0.7424
Iter 1184/3000 - Loss: 0.7424
Iter 1185/3000 - Loss: 0.7424
Iter 1186/3000 - Loss: 0.7424
Iter 1187/3000 - Loss: 0.7424
Iter 1188/3000 - Loss: 0.7424
Iter 1189/3000 - Loss: 0.7424
Iter 1190/3000 - Loss: 0.7424
Iter 1191/3000 - Loss: 0.7424
Iter 1192/3000 - Loss: 0.7424
Iter 1193/3000 - Loss: 0.7423
Iter 1194/3000 - Loss: 0.7423
Iter 1195/3000 - Loss: 0.7423
Iter 1196/3000 - Loss: 0.7423
Iter 1197/3000 - Loss: 0.7423
Iter 1198/3000 - Loss: 0.7423
Iter 1199/3000 - Loss: 0.7423
Iter 1200/3000 - Loss: 0.7423
Iter 1201/3000 - Loss: 0.7423
Iter 1202/3000 - Loss: 0.7423
Iter 1203/3000 - Loss: 0.7423
Iter 1204/3000 - Loss: 0.7423
Iter 1205/3000 - Loss: 0.7423
Iter 1206/3000 - Loss: 0.7423
Iter 1207/3000 - Loss: 0.7422
Iter 1208/3000 - Loss: 0.7422
Iter 1209/3000 - Loss: 0.7422
Iter 1210/3000 - Loss: 0.7422
Iter 1211/3000 - Loss: 0.7422
Iter 1212/3000 - Loss: 0.7422
Iter 1213/3000 - Loss: 0.7422
Iter 1214/3000 - Loss: 0.7422
Iter 1215/3000 - Loss: 0.7422
Iter 1216/3000 - Loss: 0.7422
Iter 1217/3000 - Loss: 0.7422
Iter 1218/3000 - Loss: 0.7422
Iter 1219/3000 - Loss: 0.7422
Iter 1220/3000 - Loss: 0.7422
Iter 1221/3000 - Loss: 0.7422
Iter 1222/3000 - Loss: 0.7421
Iter 1223/3000 - Loss: 0.7421
Iter 1224/3000 - Loss: 0.7421
Iter 1225/3000 - Loss: 0.7421
Iter 1226/3000 - Loss: 0.7421
Iter 1227/3000 - Loss: 0.7421
Iter 1228/3000 - Loss: 0.7421
Iter 1229/3000 - Loss: 0.7421
Iter 1230/3000 - Loss: 0.7421
Iter 1231/3000 - Loss: 0.7421
Iter 1232/3000 - Loss: 0.7421
Iter 1233/3000 - Loss: 0.7421
Iter 1234/3000 - Loss: 0.7421
Iter 1235/3000 - Loss: 0.7421
Iter 1236/3000 - Loss: 0.7421
Iter 1237/3000 - Loss: 0.7421
Iter 1238/3000 - Loss: 0.7420
Iter 1239/3000 - Loss: 0.7420
Iter 1240/3000 - Loss: 0.7420
Iter 1241/3000 - Loss: 0.7420
Iter 1242/3000 - Loss: 0.7420
Iter 1243/3000 - Loss: 0.7420
Iter 1244/3000 - Loss: 0.7420
Iter 1245/3000 - Loss: 0.7420
Iter 1246/3000 - Loss: 0.7420
Iter 1247/3000 - Loss: 0.7420
Iter 1248/3000 - Loss: 0.7420
Iter 1249/3000 - Loss: 0.7420
Iter 1250/3000 - Loss: 0.7420
Iter 1251/3000 - Loss: 0.7420
Iter 1252/3000 - Loss: 0.7420
Iter 1253/3000 - Loss: 0.7420
Iter 1254/3000 - Loss: 0.7420
Iter 1255/3000 - Loss: 0.7419
Iter 1256/3000 - Loss: 0.7419
Iter 1257/3000 - Loss: 0.7419
Iter 1258/3000 - Loss: 0.7419
Iter 1259/3000 - Loss: 0.7419
Iter 1260/3000 - Loss: 0.7419
Iter 1261/3000 - Loss: 0.7419
Iter 1262/3000 - Loss: 0.7419
Iter 1263/3000 - Loss: 0.7419
Iter 1264/3000 - Loss: 0.7419
Iter 1265/3000 - Loss: 0.7419
Iter 1266/3000 - Loss: 0.7419
Iter 1267/3000 - Loss: 0.7419
Iter 1268/3000 - Loss: 0.7419
Iter 1269/3000 - Loss: 0.7419
Iter 1270/3000 - Loss: 0.7419
Iter 1271/3000 - Loss: 0.7419
Iter 1272/3000 - Loss: 0.7419
Iter 1273/3000 - Loss: 0.7419
Iter 1274/3000 - Loss: 0.7418
Iter 1275/3000 - Loss: 0.7418
Iter 1276/3000 - Loss: 0.7418
Iter 1277/3000 - Loss: 0.7418
Iter 1278/3000 - Loss: 0.7418
Iter 1279/3000 - Loss: 0.7418
Iter 1280/3000 - Loss: 0.7418
Iter 1281/3000 - Loss: 0.7418
Iter 1282/3000 - Loss: 0.7418
Iter 1283/3000 - Loss: 0.7418
Iter 1284/3000 - Loss: 0.7418
Iter 1285/3000 - Loss: 0.7418
Iter 1286/3000 - Loss: 0.7418
Iter 1287/3000 - Loss: 0.7418
Iter 1288/3000 - Loss: 0.7418
Iter 1289/3000 - Loss: 0.7418
Iter 1290/3000 - Loss: 0.7418
Iter 1291/3000 - Loss: 0.7418
Iter 1292/3000 - Loss: 0.7418
Iter 1293/3000 - Loss: 0.7417
Iter 1294/3000 - Loss: 0.7417
Iter 1295/3000 - Loss: 0.7417
Iter 1296/3000 - Loss: 0.7417
Iter 1297/3000 - Loss: 0.7417
Iter 1298/3000 - Loss: 0.7417
Iter 1299/3000 - Loss: 0.7417
Iter 1300/3000 - Loss: 0.7417
Iter 1301/3000 - Loss: 0.7417
Iter 1302/3000 - Loss: 0.7417
Iter 1303/3000 - Loss: 0.7417
Iter 1304/3000 - Loss: 0.7417
Iter 1305/3000 - Loss: 0.7417
Iter 1306/3000 - Loss: 0.7417
Iter 1307/3000 - Loss: 0.7417
Iter 1308/3000 - Loss: 0.7417
Iter 1309/3000 - Loss: 0.7417
Iter 1310/3000 - Loss: 0.7417
Iter 1311/3000 - Loss: 0.7417
Iter 1312/3000 - Loss: 0.7417
Iter 1313/3000 - Loss: 0.7416
Iter 1314/3000 - Loss: 0.7416
Iter 1315/3000 - Loss: 0.7416
Iter 1316/3000 - Loss: 0.7416
Iter 1317/3000 - Loss: 0.7416
Iter 1318/3000 - Loss: 0.7416
Iter 1319/3000 - Loss: 0.7416
Iter 1320/3000 - Loss: 0.7416
Iter 1321/3000 - Loss: 0.7416
Iter 1322/3000 - Loss: 0.7416
Iter 1323/3000 - Loss: 0.7416
Iter 1324/3000 - Loss: 0.7416
Iter 1325/3000 - Loss: 0.7416
Iter 1326/3000 - Loss: 0.7416
Iter 1327/3000 - Loss: 0.7416
Iter 1328/3000 - Loss: 0.7416
Iter 1329/3000 - Loss: 0.7416
Iter 1330/3000 - Loss: 0.7416
Iter 1331/3000 - Loss: 0.7416
Iter 1332/3000 - Loss: 0.7415
Iter 1333/3000 - Loss: 0.7415
Iter 1334/3000 - Loss: 0.7415
Iter 1335/3000 - Loss: 0.7415
Iter 1336/3000 - Loss: 0.7415
Iter 1337/3000 - Loss: 0.7415
Iter 1338/3000 - Loss: 0.7415
Iter 1339/3000 - Loss: 0.7415
Iter 1340/3000 - Loss: 0.7415
Iter 1341/3000 - Loss: 0.7415
Iter 1342/3000 - Loss: 0.7415
Iter 1343/3000 - Loss: 0.7415
Iter 1344/3000 - Loss: 0.7415
Iter 1345/3000 - Loss: 0.7415
Iter 1346/3000 - Loss: 0.7415
Iter 1347/3000 - Loss: 0.7415
Iter 1348/3000 - Loss: 0.7415
Iter 1349/3000 - Loss: 0.7415
Iter 1350/3000 - Loss: 0.7414
Iter 1351/3000 - Loss: 0.7414
Iter 1352/3000 - Loss: 0.7414
Iter 1353/3000 - Loss: 0.7414
Iter 1354/3000 - Loss: 0.7414
Iter 1355/3000 - Loss: 0.7414
Iter 1356/3000 - Loss: 0.7414
Iter 1357/3000 - Loss: 0.7414
Iter 1358/3000 - Loss: 0.7414
Iter 1359/3000 - Loss: 0.7414
Iter 1360/3000 - Loss: 0.7414
Iter 1361/3000 - Loss: 0.7414
Iter 1362/3000 - Loss: 0.7414
Iter 1363/3000 - Loss: 0.7414
Iter 1364/3000 - Loss: 0.7414
Iter 1365/3000 - Loss: 0.7414
Iter 1366/3000 - Loss: 0.7413
Iter 1367/3000 - Loss: 0.7413
Iter 1368/3000 - Loss: 0.7413
Iter 1369/3000 - Loss: 0.7413
Iter 1370/3000 - Loss: 0.7413
Iter 1371/3000 - Loss: 0.7413
Iter 1372/3000 - Loss: 0.7413
Iter 1373/3000 - Loss: 0.7413
Iter 1374/3000 - Loss: 0.7413
Iter 1375/3000 - Loss: 0.7413
Iter 1376/3000 - Loss: 0.7413
Iter 1377/3000 - Loss: 0.7413
Iter 1378/3000 - Loss: 0.7413
Iter 1379/3000 - Loss: 0.7413
Iter 1380/3000 - Loss: 0.7413
Iter 1381/3000 - Loss: 0.7413
Iter 1382/3000 - Loss: 0.7412
Iter 1383/3000 - Loss: 0.7412
Iter 1384/3000 - Loss: 0.7412
Iter 1385/3000 - Loss: 0.7412
Iter 1386/3000 - Loss: 0.7412
Iter 1387/3000 - Loss: 0.7412
Iter 1388/3000 - Loss: 0.7412
Iter 1389/3000 - Loss: 0.7412
Iter 1390/3000 - Loss: 0.7412
Iter 1391/3000 - Loss: 0.7412
Iter 1392/3000 - Loss: 0.7412
Iter 1393/3000 - Loss: 0.7412
Iter 1394/3000 - Loss: 0.7412
Iter 1395/3000 - Loss: 0.7412
Iter 1396/3000 - Loss: 0.7411
Iter 1397/3000 - Loss: 0.7411
Iter 1398/3000 - Loss: 0.7411
Iter 1399/3000 - Loss: 0.7411
Iter 1400/3000 - Loss: 0.7411
Iter 1401/3000 - Loss: 0.7411
Iter 1402/3000 - Loss: 0.7411
Iter 1403/3000 - Loss: 0.7411
Iter 1404/3000 - Loss: 0.7411
Iter 1405/3000 - Loss: 0.7411
Iter 1406/3000 - Loss: 0.7411
Iter 1407/3000 - Loss: 0.7411
Iter 1408/3000 - Loss: 0.7410
Iter 1409/3000 - Loss: 0.7410
Iter 1410/3000 - Loss: 0.7410
Iter 1411/3000 - Loss: 0.7410
Iter 1412/3000 - Loss: 0.7410
Iter 1413/3000 - Loss: 0.7410
Iter 1414/3000 - Loss: 0.7410
Iter 1415/3000 - Loss: 0.7410
Iter 1416/3000 - Loss: 0.7410
Iter 1417/3000 - Loss: 0.7410
Iter 1418/3000 - Loss: 0.7410
Iter 1419/3000 - Loss: 0.7409
Iter 1420/3000 - Loss: 0.7409
Iter 1421/3000 - Loss: 0.7409
Iter 1422/3000 - Loss: 0.7409
Iter 1423/3000 - Loss: 0.7409
Iter 1424/3000 - Loss: 0.7409
Iter 1425/3000 - Loss: 0.7409
Iter 1426/3000 - Loss: 0.7409
Iter 1427/3000 - Loss: 0.7409
Iter 1428/3000 - Loss: 0.7408
Iter 1429/3000 - Loss: 0.7408
Iter 1430/3000 - Loss: 0.7408
Iter 1431/3000 - Loss: 0.7408
Iter 1432/3000 - Loss: 0.7408
Iter 1433/3000 - Loss: 0.7408
Iter 1434/3000 - Loss: 0.7408
Iter 1435/3000 - Loss: 0.7408
Iter 1436/3000 - Loss: 0.7407
Iter 1437/3000 - Loss: 0.7407
Iter 1438/3000 - Loss: 0.7407
Iter 1439/3000 - Loss: 0.7407
Iter 1440/3000 - Loss: 0.7407
Iter 1441/3000 - Loss: 0.7407
Iter 1442/3000 - Loss: 0.7407
Iter 1443/3000 - Loss: 0.7406
Iter 1444/3000 - Loss: 0.7406
Iter 1445/3000 - Loss: 0.7406
Iter 1446/3000 - Loss: 0.7406
Iter 1447/3000 - Loss: 0.7406
Iter 1448/3000 - Loss: 0.7406
Iter 1449/3000 - Loss: 0.7405
Iter 1450/3000 - Loss: 0.7405
Iter 1451/3000 - Loss: 0.7405
Iter 1452/3000 - Loss: 0.7405
Iter 1453/3000 - Loss: 0.7405
Iter 1454/3000 - Loss: 0.7404
Iter 1455/3000 - Loss: 0.7404
Iter 1456/3000 - Loss: 0.7404
Iter 1457/3000 - Loss: 0.7404
Iter 1458/3000 - Loss: 0.7404
Iter 1459/3000 - Loss: 0.7403
Iter 1460/3000 - Loss: 0.7403
Iter 1461/3000 - Loss: 0.7403
Iter 1462/3000 - Loss: 0.7403
Iter 1463/3000 - Loss: 0.7402
Iter 1464/3000 - Loss: 0.7402
Iter 1465/3000 - Loss: 0.7402
Iter 1466/3000 - Loss: 0.7402
Iter 1467/3000 - Loss: 0.7401
Iter 1468/3000 - Loss: 0.7401
Iter 1469/3000 - Loss: 0.7401
Iter 1470/3000 - Loss: 0.7401
Iter 1471/3000 - Loss: 0.7400
Iter 1472/3000 - Loss: 0.7400
Iter 1473/3000 - Loss: 0.7400
Iter 1474/3000 - Loss: 0.7399
Iter 1475/3000 - Loss: 0.7399
Iter 1476/3000 - Loss: 0.7399
Iter 1477/3000 - Loss: 0.7398
Iter 1478/3000 - Loss: 0.7398
Iter 1479/3000 - Loss: 0.7398
Iter 1480/3000 - Loss: 0.7397
Iter 1481/3000 - Loss: 0.7397
Iter 1482/3000 - Loss: 0.7396
Iter 1483/3000 - Loss: 0.7396
Iter 1484/3000 - Loss: 0.7396
Iter 1485/3000 - Loss: 0.7395
Iter 1486/3000 - Loss: 0.7395
Iter 1487/3000 - Loss: 0.7394
Iter 1488/3000 - Loss: 0.7394
Iter 1489/3000 - Loss: 0.7393
Iter 1490/3000 - Loss: 0.7393
Iter 1491/3000 - Loss: 0.7392
Iter 1492/3000 - Loss: 0.7392
Iter 1493/3000 - Loss: 0.7391
Iter 1494/3000 - Loss: 0.7391
Iter 1495/3000 - Loss: 0.7390
Iter 1496/3000 - Loss: 0.7390
Iter 1497/3000 - Loss: 0.7389
Iter 1498/3000 - Loss: 0.7389
Iter 1499/3000 - Loss: 0.7388
Iter 1500/3000 - Loss: 0.7388
Iter 1501/3000 - Loss: 0.7387
Iter 1502/3000 - Loss: 0.7386
Iter 1503/3000 - Loss: 0.7386
Iter 1504/3000 - Loss: 0.7385
Iter 1505/3000 - Loss: 0.7384
Iter 1506/3000 - Loss: 0.7384
Iter 1507/3000 - Loss: 0.7383
Iter 1508/3000 - Loss: 0.7383
Iter 1509/3000 - Loss: 0.7382
Iter 1510/3000 - Loss: 0.7381
Iter 1511/3000 - Loss: 0.7381
Iter 1512/3000 - Loss: 0.7380
Iter 1513/3000 - Loss: 0.7379
Iter 1514/3000 - Loss: 0.7378
Iter 1515/3000 - Loss: 0.7378
Iter 1516/3000 - Loss: 0.7377
Iter 1517/3000 - Loss: 0.7376
Iter 1518/3000 - Loss: 0.7376
Iter 1519/3000 - Loss: 0.7375
Iter 1520/3000 - Loss: 0.7374
Iter 1521/3000 - Loss: 0.7373
Iter 1522/3000 - Loss: 0.7373
Iter 1523/3000 - Loss: 0.7372
Iter 1524/3000 - Loss: 0.7371
Iter 1525/3000 - Loss: 0.7370
Iter 1526/3000 - Loss: 0.7369
Iter 1527/3000 - Loss: 0.7369
Iter 1528/3000 - Loss: 0.7368
Iter 1529/3000 - Loss: 0.7367
Iter 1530/3000 - Loss: 0.7366
Iter 1531/3000 - Loss: 0.7366
Iter 1532/3000 - Loss: 0.7365
Iter 1533/3000 - Loss: 0.7364
Iter 1534/3000 - Loss: 0.7363
Iter 1535/3000 - Loss: 0.7363
Iter 1536/3000 - Loss: 0.7362
Iter 1537/3000 - Loss: 0.7361
Iter 1538/3000 - Loss: 0.7360
Iter 1539/3000 - Loss: 0.7360
Iter 1540/3000 - Loss: 0.7359
Iter 1541/3000 - Loss: 0.7358
Iter 1542/3000 - Loss: 0.7357
Iter 1543/3000 - Loss: 0.7357
Iter 1544/3000 - Loss: 0.7356
Iter 1545/3000 - Loss: 0.7355
Iter 1546/3000 - Loss: 0.7355
Iter 1547/3000 - Loss: 0.7354
Iter 1548/3000 - Loss: 0.7353
Iter 1549/3000 - Loss: 0.7353
Iter 1550/3000 - Loss: 0.7352
Iter 1551/3000 - Loss: 0.7351
Iter 1552/3000 - Loss: 0.7351
Iter 1553/3000 - Loss: 0.7350
Iter 1554/3000 - Loss: 0.7349
Iter 1555/3000 - Loss: 0.7349
Iter 1556/3000 - Loss: 0.7348
Iter 1557/3000 - Loss: 0.7347
Iter 1558/3000 - Loss: 0.7347
Iter 1559/3000 - Loss: 0.7346
Iter 1560/3000 - Loss: 0.7346
Iter 1561/3000 - Loss: 0.7345
Iter 1562/3000 - Loss: 0.7344
Iter 1563/3000 - Loss: 0.7344
Iter 1564/3000 - Loss: 0.7343
Iter 1565/3000 - Loss: 0.7343
Iter 1566/3000 - Loss: 0.7342
Iter 1567/3000 - Loss: 0.7341
Iter 1568/3000 - Loss: 0.7341
Iter 1569/3000 - Loss: 0.7340
Iter 1570/3000 - Loss: 0.7340
Iter 1571/3000 - Loss: 0.7339
Iter 1572/3000 - Loss: 0.7339
Iter 1573/3000 - Loss: 0.7338
Iter 1574/3000 - Loss: 0.7338
Iter 1575/3000 - Loss: 0.7337
Iter 1576/3000 - Loss: 0.7337
Iter 1577/3000 - Loss: 0.7336
Iter 1578/3000 - Loss: 0.7336
Iter 1579/3000 - Loss: 0.7335
Iter 1580/3000 - Loss: 0.7335
Iter 1581/3000 - Loss: 0.7335
Iter 1582/3000 - Loss: 0.7334
Iter 1583/3000 - Loss: 0.7334
Iter 1584/3000 - Loss: 0.7333
Iter 1585/3000 - Loss: 0.7333
Iter 1586/3000 - Loss: 0.7332
Iter 1587/3000 - Loss: 0.7332
Iter 1588/3000 - Loss: 0.7332
Iter 1589/3000 - Loss: 0.7331
Iter 1590/3000 - Loss: 0.7331
Iter 1591/3000 - Loss: 0.7330
Iter 1592/3000 - Loss: 0.7330
Iter 1593/3000 - Loss: 0.7330
Iter 1594/3000 - Loss: 0.7329
Iter 1595/3000 - Loss: 0.7329
Iter 1596/3000 - Loss: 0.7329
Iter 1597/3000 - Loss: 0.7328
Iter 1598/3000 - Loss: 0.7328
Iter 1599/3000 - Loss: 0.7328
Iter 1600/3000 - Loss: 0.7327
Iter 1601/3000 - Loss: 0.7327
Iter 1602/3000 - Loss: 0.7327
Iter 1603/3000 - Loss: 0.7326
Iter 1604/3000 - Loss: 0.7326
Iter 1605/3000 - Loss: 0.7326
Iter 1606/3000 - Loss: 0.7325
Iter 1607/3000 - Loss: 0.7325
Iter 1608/3000 - Loss: 0.7325
Iter 1609/3000 - Loss: 0.7324
Iter 1610/3000 - Loss: 0.7324
Iter 1611/3000 - Loss: 0.7324
Iter 1612/3000 - Loss: 0.7324
Iter 1613/3000 - Loss: 0.7323
Iter 1614/3000 - Loss: 0.7323
Iter 1615/3000 - Loss: 0.7323
Iter 1616/3000 - Loss: 0.7322
Iter 1617/3000 - Loss: 0.7322
Iter 1618/3000 - Loss: 0.7322
Iter 1619/3000 - Loss: 0.7322
Iter 1620/3000 - Loss: 0.7321
Iter 1621/3000 - Loss: 0.7321
Iter 1622/3000 - Loss: 0.7321
Iter 1623/3000 - Loss: 0.7321
Iter 1624/3000 - Loss: 0.7320
Iter 1625/3000 - Loss: 0.7320
Iter 1626/3000 - Loss: 0.7320
Iter 1627/3000 - Loss: 0.7320
Iter 1628/3000 - Loss: 0.7320
Iter 1629/3000 - Loss: 0.7319
Iter 1630/3000 - Loss: 0.7319
Iter 1631/3000 - Loss: 0.7319
Iter 1632/3000 - Loss: 0.7319
Iter 1633/3000 - Loss: 0.7318
Iter 1634/3000 - Loss: 0.7318
Iter 1635/3000 - Loss: 0.7318
Iter 1636/3000 - Loss: 0.7318
Iter 1637/3000 - Loss: 0.7318
Iter 1638/3000 - Loss: 0.7317
Iter 1639/3000 - Loss: 0.7317
Iter 1640/3000 - Loss: 0.7317
Iter 1641/3000 - Loss: 0.7317
Iter 1642/3000 - Loss: 0.7317
Iter 1643/3000 - Loss: 0.7316
Iter 1644/3000 - Loss: 0.7316
Iter 1645/3000 - Loss: 0.7316
Iter 1646/3000 - Loss: 0.7316
Iter 1647/3000 - Loss: 0.7316
Iter 1648/3000 - Loss: 0.7316
Iter 1649/3000 - Loss: 0.7315
Iter 1650/3000 - Loss: 0.7315
Iter 1651/3000 - Loss: 0.7315
Iter 1652/3000 - Loss: 0.7315
Iter 1653/3000 - Loss: 0.7315
Iter 1654/3000 - Loss: 0.7315
Iter 1655/3000 - Loss: 0.7314
Iter 1656/3000 - Loss: 0.7314
Iter 1657/3000 - Loss: 0.7314
Iter 1658/3000 - Loss: 0.7314
Iter 1659/3000 - Loss: 0.7314
Iter 1660/3000 - Loss: 0.7314
Iter 1661/3000 - Loss: 0.7314
Iter 1662/3000 - Loss: 0.7313
Iter 1663/3000 - Loss: 0.7313
Iter 1664/3000 - Loss: 0.7313
Iter 1665/3000 - Loss: 0.7313
Iter 1666/3000 - Loss: 0.7313
Iter 1667/3000 - Loss: 0.7313
Iter 1668/3000 - Loss: 0.7313
Iter 1669/3000 - Loss: 0.7312
Iter 1670/3000 - Loss: 0.7312
Iter 1671/3000 - Loss: 0.7312
Iter 1672/3000 - Loss: 0.7312
Iter 1673/3000 - Loss: 0.7312
Iter 1674/3000 - Loss: 0.7312
Iter 1675/3000 - Loss: 0.7312
Iter 1676/3000 - Loss: 0.7311
Iter 1677/3000 - Loss: 0.7311
Iter 1678/3000 - Loss: 0.7311
Iter 1679/3000 - Loss: 0.7311
Iter 1680/3000 - Loss: 0.7311
Iter 1681/3000 - Loss: 0.7311
Iter 1682/3000 - Loss: 0.7311
Iter 1683/3000 - Loss: 0.7311
Iter 1684/3000 - Loss: 0.7311
Iter 1685/3000 - Loss: 0.7310
Iter 1686/3000 - Loss: 0.7310
Iter 1687/3000 - Loss: 0.7310
Iter 1688/3000 - Loss: 0.7310
Iter 1689/3000 - Loss: 0.7310
Iter 1690/3000 - Loss: 0.7310
Iter 1691/3000 - Loss: 0.7310
Iter 1692/3000 - Loss: 0.7310
Iter 1693/3000 - Loss: 0.7310
Iter 1694/3000 - Loss: 0.7309
Iter 1695/3000 - Loss: 0.7309
Iter 1696/3000 - Loss: 0.7309
Iter 1697/3000 - Loss: 0.7309
Iter 1698/3000 - Loss: 0.7309
Iter 1699/3000 - Loss: 0.7309
Iter 1700/3000 - Loss: 0.7309
Iter 1701/3000 - Loss: 0.7309
Iter 1702/3000 - Loss: 0.7309
Iter 1703/3000 - Loss: 0.7309
Iter 1704/3000 - Loss: 0.7308
Iter 1705/3000 - Loss: 0.7308
Iter 1706/3000 - Loss: 0.7308
Iter 1707/3000 - Loss: 0.7308
Iter 1708/3000 - Loss: 0.7308
Iter 1709/3000 - Loss: 0.7308
Iter 1710/3000 - Loss: 0.7308
Iter 1711/3000 - Loss: 0.7308
Iter 1712/3000 - Loss: 0.7308
Iter 1713/3000 - Loss: 0.7308
Iter 1714/3000 - Loss: 0.7307
Iter 1715/3000 - Loss: 0.7307
Iter 1716/3000 - Loss: 0.7307
Iter 1717/3000 - Loss: 0.7307
Iter 1718/3000 - Loss: 0.7307
Iter 1719/3000 - Loss: 0.7307
Iter 1720/3000 - Loss: 0.7307
Iter 1721/3000 - Loss: 0.7307
Iter 1722/3000 - Loss: 0.7307
Iter 1723/3000 - Loss: 0.7307
Iter 1724/3000 - Loss: 0.7307
Iter 1725/3000 - Loss: 0.7307
Iter 1726/3000 - Loss: 0.7306
Iter 1727/3000 - Loss: 0.7306
Iter 1728/3000 - Loss: 0.7306
Iter 1729/3000 - Loss: 0.7306
Iter 1730/3000 - Loss: 0.7306
Iter 1731/3000 - Loss: 0.7306
Iter 1732/3000 - Loss: 0.7306
Iter 1733/3000 - Loss: 0.7306
Iter 1734/3000 - Loss: 0.7306
Iter 1735/3000 - Loss: 0.7306
Iter 1736/3000 - Loss: 0.7306
Iter 1737/3000 - Loss: 0.7306
Iter 1738/3000 - Loss: 0.7306
Iter 1739/3000 - Loss: 0.7305
Iter 1740/3000 - Loss: 0.7305
Iter 1741/3000 - Loss: 0.7305
Iter 1742/3000 - Loss: 0.7305
Iter 1743/3000 - Loss: 0.7305
Iter 1744/3000 - Loss: 0.7305
Iter 1745/3000 - Loss: 0.7305
Iter 1746/3000 - Loss: 0.7305
Iter 1747/3000 - Loss: 0.7305
Iter 1748/3000 - Loss: 0.7305
Iter 1749/3000 - Loss: 0.7305
Iter 1750/3000 - Loss: 0.7305
Iter 1751/3000 - Loss: 0.7305
Iter 1752/3000 - Loss: 0.7304
Iter 1753/3000 - Loss: 0.7304
Iter 1754/3000 - Loss: 0.7304
Iter 1755/3000 - Loss: 0.7304
Iter 1756/3000 - Loss: 0.7304
Iter 1757/3000 - Loss: 0.7304
Iter 1758/3000 - Loss: 0.7304
Iter 1759/3000 - Loss: 0.7304
Iter 1760/3000 - Loss: 0.7304
Iter 1761/3000 - Loss: 0.7304
Iter 1762/3000 - Loss: 0.7304
Iter 1763/3000 - Loss: 0.7304
Iter 1764/3000 - Loss: 0.7304
Iter 1765/3000 - Loss: 0.7304
Iter 1766/3000 - Loss: 0.7304
Iter 1767/3000 - Loss: 0.7304
Iter 1768/3000 - Loss: 0.7303
Iter 1769/3000 - Loss: 0.7303
Iter 1770/3000 - Loss: 0.7303
Iter 1771/3000 - Loss: 0.7303
Iter 1772/3000 - Loss: 0.7303
Iter 1773/3000 - Loss: 0.7303
Iter 1774/3000 - Loss: 0.7303
Iter 1775/3000 - Loss: 0.7303
Iter 1776/3000 - Loss: 0.7303
Iter 1777/3000 - Loss: 0.7303
Iter 1778/3000 - Loss: 0.7303
Iter 1779/3000 - Loss: 0.7303
Iter 1780/3000 - Loss: 0.7303
Iter 1781/3000 - Loss: 0.7303
Iter 1782/3000 - Loss: 0.7303
Iter 1783/3000 - Loss: 0.7303
Iter 1784/3000 - Loss: 0.7302
Iter 1785/3000 - Loss: 0.7302
Iter 1786/3000 - Loss: 0.7302
Iter 1787/3000 - Loss: 0.7302
Iter 1788/3000 - Loss: 0.7302
Iter 1789/3000 - Loss: 0.7302
Iter 1790/3000 - Loss: 0.7302
Iter 1791/3000 - Loss: 0.7302
Iter 1792/3000 - Loss: 0.7302
Iter 1793/3000 - Loss: 0.7302
Iter 1794/3000 - Loss: 0.7302
Iter 1795/3000 - Loss: 0.7302
Iter 1796/3000 - Loss: 0.7302
Iter 1797/3000 - Loss: 0.7302
Iter 1798/3000 - Loss: 0.7302
Iter 1799/3000 - Loss: 0.7302
Iter 1800/3000 - Loss: 0.7302
Iter 1801/3000 - Loss: 0.7302
Iter 1802/3000 - Loss: 0.7301
Iter 1803/3000 - Loss: 0.7301
Iter 1804/3000 - Loss: 0.7301
Iter 1805/3000 - Loss: 0.7301
Iter 1806/3000 - Loss: 0.7301
Iter 1807/3000 - Loss: 0.7301
Iter 1808/3000 - Loss: 0.7301
Iter 1809/3000 - Loss: 0.7301
Iter 1810/3000 - Loss: 0.7301
Iter 1811/3000 - Loss: 0.7301
Iter 1812/3000 - Loss: 0.7301
Iter 1813/3000 - Loss: 0.7301
Iter 1814/3000 - Loss: 0.7301
Iter 1815/3000 - Loss: 0.7301
Iter 1816/3000 - Loss: 0.7301
Iter 1817/3000 - Loss: 0.7301
Iter 1818/3000 - Loss: 0.7301
Iter 1819/3000 - Loss: 0.7301
Iter 1820/3000 - Loss: 0.7301
Iter 1821/3000 - Loss: 0.7301
Iter 1822/3000 - Loss: 0.7300
Iter 1823/3000 - Loss: 0.7300
Iter 1824/3000 - Loss: 0.7300
Iter 1825/3000 - Loss: 0.7300
Iter 1826/3000 - Loss: 0.7300
Iter 1827/3000 - Loss: 0.7300
Iter 1828/3000 - Loss: 0.7300
Iter 1829/3000 - Loss: 0.7300
Iter 1830/3000 - Loss: 0.7300
Iter 1831/3000 - Loss: 0.7300
Iter 1832/3000 - Loss: 0.7300
Iter 1833/3000 - Loss: 0.7300
Iter 1834/3000 - Loss: 0.7300
Iter 1835/3000 - Loss: 0.7300
Iter 1836/3000 - Loss: 0.7300
Iter 1837/3000 - Loss: 0.7300
Iter 1838/3000 - Loss: 0.7300
Iter 1839/3000 - Loss: 0.7300
Iter 1840/3000 - Loss: 0.7300
Iter 1841/3000 - Loss: 0.7300
Iter 1842/3000 - Loss: 0.7300
Iter 1843/3000 - Loss: 0.7300
Iter 1844/3000 - Loss: 0.7299
Iter 1845/3000 - Loss: 0.7299
Iter 1846/3000 - Loss: 0.7299
Iter 1847/3000 - Loss: 0.7299
Iter 1848/3000 - Loss: 0.7299
Iter 1849/3000 - Loss: 0.7299
Iter 1850/3000 - Loss: 0.7299
Iter 1851/3000 - Loss: 0.7299
Iter 1852/3000 - Loss: 0.7299
Iter 1853/3000 - Loss: 0.7299
Iter 1854/3000 - Loss: 0.7299
Iter 1855/3000 - Loss: 0.7299
Iter 1856/3000 - Loss: 0.7299
Iter 1857/3000 - Loss: 0.7299
Iter 1858/3000 - Loss: 0.7299
Iter 1859/3000 - Loss: 0.7299
Iter 1860/3000 - Loss: 0.7299
Iter 1861/3000 - Loss: 0.7299
Iter 1862/3000 - Loss: 0.7299
Iter 1863/3000 - Loss: 0.7299
Iter 1864/3000 - Loss: 0.7299
Iter 1865/3000 - Loss: 0.7299
Iter 1866/3000 - Loss: 0.7299
Iter 1867/3000 - Loss: 0.7299
Iter 1868/3000 - Loss: 0.7298
Iter 1869/3000 - Loss: 0.7298
Iter 1870/3000 - Loss: 0.7298
Iter 1871/3000 - Loss: 0.7298
Iter 1872/3000 - Loss: 0.7298
Iter 1873/3000 - Loss: 0.7298
Iter 1874/3000 - Loss: 0.7298
Iter 1875/3000 - Loss: 0.7298
Iter 1876/3000 - Loss: 0.7298
Iter 1877/3000 - Loss: 0.7298
Iter 1878/3000 - Loss: 0.7298
Iter 1879/3000 - Loss: 0.7298
Iter 1880/3000 - Loss: 0.7298
Iter 1881/3000 - Loss: 0.7298
Iter 1882/3000 - Loss: 0.7298
Iter 1883/3000 - Loss: 0.7298
Iter 1884/3000 - Loss: 0.7298
Iter 1885/3000 - Loss: 0.7298
Iter 1886/3000 - Loss: 0.7298
Iter 1887/3000 - Loss: 0.7298
Iter 1888/3000 - Loss: 0.7298
Iter 1889/3000 - Loss: 0.7298
Iter 1890/3000 - Loss: 0.7298
Iter 1891/3000 - Loss: 0.7298
Iter 1892/3000 - Loss: 0.7298
Iter 1893/3000 - Loss: 0.7298
Iter 1894/3000 - Loss: 0.7297
Iter 1895/3000 - Loss: 0.7297
Iter 1896/3000 - Loss: 0.7297
Iter 1897/3000 - Loss: 0.7297
Iter 1898/3000 - Loss: 0.7297
Iter 1899/3000 - Loss: 0.7297
Iter 1900/3000 - Loss: 0.7297
Iter 1901/3000 - Loss: 0.7297
Iter 1902/3000 - Loss: 0.7297
Iter 1903/3000 - Loss: 0.7297
Iter 1904/3000 - Loss: 0.7297
Iter 1905/3000 - Loss: 0.7297
Iter 1906/3000 - Loss: 0.7297
Iter 1907/3000 - Loss: 0.7297
Iter 1908/3000 - Loss: 0.7297
Iter 1909/3000 - Loss: 0.7297
Iter 1910/3000 - Loss: 0.7297
Iter 1911/3000 - Loss: 0.7297
Iter 1912/3000 - Loss: 0.7297
Iter 1913/3000 - Loss: 0.7297
Iter 1914/3000 - Loss: 0.7297
Iter 1915/3000 - Loss: 0.7297
Iter 1916/3000 - Loss: 0.7297
Iter 1917/3000 - Loss: 0.7297
Iter 1918/3000 - Loss: 0.7297
Iter 1919/3000 - Loss: 0.7297
Iter 1920/3000 - Loss: 0.7297
Iter 1921/3000 - Loss: 0.7297
Iter 1922/3000 - Loss: 0.7297
Iter 1923/3000 - Loss: 0.7296
Iter 1924/3000 - Loss: 0.7296
Iter 1925/3000 - Loss: 0.7296
Iter 1926/3000 - Loss: 0.7296
Iter 1927/3000 - Loss: 0.7296
Iter 1928/3000 - Loss: 0.7296
Iter 1929/3000 - Loss: 0.7296
Iter 1930/3000 - Loss: 0.7296
Iter 1931/3000 - Loss: 0.7296
Iter 1932/3000 - Loss: 0.7296
Iter 1933/3000 - Loss: 0.7296
Iter 1934/3000 - Loss: 0.7296
Iter 1935/3000 - Loss: 0.7296
Iter 1936/3000 - Loss: 0.7296
Iter 1937/3000 - Loss: 0.7296
Iter 1938/3000 - Loss: 0.7296
Iter 1939/3000 - Loss: 0.7296
Iter 1940/3000 - Loss: 0.7296
Iter 1941/3000 - Loss: 0.7296
Iter 1942/3000 - Loss: 0.7296
Iter 1943/3000 - Loss: 0.7296
Iter 1944/3000 - Loss: 0.7296
Iter 1945/3000 - Loss: 0.7296
Iter 1946/3000 - Loss: 0.7296
Iter 1947/3000 - Loss: 0.7296
Iter 1948/3000 - Loss: 0.7296
Iter 1949/3000 - Loss: 0.7296
Iter 1950/3000 - Loss: 0.7296
Iter 1951/3000 - Loss: 0.7296
Iter 1952/3000 - Loss: 0.7296
Iter 1953/3000 - Loss: 0.7296
Iter 1954/3000 - Loss: 0.7296
Iter 1955/3000 - Loss: 0.7295
Iter 1956/3000 - Loss: 0.7295
Iter 1957/3000 - Loss: 0.7295
Iter 1958/3000 - Loss: 0.7295
Iter 1959/3000 - Loss: 0.7295
Iter 1960/3000 - Loss: 0.7295
Iter 1961/3000 - Loss: 0.7295
Iter 1962/3000 - Loss: 0.7295
Iter 1963/3000 - Loss: 0.7295
Iter 1964/3000 - Loss: 0.7295
Iter 1965/3000 - Loss: 0.7295
Iter 1966/3000 - Loss: 0.7295
Iter 1967/3000 - Loss: 0.7295
Iter 1968/3000 - Loss: 0.7295
Iter 1969/3000 - Loss: 0.7295
Iter 1970/3000 - Loss: 0.7295
Iter 1971/3000 - Loss: 0.7295
Iter 1972/3000 - Loss: 0.7295
Iter 1973/3000 - Loss: 0.7295
Iter 1974/3000 - Loss: 0.7295
Iter 1975/3000 - Loss: 0.7295
Iter 1976/3000 - Loss: 0.7295
Iter 1977/3000 - Loss: 0.7295
Iter 1978/3000 - Loss: 0.7295
Iter 1979/3000 - Loss: 0.7295
Iter 1980/3000 - Loss: 0.7295
Iter 1981/3000 - Loss: 0.7295
Iter 1982/3000 - Loss: 0.7295
Iter 1983/3000 - Loss: 0.7295
Iter 1984/3000 - Loss: 0.7295
Iter 1985/3000 - Loss: 0.7295
Iter 1986/3000 - Loss: 0.7295
Iter 1987/3000 - Loss: 0.7295
Iter 1988/3000 - Loss: 0.7295
Iter 1989/3000 - Loss: 0.7295
Iter 1990/3000 - Loss: 0.7294
Iter 1991/3000 - Loss: 0.7294
Iter 1992/3000 - Loss: 0.7294
Iter 1993/3000 - Loss: 0.7294
Iter 1994/3000 - Loss: 0.7294
Iter 1995/3000 - Loss: 0.7294
Iter 1996/3000 - Loss: 0.7294
Iter 1997/3000 - Loss: 0.7294
Iter 1998/3000 - Loss: 0.7294
Iter 1999/3000 - Loss: 0.7294
Iter 2000/3000 - Loss: 0.7294
Iter 2001/3000 - Loss: 0.7294
Iter 2002/3000 - Loss: 0.7294
Iter 2003/3000 - Loss: 0.7294
Iter 2004/3000 - Loss: 0.7294
Iter 2005/3000 - Loss: 0.7294
Iter 2006/3000 - Loss: 0.7294
Iter 2007/3000 - Loss: 0.7294
Iter 2008/3000 - Loss: 0.7294
Iter 2009/3000 - Loss: 0.7294
Iter 2010/3000 - Loss: 0.7294
Iter 2011/3000 - Loss: 0.7294
Iter 2012/3000 - Loss: 0.7294
Iter 2013/3000 - Loss: 0.7294
Iter 2014/3000 - Loss: 0.7294
Iter 2015/3000 - Loss: 0.7294
Iter 2016/3000 - Loss: 0.7294
Iter 2017/3000 - Loss: 0.7294
Iter 2018/3000 - Loss: 0.7294
Iter 2019/3000 - Loss: 0.7294
Iter 2020/3000 - Loss: 0.7294
Iter 2021/3000 - Loss: 0.7294
Iter 2022/3000 - Loss: 0.7294
Iter 2023/3000 - Loss: 0.7294
Iter 2024/3000 - Loss: 0.7294
Iter 2025/3000 - Loss: 0.7294
Iter 2026/3000 - Loss: 0.7294
Iter 2027/3000 - Loss: 0.7294
Iter 2028/3000 - Loss: 0.7294
Iter 2029/3000 - Loss: 0.7293
Iter 2030/3000 - Loss: 0.7293
Iter 2031/3000 - Loss: 0.7293
Iter 2032/3000 - Loss: 0.7293
Iter 2033/3000 - Loss: 0.7293
Iter 2034/3000 - Loss: 0.7293
Iter 2035/3000 - Loss: 0.7293
Iter 2036/3000 - Loss: 0.7293
Iter 2037/3000 - Loss: 0.7293
Iter 2038/3000 - Loss: 0.7293
Iter 2039/3000 - Loss: 0.7293
Iter 2040/3000 - Loss: 0.7293
Iter 2041/3000 - Loss: 0.7293
Iter 2042/3000 - Loss: 0.7293
Iter 2043/3000 - Loss: 0.7293
Iter 2044/3000 - Loss: 0.7293
Iter 2045/3000 - Loss: 0.7293
Iter 2046/3000 - Loss: 0.7293
Iter 2047/3000 - Loss: 0.7293
Iter 2048/3000 - Loss: 0.7293
Iter 2049/3000 - Loss: 0.7293
Iter 2050/3000 - Loss: 0.7293
Iter 2051/3000 - Loss: 0.7293
Iter 2052/3000 - Loss: 0.7293
Iter 2053/3000 - Loss: 0.7293
Iter 2054/3000 - Loss: 0.7293
Iter 2055/3000 - Loss: 0.7293
Iter 2056/3000 - Loss: 0.7293
Iter 2057/3000 - Loss: 0.7293
Iter 2058/3000 - Loss: 0.7293
Iter 2059/3000 - Loss: 0.7293
Iter 2060/3000 - Loss: 0.7293
Iter 2061/3000 - Loss: 0.7293
Iter 2062/3000 - Loss: 0.7293
Iter 2063/3000 - Loss: 0.7293
Iter 2064/3000 - Loss: 0.7293
Iter 2065/3000 - Loss: 0.7293
Iter 2066/3000 - Loss: 0.7293
Iter 2067/3000 - Loss: 0.7293
Iter 2068/3000 - Loss: 0.7293
Iter 2069/3000 - Loss: 0.7293
Iter 2070/3000 - Loss: 0.7293
Iter 2071/3000 - Loss: 0.7293
Iter 2072/3000 - Loss: 0.7293
Iter 2073/3000 - Loss: 0.7293
Iter 2074/3000 - Loss: 0.7292
Iter 2075/3000 - Loss: 0.7292
Iter 2076/3000 - Loss: 0.7292
Iter 2077/3000 - Loss: 0.7292
Iter 2078/3000 - Loss: 0.7292
Iter 2079/3000 - Loss: 0.7292
Iter 2080/3000 - Loss: 0.7292
Iter 2081/3000 - Loss: 0.7292
Iter 2082/3000 - Loss: 0.7292
Iter 2083/3000 - Loss: 0.7292
Iter 2084/3000 - Loss: 0.7292
Iter 2085/3000 - Loss: 0.7292
Iter 2086/3000 - Loss: 0.7292
Iter 2087/3000 - Loss: 0.7292
Iter 2088/3000 - Loss: 0.7292
Iter 2089/3000 - Loss: 0.7292
Iter 2090/3000 - Loss: 0.7292
Iter 2091/3000 - Loss: 0.7292
Iter 2092/3000 - Loss: 0.7292
Iter 2093/3000 - Loss: 0.7292
Iter 2094/3000 - Loss: 0.7292
Iter 2095/3000 - Loss: 0.7292
Iter 2096/3000 - Loss: 0.7292
Iter 2097/3000 - Loss: 0.7292
Iter 2098/3000 - Loss: 0.7292
Iter 2099/3000 - Loss: 0.7292
Iter 2100/3000 - Loss: 0.7292
Iter 2101/3000 - Loss: 0.7292
Iter 2102/3000 - Loss: 0.7292
Iter 2103/3000 - Loss: 0.7292
Iter 2104/3000 - Loss: 0.7292
Iter 2105/3000 - Loss: 0.7292
Iter 2106/3000 - Loss: 0.7292
Iter 2107/3000 - Loss: 0.7292
Iter 2108/3000 - Loss: 0.7292
Iter 2109/3000 - Loss: 0.7292
Iter 2110/3000 - Loss: 0.7292
Iter 2111/3000 - Loss: 0.7292
Iter 2112/3000 - Loss: 0.7292
Iter 2113/3000 - Loss: 0.7292
Iter 2114/3000 - Loss: 0.7292
Iter 2115/3000 - Loss: 0.7292
Iter 2116/3000 - Loss: 0.7292
Iter 2117/3000 - Loss: 0.7292
Iter 2118/3000 - Loss: 0.7292
Iter 2119/3000 - Loss: 0.7292
Iter 2120/3000 - Loss: 0.7292
Iter 2121/3000 - Loss: 0.7292
Iter 2122/3000 - Loss: 0.7292
Iter 2123/3000 - Loss: 0.7292
Iter 2124/3000 - Loss: 0.7291
Iter 2125/3000 - Loss: 0.7291
Iter 2126/3000 - Loss: 0.7291
Iter 2127/3000 - Loss: 0.7291
Iter 2128/3000 - Loss: 0.7291
Iter 2129/3000 - Loss: 0.7291
Iter 2130/3000 - Loss: 0.7291
Iter 2131/3000 - Loss: 0.7291
Iter 2132/3000 - Loss: 0.7291
Iter 2133/3000 - Loss: 0.7291
Iter 2134/3000 - Loss: 0.7291
Iter 2135/3000 - Loss: 0.7291
Iter 2136/3000 - Loss: 0.7291
Iter 2137/3000 - Loss: 0.7291
Iter 2138/3000 - Loss: 0.7291
Iter 2139/3000 - Loss: 0.7291
Iter 2140/3000 - Loss: 0.7291
Iter 2141/3000 - Loss: 0.7291
Iter 2142/3000 - Loss: 0.7291
Iter 2143/3000 - Loss: 0.7291
Iter 2144/3000 - Loss: 0.7291
Iter 2145/3000 - Loss: 0.7291
Iter 2146/3000 - Loss: 0.7291
Iter 2147/3000 - Loss: 0.7291
Iter 2148/3000 - Loss: 0.7291
Iter 2149/3000 - Loss: 0.7291
Iter 2150/3000 - Loss: 0.7291
Iter 2151/3000 - Loss: 0.7291
Iter 2152/3000 - Loss: 0.7291
Iter 2153/3000 - Loss: 0.7291
Iter 2154/3000 - Loss: 0.7291
Iter 2155/3000 - Loss: 0.7291
Iter 2156/3000 - Loss: 0.7291
Iter 2157/3000 - Loss: 0.7291
Iter 2158/3000 - Loss: 0.7291
Iter 2159/3000 - Loss: 0.7291
Iter 2160/3000 - Loss: 0.7291
Iter 2161/3000 - Loss: 0.7291
Iter 2162/3000 - Loss: 0.7291
Iter 2163/3000 - Loss: 0.7291
Iter 2164/3000 - Loss: 0.7291
Iter 2165/3000 - Loss: 0.7291
Iter 2166/3000 - Loss: 0.7291
Iter 2167/3000 - Loss: 0.7291
Iter 2168/3000 - Loss: 0.7291
Iter 2169/3000 - Loss: 0.7291
Iter 2170/3000 - Loss: 0.7291
Iter 2171/3000 - Loss: 0.7291
Iter 2172/3000 - Loss: 0.7291
Iter 2173/3000 - Loss: 0.7291
Iter 2174/3000 - Loss: 0.7291
Iter 2175/3000 - Loss: 0.7291
Iter 2176/3000 - Loss: 0.7291
Iter 2177/3000 - Loss: 0.7291
Iter 2178/3000 - Loss: 0.7291
Iter 2179/3000 - Loss: 0.7291
Iter 2180/3000 - Loss: 0.7291
Iter 2181/3000 - Loss: 0.7290
Iter 2182/3000 - Loss: 0.7290
Iter 2183/3000 - Loss: 0.7290
Iter 2184/3000 - Loss: 0.7290
Iter 2185/3000 - Loss: 0.7290
Iter 2186/3000 - Loss: 0.7290
Iter 2187/3000 - Loss: 0.7290
Iter 2188/3000 - Loss: 0.7290
Iter 2189/3000 - Loss: 0.7290
Iter 2190/3000 - Loss: 0.7290
Iter 2191/3000 - Loss: 0.7290
Iter 2192/3000 - Loss: 0.7290
Iter 2193/3000 - Loss: 0.7290
Iter 2194/3000 - Loss: 0.7290
Iter 2195/3000 - Loss: 0.7290
Iter 2196/3000 - Loss: 0.7290
Iter 2197/3000 - Loss: 0.7290
Iter 2198/3000 - Loss: 0.7290
Iter 2199/3000 - Loss: 0.7290
Iter 2200/3000 - Loss: 0.7290
Iter 2201/3000 - Loss: 0.7290
Iter 2202/3000 - Loss: 0.7290
Iter 2203/3000 - Loss: 0.7290
Iter 2204/3000 - Loss: 0.7290
Iter 2205/3000 - Loss: 0.7290
Iter 2206/3000 - Loss: 0.7290
Iter 2207/3000 - Loss: 0.7290
Iter 2208/3000 - Loss: 0.7290
Iter 2209/3000 - Loss: 0.7290
Iter 2210/3000 - Loss: 0.7290
Iter 2211/3000 - Loss: 0.7290
Iter 2212/3000 - Loss: 0.7290
Iter 2213/3000 - Loss: 0.7290
Iter 2214/3000 - Loss: 0.7290
Iter 2215/3000 - Loss: 0.7290
Iter 2216/3000 - Loss: 0.7290
Iter 2217/3000 - Loss: 0.7290
Iter 2218/3000 - Loss: 0.7290
Iter 2219/3000 - Loss: 0.7290
Iter 2220/3000 - Loss: 0.7290
Iter 2221/3000 - Loss: 0.7290
Iter 2222/3000 - Loss: 0.7290
Iter 2223/3000 - Loss: 0.7290
Iter 2224/3000 - Loss: 0.7290
Iter 2225/3000 - Loss: 0.7290
Iter 2226/3000 - Loss: 0.7290
Iter 2227/3000 - Loss: 0.7290
Iter 2228/3000 - Loss: 0.7290
Iter 2229/3000 - Loss: 0.7290
Iter 2230/3000 - Loss: 0.7290
Iter 2231/3000 - Loss: 0.7290
Iter 2232/3000 - Loss: 0.7290
Iter 2233/3000 - Loss: 0.7290
Iter 2234/3000 - Loss: 0.7290
Iter 2235/3000 - Loss: 0.7290
Iter 2236/3000 - Loss: 0.7290
Iter 2237/3000 - Loss: 0.7290
Iter 2238/3000 - Loss: 0.7290
Iter 2239/3000 - Loss: 0.7290
Iter 2240/3000 - Loss: 0.7290
Iter 2241/3000 - Loss: 0.7290
Iter 2242/3000 - Loss: 0.7290
Iter 2243/3000 - Loss: 0.7290
Iter 2244/3000 - Loss: 0.7290
Iter 2245/3000 - Loss: 0.7290
Iter 2246/3000 - Loss: 0.7289
Iter 2247/3000 - Loss: 0.7289
Iter 2248/3000 - Loss: 0.7289
Iter 2249/3000 - Loss: 0.7289
Iter 2250/3000 - Loss: 0.7289
Iter 2251/3000 - Loss: 0.7289
Iter 2252/3000 - Loss: 0.7289
Iter 2253/3000 - Loss: 0.7289
Iter 2254/3000 - Loss: 0.7289
Iter 2255/3000 - Loss: 0.7289
Iter 2256/3000 - Loss: 0.7289
Iter 2257/3000 - Loss: 0.7289
Iter 2258/3000 - Loss: 0.7289
Iter 2259/3000 - Loss: 0.7289
Iter 2260/3000 - Loss: 0.7289
Iter 2261/3000 - Loss: 0.7289
Iter 2262/3000 - Loss: 0.7289
Iter 2263/3000 - Loss: 0.7289
Iter 2264/3000 - Loss: 0.7289
Iter 2265/3000 - Loss: 0.7289
Iter 2266/3000 - Loss: 0.7289
Iter 2267/3000 - Loss: 0.7289
Iter 2268/3000 - Loss: 0.7289
Iter 2269/3000 - Loss: 0.7289
Iter 2270/3000 - Loss: 0.7289
Iter 2271/3000 - Loss: 0.7289
Iter 2272/3000 - Loss: 0.7289
Iter 2273/3000 - Loss: 0.7289
Iter 2274/3000 - Loss: 0.7289
Iter 2275/3000 - Loss: 0.7289
Iter 2276/3000 - Loss: 0.7289
Iter 2277/3000 - Loss: 0.7289
Iter 2278/3000 - Loss: 0.7289
Iter 2279/3000 - Loss: 0.7289
Iter 2280/3000 - Loss: 0.7289
Iter 2281/3000 - Loss: 0.7289
Iter 2282/3000 - Loss: 0.7289
Iter 2283/3000 - Loss: 0.7289
Iter 2284/3000 - Loss: 0.7289
Iter 2285/3000 - Loss: 0.7289
Iter 2286/3000 - Loss: 0.7289
Iter 2287/3000 - Loss: 0.7289
Iter 2288/3000 - Loss: 0.7289
Iter 2289/3000 - Loss: 0.7289
Iter 2290/3000 - Loss: 0.7289
Iter 2291/3000 - Loss: 0.7289
Iter 2292/3000 - Loss: 0.7289
Iter 2293/3000 - Loss: 0.7289
Iter 2294/3000 - Loss: 0.7289
Iter 2295/3000 - Loss: 0.7289
Iter 2296/3000 - Loss: 0.7289
Iter 2297/3000 - Loss: 0.7289
Iter 2298/3000 - Loss: 0.7289
Iter 2299/3000 - Loss: 0.7289
Iter 2300/3000 - Loss: 0.7289
Iter 2301/3000 - Loss: 0.7289
Iter 2302/3000 - Loss: 0.7289
Iter 2303/3000 - Loss: 0.7289
Iter 2304/3000 - Loss: 0.7289
Iter 2305/3000 - Loss: 0.7289
Iter 2306/3000 - Loss: 0.7289
Iter 2307/3000 - Loss: 0.7289
Iter 2308/3000 - Loss: 0.7289
Iter 2309/3000 - Loss: 0.7289
Iter 2310/3000 - Loss: 0.7289
Iter 2311/3000 - Loss: 0.7289
Iter 2312/3000 - Loss: 0.7289
Iter 2313/3000 - Loss: 0.7289
Iter 2314/3000 - Loss: 0.7289
Iter 2315/3000 - Loss: 0.7289
Iter 2316/3000 - Loss: 0.7289
Iter 2317/3000 - Loss: 0.7289
Iter 2318/3000 - Loss: 0.7289
Iter 2319/3000 - Loss: 0.7289
Iter 2320/3000 - Loss: 0.7289
Iter 2321/3000 - Loss: 0.7288
Iter 2322/3000 - Loss: 0.7288
Iter 2323/3000 - Loss: 0.7288
Iter 2324/3000 - Loss: 0.7288
Iter 2325/3000 - Loss: 0.7288
Iter 2326/3000 - Loss: 0.7288
Iter 2327/3000 - Loss: 0.7288
Iter 2328/3000 - Loss: 0.7288
Iter 2329/3000 - Loss: 0.7288
Iter 2330/3000 - Loss: 0.7288
Iter 2331/3000 - Loss: 0.7288
Iter 2332/3000 - Loss: 0.7288
Iter 2333/3000 - Loss: 0.7288
Iter 2334/3000 - Loss: 0.7288
Iter 2335/3000 - Loss: 0.7288
Iter 2336/3000 - Loss: 0.7288
Iter 2337/3000 - Loss: 0.7288
Iter 2338/3000 - Loss: 0.7288
Iter 2339/3000 - Loss: 0.7288
Iter 2340/3000 - Loss: 0.7288
Iter 2341/3000 - Loss: 0.7288
Iter 2342/3000 - Loss: 0.7288
Iter 2343/3000 - Loss: 0.7288
Iter 2344/3000 - Loss: 0.7288
Iter 2345/3000 - Loss: 0.7288
Iter 2346/3000 - Loss: 0.7288
Iter 2347/3000 - Loss: 0.7288
Iter 2348/3000 - Loss: 0.7288
Iter 2349/3000 - Loss: 0.7288
Iter 2350/3000 - Loss: 0.7288
Iter 2351/3000 - Loss: 0.7288
Iter 2352/3000 - Loss: 0.7288
Iter 2353/3000 - Loss: 0.7288
Iter 2354/3000 - Loss: 0.7288
Iter 2355/3000 - Loss: 0.7288
Iter 2356/3000 - Loss: 0.7288
Iter 2357/3000 - Loss: 0.7288
Iter 2358/3000 - Loss: 0.7288
Iter 2359/3000 - Loss: 0.7288
Iter 2360/3000 - Loss: 0.7288
Iter 2361/3000 - Loss: 0.7288
Iter 2362/3000 - Loss: 0.7288
Iter 2363/3000 - Loss: 0.7288
Iter 2364/3000 - Loss: 0.7288
Iter 2365/3000 - Loss: 0.7288
Iter 2366/3000 - Loss: 0.7288
Iter 2367/3000 - Loss: 0.7288
Iter 2368/3000 - Loss: 0.7288
Iter 2369/3000 - Loss: 0.7288
Iter 2370/3000 - Loss: 0.7288
Iter 2371/3000 - Loss: 0.7288
Iter 2372/3000 - Loss: 0.7288
Iter 2373/3000 - Loss: 0.7288
Iter 2374/3000 - Loss: 0.7288
Iter 2375/3000 - Loss: 0.7288
Iter 2376/3000 - Loss: 0.7288
Iter 2377/3000 - Loss: 0.7288
Iter 2378/3000 - Loss: 0.7288
Iter 2379/3000 - Loss: 0.7288
Iter 2380/3000 - Loss: 0.7288
Iter 2381/3000 - Loss: 0.7288
Iter 2382/3000 - Loss: 0.7288
Iter 2383/3000 - Loss: 0.7288
Iter 2384/3000 - Loss: 0.7288
Iter 2385/3000 - Loss: 0.7288
Iter 2386/3000 - Loss: 0.7288
Iter 2387/3000 - Loss: 0.7288
Iter 2388/3000 - Loss: 0.7288
Iter 2389/3000 - Loss: 0.7288
Iter 2390/3000 - Loss: 0.7288
Iter 2391/3000 - Loss: 0.7288
Iter 2392/3000 - Loss: 0.7288
Iter 2393/3000 - Loss: 0.7288
Iter 2394/3000 - Loss: 0.7288
Iter 2395/3000 - Loss: 0.7288
Iter 2396/3000 - Loss: 0.7288
Iter 2397/3000 - Loss: 0.7288
Iter 2398/3000 - Loss: 0.7288
Iter 2399/3000 - Loss: 0.7288
Iter 2400/3000 - Loss: 0.7288
Iter 2401/3000 - Loss: 0.7288
Iter 2402/3000 - Loss: 0.7288
Iter 2403/3000 - Loss: 0.7288
Iter 2404/3000 - Loss: 0.7288
Iter 2405/3000 - Loss: 0.7288
Iter 2406/3000 - Loss: 0.7288
Iter 2407/3000 - Loss: 0.7287
Iter 2408/3000 - Loss: 0.7287
Iter 2409/3000 - Loss: 0.7287
Iter 2410/3000 - Loss: 0.7287
Iter 2411/3000 - Loss: 0.7287
Iter 2412/3000 - Loss: 0.7287
Iter 2413/3000 - Loss: 0.7287
Iter 2414/3000 - Loss: 0.7287
Iter 2415/3000 - Loss: 0.7287
Iter 2416/3000 - Loss: 0.7287
Iter 2417/3000 - Loss: 0.7287
Iter 2418/3000 - Loss: 0.7287
Iter 2419/3000 - Loss: 0.7287
Iter 2420/3000 - Loss: 0.7287
Iter 2421/3000 - Loss: 0.7287
Iter 2422/3000 - Loss: 0.7287
Iter 2423/3000 - Loss: 0.7287
Iter 2424/3000 - Loss: 0.7287
Iter 2425/3000 - Loss: 0.7287
Iter 2426/3000 - Loss: 0.7287
Iter 2427/3000 - Loss: 0.7287
Iter 2428/3000 - Loss: 0.7287
Iter 2429/3000 - Loss: 0.7287
Iter 2430/3000 - Loss: 0.7287
Iter 2431/3000 - Loss: 0.7287
Iter 2432/3000 - Loss: 0.7287
Iter 2433/3000 - Loss: 0.7287
Iter 2434/3000 - Loss: 0.7287
Iter 2435/3000 - Loss: 0.7287
Iter 2436/3000 - Loss: 0.7287
Iter 2437/3000 - Loss: 0.7287
Iter 2438/3000 - Loss: 0.7287
Iter 2439/3000 - Loss: 0.7287
Iter 2440/3000 - Loss: 0.7287
Iter 2441/3000 - Loss: 0.7287
Iter 2442/3000 - Loss: 0.7287
Iter 2443/3000 - Loss: 0.7287
Iter 2444/3000 - Loss: 0.7287
Iter 2445/3000 - Loss: 0.7287
Iter 2446/3000 - Loss: 0.7287
Iter 2447/3000 - Loss: 0.7287
Iter 2448/3000 - Loss: 0.7287
Iter 2449/3000 - Loss: 0.7287
Iter 2450/3000 - Loss: 0.7287
Iter 2451/3000 - Loss: 0.7287
Iter 2452/3000 - Loss: 0.7287
Iter 2453/3000 - Loss: 0.7287
Iter 2454/3000 - Loss: 0.7287
Iter 2455/3000 - Loss: 0.7287
Iter 2456/3000 - Loss: 0.7287
Iter 2457/3000 - Loss: 0.7287
Iter 2458/3000 - Loss: 0.7287
Iter 2459/3000 - Loss: 0.7287
Iter 2460/3000 - Loss: 0.7287
Iter 2461/3000 - Loss: 0.7287
Iter 2462/3000 - Loss: 0.7287
Iter 2463/3000 - Loss: 0.7287
Iter 2464/3000 - Loss: 0.7287
Iter 2465/3000 - Loss: 0.7287
Iter 2466/3000 - Loss: 0.7287
Iter 2467/3000 - Loss: 0.7287
Iter 2468/3000 - Loss: 0.7287
Iter 2469/3000 - Loss: 0.7287
Iter 2470/3000 - Loss: 0.7287
Iter 2471/3000 - Loss: 0.7287
Iter 2472/3000 - Loss: 0.7287
Iter 2473/3000 - Loss: 0.7287
Iter 2474/3000 - Loss: 0.7287
Iter 2475/3000 - Loss: 0.7287
Iter 2476/3000 - Loss: 0.7287
Iter 2477/3000 - Loss: 0.7287
Iter 2478/3000 - Loss: 0.7287
Iter 2479/3000 - Loss: 0.7287
Iter 2480/3000 - Loss: 0.7287
Iter 2481/3000 - Loss: 0.7287
Iter 2482/3000 - Loss: 0.7287
Iter 2483/3000 - Loss: 0.7287
Iter 2484/3000 - Loss: 0.7287
Iter 2485/3000 - Loss: 0.7287
Iter 2486/3000 - Loss: 0.7287
Iter 2487/3000 - Loss: 0.7287
Iter 2488/3000 - Loss: 0.7287
Iter 2489/3000 - Loss: 0.7287
Iter 2490/3000 - Loss: 0.7287
Iter 2491/3000 - Loss: 0.7287
Iter 2492/3000 - Loss: 0.7287
Iter 2493/3000 - Loss: 0.7287
Iter 2494/3000 - Loss: 0.7287
Iter 2495/3000 - Loss: 0.7287
Iter 2496/3000 - Loss: 0.7287
Iter 2497/3000 - Loss: 0.7287
Iter 2498/3000 - Loss: 0.7287
Iter 2499/3000 - Loss: 0.7287
Iter 2500/3000 - Loss: 0.7287
Iter 2501/3000 - Loss: 0.7287
Iter 2502/3000 - Loss: 0.7287
Iter 2503/3000 - Loss: 0.7287
Iter 2504/3000 - Loss: 0.7287
Iter 2505/3000 - Loss: 0.7286
Iter 2506/3000 - Loss: 0.7286
Iter 2507/3000 - Loss: 0.7286
Iter 2508/3000 - Loss: 0.7286
Iter 2509/3000 - Loss: 0.7286
Iter 2510/3000 - Loss: 0.7286
Iter 2511/3000 - Loss: 0.7286
Iter 2512/3000 - Loss: 0.7286
Iter 2513/3000 - Loss: 0.7286
Iter 2514/3000 - Loss: 0.7286
Iter 2515/3000 - Loss: 0.7286
Iter 2516/3000 - Loss: 0.7286
Iter 2517/3000 - Loss: 0.7286
Iter 2518/3000 - Loss: 0.7286
Iter 2519/3000 - Loss: 0.7286
Iter 2520/3000 - Loss: 0.7286
Iter 2521/3000 - Loss: 0.7286
Iter 2522/3000 - Loss: 0.7286
Iter 2523/3000 - Loss: 0.7286
Iter 2524/3000 - Loss: 0.7286
Iter 2525/3000 - Loss: 0.7286
Iter 2526/3000 - Loss: 0.7286
Iter 2527/3000 - Loss: 0.7286
Iter 2528/3000 - Loss: 0.7286
Iter 2529/3000 - Loss: 0.7286
Iter 2530/3000 - Loss: 0.7286
Iter 2531/3000 - Loss: 0.7286
Iter 2532/3000 - Loss: 0.7286
Iter 2533/3000 - Loss: 0.7286
Iter 2534/3000 - Loss: 0.7286
Iter 2535/3000 - Loss: 0.7286
Iter 2536/3000 - Loss: 0.7286
Iter 2537/3000 - Loss: 0.7286
Iter 2538/3000 - Loss: 0.7286
Iter 2539/3000 - Loss: 0.7286
Iter 2540/3000 - Loss: 0.7286
Iter 2541/3000 - Loss: 0.7286
Iter 2542/3000 - Loss: 0.7286
Iter 2543/3000 - Loss: 0.7286
Iter 2544/3000 - Loss: 0.7286
Iter 2545/3000 - Loss: 0.7286
Iter 2546/3000 - Loss: 0.7286
Iter 2547/3000 - Loss: 0.7286
Iter 2548/3000 - Loss: 0.7286
Iter 2549/3000 - Loss: 0.7286
Iter 2550/3000 - Loss: 0.7286
Iter 2551/3000 - Loss: 0.7286
Iter 2552/3000 - Loss: 0.7286
Iter 2553/3000 - Loss: 0.7286
Iter 2554/3000 - Loss: 0.7286
Iter 2555/3000 - Loss: 0.7286
Iter 2556/3000 - Loss: 0.7286
Iter 2557/3000 - Loss: 0.7286
Iter 2558/3000 - Loss: 0.7286
Iter 2559/3000 - Loss: 0.7286
Iter 2560/3000 - Loss: 0.7286
Iter 2561/3000 - Loss: 0.7286
Iter 2562/3000 - Loss: 0.7286
Iter 2563/3000 - Loss: 0.7286
Iter 2564/3000 - Loss: 0.7286
Iter 2565/3000 - Loss: 0.7286
Iter 2566/3000 - Loss: 0.7286
Iter 2567/3000 - Loss: 0.7286
Iter 2568/3000 - Loss: 0.7286
Iter 2569/3000 - Loss: 0.7286
Iter 2570/3000 - Loss: 0.7286
Iter 2571/3000 - Loss: 0.7286
Iter 2572/3000 - Loss: 0.7286
Iter 2573/3000 - Loss: 0.7286
Iter 2574/3000 - Loss: 0.7286
Iter 2575/3000 - Loss: 0.7286
Iter 2576/3000 - Loss: 0.7286
Iter 2577/3000 - Loss: 0.7286
Iter 2578/3000 - Loss: 0.7286
Iter 2579/3000 - Loss: 0.7286
Iter 2580/3000 - Loss: 0.7286
Iter 2581/3000 - Loss: 0.7286
Iter 2582/3000 - Loss: 0.7286
Iter 2583/3000 - Loss: 0.7286
Iter 2584/3000 - Loss: 0.7286
Iter 2585/3000 - Loss: 0.7286
Iter 2586/3000 - Loss: 0.7286
Iter 2587/3000 - Loss: 0.7286
Iter 2588/3000 - Loss: 0.7286
Iter 2589/3000 - Loss: 0.7286
Iter 2590/3000 - Loss: 0.7286
Iter 2591/3000 - Loss: 0.7286
Iter 2592/3000 - Loss: 0.7286
Iter 2593/3000 - Loss: 0.7286
Iter 2594/3000 - Loss: 0.7286
Iter 2595/3000 - Loss: 0.7286
Iter 2596/3000 - Loss: 0.7286
Iter 2597/3000 - Loss: 0.7286
Iter 2598/3000 - Loss: 0.7286
Iter 2599/3000 - Loss: 0.7286
Iter 2600/3000 - Loss: 0.7286
Iter 2601/3000 - Loss: 0.7286
Iter 2602/3000 - Loss: 0.7286
Iter 2603/3000 - Loss: 0.7286
Iter 2604/3000 - Loss: 0.7286
Iter 2605/3000 - Loss: 0.7286
Iter 2606/3000 - Loss: 0.7286
Iter 2607/3000 - Loss: 0.7286
Iter 2608/3000 - Loss: 0.7286
Iter 2609/3000 - Loss: 0.7286
Iter 2610/3000 - Loss: 0.7286
Iter 2611/3000 - Loss: 0.7286
Iter 2612/3000 - Loss: 0.7286
Iter 2613/3000 - Loss: 0.7286
Iter 2614/3000 - Loss: 0.7285
Iter 2615/3000 - Loss: 0.7285
Iter 2616/3000 - Loss: 0.7285
Iter 2617/3000 - Loss: 0.7285
Iter 2618/3000 - Loss: 0.7285
Iter 2619/3000 - Loss: 0.7285
Iter 2620/3000 - Loss: 0.7285
Iter 2621/3000 - Loss: 0.7285
Iter 2622/3000 - Loss: 0.7285
Iter 2623/3000 - Loss: 0.7285
Iter 2624/3000 - Loss: 0.7285
Iter 2625/3000 - Loss: 0.7285
Iter 2626/3000 - Loss: 0.7285
Iter 2627/3000 - Loss: 0.7285
Iter 2628/3000 - Loss: 0.7285
Iter 2629/3000 - Loss: 0.7285
Iter 2630/3000 - Loss: 0.7285
Iter 2631/3000 - Loss: 0.7285
Iter 2632/3000 - Loss: 0.7285
Iter 2633/3000 - Loss: 0.7285
Iter 2634/3000 - Loss: 0.7285
Iter 2635/3000 - Loss: 0.7285
Iter 2636/3000 - Loss: 0.7285
Iter 2637/3000 - Loss: 0.7285
Iter 2638/3000 - Loss: 0.7285
Iter 2639/3000 - Loss: 0.7285
Iter 2640/3000 - Loss: 0.7285
Iter 2641/3000 - Loss: 0.7285
Iter 2642/3000 - Loss: 0.7285
Iter 2643/3000 - Loss: 0.7285
Iter 2644/3000 - Loss: 0.7285
Iter 2645/3000 - Loss: 0.7285
Iter 2646/3000 - Loss: 0.7285
Iter 2647/3000 - Loss: 0.7285
Iter 2648/3000 - Loss: 0.7285
Iter 2649/3000 - Loss: 0.7285
Iter 2650/3000 - Loss: 0.7285
Iter 2651/3000 - Loss: 0.7285
Iter 2652/3000 - Loss: 0.7285
Iter 2653/3000 - Loss: 0.7285
Iter 2654/3000 - Loss: 0.7285
Iter 2655/3000 - Loss: 0.7285
Iter 2656/3000 - Loss: 0.7285
Iter 2657/3000 - Loss: 0.7285
Iter 2658/3000 - Loss: 0.7285
Iter 2659/3000 - Loss: 0.7285
Iter 2660/3000 - Loss: 0.7285
Iter 2661/3000 - Loss: 0.7285
Iter 2662/3000 - Loss: 0.7285
Iter 2663/3000 - Loss: 0.7285
Iter 2664/3000 - Loss: 0.7285
Iter 2665/3000 - Loss: 0.7285
Iter 2666/3000 - Loss: 0.7285
Iter 2667/3000 - Loss: 0.7285
Iter 2668/3000 - Loss: 0.7285
Iter 2669/3000 - Loss: 0.7285
Iter 2670/3000 - Loss: 0.7285
Iter 2671/3000 - Loss: 0.7285
Iter 2672/3000 - Loss: 0.7285
Iter 2673/3000 - Loss: 0.7285
Iter 2674/3000 - Loss: 0.7285
Iter 2675/3000 - Loss: 0.7285
Iter 2676/3000 - Loss: 0.7285
Iter 2677/3000 - Loss: 0.7285
Iter 2678/3000 - Loss: 0.7285
Iter 2679/3000 - Loss: 0.7285
Iter 2680/3000 - Loss: 0.7285
Iter 2681/3000 - Loss: 0.7285
Iter 2682/3000 - Loss: 0.7285
Iter 2683/3000 - Loss: 0.7285
Iter 2684/3000 - Loss: 0.7285
Iter 2685/3000 - Loss: 0.7285
Iter 2686/3000 - Loss: 0.7285
Iter 2687/3000 - Loss: 0.7285
Iter 2688/3000 - Loss: 0.7285
Iter 2689/3000 - Loss: 0.7285
Iter 2690/3000 - Loss: 0.7285
Iter 2691/3000 - Loss: 0.7285
Iter 2692/3000 - Loss: 0.7285
Iter 2693/3000 - Loss: 0.7285
Iter 2694/3000 - Loss: 0.7285
Iter 2695/3000 - Loss: 0.7285
Iter 2696/3000 - Loss: 0.7285
Iter 2697/3000 - Loss: 0.7285
Iter 2698/3000 - Loss: 0.7285
Iter 2699/3000 - Loss: 0.7285
Iter 2700/3000 - Loss: 0.7285
Iter 2701/3000 - Loss: 0.7285
Iter 2702/3000 - Loss: 0.7285
Iter 2703/3000 - Loss: 0.7285
Iter 2704/3000 - Loss: 0.7285
Iter 2705/3000 - Loss: 0.7285
Iter 2706/3000 - Loss: 0.7285
Iter 2707/3000 - Loss: 0.7285
Iter 2708/3000 - Loss: 0.7285
Iter 2709/3000 - Loss: 0.7285
Iter 2710/3000 - Loss: 0.7285
Iter 2711/3000 - Loss: 0.7285
Iter 2712/3000 - Loss: 0.7285
Iter 2713/3000 - Loss: 0.7285
Iter 2714/3000 - Loss: 0.7285
Iter 2715/3000 - Loss: 0.7285
Iter 2716/3000 - Loss: 0.7285
Iter 2717/3000 - Loss: 0.7285
Iter 2718/3000 - Loss: 0.7285
Iter 2719/3000 - Loss: 0.7285
Iter 2720/3000 - Loss: 0.7285
Iter 2721/3000 - Loss: 0.7285
Iter 2722/3000 - Loss: 0.7285
Iter 2723/3000 - Loss: 0.7285
Iter 2724/3000 - Loss: 0.7284
Iter 2725/3000 - Loss: 0.7284
Iter 2726/3000 - Loss: 0.7284
Iter 2727/3000 - Loss: 0.7284
Iter 2728/3000 - Loss: 0.7284
Iter 2729/3000 - Loss: 0.7284
Iter 2730/3000 - Loss: 0.7284
Iter 2731/3000 - Loss: 0.7284
Iter 2732/3000 - Loss: 0.7284
Iter 2733/3000 - Loss: 0.7284
Iter 2734/3000 - Loss: 0.7284
Iter 2735/3000 - Loss: 0.7284
Iter 2736/3000 - Loss: 0.7284
Iter 2737/3000 - Loss: 0.7284
Iter 2738/3000 - Loss: 0.7284
Iter 2739/3000 - Loss: 0.7284
Iter 2740/3000 - Loss: 0.7284
Iter 2741/3000 - Loss: 0.7284
Iter 2742/3000 - Loss: 0.7284
Iter 2743/3000 - Loss: 0.7284
Iter 2744/3000 - Loss: 0.7284
Iter 2745/3000 - Loss: 0.7284
Iter 2746/3000 - Loss: 0.7284
Iter 2747/3000 - Loss: 0.7284
Iter 2748/3000 - Loss: 0.7284
Iter 2749/3000 - Loss: 0.7284
Iter 2750/3000 - Loss: 0.7284
Iter 2751/3000 - Loss: 0.7284
Iter 2752/3000 - Loss: 0.7284
Iter 2753/3000 - Loss: 0.7284
Iter 2754/3000 - Loss: 0.7284
Iter 2755/3000 - Loss: 0.7284
Iter 2756/3000 - Loss: 0.7284
Iter 2757/3000 - Loss: 0.7284
Iter 2758/3000 - Loss: 0.7284
Iter 2759/3000 - Loss: 0.7284
Iter 2760/3000 - Loss: 0.7284
Iter 2761/3000 - Loss: 0.7284
Iter 2762/3000 - Loss: 0.7284
Iter 2763/3000 - Loss: 0.7284
Iter 2764/3000 - Loss: 0.7284
Iter 2765/3000 - Loss: 0.7284
Iter 2766/3000 - Loss: 0.7284
Iter 2767/3000 - Loss: 0.7284
Iter 2768/3000 - Loss: 0.7284
Iter 2769/3000 - Loss: 0.7284
Iter 2770/3000 - Loss: 0.7284
Iter 2771/3000 - Loss: 0.7284
Iter 2772/3000 - Loss: 0.7284
Iter 2773/3000 - Loss: 0.7284
Iter 2774/3000 - Loss: 0.7284
Iter 2775/3000 - Loss: 0.7284
Iter 2776/3000 - Loss: 0.7284
Iter 2777/3000 - Loss: 0.7284
Iter 2778/3000 - Loss: 0.7284
Iter 2779/3000 - Loss: 0.7284
Iter 2780/3000 - Loss: 0.7284
Iter 2781/3000 - Loss: 0.7284
Iter 2782/3000 - Loss: 0.7284
Iter 2783/3000 - Loss: 0.7284
Iter 2784/3000 - Loss: 0.7284
Iter 2785/3000 - Loss: 0.7284
Iter 2786/3000 - Loss: 0.7284
Iter 2787/3000 - Loss: 0.7284
Iter 2788/3000 - Loss: 0.7284
Iter 2789/3000 - Loss: 0.7284
Iter 2790/3000 - Loss: 0.7284
Iter 2791/3000 - Loss: 0.7284
Iter 2792/3000 - Loss: 0.7284
Iter 2793/3000 - Loss: 0.7284
Iter 2794/3000 - Loss: 0.7284
Iter 2795/3000 - Loss: 0.7284
Iter 2796/3000 - Loss: 0.7284
Iter 2797/3000 - Loss: 0.7284
Iter 2798/3000 - Loss: 0.7284
Iter 2799/3000 - Loss: 0.7284
Iter 2800/3000 - Loss: 0.7284
Iter 2801/3000 - Loss: 0.7284
Iter 2802/3000 - Loss: 0.7284
Iter 2803/3000 - Loss: 0.7284
Iter 2804/3000 - Loss: 0.7284
Iter 2805/3000 - Loss: 0.7284
Iter 2806/3000 - Loss: 0.7284
Iter 2807/3000 - Loss: 0.7284
Iter 2808/3000 - Loss: 0.7284
Iter 2809/3000 - Loss: 0.7284
Iter 2810/3000 - Loss: 0.7284
Iter 2811/3000 - Loss: 0.7284
Iter 2812/3000 - Loss: 0.7283
Iter 2813/3000 - Loss: 0.7283
Iter 2814/3000 - Loss: 0.7283
Iter 2815/3000 - Loss: 0.7283
Iter 2816/3000 - Loss: 0.7283
Iter 2817/3000 - Loss: 0.7283
Iter 2818/3000 - Loss: 0.7283
Iter 2819/3000 - Loss: 0.7283
Iter 2820/3000 - Loss: 0.7283
Iter 2821/3000 - Loss: 0.7283
Iter 2822/3000 - Loss: 0.7283
Iter 2823/3000 - Loss: 0.7283
Iter 2824/3000 - Loss: 0.7283
Iter 2825/3000 - Loss: 0.7283
Iter 2826/3000 - Loss: 0.7283
Iter 2827/3000 - Loss: 0.7283
Iter 2828/3000 - Loss: 0.7283
Iter 2829/3000 - Loss: 0.7283
Iter 2830/3000 - Loss: 0.7283
Iter 2831/3000 - Loss: 0.7283
Iter 2832/3000 - Loss: 0.7283
Iter 2833/3000 - Loss: 0.7283
Iter 2834/3000 - Loss: 0.7283
Iter 2835/3000 - Loss: 0.7283
Iter 2836/3000 - Loss: 0.7283
Iter 2837/3000 - Loss: 0.7283
Iter 2838/3000 - Loss: 0.7283
Iter 2839/3000 - Loss: 0.7283
Iter 2840/3000 - Loss: 0.7283
Iter 2841/3000 - Loss: 0.7283
Iter 2842/3000 - Loss: 0.7283
Iter 2843/3000 - Loss: 0.7283
Iter 2844/3000 - Loss: 0.7283
Iter 2845/3000 - Loss: 0.7283
Iter 2846/3000 - Loss: 0.7283
Iter 2847/3000 - Loss: 0.7283
Iter 2848/3000 - Loss: 0.7283
Iter 2849/3000 - Loss: 0.7283
Iter 2850/3000 - Loss: 0.7283
Iter 2851/3000 - Loss: 0.7283
Iter 2852/3000 - Loss: 0.7283
Iter 2853/3000 - Loss: 0.7283
Iter 2854/3000 - Loss: 0.7283
Iter 2855/3000 - Loss: 0.7283
Iter 2856/3000 - Loss: 0.7283
Iter 2857/3000 - Loss: 0.7283
Iter 2858/3000 - Loss: 0.7283
Iter 2859/3000 - Loss: 0.7283
Iter 2860/3000 - Loss: 0.7283
Iter 2861/3000 - Loss: 0.7283
Iter 2862/3000 - Loss: 0.7283
Iter 2863/3000 - Loss: 0.7283
Iter 2864/3000 - Loss: 0.7283
Iter 2865/3000 - Loss: 0.7283
Iter 2866/3000 - Loss: 0.7283
Iter 2867/3000 - Loss: 0.7282
Iter 2868/3000 - Loss: 0.7282
Iter 2869/3000 - Loss: 0.7282
Iter 2870/3000 - Loss: 0.7282
Iter 2871/3000 - Loss: 0.7282
Iter 2872/3000 - Loss: 0.7282
Iter 2873/3000 - Loss: 0.7282
Iter 2874/3000 - Loss: 0.7282
Iter 2875/3000 - Loss: 0.7282
Iter 2876/3000 - Loss: 0.7282
Iter 2877/3000 - Loss: 0.7282
Iter 2878/3000 - Loss: 0.7282
Iter 2879/3000 - Loss: 0.7282
Iter 2880/3000 - Loss: 0.7282
Iter 2881/3000 - Loss: 0.7282
Iter 2882/3000 - Loss: 0.7282
Iter 2883/3000 - Loss: 0.7282
Iter 2884/3000 - Loss: 0.7282
Iter 2885/3000 - Loss: 0.7282
Iter 2886/3000 - Loss: 0.7282
Iter 2887/3000 - Loss: 0.7282
Iter 2888/3000 - Loss: 0.7282
Iter 2889/3000 - Loss: 0.7282
Iter 2890/3000 - Loss: 0.7282
Iter 2891/3000 - Loss: 0.7282
Iter 2892/3000 - Loss: 0.7282
Iter 2893/3000 - Loss: 0.7282
Iter 2894/3000 - Loss: 0.7282
Iter 2895/3000 - Loss: 0.7282
Iter 2896/3000 - Loss: 0.7282
Iter 2897/3000 - Loss: 0.7282
Iter 2898/3000 - Loss: 0.7282
Iter 2899/3000 - Loss: 0.7282
Iter 2900/3000 - Loss: 0.7282
Iter 2901/3000 - Loss: 0.7282
Iter 2902/3000 - Loss: 0.7282
Iter 2903/3000 - Loss: 0.7281
Iter 2904/3000 - Loss: 0.7281
Iter 2905/3000 - Loss: 0.7281
Iter 2906/3000 - Loss: 0.7281
Iter 2907/3000 - Loss: 0.7281
Iter 2908/3000 - Loss: 0.7281
Iter 2909/3000 - Loss: 0.7281
Iter 2910/3000 - Loss: 0.7281
Iter 2911/3000 - Loss: 0.7281
Iter 2912/3000 - Loss: 0.7281
Iter 2913/3000 - Loss: 0.7281
Iter 2914/3000 - Loss: 0.7281
Iter 2915/3000 - Loss: 0.7281
Iter 2916/3000 - Loss: 0.7281
Iter 2917/3000 - Loss: 0.7281
Iter 2918/3000 - Loss: 0.7281
Iter 2919/3000 - Loss: 0.7281
Iter 2920/3000 - Loss: 0.7281
Iter 2921/3000 - Loss: 0.7281
Iter 2922/3000 - Loss: 0.7281
Iter 2923/3000 - Loss: 0.7281
Iter 2924/3000 - Loss: 0.7281
Iter 2925/3000 - Loss: 0.7281
Iter 2926/3000 - Loss: 0.7281
Iter 2927/3000 - Loss: 0.7280
Iter 2928/3000 - Loss: 0.7280
Iter 2929/3000 - Loss: 0.7280
Iter 2930/3000 - Loss: 0.7280
Iter 2931/3000 - Loss: 0.7280
Iter 2932/3000 - Loss: 0.7280
Iter 2933/3000 - Loss: 0.7280
Iter 2934/3000 - Loss: 0.7280
Iter 2935/3000 - Loss: 0.7280
Iter 2936/3000 - Loss: 0.7280
Iter 2937/3000 - Loss: 0.7280
Iter 2938/3000 - Loss: 0.7280
Iter 2939/3000 - Loss: 0.7280
Iter 2940/3000 - Loss: 0.7280
Iter 2941/3000 - Loss: 0.7280
Iter 2942/3000 - Loss: 0.7280
Iter 2943/3000 - Loss: 0.7280
Iter 2944/3000 - Loss: 0.7280
Iter 2945/3000 - Loss: 0.7279
Iter 2946/3000 - Loss: 0.7279
Iter 2947/3000 - Loss: 0.7279
Iter 2948/3000 - Loss: 0.7279
Iter 2949/3000 - Loss: 0.7279
Iter 2950/3000 - Loss: 0.7279
Iter 2951/3000 - Loss: 0.7279
Iter 2952/3000 - Loss: 0.7279
Iter 2953/3000 - Loss: 0.7279
Iter 2954/3000 - Loss: 0.7279
Iter 2955/3000 - Loss: 0.7279
Iter 2956/3000 - Loss: 0.7279
Iter 2957/3000 - Loss: 0.7279
Iter 2958/3000 - Loss: 0.7279
Iter 2959/3000 - Loss: 0.7279
Iter 2960/3000 - Loss: 0.7278
Iter 2961/3000 - Loss: 0.7278
Iter 2962/3000 - Loss: 0.7278
Iter 2963/3000 - Loss: 0.7278
Iter 2964/3000 - Loss: 0.7278
Iter 2965/3000 - Loss: 0.7278
Iter 2966/3000 - Loss: 0.7278
Iter 2967/3000 - Loss: 0.7278
Iter 2968/3000 - Loss: 0.7278
Iter 2969/3000 - Loss: 0.7278
Iter 2970/3000 - Loss: 0.7278
Iter 2971/3000 - Loss: 0.7278
Iter 2972/3000 - Loss: 0.7277
Iter 2973/3000 - Loss: 0.7277
Iter 2974/3000 - Loss: 0.7277
Iter 2975/3000 - Loss: 0.7277
Iter 2976/3000 - Loss: 0.7277
Iter 2977/3000 - Loss: 0.7277
Iter 2978/3000 - Loss: 0.7277
Iter 2979/3000 - Loss: 0.7277
Iter 2980/3000 - Loss: 0.7277
Iter 2981/3000 - Loss: 0.7277
Iter 2982/3000 - Loss: 0.7277
Iter 2983/3000 - Loss: 0.7276
Iter 2984/3000 - Loss: 0.7276
Iter 2985/3000 - Loss: 0.7276
Iter 2986/3000 - Loss: 0.7276
Iter 2987/3000 - Loss: 0.7276
Iter 2988/3000 - Loss: 0.7276
Iter 2989/3000 - Loss: 0.7276
Iter 2990/3000 - Loss: 0.7276
Iter 2991/3000 - Loss: 0.7276
Iter 2992/3000 - Loss: 0.7276
Iter 2993/3000 - Loss: 0.7275
Iter 2994/3000 - Loss: 0.7275
Iter 2995/3000 - Loss: 0.7275
Iter 2996/3000 - Loss: 0.7275
Iter 2997/3000 - Loss: 0.7275
Iter 2998/3000 - Loss: 0.7275
Iter 2999/3000 - Loss: 0.7275
Iter 3000/3000 - Loss: 0.7275
OrderedDict([('likelihood.raw_task_noises', tensor([-3.2246, -3.8522, -5.4921, -3.8275, -8.0955, -3.8842, -2.0251, -2.6977])), ('likelihood.raw_task_noises_constraint.lower_bound', tensor(1.0000e-04)), ('likelihood.raw_task_noises_constraint.upper_bound', tensor(inf)), ('mean_module.base_means.0.weights', tensor([[-1.2865],
        [-0.1763],
        [ 0.4496],
        [ 0.6893],
        [ 0.5830],
        [-2.4014],
        [ 0.2604]])), ('mean_module.base_means.0.bias', tensor([1.0857])), ('mean_module.base_means.1.weights', tensor([[-0.0549],
        [-0.3441],
        [ 0.3964],
        [ 2.4461],
        [ 0.4243],
        [-0.6416],
        [-0.0468]])), ('mean_module.base_means.1.bias', tensor([-0.9507])), ('mean_module.base_means.2.weights', tensor([[ 0.1831],
        [-0.0732],
        [-1.1859],
        [-1.2256],
        [-0.3550],
        [ 1.5114],
        [ 0.2014]])), ('mean_module.base_means.2.bias', tensor([0.4887])), ('mean_module.base_means.3.weights', tensor([[-0.6336],
        [ 0.2203],
        [-0.7935],
        [-0.0876],
        [-0.5397],
        [ 0.3495],
        [ 1.8533]])), ('mean_module.base_means.3.bias', tensor([0.1875])), ('mean_module.base_means.4.weights', tensor([[ 1.2461],
        [ 0.3617],
        [ 1.5851],
        [ 2.0234],
        [ 0.0549],
        [ 0.4548],
        [-0.1918]])), ('mean_module.base_means.4.bias', tensor([-2.8140])), ('mean_module.base_means.5.weights', tensor([[ 0.3234],
        [ 0.0485],
        [ 2.9389],
        [ 0.0253],
        [ 0.0944],
        [-1.9357],
        [-0.7797]])), ('mean_module.base_means.5.bias', tensor([-0.6642])), ('mean_module.base_means.6.weights', tensor([[-0.1022],
        [ 0.4418],
        [-0.8954],
        [-0.8996],
        [ 0.2271],
        [ 0.8825],
        [ 1.5822]])), ('mean_module.base_means.6.bias', tensor([-0.1764])), ('mean_module.base_means.7.weights', tensor([[ 0.9303],
        [ 0.2908],
        [-1.2537],
        [-2.1901],
        [ 0.3733],
        [ 0.9540],
        [ 1.0375]])), ('mean_module.base_means.7.bias', tensor([0.2726])), ('covar_module.task_covar_module.covar_factor', tensor([[-0.2203],
        [-0.2644],
        [ 0.6679],
        [ 0.3209],
        [-0.6217],
        [ 0.1248],
        [ 0.1742],
        [ 0.1234]])), ('covar_module.task_covar_module.raw_var', tensor([-1.6734, -1.4544, -3.6403, -1.0791, -4.1519, -2.0914, -1.0297, -1.6074])), ('covar_module.task_covar_module.raw_var_constraint.lower_bound', tensor(0.)), ('covar_module.task_covar_module.raw_var_constraint.upper_bound', tensor(inf)), ('covar_module.data_covar_module.raw_mixture_weights', tensor([-1.9316, -1.9316, -1.9316, -1.9316, -1.9316, -1.9316, -1.9086, -1.9182])), ('covar_module.data_covar_module.raw_mixture_means', tensor([[[-0.9588, -1.4577, -0.6584, -1.0297, -1.4196, -0.7838, -1.4400]],

        [[-0.9588, -1.4577, -0.6584, -1.0297, -1.4196, -0.7838, -1.4400]],

        [[-0.9588, -1.4577, -0.6584, -1.0297, -1.4196, -0.7838, -1.4400]],

        [[-0.9588, -1.4577, -0.6584, -1.0297, -1.4196, -0.7838, -1.4400]],

        [[-0.9588, -1.4577, -0.6584, -1.0297, -1.4196, -0.7838, -1.4400]],

        [[-0.9588, -1.4577, -0.6584, -1.0297, -1.4196, -0.7838, -1.4400]],

        [[-0.9583, -1.5705, -0.6582, -1.0688, -2.0067, -0.7860, -1.4424]],

        [[-0.9578, -1.6189, -0.6578, -0.7763, -1.0855, -0.7879, -1.4437]]])), ('covar_module.data_covar_module.raw_mixture_scales', tensor([[[-0.5418, -0.5441, -2.2371, -0.4502, -0.6501, -1.0813, -0.5279]],

        [[-0.5418, -0.5441, -2.2371, -0.4502, -0.6501, -1.0813, -0.5279]],

        [[-0.5418, -0.5441, -2.2371, -0.4502, -0.6501, -1.0813, -0.5279]],

        [[-0.5418, -0.5441, -2.2371, -0.4502, -0.6501, -1.0813, -0.5279]],

        [[-0.5418, -0.5441, -2.2371, -0.4502, -0.6501, -1.0813, -0.5279]],

        [[-0.5418, -0.5441, -2.2371, -0.4502, -0.6501, -1.0813, -0.5279]],

        [[-0.5510, -0.9908, -2.2435, -0.5580, -1.7281, -1.0812, -0.5319]],

        [[-0.5593, -1.1729, -2.2481,  0.4255,  4.0430, -1.0806, -0.5342]]])), ('covar_module.data_covar_module.raw_mixture_scales_constraint.lower_bound', tensor(0.)), ('covar_module.data_covar_module.raw_mixture_scales_constraint.upper_bound', tensor(inf)), ('covar_module.data_covar_module.raw_mixture_means_constraint.lower_bound', tensor(0.)), ('covar_module.data_covar_module.raw_mixture_means_constraint.upper_bound', tensor(inf)), ('covar_module.data_covar_module.raw_mixture_weights_constraint.lower_bound', tensor(0.)), ('covar_module.data_covar_module.raw_mixture_weights_constraint.upper_bound', tensor(inf))])
loading emulator from /oak/stanford/orgs/kipac/users/delon/aemulusnu_massfunction/GP_loBox15_1400.pkl
[2.388436828370213, -0.15025751460612963, 0.919471650891341, 0.0005424621932633189, 0.44346435329435935, 0.17533228149112862, 1.2577462748961652, 0.00498273055342867]
[2.388436828370213, -0.15025751460612963, 0.919471650891341, 0.0005424621932633189, 0.44346435329435935, 0.17533228149112862, 1.2577462748961652, 0.00498273055342867]
[2.388436828370213, -0.15025751460612963, 0.919471650891341, 0.0005424621932633189, 0.44346435329435935, 0.17533228149112862, 1.2577462748961652, 0.00498273055342867]
[2.388436828370213, -0.15025751460612963, 0.919471650891341, 0.0005424621932633189, 0.44346435329435935, 0.17533228149112862, 1.2577462748961652, 0.00498273055342867]
[2.388436828370213, -0.15025751460612963, 0.919471650891341, 0.0005424621932633189, 0.44346435329435935, 0.17533228149112862, 1.2577462748961652, 0.00498273055342867]
[2.388436828370213, -0.15025751460612963, 0.919471650891341, 0.0005424621932633189, 0.44346435329435935, 0.17533228149112862, 1.2577462748961652, 0.00498273055342867]
[2.388436828370213, -0.15025751460612963, 0.919471650891341, 0.0005424621932633189, 0.44346435329435935, 0.17533228149112862, 1.2577462748961652, 0.00498273055342867]
[2.388436828370213, -0.15025751460612963, 0.919471650891341, 0.0005424621932633189, 0.44346435329435935, 0.17533228149112862, 1.2577462748961652, 0.00498273055342867]
[2.388436828370213, -0.15025751460612963, 0.919471650891341, 0.0005424621932633189, 0.44346435329435935, 0.17533228149112862, 1.2577462748961652, 0.00498273055342867]
[2.388436828370213, -0.15025751460612963, 0.919471650891341, 0.0005424621932633189, 0.44346435329435935, 0.17533228149112862, 1.2577462748961652, 0.00498273055342867]
[2.388436828370213, -0.15025751460612963, 0.919471650891341, 0.0005424621932633189, 0.44346435329435935, 0.17533228149112862, 1.2577462748961652, 0.00498273055342867]
[2.388436828370213, -0.15025751460612963, 0.919471650891341, 0.0005424621932633189, 0.44346435329435935, 0.17533228149112862, 1.2577462748961652, 0.00498273055342867]
[2.388436828370213, -0.15025751460612963, 0.919471650891341, 0.0005424621932633189, 0.44346435329435935, 0.17533228149112862, 1.2577462748961652, 0.00498273055342867]
[2.388436828370213, -0.15025751460612963, 0.919471650891341, 0.0005424621932633189, 0.44346435329435935, 0.17533228149112862, 1.2577462748961652, 0.00498273055342867]
[2.388436828370213, -0.15025751460612963, 0.919471650891341, 0.0005424621932633189, 0.44346435329435935, 0.17533228149112862, 1.2577462748961652, 0.00498273055342867]
