Leaving out Box39_1400
{'ns': 0.97000003, 'H0': 67.0, 'w0': -1.0, 'ombh2': 0.0223, 'omch2': 0.12, 'nu_mass_ev': 0.07071068, '10^9 As': 2.10100315}
(149, 7)
(149, 8)
scaling input
(149, 7)
scaling output
(149, 8)
Iter 1/1500 - Loss: 0.4807
Iter 2/1500 - Loss: 0.3646
Iter 3/1500 - Loss: 0.2449
Iter 4/1500 - Loss: 0.1217
Iter 5/1500 - Loss: -0.0049
Iter 6/1500 - Loss: -0.1347
Iter 7/1500 - Loss: -0.2675
Iter 8/1500 - Loss: -0.4029
Iter 9/1500 - Loss: -0.5401
Iter 10/1500 - Loss: -0.6780
Iter 11/1500 - Loss: -0.8158
Iter 12/1500 - Loss: -0.9526
Iter 13/1500 - Loss: -1.0848
Iter 14/1500 - Loss: -1.2069
Iter 15/1500 - Loss: -1.3115
Iter 16/1500 - Loss: -1.3961
Iter 17/1500 - Loss: -1.4698
Iter 18/1500 - Loss: -1.5388
Iter 19/1500 - Loss: -1.6076
Iter 20/1500 - Loss: -1.6817
Iter 21/1500 - Loss: -1.7607
Iter 22/1500 - Loss: -1.8311
Iter 23/1500 - Loss: -1.8809
Iter 24/1500 - Loss: -1.9160
Iter 25/1500 - Loss: -1.9458
Iter 26/1500 - Loss: -1.9744
Iter 27/1500 - Loss: -2.0020
Iter 28/1500 - Loss: -2.0275
Iter 29/1500 - Loss: -2.0505
Iter 30/1500 - Loss: -2.0719
Iter 31/1500 - Loss: -2.0943
Iter 32/1500 - Loss: -2.1188
Iter 33/1500 - Loss: -2.1456
Iter 34/1500 - Loss: -2.1741
Iter 35/1500 - Loss: -2.2021
Iter 36/1500 - Loss: -2.2284
Iter 37/1500 - Loss: -2.2532
Iter 38/1500 - Loss: -2.2756
Iter 39/1500 - Loss: -2.2956
Iter 40/1500 - Loss: -2.3138
Iter 41/1500 - Loss: -2.3306
Iter 42/1500 - Loss: -2.3464
Iter 43/1500 - Loss: -2.3612
Iter 44/1500 - Loss: -2.3764
Iter 45/1500 - Loss: -2.3920
Iter 46/1500 - Loss: -2.4088
Iter 47/1500 - Loss: -2.4258
Iter 48/1500 - Loss: -2.4417
Iter 49/1500 - Loss: -2.4562
Iter 50/1500 - Loss: -2.4702
Iter 51/1500 - Loss: -2.4847
Iter 52/1500 - Loss: -2.4988
Iter 53/1500 - Loss: -2.5127
Iter 54/1500 - Loss: -2.5270
Iter 55/1500 - Loss: -2.5403
Iter 56/1500 - Loss: -2.5518
Iter 57/1500 - Loss: -2.5617
Iter 58/1500 - Loss: -2.5698
Iter 59/1500 - Loss: -2.5759
Iter 60/1500 - Loss: -2.5849
Iter 61/1500 - Loss: -2.5905
Iter 62/1500 - Loss: -2.5951
Iter 63/1500 - Loss: -2.6022
Iter 64/1500 - Loss: -2.6088
Iter 65/1500 - Loss: -2.6122
Iter 66/1500 - Loss: -2.6184
Iter 67/1500 - Loss: -2.6257
Iter 68/1500 - Loss: -2.6270
Iter 69/1500 - Loss: -2.6320
Iter 70/1500 - Loss: -2.6391
Iter 71/1500 - Loss: -2.6410
Iter 72/1500 - Loss: -2.6455
Iter 73/1500 - Loss: -2.6532
Iter 74/1500 - Loss: -2.6558
Iter 75/1500 - Loss: -2.6594
Iter 76/1500 - Loss: -2.6679
Iter 77/1500 - Loss: -2.6694
Iter 78/1500 - Loss: -2.6739
Iter 79/1500 - Loss: -2.6804
Iter 80/1500 - Loss: -2.6813
Iter 81/1500 - Loss: -2.6869
Iter 82/1500 - Loss: -2.6916
Iter 83/1500 - Loss: -2.6947
Iter 84/1500 - Loss: -2.6995
Iter 85/1500 - Loss: -2.7023
Iter 86/1500 - Loss: -2.7069
Iter 87/1500 - Loss: -2.7107
Iter 88/1500 - Loss: -2.7134
Iter 89/1500 - Loss: -2.7176
Iter 90/1500 - Loss: -2.7208
Iter 91/1500 - Loss: -2.7243
Iter 92/1500 - Loss: -2.7283
Iter 93/1500 - Loss: -2.7303
Iter 94/1500 - Loss: -2.7334
Iter 95/1500 - Loss: -2.7365
Iter 96/1500 - Loss: -2.7383
Iter 97/1500 - Loss: -2.7405
Iter 98/1500 - Loss: -2.7435
Iter 99/1500 - Loss: -2.7458
Iter 100/1500 - Loss: -2.7469
Iter 101/1500 - Loss: -2.7487
reducing lr to 0.010000
Iter 102/1500 - Loss: -2.7525
Iter 103/1500 - Loss: -2.7535
Iter 104/1500 - Loss: -2.7552
Iter 105/1500 - Loss: -2.7559
Iter 106/1500 - Loss: -2.7555
Iter 107/1500 - Loss: -2.7551
Iter 108/1500 - Loss: -2.7556
Iter 109/1500 - Loss: -2.7567
Iter 110/1500 - Loss: -2.7573
Iter 111/1500 - Loss: -2.7574
Iter 112/1500 - Loss: -2.7573
Iter 113/1500 - Loss: -2.7577
Iter 114/1500 - Loss: -2.7584
Iter 115/1500 - Loss: -2.7589
Iter 116/1500 - Loss: -2.7592
Iter 117/1500 - Loss: -2.7594
Iter 118/1500 - Loss: -2.7597
Iter 119/1500 - Loss: -2.7603
Iter 120/1500 - Loss: -2.7608
Iter 121/1500 - Loss: -2.7611
Iter 122/1500 - Loss: -2.7615
Iter 123/1500 - Loss: -2.7619
Iter 124/1500 - Loss: -2.7624
Iter 125/1500 - Loss: -2.7629
Iter 126/1500 - Loss: -2.7633
Iter 127/1500 - Loss: -2.7638
Iter 128/1500 - Loss: -2.7643
Iter 129/1500 - Loss: -2.7648
Iter 130/1500 - Loss: -2.7654
Iter 131/1500 - Loss: -2.7659
Iter 132/1500 - Loss: -2.7664
Iter 133/1500 - Loss: -2.7670
Iter 134/1500 - Loss: -2.7676
Iter 135/1500 - Loss: -2.7682
Iter 136/1500 - Loss: -2.7688
Iter 137/1500 - Loss: -2.7694
Iter 138/1500 - Loss: -2.7701
Iter 139/1500 - Loss: -2.7707
Iter 140/1500 - Loss: -2.7714
Iter 141/1500 - Loss: -2.7720
Iter 142/1500 - Loss: -2.7727
Iter 143/1500 - Loss: -2.7735
Iter 144/1500 - Loss: -2.7742
Iter 145/1500 - Loss: -2.7749
Iter 146/1500 - Loss: -2.7756
Iter 147/1500 - Loss: -2.7764
Iter 148/1500 - Loss: -2.7771
Iter 149/1500 - Loss: -2.7779
Iter 150/1500 - Loss: -2.7786
Iter 151/1500 - Loss: -2.7794
Iter 152/1500 - Loss: -2.7802
Iter 153/1500 - Loss: -2.7809
Iter 154/1500 - Loss: -2.7817
Iter 155/1500 - Loss: -2.7825
Iter 156/1500 - Loss: -2.7832
Iter 157/1500 - Loss: -2.7840
Iter 158/1500 - Loss: -2.7848
Iter 159/1500 - Loss: -2.7855
Iter 160/1500 - Loss: -2.7863
Iter 161/1500 - Loss: -2.7870
Iter 162/1500 - Loss: -2.7878
Iter 163/1500 - Loss: -2.7885
Iter 164/1500 - Loss: -2.7892
Iter 165/1500 - Loss: -2.7899
Iter 166/1500 - Loss: -2.7907
Iter 167/1500 - Loss: -2.7914
Iter 168/1500 - Loss: -2.7920
Iter 169/1500 - Loss: -2.7927
Iter 170/1500 - Loss: -2.7934
Iter 171/1500 - Loss: -2.7941
Iter 172/1500 - Loss: -2.7947
Iter 173/1500 - Loss: -2.7954
Iter 174/1500 - Loss: -2.7960
Iter 175/1500 - Loss: -2.7966
Iter 176/1500 - Loss: -2.7972
Iter 177/1500 - Loss: -2.7979
Iter 178/1500 - Loss: -2.7985
Iter 179/1500 - Loss: -2.7990
Iter 180/1500 - Loss: -2.7996
Iter 181/1500 - Loss: -2.8002
Iter 182/1500 - Loss: -2.8007
Iter 183/1500 - Loss: -2.8013
Iter 184/1500 - Loss: -2.8018
Iter 185/1500 - Loss: -2.8024
Iter 186/1500 - Loss: -2.8029
Iter 187/1500 - Loss: -2.8034
Iter 188/1500 - Loss: -2.8039
Iter 189/1500 - Loss: -2.8044
Iter 190/1500 - Loss: -2.8049
Iter 191/1500 - Loss: -2.8054
Iter 192/1500 - Loss: -2.8059
Iter 193/1500 - Loss: -2.8063
Iter 194/1500 - Loss: -2.8068
Iter 195/1500 - Loss: -2.8072
Iter 196/1500 - Loss: -2.8077
Iter 197/1500 - Loss: -2.8081
Iter 198/1500 - Loss: -2.8086
Iter 199/1500 - Loss: -2.8090
Iter 200/1500 - Loss: -2.8094
Iter 201/1500 - Loss: -2.8099
Iter 202/1500 - Loss: -2.8103
Iter 203/1500 - Loss: -2.8107
Iter 204/1500 - Loss: -2.8111
Iter 205/1500 - Loss: -2.8115
Iter 206/1500 - Loss: -2.8119
Iter 207/1500 - Loss: -2.8123
Iter 208/1500 - Loss: -2.8127
Iter 209/1500 - Loss: -2.8131
Iter 210/1500 - Loss: -2.8134
Iter 211/1500 - Loss: -2.8138
Iter 212/1500 - Loss: -2.8142
Iter 213/1500 - Loss: -2.8146
Iter 214/1500 - Loss: -2.8149
Iter 215/1500 - Loss: -2.8153
Iter 216/1500 - Loss: -2.8156
Iter 217/1500 - Loss: -2.8160
Iter 218/1500 - Loss: -2.8163
Iter 219/1500 - Loss: -2.8167
Iter 220/1500 - Loss: -2.8170
Iter 221/1500 - Loss: -2.8174
Iter 222/1500 - Loss: -2.8177
Iter 223/1500 - Loss: -2.8181
Iter 224/1500 - Loss: -2.8184
Iter 225/1500 - Loss: -2.8187
Iter 226/1500 - Loss: -2.8190
Iter 227/1500 - Loss: -2.8194
Iter 228/1500 - Loss: -2.8197
Iter 229/1500 - Loss: -2.8200
Iter 230/1500 - Loss: -2.8203
Iter 231/1500 - Loss: -2.8206
Iter 232/1500 - Loss: -2.8209
Iter 233/1500 - Loss: -2.8213
Iter 234/1500 - Loss: -2.8216
Iter 235/1500 - Loss: -2.8219
Iter 236/1500 - Loss: -2.8222
Iter 237/1500 - Loss: -2.8225
Iter 238/1500 - Loss: -2.8228
Iter 239/1500 - Loss: -2.8230
Iter 240/1500 - Loss: -2.8233
Iter 241/1500 - Loss: -2.8236
Iter 242/1500 - Loss: -2.8239
Iter 243/1500 - Loss: -2.8242
Iter 244/1500 - Loss: -2.8245
Iter 245/1500 - Loss: -2.8247
Iter 246/1500 - Loss: -2.8250
Iter 247/1500 - Loss: -2.8253
Iter 248/1500 - Loss: -2.8256
Iter 249/1500 - Loss: -2.8258
Iter 250/1500 - Loss: -2.8261
Iter 251/1500 - Loss: -2.8264
Iter 252/1500 - Loss: -2.8266
Iter 253/1500 - Loss: -2.8269
Iter 254/1500 - Loss: -2.8271
Iter 255/1500 - Loss: -2.8274
Iter 256/1500 - Loss: -2.8276
Iter 257/1500 - Loss: -2.8279
Iter 258/1500 - Loss: -2.8281
Iter 259/1500 - Loss: -2.8284
Iter 260/1500 - Loss: -2.8286
Iter 261/1500 - Loss: -2.8289
Iter 262/1500 - Loss: -2.8291
Iter 263/1500 - Loss: -2.8293
Iter 264/1500 - Loss: -2.8296
Iter 265/1500 - Loss: -2.8298
Iter 266/1500 - Loss: -2.8300
Iter 267/1500 - Loss: -2.8303
Iter 268/1500 - Loss: -2.8305
Iter 269/1500 - Loss: -2.8307
Iter 270/1500 - Loss: -2.8309
Iter 271/1500 - Loss: -2.8312
Iter 272/1500 - Loss: -2.8314
Iter 273/1500 - Loss: -2.8316
Iter 274/1500 - Loss: -2.8318
Iter 275/1500 - Loss: -2.8320
Iter 276/1500 - Loss: -2.8322
Iter 277/1500 - Loss: -2.8324
Iter 278/1500 - Loss: -2.8326
Iter 279/1500 - Loss: -2.8328
Iter 280/1500 - Loss: -2.8330
Iter 281/1500 - Loss: -2.8332
Iter 282/1500 - Loss: -2.8334
Iter 283/1500 - Loss: -2.8336
Iter 284/1500 - Loss: -2.8338
Iter 285/1500 - Loss: -2.8340
Iter 286/1500 - Loss: -2.8342
Iter 287/1500 - Loss: -2.8344
Iter 288/1500 - Loss: -2.8346
Iter 289/1500 - Loss: -2.8348
Iter 290/1500 - Loss: -2.8349
Iter 291/1500 - Loss: -2.8351
Iter 292/1500 - Loss: -2.8353
Iter 293/1500 - Loss: -2.8355
Iter 294/1500 - Loss: -2.8357
Iter 295/1500 - Loss: -2.8358
Iter 296/1500 - Loss: -2.8360
Iter 297/1500 - Loss: -2.8362
Iter 298/1500 - Loss: -2.8364
Iter 299/1500 - Loss: -2.8365
Iter 300/1500 - Loss: -2.8367
Iter 301/1500 - Loss: -2.8369
Iter 302/1500 - Loss: -2.8370
Iter 303/1500 - Loss: -2.8372
Iter 304/1500 - Loss: -2.8373
Iter 305/1500 - Loss: -2.8375
Iter 306/1500 - Loss: -2.8377
Iter 307/1500 - Loss: -2.8378
Iter 308/1500 - Loss: -2.8380
Iter 309/1500 - Loss: -2.8381
Iter 310/1500 - Loss: -2.8383
Iter 311/1500 - Loss: -2.8384
Iter 312/1500 - Loss: -2.8386
Iter 313/1500 - Loss: -2.8387
Iter 314/1500 - Loss: -2.8389
Iter 315/1500 - Loss: -2.8390
Iter 316/1500 - Loss: -2.8392
Iter 317/1500 - Loss: -2.8393
Iter 318/1500 - Loss: -2.8394
Iter 319/1500 - Loss: -2.8396
Iter 320/1500 - Loss: -2.8397
Iter 321/1500 - Loss: -2.8399
Iter 322/1500 - Loss: -2.8400
Iter 323/1500 - Loss: -2.8401
Iter 324/1500 - Loss: -2.8403
Iter 325/1500 - Loss: -2.8404
Iter 326/1500 - Loss: -2.8405
Iter 327/1500 - Loss: -2.8407
Iter 328/1500 - Loss: -2.8408
Iter 329/1500 - Loss: -2.8409
Iter 330/1500 - Loss: -2.8411
Iter 331/1500 - Loss: -2.8412
Iter 332/1500 - Loss: -2.8413
Iter 333/1500 - Loss: -2.8414
Iter 334/1500 - Loss: -2.8416
Iter 335/1500 - Loss: -2.8417
Iter 336/1500 - Loss: -2.8418
Iter 337/1500 - Loss: -2.8419
Iter 338/1500 - Loss: -2.8421
Iter 339/1500 - Loss: -2.8422
Iter 340/1500 - Loss: -2.8423
Iter 341/1500 - Loss: -2.8424
Iter 342/1500 - Loss: -2.8425
Iter 343/1500 - Loss: -2.8426
Iter 344/1500 - Loss: -2.8428
Iter 345/1500 - Loss: -2.8429
Iter 346/1500 - Loss: -2.8430
Iter 347/1500 - Loss: -2.8431
Iter 348/1500 - Loss: -2.8432
Iter 349/1500 - Loss: -2.8433
Iter 350/1500 - Loss: -2.8434
Iter 351/1500 - Loss: -2.8436
Iter 352/1500 - Loss: -2.8437
Iter 353/1500 - Loss: -2.8438
Iter 354/1500 - Loss: -2.8439
Iter 355/1500 - Loss: -2.8440
Iter 356/1500 - Loss: -2.8441
Iter 357/1500 - Loss: -2.8442
Iter 358/1500 - Loss: -2.8443
Iter 359/1500 - Loss: -2.8444
Iter 360/1500 - Loss: -2.8445
Iter 361/1500 - Loss: -2.8446
Iter 362/1500 - Loss: -2.8447
Iter 363/1500 - Loss: -2.8448
Iter 364/1500 - Loss: -2.8449
Iter 365/1500 - Loss: -2.8450
Iter 366/1500 - Loss: -2.8451
Iter 367/1500 - Loss: -2.8452
Iter 368/1500 - Loss: -2.8453
Iter 369/1500 - Loss: -2.8454
Iter 370/1500 - Loss: -2.8455
Iter 371/1500 - Loss: -2.8456
Iter 372/1500 - Loss: -2.8457
Iter 373/1500 - Loss: -2.8458
Iter 374/1500 - Loss: -2.8459
Iter 375/1500 - Loss: -2.8460
Iter 376/1500 - Loss: -2.8461
Iter 377/1500 - Loss: -2.8462
Iter 378/1500 - Loss: -2.8463
Iter 379/1500 - Loss: -2.8464
Iter 380/1500 - Loss: -2.8465
Iter 381/1500 - Loss: -2.8466
Iter 382/1500 - Loss: -2.8467
Iter 383/1500 - Loss: -2.8468
Iter 384/1500 - Loss: -2.8469
Iter 385/1500 - Loss: -2.8470
Iter 386/1500 - Loss: -2.8470
Iter 387/1500 - Loss: -2.8471
Iter 388/1500 - Loss: -2.8472
Iter 389/1500 - Loss: -2.8473
Iter 390/1500 - Loss: -2.8474
Iter 391/1500 - Loss: -2.8475
Iter 392/1500 - Loss: -2.8476
Iter 393/1500 - Loss: -2.8477
Iter 394/1500 - Loss: -2.8478
Iter 395/1500 - Loss: -2.8479
Iter 396/1500 - Loss: -2.8479
Iter 397/1500 - Loss: -2.8480
Iter 398/1500 - Loss: -2.8481
Iter 399/1500 - Loss: -2.8481
Iter 400/1500 - Loss: -2.8480
Iter 401/1500 - Loss: -2.8477
Iter 402/1500 - Loss: -2.8468
Iter 403/1500 - Loss: -2.8468
Iter 404/1500 - Loss: -2.8485
Iter 405/1500 - Loss: -2.8481
Iter 406/1500 - Loss: -2.8477
Iter 407/1500 - Loss: -2.8489
Iter 408/1500 - Loss: -2.8482
Iter 409/1500 - Loss: -2.8486
Iter 410/1500 - Loss: -2.8490
Iter 411/1500 - Loss: -2.8486
Iter 412/1500 - Loss: -2.8493
Iter 413/1500 - Loss: -2.8489
Iter 414/1500 - Loss: -2.8493
Iter 415/1500 - Loss: -2.8493
Iter 416/1500 - Loss: -2.8493
Iter 417/1500 - Loss: -2.8497
Iter 418/1500 - Loss: -2.8495
Iter 419/1500 - Loss: -2.8499
Iter 420/1500 - Loss: -2.8497
Iter 421/1500 - Loss: -2.8500
Iter 422/1500 - Loss: -2.8500
Iter 423/1500 - Loss: -2.8501
Iter 424/1500 - Loss: -2.8502
Iter 425/1500 - Loss: -2.8502
Iter 426/1500 - Loss: -2.8504
Iter 427/1500 - Loss: -2.8504
Iter 428/1500 - Loss: -2.8506
Iter 429/1500 - Loss: -2.8506
Iter 430/1500 - Loss: -2.8507
Iter 431/1500 - Loss: -2.8508
Iter 432/1500 - Loss: -2.8508
Iter 433/1500 - Loss: -2.8510
Iter 434/1500 - Loss: -2.8510
Iter 435/1500 - Loss: -2.8511
Iter 436/1500 - Loss: -2.8512
Iter 437/1500 - Loss: -2.8513
Iter 438/1500 - Loss: -2.8513
Iter 439/1500 - Loss: -2.8514
Iter 440/1500 - Loss: -2.8515
Iter 441/1500 - Loss: -2.8516
Iter 442/1500 - Loss: -2.8517
Iter 443/1500 - Loss: -2.8517
Iter 444/1500 - Loss: -2.8518
Iter 445/1500 - Loss: -2.8519
Iter 446/1500 - Loss: -2.8519
Iter 447/1500 - Loss: -2.8520
Iter 448/1500 - Loss: -2.8521
Iter 449/1500 - Loss: -2.8522
Iter 450/1500 - Loss: -2.8523
Iter 451/1500 - Loss: -2.8523
Iter 452/1500 - Loss: -2.8524
Iter 453/1500 - Loss: -2.8525
Iter 454/1500 - Loss: -2.8526
Iter 455/1500 - Loss: -2.8526
Iter 456/1500 - Loss: -2.8527
Iter 457/1500 - Loss: -2.8528
Iter 458/1500 - Loss: -2.8529
Iter 459/1500 - Loss: -2.8529
Iter 460/1500 - Loss: -2.8530
Iter 461/1500 - Loss: -2.8531
Iter 462/1500 - Loss: -2.8531
Iter 463/1500 - Loss: -2.8532
Iter 464/1500 - Loss: -2.8533
Iter 465/1500 - Loss: -2.8534
Iter 466/1500 - Loss: -2.8534
Iter 467/1500 - Loss: -2.8535
Iter 468/1500 - Loss: -2.8536
Iter 469/1500 - Loss: -2.8537
Iter 470/1500 - Loss: -2.8537
Iter 471/1500 - Loss: -2.8538
Iter 472/1500 - Loss: -2.8539
Iter 473/1500 - Loss: -2.8539
Iter 474/1500 - Loss: -2.8540
Iter 475/1500 - Loss: -2.8541
Iter 476/1500 - Loss: -2.8542
Iter 477/1500 - Loss: -2.8542
Iter 478/1500 - Loss: -2.8543
Iter 479/1500 - Loss: -2.8544
Iter 480/1500 - Loss: -2.8544
Iter 481/1500 - Loss: -2.8545
Iter 482/1500 - Loss: -2.8546
Iter 483/1500 - Loss: -2.8547
Iter 484/1500 - Loss: -2.8547
Iter 485/1500 - Loss: -2.8548
Iter 486/1500 - Loss: -2.8549
Iter 487/1500 - Loss: -2.8549
Iter 488/1500 - Loss: -2.8550
Iter 489/1500 - Loss: -2.8551
Iter 490/1500 - Loss: -2.8551
Iter 491/1500 - Loss: -2.8552
Iter 492/1500 - Loss: -2.8553
Iter 493/1500 - Loss: -2.8553
Iter 494/1500 - Loss: -2.8554
Iter 495/1500 - Loss: -2.8555
Iter 496/1500 - Loss: -2.8556
Iter 497/1500 - Loss: -2.8556
Iter 498/1500 - Loss: -2.8557
Iter 499/1500 - Loss: -2.8558
Iter 500/1500 - Loss: -2.8558
Iter 501/1500 - Loss: -2.8559
reducing lr to 0.001000
Iter 502/1500 - Loss: -2.8560
Iter 503/1500 - Loss: -2.8560
Iter 504/1500 - Loss: -2.8560
Iter 505/1500 - Loss: -2.8560
Iter 506/1500 - Loss: -2.8560
Iter 507/1500 - Loss: -2.8560
Iter 508/1500 - Loss: -2.8560
Iter 509/1500 - Loss: -2.8560
Iter 510/1500 - Loss: -2.8560
Iter 511/1500 - Loss: -2.8560
Iter 512/1500 - Loss: -2.8560
Iter 513/1500 - Loss: -2.8560
Iter 514/1500 - Loss: -2.8560
Iter 515/1500 - Loss: -2.8560
Iter 516/1500 - Loss: -2.8561
Iter 517/1500 - Loss: -2.8561
Iter 518/1500 - Loss: -2.8561
Iter 519/1500 - Loss: -2.8561
Iter 520/1500 - Loss: -2.8561
Iter 521/1500 - Loss: -2.8561
Iter 522/1500 - Loss: -2.8561
Iter 523/1500 - Loss: -2.8561
Iter 524/1500 - Loss: -2.8561
Iter 525/1500 - Loss: -2.8561
Iter 526/1500 - Loss: -2.8561
Iter 527/1500 - Loss: -2.8561
Iter 528/1500 - Loss: -2.8561
Iter 529/1500 - Loss: -2.8561
Iter 530/1500 - Loss: -2.8562
Iter 531/1500 - Loss: -2.8562
Iter 532/1500 - Loss: -2.8562
Iter 533/1500 - Loss: -2.8562
Iter 534/1500 - Loss: -2.8562
Iter 535/1500 - Loss: -2.8562
Iter 536/1500 - Loss: -2.8562
Iter 537/1500 - Loss: -2.8562
Iter 538/1500 - Loss: -2.8562
Iter 539/1500 - Loss: -2.8562
Iter 540/1500 - Loss: -2.8562
Iter 541/1500 - Loss: -2.8562
Iter 542/1500 - Loss: -2.8562
Iter 543/1500 - Loss: -2.8562
Iter 544/1500 - Loss: -2.8562
Iter 545/1500 - Loss: -2.8563
Iter 546/1500 - Loss: -2.8563
Iter 547/1500 - Loss: -2.8563
Iter 548/1500 - Loss: -2.8563
Iter 549/1500 - Loss: -2.8563
Iter 550/1500 - Loss: -2.8563
Iter 551/1500 - Loss: -2.8563
Iter 552/1500 - Loss: -2.8563
Iter 553/1500 - Loss: -2.8563
Iter 554/1500 - Loss: -2.8563
Iter 555/1500 - Loss: -2.8563
Iter 556/1500 - Loss: -2.8563
Iter 557/1500 - Loss: -2.8563
Iter 558/1500 - Loss: -2.8563
Iter 559/1500 - Loss: -2.8564
Iter 560/1500 - Loss: -2.8564
Iter 561/1500 - Loss: -2.8564
Iter 562/1500 - Loss: -2.8564
Iter 563/1500 - Loss: -2.8564
Iter 564/1500 - Loss: -2.8564
Iter 565/1500 - Loss: -2.8564
Iter 566/1500 - Loss: -2.8564
Iter 567/1500 - Loss: -2.8564
Iter 568/1500 - Loss: -2.8564
Iter 569/1500 - Loss: -2.8564
Iter 570/1500 - Loss: -2.8564
Iter 571/1500 - Loss: -2.8564
Iter 572/1500 - Loss: -2.8564
Iter 573/1500 - Loss: -2.8564
Iter 574/1500 - Loss: -2.8565
Iter 575/1500 - Loss: -2.8565
Iter 576/1500 - Loss: -2.8565
Iter 577/1500 - Loss: -2.8565
Iter 578/1500 - Loss: -2.8565
Iter 579/1500 - Loss: -2.8565
Iter 580/1500 - Loss: -2.8565
Iter 581/1500 - Loss: -2.8565
Iter 582/1500 - Loss: -2.8565
Iter 583/1500 - Loss: -2.8565
Iter 584/1500 - Loss: -2.8565
Iter 585/1500 - Loss: -2.8565
Iter 586/1500 - Loss: -2.8565
Iter 587/1500 - Loss: -2.8565
Iter 588/1500 - Loss: -2.8566
Iter 589/1500 - Loss: -2.8566
Iter 590/1500 - Loss: -2.8566
Iter 591/1500 - Loss: -2.8566
Iter 592/1500 - Loss: -2.8566
Iter 593/1500 - Loss: -2.8566
Iter 594/1500 - Loss: -2.8566
Iter 595/1500 - Loss: -2.8566
Iter 596/1500 - Loss: -2.8566
Iter 597/1500 - Loss: -2.8566
Iter 598/1500 - Loss: -2.8566
Iter 599/1500 - Loss: -2.8566
Iter 600/1500 - Loss: -2.8566
Iter 601/1500 - Loss: -2.8566
Iter 602/1500 - Loss: -2.8567
Iter 603/1500 - Loss: -2.8567
Iter 604/1500 - Loss: -2.8567
Iter 605/1500 - Loss: -2.8567
Iter 606/1500 - Loss: -2.8567
Iter 607/1500 - Loss: -2.8567
Iter 608/1500 - Loss: -2.8567
Iter 609/1500 - Loss: -2.8567
Iter 610/1500 - Loss: -2.8567
Iter 611/1500 - Loss: -2.8567
Iter 612/1500 - Loss: -2.8567
Iter 613/1500 - Loss: -2.8567
Iter 614/1500 - Loss: -2.8567
Iter 615/1500 - Loss: -2.8567
Iter 616/1500 - Loss: -2.8568
Iter 617/1500 - Loss: -2.8568
Iter 618/1500 - Loss: -2.8568
Iter 619/1500 - Loss: -2.8568
Iter 620/1500 - Loss: -2.8568
Iter 621/1500 - Loss: -2.8568
Iter 622/1500 - Loss: -2.8568
Iter 623/1500 - Loss: -2.8568
Iter 624/1500 - Loss: -2.8568
Iter 625/1500 - Loss: -2.8568
Iter 626/1500 - Loss: -2.8568
Iter 627/1500 - Loss: -2.8568
Iter 628/1500 - Loss: -2.8568
Iter 629/1500 - Loss: -2.8568
Iter 630/1500 - Loss: -2.8569
Iter 631/1500 - Loss: -2.8569
Iter 632/1500 - Loss: -2.8569
Iter 633/1500 - Loss: -2.8569
Iter 634/1500 - Loss: -2.8569
Iter 635/1500 - Loss: -2.8569
Iter 636/1500 - Loss: -2.8569
Iter 637/1500 - Loss: -2.8569
Iter 638/1500 - Loss: -2.8569
Iter 639/1500 - Loss: -2.8569
Iter 640/1500 - Loss: -2.8569
Iter 641/1500 - Loss: -2.8569
Iter 642/1500 - Loss: -2.8569
Iter 643/1500 - Loss: -2.8569
Iter 644/1500 - Loss: -2.8570
Iter 645/1500 - Loss: -2.8570
Iter 646/1500 - Loss: -2.8570
Iter 647/1500 - Loss: -2.8570
Iter 648/1500 - Loss: -2.8570
Iter 649/1500 - Loss: -2.8570
Iter 650/1500 - Loss: -2.8570
Iter 651/1500 - Loss: -2.8570
Iter 652/1500 - Loss: -2.8570
Iter 653/1500 - Loss: -2.8570
Iter 654/1500 - Loss: -2.8570
Iter 655/1500 - Loss: -2.8570
Iter 656/1500 - Loss: -2.8570
Iter 657/1500 - Loss: -2.8570
Iter 658/1500 - Loss: -2.8571
Iter 659/1500 - Loss: -2.8571
Iter 660/1500 - Loss: -2.8571
Iter 661/1500 - Loss: -2.8571
Iter 662/1500 - Loss: -2.8571
Iter 663/1500 - Loss: -2.8571
Iter 664/1500 - Loss: -2.8571
Iter 665/1500 - Loss: -2.8571
Iter 666/1500 - Loss: -2.8571
Iter 667/1500 - Loss: -2.8571
Iter 668/1500 - Loss: -2.8571
Iter 669/1500 - Loss: -2.8571
Iter 670/1500 - Loss: -2.8571
Iter 671/1500 - Loss: -2.8572
Iter 672/1500 - Loss: -2.8572
Iter 673/1500 - Loss: -2.8572
Iter 674/1500 - Loss: -2.8572
Iter 675/1500 - Loss: -2.8572
Iter 676/1500 - Loss: -2.8572
Iter 677/1500 - Loss: -2.8572
Iter 678/1500 - Loss: -2.8572
Iter 679/1500 - Loss: -2.8572
Iter 680/1500 - Loss: -2.8572
Iter 681/1500 - Loss: -2.8572
Iter 682/1500 - Loss: -2.8572
Iter 683/1500 - Loss: -2.8572
Iter 684/1500 - Loss: -2.8572
Iter 685/1500 - Loss: -2.8573
Iter 686/1500 - Loss: -2.8573
Iter 687/1500 - Loss: -2.8573
Iter 688/1500 - Loss: -2.8573
Iter 689/1500 - Loss: -2.8573
Iter 690/1500 - Loss: -2.8573
Iter 691/1500 - Loss: -2.8573
Iter 692/1500 - Loss: -2.8573
Iter 693/1500 - Loss: -2.8573
Iter 694/1500 - Loss: -2.8573
Iter 695/1500 - Loss: -2.8573
Iter 696/1500 - Loss: -2.8573
Iter 697/1500 - Loss: -2.8573
Iter 698/1500 - Loss: -2.8573
Iter 699/1500 - Loss: -2.8574
Iter 700/1500 - Loss: -2.8574
Iter 701/1500 - Loss: -2.8574
Iter 702/1500 - Loss: -2.8574
Iter 703/1500 - Loss: -2.8574
Iter 704/1500 - Loss: -2.8574
Iter 705/1500 - Loss: -2.8574
Iter 706/1500 - Loss: -2.8574
Iter 707/1500 - Loss: -2.8574
Iter 708/1500 - Loss: -2.8574
Iter 709/1500 - Loss: -2.8574
Iter 710/1500 - Loss: -2.8574
Iter 711/1500 - Loss: -2.8574
Iter 712/1500 - Loss: -2.8575
Iter 713/1500 - Loss: -2.8575
Iter 714/1500 - Loss: -2.8575
Iter 715/1500 - Loss: -2.8575
Iter 716/1500 - Loss: -2.8575
Iter 717/1500 - Loss: -2.8575
Iter 718/1500 - Loss: -2.8575
Iter 719/1500 - Loss: -2.8575
Iter 720/1500 - Loss: -2.8575
Iter 721/1500 - Loss: -2.8575
Iter 722/1500 - Loss: -2.8575
Iter 723/1500 - Loss: -2.8575
Iter 724/1500 - Loss: -2.8575
Iter 725/1500 - Loss: -2.8575
Iter 726/1500 - Loss: -2.8576
Iter 727/1500 - Loss: -2.8576
Iter 728/1500 - Loss: -2.8576
Iter 729/1500 - Loss: -2.8576
Iter 730/1500 - Loss: -2.8576
Iter 731/1500 - Loss: -2.8576
Iter 732/1500 - Loss: -2.8576
Iter 733/1500 - Loss: -2.8576
Iter 734/1500 - Loss: -2.8576
Iter 735/1500 - Loss: -2.8576
Iter 736/1500 - Loss: -2.8576
Iter 737/1500 - Loss: -2.8576
Iter 738/1500 - Loss: -2.8576
Iter 739/1500 - Loss: -2.8577
Iter 740/1500 - Loss: -2.8577
Iter 741/1500 - Loss: -2.8577
Iter 742/1500 - Loss: -2.8577
Iter 743/1500 - Loss: -2.8577
Iter 744/1500 - Loss: -2.8577
Iter 745/1500 - Loss: -2.8577
Iter 746/1500 - Loss: -2.8577
Iter 747/1500 - Loss: -2.8577
Iter 748/1500 - Loss: -2.8577
Iter 749/1500 - Loss: -2.8577
Iter 750/1500 - Loss: -2.8577
Iter 751/1500 - Loss: -2.8577
Iter 752/1500 - Loss: -2.8578
Iter 753/1500 - Loss: -2.8578
Iter 754/1500 - Loss: -2.8578
Iter 755/1500 - Loss: -2.8578
Iter 756/1500 - Loss: -2.8578
Iter 757/1500 - Loss: -2.8578
Iter 758/1500 - Loss: -2.8578
Iter 759/1500 - Loss: -2.8578
Iter 760/1500 - Loss: -2.8578
Iter 761/1500 - Loss: -2.8578
Iter 762/1500 - Loss: -2.8578
Iter 763/1500 - Loss: -2.8578
Iter 764/1500 - Loss: -2.8578
Iter 765/1500 - Loss: -2.8578
Iter 766/1500 - Loss: -2.8579
Iter 767/1500 - Loss: -2.8579
Iter 768/1500 - Loss: -2.8579
Iter 769/1500 - Loss: -2.8579
Iter 770/1500 - Loss: -2.8579
Iter 771/1500 - Loss: -2.8579
Iter 772/1500 - Loss: -2.8579
Iter 773/1500 - Loss: -2.8579
Iter 774/1500 - Loss: -2.8579
Iter 775/1500 - Loss: -2.8579
Iter 776/1500 - Loss: -2.8579
Iter 777/1500 - Loss: -2.8579
Iter 778/1500 - Loss: -2.8579
Iter 779/1500 - Loss: -2.8580
Iter 780/1500 - Loss: -2.8580
Iter 781/1500 - Loss: -2.8580
Iter 782/1500 - Loss: -2.8580
Iter 783/1500 - Loss: -2.8580
Iter 784/1500 - Loss: -2.8580
Iter 785/1500 - Loss: -2.8580
Iter 786/1500 - Loss: -2.8580
Iter 787/1500 - Loss: -2.8580
Iter 788/1500 - Loss: -2.8580
Iter 789/1500 - Loss: -2.8580
Iter 790/1500 - Loss: -2.8580
Iter 791/1500 - Loss: -2.8580
Iter 792/1500 - Loss: -2.8581
Iter 793/1500 - Loss: -2.8581
Iter 794/1500 - Loss: -2.8581
Iter 795/1500 - Loss: -2.8581
Iter 796/1500 - Loss: -2.8581
Iter 797/1500 - Loss: -2.8581
Iter 798/1500 - Loss: -2.8581
Iter 799/1500 - Loss: -2.8581
Iter 800/1500 - Loss: -2.8581
Iter 801/1500 - Loss: -2.8581
Iter 802/1500 - Loss: -2.8581
Iter 803/1500 - Loss: -2.8581
Iter 804/1500 - Loss: -2.8581
Iter 805/1500 - Loss: -2.8582
Iter 806/1500 - Loss: -2.8582
Iter 807/1500 - Loss: -2.8582
Iter 808/1500 - Loss: -2.8582
Iter 809/1500 - Loss: -2.8582
Iter 810/1500 - Loss: -2.8582
Iter 811/1500 - Loss: -2.8582
Iter 812/1500 - Loss: -2.8582
Iter 813/1500 - Loss: -2.8582
Iter 814/1500 - Loss: -2.8582
Iter 815/1500 - Loss: -2.8582
Iter 816/1500 - Loss: -2.8582
Iter 817/1500 - Loss: -2.8582
Iter 818/1500 - Loss: -2.8583
Iter 819/1500 - Loss: -2.8583
Iter 820/1500 - Loss: -2.8583
Iter 821/1500 - Loss: -2.8583
Iter 822/1500 - Loss: -2.8583
Iter 823/1500 - Loss: -2.8583
Iter 824/1500 - Loss: -2.8583
Iter 825/1500 - Loss: -2.8583
Iter 826/1500 - Loss: -2.8583
Iter 827/1500 - Loss: -2.8583
Iter 828/1500 - Loss: -2.8583
Iter 829/1500 - Loss: -2.8583
Iter 830/1500 - Loss: -2.8583
Iter 831/1500 - Loss: -2.8584
Iter 832/1500 - Loss: -2.8584
Iter 833/1500 - Loss: -2.8584
Iter 834/1500 - Loss: -2.8584
Iter 835/1500 - Loss: -2.8584
Iter 836/1500 - Loss: -2.8584
Iter 837/1500 - Loss: -2.8584
Iter 838/1500 - Loss: -2.8584
Iter 839/1500 - Loss: -2.8584
Iter 840/1500 - Loss: -2.8584
Iter 841/1500 - Loss: -2.8584
Iter 842/1500 - Loss: -2.8584
Iter 843/1500 - Loss: -2.8584
Iter 844/1500 - Loss: -2.8584
Iter 845/1500 - Loss: -2.8585
Iter 846/1500 - Loss: -2.8585
Iter 847/1500 - Loss: -2.8585
Iter 848/1500 - Loss: -2.8585
Iter 849/1500 - Loss: -2.8585
Iter 850/1500 - Loss: -2.8585
Iter 851/1500 - Loss: -2.8585
Iter 852/1500 - Loss: -2.8585
Iter 853/1500 - Loss: -2.8585
Iter 854/1500 - Loss: -2.8585
Iter 855/1500 - Loss: -2.8585
Iter 856/1500 - Loss: -2.8585
Iter 857/1500 - Loss: -2.8585
Iter 858/1500 - Loss: -2.8586
Iter 859/1500 - Loss: -2.8586
Iter 860/1500 - Loss: -2.8586
Iter 861/1500 - Loss: -2.8586
Iter 862/1500 - Loss: -2.8586
Iter 863/1500 - Loss: -2.8586
Iter 864/1500 - Loss: -2.8586
Iter 865/1500 - Loss: -2.8586
Iter 866/1500 - Loss: -2.8586
Iter 867/1500 - Loss: -2.8586
Iter 868/1500 - Loss: -2.8586
Iter 869/1500 - Loss: -2.8586
Iter 870/1500 - Loss: -2.8586
Iter 871/1500 - Loss: -2.8587
Iter 872/1500 - Loss: -2.8587
Iter 873/1500 - Loss: -2.8587
Iter 874/1500 - Loss: -2.8587
Iter 875/1500 - Loss: -2.8587
Iter 876/1500 - Loss: -2.8587
Iter 877/1500 - Loss: -2.8587
Iter 878/1500 - Loss: -2.8587
Iter 879/1500 - Loss: -2.8587
Iter 880/1500 - Loss: -2.8587
Iter 881/1500 - Loss: -2.8587
Iter 882/1500 - Loss: -2.8587
Iter 883/1500 - Loss: -2.8587
Iter 884/1500 - Loss: -2.8588
Iter 885/1500 - Loss: -2.8588
Iter 886/1500 - Loss: -2.8588
Iter 887/1500 - Loss: -2.8588
Iter 888/1500 - Loss: -2.8588
Iter 889/1500 - Loss: -2.8588
Iter 890/1500 - Loss: -2.8588
Iter 891/1500 - Loss: -2.8588
Iter 892/1500 - Loss: -2.8588
Iter 893/1500 - Loss: -2.8588
Iter 894/1500 - Loss: -2.8588
Iter 895/1500 - Loss: -2.8588
Iter 896/1500 - Loss: -2.8588
Iter 897/1500 - Loss: -2.8589
Iter 898/1500 - Loss: -2.8589
Iter 899/1500 - Loss: -2.8589
Iter 900/1500 - Loss: -2.8589
Iter 901/1500 - Loss: -2.8589
Iter 902/1500 - Loss: -2.8589
Iter 903/1500 - Loss: -2.8589
Iter 904/1500 - Loss: -2.8589
Iter 905/1500 - Loss: -2.8589
Iter 906/1500 - Loss: -2.8589
Iter 907/1500 - Loss: -2.8589
Iter 908/1500 - Loss: -2.8589
Iter 909/1500 - Loss: -2.8590
Iter 910/1500 - Loss: -2.8590
Iter 911/1500 - Loss: -2.8590
Iter 912/1500 - Loss: -2.8590
Iter 913/1500 - Loss: -2.8590
Iter 914/1500 - Loss: -2.8590
Iter 915/1500 - Loss: -2.8590
Iter 916/1500 - Loss: -2.8590
Iter 917/1500 - Loss: -2.8590
Iter 918/1500 - Loss: -2.8590
Iter 919/1500 - Loss: -2.8590
Iter 920/1500 - Loss: -2.8590
Iter 921/1500 - Loss: -2.8590
Iter 922/1500 - Loss: -2.8591
Iter 923/1500 - Loss: -2.8591
Iter 924/1500 - Loss: -2.8591
Iter 925/1500 - Loss: -2.8591
Iter 926/1500 - Loss: -2.8591
Iter 927/1500 - Loss: -2.8591
Iter 928/1500 - Loss: -2.8591
Iter 929/1500 - Loss: -2.8591
Iter 930/1500 - Loss: -2.8591
Iter 931/1500 - Loss: -2.8591
Iter 932/1500 - Loss: -2.8591
Iter 933/1500 - Loss: -2.8591
Iter 934/1500 - Loss: -2.8591
Iter 935/1500 - Loss: -2.8592
Iter 936/1500 - Loss: -2.8592
Iter 937/1500 - Loss: -2.8592
Iter 938/1500 - Loss: -2.8592
Iter 939/1500 - Loss: -2.8592
Iter 940/1500 - Loss: -2.8592
Iter 941/1500 - Loss: -2.8592
Iter 942/1500 - Loss: -2.8592
Iter 943/1500 - Loss: -2.8592
Iter 944/1500 - Loss: -2.8592
Iter 945/1500 - Loss: -2.8592
Iter 946/1500 - Loss: -2.8592
Iter 947/1500 - Loss: -2.8592
Iter 948/1500 - Loss: -2.8593
Iter 949/1500 - Loss: -2.8593
Iter 950/1500 - Loss: -2.8593
Iter 951/1500 - Loss: -2.8593
Iter 952/1500 - Loss: -2.8593
Iter 953/1500 - Loss: -2.8593
Iter 954/1500 - Loss: -2.8593
Iter 955/1500 - Loss: -2.8593
Iter 956/1500 - Loss: -2.8593
Iter 957/1500 - Loss: -2.8593
Iter 958/1500 - Loss: -2.8593
Iter 959/1500 - Loss: -2.8593
Iter 960/1500 - Loss: -2.8593
Iter 961/1500 - Loss: -2.8594
Iter 962/1500 - Loss: -2.8594
Iter 963/1500 - Loss: -2.8594
Iter 964/1500 - Loss: -2.8594
Iter 965/1500 - Loss: -2.8594
Iter 966/1500 - Loss: -2.8594
Iter 967/1500 - Loss: -2.8594
Iter 968/1500 - Loss: -2.8594
Iter 969/1500 - Loss: -2.8594
Iter 970/1500 - Loss: -2.8594
Iter 971/1500 - Loss: -2.8594
Iter 972/1500 - Loss: -2.8594
Iter 973/1500 - Loss: -2.8594
Iter 974/1500 - Loss: -2.8595
Iter 975/1500 - Loss: -2.8595
Iter 976/1500 - Loss: -2.8595
Iter 977/1500 - Loss: -2.8595
Iter 978/1500 - Loss: -2.8595
Iter 979/1500 - Loss: -2.8595
Iter 980/1500 - Loss: -2.8595
Iter 981/1500 - Loss: -2.8595
Iter 982/1500 - Loss: -2.8595
Iter 983/1500 - Loss: -2.8595
Iter 984/1500 - Loss: -2.8595
Iter 985/1500 - Loss: -2.8595
Iter 986/1500 - Loss: -2.8595
Iter 987/1500 - Loss: -2.8596
Iter 988/1500 - Loss: -2.8596
Iter 989/1500 - Loss: -2.8596
Iter 990/1500 - Loss: -2.8596
Iter 991/1500 - Loss: -2.8596
Iter 992/1500 - Loss: -2.8596
Iter 993/1500 - Loss: -2.8596
Iter 994/1500 - Loss: -2.8596
Iter 995/1500 - Loss: -2.8596
Iter 996/1500 - Loss: -2.8596
Iter 997/1500 - Loss: -2.8596
Iter 998/1500 - Loss: -2.8596
Iter 999/1500 - Loss: -2.8597
Iter 1000/1500 - Loss: -2.8597
Iter 1001/1500 - Loss: -2.8597
reducing lr to 0.000100
Iter 1002/1500 - Loss: -2.8597
Iter 1003/1500 - Loss: -2.8597
Iter 1004/1500 - Loss: -2.8597
Iter 1005/1500 - Loss: -2.8597
Iter 1006/1500 - Loss: -2.8597
Iter 1007/1500 - Loss: -2.8597
Iter 1008/1500 - Loss: -2.8597
Iter 1009/1500 - Loss: -2.8597
Iter 1010/1500 - Loss: -2.8597
Iter 1011/1500 - Loss: -2.8597
Iter 1012/1500 - Loss: -2.8597
Iter 1013/1500 - Loss: -2.8597
Iter 1014/1500 - Loss: -2.8597
Iter 1015/1500 - Loss: -2.8597
Iter 1016/1500 - Loss: -2.8597
Iter 1017/1500 - Loss: -2.8597
Iter 1018/1500 - Loss: -2.8597
Iter 1019/1500 - Loss: -2.8597
Iter 1020/1500 - Loss: -2.8597
Iter 1021/1500 - Loss: -2.8597
Iter 1022/1500 - Loss: -2.8597
Iter 1023/1500 - Loss: -2.8597
Iter 1024/1500 - Loss: -2.8597
Iter 1025/1500 - Loss: -2.8597
Iter 1026/1500 - Loss: -2.8597
Iter 1027/1500 - Loss: -2.8597
Iter 1028/1500 - Loss: -2.8597
Iter 1029/1500 - Loss: -2.8597
Iter 1030/1500 - Loss: -2.8597
Iter 1031/1500 - Loss: -2.8597
Iter 1032/1500 - Loss: -2.8597
Iter 1033/1500 - Loss: -2.8597
Iter 1034/1500 - Loss: -2.8597
Iter 1035/1500 - Loss: -2.8597
Iter 1036/1500 - Loss: -2.8597
Iter 1037/1500 - Loss: -2.8597
Iter 1038/1500 - Loss: -2.8597
Iter 1039/1500 - Loss: -2.8597
Iter 1040/1500 - Loss: -2.8597
Iter 1041/1500 - Loss: -2.8597
Iter 1042/1500 - Loss: -2.8597
Iter 1043/1500 - Loss: -2.8597
Iter 1044/1500 - Loss: -2.8597
Iter 1045/1500 - Loss: -2.8597
Iter 1046/1500 - Loss: -2.8597
Iter 1047/1500 - Loss: -2.8597
Iter 1048/1500 - Loss: -2.8597
Iter 1049/1500 - Loss: -2.8597
Iter 1050/1500 - Loss: -2.8597
Iter 1051/1500 - Loss: -2.8597
Iter 1052/1500 - Loss: -2.8597
Iter 1053/1500 - Loss: -2.8597
Iter 1054/1500 - Loss: -2.8597
Iter 1055/1500 - Loss: -2.8597
Iter 1056/1500 - Loss: -2.8597
Iter 1057/1500 - Loss: -2.8597
Iter 1058/1500 - Loss: -2.8597
Iter 1059/1500 - Loss: -2.8597
Iter 1060/1500 - Loss: -2.8597
Iter 1061/1500 - Loss: -2.8597
Iter 1062/1500 - Loss: -2.8597
Iter 1063/1500 - Loss: -2.8597
Iter 1064/1500 - Loss: -2.8597
Iter 1065/1500 - Loss: -2.8597
Iter 1066/1500 - Loss: -2.8597
Iter 1067/1500 - Loss: -2.8597
Iter 1068/1500 - Loss: -2.8597
Iter 1069/1500 - Loss: -2.8597
Iter 1070/1500 - Loss: -2.8597
Iter 1071/1500 - Loss: -2.8597
Iter 1072/1500 - Loss: -2.8597
Iter 1073/1500 - Loss: -2.8597
Iter 1074/1500 - Loss: -2.8597
Iter 1075/1500 - Loss: -2.8597
Iter 1076/1500 - Loss: -2.8597
Iter 1077/1500 - Loss: -2.8597
Iter 1078/1500 - Loss: -2.8597
Iter 1079/1500 - Loss: -2.8597
Iter 1080/1500 - Loss: -2.8597
Iter 1081/1500 - Loss: -2.8597
Iter 1082/1500 - Loss: -2.8597
Iter 1083/1500 - Loss: -2.8597
Iter 1084/1500 - Loss: -2.8597
Iter 1085/1500 - Loss: -2.8597
Iter 1086/1500 - Loss: -2.8597
Iter 1087/1500 - Loss: -2.8597
Iter 1088/1500 - Loss: -2.8597
Iter 1089/1500 - Loss: -2.8597
Iter 1090/1500 - Loss: -2.8597
Iter 1091/1500 - Loss: -2.8597
Iter 1092/1500 - Loss: -2.8597
Iter 1093/1500 - Loss: -2.8597
Iter 1094/1500 - Loss: -2.8597
Iter 1095/1500 - Loss: -2.8597
Iter 1096/1500 - Loss: -2.8597
Iter 1097/1500 - Loss: -2.8597
Iter 1098/1500 - Loss: -2.8597
Iter 1099/1500 - Loss: -2.8598
Iter 1100/1500 - Loss: -2.8598
Iter 1101/1500 - Loss: -2.8598
Iter 1102/1500 - Loss: -2.8598
Iter 1103/1500 - Loss: -2.8598
Iter 1104/1500 - Loss: -2.8598
Iter 1105/1500 - Loss: -2.8598
Iter 1106/1500 - Loss: -2.8598
Iter 1107/1500 - Loss: -2.8598
Iter 1108/1500 - Loss: -2.8598
Iter 1109/1500 - Loss: -2.8598
Iter 1110/1500 - Loss: -2.8598
Iter 1111/1500 - Loss: -2.8598
Iter 1112/1500 - Loss: -2.8598
Iter 1113/1500 - Loss: -2.8598
Iter 1114/1500 - Loss: -2.8598
Iter 1115/1500 - Loss: -2.8598
Iter 1116/1500 - Loss: -2.8598
Iter 1117/1500 - Loss: -2.8598
Iter 1118/1500 - Loss: -2.8598
Iter 1119/1500 - Loss: -2.8598
Iter 1120/1500 - Loss: -2.8598
Iter 1121/1500 - Loss: -2.8598
Iter 1122/1500 - Loss: -2.8598
Iter 1123/1500 - Loss: -2.8598
Iter 1124/1500 - Loss: -2.8598
Iter 1125/1500 - Loss: -2.8598
Iter 1126/1500 - Loss: -2.8598
Iter 1127/1500 - Loss: -2.8598
Iter 1128/1500 - Loss: -2.8598
Iter 1129/1500 - Loss: -2.8598
Iter 1130/1500 - Loss: -2.8598
Iter 1131/1500 - Loss: -2.8598
Iter 1132/1500 - Loss: -2.8598
Iter 1133/1500 - Loss: -2.8598
Iter 1134/1500 - Loss: -2.8598
Iter 1135/1500 - Loss: -2.8598
Iter 1136/1500 - Loss: -2.8598
Iter 1137/1500 - Loss: -2.8598
Iter 1138/1500 - Loss: -2.8598
Iter 1139/1500 - Loss: -2.8598
Iter 1140/1500 - Loss: -2.8598
Iter 1141/1500 - Loss: -2.8598
Iter 1142/1500 - Loss: -2.8598
Iter 1143/1500 - Loss: -2.8598
Iter 1144/1500 - Loss: -2.8598
Iter 1145/1500 - Loss: -2.8598
Iter 1146/1500 - Loss: -2.8598
Iter 1147/1500 - Loss: -2.8598
Iter 1148/1500 - Loss: -2.8598
Iter 1149/1500 - Loss: -2.8598
Iter 1150/1500 - Loss: -2.8598
Iter 1151/1500 - Loss: -2.8598
Iter 1152/1500 - Loss: -2.8598
Iter 1153/1500 - Loss: -2.8598
Iter 1154/1500 - Loss: -2.8598
Iter 1155/1500 - Loss: -2.8598
Iter 1156/1500 - Loss: -2.8598
Iter 1157/1500 - Loss: -2.8598
Iter 1158/1500 - Loss: -2.8598
Iter 1159/1500 - Loss: -2.8598
Iter 1160/1500 - Loss: -2.8598
Iter 1161/1500 - Loss: -2.8598
Iter 1162/1500 - Loss: -2.8598
Iter 1163/1500 - Loss: -2.8598
Iter 1164/1500 - Loss: -2.8598
Iter 1165/1500 - Loss: -2.8598
Iter 1166/1500 - Loss: -2.8598
Iter 1167/1500 - Loss: -2.8598
Iter 1168/1500 - Loss: -2.8598
Iter 1169/1500 - Loss: -2.8598
Iter 1170/1500 - Loss: -2.8598
Iter 1171/1500 - Loss: -2.8598
Iter 1172/1500 - Loss: -2.8598
Iter 1173/1500 - Loss: -2.8598
Iter 1174/1500 - Loss: -2.8598
Iter 1175/1500 - Loss: -2.8598
Iter 1176/1500 - Loss: -2.8598
Iter 1177/1500 - Loss: -2.8598
Iter 1178/1500 - Loss: -2.8598
Iter 1179/1500 - Loss: -2.8598
Iter 1180/1500 - Loss: -2.8598
Iter 1181/1500 - Loss: -2.8598
Iter 1182/1500 - Loss: -2.8598
Iter 1183/1500 - Loss: -2.8598
Iter 1184/1500 - Loss: -2.8598
Iter 1185/1500 - Loss: -2.8598
Iter 1186/1500 - Loss: -2.8598
Iter 1187/1500 - Loss: -2.8598
Iter 1188/1500 - Loss: -2.8598
Iter 1189/1500 - Loss: -2.8598
Iter 1190/1500 - Loss: -2.8598
Iter 1191/1500 - Loss: -2.8598
Iter 1192/1500 - Loss: -2.8598
Iter 1193/1500 - Loss: -2.8598
Iter 1194/1500 - Loss: -2.8598
Iter 1195/1500 - Loss: -2.8598
Iter 1196/1500 - Loss: -2.8598
Iter 1197/1500 - Loss: -2.8598
Iter 1198/1500 - Loss: -2.8598
Iter 1199/1500 - Loss: -2.8598
Iter 1200/1500 - Loss: -2.8598
Iter 1201/1500 - Loss: -2.8598
Iter 1202/1500 - Loss: -2.8598
Iter 1203/1500 - Loss: -2.8598
Iter 1204/1500 - Loss: -2.8598
Iter 1205/1500 - Loss: -2.8598
Iter 1206/1500 - Loss: -2.8598
Iter 1207/1500 - Loss: -2.8598
Iter 1208/1500 - Loss: -2.8598
Iter 1209/1500 - Loss: -2.8598
Iter 1210/1500 - Loss: -2.8598
Iter 1211/1500 - Loss: -2.8598
Iter 1212/1500 - Loss: -2.8598
Iter 1213/1500 - Loss: -2.8598
Iter 1214/1500 - Loss: -2.8598
Iter 1215/1500 - Loss: -2.8598
Iter 1216/1500 - Loss: -2.8598
Iter 1217/1500 - Loss: -2.8598
Iter 1218/1500 - Loss: -2.8598
Iter 1219/1500 - Loss: -2.8598
Iter 1220/1500 - Loss: -2.8598
Iter 1221/1500 - Loss: -2.8598
Iter 1222/1500 - Loss: -2.8599
Iter 1223/1500 - Loss: -2.8599
Iter 1224/1500 - Loss: -2.8599
Iter 1225/1500 - Loss: -2.8599
Iter 1226/1500 - Loss: -2.8599
Iter 1227/1500 - Loss: -2.8599
Iter 1228/1500 - Loss: -2.8599
Iter 1229/1500 - Loss: -2.8599
Iter 1230/1500 - Loss: -2.8599
Iter 1231/1500 - Loss: -2.8599
Iter 1232/1500 - Loss: -2.8599
Iter 1233/1500 - Loss: -2.8599
Iter 1234/1500 - Loss: -2.8599
Iter 1235/1500 - Loss: -2.8599
Iter 1236/1500 - Loss: -2.8599
Iter 1237/1500 - Loss: -2.8599
Iter 1238/1500 - Loss: -2.8599
Iter 1239/1500 - Loss: -2.8599
Iter 1240/1500 - Loss: -2.8599
Iter 1241/1500 - Loss: -2.8599
Iter 1242/1500 - Loss: -2.8599
Iter 1243/1500 - Loss: -2.8599
Iter 1244/1500 - Loss: -2.8599
Iter 1245/1500 - Loss: -2.8599
Iter 1246/1500 - Loss: -2.8599
Iter 1247/1500 - Loss: -2.8599
Iter 1248/1500 - Loss: -2.8599
Iter 1249/1500 - Loss: -2.8599
Iter 1250/1500 - Loss: -2.8599
Iter 1251/1500 - Loss: -2.8599
Iter 1252/1500 - Loss: -2.8599
Iter 1253/1500 - Loss: -2.8599
Iter 1254/1500 - Loss: -2.8599
Iter 1255/1500 - Loss: -2.8599
Iter 1256/1500 - Loss: -2.8599
Iter 1257/1500 - Loss: -2.8599
Iter 1258/1500 - Loss: -2.8599
Iter 1259/1500 - Loss: -2.8599
Iter 1260/1500 - Loss: -2.8599
Iter 1261/1500 - Loss: -2.8599
Iter 1262/1500 - Loss: -2.8599
Iter 1263/1500 - Loss: -2.8599
Iter 1264/1500 - Loss: -2.8599
Iter 1265/1500 - Loss: -2.8599
Iter 1266/1500 - Loss: -2.8599
Iter 1267/1500 - Loss: -2.8599
Iter 1268/1500 - Loss: -2.8599
Iter 1269/1500 - Loss: -2.8599
Iter 1270/1500 - Loss: -2.8599
Iter 1271/1500 - Loss: -2.8599
Iter 1272/1500 - Loss: -2.8599
Iter 1273/1500 - Loss: -2.8599
Iter 1274/1500 - Loss: -2.8599
Iter 1275/1500 - Loss: -2.8599
Iter 1276/1500 - Loss: -2.8599
Iter 1277/1500 - Loss: -2.8599
Iter 1278/1500 - Loss: -2.8599
Iter 1279/1500 - Loss: -2.8599
Iter 1280/1500 - Loss: -2.8599
Iter 1281/1500 - Loss: -2.8599
Iter 1282/1500 - Loss: -2.8599
Iter 1283/1500 - Loss: -2.8599
Iter 1284/1500 - Loss: -2.8599
Iter 1285/1500 - Loss: -2.8599
Iter 1286/1500 - Loss: -2.8599
Iter 1287/1500 - Loss: -2.8599
Iter 1288/1500 - Loss: -2.8599
Iter 1289/1500 - Loss: -2.8599
Iter 1290/1500 - Loss: -2.8599
Iter 1291/1500 - Loss: -2.8599
Iter 1292/1500 - Loss: -2.8599
Iter 1293/1500 - Loss: -2.8599
Iter 1294/1500 - Loss: -2.8599
Iter 1295/1500 - Loss: -2.8599
Iter 1296/1500 - Loss: -2.8599
Iter 1297/1500 - Loss: -2.8599
Iter 1298/1500 - Loss: -2.8599
Iter 1299/1500 - Loss: -2.8599
Iter 1300/1500 - Loss: -2.8599
Iter 1301/1500 - Loss: -2.8599
Iter 1302/1500 - Loss: -2.8599
Iter 1303/1500 - Loss: -2.8599
Iter 1304/1500 - Loss: -2.8599
Iter 1305/1500 - Loss: -2.8599
Iter 1306/1500 - Loss: -2.8599
Iter 1307/1500 - Loss: -2.8599
Iter 1308/1500 - Loss: -2.8599
Iter 1309/1500 - Loss: -2.8599
Iter 1310/1500 - Loss: -2.8599
Iter 1311/1500 - Loss: -2.8599
Iter 1312/1500 - Loss: -2.8599
Iter 1313/1500 - Loss: -2.8599
Iter 1314/1500 - Loss: -2.8599
Iter 1315/1500 - Loss: -2.8599
Iter 1316/1500 - Loss: -2.8599
Iter 1317/1500 - Loss: -2.8599
Iter 1318/1500 - Loss: -2.8599
Iter 1319/1500 - Loss: -2.8599
Iter 1320/1500 - Loss: -2.8599
Iter 1321/1500 - Loss: -2.8599
Iter 1322/1500 - Loss: -2.8599
Iter 1323/1500 - Loss: -2.8599
Iter 1324/1500 - Loss: -2.8599
Iter 1325/1500 - Loss: -2.8599
Iter 1326/1500 - Loss: -2.8599
Iter 1327/1500 - Loss: -2.8599
Iter 1328/1500 - Loss: -2.8599
Iter 1329/1500 - Loss: -2.8599
Iter 1330/1500 - Loss: -2.8599
Iter 1331/1500 - Loss: -2.8599
Iter 1332/1500 - Loss: -2.8599
Iter 1333/1500 - Loss: -2.8599
Iter 1334/1500 - Loss: -2.8599
Iter 1335/1500 - Loss: -2.8599
Iter 1336/1500 - Loss: -2.8599
Iter 1337/1500 - Loss: -2.8599
Iter 1338/1500 - Loss: -2.8599
Iter 1339/1500 - Loss: -2.8599
Iter 1340/1500 - Loss: -2.8599
Iter 1341/1500 - Loss: -2.8599
Iter 1342/1500 - Loss: -2.8600
Iter 1343/1500 - Loss: -2.8600
Iter 1344/1500 - Loss: -2.8600
Iter 1345/1500 - Loss: -2.8600
Iter 1346/1500 - Loss: -2.8600
Iter 1347/1500 - Loss: -2.8600
Iter 1348/1500 - Loss: -2.8600
Iter 1349/1500 - Loss: -2.8600
Iter 1350/1500 - Loss: -2.8600
Iter 1351/1500 - Loss: -2.8600
Iter 1352/1500 - Loss: -2.8600
Iter 1353/1500 - Loss: -2.8600
Iter 1354/1500 - Loss: -2.8600
Iter 1355/1500 - Loss: -2.8600
Iter 1356/1500 - Loss: -2.8600
Iter 1357/1500 - Loss: -2.8600
Iter 1358/1500 - Loss: -2.8600
Iter 1359/1500 - Loss: -2.8600
Iter 1360/1500 - Loss: -2.8600
Iter 1361/1500 - Loss: -2.8600
Iter 1362/1500 - Loss: -2.8600
Iter 1363/1500 - Loss: -2.8600
Iter 1364/1500 - Loss: -2.8600
Iter 1365/1500 - Loss: -2.8600
Iter 1366/1500 - Loss: -2.8600
Iter 1367/1500 - Loss: -2.8600
Iter 1368/1500 - Loss: -2.8600
Iter 1369/1500 - Loss: -2.8600
Iter 1370/1500 - Loss: -2.8600
Iter 1371/1500 - Loss: -2.8600
Iter 1372/1500 - Loss: -2.8600
Iter 1373/1500 - Loss: -2.8600
Iter 1374/1500 - Loss: -2.8600
Iter 1375/1500 - Loss: -2.8600
Iter 1376/1500 - Loss: -2.8600
Iter 1377/1500 - Loss: -2.8600
Iter 1378/1500 - Loss: -2.8600
Iter 1379/1500 - Loss: -2.8600
Iter 1380/1500 - Loss: -2.8600
Iter 1381/1500 - Loss: -2.8600
Iter 1382/1500 - Loss: -2.8600
Iter 1383/1500 - Loss: -2.8600
Iter 1384/1500 - Loss: -2.8600
Iter 1385/1500 - Loss: -2.8600
Iter 1386/1500 - Loss: -2.8600
Iter 1387/1500 - Loss: -2.8600
Iter 1388/1500 - Loss: -2.8600
Iter 1389/1500 - Loss: -2.8600
Iter 1390/1500 - Loss: -2.8600
Iter 1391/1500 - Loss: -2.8600
Iter 1392/1500 - Loss: -2.8600
Iter 1393/1500 - Loss: -2.8600
Iter 1394/1500 - Loss: -2.8600
Iter 1395/1500 - Loss: -2.8600
Iter 1396/1500 - Loss: -2.8600
Iter 1397/1500 - Loss: -2.8600
Iter 1398/1500 - Loss: -2.8600
Iter 1399/1500 - Loss: -2.8600
Iter 1400/1500 - Loss: -2.8600
Iter 1401/1500 - Loss: -2.8600
Iter 1402/1500 - Loss: -2.8600
Iter 1403/1500 - Loss: -2.8600
Iter 1404/1500 - Loss: -2.8600
Iter 1405/1500 - Loss: -2.8600
Iter 1406/1500 - Loss: -2.8600
Iter 1407/1500 - Loss: -2.8600
Iter 1408/1500 - Loss: -2.8600
Iter 1409/1500 - Loss: -2.8600
Iter 1410/1500 - Loss: -2.8600
Iter 1411/1500 - Loss: -2.8600
Iter 1412/1500 - Loss: -2.8600
Iter 1413/1500 - Loss: -2.8600
Iter 1414/1500 - Loss: -2.8600
Iter 1415/1500 - Loss: -2.8600
Iter 1416/1500 - Loss: -2.8600
Iter 1417/1500 - Loss: -2.8600
Iter 1418/1500 - Loss: -2.8600
Iter 1419/1500 - Loss: -2.8600
Iter 1420/1500 - Loss: -2.8600
Iter 1421/1500 - Loss: -2.8600
Iter 1422/1500 - Loss: -2.8600
Iter 1423/1500 - Loss: -2.8600
Iter 1424/1500 - Loss: -2.8600
Iter 1425/1500 - Loss: -2.8600
Iter 1426/1500 - Loss: -2.8600
Iter 1427/1500 - Loss: -2.8600
Iter 1428/1500 - Loss: -2.8600
Iter 1429/1500 - Loss: -2.8600
Iter 1430/1500 - Loss: -2.8600
Iter 1431/1500 - Loss: -2.8600
Iter 1432/1500 - Loss: -2.8600
Iter 1433/1500 - Loss: -2.8600
Iter 1434/1500 - Loss: -2.8600
Iter 1435/1500 - Loss: -2.8600
Iter 1436/1500 - Loss: -2.8600
Iter 1437/1500 - Loss: -2.8600
Iter 1438/1500 - Loss: -2.8600
Iter 1439/1500 - Loss: -2.8600
Iter 1440/1500 - Loss: -2.8600
Iter 1441/1500 - Loss: -2.8600
Iter 1442/1500 - Loss: -2.8600
Iter 1443/1500 - Loss: -2.8600
Iter 1444/1500 - Loss: -2.8600
Iter 1445/1500 - Loss: -2.8600
Iter 1446/1500 - Loss: -2.8600
Iter 1447/1500 - Loss: -2.8600
Iter 1448/1500 - Loss: -2.8600
Iter 1449/1500 - Loss: -2.8600
Iter 1450/1500 - Loss: -2.8600
Iter 1451/1500 - Loss: -2.8600
Iter 1452/1500 - Loss: -2.8600
Iter 1453/1500 - Loss: -2.8600
Iter 1454/1500 - Loss: -2.8600
Iter 1455/1500 - Loss: -2.8600
Iter 1456/1500 - Loss: -2.8600
Iter 1457/1500 - Loss: -2.8600
Iter 1458/1500 - Loss: -2.8600
Iter 1459/1500 - Loss: -2.8601
Iter 1460/1500 - Loss: -2.8601
Iter 1461/1500 - Loss: -2.8601
Iter 1462/1500 - Loss: -2.8601
Iter 1463/1500 - Loss: -2.8601
Iter 1464/1500 - Loss: -2.8601
Iter 1465/1500 - Loss: -2.8601
Iter 1466/1500 - Loss: -2.8601
Iter 1467/1500 - Loss: -2.8601
Iter 1468/1500 - Loss: -2.8601
Iter 1469/1500 - Loss: -2.8601
Iter 1470/1500 - Loss: -2.8601
Iter 1471/1500 - Loss: -2.8601
Iter 1472/1500 - Loss: -2.8601
Iter 1473/1500 - Loss: -2.8601
Iter 1474/1500 - Loss: -2.8601
Iter 1475/1500 - Loss: -2.8601
Iter 1476/1500 - Loss: -2.8601
Iter 1477/1500 - Loss: -2.8601
Iter 1478/1500 - Loss: -2.8601
Iter 1479/1500 - Loss: -2.8601
Iter 1480/1500 - Loss: -2.8601
Iter 1481/1500 - Loss: -2.8601
Iter 1482/1500 - Loss: -2.8601
Iter 1483/1500 - Loss: -2.8601
Iter 1484/1500 - Loss: -2.8601
Iter 1485/1500 - Loss: -2.8601
Iter 1486/1500 - Loss: -2.8601
Iter 1487/1500 - Loss: -2.8601
Iter 1488/1500 - Loss: -2.8601
Iter 1489/1500 - Loss: -2.8601
Iter 1490/1500 - Loss: -2.8601
Iter 1491/1500 - Loss: -2.8601
Iter 1492/1500 - Loss: -2.8601
Iter 1493/1500 - Loss: -2.8601
Iter 1494/1500 - Loss: -2.8601
Iter 1495/1500 - Loss: -2.8601
Iter 1496/1500 - Loss: -2.8601
Iter 1497/1500 - Loss: -2.8601
Iter 1498/1500 - Loss: -2.8601
Iter 1499/1500 - Loss: -2.8601
Iter 1500/1500 - Loss: -2.8601
OrderedDict([('likelihood.raw_noise', tensor([inf])), ('likelihood.raw_noise_constraint.lower_bound', tensor(-inf)), ('likelihood.raw_noise_constraint.upper_bound', tensor(1.0000e-08)), ('mean_module.base_means.0.raw_constant', tensor(2.0569)), ('mean_module.base_means.1.raw_constant', tensor(-0.1605)), ('mean_module.base_means.2.raw_constant', tensor(1.0581)), ('mean_module.base_means.3.raw_constant', tensor(0.0372)), ('mean_module.base_means.4.raw_constant', tensor(0.4195)), ('mean_module.base_means.5.raw_constant', tensor(0.1530)), ('mean_module.base_means.6.raw_constant', tensor(1.2345)), ('mean_module.base_means.7.raw_constant', tensor(0.0147)), ('covar_module.task_covar_module.covar_factor', tensor([[ 0.0772],
        [-0.0820],
        [ 0.1899],
        [ 0.2287],
        [-0.0351],
        [-0.0558],
        [ 0.0727],
        [ 0.0318]])), ('covar_module.task_covar_module.raw_var', tensor([-1.0930,  0.4533, -5.6583, -2.2593, -4.3871, -3.4416, -6.2526, -3.6264])), ('covar_module.task_covar_module.raw_var_constraint.lower_bound', tensor(0.)), ('covar_module.task_covar_module.raw_var_constraint.upper_bound', tensor(inf)), ('covar_module.data_covar_module.kernels.0.raw_outputscale', tensor(-4.3896)), ('covar_module.data_covar_module.kernels.0.base_kernel.raw_lengthscale', tensor([[ 0.9328, -2.5542,  7.0086, -0.0859, -4.8139, -3.1629, -0.1933]])), ('covar_module.data_covar_module.kernels.0.base_kernel.raw_lengthscale_constraint.lower_bound', tensor(0.)), ('covar_module.data_covar_module.kernels.0.base_kernel.raw_lengthscale_constraint.upper_bound', tensor(inf)), ('covar_module.data_covar_module.kernels.0.raw_outputscale_constraint.lower_bound', tensor(0.)), ('covar_module.data_covar_module.kernels.0.raw_outputscale_constraint.upper_bound', tensor(inf)), ('covar_module.data_covar_module.kernels.1.raw_constant', tensor([-9.0591])), ('covar_module.data_covar_module.kernels.1.raw_constant_constraint.lower_bound', tensor(0.)), ('covar_module.data_covar_module.kernels.1.raw_constant_constraint.upper_bound', tensor(inf))])
loading emulator from /oak/stanford/orgs/kipac/users/delon/aemulusnu_massfunction/GP_loBox39_1400.pkl
[1.9736123601703808, -0.27526927023348446, 1.0574850115676373, 0.031476942502335126, 0.43878214653595976, 0.14788153451518649, 1.2400830366914524, -0.006750100245029249]
[1.9736123601703808, -0.27526927023348446, 1.0574850115676373, 0.031476942502335126, 0.43878214653595976, 0.14788153451518649, 1.2400830366914524, -0.006750100245029249]
[1.9736123601703808, -0.27526927023348446, 1.0574850115676373, 0.031476942502335126, 0.43878214653595976, 0.14788153451518649, 1.2400830366914524, -0.006750100245029249]
[1.9736123601703808, -0.27526927023348446, 1.0574850115676373, 0.031476942502335126, 0.43878214653595976, 0.14788153451518649, 1.2400830366914524, -0.006750100245029249]
[1.9736123601703808, -0.27526927023348446, 1.0574850115676373, 0.031476942502335126, 0.43878214653595976, 0.14788153451518649, 1.2400830366914524, -0.006750100245029249]
[1.9736123601703808, -0.27526927023348446, 1.0574850115676373, 0.031476942502335126, 0.43878214653595976, 0.14788153451518649, 1.2400830366914524, -0.006750100245029249]
[1.9736123601703808, -0.27526927023348446, 1.0574850115676373, 0.031476942502335126, 0.43878214653595976, 0.14788153451518649, 1.2400830366914524, -0.006750100245029249]
[1.9736123601703808, -0.27526927023348446, 1.0574850115676373, 0.031476942502335126, 0.43878214653595976, 0.14788153451518649, 1.2400830366914524, -0.006750100245029249]
[1.9736123601703808, -0.27526927023348446, 1.0574850115676373, 0.031476942502335126, 0.43878214653595976, 0.14788153451518649, 1.2400830366914524, -0.006750100245029249]
[1.9736123601703808, -0.27526927023348446, 1.0574850115676373, 0.031476942502335126, 0.43878214653595976, 0.14788153451518649, 1.2400830366914524, -0.006750100245029249]
[1.9736123601703808, -0.27526927023348446, 1.0574850115676373, 0.031476942502335126, 0.43878214653595976, 0.14788153451518649, 1.2400830366914524, -0.006750100245029249]
[1.9736123601703808, -0.27526927023348446, 1.0574850115676373, 0.031476942502335126, 0.43878214653595976, 0.14788153451518649, 1.2400830366914524, -0.006750100245029249]
[1.9736123601703808, -0.27526927023348446, 1.0574850115676373, 0.031476942502335126, 0.43878214653595976, 0.14788153451518649, 1.2400830366914524, -0.006750100245029249]
[1.9736123601703808, -0.27526927023348446, 1.0574850115676373, 0.031476942502335126, 0.43878214653595976, 0.14788153451518649, 1.2400830366914524, -0.006750100245029249]
[1.9736123601703808, -0.27526927023348446, 1.0574850115676373, 0.031476942502335126, 0.43878214653595976, 0.14788153451518649, 1.2400830366914524, -0.006750100245029249]
